 * Package:    acct-user/syncthing-0
 * Repository: gentoo
 * Maintainer: marecki@gentoo.org
 * USE:        abi_x86_64 amd64 elibc_glibc kernel_linux userland_GNU
 * FEATURES:   network-sandbox preserve-libs sandbox userpriv usersandbox
 * FEATURES='assume-digests binpkg-docompress binpkg-dostrip binpkg-logs buildpkg cgroup compress-index config-protect-if-modified distlocks ebuild-locks fixlafiles ipc-sandbox merge-sync multilib-strict network-sandbox news nodoc parallel-fetch pid-sandbox preserve-libs qa-unresolved-soname-deps sandbox sfperms strict strict-keepdir unknown-features-warn unmerge-logs unmerge-orphans userfetch userpriv usersandbox usersync xattr'
 * CFLAGS='-march=znver2 -O2 -pipe -fno-stack-protector -fno-stack-clash-protection -fstack-check=no -fno-stack-check -Wl,-O1 -Wl,--as-needed'
 * CXXFLAGS='-march=znver2 -O2 -pipe -fno-stack-protector -fno-stack-clash-protection -fstack-check=no -fno-stack-check -Wl,-O1 -Wl,--as-needed'
 * FFLAGS='-march=znver2 -O2 -pipe -fno-stack-protector -fno-stack-clash-protection -fstack-check=no -fno-stack-check -Wl,-O1 -Wl,--as-needed'
 * FCFLAGS='-march=znver2 -O2 -pipe -fno-stack-protector -fno-stack-clash-protection -fstack-check=no -fno-stack-check -Wl,-O1 -Wl,--as-needed'
 * F77FLAGS='-march=znver2 -O2 -pipe -fno-stack-protector -fno-stack-clash-protection -fstack-check=no -fno-stack-check -Wl,-O1 -Wl,--as-needed'
 * LDFLAGS='-Wl,-O1 -Wl,--as-needed'
 * MAKEOPTS='-j12 -l12'
 * gcc (Gentoo 10.1.0-r1 p2) 10.1.0
 * g++ (Gentoo 10.1.0-r1 p2) 10.1.0
 * GNU gold (Gentoo 2.34 p4 2.34.0) 1.16
 * Linux rescue 5.4.36 #1 SMP Thu Apr 30 04:38:28 UTC 2020 x86_64 AMD Ryzen 5 3600 6-Core Processor AuthenticAMD GNU/Linux
acct-user/syncthing: 26 seconds average for 19 merges
2020-05-20T07:31:31 >>> acct-user/syncthing: 9 seconds
2020-05-21T05:59:33 >>> acct-user/syncthing: 6 seconds
2020-05-22T01:57:49 >>> acct-user/syncthing: 12 seconds
2020-05-22T03:09:43 >>> acct-user/syncthing: 11 seconds
2020-05-22T12:29:18 >>> acct-user/syncthing: 10 seconds
2020-05-23T03:30:57 >>> acct-user/syncthing: 10 seconds
2020-05-25T18:17:38 >>> acct-user/syncthing: 12 seconds
2020-05-26T12:53:09 >>> acct-user/syncthing: 11 seconds
2020-05-26T13:47:26 >>> acct-user/syncthing: 15 seconds
2020-05-27T03:04:35 >>> acct-user/syncthing: 32 seconds
2020-05-28T13:24:29 >>> acct-user/syncthing: 16 seconds
2020-05-28T14:12:17 >>> acct-user/syncthing: 18 seconds
2020-05-30T12:31:14 >>> acct-user/syncthing: 35 seconds
2020-05-30T21:33:02 >>> acct-user/syncthing: 16 seconds
2020-06-01T01:48:01 >>> acct-user/syncthing: 17 seconds
2020-06-04T12:03:13 >>> acct-user/syncthing: 17 seconds
2020-06-13T03:22:38 >>> acct-user/syncthing: 1 minute, 12 seconds
2020-06-13T19:57:23 >>> acct-user/syncthing: 1 minute, 50 seconds
2020-06-14T04:36:21 >>> acct-user/syncthing: 1 minute, 13 seconds
]0;emerge 13:38:26 98|895 syncthing 01:25 (root@rescue)>>> Unpacking source...
>>> Source unpacked in /tmp/portage/acct-user/syncthing-0/work
>>> Preparing source in /tmp/portage/acct-user/syncthing-0/work ...
>>> Source prepared.
>>> Configuring source in /tmp/portage/acct-user/syncthing-0/work ...
>>> Source configured.
>>> Compiling source in /tmp/portage/acct-user/syncthing-0/work ...
>>> Source compiled.
>>> Test phase [not enabled]: acct-user/syncthing-0

>>> Install acct-user/syncthing-0 into /tmp/portage/acct-user/syncthing-0/image
>>> Completed installing acct-user/syncthing-0 into /tmp/portage/acct-user/syncthing-0/image

 * Final size of build directory:  4 KiB
 * Final size of installed tree:  16 KiB

Parallel BZIP2 v1.1.13 [Dec 18, 2015]
By: Jeff Gilchrist [http://compression.ca]
Major contributions: Yavor Nikolov [http://javornikolov.wordpress.com]
Uses libbzip2 by Julian Seward

         # CPUs: 6
   Load Average: 5.98
 BWT Block Size: 200 KB
File Block Size: 900 KB
 Maximum Memory: 1024 MB
-------------------------------------------
         File #: 1 of 1
     Input Name: compressme
    Output Name: compressme.bz2

     Input Size: 3895 bytes
Compressing data (no threads)...
Completed: 100%                 Output Size: 918 bytes
-------------------------------------------

     Wall Clock: 0.001124 seconds
./
./var/
./var/lib/
./var/lib/syncthing/
./var/lib/syncthing/.keep_acct-user_syncthing-0
>>> Done.
 * checking 1 files for package collisions
>>> Merging acct-user/syncthing-0 to /
 * removing unneeded *.la files
--- /var/
--- /var/lib/
--- /var/lib/syncthing/
>>> /var/lib/syncthing/.keep_acct-user_syncthing-0
>>> Safely unmerging already-installed instance...
!!! File Not Found: '/etc/env.d/99lcdfilter'
>>> Original instance of package unmerged safely.
>>> acct-user/syncthing-0 merged.
!!! File Not Found: '/etc/env.d/99lcdfilter'
