>>> Extracting info
 * Package:    acct-group/systemd-network-0
 * Repository: gentoo
 * USE:        elibc_glibc amd64 userland_GNU kernel_linux abi_x86_64
 * FEATURES:   preserve-libs
 * /etc/portage/package.cflags/ltoworkarounds.conf -> */*: *FLAGS+=-Wl,-O4 *FLAGS-=-Wl,-O1
 * FEATURES='assume-digests binpkg-dostrip binpkg-logs buildpkg config-protect-if-modified distlocks ebuild-locks fixlafiles merge-sync multilib-strict news nodoc parallel-fetch preserve-libs qa-unresolved-soname-deps sfperms strict strict-keepdir unknown-features-warn unmerge-logs unmerge-orphans xattr'
 * CFLAGS='-march=znver2 -O2 -pipe -g0 -fno-semantic-interposition -fno-plt -falign-functions=32 -fno-stack-protector -fno-stack-clash-protection -fstack-check=no -fno-stack-check -Wl,-O4 -Wl,-O4,--sort-common,--as-needed,-z,norelro,-z,now'
 * CXXFLAGS='-march=znver2 -O2 -pipe -g0 -fno-semantic-interposition -fno-plt -falign-functions=32 -fno-stack-protector -fno-stack-clash-protection -fstack-check=no -fno-stack-check -Wl,-O4 -Wl,-O4,--sort-common,--as-needed,-z,norelro,-z,now'
 * FFLAGS='-march=znver2 -O2 -pipe -g0 -fno-semantic-interposition -fno-plt -falign-functions=32 -fno-stack-protector -fno-stack-clash-protection -fstack-check=no -fno-stack-check -Wl,-O4 -Wl,-O4,--sort-common,--as-needed,-z,norelro,-z,now'
 * FCFLAGS='-march=znver2 -O2 -pipe -g0 -fno-semantic-interposition -fno-plt -falign-functions=32 -fno-stack-protector -fno-stack-clash-protection -fstack-check=no -fno-stack-check -Wl,-O4 -Wl,-O4,--sort-common,--as-needed,-z,norelro,-z,now'
 * F77FLAGS='-march=znver2 -O2 -pipe -g0 -fno-semantic-interposition -fno-plt -falign-functions=32 -fno-stack-protector -fno-stack-clash-protection -fstack-check=no -fno-stack-check -Wl,-O4 -Wl,-O4,--sort-common,--as-needed,-z,norelro,-z,now'
 * LDFLAGS='-Wl,-O4,--sort-common,--as-needed,-z,norelro,-z,now'
 * MAKEOPTS='-j12 -l12'
 * gcc () 11.0.0 20200606 (experimental)
 * g++ () 11.0.0 20200606 (experimental)
 * GNU ld (Gentoo 2.34 p4) 2.34.0
 * Linux rescue 5.4.36 #1 SMP Thu Apr 30 04:38:28 UTC 2020 x86_64 AMD Ryzen 5 3600 6-Core Processor AuthenticAMD GNU/Linux
acct-group/systemd-network: 6 minutes, 3 seconds average for 23 merges
2020-05-16T14:43:37 >>> acct-group/systemd-network: 5 seconds
2020-05-16T20:42:21 >>> acct-group/systemd-network: 8 seconds
2020-05-20T00:56:19 >>> acct-group/systemd-network: 4 minutes, 26 seconds
2020-05-21T05:51:47 >>> acct-group/systemd-network: 6 seconds
2020-05-22T01:55:44 >>> acct-group/systemd-network: 7 minutes, 24 seconds
2020-05-22T03:07:05 >>> acct-group/systemd-network: 7 minutes, 59 seconds
2020-05-22T12:26:35 >>> acct-group/systemd-network: 7 minutes, 47 seconds
2020-05-23T03:28:40 >>> acct-group/systemd-network: 7 minutes, 22 seconds
2020-05-24T23:22:01 >>> acct-group/systemd-network: 9 minutes, 19 seconds
2020-05-25T03:01:44 >>> acct-group/systemd-network: 3 minutes, 21 seconds
2020-05-25T18:14:56 >>> acct-group/systemd-network: 6 minutes, 44 seconds
2020-05-25T19:51:10 >>> acct-group/systemd-network: 4 minutes, 27 seconds
2020-05-26T12:50:11 >>> acct-group/systemd-network: 5 minutes, 14 seconds
2020-05-26T13:46:31 >>> acct-group/systemd-network: 4 minutes, 53 seconds
2020-05-27T01:24:17 >>> acct-group/systemd-network: 5 minutes, 21 seconds
2020-05-27T03:01:16 >>> acct-group/systemd-network: 7 minutes, 41 seconds
2020-05-28T13:22:46 >>> acct-group/systemd-network: 7 minutes, 20 seconds
2020-05-28T14:11:44 >>> acct-group/systemd-network: 5 minutes, 1 second
2020-05-29T01:31:52 >>> acct-group/systemd-network: 5 minutes, 14 seconds
2020-05-30T12:27:37 >>> acct-group/systemd-network: 9 minutes, 13 seconds
2020-05-30T21:32:16 >>> acct-group/systemd-network: 4 minutes, 48 seconds
2020-06-01T01:44:44 >>> acct-group/systemd-network: 7 minutes, 34 seconds
2020-06-04T11:50:18 >>> acct-group/systemd-network: 18 minutes, 4 seconds
]0;emerge 01:22:26 15|626 systemd-network 10:09 (root@rescue)>>> Extracting acct-group/systemd-network-0
 * checking 0 files for package collisions
>>> Merging acct-group/systemd-network-0 to /
 * removing unneeded *.la files
>>> Safely unmerging already-installed instance...
>>> Original instance of package unmerged safely.
>>> acct-group/systemd-network-0 merged.
