 * Package:    acct-group/plex-0
 * Repository: gentoo
 * Maintainer: ss23@ss23.geek.nz proxy-maint@gentoo.org
 * USE:        abi_x86_64 amd64 elibc_glibc kernel_linux userland_GNU
 * FEATURES:   ccache network-sandbox preserve-libs sandbox userpriv usersandbox
 * FEATURES='assume-digests binpkg-docompress binpkg-dostrip binpkg-logs buildpkg ccache cgroup compress-index config-protect-if-modified distlocks ebuild-locks fixlafiles ipc-sandbox merge-sync multilib-strict network-sandbox news nodoc parallel-fetch pid-sandbox preserve-libs qa-unresolved-soname-deps sandbox sfperms strict strict-keepdir unknown-features-warn unmerge-logs unmerge-orphans userfetch userpriv usersandbox usersync xattr'
 * CFLAGS='-march=znver2 -O2 -pipe -g0 -falign-functions=32 -fno-stack-protector -fno-stack-clash-protection -fstack-check=no -fno-stack-check -Wl,-O1,--sort-common,--as-needed,-z,norelro,-z,now'
 * CXXFLAGS='-march=znver2 -O2 -pipe -g0 -falign-functions=32 -fno-stack-protector -fno-stack-clash-protection -fstack-check=no -fno-stack-check -Wl,-O1,--sort-common,--as-needed,-z,norelro,-z,now'
 * FFLAGS='-march=znver2 -O2 -pipe -g0 -falign-functions=32 -fno-stack-protector -fno-stack-clash-protection -fstack-check=no -fno-stack-check -Wl,-O1,--sort-common,--as-needed,-z,norelro,-z,now'
 * FCFLAGS='-march=znver2 -O2 -pipe -g0 -falign-functions=32 -fno-stack-protector -fno-stack-clash-protection -fstack-check=no -fno-stack-check -Wl,-O1,--sort-common,--as-needed,-z,norelro,-z,now'
 * F77FLAGS='-march=znver2 -O2 -pipe -g0 -falign-functions=32 -fno-stack-protector -fno-stack-clash-protection -fstack-check=no -fno-stack-check -Wl,-O1,--sort-common,--as-needed,-z,norelro,-z,now'
 * LDFLAGS='-Wl,-O1,--sort-common,--as-needed,-z,norelro,-z,now'
 * MAKEOPTS='-j12 -l12'
 * gcc (Gentoo 11.0.0_pre9999 p1, commit 184c21bf1cd04a108ed9bd04635e7d57ac39f616) 11.0.0 20200611 (experimental)
 * g++ (Gentoo 11.0.0_pre9999 p1, commit 184c21bf1cd04a108ed9bd04635e7d57ac39f616) 11.0.0 20200611 (experimental)
 * GNU ld (Gentoo 2.34 p4) 2.34.0
 * Linux rescue 5.4.36 #1 SMP Thu Apr 30 04:38:28 UTC 2020 x86_64 AMD Ryzen 5 3600 6-Core Processor AuthenticAMD GNU/Linux
acct-group/plex: 23 seconds average for 18 merges
2020-05-20T07:30:30 >>> acct-group/plex: 15 seconds
2020-05-21T05:54:03 >>> acct-group/plex: 5 seconds
2020-05-22T01:56:35 >>> acct-group/plex: 15 seconds
2020-05-22T03:08:06 >>> acct-group/plex: 16 seconds
2020-05-22T12:27:25 >>> acct-group/plex: 18 seconds
2020-05-23T03:29:29 >>> acct-group/plex: 16 seconds
2020-05-25T18:16:03 >>> acct-group/plex: 14 seconds
2020-05-26T12:50:51 >>> acct-group/plex: 17 seconds
2020-05-26T13:46:50 >>> acct-group/plex: 10 seconds
2020-05-27T03:02:15 >>> acct-group/plex: 31 seconds
2020-05-28T13:23:52 >>> acct-group/plex: 16 seconds
2020-05-28T14:12:09 >>> acct-group/plex: 14 seconds
2020-05-30T12:29:19 >>> acct-group/plex: 34 seconds
2020-05-30T21:32:41 >>> acct-group/plex: 13 seconds
2020-06-01T01:45:32 >>> acct-group/plex: 20 seconds
2020-06-04T11:58:36 >>> acct-group/plex: 20 seconds
2020-06-13T03:21:51 >>> acct-group/plex: 1 minute, 9 seconds
2020-06-13T19:55:16 >>> acct-group/plex: 1 minute, 24 seconds
]0;emerge 04:34:26 79|887 plex 00:58 (root@rescue)>>> Unpacking source...
>>> Source unpacked in /tmp/portage/acct-group/plex-0/work
>>> Preparing source in /tmp/portage/acct-group/plex-0/work ...
>>> Source prepared.
>>> Configuring source in /tmp/portage/acct-group/plex-0/work ...
>>> Source configured.
>>> Compiling source in /tmp/portage/acct-group/plex-0/work ...
>>> Source compiled.
>>> Test phase [not enabled]: acct-group/plex-0

>>> Install acct-group/plex-0 into /tmp/portage/acct-group/plex-0/image
>>> Completed installing acct-group/plex-0 into /tmp/portage/acct-group/plex-0/image

 * Final size of build directory: 4 KiB
 * Final size of installed tree:  4 KiB

Parallel BZIP2 v1.1.13 [Dec 18, 2015]
By: Jeff Gilchrist [http://compression.ca]
Major contributions: Yavor Nikolov [http://javornikolov.wordpress.com]
Uses libbzip2 by Julian Seward

         # CPUs: 2
   Load Average: 9.75
 BWT Block Size: 200 KB
File Block Size: 900 KB
 Maximum Memory: 1024 MB
-------------------------------------------
         File #: 1 of 1
     Input Name: compressme
    Output Name: compressme.bz2

     Input Size: 3895 bytes
Compressing data (no threads)...
Completed: 100%                 Output Size: 918 bytes
-------------------------------------------

     Wall Clock: 0.000843 seconds
./
>>> Done.
 * checking 0 files for package collisions
>>> Merging acct-group/plex-0 to /
 * removing unneeded *.la files
>>> Safely unmerging already-installed instance...
!!! File Not Found: '/etc/env.d/99lcdfilter'
>>> Original instance of package unmerged safely.
>>> acct-group/plex-0 merged.
!!! File Not Found: '/etc/env.d/99lcdfilter'
