 * Package:    acct-user/systemd-coredump-0
 * Repository: gentoo
 * Maintainer: systemd@gentoo.org
 * USE:        abi_x86_64 amd64 elibc_glibc kernel_linux userland_GNU
 * FEATURES:   ccache network-sandbox preserve-libs sandbox userpriv usersandbox
 * FEATURES='assume-digests binpkg-docompress binpkg-dostrip binpkg-logs binpkg-multi-instance buildpkg ccache cgroup collision-protect compress-index config-protect-if-modified distlocks downgrade-backup fixlafiles ipc-sandbox merge-sync multilib-strict network-sandbox news nodoc parallel-fetch parallel-install pid-sandbox preserve-libs protect-owned qa-unresolved-soname-deps sandbox sfperms strict strict-keepdir unknown-features-warn unmerge-backup unmerge-logs unmerge-orphans userfetch userpriv usersandbox usersync xattr'
 * CFLAGS='-march=native -O3 -fgraphite-identity -floop-nest-optimize -fdevirtualize-at-ltrans -fipa-pta -fno-semantic-interposition -flto=12 -fno-plt -fno-math-errno -fno-trapping-math -fuse-linker-plugin -pipe -g0 -Wl,-O1 -Wl,--as-needed -Wl,--hash-style=gnu,-z,norelro,--as-needed'
 * CXXFLAGS='-march=native -O3 -fgraphite-identity -floop-nest-optimize -fdevirtualize-at-ltrans -fipa-pta -fno-semantic-interposition -flto=12 -fno-plt -fno-math-errno -fno-trapping-math -fuse-linker-plugin -pipe -g0 -Wl,-O1 -Wl,--as-needed -Wl,--hash-style=gnu,-z,norelro,--as-needed'
 * FFLAGS='-march=native -O3 -fgraphite-identity -floop-nest-optimize -fdevirtualize-at-ltrans -fipa-pta -fno-semantic-interposition -flto=12 -fno-plt -fno-math-errno -fno-trapping-math -fuse-linker-plugin -pipe -g0 -Wl,-O1 -Wl,--as-needed -Wl,--hash-style=gnu,-z,norelro,--as-needed'
 * FCFLAGS='-march=native -O3 -fgraphite-identity -floop-nest-optimize -fdevirtualize-at-ltrans -fipa-pta -fno-semantic-interposition -flto=12 -fno-plt -fno-math-errno -fno-trapping-math -fuse-linker-plugin -pipe -g0 -Wl,-O1 -Wl,--as-needed -Wl,--hash-style=gnu,-z,norelro,--as-needed'
 * F77FLAGS='-march=native -O3 -fgraphite-identity -floop-nest-optimize -fdevirtualize-at-ltrans -fipa-pta -fno-semantic-interposition -flto=12 -fno-plt -fno-math-errno -fno-trapping-math -fuse-linker-plugin -pipe -g0 -Wl,-O1 -Wl,--as-needed -Wl,--hash-style=gnu,-z,norelro,--as-needed'
 * LDFLAGS='-Wl,-O1 -Wl,--as-needed -Wl,--hash-style=gnu,-z,norelro,--as-needed -march=native -O3 -fgraphite-identity -floop-nest-optimize -fdevirtualize-at-ltrans -fipa-pta -fno-semantic-interposition -flto=12 -fno-plt -fno-math-errno -fno-trapping-math -fuse-linker-plugin -pipe -g0'
 * MAKEOPTS='-j12 -l12'
 * gcc (Gentoo 11.0.0_pre9999 p1, commit 584d52b088f9fcf78704b504c3f1f07e17c1cded) 11.0.0 20200523 (experimental)
 * g++ (Gentoo 11.0.0_pre9999 p1, commit 584d52b088f9fcf78704b504c3f1f07e17c1cded) 11.0.0 20200523 (experimental)
 * GNU ld (Gentoo 2.34 p4) 2.34.0
 * Linux ryzen.gnum.org 5.4.36 #1 SMP Thu Apr 30 04:38:28 UTC 2020 x86_64 AMD Ryzen 5 3600 6-Core Processor AuthenticAMD GNU/Linux
acct-user/systemd-coredump: 1 minute, 24 seconds average for 8 merges
2020-05-16T14:43:58 >>> acct-user/systemd-coredump: 5 seconds
2020-05-16T20:48:08 >>> acct-user/systemd-coredump: 8 seconds
2020-05-20T01:01:15 >>> acct-user/systemd-coredump: 1 minute, 3 seconds
2020-05-21T05:58:58 >>> acct-user/systemd-coredump: 6 seconds
2020-05-22T02:04:16 >>> acct-user/systemd-coredump: 3 minutes, 6 seconds
2020-05-22T03:16:09 >>> acct-user/systemd-coredump: 2 minutes, 22 seconds
2020-05-22T12:35:28 >>> acct-user/systemd-coredump: 2 minutes, 10 seconds
2020-05-23T03:37:08 >>> acct-user/systemd-coredump: 2 minutes, 13 seconds
]0;emerge 23:32:45 78|645 systemd-coredump 02:15 (root@ryzen.gnum.org)>>> Unpacking source...
>>> Source unpacked in /tmp/portage/acct-user/systemd-coredump-0/work
>>> Preparing source in /tmp/portage/acct-user/systemd-coredump-0/work ...
>>> Source prepared.
>>> Configuring source in /tmp/portage/acct-user/systemd-coredump-0/work ...
>>> Source configured.
>>> Compiling source in /tmp/portage/acct-user/systemd-coredump-0/work ...
>>> Source compiled.
>>> Test phase [not enabled]: acct-user/systemd-coredump-0

>>> Install acct-user/systemd-coredump-0 into /tmp/portage/acct-user/systemd-coredump-0/image
>>> Completed installing acct-user/systemd-coredump-0 into /tmp/portage/acct-user/systemd-coredump-0/image

 * Final size of build directory: 4 KiB
 * Final size of installed tree:  4 KiB

./
>>> Done.
 * checking 0 files for package collisions
>>> Merging acct-user/systemd-coredump-0 to /
 * removing unneeded *.la files
>>> Safely unmerging already-installed instance...
>>> Original instance of package unmerged safely.
>>> acct-user/systemd-coredump-0 merged.
