>>> Extracting info
 * Package:    acct-group/kmem-0
 * Repository: gentoo
 * USE:        kernel_linux userland_GNU elibc_glibc amd64 abi_x86_64
 * FEATURES:   network-sandbox preserve-libs sandbox userpriv usersandbox
 * FEATURES='assume-digests binpkg-docompress binpkg-dostrip binpkg-logs buildpkg cgroup compress-index config-protect-if-modified distlocks ebuild-locks fixlafiles ipc-sandbox merge-sync multilib-strict network-sandbox news nodoc parallel-fetch pid-sandbox preserve-libs qa-unresolved-soname-deps sandbox sfperms strict strict-keepdir unknown-features-warn unmerge-logs unmerge-orphans userfetch userpriv usersandbox usersync xattr'
 * CFLAGS='-march=znver2 -O2 -pipe -fno-stack-protector -fno-stack-clash-protection -fstack-check=no -fno-stack-check -Wl,-O1 -Wl,--as-needed'
 * CXXFLAGS='-march=znver2 -O2 -pipe -fno-stack-protector -fno-stack-clash-protection -fstack-check=no -fno-stack-check -Wl,-O1 -Wl,--as-needed'
 * FFLAGS='-march=znver2 -O2 -pipe -fno-stack-protector -fno-stack-clash-protection -fstack-check=no -fno-stack-check -Wl,-O1 -Wl,--as-needed'
 * FCFLAGS='-march=znver2 -O2 -pipe -fno-stack-protector -fno-stack-clash-protection -fstack-check=no -fno-stack-check -Wl,-O1 -Wl,--as-needed'
 * F77FLAGS='-march=znver2 -O2 -pipe -fno-stack-protector -fno-stack-clash-protection -fstack-check=no -fno-stack-check -Wl,-O1 -Wl,--as-needed'
 * LDFLAGS='-Wl,-O1 -Wl,--as-needed'
 * MAKEOPTS='-j12 -l12'
 * gcc (Gentoo 10.1.0-r1 p2) 10.1.0
 * g++ (Gentoo 10.1.0-r1 p2) 10.1.0
 * GNU gold (Gentoo 2.34 p4 2.34.0) 1.16
 * Linux rescue 5.4.36 #1 SMP Thu Apr 30 04:38:28 UTC 2020 x86_64 AMD Ryzen 5 3600 6-Core Processor AuthenticAMD GNU/Linux
acct-group/kmem: 5 minutes, 29 seconds average for 27 merges
2020-05-16T14:42:40 >>> acct-group/kmem: 5 seconds
2020-05-16T20:40:17 >>> acct-group/kmem: 8 seconds
2020-05-20T00:56:10 >>> acct-group/kmem: 3 minutes, 36 seconds
2020-05-21T05:50:43 >>> acct-group/kmem: 6 seconds
2020-05-22T01:55:12 >>> acct-group/kmem: 7 minutes, 7 seconds
2020-05-22T03:06:31 >>> acct-group/kmem: 7 minutes, 43 seconds
2020-05-22T12:26:02 >>> acct-group/kmem: 7 minutes, 30 seconds
2020-05-23T03:28:07 >>> acct-group/kmem: 7 minutes, 6 seconds
2020-05-24T23:21:22 >>> acct-group/kmem: 9 minutes, 8 seconds
2020-05-25T03:01:34 >>> acct-group/kmem: 2 minutes, 41 seconds
2020-05-25T18:13:29 >>> acct-group/kmem: 7 minutes, 21 seconds
2020-05-25T19:50:24 >>> acct-group/kmem: 4 minutes, 28 seconds
2020-05-26T12:47:30 >>> acct-group/kmem: 24 seconds
2020-05-26T13:46:21 >>> acct-group/kmem: 4 minutes, 18 seconds
2020-05-27T01:24:07 >>> acct-group/kmem: 4 minutes, 17 seconds
2020-05-27T02:59:58 >>> acct-group/kmem: 8 minutes, 8 seconds
2020-05-28T13:22:12 >>> acct-group/kmem: 7 minutes, 2 seconds
2020-05-28T14:11:33 >>> acct-group/kmem: 4 minutes, 23 seconds
2020-05-29T01:31:40 >>> acct-group/kmem: 4 minutes, 2 seconds
2020-05-30T12:26:50 >>> acct-group/kmem: 9 minutes, 8 seconds
2020-05-30T21:32:04 >>> acct-group/kmem: 4 minutes, 12 seconds
2020-06-01T01:44:12 >>> acct-group/kmem: 7 minutes, 14 seconds
2020-06-04T11:49:51 >>> acct-group/kmem: 17 minutes, 45 seconds
2020-06-12T01:19:22 >>> acct-group/kmem: 5 seconds
2020-06-13T03:16:15 >>> acct-group/kmem: 3 minutes, 33 seconds
2020-06-13T19:54:31 >>> acct-group/kmem: 7 minutes, 26 seconds
2020-06-14T04:31:05 >>> acct-group/kmem: 9 minutes, 9 seconds
]0;emerge 13:44:13 34|565 kmem 06:43 (root@rescue)>>> Extracting acct-group/kmem-0
 * checking 0 files for package collisions
>>> Merging acct-group/kmem-0 to /
 * removing unneeded *.la files
>>> Safely unmerging already-installed instance...
!!! File Not Found: '/etc/env.d/99lcdfilter'
>>> Original instance of package unmerged safely.
>>> acct-group/kmem-0 merged.
!!! File Not Found: '/etc/env.d/99lcdfilter'
