>>> Extracting info
 * Package:    acct-group/syncthing-0
 * Repository: gentoo
 * USE:        userland_GNU abi_x86_64 kernel_linux amd64 elibc_glibc
 * FEATURES:   ccache network-sandbox preserve-libs sandbox userpriv usersandbox
 * FEATURES='assume-digests binpkg-docompress binpkg-dostrip binpkg-logs binpkg-multi-instance buildpkg ccache compress-index config-protect-if-modified distlocks downgrade-backup fixlafiles ipc-sandbox merge-sync multilib-strict network-sandbox news nodoc parallel-fetch parallel-install pid-sandbox preserve-libs qa-unresolved-soname-deps sandbox sfperms strict unknown-features-warn unmerge-backup unmerge-logs unmerge-orphans userfetch userpriv usersandbox usersync xattr'
 * CFLAGS='-march=znver2 -O3 -fgraphite-identity -floop-nest-optimize -fdevirtualize-at-ltrans -fipa-pta -fno-semantic-interposition -flto=12 -fno-plt -fno-signed-zeros -fno-trapping-math -fassociative-math -freciprocal-math -fno-math-errno -ffinite-math-only -fno-rounding-math -fno-signaling-nans -fcx-limited-range -fexcess-precision=fast -falign-functions=32 -fno-stack-protector -fno-stack-clash-protection -fstack-check=no -fno-stack-check -fuse-linker-plugin -pipe -g0 -Wl,-O1 -Wl,--as-needed -Wl,-z,norelro -Wl,-z,now -Wl,--sort-common -s'
 * CXXFLAGS='-march=znver2 -O3 -fgraphite-identity -floop-nest-optimize -fdevirtualize-at-ltrans -fipa-pta -fno-semantic-interposition -flto=12 -fno-plt -fno-signed-zeros -fno-trapping-math -fassociative-math -freciprocal-math -fno-math-errno -ffinite-math-only -fno-rounding-math -fno-signaling-nans -fcx-limited-range -fexcess-precision=fast -falign-functions=32 -fno-stack-protector -fno-stack-clash-protection -fstack-check=no -fno-stack-check -fuse-linker-plugin -pipe -g0 -Wl,-O1 -Wl,--as-needed -Wl,-z,norelro -Wl,-z,now -Wl,--sort-common -s'
 * FFLAGS='-march=znver2 -O3 -fgraphite-identity -floop-nest-optimize -fdevirtualize-at-ltrans -fipa-pta -fno-semantic-interposition -flto=12 -fno-plt -fno-signed-zeros -fno-trapping-math -fassociative-math -freciprocal-math -fno-math-errno -ffinite-math-only -fno-rounding-math -fno-signaling-nans -fcx-limited-range -fexcess-precision=fast -falign-functions=32 -fno-stack-protector -fno-stack-clash-protection -fstack-check=no -fno-stack-check -fuse-linker-plugin -pipe -g0 -Wl,-O1 -Wl,--as-needed -Wl,-z,norelro -Wl,-z,now -Wl,--sort-common -s'
 * FCFLAGS='-march=znver2 -O3 -fgraphite-identity -floop-nest-optimize -fdevirtualize-at-ltrans -fipa-pta -fno-semantic-interposition -flto=12 -fno-plt -fno-signed-zeros -fno-trapping-math -fassociative-math -freciprocal-math -fno-math-errno -ffinite-math-only -fno-rounding-math -fno-signaling-nans -fcx-limited-range -fexcess-precision=fast -falign-functions=32 -fno-stack-protector -fno-stack-clash-protection -fstack-check=no -fno-stack-check -fuse-linker-plugin -pipe -g0 -Wl,-O1 -Wl,--as-needed -Wl,-z,norelro -Wl,-z,now -Wl,--sort-common -s'
 * F77FLAGS='-march=znver2 -O3 -fgraphite-identity -floop-nest-optimize -fdevirtualize-at-ltrans -fipa-pta -fno-semantic-interposition -flto=12 -fno-plt -fno-signed-zeros -fno-trapping-math -fassociative-math -freciprocal-math -fno-math-errno -ffinite-math-only -fno-rounding-math -fno-signaling-nans -fcx-limited-range -fexcess-precision=fast -falign-functions=32 -fno-stack-protector -fno-stack-clash-protection -fstack-check=no -fno-stack-check -fuse-linker-plugin -pipe -g0 -Wl,-O1 -Wl,--as-needed -Wl,-z,norelro -Wl,-z,now -Wl,--sort-common -s'
 * LDFLAGS='-Wl,-O1 -Wl,--as-needed -Wl,-z,norelro -Wl,-z,now -Wl,--sort-common -s -march=znver2 -O3 -fgraphite-identity -floop-nest-optimize -fdevirtualize-at-ltrans -fipa-pta -fno-semantic-interposition -flto=12 -fno-plt -fno-signed-zeros -fno-trapping-math -fassociative-math -freciprocal-math -fno-math-errno -ffinite-math-only -fno-rounding-math -fno-signaling-nans -fcx-limited-range -fexcess-precision=fast -falign-functions=32 -fno-stack-protector -fno-stack-clash-protection -fstack-check=no -fno-stack-check -fuse-linker-plugin -pipe -g0'
 * MAKEOPTS='-j12 -l12'
 * gcc () 11.0.0 20200530 (experimental)
 * g++ () 11.0.0 20200530 (experimental)
 * GNU ld (Gentoo 2.34 p4) 2.34.0
 * Linux ryzen.gnum.org 5.4.36 #1 SMP Thu Apr 30 04:38:28 UTC 2020 x86_64 AMD Ryzen 5 3600 6-Core Processor AuthenticAMD GNU/Linux
acct-group/syncthing: 12 seconds average for 13 merges
2020-05-20T07:30:16 >>> acct-group/syncthing: 9 seconds
2020-05-21T05:53:22 >>> acct-group/syncthing: 5 seconds
2020-05-22T01:56:22 >>> acct-group/syncthing: 13 seconds
2020-05-22T03:07:52 >>> acct-group/syncthing: 13 seconds
2020-05-22T12:27:13 >>> acct-group/syncthing: 13 seconds
2020-05-23T03:29:16 >>> acct-group/syncthing: 13 seconds
2020-05-25T18:15:43 >>> acct-group/syncthing: 13 seconds
2020-05-26T12:50:37 >>> acct-group/syncthing: 18 seconds
2020-05-26T13:46:44 >>> acct-group/syncthing: 8 seconds
2020-05-27T03:01:57 >>> acct-group/syncthing: 19 seconds
2020-05-28T13:23:32 >>> acct-group/syncthing: 15 seconds
2020-05-28T14:12:02 >>> acct-group/syncthing: 13 seconds
2020-05-30T12:28:55 >>> acct-group/syncthing: 14 seconds
]0;emerge 21:32:37 1590867157:  >>> unmerge success: acct-group/mail-0 syncthing 00:14 (root@ryzen.gnum.org)kemerge 21:32:37 1590867157:  >>> unmerge success: acct-group/mail-0 syncthing 00:14 (root@ryzen.gnum.org)\>>> Extracting acct-group/syncthing-0
 * checking 0 files for package collisions
>>> Merging acct-group/syncthing-0 to /
 * removing unneeded *.la files
>>> Safely unmerging already-installed instance...
>>> Original instance of package unmerged safely.
>>> acct-group/syncthing-0 merged.
