 * Package:    acct-group/systemd-coredump-0
 * Repository: gentoo
 * Maintainer: systemd@gentoo.org
 * USE:        abi_x86_64 amd64 elibc_glibc kernel_linux userland_GNU
 * FEATURES:   network-sandbox preserve-libs sandbox userpriv usersandbox
 * FEATURES='assume-digests binpkg-docompress binpkg-dostrip binpkg-logs buildpkg cgroup compress-index config-protect-if-modified distlocks ebuild-locks fixlafiles ipc-sandbox merge-sync multilib-strict network-sandbox news nodoc parallel-fetch pid-sandbox preserve-libs qa-unresolved-soname-deps sandbox sfperms strict strict-keepdir unknown-features-warn unmerge-logs unmerge-orphans userfetch userpriv usersandbox usersync xattr'
 * CFLAGS='-march=znver2 -Ofast -pipe -g0 -fno-common -fgraphite-identity -floop-interchange -floop-nest-optimize -floop-parallelize-all -ftree-parallelize-loops=12 -ftree-vectorize -fdevirtualize-at-ltrans -fipa-pta -fno-semantic-interposition -flto=12 -fno-plt -falign-functions=32 -fno-stack-protector -fno-stack-clash-protection -fstack-check=no -fno-stack-check -fuse-linker-plugin -Wl,-O1,--sort-common,--as-needed,-z,norelro,-z,now,-lgomp,-lpthread'
 * CXXFLAGS='-march=znver2 -Ofast -pipe -g0 -fno-common -fgraphite-identity -floop-interchange -floop-nest-optimize -floop-parallelize-all -ftree-parallelize-loops=12 -ftree-vectorize -fdevirtualize-at-ltrans -fipa-pta -fno-semantic-interposition -flto=12 -fno-plt -falign-functions=32 -fno-stack-protector -fno-stack-clash-protection -fstack-check=no -fno-stack-check -fuse-linker-plugin -Wl,-O1,--sort-common,--as-needed,-z,norelro,-z,now,-lgomp,-lpthread'
 * FFLAGS='-march=znver2 -Ofast -pipe -g0 -fno-common -fgraphite-identity -floop-interchange -floop-nest-optimize -floop-parallelize-all -ftree-parallelize-loops=12 -ftree-vectorize -fdevirtualize-at-ltrans -fipa-pta -fno-semantic-interposition -flto=12 -fno-plt -falign-functions=32 -fno-stack-protector -fno-stack-clash-protection -fstack-check=no -fno-stack-check -fuse-linker-plugin -Wl,-O1,--sort-common,--as-needed,-z,norelro,-z,now,-lgomp,-lpthread'
 * FCFLAGS='-march=znver2 -Ofast -pipe -g0 -fno-common -fgraphite-identity -floop-interchange -floop-nest-optimize -floop-parallelize-all -ftree-parallelize-loops=12 -ftree-vectorize -fdevirtualize-at-ltrans -fipa-pta -fno-semantic-interposition -flto=12 -fno-plt -falign-functions=32 -fno-stack-protector -fno-stack-clash-protection -fstack-check=no -fno-stack-check -fuse-linker-plugin -Wl,-O1,--sort-common,--as-needed,-z,norelro,-z,now,-lgomp,-lpthread'
 * F77FLAGS='-march=znver2 -Ofast -pipe -g0 -fno-common -fgraphite-identity -floop-interchange -floop-nest-optimize -floop-parallelize-all -ftree-parallelize-loops=12 -ftree-vectorize -fdevirtualize-at-ltrans -fipa-pta -fno-semantic-interposition -flto=12 -fno-plt -falign-functions=32 -fno-stack-protector -fno-stack-clash-protection -fstack-check=no -fno-stack-check -fuse-linker-plugin -Wl,-O1,--sort-common,--as-needed,-z,norelro,-z,now,-lgomp,-lpthread'
 * LDFLAGS='-Wl,-O1,--sort-common,--as-needed,-z,norelro,-z,now,-lgomp,-lpthread -march=znver2 -Ofast -pipe -g0 -fno-common -fgraphite-identity -floop-interchange -floop-nest-optimize -floop-parallelize-all -ftree-parallelize-loops=12 -ftree-vectorize -fdevirtualize-at-ltrans -fipa-pta -fno-semantic-interposition -flto=12 -fno-plt -falign-functions=32 -fno-stack-protector -fno-stack-clash-protection -fstack-check=no -fno-stack-check -fuse-linker-plugin'
 * MAKEOPTS='-j12 -l12'
 * gcc () 11.0.0 20200616 (experimental)
 * g++ () 11.0.0 20200616 (experimental)
 * GNU ld (Gentoo 2.34 p4) 2.34.0
 * Linux rescue 5.4.36 #1 SMP Thu Apr 30 04:38:28 UTC 2020 x86_64 AMD Ryzen 5 3600 6-Core Processor AuthenticAMD GNU/Linux
acct-group/systemd-coredump: 6 minutes average for 30 merges
2020-05-16T14:43:42 >>> acct-group/systemd-coredump: 5 seconds
2020-05-16T20:42:29 >>> acct-group/systemd-coredump: 8 seconds
2020-05-20T00:56:20 >>> acct-group/systemd-coredump: 4 minutes, 30 seconds
2020-05-21T05:51:53 >>> acct-group/systemd-coredump: 5 seconds
2020-05-22T01:55:47 >>> acct-group/systemd-coredump: 7 minutes, 25 seconds
2020-05-22T03:07:08 >>> acct-group/systemd-coredump: 8 minutes
2020-05-22T12:26:38 >>> acct-group/systemd-coredump: 7 minutes, 48 seconds
2020-05-23T03:28:42 >>> acct-group/systemd-coredump: 7 minutes, 24 seconds
2020-05-24T23:22:03 >>> acct-group/systemd-coredump: 9 minutes, 20 seconds
2020-05-25T03:01:44 >>> acct-group/systemd-coredump: 3 minutes, 25 seconds
2020-05-25T18:15:00 >>> acct-group/systemd-coredump: 6 minutes, 43 seconds
2020-05-25T19:51:14 >>> acct-group/systemd-coredump: 4 minutes, 26 seconds
2020-05-26T12:50:11 >>> acct-group/systemd-coredump: 5 minutes, 18 seconds
2020-05-26T13:46:32 >>> acct-group/systemd-coredump: 4 minutes, 55 seconds
2020-05-27T01:24:18 >>> acct-group/systemd-coredump: 5 minutes, 26 seconds
2020-05-27T03:01:19 >>> acct-group/systemd-coredump: 7 minutes, 41 seconds
2020-05-28T13:22:50 >>> acct-group/systemd-coredump: 7 minutes, 20 seconds
2020-05-28T14:11:45 >>> acct-group/systemd-coredump: 5 minutes, 4 seconds
2020-05-29T01:31:53 >>> acct-group/systemd-coredump: 5 minutes, 19 seconds
2020-05-30T12:27:40 >>> acct-group/systemd-coredump: 9 minutes, 14 seconds
2020-05-30T21:32:17 >>> acct-group/systemd-coredump: 4 minutes, 51 seconds
2020-06-01T01:44:46 >>> acct-group/systemd-coredump: 7 minutes, 36 seconds
2020-06-04T11:50:21 >>> acct-group/systemd-coredump: 18 minutes, 5 seconds
2020-06-12T01:22:20 >>> acct-group/systemd-coredump: 1 minute, 48 seconds
2020-06-13T03:17:00 >>> acct-group/systemd-coredump: 3 minutes, 41 seconds
2020-06-13T19:54:47 >>> acct-group/systemd-coredump: 7 minutes, 59 seconds
2020-06-14T04:32:03 >>> acct-group/systemd-coredump: 9 minutes, 4 seconds
2020-06-15T13:44:23 >>> acct-group/systemd-coredump: 3 minutes, 30 seconds
2020-06-16T13:33:53 >>> acct-group/systemd-coredump: 8 minutes, 52 seconds
2020-06-17T03:08:00 >>> acct-group/systemd-coredump: 5 minutes
]0;emerge 13:32:15 49|895 systemd-coredump 05:47 (root@rescue)>>> Unpacking source...
>>> Source unpacked in /tmp/portage/acct-group/systemd-coredump-0/work
>>> Preparing source in /tmp/portage/acct-group/systemd-coredump-0/work ...
>>> Source prepared.
>>> Configuring source in /tmp/portage/acct-group/systemd-coredump-0/work ...
>>> Source configured.
>>> Compiling source in /tmp/portage/acct-group/systemd-coredump-0/work ...
>>> Source compiled.
>>> Test phase [not enabled]: acct-group/systemd-coredump-0

>>> Install acct-group/systemd-coredump-0 into /tmp/portage/acct-group/systemd-coredump-0/image
>>> Completed installing acct-group/systemd-coredump-0 into /tmp/portage/acct-group/systemd-coredump-0/image

 * Final size of build directory: 4 KiB
 * Final size of installed tree:  4 KiB

Parallel BZIP2 v1.1.13 [Dec 18, 2015]
By: Jeff Gilchrist [http://compression.ca]
Major contributions: Yavor Nikolov [http://javornikolov.wordpress.com]
Uses libbzip2 by Julian Seward

         # CPUs: 5
   Load Average: 6.90
 BWT Block Size: 200 KB
File Block Size: 900 KB
 Maximum Memory: 1024 MB
-------------------------------------------
         File #: 1 of 1
     Input Name: compressme
    Output Name: compressme.bz2

     Input Size: 3895 bytes
Compressing data (no threads)...
Completed: 100%                 Output Size: 918 bytes
-------------------------------------------

     Wall Clock: 0.000794 seconds
./
>>> Done.
 * checking 0 files for package collisions
>>> Merging acct-group/systemd-coredump-0 to /
 * removing unneeded *.la files
>>> Safely unmerging already-installed instance...
>>> Original instance of package unmerged safely.
>>> acct-group/systemd-coredump-0 merged.
