>>> Extracting info
[32;01m * [39;49;00mPackage:    acct-group/audio-0
[32;01m * [39;49;00mRepository: gentoo
[32;01m * [39;49;00mUSE:        kernel_linux abi_x86_64 elibc_glibc amd64 userland_GNU
[32;01m * [39;49;00mFEATURES:   preserve-libs
 [32;01m*[0m /etc/portage/package.cflags/ltoworkarounds.conf -> */*: *FLAGS+=-Wl,-O4 *FLAGS-=-Wl,-O1
 [32;01m*[0m FEATURES='assume-digests binpkg-dostrip binpkg-logs config-protect-if-modified distlocks ebuild-locks fixlafiles merge-sync multilib-strict news nodoc parallel-fetch preserve-libs qa-unresolved-soname-deps sfperms strict strict-keepdir unknown-features-warn unmerge-logs unmerge-orphans xattr'
 [32;01m*[0m CFLAGS='-march=znver2 -O2 -pipe -g0 -fno-semantic-interposition -fno-plt -falign-functions=32 -fno-stack-protector -fno-stack-clash-protection -fstack-check=no -fno-stack-check -Wl,-O4 -Wl,-O4,--sort-common,--as-needed,-z,norelro,-z,now'
 [32;01m*[0m CXXFLAGS='-march=znver2 -O2 -pipe -g0 -fno-semantic-interposition -fno-plt -falign-functions=32 -fno-stack-protector -fno-stack-clash-protection -fstack-check=no -fno-stack-check -Wl,-O4 -Wl,-O4,--sort-common,--as-needed,-z,norelro,-z,now'
 [32;01m*[0m FFLAGS='-march=znver2 -O2 -pipe -g0 -fno-semantic-interposition -fno-plt -falign-functions=32 -fno-stack-protector -fno-stack-clash-protection -fstack-check=no -fno-stack-check -Wl,-O4 -Wl,-O4,--sort-common,--as-needed,-z,norelro,-z,now'
 [32;01m*[0m FCFLAGS='-march=znver2 -O2 -pipe -g0 -fno-semantic-interposition -fno-plt -falign-functions=32 -fno-stack-protector -fno-stack-clash-protection -fstack-check=no -fno-stack-check -Wl,-O4 -Wl,-O4,--sort-common,--as-needed,-z,norelro,-z,now'
 [32;01m*[0m F77FLAGS='-march=znver2 -O2 -pipe -g0 -fno-semantic-interposition -fno-plt -falign-functions=32 -fno-stack-protector -fno-stack-clash-protection -fstack-check=no -fno-stack-check -Wl,-O4 -Wl,-O4,--sort-common,--as-needed,-z,norelro,-z,now'
 [32;01m*[0m LDFLAGS='-Wl,-O4,--sort-common,--as-needed,-z,norelro,-z,now'
 [32;01m*[0m MAKEOPTS='-j12 -l12'
 [32;01m*[0m gcc () 11.0.0 20200606 (experimental)
 [32;01m*[0m g++ () 11.0.0 20200606 (experimental)
 [32;01m*[0m GNU ld (Gentoo 2.34 p4) 2.34.0
 [32;01m*[0m Linux rescue 5.4.36 #1 SMP Thu Apr 30 04:38:28 UTC 2020 x86_64 AMD Ryzen 5 3600 6-Core Processor AuthenticAMD GNU/Linux
[00;01macct-group/[00;00m[36;01maudio[00;00m: [32;01m5[00;00m minutes, [32;01m36[00;00m seconds average for [32;01m23[00;00m merges
2020-05-16T14:42:55 >>> [00;01macct-group/[00;00m[36;01maudio[00;00m: [32;01m6[00;00m seconds
2020-05-16T20:40:40 >>> [00;01macct-group/[00;00m[36;01maudio[00;00m: [32;01m8[00;00m seconds
2020-05-20T00:56:11 >>> [00;01macct-group/[00;00m[36;01maudio[00;00m: [32;01m3[00;00m minutes, [32;01m43[00;00m seconds
2020-05-21T05:50:55 >>> [00;01macct-group/[00;00m[36;01maudio[00;00m: [32;01m6[00;00m seconds
2020-05-22T01:55:18 >>> [00;01macct-group/[00;00m[36;01maudio[00;00m: [32;01m7[00;00m minutes, [32;01m9[00;00m seconds
2020-05-22T03:06:38 >>> [00;01macct-group/[00;00m[36;01maudio[00;00m: [32;01m7[00;00m minutes, [32;01m44[00;00m seconds
2020-05-22T12:26:09 >>> [00;01macct-group/[00;00m[36;01maudio[00;00m: [32;01m7[00;00m minutes, [32;01m32[00;00m seconds
2020-05-23T03:28:13 >>> [00;01macct-group/[00;00m[36;01maudio[00;00m: [32;01m7[00;00m minutes, [32;01m8[00;00m seconds
2020-05-24T23:21:28 >>> [00;01macct-group/[00;00m[36;01maudio[00;00m: [32;01m9[00;00m minutes, [32;01m9[00;00m seconds
2020-05-25T03:01:35 >>> [00;01macct-group/[00;00m[36;01maudio[00;00m: [32;01m2[00;00m minutes, [32;01m48[00;00m seconds
2020-05-25T18:13:43 >>> [00;01macct-group/[00;00m[36;01maudio[00;00m: [32;01m7[00;00m minutes, [32;01m15[00;00m seconds
2020-05-25T19:50:30 >>> [00;01macct-group/[00;00m[36;01maudio[00;00m: [32;01m4[00;00m minutes, [32;01m29[00;00m seconds
2020-05-26T12:47:30 >>> [00;01macct-group/[00;00m[36;01maudio[00;00m: [32;01m28[00;00m seconds
2020-05-26T13:46:22 >>> [00;01macct-group/[00;00m[36;01maudio[00;00m: [32;01m4[00;00m minutes, [32;01m24[00;00m seconds
2020-05-27T01:24:09 >>> [00;01macct-group/[00;00m[36;01maudio[00;00m: [32;01m4[00;00m minutes, [32;01m26[00;00m seconds
2020-05-27T03:00:38 >>> [00;01macct-group/[00;00m[36;01maudio[00;00m: [32;01m7[00;00m minutes, [32;01m43[00;00m seconds
2020-05-28T13:22:17 >>> [00;01macct-group/[00;00m[36;01maudio[00;00m: [32;01m7[00;00m minutes, [32;01m9[00;00m seconds
2020-05-28T14:11:35 >>> [00;01macct-group/[00;00m[36;01maudio[00;00m: [32;01m4[00;00m minutes, [32;01m29[00;00m seconds
2020-05-29T01:31:42 >>> [00;01macct-group/[00;00m[36;01maudio[00;00m: [32;01m4[00;00m minutes, [32;01m18[00;00m seconds
2020-05-30T12:26:56 >>> [00;01macct-group/[00;00m[36;01maudio[00;00m: [32;01m9[00;00m minutes, [32;01m13[00;00m seconds
2020-05-30T21:32:06 >>> [00;01macct-group/[00;00m[36;01maudio[00;00m: [32;01m4[00;00m minutes, [32;01m17[00;00m seconds
2020-06-01T01:44:18 >>> [00;01macct-group/[00;00m[36;01maudio[00;00m: [32;01m7[00;00m minutes, [32;01m16[00;00m seconds
2020-06-04T11:49:57 >>> [00;01macct-group/[00;00m[36;01maudio[00;00m: [32;01m17[00;00m minutes, [32;01m52[00;00m seconds
]0;emerge 01:19:37 33|664 audio 09:48 (root@rescue)>>> Extracting acct-group/audio-0
 [32;01m*[39;49;00m checking 0 files for package collisions
>>> Merging acct-group/audio-0 to /
 [32;01m*[0m removing unneeded *.la files
>>> Safely unmerging already-installed instance...
No package files given... Grabbing a set.
>>> Regenerating /etc/ld.so.cache...
>>> Original instance of package unmerged safely.
>>> acct-group/audio-0 merged.
