>>> Extracting info
 * Package:    acct-user/polkitd-0
 * Repository: gentoo
 * USE:        kernel_linux userland_GNU elibc_glibc amd64 abi_x86_64
 * FEATURES:   network-sandbox preserve-libs sandbox userpriv usersandbox
 * FEATURES='assume-digests binpkg-docompress binpkg-dostrip binpkg-logs buildpkg cgroup compress-index config-protect-if-modified distlocks ebuild-locks fixlafiles ipc-sandbox merge-sync multilib-strict network-sandbox news nodoc parallel-fetch pid-sandbox preserve-libs qa-unresolved-soname-deps sandbox sfperms strict strict-keepdir unknown-features-warn unmerge-logs unmerge-orphans userfetch userpriv usersandbox usersync xattr'
 * CFLAGS='-march=znver2 -O2 -pipe -fno-stack-protector -fno-stack-clash-protection -fstack-check=no -fno-stack-check -Wl,-O1 -Wl,--as-needed'
 * CXXFLAGS='-march=znver2 -O2 -pipe -fno-stack-protector -fno-stack-clash-protection -fstack-check=no -fno-stack-check -Wl,-O1 -Wl,--as-needed'
 * FFLAGS='-march=znver2 -O2 -pipe -fno-stack-protector -fno-stack-clash-protection -fstack-check=no -fno-stack-check -Wl,-O1 -Wl,--as-needed'
 * FCFLAGS='-march=znver2 -O2 -pipe -fno-stack-protector -fno-stack-clash-protection -fstack-check=no -fno-stack-check -Wl,-O1 -Wl,--as-needed'
 * F77FLAGS='-march=znver2 -O2 -pipe -fno-stack-protector -fno-stack-clash-protection -fstack-check=no -fno-stack-check -Wl,-O1 -Wl,--as-needed'
 * LDFLAGS='-Wl,-O1 -Wl,--as-needed'
 * MAKEOPTS='-j12 -l12'
 * gcc (Gentoo 10.1.0-r1 p2) 10.1.0
 * g++ (Gentoo 10.1.0-r1 p2) 10.1.0
 * GNU gold (Gentoo 2.34 p4 2.34.0) 1.16
 * Linux rescue 5.4.36 #1 SMP Thu Apr 30 04:38:28 UTC 2020 x86_64 AMD Ryzen 5 3600 6-Core Processor AuthenticAMD GNU/Linux
acct-user/polkitd: 2 minutes, 5 seconds average for 27 merges
2020-05-15T03:30:36 >>> acct-user/polkitd: 6 seconds
2020-05-16T20:48:39 >>> acct-user/polkitd: 8 seconds
2020-05-20T01:01:12 >>> acct-user/polkitd: 44 seconds
2020-05-21T05:58:14 >>> acct-user/polkitd: 6 seconds
2020-05-22T02:04:06 >>> acct-user/polkitd: 2 minutes, 46 seconds
2020-05-22T03:15:59 >>> acct-user/polkitd: 1 minute, 50 seconds
2020-05-22T12:35:20 >>> acct-user/polkitd: 1 minute, 45 seconds
2020-05-23T03:37:00 >>> acct-user/polkitd: 1 minute, 51 seconds
2020-05-24T23:32:50 >>> acct-user/polkitd: 4 minutes, 54 seconds
2020-05-25T03:06:04 >>> acct-user/polkitd: 38 seconds
2020-05-25T18:22:22 >>> acct-user/polkitd: 1 minute, 49 seconds
2020-05-25T19:56:56 >>> acct-user/polkitd: 1 minute, 8 seconds
2020-05-26T12:52:49 >>> acct-user/polkitd: 3 minutes, 23 seconds
2020-05-26T13:52:03 >>> acct-user/polkitd: 49 seconds
2020-05-27T01:31:27 >>> acct-user/polkitd: 53 seconds
2020-05-27T03:09:40 >>> acct-user/polkitd: 2 minutes, 37 seconds
2020-05-28T13:30:42 >>> acct-user/polkitd: 1 minute, 54 seconds
2020-05-28T14:17:31 >>> acct-user/polkitd: 52 seconds
2020-05-29T01:39:12 >>> acct-user/polkitd: 57 seconds
2020-05-30T12:37:32 >>> acct-user/polkitd: 2 minutes, 49 seconds
2020-05-30T21:37:42 >>> acct-user/polkitd: 53 seconds
2020-06-01T01:53:14 >>> acct-user/polkitd: 2 minutes, 16 seconds
2020-06-04T12:09:23 >>> acct-user/polkitd: 11 minutes, 54 seconds
2020-06-12T01:25:43 >>> acct-user/polkitd: 59 seconds
2020-06-13T03:21:23 >>> acct-user/polkitd: 6 minutes
2020-06-13T20:03:28 >>> acct-user/polkitd: 1 minute, 9 seconds
2020-06-14T04:41:55 >>> acct-user/polkitd: 1 minute, 27 seconds
]0;emerge 13:49:01 84|565 polkitd 02:52 (root@rescue)>>> Extracting acct-user/polkitd-0
 * checking 1 files for package collisions
>>> Merging acct-user/polkitd-0 to /
 * removing unneeded *.la files
--- /var/
--- /var/lib/
--- /var/lib/polkit-1/
>>> /var/lib/polkit-1/.keep_acct-user_polkitd-0
>>> Safely unmerging already-installed instance...
!!! File Not Found: '/etc/env.d/99lcdfilter'
>>> Original instance of package unmerged safely.
>>> acct-user/polkitd-0 merged.
!!! File Not Found: '/etc/env.d/99lcdfilter'
