>>> Extracting info
 * Package:    acct-group/render-0
 * Repository: gentoo
 * USE:        elibc_glibc amd64 userland_GNU kernel_linux abi_x86_64
 * FEATURES:   preserve-libs
 * /etc/portage/package.cflags/ltoworkarounds.conf -> */*: *FLAGS+=-Wl,-O4 *FLAGS-=-Wl,-O1
 * FEATURES='assume-digests binpkg-dostrip binpkg-logs buildpkg config-protect-if-modified distlocks ebuild-locks fixlafiles merge-sync multilib-strict news nodoc parallel-fetch preserve-libs qa-unresolved-soname-deps sfperms strict strict-keepdir unknown-features-warn unmerge-logs unmerge-orphans xattr'
 * CFLAGS='-march=znver2 -O2 -pipe -g0 -fno-semantic-interposition -fno-plt -falign-functions=32 -fno-stack-protector -fno-stack-clash-protection -fstack-check=no -fno-stack-check -Wl,-O4 -Wl,-O4,--sort-common,--as-needed,-z,norelro,-z,now'
 * CXXFLAGS='-march=znver2 -O2 -pipe -g0 -fno-semantic-interposition -fno-plt -falign-functions=32 -fno-stack-protector -fno-stack-clash-protection -fstack-check=no -fno-stack-check -Wl,-O4 -Wl,-O4,--sort-common,--as-needed,-z,norelro,-z,now'
 * FFLAGS='-march=znver2 -O2 -pipe -g0 -fno-semantic-interposition -fno-plt -falign-functions=32 -fno-stack-protector -fno-stack-clash-protection -fstack-check=no -fno-stack-check -Wl,-O4 -Wl,-O4,--sort-common,--as-needed,-z,norelro,-z,now'
 * FCFLAGS='-march=znver2 -O2 -pipe -g0 -fno-semantic-interposition -fno-plt -falign-functions=32 -fno-stack-protector -fno-stack-clash-protection -fstack-check=no -fno-stack-check -Wl,-O4 -Wl,-O4,--sort-common,--as-needed,-z,norelro,-z,now'
 * F77FLAGS='-march=znver2 -O2 -pipe -g0 -fno-semantic-interposition -fno-plt -falign-functions=32 -fno-stack-protector -fno-stack-clash-protection -fstack-check=no -fno-stack-check -Wl,-O4 -Wl,-O4,--sort-common,--as-needed,-z,norelro,-z,now'
 * LDFLAGS='-Wl,-O4,--sort-common,--as-needed,-z,norelro,-z,now'
 * MAKEOPTS='-j12 -l12'
 * gcc () 11.0.0 20200606 (experimental)
 * g++ () 11.0.0 20200606 (experimental)
 * GNU ld (Gentoo 2.34 p4) 2.34.0
 * Linux rescue 5.4.36 #1 SMP Thu Apr 30 04:38:28 UTC 2020 x86_64 AMD Ryzen 5 3600 6-Core Processor AuthenticAMD GNU/Linux
acct-group/render: 5 minutes, 49 seconds average for 23 merges
2020-05-16T20:41:27 >>> acct-group/render: 7 seconds
2020-05-20T00:56:15 >>> acct-group/render: 4 minutes, 7 seconds
2020-05-21T05:48:47 >>> acct-group/render: 6 seconds
2020-05-22T01:54:06 >>> acct-group/render: 6 minutes, 55 seconds
2020-05-22T02:40:42 >>> acct-group/render: 3 minutes, 8 seconds
2020-05-22T03:05:24 >>> acct-group/render: 7 minutes, 30 seconds
2020-05-22T12:24:56 >>> acct-group/render: 7 minutes, 18 seconds
2020-05-23T03:26:50 >>> acct-group/render: 7 minutes, 5 seconds
2020-05-24T23:21:46 >>> acct-group/render: 9 minutes, 15 seconds
2020-05-25T03:01:40 >>> acct-group/render: 3 minutes, 6 seconds
2020-05-25T18:12:31 >>> acct-group/render: 7 minutes, 22 seconds
2020-05-25T19:50:51 >>> acct-group/render: 4 minutes, 29 seconds
2020-05-26T12:31:33 >>> acct-group/render: 4 minutes, 13 seconds
2020-05-26T13:46:08 >>> acct-group/render: 3 minutes, 31 seconds
2020-05-27T01:24:13 >>> acct-group/render: 4 minutes, 56 seconds
2020-05-27T02:58:54 >>> acct-group/render: 8 minutes, 18 seconds
2020-05-28T13:21:27 >>> acct-group/render: 6 minutes, 41 seconds
2020-05-28T14:11:19 >>> acct-group/render: 3 minutes, 24 seconds
2020-05-29T01:31:48 >>> acct-group/render: 4 minutes, 48 seconds
2020-05-30T12:26:10 >>> acct-group/render: 8 minutes, 59 seconds
2020-05-30T21:31:52 >>> acct-group/render: 3 minutes, 35 seconds
2020-06-01T01:43:26 >>> acct-group/render: 6 minutes, 39 seconds
2020-06-04T11:47:27 >>> acct-group/render: 18 minutes, 36 seconds
]0;emerge 01:22:18 4|626 render 09:37 (root@rescue)>>> Extracting acct-group/render-0
 * checking 0 files for package collisions
>>> Merging acct-group/render-0 to /
 * removing unneeded *.la files
>>> Safely unmerging already-installed instance...
>>> Original instance of package unmerged safely.
>>> acct-group/render-0 merged.
