 * Package:    acct-user/postmaster-0
 * Repository: gentoo
 * Maintainer: eras@gentoo.org
 * USE:        abi_x86_64 amd64 elibc_glibc kernel_linux userland_GNU
 * FEATURES:   network-sandbox preserve-libs sandbox userpriv usersandbox
 * FEATURES='assume-digests binpkg-docompress binpkg-dostrip binpkg-logs buildpkg cgroup compress-index config-protect-if-modified distlocks ebuild-locks fixlafiles ipc-sandbox merge-sync multilib-strict network-sandbox news nodoc parallel-fetch pid-sandbox preserve-libs qa-unresolved-soname-deps sandbox sfperms strict strict-keepdir unknown-features-warn unmerge-logs unmerge-orphans userfetch userpriv usersandbox usersync xattr'
 * CFLAGS='-march=znver2 -Ofast -pipe -g0 -fno-common -fgraphite-identity -floop-interchange -floop-nest-optimize -floop-parallelize-all -ftree-parallelize-loops=12 -ftree-vectorize -fdevirtualize-at-ltrans -fipa-pta -fno-semantic-interposition -flto=12 -fno-plt -falign-functions=32 -fno-stack-protector -fno-stack-clash-protection -fstack-check=no -fno-stack-check -fuse-linker-plugin -Wl,-O1,--sort-common,--as-needed,-z,norelro,-z,now,-lgomp,-lpthread'
 * CXXFLAGS='-march=znver2 -Ofast -pipe -g0 -fno-common -fgraphite-identity -floop-interchange -floop-nest-optimize -floop-parallelize-all -ftree-parallelize-loops=12 -ftree-vectorize -fdevirtualize-at-ltrans -fipa-pta -fno-semantic-interposition -flto=12 -fno-plt -falign-functions=32 -fno-stack-protector -fno-stack-clash-protection -fstack-check=no -fno-stack-check -fuse-linker-plugin -Wl,-O1,--sort-common,--as-needed,-z,norelro,-z,now,-lgomp,-lpthread'
 * FFLAGS='-march=znver2 -Ofast -pipe -g0 -fno-common -fgraphite-identity -floop-interchange -floop-nest-optimize -floop-parallelize-all -ftree-parallelize-loops=12 -ftree-vectorize -fdevirtualize-at-ltrans -fipa-pta -fno-semantic-interposition -flto=12 -fno-plt -falign-functions=32 -fno-stack-protector -fno-stack-clash-protection -fstack-check=no -fno-stack-check -fuse-linker-plugin -Wl,-O1,--sort-common,--as-needed,-z,norelro,-z,now,-lgomp,-lpthread'
 * FCFLAGS='-march=znver2 -Ofast -pipe -g0 -fno-common -fgraphite-identity -floop-interchange -floop-nest-optimize -floop-parallelize-all -ftree-parallelize-loops=12 -ftree-vectorize -fdevirtualize-at-ltrans -fipa-pta -fno-semantic-interposition -flto=12 -fno-plt -falign-functions=32 -fno-stack-protector -fno-stack-clash-protection -fstack-check=no -fno-stack-check -fuse-linker-plugin -Wl,-O1,--sort-common,--as-needed,-z,norelro,-z,now,-lgomp,-lpthread'
 * F77FLAGS='-march=znver2 -Ofast -pipe -g0 -fno-common -fgraphite-identity -floop-interchange -floop-nest-optimize -floop-parallelize-all -ftree-parallelize-loops=12 -ftree-vectorize -fdevirtualize-at-ltrans -fipa-pta -fno-semantic-interposition -flto=12 -fno-plt -falign-functions=32 -fno-stack-protector -fno-stack-clash-protection -fstack-check=no -fno-stack-check -fuse-linker-plugin -Wl,-O1,--sort-common,--as-needed,-z,norelro,-z,now,-lgomp,-lpthread'
 * LDFLAGS='-Wl,-O1,--sort-common,--as-needed,-z,norelro,-z,now,-lgomp,-lpthread -march=znver2 -Ofast -pipe -g0 -fno-common -fgraphite-identity -floop-interchange -floop-nest-optimize -floop-parallelize-all -ftree-parallelize-loops=12 -ftree-vectorize -fdevirtualize-at-ltrans -fipa-pta -fno-semantic-interposition -flto=12 -fno-plt -falign-functions=32 -fno-stack-protector -fno-stack-clash-protection -fstack-check=no -fno-stack-check -fuse-linker-plugin'
 * MAKEOPTS='-j12 -l12'
 * gcc () 11.0.0 20200616 (experimental)
 * g++ () 11.0.0 20200616 (experimental)
 * GNU ld (Gentoo 2.34 p4) 2.34.0
 * Linux rescue 5.4.36 #1 SMP Thu Apr 30 04:38:28 UTC 2020 x86_64 AMD Ryzen 5 3600 6-Core Processor AuthenticAMD GNU/Linux
acct-user/postmaster: 1 minute, 50 seconds average for 28 merges
2020-05-16T15:26:46 >>> acct-user/postmaster: 6 seconds
2020-05-16T20:49:18 >>> acct-user/postmaster: 8 seconds
2020-05-20T00:56:56 >>> acct-user/postmaster: 9 seconds
2020-05-20T07:31:49 >>> acct-user/postmaster: 3 seconds
2020-05-21T05:58:41 >>> acct-user/postmaster: 6 seconds
2020-05-22T02:04:12 >>> acct-user/postmaster: 2 minutes, 53 seconds
2020-05-22T03:16:05 >>> acct-user/postmaster: 2 minutes, 9 seconds
2020-05-22T12:35:25 >>> acct-user/postmaster: 2 minutes
2020-05-23T03:37:05 >>> acct-user/postmaster: 2 minutes, 3 seconds
2020-05-24T23:32:52 >>> acct-user/postmaster: 4 minutes, 56 seconds
2020-05-25T03:06:06 >>> acct-user/postmaster: 52 seconds
2020-05-25T18:22:26 >>> acct-user/postmaster: 1 minute, 55 seconds
2020-05-25T19:57:00 >>> acct-user/postmaster: 1 minute, 14 seconds
2020-05-26T12:52:59 >>> acct-user/postmaster: 3 minutes, 24 seconds
2020-05-26T13:52:05 >>> acct-user/postmaster: 58 seconds
2020-05-27T01:31:29 >>> acct-user/postmaster: 1 minute, 8 seconds
2020-05-27T03:09:44 >>> acct-user/postmaster: 2 minutes, 48 seconds
2020-05-28T13:30:44 >>> acct-user/postmaster: 2 minutes, 3 seconds
2020-05-28T14:17:33 >>> acct-user/postmaster: 1 minute, 2 seconds
2020-05-29T01:39:14 >>> acct-user/postmaster: 1 minute, 13 seconds
2020-05-30T12:31:36 >>> acct-user/postmaster: 25 seconds
2020-05-30T21:33:12 >>> acct-user/postmaster: 15 seconds
2020-06-01T01:52:57 >>> acct-user/postmaster: 2 minutes, 2 seconds
2020-06-04T12:09:19 >>> acct-user/postmaster: 11 minutes, 54 seconds
2020-06-13T03:23:03 >>> acct-user/postmaster: 1 minute, 15 seconds
2020-06-13T19:58:01 >>> acct-user/postmaster: 1 minute, 40 seconds
2020-06-14T04:36:42 >>> acct-user/postmaster: 1 minute, 24 seconds
2020-06-16T13:38:11 >>> acct-user/postmaster: 1 minute, 38 seconds
]0;emerge 13:37:29 105|895 postmaster 01:34 (root@rescue)>>> Unpacking source...
>>> Source unpacked in /tmp/portage/acct-user/postmaster-0/work
>>> Preparing source in /tmp/portage/acct-user/postmaster-0/work ...
>>> Source prepared.
>>> Configuring source in /tmp/portage/acct-user/postmaster-0/work ...
>>> Source configured.
>>> Compiling source in /tmp/portage/acct-user/postmaster-0/work ...
>>> Source compiled.
>>> Test phase [not enabled]: acct-user/postmaster-0

>>> Install acct-user/postmaster-0 into /tmp/portage/acct-user/postmaster-0/image
>>> Completed installing acct-user/postmaster-0 into /tmp/portage/acct-user/postmaster-0/image

 * Final size of build directory:  4 KiB
 * Final size of installed tree:  16 KiB

Parallel BZIP2 v1.1.13 [Dec 18, 2015]
By: Jeff Gilchrist [http://compression.ca]
Major contributions: Yavor Nikolov [http://javornikolov.wordpress.com]
Uses libbzip2 by Julian Seward

         # CPUs: 8
   Load Average: 4.29
 BWT Block Size: 200 KB
File Block Size: 900 KB
 Maximum Memory: 1024 MB
-------------------------------------------
         File #: 1 of 1
     Input Name: compressme
    Output Name: compressme.bz2

     Input Size: 3895 bytes
Compressing data (no threads)...
Completed: 100%                 Output Size: 918 bytes
-------------------------------------------

     Wall Clock: 0.001080 seconds
./
./var/
./var/spool/
./var/spool/mail/
./var/spool/mail/.keep_acct-user_postmaster-0
>>> Done.
 * checking 1 files for package collisions
>>> Merging acct-user/postmaster-0 to /
 * removing unneeded *.la files
--- /var/
--- /var/spool/
--- /var/spool/mail/
>>> /var/spool/mail/.keep_acct-user_postmaster-0
>>> Safely unmerging already-installed instance...
>>> Original instance of package unmerged safely.
>>> acct-user/postmaster-0 merged.
