>>> Extracting info
 * Package:    acct-user/mail-0
 * Repository: gentoo
 * USE:        abi_x86_64 elibc_glibc kernel_linux userland_GNU amd64
 * FEATURES:   network-sandbox preserve-libs sandbox userpriv usersandbox
 * FEATURES='assume-digests binpkg-docompress binpkg-dostrip binpkg-logs binpkg-multi-instance buildpkg cgroup compress-index config-protect-if-modified distlocks downgrade-backup fixlafiles ipc-sandbox merge-sync multilib-strict network-sandbox news nodoc parallel-fetch parallel-install pid-sandbox preserve-libs qa-unresolved-soname-deps sandbox sfperms strict unknown-features-warn unmerge-backup unmerge-logs unmerge-orphans userfetch userpriv usersandbox usersync xattr'
 * CFLAGS='-march=znver2 -O3 -fgraphite-identity -floop-nest-optimize -fdevirtualize-at-ltrans -fipa-pta -fno-semantic-interposition -flto=12 -fno-plt -fno-signed-zeros -fno-trapping-math -fassociative-math -freciprocal-math -fno-math-errno -ffinite-math-only -fno-rounding-math -fno-signaling-nans -fcx-limited-range -fexcess-precision=fast -falign-functions=32 -fno-stack-protector -fno-stack-clash-protection -fstack-check=no -fno-stack-check -fbranch-target-load-optimize2 -freschedule-modulo-scheduled-loops -fsched-pressure -fsched-spec-load -fsched-stalled-insns=0 -fsched2-use-superblocks -fselective-scheduling -fselective-scheduling2 -fsel-sched-pipelining -fsel-sched-pipelining-outer-loops -fuse-linker-plugin -pipe -g0 -Wl,-O1 -Wl,--as-needed -Wl,--sort-common -s -Wl,-lpthread -Wl,-lgomp -Wl,-z,norelro -Wl,-z,now'
 * CXXFLAGS='-march=znver2 -O3 -fgraphite-identity -floop-nest-optimize -fdevirtualize-at-ltrans -fipa-pta -fno-semantic-interposition -flto=12 -fno-plt -fno-signed-zeros -fno-trapping-math -fassociative-math -freciprocal-math -fno-math-errno -ffinite-math-only -fno-rounding-math -fno-signaling-nans -fcx-limited-range -fexcess-precision=fast -falign-functions=32 -fno-stack-protector -fno-stack-clash-protection -fstack-check=no -fno-stack-check -fbranch-target-load-optimize2 -freschedule-modulo-scheduled-loops -fsched-pressure -fsched-spec-load -fsched-stalled-insns=0 -fsched2-use-superblocks -fselective-scheduling -fselective-scheduling2 -fsel-sched-pipelining -fsel-sched-pipelining-outer-loops -fuse-linker-plugin -pipe -g0 -Wl,-O1 -Wl,--as-needed -Wl,--sort-common -s -Wl,-lpthread -Wl,-lgomp -Wl,-z,norelro -Wl,-z,now'
 * FFLAGS='-march=znver2 -O3 -fgraphite-identity -floop-nest-optimize -fdevirtualize-at-ltrans -fipa-pta -fno-semantic-interposition -flto=12 -fno-plt -fno-signed-zeros -fno-trapping-math -fassociative-math -freciprocal-math -fno-math-errno -ffinite-math-only -fno-rounding-math -fno-signaling-nans -fcx-limited-range -fexcess-precision=fast -falign-functions=32 -fno-stack-protector -fno-stack-clash-protection -fstack-check=no -fno-stack-check -fbranch-target-load-optimize2 -freschedule-modulo-scheduled-loops -fsched-pressure -fsched-spec-load -fsched-stalled-insns=0 -fsched2-use-superblocks -fselective-scheduling -fselective-scheduling2 -fsel-sched-pipelining -fsel-sched-pipelining-outer-loops -fuse-linker-plugin -pipe -g0 -Wl,-O1 -Wl,--as-needed -Wl,--sort-common -s -Wl,-lpthread -Wl,-lgomp -Wl,-z,norelro -Wl,-z,now'
 * FCFLAGS='-march=znver2 -O3 -fgraphite-identity -floop-nest-optimize -fdevirtualize-at-ltrans -fipa-pta -fno-semantic-interposition -flto=12 -fno-plt -fno-signed-zeros -fno-trapping-math -fassociative-math -freciprocal-math -fno-math-errno -ffinite-math-only -fno-rounding-math -fno-signaling-nans -fcx-limited-range -fexcess-precision=fast -falign-functions=32 -fno-stack-protector -fno-stack-clash-protection -fstack-check=no -fno-stack-check -fbranch-target-load-optimize2 -freschedule-modulo-scheduled-loops -fsched-pressure -fsched-spec-load -fsched-stalled-insns=0 -fsched2-use-superblocks -fselective-scheduling -fselective-scheduling2 -fsel-sched-pipelining -fsel-sched-pipelining-outer-loops -fuse-linker-plugin -pipe -g0 -Wl,-O1 -Wl,--as-needed -Wl,--sort-common -s -Wl,-lpthread -Wl,-lgomp -Wl,-z,norelro -Wl,-z,now'
 * F77FLAGS='-march=znver2 -O3 -fgraphite-identity -floop-nest-optimize -fdevirtualize-at-ltrans -fipa-pta -fno-semantic-interposition -flto=12 -fno-plt -fno-signed-zeros -fno-trapping-math -fassociative-math -freciprocal-math -fno-math-errno -ffinite-math-only -fno-rounding-math -fno-signaling-nans -fcx-limited-range -fexcess-precision=fast -falign-functions=32 -fno-stack-protector -fno-stack-clash-protection -fstack-check=no -fno-stack-check -fbranch-target-load-optimize2 -freschedule-modulo-scheduled-loops -fsched-pressure -fsched-spec-load -fsched-stalled-insns=0 -fsched2-use-superblocks -fselective-scheduling -fselective-scheduling2 -fsel-sched-pipelining -fsel-sched-pipelining-outer-loops -fuse-linker-plugin -pipe -g0 -Wl,-O1 -Wl,--as-needed -Wl,--sort-common -s -Wl,-lpthread -Wl,-lgomp -Wl,-z,norelro -Wl,-z,now'
 * LDFLAGS='-Wl,-O1 -Wl,--as-needed -Wl,--sort-common -s -Wl,-lpthread -Wl,-lgomp -Wl,-z,norelro -Wl,-z,now -march=znver2 -O3 -fgraphite-identity -floop-nest-optimize -fdevirtualize-at-ltrans -fipa-pta -fno-semantic-interposition -flto=12 -fno-plt -fno-signed-zeros -fno-trapping-math -fassociative-math -freciprocal-math -fno-math-errno -ffinite-math-only -fno-rounding-math -fno-signaling-nans -fcx-limited-range -fexcess-precision=fast -falign-functions=32 -fno-stack-protector -fno-stack-clash-protection -fstack-check=no -fno-stack-check -fbranch-target-load-optimize2 -freschedule-modulo-scheduled-loops -fsched-pressure -fsched-spec-load -fsched-stalled-insns=0 -fsched2-use-superblocks -fselective-scheduling -fselective-scheduling2 -fsel-sched-pipelining -fsel-sched-pipelining-outer-loops -fuse-linker-plugin -pipe -g0'
 * MAKEOPTS='-j12 -l12'
 * gcc () 11.0.0 20200528 (experimental)
 * g++ () 11.0.0 20200528 (experimental)
 * GNU ld (Gentoo 2.34 p4) 2.34.0
 * Linux ryzen.gnum.org 5.4.36 #1 SMP Thu Apr 30 04:38:28 UTC 2020 x86_64 AMD Ryzen 5 3600 6-Core Processor AuthenticAMD GNU/Linux
acct-user/mail: 1 minute, 35 seconds average for 18 merges
2020-05-16T15:26:40 >>> acct-user/mail: 6 seconds
2020-05-16T20:49:10 >>> acct-user/mail: 8 seconds
2020-05-20T00:56:52 >>> acct-user/mail: 12 seconds
2020-05-20T07:31:45 >>> acct-user/mail: 4 seconds
2020-05-21T05:58:36 >>> acct-user/mail: 5 seconds
2020-05-22T02:04:11 >>> acct-user/mail: 2 minutes, 58 seconds
2020-05-22T03:16:04 >>> acct-user/mail: 2 minutes, 6 seconds
2020-05-22T12:35:23 >>> acct-user/mail: 1 minute, 58 seconds
2020-05-23T03:37:02 >>> acct-user/mail: 2 minutes, 2 seconds
2020-05-24T23:32:52 >>> acct-user/mail: 5 minutes
2020-05-25T03:06:06 >>> acct-user/mail: 48 seconds
2020-05-25T18:22:23 >>> acct-user/mail: 1 minute, 54 seconds
2020-05-25T19:56:58 >>> acct-user/mail: 1 minute, 12 seconds
2020-05-26T12:52:55 >>> acct-user/mail: 3 minutes, 24 seconds
2020-05-26T13:52:05 >>> acct-user/mail: 55 seconds
2020-05-27T01:31:28 >>> acct-user/mail: 1 minute, 4 seconds
2020-05-27T03:09:41 >>> acct-user/mail: 2 minutes, 47 seconds
2020-05-28T13:30:43 >>> acct-user/mail: 2 minutes, 1 second
]0;emerge 14:17:34 113|889 mail 01:57 (root@ryzen.gnum.org)kemerge 14:17:34 113|889 mail 01:57 (root@ryzen.gnum.org)\>>> Extracting acct-user/mail-0
 * checking 1 files for package collisions
>>> Merging acct-user/mail-0 to /
 * removing unneeded *.la files
--- /var/
--- /var/spool/
--- /var/spool/mail/
>>> /var/spool/mail/.keep_acct-user_mail-0
>>> Safely unmerging already-installed instance...
>>> Original instance of package unmerged safely.
>>> acct-user/mail-0 merged.
