>>> Extracting info
 * Package:    acct-user/netdata-0
 * Repository: gentoo
 * USE:        amd64 userland_GNU abi_x86_64 elibc_glibc kernel_linux
 * FEATURES:   ccache preserve-libs userpriv
 * FEATURES='assume-digests binpkg-docompress binpkg-dostrip binpkg-logs buildpkg ccache cgroup compress-index config-protect-if-modified distlocks ebuild-locks fixlafiles merge-sync multilib-strict news nodoc parallel-fetch preserve-libs qa-unresolved-soname-deps sfperms strict strict-keepdir unknown-features-warn unmerge-logs unmerge-orphans userfetch userpriv usersync xattr'
 * CFLAGS='-O2 -pipe -Wl,-O1,--sort-common,--as-needed,-z,norelro,-z,now'
 * CXXFLAGS='-O2 -pipe -Wl,-O1,--sort-common,--as-needed,-z,norelro,-z,now'
 * FFLAGS='-O2 -pipe -Wl,-O1,--sort-common,--as-needed,-z,norelro,-z,now'
 * FCFLAGS='-O2 -pipe -Wl,-O1,--sort-common,--as-needed,-z,norelro,-z,now'
 * F77FLAGS='-O2 -pipe -Wl,-O1,--sort-common,--as-needed,-z,norelro,-z,now'
 * LDFLAGS='-Wl,-O1,--sort-common,--as-needed,-z,norelro,-z,now'
 * MAKEOPTS='-j12 -l12'
 * gcc (Gentoo 11.0.0_pre9999 p1, commit 184c21bf1cd04a108ed9bd04635e7d57ac39f616) 11.0.0 20200611 (experimental)
 * g++ (Gentoo 11.0.0_pre9999 p1, commit 184c21bf1cd04a108ed9bd04635e7d57ac39f616) 11.0.0 20200611 (experimental)
 * GNU ld (Gentoo 2.34 p4) 2.34.0
 * Linux rescue 5.4.36 #1 SMP Thu Apr 30 04:38:28 UTC 2020 x86_64 AMD Ryzen 5 3600 6-Core Processor AuthenticAMD GNU/Linux
acct-user/netdata: 18 seconds average for 17 merges
2020-05-20T07:31:35 >>> acct-user/netdata: 9 seconds
2020-05-21T05:59:50 >>> acct-user/netdata: 6 seconds
2020-05-22T01:58:01 >>> acct-user/netdata: 13 seconds
2020-05-22T03:09:53 >>> acct-user/netdata: 13 seconds
2020-05-22T12:29:27 >>> acct-user/netdata: 13 seconds
2020-05-23T03:31:07 >>> acct-user/netdata: 13 seconds
2020-05-25T18:17:47 >>> acct-user/netdata: 11 seconds
2020-05-26T12:53:17 >>> acct-user/netdata: 11 seconds
2020-05-26T13:47:32 >>> acct-user/netdata: 11 seconds
2020-05-27T03:04:43 >>> acct-user/netdata: 35 seconds
2020-05-28T13:24:45 >>> acct-user/netdata: 12 seconds
2020-05-28T14:12:23 >>> acct-user/netdata: 20 seconds
2020-05-30T12:31:24 >>> acct-user/netdata: 31 seconds
2020-05-30T21:33:07 >>> acct-user/netdata: 16 seconds
2020-06-01T01:48:11 >>> acct-user/netdata: 16 seconds
2020-06-04T12:03:31 >>> acct-user/netdata: 15 seconds
2020-06-13T03:23:11 >>> acct-user/netdata: 1 minute, 16 seconds
]0;emerge 19:58:47 104|882 netdata 00:36 (root@rescue)>>> Extracting acct-user/netdata-0
 * checking 0 files for package collisions
>>> Merging acct-user/netdata-0 to /
 * removing unneeded *.la files
>>> Safely unmerging already-installed instance...
>>> Original instance of package unmerged safely.
>>> acct-user/netdata-0 merged.
