 * Package:    acct-user/ntp-0
 * Repository: gentoo
 * Maintainer: base-system@gentoo.org
 * USE:        abi_x86_64 amd64 elibc_glibc kernel_linux userland_GNU
 * FEATURES:   network-sandbox preserve-libs sandbox userpriv usersandbox
 * FEATURES='assume-digests binpkg-docompress binpkg-dostrip binpkg-logs buildpkg cgroup compress-index config-protect-if-modified distlocks ebuild-locks fixlafiles ipc-sandbox merge-sync multilib-strict network-sandbox news nodoc parallel-fetch pid-sandbox preserve-libs qa-unresolved-soname-deps sandbox sfperms strict strict-keepdir unknown-features-warn unmerge-logs unmerge-orphans userfetch userpriv usersandbox usersync xattr'
 * CFLAGS='-march=znver2 -O2 -pipe -fno-stack-protector -fno-stack-clash-protection -fstack-check=no -fno-stack-check -Wl,-O1 -Wl,--as-needed'
 * CXXFLAGS='-march=znver2 -O2 -pipe -fno-stack-protector -fno-stack-clash-protection -fstack-check=no -fno-stack-check -Wl,-O1 -Wl,--as-needed'
 * FFLAGS='-march=znver2 -O2 -pipe -fno-stack-protector -fno-stack-clash-protection -fstack-check=no -fno-stack-check -Wl,-O1 -Wl,--as-needed'
 * FCFLAGS='-march=znver2 -O2 -pipe -fno-stack-protector -fno-stack-clash-protection -fstack-check=no -fno-stack-check -Wl,-O1 -Wl,--as-needed'
 * F77FLAGS='-march=znver2 -O2 -pipe -fno-stack-protector -fno-stack-clash-protection -fstack-check=no -fno-stack-check -Wl,-O1 -Wl,--as-needed'
 * LDFLAGS='-Wl,-O1 -Wl,--as-needed'
 * MAKEOPTS='-j12 -l12'
 * gcc (Gentoo 10.1.0-r1 p2) 10.1.0
 * g++ (Gentoo 10.1.0-r1 p2) 10.1.0
 * GNU gold (Gentoo 2.34 p4 2.34.0) 1.16
 * Linux rescue 5.4.36 #1 SMP Thu Apr 30 04:38:28 UTC 2020 x86_64 AMD Ryzen 5 3600 6-Core Processor AuthenticAMD GNU/Linux
acct-user/ntp: 23 seconds average for 22 merges
2020-05-15T03:30:42 >>> acct-user/ntp: 5 seconds
2020-05-16T20:49:03 >>> acct-user/ntp: 7 seconds
2020-05-20T00:56:51 >>> acct-user/ntp: 12 seconds
2020-05-20T07:31:52 >>> acct-user/ntp: 3 seconds
2020-05-21T05:59:39 >>> acct-user/ntp: 6 seconds
2020-05-22T01:57:54 >>> acct-user/ntp: 10 seconds
2020-05-22T03:09:47 >>> acct-user/ntp: 10 seconds
2020-05-22T12:29:21 >>> acct-user/ntp: 11 seconds
2020-05-23T03:31:00 >>> acct-user/ntp: 10 seconds
2020-05-25T18:17:41 >>> acct-user/ntp: 11 seconds
2020-05-26T12:53:12 >>> acct-user/ntp: 11 seconds
2020-05-26T13:47:28 >>> acct-user/ntp: 13 seconds
2020-05-27T03:04:38 >>> acct-user/ntp: 39 seconds
2020-05-28T13:24:35 >>> acct-user/ntp: 14 seconds
2020-05-28T14:12:20 >>> acct-user/ntp: 18 seconds
2020-05-30T12:31:17 >>> acct-user/ntp: 36 seconds
2020-05-30T21:33:03 >>> acct-user/ntp: 16 seconds
2020-06-01T01:48:05 >>> acct-user/ntp: 17 seconds
2020-06-04T12:03:24 >>> acct-user/ntp: 14 seconds
2020-06-13T03:22:56 >>> acct-user/ntp: 1 minute, 8 seconds
2020-06-13T19:57:37 >>> acct-user/ntp: 1 minute, 47 seconds
2020-06-14T04:36:29 >>> acct-user/ntp: 1 minute, 19 seconds
]0;emerge 13:38:37 100|895 ntp 01:25 (root@rescue)>>> Unpacking source...
>>> Source unpacked in /tmp/portage/acct-user/ntp-0/work
>>> Preparing source in /tmp/portage/acct-user/ntp-0/work ...
>>> Source prepared.
>>> Configuring source in /tmp/portage/acct-user/ntp-0/work ...
>>> Source configured.
>>> Compiling source in /tmp/portage/acct-user/ntp-0/work ...
>>> Source compiled.
>>> Test phase [not enabled]: acct-user/ntp-0

>>> Install acct-user/ntp-0 into /tmp/portage/acct-user/ntp-0/image
>>> Completed installing acct-user/ntp-0 into /tmp/portage/acct-user/ntp-0/image

 * Final size of build directory: 4 KiB
 * Final size of installed tree:  4 KiB

Parallel BZIP2 v1.1.13 [Dec 18, 2015]
By: Jeff Gilchrist [http://compression.ca]
Major contributions: Yavor Nikolov [http://javornikolov.wordpress.com]
Uses libbzip2 by Julian Seward

         # CPUs: 7
   Load Average: 5.45
 BWT Block Size: 200 KB
File Block Size: 900 KB
 Maximum Memory: 1024 MB
-------------------------------------------
         File #: 1 of 1
     Input Name: compressme
    Output Name: compressme.bz2

     Input Size: 3895 bytes
Compressing data (no threads)...
Completed: 100%                 Output Size: 918 bytes
-------------------------------------------

     Wall Clock: 0.000994 seconds
./
>>> Done.
 * checking 0 files for package collisions
>>> Merging acct-user/ntp-0 to /
 * removing unneeded *.la files
>>> Safely unmerging already-installed instance...
!!! File Not Found: '/etc/env.d/99lcdfilter'
>>> Original instance of package unmerged safely.
>>> acct-user/ntp-0 merged.
!!! File Not Found: '/etc/env.d/99lcdfilter'
