 * Package:    acct-group/man-0
 * Repository: gentoo
 * Maintainer: base-system@gentoo.org
 * USE:        abi_x86_64 amd64 elibc_glibc kernel_linux userland_GNU
 * FEATURES:   network-sandbox preserve-libs sandbox userpriv usersandbox
 * FEATURES='assume-digests binpkg-docompress binpkg-dostrip binpkg-logs buildpkg cgroup compress-index config-protect-if-modified distlocks ebuild-locks fixlafiles ipc-sandbox merge-sync multilib-strict network-sandbox news nodoc parallel-fetch pid-sandbox preserve-libs qa-unresolved-soname-deps sandbox sfperms strict strict-keepdir unknown-features-warn unmerge-logs unmerge-orphans userfetch userpriv usersandbox usersync xattr'
 * CFLAGS='-march=znver2 -Ofast -pipe -g0 -fno-common -fgraphite-identity -floop-interchange -floop-nest-optimize -floop-parallelize-all -ftree-parallelize-loops=12 -ftree-vectorize -fdevirtualize-at-ltrans -fipa-pta -fno-semantic-interposition -flto=12 -fno-plt -falign-functions=32 -fno-stack-protector -fno-stack-clash-protection -fstack-check=no -fno-stack-check -fuse-linker-plugin -Wl,-O4,--sort-common,--as-needed,-z,norelro,-z,now,-lgomp,-lpthread -s'
 * CXXFLAGS='-march=znver2 -Ofast -pipe -g0 -fno-common -fgraphite-identity -floop-interchange -floop-nest-optimize -floop-parallelize-all -ftree-parallelize-loops=12 -ftree-vectorize -fdevirtualize-at-ltrans -fipa-pta -fno-semantic-interposition -flto=12 -fno-plt -falign-functions=32 -fno-stack-protector -fno-stack-clash-protection -fstack-check=no -fno-stack-check -fuse-linker-plugin -Wl,-O4,--sort-common,--as-needed,-z,norelro,-z,now,-lgomp,-lpthread -s'
 * FFLAGS='-march=znver2 -Ofast -pipe -g0 -fno-common -fgraphite-identity -floop-interchange -floop-nest-optimize -floop-parallelize-all -ftree-parallelize-loops=12 -ftree-vectorize -fdevirtualize-at-ltrans -fipa-pta -fno-semantic-interposition -flto=12 -fno-plt -falign-functions=32 -fno-stack-protector -fno-stack-clash-protection -fstack-check=no -fno-stack-check -fuse-linker-plugin -Wl,-O4,--sort-common,--as-needed,-z,norelro,-z,now,-lgomp,-lpthread -s'
 * FCFLAGS='-march=znver2 -Ofast -pipe -g0 -fno-common -fgraphite-identity -floop-interchange -floop-nest-optimize -floop-parallelize-all -ftree-parallelize-loops=12 -ftree-vectorize -fdevirtualize-at-ltrans -fipa-pta -fno-semantic-interposition -flto=12 -fno-plt -falign-functions=32 -fno-stack-protector -fno-stack-clash-protection -fstack-check=no -fno-stack-check -fuse-linker-plugin -Wl,-O4,--sort-common,--as-needed,-z,norelro,-z,now,-lgomp,-lpthread -s'
 * F77FLAGS='-march=znver2 -Ofast -pipe -g0 -fno-common -fgraphite-identity -floop-interchange -floop-nest-optimize -floop-parallelize-all -ftree-parallelize-loops=12 -ftree-vectorize -fdevirtualize-at-ltrans -fipa-pta -fno-semantic-interposition -flto=12 -fno-plt -falign-functions=32 -fno-stack-protector -fno-stack-clash-protection -fstack-check=no -fno-stack-check -fuse-linker-plugin -Wl,-O4,--sort-common,--as-needed,-z,norelro,-z,now,-lgomp,-lpthread -s'
 * LDFLAGS='-Wl,-O4,--sort-common,--as-needed,-z,norelro,-z,now,-lgomp,-lpthread -s -march=znver2 -Ofast -pipe -g0 -fno-common -fgraphite-identity -floop-interchange -floop-nest-optimize -floop-parallelize-all -ftree-parallelize-loops=12 -ftree-vectorize -fdevirtualize-at-ltrans -fipa-pta -fno-semantic-interposition -flto=12 -fno-plt -falign-functions=32 -fno-stack-protector -fno-stack-clash-protection -fstack-check=no -fno-stack-check -fuse-linker-plugin'
 * MAKEOPTS='-j12 -l12'
 * gcc () 11.0.0 20200616 (experimental)
 * g++ () 11.0.0 20200616 (experimental)
 * GNU ld (Gentoo 2.34 p4) 2.34.0
 * Linux rescue 5.4.36 #1 SMP Thu Apr 30 04:38:28 UTC 2020 x86_64 AMD Ryzen 5 3600 6-Core Processor AuthenticAMD GNU/Linux
acct-group/man: 5 minutes, 50 seconds average for 26 merges
2020-05-16T20:37:14 >>> acct-group/man: 7 seconds
2020-05-21T05:49:16 >>> acct-group/man: 7 seconds
2020-05-22T01:54:21 >>> acct-group/man: 6 minutes, 56 seconds
2020-05-22T03:05:36 >>> acct-group/man: 7 minutes, 31 seconds
2020-05-22T12:25:09 >>> acct-group/man: 7 minutes, 17 seconds
2020-05-23T03:27:05 >>> acct-group/man: 7 minutes, 6 seconds
2020-05-24T23:20:55 >>> acct-group/man: 9 minutes
2020-05-25T18:12:40 >>> acct-group/man: 7 minutes, 31 seconds
2020-05-25T19:49:56 >>> acct-group/man: 4 minutes, 25 seconds
2020-05-26T12:31:43 >>> acct-group/man: 4 minutes, 18 seconds
2020-05-26T13:46:10 >>> acct-group/man: 3 minutes, 40 seconds
2020-05-27T01:24:01 >>> acct-group/man: 3 minutes, 30 seconds
2020-05-27T02:59:04 >>> acct-group/man: 8 minutes, 22 seconds
2020-05-28T13:21:36 >>> acct-group/man: 6 minutes, 44 seconds
2020-05-28T14:11:21 >>> acct-group/man: 3 minutes, 34 seconds
2020-05-29T01:31:34 >>> acct-group/man: 3 minutes, 26 seconds
2020-05-30T12:26:20 >>> acct-group/man: 9 minutes, 4 seconds
2020-05-30T21:31:55 >>> acct-group/man: 3 minutes, 47 seconds
2020-06-01T01:43:34 >>> acct-group/man: 6 minutes, 47 seconds
2020-06-04T11:47:44 >>> acct-group/man: 18 minutes, 29 seconds
2020-06-12T01:18:46 >>> acct-group/man: 4 seconds
2020-06-13T03:15:52 >>> acct-group/man: 3 minutes, 16 seconds
2020-06-13T19:54:18 >>> acct-group/man: 7 minutes
2020-06-14T04:30:32 >>> acct-group/man: 9 minutes
2020-06-15T13:43:54 >>> acct-group/man: 2 minutes, 38 seconds
2020-06-16T13:33:00 >>> acct-group/man: 8 minutes, 18 seconds
]0;emerge 03:07:09 22|566 man 06:39 (root@rescue)>>> Unpacking source...
>>> Source unpacked in /tmp/portage/acct-group/man-0/work
>>> Preparing source in /tmp/portage/acct-group/man-0/work ...
>>> Source prepared.
>>> Configuring source in /tmp/portage/acct-group/man-0/work ...
>>> Source configured.
>>> Compiling source in /tmp/portage/acct-group/man-0/work ...
>>> Source compiled.
>>> Test phase [not enabled]: acct-group/man-0

>>> Install acct-group/man-0 into /tmp/portage/acct-group/man-0/image
>>> Completed installing acct-group/man-0 into /tmp/portage/acct-group/man-0/image

 * Final size of build directory: 4 KiB
 * Final size of installed tree:  4 KiB

Parallel BZIP2 v1.1.13 [Dec 18, 2015]
By: Jeff Gilchrist [http://compression.ca]
Major contributions: Yavor Nikolov [http://javornikolov.wordpress.com]
Uses libbzip2 by Julian Seward

         # CPUs: 7
   Load Average: 4.56
 BWT Block Size: 200 KB
File Block Size: 900 KB
 Maximum Memory: 1024 MB
-------------------------------------------
         File #: 1 of 1
     Input Name: compressme
    Output Name: compressme.bz2

     Input Size: 3895 bytes
Compressing data (no threads)...
Completed: 100%                 Output Size: 918 bytes
-------------------------------------------

     Wall Clock: 0.000762 seconds
./
>>> Done.
 * checking 0 files for package collisions
>>> Merging acct-group/man-0 to /
 * removing unneeded *.la files
>>> Safely unmerging already-installed instance...
>>> Original instance of package unmerged safely.
>>> acct-group/man-0 merged.
