 * Package:    acct-user/man-1
 * Repository: gentoo
 * Maintainer: base-system@gentoo.org
 * USE:        abi_x86_64 amd64 elibc_glibc kernel_linux userland_GNU
 * FEATURES:   ccache network-sandbox preserve-libs userpriv
 * /etc/portage/package.cflags/ltoworkarounds.conf -> */*: *FLAGS+=-Wl,-O4 *FLAGS-=-Wl,-O1
 * FEATURES='assume-digests binpkg-docompress binpkg-dostrip binpkg-logs buildpkg ccache cgroup compress-index config-protect-if-modified distlocks ebuild-locks fixlafiles merge-sync multilib-strict network-sandbox news nodoc parallel-fetch preserve-libs qa-unresolved-soname-deps sfperms strict strict-keepdir unknown-features-warn unmerge-logs unmerge-orphans userfetch userpriv usersync xattr'
 * CFLAGS='-O2 -pipe -Wl,-O4 -Wl,-O4,--sort-common,--as-needed,-z,norelro,-z,now'
 * CXXFLAGS='-O2 -pipe -Wl,-O4 -Wl,-O4,--sort-common,--as-needed,-z,norelro,-z,now'
 * FFLAGS='-O2 -pipe -Wl,-O4 -Wl,-O4,--sort-common,--as-needed,-z,norelro,-z,now'
 * FCFLAGS='-O2 -pipe -Wl,-O4 -Wl,-O4,--sort-common,--as-needed,-z,norelro,-z,now'
 * F77FLAGS='-O2 -pipe -Wl,-O4 -Wl,-O4,--sort-common,--as-needed,-z,norelro,-z,now'
 * LDFLAGS='-Wl,-O4,--sort-common,--as-needed,-z,norelro,-z,now'
 * MAKEOPTS='-j12 -l12'
 * gcc (Gentoo 11.0.0_pre9999 p1, commit 184c21bf1cd04a108ed9bd04635e7d57ac39f616) 11.0.0 20200611 (experimental)
 * g++ (Gentoo 11.0.0_pre9999 p1, commit 184c21bf1cd04a108ed9bd04635e7d57ac39f616) 11.0.0 20200611 (experimental)
 * GNU ld (Gentoo 2.34 p4) 2.34.0
 * Linux rescue 5.4.36 #1 SMP Thu Apr 30 04:38:28 UTC 2020 x86_64 AMD Ryzen 5 3600 6-Core Processor AuthenticAMD GNU/Linux
acct-user/man: 2 minutes, 37 seconds average for 21 merges
2020-05-16T20:48:47 >>> acct-user/man: 8 seconds
2020-05-21T05:59:27 >>> acct-user/man: 6 seconds
2020-05-22T02:04:22 >>> acct-user/man: 3 minutes, 20 seconds
2020-05-22T03:16:17 >>> acct-user/man: 2 minutes, 31 seconds
2020-05-22T12:35:35 >>> acct-user/man: 2 minutes, 20 seconds
2020-05-23T03:37:16 >>> acct-user/man: 2 minutes, 26 seconds
2020-05-24T23:32:58 >>> acct-user/man: 5 minutes, 6 seconds
2020-05-25T18:22:36 >>> acct-user/man: 2 minutes, 11 seconds
2020-05-25T19:57:05 >>> acct-user/man: 1 minute, 19 seconds
2020-05-26T12:53:05 >>> acct-user/man: 3 minutes, 25 seconds
2020-05-26T13:52:11 >>> acct-user/man: 1 minute, 19 seconds
2020-05-27T01:31:31 >>> acct-user/man: 1 minute, 24 seconds
2020-05-27T03:09:55 >>> acct-user/man: 2 minutes, 59 seconds
2020-05-28T13:30:58 >>> acct-user/man: 2 minutes, 16 seconds
2020-05-28T14:17:38 >>> acct-user/man: 1 minute, 25 seconds
2020-05-29T01:39:16 >>> acct-user/man: 1 minute, 29 seconds
2020-05-30T12:37:44 >>> acct-user/man: 3 minutes, 3 seconds
2020-05-30T21:37:47 >>> acct-user/man: 1 minute, 15 seconds
2020-06-01T01:53:15 >>> acct-user/man: 2 minutes, 20 seconds
2020-06-04T12:09:39 >>> acct-user/man: 12 minutes, 8 seconds
2020-06-12T01:22:53 >>> acct-user/man: 2 minutes, 36 seconds
]0;emerge 03:21:32 77|907 man 05:41 (root@rescue)kemerge 03:21:32 77|907 man 05:41 (root@rescue)\>>> Unpacking source...
>>> Source unpacked in /tmp/portage/acct-user/man-1/work
>>> Preparing source in /tmp/portage/acct-user/man-1/work ...
>>> Source prepared.
>>> Configuring source in /tmp/portage/acct-user/man-1/work ...
>>> Source configured.
>>> Compiling source in /tmp/portage/acct-user/man-1/work ...
>>> Source compiled.
>>> Test phase [not enabled]: acct-user/man-1

>>> Install acct-user/man-1 into /tmp/portage/acct-user/man-1/image
>>> Completed installing acct-user/man-1 into /tmp/portage/acct-user/man-1/image

 * Final size of build directory: 4 KiB
 * Final size of installed tree:  4 KiB

./
>>> Done.
 * checking 0 files for package collisions
>>> Merging acct-user/man-1 to /
 * removing unneeded *.la files
>>> Safely unmerging already-installed instance...
>>> Original instance of package unmerged safely.
>>> acct-user/man-1 merged.
