 * Package:    acct-group/kvm-0
 * Repository: gentoo
 * Maintainer: virtualization@gentoo.org systemd@gentoo.org
 * USE:        abi_x86_64 amd64 elibc_glibc kernel_linux userland_GNU
 * FEATURES:   network-sandbox preserve-libs sandbox userpriv usersandbox
 * FEATURES='assume-digests binpkg-docompress binpkg-dostrip binpkg-logs buildpkg cgroup compress-index config-protect-if-modified distlocks ebuild-locks fixlafiles ipc-sandbox merge-sync multilib-strict network-sandbox news nodoc parallel-fetch pid-sandbox preserve-libs qa-unresolved-soname-deps sandbox sfperms strict strict-keepdir unknown-features-warn unmerge-logs unmerge-orphans userfetch userpriv usersandbox usersync xattr'
 * CFLAGS='-march=znver2 -Ofast -pipe -g0 -fno-common -fgraphite-identity -floop-interchange -floop-nest-optimize -floop-parallelize-all -ftree-parallelize-loops=12 -ftree-vectorize -fdevirtualize-at-ltrans -fipa-pta -fno-semantic-interposition -flto=12 -fno-plt -falign-functions=32 -fno-stack-protector -fno-stack-clash-protection -fstack-check=no -fno-stack-check -fuse-linker-plugin -Wl,-O4,--sort-common,--as-needed,-z,norelro,-z,now,-lgomp,-lpthread -s'
 * CXXFLAGS='-march=znver2 -Ofast -pipe -g0 -fno-common -fgraphite-identity -floop-interchange -floop-nest-optimize -floop-parallelize-all -ftree-parallelize-loops=12 -ftree-vectorize -fdevirtualize-at-ltrans -fipa-pta -fno-semantic-interposition -flto=12 -fno-plt -falign-functions=32 -fno-stack-protector -fno-stack-clash-protection -fstack-check=no -fno-stack-check -fuse-linker-plugin -Wl,-O4,--sort-common,--as-needed,-z,norelro,-z,now,-lgomp,-lpthread -s'
 * FFLAGS='-march=znver2 -Ofast -pipe -g0 -fno-common -fgraphite-identity -floop-interchange -floop-nest-optimize -floop-parallelize-all -ftree-parallelize-loops=12 -ftree-vectorize -fdevirtualize-at-ltrans -fipa-pta -fno-semantic-interposition -flto=12 -fno-plt -falign-functions=32 -fno-stack-protector -fno-stack-clash-protection -fstack-check=no -fno-stack-check -fuse-linker-plugin -Wl,-O4,--sort-common,--as-needed,-z,norelro,-z,now,-lgomp,-lpthread -s'
 * FCFLAGS='-march=znver2 -Ofast -pipe -g0 -fno-common -fgraphite-identity -floop-interchange -floop-nest-optimize -floop-parallelize-all -ftree-parallelize-loops=12 -ftree-vectorize -fdevirtualize-at-ltrans -fipa-pta -fno-semantic-interposition -flto=12 -fno-plt -falign-functions=32 -fno-stack-protector -fno-stack-clash-protection -fstack-check=no -fno-stack-check -fuse-linker-plugin -Wl,-O4,--sort-common,--as-needed,-z,norelro,-z,now,-lgomp,-lpthread -s'
 * F77FLAGS='-march=znver2 -Ofast -pipe -g0 -fno-common -fgraphite-identity -floop-interchange -floop-nest-optimize -floop-parallelize-all -ftree-parallelize-loops=12 -ftree-vectorize -fdevirtualize-at-ltrans -fipa-pta -fno-semantic-interposition -flto=12 -fno-plt -falign-functions=32 -fno-stack-protector -fno-stack-clash-protection -fstack-check=no -fno-stack-check -fuse-linker-plugin -Wl,-O4,--sort-common,--as-needed,-z,norelro,-z,now,-lgomp,-lpthread -s'
 * LDFLAGS='-Wl,-O4,--sort-common,--as-needed,-z,norelro,-z,now,-lgomp,-lpthread -s -march=znver2 -Ofast -pipe -g0 -fno-common -fgraphite-identity -floop-interchange -floop-nest-optimize -floop-parallelize-all -ftree-parallelize-loops=12 -ftree-vectorize -fdevirtualize-at-ltrans -fipa-pta -fno-semantic-interposition -flto=12 -fno-plt -falign-functions=32 -fno-stack-protector -fno-stack-clash-protection -fstack-check=no -fno-stack-check -fuse-linker-plugin'
 * MAKEOPTS='-j12 -l12'
 * gcc () 11.0.0 20200616 (experimental)
 * g++ () 11.0.0 20200616 (experimental)
 * GNU ld (Gentoo 2.34 p4) 2.34.0
 * Linux rescue 5.4.36 #1 SMP Thu Apr 30 04:38:28 UTC 2020 x86_64 AMD Ryzen 5 3600 6-Core Processor AuthenticAMD GNU/Linux
acct-group/kvm: 5 minutes, 16 seconds average for 32 merges
2020-05-16T20:41:19 >>> acct-group/kvm: 8 seconds
2020-05-20T00:56:15 >>> acct-group/kvm: 4 minutes, 3 seconds
2020-05-20T07:28:49 >>> acct-group/kvm: 5 seconds
2020-05-20T07:30:14 >>> acct-group/kvm: 3 minutes, 23 seconds
2020-05-20T13:11:07 >>> acct-group/kvm: 13 seconds
2020-05-20T13:50:10 >>> acct-group/kvm: 14 seconds
2020-05-21T05:49:29 >>> acct-group/kvm: 6 seconds
2020-05-22T01:54:28 >>> acct-group/kvm: 6 minutes, 53 seconds
2020-05-22T03:05:40 >>> acct-group/kvm: 7 minutes, 35 seconds
2020-05-22T12:25:14 >>> acct-group/kvm: 7 minutes, 20 seconds
2020-05-23T03:27:12 >>> acct-group/kvm: 7 minutes, 3 seconds
2020-05-24T23:21:44 >>> acct-group/kvm: 9 minutes, 12 seconds
2020-05-25T03:01:39 >>> acct-group/kvm: 3 minutes, 3 seconds
2020-05-25T18:14:37 >>> acct-group/kvm: 6 minutes, 45 seconds
2020-05-25T19:50:47 >>> acct-group/kvm: 4 minutes, 30 seconds
2020-05-26T12:50:00 >>> acct-group/kvm: 5 minutes, 7 seconds
2020-05-26T13:46:27 >>> acct-group/kvm: 4 minutes, 38 seconds
2020-05-27T01:24:13 >>> acct-group/kvm: 4 minutes, 51 seconds
2020-05-27T03:00:59 >>> acct-group/kvm: 7 minutes, 40 seconds
2020-05-28T13:22:32 >>> acct-group/kvm: 7 minutes, 14 seconds
2020-05-28T14:11:39 >>> acct-group/kvm: 4 minutes, 46 seconds
2020-05-29T01:31:47 >>> acct-group/kvm: 4 minutes, 43 seconds
2020-05-30T12:27:16 >>> acct-group/kvm: 9 minutes, 12 seconds
2020-05-30T21:32:11 >>> acct-group/kvm: 4 minutes, 31 seconds
2020-06-01T01:43:24 >>> acct-group/kvm: 6 minutes, 37 seconds
2020-06-04T11:47:24 >>> acct-group/kvm: 18 minutes, 35 seconds
2020-06-12T01:20:01 >>> acct-group/kvm: 5 seconds
2020-06-13T03:15:44 >>> acct-group/kvm: 3 minutes, 7 seconds
2020-06-13T19:54:13 >>> acct-group/kvm: 6 minutes, 51 seconds
2020-06-14T04:30:20 >>> acct-group/kvm: 8 minutes, 54 seconds
2020-06-15T13:44:09 >>> acct-group/kvm: 3 minutes, 5 seconds
2020-06-16T13:32:53 >>> acct-group/kvm: 8 minutes, 7 seconds
]0;emerge 03:07:28 31|566 kvm 06:42 (root@rescue)>>> Unpacking source...
>>> Source unpacked in /tmp/portage/acct-group/kvm-0/work
>>> Preparing source in /tmp/portage/acct-group/kvm-0/work ...
>>> Source prepared.
>>> Configuring source in /tmp/portage/acct-group/kvm-0/work ...
>>> Source configured.
>>> Compiling source in /tmp/portage/acct-group/kvm-0/work ...
>>> Source compiled.
>>> Test phase [not enabled]: acct-group/kvm-0

>>> Install acct-group/kvm-0 into /tmp/portage/acct-group/kvm-0/image
>>> Completed installing acct-group/kvm-0 into /tmp/portage/acct-group/kvm-0/image

 * Final size of build directory: 4 KiB
 * Final size of installed tree:  4 KiB

Parallel BZIP2 v1.1.13 [Dec 18, 2015]
By: Jeff Gilchrist [http://compression.ca]
Major contributions: Yavor Nikolov [http://javornikolov.wordpress.com]
Uses libbzip2 by Julian Seward

         # CPUs: 6
   Load Average: 6.42
 BWT Block Size: 200 KB
File Block Size: 900 KB
 Maximum Memory: 1024 MB
-------------------------------------------
         File #: 1 of 1
     Input Name: compressme
    Output Name: compressme.bz2

     Input Size: 3895 bytes
Compressing data (no threads)...
Completed: 100%                 Output Size: 918 bytes
-------------------------------------------

     Wall Clock: 0.000837 seconds
./
>>> Done.
 * checking 0 files for package collisions
>>> Merging acct-group/kvm-0 to /
 * removing unneeded *.la files
>>> Safely unmerging already-installed instance...
>>> Original instance of package unmerged safely.
>>> acct-group/kvm-0 merged.
