[32;01m * [39;49;00mPackage:    acct-group/ntp-0
[32;01m * [39;49;00mRepository: gentoo
[32;01m * [39;49;00mMaintainer: base-system@gentoo.org
[32;01m * [39;49;00mUSE:        abi_x86_64 amd64 elibc_glibc kernel_linux userland_GNU
[32;01m * [39;49;00mFEATURES:   network-sandbox preserve-libs sandbox splitdebug test userpriv usersandbox
>>> Unpacking source...
>>> Source unpacked in /tmp/portage/acct-group/ntp-0/work
>>> Preparing source in /tmp/portage/acct-group/ntp-0/work ...
>>> Source prepared.
>>> Configuring source in /tmp/portage/acct-group/ntp-0/work ...
>>> Source configured.
>>> Compiling source in /tmp/portage/acct-group/ntp-0/work ...
>>> Source compiled.
>>> Test phase: acct-group/ntp-0
>>> Completed testing acct-group/ntp-0

>>> Install acct-group/ntp-0 into /tmp/portage/acct-group/ntp-0/image
>>> Completed installing acct-group/ntp-0 into /tmp/portage/acct-group/ntp-0/image

 [32;01m*[0m Final size of build directory: 4 KiB
 [32;01m*[0m Final size of installed tree:  4 KiB

./
>>> Done.
 [32;01m*[39;49;00m checking 0 files for package collisions
>>> Merging acct-group/ntp-0 to /
>>> acct-group/ntp-0 merged.
>>> Regenerating /etc/ld.so.cache...
