 * Package:    acct-group/utmp-0
 * Repository: gentoo
 * Maintainer: systemd@gentoo.org
 * USE:        abi_x86_64 amd64 elibc_glibc kernel_linux userland_GNU
 * FEATURES:   network-sandbox preserve-libs sandbox userpriv usersandbox
 * FEATURES='assume-digests binpkg-docompress binpkg-dostrip binpkg-logs buildpkg cgroup compress-index config-protect-if-modified distlocks ebuild-locks fixlafiles ipc-sandbox merge-sync multilib-strict network-sandbox news nodoc parallel-fetch pid-sandbox preserve-libs qa-unresolved-soname-deps sandbox sfperms strict strict-keepdir unknown-features-warn unmerge-logs unmerge-orphans userfetch userpriv usersandbox usersync xattr'
 * CFLAGS='-march=znver2 -O2 -pipe -fno-stack-protector -fno-stack-clash-protection -fstack-check=no -fno-stack-check -Wl,-O1 -Wl,--as-needed'
 * CXXFLAGS='-march=znver2 -O2 -pipe -fno-stack-protector -fno-stack-clash-protection -fstack-check=no -fno-stack-check -Wl,-O1 -Wl,--as-needed'
 * FFLAGS='-march=znver2 -O2 -pipe -fno-stack-protector -fno-stack-clash-protection -fstack-check=no -fno-stack-check -Wl,-O1 -Wl,--as-needed'
 * FCFLAGS='-march=znver2 -O2 -pipe -fno-stack-protector -fno-stack-clash-protection -fstack-check=no -fno-stack-check -Wl,-O1 -Wl,--as-needed'
 * F77FLAGS='-march=znver2 -O2 -pipe -fno-stack-protector -fno-stack-clash-protection -fstack-check=no -fno-stack-check -Wl,-O1 -Wl,--as-needed'
 * LDFLAGS='-Wl,-O1 -Wl,--as-needed'
 * MAKEOPTS='-j12 -l12'
 * gcc (Gentoo 10.1.0-r1 p2) 10.1.0
 * g++ (Gentoo 10.1.0-r1 p2) 10.1.0
 * GNU gold (Gentoo 2.34 p4 2.34.0) 1.16
 * Linux rescue 5.4.36 #1 SMP Thu Apr 30 04:38:28 UTC 2020 x86_64 AMD Ryzen 5 3600 6-Core Processor AuthenticAMD GNU/Linux
acct-group/utmp: 5 minutes, 3 seconds average for 30 merges
2020-05-16T14:42:50 >>> acct-group/utmp: 5 seconds
2020-05-16T20:40:32 >>> acct-group/utmp: 8 seconds
2020-05-20T00:56:01 >>> acct-group/utmp: 2 minutes, 38 seconds
2020-05-21T05:48:42 >>> acct-group/utmp: 5 seconds
2020-05-22T01:54:04 >>> acct-group/utmp: 6 minutes, 44 seconds
2020-05-22T02:40:39 >>> acct-group/utmp: 3 minutes, 6 seconds
2020-05-22T03:05:22 >>> acct-group/utmp: 7 minutes, 24 seconds
2020-05-22T12:24:54 >>> acct-group/utmp: 7 minutes, 12 seconds
2020-05-23T03:26:47 >>> acct-group/utmp: 7 minutes, 4 seconds
2020-05-24T23:20:32 >>> acct-group/utmp: 9 minutes
2020-05-25T03:01:26 >>> acct-group/utmp: 2 minutes, 2 seconds
2020-05-25T18:12:28 >>> acct-group/utmp: 7 minutes, 22 seconds
2020-05-25T19:49:36 >>> acct-group/utmp: 4 minutes, 24 seconds
2020-05-26T12:31:29 >>> acct-group/utmp: 4 minutes, 7 seconds
2020-05-26T13:46:07 >>> acct-group/utmp: 3 minutes, 28 seconds
2020-05-27T01:23:57 >>> acct-group/utmp: 3 minutes
2020-05-27T02:58:51 >>> acct-group/utmp: 8 minutes, 9 seconds
2020-05-28T13:21:25 >>> acct-group/utmp: 6 minutes, 39 seconds
2020-05-28T14:11:19 >>> acct-group/utmp: 3 minutes, 20 seconds
2020-05-29T01:31:41 >>> acct-group/utmp: 4 minutes, 13 seconds
2020-05-30T12:26:07 >>> acct-group/utmp: 8 minutes, 54 seconds
2020-05-30T21:31:51 >>> acct-group/utmp: 3 minutes, 32 seconds
2020-06-01T01:43:21 >>> acct-group/utmp: 6 minutes, 36 seconds
2020-06-04T11:47:20 >>> acct-group/utmp: 18 minutes, 34 seconds
2020-06-12T01:19:32 >>> acct-group/utmp: 5 seconds
2020-06-13T03:01:40 >>> acct-group/utmp: 2 minutes, 41 seconds
2020-06-13T03:15:31 >>> acct-group/utmp: 2 minutes, 51 seconds
2020-06-13T19:54:06 >>> acct-group/utmp: 6 minutes, 33 seconds
2020-06-14T04:30:04 >>> acct-group/utmp: 8 minutes, 45 seconds
2020-06-15T13:44:02 >>> acct-group/utmp: 2 minutes, 53 seconds
]0;emerge 13:32:47 18|895 utmp 06:04 (root@rescue)>>> Unpacking source...
>>> Source unpacked in /tmp/portage/acct-group/utmp-0/work
>>> Preparing source in /tmp/portage/acct-group/utmp-0/work ...
>>> Source prepared.
>>> Configuring source in /tmp/portage/acct-group/utmp-0/work ...
>>> Source configured.
>>> Compiling source in /tmp/portage/acct-group/utmp-0/work ...
>>> Source compiled.
>>> Test phase [not enabled]: acct-group/utmp-0

>>> Install acct-group/utmp-0 into /tmp/portage/acct-group/utmp-0/image
>>> Completed installing acct-group/utmp-0 into /tmp/portage/acct-group/utmp-0/image

 * Final size of build directory: 4 KiB
 * Final size of installed tree:  4 KiB

Parallel BZIP2 v1.1.13 [Dec 18, 2015]
By: Jeff Gilchrist [http://compression.ca]
Major contributions: Yavor Nikolov [http://javornikolov.wordpress.com]
Uses libbzip2 by Julian Seward

         # CPUs: 9
   Load Average: 2.77
 BWT Block Size: 200 KB
File Block Size: 900 KB
 Maximum Memory: 1024 MB
-------------------------------------------
         File #: 1 of 1
     Input Name: compressme
    Output Name: compressme.bz2

     Input Size: 3895 bytes
Compressing data (no threads)...
Completed: 100%                 Output Size: 918 bytes
-------------------------------------------

     Wall Clock: 0.001429 seconds
./
>>> Done.
 * checking 0 files for package collisions
>>> Merging acct-group/utmp-0 to /
 * removing unneeded *.la files
>>> Safely unmerging already-installed instance...
!!! File Not Found: '/etc/env.d/99lcdfilter'
>>> Original instance of package unmerged safely.
>>> acct-group/utmp-0 merged.
!!! File Not Found: '/etc/env.d/99lcdfilter'
