>>> Extracting info
 * Package:    acct-group/kmem-0
 * Repository: gentoo
 * USE:        abi_x86_64 elibc_glibc kernel_linux userland_GNU amd64
 * FEATURES:   network-sandbox preserve-libs sandbox userpriv usersandbox
 * FEATURES='assume-digests binpkg-docompress binpkg-dostrip binpkg-logs binpkg-multi-instance buildpkg cgroup compress-index config-protect-if-modified distlocks downgrade-backup fixlafiles ipc-sandbox merge-sync multilib-strict network-sandbox news nodoc parallel-fetch parallel-install pid-sandbox preserve-libs qa-unresolved-soname-deps sandbox sfperms strict unknown-features-warn unmerge-backup unmerge-logs unmerge-orphans userfetch userpriv usersandbox usersync xattr'
 * CFLAGS='-march=znver2 -O3 -fgraphite-identity -floop-nest-optimize -fdevirtualize-at-ltrans -fipa-pta -fno-semantic-interposition -flto=12 -fno-plt -fno-signed-zeros -fno-trapping-math -fassociative-math -freciprocal-math -fno-math-errno -ffinite-math-only -fno-rounding-math -fno-signaling-nans -fcx-limited-range -fexcess-precision=fast -falign-functions=32 -fno-stack-protector -fno-stack-clash-protection -fstack-check=no -fno-stack-check -fbranch-target-load-optimize2 -freschedule-modulo-scheduled-loops -fsched-pressure -fsched-spec-load -fsched-stalled-insns=0 -fsched2-use-superblocks -fselective-scheduling -fselective-scheduling2 -fsel-sched-pipelining -fsel-sched-pipelining-outer-loops -fuse-linker-plugin -pipe -g0 -Wl,-O1 -Wl,--as-needed -Wl,--sort-common -s -Wl,-lpthread -Wl,-lgomp -Wl,-z,norelro -Wl,-z,now'
 * CXXFLAGS='-march=znver2 -O3 -fgraphite-identity -floop-nest-optimize -fdevirtualize-at-ltrans -fipa-pta -fno-semantic-interposition -flto=12 -fno-plt -fno-signed-zeros -fno-trapping-math -fassociative-math -freciprocal-math -fno-math-errno -ffinite-math-only -fno-rounding-math -fno-signaling-nans -fcx-limited-range -fexcess-precision=fast -falign-functions=32 -fno-stack-protector -fno-stack-clash-protection -fstack-check=no -fno-stack-check -fbranch-target-load-optimize2 -freschedule-modulo-scheduled-loops -fsched-pressure -fsched-spec-load -fsched-stalled-insns=0 -fsched2-use-superblocks -fselective-scheduling -fselective-scheduling2 -fsel-sched-pipelining -fsel-sched-pipelining-outer-loops -fuse-linker-plugin -pipe -g0 -Wl,-O1 -Wl,--as-needed -Wl,--sort-common -s -Wl,-lpthread -Wl,-lgomp -Wl,-z,norelro -Wl,-z,now'
 * FFLAGS='-march=znver2 -O3 -fgraphite-identity -floop-nest-optimize -fdevirtualize-at-ltrans -fipa-pta -fno-semantic-interposition -flto=12 -fno-plt -fno-signed-zeros -fno-trapping-math -fassociative-math -freciprocal-math -fno-math-errno -ffinite-math-only -fno-rounding-math -fno-signaling-nans -fcx-limited-range -fexcess-precision=fast -falign-functions=32 -fno-stack-protector -fno-stack-clash-protection -fstack-check=no -fno-stack-check -fbranch-target-load-optimize2 -freschedule-modulo-scheduled-loops -fsched-pressure -fsched-spec-load -fsched-stalled-insns=0 -fsched2-use-superblocks -fselective-scheduling -fselective-scheduling2 -fsel-sched-pipelining -fsel-sched-pipelining-outer-loops -fuse-linker-plugin -pipe -g0 -Wl,-O1 -Wl,--as-needed -Wl,--sort-common -s -Wl,-lpthread -Wl,-lgomp -Wl,-z,norelro -Wl,-z,now'
 * FCFLAGS='-march=znver2 -O3 -fgraphite-identity -floop-nest-optimize -fdevirtualize-at-ltrans -fipa-pta -fno-semantic-interposition -flto=12 -fno-plt -fno-signed-zeros -fno-trapping-math -fassociative-math -freciprocal-math -fno-math-errno -ffinite-math-only -fno-rounding-math -fno-signaling-nans -fcx-limited-range -fexcess-precision=fast -falign-functions=32 -fno-stack-protector -fno-stack-clash-protection -fstack-check=no -fno-stack-check -fbranch-target-load-optimize2 -freschedule-modulo-scheduled-loops -fsched-pressure -fsched-spec-load -fsched-stalled-insns=0 -fsched2-use-superblocks -fselective-scheduling -fselective-scheduling2 -fsel-sched-pipelining -fsel-sched-pipelining-outer-loops -fuse-linker-plugin -pipe -g0 -Wl,-O1 -Wl,--as-needed -Wl,--sort-common -s -Wl,-lpthread -Wl,-lgomp -Wl,-z,norelro -Wl,-z,now'
 * F77FLAGS='-march=znver2 -O3 -fgraphite-identity -floop-nest-optimize -fdevirtualize-at-ltrans -fipa-pta -fno-semantic-interposition -flto=12 -fno-plt -fno-signed-zeros -fno-trapping-math -fassociative-math -freciprocal-math -fno-math-errno -ffinite-math-only -fno-rounding-math -fno-signaling-nans -fcx-limited-range -fexcess-precision=fast -falign-functions=32 -fno-stack-protector -fno-stack-clash-protection -fstack-check=no -fno-stack-check -fbranch-target-load-optimize2 -freschedule-modulo-scheduled-loops -fsched-pressure -fsched-spec-load -fsched-stalled-insns=0 -fsched2-use-superblocks -fselective-scheduling -fselective-scheduling2 -fsel-sched-pipelining -fsel-sched-pipelining-outer-loops -fuse-linker-plugin -pipe -g0 -Wl,-O1 -Wl,--as-needed -Wl,--sort-common -s -Wl,-lpthread -Wl,-lgomp -Wl,-z,norelro -Wl,-z,now'
 * LDFLAGS='-Wl,-O1 -Wl,--as-needed -Wl,--sort-common -s -Wl,-lpthread -Wl,-lgomp -Wl,-z,norelro -Wl,-z,now -march=znver2 -O3 -fgraphite-identity -floop-nest-optimize -fdevirtualize-at-ltrans -fipa-pta -fno-semantic-interposition -flto=12 -fno-plt -fno-signed-zeros -fno-trapping-math -fassociative-math -freciprocal-math -fno-math-errno -ffinite-math-only -fno-rounding-math -fno-signaling-nans -fcx-limited-range -fexcess-precision=fast -falign-functions=32 -fno-stack-protector -fno-stack-clash-protection -fstack-check=no -fno-stack-check -fbranch-target-load-optimize2 -freschedule-modulo-scheduled-loops -fsched-pressure -fsched-spec-load -fsched-stalled-insns=0 -fsched2-use-superblocks -fselective-scheduling -fselective-scheduling2 -fsel-sched-pipelining -fsel-sched-pipelining-outer-loops -fuse-linker-plugin -pipe -g0'
 * MAKEOPTS='-j12 -l12'
 * gcc () 11.0.0 20200528 (experimental)
 * g++ () 11.0.0 20200528 (experimental)
 * GNU ld (Gentoo 2.34 p4) 2.34.0
 * Linux ryzen.gnum.org 5.4.36 #1 SMP Thu Apr 30 04:38:28 UTC 2020 x86_64 AMD Ryzen 5 3600 6-Core Processor AuthenticAMD GNU/Linux
acct-group/kmem: 4 minutes, 46 seconds average for 17 merges
2020-05-16T14:42:40 >>> acct-group/kmem: 5 seconds
2020-05-16T20:40:17 >>> acct-group/kmem: 8 seconds
2020-05-20T00:56:10 >>> acct-group/kmem: 3 minutes, 36 seconds
2020-05-21T05:50:43 >>> acct-group/kmem: 6 seconds
2020-05-22T01:55:12 >>> acct-group/kmem: 7 minutes, 7 seconds
2020-05-22T03:06:31 >>> acct-group/kmem: 7 minutes, 43 seconds
2020-05-22T12:26:02 >>> acct-group/kmem: 7 minutes, 30 seconds
2020-05-23T03:28:07 >>> acct-group/kmem: 7 minutes, 6 seconds
2020-05-24T23:21:22 >>> acct-group/kmem: 9 minutes, 8 seconds
2020-05-25T03:01:34 >>> acct-group/kmem: 2 minutes, 41 seconds
2020-05-25T18:13:29 >>> acct-group/kmem: 7 minutes, 21 seconds
2020-05-25T19:50:24 >>> acct-group/kmem: 4 minutes, 28 seconds
2020-05-26T12:47:30 >>> acct-group/kmem: 24 seconds
2020-05-26T13:46:21 >>> acct-group/kmem: 4 minutes, 18 seconds
2020-05-27T01:24:07 >>> acct-group/kmem: 4 minutes, 17 seconds
2020-05-27T02:59:58 >>> acct-group/kmem: 8 minutes, 8 seconds
2020-05-28T13:22:12 >>> acct-group/kmem: 7 minutes, 2 seconds
]0;emerge 14:11:35 43|889 kmem 06:29 (root@ryzen.gnum.org)kemerge 14:11:35 43|889 kmem 06:29 (root@ryzen.gnum.org)\>>> Extracting acct-group/kmem-0
 * checking 0 files for package collisions
>>> Merging acct-group/kmem-0 to /
 * removing unneeded *.la files
>>> Safely unmerging already-installed instance...
>>> Original instance of package unmerged safely.
>>> acct-group/kmem-0 merged.
