 * Package:    acct-user/polkitd-0
 * Repository: gentoo
 * Maintainer: freedesktop-bugs@gentoo.org
 * USE:        abi_x86_64 amd64 elibc_glibc kernel_linux userland_GNU
 * FEATURES:   network-sandbox preserve-libs sandbox userpriv usersandbox
 * FEATURES='assume-digests binpkg-docompress binpkg-dostrip binpkg-logs buildpkg cgroup compress-index config-protect-if-modified distlocks ebuild-locks fixlafiles ipc-sandbox merge-sync multilib-strict network-sandbox news nodoc parallel-fetch pid-sandbox preserve-libs qa-unresolved-soname-deps sandbox sfperms strict strict-keepdir unknown-features-warn unmerge-logs unmerge-orphans userfetch userpriv usersandbox usersync xattr'
 * CFLAGS='-march=native -Ofast -pipe -g0 -fno-common -fgraphite-identity -floop-interchange -floop-nest-optimize -floop-parallelize-all -ftree-parallelize-loops=12 -ftree-vectorize -fdevirtualize-at-ltrans -fipa-pta -fno-semantic-interposition -flto=12 -fno-plt -fbranch-target-load-optimize2 -fcx-fortran-rules -fno-var-tracking-assignments -freschedule-modulo-scheduled-loops -fsched-pressure -fsched-spec-load -fsched-spec-load-dangerous -fsched-stalled-insns=0 -fsched2-use-superblocks -fselective-scheduling -fselective-scheduling2 -fsel-sched-pipelining -fsel-sched-pipelining-outer-loops -ftree-lrs -maccumulate-outgoing-args -fmerge-all-constants -falign-functions=32 -fno-stack-protector -fno-stack-clash-protection -fstack-check=no -fno-stack-check -fuse-linker-plugin -Wl,-O1 -Wl,--as-needed -Wl,--sort-common -Wl,-z -Wl,norelro -Wl,-z,max-page-size=0x1000 -lgomp -lpthread -s'
 * CXXFLAGS='-march=native -Ofast -pipe -g0 -fno-common -fgraphite-identity -floop-interchange -floop-nest-optimize -floop-parallelize-all -ftree-parallelize-loops=12 -ftree-vectorize -fdevirtualize-at-ltrans -fipa-pta -fno-semantic-interposition -flto=12 -fno-plt -fbranch-target-load-optimize2 -fcx-fortran-rules -fno-enforce-eh-specs -fnothrow-opt -fno-var-tracking-assignments -freschedule-modulo-scheduled-loops -fsched-pressure -fsched-spec-load -fsched-spec-load-dangerous -fsched-stalled-insns=0 -fsched2-use-superblocks -fselective-scheduling -fselective-scheduling2 -fsel-sched-pipelining -fsel-sched-pipelining-outer-loops -ftree-lrs -maccumulate-outgoing-args -fmerge-all-constants -falign-functions=32 -fno-stack-protector -fno-stack-clash-protection -fstack-check=no -fno-stack-check -fuse-linker-plugin -Wl,-O1 -Wl,--as-needed -Wl,--sort-common -Wl,-z -Wl,norelro -Wl,-z,max-page-size=0x1000 -lgomp -lpthread -s'
 * FFLAGS='-march=native -Ofast -pipe -g0 -fno-common -fgraphite-identity -floop-interchange -floop-nest-optimize -floop-parallelize-all -ftree-parallelize-loops=12 -ftree-vectorize -fdevirtualize-at-ltrans -fipa-pta -fno-semantic-interposition -flto=12 -fno-plt -fbranch-target-load-optimize2 -fcx-fortran-rules -fno-var-tracking-assignments -freschedule-modulo-scheduled-loops -fsched-pressure -fsched-spec-load -fsched-spec-load-dangerous -fsched-stalled-insns=0 -fsched2-use-superblocks -fselective-scheduling -fselective-scheduling2 -fsel-sched-pipelining -fsel-sched-pipelining-outer-loops -ftree-lrs -maccumulate-outgoing-args -fmerge-all-constants -falign-functions=32 -fno-stack-protector -fno-stack-clash-protection -fstack-check=no -fno-stack-check -fuse-linker-plugin -Wl,-O1 -Wl,--as-needed -Wl,--sort-common -Wl,-z -Wl,norelro -Wl,-z,max-page-size=0x1000 -lgomp -lpthread -s'
 * FCFLAGS='-march=native -Ofast -pipe -g0 -fno-common -fgraphite-identity -floop-interchange -floop-nest-optimize -floop-parallelize-all -ftree-parallelize-loops=12 -ftree-vectorize -fdevirtualize-at-ltrans -fipa-pta -fno-semantic-interposition -flto=12 -fno-plt -fbranch-target-load-optimize2 -fcx-fortran-rules -fno-var-tracking-assignments -freschedule-modulo-scheduled-loops -fsched-pressure -fsched-spec-load -fsched-spec-load-dangerous -fsched-stalled-insns=0 -fsched2-use-superblocks -fselective-scheduling -fselective-scheduling2 -fsel-sched-pipelining -fsel-sched-pipelining-outer-loops -ftree-lrs -maccumulate-outgoing-args -fmerge-all-constants -falign-functions=32 -fno-stack-protector -fno-stack-clash-protection -fstack-check=no -fno-stack-check -fuse-linker-plugin -Wl,-O1 -Wl,--as-needed -Wl,--sort-common -Wl,-z -Wl,norelro -Wl,-z,max-page-size=0x1000 -lgomp -lpthread -s'
 * F77FLAGS='-march=native -Ofast -pipe -g0 -fno-common -fgraphite-identity -floop-interchange -floop-nest-optimize -floop-parallelize-all -ftree-parallelize-loops=12 -ftree-vectorize -fdevirtualize-at-ltrans -fipa-pta -fno-semantic-interposition -flto=12 -fno-plt -fbranch-target-load-optimize2 -fcx-fortran-rules -fno-enforce-eh-specs -fnothrow-opt -fno-var-tracking-assignments -freschedule-modulo-scheduled-loops -fsched-pressure -fsched-spec-load -fsched-spec-load-dangerous -fsched-stalled-insns=0 -fsched2-use-superblocks -fselective-scheduling -fselective-scheduling2 -fsel-sched-pipelining -fsel-sched-pipelining-outer-loops -ftree-lrs -maccumulate-outgoing-args -fmerge-all-constants -falign-functions=32 -fno-stack-protector -fno-stack-clash-protection -fstack-check=no -fno-stack-check -fuse-linker-plugin -Wl,-O1 -Wl,--as-needed -Wl,--sort-common -Wl,-z -Wl,norelro -Wl,-z,max-page-size=0x1000 -lgomp -lpthread -s'
 * LDFLAGS='-march=native -Ofast -pipe -g0 -fno-common -fgraphite-identity -floop-interchange -floop-nest-optimize -floop-parallelize-all -ftree-parallelize-loops=12 -ftree-vectorize -fdevirtualize-at-ltrans -fipa-pta -fno-semantic-interposition -flto=12 -fno-plt -fbranch-target-load-optimize2 -fcx-fortran-rules -fno-enforce-eh-specs -fnothrow-opt -fno-var-tracking-assignments -freschedule-modulo-scheduled-loops -fsched-pressure -fsched-spec-load -fsched-spec-load-dangerous -fsched-stalled-insns=0 -fsched2-use-superblocks -fselective-scheduling -fselective-scheduling2 -fsel-sched-pipelining -fsel-sched-pipelining-outer-loops -ftree-lrs -maccumulate-outgoing-args -fmerge-all-constants -falign-functions=32 -fno-stack-protector -fno-stack-clash-protection -fstack-check=no -fno-stack-check -fuse-linker-plugin -Wl,-O1 -Wl,--as-needed -Wl,--sort-common -Wl,-z -Wl,norelro -Wl,-z,max-page-size=0x1000 -lgomp -lpthread -s'
 * MAKEOPTS='-j12 -l12'
 * gcc () 11.0.0 20200618 (experimental)
 * g++ () 11.0.0 20200618 (experimental)
 * GNU ld (Gentoo 2.34 p4) 2.34.0
 * Linux rescue 5.4.36 #1 SMP Thu Apr 30 04:38:28 UTC 2020 x86_64 AMD Ryzen 5 3600 6-Core Processor AuthenticAMD GNU/Linux
acct-user/polkitd: 1 minute, 58 seconds average for 31 merges
2020-05-15T03:30:36 >>> acct-user/polkitd: 6 seconds
2020-05-16T20:48:39 >>> acct-user/polkitd: 8 seconds
2020-05-20T01:01:12 >>> acct-user/polkitd: 44 seconds
2020-05-21T05:58:14 >>> acct-user/polkitd: 6 seconds
2020-05-22T02:04:06 >>> acct-user/polkitd: 2 minutes, 46 seconds
2020-05-22T03:15:59 >>> acct-user/polkitd: 1 minute, 50 seconds
2020-05-22T12:35:20 >>> acct-user/polkitd: 1 minute, 45 seconds
2020-05-23T03:37:00 >>> acct-user/polkitd: 1 minute, 51 seconds
2020-05-24T23:32:50 >>> acct-user/polkitd: 4 minutes, 54 seconds
2020-05-25T03:06:04 >>> acct-user/polkitd: 38 seconds
2020-05-25T18:22:22 >>> acct-user/polkitd: 1 minute, 49 seconds
2020-05-25T19:56:56 >>> acct-user/polkitd: 1 minute, 8 seconds
2020-05-26T12:52:49 >>> acct-user/polkitd: 3 minutes, 23 seconds
2020-05-26T13:52:03 >>> acct-user/polkitd: 49 seconds
2020-05-27T01:31:27 >>> acct-user/polkitd: 53 seconds
2020-05-27T03:09:40 >>> acct-user/polkitd: 2 minutes, 37 seconds
2020-05-28T13:30:42 >>> acct-user/polkitd: 1 minute, 54 seconds
2020-05-28T14:17:31 >>> acct-user/polkitd: 52 seconds
2020-05-29T01:39:12 >>> acct-user/polkitd: 57 seconds
2020-05-30T12:37:32 >>> acct-user/polkitd: 2 minutes, 49 seconds
2020-05-30T21:37:42 >>> acct-user/polkitd: 53 seconds
2020-06-01T01:53:14 >>> acct-user/polkitd: 2 minutes, 16 seconds
2020-06-04T12:09:23 >>> acct-user/polkitd: 11 minutes, 54 seconds
2020-06-12T01:25:43 >>> acct-user/polkitd: 59 seconds
2020-06-13T03:21:23 >>> acct-user/polkitd: 6 minutes
2020-06-13T20:03:28 >>> acct-user/polkitd: 1 minute, 9 seconds
2020-06-14T04:41:55 >>> acct-user/polkitd: 1 minute, 27 seconds
2020-06-15T13:48:56 >>> acct-user/polkitd: 40 seconds
2020-06-16T13:43:34 >>> acct-user/polkitd: 1 minute, 30 seconds
2020-06-17T03:14:12 >>> acct-user/polkitd: 1 minute, 4 seconds
2020-06-17T13:41:56 >>> acct-user/polkitd: 1 minute, 29 seconds
]0;emerge 08:27:20 86|738 polkitd 01:21 (root@rescue)kemerge 08:27:20 86|738 polkitd 01:21 (root@rescue)\>>> Unpacking source...
>>> Source unpacked in /tmp/portage/acct-user/polkitd-0/work
>>> Preparing source in /tmp/portage/acct-user/polkitd-0/work ...
>>> Source prepared.
>>> Configuring source in /tmp/portage/acct-user/polkitd-0/work ...
>>> Source configured.
>>> Compiling source in /tmp/portage/acct-user/polkitd-0/work ...
>>> Source compiled.
>>> Test phase [not enabled]: acct-user/polkitd-0

>>> Install acct-user/polkitd-0 into /tmp/portage/acct-user/polkitd-0/image
>>> Completed installing acct-user/polkitd-0 into /tmp/portage/acct-user/polkitd-0/image

 * Final size of build directory:  4 KiB
 * Final size of installed tree:  16 KiB

Parallel BZIP2 v1.1.13 [Dec 18, 2015]
By: Jeff Gilchrist [http://compression.ca]
Major contributions: Yavor Nikolov [http://javornikolov.wordpress.com]
Uses libbzip2 by Julian Seward

         # CPUs: 10
   Load Average: 2.35
 BWT Block Size: 200 KB
File Block Size: 900 KB
 Maximum Memory: 1024 MB
-------------------------------------------
         File #: 1 of 1
     Input Name: compressme
    Output Name: compressme.bz2

     Input Size: 3895 bytes
Compressing data (no threads)...
Completed: 100%                 Output Size: 918 bytes
-------------------------------------------

     Wall Clock: 0.000796 seconds
./
./var/
./var/lib/
./var/lib/polkit-1/
./var/lib/polkit-1/.keep_acct-user_polkitd-0
>>> Done.
 * checking 1 files for package collisions
>>> Merging acct-user/polkitd-0 to /
 * removing unneeded *.la files
--- /var/
--- /var/lib/
--- /var/lib/polkit-1/
>>> /var/lib/polkit-1/.keep_acct-user_polkitd-0
>>> Safely unmerging already-installed instance...
>>> Original instance of package unmerged safely.
>>> acct-user/polkitd-0 merged.
