 * Package:    acct-user/plex-1
 * Repository: plex-overlay
 * Maintainer: ss23@ss23.geek.nz proxy-maint@gentoo.org
 * USE:        abi_x86_64 amd64 elibc_glibc kernel_linux userland_GNU
 * FEATURES:   ccache network-sandbox preserve-libs sandbox userpriv usersandbox
 * /etc/portage/package.cflags/ltoworkarounds.conf -> */*: *FLAGS+=-Wl,-O4 *FLAGS-=-Wl,-O1
 * FEATURES='assume-digests binpkg-docompress binpkg-dostrip binpkg-logs binpkg-multi-instance buildpkg ccache cgroup compress-index config-protect-if-modified distlocks fixlafiles ipc-sandbox merge-sync multilib-strict network-sandbox news nodoc parallel-fetch parallel-install pid-sandbox preserve-libs qa-unresolved-soname-deps sandbox sfperms strict strict-keepdir unknown-features-warn unmerge-logs unmerge-orphans userfetch userpriv usersandbox usersync xattr'
 * CFLAGS='-march=znver2 -pipe -g0 -O3 -fgraphite-identity -floop-nest-optimize -fdevirtualize-at-ltrans -fipa-pta -fno-semantic-interposition -flto=12 -fno-plt -fno-signed-zeros -fno-trapping-math -fassociative-math -freciprocal-math -fno-math-errno -ffinite-math-only -fno-rounding-math -fno-signaling-nans -fcx-limited-range -fexcess-precision=fast -falign-functions=32 -fno-stack-protector -fno-stack-clash-protection -fstack-check=no -fno-stack-check -fuse-linker-plugin -Wl,-O4 -Wl,--as-needed -Wl,-lpthread -Wl,-lgomp -Wl,-z,norelro -Wl,-z,now -Wl,--sort-common -s'
 * CXXFLAGS='-march=znver2 -pipe -g0 -O3 -fgraphite-identity -floop-nest-optimize -fdevirtualize-at-ltrans -fipa-pta -fno-semantic-interposition -flto=12 -fno-plt -fno-signed-zeros -fno-trapping-math -fassociative-math -freciprocal-math -fno-math-errno -ffinite-math-only -fno-rounding-math -fno-signaling-nans -fcx-limited-range -fexcess-precision=fast -falign-functions=32 -fno-stack-protector -fno-stack-clash-protection -fstack-check=no -fno-stack-check -fuse-linker-plugin -Wl,-O4 -Wl,--as-needed -Wl,-lpthread -Wl,-lgomp -Wl,-z,norelro -Wl,-z,now -Wl,--sort-common -s'
 * FFLAGS='-march=znver2 -pipe -g0 -O3 -fgraphite-identity -floop-nest-optimize -fdevirtualize-at-ltrans -fipa-pta -fno-semantic-interposition -flto=12 -fno-plt -fno-signed-zeros -fno-trapping-math -fassociative-math -freciprocal-math -fno-math-errno -ffinite-math-only -fno-rounding-math -fno-signaling-nans -fcx-limited-range -fexcess-precision=fast -falign-functions=32 -fno-stack-protector -fno-stack-clash-protection -fstack-check=no -fno-stack-check -fuse-linker-plugin -Wl,-O4 -Wl,--as-needed -Wl,-lpthread -Wl,-lgomp -Wl,-z,norelro -Wl,-z,now -Wl,--sort-common -s'
 * FCFLAGS='-march=znver2 -pipe -g0 -O3 -fgraphite-identity -floop-nest-optimize -fdevirtualize-at-ltrans -fipa-pta -fno-semantic-interposition -flto=12 -fno-plt -fno-signed-zeros -fno-trapping-math -fassociative-math -freciprocal-math -fno-math-errno -ffinite-math-only -fno-rounding-math -fno-signaling-nans -fcx-limited-range -fexcess-precision=fast -falign-functions=32 -fno-stack-protector -fno-stack-clash-protection -fstack-check=no -fno-stack-check -fuse-linker-plugin -Wl,-O4 -Wl,--as-needed -Wl,-lpthread -Wl,-lgomp -Wl,-z,norelro -Wl,-z,now -Wl,--sort-common -s'
 * F77FLAGS='-march=znver2 -pipe -g0 -O3 -fgraphite-identity -floop-nest-optimize -fdevirtualize-at-ltrans -fipa-pta -fno-semantic-interposition -flto=12 -fno-plt -fno-signed-zeros -fno-trapping-math -fassociative-math -freciprocal-math -fno-math-errno -ffinite-math-only -fno-rounding-math -fno-signaling-nans -fcx-limited-range -fexcess-precision=fast -falign-functions=32 -fno-stack-protector -fno-stack-clash-protection -fstack-check=no -fno-stack-check -fuse-linker-plugin -Wl,-O4 -Wl,--as-needed -Wl,-lpthread -Wl,-lgomp -Wl,-z,norelro -Wl,-z,now -Wl,--sort-common -s'
 * LDFLAGS='-march=znver2 -pipe -g0 -O3 -fgraphite-identity -floop-nest-optimize -fdevirtualize-at-ltrans -fipa-pta -fno-semantic-interposition -flto=12 -fno-plt -fno-signed-zeros -fno-trapping-math -fassociative-math -freciprocal-math -fno-math-errno -ffinite-math-only -fno-rounding-math -fno-signaling-nans -fcx-limited-range -fexcess-precision=fast -falign-functions=32 -fno-stack-protector -fno-stack-clash-protection -fstack-check=no -fno-stack-check -fuse-linker-plugin -Wl,-O4 -Wl,--as-needed -Wl,-lpthread -Wl,-lgomp -Wl,-z,norelro -Wl,-z,now -Wl,--sort-common -s'
 * MAKEOPTS='-j12 -l12'
 * gcc () 11.0.0 20200601 (experimental)
 * g++ () 11.0.0 20200601 (experimental)
 * GNU ld (Gentoo 2.34 p4) 2.34.0
 * Linux ryzen.gnum.org 5.4.36 #1 SMP Thu Apr 30 04:38:28 UTC 2020 x86_64 AMD Ryzen 5 3600 6-Core Processor AuthenticAMD GNU/Linux
acct-user/plex: 12 seconds average for 15 merges
2020-05-20T07:31:58 >>> acct-user/plex: 9 seconds
2020-05-21T05:59:56 >>> acct-user/plex: 6 seconds
2020-05-22T02:04:24 >>> acct-user/plex: 13 seconds
2020-05-22T03:16:18 >>> acct-user/plex: 12 seconds
2020-05-22T12:35:36 >>> acct-user/plex: 13 seconds
2020-05-23T03:37:18 >>> acct-user/plex: 13 seconds
2020-05-25T18:22:37 >>> acct-user/plex: 14 seconds
2020-05-26T12:53:20 >>> acct-user/plex: 12 seconds
2020-05-26T13:52:12 >>> acct-user/plex: 7 seconds
2020-05-27T03:09:58 >>> acct-user/plex: 20 seconds
2020-05-28T13:31:01 >>> acct-user/plex: 15 seconds
2020-05-28T14:17:38 >>> acct-user/plex: 9 seconds
2020-05-30T12:37:47 >>> acct-user/plex: 22 seconds
2020-05-30T21:37:48 >>> acct-user/plex: 7 seconds
2020-06-01T01:53:20 >>> acct-user/plex: 17 seconds
]0;emerge 12:09:44 148|1515 plex 00:15 (root@ryzen.gnum.org)kemerge 12:09:44 148|1515 plex 00:15 (root@ryzen.gnum.org)\>>> Unpacking source...
>>> Source unpacked in /tmp/portage/acct-user/plex-1/work
>>> Preparing source in /tmp/portage/acct-user/plex-1/work ...
>>> Source prepared.
>>> Configuring source in /tmp/portage/acct-user/plex-1/work ...
>>> Source configured.
>>> Compiling source in /tmp/portage/acct-user/plex-1/work ...
>>> Source compiled.
>>> Test phase [not enabled]: acct-user/plex-1

>>> Install acct-user/plex-1 into /tmp/portage/acct-user/plex-1/image
>>> Completed installing acct-user/plex-1 into /tmp/portage/acct-user/plex-1/image

 * Final size of build directory:  4 KiB
 * Final size of installed tree:  16 KiB

./
./var/
./var/lib/
./var/lib/plexmediaserver/
./var/lib/plexmediaserver/.keep_acct-user_plex-0
>>> Done.
 * checking 1 files for package collisions
>>> Merging acct-user/plex-1 to /
 * removing unneeded *.la files
--- /var/
--- /var/lib/
--- /var/lib/plexmediaserver/
>>> /var/lib/plexmediaserver/.keep_acct-user_plex-0
>>> Safely unmerging already-installed instance...
>>> Original instance of package unmerged safely.
>>> acct-user/plex-1 merged.
