 * Package:    acct-group/video-0
 * Repository: gentoo
 * Maintainer: systemd@gentoo.org
 * USE:        abi_x86_64 amd64 elibc_glibc kernel_linux userland_GNU
 * FEATURES:   network-sandbox preserve-libs sandbox userpriv usersandbox
 * FEATURES='assume-digests binpkg-docompress binpkg-dostrip binpkg-logs buildpkg cgroup compress-index config-protect-if-modified distlocks ebuild-locks fixlafiles ipc-sandbox merge-sync multilib-strict network-sandbox news nodoc parallel-fetch pid-sandbox preserve-libs qa-unresolved-soname-deps sandbox sfperms strict strict-keepdir unknown-features-warn unmerge-logs unmerge-orphans userfetch userpriv usersandbox usersync xattr'
 * CFLAGS='-march=znver2 -O2 -pipe -fno-stack-protector -fno-stack-clash-protection -fstack-check=no -fno-stack-check -Wl,-O1 -Wl,--as-needed'
 * CXXFLAGS='-march=znver2 -O2 -pipe -fno-stack-protector -fno-stack-clash-protection -fstack-check=no -fno-stack-check -Wl,-O1 -Wl,--as-needed'
 * FFLAGS='-march=znver2 -O2 -pipe -fno-stack-protector -fno-stack-clash-protection -fstack-check=no -fno-stack-check -Wl,-O1 -Wl,--as-needed'
 * FCFLAGS='-march=znver2 -O2 -pipe -fno-stack-protector -fno-stack-clash-protection -fstack-check=no -fno-stack-check -Wl,-O1 -Wl,--as-needed'
 * F77FLAGS='-march=znver2 -O2 -pipe -fno-stack-protector -fno-stack-clash-protection -fstack-check=no -fno-stack-check -Wl,-O1 -Wl,--as-needed'
 * LDFLAGS='-Wl,-O1 -Wl,--as-needed'
 * MAKEOPTS='-j12 -l12'
 * gcc (Gentoo 10.1.0-r1 p2) 10.1.0
 * g++ (Gentoo 10.1.0-r1 p2) 10.1.0
 * GNU gold (Gentoo 2.34 p4 2.34.0) 1.16
 * Linux rescue 5.4.36 #1 SMP Thu Apr 30 04:38:28 UTC 2020 x86_64 AMD Ryzen 5 3600 6-Core Processor AuthenticAMD GNU/Linux
acct-group/video: 4 minutes, 53 seconds average for 30 merges
2020-05-15T03:28:30 >>> acct-group/video: 5 seconds
2020-05-16T20:41:43 >>> acct-group/video: 7 seconds
2020-05-20T00:56:02 >>> acct-group/video: 2 minutes, 42 seconds
2020-05-21T05:47:30 >>> acct-group/video: 6 seconds
2020-05-22T01:53:28 >>> acct-group/video: 6 minutes, 22 seconds
2020-05-22T02:39:54 >>> acct-group/video: 2 minutes, 44 seconds
2020-05-22T03:04:39 >>> acct-group/video: 7 minutes, 4 seconds
2020-05-22T12:24:15 >>> acct-group/video: 6 minutes, 48 seconds
2020-05-23T03:25:58 >>> acct-group/video: 6 minutes, 46 seconds
2020-05-24T23:20:37 >>> acct-group/video: 9 minutes, 2 seconds
2020-05-25T03:01:26 >>> acct-group/video: 2 minutes, 6 seconds
2020-05-25T18:11:48 >>> acct-group/video: 7 minutes, 15 seconds
2020-05-25T19:49:39 >>> acct-group/video: 4 minutes, 25 seconds
2020-05-26T12:30:43 >>> acct-group/video: 4 minutes, 8 seconds
2020-05-26T13:46:00 >>> acct-group/video: 2 minutes, 53 seconds
2020-05-27T01:23:58 >>> acct-group/video: 3 minutes, 4 seconds
2020-05-27T02:58:06 >>> acct-group/video: 8 minutes, 10 seconds
2020-05-28T13:21:03 >>> acct-group/video: 6 minutes, 21 seconds
2020-05-28T14:11:15 >>> acct-group/video: 3 minutes
2020-05-29T01:31:31 >>> acct-group/video: 3 minutes, 5 seconds
2020-05-30T12:25:48 >>> acct-group/video: 8 minutes, 54 seconds
2020-05-30T21:31:47 >>> acct-group/video: 3 minutes, 21 seconds
2020-06-01T01:42:56 >>> acct-group/video: 6 minutes, 24 seconds
2020-06-04T11:46:36 >>> acct-group/video: 18 minutes, 26 seconds
2020-06-12T01:18:25 >>> acct-group/video: 5 seconds
2020-06-13T03:01:42 >>> acct-group/video: 2 minutes, 42 seconds
2020-06-13T03:15:34 >>> acct-group/video: 2 minutes, 52 seconds
2020-06-13T19:54:06 >>> acct-group/video: 6 minutes, 37 seconds
2020-06-14T04:30:05 >>> acct-group/video: 8 minutes, 48 seconds
2020-06-15T13:43:53 >>> acct-group/video: 2 minutes, 32 seconds
]0;emerge 13:32:49 19|895 video 05:59 (root@rescue)>>> Unpacking source...
>>> Source unpacked in /tmp/portage/acct-group/video-0/work
>>> Preparing source in /tmp/portage/acct-group/video-0/work ...
>>> Source prepared.
>>> Configuring source in /tmp/portage/acct-group/video-0/work ...
>>> Source configured.
>>> Compiling source in /tmp/portage/acct-group/video-0/work ...
>>> Source compiled.
>>> Test phase [not enabled]: acct-group/video-0

>>> Install acct-group/video-0 into /tmp/portage/acct-group/video-0/image
>>> Completed installing acct-group/video-0 into /tmp/portage/acct-group/video-0/image

 * Final size of build directory: 4 KiB
 * Final size of installed tree:  4 KiB

Parallel BZIP2 v1.1.13 [Dec 18, 2015]
By: Jeff Gilchrist [http://compression.ca]
Major contributions: Yavor Nikolov [http://javornikolov.wordpress.com]
Uses libbzip2 by Julian Seward

         # CPUs: 9
   Load Average: 2.77
 BWT Block Size: 200 KB
File Block Size: 900 KB
 Maximum Memory: 1024 MB
-------------------------------------------
         File #: 1 of 1
     Input Name: compressme
    Output Name: compressme.bz2

     Input Size: 3895 bytes
Compressing data (no threads)...
Completed: 100%                 Output Size: 918 bytes
-------------------------------------------

     Wall Clock: 0.000911 seconds
./
>>> Done.
 * checking 0 files for package collisions
>>> Merging acct-group/video-0 to /
 * removing unneeded *.la files
>>> Safely unmerging already-installed instance...
!!! File Not Found: '/etc/env.d/99lcdfilter'
>>> Original instance of package unmerged safely.
>>> acct-group/video-0 merged.
!!! File Not Found: '/etc/env.d/99lcdfilter'
