 * Package:    acct-group/man-0
 * Repository: gentoo
 * Maintainer: base-system@gentoo.org
 * USE:        abi_x86_64 amd64 elibc_glibc kernel_linux userland_GNU
 * FEATURES:   ccache network-sandbox preserve-libs userpriv
 * /etc/portage/package.cflags/ltoworkarounds.conf -> */*: *FLAGS+=-Wl,-O4 *FLAGS-=-Wl,-O1
 * FEATURES='assume-digests binpkg-docompress binpkg-dostrip binpkg-logs buildpkg ccache cgroup compress-index config-protect-if-modified distlocks ebuild-locks fixlafiles merge-sync multilib-strict network-sandbox news nodoc parallel-fetch preserve-libs qa-unresolved-soname-deps sfperms strict strict-keepdir unknown-features-warn unmerge-logs unmerge-orphans userfetch userpriv usersync xattr'
 * CFLAGS='-O2 -pipe -Wl,-O4 -Wl,-O4,--sort-common,--as-needed,-z,norelro,-z,now'
 * CXXFLAGS='-O2 -pipe -Wl,-O4 -Wl,-O4,--sort-common,--as-needed,-z,norelro,-z,now'
 * FFLAGS='-O2 -pipe -Wl,-O4 -Wl,-O4,--sort-common,--as-needed,-z,norelro,-z,now'
 * FCFLAGS='-O2 -pipe -Wl,-O4 -Wl,-O4,--sort-common,--as-needed,-z,norelro,-z,now'
 * F77FLAGS='-O2 -pipe -Wl,-O4 -Wl,-O4,--sort-common,--as-needed,-z,norelro,-z,now'
 * LDFLAGS='-Wl,-O4,--sort-common,--as-needed,-z,norelro,-z,now'
 * MAKEOPTS='-j12 -l12'
 * gcc (Gentoo 11.0.0_pre9999 p1, commit 184c21bf1cd04a108ed9bd04635e7d57ac39f616) 11.0.0 20200611 (experimental)
 * g++ (Gentoo 11.0.0_pre9999 p1, commit 184c21bf1cd04a108ed9bd04635e7d57ac39f616) 11.0.0 20200611 (experimental)
 * GNU ld (Gentoo 2.34 p4) 2.34.0
 * Linux rescue 5.4.36 #1 SMP Thu Apr 30 04:38:28 UTC 2020 x86_64 AMD Ryzen 5 3600 6-Core Processor AuthenticAMD GNU/Linux
acct-group/man: 5 minutes, 47 seconds average for 21 merges
2020-05-16T20:37:14 >>> acct-group/man: 7 seconds
2020-05-21T05:49:16 >>> acct-group/man: 7 seconds
2020-05-22T01:54:21 >>> acct-group/man: 6 minutes, 56 seconds
2020-05-22T03:05:36 >>> acct-group/man: 7 minutes, 31 seconds
2020-05-22T12:25:09 >>> acct-group/man: 7 minutes, 17 seconds
2020-05-23T03:27:05 >>> acct-group/man: 7 minutes, 6 seconds
2020-05-24T23:20:55 >>> acct-group/man: 9 minutes
2020-05-25T18:12:40 >>> acct-group/man: 7 minutes, 31 seconds
2020-05-25T19:49:56 >>> acct-group/man: 4 minutes, 25 seconds
2020-05-26T12:31:43 >>> acct-group/man: 4 minutes, 18 seconds
2020-05-26T13:46:10 >>> acct-group/man: 3 minutes, 40 seconds
2020-05-27T01:24:01 >>> acct-group/man: 3 minutes, 30 seconds
2020-05-27T02:59:04 >>> acct-group/man: 8 minutes, 22 seconds
2020-05-28T13:21:36 >>> acct-group/man: 6 minutes, 44 seconds
2020-05-28T14:11:21 >>> acct-group/man: 3 minutes, 34 seconds
2020-05-29T01:31:34 >>> acct-group/man: 3 minutes, 26 seconds
2020-05-30T12:26:20 >>> acct-group/man: 9 minutes, 4 seconds
2020-05-30T21:31:55 >>> acct-group/man: 3 minutes, 47 seconds
2020-06-01T01:43:34 >>> acct-group/man: 6 minutes, 47 seconds
2020-06-04T11:47:44 >>> acct-group/man: 18 minutes, 29 seconds
2020-06-12T01:18:46 >>> acct-group/man: 4 seconds
]0;emerge 03:15:53 26|907 man 08:27 (root@rescue)kemerge 03:15:53 26|907 man 08:27 (root@rescue)\>>> Unpacking source...
>>> Source unpacked in /tmp/portage/acct-group/man-0/work
>>> Preparing source in /tmp/portage/acct-group/man-0/work ...
>>> Source prepared.
>>> Configuring source in /tmp/portage/acct-group/man-0/work ...
>>> Source configured.
>>> Compiling source in /tmp/portage/acct-group/man-0/work ...
>>> Source compiled.
>>> Test phase [not enabled]: acct-group/man-0

>>> Install acct-group/man-0 into /tmp/portage/acct-group/man-0/image
>>> Completed installing acct-group/man-0 into /tmp/portage/acct-group/man-0/image

 * Final size of build directory: 4 KiB
 * Final size of installed tree:  4 KiB

./
>>> Done.
 * checking 0 files for package collisions
>>> Merging acct-group/man-0 to /
 * removing unneeded *.la files
>>> Safely unmerging already-installed instance...
>>> Original instance of package unmerged safely.
>>> acct-group/man-0 merged.
