>>> Extracting info
 * Package:    acct-user/systemd-resolve-0
 * Repository: gentoo
 * USE:        abi_x86_64 userland_GNU amd64 kernel_linux elibc_glibc
 * FEATURES:   network-sandbox preserve-libs sandbox userpriv usersandbox
 * FEATURES='assume-digests binpkg-docompress binpkg-dostrip binpkg-logs binpkg-multi-instance buildpkg cgroup compress-index config-protect-if-modified distlocks downgrade-backup fixlafiles ipc-sandbox merge-sync multilib-strict network-sandbox news nodoc parallel-fetch parallel-install pid-sandbox preserve-libs qa-unresolved-soname-deps sandbox sfperms strict strict-keepdir unknown-features-warn unmerge-backup unmerge-logs unmerge-orphans userfetch userpriv usersandbox usersync xattr'
 * CFLAGS='-march=native -O3 -fgraphite-identity -floop-nest-optimize -fdevirtualize-at-ltrans -fipa-pta -fno-semantic-interposition -flto=12 -fno-plt -fno-math-errno -fno-trapping-math -fuse-linker-plugin -pipe -g0 -falign-functions=32 -Wl,-O1 -Wl,--as-needed -Wl,--hash-style=gnu,-z,norelro,--as-needed'
 * CXXFLAGS='-march=native -O3 -fgraphite-identity -floop-nest-optimize -fdevirtualize-at-ltrans -fipa-pta -fno-semantic-interposition -flto=12 -fno-plt -fno-math-errno -fno-trapping-math -fuse-linker-plugin -pipe -g0 -falign-functions=32 -Wl,-O1 -Wl,--as-needed -Wl,--hash-style=gnu,-z,norelro,--as-needed'
 * FFLAGS='-march=native -O3 -fgraphite-identity -floop-nest-optimize -fdevirtualize-at-ltrans -fipa-pta -fno-semantic-interposition -flto=12 -fno-plt -fno-math-errno -fno-trapping-math -fuse-linker-plugin -pipe -g0 -falign-functions=32 -Wl,-O1 -Wl,--as-needed -Wl,--hash-style=gnu,-z,norelro,--as-needed'
 * FCFLAGS='-march=native -O3 -fgraphite-identity -floop-nest-optimize -fdevirtualize-at-ltrans -fipa-pta -fno-semantic-interposition -flto=12 -fno-plt -fno-math-errno -fno-trapping-math -fuse-linker-plugin -pipe -g0 -falign-functions=32 -Wl,-O1 -Wl,--as-needed -Wl,--hash-style=gnu,-z,norelro,--as-needed'
 * F77FLAGS='-march=native -O3 -fgraphite-identity -floop-nest-optimize -fdevirtualize-at-ltrans -fipa-pta -fno-semantic-interposition -flto=12 -fno-plt -fno-math-errno -fno-trapping-math -fuse-linker-plugin -pipe -g0 -falign-functions=32 -Wl,-O1 -Wl,--as-needed -Wl,--hash-style=gnu,-z,norelro,--as-needed'
 * LDFLAGS='-Wl,-O1 -Wl,--as-needed -Wl,--hash-style=gnu,-z,norelro,--as-needed -march=native -O3 -fgraphite-identity -floop-nest-optimize -fdevirtualize-at-ltrans -fipa-pta -fno-semantic-interposition -flto=12 -fno-plt -fno-math-errno -fno-trapping-math -fuse-linker-plugin -pipe -g0 -falign-functions=32'
 * MAKEOPTS='-j12 -l12'
 * gcc () 11.0.0 20200526 (experimental)
 * g++ () 11.0.0 20200526 (experimental)
 * GNU ld (Gentoo 2.34 p4) 2.34.0
 * Linux ryzen.gnum.org 5.4.36 #1 SMP Thu Apr 30 04:38:28 UTC 2020 x86_64 AMD Ryzen 5 3600 6-Core Processor AuthenticAMD GNU/Linux
acct-user/systemd-resolve: 1 minute, 41 seconds average for 14 merges
2020-05-16T14:44:09 >>> acct-user/systemd-resolve: 5 seconds
2020-05-16T20:48:23 >>> acct-user/systemd-resolve: 8 seconds
2020-05-20T01:01:16 >>> acct-user/systemd-resolve: 1 minute, 12 seconds
2020-05-21T05:59:10 >>> acct-user/systemd-resolve: 6 seconds
2020-05-22T02:04:18 >>> acct-user/systemd-resolve: 3 minutes, 12 seconds
2020-05-22T03:16:12 >>> acct-user/systemd-resolve: 2 minutes, 23 seconds
2020-05-22T12:35:31 >>> acct-user/systemd-resolve: 2 minutes, 15 seconds
2020-05-23T03:37:11 >>> acct-user/systemd-resolve: 2 minutes, 18 seconds
2020-05-24T23:32:45 >>> acct-user/systemd-resolve: 4 minutes, 47 seconds
2020-05-25T03:06:03 >>> acct-user/systemd-resolve: 31 seconds
2020-05-25T18:22:33 >>> acct-user/systemd-resolve: 2 minutes, 7 seconds
2020-05-25T19:56:51 >>> acct-user/systemd-resolve: 1 minute, 5 seconds
2020-05-26T12:56:48 >>> acct-user/systemd-resolve: 2 minutes, 18 seconds
2020-05-26T13:52:09 >>> acct-user/systemd-resolve: 1 minute, 13 seconds
]0;emerge 01:31:27 81|647 systemd-resolve 01:32 (root@ryzen.gnum.org)kemerge 01:31:27 81|647 systemd-resolve 01:32 (root@ryzen.gnum.org)\>>> Extracting acct-user/systemd-resolve-0
 * checking 0 files for package collisions
[32;01m * [39;49;00mBuilding package for acct-user/systemd-resolve-0 ...                  [34;01m[ [39;49;00m[32;01mok[39;49;00m[34;01m ][39;49;00m
[32;01m * [39;49;00mPackages now in '/usr/portage/packages':
[32;01m * [39;49;00macct-user/systemd-resolve-0: 23.5K

>>> Merging acct-user/systemd-resolve-0 to /
 * removing unneeded *.la files
>>> Safely unmerging already-installed instance...
>>> Original instance of package unmerged safely.
>>> acct-user/systemd-resolve-0 merged.
