>>> Extracting info
 * Package:    acct-user/systemd-network-0
 * Repository: gentoo
 * USE:        elibc_glibc amd64 userland_GNU kernel_linux abi_x86_64
 * FEATURES:   preserve-libs
 * /etc/portage/package.cflags/ltoworkarounds.conf -> */*: *FLAGS+=-Wl,-O4 *FLAGS-=-Wl,-O1
 * FEATURES='assume-digests binpkg-dostrip binpkg-logs buildpkg config-protect-if-modified distlocks ebuild-locks fixlafiles merge-sync multilib-strict news nodoc parallel-fetch preserve-libs qa-unresolved-soname-deps sfperms strict strict-keepdir unknown-features-warn unmerge-logs unmerge-orphans xattr'
 * CFLAGS='-march=znver2 -O2 -pipe -g0 -fno-semantic-interposition -fno-plt -falign-functions=32 -fno-stack-protector -fno-stack-clash-protection -fstack-check=no -fno-stack-check -Wl,-O4 -Wl,-O4,--sort-common,--as-needed,-z,norelro,-z,now'
 * CXXFLAGS='-march=znver2 -O2 -pipe -g0 -fno-semantic-interposition -fno-plt -falign-functions=32 -fno-stack-protector -fno-stack-clash-protection -fstack-check=no -fno-stack-check -Wl,-O4 -Wl,-O4,--sort-common,--as-needed,-z,norelro,-z,now'
 * FFLAGS='-march=znver2 -O2 -pipe -g0 -fno-semantic-interposition -fno-plt -falign-functions=32 -fno-stack-protector -fno-stack-clash-protection -fstack-check=no -fno-stack-check -Wl,-O4 -Wl,-O4,--sort-common,--as-needed,-z,norelro,-z,now'
 * FCFLAGS='-march=znver2 -O2 -pipe -g0 -fno-semantic-interposition -fno-plt -falign-functions=32 -fno-stack-protector -fno-stack-clash-protection -fstack-check=no -fno-stack-check -Wl,-O4 -Wl,-O4,--sort-common,--as-needed,-z,norelro,-z,now'
 * F77FLAGS='-march=znver2 -O2 -pipe -g0 -fno-semantic-interposition -fno-plt -falign-functions=32 -fno-stack-protector -fno-stack-clash-protection -fstack-check=no -fno-stack-check -Wl,-O4 -Wl,-O4,--sort-common,--as-needed,-z,norelro,-z,now'
 * LDFLAGS='-Wl,-O4,--sort-common,--as-needed,-z,norelro,-z,now'
 * MAKEOPTS='-j12 -l12'
 * gcc () 11.0.0 20200606 (experimental)
 * g++ () 11.0.0 20200606 (experimental)
 * GNU ld (Gentoo 2.34 p4) 2.34.0
 * Linux rescue 5.4.36 #1 SMP Thu Apr 30 04:38:28 UTC 2020 x86_64 AMD Ryzen 5 3600 6-Core Processor AuthenticAMD GNU/Linux
acct-user/systemd-network: 2 minutes, 7 seconds average for 23 merges
2020-05-16T14:44:03 >>> acct-user/systemd-network: 6 seconds
2020-05-16T20:48:16 >>> acct-user/systemd-network: 7 seconds
2020-05-20T01:01:15 >>> acct-user/systemd-network: 1 minute, 8 seconds
2020-05-21T05:59:04 >>> acct-user/systemd-network: 6 seconds
2020-05-22T02:04:17 >>> acct-user/systemd-network: 3 minutes, 9 seconds
2020-05-22T03:16:11 >>> acct-user/systemd-network: 2 minutes, 16 seconds
2020-05-22T12:35:30 >>> acct-user/systemd-network: 2 minutes, 12 seconds
2020-05-23T03:37:10 >>> acct-user/systemd-network: 2 minutes, 15 seconds
2020-05-24T23:32:45 >>> acct-user/systemd-network: 4 minutes, 43 seconds
2020-05-25T03:06:02 >>> acct-user/systemd-network: 28 seconds
2020-05-25T18:22:31 >>> acct-user/systemd-network: 2 minutes, 5 seconds
2020-05-25T19:56:51 >>> acct-user/systemd-network: 1 minute, 2 seconds
2020-05-26T12:56:47 >>> acct-user/systemd-network: 2 minutes, 15 seconds
2020-05-26T13:52:08 >>> acct-user/systemd-network: 1 minute, 11 seconds
2020-05-27T01:31:25 >>> acct-user/systemd-network: 38 seconds
2020-05-27T03:09:51 >>> acct-user/systemd-network: 2 minutes, 56 seconds
2020-05-28T13:30:52 >>> acct-user/systemd-network: 2 minutes, 11 seconds
2020-05-28T14:17:36 >>> acct-user/systemd-network: 1 minute, 15 seconds
2020-05-29T01:39:10 >>> acct-user/systemd-network: 41 seconds
2020-05-30T12:37:38 >>> acct-user/systemd-network: 2 minutes, 54 seconds
2020-05-30T21:37:44 >>> acct-user/systemd-network: 1 minute, 2 seconds
2020-06-01T01:53:06 >>> acct-user/systemd-network: 2 minutes, 5 seconds
2020-06-04T12:09:33 >>> acct-user/systemd-network: 12 minutes, 6 seconds
]0;emerge 01:25:44 50|626 systemd-network 05:04 (root@rescue)>>> Extracting acct-user/systemd-network-0
 * checking 0 files for package collisions
>>> Merging acct-user/systemd-network-0 to /
 * removing unneeded *.la files
>>> Safely unmerging already-installed instance...
>>> Original instance of package unmerged safely.
>>> acct-user/systemd-network-0 merged.
