 * Package:    app-eselect/eselect-notify-send-0.1
 * Repository: gentoo
 * Maintainer: freedesktop-bugs@gentoo.org
 * USE:        abi_x86_64 amd64 elibc_glibc kernel_linux userland_GNU
 * FEATURES:   ccache network-sandbox preserve-libs sandbox userpriv usersandbox
 * FEATURES='assume-digests binpkg-docompress binpkg-dostrip binpkg-logs binpkg-multi-instance buildpkg ccache compress-index config-protect-if-modified distlocks downgrade-backup fixlafiles ipc-sandbox merge-sync multilib-strict network-sandbox news nodoc parallel-fetch parallel-install pid-sandbox preserve-libs qa-unresolved-soname-deps sandbox sfperms strict unknown-features-warn unmerge-backup unmerge-logs unmerge-orphans userfetch userpriv usersandbox usersync xattr'
 * CFLAGS='-march=znver2 -O3 -fgraphite-identity -floop-nest-optimize -fdevirtualize-at-ltrans -fipa-pta -fno-semantic-interposition -flto=12 -fno-plt -fno-signed-zeros -fno-trapping-math -fassociative-math -freciprocal-math -fno-math-errno -ffinite-math-only -fno-rounding-math -fno-signaling-nans -fcx-limited-range -fexcess-precision=fast -falign-functions=32 -fno-stack-protector -fno-stack-clash-protection -fstack-check=no -fno-stack-check -fuse-linker-plugin -pipe -g0 -Wl,-O1 -Wl,--as-needed -Wl,-z,norelro -Wl,-z,now -Wl,--sort-common -s'
 * CXXFLAGS='-march=znver2 -O3 -fgraphite-identity -floop-nest-optimize -fdevirtualize-at-ltrans -fipa-pta -fno-semantic-interposition -flto=12 -fno-plt -fno-signed-zeros -fno-trapping-math -fassociative-math -freciprocal-math -fno-math-errno -ffinite-math-only -fno-rounding-math -fno-signaling-nans -fcx-limited-range -fexcess-precision=fast -falign-functions=32 -fno-stack-protector -fno-stack-clash-protection -fstack-check=no -fno-stack-check -fuse-linker-plugin -pipe -g0 -Wl,-O1 -Wl,--as-needed -Wl,-z,norelro -Wl,-z,now -Wl,--sort-common -s'
 * FFLAGS='-march=znver2 -O3 -fgraphite-identity -floop-nest-optimize -fdevirtualize-at-ltrans -fipa-pta -fno-semantic-interposition -flto=12 -fno-plt -fno-signed-zeros -fno-trapping-math -fassociative-math -freciprocal-math -fno-math-errno -ffinite-math-only -fno-rounding-math -fno-signaling-nans -fcx-limited-range -fexcess-precision=fast -falign-functions=32 -fno-stack-protector -fno-stack-clash-protection -fstack-check=no -fno-stack-check -fuse-linker-plugin -pipe -g0 -Wl,-O1 -Wl,--as-needed -Wl,-z,norelro -Wl,-z,now -Wl,--sort-common -s'
 * FCFLAGS='-march=znver2 -O3 -fgraphite-identity -floop-nest-optimize -fdevirtualize-at-ltrans -fipa-pta -fno-semantic-interposition -flto=12 -fno-plt -fno-signed-zeros -fno-trapping-math -fassociative-math -freciprocal-math -fno-math-errno -ffinite-math-only -fno-rounding-math -fno-signaling-nans -fcx-limited-range -fexcess-precision=fast -falign-functions=32 -fno-stack-protector -fno-stack-clash-protection -fstack-check=no -fno-stack-check -fuse-linker-plugin -pipe -g0 -Wl,-O1 -Wl,--as-needed -Wl,-z,norelro -Wl,-z,now -Wl,--sort-common -s'
 * F77FLAGS='-march=znver2 -O3 -fgraphite-identity -floop-nest-optimize -fdevirtualize-at-ltrans -fipa-pta -fno-semantic-interposition -flto=12 -fno-plt -fno-signed-zeros -fno-trapping-math -fassociative-math -freciprocal-math -fno-math-errno -ffinite-math-only -fno-rounding-math -fno-signaling-nans -fcx-limited-range -fexcess-precision=fast -falign-functions=32 -fno-stack-protector -fno-stack-clash-protection -fstack-check=no -fno-stack-check -fuse-linker-plugin -pipe -g0 -Wl,-O1 -Wl,--as-needed -Wl,-z,norelro -Wl,-z,now -Wl,--sort-common -s'
 * LDFLAGS='-Wl,-O1 -Wl,--as-needed -Wl,-z,norelro -Wl,-z,now -Wl,--sort-common -s -march=znver2 -O3 -fgraphite-identity -floop-nest-optimize -fdevirtualize-at-ltrans -fipa-pta -fno-semantic-interposition -flto=12 -fno-plt -fno-signed-zeros -fno-trapping-math -fassociative-math -freciprocal-math -fno-math-errno -ffinite-math-only -fno-rounding-math -fno-signaling-nans -fcx-limited-range -fexcess-precision=fast -falign-functions=32 -fno-stack-protector -fno-stack-clash-protection -fstack-check=no -fno-stack-check -fuse-linker-plugin -pipe -g0'
 * MAKEOPTS='-j12 -l12'
 * gcc () 11.0.0 20200530 (experimental)
 * g++ () 11.0.0 20200530 (experimental)
 * GNU ld (Gentoo 2.34 p4) 2.34.0
 * Linux ryzen.gnum.org 5.4.36 #1 SMP Thu Apr 30 04:38:28 UTC 2020 x86_64 AMD Ryzen 5 3600 6-Core Processor AuthenticAMD GNU/Linux
app-eselect/eselect-notify-send: 8 seconds average for 5 merges
2020-05-20T01:38:09 >>> app-eselect/eselect-notify-send: 3 seconds
2020-05-23T11:31:09 >>> app-eselect/eselect-notify-send: 9 seconds
2020-05-25T18:42:54 >>> app-eselect/eselect-notify-send: 10 seconds
2020-05-27T03:32:40 >>> app-eselect/eselect-notify-send: 11 seconds
2020-05-28T14:40:53 >>> app-eselect/eselect-notify-send: 11 seconds
]0;emerge 12:57:22 225|1110 eselect-notify-send 00:11 (root@ryzen.gnum.org)kemerge 12:57:22 225|1110 eselect-notify-send 00:11 (root@ryzen.gnum.org)\>>> Unpacking source...
>>> Source unpacked in /tmp/portage/app-eselect/eselect-notify-send-0.1/work
>>> Preparing source in /tmp/portage/app-eselect/eselect-notify-send-0.1/files ...
>>> Source prepared.
>>> Configuring source in /tmp/portage/app-eselect/eselect-notify-send-0.1/files ...
>>> Source configured.
>>> Compiling source in /tmp/portage/app-eselect/eselect-notify-send-0.1/files ...
>>> Source compiled.
>>> Test phase [not enabled]: app-eselect/eselect-notify-send-0.1

>>> Install app-eselect/eselect-notify-send-0.1 into /tmp/portage/app-eselect/eselect-notify-send-0.1/image/
>>> Completed installing app-eselect/eselect-notify-send-0.1 into /tmp/portage/app-eselect/eselect-notify-send-0.1/image/

 * Final size of build directory:  4 KiB
 * Final size of installed tree:  24 KiB

./
./usr/
./usr/share/
./usr/share/eselect/
./usr/share/eselect/modules/
./usr/share/eselect/modules/notify-send.eselect
>>> Done.
 * checking 1 files for package collisions
[32;01m * [39;49;00mBuilding package for app-eselect/eselect-notify-send-0.1 ...[32;01m * [39;49;00mwaiting for lock on /usr/portage/packages/.Packages.portage_lockfile ...  [34;01m[ [39;49;00m[32;01mok[39;49;00m[34;01m ][39;49;00m
          [34;01m[ [39;49;00m[32;01mok[39;49;00m[34;01m ][39;49;00m
[32;01m * [39;49;00mPackages now in '/usr/portage/packages':
[32;01m * [39;49;00mapp-eselect/eselect-notify-send-0.1: 17.3K

>>> Merging app-eselect/eselect-notify-send-0.1 to /
 * removing unneeded *.la files
--- /usr/
--- /usr/share/
--- /usr/share/eselect/
--- /usr/share/eselect/modules/
>>> /usr/share/eselect/modules/notify-send.eselect
>>> Safely unmerging already-installed instance...
>>> Original instance of package unmerged safely.
>>> app-eselect/eselect-notify-send-0.1 merged.
