No package files given... Grabbing a set.
<<<          obj /usr/share/gtk-doc/html/gtkspell/up.png
<<<          obj /usr/share/gtk-doc/html/gtkspell/tutorial.html
<<<          obj /usr/share/gtk-doc/html/gtkspell/tutorial-building.html
<<<          obj /usr/share/gtk-doc/html/gtkspell/style.css
<<<          obj /usr/share/gtk-doc/html/gtkspell/right.png
<<<          obj /usr/share/gtk-doc/html/gtkspell/reference.html
<<<          obj /usr/share/gtk-doc/html/gtkspell/left.png
<<<          obj /usr/share/gtk-doc/html/gtkspell/index.sgml
<<<          obj /usr/share/gtk-doc/html/gtkspell/index.html
<<<          obj /usr/share/gtk-doc/html/gtkspell/home.png
<<<          obj /usr/share/gtk-doc/html/gtkspell/gtkspell.devhelp2
<<<          obj /usr/share/gtk-doc/html/gtkspell/gtkspell.devhelp
<<<          obj /usr/share/gtk-doc/html/gtkspell/gtkspell-gtkspell.html
<<<          obj /usr/share/gtk-doc/html/gtkspell/chapter-tutorial.html
<<<          obj /usr/lib64/pkgconfig/gtkspell-2.0.pc
<<<          obj /usr/lib64/libgtkspell.so.0.0.0
<<<          sym /usr/lib64/libgtkspell.so.0
<<<          sym /usr/lib64/libgtkspell.so
<<<          obj /usr/include/gtkspell-2.0/gtkspell/gtkspell.h
<<<          dir /usr/share/gtk-doc/html/gtkspell
--- !empty   dir /usr/share/gtk-doc/html
--- !empty   dir /usr/share/gtk-doc
--- !empty   dir /usr/share
--- !empty   dir /usr/lib64/pkgconfig
--- !empty   dir /usr/lib64
<<<          dir /usr/include/gtkspell-2.0/gtkspell
<<<          dir /usr/include/gtkspell-2.0
--- !empty   dir /usr/include
--- !empty   dir /usr
>>> Regenerating /etc/ld.so.cache...
