 * Package:    app-eselect/eselect-lib-bin-symlink-0.1.1-r1
 * Repository: gentoo
 * Maintainer: mgorny@gentoo.org
 * Upstream:   mgorny@gentoo.org https://github.com/mgorny/eselect-lib-bin-symlink/issues/
 * USE:        abi_x86_64 amd64 elibc_glibc kernel_linux userland_GNU
 * FEATURES:   ccache network-sandbox preserve-libs sandbox userpriv usersandbox
 * /etc/portage/package.cflags/ltoworkarounds.conf -> */*: *FLAGS+=-Wl,-O4 *FLAGS-=-Wl,-O1
 * FEATURES='assume-digests binpkg-docompress binpkg-dostrip binpkg-logs binpkg-multi-instance buildpkg ccache cgroup compress-index config-protect-if-modified distlocks fixlafiles ipc-sandbox merge-sync multilib-strict network-sandbox news nodoc parallel-fetch parallel-install pid-sandbox preserve-libs qa-unresolved-soname-deps sandbox sfperms strict unknown-features-warn unmerge-logs unmerge-orphans userfetch userpriv usersandbox usersync xattr'
 * CFLAGS='-march=znver2 -pipe -g0 -O3 -fgraphite-identity -floop-nest-optimize -fdevirtualize-at-ltrans -fipa-pta -fno-semantic-interposition -flto=12 -fno-plt -fno-signed-zeros -fno-trapping-math -fassociative-math -freciprocal-math -fno-math-errno -ffinite-math-only -fno-rounding-math -fno-signaling-nans -fcx-limited-range -fexcess-precision=fast -falign-functions=32 -fno-stack-protector -fno-stack-clash-protection -fstack-check=no -fno-stack-check -fuse-linker-plugin -Wl,-O4 -Wl,--as-needed -Wl,-lpthread -Wl,-lgomp -Wl,-z,norelro -Wl,-z,now -Wl,--sort-common -s'
 * CXXFLAGS='-march=znver2 -pipe -g0 -O3 -fgraphite-identity -floop-nest-optimize -fdevirtualize-at-ltrans -fipa-pta -fno-semantic-interposition -flto=12 -fno-plt -fno-signed-zeros -fno-trapping-math -fassociative-math -freciprocal-math -fno-math-errno -ffinite-math-only -fno-rounding-math -fno-signaling-nans -fcx-limited-range -fexcess-precision=fast -falign-functions=32 -fno-stack-protector -fno-stack-clash-protection -fstack-check=no -fno-stack-check -fuse-linker-plugin -Wl,-O4 -Wl,--as-needed -Wl,-lpthread -Wl,-lgomp -Wl,-z,norelro -Wl,-z,now -Wl,--sort-common -s'
 * FFLAGS='-march=znver2 -pipe -g0 -O3 -fgraphite-identity -floop-nest-optimize -fdevirtualize-at-ltrans -fipa-pta -fno-semantic-interposition -flto=12 -fno-plt -fno-signed-zeros -fno-trapping-math -fassociative-math -freciprocal-math -fno-math-errno -ffinite-math-only -fno-rounding-math -fno-signaling-nans -fcx-limited-range -fexcess-precision=fast -falign-functions=32 -fno-stack-protector -fno-stack-clash-protection -fstack-check=no -fno-stack-check -fuse-linker-plugin -Wl,-O4 -Wl,--as-needed -Wl,-lpthread -Wl,-lgomp -Wl,-z,norelro -Wl,-z,now -Wl,--sort-common -s'
 * FCFLAGS='-march=znver2 -pipe -g0 -O3 -fgraphite-identity -floop-nest-optimize -fdevirtualize-at-ltrans -fipa-pta -fno-semantic-interposition -flto=12 -fno-plt -fno-signed-zeros -fno-trapping-math -fassociative-math -freciprocal-math -fno-math-errno -ffinite-math-only -fno-rounding-math -fno-signaling-nans -fcx-limited-range -fexcess-precision=fast -falign-functions=32 -fno-stack-protector -fno-stack-clash-protection -fstack-check=no -fno-stack-check -fuse-linker-plugin -Wl,-O4 -Wl,--as-needed -Wl,-lpthread -Wl,-lgomp -Wl,-z,norelro -Wl,-z,now -Wl,--sort-common -s'
 * F77FLAGS='-march=znver2 -pipe -g0 -O3 -fgraphite-identity -floop-nest-optimize -fdevirtualize-at-ltrans -fipa-pta -fno-semantic-interposition -flto=12 -fno-plt -fno-signed-zeros -fno-trapping-math -fassociative-math -freciprocal-math -fno-math-errno -ffinite-math-only -fno-rounding-math -fno-signaling-nans -fcx-limited-range -fexcess-precision=fast -falign-functions=32 -fno-stack-protector -fno-stack-clash-protection -fstack-check=no -fno-stack-check -fuse-linker-plugin -Wl,-O4 -Wl,--as-needed -Wl,-lpthread -Wl,-lgomp -Wl,-z,norelro -Wl,-z,now -Wl,--sort-common -s'
 * LDFLAGS='-march=znver2 -pipe -g0 -O3 -fgraphite-identity -floop-nest-optimize -fdevirtualize-at-ltrans -fipa-pta -fno-semantic-interposition -flto=12 -fno-plt -fno-signed-zeros -fno-trapping-math -fassociative-math -freciprocal-math -fno-math-errno -ffinite-math-only -fno-rounding-math -fno-signaling-nans -fcx-limited-range -fexcess-precision=fast -falign-functions=32 -fno-stack-protector -fno-stack-clash-protection -fstack-check=no -fno-stack-check -fuse-linker-plugin -Wl,-O4 -Wl,--as-needed -Wl,-lpthread -Wl,-lgomp -Wl,-z,norelro -Wl,-z,now -Wl,--sort-common -s'
 * MAKEOPTS='-j12 -l12'
 * gcc () 11.0.0 20200531 (experimental)
 * g++ () 11.0.0 20200531 (experimental)
 * GNU ld (Gentoo 2.34 p4) 2.34.0
 * Linux ryzen.gnum.org 5.4.36 #1 SMP Thu Apr 30 04:38:28 UTC 2020 x86_64 AMD Ryzen 5 3600 6-Core Processor AuthenticAMD GNU/Linux
app-eselect/eselect-lib-bin-symlink: 10 seconds average for 10 merges
2020-05-16T21:30:12 >>> app-eselect/eselect-lib-bin-symlink: 9 seconds
2020-05-20T01:37:35 >>> app-eselect/eselect-lib-bin-symlink: 6 seconds
2020-05-23T11:30:49 >>> app-eselect/eselect-lib-bin-symlink: 11 seconds
2020-05-24T23:53:08 >>> app-eselect/eselect-lib-bin-symlink: 11 seconds
2020-05-25T18:42:32 >>> app-eselect/eselect-lib-bin-symlink: 12 seconds
2020-05-25T20:06:18 >>> app-eselect/eselect-lib-bin-symlink: 11 seconds
2020-05-27T02:25:53 >>> app-eselect/eselect-lib-bin-symlink: 6 seconds
2020-05-27T03:32:24 >>> app-eselect/eselect-lib-bin-symlink: 15 seconds
2020-05-28T14:40:16 >>> app-eselect/eselect-lib-bin-symlink: 6 seconds
2020-05-30T12:56:50 >>> app-eselect/eselect-lib-bin-symlink: 18 seconds
]0;emerge 02:10:35 228|1172 eselect-lib-bin-symlink 00:13 (root@ryzen.gnum.org)kemerge 02:10:35 228|1172 eselect-lib-bin-symlink 00:13 (root@ryzen.gnum.org)\>>> Unpacking source...
>>> Unpacking eselect-lib-bin-symlink-0.1.1.tar.bz2 to /tmp/portage/app-eselect/eselect-lib-bin-symlink-0.1.1-r1/work
>>> Source unpacked in /tmp/portage/app-eselect/eselect-lib-bin-symlink-0.1.1-r1/work
>>> Preparing source in /tmp/portage/app-eselect/eselect-lib-bin-symlink-0.1.1-r1/work/eselect-lib-bin-symlink-0.1.1 ...
>>> Source prepared.
>>> Configuring source in /tmp/portage/app-eselect/eselect-lib-bin-symlink-0.1.1-r1/work/eselect-lib-bin-symlink-0.1.1 ...
./configure --prefix=/usr --build=x86_64-pc-linux-gnu --host=x86_64-pc-linux-gnu --mandir=/usr/share/man --infodir=/usr/share/info --datadir=/usr/share --sysconfdir=/etc --localstatedir=/var/lib --docdir=/usr/share/doc/eselect-lib-bin-symlink-0.1.1-r1 --htmldir=/usr/share/doc/eselect-lib-bin-symlink-0.1.1-r1/html --libdir=/usr/lib64
checking for a BSD-compatible install... /tmp/portage/._portage_reinstall_.fkxx96qe/bin/ebuild-helpers/xattr/install -c
checking whether build environment is sane... yes
checking for a thread-safe mkdir -p... /bin/mkdir -p
checking for gawk... gawk
checking whether make sets $(MAKE)... yes
checking for a sed that does not truncate output... /bin/sed
checking that generated files are newer than configure... done
configure: creating ./config.status
config.status: creating Makefile
>>> Source configured.
>>> Compiling source in /tmp/portage/app-eselect/eselect-lib-bin-symlink-0.1.1-r1/work/eselect-lib-bin-symlink-0.1.1 ...
make -j12 -l12 
make: Nothing to be done for 'all'.
>>> Source compiled.
>>> Test phase [not enabled]: app-eselect/eselect-lib-bin-symlink-0.1.1-r1

>>> Install app-eselect/eselect-lib-bin-symlink-0.1.1-r1 into /tmp/portage/app-eselect/eselect-lib-bin-symlink-0.1.1-r1/image
make -j12 -l12 DESTDIR=/tmp/portage/app-eselect/eselect-lib-bin-symlink-0.1.1-r1/image install 
make[1]: Entering directory '/tmp/portage/app-eselect/eselect-lib-bin-symlink-0.1.1-r1/work/eselect-lib-bin-symlink-0.1.1'
make[1]: Nothing to be done for 'install-exec-am'.
 /bin/mkdir -p '/tmp/portage/app-eselect/eselect-lib-bin-symlink-0.1.1-r1/image/usr/share/eselect/libs'
 /tmp/portage/._portage_reinstall_.fkxx96qe/bin/ebuild-helpers/xattr/install -c -m 644 libs/bin-symlink.bash '/tmp/portage/app-eselect/eselect-lib-bin-symlink-0.1.1-r1/image/usr/share/eselect/libs'
make[1]: Leaving directory '/tmp/portage/app-eselect/eselect-lib-bin-symlink-0.1.1-r1/work/eselect-lib-bin-symlink-0.1.1'
>>> Completed installing app-eselect/eselect-lib-bin-symlink-0.1.1-r1 into /tmp/portage/app-eselect/eselect-lib-bin-symlink-0.1.1-r1/image

 * Final size of build directory: 276 KiB
 * Final size of installed tree:   40 KiB

./
./usr/
./usr/share/
./usr/share/eselect/
./usr/share/eselect/libs/
./usr/share/eselect/libs/bin-symlink.bash
./usr/share/doc/
./usr/share/doc/eselect-lib-bin-symlink-0.1.1-r1/
./usr/share/doc/eselect-lib-bin-symlink-0.1.1-r1/NEWS.bz2
>>> Done.
 * checking 1 files for package collisions
>>> Merging app-eselect/eselect-lib-bin-symlink-0.1.1-r1 to /
 * removing unneeded *.la files
--- /usr/
--- /usr/share/
--- /usr/share/eselect/
--- /usr/share/eselect/libs/
>>> /usr/share/eselect/libs/bin-symlink.bash
>>> Safely unmerging already-installed instance...
>>> Original instance of package unmerged safely.
>>> app-eselect/eselect-lib-bin-symlink-0.1.1-r1 merged.
