 * Package:    app-text/build-docbook-catalog-1.21
 * Repository: gentoo
 * USE:        abi_x86_64 amd64 elibc_glibc kernel_linux userland_GNU
 * FEATURES:   network-sandbox preserve-libs sandbox userpriv usersandbox
 * FEATURES='assume-digests binpkg-docompress binpkg-dostrip binpkg-logs binpkg-multi-instance buildpkg cgroup compress-index config-protect-if-modified distlocks downgrade-backup fixlafiles ipc-sandbox merge-sync multilib-strict network-sandbox news nodoc parallel-fetch parallel-install pid-sandbox preserve-libs qa-unresolved-soname-deps sandbox sfperms strict strict-keepdir unknown-features-warn unmerge-backup unmerge-logs unmerge-orphans userfetch userpriv usersandbox usersync xattr'
 * CFLAGS='-march=native -O3 -fgraphite-identity -floop-nest-optimize -fdevirtualize-at-ltrans -fipa-pta -fno-semantic-interposition -flto=12 -fno-plt -fno-signed-zeros -fno-trapping-math -fassociative-math -freciprocal-math -fno-math-errno -ffinite-math-only -fno-rounding-math -fno-signaling-nans -fcx-limited-range -fexcess-precision=fast -fuse-linker-plugin -pipe -g0 -falign-functions=32 -Wl,-O1 -Wl,--as-needed -Wl,-O4,--hash-style=gnu,--sort-common,--as-needed,-z,relro,-z,now,-lgomp,-lpthread'
 * CXXFLAGS='-march=native -O3 -fgraphite-identity -floop-nest-optimize -fdevirtualize-at-ltrans -fipa-pta -fno-semantic-interposition -flto=12 -fno-plt -fno-signed-zeros -fno-trapping-math -fassociative-math -freciprocal-math -fno-math-errno -ffinite-math-only -fno-rounding-math -fno-signaling-nans -fcx-limited-range -fexcess-precision=fast -fuse-linker-plugin -pipe -g0 -falign-functions=32 -Wl,-O1 -Wl,--as-needed -Wl,-O4,--hash-style=gnu,--sort-common,--as-needed,-z,relro,-z,now,-lgomp,-lpthread'
 * FFLAGS='-march=native -O3 -fgraphite-identity -floop-nest-optimize -fdevirtualize-at-ltrans -fipa-pta -fno-semantic-interposition -flto=12 -fno-plt -fno-signed-zeros -fno-trapping-math -fassociative-math -freciprocal-math -fno-math-errno -ffinite-math-only -fno-rounding-math -fno-signaling-nans -fcx-limited-range -fexcess-precision=fast -fuse-linker-plugin -pipe -g0 -falign-functions=32 -Wl,-O1 -Wl,--as-needed -Wl,-O4,--hash-style=gnu,--sort-common,--as-needed,-z,relro,-z,now,-lgomp,-lpthread'
 * FCFLAGS='-march=native -O3 -fgraphite-identity -floop-nest-optimize -fdevirtualize-at-ltrans -fipa-pta -fno-semantic-interposition -flto=12 -fno-plt -fno-signed-zeros -fno-trapping-math -fassociative-math -freciprocal-math -fno-math-errno -ffinite-math-only -fno-rounding-math -fno-signaling-nans -fcx-limited-range -fexcess-precision=fast -fuse-linker-plugin -pipe -g0 -falign-functions=32 -Wl,-O1 -Wl,--as-needed -Wl,-O4,--hash-style=gnu,--sort-common,--as-needed,-z,relro,-z,now,-lgomp,-lpthread'
 * F77FLAGS='-march=native -O3 -fgraphite-identity -floop-nest-optimize -fdevirtualize-at-ltrans -fipa-pta -fno-semantic-interposition -flto=12 -fno-plt -fno-signed-zeros -fno-trapping-math -fassociative-math -freciprocal-math -fno-math-errno -ffinite-math-only -fno-rounding-math -fno-signaling-nans -fcx-limited-range -fexcess-precision=fast -fuse-linker-plugin -pipe -g0 -falign-functions=32 -Wl,-O1 -Wl,--as-needed -Wl,-O4,--hash-style=gnu,--sort-common,--as-needed,-z,relro,-z,now,-lgomp,-lpthread'
 * LDFLAGS='-Wl,-O1 -Wl,--as-needed -Wl,-O4,--hash-style=gnu,--sort-common,--as-needed,-z,relro,-z,now,-lgomp,-lpthread -march=native -O3 -fgraphite-identity -floop-nest-optimize -fdevirtualize-at-ltrans -fipa-pta -fno-semantic-interposition -flto=12 -fno-plt -fno-signed-zeros -fno-trapping-math -fassociative-math -freciprocal-math -fno-math-errno -ffinite-math-only -fno-rounding-math -fno-signaling-nans -fcx-limited-range -fexcess-precision=fast -fuse-linker-plugin -pipe -g0 -falign-functions=32'
 * MAKEOPTS='-j12 -l12'
 * gcc () 11.0.0 20200526 (experimental)
 * g++ () 11.0.0 20200526 (experimental)
 * GNU ld (Gentoo 2.34 p4) 2.34.0
 * Linux ryzen.gnum.org 5.4.36 #1 SMP Thu Apr 30 04:38:28 UTC 2020 x86_64 AMD Ryzen 5 3600 6-Core Processor AuthenticAMD GNU/Linux
app-text/build-docbook-catalog: 8 seconds average for 8 merges
2020-05-16T20:51:09 >>> app-text/build-docbook-catalog: 8 seconds
2020-05-20T01:27:08 >>> app-text/build-docbook-catalog: 6 seconds
2020-05-23T11:33:19 >>> app-text/build-docbook-catalog: 14 seconds
2020-05-24T23:56:17 >>> app-text/build-docbook-catalog: 10 seconds
2020-05-25T18:37:51 >>> app-text/build-docbook-catalog: 10 seconds
2020-05-25T20:15:30 >>> app-text/build-docbook-catalog: 10 seconds
2020-05-26T14:39:27 >>> app-text/build-docbook-catalog: 6 seconds
2020-05-27T02:15:48 >>> app-text/build-docbook-catalog: 7 seconds
]0;emerge 03:24:25 196|980 build-docbook-catalog 00:08 (root@ryzen.gnum.org)kemerge 03:24:25 196|980 build-docbook-catalog 00:08 (root@ryzen.gnum.org)\>>> Unpacking source...
>>> Unpacking build-docbook-catalog-1.21.tar.xz to /tmp/portage/app-text/build-docbook-catalog-1.21/work
>>> Source unpacked in /tmp/portage/app-text/build-docbook-catalog-1.21/work
>>> Preparing source in /tmp/portage/app-text/build-docbook-catalog-1.21/work/build-docbook-catalog-1.21 ...
>>> Source prepared.
>>> Configuring source in /tmp/portage/app-text/build-docbook-catalog-1.21/work/build-docbook-catalog-1.21 ...
>>> Source configured.
>>> Compiling source in /tmp/portage/app-text/build-docbook-catalog-1.21/work/build-docbook-catalog-1.21 ...
make -j12 -l12 EPREFIX= 
make: Nothing to be done for 'all'.
>>> Source compiled.
>>> Test phase [not enabled]: app-text/build-docbook-catalog-1.21

>>> Install app-text/build-docbook-catalog-1.21 into /tmp/portage/app-text/build-docbook-catalog-1.21/image/
make -j12 -l12 EPREFIX= DESTDIR=/tmp/portage/app-text/build-docbook-catalog-1.21/image/ install 
install -d /tmp/portage/app-text/build-docbook-catalog-1.21/image//usr/sbin
awk: cmd. line:1: warning: regexp escape sequence `\#' is not a known regexp operator
awk: cmd. line:1: warning: regexp escape sequence `\#' is not a known regexp operator
install -m 755 build-docbook-catalog /tmp/portage/app-text/build-docbook-catalog-1.21/image//usr/sbin
>>> Completed installing app-text/build-docbook-catalog-1.21 into /tmp/portage/app-text/build-docbook-catalog-1.21/image/

 * Final size of build directory: 32 KiB
 * Final size of installed tree:  44 KiB

./
./usr/
./usr/sbin/
./usr/sbin/build-docbook-catalog
./usr/share/
./usr/share/doc/
./usr/share/doc/build-docbook-catalog-1.21/
./usr/share/doc/build-docbook-catalog-1.21/README.bz2
>>> Done.
 * checking 1 files for package collisions
>>> Merging app-text/build-docbook-catalog-1.21 to /
 * removing unneeded *.la files
--- /usr/
--- /usr/sbin/
>>> /usr/sbin/build-docbook-catalog
>>> Safely unmerging already-installed instance...
>>> Original instance of package unmerged safely.
Found DocBook XSL stylesheets (xsl) in /usr/share/sgml/docbook/xsl-stylesheets
Found DocBook XSL stylesheets (xsl-ns) in /usr/share/sgml/docbook/xsl-ns-stylesheets
DocBook XSL stylesheets (xsl-saxon) not found
DocBook XSL stylesheets (xsl-xalan) not found
find: ‘xml-simple-dtd-*/’: No such file or directory
Found DocBook XML 4.1.2 in /usr/share/sgml/docbook/xml-dtd-4.1.2
Found DocBook XML 4.2 in /usr/share/sgml/docbook/xml-dtd-4.2
Found DocBook XML 4.3 in /usr/share/sgml/docbook/xml-dtd-4.3
Found DocBook XML 4.4 in /usr/share/sgml/docbook/xml-dtd-4.4
Found DocBook XML 4.5 in /usr/share/sgml/docbook/xml-dtd-4.5
Using ISO DocBook entities from /usr/share/sgml/docbook/xml-dtd-4.3/ent
>>> app-text/build-docbook-catalog-1.21 merged.
