>>> Extracting info
 * Package:    app-arch/lz4-1.9.2
 * Repository: gentoo
 * USE:        elibc_glibc amd64 userland_GNU kernel_linux abi_x86_64
 * FEATURES:   preserve-libs
 * /etc/portage/package.cflags/ltoworkarounds.conf -> */*: *FLAGS+=-Wl,-O4 *FLAGS-=-Wl,-O1
 * FEATURES='assume-digests binpkg-dostrip binpkg-logs buildpkg config-protect-if-modified distlocks ebuild-locks fixlafiles merge-sync multilib-strict news nodoc parallel-fetch preserve-libs qa-unresolved-soname-deps sfperms strict strict-keepdir unknown-features-warn unmerge-logs unmerge-orphans xattr'
 * CFLAGS='-march=znver2 -O2 -pipe -g0 -fno-semantic-interposition -fno-plt -falign-functions=32 -fno-stack-protector -fno-stack-clash-protection -fstack-check=no -fno-stack-check -Wl,-O4 -Wl,-O4,--sort-common,--as-needed,-z,norelro,-z,now,-lgomp,-lpthread'
 * CXXFLAGS='-march=znver2 -O2 -pipe -g0 -fno-semantic-interposition -fno-plt -falign-functions=32 -fno-stack-protector -fno-stack-clash-protection -fstack-check=no -fno-stack-check -Wl,-O4 -Wl,-O4,--sort-common,--as-needed,-z,norelro,-z,now,-lgomp,-lpthread'
 * FFLAGS='-march=znver2 -O2 -pipe -g0 -fno-semantic-interposition -fno-plt -falign-functions=32 -fno-stack-protector -fno-stack-clash-protection -fstack-check=no -fno-stack-check -Wl,-O4 -Wl,-O4,--sort-common,--as-needed,-z,norelro,-z,now,-lgomp,-lpthread'
 * FCFLAGS='-march=znver2 -O2 -pipe -g0 -fno-semantic-interposition -fno-plt -falign-functions=32 -fno-stack-protector -fno-stack-clash-protection -fstack-check=no -fno-stack-check -Wl,-O4 -Wl,-O4,--sort-common,--as-needed,-z,norelro,-z,now,-lgomp,-lpthread'
 * F77FLAGS='-march=znver2 -O2 -pipe -g0 -fno-semantic-interposition -fno-plt -falign-functions=32 -fno-stack-protector -fno-stack-clash-protection -fstack-check=no -fno-stack-check -Wl,-O4 -Wl,-O4,--sort-common,--as-needed,-z,norelro,-z,now,-lgomp,-lpthread'
 * LDFLAGS='-march=znver2 -O2 -pipe -g0 -fno-semantic-interposition -fno-plt -falign-functions=32 -fno-stack-protector -fno-stack-clash-protection -fstack-check=no -fno-stack-check -Wl,-O4,--sort-common,--as-needed,-z,norelro,-z,now,-lgomp,-lpthread'
 * MAKEOPTS='-j12 -l12'
 * gcc () 11.0.0 20200606 (experimental)
 * g++ () 11.0.0 20200606 (experimental)
 * GNU ld (Gentoo 2.34 p4) 2.34.0
 * Linux rescue 5.4.36 #1 SMP Thu Apr 30 04:38:28 UTC 2020 x86_64 AMD Ryzen 5 3600 6-Core Processor AuthenticAMD GNU/Linux
app-arch/lz4: 9 seconds average for 18 merges
2020-05-16T02:59:13 >>> app-arch/lz4: 10 seconds
2020-05-20T01:07:14 >>> app-arch/lz4: 5 seconds
2020-05-20T02:40:30 >>> app-arch/lz4: 8 seconds
2020-05-20T02:42:17 >>> app-arch/lz4: 8 seconds
2020-05-20T02:44:47 >>> app-arch/lz4: 8 seconds
2020-05-21T06:06:58 >>> app-arch/lz4: 6 seconds
2020-05-25T01:16:39 >>> app-arch/lz4: 23 seconds
2020-05-25T03:12:32 >>> app-arch/lz4: 6 seconds
2020-05-25T14:44:30 >>> app-arch/lz4: 4 seconds
2020-05-26T04:00:18 >>> app-arch/lz4: 15 seconds
2020-05-26T13:59:18 >>> app-arch/lz4: 6 seconds
2020-05-27T01:40:34 >>> app-arch/lz4: 6 seconds
2020-05-27T03:50:15 >>> app-arch/lz4: 16 seconds
2020-05-28T14:23:47 >>> app-arch/lz4: 7 seconds
2020-05-29T01:47:12 >>> app-arch/lz4: 8 seconds
2020-05-30T13:29:12 >>> app-arch/lz4: 16 seconds
2020-05-30T21:44:07 >>> app-arch/lz4: 7 seconds
2020-06-01T02:47:50 >>> app-arch/lz4: 17 seconds
]0;emerge 01:31:16 107|626 lz4 00:13 (root@rescue)>>> Extracting app-arch/lz4-1.9.2
 * One or more compressed files were found in docompress-ed directories.
 * Please fix the ebuild not to install compressed files (manpages,
 * documentation) when automatic compression is used:
 * 
 *   /usr/share/man/man1/lz4.1.bz2
 * checking 14 files for package collisions
>>> Merging app-arch/lz4-1.9.2 to /
 * removing unneeded *.la files
--- /usr/
--- /usr/bin/
>>> /usr/bin/lz4
>>> /usr/bin/lz4c
>>> /usr/bin/lz4cat -> lz4
>>> /usr/bin/unlz4 -> lz4
--- /usr/include/
>>> /usr/include/lz4.h
>>> /usr/include/lz4frame.h
>>> /usr/include/lz4hc.h
--- /usr/lib64/
>>> /usr/lib64/liblz4.so -> liblz4.so.1
>>> /usr/lib64/liblz4.so.1 -> liblz4.so.1.9.2
>>> /usr/lib64/liblz4.so.1.9.2
--- /usr/lib64/pkgconfig/
>>> /usr/lib64/pkgconfig/liblz4.pc
--- /usr/share/
--- /usr/share/man/
--- /usr/share/man/man1/
>>> /usr/share/man/man1/lz4cat.1
>>> /usr/share/man/man1/unlz4.1
>>> /usr/share/man/man1/lz4.1.bz2
>>> Safely unmerging already-installed instance...
>>> Original instance of package unmerged safely.
>>> app-arch/lz4-1.9.2 merged.
>>> Regenerating /etc/ld.so.cache...
