 * Package:    app-portage/portage-bashrc-mv-20.0
 * Repository: mv
 * Maintainer: martin@mvath.de
 * Upstream:   martin@mvath.de
 * USE:        abi_x86_64 amd64 ccache cflags elibc_glibc kernel_linux remove-la title userland_GNU
 * FEATURES:   ccache network-sandbox preserve-libs sandbox userpriv usersandbox
 * FEATURES='assume-digests binpkg-docompress binpkg-dostrip binpkg-logs binpkg-multi-instance buildpkg ccache compress-index config-protect-if-modified distlocks downgrade-backup fixlafiles ipc-sandbox merge-sync multilib-strict network-sandbox news nodoc parallel-fetch parallel-install pid-sandbox preserve-libs qa-unresolved-soname-deps sandbox sfperms strict unknown-features-warn unmerge-backup unmerge-logs unmerge-orphans userfetch userpriv usersandbox usersync xattr'
 * CFLAGS='-march=znver2 -O3 -fgraphite-identity -floop-nest-optimize -fdevirtualize-at-ltrans -fipa-pta -fno-semantic-interposition -flto=12 -fno-plt -fno-signed-zeros -fno-trapping-math -fassociative-math -freciprocal-math -fno-math-errno -ffinite-math-only -fno-rounding-math -fno-signaling-nans -fcx-limited-range -fexcess-precision=fast -falign-functions=32 -fno-stack-protector -fno-stack-clash-protection -fstack-check=no -fno-stack-check -fuse-linker-plugin -pipe -g0 -Wl,-O1 -Wl,--as-needed -Wl,-z,norelro -Wl,-z,now -Wl,--sort-common -s'
 * CXXFLAGS='-march=znver2 -O3 -fgraphite-identity -floop-nest-optimize -fdevirtualize-at-ltrans -fipa-pta -fno-semantic-interposition -flto=12 -fno-plt -fno-signed-zeros -fno-trapping-math -fassociative-math -freciprocal-math -fno-math-errno -ffinite-math-only -fno-rounding-math -fno-signaling-nans -fcx-limited-range -fexcess-precision=fast -falign-functions=32 -fno-stack-protector -fno-stack-clash-protection -fstack-check=no -fno-stack-check -fuse-linker-plugin -pipe -g0 -Wl,-O1 -Wl,--as-needed -Wl,-z,norelro -Wl,-z,now -Wl,--sort-common -s'
 * FFLAGS='-march=znver2 -O3 -fgraphite-identity -floop-nest-optimize -fdevirtualize-at-ltrans -fipa-pta -fno-semantic-interposition -flto=12 -fno-plt -fno-signed-zeros -fno-trapping-math -fassociative-math -freciprocal-math -fno-math-errno -ffinite-math-only -fno-rounding-math -fno-signaling-nans -fcx-limited-range -fexcess-precision=fast -falign-functions=32 -fno-stack-protector -fno-stack-clash-protection -fstack-check=no -fno-stack-check -fuse-linker-plugin -pipe -g0 -Wl,-O1 -Wl,--as-needed -Wl,-z,norelro -Wl,-z,now -Wl,--sort-common -s'
 * FCFLAGS='-march=znver2 -O3 -fgraphite-identity -floop-nest-optimize -fdevirtualize-at-ltrans -fipa-pta -fno-semantic-interposition -flto=12 -fno-plt -fno-signed-zeros -fno-trapping-math -fassociative-math -freciprocal-math -fno-math-errno -ffinite-math-only -fno-rounding-math -fno-signaling-nans -fcx-limited-range -fexcess-precision=fast -falign-functions=32 -fno-stack-protector -fno-stack-clash-protection -fstack-check=no -fno-stack-check -fuse-linker-plugin -pipe -g0 -Wl,-O1 -Wl,--as-needed -Wl,-z,norelro -Wl,-z,now -Wl,--sort-common -s'
 * F77FLAGS='-march=znver2 -O3 -fgraphite-identity -floop-nest-optimize -fdevirtualize-at-ltrans -fipa-pta -fno-semantic-interposition -flto=12 -fno-plt -fno-signed-zeros -fno-trapping-math -fassociative-math -freciprocal-math -fno-math-errno -ffinite-math-only -fno-rounding-math -fno-signaling-nans -fcx-limited-range -fexcess-precision=fast -falign-functions=32 -fno-stack-protector -fno-stack-clash-protection -fstack-check=no -fno-stack-check -fuse-linker-plugin -pipe -g0 -Wl,-O1 -Wl,--as-needed -Wl,-z,norelro -Wl,-z,now -Wl,--sort-common -s'
 * LDFLAGS='-Wl,-O1 -Wl,--as-needed -Wl,-z,norelro -Wl,-z,now -Wl,--sort-common -s -march=znver2 -O3 -fgraphite-identity -floop-nest-optimize -fdevirtualize-at-ltrans -fipa-pta -fno-semantic-interposition -flto=12 -fno-plt -fno-signed-zeros -fno-trapping-math -fassociative-math -freciprocal-math -fno-math-errno -ffinite-math-only -fno-rounding-math -fno-signaling-nans -fcx-limited-range -fexcess-precision=fast -falign-functions=32 -fno-stack-protector -fno-stack-clash-protection -fstack-check=no -fno-stack-check -fuse-linker-plugin -pipe -g0'
 * MAKEOPTS='-j12 -l12'
 * gcc () 11.0.0 20200530 (experimental)
 * g++ () 11.0.0 20200530 (experimental)
 * GNU ld (Gentoo 2.34 p4) 2.34.0
 * Linux ryzen.gnum.org 5.4.36 #1 SMP Thu Apr 30 04:38:28 UTC 2020 x86_64 AMD Ryzen 5 3600 6-Core Processor AuthenticAMD GNU/Linux
app-portage/portage-bashrc-mv: 9 seconds average for 5 merges
2020-05-16T18:33:23 >>> app-portage/portage-bashrc-mv: 6 seconds
2020-05-16T20:55:43 >>> app-portage/portage-bashrc-mv: 8 seconds
2020-05-23T11:29:27 >>> app-portage/portage-bashrc-mv: 11 seconds
2020-05-25T18:32:54 >>> app-portage/portage-bashrc-mv: 11 seconds
2020-05-27T03:23:22 >>> app-portage/portage-bashrc-mv: 11 seconds
]0;emerge 13:02:20 258|1110 portage-bashrc-mv 00:11 (root@ryzen.gnum.org)kemerge 13:02:20 258|1110 portage-bashrc-mv 00:11 (root@ryzen.gnum.org)\>>> Unpacking source...
>>> Unpacking portage-bashrc-mv-20.0.tar.gz to /tmp/portage/app-portage/portage-bashrc-mv-20.0/work
>>> Source unpacked in /tmp/portage/app-portage/portage-bashrc-mv-20.0/work
>>> Preparing source in /tmp/portage/app-portage/portage-bashrc-mv-20.0/work/portage-bashrc-mv-20.0 ...
>>> Source prepared.
>>> Configuring source in /tmp/portage/app-portage/portage-bashrc-mv-20.0/work/portage-bashrc-mv-20.0 ...
>>> Source configured.
>>> Compiling source in /tmp/portage/app-portage/portage-bashrc-mv-20.0/work/portage-bashrc-mv-20.0 ...
>>> Source compiled.
>>> Test phase [not enabled]: app-portage/portage-bashrc-mv-20.0

>>> Install app-portage/portage-bashrc-mv-20.0 into /tmp/portage/app-portage/portage-bashrc-mv-20.0/image
>>> Completed installing app-portage/portage-bashrc-mv-20.0 into /tmp/portage/app-portage/portage-bashrc-mv-20.0/image

 * Final size of build directory: 100 KiB
 * Final size of installed tree:  116 KiB

./
./usr/
./usr/share/
./usr/share/doc/
./usr/share/doc/portage-bashrc-mv-20.0/
./usr/share/doc/portage-bashrc-mv-20.0/fix-portage-2.2.15
./usr/share/doc/portage-bashrc-mv-20.0/README.md.bz2
./usr/share/doc/portage-bashrc-mv-20.0/AUTHORS.bz2
./usr/share/doc/portage-bashrc-mv-20.0/NEWS.bz2
./etc/
./etc/portage/
./etc/portage/bashrc.d/
./etc/portage/bashrc.d/README.bz2
./etc/portage/bashrc.d/10-flag.sh
./etc/portage/bashrc.d/80-remove_la.sh
./etc/portage/bashrc.d/bashrcd.sh
./etc/portage/bashrc.d/80-localepurge.sh
./etc/portage/bashrc.d/50-ccache.sh
./etc/portage/bashrc.d/20-title.sh
./etc/portage/bashrc
>>> Done.
 * checking 8 files for package collisions
[32;01m * [39;49;00mBuilding package for app-portage/portage-bashrc-mv-20.0 ...           [34;01m[ [39;49;00m[32;01mok[39;49;00m[34;01m ][39;49;00m
[33;01m * [39;49;00mExcluded config: '/etc/portage/bashrc'
[33;01m * [39;49;00mExcluded config: '/etc/portage/bashrc.d/10-flag.sh'
[33;01m * [39;49;00mExcluded config: '/etc/portage/bashrc.d/20-title.sh'
[33;01m * [39;49;00mExcluded config: '/etc/portage/bashrc.d/50-ccache.sh'
[33;01m * [39;49;00mExcluded config: '/etc/portage/bashrc.d/80-localepurge.sh'
[33;01m * [39;49;00mExcluded config: '/etc/portage/bashrc.d/80-remove_la.sh'
[33;01m * [39;49;00mExcluded config: '/etc/portage/bashrc.d/README.bz2'
[33;01m * [39;49;00mExcluded config: '/etc/portage/bashrc.d/bashrcd.sh'
[32;01m * [39;49;00mPackages now in '/usr/portage/packages':
[32;01m * [39;49;00mapp-portage/portage-bashrc-mv-20.0: 21.5K
[33;01m * [39;49;00mExcluded config files: 8
[33;01m * [39;49;00mSee --help if you would like to include config files.


>>> Merging app-portage/portage-bashrc-mv-20.0 to /
 * removing unneeded *.la files
--- /etc/
--- /etc/portage/
>>> /etc/portage/bashrc
--- /etc/portage/bashrc.d/
>>> /etc/portage/bashrc.d/20-title.sh
>>> /etc/portage/bashrc.d/50-ccache.sh
>>> /etc/portage/bashrc.d/80-localepurge.sh
>>> /etc/portage/bashrc.d/bashrcd.sh
>>> /etc/portage/bashrc.d/80-remove_la.sh
>>> /etc/portage/bashrc.d/10-flag.sh
>>> /etc/portage/bashrc.d/README.bz2
--- /usr/
>>> Safely unmerging already-installed instance...
>>> Original instance of package unmerged safely.
>>> app-portage/portage-bashrc-mv-20.0 merged.
