>>> Extracting info
 * Package:    app-eselect/eselect-iptables-20200508
 * Repository: gentoo
 * USE:        abi_x86_64 userland_GNU amd64 kernel_linux elibc_glibc
 * FEATURES:   network-sandbox preserve-libs sandbox userpriv usersandbox
 * FEATURES='assume-digests binpkg-docompress binpkg-dostrip binpkg-logs binpkg-multi-instance buildpkg cgroup compress-index config-protect-if-modified distlocks downgrade-backup fixlafiles ipc-sandbox merge-sync multilib-strict network-sandbox news nodoc parallel-fetch parallel-install pid-sandbox preserve-libs qa-unresolved-soname-deps sandbox sfperms strict strict-keepdir unknown-features-warn unmerge-backup unmerge-logs unmerge-orphans userfetch userpriv usersandbox usersync xattr'
 * CFLAGS='-march=native -O3 -fgraphite-identity -floop-nest-optimize -fdevirtualize-at-ltrans -fipa-pta -fno-semantic-interposition -flto=12 -fno-plt -fno-math-errno -fno-trapping-math -fuse-linker-plugin -pipe -g0 -falign-functions=32 -Wl,-O1 -Wl,--as-needed -Wl,--hash-style=gnu,-z,norelro,--as-needed'
 * CXXFLAGS='-march=native -O3 -fgraphite-identity -floop-nest-optimize -fdevirtualize-at-ltrans -fipa-pta -fno-semantic-interposition -flto=12 -fno-plt -fno-math-errno -fno-trapping-math -fuse-linker-plugin -pipe -g0 -falign-functions=32 -Wl,-O1 -Wl,--as-needed -Wl,--hash-style=gnu,-z,norelro,--as-needed'
 * FFLAGS='-march=native -O3 -fgraphite-identity -floop-nest-optimize -fdevirtualize-at-ltrans -fipa-pta -fno-semantic-interposition -flto=12 -fno-plt -fno-math-errno -fno-trapping-math -fuse-linker-plugin -pipe -g0 -falign-functions=32 -Wl,-O1 -Wl,--as-needed -Wl,--hash-style=gnu,-z,norelro,--as-needed'
 * FCFLAGS='-march=native -O3 -fgraphite-identity -floop-nest-optimize -fdevirtualize-at-ltrans -fipa-pta -fno-semantic-interposition -flto=12 -fno-plt -fno-math-errno -fno-trapping-math -fuse-linker-plugin -pipe -g0 -falign-functions=32 -Wl,-O1 -Wl,--as-needed -Wl,--hash-style=gnu,-z,norelro,--as-needed'
 * F77FLAGS='-march=native -O3 -fgraphite-identity -floop-nest-optimize -fdevirtualize-at-ltrans -fipa-pta -fno-semantic-interposition -flto=12 -fno-plt -fno-math-errno -fno-trapping-math -fuse-linker-plugin -pipe -g0 -falign-functions=32 -Wl,-O1 -Wl,--as-needed -Wl,--hash-style=gnu,-z,norelro,--as-needed'
 * LDFLAGS='-Wl,-O1 -Wl,--as-needed -Wl,--hash-style=gnu,-z,norelro,--as-needed -march=native -O3 -fgraphite-identity -floop-nest-optimize -fdevirtualize-at-ltrans -fipa-pta -fno-semantic-interposition -flto=12 -fno-plt -fno-math-errno -fno-trapping-math -fuse-linker-plugin -pipe -g0 -falign-functions=32'
 * MAKEOPTS='-j12 -l12'
 * gcc () 11.0.0 20200526 (experimental)
 * g++ () 11.0.0 20200526 (experimental)
 * GNU ld (Gentoo 2.34 p4) 2.34.0
 * Linux ryzen.gnum.org 5.4.36 #1 SMP Thu Apr 30 04:38:28 UTC 2020 x86_64 AMD Ryzen 5 3600 6-Core Processor AuthenticAMD GNU/Linux
app-eselect/eselect-iptables: 10 seconds average for 7 merges
2020-05-16T14:46:41 >>> app-eselect/eselect-iptables: 5 seconds
2020-05-16T20:56:22 >>> app-eselect/eselect-iptables: 8 seconds
2020-05-20T01:34:45 >>> app-eselect/eselect-iptables: 7 seconds
2020-05-23T11:37:22 >>> app-eselect/eselect-iptables: 21 seconds
2020-05-24T23:58:19 >>> app-eselect/eselect-iptables: 10 seconds
2020-05-25T18:32:40 >>> app-eselect/eselect-iptables: 11 seconds
2020-05-25T20:11:08 >>> app-eselect/eselect-iptables: 11 seconds
]0;emerge 02:26:18 580|647 eselect-iptables 00:11 (root@ryzen.gnum.org)kemerge 02:26:18 580|647 eselect-iptables 00:11 (root@ryzen.gnum.org)\>>> Extracting app-eselect/eselect-iptables-20200508
 * checking 3 files for package collisions
>>> Merging app-eselect/eselect-iptables-20200508 to /
 * removing unneeded *.la files
--- /usr/
--- /usr/share/
--- /usr/share/eselect/
--- /usr/share/eselect/modules/
>>> /usr/share/eselect/modules/ebtables.eselect -> iptables.eselect
>>> /usr/share/eselect/modules/arptables.eselect -> iptables.eselect
>>> /usr/share/eselect/modules/iptables.eselect
>>> Safely unmerging already-installed instance...
>>> Original instance of package unmerged safely.
>>> app-eselect/eselect-iptables-20200508 merged.
