 * Package:    app-dicts/myspell-en-20190101-r1
 * Repository: gentoo
 * Maintainer: onigino@protonmail.com proxy-maint@gentoo.org
 * USE:        abi_x86_64 amd64 elibc_glibc kernel_linux l10n_en l10n_en-US userland_GNU
 * FEATURES:   ccache network-sandbox preserve-libs sandbox userpriv usersandbox
 * /etc/portage/package.cflags/ltoworkarounds.conf -> */*: *FLAGS+=-Wl,-O4 *FLAGS-=-Wl,-O1
 * FEATURES='assume-digests binpkg-docompress binpkg-dostrip binpkg-logs binpkg-multi-instance buildpkg ccache cgroup compress-index config-protect-if-modified distlocks fixlafiles ipc-sandbox merge-sync multilib-strict network-sandbox news nodoc parallel-fetch parallel-install pid-sandbox preserve-libs qa-unresolved-soname-deps sandbox sfperms strict unknown-features-warn unmerge-logs unmerge-orphans userfetch userpriv usersandbox usersync xattr'
 * CFLAGS='-march=znver2 -pipe -g0 -O3 -fgraphite-identity -floop-nest-optimize -fdevirtualize-at-ltrans -fipa-pta -fno-semantic-interposition -flto=12 -fno-plt -fno-signed-zeros -fno-trapping-math -fassociative-math -freciprocal-math -fno-math-errno -ffinite-math-only -fno-rounding-math -fno-signaling-nans -fcx-limited-range -fexcess-precision=fast -falign-functions=32 -fno-stack-protector -fno-stack-clash-protection -fstack-check=no -fno-stack-check -fuse-linker-plugin -Wl,-O4 -Wl,--as-needed -Wl,-lpthread -Wl,-lgomp -Wl,-z,norelro -Wl,-z,now -Wl,--sort-common -s'
 * CXXFLAGS='-march=znver2 -pipe -g0 -O3 -fgraphite-identity -floop-nest-optimize -fdevirtualize-at-ltrans -fipa-pta -fno-semantic-interposition -flto=12 -fno-plt -fno-signed-zeros -fno-trapping-math -fassociative-math -freciprocal-math -fno-math-errno -ffinite-math-only -fno-rounding-math -fno-signaling-nans -fcx-limited-range -fexcess-precision=fast -falign-functions=32 -fno-stack-protector -fno-stack-clash-protection -fstack-check=no -fno-stack-check -fuse-linker-plugin -Wl,-O4 -Wl,--as-needed -Wl,-lpthread -Wl,-lgomp -Wl,-z,norelro -Wl,-z,now -Wl,--sort-common -s'
 * FFLAGS='-march=znver2 -pipe -g0 -O3 -fgraphite-identity -floop-nest-optimize -fdevirtualize-at-ltrans -fipa-pta -fno-semantic-interposition -flto=12 -fno-plt -fno-signed-zeros -fno-trapping-math -fassociative-math -freciprocal-math -fno-math-errno -ffinite-math-only -fno-rounding-math -fno-signaling-nans -fcx-limited-range -fexcess-precision=fast -falign-functions=32 -fno-stack-protector -fno-stack-clash-protection -fstack-check=no -fno-stack-check -fuse-linker-plugin -Wl,-O4 -Wl,--as-needed -Wl,-lpthread -Wl,-lgomp -Wl,-z,norelro -Wl,-z,now -Wl,--sort-common -s'
 * FCFLAGS='-march=znver2 -pipe -g0 -O3 -fgraphite-identity -floop-nest-optimize -fdevirtualize-at-ltrans -fipa-pta -fno-semantic-interposition -flto=12 -fno-plt -fno-signed-zeros -fno-trapping-math -fassociative-math -freciprocal-math -fno-math-errno -ffinite-math-only -fno-rounding-math -fno-signaling-nans -fcx-limited-range -fexcess-precision=fast -falign-functions=32 -fno-stack-protector -fno-stack-clash-protection -fstack-check=no -fno-stack-check -fuse-linker-plugin -Wl,-O4 -Wl,--as-needed -Wl,-lpthread -Wl,-lgomp -Wl,-z,norelro -Wl,-z,now -Wl,--sort-common -s'
 * F77FLAGS='-march=znver2 -pipe -g0 -O3 -fgraphite-identity -floop-nest-optimize -fdevirtualize-at-ltrans -fipa-pta -fno-semantic-interposition -flto=12 -fno-plt -fno-signed-zeros -fno-trapping-math -fassociative-math -freciprocal-math -fno-math-errno -ffinite-math-only -fno-rounding-math -fno-signaling-nans -fcx-limited-range -fexcess-precision=fast -falign-functions=32 -fno-stack-protector -fno-stack-clash-protection -fstack-check=no -fno-stack-check -fuse-linker-plugin -Wl,-O4 -Wl,--as-needed -Wl,-lpthread -Wl,-lgomp -Wl,-z,norelro -Wl,-z,now -Wl,--sort-common -s'
 * LDFLAGS='-march=znver2 -pipe -g0 -O3 -fgraphite-identity -floop-nest-optimize -fdevirtualize-at-ltrans -fipa-pta -fno-semantic-interposition -flto=12 -fno-plt -fno-signed-zeros -fno-trapping-math -fassociative-math -freciprocal-math -fno-math-errno -ffinite-math-only -fno-rounding-math -fno-signaling-nans -fcx-limited-range -fexcess-precision=fast -falign-functions=32 -fno-stack-protector -fno-stack-clash-protection -fstack-check=no -fno-stack-check -fuse-linker-plugin -Wl,-O4 -Wl,--as-needed -Wl,-lpthread -Wl,-lgomp -Wl,-z,norelro -Wl,-z,now -Wl,--sort-common -s'
 * MAKEOPTS='-j12 -l12'
 * gcc () 11.0.0 20200531 (experimental)
 * g++ () 11.0.0 20200531 (experimental)
 * GNU ld (Gentoo 2.34 p4) 2.34.0
 * Linux ryzen.gnum.org 5.4.36 #1 SMP Thu Apr 30 04:38:28 UTC 2020 x86_64 AMD Ryzen 5 3600 6-Core Processor AuthenticAMD GNU/Linux
app-dicts/myspell-en: 10 seconds average for 6 merges
2020-05-20T01:12:55 >>> app-dicts/myspell-en: 5 seconds
2020-05-21T06:10:12 >>> app-dicts/myspell-en: 5 seconds
2020-05-26T14:10:17 >>> app-dicts/myspell-en: 16 seconds
2020-05-28T14:32:32 >>> app-dicts/myspell-en: 8 seconds
2020-05-30T12:41:03 >>> app-dicts/myspell-en: 19 seconds
2020-05-30T21:39:09 >>> app-dicts/myspell-en: 9 seconds
]0;emerge 08:18:10 1590992290:  >>> unmerge success: net-libs/libvncserver-0.9.12-r5 myspell-en 00:12 (root@ryzen.gnum.org)kemerge 08:18:10 1590992290:  >>> unmerge success: net-libs/libvncserver-0.9.12-r5 myspell-en 00:12 (root@ryzen.gnum.org)\>>> Unpacking source...
>>> Unpacking /tmp/portage/app-dicts/myspell-en-20190101-r1/distdir/dict-en-20190101.oxt to /tmp/portage/app-dicts/myspell-en-20190101-r1/work
>>> Source unpacked in /tmp/portage/app-dicts/myspell-en-20190101-r1/work
>>> Preparing source in /tmp/portage/app-dicts/myspell-en-20190101-r1/work ...
>>> Source prepared.
>>> Configuring source in /tmp/portage/app-dicts/myspell-en-20190101-r1/work ...
>>> Source configured.
>>> Compiling source in /tmp/portage/app-dicts/myspell-en-20190101-r1/work ...
>>> Source compiled.
>>> Test phase [not enabled]: app-dicts/myspell-en-20190101-r1

>>> Install app-dicts/myspell-en-20190101-r1 into /tmp/portage/app-dicts/myspell-en-20190101-r1/image
>>> Completed installing app-dicts/myspell-en-20190101-r1 into /tmp/portage/app-dicts/myspell-en-20190101-r1/image

 * Final size of build directory: 25224 KiB (24.6 MiB)
 * Final size of installed tree:  25132 KiB (24.5 MiB)

./
./usr/
./usr/share/
./usr/share/hunspell/
./usr/share/hunspell/en_AU.dic
./usr/share/hunspell/en_CA.dic
./usr/share/hunspell/en_US.aff
./usr/share/hunspell/en_GB.dic
./usr/share/hunspell/en_AU.aff
./usr/share/hunspell/en_US.dic
./usr/share/hunspell/en_CA.aff
./usr/share/hunspell/en_ZA.dic
./usr/share/hunspell/en_ZA.aff
./usr/share/hunspell/en_GB.aff
./usr/share/hyphen/
./usr/share/hyphen/hyph_en_US.dic
./usr/share/myspell/
./usr/share/myspell/th_en_US_v2.idx
./usr/share/myspell/th_en_US_v2.dat
./usr/share/myspell/en_AU.dic
./usr/share/myspell/en_CA.dic
./usr/share/myspell/en_US.aff
./usr/share/myspell/en_GB.dic
./usr/share/myspell/en_AU.aff
./usr/share/myspell/en_US.dic
./usr/share/myspell/en_CA.aff
./usr/share/myspell/en_ZA.dic
./usr/share/myspell/hyph_en_US.dic
./usr/share/myspell/en_ZA.aff
./usr/share/myspell/en_GB.aff
./usr/share/mythes/
./usr/share/mythes/th_en_US_v2.idx
./usr/share/mythes/th_en_US_v2.dat
./usr/share/doc/
./usr/share/doc/myspell-en-20190101-r1/
./usr/share/doc/myspell-en-20190101-r1/README_en_AU.txt.bz2
./usr/share/doc/myspell-en-20190101-r1/WordNet_license.txt.bz2
./usr/share/doc/myspell-en-20190101-r1/README_en_GB.txt.bz2
./usr/share/doc/myspell-en-20190101-r1/affDescription.txt.bz2
./usr/share/doc/myspell-en-20190101-r1/changelog.txt.bz2
./usr/share/doc/myspell-en-20190101-r1/README_hyph_en_US.txt.bz2
./usr/share/doc/myspell-en-20190101-r1/README.txt.bz2
./usr/share/doc/myspell-en-20190101-r1/README_hyph_en_GB.txt.bz2
./usr/share/doc/myspell-en-20190101-r1/README_en_ZA.txt.bz2
./usr/share/doc/myspell-en-20190101-r1/README_en_US.txt.bz2
./usr/share/doc/myspell-en-20190101-r1/README_en_GB_thes.txt
./usr/share/doc/myspell-en-20190101-r1/README_en_CA.txt.bz2
./usr/share/doc/myspell-en-20190101-r1/package-description.txt.bz2
>>> Done.
 * checking 26 files for package collisions
>>> Merging app-dicts/myspell-en-20190101-r1 to /
 * removing unneeded *.la files
--- /usr/
--- /usr/share/
--- /usr/share/mythes/
>>> /usr/share/mythes/th_en_US_v2.dat
>>> /usr/share/mythes/th_en_US_v2.idx
--- /usr/share/myspell/
>>> /usr/share/myspell/en_GB.aff -> ../hunspell/en_GB.aff
>>> /usr/share/myspell/en_ZA.aff -> ../hunspell/en_ZA.aff
>>> /usr/share/myspell/hyph_en_US.dic -> ../hyphen/hyph_en_US.dic
>>> /usr/share/myspell/en_ZA.dic -> ../hunspell/en_ZA.dic
>>> /usr/share/myspell/en_CA.aff -> ../hunspell/en_CA.aff
>>> /usr/share/myspell/en_US.dic -> ../hunspell/en_US.dic
>>> /usr/share/myspell/en_AU.aff -> ../hunspell/en_AU.aff
>>> /usr/share/myspell/en_GB.dic -> ../hunspell/en_GB.dic
>>> /usr/share/myspell/en_US.aff -> ../hunspell/en_US.aff
>>> /usr/share/myspell/en_CA.dic -> ../hunspell/en_CA.dic
>>> /usr/share/myspell/en_AU.dic -> ../hunspell/en_AU.dic
>>> /usr/share/myspell/th_en_US_v2.dat -> ../mythes/th_en_US_v2.dat
>>> /usr/share/myspell/th_en_US_v2.idx -> ../mythes/th_en_US_v2.idx
--- /usr/share/hyphen/
>>> /usr/share/hyphen/hyph_en_US.dic
--- /usr/share/hunspell/
>>> /usr/share/hunspell/en_GB.aff
>>> /usr/share/hunspell/en_ZA.aff
>>> /usr/share/hunspell/en_ZA.dic
>>> /usr/share/hunspell/en_CA.aff
>>> /usr/share/hunspell/en_US.dic
>>> /usr/share/hunspell/en_AU.aff
>>> /usr/share/hunspell/en_GB.dic
>>> /usr/share/hunspell/en_US.aff
>>> /usr/share/hunspell/en_CA.dic
>>> /usr/share/hunspell/en_AU.dic
>>> Safely unmerging already-installed instance...
>>> Original instance of package unmerged safely.
>>> app-dicts/myspell-en-20190101-r1 merged.
