 * Package:    app-shells/gentoo-bashcomp-20190211
 * Repository: gentoo
 * Maintainer: shell-tools@gentoo.org
 * USE:        abi_x86_64 amd64 elibc_glibc kernel_linux userland_GNU
 * FEATURES:   ccache network-sandbox preserve-libs sandbox userpriv usersandbox
 * FEATURES='assume-digests binpkg-docompress binpkg-dostrip binpkg-logs binpkg-multi-instance buildpkg ccache cgroup compress-index config-protect-if-modified distlocks downgrade-backup fail-clean fixlafiles ipc-sandbox merge-sync multilib-strict network-sandbox news nodoc parallel-fetch parallel-install pid-sandbox preserve-libs qa-unresolved-soname-deps sandbox sfperms strict strict-keepdir unknown-features-warn unmerge-backup unmerge-logs unmerge-orphans userfetch userpriv usersandbox usersync xattr'
 * CFLAGS='-march=native -O2 -pipe -pipe -g0 -fno-stack-protector -fno-stack-clash-protection -fstack-check=no -fno-stack-check -Wl,-O4,--hash-style=gnu,--sort-common,--as-needed,-z,relro,-z,now,-lgomp,-lpthread'
 * CXXFLAGS='-march=native -O2 -pipe -pipe -g0 -fno-stack-protector -fno-stack-clash-protection -fstack-check=no -fno-stack-check -Wl,-O4,--hash-style=gnu,--sort-common,--as-needed,-z,relro,-z,now,-lgomp,-lpthread'
 * FFLAGS='-march=native -O2 -pipe -pipe -g0 -fno-stack-protector -fno-stack-clash-protection -fstack-check=no -fno-stack-check -Wl,-O4,--hash-style=gnu,--sort-common,--as-needed,-z,relro,-z,now,-lgomp,-lpthread'
 * FCFLAGS='-march=native -O2 -pipe -pipe -g0 -fno-stack-protector -fno-stack-clash-protection -fstack-check=no -fno-stack-check -Wl,-O4,--hash-style=gnu,--sort-common,--as-needed,-z,relro,-z,now,-lgomp,-lpthread'
 * F77FLAGS='-march=native -O2 -pipe -pipe -g0 -fno-stack-protector -fno-stack-clash-protection -fstack-check=no -fno-stack-check -Wl,-O4,--hash-style=gnu,--sort-common,--as-needed,-z,relro,-z,now,-lgomp,-lpthread'
 * LDFLAGS='-Wl,-O4,--hash-style=gnu,--sort-common,--as-needed,-z,relro,-z,now,-lgomp,-lpthread'
 * MAKEOPTS='-j12'
 * gcc (Gentoo 10.1.0 p1) 10.1.0
 * g++ (Gentoo 10.1.0 p1) 10.1.0
 * GNU ld (Gentoo 9999 p5) 2.34.50.20200520
 * Linux ryzen.gnum.org 5.4.36 #1 SMP Thu Apr 30 04:38:28 UTC 2020 x86_64 AMD Ryzen 5 3600 6-Core Processor AuthenticAMD GNU/Linux
app-shells/gentoo-bashcomp: 11 seconds average for 2 merges
2020-05-20T00:56:37 >>> app-shells/gentoo-bashcomp: 17 seconds
2020-05-21T05:55:04 >>> app-shells/gentoo-bashcomp: 5 seconds
]0;emerge 01:57:06 1590105426:  >>> unmerge success: sys-boot/gnu-efi-3.0.11 gentoo-bashcomp 00:11 (root@ryzen.gnum.org)>>> Unpacking source...
>>> Unpacking gentoo-bashcomp-20190211.tar.bz2 to /tmp/portage/app-shells/gentoo-bashcomp-20190211/work
>>> Source unpacked in /tmp/portage/app-shells/gentoo-bashcomp-20190211/work
>>> Preparing source in /tmp/portage/app-shells/gentoo-bashcomp-20190211/work/gentoo-bashcomp-20190211 ...
>>> Source prepared.
>>> Configuring source in /tmp/portage/app-shells/gentoo-bashcomp-20190211/work/gentoo-bashcomp-20190211 ...
>>> Source configured.
>>> Compiling source in /tmp/portage/app-shells/gentoo-bashcomp-20190211/work/gentoo-bashcomp-20190211 ...
make -j12 
Nothing to compile.
>>> Source compiled.
>>> Test phase [not enabled]: app-shells/gentoo-bashcomp-20190211

>>> Install app-shells/gentoo-bashcomp-20190211 into /tmp/portage/app-shells/gentoo-bashcomp-20190211/image/
make -j12 DESTDIR=/tmp/portage/app-shells/gentoo-bashcomp-20190211/image/ install completionsdir=/usr/share/bash-completion/completions helpersdir=/usr/share/bash-completion/helpers compatdir=/etc/bash_completion.d 
install -d "/tmp/portage/app-shells/gentoo-bashcomp-20190211/image//usr/share/bash-completion/completions"
install -m0644 completions/browser-config completions/distcc-config completions/ebuild completions/ekeyword completions/emerge completions/epkginfo completions/epm completions/equery completions/euse completions/gcc-config completions/glsa-check completions/java-config completions/layman completions/metagen completions/portageq completions/repoman completions/revdep-rebuild completions/splat completions/webapp-config "/tmp/portage/app-shells/gentoo-bashcomp-20190211/image//usr/share/bash-completion/completions"
sed -i -e "s|@GENTOO_PORTAGE_EPREFIX@||g" -e "s|@helpersdir@|/usr/share/bash-completion/helpers|" "/tmp/portage/app-shells/gentoo-bashcomp-20190211/image//usr/share/bash-completion/completions"/browser-config "/tmp/portage/app-shells/gentoo-bashcomp-20190211/image//usr/share/bash-completion/completions"/distcc-config "/tmp/portage/app-shells/gentoo-bashcomp-20190211/image//usr/share/bash-completion/completions"/ebuild "/tmp/portage/app-shells/gentoo-bashcomp-20190211/image//usr/share/bash-completion/completions"/ekeyword "/tmp/portage/app-shells/gentoo-bashcomp-20190211/image//usr/share/bash-completion/completions"/emerge "/tmp/portage/app-shells/gentoo-bashcomp-20190211/image//usr/share/bash-completion/completions"/epkginfo "/tmp/portage/app-shells/gentoo-bashcomp-20190211/image//usr/share/bash-completion/completions"/epm "/tmp/portage/app-shells/gentoo-bashcomp-20190211/image//usr/share/bash-completion/completions"/equery "/tmp/portage/app-shells/gentoo-bashcomp-20190211/image//usr/share/bash-completion/completions"/euse "/tmp/portage/app-shells/gentoo-bashcomp-20190211/image//usr/share/bash-completion/completions"/gcc-config "/tmp/portage/app-shells/gentoo-bashcomp-20190211/image//usr/share/bash-completion/completions"/glsa-check "/tmp/portage/app-shells/gentoo-bashcomp-20190211/image//usr/share/bash-completion/completions"/java-config "/tmp/portage/app-shells/gentoo-bashcomp-20190211/image//usr/share/bash-completion/completions"/layman "/tmp/portage/app-shells/gentoo-bashcomp-20190211/image//usr/share/bash-completion/completions"/metagen "/tmp/portage/app-shells/gentoo-bashcomp-20190211/image//usr/share/bash-completion/completions"/portageq "/tmp/portage/app-shells/gentoo-bashcomp-20190211/image//usr/share/bash-completion/completions"/repoman "/tmp/portage/app-shells/gentoo-bashcomp-20190211/image//usr/share/bash-completion/completions"/revdep-rebuild "/tmp/portage/app-shells/gentoo-bashcomp-20190211/image//usr/share/bash-completion/completions"/splat "/tmp/portage/app-shells/gentoo-bashcomp-20190211/image//usr/share/bash-completion/completions"/webapp-config
install -d "/tmp/portage/app-shells/gentoo-bashcomp-20190211/image//usr/share/bash-completion/helpers"
install -m0644 helpers/gentoo-common.sh "/tmp/portage/app-shells/gentoo-bashcomp-20190211/image//usr/share/bash-completion/helpers"
sed -i -e "s|@GENTOO_PORTAGE_EPREFIX@||g" -e "s|@helpersdir@|/usr/share/bash-completion/helpers|" "/tmp/portage/app-shells/gentoo-bashcomp-20190211/image//usr/share/bash-completion/helpers"/gentoo-common.sh
install -d "/tmp/portage/app-shells/gentoo-bashcomp-20190211/image//etc/bash_completion.d"
install -m0644 compat/gentoo-style-init "/tmp/portage/app-shells/gentoo-bashcomp-20190211/image//etc/bash_completion.d"
sed -i -e "s|@GENTOO_PORTAGE_EPREFIX@||g" -e "s|@helpersdir@|/usr/share/bash-completion/helpers|" "/tmp/portage/app-shells/gentoo-bashcomp-20190211/image//etc/bash_completion.d"/gentoo-style-init
>>> Completed installing app-shells/gentoo-bashcomp-20190211 into /tmp/portage/app-shells/gentoo-bashcomp-20190211/image/

 * Final size of build directory: 180 KiB
 * Final size of installed tree:  156 KiB

./
./usr/
./usr/share/
./usr/share/bash-completion/
./usr/share/bash-completion/helpers/
./usr/share/bash-completion/helpers/gentoo-common.sh
./usr/share/bash-completion/completions/
./usr/share/bash-completion/completions/distcc-config
./usr/share/bash-completion/completions/java-config
./usr/share/bash-completion/completions/ebuild
./usr/share/bash-completion/completions/splat
./usr/share/bash-completion/completions/portageq
./usr/share/bash-completion/completions/euse
./usr/share/bash-completion/completions/browser-config
./usr/share/bash-completion/completions/emerge
./usr/share/bash-completion/completions/epm
./usr/share/bash-completion/completions/revdep-rebuild
./usr/share/bash-completion/completions/webapp-config
./usr/share/bash-completion/completions/epkginfo
./usr/share/bash-completion/completions/gcc-config
./usr/share/bash-completion/completions/ekeyword
./usr/share/bash-completion/completions/glsa-check
./usr/share/bash-completion/completions/repoman
./usr/share/bash-completion/completions/metagen
./usr/share/bash-completion/completions/equery
./usr/share/bash-completion/completions/layman
./etc/
./etc/bash_completion.d/
./etc/bash_completion.d/gentoo-style-init
>>> Done.
 * checking 21 files for package collisions
>>> Merging app-shells/gentoo-bashcomp-20190211 to /
 * removing unneeded *.la files
--- /etc/
--- /etc/bash_completion.d/
>>> /etc/bash_completion.d/gentoo-style-init
--- /usr/
--- /usr/share/
--- /usr/share/bash-completion/
--- /usr/share/bash-completion/completions/
>>> /usr/share/bash-completion/completions/layman
>>> /usr/share/bash-completion/completions/equery
>>> /usr/share/bash-completion/completions/metagen
>>> /usr/share/bash-completion/completions/repoman
>>> /usr/share/bash-completion/completions/glsa-check
>>> /usr/share/bash-completion/completions/ekeyword
>>> /usr/share/bash-completion/completions/gcc-config
>>> /usr/share/bash-completion/completions/epkginfo
>>> /usr/share/bash-completion/completions/webapp-config
>>> /usr/share/bash-completion/completions/revdep-rebuild
>>> /usr/share/bash-completion/completions/epm
>>> /usr/share/bash-completion/completions/emerge
>>> /usr/share/bash-completion/completions/browser-config
>>> /usr/share/bash-completion/completions/euse
>>> /usr/share/bash-completion/completions/portageq
>>> /usr/share/bash-completion/completions/splat
>>> /usr/share/bash-completion/completions/ebuild
>>> /usr/share/bash-completion/completions/java-config
>>> /usr/share/bash-completion/completions/distcc-config
--- /usr/share/bash-completion/helpers/
>>> /usr/share/bash-completion/helpers/gentoo-common.sh
>>> Safely unmerging already-installed instance...
>>> Original instance of package unmerged safely.
>>> app-shells/gentoo-bashcomp-20190211 merged.
