No package files given... Grabbing a set.
--- replaced obj /usr/share/man/man8/dirmngr.8.bz2
--- replaced obj /usr/share/man/man8/applygnupgdefaults.8.bz2
--- replaced obj /usr/share/man/man8/addgnupghome.8.bz2
--- replaced dir /usr/share/man/man8
--- replaced obj /usr/share/man/man7/gnupg.7.bz2
--- replaced dir /usr/share/man/man7
--- replaced obj /usr/share/man/man1/watchgnupg.1.bz2
--- replaced obj /usr/share/man/man1/symcryptrun.1.bz2
--- replaced obj /usr/share/man/man1/scdaemon.1.bz2
--- replaced obj /usr/share/man/man1/gpgv2.1
--- replaced obj /usr/share/man/man1/gpgv.1.bz2
--- replaced obj /usr/share/man/man1/gpgtar.1.bz2
--- replaced obj /usr/share/man/man1/gpgsm.1.bz2
--- replaced obj /usr/share/man/man1/gpgparsemail.1.bz2
--- replaced obj /usr/share/man/man1/gpgconf.1.bz2
--- replaced obj /usr/share/man/man1/gpg2.1
--- replaced obj /usr/share/man/man1/gpg.1.bz2
--- replaced obj /usr/share/man/man1/gpg-wks-server.1.bz2
--- replaced obj /usr/share/man/man1/gpg-wks-client.1.bz2
--- replaced obj /usr/share/man/man1/gpg-preset-passphrase.1.bz2
--- replaced obj /usr/share/man/man1/gpg-connect-agent.1.bz2
--- replaced obj /usr/share/man/man1/gpg-agent.1.bz2
--- replaced obj /usr/share/man/man1/dirmngr-client.1.bz2
--- replaced dir /usr/share/man/man1
--- replaced dir /usr/share/man
--- replaced obj /usr/share/info/gnupg.info.bz2
--- replaced obj /usr/share/info/gnupg.info-2.bz2
--- replaced obj /usr/share/info/gnupg.info-1.bz2
--- replaced dir /usr/share/info
--- replaced obj /usr/share/gnupg/sks-keyservers.netCA.pem
--- replaced obj /usr/share/gnupg/help.zh_TW.txt
--- replaced obj /usr/share/gnupg/help.zh_CN.txt
--- replaced obj /usr/share/gnupg/help.txt
--- replaced obj /usr/share/gnupg/help.tr.txt
--- replaced obj /usr/share/gnupg/help.sv.txt
--- replaced obj /usr/share/gnupg/help.sk.txt
--- replaced obj /usr/share/gnupg/help.ru.txt
--- replaced obj /usr/share/gnupg/help.ro.txt
--- replaced obj /usr/share/gnupg/help.pt_BR.txt
--- replaced obj /usr/share/gnupg/help.pt.txt
--- replaced obj /usr/share/gnupg/help.pl.txt
--- replaced obj /usr/share/gnupg/help.nb.txt
--- replaced obj /usr/share/gnupg/help.ja.txt
--- replaced obj /usr/share/gnupg/help.it.txt
--- replaced obj /usr/share/gnupg/help.id.txt
--- replaced obj /usr/share/gnupg/help.hu.txt
--- replaced obj /usr/share/gnupg/help.gl.txt
--- replaced obj /usr/share/gnupg/help.fr.txt
--- replaced obj /usr/share/gnupg/help.fi.txt
--- replaced obj /usr/share/gnupg/help.et.txt
--- replaced obj /usr/share/gnupg/help.es.txt
--- replaced obj /usr/share/gnupg/help.eo.txt
--- replaced obj /usr/share/gnupg/help.el.txt
--- replaced obj /usr/share/gnupg/help.de.txt
--- replaced obj /usr/share/gnupg/help.da.txt
--- replaced obj /usr/share/gnupg/help.cs.txt
--- replaced obj /usr/share/gnupg/help.ca.txt
--- replaced obj /usr/share/gnupg/help.be.txt
--- replaced obj /usr/share/gnupg/distsigkey.gpg
--- replaced dir /usr/share/gnupg
--- replaced dir /usr/share
--- replaced obj /usr/sbin/applygnupgdefaults
--- replaced obj /usr/sbin/addgnupghome
--- replaced dir /usr/sbin
--- replaced obj /usr/libexec/gpg-wks-client
--- replaced obj /usr/libexec/gpg-protect-tool
--- replaced obj /usr/libexec/gpg-preset-passphrase
--- replaced obj /usr/libexec/gpg-check-pattern
--- replaced obj /usr/libexec/dirmngr_ldap
--- replaced dir /usr/libexec
--- replaced obj /usr/lib/systemd/user/gpg-agent.socket
--- replaced obj /usr/lib/systemd/user/gpg-agent.service
--- replaced obj /usr/lib/systemd/user/gpg-agent-ssh.socket
--- replaced obj /usr/lib/systemd/user/gpg-agent-extra.socket
--- replaced obj /usr/lib/systemd/user/gpg-agent-browser.socket
--- replaced obj /usr/lib/systemd/user/dirmngr.socket
--- replaced obj /usr/lib/systemd/user/dirmngr.service
--- replaced dir /usr/lib/systemd/user
--- replaced dir /usr/lib/systemd
--- replaced dir /usr/lib
--- replaced obj /usr/bin/watchgnupg
--- replaced obj /usr/bin/symcryptrun
--- replaced obj /usr/bin/make-dns-cert
--- replaced obj /usr/bin/mail-signed-keys
--- replaced obj /usr/bin/lspgpot
--- replaced obj /usr/bin/kbxutil
--- replaced sym /usr/bin/gpgv2
--- replaced obj /usr/bin/gpgv
--- replaced obj /usr/bin/gpgtar
--- replaced obj /usr/bin/gpgsplit
--- replaced obj /usr/bin/gpgsm
--- replaced obj /usr/bin/gpgscm
--- replaced obj /usr/bin/gpgparsemail
--- replaced obj /usr/bin/gpgconf
--- replaced sym /usr/bin/gpg2
--- replaced obj /usr/bin/gpg-zip
--- replaced obj /usr/bin/gpg-connect-agent
--- replaced obj /usr/bin/gpg-check-pattern
--- replaced obj /usr/bin/gpg-agent
--- replaced obj /usr/bin/gpg
--- replaced obj /usr/bin/dirmngr-client
--- replaced obj /usr/bin/dirmngr
--- replaced obj /usr/bin/convert-from-106
--- replaced dir /usr/bin
--- replaced dir /usr
--- replaced obj /etc/env.d/30gnupg
--- replaced dir /etc/env.d
--- replaced dir /etc
>>> Regenerating /etc/ld.so.cache...
