 * Package:    app-i18n/unicode-emoji-13.0
 * Repository: gentoo
 * Maintainer: cjk@gentoo.org
 * USE:        abi_x86_64 amd64 elibc_glibc kernel_linux userland_GNU
 * FEATURES:   network-sandbox preserve-libs sandbox userpriv usersandbox
 * FEATURES='assume-digests binpkg-docompress binpkg-dostrip binpkg-logs binpkg-multi-instance buildpkg cgroup compress-index config-protect-if-modified distlocks downgrade-backup fixlafiles ipc-sandbox merge-sync multilib-strict network-sandbox news nodoc parallel-fetch parallel-install pid-sandbox preserve-libs qa-unresolved-soname-deps sandbox sfperms strict strict-keepdir unknown-features-warn unmerge-backup unmerge-logs unmerge-orphans userfetch userpriv usersandbox usersync xattr'
 * CFLAGS='-march=native -O3 -fgraphite-identity -floop-nest-optimize -fdevirtualize-at-ltrans -fipa-pta -fno-semantic-interposition -flto=12 -fno-plt -fno-signed-zeros -fno-trapping-math -fassociative-math -freciprocal-math -fno-math-errno -ffinite-math-only -fno-rounding-math -fno-signaling-nans -fcx-limited-range -fexcess-precision=fast -fuse-linker-plugin -pipe -g0 -falign-functions=32 -Wl,-O1 -Wl,--as-needed -Wl,-O4,--hash-style=gnu,--sort-common,--as-needed,-z,relro,-z,now,-lgomp,-lpthread'
 * CXXFLAGS='-march=native -O3 -fgraphite-identity -floop-nest-optimize -fdevirtualize-at-ltrans -fipa-pta -fno-semantic-interposition -flto=12 -fno-plt -fno-signed-zeros -fno-trapping-math -fassociative-math -freciprocal-math -fno-math-errno -ffinite-math-only -fno-rounding-math -fno-signaling-nans -fcx-limited-range -fexcess-precision=fast -fuse-linker-plugin -pipe -g0 -falign-functions=32 -Wl,-O1 -Wl,--as-needed -Wl,-O4,--hash-style=gnu,--sort-common,--as-needed,-z,relro,-z,now,-lgomp,-lpthread'
 * FFLAGS='-march=native -O3 -fgraphite-identity -floop-nest-optimize -fdevirtualize-at-ltrans -fipa-pta -fno-semantic-interposition -flto=12 -fno-plt -fno-signed-zeros -fno-trapping-math -fassociative-math -freciprocal-math -fno-math-errno -ffinite-math-only -fno-rounding-math -fno-signaling-nans -fcx-limited-range -fexcess-precision=fast -fuse-linker-plugin -pipe -g0 -falign-functions=32 -Wl,-O1 -Wl,--as-needed -Wl,-O4,--hash-style=gnu,--sort-common,--as-needed,-z,relro,-z,now,-lgomp,-lpthread'
 * FCFLAGS='-march=native -O3 -fgraphite-identity -floop-nest-optimize -fdevirtualize-at-ltrans -fipa-pta -fno-semantic-interposition -flto=12 -fno-plt -fno-signed-zeros -fno-trapping-math -fassociative-math -freciprocal-math -fno-math-errno -ffinite-math-only -fno-rounding-math -fno-signaling-nans -fcx-limited-range -fexcess-precision=fast -fuse-linker-plugin -pipe -g0 -falign-functions=32 -Wl,-O1 -Wl,--as-needed -Wl,-O4,--hash-style=gnu,--sort-common,--as-needed,-z,relro,-z,now,-lgomp,-lpthread'
 * F77FLAGS='-march=native -O3 -fgraphite-identity -floop-nest-optimize -fdevirtualize-at-ltrans -fipa-pta -fno-semantic-interposition -flto=12 -fno-plt -fno-signed-zeros -fno-trapping-math -fassociative-math -freciprocal-math -fno-math-errno -ffinite-math-only -fno-rounding-math -fno-signaling-nans -fcx-limited-range -fexcess-precision=fast -fuse-linker-plugin -pipe -g0 -falign-functions=32 -Wl,-O1 -Wl,--as-needed -Wl,-O4,--hash-style=gnu,--sort-common,--as-needed,-z,relro,-z,now,-lgomp,-lpthread'
 * LDFLAGS='-Wl,-O1 -Wl,--as-needed -Wl,-O4,--hash-style=gnu,--sort-common,--as-needed,-z,relro,-z,now,-lgomp,-lpthread -march=native -O3 -fgraphite-identity -floop-nest-optimize -fdevirtualize-at-ltrans -fipa-pta -fno-semantic-interposition -flto=12 -fno-plt -fno-signed-zeros -fno-trapping-math -fassociative-math -freciprocal-math -fno-math-errno -ffinite-math-only -fno-rounding-math -fno-signaling-nans -fcx-limited-range -fexcess-precision=fast -fuse-linker-plugin -pipe -g0 -falign-functions=32'
 * MAKEOPTS='-j12 -l12'
 * gcc () 11.0.0 20200526 (experimental)
 * g++ () 11.0.0 20200526 (experimental)
 * GNU ld (Gentoo 2.34 p4) 2.34.0
 * Linux ryzen.gnum.org 5.4.36 #1 SMP Thu Apr 30 04:38:28 UTC 2020 x86_64 AMD Ryzen 5 3600 6-Core Processor AuthenticAMD GNU/Linux
app-i18n/unicode-emoji: 14 seconds average for 1 merge
2020-05-20T07:30:39 >>> app-i18n/unicode-emoji: 14 seconds
]0;emerge 13:47:32 6|83 unicode-emoji 00:14 (root@ryzen.gnum.org)kemerge 13:47:32 6|83 unicode-emoji 00:14 (root@ryzen.gnum.org)\>>> Unpacking source...
>>> Source unpacked in /tmp/portage/app-i18n/unicode-emoji-13.0/work
>>> Preparing source in /tmp/portage/app-i18n/unicode-emoji-13.0/work ...
>>> Source prepared.
>>> Configuring source in /tmp/portage/app-i18n/unicode-emoji-13.0/work ...
>>> Source configured.
>>> Compiling source in /tmp/portage/app-i18n/unicode-emoji-13.0/work ...
>>> Source compiled.
>>> Test phase [not enabled]: app-i18n/unicode-emoji-13.0

>>> Install app-i18n/unicode-emoji-13.0 into /tmp/portage/app-i18n/unicode-emoji-13.0/image
>>> Completed installing app-i18n/unicode-emoji-13.0 into /tmp/portage/app-i18n/unicode-emoji-13.0/image

 * Final size of build directory:   4 KiB
 * Final size of installed tree:  968 KiB

./
./usr/
./usr/share/
./usr/share/unicode/
./usr/share/unicode/emoji/
./usr/share/unicode/emoji/emoji-variation-sequences.txt
./usr/share/unicode/emoji/emoji-sequences.txt
./usr/share/unicode/emoji/emoji-test.txt
./usr/share/unicode/emoji/emoji-zwj-sequences.txt
./usr/share/unicode/emoji/emoji-data.txt
>>> Done.
 * checking 5 files for package collisions
>>> Merging app-i18n/unicode-emoji-13.0 to /
 * removing unneeded *.la files
--- /usr/
--- /usr/share/
>>> /usr/share/unicode/
>>> /usr/share/unicode/emoji/
>>> /usr/share/unicode/emoji/emoji-data.txt
>>> /usr/share/unicode/emoji/emoji-zwj-sequences.txt
>>> /usr/share/unicode/emoji/emoji-test.txt
>>> /usr/share/unicode/emoji/emoji-sequences.txt
>>> /usr/share/unicode/emoji/emoji-variation-sequences.txt
>>> app-i18n/unicode-emoji-13.0 merged.
>>> Regenerating /etc/ld.so.cache...
