[32;01m * [39;49;00mPackage:    app-arch/bzip2-1.0.8-r1
[32;01m * [39;49;00mRepository: gentoo
[32;01m * [39;49;00mMaintainer: base-system@gentoo.org
[32;01m * [39;49;00mUSE:        abi_x86_64 amd64 elibc_glibc kernel_linux split-usr userland_GNU
[32;01m * [39;49;00mFEATURES:   ccache network-sandbox preserve-libs sandbox userpriv usersandbox
 [32;01m*[0m FEATURES='assume-digests binpkg-docompress binpkg-dostrip binpkg-logs buildpkg ccache config-protect-if-modified distlocks ebuild-locks fixlafiles ipc-sandbox merge-sync multilib-strict network-sandbox news parallel-fetch pid-sandbox preserve-libs protect-owned qa-unresolved-soname-deps sandbox sfperms sign strict unknown-features-warn unmerge-logs unmerge-orphans userfetch userpriv usersandbox usersync xattr'
 [32;01m*[0m CFLAGS='-march=native -O3 -fgraphite-identity -floop-nest-optimize -fdevirtualize-at-ltrans -fipa-pta -fno-semantic-interposition -flto=12 -fno-signed-zeros -fno-trapping-math -fassociative-math -freciprocal-math -fno-math-errno -ffinite-math-only -fno-rounding-math -fno-signaling-nans -fcx-limited-range -fexcess-precision=fast -fno-plt -fno-common -fuse-linker-plugin -pipe -g0 -fno-stack-protector -fno-stack-clash-protection -fstack-check=no -fno-stack-check -Wl,-O1 -Wl,--as-needed -Wl,--defsym=__gentoo_check_ldflags__=0 -Wl,--hash-style=gnu -Wl,-z,norelro'
 [32;01m*[0m CXXFLAGS='-march=native -O3 -fgraphite-identity -floop-nest-optimize -fdevirtualize-at-ltrans -fipa-pta -fno-semantic-interposition -flto=12 -fno-signed-zeros -fno-trapping-math -fassociative-math -freciprocal-math -fno-math-errno -ffinite-math-only -fno-rounding-math -fno-signaling-nans -fcx-limited-range -fexcess-precision=fast -fno-plt -fno-common -fuse-linker-plugin -pipe -g0 -fno-stack-protector -fno-stack-clash-protection -fstack-check=no -fno-stack-check -Wl,-O1 -Wl,--as-needed -Wl,--defsym=__gentoo_check_ldflags__=0 -Wl,--hash-style=gnu -Wl,-z,norelro'
 [32;01m*[0m FFLAGS='-march=native -O3 -fgraphite-identity -floop-nest-optimize -fdevirtualize-at-ltrans -fipa-pta -fno-semantic-interposition -flto=12 -fno-signed-zeros -fno-trapping-math -fassociative-math -freciprocal-math -fno-math-errno -ffinite-math-only -fno-rounding-math -fno-signaling-nans -fcx-limited-range -fexcess-precision=fast -fno-plt -fno-common -fuse-linker-plugin -pipe -g0 -fno-stack-protector -fno-stack-clash-protection -fstack-check=no -fno-stack-check -Wl,-O1 -Wl,--as-needed -Wl,--defsym=__gentoo_check_ldflags__=0 -Wl,--hash-style=gnu -Wl,-z,norelro'
 [32;01m*[0m FCFLAGS='-march=native -O3 -fgraphite-identity -floop-nest-optimize -fdevirtualize-at-ltrans -fipa-pta -fno-semantic-interposition -flto=12 -fno-signed-zeros -fno-trapping-math -fassociative-math -freciprocal-math -fno-math-errno -ffinite-math-only -fno-rounding-math -fno-signaling-nans -fcx-limited-range -fexcess-precision=fast -fno-plt -fno-common -fuse-linker-plugin -pipe -g0 -fno-stack-protector -fno-stack-clash-protection -fstack-check=no -fno-stack-check -Wl,-O1 -Wl,--as-needed -Wl,--defsym=__gentoo_check_ldflags__=0 -Wl,--hash-style=gnu -Wl,-z,norelro'
 [32;01m*[0m F77FLAGS='-march=native -O3 -fgraphite-identity -floop-nest-optimize -fdevirtualize-at-ltrans -fipa-pta -fno-semantic-interposition -flto=12 -fno-signed-zeros -fno-trapping-math -fassociative-math -freciprocal-math -fno-math-errno -ffinite-math-only -fno-rounding-math -fno-signaling-nans -fcx-limited-range -fexcess-precision=fast -fno-plt -fno-common -fuse-linker-plugin -pipe -g0 -fno-stack-protector -fno-stack-clash-protection -fstack-check=no -fno-stack-check -Wl,-O1 -Wl,--as-needed -Wl,--defsym=__gentoo_check_ldflags__=0 -Wl,--hash-style=gnu -Wl,-z,norelro'
 [32;01m*[0m LDFLAGS='-Wl,-O1 -Wl,--as-needed -Wl,--defsym=__gentoo_check_ldflags__=0 -Wl,--hash-style=gnu -Wl,-z,norelro -march=native -O3 -fgraphite-identity -floop-nest-optimize -fdevirtualize-at-ltrans -fipa-pta -fno-semantic-interposition -flto=12 -fno-signed-zeros -fno-trapping-math -fassociative-math -freciprocal-math -fno-math-errno -ffinite-math-only -fno-rounding-math -fno-signaling-nans -fcx-limited-range -fexcess-precision=fast -fno-plt -fno-common -fuse-linker-plugin -pipe -g0 -fno-stack-protector -fno-stack-clash-protection -fstack-check=no -fno-stack-check'
 [32;01m*[0m MAKEOPTS='-j12'
 [32;01m*[0m gcc (Gentoo 10.1.0 p1) 10.1.0
 [32;01m*[0m g++ (Gentoo 10.1.0 p1) 10.1.0
 [32;01m*[0m GNU ld (Gentoo 2.33.1 p2) 2.33.1
 [32;01m*[0m Linux ryzen.gnum.org 5.4.36 #1 SMP Thu Apr 30 04:38:28 UTC 2020 x86_64 AMD Ryzen 5 3600 6-Core Processor AuthenticAMD GNU/Linux
]0;emerge 20:32:28 2|604 bzip2 (root@ryzen.gnum.org)>>> Unpacking source...
>>> Unpacking bzip2-1.0.8.tar.gz to /tmp/portage/app-arch/bzip2-1.0.8-r1/work
>>> Source unpacked in /tmp/portage/app-arch/bzip2-1.0.8-r1/work
>>> Preparing source in /tmp/portage/app-arch/bzip2-1.0.8-r1/work/bzip2-1.0.8 ...
 [32;01m*[0m Applying bzip2-1.0.4-makefile-CFLAGS.patch ...
[A[263C [34;01m[ [32;01mok[34;01m ][0m
 [32;01m*[0m Applying bzip2-1.0.8-saneso.patch ...
[A[263C [34;01m[ [32;01mok[34;01m ][0m
 [32;01m*[0m Applying bzip2-1.0.4-man-links.patch ...
patching file Makefile
Hunk #1 succeeded at 85 with fuzz 2.
[A[263C [34;01m[ [32;01mok[34;01m ][0m
 [32;01m*[0m Applying bzip2-1.0.6-progress.patch ...
patching file bzip2.1
patching file bzip2.c
Hunk #1 succeeded at 53 (offset -92 lines).
Hunk #2 succeeded at 210 with fuzz 2 (offset -92 lines).
Hunk #3 succeeded at 336 (offset -91 lines).
Hunk #4 succeeded at 349 (offset -91 lines).
Hunk #5 succeeded at 372 (offset -91 lines).
Hunk #6 succeeded at 472 with fuzz 2 (offset -87 lines).
Hunk #7 succeeded at 481 (offset -87 lines).
Hunk #8 succeeded at 509 (offset -87 lines).
Hunk #9 succeeded at 1858 (offset -69 lines).
Hunk #10 succeeded at 1936 (offset -69 lines).
Hunk #11 succeeded at 1973 (offset -69 lines).
[A[263C [34;01m[ [32;01mok[34;01m ][0m
 [32;01m*[0m Applying bzip2-1.0.3-no-test.patch ...
[A[263C [34;01m[ [32;01mok[34;01m ][0m
 [32;01m*[0m Applying bzip2-1.0.8-mingw.patch ...
[A[263C [34;01m[ [32;01mok[34;01m ][0m
 [32;01m*[0m Applying bzip2-1.0.8-out-of-tree-build.patch ...
[A[263C [34;01m[ [32;01mok[34;01m ][0m
>>> Source prepared.
>>> Configuring source in /tmp/portage/app-arch/bzip2-1.0.8-r1/work/bzip2-1.0.8 ...
 [32;01m*[0m abi_x86_64.amd64: running multilib-minimal_abi_src_configure
>>> Source configured.
>>> Compiling source in /tmp/portage/app-arch/bzip2-1.0.8-r1/work/bzip2-1.0.8 ...
 [32;01m*[0m abi_x86_64.amd64: running multilib-minimal_abi_src_compile
make -j12 VPATH=/tmp/portage/app-arch/bzip2-1.0.8-r1/work/bzip2-1.0.8 CC=x86_64-pc-linux-gnu-gcc AR=x86_64-pc-linux-gnu-ar RANLIB=x86_64-pc-linux-gnu-ranlib -f /tmp/portage/app-arch/bzip2-1.0.8-r1/work/bzip2-1.0.8/Makefile-libbz2_so all 
x86_64-pc-linux-gnu-gcc -march=native -O3 -fgraphite-identity -floop-nest-optimize -fdevirtualize-at-ltrans -fipa-pta -fno-semantic-interposition -flto=12 -fno-signed-zeros -fno-trapping-math -fassociative-math -freciprocal-math -fno-math-errno -ffinite-math-only -fno-rounding-math -fno-signaling-nans -fcx-limited-range -fexcess-precision=fast -fno-plt -fno-common -fuse-linker-plugin -pipe -g0 -fno-stack-protector -fno-stack-clash-protection -fstack-check=no -fno-stack-check -Wl,-O1 -Wl,--as-needed -Wl,--defsym=__gentoo_check_ldflags__=0 -Wl,--hash-style=gnu -Wl,-z,norelro -fpic -fPIC -Wall -Winline -D_FILE_OFFSET_BITS=64  -c /tmp/portage/app-arch/bzip2-1.0.8-r1/work/bzip2-1.0.8/blocksort.c
x86_64-pc-linux-gnu-gcc -march=native -O3 -fgraphite-identity -floop-nest-optimize -fdevirtualize-at-ltrans -fipa-pta -fno-semantic-interposition -flto=12 -fno-signed-zeros -fno-trapping-math -fassociative-math -freciprocal-math -fno-math-errno -ffinite-math-only -fno-rounding-math -fno-signaling-nans -fcx-limited-range -fexcess-precision=fast -fno-plt -fno-common -fuse-linker-plugin -pipe -g0 -fno-stack-protector -fno-stack-clash-protection -fstack-check=no -fno-stack-check -Wl,-O1 -Wl,--as-needed -Wl,--defsym=__gentoo_check_ldflags__=0 -Wl,--hash-style=gnu -Wl,-z,norelro -fpic -fPIC -Wall -Winline -D_FILE_OFFSET_BITS=64  -c /tmp/portage/app-arch/bzip2-1.0.8-r1/work/bzip2-1.0.8/huffman.c
x86_64-pc-linux-gnu-gcc -march=native -O3 -fgraphite-identity -floop-nest-optimize -fdevirtualize-at-ltrans -fipa-pta -fno-semantic-interposition -flto=12 -fno-signed-zeros -fno-trapping-math -fassociative-math -freciprocal-math -fno-math-errno -ffinite-math-only -fno-rounding-math -fno-signaling-nans -fcx-limited-range -fexcess-precision=fast -fno-plt -fno-common -fuse-linker-plugin -pipe -g0 -fno-stack-protector -fno-stack-clash-protection -fstack-check=no -fno-stack-check -Wl,-O1 -Wl,--as-needed -Wl,--defsym=__gentoo_check_ldflags__=0 -Wl,--hash-style=gnu -Wl,-z,norelro -fpic -fPIC -Wall -Winline -D_FILE_OFFSET_BITS=64  -c /tmp/portage/app-arch/bzip2-1.0.8-r1/work/bzip2-1.0.8/crctable.c
x86_64-pc-linux-gnu-gcc -march=native -O3 -fgraphite-identity -floop-nest-optimize -fdevirtualize-at-ltrans -fipa-pta -fno-semantic-interposition -flto=12 -fno-signed-zeros -fno-trapping-math -fassociative-math -freciprocal-math -fno-math-errno -ffinite-math-only -fno-rounding-math -fno-signaling-nans -fcx-limited-range -fexcess-precision=fast -fno-plt -fno-common -fuse-linker-plugin -pipe -g0 -fno-stack-protector -fno-stack-clash-protection -fstack-check=no -fno-stack-check -Wl,-O1 -Wl,--as-needed -Wl,--defsym=__gentoo_check_ldflags__=0 -Wl,--hash-style=gnu -Wl,-z,norelro -fpic -fPIC -Wall -Winline -D_FILE_OFFSET_BITS=64  -c /tmp/portage/app-arch/bzip2-1.0.8-r1/work/bzip2-1.0.8/randtable.c
x86_64-pc-linux-gnu-gcc -march=native -O3 -fgraphite-identity -floop-nest-optimize -fdevirtualize-at-ltrans -fipa-pta -fno-semantic-interposition -flto=12 -fno-signed-zeros -fno-trapping-math -fassociative-math -freciprocal-math -fno-math-errno -ffinite-math-only -fno-rounding-math -fno-signaling-nans -fcx-limited-range -fexcess-precision=fast -fno-plt -fno-common -fuse-linker-plugin -pipe -g0 -fno-stack-protector -fno-stack-clash-protection -fstack-check=no -fno-stack-check -Wl,-O1 -Wl,--as-needed -Wl,--defsym=__gentoo_check_ldflags__=0 -Wl,--hash-style=gnu -Wl,-z,norelro -fpic -fPIC -Wall -Winline -D_FILE_OFFSET_BITS=64  -c /tmp/portage/app-arch/bzip2-1.0.8-r1/work/bzip2-1.0.8/compress.c
x86_64-pc-linux-gnu-gcc -march=native -O3 -fgraphite-identity -floop-nest-optimize -fdevirtualize-at-ltrans -fipa-pta -fno-semantic-interposition -flto=12 -fno-signed-zeros -fno-trapping-math -fassociative-math -freciprocal-math -fno-math-errno -ffinite-math-only -fno-rounding-math -fno-signaling-nans -fcx-limited-range -fexcess-precision=fast -fno-plt -fno-common -fuse-linker-plugin -pipe -g0 -fno-stack-protector -fno-stack-clash-protection -fstack-check=no -fno-stack-check -Wl,-O1 -Wl,--as-needed -Wl,--defsym=__gentoo_check_ldflags__=0 -Wl,--hash-style=gnu -Wl,-z,norelro -fpic -fPIC -Wall -Winline -D_FILE_OFFSET_BITS=64  -c /tmp/portage/app-arch/bzip2-1.0.8-r1/work/bzip2-1.0.8/decompress.c
x86_64-pc-linux-gnu-gcc -march=native -O3 -fgraphite-identity -floop-nest-optimize -fdevirtualize-at-ltrans -fipa-pta -fno-semantic-interposition -flto=12 -fno-signed-zeros -fno-trapping-math -fassociative-math -freciprocal-math -fno-math-errno -ffinite-math-only -fno-rounding-math -fno-signaling-nans -fcx-limited-range -fexcess-precision=fast -fno-plt -fno-common -fuse-linker-plugin -pipe -g0 -fno-stack-protector -fno-stack-clash-protection -fstack-check=no -fno-stack-check -Wl,-O1 -Wl,--as-needed -Wl,--defsym=__gentoo_check_ldflags__=0 -Wl,--hash-style=gnu -Wl,-z,norelro -fpic -fPIC -Wall -Winline -D_FILE_OFFSET_BITS=64  -c /tmp/portage/app-arch/bzip2-1.0.8-r1/work/bzip2-1.0.8/bzlib.c
x86_64-pc-linux-gnu-gcc -Wl,-O1 -Wl,--as-needed -Wl,--defsym=__gentoo_check_ldflags__=0 -Wl,--hash-style=gnu -Wl,-z,norelro -march=native -O3 -fgraphite-identity -floop-nest-optimize -fdevirtualize-at-ltrans -fipa-pta -fno-semantic-interposition -flto=12 -fno-signed-zeros -fno-trapping-math -fassociative-math -freciprocal-math -fno-math-errno -ffinite-math-only -fno-rounding-math -fno-signaling-nans -fcx-limited-range -fexcess-precision=fast -fno-plt -fno-common -fuse-linker-plugin -pipe -g0 -fno-stack-protector -fno-stack-clash-protection -fstack-check=no -fno-stack-check -shared -Wl,-soname -Wl,libbz2.so.1 -o libbz2.so.1.0.8 blocksort.o huffman.o crctable.o randtable.o compress.o decompress.o bzlib.o
../bzip2-1.0.8/decompress.c: In function 'BZ2_decompress':
../bzip2-1.0.8/bzlib.c:687:18: warning: inlining failed in call to 'BZ2_indexIntoF.localalias': call is unlikely and code size would grow [-Winline]
  687 | __inline__ Int32 BZ2_indexIntoF ( Int32 indx, Int32 *cftab )
      |                  ^
../bzip2-1.0.8/decompress.c:557:13: note: called from here
  557 |             BZ_GET_SMALL(s->k0); s->nblock_used++;
      |             ^
../bzip2-1.0.8/bzlib.c:687:18: warning: inlining failed in call to 'BZ2_indexIntoF.localalias': call is unlikely and code size would grow [-Winline]
  687 | __inline__ Int32 BZ2_indexIntoF ( Int32 indx, Int32 *cftab )
      |                  ^
../bzip2-1.0.8/decompress.c:560:13: note: called from here
  560 |             BZ_GET_SMALL(s->k0); s->nblock_used++;
      |             ^
ln -sf libbz2.so.1.0.8 libbz2.so.1.0
make -j12 VPATH=/tmp/portage/app-arch/bzip2-1.0.8-r1/work/bzip2-1.0.8 CC=x86_64-pc-linux-gnu-gcc AR=x86_64-pc-linux-gnu-ar RANLIB=x86_64-pc-linux-gnu-ranlib -f /tmp/portage/app-arch/bzip2-1.0.8-r1/work/bzip2-1.0.8/Makefile all 'LDFLAGS=-Wl,-O1 -Wl,--as-needed -Wl,--defsym=__gentoo_check_ldflags__=0 -Wl,--hash-style=gnu -Wl,-z,norelro -march=native -O3 -fgraphite-identity -floop-nest-optimize -fdevirtualize-at-ltrans -fipa-pta -fno-semantic-interposition -flto=12 -fno-signed-zeros -fno-trapping-math -fassociative-math -freciprocal-math -fno-math-errno -ffinite-math-only -fno-rounding-math -fno-signaling-nans -fcx-limited-range -fexcess-precision=fast -fno-plt -fno-common -fuse-linker-plugin -pipe -g0 -fno-stack-protector -fno-stack-clash-protection -fstack-check=no -fno-stack-check ' 
rm -f libbz2.a
x86_64-pc-linux-gnu-gcc -march=native -O3 -fgraphite-identity -floop-nest-optimize -fdevirtualize-at-ltrans -fipa-pta -fno-semantic-interposition -flto=12 -fno-signed-zeros -fno-trapping-math -fassociative-math -freciprocal-math -fno-math-errno -ffinite-math-only -fno-rounding-math -fno-signaling-nans -fcx-limited-range -fexcess-precision=fast -fno-plt -fno-common -fuse-linker-plugin -pipe -g0 -fno-stack-protector -fno-stack-clash-protection -fstack-check=no -fno-stack-check -Wl,-O1 -Wl,--as-needed -Wl,--defsym=__gentoo_check_ldflags__=0 -Wl,--hash-style=gnu -Wl,-z,norelro -Wall -Winline -D_FILE_OFFSET_BITS=64  -c /tmp/portage/app-arch/bzip2-1.0.8-r1/work/bzip2-1.0.8/bzip2.c
x86_64-pc-linux-gnu-gcc -march=native -O3 -fgraphite-identity -floop-nest-optimize -fdevirtualize-at-ltrans -fipa-pta -fno-semantic-interposition -flto=12 -fno-signed-zeros -fno-trapping-math -fassociative-math -freciprocal-math -fno-math-errno -ffinite-math-only -fno-rounding-math -fno-signaling-nans -fcx-limited-range -fexcess-precision=fast -fno-plt -fno-common -fuse-linker-plugin -pipe -g0 -fno-stack-protector -fno-stack-clash-protection -fstack-check=no -fno-stack-check -Wl,-O1 -Wl,--as-needed -Wl,--defsym=__gentoo_check_ldflags__=0 -Wl,--hash-style=gnu -Wl,-z,norelro -Wall -Winline -D_FILE_OFFSET_BITS=64  -c /tmp/portage/app-arch/bzip2-1.0.8-r1/work/bzip2-1.0.8/bzip2recover.c
x86_64-pc-linux-gnu-ar cq libbz2.a blocksort.o huffman.o crctable.o randtable.o compress.o decompress.o bzlib.o
x86_64-pc-linux-gnu-ranlib libbz2.a
x86_64-pc-linux-gnu-gcc -march=native -O3 -fgraphite-identity -floop-nest-optimize -fdevirtualize-at-ltrans -fipa-pta -fno-semantic-interposition -flto=12 -fno-signed-zeros -fno-trapping-math -fassociative-math -freciprocal-math -fno-math-errno -ffinite-math-only -fno-rounding-math -fno-signaling-nans -fcx-limited-range -fexcess-precision=fast -fno-plt -fno-common -fuse-linker-plugin -pipe -g0 -fno-stack-protector -fno-stack-clash-protection -fstack-check=no -fno-stack-check -Wl,-O1 -Wl,--as-needed -Wl,--defsym=__gentoo_check_ldflags__=0 -Wl,--hash-style=gnu -Wl,-z,norelro -Wall -Winline -D_FILE_OFFSET_BITS=64  -Wl,-O1 -Wl,--as-needed -Wl,--defsym=__gentoo_check_ldflags__=0 -Wl,--hash-style=gnu -Wl,-z,norelro -march=native -O3 -fgraphite-identity -floop-nest-optimize -fdevirtualize-at-ltrans -fipa-pta -fno-semantic-interposition -flto=12 -fno-signed-zeros -fno-trapping-math -fassociative-math -freciprocal-math -fno-math-errno -ffinite-math-only -fno-rounding-math -fno-signaling-nans -fcx-limited-range -fexcess-precision=fast -fno-plt -fno-common -fuse-linker-plugin -pipe -g0 -fno-stack-protector -fno-stack-clash-protection -fstack-check=no -fno-stack-check  -o bzip2recover bzip2recover.o
../bzip2-1.0.8/bzip2.c: In function 'applySavedFileAttrToOutputFile':
../bzip2-1.0.8/bzip2.c:1128:11: warning: ignoring return value of 'fchown' declared with attribute 'warn_unused_result' [-Wunused-result]
 1128 |    (void) fchown ( fd, fileMetaInfo.st_uid, fileMetaInfo.st_gid );
      |           ^~~~~~~~~~~~~~~~~~~~~~~~~~~~~~~~~~~~~~~~~~~~~~~~~~~~~~~
x86_64-pc-linux-gnu-gcc -march=native -O3 -fgraphite-identity -floop-nest-optimize -fdevirtualize-at-ltrans -fipa-pta -fno-semantic-interposition -flto=12 -fno-signed-zeros -fno-trapping-math -fassociative-math -freciprocal-math -fno-math-errno -ffinite-math-only -fno-rounding-math -fno-signaling-nans -fcx-limited-range -fexcess-precision=fast -fno-plt -fno-common -fuse-linker-plugin -pipe -g0 -fno-stack-protector -fno-stack-clash-protection -fstack-check=no -fno-stack-check -Wl,-O1 -Wl,--as-needed -Wl,--defsym=__gentoo_check_ldflags__=0 -Wl,--hash-style=gnu -Wl,-z,norelro -Wall -Winline -D_FILE_OFFSET_BITS=64  -Wl,-O1 -Wl,--as-needed -Wl,--defsym=__gentoo_check_ldflags__=0 -Wl,--hash-style=gnu -Wl,-z,norelro -march=native -O3 -fgraphite-identity -floop-nest-optimize -fdevirtualize-at-ltrans -fipa-pta -fno-semantic-interposition -flto=12 -fno-signed-zeros -fno-trapping-math -fassociative-math -freciprocal-math -fno-math-errno -ffinite-math-only -fno-rounding-math -fno-signaling-nans -fcx-limited-range -fexcess-precision=fast -fno-plt -fno-common -fuse-linker-plugin -pipe -g0 -fno-stack-protector -fno-stack-clash-protection -fstack-check=no -fno-stack-check  -o bzip2 bzip2.o -L. -lbz2
>>> Source compiled.
>>> Test phase [not enabled]: app-arch/bzip2-1.0.8-r1

>>> Install app-arch/bzip2-1.0.8-r1 into /tmp/portage/app-arch/bzip2-1.0.8-r1/image
 [32;01m*[0m abi_x86_64.amd64: running multilib-minimal_abi_src_install
>>> Completed installing app-arch/bzip2-1.0.8-r1 into /tmp/portage/app-arch/bzip2-1.0.8-r1/image

 [32;01m*[0m Final size of build directory: 4160 KiB (4.0 MiB)
 [32;01m*[0m Final size of installed tree:   620 KiB

strip: x86_64-pc-linux-gnu-strip --strip-unneeded -N __gentoo_check_ldflags__ -R .comment -R .GCC.command.line -R .note.gnu.gold-version
   /lib64/libbz2.so.1.0.8
   /usr/bin/bzip2recover
   /bin/bzip2
./
./bin/
./bin/bzip2
./bin/bzcat
./bin/bunzip2
./usr/
./usr/bin/
./usr/bin/bzcmp
./usr/bin/bzfgrep
./usr/bin/bzgrep
./usr/bin/bzdiff
./usr/bin/bzless
./usr/bin/bzmore
./usr/bin/bzip2recover
./usr/bin/bzegrep
./usr/include/
./usr/include/bzlib.h
./usr/share/
./usr/share/man/
./usr/share/man/man1/
./usr/share/man/man1/bzegrep.1.bz2
./usr/share/man/man1/bzfgrep.1.bz2
./usr/share/man/man1/bzdiff.1.bz2
./usr/share/man/man1/bzcat.1.bz2
./usr/share/man/man1/bzcmp.1.bz2
./usr/share/man/man1/bzip2recover.1.bz2
./usr/share/man/man1/bzip2.1.bz2
./usr/share/man/man1/bzgrep.1.bz2
./usr/share/man/man1/bzless.1.bz2
./usr/share/man/man1/bunzip2.1.bz2
./usr/share/man/man1/bzmore.1.bz2
./usr/share/doc/
./usr/share/doc/bzip2-1.0.8-r1/
./usr/share/doc/bzip2-1.0.8-r1/README.COMPILATION.PROBLEMS.bz2
./usr/share/doc/bzip2-1.0.8-r1/README.bz2
./usr/share/doc/bzip2-1.0.8-r1/README.XML.STUFF.bz2
./usr/share/doc/bzip2-1.0.8-r1/manual.pdf
./usr/share/doc/bzip2-1.0.8-r1/CHANGES.bz2
./usr/share/doc/bzip2-1.0.8-r1/html/
./usr/share/doc/bzip2-1.0.8-r1/html/manual.html
./usr/lib64/
./usr/lib64/libbz2.so
./lib64/
./lib64/libbz2.so.1
./lib64/libbz2.so.1.0
./lib64/libbz2.so.1.0.8
>>> Done.
 [32;01m*[39;49;00m checking 33 files for package collisions
>>> Merging app-arch/bzip2-1.0.8-r1 to /
 [32;01m*[0m removing unneeded *.la files
--- /lib64/
>>> /lib64/libbz2.so.1.0.8
>>> /lib64/libbz2.so.1.0 -> libbz2.so.1.0.8
>>> /lib64/libbz2.so.1 -> libbz2.so.1.0.8
--- /usr/
--- /usr/lib64/
>>> /usr/lib64/libbz2.so
--- /usr/share/
--- /usr/share/doc/
>>> /usr/share/doc/bzip2-1.0.8-r1/
>>> /usr/share/doc/bzip2-1.0.8-r1/html/
>>> /usr/share/doc/bzip2-1.0.8-r1/html/manual.html
>>> /usr/share/doc/bzip2-1.0.8-r1/CHANGES.bz2
>>> /usr/share/doc/bzip2-1.0.8-r1/manual.pdf
>>> /usr/share/doc/bzip2-1.0.8-r1/README.XML.STUFF.bz2
>>> /usr/share/doc/bzip2-1.0.8-r1/README.bz2
>>> /usr/share/doc/bzip2-1.0.8-r1/README.COMPILATION.PROBLEMS.bz2
--- /usr/share/man/
--- /usr/share/man/man1/
>>> /usr/share/man/man1/bzmore.1.bz2
>>> /usr/share/man/man1/bunzip2.1.bz2 -> bzip2.1.bz2
>>> /usr/share/man/man1/bzless.1.bz2 -> bzmore.1.bz2
>>> /usr/share/man/man1/bzgrep.1.bz2
>>> /usr/share/man/man1/bzip2.1.bz2
>>> /usr/share/man/man1/bzip2recover.1.bz2 -> bzip2.1.bz2
>>> /usr/share/man/man1/bzcmp.1.bz2 -> bzdiff.1.bz2
>>> /usr/share/man/man1/bzcat.1.bz2 -> bzip2.1.bz2
>>> /usr/share/man/man1/bzdiff.1.bz2
>>> /usr/share/man/man1/bzfgrep.1.bz2 -> bzgrep.1.bz2
>>> /usr/share/man/man1/bzegrep.1.bz2 -> bzgrep.1.bz2
--- /usr/include/
>>> /usr/include/bzlib.h
--- /usr/bin/
>>> /usr/bin/bzegrep -> bzgrep
>>> /usr/bin/bzip2recover
>>> /usr/bin/bzmore
>>> /usr/bin/bzless -> bzmore
>>> /usr/bin/bzdiff
>>> /usr/bin/bzgrep
>>> /usr/bin/bzfgrep -> bzgrep
>>> /usr/bin/bzcmp -> bzdiff
--- /bin/
>>> /bin/bunzip2 -> bzip2
>>> /bin/bzcat -> bzip2
>>> /bin/bzip2
>>> Safely unmerging already-installed instance...
No package files given... Grabbing a set.
--- replaced obj /usr/share/man/man1/bzmore.1.bz2
--- replaced sym /usr/share/man/man1/bzless.1.bz2
--- replaced sym /usr/share/man/man1/bzip2recover.1.bz2
--- replaced obj /usr/share/man/man1/bzip2.1.bz2
--- replaced obj /usr/share/man/man1/bzgrep.1.bz2
--- replaced sym /usr/share/man/man1/bzfgrep.1.bz2
--- replaced sym /usr/share/man/man1/bzegrep.1.bz2
--- replaced obj /usr/share/man/man1/bzdiff.1.bz2
--- replaced sym /usr/share/man/man1/bzcmp.1.bz2
--- replaced sym /usr/share/man/man1/bzcat.1.bz2
--- replaced sym /usr/share/man/man1/bunzip2.1.bz2
--- replaced dir /usr/share/man/man1
--- replaced dir /usr/share/man
<<<          obj /usr/share/doc/bzip2-1.0.6-r11/manual.pdf
<<<          obj /usr/share/doc/bzip2-1.0.6-r11/html/manual.html
<<<          obj /usr/share/doc/bzip2-1.0.6-r11/README.bz2
<<<          obj /usr/share/doc/bzip2-1.0.6-r11/README.XML.STUFF.bz2
<<<          obj /usr/share/doc/bzip2-1.0.6-r11/README.COMPILATION.PROBLEMS.bz2
<<<          obj /usr/share/doc/bzip2-1.0.6-r11/CHANGES.bz2
--- replaced dir /usr/share/doc
--- replaced dir /usr/share
--- replaced obj /usr/lib64/libbz2.so
--- replaced dir /usr/lib64
--- replaced obj /usr/include/bzlib.h
--- replaced dir /usr/include
--- replaced obj /usr/bin/bzmore
--- replaced sym /usr/bin/bzless
--- replaced obj /usr/bin/bzip2recover
--- replaced obj /usr/bin/bzgrep
--- replaced sym /usr/bin/bzfgrep
--- replaced sym /usr/bin/bzegrep
--- replaced obj /usr/bin/bzdiff
--- replaced sym /usr/bin/bzcmp
--- replaced dir /usr/bin
--- replaced dir /usr
<<<          obj /lib64/libbz2.so.1.0.6
--- replaced sym /lib64/libbz2.so.1.0
--- replaced sym /lib64/libbz2.so.1
--- replaced dir /lib64
--- replaced obj /bin/bzip2
--- replaced sym /bin/bzcat
--- replaced sym /bin/bunzip2
--- replaced dir /bin
<<<          dir /usr/share/doc/bzip2-1.0.6-r11/html
<<<          dir /usr/share/doc/bzip2-1.0.6-r11
>>> Regenerating /etc/ld.so.cache...
>>> Original instance of package unmerged safely.
>>> app-arch/bzip2-1.0.8-r1 merged.
>>> Regenerating /etc/ld.so.cache...
