 * Package:    app-vim/nginx-syntax-0.3.3
 * Repository: gentoo
 * Maintainer: vim@gentoo.org
 * USE:        abi_x86_64 amd64 elibc_glibc kernel_linux userland_GNU
 * FEATURES:   network-sandbox preserve-libs sandbox userpriv usersandbox
 * FEATURES='assume-digests binpkg-docompress binpkg-dostrip binpkg-logs buildpkg cgroup compress-index config-protect-if-modified distlocks ebuild-locks fixlafiles ipc-sandbox merge-sync multilib-strict network-sandbox news nodoc parallel-fetch pid-sandbox preserve-libs qa-unresolved-soname-deps sandbox sfperms strict strict-keepdir unknown-features-warn unmerge-logs unmerge-orphans userfetch userpriv usersandbox usersync xattr'
 * CFLAGS='-march=znver2 -O2 -pipe -fno-stack-protector -fno-stack-clash-protection -fstack-check=no -fno-stack-check -Wl,-O1 -Wl,--as-needed'
 * CXXFLAGS='-march=znver2 -O2 -pipe -fno-stack-protector -fno-stack-clash-protection -fstack-check=no -fno-stack-check -Wl,-O1 -Wl,--as-needed'
 * FFLAGS='-march=znver2 -O2 -pipe -fno-stack-protector -fno-stack-clash-protection -fstack-check=no -fno-stack-check -Wl,-O1 -Wl,--as-needed'
 * FCFLAGS='-march=znver2 -O2 -pipe -fno-stack-protector -fno-stack-clash-protection -fstack-check=no -fno-stack-check -Wl,-O1 -Wl,--as-needed'
 * F77FLAGS='-march=znver2 -O2 -pipe -fno-stack-protector -fno-stack-clash-protection -fstack-check=no -fno-stack-check -Wl,-O1 -Wl,--as-needed'
 * LDFLAGS='-Wl,-O1 -Wl,--as-needed'
 * MAKEOPTS='-j12 -l12'
 * gcc (Gentoo 10.1.0-r1 p2) 10.1.0
 * g++ (Gentoo 10.1.0-r1 p2) 10.1.0
 * GNU gold (Gentoo 2.34 p4 2.34.0) 1.16
 * Linux rescue 5.4.36 #1 SMP Thu Apr 30 04:38:28 UTC 2020 x86_64 AMD Ryzen 5 3600 6-Core Processor AuthenticAMD GNU/Linux
app-vim/nginx-syntax: 22 seconds average for 4 merges
2020-05-21T13:18:32 >>> app-vim/nginx-syntax: 10 seconds
2020-05-30T23:44:56 >>> app-vim/nginx-syntax: 30 seconds
2020-06-01T08:06:32 >>> app-vim/nginx-syntax: 25 seconds
2020-06-13T21:10:42 >>> app-vim/nginx-syntax: 23 seconds
]0;emerge 17:18:48 624|895 nginx-syntax 00:26 (root@rescue)>>> Unpacking source...
>>> Unpacking nginx-syntax-0.3.3.tar.bz2 to /tmp/portage/app-vim/nginx-syntax-0.3.3/work
>>> Source unpacked in /tmp/portage/app-vim/nginx-syntax-0.3.3/work
>>> Preparing source in /tmp/portage/app-vim/nginx-syntax-0.3.3/work/nginx-syntax-0.3.3 ...
>>> Source prepared.
>>> Configuring source in /tmp/portage/app-vim/nginx-syntax-0.3.3/work/nginx-syntax-0.3.3 ...
>>> Source configured.
>>> Compiling source in /tmp/portage/app-vim/nginx-syntax-0.3.3/work/nginx-syntax-0.3.3 ...
>>> Source compiled.
>>> Test phase [not enabled]: app-vim/nginx-syntax-0.3.3

>>> Install app-vim/nginx-syntax-0.3.3 into /tmp/portage/app-vim/nginx-syntax-0.3.3/image/
 * Cleaning up unwanted files and directories ...
 [ ok ]
>>> Completed installing app-vim/nginx-syntax-0.3.3 into /tmp/portage/app-vim/nginx-syntax-0.3.3/image/

 * Final size of build directory:  4 KiB
 * Final size of installed tree:  64 KiB

Parallel BZIP2 v1.1.13 [Dec 18, 2015]
By: Jeff Gilchrist [http://compression.ca]
Major contributions: Yavor Nikolov [http://javornikolov.wordpress.com]
Uses libbzip2 by Julian Seward

         # CPUs: 7
   Load Average: 4.57
 BWT Block Size: 200 KB
File Block Size: 900 KB
 Maximum Memory: 1024 MB
-------------------------------------------
         File #: 1 of 1
     Input Name: compressme
    Output Name: compressme.bz2

     Input Size: 3895 bytes
Compressing data (no threads)...
Completed: 100%                 Output Size: 918 bytes
-------------------------------------------

     Wall Clock: 0.001011 seconds
./
./usr/
./usr/share/
./usr/share/vim/
./usr/share/vim/vimfiles/
./usr/share/vim/vimfiles/syntax/
./usr/share/vim/vimfiles/syntax/nginx.vim
./usr/share/vim/vimfiles/ftdetect/
./usr/share/vim/vimfiles/ftdetect/nginx.vim
>>> Done.
 * checking 2 files for package collisions
>>> Merging app-vim/nginx-syntax-0.3.3 to /
 * removing unneeded *.la files
--- /usr/
--- /usr/share/
--- /usr/share/vim/
--- /usr/share/vim/vimfiles/
--- /usr/share/vim/vimfiles/ftdetect/
>>> /usr/share/vim/vimfiles/ftdetect/nginx.vim
--- /usr/share/vim/vimfiles/syntax/
>>> /usr/share/vim/vimfiles/syntax/nginx.vim
>>> Safely unmerging already-installed instance...
!!! File Not Found: '/etc/env.d/99lcdfilter'
>>> Original instance of package unmerged safely.
 * Updating documentation tags in /usr/share/vim/vim82
 * Updating scripts in /usr/share/vim/vimfiles/after
 * Removing dead scripts in /usr/share/vim/vimfiles/after
>>> app-vim/nginx-syntax-0.3.3 merged.
!!! File Not Found: '/etc/env.d/99lcdfilter'
