[32;01m * [39;49;00mPackage:    app-arch/zip-3.0-r3
[32;01m * [39;49;00mRepository: gentoo
[32;01m * [39;49;00mMaintainer: base-system@gentoo.org
[32;01m * [39;49;00mUSE:        abi_x86_64 amd64 bzip2 crypt elibc_glibc kernel_linux natspec split-usr unicode userland_GNU
[32;01m * [39;49;00mFEATURES:   network-sandbox preserve-libs sandbox userpriv usersandbox
 [32;01m*[0m /etc/portage/package.cflags/ltoworkarounds.conf -> */*: *FLAGS+=-Wl,-O4 *FLAGS-=-Wl,-O1
 [32;01m*[0m FEATURES='assume-digests binpkg-docompress binpkg-dostrip binpkg-logs binpkg-multi-instance cgroup compress-index config-protect-if-modified distlocks fixlafiles ipc-sandbox merge-sync multilib-strict network-sandbox news nodoc parallel-fetch parallel-install pid-sandbox preserve-libs qa-unresolved-soname-deps sandbox sfperms strict strict-keepdir unknown-features-warn unmerge-logs unmerge-orphans userfetch userpriv usersandbox usersync xattr'
 [32;01m*[0m CFLAGS='-march=znver2 -Ofast -pipe -g0 -fgraphite-identity -floop-interchange -floop-nest-optimize -floop-parallelize-all -ftree-parallelize-loops=12 -ftree-vectorize -fdevirtualize-at-ltrans -fipa-pta -fno-semantic-interposition -flto=12 -fno-plt -falign-functions=32 -fno-stack-protector -fno-stack-clash-protection -fstack-check=no -fno-stack-check -fuse-linker-plugin -Wl,-O4 -Wl,-O4,--sort-common,--as-needed,-z,norelro,-z,now,-lgomp,-lpthread -s'
 [32;01m*[0m CXXFLAGS='-march=znver2 -Ofast -pipe -g0 -fgraphite-identity -floop-interchange -floop-nest-optimize -floop-parallelize-all -ftree-parallelize-loops=12 -ftree-vectorize -fdevirtualize-at-ltrans -fipa-pta -fno-semantic-interposition -flto=12 -fno-plt -falign-functions=32 -fno-stack-protector -fno-stack-clash-protection -fstack-check=no -fno-stack-check -fuse-linker-plugin -Wl,-O4 -Wl,-O4,--sort-common,--as-needed,-z,norelro,-z,now,-lgomp,-lpthread -s'
 [32;01m*[0m FFLAGS='-march=znver2 -Ofast -pipe -g0 -fgraphite-identity -floop-interchange -floop-nest-optimize -floop-parallelize-all -ftree-parallelize-loops=12 -ftree-vectorize -fdevirtualize-at-ltrans -fipa-pta -fno-semantic-interposition -flto=12 -fno-plt -falign-functions=32 -fno-stack-protector -fno-stack-clash-protection -fstack-check=no -fno-stack-check -fuse-linker-plugin -Wl,-O4 -Wl,-O4,--sort-common,--as-needed,-z,norelro,-z,now,-lgomp,-lpthread -s'
 [32;01m*[0m FCFLAGS='-march=znver2 -Ofast -pipe -g0 -fgraphite-identity -floop-interchange -floop-nest-optimize -floop-parallelize-all -ftree-parallelize-loops=12 -ftree-vectorize -fdevirtualize-at-ltrans -fipa-pta -fno-semantic-interposition -flto=12 -fno-plt -falign-functions=32 -fno-stack-protector -fno-stack-clash-protection -fstack-check=no -fno-stack-check -fuse-linker-plugin -Wl,-O4 -Wl,-O4,--sort-common,--as-needed,-z,norelro,-z,now,-lgomp,-lpthread -s'
 [32;01m*[0m F77FLAGS='-march=znver2 -Ofast -pipe -g0 -fgraphite-identity -floop-interchange -floop-nest-optimize -floop-parallelize-all -ftree-parallelize-loops=12 -ftree-vectorize -fdevirtualize-at-ltrans -fipa-pta -fno-semantic-interposition -flto=12 -fno-plt -falign-functions=32 -fno-stack-protector -fno-stack-clash-protection -fstack-check=no -fno-stack-check -fuse-linker-plugin -Wl,-O4 -Wl,-O4,--sort-common,--as-needed,-z,norelro,-z,now,-lgomp,-lpthread -s'
 [32;01m*[0m LDFLAGS='-march=znver2 -Ofast -pipe -g0 -fgraphite-identity -floop-interchange -floop-nest-optimize -floop-parallelize-all -ftree-parallelize-loops=12 -ftree-vectorize -fdevirtualize-at-ltrans -fipa-pta -fno-semantic-interposition -flto=12 -fno-plt -falign-functions=32 -fno-stack-protector -fno-stack-clash-protection -fstack-check=no -fno-stack-check -fuse-linker-plugin -Wl,-O4,--sort-common,--as-needed,-z,norelro,-z,now,-lgomp,-lpthread -s -Wl,-O4'
 [32;01m*[0m MAKEOPTS='-j12 -l12'
 [32;01m*[0m gcc () 11.0.0 20200606 (experimental)
 [32;01m*[0m g++ () 11.0.0 20200606 (experimental)
 [32;01m*[0m GNU ld (Gentoo 2.34 p4) 2.34.0
 [32;01m*[0m Linux rescue 5.4.36 #1 SMP Thu Apr 30 04:38:28 UTC 2020 x86_64 AMD Ryzen 5 3600 6-Core Processor AuthenticAMD GNU/Linux
[00;01mapp-arch/[00;00m[36;01mzip[00;00m: [32;01m8[00;00m seconds average for [32;01m8[00;00m merges
2020-05-16T15:37:27 >>> [00;01mapp-arch/[00;00m[36;01mzip[00;00m: [32;01m8[00;00m seconds
2020-05-20T07:34:32 >>> [00;01mapp-arch/[00;00m[36;01mzip[00;00m: [32;01m3[00;00m seconds
2020-05-21T06:13:12 >>> [00;01mapp-arch/[00;00m[36;01mzip[00;00m: [32;01m5[00;00m seconds
2020-05-26T14:10:47 >>> [00;01mapp-arch/[00;00m[36;01mzip[00;00m: [32;01m8[00;00m seconds
2020-05-28T14:32:32 >>> [00;01mapp-arch/[00;00m[36;01mzip[00;00m: [32;01m7[00;00m seconds
2020-05-30T12:41:02 >>> [00;01mapp-arch/[00;00m[36;01mzip[00;00m: [32;01m17[00;00m seconds
2020-05-30T21:39:09 >>> [00;01mapp-arch/[00;00m[36;01mzip[00;00m: [32;01m8[00;00m seconds
2020-06-01T04:20:29 >>> [00;01mapp-arch/[00;00m[36;01mzip[00;00m: [32;01m15[00;00m seconds
]0;emerge 04:00:11 1|1 zip 00:13 (root@rescue)kemerge 04:00:11 1|1 zip 00:13 (root@rescue)\>>> Unpacking source...
>>> Unpacking zip30.zip to /tmp/portage/app-arch/zip-3.0-r3/work
profiling:/tmp/portage/app-arch/bzip2-1.0.8-r1/work/bzip2-1.0.8-abi_x86_64.amd64/blocksort.gcda:Cannot open
profiling:/tmp/portage/app-arch/bzip2-1.0.8-r1/work/bzip2-1.0.8-abi_x86_64.amd64/huffman.gcda:Cannot open
profiling:/tmp/portage/app-arch/bzip2-1.0.8-r1/work/bzip2-1.0.8-abi_x86_64.amd64/compress.gcda:Cannot open
profiling:/tmp/portage/app-arch/bzip2-1.0.8-r1/work/bzip2-1.0.8-abi_x86_64.amd64/decompress.gcda:Cannot open
profiling:/tmp/portage/app-arch/bzip2-1.0.8-r1/work/bzip2-1.0.8-abi_x86_64.amd64/bzlib.gcda:Cannot open
profiling:/tmp/portage/app-arch/bzip2-1.0.8-r1/work/bzip2-1.0.8-abi_x86_64.amd64/blocksort.gcda:Cannot open
profiling:/tmp/portage/app-arch/bzip2-1.0.8-r1/work/bzip2-1.0.8-abi_x86_64.amd64/huffman.gcda:Cannot open
profiling:/tmp/portage/app-arch/bzip2-1.0.8-r1/work/bzip2-1.0.8-abi_x86_64.amd64/compress.gcda:Cannot open
profiling:/tmp/portage/app-arch/bzip2-1.0.8-r1/work/bzip2-1.0.8-abi_x86_64.amd64/decompress.gcda:Cannot open
profiling:/tmp/portage/app-arch/bzip2-1.0.8-r1/work/bzip2-1.0.8-abi_x86_64.amd64/bzlib.gcda:Cannot open
>>> Source unpacked in /tmp/portage/app-arch/zip-3.0-r3/work
profiling:/tmp/portage/app-arch/bzip2-1.0.8-r1/work/bzip2-1.0.8-abi_x86_64.amd64/blocksort.gcda:Cannot open
profiling:/tmp/portage/app-arch/bzip2-1.0.8-r1/work/bzip2-1.0.8-abi_x86_64.amd64/huffman.gcda:Cannot open
profiling:/tmp/portage/app-arch/bzip2-1.0.8-r1/work/bzip2-1.0.8-abi_x86_64.amd64/compress.gcda:Cannot open
profiling:/tmp/portage/app-arch/bzip2-1.0.8-r1/work/bzip2-1.0.8-abi_x86_64.amd64/decompress.gcda:Cannot open
profiling:/tmp/portage/app-arch/bzip2-1.0.8-r1/work/bzip2-1.0.8-abi_x86_64.amd64/bzlib.gcda:Cannot open
profiling:/tmp/portage/app-arch/bzip2-1.0.8-r1/work/bzip2-1.0.8-abi_x86_64.amd64/blocksort.gcda:Cannot open
profiling:/tmp/portage/app-arch/bzip2-1.0.8-r1/work/bzip2-1.0.8-abi_x86_64.amd64/huffman.gcda:Cannot open
profiling:/tmp/portage/app-arch/bzip2-1.0.8-r1/work/bzip2-1.0.8-abi_x86_64.amd64/compress.gcda:Cannot open
profiling:/tmp/portage/app-arch/bzip2-1.0.8-r1/work/bzip2-1.0.8-abi_x86_64.amd64/decompress.gcda:Cannot open
profiling:/tmp/portage/app-arch/bzip2-1.0.8-r1/work/bzip2-1.0.8-abi_x86_64.amd64/bzlib.gcda:Cannot open
>>> Preparing source in /tmp/portage/app-arch/zip-3.0-r3/work/zip30 ...
 [32;01m*[0m Applying zip-3.0-no-crypt.patch ...
[A[263C [34;01m[ [32;01mok[34;01m ][0m
 [32;01m*[0m Applying zip-3.0-pic.patch ...
[A[263C [34;01m[ [32;01mok[34;01m ][0m
 [32;01m*[0m Applying zip-3.0-exec-stack.patch ...
[A[263C [34;01m[ [32;01mok[34;01m ][0m
 [32;01m*[0m Applying zip-3.0-build.patch ...
[A[263C [34;01m[ [32;01mok[34;01m ][0m
 [32;01m*[0m Applying zip-3.0-zipnote-freeze.patch ...
[A[263C [34;01m[ [32;01mok[34;01m ][0m
 [32;01m*[0m Applying zip-3.0-format-security.patch ...
[A[263C [34;01m[ [32;01mok[34;01m ][0m
 [32;01m*[0m Applying zip-3.0-natspec.patch ...
[A[263C [34;01m[ [32;01mok[34;01m ][0m
>>> Source prepared.
profiling:/tmp/portage/app-arch/bzip2-1.0.8-r1/work/bzip2-1.0.8-abi_x86_64.amd64/blocksort.gcda:Cannot open
profiling:/tmp/portage/app-arch/bzip2-1.0.8-r1/work/bzip2-1.0.8-abi_x86_64.amd64/huffman.gcda:Cannot open
profiling:/tmp/portage/app-arch/bzip2-1.0.8-r1/work/bzip2-1.0.8-abi_x86_64.amd64/compress.gcda:Cannot open
profiling:/tmp/portage/app-arch/bzip2-1.0.8-r1/work/bzip2-1.0.8-abi_x86_64.amd64/decompress.gcda:Cannot open
profiling:/tmp/portage/app-arch/bzip2-1.0.8-r1/work/bzip2-1.0.8-abi_x86_64.amd64/bzlib.gcda:Cannot open
>>> Configuring source in /tmp/portage/app-arch/zip-3.0-r3/work/zip30 ...
Check C compiler type (optimization options)
  GNU C (-O3)
Check bzip2 support
  Check for bzip2 compiled library in IZ_BZIP2 (/tmp/portage/app-arch/zip-3.0-r3/temp)
    /tmp/portage/app-arch/zip-3.0-r3/temp/libbz2.a not found
-- Since IZ_BZIP2 defined, skipping OS and bzip2 checks - no bzip2
Check for the C preprocessor
Check if we can use asm code
Checking if compiler wants to create pic code
Check for ANSI options
Check for prototypes
Check the handling of const
Check for time_t
Check for size_t
Check for off_t
Check size of UIDs and GIDs
(Now zip stores variable size UIDs/GIDs using a new extra field.  This
 tests if this OS uses 16-bit UIDs/GIDs and so if the old 16-bit storage
 should also be used for backward compatibility.)
  s.st_uid is 4 bytes
  s.st_gid is 4 bytes
-- UID not 2 bytes - disabling old 16-bit UID/GID support
Check for Large File Support
  off_t is 8 bytes
-- yes we have Large File Support!
Check for wide char support
-- have wchar_t - enabling Unicode support
Check for gcc no-builtin flag
Check for rmdir
Check for strchr
Check for strrchr
Check for rename
Check for mktemp
Check for mktime
Check for mkstemp
Check for memset
Check for memmove
Check for strerror
Check for errno declaration
Check for directory libraries
Check for readlink
Check for directory include file
Check for nonexistent include files
Check for term I/O include file
Check for valloc
Check for /usr/local/bin and /usr/local/man
Check for OS-specific flags
Check for symbolic links
>>> Source configured.
profiling:/tmp/portage/app-arch/bzip2-1.0.8-r1/work/bzip2-1.0.8-abi_x86_64.amd64/blocksort.gcda:Cannot open
profiling:/tmp/portage/app-arch/bzip2-1.0.8-r1/work/bzip2-1.0.8-abi_x86_64.amd64/huffman.gcda:Cannot open
profiling:/tmp/portage/app-arch/bzip2-1.0.8-r1/work/bzip2-1.0.8-abi_x86_64.amd64/compress.gcda:Cannot open
profiling:/tmp/portage/app-arch/bzip2-1.0.8-r1/work/bzip2-1.0.8-abi_x86_64.amd64/decompress.gcda:Cannot open
profiling:/tmp/portage/app-arch/bzip2-1.0.8-r1/work/bzip2-1.0.8-abi_x86_64.amd64/bzlib.gcda:Cannot open
>>> Compiling source in /tmp/portage/app-arch/zip-3.0-r3/work/zip30 ...
make -j12 -l12 'CPP=x86_64-pc-linux-gnu-gcc -E' -f unix/Makefile generic 
eval make -f unix/Makefile zips `cat flags`
make[1]: Entering directory '/tmp/portage/app-arch/zip-3.0-r3/work/zip30'
x86_64-pc-linux-gnu-gcc -c -I. -DUNIX -march=znver2 -Ofast -pipe -g0 -fgraphite-identity -floop-interchange -floop-nest-optimize -floop-parallelize-all -ftree-parallelize-loops=12 -ftree-vectorize -fdevirtualize-at-ltrans -fipa-pta -fno-semantic-interposition -flto=12 -fno-plt -falign-functions=32 -fno-stack-protector -fno-stack-clash-protection -fstack-check=no -fno-stack-check -fuse-linker-plugin -Wl,-O4 -Wl,-O4,--sort-common,--as-needed,-z,norelro,-z,now,-lgomp,-lpthread -s -DLARGE_FILE_SUPPORT -DUIDGID_NOT_16BIT -DBZIP2_SUPPORT -DCRYPT -DUNICODE_SUPPORT -DUIDGID_NOT_16BIT -DLARGE_FILE_SUPPORT -DUNICODE_SUPPORT -DHAVE_DIRENT_H -DHAVE_TERMIOS_H zip.c
x86_64-pc-linux-gnu-gcc -c -I. -DUNIX -march=znver2 -Ofast -pipe -g0 -fgraphite-identity -floop-interchange -floop-nest-optimize -floop-parallelize-all -ftree-parallelize-loops=12 -ftree-vectorize -fdevirtualize-at-ltrans -fipa-pta -fno-semantic-interposition -flto=12 -fno-plt -falign-functions=32 -fno-stack-protector -fno-stack-clash-protection -fstack-check=no -fno-stack-check -fuse-linker-plugin -Wl,-O4 -Wl,-O4,--sort-common,--as-needed,-z,norelro,-z,now,-lgomp,-lpthread -s -DLARGE_FILE_SUPPORT -DUIDGID_NOT_16BIT -DBZIP2_SUPPORT -DCRYPT -DUNICODE_SUPPORT -DUIDGID_NOT_16BIT -DLARGE_FILE_SUPPORT -DUNICODE_SUPPORT -DHAVE_DIRENT_H -DHAVE_TERMIOS_H zipfile.c
x86_64-pc-linux-gnu-gcc -c -I. -DUNIX -march=znver2 -Ofast -pipe -g0 -fgraphite-identity -floop-interchange -floop-nest-optimize -floop-parallelize-all -ftree-parallelize-loops=12 -ftree-vectorize -fdevirtualize-at-ltrans -fipa-pta -fno-semantic-interposition -flto=12 -fno-plt -falign-functions=32 -fno-stack-protector -fno-stack-clash-protection -fstack-check=no -fno-stack-check -fuse-linker-plugin -Wl,-O4 -Wl,-O4,--sort-common,--as-needed,-z,norelro,-z,now,-lgomp,-lpthread -s -DLARGE_FILE_SUPPORT -DUIDGID_NOT_16BIT -DBZIP2_SUPPORT -DCRYPT -DUNICODE_SUPPORT -DUIDGID_NOT_16BIT -DLARGE_FILE_SUPPORT -DUNICODE_SUPPORT -DHAVE_DIRENT_H -DHAVE_TERMIOS_H zipup.c
x86_64-pc-linux-gnu-gcc -c -I. -DUNIX -march=znver2 -Ofast -pipe -g0 -fgraphite-identity -floop-interchange -floop-nest-optimize -floop-parallelize-all -ftree-parallelize-loops=12 -ftree-vectorize -fdevirtualize-at-ltrans -fipa-pta -fno-semantic-interposition -flto=12 -fno-plt -falign-functions=32 -fno-stack-protector -fno-stack-clash-protection -fstack-check=no -fno-stack-check -fuse-linker-plugin -Wl,-O4 -Wl,-O4,--sort-common,--as-needed,-z,norelro,-z,now,-lgomp,-lpthread -s -DLARGE_FILE_SUPPORT -DUIDGID_NOT_16BIT -DBZIP2_SUPPORT -DCRYPT -DUNICODE_SUPPORT -DUIDGID_NOT_16BIT -DLARGE_FILE_SUPPORT -DUNICODE_SUPPORT -DHAVE_DIRENT_H -DHAVE_TERMIOS_H fileio.c
x86_64-pc-linux-gnu-gcc -c -I. -DUNIX -march=znver2 -Ofast -pipe -g0 -fgraphite-identity -floop-interchange -floop-nest-optimize -floop-parallelize-all -ftree-parallelize-loops=12 -ftree-vectorize -fdevirtualize-at-ltrans -fipa-pta -fno-semantic-interposition -flto=12 -fno-plt -falign-functions=32 -fno-stack-protector -fno-stack-clash-protection -fstack-check=no -fno-stack-check -fuse-linker-plugin -Wl,-O4 -Wl,-O4,--sort-common,--as-needed,-z,norelro,-z,now,-lgomp,-lpthread -s -DLARGE_FILE_SUPPORT -DUIDGID_NOT_16BIT -DBZIP2_SUPPORT -DCRYPT -DUNICODE_SUPPORT -DUIDGID_NOT_16BIT -DLARGE_FILE_SUPPORT -DUNICODE_SUPPORT -DHAVE_DIRENT_H -DHAVE_TERMIOS_H util.c
x86_64-pc-linux-gnu-gcc -c -I. -DUNIX -march=znver2 -Ofast -pipe -g0 -fgraphite-identity -floop-interchange -floop-nest-optimize -floop-parallelize-all -ftree-parallelize-loops=12 -ftree-vectorize -fdevirtualize-at-ltrans -fipa-pta -fno-semantic-interposition -flto=12 -fno-plt -falign-functions=32 -fno-stack-protector -fno-stack-clash-protection -fstack-check=no -fno-stack-check -fuse-linker-plugin -Wl,-O4 -Wl,-O4,--sort-common,--as-needed,-z,norelro,-z,now,-lgomp,-lpthread -s -DLARGE_FILE_SUPPORT -DUIDGID_NOT_16BIT -DBZIP2_SUPPORT -DCRYPT -DUNICODE_SUPPORT -DUIDGID_NOT_16BIT -DLARGE_FILE_SUPPORT -DUNICODE_SUPPORT -DHAVE_DIRENT_H -DHAVE_TERMIOS_H globals.c
x86_64-pc-linux-gnu-gcc -c -I. -DUNIX -march=znver2 -Ofast -pipe -g0 -fgraphite-identity -floop-interchange -floop-nest-optimize -floop-parallelize-all -ftree-parallelize-loops=12 -ftree-vectorize -fdevirtualize-at-ltrans -fipa-pta -fno-semantic-interposition -flto=12 -fno-plt -falign-functions=32 -fno-stack-protector -fno-stack-clash-protection -fstack-check=no -fno-stack-check -fuse-linker-plugin -Wl,-O4 -Wl,-O4,--sort-common,--as-needed,-z,norelro,-z,now,-lgomp,-lpthread -s -DLARGE_FILE_SUPPORT -DUIDGID_NOT_16BIT -DBZIP2_SUPPORT -DCRYPT -DUNICODE_SUPPORT -DUIDGID_NOT_16BIT -DLARGE_FILE_SUPPORT -DUNICODE_SUPPORT -DHAVE_DIRENT_H -DHAVE_TERMIOS_H crypt.c
x86_64-pc-linux-gnu-gcc -c -I. -DUNIX -march=znver2 -Ofast -pipe -g0 -fgraphite-identity -floop-interchange -floop-nest-optimize -floop-parallelize-all -ftree-parallelize-loops=12 -ftree-vectorize -fdevirtualize-at-ltrans -fipa-pta -fno-semantic-interposition -flto=12 -fno-plt -falign-functions=32 -fno-stack-protector -fno-stack-clash-protection -fstack-check=no -fno-stack-check -fuse-linker-plugin -Wl,-O4 -Wl,-O4,--sort-common,--as-needed,-z,norelro,-z,now,-lgomp,-lpthread -s -DLARGE_FILE_SUPPORT -DUIDGID_NOT_16BIT -DBZIP2_SUPPORT -DCRYPT -DUNICODE_SUPPORT -DUIDGID_NOT_16BIT -DLARGE_FILE_SUPPORT -DUNICODE_SUPPORT -DHAVE_DIRENT_H -DHAVE_TERMIOS_H ttyio.c
x86_64-pc-linux-gnu-gcc -c -I. -DUNIX -march=znver2 -Ofast -pipe -g0 -fgraphite-identity -floop-interchange -floop-nest-optimize -floop-parallelize-all -ftree-parallelize-loops=12 -ftree-vectorize -fdevirtualize-at-ltrans -fipa-pta -fno-semantic-interposition -flto=12 -fno-plt -falign-functions=32 -fno-stack-protector -fno-stack-clash-protection -fstack-check=no -fno-stack-check -fuse-linker-plugin -Wl,-O4 -Wl,-O4,--sort-common,--as-needed,-z,norelro,-z,now,-lgomp,-lpthread -s -DLARGE_FILE_SUPPORT -DUIDGID_NOT_16BIT -DBZIP2_SUPPORT -DCRYPT -DUNICODE_SUPPORT -DUIDGID_NOT_16BIT -DLARGE_FILE_SUPPORT -DUNICODE_SUPPORT -DHAVE_DIRENT_H -DHAVE_TERMIOS_H unix/unix.c
x86_64-pc-linux-gnu-gcc -c -I. -DUNIX -march=znver2 -Ofast -pipe -g0 -fgraphite-identity -floop-interchange -floop-nest-optimize -floop-parallelize-all -ftree-parallelize-loops=12 -ftree-vectorize -fdevirtualize-at-ltrans -fipa-pta -fno-semantic-interposition -flto=12 -fno-plt -falign-functions=32 -fno-stack-protector -fno-stack-clash-protection -fstack-check=no -fno-stack-check -fuse-linker-plugin -Wl,-O4 -Wl,-O4,--sort-common,--as-needed,-z,norelro,-z,now,-lgomp,-lpthread -s -DLARGE_FILE_SUPPORT -DUIDGID_NOT_16BIT -DBZIP2_SUPPORT -DCRYPT -DUNICODE_SUPPORT -DUIDGID_NOT_16BIT -DLARGE_FILE_SUPPORT -DUNICODE_SUPPORT -DHAVE_DIRENT_H -DHAVE_TERMIOS_H crc32.c
x86_64-pc-linux-gnu-gcc -c -I. -DUNIX -march=znver2 -Ofast -pipe -g0 -fgraphite-identity -floop-interchange -floop-nest-optimize -floop-parallelize-all -ftree-parallelize-loops=12 -ftree-vectorize -fdevirtualize-at-ltrans -fipa-pta -fno-semantic-interposition -flto=12 -fno-plt -falign-functions=32 -fno-stack-protector -fno-stack-clash-protection -fstack-check=no -fno-stack-check -fuse-linker-plugin -Wl,-O4 -Wl,-O4,--sort-common,--as-needed,-z,norelro,-z,now,-lgomp,-lpthread -s -DLARGE_FILE_SUPPORT -DUIDGID_NOT_16BIT -DBZIP2_SUPPORT -DCRYPT -DUNICODE_SUPPORT -DUIDGID_NOT_16BIT -DLARGE_FILE_SUPPORT -DUNICODE_SUPPORT -DHAVE_DIRENT_H -DHAVE_TERMIOS_H zbz2err.c
x86_64-pc-linux-gnu-gcc -c -I. -DUNIX -march=znver2 -Ofast -pipe -g0 -fgraphite-identity -floop-interchange -floop-nest-optimize -floop-parallelize-all -ftree-parallelize-loops=12 -ftree-vectorize -fdevirtualize-at-ltrans -fipa-pta -fno-semantic-interposition -flto=12 -fno-plt -falign-functions=32 -fno-stack-protector -fno-stack-clash-protection -fstack-check=no -fno-stack-check -fuse-linker-plugin -Wl,-O4 -Wl,-O4,--sort-common,--as-needed,-z,norelro,-z,now,-lgomp,-lpthread -s -DLARGE_FILE_SUPPORT -DUIDGID_NOT_16BIT -DBZIP2_SUPPORT -DCRYPT -DUNICODE_SUPPORT -DUIDGID_NOT_16BIT -DLARGE_FILE_SUPPORT -DUNICODE_SUPPORT -DHAVE_DIRENT_H -DHAVE_TERMIOS_H deflate.c
x86_64-pc-linux-gnu-gcc -c -I. -DUNIX -march=znver2 -Ofast -pipe -g0 -fgraphite-identity -floop-interchange -floop-nest-optimize -floop-parallelize-all -ftree-parallelize-loops=12 -ftree-vectorize -fdevirtualize-at-ltrans -fipa-pta -fno-semantic-interposition -flto=12 -fno-plt -falign-functions=32 -fno-stack-protector -fno-stack-clash-protection -fstack-check=no -fno-stack-check -fuse-linker-plugin -Wl,-O4 -Wl,-O4,--sort-common,--as-needed,-z,norelro,-z,now,-lgomp,-lpthread -s -DLARGE_FILE_SUPPORT -DUIDGID_NOT_16BIT -DBZIP2_SUPPORT -DCRYPT -DUNICODE_SUPPORT -DUIDGID_NOT_16BIT -DLARGE_FILE_SUPPORT -DUNICODE_SUPPORT -DHAVE_DIRENT_H -DHAVE_TERMIOS_H trees.c
x86_64-pc-linux-gnu-gcc -c -I. -DUNIX -march=znver2 -Ofast -pipe -g0 -fgraphite-identity -floop-interchange -floop-nest-optimize -floop-parallelize-all -ftree-parallelize-loops=12 -ftree-vectorize -fdevirtualize-at-ltrans -fipa-pta -fno-semantic-interposition -flto=12 -fno-plt -falign-functions=32 -fno-stack-protector -fno-stack-clash-protection -fstack-check=no -fno-stack-check -fuse-linker-plugin -Wl,-O4 -Wl,-O4,--sort-common,--as-needed,-z,norelro,-z,now,-lgomp,-lpthread -s -DLARGE_FILE_SUPPORT -DUIDGID_NOT_16BIT -DBZIP2_SUPPORT -DCRYPT -DUNICODE_SUPPORT -DUIDGID_NOT_16BIT -DLARGE_FILE_SUPPORT -DUNICODE_SUPPORT -DHAVE_DIRENT_H -DHAVE_TERMIOS_H zipcloak.c
x86_64-pc-linux-gnu-gcc -c -I. -DUNIX -march=znver2 -Ofast -pipe -g0 -fgraphite-identity -floop-interchange -floop-nest-optimize -floop-parallelize-all -ftree-parallelize-loops=12 -ftree-vectorize -fdevirtualize-at-ltrans -fipa-pta -fno-semantic-interposition -flto=12 -fno-plt -falign-functions=32 -fno-stack-protector -fno-stack-clash-protection -fstack-check=no -fno-stack-check -fuse-linker-plugin -Wl,-O4 -Wl,-O4,--sort-common,--as-needed,-z,norelro,-z,now,-lgomp,-lpthread -s -DLARGE_FILE_SUPPORT -DUIDGID_NOT_16BIT -DBZIP2_SUPPORT -DCRYPT -DUNICODE_SUPPORT -DUIDGID_NOT_16BIT -DLARGE_FILE_SUPPORT -DUNICODE_SUPPORT -DHAVE_DIRENT_H -DHAVE_TERMIOS_H -DUTIL -o zipfile_.o zipfile.c
x86_64-pc-linux-gnu-gcc -c -I. -DUNIX -march=znver2 -Ofast -pipe -g0 -fgraphite-identity -floop-interchange -floop-nest-optimize -floop-parallelize-all -ftree-parallelize-loops=12 -ftree-vectorize -fdevirtualize-at-ltrans -fipa-pta -fno-semantic-interposition -flto=12 -fno-plt -falign-functions=32 -fno-stack-protector -fno-stack-clash-protection -fstack-check=no -fno-stack-check -fuse-linker-plugin -Wl,-O4 -Wl,-O4,--sort-common,--as-needed,-z,norelro,-z,now,-lgomp,-lpthread -s -DLARGE_FILE_SUPPORT -DUIDGID_NOT_16BIT -DBZIP2_SUPPORT -DCRYPT -DUNICODE_SUPPORT -DUIDGID_NOT_16BIT -DLARGE_FILE_SUPPORT -DUNICODE_SUPPORT -DHAVE_DIRENT_H -DHAVE_TERMIOS_H -DUTIL -o fileio_.o fileio.c
x86_64-pc-linux-gnu-gcc -c -I. -DUNIX -march=znver2 -Ofast -pipe -g0 -fgraphite-identity -floop-interchange -floop-nest-optimize -floop-parallelize-all -ftree-parallelize-loops=12 -ftree-vectorize -fdevirtualize-at-ltrans -fipa-pta -fno-semantic-interposition -flto=12 -fno-plt -falign-functions=32 -fno-stack-protector -fno-stack-clash-protection -fstack-check=no -fno-stack-check -fuse-linker-plugin -Wl,-O4 -Wl,-O4,--sort-common,--as-needed,-z,norelro,-z,now,-lgomp,-lpthread -s -DLARGE_FILE_SUPPORT -DUIDGID_NOT_16BIT -DBZIP2_SUPPORT -DCRYPT -DUNICODE_SUPPORT -DUIDGID_NOT_16BIT -DLARGE_FILE_SUPPORT -DUNICODE_SUPPORT -DHAVE_DIRENT_H -DHAVE_TERMIOS_H -DUTIL -o util_.o util.c
x86_64-pc-linux-gnu-gcc -c -I. -DUNIX -march=znver2 -Ofast -pipe -g0 -fgraphite-identity -floop-interchange -floop-nest-optimize -floop-parallelize-all -ftree-parallelize-loops=12 -ftree-vectorize -fdevirtualize-at-ltrans -fipa-pta -fno-semantic-interposition -flto=12 -fno-plt -falign-functions=32 -fno-stack-protector -fno-stack-clash-protection -fstack-check=no -fno-stack-check -fuse-linker-plugin -Wl,-O4 -Wl,-O4,--sort-common,--as-needed,-z,norelro,-z,now,-lgomp,-lpthread -s -DLARGE_FILE_SUPPORT -DUIDGID_NOT_16BIT -DBZIP2_SUPPORT -DCRYPT -DUNICODE_SUPPORT -DUIDGID_NOT_16BIT -DLARGE_FILE_SUPPORT -DUNICODE_SUPPORT -DHAVE_DIRENT_H -DHAVE_TERMIOS_H -DUTIL -o unix_.o unix/unix.c
x86_64-pc-linux-gnu-gcc -c -I. -DUNIX -march=znver2 -Ofast -pipe -g0 -fgraphite-identity -floop-interchange -floop-nest-optimize -floop-parallelize-all -ftree-parallelize-loops=12 -ftree-vectorize -fdevirtualize-at-ltrans -fipa-pta -fno-semantic-interposition -flto=12 -fno-plt -falign-functions=32 -fno-stack-protector -fno-stack-clash-protection -fstack-check=no -fno-stack-check -fuse-linker-plugin -Wl,-O4 -Wl,-O4,--sort-common,--as-needed,-z,norelro,-z,now,-lgomp,-lpthread -s -DLARGE_FILE_SUPPORT -DUIDGID_NOT_16BIT -DBZIP2_SUPPORT -DCRYPT -DUNICODE_SUPPORT -DUIDGID_NOT_16BIT -DLARGE_FILE_SUPPORT -DUNICODE_SUPPORT -DHAVE_DIRENT_H -DHAVE_TERMIOS_H -DUTIL -o crc32_.o crc32.c
x86_64-pc-linux-gnu-gcc -c -I. -DUNIX -march=znver2 -Ofast -pipe -g0 -fgraphite-identity -floop-interchange -floop-nest-optimize -floop-parallelize-all -ftree-parallelize-loops=12 -ftree-vectorize -fdevirtualize-at-ltrans -fipa-pta -fno-semantic-interposition -flto=12 -fno-plt -falign-functions=32 -fno-stack-protector -fno-stack-clash-protection -fstack-check=no -fno-stack-check -fuse-linker-plugin -Wl,-O4 -Wl,-O4,--sort-common,--as-needed,-z,norelro,-z,now,-lgomp,-lpthread -s -DLARGE_FILE_SUPPORT -DUIDGID_NOT_16BIT -DBZIP2_SUPPORT -DCRYPT -DUNICODE_SUPPORT -DUIDGID_NOT_16BIT -DLARGE_FILE_SUPPORT -DUNICODE_SUPPORT -DHAVE_DIRENT_H -DHAVE_TERMIOS_H -DUTIL -o crypt_.o crypt.c
x86_64-pc-linux-gnu-gcc -c -I. -DUNIX -march=znver2 -Ofast -pipe -g0 -fgraphite-identity -floop-interchange -floop-nest-optimize -floop-parallelize-all -ftree-parallelize-loops=12 -ftree-vectorize -fdevirtualize-at-ltrans -fipa-pta -fno-semantic-interposition -flto=12 -fno-plt -falign-functions=32 -fno-stack-protector -fno-stack-clash-protection -fstack-check=no -fno-stack-check -fuse-linker-plugin -Wl,-O4 -Wl,-O4,--sort-common,--as-needed,-z,norelro,-z,now,-lgomp,-lpthread -s -DLARGE_FILE_SUPPORT -DUIDGID_NOT_16BIT -DBZIP2_SUPPORT -DCRYPT -DUNICODE_SUPPORT -DUIDGID_NOT_16BIT -DLARGE_FILE_SUPPORT -DUNICODE_SUPPORT -DHAVE_DIRENT_H -DHAVE_TERMIOS_H zipnote.c
x86_64-pc-linux-gnu-gcc -c -I. -DUNIX -march=znver2 -Ofast -pipe -g0 -fgraphite-identity -floop-interchange -floop-nest-optimize -floop-parallelize-all -ftree-parallelize-loops=12 -ftree-vectorize -fdevirtualize-at-ltrans -fipa-pta -fno-semantic-interposition -flto=12 -fno-plt -falign-functions=32 -fno-stack-protector -fno-stack-clash-protection -fstack-check=no -fno-stack-check -fuse-linker-plugin -Wl,-O4 -Wl,-O4,--sort-common,--as-needed,-z,norelro,-z,now,-lgomp,-lpthread -s -DLARGE_FILE_SUPPORT -DUIDGID_NOT_16BIT -DBZIP2_SUPPORT -DCRYPT -DUNICODE_SUPPORT -DUIDGID_NOT_16BIT -DLARGE_FILE_SUPPORT -DUNICODE_SUPPORT -DHAVE_DIRENT_H -DHAVE_TERMIOS_H zipsplit.c
[01m[Kzipnote.c:[m[K In function '[01m[Kmain[m[K':
[01m[Kzipnote.c:547:19:[m[K [01;35m[Kwarning: [m[Kassignment discards '[01m[Kconst[m[K' qualifier from pointer target type [[01;35m[K]8;;https://gcc.gnu.org/onlinedocs/gcc/Warning-Options.html#index-Wdiscarded-qualifiers-Wdiscarded-qualifiers]8;;[m[K]
  547 |       oem_charset [01;35m[K=[m[K natspec_get_charset_by_locale(NATSPEC_DOSCS, "");
      |                   [01;35m[K^[m[K
x86_64-pc-linux-gnu-gcc -o zip -march=znver2 -Ofast -pipe -g0 -fgraphite-identity -floop-interchange -floop-nest-optimize -floop-parallelize-all -ftree-parallelize-loops=12 -ftree-vectorize -fdevirtualize-at-ltrans -fipa-pta -fno-semantic-interposition -flto=12 -fno-plt -falign-functions=32 -fno-stack-protector -fno-stack-clash-protection -fstack-check=no -fno-stack-check -fuse-linker-plugin -Wl,-O4,--sort-common,--as-needed,-z,norelro,-z,now,-lgomp,-lpthread -s -Wl,-O4 zip.o zipfile.o zipup.o fileio.o util.o globals.o crypt.o ttyio.o unix.o crc32.o zbz2err.o deflate.o trees.o  -lbz2  -lnatspec
x86_64-pc-linux-gnu-gcc -o zipcloak -march=znver2 -Ofast -pipe -g0 -fgraphite-identity -floop-interchange -floop-nest-optimize -floop-parallelize-all -ftree-parallelize-loops=12 -ftree-vectorize -fdevirtualize-at-ltrans -fipa-pta -fno-semantic-interposition -flto=12 -fno-plt -falign-functions=32 -fno-stack-protector -fno-stack-clash-protection -fstack-check=no -fno-stack-check -fuse-linker-plugin -Wl,-O4,--sort-common,--as-needed,-z,norelro,-z,now,-lgomp,-lpthread -s -Wl,-O4 zipcloak.o zipfile_.o fileio_.o util_.o globals.o unix_.o crc32_.o   crypt_.o ttyio.o -lbz2 
x86_64-pc-linux-gnu-gcc -o zipnote -march=znver2 -Ofast -pipe -g0 -fgraphite-identity -floop-interchange -floop-nest-optimize -floop-parallelize-all -ftree-parallelize-loops=12 -ftree-vectorize -fdevirtualize-at-ltrans -fipa-pta -fno-semantic-interposition -flto=12 -fno-plt -falign-functions=32 -fno-stack-protector -fno-stack-clash-protection -fstack-check=no -fno-stack-check -fuse-linker-plugin -Wl,-O4,--sort-common,--as-needed,-z,norelro,-z,now,-lgomp,-lpthread -s -Wl,-O4 zipnote.o  zipfile_.o fileio_.o util_.o globals.o unix_.o crc32_.o  -lbz2  -lnatspec
x86_64-pc-linux-gnu-gcc -o zipsplit -march=znver2 -Ofast -pipe -g0 -fgraphite-identity -floop-interchange -floop-nest-optimize -floop-parallelize-all -ftree-parallelize-loops=12 -ftree-vectorize -fdevirtualize-at-ltrans -fipa-pta -fno-semantic-interposition -flto=12 -fno-plt -falign-functions=32 -fno-stack-protector -fno-stack-clash-protection -fstack-check=no -fno-stack-check -fuse-linker-plugin -Wl,-O4,--sort-common,--as-needed,-z,norelro,-z,now,-lgomp,-lpthread -s -Wl,-O4 zipsplit.o zipfile_.o fileio_.o util_.o globals.o unix_.o crc32_.o  -lbz2 
make[1]: Leaving directory '/tmp/portage/app-arch/zip-3.0-r3/work/zip30'
>>> Source compiled.
profiling:/tmp/portage/app-arch/bzip2-1.0.8-r1/work/bzip2-1.0.8-abi_x86_64.amd64/blocksort.gcda:Cannot open
profiling:/tmp/portage/app-arch/bzip2-1.0.8-r1/work/bzip2-1.0.8-abi_x86_64.amd64/huffman.gcda:Cannot open
profiling:/tmp/portage/app-arch/bzip2-1.0.8-r1/work/bzip2-1.0.8-abi_x86_64.amd64/compress.gcda:Cannot open
profiling:/tmp/portage/app-arch/bzip2-1.0.8-r1/work/bzip2-1.0.8-abi_x86_64.amd64/decompress.gcda:Cannot open
profiling:/tmp/portage/app-arch/bzip2-1.0.8-r1/work/bzip2-1.0.8-abi_x86_64.amd64/bzlib.gcda:Cannot open
>>> Test phase [not enabled]: app-arch/zip-3.0-r3
profiling:/tmp/portage/app-arch/bzip2-1.0.8-r1/work/bzip2-1.0.8-abi_x86_64.amd64/blocksort.gcda:Cannot open
profiling:/tmp/portage/app-arch/bzip2-1.0.8-r1/work/bzip2-1.0.8-abi_x86_64.amd64/huffman.gcda:Cannot open
profiling:/tmp/portage/app-arch/bzip2-1.0.8-r1/work/bzip2-1.0.8-abi_x86_64.amd64/compress.gcda:Cannot open
profiling:/tmp/portage/app-arch/bzip2-1.0.8-r1/work/bzip2-1.0.8-abi_x86_64.amd64/decompress.gcda:Cannot open
profiling:/tmp/portage/app-arch/bzip2-1.0.8-r1/work/bzip2-1.0.8-abi_x86_64.amd64/bzlib.gcda:Cannot open

>>> Install app-arch/zip-3.0-r3 into /tmp/portage/app-arch/zip-3.0-r3/image/
>>> Completed installing app-arch/zip-3.0-r3 into /tmp/portage/app-arch/zip-3.0-r3/image/

 [32;01m*[0m Final size of build directory: 6364 KiB (6.2 MiB)
 [32;01m*[0m Final size of installed tree:   896 KiB

[31;01m * [39;49;00mFailed to kill pid(s) in '/sys/fs/cgroup/portage/app-arch:zip-3.0-r3.cik0x6kf/cgroup.procs': 14275 14317
sandbox:stop  caught signal 2 in pid 14274
sandbox:stop  Send signal 4 more times to force SIGKILL
