 * Package:    app-doc/zsh-lovers-0.9.1
 * Repository: gentoo
 * Maintainer: johu@gentoo.org
 * USE:        abi_x86_64 amd64 elibc_glibc kernel_linux userland_GNU
 * FEATURES:   network-sandbox preserve-libs sandbox userpriv usersandbox
 * FEATURES='assume-digests binpkg-docompress binpkg-dostrip binpkg-logs buildpkg cgroup compress-index config-protect-if-modified distlocks ebuild-locks fixlafiles ipc-sandbox merge-sync multilib-strict network-sandbox news nodoc parallel-fetch pid-sandbox preserve-libs qa-unresolved-soname-deps sandbox sfperms strict strict-keepdir unknown-features-warn unmerge-logs unmerge-orphans userfetch userpriv usersandbox usersync xattr'
 * CFLAGS='-march=znver2 -O2 -pipe -fno-stack-protector -fno-stack-clash-protection -fstack-check=no -fno-stack-check -Wl,-O1 -Wl,--as-needed'
 * CXXFLAGS='-march=znver2 -O2 -pipe -fno-stack-protector -fno-stack-clash-protection -fstack-check=no -fno-stack-check -Wl,-O1 -Wl,--as-needed'
 * FFLAGS='-march=znver2 -O2 -pipe -fno-stack-protector -fno-stack-clash-protection -fstack-check=no -fno-stack-check -Wl,-O1 -Wl,--as-needed'
 * FCFLAGS='-march=znver2 -O2 -pipe -fno-stack-protector -fno-stack-clash-protection -fstack-check=no -fno-stack-check -Wl,-O1 -Wl,--as-needed'
 * F77FLAGS='-march=znver2 -O2 -pipe -fno-stack-protector -fno-stack-clash-protection -fstack-check=no -fno-stack-check -Wl,-O1 -Wl,--as-needed'
 * LDFLAGS='-Wl,-O1 -Wl,--as-needed'
 * MAKEOPTS='-j12 -l12'
 * gcc (Gentoo 10.1.0-r1 p2) 10.1.0
 * g++ (Gentoo 10.1.0-r1 p2) 10.1.0
 * GNU gold (Gentoo 2.34 p4 2.34.0) 1.16
 * Linux rescue 5.4.36 #1 SMP Thu Apr 30 04:38:28 UTC 2020 x86_64 AMD Ryzen 5 3600 6-Core Processor AuthenticAMD GNU/Linux
app-doc/zsh-lovers: 14 seconds average for 6 merges
2020-05-20T03:31:22 >>> app-doc/zsh-lovers: 9 seconds
2020-05-21T06:13:48 >>> app-doc/zsh-lovers: 6 seconds
2020-05-26T14:09:55 >>> app-doc/zsh-lovers: 10 seconds
2020-05-30T23:45:00 >>> app-doc/zsh-lovers: 35 seconds
2020-06-01T08:24:43 >>> app-doc/zsh-lovers: 13 seconds
2020-06-13T20:50:26 >>> app-doc/zsh-lovers: 15 seconds
]0;emerge 17:39:38 770|895 zsh-lovers 00:21 (root@rescue)>>> Unpacking source...
>>> Unpacking zsh-lovers_0.9.1.tar.xz to /tmp/portage/app-doc/zsh-lovers-0.9.1/work
>>> Source unpacked in /tmp/portage/app-doc/zsh-lovers-0.9.1/work
>>> Preparing source in /tmp/portage/app-doc/zsh-lovers-0.9.1/work/zsh-lovers-0.9.1 ...
>>> Source prepared.
>>> Configuring source in /tmp/portage/app-doc/zsh-lovers-0.9.1/work/zsh-lovers-0.9.1 ...
>>> Source configured.
>>> Compiling source in /tmp/portage/app-doc/zsh-lovers-0.9.1/work/zsh-lovers-0.9.1 ...
>>> Source compiled.
>>> Test phase [not enabled]: app-doc/zsh-lovers-0.9.1

>>> Install app-doc/zsh-lovers-0.9.1 into /tmp/portage/app-doc/zsh-lovers-0.9.1/image/
>>> Completed installing app-doc/zsh-lovers-0.9.1 into /tmp/portage/app-doc/zsh-lovers-0.9.1/image/

 * Final size of build directory: 268 KiB
 * Final size of installed tree:  160 KiB

Parallel BZIP2 v1.1.13 [Dec 18, 2015]
By: Jeff Gilchrist [http://compression.ca]
Major contributions: Yavor Nikolov [http://javornikolov.wordpress.com]
Uses libbzip2 by Julian Seward

         # CPUs: 3
   Load Average: 8.56
 BWT Block Size: 200 KB
File Block Size: 900 KB
 Maximum Memory: 1024 MB
-------------------------------------------
         File #: 1 of 1
     Input Name: compressme
    Output Name: compressme.bz2

     Input Size: 3895 bytes
Compressing data (no threads)...
Completed: 100%                 Output Size: 918 bytes
-------------------------------------------

     Wall Clock: 0.000999 seconds
Parallel BZIP2 v1.1.13 [Dec 18, 2015]
By: Jeff Gilchrist [http://compression.ca]
Major contributions: Yavor Nikolov [http://javornikolov.wordpress.com]
Uses libbzip2 by Julian Seward

         # CPUs: 3
   Load Average: 8.56
 BWT Block Size: 200 KB
File Block Size: 900 KB
 Maximum Memory: 1024 MB
-------------------------------------------
         File #: 1 of 1
     Input Name: /tmp/portage/app-doc/zsh-lovers-0.9.1/image/usr/share/man/man1/zsh-lovers.1
    Output Name: /tmp/portage/app-doc/zsh-lovers-0.9.1/image/usr/share/man/man1/zsh-lovers.1.bz2

     Input Size: 54173 bytes
Compressing data (no threads)...
Completed: 100%                 Output Size: 18247 bytes
-------------------------------------------

     Wall Clock: 0.005277 seconds
./
./usr/
./usr/share/
./usr/share/man/
./usr/share/man/man1/
./usr/share/man/man1/zsh-lovers.1
./usr/share/man/man1/zsh-lovers.1.bz2
./usr/share/doc/
./usr/share/doc/zsh-lovers-0.9.1/
./usr/share/doc/zsh-lovers-0.9.1/zsh-lovers.html
>>> Done.
 * checking 2 files for package collisions
>>> Merging app-doc/zsh-lovers-0.9.1 to /
 * removing unneeded *.la files
--- /usr/
--- /usr/share/
--- /usr/share/man/
--- /usr/share/man/man1/
>>> /usr/share/man/man1/zsh-lovers.1.bz2
>>> /usr/share/man/man1/zsh-lovers.1
>>> Safely unmerging already-installed instance...
!!! File Not Found: '/etc/env.d/99lcdfilter'
>>> Original instance of package unmerged safely.
>>> app-doc/zsh-lovers-0.9.1 merged.
!!! File Not Found: '/etc/env.d/99lcdfilter'
