>>> Extracting info
 * Package:    app-crypt/p11-kit-0.23.20-r1
 * Repository: gentoo
 * USE:        elibc_glibc amd64 userland_GNU trust asn1 libffi kernel_linux abi_x86_64
 * FEATURES:   preserve-libs
 * /etc/portage/package.cflags/ltoworkarounds.conf -> */*: *FLAGS+=-Wl,-O4 *FLAGS-=-Wl,-O1
 * /etc/portage/package.cflags/ltoworkarounds.conf -> app-crypt/p11-kit: *FLAGS-="${NOCOMMON}"
 * FEATURES='assume-digests binpkg-dostrip binpkg-logs buildpkg config-protect-if-modified distlocks ebuild-locks fixlafiles merge-sync multilib-strict news nodoc parallel-fetch preserve-libs qa-unresolved-soname-deps sfperms strict strict-keepdir unknown-features-warn unmerge-logs unmerge-orphans xattr'
 * CFLAGS='-march=znver2 -O2 -pipe -g0 -fno-semantic-interposition -fno-plt -falign-functions=32 -fno-stack-protector -fno-stack-clash-protection -fstack-check=no -fno-stack-check -Wl,-O4 -Wl,-O4,--sort-common,--as-needed,-z,norelro,-z,now,-lgomp,-lpthread'
 * CXXFLAGS='-march=znver2 -O2 -pipe -g0 -fno-semantic-interposition -fno-plt -falign-functions=32 -fno-stack-protector -fno-stack-clash-protection -fstack-check=no -fno-stack-check -Wl,-O4 -Wl,-O4,--sort-common,--as-needed,-z,norelro,-z,now,-lgomp,-lpthread'
 * FFLAGS='-march=znver2 -O2 -pipe -g0 -fno-semantic-interposition -fno-plt -falign-functions=32 -fno-stack-protector -fno-stack-clash-protection -fstack-check=no -fno-stack-check -Wl,-O4 -Wl,-O4,--sort-common,--as-needed,-z,norelro,-z,now,-lgomp,-lpthread'
 * FCFLAGS='-march=znver2 -O2 -pipe -g0 -fno-semantic-interposition -fno-plt -falign-functions=32 -fno-stack-protector -fno-stack-clash-protection -fstack-check=no -fno-stack-check -Wl,-O4 -Wl,-O4,--sort-common,--as-needed,-z,norelro,-z,now,-lgomp,-lpthread'
 * F77FLAGS='-march=znver2 -O2 -pipe -g0 -fno-semantic-interposition -fno-plt -falign-functions=32 -fno-stack-protector -fno-stack-clash-protection -fstack-check=no -fno-stack-check -Wl,-O4 -Wl,-O4,--sort-common,--as-needed,-z,norelro,-z,now,-lgomp,-lpthread'
 * LDFLAGS='-march=znver2 -O2 -pipe -g0 -fno-semantic-interposition -fno-plt -falign-functions=32 -fno-stack-protector -fno-stack-clash-protection -fstack-check=no -fno-stack-check -Wl,-O4,--sort-common,--as-needed,-z,norelro,-z,now,-lgomp,-lpthread'
 * MAKEOPTS='-j12 -l12'
 * gcc (Gentoo 11.0.0_pre9999 p1, commit 184c21bf1cd04a108ed9bd04635e7d57ac39f616) 11.0.0 20200611 (experimental)
 * g++ (Gentoo 11.0.0_pre9999 p1, commit 184c21bf1cd04a108ed9bd04635e7d57ac39f616) 11.0.0 20200611 (experimental)
 * GNU ld (Gentoo 2.34 p4) 2.34.0
 * Linux rescue 5.4.36 #1 SMP Thu Apr 30 04:38:28 UTC 2020 x86_64 AMD Ryzen 5 3600 6-Core Processor AuthenticAMD GNU/Linux
app-crypt/p11-kit: 20 seconds average for 13 merges
2020-05-16T15:27:17 >>> app-crypt/p11-kit: 27 seconds
2020-05-20T01:13:55 >>> app-crypt/p11-kit: 6 seconds
2020-05-21T06:18:57 >>> app-crypt/p11-kit: 5 seconds
2020-05-25T01:11:16 >>> app-crypt/p11-kit: 58 seconds
2020-05-25T03:16:39 >>> app-crypt/p11-kit: 6 seconds
2020-05-25T14:45:43 >>> app-crypt/p11-kit: 9 seconds
2020-05-25T23:09:09 >>> app-crypt/p11-kit: 33 seconds
2020-05-26T14:28:08 >>> app-crypt/p11-kit: 6 seconds
2020-05-27T02:04:55 >>> app-crypt/p11-kit: 6 seconds
2020-05-28T14:36:48 >>> app-crypt/p11-kit: 7 seconds
2020-05-29T01:55:33 >>> app-crypt/p11-kit: 7 seconds
2020-05-30T23:51:37 >>> app-crypt/p11-kit: 58 seconds
2020-06-01T08:21:43 >>> app-crypt/p11-kit: 37 seconds
]0;emerge 01:57:25 372|626 p11-kit 00:34 (root@rescue)>>> Extracting app-crypt/p11-kit-0.23.20-r1
 * checking 61 files for package collisions
>>> Merging app-crypt/p11-kit-0.23.20-r1 to /
 * removing unneeded *.la files
--- /etc/
--- /etc/pkcs11/
>>> /etc/pkcs11/pkcs11.conf.example
--- /usr/
--- /usr/bin/
>>> /usr/bin/p11-kit
>>> /usr/bin/trust
--- /usr/include/
--- /usr/include/p11-kit-1/
--- /usr/include/p11-kit-1/p11-kit/
>>> /usr/include/p11-kit-1/p11-kit/deprecated.h
>>> /usr/include/p11-kit-1/p11-kit/iter.h
>>> /usr/include/p11-kit-1/p11-kit/p11-kit.h
>>> /usr/include/p11-kit-1/p11-kit/pin.h
>>> /usr/include/p11-kit-1/p11-kit/pkcs11.h
>>> /usr/include/p11-kit-1/p11-kit/pkcs11x.h
>>> /usr/include/p11-kit-1/p11-kit/remote.h
>>> /usr/include/p11-kit-1/p11-kit/uri.h
--- /usr/lib64/
>>> /usr/lib64/libp11-kit.so -> libp11-kit.so.0.3.0
>>> /usr/lib64/libp11-kit.so.0 -> libp11-kit.so.0.3.0
>>> /usr/lib64/libp11-kit.so.0.3.0
>>> /usr/lib64/p11-kit-proxy.so -> libp11-kit.so.0.3.0
--- /usr/lib64/pkcs11/
>>> /usr/lib64/pkcs11/p11-kit-client.so
>>> /usr/lib64/pkcs11/p11-kit-trust.so
--- /usr/lib64/pkgconfig/
>>> /usr/lib64/pkgconfig/p11-kit-1.pc
--- /usr/libexec/
--- /usr/libexec/p11-kit/
>>> /usr/libexec/p11-kit/p11-kit-remote
>>> /usr/libexec/p11-kit/p11-kit-server
>>> /usr/libexec/p11-kit/trust-extract-compat
--- /usr/share/
--- /usr/share/gtk-doc/
--- /usr/share/gtk-doc/html/
--- /usr/share/gtk-doc/html/p11-kit/
>>> /usr/share/gtk-doc/html/p11-kit/config-example.html
>>> /usr/share/gtk-doc/html/p11-kit/config-files.html
>>> /usr/share/gtk-doc/html/p11-kit/config.html
>>> /usr/share/gtk-doc/html/p11-kit/devel-building-style.html
>>> /usr/share/gtk-doc/html/p11-kit/devel-building.html
>>> /usr/share/gtk-doc/html/p11-kit/devel-commands.html
>>> /usr/share/gtk-doc/html/p11-kit/devel-debugging.html
>>> /usr/share/gtk-doc/html/p11-kit/devel-paths.html
>>> /usr/share/gtk-doc/html/p11-kit/devel-testing.html
>>> /usr/share/gtk-doc/html/p11-kit/devel.html
>>> /usr/share/gtk-doc/html/p11-kit/gtk-doc.css
>>> /usr/share/gtk-doc/html/p11-kit/home.png
>>> /usr/share/gtk-doc/html/p11-kit/index.html
>>> /usr/share/gtk-doc/html/p11-kit/left-insensitive.png
>>> /usr/share/gtk-doc/html/p11-kit/left.png
>>> /usr/share/gtk-doc/html/p11-kit/p11-kit-Deprecated.html
>>> /usr/share/gtk-doc/html/p11-kit/p11-kit-Future.html
>>> /usr/share/gtk-doc/html/p11-kit/p11-kit-Modules.html
>>> /usr/share/gtk-doc/html/p11-kit/p11-kit-PIN-Callbacks.html
>>> /usr/share/gtk-doc/html/p11-kit/p11-kit-URIs.html
>>> /usr/share/gtk-doc/html/p11-kit/p11-kit-Utilities.html
>>> /usr/share/gtk-doc/html/p11-kit/p11-kit.devhelp2
>>> /usr/share/gtk-doc/html/p11-kit/p11-kit.html
>>> /usr/share/gtk-doc/html/p11-kit/pkcs11-conf.html
>>> /usr/share/gtk-doc/html/p11-kit/reference.html
>>> /usr/share/gtk-doc/html/p11-kit/remoting.html
>>> /usr/share/gtk-doc/html/p11-kit/right-insensitive.png
>>> /usr/share/gtk-doc/html/p11-kit/right.png
>>> /usr/share/gtk-doc/html/p11-kit/sharing-managed.html
>>> /usr/share/gtk-doc/html/p11-kit/sharing.html
>>> /usr/share/gtk-doc/html/p11-kit/style.css
>>> /usr/share/gtk-doc/html/p11-kit/tools.html
>>> /usr/share/gtk-doc/html/p11-kit/trust-disable.html
>>> /usr/share/gtk-doc/html/p11-kit/trust-glib-networking.html
>>> /usr/share/gtk-doc/html/p11-kit/trust-module.html
>>> /usr/share/gtk-doc/html/p11-kit/trust-nss.html
>>> /usr/share/gtk-doc/html/p11-kit/trust.html
>>> /usr/share/gtk-doc/html/p11-kit/up-insensitive.png
>>> /usr/share/gtk-doc/html/p11-kit/up.png
--- /usr/share/p11-kit/
--- /usr/share/p11-kit/modules/
>>> /usr/share/p11-kit/modules/p11-kit-trust.module
>>> Safely unmerging already-installed instance...
>>> Original instance of package unmerged safely.
>>> app-crypt/p11-kit-0.23.20-r1 merged.
>>> Regenerating /etc/ld.so.cache...
