[32;01m * [39;49;00mPackage:    app-portage/gemato-14.3
[32;01m * [39;49;00mRepository: gentoo
[32;01m * [39;49;00mMaintainer: mgorny@gentoo.org
[32;01m * [39;49;00mUpstream:   https://github.com/mgorny/gemato/issues/
[32;01m * [39;49;00mUSE:        abi_x86_64 amd64 elibc_glibc gpg kernel_linux python_targets_python3_7 python_targets_python3_8 tools userland_GNU
[32;01m * [39;49;00mFEATURES:   network-sandbox preserve-libs sandbox userpriv usersandbox
>>> Unpacking source...
>>> Unpacking gemato-14.3.tar.gz to /tmp/portage/app-portage/gemato-14.3/work
>>> Source unpacked in /tmp/portage/app-portage/gemato-14.3/work
>>> Preparing source in /tmp/portage/app-portage/gemato-14.3/work/gemato-14.3 ...
>>> Source prepared.
>>> Configuring source in /tmp/portage/app-portage/gemato-14.3/work/gemato-14.3 ...
>>> Source configured.
>>> Compiling source in /tmp/portage/app-portage/gemato-14.3/work/gemato-14.3 ...
 [32;01m*[0m python3_7: running distutils-r1_run_phase distutils-r1_python_compile
python3.7 setup.py build -j 12
running build
running build_py
creating /tmp/portage/app-portage/gemato-14.3/work/gemato-14.3-python3_7/lib/gemato
copying gemato/compression.py -> /tmp/portage/app-portage/gemato-14.3/work/gemato-14.3-python3_7/lib/gemato
copying gemato/cli.py -> /tmp/portage/app-portage/gemato-14.3/work/gemato-14.3-python3_7/lib/gemato
copying gemato/__init__.py -> /tmp/portage/app-portage/gemato-14.3/work/gemato-14.3-python3_7/lib/gemato
copying gemato/manifest.py -> /tmp/portage/app-portage/gemato-14.3/work/gemato-14.3-python3_7/lib/gemato
copying gemato/hash.py -> /tmp/portage/app-portage/gemato-14.3/work/gemato-14.3-python3_7/lib/gemato
copying gemato/recursiveloader.py -> /tmp/portage/app-portage/gemato-14.3/work/gemato-14.3-python3_7/lib/gemato
copying gemato/find_top_level.py -> /tmp/portage/app-portage/gemato-14.3/work/gemato-14.3-python3_7/lib/gemato
copying gemato/util.py -> /tmp/portage/app-portage/gemato-14.3/work/gemato-14.3-python3_7/lib/gemato
copying gemato/profile.py -> /tmp/portage/app-portage/gemato-14.3/work/gemato-14.3-python3_7/lib/gemato
copying gemato/exceptions.py -> /tmp/portage/app-portage/gemato-14.3/work/gemato-14.3-python3_7/lib/gemato
copying gemato/verify.py -> /tmp/portage/app-portage/gemato-14.3/work/gemato-14.3-python3_7/lib/gemato
copying gemato/openpgp.py -> /tmp/portage/app-portage/gemato-14.3/work/gemato-14.3-python3_7/lib/gemato
warning: build_py: byte-compiling is disabled, skipping.

 [32;01m*[0m python3_8: running distutils-r1_run_phase distutils-r1_python_compile
python3.8 setup.py build -j 12
running build
running build_py
creating /tmp/portage/app-portage/gemato-14.3/work/gemato-14.3-python3_8/lib/gemato
copying gemato/compression.py -> /tmp/portage/app-portage/gemato-14.3/work/gemato-14.3-python3_8/lib/gemato
copying gemato/cli.py -> /tmp/portage/app-portage/gemato-14.3/work/gemato-14.3-python3_8/lib/gemato
copying gemato/__init__.py -> /tmp/portage/app-portage/gemato-14.3/work/gemato-14.3-python3_8/lib/gemato
copying gemato/manifest.py -> /tmp/portage/app-portage/gemato-14.3/work/gemato-14.3-python3_8/lib/gemato
copying gemato/hash.py -> /tmp/portage/app-portage/gemato-14.3/work/gemato-14.3-python3_8/lib/gemato
copying gemato/recursiveloader.py -> /tmp/portage/app-portage/gemato-14.3/work/gemato-14.3-python3_8/lib/gemato
copying gemato/find_top_level.py -> /tmp/portage/app-portage/gemato-14.3/work/gemato-14.3-python3_8/lib/gemato
copying gemato/util.py -> /tmp/portage/app-portage/gemato-14.3/work/gemato-14.3-python3_8/lib/gemato
copying gemato/profile.py -> /tmp/portage/app-portage/gemato-14.3/work/gemato-14.3-python3_8/lib/gemato
copying gemato/exceptions.py -> /tmp/portage/app-portage/gemato-14.3/work/gemato-14.3-python3_8/lib/gemato
copying gemato/verify.py -> /tmp/portage/app-portage/gemato-14.3/work/gemato-14.3-python3_8/lib/gemato
copying gemato/openpgp.py -> /tmp/portage/app-portage/gemato-14.3/work/gemato-14.3-python3_8/lib/gemato
warning: build_py: byte-compiling is disabled, skipping.

>>> Source compiled.
 [32;01m*[0m Skipping make test/check due to ebuild restriction.
>>> Test phase [disabled because of RESTRICT=test]: app-portage/gemato-14.3

>>> Install app-portage/gemato-14.3 into /tmp/portage/app-portage/gemato-14.3/image
 [32;01m*[0m python3_7: running distutils-r1_run_phase distutils-r1_python_install
python3.7 setup.py install --skip-build --root=/tmp/portage/app-portage/gemato-14.3/image/_python3.7
running install
running install_lib
creating /tmp/portage/app-portage/gemato-14.3/image/_python3.7
creating /tmp/portage/app-portage/gemato-14.3/image/_python3.7/usr
creating /tmp/portage/app-portage/gemato-14.3/image/_python3.7/usr/lib
creating /tmp/portage/app-portage/gemato-14.3/image/_python3.7/usr/lib/python3.7
creating /tmp/portage/app-portage/gemato-14.3/image/_python3.7/usr/lib/python3.7/site-packages
creating /tmp/portage/app-portage/gemato-14.3/image/_python3.7/usr/lib/python3.7/site-packages/gemato
copying /tmp/portage/app-portage/gemato-14.3/work/gemato-14.3-python3_7/lib/gemato/compression.py -> /tmp/portage/app-portage/gemato-14.3/image/_python3.7/usr/lib/python3.7/site-packages/gemato
copying /tmp/portage/app-portage/gemato-14.3/work/gemato-14.3-python3_7/lib/gemato/cli.py -> /tmp/portage/app-portage/gemato-14.3/image/_python3.7/usr/lib/python3.7/site-packages/gemato
copying /tmp/portage/app-portage/gemato-14.3/work/gemato-14.3-python3_7/lib/gemato/__init__.py -> /tmp/portage/app-portage/gemato-14.3/image/_python3.7/usr/lib/python3.7/site-packages/gemato
copying /tmp/portage/app-portage/gemato-14.3/work/gemato-14.3-python3_7/lib/gemato/manifest.py -> /tmp/portage/app-portage/gemato-14.3/image/_python3.7/usr/lib/python3.7/site-packages/gemato
copying /tmp/portage/app-portage/gemato-14.3/work/gemato-14.3-python3_7/lib/gemato/hash.py -> /tmp/portage/app-portage/gemato-14.3/image/_python3.7/usr/lib/python3.7/site-packages/gemato
copying /tmp/portage/app-portage/gemato-14.3/work/gemato-14.3-python3_7/lib/gemato/recursiveloader.py -> /tmp/portage/app-portage/gemato-14.3/image/_python3.7/usr/lib/python3.7/site-packages/gemato
copying /tmp/portage/app-portage/gemato-14.3/work/gemato-14.3-python3_7/lib/gemato/find_top_level.py -> /tmp/portage/app-portage/gemato-14.3/image/_python3.7/usr/lib/python3.7/site-packages/gemato
copying /tmp/portage/app-portage/gemato-14.3/work/gemato-14.3-python3_7/lib/gemato/util.py -> /tmp/portage/app-portage/gemato-14.3/image/_python3.7/usr/lib/python3.7/site-packages/gemato
copying /tmp/portage/app-portage/gemato-14.3/work/gemato-14.3-python3_7/lib/gemato/profile.py -> /tmp/portage/app-portage/gemato-14.3/image/_python3.7/usr/lib/python3.7/site-packages/gemato
copying /tmp/portage/app-portage/gemato-14.3/work/gemato-14.3-python3_7/lib/gemato/exceptions.py -> /tmp/portage/app-portage/gemato-14.3/image/_python3.7/usr/lib/python3.7/site-packages/gemato
copying /tmp/portage/app-portage/gemato-14.3/work/gemato-14.3-python3_7/lib/gemato/verify.py -> /tmp/portage/app-portage/gemato-14.3/image/_python3.7/usr/lib/python3.7/site-packages/gemato
copying /tmp/portage/app-portage/gemato-14.3/work/gemato-14.3-python3_7/lib/gemato/openpgp.py -> /tmp/portage/app-portage/gemato-14.3/image/_python3.7/usr/lib/python3.7/site-packages/gemato
byte-compiling /tmp/portage/app-portage/gemato-14.3/image/_python3.7/usr/lib/python3.7/site-packages/gemato/compression.py to compression.cpython-37.pyc
byte-compiling /tmp/portage/app-portage/gemato-14.3/image/_python3.7/usr/lib/python3.7/site-packages/gemato/cli.py to cli.cpython-37.pyc
byte-compiling /tmp/portage/app-portage/gemato-14.3/image/_python3.7/usr/lib/python3.7/site-packages/gemato/__init__.py to __init__.cpython-37.pyc
byte-compiling /tmp/portage/app-portage/gemato-14.3/image/_python3.7/usr/lib/python3.7/site-packages/gemato/manifest.py to manifest.cpython-37.pyc
byte-compiling /tmp/portage/app-portage/gemato-14.3/image/_python3.7/usr/lib/python3.7/site-packages/gemato/hash.py to hash.cpython-37.pyc
byte-compiling /tmp/portage/app-portage/gemato-14.3/image/_python3.7/usr/lib/python3.7/site-packages/gemato/recursiveloader.py to recursiveloader.cpython-37.pyc
byte-compiling /tmp/portage/app-portage/gemato-14.3/image/_python3.7/usr/lib/python3.7/site-packages/gemato/find_top_level.py to find_top_level.cpython-37.pyc
byte-compiling /tmp/portage/app-portage/gemato-14.3/image/_python3.7/usr/lib/python3.7/site-packages/gemato/util.py to util.cpython-37.pyc
byte-compiling /tmp/portage/app-portage/gemato-14.3/image/_python3.7/usr/lib/python3.7/site-packages/gemato/profile.py to profile.cpython-37.pyc
byte-compiling /tmp/portage/app-portage/gemato-14.3/image/_python3.7/usr/lib/python3.7/site-packages/gemato/exceptions.py to exceptions.cpython-37.pyc
byte-compiling /tmp/portage/app-portage/gemato-14.3/image/_python3.7/usr/lib/python3.7/site-packages/gemato/verify.py to verify.cpython-37.pyc
byte-compiling /tmp/portage/app-portage/gemato-14.3/image/_python3.7/usr/lib/python3.7/site-packages/gemato/openpgp.py to openpgp.cpython-37.pyc
writing byte-compilation script '/tmp/portage/app-portage/gemato-14.3/temp/tmpxwdvag0f.py'
/usr/bin/python3.7 /tmp/portage/app-portage/gemato-14.3/temp/tmpxwdvag0f.py
removing /tmp/portage/app-portage/gemato-14.3/temp/tmpxwdvag0f.py
writing byte-compilation script '/tmp/portage/app-portage/gemato-14.3/temp/tmpjnao_4ma.py'
/usr/bin/python3.7 /tmp/portage/app-portage/gemato-14.3/temp/tmpjnao_4ma.py
removing /tmp/portage/app-portage/gemato-14.3/temp/tmpjnao_4ma.py
running install_egg_info
running egg_info
writing gemato.egg-info/PKG-INFO
writing dependency_links to gemato.egg-info/dependency_links.txt
writing entry points to gemato.egg-info/entry_points.txt
writing requirements to gemato.egg-info/requires.txt
writing top-level names to gemato.egg-info/top_level.txt
reading manifest file 'gemato.egg-info/SOURCES.txt'
reading manifest template 'MANIFEST.in'
writing manifest file 'gemato.egg-info/SOURCES.txt'
Copying gemato.egg-info to /tmp/portage/app-portage/gemato-14.3/image/_python3.7/usr/lib/python3.7/site-packages/gemato-14.3-py3.7.egg-info
running install_scripts
Installing gemato script to /tmp/portage/app-portage/gemato-14.3/image/_python3.7/usr/lib/python-exec/python3.7
 [32;01m*[0m python3_8: running distutils-r1_run_phase distutils-r1_python_install
python3.8 setup.py install --skip-build --root=/tmp/portage/app-portage/gemato-14.3/image/_python3.8
running install
running install_lib
creating /tmp/portage/app-portage/gemato-14.3/image/_python3.8
creating /tmp/portage/app-portage/gemato-14.3/image/_python3.8/usr
creating /tmp/portage/app-portage/gemato-14.3/image/_python3.8/usr/lib
creating /tmp/portage/app-portage/gemato-14.3/image/_python3.8/usr/lib/python3.8
creating /tmp/portage/app-portage/gemato-14.3/image/_python3.8/usr/lib/python3.8/site-packages
creating /tmp/portage/app-portage/gemato-14.3/image/_python3.8/usr/lib/python3.8/site-packages/gemato
copying /tmp/portage/app-portage/gemato-14.3/work/gemato-14.3-python3_8/lib/gemato/compression.py -> /tmp/portage/app-portage/gemato-14.3/image/_python3.8/usr/lib/python3.8/site-packages/gemato
copying /tmp/portage/app-portage/gemato-14.3/work/gemato-14.3-python3_8/lib/gemato/cli.py -> /tmp/portage/app-portage/gemato-14.3/image/_python3.8/usr/lib/python3.8/site-packages/gemato
copying /tmp/portage/app-portage/gemato-14.3/work/gemato-14.3-python3_8/lib/gemato/__init__.py -> /tmp/portage/app-portage/gemato-14.3/image/_python3.8/usr/lib/python3.8/site-packages/gemato
copying /tmp/portage/app-portage/gemato-14.3/work/gemato-14.3-python3_8/lib/gemato/manifest.py -> /tmp/portage/app-portage/gemato-14.3/image/_python3.8/usr/lib/python3.8/site-packages/gemato
copying /tmp/portage/app-portage/gemato-14.3/work/gemato-14.3-python3_8/lib/gemato/hash.py -> /tmp/portage/app-portage/gemato-14.3/image/_python3.8/usr/lib/python3.8/site-packages/gemato
copying /tmp/portage/app-portage/gemato-14.3/work/gemato-14.3-python3_8/lib/gemato/recursiveloader.py -> /tmp/portage/app-portage/gemato-14.3/image/_python3.8/usr/lib/python3.8/site-packages/gemato
copying /tmp/portage/app-portage/gemato-14.3/work/gemato-14.3-python3_8/lib/gemato/find_top_level.py -> /tmp/portage/app-portage/gemato-14.3/image/_python3.8/usr/lib/python3.8/site-packages/gemato
copying /tmp/portage/app-portage/gemato-14.3/work/gemato-14.3-python3_8/lib/gemato/util.py -> /tmp/portage/app-portage/gemato-14.3/image/_python3.8/usr/lib/python3.8/site-packages/gemato
copying /tmp/portage/app-portage/gemato-14.3/work/gemato-14.3-python3_8/lib/gemato/profile.py -> /tmp/portage/app-portage/gemato-14.3/image/_python3.8/usr/lib/python3.8/site-packages/gemato
copying /tmp/portage/app-portage/gemato-14.3/work/gemato-14.3-python3_8/lib/gemato/exceptions.py -> /tmp/portage/app-portage/gemato-14.3/image/_python3.8/usr/lib/python3.8/site-packages/gemato
copying /tmp/portage/app-portage/gemato-14.3/work/gemato-14.3-python3_8/lib/gemato/verify.py -> /tmp/portage/app-portage/gemato-14.3/image/_python3.8/usr/lib/python3.8/site-packages/gemato
copying /tmp/portage/app-portage/gemato-14.3/work/gemato-14.3-python3_8/lib/gemato/openpgp.py -> /tmp/portage/app-portage/gemato-14.3/image/_python3.8/usr/lib/python3.8/site-packages/gemato
byte-compiling /tmp/portage/app-portage/gemato-14.3/image/_python3.8/usr/lib/python3.8/site-packages/gemato/compression.py to compression.cpython-38.pyc
byte-compiling /tmp/portage/app-portage/gemato-14.3/image/_python3.8/usr/lib/python3.8/site-packages/gemato/cli.py to cli.cpython-38.pyc
byte-compiling /tmp/portage/app-portage/gemato-14.3/image/_python3.8/usr/lib/python3.8/site-packages/gemato/__init__.py to __init__.cpython-38.pyc
byte-compiling /tmp/portage/app-portage/gemato-14.3/image/_python3.8/usr/lib/python3.8/site-packages/gemato/manifest.py to manifest.cpython-38.pyc
byte-compiling /tmp/portage/app-portage/gemato-14.3/image/_python3.8/usr/lib/python3.8/site-packages/gemato/hash.py to hash.cpython-38.pyc
byte-compiling /tmp/portage/app-portage/gemato-14.3/image/_python3.8/usr/lib/python3.8/site-packages/gemato/recursiveloader.py to recursiveloader.cpython-38.pyc
byte-compiling /tmp/portage/app-portage/gemato-14.3/image/_python3.8/usr/lib/python3.8/site-packages/gemato/find_top_level.py to find_top_level.cpython-38.pyc
byte-compiling /tmp/portage/app-portage/gemato-14.3/image/_python3.8/usr/lib/python3.8/site-packages/gemato/util.py to util.cpython-38.pyc
byte-compiling /tmp/portage/app-portage/gemato-14.3/image/_python3.8/usr/lib/python3.8/site-packages/gemato/profile.py to profile.cpython-38.pyc
byte-compiling /tmp/portage/app-portage/gemato-14.3/image/_python3.8/usr/lib/python3.8/site-packages/gemato/exceptions.py to exceptions.cpython-38.pyc
byte-compiling /tmp/portage/app-portage/gemato-14.3/image/_python3.8/usr/lib/python3.8/site-packages/gemato/verify.py to verify.cpython-38.pyc
byte-compiling /tmp/portage/app-portage/gemato-14.3/image/_python3.8/usr/lib/python3.8/site-packages/gemato/openpgp.py to openpgp.cpython-38.pyc
writing byte-compilation script '/tmp/portage/app-portage/gemato-14.3/temp/tmp34vqgyl1.py'
/usr/bin/python3.8 /tmp/portage/app-portage/gemato-14.3/temp/tmp34vqgyl1.py
removing /tmp/portage/app-portage/gemato-14.3/temp/tmp34vqgyl1.py
writing byte-compilation script '/tmp/portage/app-portage/gemato-14.3/temp/tmpljdt90cj.py'
/usr/bin/python3.8 /tmp/portage/app-portage/gemato-14.3/temp/tmpljdt90cj.py
removing /tmp/portage/app-portage/gemato-14.3/temp/tmpljdt90cj.py
running install_egg_info
running egg_info
writing gemato.egg-info/PKG-INFO
writing dependency_links to gemato.egg-info/dependency_links.txt
writing entry points to gemato.egg-info/entry_points.txt
writing requirements to gemato.egg-info/requires.txt
writing top-level names to gemato.egg-info/top_level.txt
reading manifest file 'gemato.egg-info/SOURCES.txt'
reading manifest template 'MANIFEST.in'
writing manifest file 'gemato.egg-info/SOURCES.txt'
Copying gemato.egg-info to /tmp/portage/app-portage/gemato-14.3/image/_python3.8/usr/lib/python3.8/site-packages/gemato-14.3-py3.8.egg-info
running install_scripts
Installing gemato script to /tmp/portage/app-portage/gemato-14.3/image/_python3.8/usr/lib/python-exec/python3.8
 [32;01m*[0m Using python3.8 in global scope
 [32;01m*[0m python3_8: running distutils-r1_run_phase python_install_all
>>> Completed installing app-portage/gemato-14.3 into /tmp/portage/app-portage/gemato-14.3/image

 [32;01m*[0m Final size of build directory:  988 KiB
 [32;01m*[0m Final size of installed tree:  1312 KiB (1.2 MiB)

 [32;01m*[0m Verifying compiled files in /usr/lib/python3.7/site-packages
 [32;01m*[0m Verifying compiled files in /usr/lib/python3.8/site-packages
./
./usr/
./usr/lib/
./usr/lib/python3.8/
./usr/lib/python3.8/site-packages/
./usr/lib/python3.8/site-packages/gemato-14.3-py3.8.egg-info/
./usr/lib/python3.8/site-packages/gemato-14.3-py3.8.egg-info/top_level.txt
./usr/lib/python3.8/site-packages/gemato-14.3-py3.8.egg-info/SOURCES.txt
./usr/lib/python3.8/site-packages/gemato-14.3-py3.8.egg-info/dependency_links.txt
./usr/lib/python3.8/site-packages/gemato-14.3-py3.8.egg-info/PKG-INFO
./usr/lib/python3.8/site-packages/gemato-14.3-py3.8.egg-info/entry_points.txt
./usr/lib/python3.8/site-packages/gemato-14.3-py3.8.egg-info/requires.txt
./usr/lib/python3.8/site-packages/gemato/
./usr/lib/python3.8/site-packages/gemato/compression.py
./usr/lib/python3.8/site-packages/gemato/cli.py
./usr/lib/python3.8/site-packages/gemato/__init__.py
./usr/lib/python3.8/site-packages/gemato/manifest.py
./usr/lib/python3.8/site-packages/gemato/hash.py
./usr/lib/python3.8/site-packages/gemato/recursiveloader.py
./usr/lib/python3.8/site-packages/gemato/find_top_level.py
./usr/lib/python3.8/site-packages/gemato/util.py
./usr/lib/python3.8/site-packages/gemato/__pycache__/
./usr/lib/python3.8/site-packages/gemato/__pycache__/exceptions.cpython-38.opt-2.pyc
./usr/lib/python3.8/site-packages/gemato/__pycache__/util.cpython-38.pyc
./usr/lib/python3.8/site-packages/gemato/__pycache__/profile.cpython-38.opt-1.pyc
./usr/lib/python3.8/site-packages/gemato/__pycache__/verify.cpython-38.opt-2.pyc
./usr/lib/python3.8/site-packages/gemato/__pycache__/verify.cpython-38.opt-1.pyc
./usr/lib/python3.8/site-packages/gemato/__pycache__/manifest.cpython-38.pyc
./usr/lib/python3.8/site-packages/gemato/__pycache__/manifest.cpython-38.opt-1.pyc
./usr/lib/python3.8/site-packages/gemato/__pycache__/exceptions.cpython-38.pyc
./usr/lib/python3.8/site-packages/gemato/__pycache__/__init__.cpython-38.opt-1.pyc
./usr/lib/python3.8/site-packages/gemato/__pycache__/hash.cpython-38.pyc
./usr/lib/python3.8/site-packages/gemato/__pycache__/openpgp.cpython-38.pyc
./usr/lib/python3.8/site-packages/gemato/__pycache__/__init__.cpython-38.pyc
./usr/lib/python3.8/site-packages/gemato/__pycache__/hash.cpython-38.opt-2.pyc
./usr/lib/python3.8/site-packages/gemato/__pycache__/cli.cpython-38.opt-1.pyc
./usr/lib/python3.8/site-packages/gemato/__pycache__/openpgp.cpython-38.opt-1.pyc
./usr/lib/python3.8/site-packages/gemato/__pycache__/compression.cpython-38.opt-1.pyc
./usr/lib/python3.8/site-packages/gemato/__pycache__/__init__.cpython-38.opt-2.pyc
./usr/lib/python3.8/site-packages/gemato/__pycache__/profile.cpython-38.pyc
./usr/lib/python3.8/site-packages/gemato/__pycache__/cli.cpython-38.pyc
./usr/lib/python3.8/site-packages/gemato/__pycache__/compression.cpython-38.opt-2.pyc
./usr/lib/python3.8/site-packages/gemato/__pycache__/find_top_level.cpython-38.opt-1.pyc
./usr/lib/python3.8/site-packages/gemato/__pycache__/util.cpython-38.opt-1.pyc
./usr/lib/python3.8/site-packages/gemato/__pycache__/verify.cpython-38.pyc
./usr/lib/python3.8/site-packages/gemato/__pycache__/exceptions.cpython-38.opt-1.pyc
./usr/lib/python3.8/site-packages/gemato/__pycache__/find_top_level.cpython-38.opt-2.pyc
./usr/lib/python3.8/site-packages/gemato/__pycache__/util.cpython-38.opt-2.pyc
./usr/lib/python3.8/site-packages/gemato/__pycache__/cli.cpython-38.opt-2.pyc
./usr/lib/python3.8/site-packages/gemato/__pycache__/profile.cpython-38.opt-2.pyc
./usr/lib/python3.8/site-packages/gemato/__pycache__/hash.cpython-38.opt-1.pyc
./usr/lib/python3.8/site-packages/gemato/__pycache__/manifest.cpython-38.opt-2.pyc
./usr/lib/python3.8/site-packages/gemato/__pycache__/compression.cpython-38.pyc
./usr/lib/python3.8/site-packages/gemato/__pycache__/find_top_level.cpython-38.pyc
./usr/lib/python3.8/site-packages/gemato/__pycache__/openpgp.cpython-38.opt-2.pyc
./usr/lib/python3.8/site-packages/gemato/__pycache__/recursiveloader.cpython-38.pyc
./usr/lib/python3.8/site-packages/gemato/__pycache__/recursiveloader.cpython-38.opt-1.pyc
./usr/lib/python3.8/site-packages/gemato/__pycache__/recursiveloader.cpython-38.opt-2.pyc
./usr/lib/python3.8/site-packages/gemato/profile.py
./usr/lib/python3.8/site-packages/gemato/exceptions.py
./usr/lib/python3.8/site-packages/gemato/verify.py
./usr/lib/python3.8/site-packages/gemato/openpgp.py
./usr/lib/python3.7/
./usr/lib/python3.7/site-packages/
./usr/lib/python3.7/site-packages/gemato-14.3-py3.7.egg-info/
./usr/lib/python3.7/site-packages/gemato-14.3-py3.7.egg-info/top_level.txt
./usr/lib/python3.7/site-packages/gemato-14.3-py3.7.egg-info/SOURCES.txt
./usr/lib/python3.7/site-packages/gemato-14.3-py3.7.egg-info/dependency_links.txt
./usr/lib/python3.7/site-packages/gemato-14.3-py3.7.egg-info/PKG-INFO
./usr/lib/python3.7/site-packages/gemato-14.3-py3.7.egg-info/entry_points.txt
./usr/lib/python3.7/site-packages/gemato-14.3-py3.7.egg-info/requires.txt
./usr/lib/python3.7/site-packages/gemato/
./usr/lib/python3.7/site-packages/gemato/compression.py
./usr/lib/python3.7/site-packages/gemato/cli.py
./usr/lib/python3.7/site-packages/gemato/__init__.py
./usr/lib/python3.7/site-packages/gemato/manifest.py
./usr/lib/python3.7/site-packages/gemato/hash.py
./usr/lib/python3.7/site-packages/gemato/recursiveloader.py
./usr/lib/python3.7/site-packages/gemato/find_top_level.py
./usr/lib/python3.7/site-packages/gemato/util.py
./usr/lib/python3.7/site-packages/gemato/__pycache__/
./usr/lib/python3.7/site-packages/gemato/__pycache__/hash.cpython-37.pyc
./usr/lib/python3.7/site-packages/gemato/__pycache__/manifest.cpython-37.opt-2.pyc
./usr/lib/python3.7/site-packages/gemato/__pycache__/exceptions.cpython-37.pyc
./usr/lib/python3.7/site-packages/gemato/__pycache__/find_top_level.cpython-37.pyc
./usr/lib/python3.7/site-packages/gemato/__pycache__/compression.cpython-37.opt-1.pyc
./usr/lib/python3.7/site-packages/gemato/__pycache__/util.cpython-37.opt-1.pyc
./usr/lib/python3.7/site-packages/gemato/__pycache__/recursiveloader.cpython-37.opt-2.pyc
./usr/lib/python3.7/site-packages/gemato/__pycache__/exceptions.cpython-37.opt-1.pyc
./usr/lib/python3.7/site-packages/gemato/__pycache__/manifest.cpython-37.opt-1.pyc
./usr/lib/python3.7/site-packages/gemato/__pycache__/openpgp.cpython-37.opt-1.pyc
./usr/lib/python3.7/site-packages/gemato/__pycache__/recursiveloader.cpython-37.pyc
./usr/lib/python3.7/site-packages/gemato/__pycache__/hash.cpython-37.opt-1.pyc
./usr/lib/python3.7/site-packages/gemato/__pycache__/util.cpython-37.pyc
./usr/lib/python3.7/site-packages/gemato/__pycache__/recursiveloader.cpython-37.opt-1.pyc
./usr/lib/python3.7/site-packages/gemato/__pycache__/__init__.cpython-37.opt-1.pyc
./usr/lib/python3.7/site-packages/gemato/__pycache__/__init__.cpython-37.opt-2.pyc
./usr/lib/python3.7/site-packages/gemato/__pycache__/find_top_level.cpython-37.opt-1.pyc
./usr/lib/python3.7/site-packages/gemato/__pycache__/cli.cpython-37.opt-2.pyc
./usr/lib/python3.7/site-packages/gemato/__pycache__/profile.cpython-37.opt-1.pyc
./usr/lib/python3.7/site-packages/gemato/__pycache__/cli.cpython-37.pyc
./usr/lib/python3.7/site-packages/gemato/__pycache__/verify.cpython-37.pyc
./usr/lib/python3.7/site-packages/gemato/__pycache__/profile.cpython-37.pyc
./usr/lib/python3.7/site-packages/gemato/__pycache__/exceptions.cpython-37.opt-2.pyc
./usr/lib/python3.7/site-packages/gemato/__pycache__/util.cpython-37.opt-2.pyc
./usr/lib/python3.7/site-packages/gemato/__pycache__/compression.cpython-37.pyc
./usr/lib/python3.7/site-packages/gemato/__pycache__/verify.cpython-37.opt-2.pyc
./usr/lib/python3.7/site-packages/gemato/__pycache__/compression.cpython-37.opt-2.pyc
./usr/lib/python3.7/site-packages/gemato/__pycache__/__init__.cpython-37.pyc
./usr/lib/python3.7/site-packages/gemato/__pycache__/openpgp.cpython-37.opt-2.pyc
./usr/lib/python3.7/site-packages/gemato/__pycache__/profile.cpython-37.opt-2.pyc
./usr/lib/python3.7/site-packages/gemato/__pycache__/hash.cpython-37.opt-2.pyc
./usr/lib/python3.7/site-packages/gemato/__pycache__/verify.cpython-37.opt-1.pyc
./usr/lib/python3.7/site-packages/gemato/__pycache__/manifest.cpython-37.pyc
./usr/lib/python3.7/site-packages/gemato/__pycache__/find_top_level.cpython-37.opt-2.pyc
./usr/lib/python3.7/site-packages/gemato/__pycache__/openpgp.cpython-37.pyc
./usr/lib/python3.7/site-packages/gemato/__pycache__/cli.cpython-37.opt-1.pyc
./usr/lib/python3.7/site-packages/gemato/profile.py
./usr/lib/python3.7/site-packages/gemato/exceptions.py
./usr/lib/python3.7/site-packages/gemato/verify.py
./usr/lib/python3.7/site-packages/gemato/openpgp.py
./usr/lib/python-exec/
./usr/lib/python-exec/python3.8/
./usr/lib/python-exec/python3.8/gemato
./usr/lib/python-exec/python3.7/
./usr/lib/python-exec/python3.7/gemato
./usr/bin/
./usr/bin/gemato
./usr/share/
./usr/share/gemato/
./usr/share/gemato/gen-test-manifest.py
./usr/share/gemato/gen-hash-tests.bash
./usr/share/gemato/fuzzy-hash-tester.py
./usr/share/gemato/gen_fast_manifest.py
./usr/share/gemato/gen-compression-tests.bash
./usr/share/gemato/benchmark-verify.py
./usr/share/gemato/gen_fast_metamanifest.py
./usr/share/gemato/benchmark.py
./usr/share/doc/
./usr/share/doc/gemato-14.3/
./usr/share/doc/gemato-14.3/README.rst.bz2
>>> Done.
 [32;01m*[39;49;00m checking 120 files for package collisions
>>> Merging app-portage/gemato-14.3 to /
--- /usr/
--- /usr/share/
--- /usr/share/doc/
--- /usr/share/doc/gemato-14.3/
>>> /usr/share/doc/gemato-14.3/README.rst.bz2
>>> /usr/share/gemato/
>>> /usr/share/gemato/benchmark.py
>>> /usr/share/gemato/gen_fast_metamanifest.py
>>> /usr/share/gemato/benchmark-verify.py
>>> /usr/share/gemato/gen-compression-tests.bash
>>> /usr/share/gemato/gen_fast_manifest.py
>>> /usr/share/gemato/fuzzy-hash-tester.py
>>> /usr/share/gemato/gen-hash-tests.bash
>>> /usr/share/gemato/gen-test-manifest.py
--- /usr/bin/
>>> /usr/bin/gemato -> ../lib/python-exec/python-exec2
--- /usr/lib/
--- /usr/lib/python-exec/
--- /usr/lib/python-exec/python3.7/
>>> /usr/lib/python-exec/python3.7/gemato
--- /usr/lib/python-exec/python3.8/
>>> /usr/lib/python-exec/python3.8/gemato
--- /usr/lib/python3.7/
--- /usr/lib/python3.7/site-packages/
--- /usr/lib/python3.7/site-packages/gemato/
>>> /usr/lib/python3.7/site-packages/gemato/openpgp.py
>>> /usr/lib/python3.7/site-packages/gemato/verify.py
>>> /usr/lib/python3.7/site-packages/gemato/exceptions.py
>>> /usr/lib/python3.7/site-packages/gemato/profile.py
--- /usr/lib/python3.7/site-packages/gemato/__pycache__/
>>> /usr/lib/python3.7/site-packages/gemato/__pycache__/cli.cpython-37.opt-1.pyc
>>> /usr/lib/python3.7/site-packages/gemato/__pycache__/openpgp.cpython-37.pyc
>>> /usr/lib/python3.7/site-packages/gemato/__pycache__/find_top_level.cpython-37.opt-2.pyc
>>> /usr/lib/python3.7/site-packages/gemato/__pycache__/manifest.cpython-37.pyc
>>> /usr/lib/python3.7/site-packages/gemato/__pycache__/verify.cpython-37.opt-1.pyc
>>> /usr/lib/python3.7/site-packages/gemato/__pycache__/hash.cpython-37.opt-2.pyc
>>> /usr/lib/python3.7/site-packages/gemato/__pycache__/profile.cpython-37.opt-2.pyc
>>> /usr/lib/python3.7/site-packages/gemato/__pycache__/openpgp.cpython-37.opt-2.pyc
>>> /usr/lib/python3.7/site-packages/gemato/__pycache__/__init__.cpython-37.pyc
>>> /usr/lib/python3.7/site-packages/gemato/__pycache__/compression.cpython-37.opt-2.pyc
>>> /usr/lib/python3.7/site-packages/gemato/__pycache__/verify.cpython-37.opt-2.pyc
>>> /usr/lib/python3.7/site-packages/gemato/__pycache__/compression.cpython-37.pyc
>>> /usr/lib/python3.7/site-packages/gemato/__pycache__/util.cpython-37.opt-2.pyc
>>> /usr/lib/python3.7/site-packages/gemato/__pycache__/exceptions.cpython-37.opt-2.pyc
>>> /usr/lib/python3.7/site-packages/gemato/__pycache__/profile.cpython-37.pyc
>>> /usr/lib/python3.7/site-packages/gemato/__pycache__/verify.cpython-37.pyc
>>> /usr/lib/python3.7/site-packages/gemato/__pycache__/cli.cpython-37.pyc
>>> /usr/lib/python3.7/site-packages/gemato/__pycache__/profile.cpython-37.opt-1.pyc
>>> /usr/lib/python3.7/site-packages/gemato/__pycache__/cli.cpython-37.opt-2.pyc
>>> /usr/lib/python3.7/site-packages/gemato/__pycache__/find_top_level.cpython-37.opt-1.pyc
>>> /usr/lib/python3.7/site-packages/gemato/__pycache__/__init__.cpython-37.opt-2.pyc
>>> /usr/lib/python3.7/site-packages/gemato/__pycache__/__init__.cpython-37.opt-1.pyc
>>> /usr/lib/python3.7/site-packages/gemato/__pycache__/recursiveloader.cpython-37.opt-1.pyc
>>> /usr/lib/python3.7/site-packages/gemato/__pycache__/util.cpython-37.pyc
>>> /usr/lib/python3.7/site-packages/gemato/__pycache__/hash.cpython-37.opt-1.pyc
>>> /usr/lib/python3.7/site-packages/gemato/__pycache__/recursiveloader.cpython-37.pyc
>>> /usr/lib/python3.7/site-packages/gemato/__pycache__/openpgp.cpython-37.opt-1.pyc
>>> /usr/lib/python3.7/site-packages/gemato/__pycache__/manifest.cpython-37.opt-1.pyc
>>> /usr/lib/python3.7/site-packages/gemato/__pycache__/exceptions.cpython-37.opt-1.pyc
>>> /usr/lib/python3.7/site-packages/gemato/__pycache__/recursiveloader.cpython-37.opt-2.pyc
>>> /usr/lib/python3.7/site-packages/gemato/__pycache__/util.cpython-37.opt-1.pyc
>>> /usr/lib/python3.7/site-packages/gemato/__pycache__/compression.cpython-37.opt-1.pyc
>>> /usr/lib/python3.7/site-packages/gemato/__pycache__/find_top_level.cpython-37.pyc
>>> /usr/lib/python3.7/site-packages/gemato/__pycache__/exceptions.cpython-37.pyc
>>> /usr/lib/python3.7/site-packages/gemato/__pycache__/manifest.cpython-37.opt-2.pyc
>>> /usr/lib/python3.7/site-packages/gemato/__pycache__/hash.cpython-37.pyc
>>> /usr/lib/python3.7/site-packages/gemato/util.py
>>> /usr/lib/python3.7/site-packages/gemato/find_top_level.py
>>> /usr/lib/python3.7/site-packages/gemato/recursiveloader.py
>>> /usr/lib/python3.7/site-packages/gemato/hash.py
>>> /usr/lib/python3.7/site-packages/gemato/manifest.py
>>> /usr/lib/python3.7/site-packages/gemato/__init__.py
>>> /usr/lib/python3.7/site-packages/gemato/cli.py
>>> /usr/lib/python3.7/site-packages/gemato/compression.py
--- /usr/lib/python3.7/site-packages/gemato-14.3-py3.7.egg-info/
>>> /usr/lib/python3.7/site-packages/gemato-14.3-py3.7.egg-info/requires.txt
>>> /usr/lib/python3.7/site-packages/gemato-14.3-py3.7.egg-info/entry_points.txt
>>> /usr/lib/python3.7/site-packages/gemato-14.3-py3.7.egg-info/PKG-INFO
>>> /usr/lib/python3.7/site-packages/gemato-14.3-py3.7.egg-info/dependency_links.txt
>>> /usr/lib/python3.7/site-packages/gemato-14.3-py3.7.egg-info/SOURCES.txt
>>> /usr/lib/python3.7/site-packages/gemato-14.3-py3.7.egg-info/top_level.txt
--- /usr/lib/python3.8/
--- /usr/lib/python3.8/site-packages/
--- /usr/lib/python3.8/site-packages/gemato/
>>> /usr/lib/python3.8/site-packages/gemato/openpgp.py
>>> /usr/lib/python3.8/site-packages/gemato/verify.py
>>> /usr/lib/python3.8/site-packages/gemato/exceptions.py
>>> /usr/lib/python3.8/site-packages/gemato/profile.py
--- /usr/lib/python3.8/site-packages/gemato/__pycache__/
>>> /usr/lib/python3.8/site-packages/gemato/__pycache__/recursiveloader.cpython-38.opt-2.pyc
>>> /usr/lib/python3.8/site-packages/gemato/__pycache__/recursiveloader.cpython-38.opt-1.pyc
>>> /usr/lib/python3.8/site-packages/gemato/__pycache__/recursiveloader.cpython-38.pyc
>>> /usr/lib/python3.8/site-packages/gemato/__pycache__/openpgp.cpython-38.opt-2.pyc
>>> /usr/lib/python3.8/site-packages/gemato/__pycache__/find_top_level.cpython-38.pyc
>>> /usr/lib/python3.8/site-packages/gemato/__pycache__/compression.cpython-38.pyc
>>> /usr/lib/python3.8/site-packages/gemato/__pycache__/manifest.cpython-38.opt-2.pyc
>>> /usr/lib/python3.8/site-packages/gemato/__pycache__/hash.cpython-38.opt-1.pyc
>>> /usr/lib/python3.8/site-packages/gemato/__pycache__/profile.cpython-38.opt-2.pyc
>>> /usr/lib/python3.8/site-packages/gemato/__pycache__/cli.cpython-38.opt-2.pyc
>>> /usr/lib/python3.8/site-packages/gemato/__pycache__/util.cpython-38.opt-2.pyc
>>> /usr/lib/python3.8/site-packages/gemato/__pycache__/find_top_level.cpython-38.opt-2.pyc
>>> /usr/lib/python3.8/site-packages/gemato/__pycache__/exceptions.cpython-38.opt-1.pyc
>>> /usr/lib/python3.8/site-packages/gemato/__pycache__/verify.cpython-38.pyc
>>> /usr/lib/python3.8/site-packages/gemato/__pycache__/util.cpython-38.opt-1.pyc
>>> /usr/lib/python3.8/site-packages/gemato/__pycache__/find_top_level.cpython-38.opt-1.pyc
>>> /usr/lib/python3.8/site-packages/gemato/__pycache__/compression.cpython-38.opt-2.pyc
>>> /usr/lib/python3.8/site-packages/gemato/__pycache__/cli.cpython-38.pyc
>>> /usr/lib/python3.8/site-packages/gemato/__pycache__/profile.cpython-38.pyc
>>> /usr/lib/python3.8/site-packages/gemato/__pycache__/__init__.cpython-38.opt-2.pyc
>>> /usr/lib/python3.8/site-packages/gemato/__pycache__/compression.cpython-38.opt-1.pyc
>>> /usr/lib/python3.8/site-packages/gemato/__pycache__/openpgp.cpython-38.opt-1.pyc
>>> /usr/lib/python3.8/site-packages/gemato/__pycache__/cli.cpython-38.opt-1.pyc
>>> /usr/lib/python3.8/site-packages/gemato/__pycache__/hash.cpython-38.opt-2.pyc
>>> /usr/lib/python3.8/site-packages/gemato/__pycache__/__init__.cpython-38.pyc
>>> /usr/lib/python3.8/site-packages/gemato/__pycache__/openpgp.cpython-38.pyc
>>> /usr/lib/python3.8/site-packages/gemato/__pycache__/hash.cpython-38.pyc
>>> /usr/lib/python3.8/site-packages/gemato/__pycache__/__init__.cpython-38.opt-1.pyc
>>> /usr/lib/python3.8/site-packages/gemato/__pycache__/exceptions.cpython-38.pyc
>>> /usr/lib/python3.8/site-packages/gemato/__pycache__/manifest.cpython-38.opt-1.pyc
>>> /usr/lib/python3.8/site-packages/gemato/__pycache__/manifest.cpython-38.pyc
>>> /usr/lib/python3.8/site-packages/gemato/__pycache__/verify.cpython-38.opt-1.pyc
>>> /usr/lib/python3.8/site-packages/gemato/__pycache__/verify.cpython-38.opt-2.pyc
>>> /usr/lib/python3.8/site-packages/gemato/__pycache__/profile.cpython-38.opt-1.pyc
>>> /usr/lib/python3.8/site-packages/gemato/__pycache__/util.cpython-38.pyc
>>> /usr/lib/python3.8/site-packages/gemato/__pycache__/exceptions.cpython-38.opt-2.pyc
>>> /usr/lib/python3.8/site-packages/gemato/util.py
>>> /usr/lib/python3.8/site-packages/gemato/find_top_level.py
>>> /usr/lib/python3.8/site-packages/gemato/recursiveloader.py
>>> /usr/lib/python3.8/site-packages/gemato/hash.py
>>> /usr/lib/python3.8/site-packages/gemato/manifest.py
>>> /usr/lib/python3.8/site-packages/gemato/__init__.py
>>> /usr/lib/python3.8/site-packages/gemato/cli.py
>>> /usr/lib/python3.8/site-packages/gemato/compression.py
--- /usr/lib/python3.8/site-packages/gemato-14.3-py3.8.egg-info/
>>> /usr/lib/python3.8/site-packages/gemato-14.3-py3.8.egg-info/requires.txt
>>> /usr/lib/python3.8/site-packages/gemato-14.3-py3.8.egg-info/entry_points.txt
>>> /usr/lib/python3.8/site-packages/gemato-14.3-py3.8.egg-info/PKG-INFO
>>> /usr/lib/python3.8/site-packages/gemato-14.3-py3.8.egg-info/dependency_links.txt
>>> /usr/lib/python3.8/site-packages/gemato-14.3-py3.8.egg-info/SOURCES.txt
>>> /usr/lib/python3.8/site-packages/gemato-14.3-py3.8.egg-info/top_level.txt
>>> Safely unmerging already-installed instance...
No package files given... Grabbing a set.
--- replaced obj /usr/share/doc/gemato-14.3/README.rst.bz2
--- replaced dir /usr/share/doc/gemato-14.3
--- replaced dir /usr/share/doc
--- replaced dir /usr/share
--- replaced obj /usr/lib/python3.8/site-packages/gemato/verify.py
--- replaced obj /usr/lib/python3.8/site-packages/gemato/util.py
--- replaced obj /usr/lib/python3.8/site-packages/gemato/recursiveloader.py
--- replaced obj /usr/lib/python3.8/site-packages/gemato/profile.py
--- replaced obj /usr/lib/python3.8/site-packages/gemato/openpgp.py
--- replaced obj /usr/lib/python3.8/site-packages/gemato/manifest.py
--- replaced obj /usr/lib/python3.8/site-packages/gemato/hash.py
--- replaced obj /usr/lib/python3.8/site-packages/gemato/find_top_level.py
--- replaced obj /usr/lib/python3.8/site-packages/gemato/exceptions.py
--- replaced obj /usr/lib/python3.8/site-packages/gemato/compression.py
--- replaced obj /usr/lib/python3.8/site-packages/gemato/cli.py
--- replaced obj /usr/lib/python3.8/site-packages/gemato/__pycache__/verify.cpython-38.pyc
--- replaced obj /usr/lib/python3.8/site-packages/gemato/__pycache__/verify.cpython-38.opt-2.pyc
--- replaced obj /usr/lib/python3.8/site-packages/gemato/__pycache__/verify.cpython-38.opt-1.pyc
--- replaced obj /usr/lib/python3.8/site-packages/gemato/__pycache__/util.cpython-38.pyc
--- replaced obj /usr/lib/python3.8/site-packages/gemato/__pycache__/util.cpython-38.opt-2.pyc
--- replaced obj /usr/lib/python3.8/site-packages/gemato/__pycache__/util.cpython-38.opt-1.pyc
--- replaced obj /usr/lib/python3.8/site-packages/gemato/__pycache__/recursiveloader.cpython-38.pyc
--- replaced obj /usr/lib/python3.8/site-packages/gemato/__pycache__/recursiveloader.cpython-38.opt-2.pyc
--- replaced obj /usr/lib/python3.8/site-packages/gemato/__pycache__/recursiveloader.cpython-38.opt-1.pyc
--- replaced obj /usr/lib/python3.8/site-packages/gemato/__pycache__/profile.cpython-38.pyc
--- replaced obj /usr/lib/python3.8/site-packages/gemato/__pycache__/profile.cpython-38.opt-2.pyc
--- replaced obj /usr/lib/python3.8/site-packages/gemato/__pycache__/profile.cpython-38.opt-1.pyc
--- replaced obj /usr/lib/python3.8/site-packages/gemato/__pycache__/openpgp.cpython-38.pyc
--- replaced obj /usr/lib/python3.8/site-packages/gemato/__pycache__/openpgp.cpython-38.opt-2.pyc
--- replaced obj /usr/lib/python3.8/site-packages/gemato/__pycache__/openpgp.cpython-38.opt-1.pyc
--- replaced obj /usr/lib/python3.8/site-packages/gemato/__pycache__/manifest.cpython-38.pyc
--- replaced obj /usr/lib/python3.8/site-packages/gemato/__pycache__/manifest.cpython-38.opt-2.pyc
--- replaced obj /usr/lib/python3.8/site-packages/gemato/__pycache__/manifest.cpython-38.opt-1.pyc
--- replaced obj /usr/lib/python3.8/site-packages/gemato/__pycache__/hash.cpython-38.pyc
--- replaced obj /usr/lib/python3.8/site-packages/gemato/__pycache__/hash.cpython-38.opt-2.pyc
--- replaced obj /usr/lib/python3.8/site-packages/gemato/__pycache__/hash.cpython-38.opt-1.pyc
--- replaced obj /usr/lib/python3.8/site-packages/gemato/__pycache__/find_top_level.cpython-38.pyc
--- replaced obj /usr/lib/python3.8/site-packages/gemato/__pycache__/find_top_level.cpython-38.opt-2.pyc
--- replaced obj /usr/lib/python3.8/site-packages/gemato/__pycache__/find_top_level.cpython-38.opt-1.pyc
--- replaced obj /usr/lib/python3.8/site-packages/gemato/__pycache__/exceptions.cpython-38.pyc
--- replaced obj /usr/lib/python3.8/site-packages/gemato/__pycache__/exceptions.cpython-38.opt-2.pyc
--- replaced obj /usr/lib/python3.8/site-packages/gemato/__pycache__/exceptions.cpython-38.opt-1.pyc
--- replaced obj /usr/lib/python3.8/site-packages/gemato/__pycache__/compression.cpython-38.pyc
--- replaced obj /usr/lib/python3.8/site-packages/gemato/__pycache__/compression.cpython-38.opt-2.pyc
--- replaced obj /usr/lib/python3.8/site-packages/gemato/__pycache__/compression.cpython-38.opt-1.pyc
--- replaced obj /usr/lib/python3.8/site-packages/gemato/__pycache__/cli.cpython-38.pyc
--- replaced obj /usr/lib/python3.8/site-packages/gemato/__pycache__/cli.cpython-38.opt-2.pyc
--- replaced obj /usr/lib/python3.8/site-packages/gemato/__pycache__/cli.cpython-38.opt-1.pyc
--- replaced obj /usr/lib/python3.8/site-packages/gemato/__pycache__/__init__.cpython-38.pyc
--- replaced obj /usr/lib/python3.8/site-packages/gemato/__pycache__/__init__.cpython-38.opt-2.pyc
--- replaced obj /usr/lib/python3.8/site-packages/gemato/__pycache__/__init__.cpython-38.opt-1.pyc
--- replaced dir /usr/lib/python3.8/site-packages/gemato/__pycache__
--- replaced obj /usr/lib/python3.8/site-packages/gemato/__init__.py
--- replaced obj /usr/lib/python3.8/site-packages/gemato-14.3-py3.8.egg-info/top_level.txt
--- replaced obj /usr/lib/python3.8/site-packages/gemato-14.3-py3.8.egg-info/requires.txt
--- replaced obj /usr/lib/python3.8/site-packages/gemato-14.3-py3.8.egg-info/entry_points.txt
--- replaced obj /usr/lib/python3.8/site-packages/gemato-14.3-py3.8.egg-info/dependency_links.txt
--- replaced obj /usr/lib/python3.8/site-packages/gemato-14.3-py3.8.egg-info/SOURCES.txt
--- replaced obj /usr/lib/python3.8/site-packages/gemato-14.3-py3.8.egg-info/PKG-INFO
--- replaced dir /usr/lib/python3.8/site-packages/gemato-14.3-py3.8.egg-info
--- replaced dir /usr/lib/python3.8/site-packages/gemato
--- replaced dir /usr/lib/python3.8/site-packages
--- replaced dir /usr/lib/python3.8
--- replaced obj /usr/lib/python3.7/site-packages/gemato/verify.py
--- replaced obj /usr/lib/python3.7/site-packages/gemato/util.py
--- replaced obj /usr/lib/python3.7/site-packages/gemato/recursiveloader.py
--- replaced obj /usr/lib/python3.7/site-packages/gemato/profile.py
--- replaced obj /usr/lib/python3.7/site-packages/gemato/openpgp.py
--- replaced obj /usr/lib/python3.7/site-packages/gemato/manifest.py
--- replaced obj /usr/lib/python3.7/site-packages/gemato/hash.py
--- replaced obj /usr/lib/python3.7/site-packages/gemato/find_top_level.py
--- replaced obj /usr/lib/python3.7/site-packages/gemato/exceptions.py
--- replaced obj /usr/lib/python3.7/site-packages/gemato/compression.py
--- replaced obj /usr/lib/python3.7/site-packages/gemato/cli.py
--- replaced obj /usr/lib/python3.7/site-packages/gemato/__pycache__/verify.cpython-37.pyc
--- replaced obj /usr/lib/python3.7/site-packages/gemato/__pycache__/verify.cpython-37.opt-2.pyc
--- replaced obj /usr/lib/python3.7/site-packages/gemato/__pycache__/verify.cpython-37.opt-1.pyc
--- replaced obj /usr/lib/python3.7/site-packages/gemato/__pycache__/util.cpython-37.pyc
--- replaced obj /usr/lib/python3.7/site-packages/gemato/__pycache__/util.cpython-37.opt-2.pyc
--- replaced obj /usr/lib/python3.7/site-packages/gemato/__pycache__/util.cpython-37.opt-1.pyc
--- replaced obj /usr/lib/python3.7/site-packages/gemato/__pycache__/recursiveloader.cpython-37.pyc
--- replaced obj /usr/lib/python3.7/site-packages/gemato/__pycache__/recursiveloader.cpython-37.opt-2.pyc
--- replaced obj /usr/lib/python3.7/site-packages/gemato/__pycache__/recursiveloader.cpython-37.opt-1.pyc
--- replaced obj /usr/lib/python3.7/site-packages/gemato/__pycache__/profile.cpython-37.pyc
--- replaced obj /usr/lib/python3.7/site-packages/gemato/__pycache__/profile.cpython-37.opt-2.pyc
--- replaced obj /usr/lib/python3.7/site-packages/gemato/__pycache__/profile.cpython-37.opt-1.pyc
--- replaced obj /usr/lib/python3.7/site-packages/gemato/__pycache__/openpgp.cpython-37.pyc
--- replaced obj /usr/lib/python3.7/site-packages/gemato/__pycache__/openpgp.cpython-37.opt-2.pyc
--- replaced obj /usr/lib/python3.7/site-packages/gemato/__pycache__/openpgp.cpython-37.opt-1.pyc
--- replaced obj /usr/lib/python3.7/site-packages/gemato/__pycache__/manifest.cpython-37.pyc
--- replaced obj /usr/lib/python3.7/site-packages/gemato/__pycache__/manifest.cpython-37.opt-2.pyc
--- replaced obj /usr/lib/python3.7/site-packages/gemato/__pycache__/manifest.cpython-37.opt-1.pyc
--- replaced obj /usr/lib/python3.7/site-packages/gemato/__pycache__/hash.cpython-37.pyc
--- replaced obj /usr/lib/python3.7/site-packages/gemato/__pycache__/hash.cpython-37.opt-2.pyc
--- replaced obj /usr/lib/python3.7/site-packages/gemato/__pycache__/hash.cpython-37.opt-1.pyc
--- replaced obj /usr/lib/python3.7/site-packages/gemato/__pycache__/find_top_level.cpython-37.pyc
--- replaced obj /usr/lib/python3.7/site-packages/gemato/__pycache__/find_top_level.cpython-37.opt-2.pyc
--- replaced obj /usr/lib/python3.7/site-packages/gemato/__pycache__/find_top_level.cpython-37.opt-1.pyc
--- replaced obj /usr/lib/python3.7/site-packages/gemato/__pycache__/exceptions.cpython-37.pyc
--- replaced obj /usr/lib/python3.7/site-packages/gemato/__pycache__/exceptions.cpython-37.opt-2.pyc
--- replaced obj /usr/lib/python3.7/site-packages/gemato/__pycache__/exceptions.cpython-37.opt-1.pyc
--- replaced obj /usr/lib/python3.7/site-packages/gemato/__pycache__/compression.cpython-37.pyc
--- replaced obj /usr/lib/python3.7/site-packages/gemato/__pycache__/compression.cpython-37.opt-2.pyc
--- replaced obj /usr/lib/python3.7/site-packages/gemato/__pycache__/compression.cpython-37.opt-1.pyc
--- replaced obj /usr/lib/python3.7/site-packages/gemato/__pycache__/cli.cpython-37.pyc
--- replaced obj /usr/lib/python3.7/site-packages/gemato/__pycache__/cli.cpython-37.opt-2.pyc
--- replaced obj /usr/lib/python3.7/site-packages/gemato/__pycache__/cli.cpython-37.opt-1.pyc
--- replaced obj /usr/lib/python3.7/site-packages/gemato/__pycache__/__init__.cpython-37.pyc
--- replaced obj /usr/lib/python3.7/site-packages/gemato/__pycache__/__init__.cpython-37.opt-2.pyc
--- replaced obj /usr/lib/python3.7/site-packages/gemato/__pycache__/__init__.cpython-37.opt-1.pyc
--- replaced dir /usr/lib/python3.7/site-packages/gemato/__pycache__
--- replaced obj /usr/lib/python3.7/site-packages/gemato/__init__.py
--- replaced obj /usr/lib/python3.7/site-packages/gemato-14.3-py3.7.egg-info/top_level.txt
--- replaced obj /usr/lib/python3.7/site-packages/gemato-14.3-py3.7.egg-info/requires.txt
--- replaced obj /usr/lib/python3.7/site-packages/gemato-14.3-py3.7.egg-info/entry_points.txt
--- replaced obj /usr/lib/python3.7/site-packages/gemato-14.3-py3.7.egg-info/dependency_links.txt
--- replaced obj /usr/lib/python3.7/site-packages/gemato-14.3-py3.7.egg-info/SOURCES.txt
--- replaced obj /usr/lib/python3.7/site-packages/gemato-14.3-py3.7.egg-info/PKG-INFO
--- replaced dir /usr/lib/python3.7/site-packages/gemato-14.3-py3.7.egg-info
--- replaced dir /usr/lib/python3.7/site-packages/gemato
--- replaced dir /usr/lib/python3.7/site-packages
--- replaced dir /usr/lib/python3.7
--- replaced obj /usr/lib/python-exec/python3.8/gemato
--- replaced dir /usr/lib/python-exec/python3.8
--- replaced obj /usr/lib/python-exec/python3.7/gemato
--- replaced dir /usr/lib/python-exec/python3.7
--- replaced dir /usr/lib/python-exec
--- replaced dir /usr/lib
--- replaced sym /usr/bin/gemato
--- replaced dir /usr/bin
--- replaced dir /usr
>>> Regenerating /etc/ld.so.cache...
>>> Original instance of package unmerged safely.
>>> app-portage/gemato-14.3 merged.
