>>> Extracting info
 * Package:    app-text/docbook-xml-dtd-4.3-r2
 * Repository: gentoo
 * USE:        kernel_linux userland_GNU elibc_glibc amd64 abi_x86_64
 * FEATURES:   network-sandbox preserve-libs sandbox userpriv usersandbox
 * FEATURES='assume-digests binpkg-docompress binpkg-dostrip binpkg-logs buildpkg cgroup compress-index config-protect-if-modified distlocks ebuild-locks fixlafiles ipc-sandbox merge-sync multilib-strict network-sandbox news nodoc parallel-fetch pid-sandbox preserve-libs qa-unresolved-soname-deps sandbox sfperms strict strict-keepdir unknown-features-warn unmerge-logs unmerge-orphans userfetch userpriv usersandbox usersync xattr'
 * CFLAGS='-march=znver2 -O2 -pipe -fno-stack-protector -fno-stack-clash-protection -fstack-check=no -fno-stack-check -Wl,-O1 -Wl,--as-needed'
 * CXXFLAGS='-march=znver2 -O2 -pipe -fno-stack-protector -fno-stack-clash-protection -fstack-check=no -fno-stack-check -Wl,-O1 -Wl,--as-needed'
 * FFLAGS='-march=znver2 -O2 -pipe -fno-stack-protector -fno-stack-clash-protection -fstack-check=no -fno-stack-check -Wl,-O1 -Wl,--as-needed'
 * FCFLAGS='-march=znver2 -O2 -pipe -fno-stack-protector -fno-stack-clash-protection -fstack-check=no -fno-stack-check -Wl,-O1 -Wl,--as-needed'
 * F77FLAGS='-march=znver2 -O2 -pipe -fno-stack-protector -fno-stack-clash-protection -fstack-check=no -fno-stack-check -Wl,-O1 -Wl,--as-needed'
 * LDFLAGS='-Wl,-O1 -Wl,--as-needed'
 * MAKEOPTS='-j12 -l12'
 * gcc (Gentoo 10.1.0-r1 p2) 10.1.0
 * g++ (Gentoo 10.1.0-r1 p2) 10.1.0
 * GNU gold (Gentoo 2.34 p4 2.34.0) 1.16
 * Linux rescue 5.4.36 #1 SMP Thu Apr 30 04:38:28 UTC 2020 x86_64 AMD Ryzen 5 3600 6-Core Processor AuthenticAMD GNU/Linux
app-text/docbook-xml-dtd: 8 seconds average for 42 merges
2020-05-15T04:16:49 >>> app-text/docbook-xml-dtd: 6 seconds
2020-05-20T01:26:06 >>> app-text/docbook-xml-dtd: 6 seconds
2020-05-20T01:27:15 >>> app-text/docbook-xml-dtd: 6 seconds
2020-05-20T01:35:22 >>> app-text/docbook-xml-dtd: 6 seconds
2020-05-20T01:35:28 >>> app-text/docbook-xml-dtd: 7 seconds
2020-05-20T01:35:35 >>> app-text/docbook-xml-dtd: 6 seconds
2020-05-23T16:30:56 >>> app-text/docbook-xml-dtd: 16 seconds
2020-05-25T22:27:41 >>> app-text/docbook-xml-dtd: 10 seconds
2020-05-25T22:27:51 >>> app-text/docbook-xml-dtd: 10 seconds
2020-05-25T22:28:01 >>> app-text/docbook-xml-dtd: 10 seconds
2020-05-25T22:28:11 >>> app-text/docbook-xml-dtd: 11 seconds
2020-05-25T22:28:22 >>> app-text/docbook-xml-dtd: 10 seconds
2020-05-27T02:18:10 >>> app-text/docbook-xml-dtd: 6 seconds
2020-05-27T02:18:16 >>> app-text/docbook-xml-dtd: 6 seconds
2020-05-27T02:18:22 >>> app-text/docbook-xml-dtd: 7 seconds
2020-05-27T02:18:29 >>> app-text/docbook-xml-dtd: 6 seconds
2020-05-27T02:18:35 >>> app-text/docbook-xml-dtd: 6 seconds
2020-05-29T02:01:24 >>> app-text/docbook-xml-dtd: 7 seconds
2020-05-29T02:01:38 >>> app-text/docbook-xml-dtd: 7 seconds
2020-05-30T12:47:18 >>> app-text/docbook-xml-dtd: 11 seconds
2020-05-30T12:47:51 >>> app-text/docbook-xml-dtd: 12 seconds
2020-05-30T12:53:23 >>> app-text/docbook-xml-dtd: 11 seconds
2020-05-30T12:54:13 >>> app-text/docbook-xml-dtd: 22 seconds
2020-05-30T12:57:22 >>> app-text/docbook-xml-dtd: 17 seconds
2020-06-01T03:35:13 >>> app-text/docbook-xml-dtd: 12 seconds
2020-06-01T03:38:02 >>> app-text/docbook-xml-dtd: 12 seconds
2020-06-01T03:38:56 >>> app-text/docbook-xml-dtd: 12 seconds
2020-06-01T03:40:18 >>> app-text/docbook-xml-dtd: 12 seconds
2020-06-01T03:46:46 >>> app-text/docbook-xml-dtd: 12 seconds
2020-06-12T02:16:17 >>> app-text/docbook-xml-dtd: 5 seconds
2020-06-12T02:16:22 >>> app-text/docbook-xml-dtd: 6 seconds
2020-06-12T02:16:28 >>> app-text/docbook-xml-dtd: 5 seconds
2020-06-12T02:16:33 >>> app-text/docbook-xml-dtd: 6 seconds
2020-06-12T02:16:39 >>> app-text/docbook-xml-dtd: 6 seconds
2020-06-13T20:48:43 >>> app-text/docbook-xml-dtd: 5 seconds
2020-06-13T20:48:53 >>> app-text/docbook-xml-dtd: 5 seconds
2020-06-13T20:48:58 >>> app-text/docbook-xml-dtd: 10 seconds
2020-06-13T20:49:08 >>> app-text/docbook-xml-dtd: 6 seconds
2020-06-13T20:49:14 >>> app-text/docbook-xml-dtd: 6 seconds
2020-06-15T14:23:25 >>> app-text/docbook-xml-dtd: 5 seconds
2020-06-15T14:23:30 >>> app-text/docbook-xml-dtd: 6 seconds
2020-06-15T14:23:36 >>> app-text/docbook-xml-dtd: 5 seconds
]0;emerge 14:23:42 470|565 docbook-xml-dtd 00:05 (root@rescue)>>> Extracting app-text/docbook-xml-dtd-4.3-r2
 * checking 31 files for package collisions
>>> Merging app-text/docbook-xml-dtd-4.3-r2 to /
 * removing unneeded *.la files
--- /etc/
--- /etc/xml/
>>> /etc/xml/.keep_app-text_docbook-xml-dtd-4.3
--- /etc/sgml/
>>> /etc/sgml/xml-docbook-4.3.cat
--- /usr/
--- /usr/share/
--- /usr/share/sgml/
--- /usr/share/sgml/docbook/
--- /usr/share/sgml/docbook/xml-dtd-4.3/
--- /usr/share/sgml/docbook/xml-dtd-4.3/ent/
>>> /usr/share/sgml/docbook/xml-dtd-4.3/ent/iso-pub.ent
>>> /usr/share/sgml/docbook/xml-dtd-4.3/ent/iso-amsn.ent
>>> /usr/share/sgml/docbook/xml-dtd-4.3/ent/iso-grk2.ent
>>> /usr/share/sgml/docbook/xml-dtd-4.3/ent/iso-grk4.ent
>>> /usr/share/sgml/docbook/xml-dtd-4.3/ent/iso-amso.ent
>>> /usr/share/sgml/docbook/xml-dtd-4.3/ent/iso-amsb.ent
>>> /usr/share/sgml/docbook/xml-dtd-4.3/ent/iso-grk1.ent
>>> /usr/share/sgml/docbook/xml-dtd-4.3/ent/iso-amsa.ent
>>> /usr/share/sgml/docbook/xml-dtd-4.3/ent/iso-amsr.ent
>>> /usr/share/sgml/docbook/xml-dtd-4.3/ent/iso-tech.ent
>>> /usr/share/sgml/docbook/xml-dtd-4.3/ent/iso-dia.ent
>>> /usr/share/sgml/docbook/xml-dtd-4.3/ent/iso-num.ent
>>> /usr/share/sgml/docbook/xml-dtd-4.3/ent/iso-amsc.ent
>>> /usr/share/sgml/docbook/xml-dtd-4.3/ent/iso-cyr1.ent
>>> /usr/share/sgml/docbook/xml-dtd-4.3/ent/iso-lat2.ent
>>> /usr/share/sgml/docbook/xml-dtd-4.3/ent/iso-lat1.ent
>>> /usr/share/sgml/docbook/xml-dtd-4.3/ent/iso-box.ent
>>> /usr/share/sgml/docbook/xml-dtd-4.3/ent/iso-cyr2.ent
>>> /usr/share/sgml/docbook/xml-dtd-4.3/ent/iso-grk3.ent
>>> /usr/share/sgml/docbook/xml-dtd-4.3/soextblx.dtd
>>> /usr/share/sgml/docbook/xml-dtd-4.3/dbhierx.mod
>>> /usr/share/sgml/docbook/xml-dtd-4.3/calstblx.dtd
>>> /usr/share/sgml/docbook/xml-dtd-4.3/dbnotnx.mod
>>> /usr/share/sgml/docbook/xml-dtd-4.3/htmltblx.mod
>>> /usr/share/sgml/docbook/xml-dtd-4.3/dbcentx.mod
>>> /usr/share/sgml/docbook/xml-dtd-4.3/docbook.cat
>>> /usr/share/sgml/docbook/xml-dtd-4.3/docbookx.dtd
>>> /usr/share/sgml/docbook/xml-dtd-4.3/dbgenent.mod
>>> /usr/share/sgml/docbook/xml-dtd-4.3/dbpoolx.mod
>>> Safely unmerging already-installed instance...
!!! File Not Found: '/etc/env.d/99lcdfilter'
>>> Original instance of package unmerged safely.
Found DocBook XSL stylesheets (xsl) in /usr/share/sgml/docbook/xsl-stylesheets
Found DocBook XSL stylesheets (xsl-ns) in /usr/share/sgml/docbook/xsl-ns-stylesheets
DocBook XSL stylesheets (xsl-saxon) not found
DocBook XSL stylesheets (xsl-xalan) not found
find: ‘xml-simple-dtd-*/’: No such file or directory
Found DocBook XML 4.1.2 in /usr/share/sgml/docbook/xml-dtd-4.1.2
Found DocBook XML 4.2 in /usr/share/sgml/docbook/xml-dtd-4.2
Found DocBook XML 4.3 in /usr/share/sgml/docbook/xml-dtd-4.3
Found DocBook XML 4.4 in /usr/share/sgml/docbook/xml-dtd-4.4
Found DocBook XML 4.5 in /usr/share/sgml/docbook/xml-dtd-4.5
Using ISO DocBook entities from /usr/share/sgml/docbook/xml-dtd-4.3/ent
 * Updating /etc/sgml/catalog ...
 [ ok ]
>>> app-text/docbook-xml-dtd-4.3-r2 merged.
!!! File Not Found: '/etc/env.d/99lcdfilter'
