>>> Extracting info
 * Package:    app-admin/genromfs-0.5.2
 * Repository: gentoo
 * USE:        amd64 userland_GNU abi_x86_64 elibc_glibc kernel_linux
 * FEATURES:   ccache preserve-libs userpriv
 * FEATURES='assume-digests binpkg-docompress binpkg-dostrip binpkg-logs buildpkg ccache cgroup compress-index config-protect-if-modified distlocks ebuild-locks fixlafiles merge-sync multilib-strict news nodoc parallel-fetch preserve-libs qa-unresolved-soname-deps sfperms strict strict-keepdir unknown-features-warn unmerge-logs unmerge-orphans userfetch userpriv usersync xattr'
 * CFLAGS='-O2 -pipe -Wl,-O1,--sort-common,--as-needed,-z,norelro,-z,now'
 * CXXFLAGS='-O2 -pipe -Wl,-O1,--sort-common,--as-needed,-z,norelro,-z,now'
 * FFLAGS='-O2 -pipe -Wl,-O1,--sort-common,--as-needed,-z,norelro,-z,now'
 * FCFLAGS='-O2 -pipe -Wl,-O1,--sort-common,--as-needed,-z,norelro,-z,now'
 * F77FLAGS='-O2 -pipe -Wl,-O1,--sort-common,--as-needed,-z,norelro,-z,now'
 * LDFLAGS='-Wl,-O1,--sort-common,--as-needed,-z,norelro,-z,now'
 * MAKEOPTS='-j12 -l12'
 * x86_64-pc-linux-gnu-gcc (Gentoo 11.0.0_pre9999 p1, commit 184c21bf1cd04a108ed9bd04635e7d57ac39f616) 11.0.0 20200611 (experimental)
 * g++ (Gentoo 11.0.0_pre9999 p1, commit 184c21bf1cd04a108ed9bd04635e7d57ac39f616) 11.0.0 20200611 (experimental)
 * GNU ld (Gentoo 2.34 p4) 2.34.0
 * Linux rescue 5.4.36 #1 SMP Thu Apr 30 04:38:28 UTC 2020 x86_64 AMD Ryzen 5 3600 6-Core Processor AuthenticAMD GNU/Linux
app-admin/genromfs: 27 seconds average for 5 merges
2020-05-30T23:01:49 >>> app-admin/genromfs: 12 seconds
2020-05-31T01:41:14 >>> app-admin/genromfs: 11 seconds
2020-06-01T01:47:39 >>> app-admin/genromfs: 17 seconds
2020-06-04T12:02:47 >>> app-admin/genromfs: 19 seconds
2020-06-13T03:25:09 >>> app-admin/genromfs: 1 minute, 16 seconds
]0;emerge 19:58:00 94|882 genromfs 00:37 (root@rescue)>>> Extracting app-admin/genromfs-0.5.2
 * checking 2 files for package collisions
>>> Merging app-admin/genromfs-0.5.2 to /
 * removing unneeded *.la files
--- /usr/
--- /usr/share/
--- /usr/share/man/
--- /usr/share/man/man8/
>>> /usr/share/man/man8/genromfs.8.bz2
--- /usr/bin/
>>> /usr/bin/genromfs
>>> Safely unmerging already-installed instance...
>>> Original instance of package unmerged safely.
>>> app-admin/genromfs-0.5.2 merged.
