>>> Extracting info
 * Package:    app-misc/mime-types-9
 * Repository: gentoo
 * USE:        amd64 userland_GNU abi_x86_64 elibc_glibc kernel_linux
 * FEATURES:   ccache preserve-libs userpriv
 * FEATURES='assume-digests binpkg-docompress binpkg-dostrip binpkg-logs buildpkg ccache cgroup compress-index config-protect-if-modified distlocks ebuild-locks fixlafiles merge-sync multilib-strict news nodoc parallel-fetch preserve-libs qa-unresolved-soname-deps sfperms strict strict-keepdir unknown-features-warn unmerge-logs unmerge-orphans userfetch userpriv usersync xattr'
 * CFLAGS='-march=znver2 -O2 -pipe -g0 -fno-semantic-interposition -fno-plt -falign-functions=32 -fno-stack-protector -fno-stack-clash-protection -fstack-check=no -fno-stack-check -Wl,-O4 -Wl,-O4,--sort-common,--as-needed,-z,norelro,-z,now'
 * CXXFLAGS='-march=znver2 -O2 -pipe -g0 -fno-semantic-interposition -fno-plt -falign-functions=32 -fno-stack-protector -fno-stack-clash-protection -fstack-check=no -fno-stack-check -Wl,-O4 -Wl,-O4,--sort-common,--as-needed,-z,norelro,-z,now'
 * FFLAGS='-march=znver2 -O2 -pipe -g0 -fno-semantic-interposition -fno-plt -falign-functions=32 -fno-stack-protector -fno-stack-clash-protection -fstack-check=no -fno-stack-check -Wl,-O4 -Wl,-O4,--sort-common,--as-needed,-z,norelro,-z,now'
 * FCFLAGS='-march=znver2 -O2 -pipe -g0 -fno-semantic-interposition -fno-plt -falign-functions=32 -fno-stack-protector -fno-stack-clash-protection -fstack-check=no -fno-stack-check -Wl,-O4 -Wl,-O4,--sort-common,--as-needed,-z,norelro,-z,now'
 * F77FLAGS='-march=znver2 -O2 -pipe -g0 -fno-semantic-interposition -fno-plt -falign-functions=32 -fno-stack-protector -fno-stack-clash-protection -fstack-check=no -fno-stack-check -Wl,-O4 -Wl,-O4,--sort-common,--as-needed,-z,norelro,-z,now'
 * LDFLAGS='-Wl,-O4,--sort-common,--as-needed,-z,norelro,-z,now'
 * MAKEOPTS='-j12 -l12'
 * gcc (Gentoo 11.0.0_pre9999 p1, commit 184c21bf1cd04a108ed9bd04635e7d57ac39f616) 11.0.0 20200611 (experimental)
 * g++ (Gentoo 11.0.0_pre9999 p1, commit 184c21bf1cd04a108ed9bd04635e7d57ac39f616) 11.0.0 20200611 (experimental)
 * GNU ld (Gentoo 2.34 p4) 2.34.0
 * Linux rescue 5.4.36 #1 SMP Thu Apr 30 04:38:28 UTC 2020 x86_64 AMD Ryzen 5 3600 6-Core Processor AuthenticAMD GNU/Linux
app-misc/mime-types: 4 minutes, 46 seconds average for 26 merges
2020-05-16T20:35:00 >>> app-misc/mime-types: 8 seconds
2020-05-20T00:55:56 >>> app-misc/mime-types: 2 minutes
2020-05-21T05:46:51 >>> app-misc/mime-types: 6 seconds
2020-05-22T01:53:05 >>> app-misc/mime-types: 6 minutes, 7 seconds
2020-05-22T02:39:24 >>> app-misc/mime-types: 2 minutes, 37 seconds
2020-05-22T03:04:12 >>> app-misc/mime-types: 6 minutes, 53 seconds
2020-05-22T12:23:48 >>> app-misc/mime-types: 6 minutes, 38 seconds
2020-05-23T03:25:30 >>> app-misc/mime-types: 6 minutes, 36 seconds
2020-05-24T23:19:40 >>> app-misc/mime-types: 9 minutes, 9 seconds
2020-05-25T03:01:19 >>> app-misc/mime-types: 1 minute, 26 seconds
2020-05-25T18:11:31 >>> app-misc/mime-types: 7 minutes, 18 seconds
2020-05-25T19:48:51 >>> app-misc/mime-types: 4 minutes, 31 seconds
2020-05-26T12:30:27 >>> app-misc/mime-types: 4 minutes, 10 seconds
2020-05-26T13:45:57 >>> app-misc/mime-types: 2 minutes, 38 seconds
2020-05-27T01:23:52 >>> app-misc/mime-types: 2 minutes, 1 second
2020-05-27T02:57:50 >>> app-misc/mime-types: 8 minutes, 12 seconds
2020-05-28T13:20:49 >>> app-misc/mime-types: 6 minutes, 23 seconds
2020-05-28T14:11:11 >>> app-misc/mime-types: 2 minutes, 43 seconds
2020-05-29T01:31:25 >>> app-misc/mime-types: 2 minutes, 11 seconds
2020-05-30T12:25:29 >>> app-misc/mime-types: 9 minutes, 1 second
2020-05-30T21:31:44 >>> app-misc/mime-types: 3 minutes, 8 seconds
2020-06-01T01:42:45 >>> app-misc/mime-types: 6 minutes, 27 seconds
2020-06-04T11:46:10 >>> app-misc/mime-types: 18 minutes, 22 seconds
2020-06-12T01:17:29 >>> app-misc/mime-types: 5 seconds
2020-06-13T03:01:35 >>> app-misc/mime-types: 2 minutes, 31 seconds
2020-06-13T03:15:25 >>> app-misc/mime-types: 2 minutes, 43 seconds
]0;emerge 19:54:15 23|882 mime-types 01:46 (root@rescue)>>> Extracting app-misc/mime-types-9
 * checking 1 files for package collisions
>>> Merging app-misc/mime-types-9 to /
 * removing unneeded *.la files
--- /etc/
>>> /etc/mime.types
>>> Safely unmerging already-installed instance...
>>> Original instance of package unmerged safely.
>>> app-misc/mime-types-9 merged.
