>>> Extracting info
 * Package:    app-text/tesseract-4.1.1
 * Repository: gentoo
 * USE:        amd64 openmp png tiff opencl userland_GNU abi_x86_64 jpeg webp elibc_glibc kernel_linux
 * FEATURES:   ccache preserve-libs userpriv
 * FEATURES='assume-digests binpkg-docompress binpkg-dostrip binpkg-logs buildpkg ccache cgroup compress-index config-protect-if-modified distlocks ebuild-locks fixlafiles merge-sync multilib-strict news nodoc parallel-fetch preserve-libs qa-unresolved-soname-deps sfperms strict strict-keepdir unknown-features-warn unmerge-logs unmerge-orphans userfetch userpriv usersync xattr'
 * CFLAGS='-O2 -pipe -Wl,-O1,--sort-common,--as-needed,-z,norelro,-z,now'
 * CXXFLAGS='-O2 -pipe -Wl,-O1,--sort-common,--as-needed,-z,norelro,-z,now'
 * FFLAGS='-O2 -pipe -Wl,-O1,--sort-common,--as-needed,-z,norelro,-z,now'
 * FCFLAGS='-O2 -pipe -Wl,-O1,--sort-common,--as-needed,-z,norelro,-z,now'
 * F77FLAGS='-O2 -pipe -Wl,-O1,--sort-common,--as-needed,-z,norelro,-z,now'
 * LDFLAGS='-Wl,-O1,--sort-common,--as-needed,-z,norelro,-z,now'
 * MAKEOPTS='-j12 -l12'
 * gcc (Gentoo 11.0.0_pre9999 p1, commit 184c21bf1cd04a108ed9bd04635e7d57ac39f616) 11.0.0 20200611 (experimental)
 * g++ (Gentoo 11.0.0_pre9999 p1, commit 184c21bf1cd04a108ed9bd04635e7d57ac39f616) 11.0.0 20200611 (experimental)
 * GNU ld (Gentoo 2.34 p4) 2.34.0
 * Linux rescue 5.4.36 #1 SMP Thu Apr 30 04:38:28 UTC 2020 x86_64 AMD Ryzen 5 3600 6-Core Processor AuthenticAMD GNU/Linux
app-text/tesseract: 6 minutes, 31 seconds average for 1 merge
2020-06-12T12:36:49 >>> app-text/tesseract: 6 minutes, 31 seconds
]0;emerge 20:51:44 704|882 tesseract 06:31 (root@rescue)>>> Extracting app-text/tesseract-4.1.1
 * checking 74 files for package collisions
>>> Merging app-text/tesseract-4.1.1 to /
 * removing unneeded *.la files
--- /usr/
--- /usr/lib64/
--- /usr/lib64/pkgconfig/
>>> /usr/lib64/pkgconfig/tesseract.pc
>>> /usr/lib64/libtesseract.so.4 -> libtesseract.so.4.0.1
>>> /usr/lib64/libtesseract.so.4.0.1
>>> /usr/lib64/libtesseract.so -> libtesseract.so.4.0.1
--- /usr/share/
--- /usr/share/man/
--- /usr/share/man/man5/
>>> /usr/share/man/man5/unicharambigs.5.bz2
>>> /usr/share/man/man5/unicharset.5.bz2
--- /usr/share/man/man1/
>>> /usr/share/man/man1/shapeclustering.1.bz2
>>> /usr/share/man/man1/combine_lang_model.1.bz2
>>> /usr/share/man/man1/cntraining.1.bz2
>>> /usr/share/man/man1/ambiguous_words.1.bz2
>>> /usr/share/man/man1/lstmtraining.1.bz2
>>> /usr/share/man/man1/classifier_tester.1.bz2
>>> /usr/share/man/man1/dawg2wordlist.1.bz2
>>> /usr/share/man/man1/tesseract.1.bz2
>>> /usr/share/man/man1/combine_tessdata.1.bz2
>>> /usr/share/man/man1/wordlist2dawg.1.bz2
>>> /usr/share/man/man1/text2image.1.bz2
>>> /usr/share/man/man1/merge_unicharsets.1.bz2
>>> /usr/share/man/man1/lstmeval.1.bz2
>>> /usr/share/man/man1/mftraining.1.bz2
>>> /usr/share/man/man1/set_unicharset_properties.1.bz2
>>> /usr/share/man/man1/unicharset_extractor.1.bz2
--- /usr/share/tessdata/
--- /usr/share/tessdata/configs/
>>> /usr/share/tessdata/configs/bigram
>>> /usr/share/tessdata/configs/lstmbox
>>> /usr/share/tessdata/configs/rebox
>>> /usr/share/tessdata/configs/quiet
>>> /usr/share/tessdata/configs/strokewidth
>>> /usr/share/tessdata/configs/api_config
>>> /usr/share/tessdata/configs/hocr
>>> /usr/share/tessdata/configs/get.images
>>> /usr/share/tessdata/configs/ambigs.train
>>> /usr/share/tessdata/configs/kannada
>>> /usr/share/tessdata/configs/txt
>>> /usr/share/tessdata/configs/digits
>>> /usr/share/tessdata/configs/pdf
>>> /usr/share/tessdata/configs/makebox
>>> /usr/share/tessdata/configs/logfile
>>> /usr/share/tessdata/configs/linebox
>>> /usr/share/tessdata/configs/lstmdebug
>>> /usr/share/tessdata/configs/alto
>>> /usr/share/tessdata/configs/box.train.stderr
>>> /usr/share/tessdata/configs/box.train
>>> /usr/share/tessdata/configs/inter
>>> /usr/share/tessdata/configs/unlv
>>> /usr/share/tessdata/configs/tsv
>>> /usr/share/tessdata/configs/lstm.train
>>> /usr/share/tessdata/configs/wordstrbox
>>> /usr/share/tessdata/pdf.ttf
--- /usr/share/tessdata/tessconfigs/
>>> /usr/share/tessdata/tessconfigs/batch.nochop
>>> /usr/share/tessdata/tessconfigs/msdemo
>>> /usr/share/tessdata/tessconfigs/matdemo
>>> /usr/share/tessdata/tessconfigs/nobatch
>>> /usr/share/tessdata/tessconfigs/batch
>>> /usr/share/tessdata/tessconfigs/segdemo
--- /usr/include/
--- /usr/include/tesseract/
>>> /usr/include/tesseract/strngs.h
>>> /usr/include/tesseract/platform.h
>>> /usr/include/tesseract/ltrresultiterator.h
>>> /usr/include/tesseract/thresholder.h
>>> /usr/include/tesseract/capi.h
>>> /usr/include/tesseract/ocrclass.h
>>> /usr/include/tesseract/tess_version.h
>>> /usr/include/tesseract/unichar.h
>>> /usr/include/tesseract/serialis.h
>>> /usr/include/tesseract/apitypes.h
>>> /usr/include/tesseract/publictypes.h
>>> /usr/include/tesseract/resultiterator.h
>>> /usr/include/tesseract/pageiterator.h
>>> /usr/include/tesseract/genericvector.h
>>> /usr/include/tesseract/renderer.h
>>> /usr/include/tesseract/helpers.h
>>> /usr/include/tesseract/osdetect.h
>>> /usr/include/tesseract/baseapi.h
>>> /usr/include/tesseract/tesscallback.h
--- /usr/bin/
>>> /usr/bin/tesseract
>>> Safely unmerging already-installed instance...
>>> Original instance of package unmerged safely.
>>> app-text/tesseract-4.1.1 merged.
>>> Regenerating /etc/ld.so.cache...
