No package files given... Grabbing a set.
--- replaced obj /usr/share/zsh/site-functions/zsh-syntax-highlighting.zsh
--- replaced obj /usr/share/zsh/site-functions/highlighters/root/root-highlighter.zsh
--- replaced dir /usr/share/zsh/site-functions/highlighters/root
--- replaced obj /usr/share/zsh/site-functions/highlighters/regexp/regexp-highlighter.zsh
--- replaced dir /usr/share/zsh/site-functions/highlighters/regexp
--- replaced obj /usr/share/zsh/site-functions/highlighters/pattern/pattern-highlighter.zsh
--- replaced dir /usr/share/zsh/site-functions/highlighters/pattern
--- replaced obj /usr/share/zsh/site-functions/highlighters/main/main-highlighter.zsh
--- replaced dir /usr/share/zsh/site-functions/highlighters/main
--- replaced obj /usr/share/zsh/site-functions/highlighters/line/line-highlighter.zsh
--- replaced dir /usr/share/zsh/site-functions/highlighters/line
--- replaced obj /usr/share/zsh/site-functions/highlighters/cursor/cursor-highlighter.zsh
--- replaced dir /usr/share/zsh/site-functions/highlighters/cursor
--- replaced obj /usr/share/zsh/site-functions/highlighters/brackets/brackets-highlighter.zsh
--- replaced dir /usr/share/zsh/site-functions/highlighters/brackets
--- replaced dir /usr/share/zsh/site-functions/highlighters
--- replaced obj /usr/share/zsh/site-functions/.version
--- replaced obj /usr/share/zsh/site-functions/.revision-hash
--- replaced dir /usr/share/zsh/site-functions
--- replaced dir /usr/share/zsh
--- replaced dir /usr/share
--- replaced dir /usr
>>> Regenerating /etc/ld.so.cache...
