[32;01m * [39;49;00mPackage:    app-eselect/eselect-lib-bin-symlink-0.1.1-r1
[32;01m * [39;49;00mRepository: gentoo
[32;01m * [39;49;00mMaintainer: mgorny@gentoo.org
[32;01m * [39;49;00mUpstream:   mgorny@gentoo.org https://github.com/mgorny/eselect-lib-bin-symlink/issues/
[32;01m * [39;49;00mUSE:        abi_x86_64 amd64 elibc_glibc kernel_linux userland_GNU
[32;01m * [39;49;00mFEATURES:   ccache network-sandbox preserve-libs sandbox userpriv usersandbox
 [32;01m*[0m FEATURES='assume-digests binpkg-docompress binpkg-dostrip binpkg-logs buildpkg ccache config-protect-if-modified distlocks ebuild-locks fixlafiles ipc-sandbox merge-sync multilib-strict network-sandbox news parallel-fetch pid-sandbox preserve-libs protect-owned qa-unresolved-soname-deps sandbox sfperms sign strict unknown-features-warn unmerge-logs unmerge-orphans userfetch userpriv usersandbox usersync xattr'
 [32;01m*[0m CFLAGS='-march=native -O3 -fgraphite-identity -floop-nest-optimize -fdevirtualize-at-ltrans -fipa-pta -fno-semantic-interposition -flto=12 -fno-signed-zeros -fno-trapping-math -fassociative-math -freciprocal-math -fno-math-errno -ffinite-math-only -fno-rounding-math -fno-signaling-nans -fcx-limited-range -fexcess-precision=fast -fno-plt -fno-common -fuse-linker-plugin -pipe -g0 -fno-stack-protector -fno-stack-clash-protection -fstack-check=no -fno-stack-check -Wl,-O1 -Wl,--as-needed -Wl,--defsym=__gentoo_check_ldflags__=0 -Wl,--hash-style=gnu -Wl,-z,norelro'
 [32;01m*[0m CXXFLAGS='-march=native -O3 -fgraphite-identity -floop-nest-optimize -fdevirtualize-at-ltrans -fipa-pta -fno-semantic-interposition -flto=12 -fno-signed-zeros -fno-trapping-math -fassociative-math -freciprocal-math -fno-math-errno -ffinite-math-only -fno-rounding-math -fno-signaling-nans -fcx-limited-range -fexcess-precision=fast -fno-plt -fno-common -fuse-linker-plugin -pipe -g0 -fno-stack-protector -fno-stack-clash-protection -fstack-check=no -fno-stack-check -Wl,-O1 -Wl,--as-needed -Wl,--defsym=__gentoo_check_ldflags__=0 -Wl,--hash-style=gnu -Wl,-z,norelro'
 [32;01m*[0m FFLAGS='-march=native -O3 -fgraphite-identity -floop-nest-optimize -fdevirtualize-at-ltrans -fipa-pta -fno-semantic-interposition -flto=12 -fno-signed-zeros -fno-trapping-math -fassociative-math -freciprocal-math -fno-math-errno -ffinite-math-only -fno-rounding-math -fno-signaling-nans -fcx-limited-range -fexcess-precision=fast -fno-plt -fno-common -fuse-linker-plugin -pipe -g0 -fno-stack-protector -fno-stack-clash-protection -fstack-check=no -fno-stack-check -Wl,-O1 -Wl,--as-needed -Wl,--defsym=__gentoo_check_ldflags__=0 -Wl,--hash-style=gnu -Wl,-z,norelro'
 [32;01m*[0m FCFLAGS='-march=native -O3 -fgraphite-identity -floop-nest-optimize -fdevirtualize-at-ltrans -fipa-pta -fno-semantic-interposition -flto=12 -fno-signed-zeros -fno-trapping-math -fassociative-math -freciprocal-math -fno-math-errno -ffinite-math-only -fno-rounding-math -fno-signaling-nans -fcx-limited-range -fexcess-precision=fast -fno-plt -fno-common -fuse-linker-plugin -pipe -g0 -fno-stack-protector -fno-stack-clash-protection -fstack-check=no -fno-stack-check -Wl,-O1 -Wl,--as-needed -Wl,--defsym=__gentoo_check_ldflags__=0 -Wl,--hash-style=gnu -Wl,-z,norelro'
 [32;01m*[0m F77FLAGS='-march=native -O3 -fgraphite-identity -floop-nest-optimize -fdevirtualize-at-ltrans -fipa-pta -fno-semantic-interposition -flto=12 -fno-signed-zeros -fno-trapping-math -fassociative-math -freciprocal-math -fno-math-errno -ffinite-math-only -fno-rounding-math -fno-signaling-nans -fcx-limited-range -fexcess-precision=fast -fno-plt -fno-common -fuse-linker-plugin -pipe -g0 -fno-stack-protector -fno-stack-clash-protection -fstack-check=no -fno-stack-check -Wl,-O1 -Wl,--as-needed -Wl,--defsym=__gentoo_check_ldflags__=0 -Wl,--hash-style=gnu -Wl,-z,norelro'
 [32;01m*[0m LDFLAGS='-Wl,-O1 -Wl,--as-needed -Wl,--defsym=__gentoo_check_ldflags__=0 -Wl,--hash-style=gnu -Wl,-z,norelro -march=native -O3 -fgraphite-identity -floop-nest-optimize -fdevirtualize-at-ltrans -fipa-pta -fno-semantic-interposition -flto=12 -fno-signed-zeros -fno-trapping-math -fassociative-math -freciprocal-math -fno-math-errno -ffinite-math-only -fno-rounding-math -fno-signaling-nans -fcx-limited-range -fexcess-precision=fast -fno-plt -fno-common -fuse-linker-plugin -pipe -g0 -fno-stack-protector -fno-stack-clash-protection -fstack-check=no -fno-stack-check'
 [32;01m*[0m MAKEOPTS='-j12'
 [32;01m*[0m gcc (Gentoo 10.1.0 p1) 10.1.0
 [32;01m*[0m g++ (Gentoo 10.1.0 p1) 10.1.0
 [32;01m*[0m GNU ld (Gentoo 2.33.1 p2) 2.33.1
 [32;01m*[0m Linux ryzen.gnum.org 5.4.36 #1 SMP Thu Apr 30 04:38:28 UTC 2020 x86_64 AMD Ryzen 5 3600 6-Core Processor AuthenticAMD GNU/Linux
]0;emerge 21:30:12 1|417 eselect-lib-bin-symlink (root@ryzen.gnum.org)>>> Unpacking source...
>>> Unpacking eselect-lib-bin-symlink-0.1.1.tar.bz2 to /tmp/portage/app-eselect/eselect-lib-bin-symlink-0.1.1-r1/work
>>> Source unpacked in /tmp/portage/app-eselect/eselect-lib-bin-symlink-0.1.1-r1/work
>>> Preparing source in /tmp/portage/app-eselect/eselect-lib-bin-symlink-0.1.1-r1/work/eselect-lib-bin-symlink-0.1.1 ...
>>> Source prepared.
>>> Configuring source in /tmp/portage/app-eselect/eselect-lib-bin-symlink-0.1.1-r1/work/eselect-lib-bin-symlink-0.1.1 ...
./configure --prefix=/usr --build=x86_64-pc-linux-gnu --host=x86_64-pc-linux-gnu --mandir=/usr/share/man --infodir=/usr/share/info --datadir=/usr/share --sysconfdir=/etc --localstatedir=/var/lib --docdir=/usr/share/doc/eselect-lib-bin-symlink-0.1.1-r1 --htmldir=/usr/share/doc/eselect-lib-bin-symlink-0.1.1-r1/html --libdir=/usr/lib64
checking for a BSD-compatible install... /tmp/portage/._portage_reinstall_.9wzzed7m/bin/ebuild-helpers/xattr/install -c
checking whether build environment is sane... yes
checking for a thread-safe mkdir -p... /bin/mkdir -p
checking for gawk... gawk
checking whether make sets $(MAKE)... yes
checking for a sed that does not truncate output... /bin/sed
checking that generated files are newer than configure... done
configure: creating ./config.status
config.status: creating Makefile
>>> Source configured.
>>> Compiling source in /tmp/portage/app-eselect/eselect-lib-bin-symlink-0.1.1-r1/work/eselect-lib-bin-symlink-0.1.1 ...
make -j12 
make: Nothing to be done for 'all'.
>>> Source compiled.
>>> Test phase [not enabled]: app-eselect/eselect-lib-bin-symlink-0.1.1-r1

>>> Install app-eselect/eselect-lib-bin-symlink-0.1.1-r1 into /tmp/portage/app-eselect/eselect-lib-bin-symlink-0.1.1-r1/image
make -j12 DESTDIR=/tmp/portage/app-eselect/eselect-lib-bin-symlink-0.1.1-r1/image install 
make[1]: Entering directory '/tmp/portage/app-eselect/eselect-lib-bin-symlink-0.1.1-r1/work/eselect-lib-bin-symlink-0.1.1'
make[1]: Nothing to be done for 'install-exec-am'.
 /bin/mkdir -p '/tmp/portage/app-eselect/eselect-lib-bin-symlink-0.1.1-r1/image/usr/share/eselect/libs'
 /tmp/portage/._portage_reinstall_.9wzzed7m/bin/ebuild-helpers/xattr/install -c -m 644 libs/bin-symlink.bash '/tmp/portage/app-eselect/eselect-lib-bin-symlink-0.1.1-r1/image/usr/share/eselect/libs'
make[1]: Leaving directory '/tmp/portage/app-eselect/eselect-lib-bin-symlink-0.1.1-r1/work/eselect-lib-bin-symlink-0.1.1'
>>> Completed installing app-eselect/eselect-lib-bin-symlink-0.1.1-r1 into /tmp/portage/app-eselect/eselect-lib-bin-symlink-0.1.1-r1/image

 [32;01m*[0m Final size of build directory: 276 KiB
 [32;01m*[0m Final size of installed tree:   40 KiB

./
./usr/
./usr/share/
./usr/share/eselect/
./usr/share/eselect/libs/
./usr/share/eselect/libs/bin-symlink.bash
./usr/share/doc/
./usr/share/doc/eselect-lib-bin-symlink-0.1.1-r1/
./usr/share/doc/eselect-lib-bin-symlink-0.1.1-r1/NEWS.bz2
>>> Done.
 [32;01m*[39;49;00m checking 2 files for package collisions
>>> Merging app-eselect/eselect-lib-bin-symlink-0.1.1-r1 to /
 [32;01m*[0m removing unneeded *.la files
--- /usr/
--- /usr/share/
--- /usr/share/doc/
--- /usr/share/doc/eselect-lib-bin-symlink-0.1.1-r1/
>>> /usr/share/doc/eselect-lib-bin-symlink-0.1.1-r1/NEWS.bz2
--- /usr/share/eselect/
--- /usr/share/eselect/libs/
>>> /usr/share/eselect/libs/bin-symlink.bash
>>> Safely unmerging already-installed instance...
No package files given... Grabbing a set.
--- replaced obj /usr/share/eselect/libs/bin-symlink.bash
--- replaced dir /usr/share/eselect/libs
--- replaced dir /usr/share/eselect
--- replaced obj /usr/share/doc/eselect-lib-bin-symlink-0.1.1-r1/NEWS.bz2
--- replaced dir /usr/share/doc/eselect-lib-bin-symlink-0.1.1-r1
--- replaced dir /usr/share/doc
--- replaced dir /usr/share
--- replaced dir /usr
>>> Regenerating /etc/ld.so.cache...
>>> Original instance of package unmerged safely.
>>> app-eselect/eselect-lib-bin-symlink-0.1.1-r1 merged.
