No package files given... Grabbing a set.
--- replaced obj /var/db/repos/.keep_app-eselect_eselect-repository-0
--- replaced dir /var/db/repos
--- replaced dir /var/db
--- replaced dir /var
--- replaced obj /usr/share/man/man5/repository.eselect.5.bz2
--- replaced dir /usr/share/man/man5
--- replaced dir /usr/share/man
--- replaced obj /usr/share/eselect/modules/repository.eselect
--- replaced dir /usr/share/eselect/modules
--- replaced dir /usr/share/eselect
--- replaced dir /usr/share
--- replaced obj /usr/lib/eselect-repo/eselect-repo-helper
--- replaced dir /usr/lib/eselect-repo
--- replaced dir /usr/lib
--- replaced dir /usr
--- replaced obj /etc/eselect/repository.conf
--- replaced dir /etc/eselect
--- replaced dir /etc
>>> Regenerating /etc/ld.so.cache...
