 * Package:    app-vim/gtk-syntax-20130716
 * Repository: gentoo
 * Maintainer: vim@gentoo.org
 * USE:        abi_x86_64 amd64 elibc_glibc kernel_linux userland_GNU
 * FEATURES:   ccache network-sandbox preserve-libs sandbox userpriv usersandbox
 * /etc/portage/package.cflags/ltoworkarounds.conf -> */*: *FLAGS+=-Wl,-O4 *FLAGS-=-Wl,-O1
 * FEATURES='assume-digests binpkg-docompress binpkg-dostrip binpkg-logs binpkg-multi-instance buildpkg ccache cgroup compress-index config-protect-if-modified distlocks fixlafiles ipc-sandbox merge-sync multilib-strict network-sandbox news nodoc parallel-fetch parallel-install pid-sandbox preserve-libs qa-unresolved-soname-deps sandbox sfperms strict unknown-features-warn unmerge-logs unmerge-orphans userfetch userpriv usersandbox usersync xattr'
 * CFLAGS='-march=znver2 -pipe -g0 -O3 -fgraphite-identity -floop-nest-optimize -fdevirtualize-at-ltrans -fipa-pta -fno-semantic-interposition -flto=12 -fno-plt -fno-signed-zeros -fno-trapping-math -fassociative-math -freciprocal-math -fno-math-errno -ffinite-math-only -fno-rounding-math -fno-signaling-nans -fcx-limited-range -fexcess-precision=fast -falign-functions=32 -fno-stack-protector -fno-stack-clash-protection -fstack-check=no -fno-stack-check -fuse-linker-plugin -Wl,-O4 -Wl,--as-needed -Wl,-lpthread -Wl,-lgomp -Wl,-z,norelro -Wl,-z,now -Wl,--sort-common -s'
 * CXXFLAGS='-march=znver2 -pipe -g0 -O3 -fgraphite-identity -floop-nest-optimize -fdevirtualize-at-ltrans -fipa-pta -fno-semantic-interposition -flto=12 -fno-plt -fno-signed-zeros -fno-trapping-math -fassociative-math -freciprocal-math -fno-math-errno -ffinite-math-only -fno-rounding-math -fno-signaling-nans -fcx-limited-range -fexcess-precision=fast -falign-functions=32 -fno-stack-protector -fno-stack-clash-protection -fstack-check=no -fno-stack-check -fuse-linker-plugin -Wl,-O4 -Wl,--as-needed -Wl,-lpthread -Wl,-lgomp -Wl,-z,norelro -Wl,-z,now -Wl,--sort-common -s'
 * FFLAGS='-march=znver2 -pipe -g0 -O3 -fgraphite-identity -floop-nest-optimize -fdevirtualize-at-ltrans -fipa-pta -fno-semantic-interposition -flto=12 -fno-plt -fno-signed-zeros -fno-trapping-math -fassociative-math -freciprocal-math -fno-math-errno -ffinite-math-only -fno-rounding-math -fno-signaling-nans -fcx-limited-range -fexcess-precision=fast -falign-functions=32 -fno-stack-protector -fno-stack-clash-protection -fstack-check=no -fno-stack-check -fuse-linker-plugin -Wl,-O4 -Wl,--as-needed -Wl,-lpthread -Wl,-lgomp -Wl,-z,norelro -Wl,-z,now -Wl,--sort-common -s'
 * FCFLAGS='-march=znver2 -pipe -g0 -O3 -fgraphite-identity -floop-nest-optimize -fdevirtualize-at-ltrans -fipa-pta -fno-semantic-interposition -flto=12 -fno-plt -fno-signed-zeros -fno-trapping-math -fassociative-math -freciprocal-math -fno-math-errno -ffinite-math-only -fno-rounding-math -fno-signaling-nans -fcx-limited-range -fexcess-precision=fast -falign-functions=32 -fno-stack-protector -fno-stack-clash-protection -fstack-check=no -fno-stack-check -fuse-linker-plugin -Wl,-O4 -Wl,--as-needed -Wl,-lpthread -Wl,-lgomp -Wl,-z,norelro -Wl,-z,now -Wl,--sort-common -s'
 * F77FLAGS='-march=znver2 -pipe -g0 -O3 -fgraphite-identity -floop-nest-optimize -fdevirtualize-at-ltrans -fipa-pta -fno-semantic-interposition -flto=12 -fno-plt -fno-signed-zeros -fno-trapping-math -fassociative-math -freciprocal-math -fno-math-errno -ffinite-math-only -fno-rounding-math -fno-signaling-nans -fcx-limited-range -fexcess-precision=fast -falign-functions=32 -fno-stack-protector -fno-stack-clash-protection -fstack-check=no -fno-stack-check -fuse-linker-plugin -Wl,-O4 -Wl,--as-needed -Wl,-lpthread -Wl,-lgomp -Wl,-z,norelro -Wl,-z,now -Wl,--sort-common -s'
 * LDFLAGS='-march=znver2 -pipe -g0 -O3 -fgraphite-identity -floop-nest-optimize -fdevirtualize-at-ltrans -fipa-pta -fno-semantic-interposition -flto=12 -fno-plt -fno-signed-zeros -fno-trapping-math -fassociative-math -freciprocal-math -fno-math-errno -ffinite-math-only -fno-rounding-math -fno-signaling-nans -fcx-limited-range -fexcess-precision=fast -falign-functions=32 -fno-stack-protector -fno-stack-clash-protection -fstack-check=no -fno-stack-check -fuse-linker-plugin -Wl,-O4 -Wl,--as-needed -Wl,-lpthread -Wl,-lgomp -Wl,-z,norelro -Wl,-z,now -Wl,--sort-common -s'
 * MAKEOPTS='-j12 -l12'
 * gcc () 11.0.0 20200531 (experimental)
 * g++ () 11.0.0 20200531 (experimental)
 * GNU ld (Gentoo 2.34 p4) 2.34.0
 * Linux ryzen.gnum.org 5.4.36 #1 SMP Thu Apr 30 04:38:28 UTC 2020 x86_64 AMD Ryzen 5 3600 6-Core Processor AuthenticAMD GNU/Linux
app-vim/gtk-syntax: 15 seconds average for 5 merges
2020-05-21T13:24:50 >>> app-vim/gtk-syntax: 10 seconds
2020-05-26T00:04:40 >>> app-vim/gtk-syntax: 15 seconds
2020-05-27T02:27:39 >>> app-vim/gtk-syntax: 10 seconds
2020-05-29T02:00:09 >>> app-vim/gtk-syntax: 11 seconds
2020-05-30T23:43:59 >>> app-vim/gtk-syntax: 33 seconds
]0;emerge 07:51:46 828|1172 gtk-syntax 00:18 (root@ryzen.gnum.org)kemerge 07:51:46 828|1172 gtk-syntax 00:18 (root@ryzen.gnum.org)\>>> Unpacking source...
>>> Unpacking gtk-syntax-20130716.tar.bz2 to /tmp/portage/app-vim/gtk-syntax-20130716/work
>>> Source unpacked in /tmp/portage/app-vim/gtk-syntax-20130716/work
>>> Preparing source in /tmp/portage/app-vim/gtk-syntax-20130716/work/gtk-syntax-20130716 ...
>>> Source prepared.
>>> Configuring source in /tmp/portage/app-vim/gtk-syntax-20130716/work/gtk-syntax-20130716 ...
>>> Source configured.
>>> Compiling source in /tmp/portage/app-vim/gtk-syntax-20130716/work/gtk-syntax-20130716 ...
>>> Source compiled.
>>> Test phase [not enabled]: app-vim/gtk-syntax-20130716

>>> Install app-vim/gtk-syntax-20130716 into /tmp/portage/app-vim/gtk-syntax-20130716/image/
 * Cleaning up unwanted files and directories ...
 [ ok ]
>>> Completed installing app-vim/gtk-syntax-20130716 into /tmp/portage/app-vim/gtk-syntax-20130716/image/

 * Final size of build directory:    4 KiB
 * Final size of installed tree:  1372 KiB (1.3 MiB)

./
./usr/
./usr/share/
./usr/share/vim/
./usr/share/vim/vimfiles/
./usr/share/vim/vimfiles/after/
./usr/share/vim/vimfiles/after/syntax/
./usr/share/vim/vimfiles/after/syntax/c.vim
./usr/share/vim/vimfiles/syntax/
./usr/share/vim/vimfiles/syntax/libunique.vim
./usr/share/vim/vimfiles/syntax/fftw3.vim
./usr/share/vim/vimfiles/syntax/evince.vim
./usr/share/vim/vimfiles/syntax/jsonglib.vim
./usr/share/vim/vimfiles/syntax/libwnck.vim
./usr/share/vim/vimfiles/syntax/colord.vim
./usr/share/vim/vimfiles/syntax/libsoup.vim
./usr/share/vim/vimfiles/syntax/xlib.vim
./usr/share/vim/vimfiles/syntax/libnotify.vim
./usr/share/vim/vimfiles/syntax/dbusglib.vim
./usr/share/vim/vimfiles/syntax/gtk2.vim
./usr/share/vim/vimfiles/syntax/atspi.vim
./usr/share/vim/vimfiles/syntax/gobjectintrospection.vim
./usr/share/vim/vimfiles/syntax/gtkglext.vim
./usr/share/vim/vimfiles/syntax/glib.vim
./usr/share/vim/vimfiles/syntax/gudev.vim
./usr/share/vim/vimfiles/syntax/atk.vim
./usr/share/vim/vimfiles/syntax/libgsf.vim
./usr/share/vim/vimfiles/syntax/gtk3.vim
./usr/share/vim/vimfiles/syntax/poppler.vim
./usr/share/vim/vimfiles/syntax/pango.vim
./usr/share/vim/vimfiles/syntax/gtksourceview.vim
./usr/share/vim/vimfiles/syntax/gusb.vim
./usr/share/vim/vimfiles/syntax/gnomedesktop.vim
./usr/share/vim/vimfiles/syntax/gstreamer.vim
./usr/share/vim/vimfiles/syntax/clutter.vim
./usr/share/vim/vimfiles/syntax/cairo.vim
./usr/share/vim/vimfiles/syntax/vte.vim
./usr/share/vim/vimfiles/syntax/gimp.vim
./usr/share/vim/vimfiles/syntax/gdkpixbuf.vim
./usr/share/vim/vimfiles/syntax/librsvg.vim
./usr/share/doc/
./usr/share/doc/gtk-syntax-20130716/
./usr/share/doc/gtk-syntax-20130716/README.bz2
>>> Done.
 * checking 32 files for package collisions
>>> Merging app-vim/gtk-syntax-20130716 to /
 * removing unneeded *.la files
--- /usr/
--- /usr/share/
--- /usr/share/vim/
--- /usr/share/vim/vimfiles/
--- /usr/share/vim/vimfiles/syntax/
>>> /usr/share/vim/vimfiles/syntax/librsvg.vim
>>> /usr/share/vim/vimfiles/syntax/gdkpixbuf.vim
>>> /usr/share/vim/vimfiles/syntax/gimp.vim
>>> /usr/share/vim/vimfiles/syntax/vte.vim
>>> /usr/share/vim/vimfiles/syntax/cairo.vim
>>> /usr/share/vim/vimfiles/syntax/clutter.vim
>>> /usr/share/vim/vimfiles/syntax/gstreamer.vim
>>> /usr/share/vim/vimfiles/syntax/gnomedesktop.vim
>>> /usr/share/vim/vimfiles/syntax/gusb.vim
>>> /usr/share/vim/vimfiles/syntax/gtksourceview.vim
>>> /usr/share/vim/vimfiles/syntax/pango.vim
>>> /usr/share/vim/vimfiles/syntax/poppler.vim
>>> /usr/share/vim/vimfiles/syntax/gtk3.vim
>>> /usr/share/vim/vimfiles/syntax/libgsf.vim
>>> /usr/share/vim/vimfiles/syntax/atk.vim
>>> /usr/share/vim/vimfiles/syntax/gudev.vim
>>> /usr/share/vim/vimfiles/syntax/glib.vim
>>> /usr/share/vim/vimfiles/syntax/gtkglext.vim
>>> /usr/share/vim/vimfiles/syntax/gobjectintrospection.vim
>>> /usr/share/vim/vimfiles/syntax/atspi.vim
>>> /usr/share/vim/vimfiles/syntax/gtk2.vim
>>> /usr/share/vim/vimfiles/syntax/dbusglib.vim
>>> /usr/share/vim/vimfiles/syntax/libnotify.vim
>>> /usr/share/vim/vimfiles/syntax/xlib.vim
>>> /usr/share/vim/vimfiles/syntax/libsoup.vim
>>> /usr/share/vim/vimfiles/syntax/colord.vim
>>> /usr/share/vim/vimfiles/syntax/libwnck.vim
>>> /usr/share/vim/vimfiles/syntax/jsonglib.vim
>>> /usr/share/vim/vimfiles/syntax/evince.vim
>>> /usr/share/vim/vimfiles/syntax/fftw3.vim
>>> /usr/share/vim/vimfiles/syntax/libunique.vim
--- /usr/share/vim/vimfiles/after/
--- /usr/share/vim/vimfiles/after/syntax/
>>> /usr/share/vim/vimfiles/after/syntax/c.vim
>>> Safely unmerging already-installed instance...
>>> Original instance of package unmerged safely.
 * Updating documentation tags in /usr/share/vim/vim82
 * Updating scripts in /usr/share/vim/vimfiles/after
 * Removing dead scripts in /usr/share/vim/vimfiles/after
>>> app-vim/gtk-syntax-20130716 merged.
