>>> Extracting info
 * Package:    app-eselect/eselect-pinentry-0.7
 * Repository: gentoo
 * USE:        elibc_glibc amd64 userland_GNU kernel_linux abi_x86_64
 * FEATURES:   preserve-libs
 * /etc/portage/package.cflags/ltoworkarounds.conf -> */*: *FLAGS+=-Wl,-O4 *FLAGS-=-Wl,-O1
 * FEATURES='assume-digests binpkg-dostrip binpkg-logs buildpkg config-protect-if-modified distlocks ebuild-locks fixlafiles merge-sync multilib-strict news nodoc parallel-fetch preserve-libs qa-unresolved-soname-deps sfperms strict strict-keepdir unknown-features-warn unmerge-logs unmerge-orphans xattr'
 * CFLAGS='-march=znver2 -O2 -pipe -g0 -fno-semantic-interposition -fno-plt -falign-functions=32 -fno-stack-protector -fno-stack-clash-protection -fstack-check=no -fno-stack-check -Wl,-O4 -Wl,-O4,--sort-common,--as-needed,-z,norelro,-z,now'
 * CXXFLAGS='-march=znver2 -O2 -pipe -g0 -fno-semantic-interposition -fno-plt -falign-functions=32 -fno-stack-protector -fno-stack-clash-protection -fstack-check=no -fno-stack-check -Wl,-O4 -Wl,-O4,--sort-common,--as-needed,-z,norelro,-z,now'
 * FFLAGS='-march=znver2 -O2 -pipe -g0 -fno-semantic-interposition -fno-plt -falign-functions=32 -fno-stack-protector -fno-stack-clash-protection -fstack-check=no -fno-stack-check -Wl,-O4 -Wl,-O4,--sort-common,--as-needed,-z,norelro,-z,now'
 * FCFLAGS='-march=znver2 -O2 -pipe -g0 -fno-semantic-interposition -fno-plt -falign-functions=32 -fno-stack-protector -fno-stack-clash-protection -fstack-check=no -fno-stack-check -Wl,-O4 -Wl,-O4,--sort-common,--as-needed,-z,norelro,-z,now'
 * F77FLAGS='-march=znver2 -O2 -pipe -g0 -fno-semantic-interposition -fno-plt -falign-functions=32 -fno-stack-protector -fno-stack-clash-protection -fstack-check=no -fno-stack-check -Wl,-O4 -Wl,-O4,--sort-common,--as-needed,-z,norelro,-z,now'
 * LDFLAGS='-Wl,-O4,--sort-common,--as-needed,-z,norelro,-z,now'
 * MAKEOPTS='-j12 -l12'
 * gcc (Gentoo 11.0.0_pre9999 p1, commit 184c21bf1cd04a108ed9bd04635e7d57ac39f616) 11.0.0 20200611 (experimental)
 * g++ (Gentoo 11.0.0_pre9999 p1, commit 184c21bf1cd04a108ed9bd04635e7d57ac39f616) 11.0.0 20200611 (experimental)
 * GNU ld (Gentoo 2.34 p4) 2.34.0
 * Linux rescue 5.4.36 #1 SMP Thu Apr 30 04:38:28 UTC 2020 x86_64 AMD Ryzen 5 3600 6-Core Processor AuthenticAMD GNU/Linux
app-eselect/eselect-pinentry: 10 seconds average for 11 merges
2020-05-16T20:52:28 >>> app-eselect/eselect-pinentry: 8 seconds
2020-05-20T01:37:56 >>> app-eselect/eselect-pinentry: 8 seconds
2020-05-23T11:31:00 >>> app-eselect/eselect-pinentry: 9 seconds
2020-05-24T23:53:19 >>> app-eselect/eselect-pinentry: 10 seconds
2020-05-25T18:42:44 >>> app-eselect/eselect-pinentry: 9 seconds
2020-05-25T20:06:29 >>> app-eselect/eselect-pinentry: 9 seconds
2020-05-27T02:26:26 >>> app-eselect/eselect-pinentry: 6 seconds
2020-05-27T03:31:33 >>> app-eselect/eselect-pinentry: 12 seconds
2020-05-28T14:40:22 >>> app-eselect/eselect-pinentry: 7 seconds
2020-05-30T12:57:08 >>> app-eselect/eselect-pinentry: 12 seconds
2020-06-01T02:01:41 >>> app-eselect/eselect-pinentry: 22 seconds
]0;emerge 02:14:36 562|626 eselect-pinentry 00:14 (root@rescue)>>> Extracting app-eselect/eselect-pinentry-0.7
 * checking 1 files for package collisions
>>> Merging app-eselect/eselect-pinentry-0.7 to /
 * removing unneeded *.la files
--- /usr/
--- /usr/share/
--- /usr/share/eselect/
--- /usr/share/eselect/modules/
>>> /usr/share/eselect/modules/pinentry.eselect
>>> Safely unmerging already-installed instance...
>>> Original instance of package unmerged safely.
>>> app-eselect/eselect-pinentry-0.7 merged.
