 * Package:    app-eselect/eselect-python-20190417
 * Repository: gentoo
 * Maintainer: python@gentoo.org
 * USE:        abi_x86_64 amd64 elibc_glibc kernel_linux userland_GNU
 * FEATURES:   network-sandbox preserve-libs sandbox userpriv usersandbox
 * FEATURES='assume-digests binpkg-docompress binpkg-dostrip binpkg-logs buildpkg cgroup compress-index config-protect-if-modified distlocks ebuild-locks fixlafiles ipc-sandbox merge-sync multilib-strict network-sandbox news nodoc parallel-fetch pid-sandbox preserve-libs qa-unresolved-soname-deps sandbox sfperms strict strict-keepdir unknown-features-warn unmerge-logs unmerge-orphans userfetch userpriv usersandbox usersync xattr'
 * CFLAGS='-march=znver2 -O2 -pipe -fno-stack-protector -fno-stack-clash-protection -fstack-check=no -fno-stack-check -Wl,-O1 -Wl,--as-needed'
 * CXXFLAGS='-march=znver2 -O2 -pipe -fno-stack-protector -fno-stack-clash-protection -fstack-check=no -fno-stack-check -Wl,-O1 -Wl,--as-needed'
 * FFLAGS='-march=znver2 -O2 -pipe -fno-stack-protector -fno-stack-clash-protection -fstack-check=no -fno-stack-check -Wl,-O1 -Wl,--as-needed'
 * FCFLAGS='-march=znver2 -O2 -pipe -fno-stack-protector -fno-stack-clash-protection -fstack-check=no -fno-stack-check -Wl,-O1 -Wl,--as-needed'
 * F77FLAGS='-march=znver2 -O2 -pipe -fno-stack-protector -fno-stack-clash-protection -fstack-check=no -fno-stack-check -Wl,-O1 -Wl,--as-needed'
 * LDFLAGS='-Wl,-O1 -Wl,--as-needed'
 * MAKEOPTS='-j12 -l12'
 * gcc (Gentoo 10.1.0-r1 p2) 10.1.0
 * g++ (Gentoo 10.1.0-r1 p2) 10.1.0
 * GNU gold (Gentoo 2.34 p4 2.34.0) 1.16
 * Linux rescue 5.4.36 #1 SMP Thu Apr 30 04:38:28 UTC 2020 x86_64 AMD Ryzen 5 3600 6-Core Processor AuthenticAMD GNU/Linux
app-eselect/eselect-python: 10 seconds average for 17 merges
2020-05-16T20:54:08 >>> app-eselect/eselect-python: 10 seconds
2020-05-20T01:37:30 >>> app-eselect/eselect-python: 5 seconds
2020-05-21T06:26:56 >>> app-eselect/eselect-python: 6 seconds
2020-05-23T11:34:26 >>> app-eselect/eselect-python: 11 seconds
2020-05-24T23:51:07 >>> app-eselect/eselect-python: 11 seconds
2020-05-25T18:39:43 >>> app-eselect/eselect-python: 15 seconds
2020-05-25T20:17:58 >>> app-eselect/eselect-python: 11 seconds
2020-05-27T02:25:47 >>> app-eselect/eselect-python: 6 seconds
2020-05-27T03:33:03 >>> app-eselect/eselect-python: 16 seconds
2020-05-28T14:40:09 >>> app-eselect/eselect-python: 7 seconds
2020-05-30T12:48:29 >>> app-eselect/eselect-python: 16 seconds
2020-06-01T02:03:33 >>> app-eselect/eselect-python: 12 seconds
2020-06-12T02:13:52 >>> app-eselect/eselect-python: 5 seconds
2020-06-13T03:44:58 >>> app-eselect/eselect-python: 8 seconds
2020-06-13T20:58:17 >>> app-eselect/eselect-python: 31 seconds
2020-06-14T04:53:37 >>> app-eselect/eselect-python: 9 seconds
2020-06-15T14:27:08 >>> app-eselect/eselect-python: 5 seconds
]0;emerge 13:59:19 249|895 eselect-python 00:15 (root@rescue)>>> Unpacking source...
>>> Unpacking eselect-python-20190417.tar.bz2 to /tmp/portage/app-eselect/eselect-python-20190417/work
>>> Source unpacked in /tmp/portage/app-eselect/eselect-python-20190417/work
>>> Preparing source in /tmp/portage/app-eselect/eselect-python-20190417/work/eselect-python-20190417 ...
>>> Source prepared.
>>> Configuring source in /tmp/portage/app-eselect/eselect-python-20190417/work/eselect-python-20190417 ...
./configure --prefix=/usr --build=x86_64-pc-linux-gnu --host=x86_64-pc-linux-gnu --mandir=/usr/share/man --infodir=/usr/share/info --datadir=/usr/share --sysconfdir=/etc --localstatedir=/var/lib --disable-silent-rules --docdir=/usr/share/doc/eselect-python-20190417 --htmldir=/usr/share/doc/eselect-python-20190417/html --libdir=/usr/lib64
checking for a BSD-compatible install... /tmp/portage/._portage_reinstall_.lpy24s1t/bin/ebuild-helpers/xattr/install -c
checking whether build environment is sane... yes
checking for a thread-safe mkdir -p... /bin/mkdir -p
checking for gawk... gawk
checking whether make sets $(MAKE)... yes
checking whether make supports nested variables... yes
checking that generated files are newer than configure... done
configure: creating ./config.status
config.status: creating Makefile
config.status: creating python.eselect
>>> Source configured.
>>> Compiling source in /tmp/portage/app-eselect/eselect-python-20190417/work/eselect-python-20190417 ...
make -j12 -l12 
make: Nothing to be done for 'all'.
>>> Source compiled.
>>> Test phase [not enabled]: app-eselect/eselect-python-20190417

>>> Install app-eselect/eselect-python-20190417 into /tmp/portage/app-eselect/eselect-python-20190417/image/
make -j12 -l12 DESTDIR=/tmp/portage/app-eselect/eselect-python-20190417/image/ install 
make[1]: Entering directory '/tmp/portage/app-eselect/eselect-python-20190417/work/eselect-python-20190417'
make[1]: Nothing to be done for 'install-exec-am'.
 /bin/mkdir -p '/tmp/portage/app-eselect/eselect-python-20190417/image//usr/share/eselect/modules'
 /tmp/portage/._portage_reinstall_.lpy24s1t/bin/ebuild-helpers/xattr/install -c -m 644 python.eselect '/tmp/portage/app-eselect/eselect-python-20190417/image//usr/share/eselect/modules'
make[1]: Leaving directory '/tmp/portage/app-eselect/eselect-python-20190417/work/eselect-python-20190417'
>>> Completed installing app-eselect/eselect-python-20190417 into /tmp/portage/app-eselect/eselect-python-20190417/image/

 * Final size of build directory: 272 KiB
 * Final size of installed tree:   32 KiB

Parallel BZIP2 v1.1.13 [Dec 18, 2015]
By: Jeff Gilchrist [http://compression.ca]
Major contributions: Yavor Nikolov [http://javornikolov.wordpress.com]
Uses libbzip2 by Julian Seward

         # CPUs: 9
   Load Average: 2.92
 BWT Block Size: 200 KB
File Block Size: 900 KB
 Maximum Memory: 1024 MB
-------------------------------------------
         File #: 1 of 1
     Input Name: compressme
    Output Name: compressme.bz2

     Input Size: 3895 bytes
Compressing data (no threads)...
Completed: 100%                 Output Size: 918 bytes
-------------------------------------------

     Wall Clock: 0.001134 seconds
./
./usr/
./usr/share/
./usr/share/eselect/
./usr/share/eselect/modules/
./usr/share/eselect/modules/python.eselect
>>> Done.
 * checking 1 files for package collisions
>>> Merging app-eselect/eselect-python-20190417 to /
 * removing unneeded *.la files
--- /usr/
--- /usr/share/
--- /usr/share/eselect/
--- /usr/share/eselect/modules/
>>> /usr/share/eselect/modules/python.eselect
>>> Safely unmerging already-installed instance...
!!! File Not Found: '/etc/env.d/99lcdfilter'
>>> Original instance of package unmerged safely.
>>> app-eselect/eselect-python-20190417 merged.
!!! File Not Found: '/etc/env.d/99lcdfilter'
