>>> Extracting info
 * Package:    app-vim/vim-tmux-3.0.0
 * Repository: gentoo
 * USE:        abi_x86_64 userland_GNU kernel_linux amd64 elibc_glibc
 * FEATURES:   ccache preserve-libs userpriv
 * FEATURES='assume-digests binpkg-docompress binpkg-dostrip binpkg-logs buildpkg ccache cgroup compress-index config-protect-if-modified distlocks ebuild-locks fixlafiles merge-sync multilib-strict news nodoc parallel-fetch preserve-libs qa-unresolved-soname-deps sfperms strict strict-keepdir unknown-features-warn unmerge-logs unmerge-orphans userfetch userpriv usersync xattr'
 * CFLAGS='-march=znver2 -O2 -pipe -g0 -fno-semantic-interposition -fno-plt -falign-functions=32 -fno-stack-protector -fno-stack-clash-protection -fstack-check=no -fno-stack-check -Wl,-O4 -Wl,-O4,--sort-common,--as-needed,-z,norelro,-z,now,-lgomp,-lpthread'
 * CXXFLAGS='-march=znver2 -O2 -pipe -g0 -fno-semantic-interposition -fno-plt -falign-functions=32 -fno-stack-protector -fno-stack-clash-protection -fstack-check=no -fno-stack-check -Wl,-O4 -Wl,-O4,--sort-common,--as-needed,-z,norelro,-z,now,-lgomp,-lpthread'
 * FFLAGS='-march=znver2 -O2 -pipe -g0 -fno-semantic-interposition -fno-plt -falign-functions=32 -fno-stack-protector -fno-stack-clash-protection -fstack-check=no -fno-stack-check -Wl,-O4 -Wl,-O4,--sort-common,--as-needed,-z,norelro,-z,now,-lgomp,-lpthread'
 * FCFLAGS='-march=znver2 -O2 -pipe -g0 -fno-semantic-interposition -fno-plt -falign-functions=32 -fno-stack-protector -fno-stack-clash-protection -fstack-check=no -fno-stack-check -Wl,-O4 -Wl,-O4,--sort-common,--as-needed,-z,norelro,-z,now,-lgomp,-lpthread'
 * F77FLAGS='-march=znver2 -O2 -pipe -g0 -fno-semantic-interposition -fno-plt -falign-functions=32 -fno-stack-protector -fno-stack-clash-protection -fstack-check=no -fno-stack-check -Wl,-O4 -Wl,-O4,--sort-common,--as-needed,-z,norelro,-z,now,-lgomp,-lpthread'
 * LDFLAGS='-march=znver2 -O2 -pipe -g0 -fno-semantic-interposition -fno-plt -falign-functions=32 -fno-stack-protector -fno-stack-clash-protection -fstack-check=no -fno-stack-check -Wl,-O4,--sort-common,--as-needed,-z,norelro,-z,now,-lgomp,-lpthread'
 * MAKEOPTS='-j12 -l12'
 * gcc (Gentoo 11.0.0_pre9999 p1, commit 184c21bf1cd04a108ed9bd04635e7d57ac39f616) 11.0.0 20200611 (experimental)
 * g++ (Gentoo 11.0.0_pre9999 p1, commit 184c21bf1cd04a108ed9bd04635e7d57ac39f616) 11.0.0 20200611 (experimental)
 * GNU ld (Gentoo 2.34 p4) 2.34.0
 * Linux rescue 5.4.36 #1 SMP Thu Apr 30 04:38:28 UTC 2020 x86_64 AMD Ryzen 5 3600 6-Core Processor AuthenticAMD GNU/Linux
app-vim/vim-tmux: 23 seconds average for 3 merges
2020-05-21T13:25:11 >>> app-vim/vim-tmux: 10 seconds
2020-05-30T23:44:58 >>> app-vim/vim-tmux: 38 seconds
2020-06-01T08:19:34 >>> app-vim/vim-tmux: 21 seconds
]0;emerge 21:10:45 28|49 vim-tmux 00:23 (root@rescue)>>> Extracting app-vim/vim-tmux-3.0.0
 * checking 7 files for package collisions
>>> Merging app-vim/vim-tmux-3.0.0 to /
 * removing unneeded *.la files
--- /usr/
--- /usr/share/
--- /usr/share/vim/
--- /usr/share/vim/vimfiles/
--- /usr/share/vim/vimfiles/doc/
>>> /usr/share/vim/vimfiles/doc/tmux.vim
--- /usr/share/vim/vimfiles/ftdetect/
>>> /usr/share/vim/vimfiles/ftdetect/tmux.vim
--- /usr/share/vim/vimfiles/compiler/
>>> /usr/share/vim/vimfiles/compiler/tmux.vim
--- /usr/share/vim/vimfiles/indent/
>>> /usr/share/vim/vimfiles/indent/tmux.vim
--- /usr/share/vim/vimfiles/ftplugin/
>>> /usr/share/vim/vimfiles/ftplugin/tmux.vim
--- /usr/share/vim/vimfiles/autoload/
>>> /usr/share/vim/vimfiles/autoload/tmux.vim
--- /usr/share/vim/vimfiles/syntax/
>>> /usr/share/vim/vimfiles/syntax/tmux.vim
>>> Safely unmerging already-installed instance...
>>> Original instance of package unmerged safely.
 * Updating documentation tags in /usr/share/vim/vim82
 * Updating scripts in /usr/share/vim/vimfiles/after
 * Removing dead scripts in /usr/share/vim/vimfiles/after
>>> app-vim/vim-tmux-3.0.0 merged.
