>>> Extracting info
 * Package:    app-text/tidy-html5-5.6.0
 * Repository: gentoo
 * USE:        abi_x86_64 userland_GNU kernel_linux amd64 elibc_glibc
 * FEATURES:   network-sandbox preserve-libs sandbox userpriv usersandbox
 * FEATURES='assume-digests binpkg-docompress binpkg-dostrip binpkg-logs binpkg-multi-instance buildpkg cgroup compress-index config-protect-if-modified distlocks downgrade-backup fixlafiles ipc-sandbox merge-sync multilib-strict network-sandbox news nodoc parallel-fetch parallel-install pid-sandbox preserve-libs qa-unresolved-soname-deps sandbox sfperms strict strict-keepdir unknown-features-warn unmerge-backup unmerge-logs unmerge-orphans userfetch userpriv usersandbox usersync xattr'
 * CFLAGS='-march=native -O3 -fgraphite-identity -floop-nest-optimize -fdevirtualize-at-ltrans -fipa-pta -fno-semantic-interposition -flto=12 -fno-plt -fno-math-errno -fno-trapping-math -fuse-linker-plugin -pipe -g0 -Wl,-O1 -Wl,--as-needed -Wl,--hash-style=gnu,-z,norelro,--as-needed'
 * CXXFLAGS='-march=native -O3 -fgraphite-identity -floop-nest-optimize -fdevirtualize-at-ltrans -fipa-pta -fno-semantic-interposition -flto=12 -fno-plt -fno-math-errno -fno-trapping-math -fuse-linker-plugin -pipe -g0 -Wl,-O1 -Wl,--as-needed -Wl,--hash-style=gnu,-z,norelro,--as-needed'
 * FFLAGS='-march=native -O3 -fgraphite-identity -floop-nest-optimize -fdevirtualize-at-ltrans -fipa-pta -fno-semantic-interposition -flto=12 -fno-plt -fno-math-errno -fno-trapping-math -fuse-linker-plugin -pipe -g0 -Wl,-O1 -Wl,--as-needed -Wl,--hash-style=gnu,-z,norelro,--as-needed'
 * FCFLAGS='-march=native -O3 -fgraphite-identity -floop-nest-optimize -fdevirtualize-at-ltrans -fipa-pta -fno-semantic-interposition -flto=12 -fno-plt -fno-math-errno -fno-trapping-math -fuse-linker-plugin -pipe -g0 -Wl,-O1 -Wl,--as-needed -Wl,--hash-style=gnu,-z,norelro,--as-needed'
 * F77FLAGS='-march=native -O3 -fgraphite-identity -floop-nest-optimize -fdevirtualize-at-ltrans -fipa-pta -fno-semantic-interposition -flto=12 -fno-plt -fno-math-errno -fno-trapping-math -fuse-linker-plugin -pipe -g0 -Wl,-O1 -Wl,--as-needed -Wl,--hash-style=gnu,-z,norelro,--as-needed'
 * LDFLAGS='-Wl,-O1 -Wl,--as-needed -Wl,--hash-style=gnu,-z,norelro,--as-needed -march=native -O3 -fgraphite-identity -floop-nest-optimize -fdevirtualize-at-ltrans -fipa-pta -fno-semantic-interposition -flto=12 -fno-plt -fno-math-errno -fno-trapping-math -fuse-linker-plugin -pipe -g0'
 * MAKEOPTS='-j12 -l12'
 * gcc () 11.0.0 20200526 (experimental)
 * g++ () 11.0.0 20200526 (experimental)
 * GNU ld (Gentoo 2.34 p4) 2.34.0
 * Linux ryzen.gnum.org 5.4.36 #1 SMP Thu Apr 30 04:38:28 UTC 2020 x86_64 AMD Ryzen 5 3600 6-Core Processor AuthenticAMD GNU/Linux
app-text/tidy-html5: 13 seconds average for 2 merges
2020-05-21T12:57:25 >>> app-text/tidy-html5: 12 seconds
2020-05-25T17:37:04 >>> app-text/tidy-html5: 15 seconds
]0;emerge 14:10:41 314|980 tidy-html5 00:14 (root@ryzen.gnum.org)kemerge 14:10:41 314|980 tidy-html5 00:14 (root@ryzen.gnum.org)\>>> Extracting app-text/tidy-html5-5.6.0
 * checking 11 files for package collisions
>>> Merging app-text/tidy-html5-5.6.0 to /
 * removing unneeded *.la files
--- /usr/
--- /usr/lib64/
--- /usr/lib64/pkgconfig/
>>> /usr/lib64/pkgconfig/tidy.pc
>>> /usr/lib64/libtidys.a
>>> /usr/lib64/libtidy.so -> libtidy.so.5
>>> /usr/lib64/libtidy.so.5.6.0
>>> /usr/lib64/libtidy.so.5 -> libtidy.so.5.6.0
--- /usr/share/
--- /usr/share/man/
--- /usr/share/man/man1/
>>> /usr/share/man/man1/tidy.1.bz2
--- /usr/include/
>>> /usr/include/tidy.h
>>> /usr/include/tidyenum.h
>>> /usr/include/tidyplatform.h
>>> /usr/include/tidybuffio.h
--- /usr/bin/
>>> /usr/bin/tidy
>>> Safely unmerging already-installed instance...
>>> Original instance of package unmerged safely.
>>> app-text/tidy-html5-5.6.0 merged.
>>> Regenerating /etc/ld.so.cache...
