[32;01m * [39;49;00mPackage:    app-arch/bzip2-1.0.8-r1
[32;01m * [39;49;00mRepository: gentoo
[32;01m * [39;49;00mMaintainer: base-system@gentoo.org
[32;01m * [39;49;00mUSE:        abi_x86_64 amd64 elibc_glibc kernel_linux split-usr userland_GNU
[32;01m * [39;49;00mFEATURES:   ccache network-sandbox preserve-libs userpriv
 [32;01m*[0m /etc/portage/package.cflags/ltoworkarounds.conf -> */*: *FLAGS+=-Wl,-O4 *FLAGS-=-Wl,-O1
 [32;01m*[0m FEATURES='assume-digests binpkg-docompress binpkg-dostrip binpkg-logs binpkg-multi-instance buildpkg ccache cgroup compress-index config-protect-if-modified distlocks fixlafiles ipc-sandbox merge-sync multilib-strict network-sandbox news nodoc parallel-fetch parallel-install pid-sandbox preserve-libs qa-unresolved-soname-deps sfperms strict strict-keepdir unknown-features-warn unmerge-logs unmerge-orphans userfetch userpriv usersync xattr'
 [32;01m*[0m CFLAGS='-march=znver2 -Ofast -pipe -g0 -fgraphite-identity -floop-interchange -floop-nest-optimize -floop-parallelize-all -ftree-parallelize-loops=12 -ftree-vectorize -fdevirtualize-at-ltrans -fipa-pta -fno-semantic-interposition -flto=12 -fno-plt -falign-functions=32 -fno-stack-protector -fno-stack-clash-protection -fstack-check=no -fno-stack-check -fprofile-generate -Wl,-O4 -Wl,-O4,--sort-common,--as-needed,-z,norelro,-z,now,-lgomp,-lpthread -lgcov --coverage -fuse-linker-plugin'
 [32;01m*[0m CXXFLAGS='-march=znver2 -Ofast -pipe -g0 -fgraphite-identity -floop-interchange -floop-nest-optimize -floop-parallelize-all -ftree-parallelize-loops=12 -ftree-vectorize -fdevirtualize-at-ltrans -fipa-pta -fno-semantic-interposition -flto=12 -fno-plt -falign-functions=32 -fno-stack-protector -fno-stack-clash-protection -fstack-check=no -fno-stack-check -fprofile-generate -Wl,-O4 -Wl,-O4,--sort-common,--as-needed,-z,norelro,-z,now,-lgomp,-lpthread -lgcov --coverage -fuse-linker-plugin'
 [32;01m*[0m FFLAGS='-march=znver2 -Ofast -pipe -g0 -fgraphite-identity -floop-interchange -floop-nest-optimize -floop-parallelize-all -ftree-parallelize-loops=12 -ftree-vectorize -fdevirtualize-at-ltrans -fipa-pta -fno-semantic-interposition -flto=12 -fno-plt -falign-functions=32 -fno-stack-protector -fno-stack-clash-protection -fstack-check=no -fno-stack-check -fprofile-generate -Wl,-O4 -Wl,-O4,--sort-common,--as-needed,-z,norelro,-z,now,-lgomp,-lpthread -lgcov --coverage -fuse-linker-plugin'
 [32;01m*[0m FCFLAGS='-march=znver2 -Ofast -pipe -g0 -fgraphite-identity -floop-interchange -floop-nest-optimize -floop-parallelize-all -ftree-parallelize-loops=12 -ftree-vectorize -fdevirtualize-at-ltrans -fipa-pta -fno-semantic-interposition -flto=12 -fno-plt -falign-functions=32 -fno-stack-protector -fno-stack-clash-protection -fstack-check=no -fno-stack-check -fprofile-generate -Wl,-O4 -Wl,-O4,--sort-common,--as-needed,-z,norelro,-z,now,-lgomp,-lpthread -lgcov --coverage -fuse-linker-plugin'
 [32;01m*[0m F77FLAGS='-march=znver2 -Ofast -pipe -g0 -fgraphite-identity -floop-interchange -floop-nest-optimize -floop-parallelize-all -ftree-parallelize-loops=12 -ftree-vectorize -fdevirtualize-at-ltrans -fipa-pta -fno-semantic-interposition -flto=12 -fno-plt -falign-functions=32 -fno-stack-protector -fno-stack-clash-protection -fstack-check=no -fno-stack-check -fprofile-generate -Wl,-O4 -Wl,-O4,--sort-common,--as-needed,-z,norelro,-z,now,-lgomp,-lpthread -lgcov --coverage -fuse-linker-plugin'
 [32;01m*[0m LDFLAGS='-Wl,-O4,--sort-common,--as-needed,-z,norelro,-z,now,-lgomp,-lpthread -lgcov --coverage -fuse-linker-plugin -march=znver2 -Ofast -pipe -g0 -fgraphite-identity -floop-interchange -floop-nest-optimize -floop-parallelize-all -ftree-parallelize-loops=12 -ftree-vectorize -fdevirtualize-at-ltrans -fipa-pta -fno-semantic-interposition -flto=12 -fno-plt -falign-functions=32 -fno-stack-protector -fno-stack-clash-protection -fstack-check=no -fno-stack-check -fprofile-generate -Wl,-O4'
 [32;01m*[0m MAKEOPTS='-j12 -l12'
 [32;01m*[0m gcc () 11.0.0 20200605 (experimental)
 [32;01m*[0m g++ () 11.0.0 20200605 (experimental)
 [32;01m*[0m GNU ld (Gentoo 2.34 p4) 2.34.0
 [32;01m*[0m Linux rescue 5.4.36 #1 SMP Thu Apr 30 04:38:28 UTC 2020 x86_64 AMD Ryzen 5 3600 6-Core Processor AuthenticAMD GNU/Linux
[00;01mapp-arch/[00;00m[36;01mbzip2[00;00m: [32;01m4[00;00m minutes, [32;01m16[00;00m seconds average for [32;01m31[00;00m merges
2020-05-16T20:32:27 >>> [00;01mapp-arch/[00;00m[36;01mbzip2[00;00m: [32;01m12[00;00m seconds
2020-05-20T00:55:54 >>> [00;01mapp-arch/[00;00m[36;01mbzip2[00;00m: [32;01m1[00;00m minute, [32;01m29[00;00m seconds
2020-05-21T05:45:41 >>> [00;01mapp-arch/[00;00m[36;01mbzip2[00;00m: [32;01m6[00;00m seconds
2020-05-22T01:52:47 >>> [00;01mapp-arch/[00;00m[36;01mbzip2[00;00m: [32;01m6[00;00m minutes
2020-05-22T02:39:05 >>> [00;01mapp-arch/[00;00m[36;01mbzip2[00;00m: [32;01m2[00;00m minutes, [32;01m35[00;00m seconds
2020-05-22T02:58:42 >>> [00;01mapp-arch/[00;00m[36;01mbzip2[00;00m: [32;01m2[00;00m minutes, [32;01m19[00;00m seconds
2020-05-22T03:03:53 >>> [00;01mapp-arch/[00;00m[36;01mbzip2[00;00m: [32;01m6[00;00m minutes, [32;01m51[00;00m seconds
2020-05-22T12:23:36 >>> [00;01mapp-arch/[00;00m[36;01mbzip2[00;00m: [32;01m6[00;00m minutes, [32;01m37[00;00m seconds
2020-05-23T03:25:18 >>> [00;01mapp-arch/[00;00m[36;01mbzip2[00;00m: [32;01m6[00;00m minutes, [32;01m40[00;00m seconds
2020-05-24T22:34:16 >>> [00;01mapp-arch/[00;00m[36;01mbzip2[00;00m: [32;01m8[00;00m minutes, [32;01m14[00;00m seconds
2020-05-24T23:19:25 >>> [00;01mapp-arch/[00;00m[36;01mbzip2[00;00m: [32;01m9[00;00m minutes, [32;01m12[00;00m seconds
2020-05-25T03:01:16 >>> [00;01mapp-arch/[00;00m[36;01mbzip2[00;00m: [32;01m1[00;00m minute, [32;01m9[00;00m seconds
2020-05-25T14:37:18 >>> [00;01mapp-arch/[00;00m[36;01mbzip2[00;00m: [32;01m3[00;00m minutes, [32;01m30[00;00m seconds
2020-05-25T18:11:14 >>> [00;01mapp-arch/[00;00m[36;01mbzip2[00;00m: [32;01m7[00;00m minutes, [32;01m24[00;00m seconds
2020-05-25T19:48:39 >>> [00;01mapp-arch/[00;00m[36;01mbzip2[00;00m: [32;01m4[00;00m minutes, [32;01m28[00;00m seconds
2020-05-26T12:30:09 >>> [00;01mapp-arch/[00;00m[36;01mbzip2[00;00m: [32;01m4[00;00m minutes, [32;01m17[00;00m seconds
2020-05-26T13:45:53 >>> [00;01mapp-arch/[00;00m[36;01mbzip2[00;00m: [32;01m2[00;00m minutes, [32;01m11[00;00m seconds
2020-05-27T01:23:49 >>> [00;01mapp-arch/[00;00m[36;01mbzip2[00;00m: [32;01m1[00;00m minute, [32;01m30[00;00m seconds
2020-05-27T02:57:32 >>> [00;01mapp-arch/[00;00m[36;01mbzip2[00;00m: [32;01m8[00;00m minutes, [32;01m19[00;00m seconds
2020-05-28T13:20:35 >>> [00;01mapp-arch/[00;00m[36;01mbzip2[00;00m: [32;01m6[00;00m minutes, [32;01m25[00;00m seconds
2020-05-28T13:52:51 >>> [00;01mapp-arch/[00;00m[36;01mbzip2[00;00m: [32;01m28[00;00m seconds
2020-05-28T14:11:07 >>> [00;01mapp-arch/[00;00m[36;01mbzip2[00;00m: [32;01m2[00;00m minutes, [32;01m12[00;00m seconds
2020-05-29T00:17:10 >>> [00;01mapp-arch/[00;00m[36;01mbzip2[00;00m: [32;01m29[00;00m seconds
2020-05-29T00:25:10 >>> [00;01mapp-arch/[00;00m[36;01mbzip2[00;00m: [32;01m29[00;00m seconds
2020-05-29T00:45:58 >>> [00;01mapp-arch/[00;00m[36;01mbzip2[00;00m: [32;01m29[00;00m seconds
2020-05-29T00:49:59 >>> [00;01mapp-arch/[00;00m[36;01mbzip2[00;00m: [32;01m34[00;00m seconds
2020-05-29T01:31:22 >>> [00;01mapp-arch/[00;00m[36;01mbzip2[00;00m: [32;01m1[00;00m minute, [32;01m31[00;00m seconds
2020-05-30T12:25:18 >>> [00;01mapp-arch/[00;00m[36;01mbzip2[00;00m: [32;01m9[00;00m minutes, [32;01m9[00;00m seconds
2020-05-30T21:31:41 >>> [00;01mapp-arch/[00;00m[36;01mbzip2[00;00m: [32;01m2[00;00m minutes, [32;01m49[00;00m seconds
2020-06-01T01:42:38 >>> [00;01mapp-arch/[00;00m[36;01mbzip2[00;00m: [32;01m6[00;00m minutes, [32;01m26[00;00m seconds
2020-06-04T11:45:59 >>> [00;01mapp-arch/[00;00m[36;01mbzip2[00;00m: [32;01m18[00;00m minutes, [32;01m25[00;00m seconds
]0;emerge 13:22:48 2|803 bzip2 09:13 (root@rescue)>>> Unpacking source...
>>> Unpacking bzip2-1.0.8.tar.gz to /tmp/portage/app-arch/bzip2-1.0.8-r1/work
>>> Source unpacked in /tmp/portage/app-arch/bzip2-1.0.8-r1/work
>>> Preparing source in /tmp/portage/app-arch/bzip2-1.0.8-r1/work/bzip2-1.0.8 ...
 [32;01m*[0m Applying bzip2-1.0.4-makefile-CFLAGS.patch ...
[A[263C [34;01m[ [32;01mok[34;01m ][0m
 [32;01m*[0m Applying bzip2-1.0.8-saneso.patch ...
[A[263C [34;01m[ [32;01mok[34;01m ][0m
 [32;01m*[0m Applying bzip2-1.0.4-man-links.patch ...
patching file Makefile
Hunk #1 succeeded at 85 with fuzz 2.
[A[263C [34;01m[ [32;01mok[34;01m ][0m
 [32;01m*[0m Applying bzip2-1.0.6-progress.patch ...
patching file bzip2.1
patching file bzip2.c
Hunk #1 succeeded at 53 (offset -92 lines).
Hunk #2 succeeded at 210 with fuzz 2 (offset -92 lines).
Hunk #3 succeeded at 336 (offset -91 lines).
Hunk #4 succeeded at 349 (offset -91 lines).
Hunk #5 succeeded at 372 (offset -91 lines).
Hunk #6 succeeded at 472 with fuzz 2 (offset -87 lines).
Hunk #7 succeeded at 481 (offset -87 lines).
Hunk #8 succeeded at 509 (offset -87 lines).
Hunk #9 succeeded at 1858 (offset -69 lines).
Hunk #10 succeeded at 1936 (offset -69 lines).
Hunk #11 succeeded at 1973 (offset -69 lines).
[A[263C [34;01m[ [32;01mok[34;01m ][0m
 [32;01m*[0m Applying bzip2-1.0.3-no-test.patch ...
[A[263C [34;01m[ [32;01mok[34;01m ][0m
 [32;01m*[0m Applying bzip2-1.0.8-mingw.patch ...
[A[263C [34;01m[ [32;01mok[34;01m ][0m
 [32;01m*[0m Applying bzip2-1.0.8-out-of-tree-build.patch ...
[A[263C [34;01m[ [32;01mok[34;01m ][0m
>>> Source prepared.
>>> Configuring source in /tmp/portage/app-arch/bzip2-1.0.8-r1/work/bzip2-1.0.8 ...
 [32;01m*[0m abi_x86_64.amd64: running multilib-minimal_abi_src_configure
>>> Source configured.
>>> Compiling source in /tmp/portage/app-arch/bzip2-1.0.8-r1/work/bzip2-1.0.8 ...
 [32;01m*[0m abi_x86_64.amd64: running multilib-minimal_abi_src_compile
make -j12 -l12 VPATH=/tmp/portage/app-arch/bzip2-1.0.8-r1/work/bzip2-1.0.8 CC=x86_64-pc-linux-gnu-gcc AR=x86_64-pc-linux-gnu-ar RANLIB=x86_64-pc-linux-gnu-ranlib -f /tmp/portage/app-arch/bzip2-1.0.8-r1/work/bzip2-1.0.8/Makefile-libbz2_so all 
x86_64-pc-linux-gnu-gcc -march=znver2 -Ofast -pipe -g0 -fgraphite-identity -floop-interchange -floop-nest-optimize -floop-parallelize-all -ftree-parallelize-loops=12 -ftree-vectorize -fdevirtualize-at-ltrans -fipa-pta -fno-semantic-interposition -flto=12 -fno-plt -falign-functions=32 -fno-stack-protector -fno-stack-clash-protection -fstack-check=no -fno-stack-check -fprofile-generate -Wl,-O4 -Wl,-O4,--sort-common,--as-needed,-z,norelro,-z,now,-lgomp,-lpthread -lgcov --coverage -fuse-linker-plugin -fpic -fPIC -Wall -Winline -D_FILE_OFFSET_BITS=64  -c /tmp/portage/app-arch/bzip2-1.0.8-r1/work/bzip2-1.0.8/blocksort.c
x86_64-pc-linux-gnu-gcc -march=znver2 -Ofast -pipe -g0 -fgraphite-identity -floop-interchange -floop-nest-optimize -floop-parallelize-all -ftree-parallelize-loops=12 -ftree-vectorize -fdevirtualize-at-ltrans -fipa-pta -fno-semantic-interposition -flto=12 -fno-plt -falign-functions=32 -fno-stack-protector -fno-stack-clash-protection -fstack-check=no -fno-stack-check -fprofile-generate -Wl,-O4 -Wl,-O4,--sort-common,--as-needed,-z,norelro,-z,now,-lgomp,-lpthread -lgcov --coverage -fuse-linker-plugin -fpic -fPIC -Wall -Winline -D_FILE_OFFSET_BITS=64  -c /tmp/portage/app-arch/bzip2-1.0.8-r1/work/bzip2-1.0.8/huffman.c
x86_64-pc-linux-gnu-gcc -march=znver2 -Ofast -pipe -g0 -fgraphite-identity -floop-interchange -floop-nest-optimize -floop-parallelize-all -ftree-parallelize-loops=12 -ftree-vectorize -fdevirtualize-at-ltrans -fipa-pta -fno-semantic-interposition -flto=12 -fno-plt -falign-functions=32 -fno-stack-protector -fno-stack-clash-protection -fstack-check=no -fno-stack-check -fprofile-generate -Wl,-O4 -Wl,-O4,--sort-common,--as-needed,-z,norelro,-z,now,-lgomp,-lpthread -lgcov --coverage -fuse-linker-plugin -fpic -fPIC -Wall -Winline -D_FILE_OFFSET_BITS=64  -c /tmp/portage/app-arch/bzip2-1.0.8-r1/work/bzip2-1.0.8/crctable.c
x86_64-pc-linux-gnu-gcc -march=znver2 -Ofast -pipe -g0 -fgraphite-identity -floop-interchange -floop-nest-optimize -floop-parallelize-all -ftree-parallelize-loops=12 -ftree-vectorize -fdevirtualize-at-ltrans -fipa-pta -fno-semantic-interposition -flto=12 -fno-plt -falign-functions=32 -fno-stack-protector -fno-stack-clash-protection -fstack-check=no -fno-stack-check -fprofile-generate -Wl,-O4 -Wl,-O4,--sort-common,--as-needed,-z,norelro,-z,now,-lgomp,-lpthread -lgcov --coverage -fuse-linker-plugin -fpic -fPIC -Wall -Winline -D_FILE_OFFSET_BITS=64  -c /tmp/portage/app-arch/bzip2-1.0.8-r1/work/bzip2-1.0.8/randtable.c
x86_64-pc-linux-gnu-gcc -march=znver2 -Ofast -pipe -g0 -fgraphite-identity -floop-interchange -floop-nest-optimize -floop-parallelize-all -ftree-parallelize-loops=12 -ftree-vectorize -fdevirtualize-at-ltrans -fipa-pta -fno-semantic-interposition -flto=12 -fno-plt -falign-functions=32 -fno-stack-protector -fno-stack-clash-protection -fstack-check=no -fno-stack-check -fprofile-generate -Wl,-O4 -Wl,-O4,--sort-common,--as-needed,-z,norelro,-z,now,-lgomp,-lpthread -lgcov --coverage -fuse-linker-plugin -fpic -fPIC -Wall -Winline -D_FILE_OFFSET_BITS=64  -c /tmp/portage/app-arch/bzip2-1.0.8-r1/work/bzip2-1.0.8/compress.c
x86_64-pc-linux-gnu-gcc -march=znver2 -Ofast -pipe -g0 -fgraphite-identity -floop-interchange -floop-nest-optimize -floop-parallelize-all -ftree-parallelize-loops=12 -ftree-vectorize -fdevirtualize-at-ltrans -fipa-pta -fno-semantic-interposition -flto=12 -fno-plt -falign-functions=32 -fno-stack-protector -fno-stack-clash-protection -fstack-check=no -fno-stack-check -fprofile-generate -Wl,-O4 -Wl,-O4,--sort-common,--as-needed,-z,norelro,-z,now,-lgomp,-lpthread -lgcov --coverage -fuse-linker-plugin -fpic -fPIC -Wall -Winline -D_FILE_OFFSET_BITS=64  -c /tmp/portage/app-arch/bzip2-1.0.8-r1/work/bzip2-1.0.8/decompress.c
x86_64-pc-linux-gnu-gcc -march=znver2 -Ofast -pipe -g0 -fgraphite-identity -floop-interchange -floop-nest-optimize -floop-parallelize-all -ftree-parallelize-loops=12 -ftree-vectorize -fdevirtualize-at-ltrans -fipa-pta -fno-semantic-interposition -flto=12 -fno-plt -falign-functions=32 -fno-stack-protector -fno-stack-clash-protection -fstack-check=no -fno-stack-check -fprofile-generate -Wl,-O4 -Wl,-O4,--sort-common,--as-needed,-z,norelro,-z,now,-lgomp,-lpthread -lgcov --coverage -fuse-linker-plugin -fpic -fPIC -Wall -Winline -D_FILE_OFFSET_BITS=64  -c /tmp/portage/app-arch/bzip2-1.0.8-r1/work/bzip2-1.0.8/bzlib.c
x86_64-pc-linux-gnu-gcc -Wl,-O4,--sort-common,--as-needed,-z,norelro,-z,now,-lgomp,-lpthread -lgcov --coverage -fuse-linker-plugin -march=znver2 -Ofast -pipe -g0 -fgraphite-identity -floop-interchange -floop-nest-optimize -floop-parallelize-all -ftree-parallelize-loops=12 -ftree-vectorize -fdevirtualize-at-ltrans -fipa-pta -fno-semantic-interposition -flto=12 -fno-plt -falign-functions=32 -fno-stack-protector -fno-stack-clash-protection -fstack-check=no -fno-stack-check -fprofile-generate -Wl,-O4 -shared -Wl,-soname -Wl,libbz2.so.1 -o libbz2.so.1.0.8 blocksort.o huffman.o crctable.o randtable.o compress.o decompress.o bzlib.o
/tmp/portage/app-arch/bzip2-1.0.8-r1/work/bzip2-1.0.8/decompress.c: In function 'BZ2_decompress':
/tmp/portage/app-arch/bzip2-1.0.8-r1/work/bzip2-1.0.8/bzlib.c:687:18: warning: inlining failed in call to 'BZ2_indexIntoF.localalias': call is unlikely and code size would grow [-Winline]
  687 | __inline__ Int32 BZ2_indexIntoF ( Int32 indx, Int32 *cftab )
      |                  ^
/tmp/portage/app-arch/bzip2-1.0.8-r1/work/bzip2-1.0.8/decompress.c:557:13: note: called from here
  557 |             BZ_GET_SMALL(s->k0); s->nblock_used++;
      |             ^
/tmp/portage/app-arch/bzip2-1.0.8-r1/work/bzip2-1.0.8/bzlib.c:687:18: warning: inlining failed in call to 'BZ2_indexIntoF.localalias': call is unlikely and code size would grow [-Winline]
  687 | __inline__ Int32 BZ2_indexIntoF ( Int32 indx, Int32 *cftab )
      |                  ^
/tmp/portage/app-arch/bzip2-1.0.8-r1/work/bzip2-1.0.8/decompress.c:560:13: note: called from here
  560 |             BZ_GET_SMALL(s->k0); s->nblock_used++;
      |             ^
/tmp/portage/app-arch/bzip2-1.0.8-r1/work/bzip2-1.0.8/blocksort.c: In function 'mainSort':
/tmp/portage/app-arch/bzip2-1.0.8-r1/work/bzip2-1.0.8/blocksort.c:347:6: warning: inlining failed in call to 'mainGtU': --param max-inline-insns-single limit reached [-Winline]
  347 | Bool mainGtU ( UInt32  i1,
      |      ^
/tmp/portage/app-arch/bzip2-1.0.8-r1/work/bzip2-1.0.8/blocksort.c:514:18: note: called from here
  514 |          while ( mainGtU (
      |                  ^
/tmp/portage/app-arch/bzip2-1.0.8-r1/work/bzip2-1.0.8/blocksort.c:347:6: warning: inlining failed in call to 'mainGtU': --param max-inline-insns-single limit reached [-Winline]
  347 | Bool mainGtU ( UInt32  i1,
      |      ^
/tmp/portage/app-arch/bzip2-1.0.8-r1/work/bzip2-1.0.8/blocksort.c:528:18: note: called from here
  528 |          while ( mainGtU (
      |                  ^
/tmp/portage/app-arch/bzip2-1.0.8-r1/work/bzip2-1.0.8/blocksort.c:347:6: warning: inlining failed in call to 'mainGtU': --param max-inline-insns-single limit reached [-Winline]
  347 | Bool mainGtU ( UInt32  i1,
      |      ^
/tmp/portage/app-arch/bzip2-1.0.8-r1/work/bzip2-1.0.8/blocksort.c:542:18: note: called from here
  542 |          while ( mainGtU (
      |                  ^
ln -sf libbz2.so.1.0.8 libbz2.so.1.0
make -j12 -l12 VPATH=/tmp/portage/app-arch/bzip2-1.0.8-r1/work/bzip2-1.0.8 CC=x86_64-pc-linux-gnu-gcc AR=x86_64-pc-linux-gnu-ar RANLIB=x86_64-pc-linux-gnu-ranlib -f /tmp/portage/app-arch/bzip2-1.0.8-r1/work/bzip2-1.0.8/Makefile all 'LDFLAGS=-Wl,-O4,--sort-common,--as-needed,-z,norelro,-z,now,-lgomp,-lpthread -lgcov --coverage -fuse-linker-plugin -march=znver2 -Ofast -pipe -g0 -fgraphite-identity -floop-interchange -floop-nest-optimize -floop-parallelize-all -ftree-parallelize-loops=12 -ftree-vectorize -fdevirtualize-at-ltrans -fipa-pta -fno-semantic-interposition -flto=12 -fno-plt -falign-functions=32 -fno-stack-protector -fno-stack-clash-protection -fstack-check=no -fno-stack-check -fprofile-generate -Wl,-O4 ' 
rm -f libbz2.a
x86_64-pc-linux-gnu-gcc -march=znver2 -Ofast -pipe -g0 -fgraphite-identity -floop-interchange -floop-nest-optimize -floop-parallelize-all -ftree-parallelize-loops=12 -ftree-vectorize -fdevirtualize-at-ltrans -fipa-pta -fno-semantic-interposition -flto=12 -fno-plt -falign-functions=32 -fno-stack-protector -fno-stack-clash-protection -fstack-check=no -fno-stack-check -fprofile-generate -Wl,-O4 -Wl,-O4,--sort-common,--as-needed,-z,norelro,-z,now,-lgomp,-lpthread -lgcov --coverage -fuse-linker-plugin -Wall -Winline -D_FILE_OFFSET_BITS=64  -c /tmp/portage/app-arch/bzip2-1.0.8-r1/work/bzip2-1.0.8/bzip2.c
x86_64-pc-linux-gnu-gcc -march=znver2 -Ofast -pipe -g0 -fgraphite-identity -floop-interchange -floop-nest-optimize -floop-parallelize-all -ftree-parallelize-loops=12 -ftree-vectorize -fdevirtualize-at-ltrans -fipa-pta -fno-semantic-interposition -flto=12 -fno-plt -falign-functions=32 -fno-stack-protector -fno-stack-clash-protection -fstack-check=no -fno-stack-check -fprofile-generate -Wl,-O4 -Wl,-O4,--sort-common,--as-needed,-z,norelro,-z,now,-lgomp,-lpthread -lgcov --coverage -fuse-linker-plugin -Wall -Winline -D_FILE_OFFSET_BITS=64  -c /tmp/portage/app-arch/bzip2-1.0.8-r1/work/bzip2-1.0.8/bzip2recover.c
x86_64-pc-linux-gnu-ar cq libbz2.a blocksort.o huffman.o crctable.o randtable.o compress.o decompress.o bzlib.o
x86_64-pc-linux-gnu-ranlib libbz2.a
x86_64-pc-linux-gnu-gcc -march=znver2 -Ofast -pipe -g0 -fgraphite-identity -floop-interchange -floop-nest-optimize -floop-parallelize-all -ftree-parallelize-loops=12 -ftree-vectorize -fdevirtualize-at-ltrans -fipa-pta -fno-semantic-interposition -flto=12 -fno-plt -falign-functions=32 -fno-stack-protector -fno-stack-clash-protection -fstack-check=no -fno-stack-check -fprofile-generate -Wl,-O4 -Wl,-O4,--sort-common,--as-needed,-z,norelro,-z,now,-lgomp,-lpthread -lgcov --coverage -fuse-linker-plugin -Wall -Winline -D_FILE_OFFSET_BITS=64  -Wl,-O4,--sort-common,--as-needed,-z,norelro,-z,now,-lgomp,-lpthread -lgcov --coverage -fuse-linker-plugin -march=znver2 -Ofast -pipe -g0 -fgraphite-identity -floop-interchange -floop-nest-optimize -floop-parallelize-all -ftree-parallelize-loops=12 -ftree-vectorize -fdevirtualize-at-ltrans -fipa-pta -fno-semantic-interposition -flto=12 -fno-plt -falign-functions=32 -fno-stack-protector -fno-stack-clash-protection -fstack-check=no -fno-stack-check -fprofile-generate -Wl,-O4  -o bzip2recover bzip2recover.o
x86_64-pc-linux-gnu-gcc -march=znver2 -Ofast -pipe -g0 -fgraphite-identity -floop-interchange -floop-nest-optimize -floop-parallelize-all -ftree-parallelize-loops=12 -ftree-vectorize -fdevirtualize-at-ltrans -fipa-pta -fno-semantic-interposition -flto=12 -fno-plt -falign-functions=32 -fno-stack-protector -fno-stack-clash-protection -fstack-check=no -fno-stack-check -fprofile-generate -Wl,-O4 -Wl,-O4,--sort-common,--as-needed,-z,norelro,-z,now,-lgomp,-lpthread -lgcov --coverage -fuse-linker-plugin -Wall -Winline -D_FILE_OFFSET_BITS=64  -Wl,-O4,--sort-common,--as-needed,-z,norelro,-z,now,-lgomp,-lpthread -lgcov --coverage -fuse-linker-plugin -march=znver2 -Ofast -pipe -g0 -fgraphite-identity -floop-interchange -floop-nest-optimize -floop-parallelize-all -ftree-parallelize-loops=12 -ftree-vectorize -fdevirtualize-at-ltrans -fipa-pta -fno-semantic-interposition -flto=12 -fno-plt -falign-functions=32 -fno-stack-protector -fno-stack-clash-protection -fstack-check=no -fno-stack-check -fprofile-generate -Wl,-O4  -o bzip2 bzip2.o -L. -lbz2
>>> Source compiled.
>>> Test phase [not enabled]: app-arch/bzip2-1.0.8-r1

>>> Install app-arch/bzip2-1.0.8-r1 into /tmp/portage/app-arch/bzip2-1.0.8-r1/image
 [32;01m*[0m abi_x86_64.amd64: running multilib-minimal_abi_src_install
>>> Completed installing app-arch/bzip2-1.0.8-r1 into /tmp/portage/app-arch/bzip2-1.0.8-r1/image

 [32;01m*[0m Final size of build directory: 4680 KiB (4.5 MiB)
 [32;01m*[0m Final size of installed tree:   692 KiB

strip: x86_64-pc-linux-gnu-strip --strip-unneeded -N __gentoo_check_ldflags__ -R .comment -R .GCC.command.line -R .note.gnu.gold-version
   /usr/bin/bzip2recover
   /lib64/libbz2.so.1.0.8
   /bin/bzip2
./
./bin/
./bin/bzip2
./bin/bzcat
./bin/bunzip2
./usr/
./usr/bin/
./usr/bin/bzcmp
./usr/bin/bzfgrep
./usr/bin/bzgrep
./usr/bin/bzdiff
./usr/bin/bzless
./usr/bin/bzmore
./usr/bin/bzip2recover
./usr/bin/bzegrep
./usr/include/
./usr/include/bzlib.h
./usr/share/
./usr/share/man/
./usr/share/man/man1/
./usr/share/man/man1/bzegrep.1.bz2
./usr/share/man/man1/bzfgrep.1.bz2
./usr/share/man/man1/bzdiff.1.bz2
./usr/share/man/man1/bzcat.1.bz2
./usr/share/man/man1/bzcmp.1.bz2
./usr/share/man/man1/bzip2recover.1.bz2
./usr/share/man/man1/bzip2.1.bz2
./usr/share/man/man1/bzgrep.1.bz2
./usr/share/man/man1/bzless.1.bz2
./usr/share/man/man1/bunzip2.1.bz2
./usr/share/man/man1/bzmore.1.bz2
./usr/share/doc/
./usr/share/doc/bzip2-1.0.8-r1/
./usr/share/doc/bzip2-1.0.8-r1/README.COMPILATION.PROBLEMS.bz2
./usr/share/doc/bzip2-1.0.8-r1/README.bz2
./usr/share/doc/bzip2-1.0.8-r1/README.XML.STUFF.bz2
./usr/share/doc/bzip2-1.0.8-r1/manual.pdf
./usr/share/doc/bzip2-1.0.8-r1/CHANGES.bz2
./usr/share/doc/bzip2-1.0.8-r1/html/
./usr/share/doc/bzip2-1.0.8-r1/html/manual.html
./usr/lib64/
./usr/lib64/libbz2.so
./lib64/
./lib64/libbz2.so.1
./lib64/libbz2.so.1.0
./lib64/libbz2.so.1.0.8
>>> Done.
 [32;01m*[39;49;00m checking 27 files for package collisions
>>> Merging app-arch/bzip2-1.0.8-r1 to /
 [32;01m*[0m removing unneeded *.la files
--- /lib64/
>>> /lib64/libbz2.so.1.0.8
>>> /lib64/libbz2.so.1.0 -> libbz2.so.1.0.8
>>> /lib64/libbz2.so.1 -> libbz2.so.1.0.8
--- /usr/
--- /usr/lib64/
>>> /usr/lib64/libbz2.so
--- /usr/share/
--- /usr/share/man/
--- /usr/share/man/man1/
>>> /usr/share/man/man1/bzmore.1.bz2
>>> /usr/share/man/man1/bunzip2.1.bz2 -> bzip2.1.bz2
>>> /usr/share/man/man1/bzless.1.bz2 -> bzmore.1.bz2
>>> /usr/share/man/man1/bzgrep.1.bz2
>>> /usr/share/man/man1/bzip2.1.bz2
>>> /usr/share/man/man1/bzip2recover.1.bz2 -> bzip2.1.bz2
>>> /usr/share/man/man1/bzcmp.1.bz2 -> bzdiff.1.bz2
>>> /usr/share/man/man1/bzcat.1.bz2 -> bzip2.1.bz2
>>> /usr/share/man/man1/bzdiff.1.bz2
>>> /usr/share/man/man1/bzfgrep.1.bz2 -> bzgrep.1.bz2
>>> /usr/share/man/man1/bzegrep.1.bz2 -> bzgrep.1.bz2
--- /usr/include/
>>> /usr/include/bzlib.h
--- /usr/bin/
>>> /usr/bin/bzegrep -> bzgrep
>>> /usr/bin/bzip2recover
>>> /usr/bin/bzmore
>>> /usr/bin/bzless -> bzmore
>>> /usr/bin/bzdiff
>>> /usr/bin/bzgrep
>>> /usr/bin/bzfgrep -> bzgrep
>>> /usr/bin/bzcmp -> bzdiff
--- /bin/
>>> /bin/bunzip2 -> bzip2
>>> /bin/bzcat -> bzip2
>>> /bin/bzip2
>>> Safely unmerging already-installed instance...
No package files given... Grabbing a set.
--- replaced obj /usr/share/man/man1/bzmore.1.bz2
--- replaced sym /usr/share/man/man1/bzless.1.bz2
--- replaced sym /usr/share/man/man1/bzip2recover.1.bz2
--- replaced obj /usr/share/man/man1/bzip2.1.bz2
--- replaced obj /usr/share/man/man1/bzgrep.1.bz2
--- replaced sym /usr/share/man/man1/bzfgrep.1.bz2
--- replaced sym /usr/share/man/man1/bzegrep.1.bz2
--- replaced obj /usr/share/man/man1/bzdiff.1.bz2
--- replaced sym /usr/share/man/man1/bzcmp.1.bz2
--- replaced sym /usr/share/man/man1/bzcat.1.bz2
--- replaced sym /usr/share/man/man1/bunzip2.1.bz2
--- replaced dir /usr/share/man/man1
--- replaced dir /usr/share/man
--- replaced dir /usr/share
--- replaced obj /usr/lib64/libbz2.so
--- replaced dir /usr/lib64
--- replaced obj /usr/include/bzlib.h
--- replaced dir /usr/include
--- replaced obj /usr/bin/bzmore
--- replaced sym /usr/bin/bzless
--- replaced obj /usr/bin/bzip2recover
--- replaced obj /usr/bin/bzgrep
--- replaced sym /usr/bin/bzfgrep
--- replaced sym /usr/bin/bzegrep
--- replaced obj /usr/bin/bzdiff
--- replaced sym /usr/bin/bzcmp
--- replaced dir /usr/bin
--- replaced dir /usr
--- replaced obj /lib64/libbz2.so.1.0.8
--- replaced sym /lib64/libbz2.so.1.0
--- replaced sym /lib64/libbz2.so.1
--- replaced dir /lib64
--- replaced obj /bin/bzip2
--- replaced sym /bin/bzcat
--- replaced sym /bin/bunzip2
--- replaced dir /bin
>>> Regenerating /etc/ld.so.cache...
>>> Original instance of package unmerged safely.
>>> app-arch/bzip2-1.0.8-r1 merged.
>>> Regenerating /etc/ld.so.cache...
