 * Package:    app-arch/cabextract-1.9.1
 * Repository: gentoo
 * Maintainer: fonts@gentoo.org
 * USE:        abi_x86_64 amd64 elibc_glibc kernel_linux userland_GNU
 * FEATURES:   ccache network-sandbox preserve-libs sandbox userpriv usersandbox
 * /etc/portage/package.cflags/ltoworkarounds.conf -> */*: *FLAGS+=-Wl,-O4 *FLAGS-=-Wl,-O1
 * FEATURES='assume-digests binpkg-docompress binpkg-dostrip binpkg-logs binpkg-multi-instance buildpkg ccache cgroup compress-index config-protect-if-modified distlocks fixlafiles ipc-sandbox merge-sync multilib-strict network-sandbox news nodoc parallel-fetch parallel-install pid-sandbox preserve-libs qa-unresolved-soname-deps sandbox sfperms strict unknown-features-warn unmerge-logs unmerge-orphans userfetch userpriv usersandbox usersync xattr'
 * CFLAGS='-march=znver2 -pipe -g0 -O3 -fgraphite-identity -floop-nest-optimize -fdevirtualize-at-ltrans -fipa-pta -fno-semantic-interposition -flto=12 -fno-plt -fno-signed-zeros -fno-trapping-math -fassociative-math -freciprocal-math -fno-math-errno -ffinite-math-only -fno-rounding-math -fno-signaling-nans -fcx-limited-range -fexcess-precision=fast -falign-functions=32 -fno-stack-protector -fno-stack-clash-protection -fstack-check=no -fno-stack-check -fuse-linker-plugin -Wl,-O4 -Wl,--as-needed -Wl,-lpthread -Wl,-lgomp -Wl,-z,norelro -Wl,-z,now -Wl,--sort-common -s'
 * CXXFLAGS='-march=znver2 -pipe -g0 -O3 -fgraphite-identity -floop-nest-optimize -fdevirtualize-at-ltrans -fipa-pta -fno-semantic-interposition -flto=12 -fno-plt -fno-signed-zeros -fno-trapping-math -fassociative-math -freciprocal-math -fno-math-errno -ffinite-math-only -fno-rounding-math -fno-signaling-nans -fcx-limited-range -fexcess-precision=fast -falign-functions=32 -fno-stack-protector -fno-stack-clash-protection -fstack-check=no -fno-stack-check -fuse-linker-plugin -Wl,-O4 -Wl,--as-needed -Wl,-lpthread -Wl,-lgomp -Wl,-z,norelro -Wl,-z,now -Wl,--sort-common -s'
 * FFLAGS='-march=znver2 -pipe -g0 -O3 -fgraphite-identity -floop-nest-optimize -fdevirtualize-at-ltrans -fipa-pta -fno-semantic-interposition -flto=12 -fno-plt -fno-signed-zeros -fno-trapping-math -fassociative-math -freciprocal-math -fno-math-errno -ffinite-math-only -fno-rounding-math -fno-signaling-nans -fcx-limited-range -fexcess-precision=fast -falign-functions=32 -fno-stack-protector -fno-stack-clash-protection -fstack-check=no -fno-stack-check -fuse-linker-plugin -Wl,-O4 -Wl,--as-needed -Wl,-lpthread -Wl,-lgomp -Wl,-z,norelro -Wl,-z,now -Wl,--sort-common -s'
 * FCFLAGS='-march=znver2 -pipe -g0 -O3 -fgraphite-identity -floop-nest-optimize -fdevirtualize-at-ltrans -fipa-pta -fno-semantic-interposition -flto=12 -fno-plt -fno-signed-zeros -fno-trapping-math -fassociative-math -freciprocal-math -fno-math-errno -ffinite-math-only -fno-rounding-math -fno-signaling-nans -fcx-limited-range -fexcess-precision=fast -falign-functions=32 -fno-stack-protector -fno-stack-clash-protection -fstack-check=no -fno-stack-check -fuse-linker-plugin -Wl,-O4 -Wl,--as-needed -Wl,-lpthread -Wl,-lgomp -Wl,-z,norelro -Wl,-z,now -Wl,--sort-common -s'
 * F77FLAGS='-march=znver2 -pipe -g0 -O3 -fgraphite-identity -floop-nest-optimize -fdevirtualize-at-ltrans -fipa-pta -fno-semantic-interposition -flto=12 -fno-plt -fno-signed-zeros -fno-trapping-math -fassociative-math -freciprocal-math -fno-math-errno -ffinite-math-only -fno-rounding-math -fno-signaling-nans -fcx-limited-range -fexcess-precision=fast -falign-functions=32 -fno-stack-protector -fno-stack-clash-protection -fstack-check=no -fno-stack-check -fuse-linker-plugin -Wl,-O4 -Wl,--as-needed -Wl,-lpthread -Wl,-lgomp -Wl,-z,norelro -Wl,-z,now -Wl,--sort-common -s'
 * LDFLAGS='-march=znver2 -pipe -g0 -O3 -fgraphite-identity -floop-nest-optimize -fdevirtualize-at-ltrans -fipa-pta -fno-semantic-interposition -flto=12 -fno-plt -fno-signed-zeros -fno-trapping-math -fassociative-math -freciprocal-math -fno-math-errno -ffinite-math-only -fno-rounding-math -fno-signaling-nans -fcx-limited-range -fexcess-precision=fast -falign-functions=32 -fno-stack-protector -fno-stack-clash-protection -fstack-check=no -fno-stack-check -fuse-linker-plugin -Wl,-O4 -Wl,--as-needed -Wl,-lpthread -Wl,-lgomp -Wl,-z,norelro -Wl,-z,now -Wl,--sort-common -s'
 * MAKEOPTS='-j12 -l12'
 * gcc () 11.0.0 20200531 (experimental)
 * g++ () 11.0.0 20200531 (experimental)
 * GNU ld (Gentoo 2.34 p4) 2.34.0
 * Linux ryzen.gnum.org 5.4.36 #1 SMP Thu Apr 30 04:38:28 UTC 2020 x86_64 AMD Ryzen 5 3600 6-Core Processor AuthenticAMD GNU/Linux
app-arch/cabextract: 8 seconds average for 4 merges
2020-05-20T08:31:26 >>> app-arch/cabextract: 3 seconds
2020-05-21T06:54:43 >>> app-arch/cabextract: 5 seconds
2020-05-28T02:59:22 >>> app-arch/cabextract: 4 seconds
2020-05-30T14:59:05 >>> app-arch/cabextract: 21 seconds
]0;emerge 04:34:26 628|1172 cabextract 00:10 (root@ryzen.gnum.org)kemerge 04:34:26 628|1172 cabextract 00:10 (root@ryzen.gnum.org)\>>> Unpacking source...
>>> Unpacking cabextract-1.9.1.tar.gz to /tmp/portage/app-arch/cabextract-1.9.1/work
>>> Source unpacked in /tmp/portage/app-arch/cabextract-1.9.1/work
>>> Preparing source in /tmp/portage/app-arch/cabextract-1.9.1/work/cabextract-1.9.1 ...
 * Running eautoreconf in '/tmp/portage/app-arch/cabextract-1.9.1/work/cabextract-1.9.1' ...
 * Running aclocal ...
 [ ok ]
 * Running autoconf --force ...
 [ ok ]
 * Running autoheader ...
 [ ok ]
 * Running automake --add-missing --copy --force-missing ...
 [ ok ]
 * Running elibtoolize in: cabextract-1.9.1/
>>> Source prepared.
>>> Configuring source in /tmp/portage/app-arch/cabextract-1.9.1/work/cabextract-1.9.1 ...
 * econf: updating cabextract-1.9.1/config.guess with /usr/share/gnuconfig/config.guess
 * econf: updating cabextract-1.9.1/config.sub with /usr/share/gnuconfig/config.sub
./configure --prefix=/usr --build=x86_64-pc-linux-gnu --host=x86_64-pc-linux-gnu --mandir=/usr/share/man --infodir=/usr/share/info --datadir=/usr/share --sysconfdir=/etc --localstatedir=/var/lib --disable-dependency-tracking --disable-silent-rules --docdir=/usr/share/doc/cabextract-1.9.1 --htmldir=/usr/share/doc/cabextract-1.9.1/html --libdir=/usr/lib64 --with-external-libmspack=yes
checking for a BSD-compatible install... /tmp/portage/._portage_reinstall_.fkxx96qe/bin/ebuild-helpers/xattr/install -c
checking whether build environment is sane... yes
checking for a thread-safe mkdir -p... /bin/mkdir -p
checking for gawk... gawk
checking whether make sets $(MAKE)... yes
checking whether make supports nested variables... yes
checking for x86_64-pc-linux-gnu-gcc... x86_64-pc-linux-gnu-gcc
checking whether the C compiler works... yes
checking for C compiler default output file name... a.out
checking for suffix of executables... 
checking whether we are cross compiling... no
checking for suffix of object files... o
checking whether we are using the GNU C compiler... yes
checking whether x86_64-pc-linux-gnu-gcc accepts -g... yes
checking for x86_64-pc-linux-gnu-gcc option to accept ISO C89... none needed
checking whether x86_64-pc-linux-gnu-gcc understands -c and -o together... yes
checking whether make supports the include directive... yes (GNU style)
checking dependency style of x86_64-pc-linux-gnu-gcc... none
checking for x86_64-pc-linux-gnu-ar... x86_64-pc-linux-gnu-ar
checking the archiver (x86_64-pc-linux-gnu-ar) interface... ar
checking for x86_64-pc-linux-gnu-ranlib... x86_64-pc-linux-gnu-ranlib
checking how to run the C preprocessor... x86_64-pc-linux-gnu-gcc -E
checking for grep that handles long lines and -e... /bin/grep
checking for egrep... /bin/grep -E
checking for ANSI C header files... yes
checking for sys/types.h... yes
checking for sys/stat.h... yes
checking for stdlib.h... yes
checking for string.h... yes
checking for memory.h... yes
checking for strings.h... yes
checking for inttypes.h... yes
checking for stdint.h... yes
checking for unistd.h... yes
checking getopt.h usability... yes
checking getopt.h presence... yes
checking for getopt.h... yes
checking for inttypes.h... (cached) yes
checking for strings.h... (cached) yes
checking for an ANSI C-conforming const... yes
checking for inline... inline
checking whether byte ordering is bigendian... no
checking for mode_t... yes
checking for off_t... yes
checking for size_t... yes
checking size of off_t... 8
checking for special C compiler options needed for large files... no
checking for _FILE_OFFSET_BITS value needed for large files... no
checking for working POSIX fnmatch... yes
checking for _LARGEFILE_SOURCE value needed for large files... no
checking for mkdir... yes
checking for _mkdir... no
checking whether mkdir takes one argument... no
checking for towlower... yes
checking for umask... yes
checking for utime... yes
checking for utimes... yes
checking for getopt_long... yes
checking for working alloca.h... yes
checking for alloca... yes
checking for mbstate_t... yes
checking for working POSIX fnmatch... (cached) yes
checking build system type... x86_64-pc-linux-gnu
checking host system type... x86_64-pc-linux-gnu
checking for ld used by x86_64-pc-linux-gnu-gcc... /usr/x86_64-pc-linux-gnu/bin/ld
checking if the linker (/usr/x86_64-pc-linux-gnu/bin/ld) is GNU ld... yes
checking for shared library run path origin... done
checking 32-bit host C ABI... no
checking for the common suffixes of directories in the library search path... lib64,lib64
checking for iconv... yes
checking for working iconv... yes
checking for iconv declaration... 
         extern size_t iconv (iconv_t cd, char * *inbuf, size_t *inbytesleft, char * *outbuf, size_t *outbytesleft);
checking for x86_64-pc-linux-gnu-pkg-config... /usr/bin/x86_64-pc-linux-gnu-pkg-config
checking pkg-config is at least version 0.9.0... yes
checking for libmspack >= 0.8alpha... yes
checking mspack.h usability... yes
checking mspack.h presence... yes
checking for mspack.h... yes
checking for mspack_create_cab_decompressor in -lmspack... yes
checking that generated files are newer than configure... done
configure: creating ./config.status
config.status: creating Makefile
config.status: creating cabextract.spec
config.status: creating test/testcase
config.status: creating config.h
config.status: executing depfiles commands
>>> Source configured.
>>> Compiling source in /tmp/portage/app-arch/cabextract-1.9.1/work/cabextract-1.9.1 ...
make -j12 -l12 AR=x86_64-pc-linux-gnu-ar 
(CDPATH="${ZSH_VERSION+.}:" && cd . && /bin/sh /tmp/portage/app-arch/cabextract-1.9.1/work/cabextract-1.9.1/missing autoheader)
rm -f stamp-h1
touch config.h.in
cd . && /bin/sh ./config.status config.h
config.status: creating config.h
config.status: config.h is unchanged
make  all-am
make[1]: Entering directory '/tmp/portage/app-arch/cabextract-1.9.1/work/cabextract-1.9.1'
x86_64-pc-linux-gnu-gcc -DHAVE_CONFIG_H -I.     -march=znver2 -pipe -g0 -O3 -fgraphite-identity -floop-nest-optimize -fdevirtualize-at-ltrans -fipa-pta -fno-semantic-interposition -flto=12 -fno-plt -fno-signed-zeros -fno-trapping-math -fassociative-math -freciprocal-math -fno-math-errno -ffinite-math-only -fno-rounding-math -fno-signaling-nans -fcx-limited-range -fexcess-precision=fast -falign-functions=32 -fno-stack-protector -fno-stack-clash-protection -fstack-check=no -fno-stack-check -fuse-linker-plugin -Wl,-O4 -Wl,--as-needed -Wl,-lpthread -Wl,-lgomp -Wl,-z,norelro -Wl,-z,now -Wl,--sort-common -s -c -o md5.o md5.c
x86_64-pc-linux-gnu-gcc -DHAVE_CONFIG_H -I.     -march=znver2 -pipe -g0 -O3 -fgraphite-identity -floop-nest-optimize -fdevirtualize-at-ltrans -fipa-pta -fno-semantic-interposition -flto=12 -fno-plt -fno-signed-zeros -fno-trapping-math -fassociative-math -freciprocal-math -fno-math-errno -ffinite-math-only -fno-rounding-math -fno-signaling-nans -fcx-limited-range -fexcess-precision=fast -falign-functions=32 -fno-stack-protector -fno-stack-clash-protection -fstack-check=no -fno-stack-check -fuse-linker-plugin -Wl,-O4 -Wl,--as-needed -Wl,-lpthread -Wl,-lgomp -Wl,-z,norelro -Wl,-z,now -Wl,--sort-common -s -c -o src/cabextract.o src/cabextract.c
x86_64-pc-linux-gnu-gcc -DHAVE_CONFIG_H -I.     -march=znver2 -pipe -g0 -O3 -fgraphite-identity -floop-nest-optimize -fdevirtualize-at-ltrans -fipa-pta -fno-semantic-interposition -flto=12 -fno-plt -fno-signed-zeros -fno-trapping-math -fassociative-math -freciprocal-math -fno-math-errno -ffinite-math-only -fno-rounding-math -fno-signaling-nans -fcx-limited-range -fexcess-precision=fast -falign-functions=32 -fno-stack-protector -fno-stack-clash-protection -fstack-check=no -fno-stack-check -fuse-linker-plugin -Wl,-O4 -Wl,--as-needed -Wl,-lpthread -Wl,-lgomp -Wl,-z,norelro -Wl,-z,now -Wl,--sort-common -s -c -o src/cabinfo.o src/cabinfo.c
x86_64-pc-linux-gnu-gcc  -march=znver2 -pipe -g0 -O3 -fgraphite-identity -floop-nest-optimize -fdevirtualize-at-ltrans -fipa-pta -fno-semantic-interposition -flto=12 -fno-plt -fno-signed-zeros -fno-trapping-math -fassociative-math -freciprocal-math -fno-math-errno -ffinite-math-only -fno-rounding-math -fno-signaling-nans -fcx-limited-range -fexcess-precision=fast -falign-functions=32 -fno-stack-protector -fno-stack-clash-protection -fstack-check=no -fno-stack-check -fuse-linker-plugin -Wl,-O4 -Wl,--as-needed -Wl,-lpthread -Wl,-lgomp -Wl,-z,norelro -Wl,-z,now -Wl,--sort-common -s  -march=znver2 -pipe -g0 -O3 -fgraphite-identity -floop-nest-optimize -fdevirtualize-at-ltrans -fipa-pta -fno-semantic-interposition -flto=12 -fno-plt -fno-signed-zeros -fno-trapping-math -fassociative-math -freciprocal-math -fno-math-errno -ffinite-math-only -fno-rounding-math -fno-signaling-nans -fcx-limited-range -fexcess-precision=fast -falign-functions=32 -fno-stack-protector -fno-stack-clash-protection -fstack-check=no -fno-stack-check -fuse-linker-plugin -Wl,-O4 -Wl,--as-needed -Wl,-lpthread -Wl,-lgomp -Wl,-z,norelro -Wl,-z,now -Wl,--sort-common -s -o src/cabinfo src/cabinfo.o  -lmspack 
x86_64-pc-linux-gnu-gcc  -march=znver2 -pipe -g0 -O3 -fgraphite-identity -floop-nest-optimize -fdevirtualize-at-ltrans -fipa-pta -fno-semantic-interposition -flto=12 -fno-plt -fno-signed-zeros -fno-trapping-math -fassociative-math -freciprocal-math -fno-math-errno -ffinite-math-only -fno-rounding-math -fno-signaling-nans -fcx-limited-range -fexcess-precision=fast -falign-functions=32 -fno-stack-protector -fno-stack-clash-protection -fstack-check=no -fno-stack-check -fuse-linker-plugin -Wl,-O4 -Wl,--as-needed -Wl,-lpthread -Wl,-lgomp -Wl,-z,norelro -Wl,-z,now -Wl,--sort-common -s  -march=znver2 -pipe -g0 -O3 -fgraphite-identity -floop-nest-optimize -fdevirtualize-at-ltrans -fipa-pta -fno-semantic-interposition -flto=12 -fno-plt -fno-signed-zeros -fno-trapping-math -fassociative-math -freciprocal-math -fno-math-errno -ffinite-math-only -fno-rounding-math -fno-signaling-nans -fcx-limited-range -fexcess-precision=fast -falign-functions=32 -fno-stack-protector -fno-stack-clash-protection -fstack-check=no -fno-stack-check -fuse-linker-plugin -Wl,-O4 -Wl,--as-needed -Wl,-lpthread -Wl,-lgomp -Wl,-z,norelro -Wl,-z,now -Wl,--sort-common -s -o cabextract src/cabextract.o md5.o  -lmspack 
make[1]: Leaving directory '/tmp/portage/app-arch/cabextract-1.9.1/work/cabextract-1.9.1'
>>> Source compiled.
>>> Test phase [not enabled]: app-arch/cabextract-1.9.1

>>> Install app-arch/cabextract-1.9.1 into /tmp/portage/app-arch/cabextract-1.9.1/image
make -j12 -l12 DESTDIR=/tmp/portage/app-arch/cabextract-1.9.1/image install 
make[1]: Entering directory '/tmp/portage/app-arch/cabextract-1.9.1/work/cabextract-1.9.1'
 /bin/mkdir -p '/tmp/portage/app-arch/cabextract-1.9.1/image/usr/bin'
 /bin/mkdir -p '/tmp/portage/app-arch/cabextract-1.9.1/image/usr/share/man/man1'
  /tmp/portage/._portage_reinstall_.fkxx96qe/bin/ebuild-helpers/xattr/install -c cabextract '/tmp/portage/app-arch/cabextract-1.9.1/image/usr/bin'
 /tmp/portage/._portage_reinstall_.fkxx96qe/bin/ebuild-helpers/xattr/install -c -m 644 doc/cabextract.1 '/tmp/portage/app-arch/cabextract-1.9.1/image/usr/share/man/man1'
make[1]: Leaving directory '/tmp/portage/app-arch/cabextract-1.9.1/work/cabextract-1.9.1'
>>> Completed installing app-arch/cabextract-1.9.1 into /tmp/portage/app-arch/cabextract-1.9.1/image

 * Final size of build directory: 2844 KiB (2.7 MiB)
 * Final size of installed tree:   156 KiB



 * QA Notice: Pre-stripped files found:
 * /usr/bin/cabextract
./
./usr/
./usr/bin/
./usr/bin/cabextract
./usr/share/
./usr/share/man/
./usr/share/man/man1/
./usr/share/man/man1/cabextract.1.bz2
./usr/share/doc/
./usr/share/doc/cabextract-1.9.1/
./usr/share/doc/cabextract-1.9.1/TODO.bz2
./usr/share/doc/cabextract-1.9.1/README.bz2
./usr/share/doc/cabextract-1.9.1/ChangeLog.bz2
./usr/share/doc/cabextract-1.9.1/AUTHORS.bz2
./usr/share/doc/cabextract-1.9.1/magic.bz2
./usr/share/doc/cabextract-1.9.1/NEWS.bz2
./usr/share/doc/cabextract-1.9.1/html/
./usr/share/doc/cabextract-1.9.1/html/wince_cab_format.html
>>> Done.
 * checking 2 files for package collisions
>>> Merging app-arch/cabextract-1.9.1 to /
 * removing unneeded *.la files
--- /usr/
--- /usr/share/
--- /usr/share/man/
--- /usr/share/man/man1/
>>> /usr/share/man/man1/cabextract.1.bz2
--- /usr/bin/
>>> /usr/bin/cabextract
>>> Safely unmerging already-installed instance...
>>> Original instance of package unmerged safely.
>>> app-arch/cabextract-1.9.1 merged.
