>>> Extracting info
 * Package:    app-crypt/libsecret-0.20.3
 * Repository: gentoo
 * USE:        abi_x86_64 userland_GNU elibc_glibc introspection vala amd64 crypt kernel_linux
 * FEATURES:   ccache network-sandbox preserve-libs sandbox userpriv usersandbox
 * FEATURES='fixlafiles sfperms config-protect-if-modified nodoc parallel-fetch usersync news pid-sandbox unmerge-backup multilib-strict userpriv xattr assume-digests usersandbox downgrade-backup sandbox parallel-install buildpkg unmerge-orphans compress-index binpkg-dostrip distlocks qa-unresolved-soname-deps ipc-sandbox binpkg-multi-instance preserve-libs network-sandbox binpkg-docompress unmerge-logs ccache merge-sync strict unknown-features-warn userfetch binpkg-logs'
 * CFLAGS='-march=native -O3 -fgraphite-identity -floop-nest-optimize -fdevirtualize-at-ltrans -fipa-pta -fno-semantic-interposition -flto=12 -fno-plt -fno-math-errno -fno-trapping-math -fuse-linker-plugin -pipe -g0 -falign-functions=32 -Wl,-O1 -Wl,--as-needed -Wl,--hash-style=gnu,-z,norelro,--as-needed'
 * CXXFLAGS='-march=native -O3 -fgraphite-identity -floop-nest-optimize -fdevirtualize-at-ltrans -fipa-pta -fno-semantic-interposition -flto=12 -fno-plt -fno-math-errno -fno-trapping-math -fuse-linker-plugin -pipe -g0 -falign-functions=32 -Wl,-O1 -Wl,--as-needed -Wl,--hash-style=gnu,-z,norelro,--as-needed'
 * FFLAGS='-march=native -O3 -fgraphite-identity -floop-nest-optimize -fdevirtualize-at-ltrans -fipa-pta -fno-semantic-interposition -flto=12 -fno-plt -fno-math-errno -fno-trapping-math -fuse-linker-plugin -pipe -g0 -falign-functions=32 -Wl,-O1 -Wl,--as-needed -Wl,--hash-style=gnu,-z,norelro,--as-needed'
 * FCFLAGS='-march=native -O3 -fgraphite-identity -floop-nest-optimize -fdevirtualize-at-ltrans -fipa-pta -fno-semantic-interposition -flto=12 -fno-plt -fno-math-errno -fno-trapping-math -fuse-linker-plugin -pipe -g0 -falign-functions=32 -Wl,-O1 -Wl,--as-needed -Wl,--hash-style=gnu,-z,norelro,--as-needed'
 * F77FLAGS='-march=native -O3 -fgraphite-identity -floop-nest-optimize -fdevirtualize-at-ltrans -fipa-pta -fno-semantic-interposition -flto=12 -fno-plt -fno-math-errno -fno-trapping-math -fuse-linker-plugin -pipe -g0 -falign-functions=32 -Wl,-O1 -Wl,--as-needed -Wl,--hash-style=gnu,-z,norelro,--as-needed'
 * LDFLAGS='-Wl,-O1 -Wl,--as-needed -Wl,--hash-style=gnu,-z,norelro,--as-needed -march=native -O3 -fgraphite-identity -floop-nest-optimize -fdevirtualize-at-ltrans -fipa-pta -fno-semantic-interposition -flto=12 -fno-plt -fno-math-errno -fno-trapping-math -fuse-linker-plugin -pipe -g0 -falign-functions=32'
 * MAKEOPTS='-j12 -l12'
 * gcc () 11.0.0 20200526 (experimental)
 * g++ () 11.0.0 20200526 (experimental)
 * GNU ld (Gentoo 2.34 p4) 2.34.0
 * Linux ryzen.gnum.org 5.4.36 #1 SMP Thu Apr 30 04:38:28 UTC 2020 x86_64 AMD Ryzen 5 3600 6-Core Processor AuthenticAMD GNU/Linux
app-crypt/libsecret: 14 seconds average for 5 merges
2020-05-20T02:19:51 >>> app-crypt/libsecret: 4 seconds
2020-05-21T06:31:18 >>> app-crypt/libsecret: 5 seconds
2020-05-26T01:28:47 >>> app-crypt/libsecret: 29 seconds
2020-05-27T02:28:16 >>> app-crypt/libsecret: 6 seconds
2020-05-28T07:59:27 >>> app-crypt/libsecret: 26 seconds
]0;emerge 03:20:32 42|165 libsecret 00:20 (root@ryzen.gnum.org)kemerge 03:20:32 42|165 libsecret 00:20 (root@ryzen.gnum.org)\>>> Extracting app-crypt/libsecret-0.20.3
 * checking 86 files for package collisions
[32;01m * [39;49;00mBuilding package for app-crypt/libsecret-0.20.3 ...                   [34;01m[ [39;49;00m[32;01mok[39;49;00m[34;01m ][39;49;00m
[32;01m * [39;49;00mPackages now in '/usr/portage/packages':
[32;01m * [39;49;00mapp-crypt/libsecret-0.20.3: 260K

>>> Merging app-crypt/libsecret-0.20.3 to /
 * removing unneeded *.la files
--- /usr/
--- /usr/lib64/
--- /usr/lib64/pkgconfig/
>>> /usr/lib64/pkgconfig/libsecret-1.pc
>>> /usr/lib64/pkgconfig/libsecret-unstable.pc
>>> /usr/lib64/libsecret-1.so.0 -> libsecret-1.so.0.0.0
--- /usr/lib64/girepository-1.0/
>>> /usr/lib64/girepository-1.0/Secret-1.typelib
>>> /usr/lib64/libsecret-1.so.0.0.0
>>> /usr/lib64/libsecret-1.so -> libsecret-1.so.0.0.0
--- /usr/share/
--- /usr/share/man/
--- /usr/share/man/man1/
>>> /usr/share/man/man1/secret-tool.1.bz2
--- /usr/share/gir-1.0/
>>> /usr/share/gir-1.0/Secret-1.gir
--- /usr/share/gtk-doc/
--- /usr/share/gtk-doc/html/
--- /usr/share/gtk-doc/html/libsecret-1/
>>> /usr/share/gtk-doc/html/libsecret-1/migrating-keyrings.html
>>> /usr/share/gtk-doc/html/libsecret-1/right.png
>>> /usr/share/gtk-doc/html/libsecret-1/py-store-example.html
>>> /usr/share/gtk-doc/html/libsecret-1/simple.html
>>> /usr/share/gtk-doc/html/libsecret-1/using.html
>>> /usr/share/gtk-doc/html/libsecret-1/examples.html
>>> /usr/share/gtk-doc/html/libsecret-1/js-lookup-example.html
>>> /usr/share/gtk-doc/html/libsecret-1/using-python.html
>>> /usr/share/gtk-doc/html/libsecret-1/js-store-example.html
>>> /usr/share/gtk-doc/html/libsecret-1/c-store-example.html
>>> /usr/share/gtk-doc/html/libsecret-1/c-lookup-example.html
>>> /usr/share/gtk-doc/html/libsecret-1/index.html
>>> /usr/share/gtk-doc/html/libsecret-1/up-insensitive.png
>>> /usr/share/gtk-doc/html/libsecret-1/migrating-items.html
>>> /usr/share/gtk-doc/html/libsecret-1/py-remove-example.html
>>> /usr/share/gtk-doc/html/libsecret-1/migrating-api.html
>>> /usr/share/gtk-doc/html/libsecret-1/vala-examples.html
>>> /usr/share/gtk-doc/html/libsecret-1/migrating-misc.html
>>> /usr/share/gtk-doc/html/libsecret-1/py-examples.html
>>> /usr/share/gtk-doc/html/libsecret-1/js-examples.html
>>> /usr/share/gtk-doc/html/libsecret-1/complete.html
>>> /usr/share/gtk-doc/html/libsecret-1/libsecret-1.devhelp2
>>> /usr/share/gtk-doc/html/libsecret-1/migrating-locking.html
>>> /usr/share/gtk-doc/html/libsecret-1/right-insensitive.png
>>> /usr/share/gtk-doc/html/libsecret-1/c-remove-example.html
>>> /usr/share/gtk-doc/html/libsecret-1/migrating-searching.html
>>> /usr/share/gtk-doc/html/libsecret-1/libsecret-Secret-Attributes.html
>>> /usr/share/gtk-doc/html/libsecret-1/libsecret-DBus-Path-Related-Functions.html
>>> /usr/share/gtk-doc/html/libsecret-1/c-examples.html
>>> /usr/share/gtk-doc/html/libsecret-1/migrating-removing.html
>>> /usr/share/gtk-doc/html/libsecret-1/libsecret-Version-Information.html
>>> /usr/share/gtk-doc/html/libsecret-1/vala-store-example.html
>>> /usr/share/gtk-doc/html/libsecret-1/left-insensitive.png
>>> /usr/share/gtk-doc/html/libsecret-1/left.png
>>> /usr/share/gtk-doc/html/libsecret-1/libsecret-Password-storage.html
>>> /usr/share/gtk-doc/html/libsecret-1/style.css
>>> /usr/share/gtk-doc/html/libsecret-1/SecretService.html
>>> /usr/share/gtk-doc/html/libsecret-1/using-c.html
>>> /usr/share/gtk-doc/html/libsecret-1/migrating-storing.html
>>> /usr/share/gtk-doc/html/libsecret-1/migrating-schemas.html
>>> /usr/share/gtk-doc/html/libsecret-1/up.png
>>> /usr/share/gtk-doc/html/libsecret-1/libsecret-SecretSchema.html
>>> /usr/share/gtk-doc/html/libsecret-1/migrating.html
>>> /usr/share/gtk-doc/html/libsecret-1/using-vala.html
>>> /usr/share/gtk-doc/html/libsecret-1/vala-remove-example.html
>>> /usr/share/gtk-doc/html/libsecret-1/migrating-memory.html
>>> /usr/share/gtk-doc/html/libsecret-1/using-js.html
>>> /usr/share/gtk-doc/html/libsecret-1/SecretValue.html
>>> /usr/share/gtk-doc/html/libsecret-1/home.png
>>> /usr/share/gtk-doc/html/libsecret-1/vala-lookup-example.html
>>> /usr/share/gtk-doc/html/libsecret-1/SecretCollection.html
>>> /usr/share/gtk-doc/html/libsecret-1/SecretRetrievable.html
>>> /usr/share/gtk-doc/html/libsecret-1/migrating-introduction.html
>>> /usr/share/gtk-doc/html/libsecret-1/annotation-glossary.html
>>> /usr/share/gtk-doc/html/libsecret-1/libsecret-SecretError.html
>>> /usr/share/gtk-doc/html/libsecret-1/SecretPrompt.html
>>> /usr/share/gtk-doc/html/libsecret-1/SecretItem.html
>>> /usr/share/gtk-doc/html/libsecret-1/js-remove-example.html
>>> /usr/share/gtk-doc/html/libsecret-1/py-lookup-example.html
--- /usr/share/vala/
--- /usr/share/vala/vapi/
>>> /usr/share/vala/vapi/libsecret-1.deps
>>> /usr/share/vala/vapi/libsecret-1.vapi
--- /usr/include/
--- /usr/include/libsecret-1/
--- /usr/include/libsecret-1/libsecret/
>>> /usr/include/libsecret-1/libsecret/secret-collection.h
>>> /usr/include/libsecret-1/libsecret/secret-prompt.h
>>> /usr/include/libsecret-1/libsecret/secret-schema.h
>>> /usr/include/libsecret-1/libsecret/secret-attributes.h
>>> /usr/include/libsecret-1/libsecret/secret-retrievable.h
>>> /usr/include/libsecret-1/libsecret/secret-enum-types.h
>>> /usr/include/libsecret-1/libsecret/secret-item.h
>>> /usr/include/libsecret-1/libsecret/secret-version.h
>>> /usr/include/libsecret-1/libsecret/secret-schemas.h
>>> /usr/include/libsecret-1/libsecret/secret-backend.h
>>> /usr/include/libsecret-1/libsecret/secret.h
>>> /usr/include/libsecret-1/libsecret/secret-paths.h
>>> /usr/include/libsecret-1/libsecret/secret-types.h
>>> /usr/include/libsecret-1/libsecret/secret-service.h
>>> /usr/include/libsecret-1/libsecret/secret-password.h
>>> /usr/include/libsecret-1/libsecret/secret-value.h
--- /usr/bin/
>>> /usr/bin/secret-tool
>>> Safely unmerging already-installed instance...
>>> Original instance of package unmerged safely.
>>> app-crypt/libsecret-0.20.3 merged.
>>> Regenerating /etc/ld.so.cache...
