 * Package:    app-eselect/eselect-notify-send-0.1
 * Repository: gentoo
 * Maintainer: freedesktop-bugs@gentoo.org
 * USE:        abi_x86_64 amd64 elibc_glibc kernel_linux userland_GNU
 * FEATURES:   ccache network-sandbox preserve-libs userpriv
 * /etc/portage/package.cflags/ltoworkarounds.conf -> */*: *FLAGS+=-Wl,-O4 *FLAGS-=-Wl,-O1
 * FEATURES='assume-digests binpkg-docompress binpkg-dostrip binpkg-logs buildpkg ccache cgroup compress-index config-protect-if-modified distlocks ebuild-locks fixlafiles merge-sync multilib-strict network-sandbox news nodoc parallel-fetch preserve-libs qa-unresolved-soname-deps sfperms strict strict-keepdir unknown-features-warn unmerge-logs unmerge-orphans userfetch userpriv usersync xattr'
 * CFLAGS='-O2 -pipe -Wl,-O4 -Wl,-O4,--sort-common,--as-needed,-z,norelro,-z,now'
 * CXXFLAGS='-O2 -pipe -Wl,-O4 -Wl,-O4,--sort-common,--as-needed,-z,norelro,-z,now'
 * FFLAGS='-O2 -pipe -Wl,-O4 -Wl,-O4,--sort-common,--as-needed,-z,norelro,-z,now'
 * FCFLAGS='-O2 -pipe -Wl,-O4 -Wl,-O4,--sort-common,--as-needed,-z,norelro,-z,now'
 * F77FLAGS='-O2 -pipe -Wl,-O4 -Wl,-O4,--sort-common,--as-needed,-z,norelro,-z,now'
 * LDFLAGS='-Wl,-O4,--sort-common,--as-needed,-z,norelro,-z,now'
 * MAKEOPTS='-j12 -l12'
 * gcc (Gentoo 11.0.0_pre9999 p1, commit 184c21bf1cd04a108ed9bd04635e7d57ac39f616) 11.0.0 20200611 (experimental)
 * g++ (Gentoo 11.0.0_pre9999 p1, commit 184c21bf1cd04a108ed9bd04635e7d57ac39f616) 11.0.0 20200611 (experimental)
 * GNU ld (Gentoo 2.34 p4) 2.34.0
 * Linux rescue 5.4.36 #1 SMP Thu Apr 30 04:38:28 UTC 2020 x86_64 AMD Ryzen 5 3600 6-Core Processor AuthenticAMD GNU/Linux
app-eselect/eselect-notify-send: 10 seconds average for 7 merges
2020-05-20T01:38:09 >>> app-eselect/eselect-notify-send: 3 seconds
2020-05-23T11:31:09 >>> app-eselect/eselect-notify-send: 9 seconds
2020-05-25T18:42:54 >>> app-eselect/eselect-notify-send: 10 seconds
2020-05-27T03:32:40 >>> app-eselect/eselect-notify-send: 11 seconds
2020-05-28T14:40:53 >>> app-eselect/eselect-notify-send: 11 seconds
2020-05-30T12:57:21 >>> app-eselect/eselect-notify-send: 17 seconds
2020-06-01T02:10:47 >>> app-eselect/eselect-notify-send: 11 seconds
]0;emerge 03:33:59 188|907 eselect-notify-send 00:13 (root@rescue)kemerge 03:33:59 188|907 eselect-notify-send 00:13 (root@rescue)\>>> Unpacking source...
>>> Source unpacked in /tmp/portage/app-eselect/eselect-notify-send-0.1/work
>>> Preparing source in /tmp/portage/app-eselect/eselect-notify-send-0.1/files ...
>>> Source prepared.
>>> Configuring source in /tmp/portage/app-eselect/eselect-notify-send-0.1/files ...
>>> Source configured.
>>> Compiling source in /tmp/portage/app-eselect/eselect-notify-send-0.1/files ...
>>> Source compiled.
>>> Test phase [not enabled]: app-eselect/eselect-notify-send-0.1

>>> Install app-eselect/eselect-notify-send-0.1 into /tmp/portage/app-eselect/eselect-notify-send-0.1/image/
>>> Completed installing app-eselect/eselect-notify-send-0.1 into /tmp/portage/app-eselect/eselect-notify-send-0.1/image/

 * Final size of build directory:  4 KiB
 * Final size of installed tree:  24 KiB

./
./usr/
./usr/share/
./usr/share/eselect/
./usr/share/eselect/modules/
./usr/share/eselect/modules/notify-send.eselect
>>> Done.
 * checking 1 files for package collisions
>>> Merging app-eselect/eselect-notify-send-0.1 to /
 * removing unneeded *.la files
--- /usr/
--- /usr/share/
--- /usr/share/eselect/
--- /usr/share/eselect/modules/
>>> /usr/share/eselect/modules/notify-send.eselect
>>> Safely unmerging already-installed instance...
>>> Original instance of package unmerged safely.
>>> app-eselect/eselect-notify-send-0.1 merged.
