No package files given... Grabbing a set.
<<<          obj /usr/share/gtk-doc/html/gtkspell3/up.png
<<<          obj /usr/share/gtk-doc/html/gtkspell3/up-insensitive.png
<<<          obj /usr/share/gtk-doc/html/gtkspell3/tutorial-lang.html
<<<          obj /usr/share/gtk-doc/html/gtkspell3/tutorial-building.html
<<<          obj /usr/share/gtk-doc/html/gtkspell3/tutorial-bindings.html
<<<          obj /usr/share/gtk-doc/html/gtkspell3/tutorial-advanced.html
<<<          obj /usr/share/gtk-doc/html/gtkspell3/style.css
<<<          obj /usr/share/gtk-doc/html/gtkspell3/right.png
<<<          obj /usr/share/gtk-doc/html/gtkspell3/right-insensitive.png
<<<          obj /usr/share/gtk-doc/html/gtkspell3/object-tree.html
<<<          obj /usr/share/gtk-doc/html/gtkspell3/left.png
<<<          obj /usr/share/gtk-doc/html/gtkspell3/left-insensitive.png
<<<          obj /usr/share/gtk-doc/html/gtkspell3/index.html
<<<          obj /usr/share/gtk-doc/html/gtkspell3/home.png
<<<          obj /usr/share/gtk-doc/html/gtkspell3/gtkspell3.devhelp2
<<<          obj /usr/share/gtk-doc/html/gtkspell3/gtkspell3-gtkspell.html
<<<          obj /usr/share/gtk-doc/html/gtkspell3/chapter-tutorial.html
<<<          obj /usr/share/gtk-doc/html/gtkspell3/ch02.html
<<<          obj /usr/share/gtk-doc/html/gtkspell3/api-index-full.html
<<<          obj /usr/share/gtk-doc/html/gtkspell3/annotation-glossary.html
<<<          obj /usr/share/gir-1.0/GtkSpell-3.0.gir
<<<          obj /usr/lib64/pkgconfig/gtkspell3-3.0.pc
<<<          obj /usr/lib64/libgtkspell3-3.so.0.2.0
<<<          sym /usr/lib64/libgtkspell3-3.so.0
<<<          sym /usr/lib64/libgtkspell3-3.so
<<<          obj /usr/lib64/girepository-1.0/GtkSpell-3.0.typelib
<<<          obj /usr/include/gtkspell-3.0/gtkspell/gtkspell.h
<<<          dir /usr/share/gtk-doc/html/gtkspell3
--- !empty   dir /usr/share/gtk-doc/html
--- !empty   dir /usr/share/gtk-doc
--- !empty   dir /usr/share/gir-1.0
--- !empty   dir /usr/share
--- !empty   dir /usr/lib64/pkgconfig
--- !empty   dir /usr/lib64/girepository-1.0
--- !empty   dir /usr/lib64
<<<          dir /usr/include/gtkspell-3.0/gtkspell
<<<          dir /usr/include/gtkspell-3.0
--- !empty   dir /usr/include
--- !empty   dir /usr
>>> Regenerating /etc/ld.so.cache...
