>>> Extracting info
 * Package:    app-eselect/eselect-wxwidgets-20180529
 * Repository: gentoo
 * USE:        amd64 abi_x86_64 kernel_linux userland_GNU elibc_glibc
 * FEATURES:   ccache network-sandbox preserve-libs sandbox userpriv usersandbox
 * FEATURES='assume-digests binpkg-docompress binpkg-dostrip binpkg-logs binpkg-multi-instance buildpkg ccache cgroup compress-index config-protect-if-modified distlocks downgrade-backup fixlafiles ipc-sandbox merge-sync multilib-strict network-sandbox news nodoc parallel-fetch parallel-install pid-sandbox preserve-libs qa-unresolved-soname-deps sandbox sfperms strict unknown-features-warn unmerge-backup unmerge-logs unmerge-orphans userfetch userpriv usersandbox usersync xattr'
 * CFLAGS='-march=native -O3 -fdevirtualize-at-ltrans -fipa-pta -fno-semantic-interposition -fno-signed-zeros -fno-trapping-math -fassociative-math -freciprocal-math -fno-math-errno -ffinite-math-only -fno-rounding-math -fno-signaling-nans -fcx-limited-range -fexcess-precision=fast -fno-plt -fno-common -pipe -g0 -fno-stack-protector -fno-stack-clash-protection -fstack-check=no -fno-stack-check -Wl,-O4,--hash-style=gnu,--sort-common,--as-needed,-z,relro,-z,now,-lgomp,-lpthread'
 * CXXFLAGS='-march=native -O3 -fdevirtualize-at-ltrans -fipa-pta -fno-semantic-interposition -fno-signed-zeros -fno-trapping-math -fassociative-math -freciprocal-math -fno-math-errno -ffinite-math-only -fno-rounding-math -fno-signaling-nans -fcx-limited-range -fexcess-precision=fast -fno-plt -fno-common -pipe -g0 -fno-stack-protector -fno-stack-clash-protection -fstack-check=no -fno-stack-check -Wl,-O4,--hash-style=gnu,--sort-common,--as-needed,-z,relro,-z,now,-lgomp,-lpthread'
 * FFLAGS='-march=native -O3 -fdevirtualize-at-ltrans -fipa-pta -fno-semantic-interposition -fno-signed-zeros -fno-trapping-math -fassociative-math -freciprocal-math -fno-math-errno -ffinite-math-only -fno-rounding-math -fno-signaling-nans -fcx-limited-range -fexcess-precision=fast -fno-plt -fno-common -pipe -g0 -fno-stack-protector -fno-stack-clash-protection -fstack-check=no -fno-stack-check -Wl,-O4,--hash-style=gnu,--sort-common,--as-needed,-z,relro,-z,now,-lgomp,-lpthread'
 * FCFLAGS='-march=native -O3 -fdevirtualize-at-ltrans -fipa-pta -fno-semantic-interposition -fno-signed-zeros -fno-trapping-math -fassociative-math -freciprocal-math -fno-math-errno -ffinite-math-only -fno-rounding-math -fno-signaling-nans -fcx-limited-range -fexcess-precision=fast -fno-plt -fno-common -pipe -g0 -fno-stack-protector -fno-stack-clash-protection -fstack-check=no -fno-stack-check -Wl,-O4,--hash-style=gnu,--sort-common,--as-needed,-z,relro,-z,now,-lgomp,-lpthread'
 * F77FLAGS='-march=native -O3 -fdevirtualize-at-ltrans -fipa-pta -fno-semantic-interposition -fno-signed-zeros -fno-trapping-math -fassociative-math -freciprocal-math -fno-math-errno -ffinite-math-only -fno-rounding-math -fno-signaling-nans -fcx-limited-range -fexcess-precision=fast -fno-plt -fno-common -pipe -g0 -fno-stack-protector -fno-stack-clash-protection -fstack-check=no -fno-stack-check -Wl,-O4,--hash-style=gnu,--sort-common,--as-needed,-z,relro,-z,now,-lgomp,-lpthread'
 * LDFLAGS='-Wl,-O4,--hash-style=gnu,--sort-common,--as-needed,-z,relro,-z,now,-lgomp,-lpthread'
 * MAKEOPTS='-j12'
 * gcc (Gentoo 10.1.0 p1) 10.1.0
 * g++ (Gentoo 10.1.0 p1) 10.1.0
 * GNU ld (Gentoo 2.34 p1) 2.34.0
 * Linux ryzen.gnum.org 5.4.36 #1 SMP Thu Apr 30 04:38:28 UTC 2020 x86_64 AMD Ryzen 5 3600 6-Core Processor AuthenticAMD GNU/Linux
]0;emerge 01:37:56 97|371 eselect-wxwidgets (root@ryzen.gnum.org)>>> Extracting app-eselect/eselect-wxwidgets-20180529
 * checking 6 files for package collisions
>>> Merging app-eselect/eselect-wxwidgets-20180529 to /
 * removing unneeded *.la files
--- /var/
--- /var/lib/
>>> /var/lib/wxwidgets/
>>> /var/lib/wxwidgets/.keep_app-eselect_eselect-wxwidgets-0
--- /usr/
--- /usr/share/
--- /usr/share/aclocal/
>>> /usr/share/aclocal/wxwin.m4
--- /usr/share/eselect/
--- /usr/share/eselect/modules/
>>> /usr/share/eselect/modules/wxwidgets.eselect
>>> /usr/share/bakefile/
>>> /usr/share/bakefile/presets/
>>> /usr/share/bakefile/presets/.keep_app-eselect_eselect-wxwidgets-0
--- /usr/bin/
>>> /usr/bin/wxrc
>>> /usr/bin/wx-config
 * This eselect module only controls the version of wxGTK used when
 * building packages outside of portage.  If you are not doing development
 * with wxWidgets or bakefile you will never need to use it.
>>> app-eselect/eselect-wxwidgets-20180529 merged.
>>> Regenerating /etc/ld.so.cache...
