 * Package:    app-shells/rust-zshcomp-9999
 * Repository: rust
 * Maintainer: jauhien@gentoo.org
 * USE:        abi_x86_64 amd64 elibc_glibc kernel_linux userland_GNU
 * FEATURES:   network-sandbox preserve-libs sandbox userpriv usersandbox
 * FEATURES='assume-digests binpkg-docompress binpkg-dostrip binpkg-logs buildpkg cgroup compress-index config-protect-if-modified distlocks ebuild-locks fixlafiles ipc-sandbox merge-sync multilib-strict network-sandbox news nodoc parallel-fetch pid-sandbox preserve-libs qa-unresolved-soname-deps sandbox sfperms strict strict-keepdir unknown-features-warn unmerge-logs unmerge-orphans userfetch userpriv usersandbox usersync xattr'
 * CFLAGS='-march=znver2 -Ofast -pipe -g0 -fno-common -fgraphite-identity -floop-interchange -floop-nest-optimize -floop-parallelize-all -ftree-parallelize-loops=12 -ftree-vectorize -fdevirtualize-at-ltrans -fipa-pta -fno-semantic-interposition -flto=12 -fno-plt -falign-functions=32 -fno-stack-protector -fno-stack-clash-protection -fstack-check=no -fno-stack-check -fuse-linker-plugin -Wl,-O1,--sort-common,--as-needed,-z,norelro,-z,now,-lgomp,-lpthread'
 * CXXFLAGS='-march=znver2 -Ofast -pipe -g0 -fno-common -fgraphite-identity -floop-interchange -floop-nest-optimize -floop-parallelize-all -ftree-parallelize-loops=12 -ftree-vectorize -fdevirtualize-at-ltrans -fipa-pta -fno-semantic-interposition -flto=12 -fno-plt -falign-functions=32 -fno-stack-protector -fno-stack-clash-protection -fstack-check=no -fno-stack-check -fuse-linker-plugin -Wl,-O1,--sort-common,--as-needed,-z,norelro,-z,now,-lgomp,-lpthread'
 * FFLAGS='-march=znver2 -Ofast -pipe -g0 -fno-common -fgraphite-identity -floop-interchange -floop-nest-optimize -floop-parallelize-all -ftree-parallelize-loops=12 -ftree-vectorize -fdevirtualize-at-ltrans -fipa-pta -fno-semantic-interposition -flto=12 -fno-plt -falign-functions=32 -fno-stack-protector -fno-stack-clash-protection -fstack-check=no -fno-stack-check -fuse-linker-plugin -Wl,-O1,--sort-common,--as-needed,-z,norelro,-z,now,-lgomp,-lpthread'
 * FCFLAGS='-march=znver2 -Ofast -pipe -g0 -fno-common -fgraphite-identity -floop-interchange -floop-nest-optimize -floop-parallelize-all -ftree-parallelize-loops=12 -ftree-vectorize -fdevirtualize-at-ltrans -fipa-pta -fno-semantic-interposition -flto=12 -fno-plt -falign-functions=32 -fno-stack-protector -fno-stack-clash-protection -fstack-check=no -fno-stack-check -fuse-linker-plugin -Wl,-O1,--sort-common,--as-needed,-z,norelro,-z,now,-lgomp,-lpthread'
 * F77FLAGS='-march=znver2 -Ofast -pipe -g0 -fno-common -fgraphite-identity -floop-interchange -floop-nest-optimize -floop-parallelize-all -ftree-parallelize-loops=12 -ftree-vectorize -fdevirtualize-at-ltrans -fipa-pta -fno-semantic-interposition -flto=12 -fno-plt -falign-functions=32 -fno-stack-protector -fno-stack-clash-protection -fstack-check=no -fno-stack-check -fuse-linker-plugin -Wl,-O1,--sort-common,--as-needed,-z,norelro,-z,now,-lgomp,-lpthread'
 * LDFLAGS='-Wl,-O1,--sort-common,--as-needed,-z,norelro,-z,now,-lgomp,-lpthread -march=znver2 -Ofast -pipe -g0 -fno-common -fgraphite-identity -floop-interchange -floop-nest-optimize -floop-parallelize-all -ftree-parallelize-loops=12 -ftree-vectorize -fdevirtualize-at-ltrans -fipa-pta -fno-semantic-interposition -flto=12 -fno-plt -falign-functions=32 -fno-stack-protector -fno-stack-clash-protection -fstack-check=no -fno-stack-check -fuse-linker-plugin'
 * MAKEOPTS='-j12 -l12'
 * gcc () 11.0.0 20200616 (experimental)
 * g++ () 11.0.0 20200616 (experimental)
 * GNU ld (Gentoo 2.34 p4) 2.34.0
 * Linux rescue 5.4.36 #1 SMP Thu Apr 30 04:38:28 UTC 2020 x86_64 AMD Ryzen 5 3600 6-Core Processor AuthenticAMD GNU/Linux
app-shells/rust-zshcomp: 20 seconds average for 5 merges
2020-05-20T03:31:22 >>> app-shells/rust-zshcomp: 11 seconds
2020-05-30T23:45:06 >>> app-shells/rust-zshcomp: 29 seconds
2020-06-01T08:24:51 >>> app-shells/rust-zshcomp: 21 seconds
2020-06-13T21:01:38 >>> app-shells/rust-zshcomp: 10 seconds
2020-06-16T17:59:48 >>> app-shells/rust-zshcomp: 30 seconds
]0;emerge 16:55:15 21|194 rust-zshcomp 00:20 (root@rescue)>>> Unpacking source...
 * Repository id: rust-lang_zsh-config.git
 * Fetching https://github.com/rust-lang/zsh-config ...
git fetch https://github.com/rust-lang/zsh-config +HEAD:refs/git-r3/HEAD
git symbolic-ref refs/git-r3/app-shells/rust-zshcomp/0/__main__ refs/git-r3/HEAD
 * Checking out https://github.com/rust-lang/zsh-config to /tmp/portage/app-shells/rust-zshcomp-9999/work/rust-zshcomp-9999 ...
git checkout --quiet refs/git-r3/HEAD
GIT update -->
   repository:               https://github.com/rust-lang/zsh-config
   at the commit:            ce5e448f386b70a2309808c28f4444d9e2e79dc4
>>> Source unpacked in /tmp/portage/app-shells/rust-zshcomp-9999/work
>>> Preparing source in /tmp/portage/app-shells/rust-zshcomp-9999/work/rust-zshcomp-9999 ...
>>> Source prepared.
>>> Configuring source in /tmp/portage/app-shells/rust-zshcomp-9999/work/rust-zshcomp-9999 ...
>>> Source configured.
>>> Compiling source in /tmp/portage/app-shells/rust-zshcomp-9999/work/rust-zshcomp-9999 ...
>>> Source compiled.
>>> Test phase [not enabled]: app-shells/rust-zshcomp-9999

>>> Install app-shells/rust-zshcomp-9999 into /tmp/portage/app-shells/rust-zshcomp-9999/image/
>>> Completed installing app-shells/rust-zshcomp-9999 into /tmp/portage/app-shells/rust-zshcomp-9999/image/

 * Final size of build directory: 192 KiB
 * Final size of installed tree:   36 KiB

Parallel BZIP2 v1.1.13 [Dec 18, 2015]
By: Jeff Gilchrist [http://compression.ca]
Major contributions: Yavor Nikolov [http://javornikolov.wordpress.com]
Uses libbzip2 by Julian Seward

         # CPUs: 9
   Load Average: 2.85
 BWT Block Size: 200 KB
File Block Size: 900 KB
 Maximum Memory: 1024 MB
-------------------------------------------
         File #: 1 of 1
     Input Name: compressme
    Output Name: compressme.bz2

     Input Size: 3895 bytes
Compressing data (no threads)...
Completed: 100%                 Output Size: 918 bytes
-------------------------------------------

     Wall Clock: 0.000940 seconds
./
./usr/
./usr/share/
./usr/share/zsh/
./usr/share/zsh/site-functions/
./usr/share/zsh/site-functions/_rust
>>> Done.
 * checking 1 files for package collisions
>>> Merging app-shells/rust-zshcomp-9999 to /
 * removing unneeded *.la files
--- /usr/
--- /usr/share/
--- /usr/share/zsh/
--- /usr/share/zsh/site-functions/
>>> /usr/share/zsh/site-functions/_rust
>>> Safely unmerging already-installed instance...
>>> Original instance of package unmerged safely.
>>> app-shells/rust-zshcomp-9999 merged.
