No package files given... Grabbing a set.
<<<          obj /usr/lib64/pkgconfig/libbrotlienc.pc
<<<          obj /usr/lib64/pkgconfig/libbrotlidec.pc
<<<          obj /usr/lib64/pkgconfig/libbrotlicommon.pc
<<<          obj /usr/lib64/libbrotlienc.so.1.0.7
<<<          sym /usr/lib64/libbrotlienc.so.1
<<<          sym /usr/lib64/libbrotlienc.so
<<<          obj /usr/lib64/libbrotlienc-static.a
<<<          obj /usr/lib64/libbrotlidec.so.1.0.7
<<<          sym /usr/lib64/libbrotlidec.so.1
<<<          sym /usr/lib64/libbrotlidec.so
<<<          obj /usr/lib64/libbrotlidec-static.a
<<<          obj /usr/lib64/libbrotlicommon.so.1.0.7
<<<          sym /usr/lib64/libbrotlicommon.so.1
<<<          sym /usr/lib64/libbrotlicommon.so
<<<          obj /usr/lib64/libbrotlicommon-static.a
<<<          obj /usr/include/brotli/types.h
<<<          obj /usr/include/brotli/port.h
<<<          obj /usr/include/brotli/encode.h
<<<          obj /usr/include/brotli/decode.h
<<<          obj /usr/bin/brotli
--- !empty   dir /usr/lib64/pkgconfig
--- !empty   dir /usr/lib64
<<<          dir /usr/include/brotli
--- !empty   dir /usr/include
--- !empty   dir /usr/bin
--- !empty   dir /usr
>>> Regenerating /etc/ld.so.cache...
