>>> Extracting info
 * Package:    app-text/lesspipe-1.85_alpha20200517
 * Repository: mv
 * USE:        zstd lynx userland_GNU lz4 unzip html2text abi_x86_64 rar kernel_linux ghostscript dvi2tty elibc_glibc amd64 w3m elinks links cpio groff djvu pdf rpm2targz
 * FEATURES:   network-sandbox preserve-libs sandbox userpriv usersandbox
 * FEATURES='assume-digests binpkg-docompress binpkg-dostrip binpkg-logs buildpkg cgroup compress-index config-protect-if-modified distlocks ebuild-locks fixlafiles ipc-sandbox merge-sync multilib-strict network-sandbox news nodoc parallel-fetch pid-sandbox preserve-libs qa-unresolved-soname-deps sandbox sfperms strict strict-keepdir unknown-features-warn unmerge-logs unmerge-orphans userfetch userpriv usersandbox usersync xattr'
 * CFLAGS='-march=znver2 -O2 -pipe -fno-stack-protector -fno-stack-clash-protection -fstack-check=no -fno-stack-check -Wl,-O1 -Wl,--as-needed'
 * CXXFLAGS='-march=znver2 -O2 -pipe -fno-stack-protector -fno-stack-clash-protection -fstack-check=no -fno-stack-check -Wl,-O1 -Wl,--as-needed'
 * FFLAGS='-march=znver2 -O2 -pipe -fno-stack-protector -fno-stack-clash-protection -fstack-check=no -fno-stack-check -Wl,-O1 -Wl,--as-needed'
 * FCFLAGS='-march=znver2 -O2 -pipe -fno-stack-protector -fno-stack-clash-protection -fstack-check=no -fno-stack-check -Wl,-O1 -Wl,--as-needed'
 * F77FLAGS='-march=znver2 -O2 -pipe -fno-stack-protector -fno-stack-clash-protection -fstack-check=no -fno-stack-check -Wl,-O1 -Wl,--as-needed'
 * LDFLAGS='-Wl,-O1 -Wl,--as-needed'
 * MAKEOPTS='-j12 -l12'
 * gcc (Gentoo 10.1.0-r1 p2) 10.1.0
 * g++ (Gentoo 10.1.0-r1 p2) 10.1.0
 * GNU gold (Gentoo 2.34 p4 2.34.0) 1.16
 * Linux rescue 5.4.36 #1 SMP Thu Apr 30 04:38:28 UTC 2020 x86_64 AMD Ryzen 5 3600 6-Core Processor AuthenticAMD GNU/Linux
app-text/lesspipe: 1 minute, 21 seconds average for 10 merges
2020-05-19T23:50:33 >>> app-text/lesspipe: 3 seconds
2020-05-24T16:42:58 >>> app-text/lesspipe: 2 minutes, 45 seconds
2020-05-26T05:21:26 >>> app-text/lesspipe: 20 seconds
2020-05-27T02:30:43 >>> app-text/lesspipe: 14 seconds
2020-05-28T03:40:00 >>> app-text/lesspipe: 37 seconds
2020-05-30T22:18:53 >>> app-text/lesspipe: 6 minutes, 49 seconds
2020-06-01T00:26:49 >>> app-text/lesspipe: 53 seconds
2020-06-01T10:50:42 >>> app-text/lesspipe: 32 seconds
2020-06-12T02:13:05 >>> app-text/lesspipe: 11 seconds
2020-06-13T20:57:01 >>> app-text/lesspipe: 1 minute, 10 seconds
]0;emerge 14:26:55 509|565 lesspipe 00:38 (root@rescue)>>> Extracting app-text/lesspipe-1.85_alpha20200517
 * checking 7 files for package collisions
>>> Merging app-text/lesspipe-1.85_alpha20200517 to /
 * removing unneeded *.la files
--- /etc/
--- /etc/env.d/
>>> /etc/env.d/70lesspipe
--- /usr/
--- /usr/share/
--- /usr/share/man/
--- /usr/share/man/man1/
>>> /usr/share/man/man1/lesspipe.1
>>> /usr/share/man/man1/lesspipe.1.bz2
--- /usr/bin/
>>> /usr/bin/lesspipe.sh
>>> /usr/bin/code2color
>>> /usr/bin/sxw2txt
>>> /usr/bin/tarcolor
>>> Safely unmerging already-installed instance...
!!! File Not Found: '/etc/env.d/99lcdfilter'
>>> Original instance of package unmerged safely.
>>> app-text/lesspipe-1.85_alpha20200517 merged.
!!! File Not Found: '/etc/env.d/99lcdfilter'
