 * Package:    app-shells/push-3.1-r4
 * Repository: mv
 * Maintainer: martin@mvath.de
 * Upstream:   martin@mvath.de
 * USE:        abi_x86_64 amd64 elibc_glibc kernel_linux split-usr userland_GNU
 * FEATURES:   ccache network-sandbox preserve-libs userpriv
 * /etc/portage/package.cflags/ltoworkarounds.conf -> */*: *FLAGS+=-Wl,-O4 *FLAGS-=-Wl,-O1
 * FEATURES='assume-digests binpkg-docompress binpkg-dostrip binpkg-logs buildpkg ccache cgroup compress-index config-protect-if-modified distlocks ebuild-locks fixlafiles merge-sync multilib-strict network-sandbox news nodoc parallel-fetch preserve-libs qa-unresolved-soname-deps sfperms strict strict-keepdir unknown-features-warn unmerge-logs unmerge-orphans userfetch userpriv usersync xattr'
 * CFLAGS='-O2 -pipe -Wl,-O4 -Wl,-O4,--sort-common,--as-needed,-z,norelro,-z,now'
 * CXXFLAGS='-O2 -pipe -Wl,-O4 -Wl,-O4,--sort-common,--as-needed,-z,norelro,-z,now'
 * FFLAGS='-O2 -pipe -Wl,-O4 -Wl,-O4,--sort-common,--as-needed,-z,norelro,-z,now'
 * FCFLAGS='-O2 -pipe -Wl,-O4 -Wl,-O4,--sort-common,--as-needed,-z,norelro,-z,now'
 * F77FLAGS='-O2 -pipe -Wl,-O4 -Wl,-O4,--sort-common,--as-needed,-z,norelro,-z,now'
 * LDFLAGS='-Wl,-O4,--sort-common,--as-needed,-z,norelro,-z,now'
 * MAKEOPTS='-j12 -l12'
 * gcc (Gentoo 11.0.0_pre9999 p1, commit 184c21bf1cd04a108ed9bd04635e7d57ac39f616) 11.0.0 20200611 (experimental)
 * g++ (Gentoo 11.0.0_pre9999 p1, commit 184c21bf1cd04a108ed9bd04635e7d57ac39f616) 11.0.0 20200611 (experimental)
 * GNU ld (Gentoo 2.34 p4) 2.34.0
 * Linux rescue 5.4.36 #1 SMP Thu Apr 30 04:38:28 UTC 2020 x86_64 AMD Ryzen 5 3600 6-Core Processor AuthenticAMD GNU/Linux
app-shells/push: 17 seconds average for 16 merges
2020-05-16T20:46:45 >>> app-shells/push: 8 seconds
2020-05-21T05:55:09 >>> app-shells/push: 6 seconds
2020-05-22T01:57:08 >>> app-shells/push: 21 seconds
2020-05-22T03:09:03 >>> app-shells/push: 9 seconds
2020-05-22T12:27:59 >>> app-shells/push: 18 seconds
2020-05-23T03:30:09 >>> app-shells/push: 14 seconds
2020-05-25T18:17:02 >>> app-shells/push: 11 seconds
2020-05-26T12:51:57 >>> app-shells/push: 12 seconds
2020-05-26T13:47:08 >>> app-shells/push: 15 seconds
2020-05-27T03:03:29 >>> app-shells/push: 57 seconds
2020-05-28T13:25:18 >>> app-shells/push: 13 seconds
2020-05-28T14:12:32 >>> app-shells/push: 20 seconds
2020-05-30T12:32:13 >>> app-shells/push: 44 seconds
2020-05-30T21:33:30 >>> app-shells/push: 11 seconds
2020-06-01T01:46:56 >>> app-shells/push: 12 seconds
2020-06-04T12:02:00 >>> app-shells/push: 16 seconds
]0;emerge 03:24:51 107|907 push 00:13 (root@rescue)kemerge 03:24:51 107|907 push 00:13 (root@rescue)\>>> Unpacking source...
>>> Unpacking push-3.1.tar.gz to /tmp/portage/app-shells/push-3.1-r4/work
>>> Source unpacked in /tmp/portage/app-shells/push-3.1-r4/work
>>> Preparing source in /tmp/portage/app-shells/push-3.1-r4/work/push-3.1 ...
>>> Source prepared.
>>> Configuring source in /tmp/portage/app-shells/push-3.1-r4/work/push-3.1 ...
>>> Source configured.
>>> Compiling source in /tmp/portage/app-shells/push-3.1-r4/work/push-3.1 ...
make -j12 -l12 PREFIX= EPREFIX= BINDIR=/bin DATADIR=/lib/push 
echo '#!/bin/cat /lib/push/push.sh' >push.sh
>>> Source compiled.
>>> Test phase [not enabled]: app-shells/push-3.1-r4

>>> Install app-shells/push-3.1-r4 into /tmp/portage/app-shells/push-3.1-r4/image
make -j12 -l12 DESTDIR=/tmp/portage/app-shells/push-3.1-r4/image PREFIX= EPREFIX= BINDIR=/bin DATADIR=/lib/push install 
install -d '/tmp/portage/app-shells/push-3.1-r4/image/bin'
install -d '/tmp/portage/app-shells/push-3.1-r4/image//lib/push'
install -m 755 push.sh '/tmp/portage/app-shells/push-3.1-r4/image/bin/push.sh'
install -m 644 bin/push.sh '/tmp/portage/app-shells/push-3.1-r4/image/lib/push/push.sh'
>>> Completed installing app-shells/push-3.1-r4 into /tmp/portage/app-shells/push-3.1-r4/image

 * Final size of build directory: 32 KiB
 * Final size of installed tree:  44 KiB

./
./lib/
./lib/push/
./lib/push/push.sh
./bin/
./bin/push.sh
./usr/
./usr/share/
./usr/share/doc/
./usr/share/doc/push-3.1-r4/
./usr/share/doc/push-3.1-r4/README.md.bz2
>>> Done.
 * checking 2 files for package collisions
>>> Merging app-shells/push-3.1-r4 to /
 * removing unneeded *.la files
--- /usr/
--- /bin/
>>> /bin/push.sh
--- /lib/
--- /lib/push/
>>> /lib/push/push.sh
>>> Safely unmerging already-installed instance...
>>> Original instance of package unmerged safely.
>>> app-shells/push-3.1-r4 merged.
