No package files given... Grabbing a set.
--- replaced obj /usr/share/man/man1/scanmacho.1.bz2
--- replaced obj /usr/share/man/man1/scanelf.1.bz2
--- replaced obj /usr/share/man/man1/pspax.1.bz2
--- replaced obj /usr/share/man/man1/dumpelf.1.bz2
--- replaced dir /usr/share/man/man1
--- replaced dir /usr/share/man
<<<          obj /usr/share/doc/pax-utils-1.2.5/TODO.bz2
<<<          obj /usr/share/doc/pax-utils-1.2.5/README.md.bz2
<<<          obj /usr/share/doc/pax-utils-1.2.5/BUGS.bz2
--- replaced dir /usr/share/doc
--- replaced dir /usr/share
--- replaced obj /usr/bin/symtree
--- replaced obj /usr/bin/scanmacho
--- replaced obj /usr/bin/scanelf
--- replaced obj /usr/bin/pspax
--- replaced obj /usr/bin/lddtree
--- replaced obj /usr/bin/dumpelf
--- replaced dir /usr/bin
--- replaced dir /usr
<<<          dir /usr/share/doc/pax-utils-1.2.5
>>> Regenerating /etc/ld.so.cache...
