>>> Extracting info
 * Package:    app-crypt/pinentry-1.1.0-r3
 * Repository: gentoo
 * USE:        elibc_glibc gnome-keyring userland_GNU qt5 abi_x86_64 kernel_linux gtk amd64 ncurses
 * FEATURES:   ccache network-sandbox preserve-libs sandbox userpriv usersandbox
 * FEATURES='assume-digests binpkg-docompress binpkg-dostrip binpkg-logs binpkg-multi-instance buildpkg ccache cgroup compress-index config-protect-if-modified distlocks downgrade-backup fixlafiles ipc-sandbox merge-sync multilib-strict network-sandbox news nodoc parallel-fetch parallel-install pid-sandbox preserve-libs qa-unresolved-soname-deps sandbox sfperms strict unknown-features-warn unmerge-backup unmerge-logs unmerge-orphans userfetch userpriv usersandbox usersync xattr'
 * CFLAGS='-march=native -O3 -fdevirtualize-at-ltrans -fipa-pta -fno-semantic-interposition -fno-math-errno -fno-trapping-math -fno-plt -fuse-linker-plugin -pipe -g0 -fno-stack-protector -fno-stack-clash-protection -fstack-check=no -fno-stack-check -Wl,-O4,--hash-style=gnu,--sort-common,--as-needed,-z,relro,-z,now,-lgomp,-lpthread'
 * CXXFLAGS='-march=native -O3 -fdevirtualize-at-ltrans -fipa-pta -fno-semantic-interposition -fno-math-errno -fno-trapping-math -fno-plt -fuse-linker-plugin -pipe -g0 -fno-stack-protector -fno-stack-clash-protection -fstack-check=no -fno-stack-check -Wl,-O4,--hash-style=gnu,--sort-common,--as-needed,-z,relro,-z,now,-lgomp,-lpthread -std=gnu++11'
 * FFLAGS='-march=native -O3 -fdevirtualize-at-ltrans -fipa-pta -fno-semantic-interposition -fno-math-errno -fno-trapping-math -fno-plt -fuse-linker-plugin -pipe -g0 -fno-stack-protector -fno-stack-clash-protection -fstack-check=no -fno-stack-check -Wl,-O4,--hash-style=gnu,--sort-common,--as-needed,-z,relro,-z,now,-lgomp,-lpthread'
 * FCFLAGS='-march=native -O3 -fdevirtualize-at-ltrans -fipa-pta -fno-semantic-interposition -fno-math-errno -fno-trapping-math -fno-plt -fuse-linker-plugin -pipe -g0 -fno-stack-protector -fno-stack-clash-protection -fstack-check=no -fno-stack-check -Wl,-O4,--hash-style=gnu,--sort-common,--as-needed,-z,relro,-z,now,-lgomp,-lpthread'
 * F77FLAGS='-march=native -O3 -fdevirtualize-at-ltrans -fipa-pta -fno-semantic-interposition -fno-math-errno -fno-trapping-math -fno-plt -fuse-linker-plugin -pipe -g0 -fno-stack-protector -fno-stack-clash-protection -fstack-check=no -fno-stack-check -Wl,-O4,--hash-style=gnu,--sort-common,--as-needed,-z,relro,-z,now,-lgomp,-lpthread'
 * LDFLAGS='-Wl,-O4,--hash-style=gnu,--sort-common,--as-needed,-z,relro,-z,now,-lgomp,-lpthread'
 * MAKEOPTS='-j12'
 * gcc (Gentoo 10.1.0 p1) 10.1.0
 * g++ (Gentoo 10.1.0 p1) 10.1.0
 * GNU ld (Gentoo 2.34 p1) 2.34.0
 * Linux ryzen.gnum.org 5.4.36 #1 SMP Thu Apr 30 04:38:28 UTC 2020 x86_64 AMD Ryzen 5 3600 6-Core Processor AuthenticAMD GNU/Linux
app-crypt/pinentry: 18 seconds average for 1 merge
2020-05-16T01:23:18 >>> app-crypt/pinentry: 18 seconds
]0;emerge 06:13:34 25|67 pinentry 00:18 (root@ryzen.gnum.org)>>> Extracting app-crypt/pinentry-1.1.0-r3
 * checking 8 files for package collisions
>>> Merging app-crypt/pinentry-1.1.0-r3 to /
 * removing unneeded *.la files
--- /usr/
--- /usr/share/
--- /usr/share/applications/
>>> /usr/share/applications/org.gnupg.pinentry-qt.desktop
--- /usr/share/info/
>>> /usr/share/info/pinentry.info.bz2
--- /usr/bin/
>>> /usr/bin/pinentry-gnome3
>>> /usr/bin/pinentry-gtk-2
>>> /usr/bin/pinentry-qt4 -> pinentry-qt
>>> /usr/bin/pinentry-tty
>>> /usr/bin/pinentry-curses
>>> /usr/bin/pinentry-qt
>>> Safely unmerging already-installed instance...
>>> Original instance of package unmerged safely.
>>> app-crypt/pinentry-1.1.0-r3 merged.
