 * Package:    app-shells/gentoo-zsh-completions-20180228
 * Repository: gentoo
 * USE:        abi_x86_64 amd64 elibc_glibc kernel_linux userland_GNU
 * FEATURES:   ccache network-sandbox preserve-libs sandbox userpriv usersandbox
 * FEATURES='assume-digests binpkg-docompress binpkg-dostrip binpkg-logs binpkg-multi-instance buildpkg ccache compress-index config-protect-if-modified distlocks downgrade-backup fixlafiles ipc-sandbox merge-sync multilib-strict network-sandbox news nodoc parallel-fetch parallel-install pid-sandbox preserve-libs qa-unresolved-soname-deps sandbox sfperms strict unknown-features-warn unmerge-backup unmerge-logs unmerge-orphans userfetch userpriv usersandbox usersync xattr'
 * CFLAGS='-march=znver2 -O3 -fgraphite-identity -floop-nest-optimize -fdevirtualize-at-ltrans -fipa-pta -fno-semantic-interposition -flto=12 -fno-plt -fno-signed-zeros -fno-trapping-math -fassociative-math -freciprocal-math -fno-math-errno -ffinite-math-only -fno-rounding-math -fno-signaling-nans -fcx-limited-range -fexcess-precision=fast -falign-functions=32 -fno-stack-protector -fno-stack-clash-protection -fstack-check=no -fno-stack-check -fuse-linker-plugin -pipe -g0 -Wl,-O1 -Wl,--as-needed -Wl,-z,norelro -Wl,-z,now -Wl,--sort-common -s'
 * CXXFLAGS='-march=znver2 -O3 -fgraphite-identity -floop-nest-optimize -fdevirtualize-at-ltrans -fipa-pta -fno-semantic-interposition -flto=12 -fno-plt -fno-signed-zeros -fno-trapping-math -fassociative-math -freciprocal-math -fno-math-errno -ffinite-math-only -fno-rounding-math -fno-signaling-nans -fcx-limited-range -fexcess-precision=fast -falign-functions=32 -fno-stack-protector -fno-stack-clash-protection -fstack-check=no -fno-stack-check -fuse-linker-plugin -pipe -g0 -Wl,-O1 -Wl,--as-needed -Wl,-z,norelro -Wl,-z,now -Wl,--sort-common -s'
 * FFLAGS='-march=znver2 -O3 -fgraphite-identity -floop-nest-optimize -fdevirtualize-at-ltrans -fipa-pta -fno-semantic-interposition -flto=12 -fno-plt -fno-signed-zeros -fno-trapping-math -fassociative-math -freciprocal-math -fno-math-errno -ffinite-math-only -fno-rounding-math -fno-signaling-nans -fcx-limited-range -fexcess-precision=fast -falign-functions=32 -fno-stack-protector -fno-stack-clash-protection -fstack-check=no -fno-stack-check -fuse-linker-plugin -pipe -g0 -Wl,-O1 -Wl,--as-needed -Wl,-z,norelro -Wl,-z,now -Wl,--sort-common -s'
 * FCFLAGS='-march=znver2 -O3 -fgraphite-identity -floop-nest-optimize -fdevirtualize-at-ltrans -fipa-pta -fno-semantic-interposition -flto=12 -fno-plt -fno-signed-zeros -fno-trapping-math -fassociative-math -freciprocal-math -fno-math-errno -ffinite-math-only -fno-rounding-math -fno-signaling-nans -fcx-limited-range -fexcess-precision=fast -falign-functions=32 -fno-stack-protector -fno-stack-clash-protection -fstack-check=no -fno-stack-check -fuse-linker-plugin -pipe -g0 -Wl,-O1 -Wl,--as-needed -Wl,-z,norelro -Wl,-z,now -Wl,--sort-common -s'
 * F77FLAGS='-march=znver2 -O3 -fgraphite-identity -floop-nest-optimize -fdevirtualize-at-ltrans -fipa-pta -fno-semantic-interposition -flto=12 -fno-plt -fno-signed-zeros -fno-trapping-math -fassociative-math -freciprocal-math -fno-math-errno -ffinite-math-only -fno-rounding-math -fno-signaling-nans -fcx-limited-range -fexcess-precision=fast -falign-functions=32 -fno-stack-protector -fno-stack-clash-protection -fstack-check=no -fno-stack-check -fuse-linker-plugin -pipe -g0 -Wl,-O1 -Wl,--as-needed -Wl,-z,norelro -Wl,-z,now -Wl,--sort-common -s'
 * LDFLAGS='-Wl,-O1 -Wl,--as-needed -Wl,-z,norelro -Wl,-z,now -Wl,--sort-common -s -march=znver2 -O3 -fgraphite-identity -floop-nest-optimize -fdevirtualize-at-ltrans -fipa-pta -fno-semantic-interposition -flto=12 -fno-plt -fno-signed-zeros -fno-trapping-math -fassociative-math -freciprocal-math -fno-math-errno -ffinite-math-only -fno-rounding-math -fno-signaling-nans -fcx-limited-range -fexcess-precision=fast -falign-functions=32 -fno-stack-protector -fno-stack-clash-protection -fstack-check=no -fno-stack-check -fuse-linker-plugin -pipe -g0'
 * MAKEOPTS='-j12 -l12'
 * gcc () 11.0.0 20200530 (experimental)
 * g++ () 11.0.0 20200530 (experimental)
 * GNU ld (Gentoo 2.34 p4) 2.34.0
 * Linux ryzen.gnum.org 5.4.36 #1 SMP Thu Apr 30 04:38:28 UTC 2020 x86_64 AMD Ryzen 5 3600 6-Core Processor AuthenticAMD GNU/Linux
app-shells/gentoo-zsh-completions: 13 seconds average for 3 merges
2020-05-20T03:31:15 >>> app-shells/gentoo-zsh-completions: 13 seconds
2020-05-26T14:27:24 >>> app-shells/gentoo-zsh-completions: 7 seconds
2020-05-28T14:40:59 >>> app-shells/gentoo-zsh-completions: 19 seconds
]0;emerge 23:42:45 63|337 gentoo-zsh-completions 00:13 (root@ryzen.gnum.org)kemerge 23:42:45 63|337 gentoo-zsh-completions 00:13 (root@ryzen.gnum.org)\>>> Unpacking source...
>>> Unpacking gentoo-zsh-completions-20180228.tar.gz to /tmp/portage/app-shells/gentoo-zsh-completions-20180228/work
>>> Source unpacked in /tmp/portage/app-shells/gentoo-zsh-completions-20180228/work
>>> Preparing source in /tmp/portage/app-shells/gentoo-zsh-completions-20180228/work/gentoo-zsh-completions-20180228 ...
>>> Source prepared.
>>> Configuring source in /tmp/portage/app-shells/gentoo-zsh-completions-20180228/work/gentoo-zsh-completions-20180228 ...
>>> Source configured.
>>> Compiling source in /tmp/portage/app-shells/gentoo-zsh-completions-20180228/work/gentoo-zsh-completions-20180228 ...
>>> Source compiled.
>>> Test phase [not enabled]: app-shells/gentoo-zsh-completions-20180228

>>> Install app-shells/gentoo-zsh-completions-20180228 into /tmp/portage/app-shells/gentoo-zsh-completions-20180228/image/
>>> Completed installing app-shells/gentoo-zsh-completions-20180228 into /tmp/portage/app-shells/gentoo-zsh-completions-20180228/image/

 * Final size of build directory: 128 KiB
 * Final size of installed tree:  136 KiB

./
./usr/
./usr/share/
./usr/share/zsh/
./usr/share/zsh/site-functions/
./usr/share/zsh/site-functions/_gentoolkit
./usr/share/zsh/site-functions/_gcc-config
./usr/share/zsh/site-functions/_perl-cleaner
./usr/share/zsh/site-functions/_portage
./usr/share/zsh/site-functions/_portage_utils
./usr/share/zsh/site-functions/_eselect
./usr/share/zsh/site-functions/_binutils-config
./usr/share/zsh/site-functions/_g-cpan
./usr/share/zsh/site-functions/_gentoo_arches
./usr/share/zsh/site-functions/_layman
./usr/share/zsh/site-functions/_gentoo_repos
./usr/share/zsh/site-functions/_genlop
./usr/share/zsh/site-functions/_gentoo_packages
./usr/share/doc/
./usr/share/doc/gentoo-zsh-completions-20180228/
./usr/share/doc/gentoo-zsh-completions-20180228/AUTHORS.bz2
>>> Done.
 * checking 13 files for package collisions
[32;01m * [39;49;00mBuilding package for app-shells/gentoo-zsh-completions-20180228 ...   [34;01m[ [39;49;00m[32;01mok[39;49;00m[34;01m ][39;49;00m
[32;01m * [39;49;00mPackages now in '/usr/portage/packages':
[32;01m * [39;49;00mapp-shells/gentoo-zsh-completions-20180228: 37.9K

>>> Merging app-shells/gentoo-zsh-completions-20180228 to /
 * removing unneeded *.la files
--- /usr/
--- /usr/share/
--- /usr/share/zsh/
--- /usr/share/zsh/site-functions/
>>> /usr/share/zsh/site-functions/_gentoo_packages
>>> /usr/share/zsh/site-functions/_genlop
>>> /usr/share/zsh/site-functions/_gentoo_repos
>>> /usr/share/zsh/site-functions/_layman
>>> /usr/share/zsh/site-functions/_gentoo_arches
>>> /usr/share/zsh/site-functions/_g-cpan
>>> /usr/share/zsh/site-functions/_binutils-config
>>> /usr/share/zsh/site-functions/_eselect
>>> /usr/share/zsh/site-functions/_portage_utils
>>> /usr/share/zsh/site-functions/_portage
>>> /usr/share/zsh/site-functions/_perl-cleaner
>>> /usr/share/zsh/site-functions/_gcc-config
>>> /usr/share/zsh/site-functions/_gentoolkit
>>> Safely unmerging already-installed instance...
>>> Original instance of package unmerged safely.
>>> app-shells/gentoo-zsh-completions-20180228 merged.
