>>> Extracting info
 * Package:    app-doc/xmltoman-0.4-r1
 * Repository: gentoo
 * USE:        kernel_linux userland_GNU elibc_glibc amd64 abi_x86_64
 * FEATURES:   network-sandbox preserve-libs sandbox userpriv usersandbox
 * FEATURES='assume-digests binpkg-docompress binpkg-dostrip binpkg-logs buildpkg cgroup compress-index config-protect-if-modified distlocks ebuild-locks fixlafiles ipc-sandbox merge-sync multilib-strict network-sandbox news nodoc parallel-fetch pid-sandbox preserve-libs qa-unresolved-soname-deps sandbox sfperms strict strict-keepdir unknown-features-warn unmerge-logs unmerge-orphans userfetch userpriv usersandbox usersync xattr'
 * CFLAGS='-march=znver2 -O2 -pipe -fno-stack-protector -fno-stack-clash-protection -fstack-check=no -fno-stack-check -Wl,-O1 -Wl,--as-needed'
 * CXXFLAGS='-march=znver2 -O2 -pipe -fno-stack-protector -fno-stack-clash-protection -fstack-check=no -fno-stack-check -Wl,-O1 -Wl,--as-needed'
 * FFLAGS='-march=znver2 -O2 -pipe -fno-stack-protector -fno-stack-clash-protection -fstack-check=no -fno-stack-check -Wl,-O1 -Wl,--as-needed'
 * FCFLAGS='-march=znver2 -O2 -pipe -fno-stack-protector -fno-stack-clash-protection -fstack-check=no -fno-stack-check -Wl,-O1 -Wl,--as-needed'
 * F77FLAGS='-march=znver2 -O2 -pipe -fno-stack-protector -fno-stack-clash-protection -fstack-check=no -fno-stack-check -Wl,-O1 -Wl,--as-needed'
 * LDFLAGS='-Wl,-O1 -Wl,--as-needed'
 * MAKEOPTS='-j12 -l12'
 * gcc (Gentoo 10.1.0-r1 p2) 10.1.0
 * g++ (Gentoo 10.1.0-r1 p2) 10.1.0
 * GNU gold (Gentoo 2.34 p4 2.34.0) 1.16
 * Linux rescue 5.4.36 #1 SMP Thu Apr 30 04:38:28 UTC 2020 x86_64 AMD Ryzen 5 3600 6-Core Processor AuthenticAMD GNU/Linux
app-doc/xmltoman: 7 seconds average for 12 merges
2020-05-20T07:35:35 >>> app-doc/xmltoman: 4 seconds
2020-05-21T06:44:54 >>> app-doc/xmltoman: 5 seconds
2020-05-23T14:25:13 >>> app-doc/xmltoman: 9 seconds
2020-05-25T00:41:05 >>> app-doc/xmltoman: 9 seconds
2020-05-25T23:05:39 >>> app-doc/xmltoman: 10 seconds
2020-05-26T14:20:12 >>> app-doc/xmltoman: 6 seconds
2020-05-27T01:57:19 >>> app-doc/xmltoman: 6 seconds
2020-05-29T02:19:33 >>> app-doc/xmltoman: 6 seconds
2020-05-30T14:33:16 >>> app-doc/xmltoman: 10 seconds
2020-06-01T04:02:29 >>> app-doc/xmltoman: 11 seconds
2020-06-12T01:51:10 >>> app-doc/xmltoman: 5 seconds
2020-06-13T20:29:17 >>> app-doc/xmltoman: 4 seconds
]0;emerge 14:07:25 297|565 xmltoman 00:07 (root@rescue)>>> Extracting app-doc/xmltoman-0.4-r1
 * checking 9 files for package collisions
>>> Merging app-doc/xmltoman-0.4-r1 to /
 * removing unneeded *.la files
--- /usr/
--- /usr/share/
--- /usr/share/xmltoman/
>>> /usr/share/xmltoman/xmltoman.dtd
>>> /usr/share/xmltoman/xmltoman.css
>>> /usr/share/xmltoman/xmltoman.xsl
--- /usr/share/man/
--- /usr/share/man/man1/
>>> /usr/share/man/man1/xmlmantohtml.1.bz2
>>> /usr/share/man/man1/xmlmantohtml.1
>>> /usr/share/man/man1/xmltoman.1.bz2
>>> /usr/share/man/man1/xmltoman.1
--- /usr/bin/
>>> /usr/bin/xmltoman
>>> /usr/bin/xmlmantohtml
>>> Safely unmerging already-installed instance...
!!! File Not Found: '/etc/env.d/99lcdfilter'
>>> Original instance of package unmerged safely.
>>> app-doc/xmltoman-0.4-r1 merged.
!!! File Not Found: '/etc/env.d/99lcdfilter'
