 * Package:    app-arch/unace-2.5-r5
 * Repository: gentoo
 * Maintainer: base-system@gentoo.org
 * USE:        abi_x86_64 amd64 elibc_glibc kernel_linux userland_GNU
 * FEATURES:   ccache network-sandbox preserve-libs sandbox userpriv usersandbox
 * FEATURES='assume-digests binpkg-docompress binpkg-dostrip binpkg-logs binpkg-multi-instance buildpkg ccache cgroup compress-index config-protect-if-modified distlocks downgrade-backup fixlafiles ipc-sandbox merge-sync multilib-strict network-sandbox news nodoc parallel-fetch parallel-install pid-sandbox preserve-libs qa-unresolved-soname-deps sandbox sfperms strict unknown-features-warn unmerge-backup unmerge-logs unmerge-orphans userfetch userpriv usersandbox usersync xattr'
 * CFLAGS='-march=native -O3 -fgraphite-identity -floop-nest-optimize -fdevirtualize-at-ltrans -fipa-pta -fno-semantic-interposition -flto=12 -fno-signed-zeros -fno-trapping-math -fassociative-math -freciprocal-math -fno-math-errno -ffinite-math-only -fno-rounding-math -fno-signaling-nans -fcx-limited-range -fexcess-precision=fast -fno-plt -fno-common -fuse-linker-plugin -pipe -g0 -fno-stack-protector -fno-stack-clash-protection -fstack-check=no -fno-stack-check -Wl,-O4,--hash-style=gnu,--sort-common,--as-needed,-z,relro,-z,now,-lgomp,-lpthread'
 * CXXFLAGS='-march=native -O3 -fgraphite-identity -floop-nest-optimize -fdevirtualize-at-ltrans -fipa-pta -fno-semantic-interposition -flto=12 -fno-signed-zeros -fno-trapping-math -fassociative-math -freciprocal-math -fno-math-errno -ffinite-math-only -fno-rounding-math -fno-signaling-nans -fcx-limited-range -fexcess-precision=fast -fno-plt -fno-common -fuse-linker-plugin -pipe -g0 -fno-stack-protector -fno-stack-clash-protection -fstack-check=no -fno-stack-check -Wl,-O4,--hash-style=gnu,--sort-common,--as-needed,-z,relro,-z,now,-lgomp,-lpthread'
 * FFLAGS='-march=native -O3 -fgraphite-identity -floop-nest-optimize -fdevirtualize-at-ltrans -fipa-pta -fno-semantic-interposition -flto=12 -fno-signed-zeros -fno-trapping-math -fassociative-math -freciprocal-math -fno-math-errno -ffinite-math-only -fno-rounding-math -fno-signaling-nans -fcx-limited-range -fexcess-precision=fast -fno-plt -fno-common -fuse-linker-plugin -pipe -g0 -fno-stack-protector -fno-stack-clash-protection -fstack-check=no -fno-stack-check -Wl,-O4,--hash-style=gnu,--sort-common,--as-needed,-z,relro,-z,now,-lgomp,-lpthread'
 * FCFLAGS='-march=native -O3 -fgraphite-identity -floop-nest-optimize -fdevirtualize-at-ltrans -fipa-pta -fno-semantic-interposition -flto=12 -fno-signed-zeros -fno-trapping-math -fassociative-math -freciprocal-math -fno-math-errno -ffinite-math-only -fno-rounding-math -fno-signaling-nans -fcx-limited-range -fexcess-precision=fast -fno-plt -fno-common -fuse-linker-plugin -pipe -g0 -fno-stack-protector -fno-stack-clash-protection -fstack-check=no -fno-stack-check -Wl,-O4,--hash-style=gnu,--sort-common,--as-needed,-z,relro,-z,now,-lgomp,-lpthread'
 * F77FLAGS='-march=native -O3 -fgraphite-identity -floop-nest-optimize -fdevirtualize-at-ltrans -fipa-pta -fno-semantic-interposition -flto=12 -fno-signed-zeros -fno-trapping-math -fassociative-math -freciprocal-math -fno-math-errno -ffinite-math-only -fno-rounding-math -fno-signaling-nans -fcx-limited-range -fexcess-precision=fast -fno-plt -fno-common -fuse-linker-plugin -pipe -g0 -fno-stack-protector -fno-stack-clash-protection -fstack-check=no -fno-stack-check -Wl,-O4,--hash-style=gnu,--sort-common,--as-needed,-z,relro,-z,now,-lgomp,-lpthread'
 * LDFLAGS='-Wl,-O4,--hash-style=gnu,--sort-common,--as-needed,-z,relro,-z,now,-lgomp,-lpthread -march=native -O3 -fgraphite-identity -floop-nest-optimize -fdevirtualize-at-ltrans -fipa-pta -fno-semantic-interposition -flto=12 -fno-signed-zeros -fno-trapping-math -fassociative-math -freciprocal-math -fno-math-errno -ffinite-math-only -fno-rounding-math -fno-signaling-nans -fcx-limited-range -fexcess-precision=fast -fno-plt -fno-common -fuse-linker-plugin -pipe -g0 -fno-stack-protector -fno-stack-clash-protection -fstack-check=no -fno-stack-check'
 * MAKEOPTS='-j12'
 * gcc (Gentoo 10.1.0 p1) 10.1.0
 * g++ (Gentoo 10.1.0 p1) 10.1.0
 * GNU ld (Gentoo 2.34 p1) 2.34.0
 * Linux ryzen.gnum.org 5.4.36 #1 SMP Thu Apr 30 04:38:28 UTC 2020 x86_64 AMD Ryzen 5 3600 6-Core Processor AuthenticAMD GNU/Linux
]0;emerge 00:56:55 66|738 unace (root@ryzen.gnum.org)>>> Unpacking source...
>>> Unpacking unace-nonfree_2.5.orig.tar.gz to /tmp/portage/app-arch/unace-2.5-r5/work
>>> Unpacking unace-nonfree_2.5-9.debian.tar.xz to /tmp/portage/app-arch/unace-2.5-r5/work
>>> Source unpacked in /tmp/portage/app-arch/unace-2.5-r5/work
>>> Preparing source in /tmp/portage/app-arch/unace-2.5-r5/work/unace-2.5 ...
 * Applying patches from /tmp/portage/app-arch/unace-2.5-r5/work/debian/patches/ ...
 *   01-only-unace.patch ...
 [ ok ]
 *   02-no-io_h.patch ...
 [ ok ]
 *   03-gcc-call.patch ...
 [ ok ]
 *   04-64bit.patch ...
 [ ok ]
 *   05-warning-fixes.patch ...
 [ ok ]
 *   06-fix-bad-pointer-arith.patch ...
 [ ok ]
 *   07-fix-free-aliasing-issue.patch ...
 [ ok ]
 *   08-ulonglong-printf.patch ...
 [ ok ]
 *   09-utf8-filenames.patch ...
 [ ok ]
 *   10-uninorm-signedness.patch ...
 [ ok ]
 *   11-possibly-critical.patch ...
 [ ok ]
 *   12-cast-filetime.patch ...
 [ ok ]
 *   13-maximum-file-name-length.patch ...
 [ ok ]
 *   14-endianness-detection.patch ...
 [ ok ]
 *   15-format-security.patch ...
 [ ok ]
 *   16-buffer-overflows.patch ...
 [ ok ]
 *   17-undefined-behavior-strcpy.patch ...
 [ ok ]
 *   18-stack-corruption.patch ...
 [ ok ]
 *   19-max-allocate.patch ...
 [ ok ]
 *   20-isatty.diff ...
 [ ok ]
 *   21-unbreak_PIC_mode_unsigned_pixels.patch ...
 [ ok ]
>>> Source prepared.
>>> Configuring source in /tmp/portage/app-arch/unace-2.5-r5/work/unace-2.5 ...
>>> Source configured.
>>> Compiling source in /tmp/portage/app-arch/unace-2.5-r5/work/unace-2.5 ...
make -j12 
x86_64-pc-linux-gnu-gcc  -march=native -O3 -fgraphite-identity -floop-nest-optimize -fdevirtualize-at-ltrans -fipa-pta -fno-semantic-interposition -flto=12 -fno-signed-zeros -fno-trapping-math -fassociative-math -freciprocal-math -fno-math-errno -ffinite-math-only -fno-rounding-math -fno-signaling-nans -fcx-limited-range -fexcess-precision=fast -fno-plt -fno-common -fuse-linker-plugin -pipe -g0 -fno-stack-protector -fno-stack-clash-protection -fstack-check=no -fno-stack-check -Wl,-O4,--hash-style=gnu,--sort-common,--as-needed,-z,relro,-z,now,-lgomp,-lpthread -Wl,-O4,--hash-style=gnu,--sort-common,--as-needed,-z,relro,-z,now,-lgomp,-lpthread -march=native -O3 -fgraphite-identity -floop-nest-optimize -fdevirtualize-at-ltrans -fipa-pta -fno-semantic-interposition -flto=12 -fno-signed-zeros -fno-trapping-math -fassociative-math -freciprocal-math -fno-math-errno -ffinite-math-only -fno-rounding-math -fno-signaling-nans -fcx-limited-range -fexcess-precision=fast -fno-plt -fno-common -fuse-linker-plugin -pipe -g0 -fno-stack-protector -fno-stack-clash-protection -fstack-check=no -fno-stack-check  -Isource -D__LINUX__ -D__unix__ -D__GCC__ -U__HAS_IO_H__ source/base/all/all.c			source/base/all/arcblk/arcblk.c source/base/all/archives/ace/ace.c         source/base/all/archives/read/read.c source/base/all/archives/test/test.c	source/base/all/arcinfo/arcinfo.c source/base/all/bitwidth/bitwidth.c	source/base/all/bufread/bufread.c source/base/all/comments/comments.c	source/base/all/convert/convert.c source/base/all/convert/lin.c		source/base/all/convert/nont.c source/base/all/cprdcpr/huff/huff.c source/base/all/cprdcpr/pic/pic.c		source/base/all/cprdcpr/sound/sound.c source/base/all/crc/crc.c source/base/all/crypt/crypt.c		source/base/all/dcpr/dcpr.c source/base/all/dcpr/comments/comments.c	source/base/all/dcpr/huff/huff.c source/base/all/dcpr/lz77/lz77.c		source/base/all/dcpr/pic/pic.c source/base/all/dcpr/sound/sound.c	source/base/all/dirdata/dirdata.c source/base/all/dosfuncs/noi64.c		source/base/all/dosfuncs/dosfuncs.c source/base/all/dosfuncs/noi64lin.c source/base/all/dosfuncs/lin.c source/base/all/error/error.c		source/base/all/errorout/errorout.c source/base/all/extract/extract.c	source/base/all/filelist/filelist.c source/base/all/funcs/funcs.c		source/base/all/lfn/lfn.c source/base/all/lfn/lin.c source/base/all/lfn/nont.c		source/base/all/lfn/nodos32.c source/base/all/memory/memory.c source/base/all/memory/nodos32.c source/base/all/memory/nowat.c source/base/all/msgout/msgout.c source/base/all/options/options.c	source/base/all/pathfunc/pathfunc.c source/base/all/qsort/qsort.c		source/base/all/state/state.c source/base/all/uninorm/uninorm.c     source/base/all/uninorm/unincore.c source/base/all/volume/volume.c source/base/all/memory/lin.c 	source/base/unace/extern/arcace/arcace.c		source/base/unace/extern/arcblk/arcblk.c source/base/unace/extern/arcinfo/arcinfo.c	source/base/unace/extern/dcpr/dcpr.c source/base/unace/extern/extract/extract.c	source/base/unace/extern/filelist/filelist.c source/base/unace/extern/memory/memory.c source/apps/exe/extern/arcblk/arcblk.c	source/apps/exe/extern/comments/comments.c source/apps/exe/extern/crypt/crypt.c		source/apps/exe/extern/error/error.c source/apps/exe/extern/error/ntlin.c source/apps/exe/extern/errorout/errorout.c	source/apps/exe/extern/filelist/filelist.c source/apps/exe/extern/funcs/funcs.c		source/apps/exe/extern/msgout/msgout.c source/apps/exe/extern/state/state.c		source/apps/exe/extern/volume/volume.c source/apps/exe/acefuncs/acefuncs.c	source/apps/exe/commline/commline.c source/apps/exe/convert/convert.c		source/apps/exe/input/input.c source/apps/exe/input/lin.c source/apps/exe/messages/msgfiles/eng.c			source/apps/exe/messages/messages.c source/apps/exe/outpterr/outpterr.c	source/apps/exe/output/output.c source/apps/exe/output/lin.c source/apps/exe/state/state.c		source/apps/exe/state/gcc.c 		source/apps/unace/all/extern/arctest/arctest.c	source/apps/unace/all/extern/funcs/funcs.c source/apps/unace/exe/extern/arcblk/arcblk.c		source/apps/unace/exe/extern/arcread/arcread.c source/apps/unace/exe/extern/comments/comments.c       source/apps/unace/exe/extern/error/error.c source/apps/unace/exe/extern/filelist/filelist.c	source/apps/unace/exe/extern/input/input.c source/apps/unace/exe/extern/messages/messages.c source/apps/unace/exe/extern/msgout/msgout.c		source/apps/unace/exe/extern/options/options.c source/apps/unace/exe/extern/output/output.c		source/apps/unace/exe/extern/volume/volume.c source/apps/unace/exe/extern/state/state.c		source/apps/unace/exe/commline/commline.c source/apps/unace/exe/commline/help/help.c		source/apps/unace/exe/exe.c source/apps/unace/exe/lin.c -ounace
source/base/all/archives/ace/ace.c: In function 'BASE_ARCHIVES_ACE_ArchiveTest':
source/base/all/archives/ace/ace.c:46:7: warning: ignoring return value of 'read' declared with attribute 'warn_unused_result' [-Wunused-result]
   46 |       read(BASE_ARCHIVES_TEST.ArchiveHandle, (PCHAR) &BASE_ARCBLK.Header, 4);
      |       ^~~~~~~~~~~~~~~~~~~~~~~~~~~~~~~~~~~~~~~~~~~~~~~~~~~~~~~~~~~~~~~~~~~~~~
source/base/all/archives/ace/ace.c:51:9: warning: ignoring return value of 'read' declared with attribute 'warn_unused_result' [-Wunused-result]
   51 |         read(BASE_ARCHIVES_TEST.ArchiveHandle, (PCHAR) &BASE_ARCBLK.Header.Basic.HEAD_TYPE,
      |         ^~~~~~~~~~~~~~~~~~~~~~~~~~~~~~~~~~~~~~~~~~~~~~~~~~~~~~~~~~~~~~~~~~~~~~~~~~~~~~~~~~~
   52 |                                        BASE_ARCBLK.Header.Basic.HEAD_SIZE);
      |                                        ~~~~~~~~~~~~~~~~~~~~~~~~~~~~~~~~~~~
source/base/all/dosfuncs/dosfuncs.c: In function 'BASE_DOSFUNCS_GetDrive':
source/base/all/dosfuncs/dosfuncs.c:51:3: warning: ignoring return value of 'getcwd' declared with attribute 'warn_unused_result' [-Wunused-result]
   51 |   getcwd(Directory, sizeof(Directory));
      |   ^~~~~~~~~~~~~~~~~~~~~~~~~~~~~~~~~~~~
source/base/all/dosfuncs/lin.c: In function 'BASE_DOSFUNCS_SetDrive':
source/base/all/dosfuncs/lin.c:183:3: warning: ignoring return value of 'chdir' declared with attribute 'warn_unused_result' [-Wunused-result]
  183 |   chdir(Directory);
      |   ^~~~~~~~~~~~~~~~
source/base/all/pathfunc/pathfunc.c: In function 'BASE_PATHFUNC_CompletePath':
source/base/all/pathfunc/pathfunc.c:356:5: warning: ignoring return value of 'getcwd' declared with attribute 'warn_unused_result' [-Wunused-result]
  356 |     getcwd(CurrentDir, sizeof(CurrentDir));
      |     ^~~~~~~~~~~~~~~~~~~~~~~~~~~~~~~~~~~~~~
>>> Source compiled.
>>> Test phase [not enabled]: app-arch/unace-2.5-r5

>>> Install app-arch/unace-2.5-r5 into /tmp/portage/app-arch/unace-2.5-r5/image/
>>> Completed installing app-arch/unace-2.5-r5 into /tmp/portage/app-arch/unace-2.5-r5/image/

 * Final size of build directory: 1836 KiB (1.7 MiB)
 * Final size of installed tree:   152 KiB

strip: x86_64-pc-linux-gnu-strip --strip-unneeded -N __gentoo_check_ldflags__ -R .comment -R .GCC.command.line -R .note.gnu.gold-version
   /usr/bin/unace
./
./usr/
./usr/bin/
./usr/bin/unace
./usr/share/
./usr/share/man/
./usr/share/man/man1/
./usr/share/man/man1/unace.1.bz2
>>> Done.
 * checking 2 files for package collisions
>>> Merging app-arch/unace-2.5-r5 to /
 * removing unneeded *.la files
--- /usr/
--- /usr/share/
--- /usr/share/man/
--- /usr/share/man/man1/
>>> /usr/share/man/man1/unace.1.bz2
--- /usr/bin/
>>> /usr/bin/unace
>>> app-arch/unace-2.5-r5 merged.
>>> Regenerating /etc/ld.so.cache...
