 * Package:    app-crypt/openpgp-keys-gentoo-release-20191030
 * Repository: gentoo
 * Maintainer: mgorny@gentoo.org
 * USE:        abi_x86_64 amd64 elibc_glibc kernel_linux userland_GNU
 * FEATURES:   network-sandbox preserve-libs sandbox userpriv usersandbox
 * FEATURES='unmerge-backup parallel-install network-sandbox xattr multilib-strict userpriv usersync unmerge-logs binpkg-multi-instance usersandbox ipc-sandbox news cgroup unknown-features-warn binpkg-docompress unmerge-orphans fixlafiles pid-sandbox nodoc merge-sync preserve-libs sfperms binpkg-dostrip userfetch parallel-fetch strict sandbox strict-keepdir compress-index downgrade-backup assume-digests distlocks config-protect-if-modified qa-unresolved-soname-deps buildpkg binpkg-logs'
 * CFLAGS='-march=native -O3 -fgraphite-identity -floop-nest-optimize -fdevirtualize-at-ltrans -fipa-pta -fno-semantic-interposition -flto=12 -fno-plt -fno-signed-zeros -fno-trapping-math -fassociative-math -freciprocal-math -fno-math-errno -ffinite-math-only -fno-rounding-math -fno-signaling-nans -fcx-limited-range -fexcess-precision=fast -fno-signed-zeros -fno-trapping-math -fassociative-math -freciprocal-math -fno-math-errno -ffinite-math-only -fno-rounding-math -fno-signaling-nans -fcx-limited-range -fexcess-precision=fast -fuse-linker-plugin -pipe -g0 -fno-stack-protector -fno-stack-clash-protection -fstack-check=no -fno-stack-check -Wl,-O1 -Wl,--as-needed -Wl,-O4,--hash-style=gnu,--sort-common,--as-needed,-z,relro,-z,now,-lgomp,-lpthread'
 * CXXFLAGS='-march=native -O3 -fgraphite-identity -floop-nest-optimize -fdevirtualize-at-ltrans -fipa-pta -fno-semantic-interposition -flto=12 -fno-plt -fno-signed-zeros -fno-trapping-math -fassociative-math -freciprocal-math -fno-math-errno -ffinite-math-only -fno-rounding-math -fno-signaling-nans -fcx-limited-range -fexcess-precision=fast -fno-signed-zeros -fno-trapping-math -fassociative-math -freciprocal-math -fno-math-errno -ffinite-math-only -fno-rounding-math -fno-signaling-nans -fcx-limited-range -fexcess-precision=fast -fuse-linker-plugin -pipe -g0 -fno-stack-protector -fno-stack-clash-protection -fstack-check=no -fno-stack-check -Wl,-O1 -Wl,--as-needed -Wl,-O4,--hash-style=gnu,--sort-common,--as-needed,-z,relro,-z,now,-lgomp,-lpthread'
 * FFLAGS='-march=native -O3 -fgraphite-identity -floop-nest-optimize -fdevirtualize-at-ltrans -fipa-pta -fno-semantic-interposition -flto=12 -fno-plt -fno-signed-zeros -fno-trapping-math -fassociative-math -freciprocal-math -fno-math-errno -ffinite-math-only -fno-rounding-math -fno-signaling-nans -fcx-limited-range -fexcess-precision=fast -fno-signed-zeros -fno-trapping-math -fassociative-math -freciprocal-math -fno-math-errno -ffinite-math-only -fno-rounding-math -fno-signaling-nans -fcx-limited-range -fexcess-precision=fast -fuse-linker-plugin -pipe -g0 -fno-stack-protector -fno-stack-clash-protection -fstack-check=no -fno-stack-check -Wl,-O1 -Wl,--as-needed -Wl,-O4,--hash-style=gnu,--sort-common,--as-needed,-z,relro,-z,now,-lgomp,-lpthread'
 * FCFLAGS='-march=native -O3 -fgraphite-identity -floop-nest-optimize -fdevirtualize-at-ltrans -fipa-pta -fno-semantic-interposition -flto=12 -fno-plt -fno-signed-zeros -fno-trapping-math -fassociative-math -freciprocal-math -fno-math-errno -ffinite-math-only -fno-rounding-math -fno-signaling-nans -fcx-limited-range -fexcess-precision=fast -fno-signed-zeros -fno-trapping-math -fassociative-math -freciprocal-math -fno-math-errno -ffinite-math-only -fno-rounding-math -fno-signaling-nans -fcx-limited-range -fexcess-precision=fast -fuse-linker-plugin -pipe -g0 -fno-stack-protector -fno-stack-clash-protection -fstack-check=no -fno-stack-check -Wl,-O1 -Wl,--as-needed -Wl,-O4,--hash-style=gnu,--sort-common,--as-needed,-z,relro,-z,now,-lgomp,-lpthread'
 * F77FLAGS='-march=native -O3 -fgraphite-identity -floop-nest-optimize -fdevirtualize-at-ltrans -fipa-pta -fno-semantic-interposition -flto=12 -fno-plt -fno-signed-zeros -fno-trapping-math -fassociative-math -freciprocal-math -fno-math-errno -ffinite-math-only -fno-rounding-math -fno-signaling-nans -fcx-limited-range -fexcess-precision=fast -fno-signed-zeros -fno-trapping-math -fassociative-math -freciprocal-math -fno-math-errno -ffinite-math-only -fno-rounding-math -fno-signaling-nans -fcx-limited-range -fexcess-precision=fast -fuse-linker-plugin -pipe -g0 -fno-stack-protector -fno-stack-clash-protection -fstack-check=no -fno-stack-check -Wl,-O1 -Wl,--as-needed -Wl,-O4,--hash-style=gnu,--sort-common,--as-needed,-z,relro,-z,now,-lgomp,-lpthread'
 * LDFLAGS='-Wl,-O1 -Wl,--as-needed -Wl,-O4,--hash-style=gnu,--sort-common,--as-needed,-z,relro,-z,now,-lgomp,-lpthread -march=native -O3 -fgraphite-identity -floop-nest-optimize -fdevirtualize-at-ltrans -fipa-pta -fno-semantic-interposition -flto=12 -fno-plt -fno-signed-zeros -fno-trapping-math -fassociative-math -freciprocal-math -fno-math-errno -ffinite-math-only -fno-rounding-math -fno-signaling-nans -fcx-limited-range -fexcess-precision=fast -fuse-linker-plugin -pipe -g0 -fno-stack-protector -fno-stack-clash-protection -fstack-check=no -fno-stack-check'
 * MAKEOPTS='-j12'
 * gcc (Gentoo 10.1.0 p1) 10.1.0
 * g++ (Gentoo 10.1.0 p1) 10.1.0
 * GNU ld (Gentoo 2.34 p1) 2.34.0
 * Linux ryzen.gnum.org 5.4.36 #1 SMP Thu Apr 30 04:38:28 UTC 2020 x86_64 AMD Ryzen 5 3600 6-Core Processor AuthenticAMD GNU/Linux
app-crypt/openpgp-keys-gentoo-release: 2 minutes, 57 seconds average for 7 merges
2020-05-15T07:37:56 >>> app-crypt/openpgp-keys-gentoo-release: 6 seconds
2020-05-15T12:04:43 >>> app-crypt/openpgp-keys-gentoo-release: 6 seconds
2020-05-16T20:43:06 >>> app-crypt/openpgp-keys-gentoo-release: 8 seconds
2020-05-20T00:56:22 >>> app-crypt/openpgp-keys-gentoo-release: 4 minutes, 40 seconds
2020-05-21T05:52:09 >>> app-crypt/openpgp-keys-gentoo-release: 6 seconds
2020-05-22T01:55:54 >>> app-crypt/openpgp-keys-gentoo-release: 7 minutes, 31 seconds
2020-05-22T03:07:17 >>> app-crypt/openpgp-keys-gentoo-release: 8 minutes, 3 seconds
]0;emerge 12:26:43 67|1104 openpgp-keys-gentoo-release 05:13 (root@ryzen.gnum.org)>>> Unpacking source...
>>> Unpacking gentoo-release.asc.20191030.gz to /tmp/portage/app-crypt/openpgp-keys-gentoo-release-20191030/work
>>> Source unpacked in /tmp/portage/app-crypt/openpgp-keys-gentoo-release-20191030/work
>>> Preparing source in /tmp/portage/app-crypt/openpgp-keys-gentoo-release-20191030/work ...
>>> Source prepared.
>>> Configuring source in /tmp/portage/app-crypt/openpgp-keys-gentoo-release-20191030/work ...
>>> Source configured.
>>> Compiling source in /tmp/portage/app-crypt/openpgp-keys-gentoo-release-20191030/work ...
>>> Source compiled.
 * Skipping make test/check due to ebuild restriction.
>>> Test phase [disabled because of RESTRICT=test]: app-crypt/openpgp-keys-gentoo-release-20191030

>>> Install app-crypt/openpgp-keys-gentoo-release-20191030 into /tmp/portage/app-crypt/openpgp-keys-gentoo-release-20191030/image
>>> Completed installing app-crypt/openpgp-keys-gentoo-release-20191030 into /tmp/portage/app-crypt/openpgp-keys-gentoo-release-20191030/image

 * Final size of build directory: 40 KiB
 * Final size of installed tree:  52 KiB

./
./usr/
./usr/share/
./usr/share/openpgp-keys/
./usr/share/openpgp-keys/gentoo-release.asc
>>> Done.
 * checking 1 files for package collisions
>>> Merging app-crypt/openpgp-keys-gentoo-release-20191030 to /
 * removing unneeded *.la files
--- /usr/
--- /usr/share/
--- /usr/share/openpgp-keys/
>>> /usr/share/openpgp-keys/gentoo-release.asc
>>> Safely unmerging already-installed instance...
>>> Original instance of package unmerged safely.
>>> app-crypt/openpgp-keys-gentoo-release-20191030 merged.
