 * Package:    app-shells/zsh-completions-0.31.0
 * Repository: gentoo
 * USE:        abi_x86_64 amd64 elibc_glibc kernel_linux userland_GNU
 * FEATURES:   network-sandbox preserve-libs sandbox userpriv usersandbox
 * FEATURES='assume-digests binpkg-docompress binpkg-dostrip binpkg-logs buildpkg cgroup compress-index config-protect-if-modified distlocks ebuild-locks fixlafiles ipc-sandbox merge-sync multilib-strict network-sandbox news nodoc parallel-fetch pid-sandbox preserve-libs qa-unresolved-soname-deps sandbox sfperms strict strict-keepdir unknown-features-warn unmerge-logs unmerge-orphans userfetch userpriv usersandbox usersync xattr'
 * CFLAGS='-march=znver2 -O2 -pipe -fno-stack-protector -fno-stack-clash-protection -fstack-check=no -fno-stack-check -Wl,-O1 -Wl,--as-needed'
 * CXXFLAGS='-march=znver2 -O2 -pipe -fno-stack-protector -fno-stack-clash-protection -fstack-check=no -fno-stack-check -Wl,-O1 -Wl,--as-needed'
 * FFLAGS='-march=znver2 -O2 -pipe -fno-stack-protector -fno-stack-clash-protection -fstack-check=no -fno-stack-check -Wl,-O1 -Wl,--as-needed'
 * FCFLAGS='-march=znver2 -O2 -pipe -fno-stack-protector -fno-stack-clash-protection -fstack-check=no -fno-stack-check -Wl,-O1 -Wl,--as-needed'
 * F77FLAGS='-march=znver2 -O2 -pipe -fno-stack-protector -fno-stack-clash-protection -fstack-check=no -fno-stack-check -Wl,-O1 -Wl,--as-needed'
 * LDFLAGS='-Wl,-O1 -Wl,--as-needed'
 * MAKEOPTS='-j12 -l12'
 * gcc (Gentoo 10.1.0-r1 p2) 10.1.0
 * g++ (Gentoo 10.1.0-r1 p2) 10.1.0
 * GNU gold (Gentoo 2.34 p4 2.34.0) 1.16
 * Linux rescue 5.4.36 #1 SMP Thu Apr 30 04:38:28 UTC 2020 x86_64 AMD Ryzen 5 3600 6-Core Processor AuthenticAMD GNU/Linux
app-shells/zsh-completions: 12 seconds average for 8 merges
2020-05-20T02:02:30 >>> app-shells/zsh-completions: 8 seconds
2020-05-20T02:42:41 >>> app-shells/zsh-completions: 5 seconds
2020-05-20T02:45:10 >>> app-shells/zsh-completions: 5 seconds
2020-05-26T14:27:25 >>> app-shells/zsh-completions: 8 seconds
2020-05-28T14:41:01 >>> app-shells/zsh-completions: 20 seconds
2020-05-30T23:42:48 >>> app-shells/zsh-completions: 20 seconds
2020-06-01T08:24:56 >>> app-shells/zsh-completions: 20 seconds
2020-06-13T20:35:48 >>> app-shells/zsh-completions: 15 seconds
]0;emerge 17:59:55 840|895 zsh-completions 00:18 (root@rescue)>>> Unpacking source...
>>> Unpacking zsh-completions-0.31.0.tar.gz to /tmp/portage/app-shells/zsh-completions-0.31.0/work
>>> Source unpacked in /tmp/portage/app-shells/zsh-completions-0.31.0/work
>>> Preparing source in /tmp/portage/app-shells/zsh-completions-0.31.0/work/zsh-completions-0.31.0 ...
>>> Source prepared.
>>> Configuring source in /tmp/portage/app-shells/zsh-completions-0.31.0/work/zsh-completions-0.31.0 ...
>>> Source configured.
>>> Compiling source in /tmp/portage/app-shells/zsh-completions-0.31.0/work/zsh-completions-0.31.0 ...
>>> Source compiled.
>>> Test phase [not enabled]: app-shells/zsh-completions-0.31.0

>>> Install app-shells/zsh-completions-0.31.0 into /tmp/portage/app-shells/zsh-completions-0.31.0/image/
>>> Completed installing app-shells/zsh-completions-0.31.0 into /tmp/portage/app-shells/zsh-completions-0.31.0/image/

 * Final size of build directory: 1332 KiB (1.3 MiB)
 * Final size of installed tree:  1276 KiB (1.2 MiB)

Parallel BZIP2 v1.1.13 [Dec 18, 2015]
By: Jeff Gilchrist [http://compression.ca]
Major contributions: Yavor Nikolov [http://javornikolov.wordpress.com]
Uses libbzip2 by Julian Seward

         # CPUs: 6
   Load Average: 6.47
 BWT Block Size: 200 KB
File Block Size: 900 KB
 Maximum Memory: 1024 MB
-------------------------------------------
         File #: 1 of 1
     Input Name: compressme
    Output Name: compressme.bz2

     Input Size: 3895 bytes
Compressing data (no threads)...
Completed: 100%                 Output Size: 918 bytes
-------------------------------------------

     Wall Clock: 0.000829 seconds
./
./usr/
./usr/share/
./usr/share/zsh/
./usr/share/zsh/site-functions/
./usr/share/zsh/site-functions/_diana
./usr/share/zsh/site-functions/_httpie
./usr/share/zsh/site-functions/_jonas
./usr/share/zsh/site-functions/_bundle
./usr/share/zsh/site-functions/_caffeinate
./usr/share/zsh/site-functions/_perf
./usr/share/zsh/site-functions/_fab
./usr/share/zsh/site-functions/_golang
./usr/share/zsh/site-functions/_tmuxinator
./usr/share/zsh/site-functions/_dad
./usr/share/zsh/site-functions/_cf
./usr/share/zsh/site-functions/_gas
./usr/share/zsh/site-functions/_ralio
./usr/share/zsh/site-functions/_subliminal
./usr/share/zsh/site-functions/_composer
./usr/share/zsh/site-functions/_include-what-you-use
./usr/share/zsh/site-functions/_xsel
./usr/share/zsh/site-functions/_git-journal
./usr/share/zsh/site-functions/_sdd
./usr/share/zsh/site-functions/_setup.py
./usr/share/zsh/site-functions/_git-wtf
./usr/share/zsh/site-functions/_nano
./usr/share/zsh/site-functions/_rslsync
./usr/share/zsh/site-functions/_showoff
./usr/share/zsh/site-functions/_setcap
./usr/share/zsh/site-functions/_srm
./usr/share/zsh/site-functions/_ffind
./usr/share/zsh/site-functions/_mvn
./usr/share/zsh/site-functions/_homestead
./usr/share/zsh/site-functions/_teamocil
./usr/share/zsh/site-functions/_docpad
./usr/share/zsh/site-functions/_ghc
./usr/share/zsh/site-functions/_fleetctl
./usr/share/zsh/site-functions/_yarn
./usr/share/zsh/site-functions/_artisan
./usr/share/zsh/site-functions/_ecdsautil
./usr/share/zsh/site-functions/_pixz
./usr/share/zsh/site-functions/_envdir
./usr/share/zsh/site-functions/_sbt
./usr/share/zsh/site-functions/_yaourt
./usr/share/zsh/site-functions/_stack
./usr/share/zsh/site-functions/_redis-cli
./usr/share/zsh/site-functions/_nftables
./usr/share/zsh/site-functions/_pygmentize
./usr/share/zsh/site-functions/_concourse
./usr/share/zsh/site-functions/_exportfs
./usr/share/zsh/site-functions/_cask
./usr/share/zsh/site-functions/_gtk-launch
./usr/share/zsh/site-functions/_inxi
./usr/share/zsh/site-functions/_choc
./usr/share/zsh/site-functions/_force
./usr/share/zsh/site-functions/_kitchen
./usr/share/zsh/site-functions/_atach
./usr/share/zsh/site-functions/_coffee
./usr/share/zsh/site-functions/_wg-quick
./usr/share/zsh/site-functions/_hledger
./usr/share/zsh/site-functions/_fwupdmgr
./usr/share/zsh/site-functions/_flutter
./usr/share/zsh/site-functions/_gist
./usr/share/zsh/site-functions/_ibus
./usr/share/zsh/site-functions/_drush
./usr/share/zsh/site-functions/_tmuxp
./usr/share/zsh/site-functions/_thor
./usr/share/zsh/site-functions/_phing
./usr/share/zsh/site-functions/_supervisorctl
./usr/share/zsh/site-functions/_xinput
./usr/share/zsh/site-functions/_zcash-cli
./usr/share/zsh/site-functions/_trash-restore
./usr/share/zsh/site-functions/_rspec
./usr/share/zsh/site-functions/_jmeter
./usr/share/zsh/site-functions/_bower
./usr/share/zsh/site-functions/_udisksctl
./usr/share/zsh/site-functions/_scala
./usr/share/zsh/site-functions/_node
./usr/share/zsh/site-functions/_mina
./usr/share/zsh/site-functions/_conan
./usr/share/zsh/site-functions/_language_codes
./usr/share/zsh/site-functions/_bitcoin-cli
./usr/share/zsh/site-functions/_rubocop
./usr/share/zsh/site-functions/_openssl
./usr/share/zsh/site-functions/_tarsnap
./usr/share/zsh/site-functions/_play
./usr/share/zsh/site-functions/_periscope
./usr/share/zsh/site-functions/_cmake
./usr/share/zsh/site-functions/_optirun
./usr/share/zsh/site-functions/_scrub
./usr/share/zsh/site-functions/_pkcon
./usr/share/zsh/site-functions/_tox
./usr/share/zsh/site-functions/_svm
./usr/share/zsh/site-functions/_android
./usr/share/zsh/site-functions/_vnstat
./usr/share/zsh/site-functions/_google
./usr/share/zsh/site-functions/_vagrant
./usr/share/zsh/site-functions/_trash-empty
./usr/share/zsh/site-functions/_subl
./usr/share/zsh/site-functions/_glances
./usr/share/zsh/site-functions/_lunchy
./usr/share/zsh/site-functions/_rkt
./usr/share/zsh/site-functions/_patool
./usr/share/zsh/site-functions/_knife
./usr/share/zsh/site-functions/_jrnl
./usr/share/zsh/site-functions/_sfdx
./usr/share/zsh/site-functions/_git-pulls
./usr/share/zsh/site-functions/_wemux
./usr/share/zsh/site-functions/_afew
./usr/share/zsh/site-functions/_pm2
./usr/share/zsh/site-functions/_pgsql_utils
./usr/share/zsh/site-functions/_rails
./usr/share/zsh/site-functions/_chromium
./usr/share/zsh/site-functions/_debuild
./usr/share/zsh/site-functions/_virtualbox
./usr/share/zsh/site-functions/_dhcpcd
./usr/share/zsh/site-functions/_ccache
./usr/share/zsh/site-functions/_mix
./usr/share/zsh/site-functions/_trash-put
./usr/share/zsh/site-functions/_trash-list
./usr/share/zsh/site-functions/_git-flow
./usr/share/zsh/site-functions/_rfkill
./usr/share/zsh/site-functions/_console
./usr/share/zsh/site-functions/_emulator
./usr/share/zsh/site-functions/_archlinux-java
./usr/share/zsh/site-functions/_kak
./usr/share/zsh/site-functions/_jmeter-plugins
./usr/share/zsh/site-functions/_port
./usr/share/zsh/site-functions/_dget
./usr/share/zsh/site-functions/_cap
./usr/share/zsh/site-functions/_cheat
./usr/share/zsh/site-functions/_nvm
./usr/share/zsh/site-functions/_middleman
./usr/share/zsh/site-functions/_rsvm
./usr/share/zsh/site-functions/_ufw
./usr/share/zsh/site-functions/_mussh
>>> Done.
 * checking 132 files for package collisions
>>> Merging app-shells/zsh-completions-0.31.0 to /
 * removing unneeded *.la files
--- /usr/
--- /usr/share/
--- /usr/share/zsh/
--- /usr/share/zsh/site-functions/
>>> /usr/share/zsh/site-functions/_mussh
>>> /usr/share/zsh/site-functions/_ufw
>>> /usr/share/zsh/site-functions/_rsvm
>>> /usr/share/zsh/site-functions/_middleman
>>> /usr/share/zsh/site-functions/_nvm
>>> /usr/share/zsh/site-functions/_cheat
>>> /usr/share/zsh/site-functions/_cap
>>> /usr/share/zsh/site-functions/_dget
>>> /usr/share/zsh/site-functions/_port
>>> /usr/share/zsh/site-functions/_jmeter-plugins
>>> /usr/share/zsh/site-functions/_kak
>>> /usr/share/zsh/site-functions/_archlinux-java
>>> /usr/share/zsh/site-functions/_emulator
>>> /usr/share/zsh/site-functions/_console
>>> /usr/share/zsh/site-functions/_rfkill
>>> /usr/share/zsh/site-functions/_git-flow
>>> /usr/share/zsh/site-functions/_trash-list
>>> /usr/share/zsh/site-functions/_trash-put
>>> /usr/share/zsh/site-functions/_mix
>>> /usr/share/zsh/site-functions/_ccache
>>> /usr/share/zsh/site-functions/_dhcpcd
>>> /usr/share/zsh/site-functions/_virtualbox
>>> /usr/share/zsh/site-functions/_debuild
>>> /usr/share/zsh/site-functions/_chromium
>>> /usr/share/zsh/site-functions/_rails
>>> /usr/share/zsh/site-functions/_pgsql_utils
>>> /usr/share/zsh/site-functions/_pm2
>>> /usr/share/zsh/site-functions/_afew
>>> /usr/share/zsh/site-functions/_wemux
>>> /usr/share/zsh/site-functions/_git-pulls
>>> /usr/share/zsh/site-functions/_sfdx
>>> /usr/share/zsh/site-functions/_jrnl
>>> /usr/share/zsh/site-functions/_knife
>>> /usr/share/zsh/site-functions/_patool
>>> /usr/share/zsh/site-functions/_rkt
>>> /usr/share/zsh/site-functions/_lunchy
>>> /usr/share/zsh/site-functions/_glances
>>> /usr/share/zsh/site-functions/_subl
>>> /usr/share/zsh/site-functions/_trash-empty
>>> /usr/share/zsh/site-functions/_vagrant
>>> /usr/share/zsh/site-functions/_google
>>> /usr/share/zsh/site-functions/_vnstat
>>> /usr/share/zsh/site-functions/_android
>>> /usr/share/zsh/site-functions/_svm
>>> /usr/share/zsh/site-functions/_tox
>>> /usr/share/zsh/site-functions/_pkcon
>>> /usr/share/zsh/site-functions/_scrub
>>> /usr/share/zsh/site-functions/_optirun
>>> /usr/share/zsh/site-functions/_cmake
>>> /usr/share/zsh/site-functions/_periscope
>>> /usr/share/zsh/site-functions/_play
>>> /usr/share/zsh/site-functions/_tarsnap
>>> /usr/share/zsh/site-functions/_openssl
>>> /usr/share/zsh/site-functions/_rubocop
>>> /usr/share/zsh/site-functions/_bitcoin-cli
>>> /usr/share/zsh/site-functions/_language_codes
>>> /usr/share/zsh/site-functions/_conan
>>> /usr/share/zsh/site-functions/_mina
>>> /usr/share/zsh/site-functions/_node
>>> /usr/share/zsh/site-functions/_scala
>>> /usr/share/zsh/site-functions/_udisksctl
>>> /usr/share/zsh/site-functions/_bower
>>> /usr/share/zsh/site-functions/_jmeter
>>> /usr/share/zsh/site-functions/_rspec
>>> /usr/share/zsh/site-functions/_trash-restore
>>> /usr/share/zsh/site-functions/_zcash-cli
>>> /usr/share/zsh/site-functions/_xinput
>>> /usr/share/zsh/site-functions/_supervisorctl
>>> /usr/share/zsh/site-functions/_phing
>>> /usr/share/zsh/site-functions/_thor
>>> /usr/share/zsh/site-functions/_tmuxp
>>> /usr/share/zsh/site-functions/_drush
>>> /usr/share/zsh/site-functions/_ibus
>>> /usr/share/zsh/site-functions/_gist
>>> /usr/share/zsh/site-functions/_flutter
>>> /usr/share/zsh/site-functions/_fwupdmgr
>>> /usr/share/zsh/site-functions/_hledger
>>> /usr/share/zsh/site-functions/_wg-quick
>>> /usr/share/zsh/site-functions/_coffee
>>> /usr/share/zsh/site-functions/_atach
>>> /usr/share/zsh/site-functions/_kitchen
>>> /usr/share/zsh/site-functions/_force
>>> /usr/share/zsh/site-functions/_choc
>>> /usr/share/zsh/site-functions/_inxi
>>> /usr/share/zsh/site-functions/_gtk-launch
>>> /usr/share/zsh/site-functions/_cask
>>> /usr/share/zsh/site-functions/_exportfs
>>> /usr/share/zsh/site-functions/_concourse
>>> /usr/share/zsh/site-functions/_pygmentize
>>> /usr/share/zsh/site-functions/_nftables
>>> /usr/share/zsh/site-functions/_redis-cli
>>> /usr/share/zsh/site-functions/_stack
>>> /usr/share/zsh/site-functions/_yaourt
>>> /usr/share/zsh/site-functions/_sbt
>>> /usr/share/zsh/site-functions/_envdir
>>> /usr/share/zsh/site-functions/_pixz
>>> /usr/share/zsh/site-functions/_ecdsautil
>>> /usr/share/zsh/site-functions/_artisan
>>> /usr/share/zsh/site-functions/_yarn
>>> /usr/share/zsh/site-functions/_fleetctl
>>> /usr/share/zsh/site-functions/_ghc
>>> /usr/share/zsh/site-functions/_docpad
>>> /usr/share/zsh/site-functions/_teamocil
>>> /usr/share/zsh/site-functions/_homestead
>>> /usr/share/zsh/site-functions/_mvn
>>> /usr/share/zsh/site-functions/_ffind
>>> /usr/share/zsh/site-functions/_srm
>>> /usr/share/zsh/site-functions/_setcap
>>> /usr/share/zsh/site-functions/_showoff
>>> /usr/share/zsh/site-functions/_rslsync
>>> /usr/share/zsh/site-functions/_nano
>>> /usr/share/zsh/site-functions/_git-wtf
>>> /usr/share/zsh/site-functions/_setup.py
>>> /usr/share/zsh/site-functions/_sdd
>>> /usr/share/zsh/site-functions/_git-journal
>>> /usr/share/zsh/site-functions/_xsel
>>> /usr/share/zsh/site-functions/_include-what-you-use
>>> /usr/share/zsh/site-functions/_composer
>>> /usr/share/zsh/site-functions/_subliminal
>>> /usr/share/zsh/site-functions/_ralio
>>> /usr/share/zsh/site-functions/_gas
>>> /usr/share/zsh/site-functions/_cf
>>> /usr/share/zsh/site-functions/_dad
>>> /usr/share/zsh/site-functions/_tmuxinator
>>> /usr/share/zsh/site-functions/_golang
>>> /usr/share/zsh/site-functions/_fab
>>> /usr/share/zsh/site-functions/_perf
>>> /usr/share/zsh/site-functions/_caffeinate
>>> /usr/share/zsh/site-functions/_bundle
>>> /usr/share/zsh/site-functions/_jonas
>>> /usr/share/zsh/site-functions/_httpie
>>> /usr/share/zsh/site-functions/_diana
>>> Safely unmerging already-installed instance...
!!! File Not Found: '/etc/env.d/99lcdfilter'
>>> Original instance of package unmerged safely.
 * 
 * If you happen to compile your functions, you may need to delete
 * ~/.zcompdump{,.zwc} and recompile to make the new completions available
 * to your shell.
 * 
>>> app-shells/zsh-completions-0.31.0 merged.
!!! File Not Found: '/etc/env.d/99lcdfilter'
