 * Package:    app-text/iso-codes-4.4
 * Repository: gentoo
 * Maintainer: gnome@gentoo.org
 * USE:        abi_x86_64 amd64 elibc_glibc kernel_linux userland_GNU
 * FEATURES:   ccache network-sandbox preserve-libs sandbox userpriv usersandbox
 * /etc/portage/package.cflags/ltoworkarounds.conf -> */*: *FLAGS+=-Wl,-O4 *FLAGS-=-Wl,-O1
 * FEATURES='assume-digests binpkg-docompress binpkg-dostrip binpkg-logs binpkg-multi-instance buildpkg ccache cgroup compress-index config-protect-if-modified distlocks fixlafiles ipc-sandbox merge-sync multilib-strict network-sandbox news nodoc parallel-fetch parallel-install pid-sandbox preserve-libs qa-unresolved-soname-deps sandbox sfperms strict unknown-features-warn unmerge-logs unmerge-orphans userfetch userpriv usersandbox usersync xattr'
 * CFLAGS='-march=znver2 -pipe -g0 -O3 -fgraphite-identity -floop-nest-optimize -fdevirtualize-at-ltrans -fipa-pta -fno-semantic-interposition -flto=12 -fno-plt -fno-signed-zeros -fno-trapping-math -fassociative-math -freciprocal-math -fno-math-errno -ffinite-math-only -fno-rounding-math -fno-signaling-nans -fcx-limited-range -fexcess-precision=fast -falign-functions=32 -fno-stack-protector -fno-stack-clash-protection -fstack-check=no -fno-stack-check -fuse-linker-plugin -Wl,-O4 -Wl,--as-needed -Wl,-lpthread -Wl,-lgomp -Wl,-z,norelro -Wl,-z,now -Wl,--sort-common -s'
 * CXXFLAGS='-march=znver2 -pipe -g0 -O3 -fgraphite-identity -floop-nest-optimize -fdevirtualize-at-ltrans -fipa-pta -fno-semantic-interposition -flto=12 -fno-plt -fno-signed-zeros -fno-trapping-math -fassociative-math -freciprocal-math -fno-math-errno -ffinite-math-only -fno-rounding-math -fno-signaling-nans -fcx-limited-range -fexcess-precision=fast -falign-functions=32 -fno-stack-protector -fno-stack-clash-protection -fstack-check=no -fno-stack-check -fuse-linker-plugin -Wl,-O4 -Wl,--as-needed -Wl,-lpthread -Wl,-lgomp -Wl,-z,norelro -Wl,-z,now -Wl,--sort-common -s'
 * FFLAGS='-march=znver2 -pipe -g0 -O3 -fgraphite-identity -floop-nest-optimize -fdevirtualize-at-ltrans -fipa-pta -fno-semantic-interposition -flto=12 -fno-plt -fno-signed-zeros -fno-trapping-math -fassociative-math -freciprocal-math -fno-math-errno -ffinite-math-only -fno-rounding-math -fno-signaling-nans -fcx-limited-range -fexcess-precision=fast -falign-functions=32 -fno-stack-protector -fno-stack-clash-protection -fstack-check=no -fno-stack-check -fuse-linker-plugin -Wl,-O4 -Wl,--as-needed -Wl,-lpthread -Wl,-lgomp -Wl,-z,norelro -Wl,-z,now -Wl,--sort-common -s'
 * FCFLAGS='-march=znver2 -pipe -g0 -O3 -fgraphite-identity -floop-nest-optimize -fdevirtualize-at-ltrans -fipa-pta -fno-semantic-interposition -flto=12 -fno-plt -fno-signed-zeros -fno-trapping-math -fassociative-math -freciprocal-math -fno-math-errno -ffinite-math-only -fno-rounding-math -fno-signaling-nans -fcx-limited-range -fexcess-precision=fast -falign-functions=32 -fno-stack-protector -fno-stack-clash-protection -fstack-check=no -fno-stack-check -fuse-linker-plugin -Wl,-O4 -Wl,--as-needed -Wl,-lpthread -Wl,-lgomp -Wl,-z,norelro -Wl,-z,now -Wl,--sort-common -s'
 * F77FLAGS='-march=znver2 -pipe -g0 -O3 -fgraphite-identity -floop-nest-optimize -fdevirtualize-at-ltrans -fipa-pta -fno-semantic-interposition -flto=12 -fno-plt -fno-signed-zeros -fno-trapping-math -fassociative-math -freciprocal-math -fno-math-errno -ffinite-math-only -fno-rounding-math -fno-signaling-nans -fcx-limited-range -fexcess-precision=fast -falign-functions=32 -fno-stack-protector -fno-stack-clash-protection -fstack-check=no -fno-stack-check -fuse-linker-plugin -Wl,-O4 -Wl,--as-needed -Wl,-lpthread -Wl,-lgomp -Wl,-z,norelro -Wl,-z,now -Wl,--sort-common -s'
 * LDFLAGS='-march=znver2 -pipe -g0 -O3 -fgraphite-identity -floop-nest-optimize -fdevirtualize-at-ltrans -fipa-pta -fno-semantic-interposition -flto=12 -fno-plt -fno-signed-zeros -fno-trapping-math -fassociative-math -freciprocal-math -fno-math-errno -ffinite-math-only -fno-rounding-math -fno-signaling-nans -fcx-limited-range -fexcess-precision=fast -falign-functions=32 -fno-stack-protector -fno-stack-clash-protection -fstack-check=no -fno-stack-check -fuse-linker-plugin -Wl,-O4 -Wl,--as-needed -Wl,-lpthread -Wl,-lgomp -Wl,-z,norelro -Wl,-z,now -Wl,--sort-common -s'
 * MAKEOPTS='-j12 -l12'
 * gcc () 11.0.0 20200531 (experimental)
 * g++ () 11.0.0 20200531 (experimental)
 * GNU ld (Gentoo 2.34 p4) 2.34.0
 * Linux ryzen.gnum.org 5.4.36 #1 SMP Thu Apr 30 04:38:28 UTC 2020 x86_64 AMD Ryzen 5 3600 6-Core Processor AuthenticAMD GNU/Linux
app-text/iso-codes: 11 seconds average for 5 merges
2020-05-20T01:12:10 >>> app-text/iso-codes: 4 seconds
2020-05-21T06:09:20 >>> app-text/iso-codes: 5 seconds
2020-05-26T14:10:40 >>> app-text/iso-codes: 9 seconds
2020-05-28T14:34:16 >>> app-text/iso-codes: 6 seconds
2020-05-30T23:57:17 >>> app-text/iso-codes: 32 seconds
]0;emerge 08:11:36 1590991897:  === Unmerging... (dev-python/pycodestyle-2.6.0) iso-codes 00:16 (root@ryzen.gnum.org)kemerge 08:11:36 1590991897:  === Unmerging... (dev-python/pycodestyle-2.6.0) iso-codes 00:16 (root@ryzen.gnum.org)\ * Using python3.8 to build
>>> Unpacking source...
>>> Unpacking iso-codes-4.4.tar.gz to /tmp/portage/app-text/iso-codes-4.4/work
>>> Source unpacked in /tmp/portage/app-text/iso-codes-4.4/work
>>> Preparing source in /tmp/portage/app-text/iso-codes-4.4/work/iso-codes-iso-codes-4.4 ...
 * Looking for new locales ...
 [ ok ]
 * Preparing iso_15924 ...
 * Preparing iso_3166-1 ...
 * Preparing iso_3166-2 ...
 * Preparing iso_3166-3 ...
 * Preparing iso_4217 ...
 * Preparing iso_639-2 ...
 * Preparing iso_639-3 ...
 * Preparing iso_639-5 ...
>>> Source prepared.
>>> Configuring source in /tmp/portage/app-text/iso-codes-4.4/work/iso-codes-iso-codes-4.4 ...
./configure --prefix=/usr --build=x86_64-pc-linux-gnu --host=x86_64-pc-linux-gnu --mandir=/usr/share/man --infodir=/usr/share/info --datadir=/usr/share --sysconfdir=/etc --localstatedir=/var/lib --disable-silent-rules --docdir=/usr/share/doc/iso-codes-4.4 --htmldir=/usr/share/doc/iso-codes-4.4/html --libdir=/usr/lib64
checking for a BSD-compatible install... /tmp/portage/._portage_reinstall_.fkxx96qe/bin/ebuild-helpers/xattr/install -c
checking whether build environment is sane... yes
checking for a thread-safe mkdir -p... /bin/mkdir -p
checking for gawk... gawk
checking whether make sets $(MAKE)... yes
checking whether make supports nested variables... yes
checking whether to enable maintainer-specific portions of Makefiles... no
checking whether ln -s works... yes
checking for msgmerge... /usr/bin/msgmerge
checking for msgfmt... /usr/bin/msgfmt
checking for msgfilter... /usr/bin/msgfilter
checking for msgattrib... /usr/bin/msgattrib
checking for recode-sr-latin... /usr/bin/recode-sr-latin
checking if /usr/bin/msgfmt is GNU msgfmt... yes
checking that generated files are newer than configure... done
configure: creating ./config.status
config.status: creating Makefile
config.status: creating iso-codes.pc
config.status: creating iso_639-2/Makefile
config.status: creating iso_639-3/Makefile
config.status: creating iso_639-5/Makefile
config.status: creating iso_3166-1/Makefile
config.status: creating iso_3166-2/Makefile
config.status: creating iso_3166-3/Makefile
config.status: creating iso_4217/Makefile
config.status: creating iso_15924/Makefile
>>> Source configured.
>>> Compiling source in /tmp/portage/app-text/iso-codes-4.4/work/iso-codes-iso-codes-4.4 ...
make -j12 -l12 
Making all in iso_639-2
make[1]: Entering directory '/tmp/portage/app-text/iso-codes-4.4/work/iso-codes-iso-codes-4.4/iso_639-2'
python3 ../bin/xml_from_json.py iso_639-2 ../data iso_639-2.xml
make[1]: Leaving directory '/tmp/portage/app-text/iso-codes-4.4/work/iso-codes-iso-codes-4.4/iso_639-2'
Making all in iso_639-3
make[1]: Entering directory '/tmp/portage/app-text/iso-codes-4.4/work/iso-codes-iso-codes-4.4/iso_639-3'
python3 ../bin/xml_from_json.py iso_639-3 ../data iso_639-3.xml
make[1]: Leaving directory '/tmp/portage/app-text/iso-codes-4.4/work/iso-codes-iso-codes-4.4/iso_639-3'
Making all in iso_639-5
make[1]: Entering directory '/tmp/portage/app-text/iso-codes-4.4/work/iso-codes-iso-codes-4.4/iso_639-5'
python3 ../bin/xml_from_json.py iso_639-5 ../data iso_639-5.xml
make[1]: Leaving directory '/tmp/portage/app-text/iso-codes-4.4/work/iso-codes-iso-codes-4.4/iso_639-5'
Making all in iso_3166-1
make[1]: Entering directory '/tmp/portage/app-text/iso-codes-4.4/work/iso-codes-iso-codes-4.4/iso_3166-1'
python3 ../bin/xml_from_json.py iso_3166-1 ../data iso_3166-1.xml
make[1]: Leaving directory '/tmp/portage/app-text/iso-codes-4.4/work/iso-codes-iso-codes-4.4/iso_3166-1'
Making all in iso_3166-2
make[1]: Entering directory '/tmp/portage/app-text/iso-codes-4.4/work/iso-codes-iso-codes-4.4/iso_3166-2'
python3 ../bin/xml_from_json.py iso_3166-2 ../data iso_3166-2.xml
/usr/bin/msgfmt --verbose --check -o en.mo en.po
2526 translated messages, 1586 fuzzy translations, 624 untranslated messages.
make[1]: Leaving directory '/tmp/portage/app-text/iso-codes-4.4/work/iso-codes-iso-codes-4.4/iso_3166-2'
Making all in iso_3166-3
make[1]: Entering directory '/tmp/portage/app-text/iso-codes-4.4/work/iso-codes-iso-codes-4.4/iso_3166-3'
python3 ../bin/xml_from_json.py iso_3166-3 ../data iso_3166-3.xml
make[1]: Leaving directory '/tmp/portage/app-text/iso-codes-4.4/work/iso-codes-iso-codes-4.4/iso_3166-3'
Making all in iso_4217
make[1]: Entering directory '/tmp/portage/app-text/iso-codes-4.4/work/iso-codes-iso-codes-4.4/iso_4217'
python3 ../bin/xml_from_json.py iso_4217 ../data iso_4217.xml
make[1]: Leaving directory '/tmp/portage/app-text/iso-codes-4.4/work/iso-codes-iso-codes-4.4/iso_4217'
Making all in iso_15924
make[1]: Entering directory '/tmp/portage/app-text/iso-codes-4.4/work/iso-codes-iso-codes-4.4/iso_15924'
python3 ../bin/xml_from_json.py iso_15924 ../data iso_15924.xml
make[1]: Leaving directory '/tmp/portage/app-text/iso-codes-4.4/work/iso-codes-iso-codes-4.4/iso_15924'
make[1]: Entering directory '/tmp/portage/app-text/iso-codes-4.4/work/iso-codes-iso-codes-4.4'
make[1]: Nothing to be done for 'all-am'.
make[1]: Leaving directory '/tmp/portage/app-text/iso-codes-4.4/work/iso-codes-iso-codes-4.4'
>>> Source compiled.
>>> Test phase [not enabled]: app-text/iso-codes-4.4

>>> Install app-text/iso-codes-4.4 into /tmp/portage/app-text/iso-codes-4.4/image
make -j12 -l12 DESTDIR=/tmp/portage/app-text/iso-codes-4.4/image install 
Making install in iso_639-2
make[1]: Entering directory '/tmp/portage/app-text/iso-codes-4.4/work/iso-codes-iso-codes-4.4/iso_639-2'
make[2]: Entering directory '/tmp/portage/app-text/iso-codes-4.4/work/iso-codes-iso-codes-4.4/iso_639-2'
make[2]: Nothing to be done for 'install-exec-am'.
 /bin/mkdir -p '/tmp/portage/app-text/iso-codes-4.4/image/usr/share/xml/iso-codes'
 /tmp/portage/._portage_reinstall_.fkxx96qe/bin/ebuild-helpers/xattr/install -c -m 644 iso_639-2.xml '/tmp/portage/app-text/iso-codes-4.4/image/usr/share/xml/iso-codes'
make  install-data-hook
make[3]: Entering directory '/tmp/portage/app-text/iso-codes-4.4/work/iso-codes-iso-codes-4.4/iso_639-2'
/bin/sh /tmp/portage/app-text/iso-codes-4.4/work/iso-codes-iso-codes-4.4/install-sh -d /tmp/portage/app-text/iso-codes-4.4/image/usr/share/locale
catalogs=''; \
for cat in $catalogs; do \
	cat=`basename $cat`; \
	lang=`echo $cat | sed 's/\.mo$//'`; \
	dir=/tmp/portage/app-text/iso-codes-4.4/image/usr/share/locale/$lang/LC_MESSAGES; \
	/bin/sh /tmp/portage/app-text/iso-codes-4.4/work/iso-codes-iso-codes-4.4/install-sh -d $dir; \
	/tmp/portage/._portage_reinstall_.fkxx96qe/bin/ebuild-helpers/xattr/install -c -m 644 $cat $dir/iso_639-2.mo; \
	if [ "iso_639-2" = "iso_639-2" ]; then (cd $dir && ln -s iso_639-2.mo iso_639.mo); fi; \
	if [ "iso_639-2" = "iso_639-3" ]; then (cd $dir && ln -s iso_639-2.mo iso_639_3.mo); fi; \
	if [ "iso_639-2" = "iso_639-5" ]; then (cd $dir && ln -s iso_639-2.mo iso_639_5.mo); fi; \
	if [ "iso_639-2" = "iso_3166-1" ]; then (cd $dir && ln -s iso_639-2.mo iso_3166.mo); fi; \
	if [ "iso_639-2" = "iso_3166-2" ]; then (cd $dir && ln -s iso_639-2.mo iso_3166_2.mo); fi; \
done
if [ "iso_639-2" = "iso_639-2" ]; then (cd /tmp/portage/app-text/iso-codes-4.4/image/usr/share/xml/iso-codes && ln -s iso_639-2.xml iso_639.xml); fi
if [ "iso_639-2" = "iso_639-3" ]; then (cd /tmp/portage/app-text/iso-codes-4.4/image/usr/share/xml/iso-codes && ln -s iso_639-2.xml iso_639_3.xml); fi
if [ "iso_639-2" = "iso_639-5" ]; then (cd /tmp/portage/app-text/iso-codes-4.4/image/usr/share/xml/iso-codes && ln -s iso_639-2.xml iso_639_5.xml); fi
if [ "iso_639-2" = "iso_3166-1" ]; then (cd /tmp/portage/app-text/iso-codes-4.4/image/usr/share/xml/iso-codes && ln -s iso_639-2.xml iso_3166.xml); fi
if [ "iso_639-2" = "iso_3166-2" ]; then (cd /tmp/portage/app-text/iso-codes-4.4/image/usr/share/xml/iso-codes && ln -s iso_639-2.xml iso_3166_2.xml); fi
make[3]: Leaving directory '/tmp/portage/app-text/iso-codes-4.4/work/iso-codes-iso-codes-4.4/iso_639-2'
make[2]: Leaving directory '/tmp/portage/app-text/iso-codes-4.4/work/iso-codes-iso-codes-4.4/iso_639-2'
make[1]: Leaving directory '/tmp/portage/app-text/iso-codes-4.4/work/iso-codes-iso-codes-4.4/iso_639-2'
Making install in iso_639-3
make[1]: Entering directory '/tmp/portage/app-text/iso-codes-4.4/work/iso-codes-iso-codes-4.4/iso_639-3'
make[2]: Entering directory '/tmp/portage/app-text/iso-codes-4.4/work/iso-codes-iso-codes-4.4/iso_639-3'
make[2]: Nothing to be done for 'install-exec-am'.
 /bin/mkdir -p '/tmp/portage/app-text/iso-codes-4.4/image/usr/share/xml/iso-codes'
 /tmp/portage/._portage_reinstall_.fkxx96qe/bin/ebuild-helpers/xattr/install -c -m 644 iso_639-3.xml '/tmp/portage/app-text/iso-codes-4.4/image/usr/share/xml/iso-codes'
make  install-data-hook
make[3]: Entering directory '/tmp/portage/app-text/iso-codes-4.4/work/iso-codes-iso-codes-4.4/iso_639-3'
/bin/sh /tmp/portage/app-text/iso-codes-4.4/work/iso-codes-iso-codes-4.4/install-sh -d /tmp/portage/app-text/iso-codes-4.4/image/usr/share/locale
catalogs=''; \
for cat in $catalogs; do \
	cat=`basename $cat`; \
	lang=`echo $cat | sed 's/\.mo$//'`; \
	dir=/tmp/portage/app-text/iso-codes-4.4/image/usr/share/locale/$lang/LC_MESSAGES; \
	/bin/sh /tmp/portage/app-text/iso-codes-4.4/work/iso-codes-iso-codes-4.4/install-sh -d $dir; \
	/tmp/portage/._portage_reinstall_.fkxx96qe/bin/ebuild-helpers/xattr/install -c -m 644 $cat $dir/iso_639-3.mo; \
	if [ "iso_639-3" = "iso_639-2" ]; then (cd $dir && ln -s iso_639-3.mo iso_639.mo); fi; \
	if [ "iso_639-3" = "iso_639-3" ]; then (cd $dir && ln -s iso_639-3.mo iso_639_3.mo); fi; \
	if [ "iso_639-3" = "iso_639-5" ]; then (cd $dir && ln -s iso_639-3.mo iso_639_5.mo); fi; \
	if [ "iso_639-3" = "iso_3166-1" ]; then (cd $dir && ln -s iso_639-3.mo iso_3166.mo); fi; \
	if [ "iso_639-3" = "iso_3166-2" ]; then (cd $dir && ln -s iso_639-3.mo iso_3166_2.mo); fi; \
done
if [ "iso_639-3" = "iso_639-2" ]; then (cd /tmp/portage/app-text/iso-codes-4.4/image/usr/share/xml/iso-codes && ln -s iso_639-3.xml iso_639.xml); fi
if [ "iso_639-3" = "iso_639-3" ]; then (cd /tmp/portage/app-text/iso-codes-4.4/image/usr/share/xml/iso-codes && ln -s iso_639-3.xml iso_639_3.xml); fi
if [ "iso_639-3" = "iso_639-5" ]; then (cd /tmp/portage/app-text/iso-codes-4.4/image/usr/share/xml/iso-codes && ln -s iso_639-3.xml iso_639_5.xml); fi
if [ "iso_639-3" = "iso_3166-1" ]; then (cd /tmp/portage/app-text/iso-codes-4.4/image/usr/share/xml/iso-codes && ln -s iso_639-3.xml iso_3166.xml); fi
if [ "iso_639-3" = "iso_3166-2" ]; then (cd /tmp/portage/app-text/iso-codes-4.4/image/usr/share/xml/iso-codes && ln -s iso_639-3.xml iso_3166_2.xml); fi
make[3]: Leaving directory '/tmp/portage/app-text/iso-codes-4.4/work/iso-codes-iso-codes-4.4/iso_639-3'
make[2]: Leaving directory '/tmp/portage/app-text/iso-codes-4.4/work/iso-codes-iso-codes-4.4/iso_639-3'
make[1]: Leaving directory '/tmp/portage/app-text/iso-codes-4.4/work/iso-codes-iso-codes-4.4/iso_639-3'
Making install in iso_639-5
make[1]: Entering directory '/tmp/portage/app-text/iso-codes-4.4/work/iso-codes-iso-codes-4.4/iso_639-5'
make[2]: Entering directory '/tmp/portage/app-text/iso-codes-4.4/work/iso-codes-iso-codes-4.4/iso_639-5'
make[2]: Nothing to be done for 'install-exec-am'.
 /bin/mkdir -p '/tmp/portage/app-text/iso-codes-4.4/image/usr/share/xml/iso-codes'
 /tmp/portage/._portage_reinstall_.fkxx96qe/bin/ebuild-helpers/xattr/install -c -m 644 iso_639-5.xml '/tmp/portage/app-text/iso-codes-4.4/image/usr/share/xml/iso-codes'
make  install-data-hook
make[3]: Entering directory '/tmp/portage/app-text/iso-codes-4.4/work/iso-codes-iso-codes-4.4/iso_639-5'
/bin/sh /tmp/portage/app-text/iso-codes-4.4/work/iso-codes-iso-codes-4.4/install-sh -d /tmp/portage/app-text/iso-codes-4.4/image/usr/share/locale
catalogs=''; \
for cat in $catalogs; do \
	cat=`basename $cat`; \
	lang=`echo $cat | sed 's/\.mo$//'`; \
	dir=/tmp/portage/app-text/iso-codes-4.4/image/usr/share/locale/$lang/LC_MESSAGES; \
	/bin/sh /tmp/portage/app-text/iso-codes-4.4/work/iso-codes-iso-codes-4.4/install-sh -d $dir; \
	/tmp/portage/._portage_reinstall_.fkxx96qe/bin/ebuild-helpers/xattr/install -c -m 644 $cat $dir/iso_639-5.mo; \
	if [ "iso_639-5" = "iso_639-2" ]; then (cd $dir && ln -s iso_639-5.mo iso_639.mo); fi; \
	if [ "iso_639-5" = "iso_639-3" ]; then (cd $dir && ln -s iso_639-5.mo iso_639_3.mo); fi; \
	if [ "iso_639-5" = "iso_639-5" ]; then (cd $dir && ln -s iso_639-5.mo iso_639_5.mo); fi; \
	if [ "iso_639-5" = "iso_3166-1" ]; then (cd $dir && ln -s iso_639-5.mo iso_3166.mo); fi; \
	if [ "iso_639-5" = "iso_3166-2" ]; then (cd $dir && ln -s iso_639-5.mo iso_3166_2.mo); fi; \
done
if [ "iso_639-5" = "iso_639-2" ]; then (cd /tmp/portage/app-text/iso-codes-4.4/image/usr/share/xml/iso-codes && ln -s iso_639-5.xml iso_639.xml); fi
if [ "iso_639-5" = "iso_639-3" ]; then (cd /tmp/portage/app-text/iso-codes-4.4/image/usr/share/xml/iso-codes && ln -s iso_639-5.xml iso_639_3.xml); fi
if [ "iso_639-5" = "iso_639-5" ]; then (cd /tmp/portage/app-text/iso-codes-4.4/image/usr/share/xml/iso-codes && ln -s iso_639-5.xml iso_639_5.xml); fi
if [ "iso_639-5" = "iso_3166-1" ]; then (cd /tmp/portage/app-text/iso-codes-4.4/image/usr/share/xml/iso-codes && ln -s iso_639-5.xml iso_3166.xml); fi
if [ "iso_639-5" = "iso_3166-2" ]; then (cd /tmp/portage/app-text/iso-codes-4.4/image/usr/share/xml/iso-codes && ln -s iso_639-5.xml iso_3166_2.xml); fi
make[3]: Leaving directory '/tmp/portage/app-text/iso-codes-4.4/work/iso-codes-iso-codes-4.4/iso_639-5'
make[2]: Leaving directory '/tmp/portage/app-text/iso-codes-4.4/work/iso-codes-iso-codes-4.4/iso_639-5'
make[1]: Leaving directory '/tmp/portage/app-text/iso-codes-4.4/work/iso-codes-iso-codes-4.4/iso_639-5'
Making install in iso_3166-1
make[1]: Entering directory '/tmp/portage/app-text/iso-codes-4.4/work/iso-codes-iso-codes-4.4/iso_3166-1'
make[2]: Entering directory '/tmp/portage/app-text/iso-codes-4.4/work/iso-codes-iso-codes-4.4/iso_3166-1'
make[2]: Nothing to be done for 'install-exec-am'.
 /bin/mkdir -p '/tmp/portage/app-text/iso-codes-4.4/image/usr/share/xml/iso-codes'
 /tmp/portage/._portage_reinstall_.fkxx96qe/bin/ebuild-helpers/xattr/install -c -m 644 iso_3166-1.xml '/tmp/portage/app-text/iso-codes-4.4/image/usr/share/xml/iso-codes'
make  install-data-hook
make[3]: Entering directory '/tmp/portage/app-text/iso-codes-4.4/work/iso-codes-iso-codes-4.4/iso_3166-1'
/bin/sh /tmp/portage/app-text/iso-codes-4.4/work/iso-codes-iso-codes-4.4/install-sh -d /tmp/portage/app-text/iso-codes-4.4/image/usr/share/locale
catalogs=''; \
for cat in $catalogs; do \
	cat=`basename $cat`; \
	lang=`echo $cat | sed 's/\.mo$//'`; \
	dir=/tmp/portage/app-text/iso-codes-4.4/image/usr/share/locale/$lang/LC_MESSAGES; \
	/bin/sh /tmp/portage/app-text/iso-codes-4.4/work/iso-codes-iso-codes-4.4/install-sh -d $dir; \
	/tmp/portage/._portage_reinstall_.fkxx96qe/bin/ebuild-helpers/xattr/install -c -m 644 $cat $dir/iso_3166-1.mo; \
	if [ "iso_3166-1" = "iso_639-2" ]; then (cd $dir && ln -s iso_3166-1.mo iso_639.mo); fi; \
	if [ "iso_3166-1" = "iso_639-3" ]; then (cd $dir && ln -s iso_3166-1.mo iso_639_3.mo); fi; \
	if [ "iso_3166-1" = "iso_639-5" ]; then (cd $dir && ln -s iso_3166-1.mo iso_639_5.mo); fi; \
	if [ "iso_3166-1" = "iso_3166-1" ]; then (cd $dir && ln -s iso_3166-1.mo iso_3166.mo); fi; \
	if [ "iso_3166-1" = "iso_3166-2" ]; then (cd $dir && ln -s iso_3166-1.mo iso_3166_2.mo); fi; \
done
if [ "iso_3166-1" = "iso_639-2" ]; then (cd /tmp/portage/app-text/iso-codes-4.4/image/usr/share/xml/iso-codes && ln -s iso_3166-1.xml iso_639.xml); fi
if [ "iso_3166-1" = "iso_639-3" ]; then (cd /tmp/portage/app-text/iso-codes-4.4/image/usr/share/xml/iso-codes && ln -s iso_3166-1.xml iso_639_3.xml); fi
if [ "iso_3166-1" = "iso_639-5" ]; then (cd /tmp/portage/app-text/iso-codes-4.4/image/usr/share/xml/iso-codes && ln -s iso_3166-1.xml iso_639_5.xml); fi
if [ "iso_3166-1" = "iso_3166-1" ]; then (cd /tmp/portage/app-text/iso-codes-4.4/image/usr/share/xml/iso-codes && ln -s iso_3166-1.xml iso_3166.xml); fi
if [ "iso_3166-1" = "iso_3166-2" ]; then (cd /tmp/portage/app-text/iso-codes-4.4/image/usr/share/xml/iso-codes && ln -s iso_3166-1.xml iso_3166_2.xml); fi
make[3]: Leaving directory '/tmp/portage/app-text/iso-codes-4.4/work/iso-codes-iso-codes-4.4/iso_3166-1'
make[2]: Leaving directory '/tmp/portage/app-text/iso-codes-4.4/work/iso-codes-iso-codes-4.4/iso_3166-1'
make[1]: Leaving directory '/tmp/portage/app-text/iso-codes-4.4/work/iso-codes-iso-codes-4.4/iso_3166-1'
Making install in iso_3166-2
make[1]: Entering directory '/tmp/portage/app-text/iso-codes-4.4/work/iso-codes-iso-codes-4.4/iso_3166-2'
make[2]: Entering directory '/tmp/portage/app-text/iso-codes-4.4/work/iso-codes-iso-codes-4.4/iso_3166-2'
make[2]: Nothing to be done for 'install-exec-am'.
 /bin/mkdir -p '/tmp/portage/app-text/iso-codes-4.4/image/usr/share/xml/iso-codes'
 /tmp/portage/._portage_reinstall_.fkxx96qe/bin/ebuild-helpers/xattr/install -c -m 644 iso_3166-2.xml '/tmp/portage/app-text/iso-codes-4.4/image/usr/share/xml/iso-codes'
make  install-data-hook
make[3]: Entering directory '/tmp/portage/app-text/iso-codes-4.4/work/iso-codes-iso-codes-4.4/iso_3166-2'
/bin/sh /tmp/portage/app-text/iso-codes-4.4/work/iso-codes-iso-codes-4.4/install-sh -d /tmp/portage/app-text/iso-codes-4.4/image/usr/share/locale
catalogs='en.mo'; \
for cat in $catalogs; do \
	cat=`basename $cat`; \
	lang=`echo $cat | sed 's/\.mo$//'`; \
	dir=/tmp/portage/app-text/iso-codes-4.4/image/usr/share/locale/$lang/LC_MESSAGES; \
	/bin/sh /tmp/portage/app-text/iso-codes-4.4/work/iso-codes-iso-codes-4.4/install-sh -d $dir; \
	/tmp/portage/._portage_reinstall_.fkxx96qe/bin/ebuild-helpers/xattr/install -c -m 644 $cat $dir/iso_3166-2.mo; \
	if [ "iso_3166-2" = "iso_639-2" ]; then (cd $dir && ln -s iso_3166-2.mo iso_639.mo); fi; \
	if [ "iso_3166-2" = "iso_639-3" ]; then (cd $dir && ln -s iso_3166-2.mo iso_639_3.mo); fi; \
	if [ "iso_3166-2" = "iso_639-5" ]; then (cd $dir && ln -s iso_3166-2.mo iso_639_5.mo); fi; \
	if [ "iso_3166-2" = "iso_3166-1" ]; then (cd $dir && ln -s iso_3166-2.mo iso_3166.mo); fi; \
	if [ "iso_3166-2" = "iso_3166-2" ]; then (cd $dir && ln -s iso_3166-2.mo iso_3166_2.mo); fi; \
done
if [ "iso_3166-2" = "iso_639-2" ]; then (cd /tmp/portage/app-text/iso-codes-4.4/image/usr/share/xml/iso-codes && ln -s iso_3166-2.xml iso_639.xml); fi
if [ "iso_3166-2" = "iso_639-3" ]; then (cd /tmp/portage/app-text/iso-codes-4.4/image/usr/share/xml/iso-codes && ln -s iso_3166-2.xml iso_639_3.xml); fi
if [ "iso_3166-2" = "iso_639-5" ]; then (cd /tmp/portage/app-text/iso-codes-4.4/image/usr/share/xml/iso-codes && ln -s iso_3166-2.xml iso_639_5.xml); fi
if [ "iso_3166-2" = "iso_3166-1" ]; then (cd /tmp/portage/app-text/iso-codes-4.4/image/usr/share/xml/iso-codes && ln -s iso_3166-2.xml iso_3166.xml); fi
if [ "iso_3166-2" = "iso_3166-2" ]; then (cd /tmp/portage/app-text/iso-codes-4.4/image/usr/share/xml/iso-codes && ln -s iso_3166-2.xml iso_3166_2.xml); fi
make[3]: Leaving directory '/tmp/portage/app-text/iso-codes-4.4/work/iso-codes-iso-codes-4.4/iso_3166-2'
make[2]: Leaving directory '/tmp/portage/app-text/iso-codes-4.4/work/iso-codes-iso-codes-4.4/iso_3166-2'
make[1]: Leaving directory '/tmp/portage/app-text/iso-codes-4.4/work/iso-codes-iso-codes-4.4/iso_3166-2'
Making install in iso_3166-3
make[1]: Entering directory '/tmp/portage/app-text/iso-codes-4.4/work/iso-codes-iso-codes-4.4/iso_3166-3'
make[2]: Entering directory '/tmp/portage/app-text/iso-codes-4.4/work/iso-codes-iso-codes-4.4/iso_3166-3'
make[2]: Nothing to be done for 'install-exec-am'.
 /bin/mkdir -p '/tmp/portage/app-text/iso-codes-4.4/image/usr/share/xml/iso-codes'
 /tmp/portage/._portage_reinstall_.fkxx96qe/bin/ebuild-helpers/xattr/install -c -m 644 iso_3166-3.xml '/tmp/portage/app-text/iso-codes-4.4/image/usr/share/xml/iso-codes'
make  install-data-hook
make[3]: Entering directory '/tmp/portage/app-text/iso-codes-4.4/work/iso-codes-iso-codes-4.4/iso_3166-3'
/bin/sh /tmp/portage/app-text/iso-codes-4.4/work/iso-codes-iso-codes-4.4/install-sh -d /tmp/portage/app-text/iso-codes-4.4/image/usr/share/locale
catalogs=''; \
for cat in $catalogs; do \
	cat=`basename $cat`; \
	lang=`echo $cat | sed 's/\.mo$//'`; \
	dir=/tmp/portage/app-text/iso-codes-4.4/image/usr/share/locale/$lang/LC_MESSAGES; \
	/bin/sh /tmp/portage/app-text/iso-codes-4.4/work/iso-codes-iso-codes-4.4/install-sh -d $dir; \
	/tmp/portage/._portage_reinstall_.fkxx96qe/bin/ebuild-helpers/xattr/install -c -m 644 $cat $dir/iso_3166-3.mo; \
	if [ "iso_3166-3" = "iso_639-2" ]; then (cd $dir && ln -s iso_3166-3.mo iso_639.mo); fi; \
	if [ "iso_3166-3" = "iso_639-3" ]; then (cd $dir && ln -s iso_3166-3.mo iso_639_3.mo); fi; \
	if [ "iso_3166-3" = "iso_639-5" ]; then (cd $dir && ln -s iso_3166-3.mo iso_639_5.mo); fi; \
	if [ "iso_3166-3" = "iso_3166-1" ]; then (cd $dir && ln -s iso_3166-3.mo iso_3166.mo); fi; \
	if [ "iso_3166-3" = "iso_3166-2" ]; then (cd $dir && ln -s iso_3166-3.mo iso_3166_2.mo); fi; \
done
if [ "iso_3166-3" = "iso_639-2" ]; then (cd /tmp/portage/app-text/iso-codes-4.4/image/usr/share/xml/iso-codes && ln -s iso_3166-3.xml iso_639.xml); fi
if [ "iso_3166-3" = "iso_639-3" ]; then (cd /tmp/portage/app-text/iso-codes-4.4/image/usr/share/xml/iso-codes && ln -s iso_3166-3.xml iso_639_3.xml); fi
if [ "iso_3166-3" = "iso_639-5" ]; then (cd /tmp/portage/app-text/iso-codes-4.4/image/usr/share/xml/iso-codes && ln -s iso_3166-3.xml iso_639_5.xml); fi
if [ "iso_3166-3" = "iso_3166-1" ]; then (cd /tmp/portage/app-text/iso-codes-4.4/image/usr/share/xml/iso-codes && ln -s iso_3166-3.xml iso_3166.xml); fi
if [ "iso_3166-3" = "iso_3166-2" ]; then (cd /tmp/portage/app-text/iso-codes-4.4/image/usr/share/xml/iso-codes && ln -s iso_3166-3.xml iso_3166_2.xml); fi
make[3]: Leaving directory '/tmp/portage/app-text/iso-codes-4.4/work/iso-codes-iso-codes-4.4/iso_3166-3'
make[2]: Leaving directory '/tmp/portage/app-text/iso-codes-4.4/work/iso-codes-iso-codes-4.4/iso_3166-3'
make[1]: Leaving directory '/tmp/portage/app-text/iso-codes-4.4/work/iso-codes-iso-codes-4.4/iso_3166-3'
Making install in iso_4217
make[1]: Entering directory '/tmp/portage/app-text/iso-codes-4.4/work/iso-codes-iso-codes-4.4/iso_4217'
make[2]: Entering directory '/tmp/portage/app-text/iso-codes-4.4/work/iso-codes-iso-codes-4.4/iso_4217'
make[2]: Nothing to be done for 'install-exec-am'.
 /bin/mkdir -p '/tmp/portage/app-text/iso-codes-4.4/image/usr/share/xml/iso-codes'
 /tmp/portage/._portage_reinstall_.fkxx96qe/bin/ebuild-helpers/xattr/install -c -m 644 iso_4217.xml '/tmp/portage/app-text/iso-codes-4.4/image/usr/share/xml/iso-codes'
make  install-data-hook
make[3]: Entering directory '/tmp/portage/app-text/iso-codes-4.4/work/iso-codes-iso-codes-4.4/iso_4217'
/bin/sh /tmp/portage/app-text/iso-codes-4.4/work/iso-codes-iso-codes-4.4/install-sh -d /tmp/portage/app-text/iso-codes-4.4/image/usr/share/locale
catalogs=''; \
for cat in $catalogs; do \
	cat=`basename $cat`; \
	lang=`echo $cat | sed 's/\.mo$//'`; \
	dir=/tmp/portage/app-text/iso-codes-4.4/image/usr/share/locale/$lang/LC_MESSAGES; \
	/bin/sh /tmp/portage/app-text/iso-codes-4.4/work/iso-codes-iso-codes-4.4/install-sh -d $dir; \
	/tmp/portage/._portage_reinstall_.fkxx96qe/bin/ebuild-helpers/xattr/install -c -m 644 $cat $dir/iso_4217.mo; \
	if [ "iso_4217" = "iso_639-2" ]; then (cd $dir && ln -s iso_4217.mo iso_639.mo); fi; \
	if [ "iso_4217" = "iso_639-3" ]; then (cd $dir && ln -s iso_4217.mo iso_639_3.mo); fi; \
	if [ "iso_4217" = "iso_639-5" ]; then (cd $dir && ln -s iso_4217.mo iso_639_5.mo); fi; \
	if [ "iso_4217" = "iso_3166-1" ]; then (cd $dir && ln -s iso_4217.mo iso_3166.mo); fi; \
	if [ "iso_4217" = "iso_3166-2" ]; then (cd $dir && ln -s iso_4217.mo iso_3166_2.mo); fi; \
done
if [ "iso_4217" = "iso_639-2" ]; then (cd /tmp/portage/app-text/iso-codes-4.4/image/usr/share/xml/iso-codes && ln -s iso_4217.xml iso_639.xml); fi
if [ "iso_4217" = "iso_639-3" ]; then (cd /tmp/portage/app-text/iso-codes-4.4/image/usr/share/xml/iso-codes && ln -s iso_4217.xml iso_639_3.xml); fi
if [ "iso_4217" = "iso_639-5" ]; then (cd /tmp/portage/app-text/iso-codes-4.4/image/usr/share/xml/iso-codes && ln -s iso_4217.xml iso_639_5.xml); fi
if [ "iso_4217" = "iso_3166-1" ]; then (cd /tmp/portage/app-text/iso-codes-4.4/image/usr/share/xml/iso-codes && ln -s iso_4217.xml iso_3166.xml); fi
if [ "iso_4217" = "iso_3166-2" ]; then (cd /tmp/portage/app-text/iso-codes-4.4/image/usr/share/xml/iso-codes && ln -s iso_4217.xml iso_3166_2.xml); fi
make[3]: Leaving directory '/tmp/portage/app-text/iso-codes-4.4/work/iso-codes-iso-codes-4.4/iso_4217'
make[2]: Leaving directory '/tmp/portage/app-text/iso-codes-4.4/work/iso-codes-iso-codes-4.4/iso_4217'
make[1]: Leaving directory '/tmp/portage/app-text/iso-codes-4.4/work/iso-codes-iso-codes-4.4/iso_4217'
Making install in iso_15924
make[1]: Entering directory '/tmp/portage/app-text/iso-codes-4.4/work/iso-codes-iso-codes-4.4/iso_15924'
make[2]: Entering directory '/tmp/portage/app-text/iso-codes-4.4/work/iso-codes-iso-codes-4.4/iso_15924'
make[2]: Nothing to be done for 'install-exec-am'.
 /bin/mkdir -p '/tmp/portage/app-text/iso-codes-4.4/image/usr/share/xml/iso-codes'
 /tmp/portage/._portage_reinstall_.fkxx96qe/bin/ebuild-helpers/xattr/install -c -m 644 iso_15924.xml '/tmp/portage/app-text/iso-codes-4.4/image/usr/share/xml/iso-codes'
make  install-data-hook
make[3]: Entering directory '/tmp/portage/app-text/iso-codes-4.4/work/iso-codes-iso-codes-4.4/iso_15924'
/bin/sh /tmp/portage/app-text/iso-codes-4.4/work/iso-codes-iso-codes-4.4/install-sh -d /tmp/portage/app-text/iso-codes-4.4/image/usr/share/locale
catalogs=''; \
for cat in $catalogs; do \
	cat=`basename $cat`; \
	lang=`echo $cat | sed 's/\.mo$//'`; \
	dir=/tmp/portage/app-text/iso-codes-4.4/image/usr/share/locale/$lang/LC_MESSAGES; \
	/bin/sh /tmp/portage/app-text/iso-codes-4.4/work/iso-codes-iso-codes-4.4/install-sh -d $dir; \
	/tmp/portage/._portage_reinstall_.fkxx96qe/bin/ebuild-helpers/xattr/install -c -m 644 $cat $dir/iso_15924.mo; \
	if [ "iso_15924" = "iso_639-2" ]; then (cd $dir && ln -s iso_15924.mo iso_639.mo); fi; \
	if [ "iso_15924" = "iso_639-3" ]; then (cd $dir && ln -s iso_15924.mo iso_639_3.mo); fi; \
	if [ "iso_15924" = "iso_639-5" ]; then (cd $dir && ln -s iso_15924.mo iso_639_5.mo); fi; \
	if [ "iso_15924" = "iso_3166-1" ]; then (cd $dir && ln -s iso_15924.mo iso_3166.mo); fi; \
	if [ "iso_15924" = "iso_3166-2" ]; then (cd $dir && ln -s iso_15924.mo iso_3166_2.mo); fi; \
done
if [ "iso_15924" = "iso_639-2" ]; then (cd /tmp/portage/app-text/iso-codes-4.4/image/usr/share/xml/iso-codes && ln -s iso_15924.xml iso_639.xml); fi
if [ "iso_15924" = "iso_639-3" ]; then (cd /tmp/portage/app-text/iso-codes-4.4/image/usr/share/xml/iso-codes && ln -s iso_15924.xml iso_639_3.xml); fi
if [ "iso_15924" = "iso_639-5" ]; then (cd /tmp/portage/app-text/iso-codes-4.4/image/usr/share/xml/iso-codes && ln -s iso_15924.xml iso_639_5.xml); fi
if [ "iso_15924" = "iso_3166-1" ]; then (cd /tmp/portage/app-text/iso-codes-4.4/image/usr/share/xml/iso-codes && ln -s iso_15924.xml iso_3166.xml); fi
if [ "iso_15924" = "iso_3166-2" ]; then (cd /tmp/portage/app-text/iso-codes-4.4/image/usr/share/xml/iso-codes && ln -s iso_15924.xml iso_3166_2.xml); fi
make[3]: Leaving directory '/tmp/portage/app-text/iso-codes-4.4/work/iso-codes-iso-codes-4.4/iso_15924'
make[2]: Leaving directory '/tmp/portage/app-text/iso-codes-4.4/work/iso-codes-iso-codes-4.4/iso_15924'
make[1]: Leaving directory '/tmp/portage/app-text/iso-codes-4.4/work/iso-codes-iso-codes-4.4/iso_15924'
make[1]: Entering directory '/tmp/portage/app-text/iso-codes-4.4/work/iso-codes-iso-codes-4.4'
make[2]: Entering directory '/tmp/portage/app-text/iso-codes-4.4/work/iso-codes-iso-codes-4.4'
make[2]: Nothing to be done for 'install-exec-am'.
 /bin/mkdir -p '/tmp/portage/app-text/iso-codes-4.4/image/usr/share/iso-codes/json'
 /bin/mkdir -p '/tmp/portage/app-text/iso-codes-4.4/image/usr/share/pkgconfig'
 /tmp/portage/._portage_reinstall_.fkxx96qe/bin/ebuild-helpers/xattr/install -c -m 644 ./data/iso_15924.json ./data/iso_3166-1.json ./data/iso_3166-2.json ./data/iso_3166-3.json ./data/iso_4217.json ./data/iso_639-2.json ./data/iso_639-3.json ./data/iso_639-5.json ./data/schema-15924.json ./data/schema-3166-1.json ./data/schema-3166-2.json ./data/schema-3166-3.json ./data/schema-4217.json ./data/schema-639-2.json ./data/schema-639-3.json ./data/schema-639-5.json '/tmp/portage/app-text/iso-codes-4.4/image/usr/share/iso-codes/json'
 /tmp/portage/._portage_reinstall_.fkxx96qe/bin/ebuild-helpers/xattr/install -c -m 644 iso-codes.pc '/tmp/portage/app-text/iso-codes-4.4/image/usr/share/pkgconfig'
make[2]: Leaving directory '/tmp/portage/app-text/iso-codes-4.4/work/iso-codes-iso-codes-4.4'
make[1]: Leaving directory '/tmp/portage/app-text/iso-codes-4.4/work/iso-codes-iso-codes-4.4'
>>> Completed installing app-text/iso-codes-4.4 into /tmp/portage/app-text/iso-codes-4.4/image

 * Final size of build directory: 70180 KiB (68.5 MiB)
 * Final size of installed tree:   3256 KiB ( 3.1 MiB)

./
./usr/
./usr/share/
./usr/share/iso-codes/
./usr/share/iso-codes/json/
./usr/share/iso-codes/json/schema-639-5.json
./usr/share/iso-codes/json/schema-3166-1.json
./usr/share/iso-codes/json/iso_3166-3.json
./usr/share/iso-codes/json/iso_3166-2.json
./usr/share/iso-codes/json/schema-639-3.json
./usr/share/iso-codes/json/schema-3166-2.json
./usr/share/iso-codes/json/iso_639-3.json
./usr/share/iso-codes/json/iso_639-2.json
./usr/share/iso-codes/json/iso_15924.json
./usr/share/iso-codes/json/schema-3166-3.json
./usr/share/iso-codes/json/iso_4217.json
./usr/share/iso-codes/json/schema-15924.json
./usr/share/iso-codes/json/schema-4217.json
./usr/share/iso-codes/json/iso_3166-1.json
./usr/share/iso-codes/json/schema-639-2.json
./usr/share/iso-codes/json/iso_639-5.json
./usr/share/locale/
./usr/share/locale/en/
./usr/share/locale/en/LC_MESSAGES/
./usr/share/locale/en/LC_MESSAGES/iso_3166-2.mo
./usr/share/locale/en/LC_MESSAGES/iso_3166_2.mo
./usr/share/xml/
./usr/share/xml/iso-codes/
./usr/share/xml/iso-codes/iso_4217.xml
./usr/share/xml/iso-codes/iso_639-3.xml
./usr/share/xml/iso-codes/iso_639-5.xml
./usr/share/xml/iso-codes/iso_639.xml
./usr/share/xml/iso-codes/iso_639_3.xml
./usr/share/xml/iso-codes/iso_15924.xml
./usr/share/xml/iso-codes/iso_3166_2.xml
./usr/share/xml/iso-codes/iso_639_5.xml
./usr/share/xml/iso-codes/iso_3166-3.xml
./usr/share/xml/iso-codes/iso_3166-2.xml
./usr/share/xml/iso-codes/iso_3166.xml
./usr/share/xml/iso-codes/iso_639-2.xml
./usr/share/xml/iso-codes/iso_3166-1.xml
./usr/share/pkgconfig/
./usr/share/pkgconfig/iso-codes.pc
./usr/share/doc/
./usr/share/doc/iso-codes-4.4/
./usr/share/doc/iso-codes-4.4/README.md.bz2
./usr/share/doc/iso-codes-4.4/ChangeLog.md.bz2
>>> Done.
 * checking 32 files for package collisions
>>> Merging app-text/iso-codes-4.4 to /
 * removing unneeded *.la files
--- /usr/
--- /usr/share/
--- /usr/share/pkgconfig/
>>> /usr/share/pkgconfig/iso-codes.pc
--- /usr/share/xml/
--- /usr/share/xml/iso-codes/
>>> /usr/share/xml/iso-codes/iso_3166-1.xml
>>> /usr/share/xml/iso-codes/iso_639-2.xml
>>> /usr/share/xml/iso-codes/iso_3166.xml -> iso_3166-1.xml
>>> /usr/share/xml/iso-codes/iso_3166-2.xml
>>> /usr/share/xml/iso-codes/iso_3166-3.xml
>>> /usr/share/xml/iso-codes/iso_639_5.xml -> iso_639-5.xml
>>> /usr/share/xml/iso-codes/iso_3166_2.xml -> iso_3166-2.xml
>>> /usr/share/xml/iso-codes/iso_15924.xml
>>> /usr/share/xml/iso-codes/iso_639_3.xml -> iso_639-3.xml
>>> /usr/share/xml/iso-codes/iso_639.xml -> iso_639-2.xml
>>> /usr/share/xml/iso-codes/iso_639-5.xml
>>> /usr/share/xml/iso-codes/iso_639-3.xml
>>> /usr/share/xml/iso-codes/iso_4217.xml
--- /usr/share/locale/
--- /usr/share/locale/en/
--- /usr/share/locale/en/LC_MESSAGES/
>>> /usr/share/locale/en/LC_MESSAGES/iso_3166_2.mo -> iso_3166-2.mo
>>> /usr/share/locale/en/LC_MESSAGES/iso_3166-2.mo
--- /usr/share/iso-codes/
--- /usr/share/iso-codes/json/
>>> /usr/share/iso-codes/json/iso_639-5.json
>>> /usr/share/iso-codes/json/schema-639-2.json
>>> /usr/share/iso-codes/json/iso_3166-1.json
>>> /usr/share/iso-codes/json/schema-4217.json
>>> /usr/share/iso-codes/json/schema-15924.json
>>> /usr/share/iso-codes/json/iso_4217.json
>>> /usr/share/iso-codes/json/schema-3166-3.json
>>> /usr/share/iso-codes/json/iso_15924.json
>>> /usr/share/iso-codes/json/iso_639-2.json
>>> /usr/share/iso-codes/json/iso_639-3.json
>>> /usr/share/iso-codes/json/schema-3166-2.json
>>> /usr/share/iso-codes/json/schema-639-3.json
>>> /usr/share/iso-codes/json/iso_3166-2.json
>>> /usr/share/iso-codes/json/iso_3166-3.json
>>> /usr/share/iso-codes/json/schema-3166-1.json
>>> /usr/share/iso-codes/json/schema-639-5.json
>>> Safely unmerging already-installed instance...
>>> Original instance of package unmerged safely.
>>> app-text/iso-codes-4.4 merged.
