 * Package:    app-crypt/argon2-20190702
 * Repository: gentoo
 * Maintainer: simon-bgo@slevermann.de proxy-maint@gentoo.org,mgorny@gentoo.org
 * USE:        abi_x86_64 amd64 elibc_glibc kernel_linux userland_GNU
 * FEATURES:   ccache network-sandbox preserve-libs userpriv
 * /etc/portage/package.cflags/ltoworkarounds.conf -> */*: *FLAGS+=-Wl,-O4 *FLAGS-=-Wl,-O1
 * FEATURES='assume-digests binpkg-docompress binpkg-dostrip binpkg-logs buildpkg ccache cgroup compress-index config-protect-if-modified distlocks ebuild-locks fixlafiles merge-sync multilib-strict network-sandbox news nodoc parallel-fetch preserve-libs qa-unresolved-soname-deps sfperms strict strict-keepdir unknown-features-warn unmerge-logs unmerge-orphans userfetch userpriv usersync xattr'
 * CFLAGS='-O2 -pipe -Wl,-O4 -Wl,-O4,--sort-common,--as-needed,-z,norelro,-z,now'
 * CXXFLAGS='-O2 -pipe -Wl,-O4 -Wl,-O4,--sort-common,--as-needed,-z,norelro,-z,now'
 * FFLAGS='-O2 -pipe -Wl,-O4 -Wl,-O4,--sort-common,--as-needed,-z,norelro,-z,now'
 * FCFLAGS='-O2 -pipe -Wl,-O4 -Wl,-O4,--sort-common,--as-needed,-z,norelro,-z,now'
 * F77FLAGS='-O2 -pipe -Wl,-O4 -Wl,-O4,--sort-common,--as-needed,-z,norelro,-z,now'
 * LDFLAGS='-Wl,-O4,--sort-common,--as-needed,-z,norelro,-z,now'
 * MAKEOPTS='-j12 -l12'
 * gcc (Gentoo 11.0.0_pre9999 p1, commit 184c21bf1cd04a108ed9bd04635e7d57ac39f616) 11.0.0 20200611 (experimental)
 * g++ (Gentoo 11.0.0_pre9999 p1, commit 184c21bf1cd04a108ed9bd04635e7d57ac39f616) 11.0.0 20200611 (experimental)
 * GNU ld (Gentoo 2.34 p4) 2.34.0
 * Linux rescue 5.4.36 #1 SMP Thu Apr 30 04:38:28 UTC 2020 x86_64 AMD Ryzen 5 3600 6-Core Processor AuthenticAMD GNU/Linux
app-crypt/argon2: 3 minutes, 47 seconds average for 17 merges
2020-05-20T00:56:21 >>> app-crypt/argon2: 4 minutes, 36 seconds
2020-05-21T05:52:04 >>> app-crypt/argon2: 5 seconds
2020-05-22T01:55:52 >>> app-crypt/argon2: 7 minutes, 29 seconds
2020-05-22T03:07:14 >>> app-crypt/argon2: 8 minutes, 2 seconds
2020-05-22T12:26:49 >>> app-crypt/argon2: 7 minutes, 54 seconds
2020-05-23T03:28:54 >>> app-crypt/argon2: 7 minutes, 28 seconds
2020-05-25T18:16:44 >>> app-crypt/argon2: 13 seconds
2020-05-26T12:51:26 >>> app-crypt/argon2: 17 seconds
2020-05-26T13:47:02 >>> app-crypt/argon2: 17 seconds
2020-05-27T03:03:12 >>> app-crypt/argon2: 17 seconds
2020-05-28T13:24:53 >>> app-crypt/argon2: 13 seconds
2020-05-28T14:12:25 >>> app-crypt/argon2: 20 seconds
2020-05-30T12:31:48 >>> app-crypt/argon2: 37 seconds
2020-05-30T21:33:18 >>> app-crypt/argon2: 15 seconds
2020-06-01T01:43:59 >>> app-crypt/argon2: 6 minutes, 58 seconds
2020-06-04T11:49:32 >>> app-crypt/argon2: 17 minutes, 34 seconds
2020-06-12T01:22:23 >>> app-crypt/argon2: 2 minutes
]0;emerge 03:16:08 33|907 argon2 08:51 (root@rescue)kemerge 03:16:08 33|907 argon2 08:51 (root@rescue)\>>> Unpacking source...
>>> Unpacking argon2-20190702.tar.gz to /tmp/portage/app-crypt/argon2-20190702/work
>>> Source unpacked in /tmp/portage/app-crypt/argon2-20190702/work
>>> Preparing source in /tmp/portage/app-crypt/argon2-20190702/work/phc-winner-argon2-20190702 ...
>>> Source prepared.
>>> Configuring source in /tmp/portage/app-crypt/argon2-20190702/work/phc-winner-argon2-20190702 ...
>>> Source configured.
>>> Compiling source in /tmp/portage/app-crypt/argon2-20190702/work/phc-winner-argon2-20190702 ...
make -j12 -l12 OPTTEST=0 LIBRARY_REL=lib64 ARGON2_VERSION=0~20190702 
Building with optimizations for native
x86_64-pc-linux-gnu-gcc -O2 -pipe -Wl,-O4 -Wl,-O4,--sort-common,--as-needed,-z,norelro,-z,now -std=c89  -Wall  -Iinclude -Isrc -pthread -Wl,-O4,--sort-common,--as-needed,-z,norelro,-z,now src/argon2.c src/core.c src/blake2/blake2b.c src/thread.c src/encoding.c src/opt.c src/run.c -o argon2
x86_64-pc-linux-gnu-gcc -O2 -pipe -Wl,-O4 -Wl,-O4,--sort-common,--as-needed,-z,norelro,-z,now -std=c89  -Wall  -Iinclude -Isrc -pthread -shared -fPIC -fvisibility=hidden -DA2_VISCTL=1 -Wl,-O4,--sort-common,--as-needed,-z,norelro,-z,now -Wl,-soname,libargon2.so.1 src/argon2.c src/core.c src/blake2/blake2b.c src/thread.c src/encoding.c src/opt.c -o libargon2.so.1
sed '/^##.*$/d; s#@PREFIX@#/usr#g; s#@EXTRA_LIBS@#-lrt -ldl#g; s#@UPSTREAM_VER@#0~20190702#g; s#@HOST_MULTIARCH@#lib64#g; s#@INCLUDE@#include#g;' < 'libargon2.pc.in' > 'libargon2.pc'
>>> Source compiled.
>>> Test phase [not enabled]: app-crypt/argon2-20190702

>>> Install app-crypt/argon2-20190702 into /tmp/portage/app-crypt/argon2-20190702/image
make -j12 -l12 OPTTEST=0 DESTDIR=/tmp/portage/app-crypt/argon2-20190702/image LIBRARY_REL=lib64 install 
Building with optimizations for native
install -d /tmp/portage/app-crypt/argon2-20190702/image/usr/include
install -m 0644 include/argon2.h /tmp/portage/app-crypt/argon2-20190702/image/usr/include
install -d /tmp/portage/app-crypt/argon2-20190702/image/usr/lib64
install -m 0644 libargon2.so.1  /tmp/portage/app-crypt/argon2-20190702/image/usr/lib64
cd /tmp/portage/app-crypt/argon2-20190702/image/usr/lib64 && ln -s libargon2.so.1 libargon2.so
install -d /tmp/portage/app-crypt/argon2-20190702/image/usr/bin
install argon2 /tmp/portage/app-crypt/argon2-20190702/image/usr/bin
install -d /tmp/portage/app-crypt/argon2-20190702/image/usr/lib64/pkgconfig
install -m 0644 libargon2.pc /tmp/portage/app-crypt/argon2-20190702/image/usr/lib64/pkgconfig
>>> Completed installing app-crypt/argon2-20190702 into /tmp/portage/app-crypt/argon2-20190702/image

 * Final size of build directory: 3644 KiB (3.5 MiB)
 * Final size of installed tree:   624 KiB

making executable: /usr/lib64/libargon2.so.1
strip: x86_64-pc-linux-gnu-strip --strip-unneeded -N __gentoo_check_ldflags__ -R .comment -R .GCC.command.line -R .note.gnu.gold-version
   /usr/bin/argon2
   /usr/lib64/libargon2.so.1
./
./usr/
./usr/bin/
./usr/bin/argon2
./usr/include/
./usr/include/argon2.h
./usr/share/
./usr/share/man/
./usr/share/man/man1/
./usr/share/man/man1/argon2.1.bz2
./usr/share/doc/
./usr/share/doc/argon2-20190702/
./usr/share/doc/argon2-20190702/README.md.bz2
./usr/share/doc/argon2-20190702/argon2-specs.pdf
./usr/share/doc/argon2-20190702/CHANGELOG.md.bz2
./usr/lib64/
./usr/lib64/libargon2.so.1
./usr/lib64/pkgconfig/
./usr/lib64/pkgconfig/libargon2.pc
./usr/lib64/libargon2.so
>>> Done.
 * checking 6 files for package collisions
>>> Merging app-crypt/argon2-20190702 to /
 * removing unneeded *.la files
--- /usr/
--- /usr/lib64/
>>> /usr/lib64/libargon2.so -> libargon2.so.1
--- /usr/lib64/pkgconfig/
>>> /usr/lib64/pkgconfig/libargon2.pc
>>> /usr/lib64/libargon2.so.1
--- /usr/share/
--- /usr/share/man/
--- /usr/share/man/man1/
>>> /usr/share/man/man1/argon2.1.bz2
--- /usr/include/
>>> /usr/include/argon2.h
--- /usr/bin/
>>> /usr/bin/argon2
>>> Safely unmerging already-installed instance...
>>> Original instance of package unmerged safely.
>>> app-crypt/argon2-20190702 merged.
>>> Regenerating /etc/ld.so.cache...
