>>> Extracting info
 * Package:    app-arch/brotli-1.0.7
 * Repository: gentoo
 * USE:        abi_x86_64 kernel_linux amd64 userland_GNU python_targets_python3_8 elibc_glibc python_targets_python3_6 python_targets_python3_7 python
 * FEATURES:   ccache network-sandbox preserve-libs sandbox userpriv usersandbox
 * FEATURES='userpriv ipc-sandbox sandbox unmerge-logs userfetch sfperms strict-keepdir assume-digests binpkg-docompress binpkg-logs binpkg-dostrip nodoc distlocks qa-unresolved-soname-deps cgroup pid-sandbox binpkg-multi-instance downgrade-backup usersandbox strict ccache unmerge-backup fixlafiles multilib-strict parallel-install compress-index config-protect-if-modified unknown-features-warn buildpkg network-sandbox unmerge-orphans parallel-fetch xattr preserve-libs merge-sync news usersync'
 * CFLAGS='-march=native -O3 -fdevirtualize-at-ltrans -fipa-pta -fno-semantic-interposition -fno-math-errno -fno-trapping-math -fno-plt -fuse-linker-plugin -pipe -g0 -fno-stack-protector -fno-stack-clash-protection -fstack-check=no -fno-stack-check -Wl,-O4,--hash-style=gnu,--sort-common,--as-needed,-z,relro,-z,now,-lgomp,-lpthread'
 * CXXFLAGS='-march=native -O3 -fdevirtualize-at-ltrans -fipa-pta -fno-semantic-interposition -fno-math-errno -fno-trapping-math -fno-plt -fuse-linker-plugin -pipe -g0 -fno-stack-protector -fno-stack-clash-protection -fstack-check=no -fno-stack-check -Wl,-O4,--hash-style=gnu,--sort-common,--as-needed,-z,relro,-z,now,-lgomp,-lpthread'
 * FFLAGS='-march=native -O3 -fdevirtualize-at-ltrans -fipa-pta -fno-semantic-interposition -fno-math-errno -fno-trapping-math -fno-plt -fuse-linker-plugin -pipe -g0 -fno-stack-protector -fno-stack-clash-protection -fstack-check=no -fno-stack-check -Wl,-O4,--hash-style=gnu,--sort-common,--as-needed,-z,relro,-z,now,-lgomp,-lpthread'
 * FCFLAGS='-march=native -O3 -fdevirtualize-at-ltrans -fipa-pta -fno-semantic-interposition -fno-math-errno -fno-trapping-math -fno-plt -fuse-linker-plugin -pipe -g0 -fno-stack-protector -fno-stack-clash-protection -fstack-check=no -fno-stack-check -Wl,-O4,--hash-style=gnu,--sort-common,--as-needed,-z,relro,-z,now,-lgomp,-lpthread'
 * F77FLAGS='-march=native -O3 -fdevirtualize-at-ltrans -fipa-pta -fno-semantic-interposition -fno-math-errno -fno-trapping-math -fno-plt -fuse-linker-plugin -pipe -g0 -fno-stack-protector -fno-stack-clash-protection -fstack-check=no -fno-stack-check -Wl,-O4,--hash-style=gnu,--sort-common,--as-needed,-z,relro,-z,now,-lgomp,-lpthread'
 * LDFLAGS='-Wl,-O4,--hash-style=gnu,--sort-common,--as-needed,-z,relro,-z,now,-lgomp,-lpthread'
 * MAKEOPTS='-j12'
 * gcc (Gentoo 10.1.0 p1) 10.1.0
 * g++ (Gentoo 10.1.0 p1) 10.1.0
 * GNU ld (Gentoo 9999 p5) 2.34.50.20200520
 * Linux ryzen.gnum.org 5.4.36 #1 SMP Thu Apr 30 04:38:28 UTC 2020 x86_64 AMD Ryzen 5 3600 6-Core Processor AuthenticAMD GNU/Linux
]0;emerge 08:28:32 83|343 brotli (root@ryzen.gnum.org)>>> Extracting app-arch/brotli-1.0.7
 * checking 47 files for package collisions
>>> Merging app-arch/brotli-1.0.7 to /
 * removing unneeded *.la files
--- /usr/
--- /usr/lib64/
--- /usr/lib64/pkgconfig/
>>> /usr/lib64/pkgconfig/libbrotlidec.pc
>>> /usr/lib64/pkgconfig/libbrotlienc.pc
>>> /usr/lib64/pkgconfig/libbrotlicommon.pc
>>> /usr/lib64/libbrotlicommon-static.a
--- /usr/lib64/python3.6/
--- /usr/lib64/python3.6/site-packages/
>>> /usr/lib64/python3.6/site-packages/Brotli-1.0.7-py3.6.egg-info/
>>> /usr/lib64/python3.6/site-packages/Brotli-1.0.7-py3.6.egg-info/PKG-INFO
>>> /usr/lib64/python3.6/site-packages/Brotli-1.0.7-py3.6.egg-info/dependency_links.txt
>>> /usr/lib64/python3.6/site-packages/Brotli-1.0.7-py3.6.egg-info/SOURCES.txt
>>> /usr/lib64/python3.6/site-packages/Brotli-1.0.7-py3.6.egg-info/top_level.txt
--- /usr/lib64/python3.6/site-packages/__pycache__/
>>> /usr/lib64/python3.6/site-packages/__pycache__/brotli.cpython-36.pyc
>>> /usr/lib64/python3.6/site-packages/__pycache__/brotli.cpython-36.opt-1.pyc
>>> /usr/lib64/python3.6/site-packages/__pycache__/brotli.cpython-36.opt-2.pyc
>>> /usr/lib64/python3.6/site-packages/_brotli.cpython-36m-x86_64-linux-gnu.so
>>> /usr/lib64/python3.6/site-packages/brotli.py
>>> /usr/lib64/libbrotlidec.so.1.0.7
>>> /usr/lib64/libbrotlidec-static.a
>>> /usr/lib64/libbrotlicommon.so.1.0.7
>>> /usr/lib64/libbrotlidec.so.1 -> libbrotlidec.so.1.0.7
>>> /usr/lib64/libbrotlienc.so.1.0.7
>>> /usr/lib64/libbrotlienc-static.a
>>> /usr/lib64/libbrotlienc.so.1 -> libbrotlienc.so.1.0.7
--- /usr/include/
>>> /usr/include/brotli/
>>> /usr/include/brotli/encode.h
>>> /usr/include/brotli/decode.h
>>> /usr/include/brotli/types.h
>>> /usr/include/brotli/port.h
--- /usr/bin/
>>> /usr/bin/brotli
--- /usr/lib/
--- /usr/lib/python3.7/
--- /usr/lib/python3.7/site-packages/
--- /usr/lib/python3.7/site-packages/__pycache__/
>>> /usr/lib/python3.7/site-packages/__pycache__/brotli.cpython-37.opt-2.pyc
>>> /usr/lib/python3.7/site-packages/__pycache__/brotli.cpython-37.pyc
>>> /usr/lib/python3.7/site-packages/__pycache__/brotli.cpython-37.opt-1.pyc
>>> /usr/lib/python3.7/site-packages/Brotli-1.0.7-py3.7.egg-info/
>>> /usr/lib/python3.7/site-packages/Brotli-1.0.7-py3.7.egg-info/PKG-INFO
>>> /usr/lib/python3.7/site-packages/Brotli-1.0.7-py3.7.egg-info/dependency_links.txt
>>> /usr/lib/python3.7/site-packages/Brotli-1.0.7-py3.7.egg-info/SOURCES.txt
>>> /usr/lib/python3.7/site-packages/Brotli-1.0.7-py3.7.egg-info/top_level.txt
>>> /usr/lib/python3.7/site-packages/brotli.py
>>> /usr/lib/python3.7/site-packages/_brotli.cpython-37m-x86_64-linux-gnu.so
--- /usr/lib/python3.8/
--- /usr/lib/python3.8/site-packages/
>>> /usr/lib/python3.8/site-packages/Brotli-1.0.7-py3.8.egg-info/
>>> /usr/lib/python3.8/site-packages/Brotli-1.0.7-py3.8.egg-info/PKG-INFO
>>> /usr/lib/python3.8/site-packages/Brotli-1.0.7-py3.8.egg-info/dependency_links.txt
>>> /usr/lib/python3.8/site-packages/Brotli-1.0.7-py3.8.egg-info/SOURCES.txt
>>> /usr/lib/python3.8/site-packages/Brotli-1.0.7-py3.8.egg-info/top_level.txt
--- /usr/lib/python3.8/site-packages/__pycache__/
>>> /usr/lib/python3.8/site-packages/__pycache__/brotli.cpython-38.opt-2.pyc
>>> /usr/lib/python3.8/site-packages/__pycache__/brotli.cpython-38.pyc
>>> /usr/lib/python3.8/site-packages/__pycache__/brotli.cpython-38.opt-1.pyc
>>> /usr/lib/python3.8/site-packages/_brotli.cpython-38-x86_64-linux-gnu.so
>>> /usr/lib/python3.8/site-packages/brotli.py
>>> /usr/lib64/libbrotlicommon.so.1 -> libbrotlicommon.so.1.0.7
>>> /usr/lib64/libbrotlidec.so -> libbrotlidec.so.1
>>> /usr/lib64/libbrotlienc.so -> libbrotlienc.so.1
>>> /usr/lib64/libbrotlicommon.so -> libbrotlicommon.so.1
>>> app-arch/brotli-1.0.7 merged.
>>> Regenerating /etc/ld.so.cache...
