 * Package:    app-eselect/eselect-vi-1.1.9-r1
 * Repository: gentoo
 * Maintainer: vim@gentoo.org
 * USE:        abi_x86_64 amd64 elibc_glibc kernel_linux userland_GNU
 * FEATURES:   ccache network-sandbox preserve-libs sandbox userpriv usersandbox
 * /etc/portage/package.cflags/ltoworkarounds.conf -> */*: *FLAGS+=-Wl,-O4 *FLAGS-=-Wl,-O1
 * FEATURES='assume-digests binpkg-docompress binpkg-dostrip binpkg-logs binpkg-multi-instance buildpkg ccache cgroup compress-index config-protect-if-modified distlocks fixlafiles ipc-sandbox merge-sync multilib-strict network-sandbox news nodoc parallel-fetch parallel-install pid-sandbox preserve-libs qa-unresolved-soname-deps sandbox sfperms strict unknown-features-warn unmerge-logs unmerge-orphans userfetch userpriv usersandbox usersync xattr'
 * CFLAGS='-march=znver2 -pipe -g0 -O3 -fgraphite-identity -floop-nest-optimize -fdevirtualize-at-ltrans -fipa-pta -fno-semantic-interposition -flto=12 -fno-plt -fno-signed-zeros -fno-trapping-math -fassociative-math -freciprocal-math -fno-math-errno -ffinite-math-only -fno-rounding-math -fno-signaling-nans -fcx-limited-range -fexcess-precision=fast -falign-functions=32 -fno-stack-protector -fno-stack-clash-protection -fstack-check=no -fno-stack-check -fuse-linker-plugin -Wl,-O4 -Wl,--as-needed -Wl,-lpthread -Wl,-lgomp -Wl,-z,norelro -Wl,-z,now -Wl,--sort-common -s'
 * CXXFLAGS='-march=znver2 -pipe -g0 -O3 -fgraphite-identity -floop-nest-optimize -fdevirtualize-at-ltrans -fipa-pta -fno-semantic-interposition -flto=12 -fno-plt -fno-signed-zeros -fno-trapping-math -fassociative-math -freciprocal-math -fno-math-errno -ffinite-math-only -fno-rounding-math -fno-signaling-nans -fcx-limited-range -fexcess-precision=fast -falign-functions=32 -fno-stack-protector -fno-stack-clash-protection -fstack-check=no -fno-stack-check -fuse-linker-plugin -Wl,-O4 -Wl,--as-needed -Wl,-lpthread -Wl,-lgomp -Wl,-z,norelro -Wl,-z,now -Wl,--sort-common -s'
 * FFLAGS='-march=znver2 -pipe -g0 -O3 -fgraphite-identity -floop-nest-optimize -fdevirtualize-at-ltrans -fipa-pta -fno-semantic-interposition -flto=12 -fno-plt -fno-signed-zeros -fno-trapping-math -fassociative-math -freciprocal-math -fno-math-errno -ffinite-math-only -fno-rounding-math -fno-signaling-nans -fcx-limited-range -fexcess-precision=fast -falign-functions=32 -fno-stack-protector -fno-stack-clash-protection -fstack-check=no -fno-stack-check -fuse-linker-plugin -Wl,-O4 -Wl,--as-needed -Wl,-lpthread -Wl,-lgomp -Wl,-z,norelro -Wl,-z,now -Wl,--sort-common -s'
 * FCFLAGS='-march=znver2 -pipe -g0 -O3 -fgraphite-identity -floop-nest-optimize -fdevirtualize-at-ltrans -fipa-pta -fno-semantic-interposition -flto=12 -fno-plt -fno-signed-zeros -fno-trapping-math -fassociative-math -freciprocal-math -fno-math-errno -ffinite-math-only -fno-rounding-math -fno-signaling-nans -fcx-limited-range -fexcess-precision=fast -falign-functions=32 -fno-stack-protector -fno-stack-clash-protection -fstack-check=no -fno-stack-check -fuse-linker-plugin -Wl,-O4 -Wl,--as-needed -Wl,-lpthread -Wl,-lgomp -Wl,-z,norelro -Wl,-z,now -Wl,--sort-common -s'
 * F77FLAGS='-march=znver2 -pipe -g0 -O3 -fgraphite-identity -floop-nest-optimize -fdevirtualize-at-ltrans -fipa-pta -fno-semantic-interposition -flto=12 -fno-plt -fno-signed-zeros -fno-trapping-math -fassociative-math -freciprocal-math -fno-math-errno -ffinite-math-only -fno-rounding-math -fno-signaling-nans -fcx-limited-range -fexcess-precision=fast -falign-functions=32 -fno-stack-protector -fno-stack-clash-protection -fstack-check=no -fno-stack-check -fuse-linker-plugin -Wl,-O4 -Wl,--as-needed -Wl,-lpthread -Wl,-lgomp -Wl,-z,norelro -Wl,-z,now -Wl,--sort-common -s'
 * LDFLAGS='-march=znver2 -pipe -g0 -O3 -fgraphite-identity -floop-nest-optimize -fdevirtualize-at-ltrans -fipa-pta -fno-semantic-interposition -flto=12 -fno-plt -fno-signed-zeros -fno-trapping-math -fassociative-math -freciprocal-math -fno-math-errno -ffinite-math-only -fno-rounding-math -fno-signaling-nans -fcx-limited-range -fexcess-precision=fast -falign-functions=32 -fno-stack-protector -fno-stack-clash-protection -fstack-check=no -fno-stack-check -fuse-linker-plugin -Wl,-O4 -Wl,--as-needed -Wl,-lpthread -Wl,-lgomp -Wl,-z,norelro -Wl,-z,now -Wl,--sort-common -s'
 * MAKEOPTS='-j12 -l12'
 * gcc () 11.0.0 20200531 (experimental)
 * g++ () 11.0.0 20200531 (experimental)
 * GNU ld (Gentoo 2.34 p4) 2.34.0
 * Linux ryzen.gnum.org 5.4.36 #1 SMP Thu Apr 30 04:38:28 UTC 2020 x86_64 AMD Ryzen 5 3600 6-Core Processor AuthenticAMD GNU/Linux
app-eselect/eselect-vi: 56 seconds average for 10 merges
2020-05-20T08:19:05 >>> app-eselect/eselect-vi: 7 minutes, 48 seconds
2020-05-21T06:32:10 >>> app-eselect/eselect-vi: 6 seconds
2020-05-23T03:45:42 >>> app-eselect/eselect-vi: 13 seconds
2020-05-24T23:56:37 >>> app-eselect/eselect-vi: 9 seconds
2020-05-25T18:43:17 >>> app-eselect/eselect-vi: 10 seconds
2020-05-25T20:12:55 >>> app-eselect/eselect-vi: 9 seconds
2020-05-27T02:26:17 >>> app-eselect/eselect-vi: 9 seconds
2020-05-27T03:21:16 >>> app-eselect/eselect-vi: 14 seconds
2020-05-28T14:40:42 >>> app-eselect/eselect-vi: 10 seconds
2020-05-30T12:58:13 >>> app-eselect/eselect-vi: 12 seconds
]0;emerge 02:08:29 215|1172 eselect-vi 00:12 (root@ryzen.gnum.org)kemerge 02:08:29 215|1172 eselect-vi 00:12 (root@ryzen.gnum.org)\>>> Unpacking source...
>>> Unpacking eselect-vi-1.1.9.tar.xz to /tmp/portage/app-eselect/eselect-vi-1.1.9-r1/work
>>> Source unpacked in /tmp/portage/app-eselect/eselect-vi-1.1.9-r1/work
>>> Preparing source in /tmp/portage/app-eselect/eselect-vi-1.1.9-r1/work/eselect-vi-1.1.9 ...
>>> Source prepared.
>>> Configuring source in /tmp/portage/app-eselect/eselect-vi-1.1.9-r1/work/eselect-vi-1.1.9 ...
>>> Source configured.
>>> Compiling source in /tmp/portage/app-eselect/eselect-vi-1.1.9-r1/work/eselect-vi-1.1.9 ...
>>> Source compiled.
>>> Test phase [not enabled]: app-eselect/eselect-vi-1.1.9-r1

>>> Install app-eselect/eselect-vi-1.1.9-r1 into /tmp/portage/app-eselect/eselect-vi-1.1.9-r1/image
>>> Completed installing app-eselect/eselect-vi-1.1.9-r1 into /tmp/portage/app-eselect/eselect-vi-1.1.9-r1/image

 * Final size of build directory: 40 KiB
 * Final size of installed tree:  28 KiB

./
./usr/
./usr/share/
./usr/share/eselect/
./usr/share/eselect/modules/
./usr/share/eselect/modules/vi.eselect
>>> Done.
 * checking 1 files for package collisions
>>> Merging app-eselect/eselect-vi-1.1.9-r1 to /
 * removing unneeded *.la files
--- /usr/
--- /usr/share/
--- /usr/share/eselect/
--- /usr/share/eselect/modules/
>>> /usr/share/eselect/modules/vi.eselect
>>> Safely unmerging already-installed instance...
>>> Original instance of package unmerged safely.
>>> app-eselect/eselect-vi-1.1.9-r1 merged.
