>>> Extracting info
[32;01m * [39;49;00mPackage:    app-arch/rpm2targz-9.0.0.5g-r2
[32;01m * [39;49;00mRepository: gentoo
[32;01m * [39;49;00mUSE:        userland_GNU abi_x86_64 elibc_glibc kernel_linux amd64
[32;01m * [39;49;00mFEATURES:   ccache network-sandbox preserve-libs sandbox userpriv usersandbox
 [32;01m*[0m FEATURES='assume-digests binpkg-docompress binpkg-dostrip binpkg-logs binpkg-multi-instance buildpkg ccache cgroup compress-index config-protect-if-modified distlocks downgrade-backup fixlafiles ipc-sandbox merge-sync multilib-strict network-sandbox news nodoc parallel-fetch parallel-install pid-sandbox preserve-libs qa-unresolved-soname-deps sandbox sfperms strict strict-keepdir unknown-features-warn unmerge-backup unmerge-logs unmerge-orphans userfetch userpriv usersandbox usersync xattr'
 [32;01m*[0m CFLAGS='-march=native -O3 -fdevirtualize-at-ltrans -fipa-pta -fno-semantic-interposition -fno-signed-zeros -fno-trapping-math -fassociative-math -freciprocal-math -fno-math-errno -ffinite-math-only -fno-rounding-math -fno-signaling-nans -fcx-limited-range -fexcess-precision=fast -fno-plt -fno-common -pipe -g0 -fno-stack-protector -fno-stack-clash-protection -fstack-check=no -fno-stack-check -Wl,-O4,--hash-style=gnu,--sort-common,--as-needed,-z,relro,-z,now,-lgomp,-lpthread'
 [32;01m*[0m CXXFLAGS='-march=native -O3 -fdevirtualize-at-ltrans -fipa-pta -fno-semantic-interposition -fno-signed-zeros -fno-trapping-math -fassociative-math -freciprocal-math -fno-math-errno -ffinite-math-only -fno-rounding-math -fno-signaling-nans -fcx-limited-range -fexcess-precision=fast -fno-plt -fno-common -pipe -g0 -fno-stack-protector -fno-stack-clash-protection -fstack-check=no -fno-stack-check -Wl,-O4,--hash-style=gnu,--sort-common,--as-needed,-z,relro,-z,now,-lgomp,-lpthread'
 [32;01m*[0m FFLAGS='-march=native -O3 -fdevirtualize-at-ltrans -fipa-pta -fno-semantic-interposition -fno-signed-zeros -fno-trapping-math -fassociative-math -freciprocal-math -fno-math-errno -ffinite-math-only -fno-rounding-math -fno-signaling-nans -fcx-limited-range -fexcess-precision=fast -fno-plt -fno-common -pipe -g0 -fno-stack-protector -fno-stack-clash-protection -fstack-check=no -fno-stack-check -Wl,-O4,--hash-style=gnu,--sort-common,--as-needed,-z,relro,-z,now,-lgomp,-lpthread'
 [32;01m*[0m FCFLAGS='-march=native -O3 -fdevirtualize-at-ltrans -fipa-pta -fno-semantic-interposition -fno-signed-zeros -fno-trapping-math -fassociative-math -freciprocal-math -fno-math-errno -ffinite-math-only -fno-rounding-math -fno-signaling-nans -fcx-limited-range -fexcess-precision=fast -fno-plt -fno-common -pipe -g0 -fno-stack-protector -fno-stack-clash-protection -fstack-check=no -fno-stack-check -Wl,-O4,--hash-style=gnu,--sort-common,--as-needed,-z,relro,-z,now,-lgomp,-lpthread'
 [32;01m*[0m F77FLAGS='-march=native -O3 -fdevirtualize-at-ltrans -fipa-pta -fno-semantic-interposition -fno-signed-zeros -fno-trapping-math -fassociative-math -freciprocal-math -fno-math-errno -ffinite-math-only -fno-rounding-math -fno-signaling-nans -fcx-limited-range -fexcess-precision=fast -fno-plt -fno-common -pipe -g0 -fno-stack-protector -fno-stack-clash-protection -fstack-check=no -fno-stack-check -Wl,-O4,--hash-style=gnu,--sort-common,--as-needed,-z,relro,-z,now,-lgomp,-lpthread'
 [32;01m*[0m LDFLAGS='-Wl,-O4,--hash-style=gnu,--sort-common,--as-needed,-z,relro,-z,now,-lgomp,-lpthread'
 [32;01m*[0m MAKEOPTS='-j12'
 [32;01m*[0m gcc (Gentoo 10.1.0 p1) 10.1.0
 [32;01m*[0m g++ (Gentoo 10.1.0 p1) 10.1.0
 [32;01m*[0m GNU ld (Gentoo 9999 p5) 2.34.50.20200520
 [32;01m*[0m Linux ryzen.gnum.org 5.4.36 #1 SMP Thu Apr 30 04:38:28 UTC 2020 x86_64 AMD Ryzen 5 3600 6-Core Processor AuthenticAMD GNU/Linux
[00;01mapp-arch/[00;00m[36;01mrpm2targz[00;00m: [32;01m6[00;00m seconds average for [32;01m2[00;00m merges
2020-05-15T03:34:14 >>> [00;01mapp-arch/[00;00m[36;01mrpm2targz[00;00m: [32;01m5[00;00m seconds
2020-05-16T21:10:42 >>> [00;01mapp-arch/[00;00m[36;01mrpm2targz[00;00m: [32;01m8[00;00m seconds
]0;emerge 06:07:10 186|1170 rpm2targz 00:07 (root@ryzen.gnum.org)>>> Extracting app-arch/rpm2targz-9.0.0.5g-r2
 [32;01m*[39;49;00m checking 10 files for package collisions
>>> Merging app-arch/rpm2targz-9.0.0.5g-r2 to /
 [32;01m*[0m removing unneeded *.la files
--- /usr/
--- /usr/bin/
>>> /usr/bin/rpm2tgz -> rpm2targz
>>> /usr/bin/rpm2tbz2 -> rpm2targz
>>> /usr/bin/rpm2tarbz2 -> rpm2targz
>>> /usr/bin/rpm2txz -> rpm2targz
>>> /usr/bin/rpmunpack -> rpm2targz
>>> /usr/bin/rpm2tarxz -> rpm2targz
>>> /usr/bin/rpm2tar -> rpm2targz
>>> /usr/bin/rpmoffset
>>> /usr/bin/rpm2targz
>>> /usr/bin/rpm2tarlzma -> rpm2targz
>>> Safely unmerging already-installed instance...
No package files given... Grabbing a set.
<<<          obj /usr/share/doc/rpm2targz-9.0.0.5g-r2/rpm2targz.README.bz2
<<<          obj /usr/share/doc/rpm2targz-9.0.0.5g-r2/rpm2targz.README.Gentoo.bz2
--- replaced sym /usr/bin/rpmunpack
--- replaced obj /usr/bin/rpmoffset
--- replaced sym /usr/bin/rpm2txz
--- replaced sym /usr/bin/rpm2tgz
--- replaced sym /usr/bin/rpm2tbz2
--- replaced sym /usr/bin/rpm2tarxz
--- replaced sym /usr/bin/rpm2tarlzma
--- replaced obj /usr/bin/rpm2targz
--- replaced sym /usr/bin/rpm2tarbz2
--- replaced sym /usr/bin/rpm2tar
--- replaced dir /usr/bin
--- replaced dir /usr
<<<          dir /usr/share/doc/rpm2targz-9.0.0.5g-r2
--- !empty   dir /usr/share/doc
--- !empty   dir /usr/share
>>> Regenerating /etc/ld.so.cache...
>>> Original instance of package unmerged safely.
>>> app-arch/rpm2targz-9.0.0.5g-r2 merged.
