>>> Extracting info
 * Package:    app-crypt/rhash-1.3.9-r2
 * Repository: gentoo
 * USE:        amd64 ssl userland_GNU abi_x86_64 elibc_glibc kernel_linux
 * FEATURES:   ccache preserve-libs userpriv
 * FEATURES='assume-digests binpkg-docompress binpkg-dostrip binpkg-logs buildpkg ccache cgroup compress-index config-protect-if-modified distlocks ebuild-locks fixlafiles merge-sync multilib-strict news nodoc parallel-fetch preserve-libs qa-unresolved-soname-deps sfperms strict strict-keepdir unknown-features-warn unmerge-logs unmerge-orphans userfetch userpriv usersync xattr'
 * CFLAGS='-march=znver2 -O2 -pipe -g0 -fno-semantic-interposition -fno-plt -falign-functions=32 -fno-stack-protector -fno-stack-clash-protection -fstack-check=no -fno-stack-check -Wl,-O4 -Wl,-O4,--sort-common,--as-needed,-z,norelro,-z,now,-lgomp,-lpthread'
 * CXXFLAGS='-march=znver2 -O2 -pipe -g0 -fno-semantic-interposition -fno-plt -falign-functions=32 -fno-stack-protector -fno-stack-clash-protection -fstack-check=no -fno-stack-check -Wl,-O4 -Wl,-O4,--sort-common,--as-needed,-z,norelro,-z,now,-lgomp,-lpthread'
 * FFLAGS='-march=znver2 -O2 -pipe -g0 -fno-semantic-interposition -fno-plt -falign-functions=32 -fno-stack-protector -fno-stack-clash-protection -fstack-check=no -fno-stack-check -Wl,-O4 -Wl,-O4,--sort-common,--as-needed,-z,norelro,-z,now,-lgomp,-lpthread'
 * FCFLAGS='-march=znver2 -O2 -pipe -g0 -fno-semantic-interposition -fno-plt -falign-functions=32 -fno-stack-protector -fno-stack-clash-protection -fstack-check=no -fno-stack-check -Wl,-O4 -Wl,-O4,--sort-common,--as-needed,-z,norelro,-z,now,-lgomp,-lpthread'
 * F77FLAGS='-march=znver2 -O2 -pipe -g0 -fno-semantic-interposition -fno-plt -falign-functions=32 -fno-stack-protector -fno-stack-clash-protection -fstack-check=no -fno-stack-check -Wl,-O4 -Wl,-O4,--sort-common,--as-needed,-z,norelro,-z,now,-lgomp,-lpthread'
 * LDFLAGS='-march=znver2 -O2 -pipe -g0 -fno-semantic-interposition -fno-plt -falign-functions=32 -fno-stack-protector -fno-stack-clash-protection -fstack-check=no -fno-stack-check -Wl,-O4,--sort-common,--as-needed,-z,norelro,-z,now,-lgomp,-lpthread'
 * MAKEOPTS='-j12 -l12'
 * gcc (Gentoo 11.0.0_pre9999 p1, commit 184c21bf1cd04a108ed9bd04635e7d57ac39f616) 11.0.0 20200611 (experimental)
 * g++ (Gentoo 11.0.0_pre9999 p1, commit 184c21bf1cd04a108ed9bd04635e7d57ac39f616) 11.0.0 20200611 (experimental)
 * GNU ld (Gentoo 2.34 p4) 2.34.0
 * Linux rescue 5.4.36 #1 SMP Thu Apr 30 04:38:28 UTC 2020 x86_64 AMD Ryzen 5 3600 6-Core Processor AuthenticAMD GNU/Linux
app-crypt/rhash: 11 seconds average for 15 merges
2020-05-15T04:11:19 >>> app-crypt/rhash: 9 seconds
2020-05-20T01:13:14 >>> app-crypt/rhash: 5 seconds
2020-05-23T15:36:24 >>> app-crypt/rhash: 14 seconds
2020-05-25T19:07:57 >>> app-crypt/rhash: 14 seconds
2020-05-25T22:22:35 >>> app-crypt/rhash: 13 seconds
2020-05-26T14:26:13 >>> app-crypt/rhash: 6 seconds
2020-05-27T02:03:08 >>> app-crypt/rhash: 6 seconds
2020-05-27T03:57:31 >>> app-crypt/rhash: 15 seconds
2020-05-28T14:35:50 >>> app-crypt/rhash: 6 seconds
2020-05-29T02:09:55 >>> app-crypt/rhash: 9 seconds
2020-05-30T14:59:45 >>> app-crypt/rhash: 14 seconds
2020-06-01T00:11:45 >>> app-crypt/rhash: 16 seconds
2020-06-01T06:00:21 >>> app-crypt/rhash: 16 seconds
2020-06-04T13:34:10 >>> app-crypt/rhash: 27 seconds
2020-06-12T01:56:34 >>> app-crypt/rhash: 5 seconds
]0;emerge 20:34:37 503|882 rhash 00:16 (root@rescue)>>> Extracting app-crypt/rhash-1.3.9-r2
 * checking 30 files for package collisions
>>> Merging app-crypt/rhash-1.3.9-r2 to /
 * removing unneeded *.la files
--- /etc/
>>> /etc/._cfg0000_rhashrc
--- /usr/
--- /usr/lib64/
>>> /usr/lib64/librhash.so.0
--- /usr/lib64/pkgconfig/
>>> /usr/lib64/pkgconfig/librhash.pc
>>> /usr/lib64/librhash.so -> librhash.so.0
--- /usr/share/
--- /usr/share/man/
--- /usr/share/man/man1/
>>> /usr/share/man/man1/has160-hash.1.bz2 -> rhash.1.bz2
>>> /usr/share/man/man1/rhash.1.bz2
>>> /usr/share/man/man1/whirlpool-hash.1.bz2 -> rhash.1.bz2
>>> /usr/share/man/man1/gost12-256-hash.1.bz2 -> rhash.1.bz2
>>> /usr/share/man/man1/edonr512-hash.1.bz2 -> rhash.1.bz2
>>> /usr/share/man/man1/tth-hash.1.bz2 -> rhash.1.bz2
>>> /usr/share/man/man1/magnet-link.1.bz2 -> rhash.1.bz2
>>> /usr/share/man/man1/gost12-512-hash.1.bz2 -> rhash.1.bz2
>>> /usr/share/man/man1/sfv-hash.1.bz2 -> rhash.1.bz2
>>> /usr/share/man/man1/ed2k-link.1.bz2 -> rhash.1.bz2
>>> /usr/share/man/man1/tiger-hash.1.bz2 -> rhash.1.bz2
>>> /usr/share/man/man1/edonr256-hash.1.bz2 -> rhash.1.bz2
--- /usr/include/
>>> /usr/include/rhash.h
>>> /usr/include/rhash_torrent.h
--- /usr/bin/
>>> /usr/bin/edonr256-hash -> rhash
>>> /usr/bin/ed2k-link -> rhash
>>> /usr/bin/rhash
>>> /usr/bin/magnet-link -> rhash
>>> /usr/bin/whirlpool-hash -> rhash
>>> /usr/bin/tth-hash -> rhash
>>> /usr/bin/edonr512-hash -> rhash
>>> /usr/bin/gost12-512-hash -> rhash
>>> /usr/bin/gost12-256-hash -> rhash
>>> /usr/bin/sfv-hash -> rhash
>>> /usr/bin/has160-hash -> rhash
>>> /usr/bin/tiger-hash -> rhash
>>> Safely unmerging already-installed instance...
>>> Original instance of package unmerged safely.
>>> app-crypt/rhash-1.3.9-r2 merged.
>>> Regenerating /etc/ld.so.cache...
