No package files given... Grabbing a set.
<<<          obj /usr/share/sgml/docbook/sgml-dtd-4.4/soextblx.dtd
<<<          obj /usr/share/sgml/docbook/sgml-dtd-4.4/htmltblx.mod
<<<          obj /usr/share/sgml/docbook/sgml-dtd-4.4/docbookx.dtd
<<<          obj /usr/share/sgml/docbook/sgml-dtd-4.4/docbook.dtd
<<<          obj /usr/share/sgml/docbook/sgml-dtd-4.4/docbook.dcl
<<<          obj /usr/share/sgml/docbook/sgml-dtd-4.4/dbpoolx.mod
<<<          obj /usr/share/sgml/docbook/sgml-dtd-4.4/dbnotnx.mod
<<<          obj /usr/share/sgml/docbook/sgml-dtd-4.4/dbhierx.mod
<<<          obj /usr/share/sgml/docbook/sgml-dtd-4.4/dbgenent.mod
<<<          obj /usr/share/sgml/docbook/sgml-dtd-4.4/dbcentx.mod
<<<          obj /usr/share/sgml/docbook/sgml-dtd-4.4/catalog
<<<          obj /usr/share/sgml/docbook/sgml-dtd-4.4/calstblx.dtd
<<<          obj /etc/sgml/sgml-docbook-4.4.cat
<<<          dir /usr/share/sgml/docbook/sgml-dtd-4.4
--- !empty   dir /usr/share/sgml/docbook
--- !empty   dir /usr/share/sgml
--- !empty   dir /usr/share
--- !empty   dir /usr
--- !empty   dir /etc/sgml
--- !empty   dir /etc
 * Updating /etc/sgml/catalog ...
 [ ok ]
