 * Package:    app-shells/set_prompt-3.1
 * Repository: mv
 * Maintainer: martin@mvath.de
 * Upstream:   martin@mvath.de
 * USE:        abi_x86_64 amd64 elibc_glibc kernel_linux userland_GNU
 * FEATURES:   ccache network-sandbox preserve-libs sandbox userpriv usersandbox
 * FEATURES='assume-digests binpkg-docompress binpkg-dostrip binpkg-logs binpkg-multi-instance buildpkg ccache cgroup compress-index config-protect-if-modified distlocks downgrade-backup fixlafiles ipc-sandbox merge-sync multilib-strict network-sandbox news nodoc parallel-fetch parallel-install pid-sandbox preserve-libs qa-unresolved-soname-deps sandbox sfperms strict unknown-features-warn unmerge-backup unmerge-logs unmerge-orphans userfetch userpriv usersandbox usersync xattr'
 * CFLAGS='-march=native -O3 -fgraphite-identity -floop-nest-optimize -fdevirtualize-at-ltrans -fipa-pta -fno-semantic-interposition -flto=12 -fno-signed-zeros -fno-trapping-math -fassociative-math -freciprocal-math -fno-math-errno -ffinite-math-only -fno-rounding-math -fno-signaling-nans -fcx-limited-range -fexcess-precision=fast -fno-plt -fno-common -fuse-linker-plugin -pipe -g0 -fno-stack-protector -fno-stack-clash-protection -fstack-check=no -fno-stack-check -Wl,-O4,--hash-style=gnu,--sort-common,--as-needed,-z,relro,-z,now,-lgomp,-lpthread'
 * CXXFLAGS='-march=native -O3 -fgraphite-identity -floop-nest-optimize -fdevirtualize-at-ltrans -fipa-pta -fno-semantic-interposition -flto=12 -fno-signed-zeros -fno-trapping-math -fassociative-math -freciprocal-math -fno-math-errno -ffinite-math-only -fno-rounding-math -fno-signaling-nans -fcx-limited-range -fexcess-precision=fast -fno-plt -fno-common -fuse-linker-plugin -pipe -g0 -fno-stack-protector -fno-stack-clash-protection -fstack-check=no -fno-stack-check -Wl,-O4,--hash-style=gnu,--sort-common,--as-needed,-z,relro,-z,now,-lgomp,-lpthread'
 * FFLAGS='-march=native -O3 -fgraphite-identity -floop-nest-optimize -fdevirtualize-at-ltrans -fipa-pta -fno-semantic-interposition -flto=12 -fno-signed-zeros -fno-trapping-math -fassociative-math -freciprocal-math -fno-math-errno -ffinite-math-only -fno-rounding-math -fno-signaling-nans -fcx-limited-range -fexcess-precision=fast -fno-plt -fno-common -fuse-linker-plugin -pipe -g0 -fno-stack-protector -fno-stack-clash-protection -fstack-check=no -fno-stack-check -Wl,-O4,--hash-style=gnu,--sort-common,--as-needed,-z,relro,-z,now,-lgomp,-lpthread'
 * FCFLAGS='-march=native -O3 -fgraphite-identity -floop-nest-optimize -fdevirtualize-at-ltrans -fipa-pta -fno-semantic-interposition -flto=12 -fno-signed-zeros -fno-trapping-math -fassociative-math -freciprocal-math -fno-math-errno -ffinite-math-only -fno-rounding-math -fno-signaling-nans -fcx-limited-range -fexcess-precision=fast -fno-plt -fno-common -fuse-linker-plugin -pipe -g0 -fno-stack-protector -fno-stack-clash-protection -fstack-check=no -fno-stack-check -Wl,-O4,--hash-style=gnu,--sort-common,--as-needed,-z,relro,-z,now,-lgomp,-lpthread'
 * F77FLAGS='-march=native -O3 -fgraphite-identity -floop-nest-optimize -fdevirtualize-at-ltrans -fipa-pta -fno-semantic-interposition -flto=12 -fno-signed-zeros -fno-trapping-math -fassociative-math -freciprocal-math -fno-math-errno -ffinite-math-only -fno-rounding-math -fno-signaling-nans -fcx-limited-range -fexcess-precision=fast -fno-plt -fno-common -fuse-linker-plugin -pipe -g0 -fno-stack-protector -fno-stack-clash-protection -fstack-check=no -fno-stack-check -Wl,-O4,--hash-style=gnu,--sort-common,--as-needed,-z,relro,-z,now,-lgomp,-lpthread'
 * LDFLAGS='-Wl,-O4,--hash-style=gnu,--sort-common,--as-needed,-z,relro,-z,now,-lgomp,-lpthread -march=native -O3 -fgraphite-identity -floop-nest-optimize -fdevirtualize-at-ltrans -fipa-pta -fno-semantic-interposition -flto=12 -fno-signed-zeros -fno-trapping-math -fassociative-math -freciprocal-math -fno-math-errno -ffinite-math-only -fno-rounding-math -fno-signaling-nans -fcx-limited-range -fexcess-precision=fast -fno-plt -fno-common -fuse-linker-plugin -pipe -g0 -fno-stack-protector -fno-stack-clash-protection -fstack-check=no -fno-stack-check'
 * MAKEOPTS='-j12'
 * gcc (Gentoo 10.1.0 p1) 10.1.0
 * g++ (Gentoo 10.1.0 p1) 10.1.0
 * GNU ld (Gentoo 2.34 p1) 2.34.0
 * Linux ryzen.gnum.org 5.4.36 #1 SMP Thu Apr 30 04:38:28 UTC 2020 x86_64 AMD Ryzen 5 3600 6-Core Processor AuthenticAMD GNU/Linux
]0;emerge 03:31:16 2|9 set_prompt (root@ryzen.gnum.org)>>> Unpacking source...
>>> Unpacking set_prompt-3.1.tar.gz to /tmp/portage/app-shells/set_prompt-3.1/work
>>> Source unpacked in /tmp/portage/app-shells/set_prompt-3.1/work
>>> Preparing source in /tmp/portage/app-shells/set_prompt-3.1/work/set_prompt-3.1 ...
>>> Source prepared.
>>> Configuring source in /tmp/portage/app-shells/set_prompt-3.1/work/set_prompt-3.1 ...
>>> Source configured.
>>> Compiling source in /tmp/portage/app-shells/set_prompt-3.1/work/set_prompt-3.1 ...
>>> Source compiled.
>>> Test phase [not enabled]: app-shells/set_prompt-3.1

>>> Install app-shells/set_prompt-3.1 into /tmp/portage/app-shells/set_prompt-3.1/image
>>> Completed installing app-shells/set_prompt-3.1 into /tmp/portage/app-shells/set_prompt-3.1/image

 * Final size of build directory: 56 KiB
 * Final size of installed tree:  76 KiB

./
./usr/
./usr/bin/
./usr/bin/set_prompt.sh
./usr/bin/set_prompt
./usr/bin/git_update
./usr/bin/git_prompt.zsh
./usr/share/
./usr/share/zsh/
./usr/share/zsh/site-functions/
./usr/share/zsh/site-functions/_set_prompt
./usr/share/doc/
./usr/share/doc/set_prompt-3.1/
./usr/share/doc/set_prompt-3.1/README.md.bz2
./etc/
./etc/set_prompt.config
>>> Done.
 * checking 6 files for package collisions
>>> Merging app-shells/set_prompt-3.1 to /
 * removing unneeded *.la files
--- /etc/
>>> /etc/set_prompt.config
--- /usr/
--- /usr/share/
--- /usr/share/zsh/
--- /usr/share/zsh/site-functions/
>>> /usr/share/zsh/site-functions/_set_prompt
--- /usr/bin/
>>> /usr/bin/git_prompt.zsh
>>> /usr/bin/git_update
>>> /usr/bin/set_prompt
>>> /usr/bin/set_prompt.sh
>>> app-shells/set_prompt-3.1 merged.
>>> Regenerating /etc/ld.so.cache...
