 * Package:    app-misc/c_rehash-1.7-r1
 * Repository: gentoo
 * Maintainer: base-system@gentoo.org
 * USE:        abi_x86_64 amd64 elibc_glibc kernel_linux userland_GNU
 * FEATURES:   network-sandbox preserve-libs sandbox userpriv usersandbox
 * FEATURES='assume-digests binpkg-docompress binpkg-dostrip binpkg-logs buildpkg cgroup compress-index config-protect-if-modified distlocks ebuild-locks fixlafiles ipc-sandbox merge-sync multilib-strict network-sandbox news nodoc parallel-fetch pid-sandbox preserve-libs qa-unresolved-soname-deps sandbox sfperms strict strict-keepdir unknown-features-warn unmerge-logs unmerge-orphans userfetch userpriv usersandbox usersync xattr'
 * CFLAGS='-march=native -Ofast -pipe -g0 -fno-common -fgraphite-identity -floop-interchange -floop-nest-optimize -floop-parallelize-all -ftree-parallelize-loops=12 -ftree-vectorize -fdevirtualize-at-ltrans -fipa-pta -fno-semantic-interposition -flto=12 -fno-plt -fbranch-target-load-optimize2 -fcx-fortran-rules -fno-var-tracking-assignments -freschedule-modulo-scheduled-loops -fsched-pressure -fsched-spec-load -fsched-spec-load-dangerous -fsched-stalled-insns=0 -fsched2-use-superblocks -fselective-scheduling -fselective-scheduling2 -fsel-sched-pipelining -fsel-sched-pipelining-outer-loops -ftree-lrs -maccumulate-outgoing-args -fmerge-all-constants -falign-functions=32 -fno-stack-protector -fno-stack-clash-protection -fstack-check=no -fno-stack-check -fuse-linker-plugin -Wl,-O1 -Wl,--as-needed -Wl,--sort-common -Wl,-z -Wl,norelro -Wl,-z,max-page-size=0x1000 -lgomp -lpthread -s'
 * CXXFLAGS='-march=native -Ofast -pipe -g0 -fno-common -fgraphite-identity -floop-interchange -floop-nest-optimize -floop-parallelize-all -ftree-parallelize-loops=12 -ftree-vectorize -fdevirtualize-at-ltrans -fipa-pta -fno-semantic-interposition -flto=12 -fno-plt -fbranch-target-load-optimize2 -fcx-fortran-rules -fno-enforce-eh-specs -fnothrow-opt -fno-var-tracking-assignments -freschedule-modulo-scheduled-loops -fsched-pressure -fsched-spec-load -fsched-spec-load-dangerous -fsched-stalled-insns=0 -fsched2-use-superblocks -fselective-scheduling -fselective-scheduling2 -fsel-sched-pipelining -fsel-sched-pipelining-outer-loops -ftree-lrs -maccumulate-outgoing-args -fmerge-all-constants -falign-functions=32 -fno-stack-protector -fno-stack-clash-protection -fstack-check=no -fno-stack-check -fuse-linker-plugin -Wl,-O1 -Wl,--as-needed -Wl,--sort-common -Wl,-z -Wl,norelro -Wl,-z,max-page-size=0x1000 -lgomp -lpthread -s'
 * FFLAGS='-march=native -Ofast -pipe -g0 -fno-common -fgraphite-identity -floop-interchange -floop-nest-optimize -floop-parallelize-all -ftree-parallelize-loops=12 -ftree-vectorize -fdevirtualize-at-ltrans -fipa-pta -fno-semantic-interposition -flto=12 -fno-plt -fbranch-target-load-optimize2 -fcx-fortran-rules -fno-var-tracking-assignments -freschedule-modulo-scheduled-loops -fsched-pressure -fsched-spec-load -fsched-spec-load-dangerous -fsched-stalled-insns=0 -fsched2-use-superblocks -fselective-scheduling -fselective-scheduling2 -fsel-sched-pipelining -fsel-sched-pipelining-outer-loops -ftree-lrs -maccumulate-outgoing-args -fmerge-all-constants -falign-functions=32 -fno-stack-protector -fno-stack-clash-protection -fstack-check=no -fno-stack-check -fuse-linker-plugin -Wl,-O1 -Wl,--as-needed -Wl,--sort-common -Wl,-z -Wl,norelro -Wl,-z,max-page-size=0x1000 -lgomp -lpthread -s'
 * FCFLAGS='-march=native -Ofast -pipe -g0 -fno-common -fgraphite-identity -floop-interchange -floop-nest-optimize -floop-parallelize-all -ftree-parallelize-loops=12 -ftree-vectorize -fdevirtualize-at-ltrans -fipa-pta -fno-semantic-interposition -flto=12 -fno-plt -fbranch-target-load-optimize2 -fcx-fortran-rules -fno-var-tracking-assignments -freschedule-modulo-scheduled-loops -fsched-pressure -fsched-spec-load -fsched-spec-load-dangerous -fsched-stalled-insns=0 -fsched2-use-superblocks -fselective-scheduling -fselective-scheduling2 -fsel-sched-pipelining -fsel-sched-pipelining-outer-loops -ftree-lrs -maccumulate-outgoing-args -fmerge-all-constants -falign-functions=32 -fno-stack-protector -fno-stack-clash-protection -fstack-check=no -fno-stack-check -fuse-linker-plugin -Wl,-O1 -Wl,--as-needed -Wl,--sort-common -Wl,-z -Wl,norelro -Wl,-z,max-page-size=0x1000 -lgomp -lpthread -s'
 * F77FLAGS='-march=native -Ofast -pipe -g0 -fno-common -fgraphite-identity -floop-interchange -floop-nest-optimize -floop-parallelize-all -ftree-parallelize-loops=12 -ftree-vectorize -fdevirtualize-at-ltrans -fipa-pta -fno-semantic-interposition -flto=12 -fno-plt -fbranch-target-load-optimize2 -fcx-fortran-rules -fno-enforce-eh-specs -fnothrow-opt -fno-var-tracking-assignments -freschedule-modulo-scheduled-loops -fsched-pressure -fsched-spec-load -fsched-spec-load-dangerous -fsched-stalled-insns=0 -fsched2-use-superblocks -fselective-scheduling -fselective-scheduling2 -fsel-sched-pipelining -fsel-sched-pipelining-outer-loops -ftree-lrs -maccumulate-outgoing-args -fmerge-all-constants -falign-functions=32 -fno-stack-protector -fno-stack-clash-protection -fstack-check=no -fno-stack-check -fuse-linker-plugin -Wl,-O1 -Wl,--as-needed -Wl,--sort-common -Wl,-z -Wl,norelro -Wl,-z,max-page-size=0x1000 -lgomp -lpthread -s'
 * LDFLAGS='-march=native -Ofast -pipe -g0 -fno-common -fgraphite-identity -floop-interchange -floop-nest-optimize -floop-parallelize-all -ftree-parallelize-loops=12 -ftree-vectorize -fdevirtualize-at-ltrans -fipa-pta -fno-semantic-interposition -flto=12 -fno-plt -fbranch-target-load-optimize2 -fcx-fortran-rules -fno-enforce-eh-specs -fnothrow-opt -fno-var-tracking-assignments -freschedule-modulo-scheduled-loops -fsched-pressure -fsched-spec-load -fsched-spec-load-dangerous -fsched-stalled-insns=0 -fsched2-use-superblocks -fselective-scheduling -fselective-scheduling2 -fsel-sched-pipelining -fsel-sched-pipelining-outer-loops -ftree-lrs -maccumulate-outgoing-args -fmerge-all-constants -falign-functions=32 -fno-stack-protector -fno-stack-clash-protection -fstack-check=no -fno-stack-check -fuse-linker-plugin -Wl,-O1 -Wl,--as-needed -Wl,--sort-common -Wl,-z -Wl,norelro -Wl,-z,max-page-size=0x1000 -lgomp -lpthread -s'
 * MAKEOPTS='-j12 -l12'
 * gcc () 11.0.0 20200618 (experimental)
 * g++ () 11.0.0 20200618 (experimental)
 * GNU ld (Gentoo 2.34 p4) 2.34.0
 * Linux rescue 5.4.36 #1 SMP Thu Apr 30 04:38:28 UTC 2020 x86_64 AMD Ryzen 5 3600 6-Core Processor AuthenticAMD GNU/Linux
app-misc/c_rehash: 5 minutes, 16 seconds average for 32 merges
2020-05-16T20:36:36 >>> app-misc/c_rehash: 8 seconds
2020-05-20T00:55:58 >>> app-misc/c_rehash: 2 minutes, 16 seconds
2020-05-21T05:47:52 >>> app-misc/c_rehash: 6 seconds
2020-05-21T12:38:27 >>> app-misc/c_rehash: 10 seconds
2020-05-22T01:53:41 >>> app-misc/c_rehash: 6 minutes, 30 seconds
2020-05-22T02:40:11 >>> app-misc/c_rehash: 2 minutes, 44 seconds
2020-05-22T03:04:55 >>> app-misc/c_rehash: 7 minutes, 9 seconds
2020-05-22T12:24:30 >>> app-misc/c_rehash: 6 minutes, 50 seconds
2020-05-23T03:26:15 >>> app-misc/c_rehash: 6 minutes, 50 seconds
2020-05-24T23:20:23 >>> app-misc/c_rehash: 9 minutes, 1 second
2020-05-25T03:01:24 >>> app-misc/c_rehash: 1 minute, 56 seconds
2020-05-25T18:12:34 >>> app-misc/c_rehash: 7 minutes, 30 seconds
2020-05-25T19:49:32 >>> app-misc/c_rehash: 4 minutes, 25 seconds
2020-05-26T12:31:36 >>> app-misc/c_rehash: 4 minutes, 18 seconds
2020-05-26T13:46:09 >>> app-misc/c_rehash: 3 minutes, 34 seconds
2020-05-27T01:23:57 >>> app-misc/c_rehash: 2 minutes, 54 seconds
2020-05-27T02:58:58 >>> app-misc/c_rehash: 8 minutes, 21 seconds
2020-05-28T13:21:30 >>> app-misc/c_rehash: 6 minutes, 42 seconds
2020-05-28T14:11:20 >>> app-misc/c_rehash: 3 minutes, 27 seconds
2020-05-29T01:31:30 >>> app-misc/c_rehash: 3 minutes
2020-05-30T12:26:15 >>> app-misc/c_rehash: 9 minutes, 1 second
2020-05-30T21:31:53 >>> app-misc/c_rehash: 3 minutes, 42 seconds
2020-06-01T01:43:29 >>> app-misc/c_rehash: 6 minutes, 44 seconds
2020-06-04T11:47:37 >>> app-misc/c_rehash: 18 minutes, 41 seconds
2020-06-12T01:18:10 >>> app-misc/c_rehash: 5 seconds
2020-06-13T03:15:48 >>> app-misc/c_rehash: 3 minutes, 13 seconds
2020-06-13T19:54:16 >>> app-misc/c_rehash: 6 minutes, 55 seconds
2020-06-14T04:30:26 >>> app-misc/c_rehash: 8 minutes, 59 seconds
2020-06-15T13:43:52 >>> app-misc/c_rehash: 2 minutes, 27 seconds
2020-06-16T13:32:56 >>> app-misc/c_rehash: 8 minutes, 14 seconds
2020-06-17T03:06:54 >>> app-misc/c_rehash: 4 minutes, 15 seconds
2020-06-17T13:31:03 >>> app-misc/c_rehash: 8 minutes, 25 seconds
]0;emerge 08:19:42 19|738 c_rehash 06:58 (root@rescue)kemerge 08:19:42 19|738 c_rehash 06:58 (root@rescue)\>>> Unpacking source...
>>> Unpacking openssl-c_rehash.sh.1.7 to /tmp/portage/app-misc/c_rehash-1.7-r1/work
unpack openssl-c_rehash.sh.1.7: file format not recognized. Ignoring.
>>> Source unpacked in /tmp/portage/app-misc/c_rehash-1.7-r1/work
>>> Preparing source in /tmp/portage/app-misc/c_rehash-1.7-r1/work ...
>>> Source prepared.
>>> Configuring source in /tmp/portage/app-misc/c_rehash-1.7-r1/work ...
>>> Source configured.
>>> Compiling source in /tmp/portage/app-misc/c_rehash-1.7-r1/work ...
>>> Source compiled.
>>> Test phase [not enabled]: app-misc/c_rehash-1.7-r1

>>> Install app-misc/c_rehash-1.7-r1 into /tmp/portage/app-misc/c_rehash-1.7-r1/image/
>>> Completed installing app-misc/c_rehash-1.7-r1 into /tmp/portage/app-misc/c_rehash-1.7-r1/image/

 * Final size of build directory: 12 KiB
 * Final size of installed tree:  20 KiB

Parallel BZIP2 v1.1.13 [Dec 18, 2015]
By: Jeff Gilchrist [http://compression.ca]
Major contributions: Yavor Nikolov [http://javornikolov.wordpress.com]
Uses libbzip2 by Julian Seward

         # CPUs: 7
   Load Average: 4.78
 BWT Block Size: 200 KB
File Block Size: 900 KB
 Maximum Memory: 1024 MB
-------------------------------------------
         File #: 1 of 1
     Input Name: compressme
    Output Name: compressme.bz2

     Input Size: 3895 bytes
Compressing data (no threads)...
Completed: 100%                 Output Size: 918 bytes
-------------------------------------------

     Wall Clock: 0.000625 seconds
./
./usr/
./usr/bin/
./usr/bin/c_rehash
>>> Done.
 * checking 1 files for package collisions
>>> Merging app-misc/c_rehash-1.7-r1 to /
 * removing unneeded *.la files
--- /usr/
--- /usr/bin/
>>> /usr/bin/c_rehash
>>> Safely unmerging already-installed instance...
>>> Original instance of package unmerged safely.
>>> app-misc/c_rehash-1.7-r1 merged.
