 * Package:    app-admin/perl-cleaner-2.28
 * Repository: gentoo
 * Maintainer: perl@gentoo.org
 * USE:        abi_x86_64 amd64 elibc_glibc kernel_linux userland_GNU
 * FEATURES:   ccache network-sandbox preserve-libs sandbox userpriv usersandbox
 * FEATURES='assume-digests binpkg-docompress binpkg-dostrip binpkg-logs buildpkg ccache cgroup compress-index config-protect-if-modified distlocks ebuild-locks fixlafiles ipc-sandbox merge-sync multilib-strict network-sandbox news nodoc parallel-fetch pid-sandbox preserve-libs qa-unresolved-soname-deps sandbox sfperms strict strict-keepdir unknown-features-warn unmerge-logs unmerge-orphans userfetch userpriv usersandbox usersync xattr'
 * CFLAGS='-march=znver2 -O2 -pipe -g0 -falign-functions=32 -fno-stack-protector -fno-stack-clash-protection -fstack-check=no -fno-stack-check -Wl,-O1,--sort-common,--as-needed,-z,norelro,-z,now'
 * CXXFLAGS='-march=znver2 -O2 -pipe -g0 -falign-functions=32 -fno-stack-protector -fno-stack-clash-protection -fstack-check=no -fno-stack-check -Wl,-O1,--sort-common,--as-needed,-z,norelro,-z,now'
 * FFLAGS='-march=znver2 -O2 -pipe -g0 -falign-functions=32 -fno-stack-protector -fno-stack-clash-protection -fstack-check=no -fno-stack-check -Wl,-O1,--sort-common,--as-needed,-z,norelro,-z,now'
 * FCFLAGS='-march=znver2 -O2 -pipe -g0 -falign-functions=32 -fno-stack-protector -fno-stack-clash-protection -fstack-check=no -fno-stack-check -Wl,-O1,--sort-common,--as-needed,-z,norelro,-z,now'
 * F77FLAGS='-march=znver2 -O2 -pipe -g0 -falign-functions=32 -fno-stack-protector -fno-stack-clash-protection -fstack-check=no -fno-stack-check -Wl,-O1,--sort-common,--as-needed,-z,norelro,-z,now'
 * LDFLAGS='-Wl,-O1,--sort-common,--as-needed,-z,norelro,-z,now'
 * MAKEOPTS='-j12 -l12'
 * gcc (Gentoo 11.0.0_pre9999 p1, commit 184c21bf1cd04a108ed9bd04635e7d57ac39f616) 11.0.0 20200611 (experimental)
 * g++ (Gentoo 11.0.0_pre9999 p1, commit 184c21bf1cd04a108ed9bd04635e7d57ac39f616) 11.0.0 20200611 (experimental)
 * GNU ld (Gentoo 2.34 p4) 2.34.0
 * Linux rescue 5.4.36 #1 SMP Thu Apr 30 04:38:28 UTC 2020 x86_64 AMD Ryzen 5 3600 6-Core Processor AuthenticAMD GNU/Linux
app-admin/perl-cleaner: 10 seconds average for 13 merges
2020-05-16T21:06:25 >>> app-admin/perl-cleaner: 8 seconds
2020-05-23T11:35:47 >>> app-admin/perl-cleaner: 10 seconds
2020-05-24T23:58:33 >>> app-admin/perl-cleaner: 14 seconds
2020-05-25T18:40:34 >>> app-admin/perl-cleaner: 12 seconds
2020-05-25T20:11:09 >>> app-admin/perl-cleaner: 13 seconds
2020-05-27T02:33:13 >>> app-admin/perl-cleaner: 6 seconds
2020-05-27T03:24:15 >>> app-admin/perl-cleaner: 9 seconds
2020-05-29T02:04:27 >>> app-admin/perl-cleaner: 8 seconds
2020-05-30T12:56:12 >>> app-admin/perl-cleaner: 10 seconds
2020-06-01T02:06:37 >>> app-admin/perl-cleaner: 16 seconds
2020-06-12T02:19:46 >>> app-admin/perl-cleaner: 5 seconds
2020-06-13T03:44:19 >>> app-admin/perl-cleaner: 7 seconds
2020-06-13T21:01:39 >>> app-admin/perl-cleaner: 13 seconds
]0;emerge 04:52:43 201|887 perl-cleaner 00:08 (root@rescue)>>> Unpacking source...
>>> Unpacking perl-cleaner-2.28.tar.bz2 to /tmp/portage/app-admin/perl-cleaner-2.28/work
>>> Source unpacked in /tmp/portage/app-admin/perl-cleaner-2.28/work
>>> Preparing source in /tmp/portage/app-admin/perl-cleaner-2.28/work/perl-cleaner-2.28 ...
 * Adjusting to prefix /
 *   perl-cleaner ...
 [ ok ]
>>> Source prepared.
>>> Configuring source in /tmp/portage/app-admin/perl-cleaner-2.28/work/perl-cleaner-2.28 ...
>>> Source configured.
>>> Compiling source in /tmp/portage/app-admin/perl-cleaner-2.28/work/perl-cleaner-2.28 ...
>>> Source compiled.
>>> Test phase [not enabled]: app-admin/perl-cleaner-2.28

>>> Install app-admin/perl-cleaner-2.28 into /tmp/portage/app-admin/perl-cleaner-2.28/image/
>>> Completed installing app-admin/perl-cleaner-2.28 into /tmp/portage/app-admin/perl-cleaner-2.28/image/

 * Final size of build directory: 36 KiB
 * Final size of installed tree:  52 KiB

Parallel BZIP2 v1.1.13 [Dec 18, 2015]
By: Jeff Gilchrist [http://compression.ca]
Major contributions: Yavor Nikolov [http://javornikolov.wordpress.com]
Uses libbzip2 by Julian Seward

         # CPUs: 10
   Load Average: 1.63
 BWT Block Size: 200 KB
File Block Size: 900 KB
 Maximum Memory: 1024 MB
-------------------------------------------
         File #: 1 of 1
     Input Name: compressme
    Output Name: compressme.bz2

     Input Size: 3895 bytes
Compressing data (no threads)...
Completed: 100%                 Output Size: 918 bytes
-------------------------------------------

     Wall Clock: 0.000765 seconds
Parallel BZIP2 v1.1.13 [Dec 18, 2015]
By: Jeff Gilchrist [http://compression.ca]
Major contributions: Yavor Nikolov [http://javornikolov.wordpress.com]
Uses libbzip2 by Julian Seward

         # CPUs: 10
   Load Average: 1.63
 BWT Block Size: 200 KB
File Block Size: 900 KB
 Maximum Memory: 1024 MB
-------------------------------------------
         File #: 1 of 1
     Input Name: /tmp/portage/app-admin/perl-cleaner-2.28/image/usr/share/man/man1/perl-cleaner.1
    Output Name: /tmp/portage/app-admin/perl-cleaner-2.28/image/usr/share/man/man1/perl-cleaner.1.bz2

     Input Size: 1934 bytes
Compressing data (no threads)...
Completed: 100%                 Output Size: 1070 bytes
-------------------------------------------

     Wall Clock: 0.000864 seconds
./
./usr/
./usr/sbin/
./usr/sbin/perl-cleaner
./usr/share/
./usr/share/man/
./usr/share/man/man1/
./usr/share/man/man1/perl-cleaner.1
./usr/share/man/man1/perl-cleaner.1.bz2
>>> Done.
 * checking 3 files for package collisions
>>> Merging app-admin/perl-cleaner-2.28 to /
 * removing unneeded *.la files
--- /usr/
--- /usr/share/
--- /usr/share/man/
--- /usr/share/man/man1/
>>> /usr/share/man/man1/perl-cleaner.1.bz2
>>> /usr/share/man/man1/perl-cleaner.1
--- /usr/sbin/
>>> /usr/sbin/perl-cleaner
>>> Safely unmerging already-installed instance...
!!! File Not Found: '/etc/env.d/99lcdfilter'
>>> Original instance of package unmerged safely.
>>> app-admin/perl-cleaner-2.28 merged.
!!! File Not Found: '/etc/env.d/99lcdfilter'
