 * Package:    app-text/sgml-common-0.6.3-r7
 * Repository: gentoo
 * Maintainer: mgorny@gentoo.org
 * USE:        abi_x86_64 amd64 elibc_glibc kernel_linux userland_GNU
 * FEATURES:   network-sandbox preserve-libs sandbox userpriv usersandbox
 * FEATURES='assume-digests binpkg-docompress binpkg-dostrip binpkg-logs binpkg-multi-instance buildpkg cgroup compress-index config-protect-if-modified distlocks downgrade-backup fixlafiles ipc-sandbox merge-sync multilib-strict network-sandbox news nodoc parallel-fetch parallel-install pid-sandbox preserve-libs qa-unresolved-soname-deps sandbox sfperms strict strict-keepdir unknown-features-warn unmerge-backup unmerge-logs unmerge-orphans userfetch userpriv usersandbox usersync xattr'
 * CFLAGS='-march=native -O3 -fgraphite-identity -floop-nest-optimize -fdevirtualize-at-ltrans -fipa-pta -fno-semantic-interposition -flto=12 -fno-plt -fno-signed-zeros -fno-trapping-math -fassociative-math -freciprocal-math -fno-math-errno -ffinite-math-only -fno-rounding-math -fno-signaling-nans -fcx-limited-range -fexcess-precision=fast -fno-signed-zeros -fno-trapping-math -fassociative-math -freciprocal-math -fno-math-errno -ffinite-math-only -fno-rounding-math -fno-signaling-nans -fcx-limited-range -fexcess-precision=fast -fuse-linker-plugin -pipe -g0 -fno-stack-protector -fno-stack-clash-protection -fstack-check=no -fno-stack-check -Wl,-O1 -Wl,--as-needed -Wl,-O4,--hash-style=gnu,--sort-common,--as-needed,-z,relro,-z,now,-lgomp,-lpthread'
 * CXXFLAGS='-march=native -O3 -fgraphite-identity -floop-nest-optimize -fdevirtualize-at-ltrans -fipa-pta -fno-semantic-interposition -flto=12 -fno-plt -fno-signed-zeros -fno-trapping-math -fassociative-math -freciprocal-math -fno-math-errno -ffinite-math-only -fno-rounding-math -fno-signaling-nans -fcx-limited-range -fexcess-precision=fast -fno-signed-zeros -fno-trapping-math -fassociative-math -freciprocal-math -fno-math-errno -ffinite-math-only -fno-rounding-math -fno-signaling-nans -fcx-limited-range -fexcess-precision=fast -fuse-linker-plugin -pipe -g0 -fno-stack-protector -fno-stack-clash-protection -fstack-check=no -fno-stack-check -Wl,-O1 -Wl,--as-needed -Wl,-O4,--hash-style=gnu,--sort-common,--as-needed,-z,relro,-z,now,-lgomp,-lpthread'
 * FFLAGS='-march=native -O3 -fgraphite-identity -floop-nest-optimize -fdevirtualize-at-ltrans -fipa-pta -fno-semantic-interposition -flto=12 -fno-plt -fno-signed-zeros -fno-trapping-math -fassociative-math -freciprocal-math -fno-math-errno -ffinite-math-only -fno-rounding-math -fno-signaling-nans -fcx-limited-range -fexcess-precision=fast -fno-signed-zeros -fno-trapping-math -fassociative-math -freciprocal-math -fno-math-errno -ffinite-math-only -fno-rounding-math -fno-signaling-nans -fcx-limited-range -fexcess-precision=fast -fuse-linker-plugin -pipe -g0 -fno-stack-protector -fno-stack-clash-protection -fstack-check=no -fno-stack-check -Wl,-O1 -Wl,--as-needed -Wl,-O4,--hash-style=gnu,--sort-common,--as-needed,-z,relro,-z,now,-lgomp,-lpthread'
 * FCFLAGS='-march=native -O3 -fgraphite-identity -floop-nest-optimize -fdevirtualize-at-ltrans -fipa-pta -fno-semantic-interposition -flto=12 -fno-plt -fno-signed-zeros -fno-trapping-math -fassociative-math -freciprocal-math -fno-math-errno -ffinite-math-only -fno-rounding-math -fno-signaling-nans -fcx-limited-range -fexcess-precision=fast -fno-signed-zeros -fno-trapping-math -fassociative-math -freciprocal-math -fno-math-errno -ffinite-math-only -fno-rounding-math -fno-signaling-nans -fcx-limited-range -fexcess-precision=fast -fuse-linker-plugin -pipe -g0 -fno-stack-protector -fno-stack-clash-protection -fstack-check=no -fno-stack-check -Wl,-O1 -Wl,--as-needed -Wl,-O4,--hash-style=gnu,--sort-common,--as-needed,-z,relro,-z,now,-lgomp,-lpthread'
 * F77FLAGS='-march=native -O3 -fgraphite-identity -floop-nest-optimize -fdevirtualize-at-ltrans -fipa-pta -fno-semantic-interposition -flto=12 -fno-plt -fno-signed-zeros -fno-trapping-math -fassociative-math -freciprocal-math -fno-math-errno -ffinite-math-only -fno-rounding-math -fno-signaling-nans -fcx-limited-range -fexcess-precision=fast -fno-signed-zeros -fno-trapping-math -fassociative-math -freciprocal-math -fno-math-errno -ffinite-math-only -fno-rounding-math -fno-signaling-nans -fcx-limited-range -fexcess-precision=fast -fuse-linker-plugin -pipe -g0 -fno-stack-protector -fno-stack-clash-protection -fstack-check=no -fno-stack-check -Wl,-O1 -Wl,--as-needed -Wl,-O4,--hash-style=gnu,--sort-common,--as-needed,-z,relro,-z,now,-lgomp,-lpthread'
 * LDFLAGS='-Wl,-O1 -Wl,--as-needed -Wl,-O4,--hash-style=gnu,--sort-common,--as-needed,-z,relro,-z,now,-lgomp,-lpthread -march=native -O3 -fgraphite-identity -floop-nest-optimize -fdevirtualize-at-ltrans -fipa-pta -fno-semantic-interposition -flto=12 -fno-plt -fno-signed-zeros -fno-trapping-math -fassociative-math -freciprocal-math -fno-math-errno -ffinite-math-only -fno-rounding-math -fno-signaling-nans -fcx-limited-range -fexcess-precision=fast -fuse-linker-plugin -pipe -g0 -fno-stack-protector -fno-stack-clash-protection -fstack-check=no -fno-stack-check'
 * MAKEOPTS='-j12'
 * gcc (Gentoo 10.1.0 p1) 10.1.0
 * g++ (Gentoo 10.1.0 p1) 10.1.0
 * GNU ld (Gentoo 2.34 p1) 2.34.0
 * Linux ryzen.gnum.org 5.4.36 #1 SMP Thu Apr 30 04:38:28 UTC 2020 x86_64 AMD Ryzen 5 3600 6-Core Processor AuthenticAMD GNU/Linux
app-text/sgml-common: 2 minutes, 40 seconds average for 6 merges
2020-05-16T20:44:58 >>> app-text/sgml-common: 11 seconds
2020-05-20T00:56:25 >>> app-text/sgml-common: 11 seconds
2020-05-21T05:46:40 >>> app-text/sgml-common: 6 seconds
2020-05-22T01:52:59 >>> app-text/sgml-common: 6 minutes, 5 seconds
2020-05-22T02:39:17 >>> app-text/sgml-common: 2 minutes, 35 seconds
2020-05-22T03:04:05 >>> app-text/sgml-common: 6 minutes, 52 seconds
]0;emerge 12:23:46 9|1104 sgml-common 05:11 (root@ryzen.gnum.org)>>> Unpacking source...
>>> Unpacking sgml-common-0.6.3-gentoo.tar.gz to /tmp/portage/app-text/sgml-common-0.6.3-r7/work
>>> Source unpacked in /tmp/portage/app-text/sgml-common-0.6.3-r7/work
>>> Preparing source in /tmp/portage/app-text/sgml-common-0.6.3-r7/work/sgml-common-0.6.3 ...
 * Applying sgml-common-0.6.3-prefix.patch ...
 [ ok ]
 * Adjusting to prefix /
 *   install-catalog.in ...
 [ ok ]
 *   sgmlwhich ...
 [ ok ]
 *   sgml.conf ...
 [ ok ]
>>> Source prepared.
>>> Configuring source in /tmp/portage/app-text/sgml-common-0.6.3-r7/work/sgml-common-0.6.3 ...
./configure --prefix=/usr --build=x86_64-pc-linux-gnu --host=x86_64-pc-linux-gnu --mandir=/usr/share/man --infodir=/usr/share/info --datadir=/usr/share --sysconfdir=/etc --localstatedir=/var/lib --docdir=/usr/share/doc/sgml-common-0.6.3-r7 --htmldir=/usr/share/doc/sgml-common-0.6.3-r7/html --libdir=/usr/lib64
checking for a BSD-compatible install... /tmp/portage/._portage_reinstall_.avz1cyz4/bin/ebuild-helpers/xattr/install -c
checking whether build environment is sane... yes
checking for a thread-safe mkdir -p... /bin/mkdir -p
checking for gawk... gawk
checking whether make sets $(MAKE)... yes
checking that generated files are newer than configure... done
configure: creating ./config.status
config.status: creating Makefile
config.status: creating bin/Makefile
config.status: creating bin/install-catalog
config.status: creating config/Makefile
config.status: creating doc/Makefile
config.status: creating doc/HTML/Makefile
config.status: creating doc/man/Makefile
config.status: creating doc/refentry/Makefile
config.status: creating sgml-iso-entities/Makefile
config.status: creating xml-iso-entities/Makefile
>>> Source configured.
>>> Compiling source in /tmp/portage/app-text/sgml-common-0.6.3-r7/work/sgml-common-0.6.3 ...
make -j12 
Making all in bin
make[1]: Entering directory '/tmp/portage/app-text/sgml-common-0.6.3-r7/work/sgml-common-0.6.3/bin'
make[1]: Nothing to be done for 'all'.
make[1]: Leaving directory '/tmp/portage/app-text/sgml-common-0.6.3-r7/work/sgml-common-0.6.3/bin'
Making all in config
make[1]: Entering directory '/tmp/portage/app-text/sgml-common-0.6.3-r7/work/sgml-common-0.6.3/config'
make[1]: Nothing to be done for 'all'.
make[1]: Leaving directory '/tmp/portage/app-text/sgml-common-0.6.3-r7/work/sgml-common-0.6.3/config'
Making all in doc
make[1]: Entering directory '/tmp/portage/app-text/sgml-common-0.6.3-r7/work/sgml-common-0.6.3/doc'
Making all in refentry
make[2]: Entering directory '/tmp/portage/app-text/sgml-common-0.6.3-r7/work/sgml-common-0.6.3/doc/refentry'
make[2]: Nothing to be done for 'all'.
make[2]: Leaving directory '/tmp/portage/app-text/sgml-common-0.6.3-r7/work/sgml-common-0.6.3/doc/refentry'
Making all in man
make[2]: Entering directory '/tmp/portage/app-text/sgml-common-0.6.3-r7/work/sgml-common-0.6.3/doc/man'
make[2]: Nothing to be done for 'all'.
make[2]: Leaving directory '/tmp/portage/app-text/sgml-common-0.6.3-r7/work/sgml-common-0.6.3/doc/man'
Making all in HTML
make[2]: Entering directory '/tmp/portage/app-text/sgml-common-0.6.3-r7/work/sgml-common-0.6.3/doc/HTML'
make[2]: Nothing to be done for 'all'.
make[2]: Leaving directory '/tmp/portage/app-text/sgml-common-0.6.3-r7/work/sgml-common-0.6.3/doc/HTML'
make[2]: Entering directory '/tmp/portage/app-text/sgml-common-0.6.3-r7/work/sgml-common-0.6.3/doc'
make[2]: Nothing to be done for 'all-am'.
make[2]: Leaving directory '/tmp/portage/app-text/sgml-common-0.6.3-r7/work/sgml-common-0.6.3/doc'
make[1]: Leaving directory '/tmp/portage/app-text/sgml-common-0.6.3-r7/work/sgml-common-0.6.3/doc'
Making all in sgml-iso-entities
make[1]: Entering directory '/tmp/portage/app-text/sgml-common-0.6.3-r7/work/sgml-common-0.6.3/sgml-iso-entities'
make[1]: Nothing to be done for 'all'.
make[1]: Leaving directory '/tmp/portage/app-text/sgml-common-0.6.3-r7/work/sgml-common-0.6.3/sgml-iso-entities'
Making all in xml-iso-entities
make[1]: Entering directory '/tmp/portage/app-text/sgml-common-0.6.3-r7/work/sgml-common-0.6.3/xml-iso-entities'
make[1]: Nothing to be done for 'all'.
make[1]: Leaving directory '/tmp/portage/app-text/sgml-common-0.6.3-r7/work/sgml-common-0.6.3/xml-iso-entities'
make[1]: Entering directory '/tmp/portage/app-text/sgml-common-0.6.3-r7/work/sgml-common-0.6.3'
make[1]: Nothing to be done for 'all-am'.
make[1]: Leaving directory '/tmp/portage/app-text/sgml-common-0.6.3-r7/work/sgml-common-0.6.3'
>>> Source compiled.
>>> Test phase [not enabled]: app-text/sgml-common-0.6.3-r7

>>> Install app-text/sgml-common-0.6.3-r7 into /tmp/portage/app-text/sgml-common-0.6.3-r7/image
make -j12 DESTDIR=/tmp/portage/app-text/sgml-common-0.6.3-r7/image install 
Making install in bin
make[1]: Entering directory '/tmp/portage/app-text/sgml-common-0.6.3-r7/work/sgml-common-0.6.3/bin'
make[2]: Entering directory '/tmp/portage/app-text/sgml-common-0.6.3-r7/work/sgml-common-0.6.3/bin'
make[2]: Nothing to be done for 'install-data-am'.
 /bin/mkdir -p '/tmp/portage/app-text/sgml-common-0.6.3-r7/image/usr/bin'
 /tmp/portage/._portage_reinstall_.avz1cyz4/bin/ebuild-helpers/xattr/install -c install-catalog sgmlwhich '/tmp/portage/app-text/sgml-common-0.6.3-r7/image/usr/bin'
make[2]: Leaving directory '/tmp/portage/app-text/sgml-common-0.6.3-r7/work/sgml-common-0.6.3/bin'
make[1]: Leaving directory '/tmp/portage/app-text/sgml-common-0.6.3-r7/work/sgml-common-0.6.3/bin'
Making install in config
make[1]: Entering directory '/tmp/portage/app-text/sgml-common-0.6.3-r7/work/sgml-common-0.6.3/config'
make[2]: Entering directory '/tmp/portage/app-text/sgml-common-0.6.3-r7/work/sgml-common-0.6.3/config'
make[2]: Nothing to be done for 'install-exec-am'.
 /bin/mkdir -p '/tmp/portage/app-text/sgml-common-0.6.3-r7/image/etc/sgml'
 /tmp/portage/._portage_reinstall_.avz1cyz4/bin/ebuild-helpers/xattr/install -c -m 644 sgml.conf '/tmp/portage/app-text/sgml-common-0.6.3-r7/image/etc/sgml'
make[2]: Leaving directory '/tmp/portage/app-text/sgml-common-0.6.3-r7/work/sgml-common-0.6.3/config'
make[1]: Leaving directory '/tmp/portage/app-text/sgml-common-0.6.3-r7/work/sgml-common-0.6.3/config'
Making install in doc
make[1]: Entering directory '/tmp/portage/app-text/sgml-common-0.6.3-r7/work/sgml-common-0.6.3/doc'
Making install in refentry
make[2]: Entering directory '/tmp/portage/app-text/sgml-common-0.6.3-r7/work/sgml-common-0.6.3/doc/refentry'
make[3]: Entering directory '/tmp/portage/app-text/sgml-common-0.6.3-r7/work/sgml-common-0.6.3/doc/refentry'
make[3]: Nothing to be done for 'install-exec-am'.
make[3]: Nothing to be done for 'install-data-am'.
make[3]: Leaving directory '/tmp/portage/app-text/sgml-common-0.6.3-r7/work/sgml-common-0.6.3/doc/refentry'
make[2]: Leaving directory '/tmp/portage/app-text/sgml-common-0.6.3-r7/work/sgml-common-0.6.3/doc/refentry'
Making install in man
make[2]: Entering directory '/tmp/portage/app-text/sgml-common-0.6.3-r7/work/sgml-common-0.6.3/doc/man'
make[3]: Entering directory '/tmp/portage/app-text/sgml-common-0.6.3-r7/work/sgml-common-0.6.3/doc/man'
make[3]: Nothing to be done for 'install-exec-am'.
 /bin/mkdir -p '/tmp/portage/app-text/sgml-common-0.6.3-r7/image/usr/share/man/man8'
 /tmp/portage/._portage_reinstall_.avz1cyz4/bin/ebuild-helpers/xattr/install -c -m 644 install-catalog.8 '/tmp/portage/app-text/sgml-common-0.6.3-r7/image/usr/share/man/man8'
make[3]: Leaving directory '/tmp/portage/app-text/sgml-common-0.6.3-r7/work/sgml-common-0.6.3/doc/man'
make[2]: Leaving directory '/tmp/portage/app-text/sgml-common-0.6.3-r7/work/sgml-common-0.6.3/doc/man'
Making install in HTML
make[2]: Entering directory '/tmp/portage/app-text/sgml-common-0.6.3-r7/work/sgml-common-0.6.3/doc/HTML'
make[3]: Entering directory '/tmp/portage/app-text/sgml-common-0.6.3-r7/work/sgml-common-0.6.3/doc/HTML'
make[3]: Nothing to be done for 'install-exec-am'.
 /bin/mkdir -p '/tmp/portage/app-text/sgml-common-0.6.3-r7/image/usr/share/doc/sgml-common-0.6.3-r7/html'
 /tmp/portage/._portage_reinstall_.avz1cyz4/bin/ebuild-helpers/xattr/install -c -m 644 fdl.html index.html install-catalog.html introduction.html '/tmp/portage/app-text/sgml-common-0.6.3-r7/image/usr/share/doc/sgml-common-0.6.3-r7/html'
make[3]: Leaving directory '/tmp/portage/app-text/sgml-common-0.6.3-r7/work/sgml-common-0.6.3/doc/HTML'
make[2]: Leaving directory '/tmp/portage/app-text/sgml-common-0.6.3-r7/work/sgml-common-0.6.3/doc/HTML'
make[2]: Entering directory '/tmp/portage/app-text/sgml-common-0.6.3-r7/work/sgml-common-0.6.3/doc'
make[3]: Entering directory '/tmp/portage/app-text/sgml-common-0.6.3-r7/work/sgml-common-0.6.3/doc'
make[3]: Nothing to be done for 'install-exec-am'.
make[3]: Nothing to be done for 'install-data-am'.
make[3]: Leaving directory '/tmp/portage/app-text/sgml-common-0.6.3-r7/work/sgml-common-0.6.3/doc'
make[2]: Leaving directory '/tmp/portage/app-text/sgml-common-0.6.3-r7/work/sgml-common-0.6.3/doc'
make[1]: Leaving directory '/tmp/portage/app-text/sgml-common-0.6.3-r7/work/sgml-common-0.6.3/doc'
Making install in sgml-iso-entities
make[1]: Entering directory '/tmp/portage/app-text/sgml-common-0.6.3-r7/work/sgml-common-0.6.3/sgml-iso-entities'
make[2]: Entering directory '/tmp/portage/app-text/sgml-common-0.6.3-r7/work/sgml-common-0.6.3/sgml-iso-entities'
make[2]: Nothing to be done for 'install-exec-am'.
 /bin/mkdir -p '/tmp/portage/app-text/sgml-common-0.6.3-r7/image/usr/share/sgml/sgml-iso-entities-8879.1986'
 /tmp/portage/._portage_reinstall_.avz1cyz4/bin/ebuild-helpers/xattr/install -c -m 644 ISOamsa.ent ISOamsb.ent ISOamsc.ent ISOamsn.ent ISOamso.ent ISOamsr.ent ISObox.ent ISOcyr1.ent ISOcyr2.ent ISOdia.ent ISOgrk1.ent ISOgrk2.ent ISOgrk3.ent ISOgrk4.ent ISOlat1.ent ISOlat2.ent ISOnum.ent ISOpub.ent ISOtech.ent catalog '/tmp/portage/app-text/sgml-common-0.6.3-r7/image/usr/share/sgml/sgml-iso-entities-8879.1986'
make[2]: Leaving directory '/tmp/portage/app-text/sgml-common-0.6.3-r7/work/sgml-common-0.6.3/sgml-iso-entities'
make[1]: Leaving directory '/tmp/portage/app-text/sgml-common-0.6.3-r7/work/sgml-common-0.6.3/sgml-iso-entities'
Making install in xml-iso-entities
make[1]: Entering directory '/tmp/portage/app-text/sgml-common-0.6.3-r7/work/sgml-common-0.6.3/xml-iso-entities'
make[2]: Entering directory '/tmp/portage/app-text/sgml-common-0.6.3-r7/work/sgml-common-0.6.3/xml-iso-entities'
make[2]: Nothing to be done for 'install-exec-am'.
 /bin/mkdir -p '/tmp/portage/app-text/sgml-common-0.6.3-r7/image/usr/share/sgml/xml-iso-entities-8879.1986'
 /tmp/portage/._portage_reinstall_.avz1cyz4/bin/ebuild-helpers/xattr/install -c -m 644 ISOamsa.ent ISOamsb.ent ISOamsc.ent ISOamsn.ent ISOamso.ent ISOamsr.ent ISObox.ent ISOcyr1.ent ISOcyr2.ent ISOdia.ent ISOgrk1.ent ISOgrk2.ent ISOgrk3.ent ISOgrk4.ent ISOlat1.ent ISOlat2.ent ISOnum.ent ISOpub.ent ISOtech.ent catalog '/tmp/portage/app-text/sgml-common-0.6.3-r7/image/usr/share/sgml/xml-iso-entities-8879.1986'
make[2]: Leaving directory '/tmp/portage/app-text/sgml-common-0.6.3-r7/work/sgml-common-0.6.3/xml-iso-entities'
make[1]: Leaving directory '/tmp/portage/app-text/sgml-common-0.6.3-r7/work/sgml-common-0.6.3/xml-iso-entities'
make[1]: Entering directory '/tmp/portage/app-text/sgml-common-0.6.3-r7/work/sgml-common-0.6.3'
make[2]: Entering directory '/tmp/portage/app-text/sgml-common-0.6.3-r7/work/sgml-common-0.6.3'
make[2]: Nothing to be done for 'install-exec-am'.
 /bin/mkdir -p '/tmp/portage/app-text/sgml-common-0.6.3-r7/image/usr/share/sgml'
 /tmp/portage/._portage_reinstall_.avz1cyz4/bin/ebuild-helpers/xattr/install -c -m 644 xml.dcl '/tmp/portage/app-text/sgml-common-0.6.3-r7/image/usr/share/sgml'
make[2]: Leaving directory '/tmp/portage/app-text/sgml-common-0.6.3-r7/work/sgml-common-0.6.3'
make[1]: Leaving directory '/tmp/portage/app-text/sgml-common-0.6.3-r7/work/sgml-common-0.6.3'
>>> Completed installing app-text/sgml-common-0.6.3-r7 into /tmp/portage/app-text/sgml-common-0.6.3-r7/image

 * Final size of build directory: 900 KiB
 * Final size of installed tree:  380 KiB

./
./usr/
./usr/bin/
./usr/bin/install-catalog
./usr/bin/sgmlwhich
./usr/share/
./usr/share/sgml/
./usr/share/sgml/xml-iso-entities-8879.1986/
./usr/share/sgml/xml-iso-entities-8879.1986/ISOlat1.ent
./usr/share/sgml/xml-iso-entities-8879.1986/ISOdia.ent
./usr/share/sgml/xml-iso-entities-8879.1986/ISOgrk2.ent
./usr/share/sgml/xml-iso-entities-8879.1986/ISOpub.ent
./usr/share/sgml/xml-iso-entities-8879.1986/ISOcyr2.ent
./usr/share/sgml/xml-iso-entities-8879.1986/ISOlat2.ent
./usr/share/sgml/xml-iso-entities-8879.1986/ISOamsn.ent
./usr/share/sgml/xml-iso-entities-8879.1986/ISOgrk3.ent
./usr/share/sgml/xml-iso-entities-8879.1986/ISOnum.ent
./usr/share/sgml/xml-iso-entities-8879.1986/ISOgrk1.ent
./usr/share/sgml/xml-iso-entities-8879.1986/ISObox.ent
./usr/share/sgml/xml-iso-entities-8879.1986/ISOamso.ent
./usr/share/sgml/xml-iso-entities-8879.1986/ISOgrk4.ent
./usr/share/sgml/xml-iso-entities-8879.1986/catalog
./usr/share/sgml/xml-iso-entities-8879.1986/ISOamsc.ent
./usr/share/sgml/xml-iso-entities-8879.1986/ISOamsa.ent
./usr/share/sgml/xml-iso-entities-8879.1986/ISOcyr1.ent
./usr/share/sgml/xml-iso-entities-8879.1986/ISOamsr.ent
./usr/share/sgml/xml-iso-entities-8879.1986/ISOtech.ent
./usr/share/sgml/xml-iso-entities-8879.1986/ISOamsb.ent
./usr/share/sgml/xml.dcl
./usr/share/sgml/sgml-iso-entities-8879.1986/
./usr/share/sgml/sgml-iso-entities-8879.1986/ISOlat1.ent
./usr/share/sgml/sgml-iso-entities-8879.1986/ISOdia.ent
./usr/share/sgml/sgml-iso-entities-8879.1986/ISOgrk2.ent
./usr/share/sgml/sgml-iso-entities-8879.1986/ISOpub.ent
./usr/share/sgml/sgml-iso-entities-8879.1986/ISOcyr2.ent
./usr/share/sgml/sgml-iso-entities-8879.1986/ISOlat2.ent
./usr/share/sgml/sgml-iso-entities-8879.1986/ISOamsn.ent
./usr/share/sgml/sgml-iso-entities-8879.1986/ISOgrk3.ent
./usr/share/sgml/sgml-iso-entities-8879.1986/ISOnum.ent
./usr/share/sgml/sgml-iso-entities-8879.1986/ISOgrk1.ent
./usr/share/sgml/sgml-iso-entities-8879.1986/ISObox.ent
./usr/share/sgml/sgml-iso-entities-8879.1986/ISOamso.ent
./usr/share/sgml/sgml-iso-entities-8879.1986/ISOgrk4.ent
./usr/share/sgml/sgml-iso-entities-8879.1986/catalog
./usr/share/sgml/sgml-iso-entities-8879.1986/ISOamsc.ent
./usr/share/sgml/sgml-iso-entities-8879.1986/ISOamsa.ent
./usr/share/sgml/sgml-iso-entities-8879.1986/ISOcyr1.ent
./usr/share/sgml/sgml-iso-entities-8879.1986/ISOamsr.ent
./usr/share/sgml/sgml-iso-entities-8879.1986/ISOtech.ent
./usr/share/sgml/sgml-iso-entities-8879.1986/ISOamsb.ent
./usr/share/man/
./usr/share/man/man8/
./usr/share/man/man8/install-catalog.8.bz2
./usr/share/doc/
./usr/share/doc/sgml-common-0.6.3-r7/
./usr/share/doc/sgml-common-0.6.3-r7/README.bz2
./usr/share/doc/sgml-common-0.6.3-r7/ChangeLog.bz2
./usr/share/doc/sgml-common-0.6.3-r7/NEWS
./usr/share/doc/sgml-common-0.6.3-r7/AUTHORS
./usr/share/doc/sgml-common-0.6.3-r7/html/
./usr/share/doc/sgml-common-0.6.3-r7/html/introduction.html
./usr/share/doc/sgml-common-0.6.3-r7/html/install-catalog.html
./usr/share/doc/sgml-common-0.6.3-r7/html/fdl.html
./usr/share/doc/sgml-common-0.6.3-r7/html/index.html
./etc/
./etc/sgml/
./etc/sgml/sgml-docbook.cat
./etc/sgml/catalog
./etc/sgml/sgml.conf
./etc/sgml/sgml-ent.cat
>>> Done.
 * checking 48 files for package collisions
>>> Merging app-text/sgml-common-0.6.3-r7 to /
 * removing unneeded *.la files
--- /etc/
--- /etc/sgml/
>>> /etc/sgml/sgml-ent.cat
>>> /etc/sgml/sgml.conf
>>> /etc/sgml/catalog
>>> /etc/sgml/sgml-docbook.cat
--- /usr/
--- /usr/share/
--- /usr/share/man/
--- /usr/share/man/man8/
>>> /usr/share/man/man8/install-catalog.8.bz2
--- /usr/share/sgml/
--- /usr/share/sgml/sgml-iso-entities-8879.1986/
>>> /usr/share/sgml/sgml-iso-entities-8879.1986/ISOamsb.ent
>>> /usr/share/sgml/sgml-iso-entities-8879.1986/ISOtech.ent
>>> /usr/share/sgml/sgml-iso-entities-8879.1986/ISOamsr.ent
>>> /usr/share/sgml/sgml-iso-entities-8879.1986/ISOcyr1.ent
>>> /usr/share/sgml/sgml-iso-entities-8879.1986/ISOamsa.ent
>>> /usr/share/sgml/sgml-iso-entities-8879.1986/ISOamsc.ent
>>> /usr/share/sgml/sgml-iso-entities-8879.1986/catalog
>>> /usr/share/sgml/sgml-iso-entities-8879.1986/ISOgrk4.ent
>>> /usr/share/sgml/sgml-iso-entities-8879.1986/ISOamso.ent
>>> /usr/share/sgml/sgml-iso-entities-8879.1986/ISObox.ent
>>> /usr/share/sgml/sgml-iso-entities-8879.1986/ISOgrk1.ent
>>> /usr/share/sgml/sgml-iso-entities-8879.1986/ISOnum.ent
>>> /usr/share/sgml/sgml-iso-entities-8879.1986/ISOgrk3.ent
>>> /usr/share/sgml/sgml-iso-entities-8879.1986/ISOamsn.ent
>>> /usr/share/sgml/sgml-iso-entities-8879.1986/ISOlat2.ent
>>> /usr/share/sgml/sgml-iso-entities-8879.1986/ISOcyr2.ent
>>> /usr/share/sgml/sgml-iso-entities-8879.1986/ISOpub.ent
>>> /usr/share/sgml/sgml-iso-entities-8879.1986/ISOgrk2.ent
>>> /usr/share/sgml/sgml-iso-entities-8879.1986/ISOdia.ent
>>> /usr/share/sgml/sgml-iso-entities-8879.1986/ISOlat1.ent
>>> /usr/share/sgml/xml.dcl
--- /usr/share/sgml/xml-iso-entities-8879.1986/
>>> /usr/share/sgml/xml-iso-entities-8879.1986/ISOamsb.ent
>>> /usr/share/sgml/xml-iso-entities-8879.1986/ISOtech.ent
>>> /usr/share/sgml/xml-iso-entities-8879.1986/ISOamsr.ent
>>> /usr/share/sgml/xml-iso-entities-8879.1986/ISOcyr1.ent
>>> /usr/share/sgml/xml-iso-entities-8879.1986/ISOamsa.ent
>>> /usr/share/sgml/xml-iso-entities-8879.1986/ISOamsc.ent
>>> /usr/share/sgml/xml-iso-entities-8879.1986/catalog
>>> /usr/share/sgml/xml-iso-entities-8879.1986/ISOgrk4.ent
>>> /usr/share/sgml/xml-iso-entities-8879.1986/ISOamso.ent
>>> /usr/share/sgml/xml-iso-entities-8879.1986/ISObox.ent
>>> /usr/share/sgml/xml-iso-entities-8879.1986/ISOgrk1.ent
>>> /usr/share/sgml/xml-iso-entities-8879.1986/ISOnum.ent
>>> /usr/share/sgml/xml-iso-entities-8879.1986/ISOgrk3.ent
>>> /usr/share/sgml/xml-iso-entities-8879.1986/ISOamsn.ent
>>> /usr/share/sgml/xml-iso-entities-8879.1986/ISOlat2.ent
>>> /usr/share/sgml/xml-iso-entities-8879.1986/ISOcyr2.ent
>>> /usr/share/sgml/xml-iso-entities-8879.1986/ISOpub.ent
>>> /usr/share/sgml/xml-iso-entities-8879.1986/ISOgrk2.ent
>>> /usr/share/sgml/xml-iso-entities-8879.1986/ISOdia.ent
>>> /usr/share/sgml/xml-iso-entities-8879.1986/ISOlat1.ent
--- /usr/bin/
>>> /usr/bin/sgmlwhich
>>> /usr/bin/install-catalog
>>> Safely unmerging already-installed instance...
>>> Original instance of package unmerged safely.
 * Updating /etc/sgml/catalog ...
 [ ok ]
>>> app-text/sgml-common-0.6.3-r7 merged.
