 * Package:    app-vim/gtk-syntax-20130716
 * Repository: gentoo
 * Maintainer: vim@gentoo.org
 * USE:        abi_x86_64 amd64 elibc_glibc kernel_linux userland_GNU
 * FEATURES:   network-sandbox preserve-libs sandbox userpriv usersandbox
 * FEATURES='assume-digests binpkg-docompress binpkg-dostrip binpkg-logs buildpkg cgroup compress-index config-protect-if-modified distlocks ebuild-locks fixlafiles ipc-sandbox merge-sync multilib-strict network-sandbox news nodoc parallel-fetch pid-sandbox preserve-libs qa-unresolved-soname-deps sandbox sfperms strict strict-keepdir unknown-features-warn unmerge-logs unmerge-orphans userfetch userpriv usersandbox usersync xattr'
 * CFLAGS='-march=znver2 -O2 -pipe -fno-stack-protector -fno-stack-clash-protection -fstack-check=no -fno-stack-check -Wl,-O1 -Wl,--as-needed'
 * CXXFLAGS='-march=znver2 -O2 -pipe -fno-stack-protector -fno-stack-clash-protection -fstack-check=no -fno-stack-check -Wl,-O1 -Wl,--as-needed'
 * FFLAGS='-march=znver2 -O2 -pipe -fno-stack-protector -fno-stack-clash-protection -fstack-check=no -fno-stack-check -Wl,-O1 -Wl,--as-needed'
 * FCFLAGS='-march=znver2 -O2 -pipe -fno-stack-protector -fno-stack-clash-protection -fstack-check=no -fno-stack-check -Wl,-O1 -Wl,--as-needed'
 * F77FLAGS='-march=znver2 -O2 -pipe -fno-stack-protector -fno-stack-clash-protection -fstack-check=no -fno-stack-check -Wl,-O1 -Wl,--as-needed'
 * LDFLAGS='-Wl,-O1 -Wl,--as-needed'
 * MAKEOPTS='-j12 -l12'
 * gcc (Gentoo 10.1.0-r1 p2) 10.1.0
 * g++ (Gentoo 10.1.0-r1 p2) 10.1.0
 * GNU gold (Gentoo 2.34 p4 2.34.0) 1.16
 * Linux rescue 5.4.36 #1 SMP Thu Apr 30 04:38:28 UTC 2020 x86_64 AMD Ryzen 5 3600 6-Core Processor AuthenticAMD GNU/Linux
app-vim/gtk-syntax: 14 seconds average for 9 merges
2020-05-21T13:24:50 >>> app-vim/gtk-syntax: 10 seconds
2020-05-26T00:04:40 >>> app-vim/gtk-syntax: 15 seconds
2020-05-27T02:27:39 >>> app-vim/gtk-syntax: 10 seconds
2020-05-29T02:00:09 >>> app-vim/gtk-syntax: 11 seconds
2020-05-30T23:43:59 >>> app-vim/gtk-syntax: 33 seconds
2020-06-01T07:51:44 >>> app-vim/gtk-syntax: 16 seconds
2020-06-12T02:18:05 >>> app-vim/gtk-syntax: 9 seconds
2020-06-13T21:10:41 >>> app-vim/gtk-syntax: 13 seconds
2020-06-15T14:31:33 >>> app-vim/gtk-syntax: 9 seconds
]0;emerge 17:18:28 623|895 gtk-syntax 00:10 (root@rescue)>>> Unpacking source...
>>> Unpacking gtk-syntax-20130716.tar.bz2 to /tmp/portage/app-vim/gtk-syntax-20130716/work
>>> Source unpacked in /tmp/portage/app-vim/gtk-syntax-20130716/work
>>> Preparing source in /tmp/portage/app-vim/gtk-syntax-20130716/work/gtk-syntax-20130716 ...
>>> Source prepared.
>>> Configuring source in /tmp/portage/app-vim/gtk-syntax-20130716/work/gtk-syntax-20130716 ...
>>> Source configured.
>>> Compiling source in /tmp/portage/app-vim/gtk-syntax-20130716/work/gtk-syntax-20130716 ...
>>> Source compiled.
>>> Test phase [not enabled]: app-vim/gtk-syntax-20130716

>>> Install app-vim/gtk-syntax-20130716 into /tmp/portage/app-vim/gtk-syntax-20130716/image/
 * Cleaning up unwanted files and directories ...
 [ ok ]
>>> Completed installing app-vim/gtk-syntax-20130716 into /tmp/portage/app-vim/gtk-syntax-20130716/image/

 * Final size of build directory:    4 KiB
 * Final size of installed tree:  1372 KiB (1.3 MiB)

Parallel BZIP2 v1.1.13 [Dec 18, 2015]
By: Jeff Gilchrist [http://compression.ca]
Major contributions: Yavor Nikolov [http://javornikolov.wordpress.com]
Uses libbzip2 by Julian Seward

         # CPUs: 7
   Load Average: 5.18
 BWT Block Size: 200 KB
File Block Size: 900 KB
 Maximum Memory: 1024 MB
-------------------------------------------
         File #: 1 of 1
     Input Name: compressme
    Output Name: compressme.bz2

     Input Size: 3895 bytes
Compressing data (no threads)...
Completed: 100%                 Output Size: 918 bytes
-------------------------------------------

     Wall Clock: 0.000865 seconds
Parallel BZIP2 v1.1.13 [Dec 18, 2015]
By: Jeff Gilchrist [http://compression.ca]
Major contributions: Yavor Nikolov [http://javornikolov.wordpress.com]
Uses libbzip2 by Julian Seward

         # CPUs: 7
   Load Average: 5.18
 BWT Block Size: 200 KB
File Block Size: 900 KB
 Maximum Memory: 1024 MB
-------------------------------------------
         File #: 1 of 1
     Input Name: /tmp/portage/app-vim/gtk-syntax-20130716/image/usr/share/doc/gtk-syntax-20130716/README
    Output Name: /tmp/portage/app-vim/gtk-syntax-20130716/image/usr/share/doc/gtk-syntax-20130716/README.bz2

     Input Size: 1996 bytes
Compressing data (no threads)...
Completed: 100%                 Output Size: 1116 bytes
-------------------------------------------

     Wall Clock: 0.000838 seconds
./
./usr/
./usr/share/
./usr/share/vim/
./usr/share/vim/vimfiles/
./usr/share/vim/vimfiles/after/
./usr/share/vim/vimfiles/after/syntax/
./usr/share/vim/vimfiles/after/syntax/c.vim
./usr/share/vim/vimfiles/syntax/
./usr/share/vim/vimfiles/syntax/libunique.vim
./usr/share/vim/vimfiles/syntax/fftw3.vim
./usr/share/vim/vimfiles/syntax/evince.vim
./usr/share/vim/vimfiles/syntax/jsonglib.vim
./usr/share/vim/vimfiles/syntax/libwnck.vim
./usr/share/vim/vimfiles/syntax/colord.vim
./usr/share/vim/vimfiles/syntax/libsoup.vim
./usr/share/vim/vimfiles/syntax/xlib.vim
./usr/share/vim/vimfiles/syntax/libnotify.vim
./usr/share/vim/vimfiles/syntax/dbusglib.vim
./usr/share/vim/vimfiles/syntax/gtk2.vim
./usr/share/vim/vimfiles/syntax/atspi.vim
./usr/share/vim/vimfiles/syntax/gobjectintrospection.vim
./usr/share/vim/vimfiles/syntax/gtkglext.vim
./usr/share/vim/vimfiles/syntax/glib.vim
./usr/share/vim/vimfiles/syntax/gudev.vim
./usr/share/vim/vimfiles/syntax/atk.vim
./usr/share/vim/vimfiles/syntax/libgsf.vim
./usr/share/vim/vimfiles/syntax/gtk3.vim
./usr/share/vim/vimfiles/syntax/poppler.vim
./usr/share/vim/vimfiles/syntax/pango.vim
./usr/share/vim/vimfiles/syntax/gtksourceview.vim
./usr/share/vim/vimfiles/syntax/gusb.vim
./usr/share/vim/vimfiles/syntax/gnomedesktop.vim
./usr/share/vim/vimfiles/syntax/gstreamer.vim
./usr/share/vim/vimfiles/syntax/clutter.vim
./usr/share/vim/vimfiles/syntax/cairo.vim
./usr/share/vim/vimfiles/syntax/vte.vim
./usr/share/vim/vimfiles/syntax/gimp.vim
./usr/share/vim/vimfiles/syntax/gdkpixbuf.vim
./usr/share/vim/vimfiles/syntax/librsvg.vim
./usr/share/doc/
./usr/share/doc/gtk-syntax-20130716/
./usr/share/doc/gtk-syntax-20130716/README
./usr/share/doc/gtk-syntax-20130716/README.bz2
>>> Done.
 * checking 32 files for package collisions
>>> Merging app-vim/gtk-syntax-20130716 to /
 * removing unneeded *.la files
--- /usr/
--- /usr/share/
--- /usr/share/vim/
--- /usr/share/vim/vimfiles/
--- /usr/share/vim/vimfiles/syntax/
>>> /usr/share/vim/vimfiles/syntax/librsvg.vim
>>> /usr/share/vim/vimfiles/syntax/gdkpixbuf.vim
>>> /usr/share/vim/vimfiles/syntax/gimp.vim
>>> /usr/share/vim/vimfiles/syntax/vte.vim
>>> /usr/share/vim/vimfiles/syntax/cairo.vim
>>> /usr/share/vim/vimfiles/syntax/clutter.vim
>>> /usr/share/vim/vimfiles/syntax/gstreamer.vim
>>> /usr/share/vim/vimfiles/syntax/gnomedesktop.vim
>>> /usr/share/vim/vimfiles/syntax/gusb.vim
>>> /usr/share/vim/vimfiles/syntax/gtksourceview.vim
>>> /usr/share/vim/vimfiles/syntax/pango.vim
>>> /usr/share/vim/vimfiles/syntax/poppler.vim
>>> /usr/share/vim/vimfiles/syntax/gtk3.vim
>>> /usr/share/vim/vimfiles/syntax/libgsf.vim
>>> /usr/share/vim/vimfiles/syntax/atk.vim
>>> /usr/share/vim/vimfiles/syntax/gudev.vim
>>> /usr/share/vim/vimfiles/syntax/glib.vim
>>> /usr/share/vim/vimfiles/syntax/gtkglext.vim
>>> /usr/share/vim/vimfiles/syntax/gobjectintrospection.vim
>>> /usr/share/vim/vimfiles/syntax/atspi.vim
>>> /usr/share/vim/vimfiles/syntax/gtk2.vim
>>> /usr/share/vim/vimfiles/syntax/dbusglib.vim
>>> /usr/share/vim/vimfiles/syntax/libnotify.vim
>>> /usr/share/vim/vimfiles/syntax/xlib.vim
>>> /usr/share/vim/vimfiles/syntax/libsoup.vim
>>> /usr/share/vim/vimfiles/syntax/colord.vim
>>> /usr/share/vim/vimfiles/syntax/libwnck.vim
>>> /usr/share/vim/vimfiles/syntax/jsonglib.vim
>>> /usr/share/vim/vimfiles/syntax/evince.vim
>>> /usr/share/vim/vimfiles/syntax/fftw3.vim
>>> /usr/share/vim/vimfiles/syntax/libunique.vim
--- /usr/share/vim/vimfiles/after/
--- /usr/share/vim/vimfiles/after/syntax/
>>> /usr/share/vim/vimfiles/after/syntax/c.vim
>>> Safely unmerging already-installed instance...
!!! File Not Found: '/etc/env.d/99lcdfilter'
>>> Original instance of package unmerged safely.
 * Updating documentation tags in /usr/share/vim/vim82
 * Updating scripts in /usr/share/vim/vimfiles/after
 * Removing dead scripts in /usr/share/vim/vimfiles/after
>>> app-vim/gtk-syntax-20130716 merged.
!!! File Not Found: '/etc/env.d/99lcdfilter'
