 * Package:    app-text/docbook-xml-dtd-4.5-r2
 * Repository: gentoo
 * Maintainer: mgorny@gentoo.org
 * USE:        abi_x86_64 amd64 elibc_glibc kernel_linux userland_GNU
 * FEATURES:   network-sandbox preserve-libs sandbox userpriv usersandbox
 * FEATURES='assume-digests binpkg-docompress binpkg-dostrip binpkg-logs binpkg-multi-instance buildpkg cgroup compress-index config-protect-if-modified distlocks downgrade-backup fixlafiles ipc-sandbox merge-sync multilib-strict network-sandbox news nodoc parallel-fetch parallel-install pid-sandbox preserve-libs qa-unresolved-soname-deps sandbox sfperms strict strict-keepdir unknown-features-warn unmerge-backup unmerge-logs unmerge-orphans userfetch userpriv usersandbox usersync xattr'
 * CFLAGS='-march=native -O3 -fgraphite-identity -floop-nest-optimize -fdevirtualize-at-ltrans -fipa-pta -fno-semantic-interposition -flto=12 -fno-plt -fno-math-errno -fno-trapping-math -fuse-linker-plugin -pipe -g0 -falign-functions=32 -Wl,-O1 -Wl,--as-needed -Wl,--hash-style=gnu,-z,norelro,--as-needed'
 * CXXFLAGS='-march=native -O3 -fgraphite-identity -floop-nest-optimize -fdevirtualize-at-ltrans -fipa-pta -fno-semantic-interposition -flto=12 -fno-plt -fno-math-errno -fno-trapping-math -fuse-linker-plugin -pipe -g0 -falign-functions=32 -Wl,-O1 -Wl,--as-needed -Wl,--hash-style=gnu,-z,norelro,--as-needed'
 * FFLAGS='-march=native -O3 -fgraphite-identity -floop-nest-optimize -fdevirtualize-at-ltrans -fipa-pta -fno-semantic-interposition -flto=12 -fno-plt -fno-math-errno -fno-trapping-math -fuse-linker-plugin -pipe -g0 -falign-functions=32 -Wl,-O1 -Wl,--as-needed -Wl,--hash-style=gnu,-z,norelro,--as-needed'
 * FCFLAGS='-march=native -O3 -fgraphite-identity -floop-nest-optimize -fdevirtualize-at-ltrans -fipa-pta -fno-semantic-interposition -flto=12 -fno-plt -fno-math-errno -fno-trapping-math -fuse-linker-plugin -pipe -g0 -falign-functions=32 -Wl,-O1 -Wl,--as-needed -Wl,--hash-style=gnu,-z,norelro,--as-needed'
 * F77FLAGS='-march=native -O3 -fgraphite-identity -floop-nest-optimize -fdevirtualize-at-ltrans -fipa-pta -fno-semantic-interposition -flto=12 -fno-plt -fno-math-errno -fno-trapping-math -fuse-linker-plugin -pipe -g0 -falign-functions=32 -Wl,-O1 -Wl,--as-needed -Wl,--hash-style=gnu,-z,norelro,--as-needed'
 * LDFLAGS='-Wl,-O1 -Wl,--as-needed -Wl,--hash-style=gnu,-z,norelro,--as-needed -march=native -O3 -fgraphite-identity -floop-nest-optimize -fdevirtualize-at-ltrans -fipa-pta -fno-semantic-interposition -flto=12 -fno-plt -fno-math-errno -fno-trapping-math -fuse-linker-plugin -pipe -g0 -falign-functions=32'
 * MAKEOPTS='-j12 -l12'
 * gcc (Gentoo 11.0.0_pre9999 p1, commit 584d52b088f9fcf78704b504c3f1f07e17c1cded) 11.0.0 20200523 (experimental)
 * g++ (Gentoo 11.0.0_pre9999 p1, commit 584d52b088f9fcf78704b504c3f1f07e17c1cded) 11.0.0 20200523 (experimental)
 * GNU ld (Gentoo 2.34 p4) 2.34.0
 * Linux ryzen.gnum.org 5.4.36 #1 SMP Thu Apr 30 04:38:28 UTC 2020 x86_64 AMD Ryzen 5 3600 6-Core Processor AuthenticAMD GNU/Linux
app-text/docbook-xml-dtd: 7 seconds average for 7 merges
2020-05-15T04:16:49 >>> app-text/docbook-xml-dtd: 6 seconds
2020-05-20T01:26:06 >>> app-text/docbook-xml-dtd: 6 seconds
2020-05-20T01:27:15 >>> app-text/docbook-xml-dtd: 6 seconds
2020-05-20T01:35:22 >>> app-text/docbook-xml-dtd: 6 seconds
2020-05-20T01:35:28 >>> app-text/docbook-xml-dtd: 7 seconds
2020-05-20T01:35:35 >>> app-text/docbook-xml-dtd: 6 seconds
2020-05-23T16:30:56 >>> app-text/docbook-xml-dtd: 16 seconds
]0;emerge 22:27:42 22|391 docbook-xml-dtd 00:10 (root@ryzen.gnum.org)kemerge 22:27:42 22|391 docbook-xml-dtd 00:10 (root@ryzen.gnum.org)\>>> Unpacking source...
>>> Unpacking docbook-xml-4.5.zip to /tmp/portage/app-text/docbook-xml-dtd-4.5-r2/work
>>> Source unpacked in /tmp/portage/app-text/docbook-xml-dtd-4.5-r2/work
>>> Preparing source in /tmp/portage/app-text/docbook-xml-dtd-4.5-r2/work ...
>>> Source prepared.
>>> Configuring source in /tmp/portage/app-text/docbook-xml-dtd-4.5-r2/work ...
>>> Source configured.
>>> Compiling source in /tmp/portage/app-text/docbook-xml-dtd-4.5-r2/work ...
>>> Source compiled.
>>> Test phase [not enabled]: app-text/docbook-xml-dtd-4.5-r2

>>> Install app-text/docbook-xml-dtd-4.5-r2 into /tmp/portage/app-text/docbook-xml-dtd-4.5-r2/image
>>> Completed installing app-text/docbook-xml-dtd-4.5-r2 into /tmp/portage/app-text/docbook-xml-dtd-4.5-r2/image

 * Final size of build directory: 544 KiB
 * Final size of installed tree:  584 KiB

./
./usr/
./usr/share/
./usr/share/sgml/
./usr/share/sgml/docbook/
./usr/share/sgml/docbook/xml-dtd-4.5/
./usr/share/sgml/docbook/xml-dtd-4.5/dbpoolx.mod
./usr/share/sgml/docbook/xml-dtd-4.5/dbgenent.mod
./usr/share/sgml/docbook/xml-dtd-4.5/catalog.xml
./usr/share/sgml/docbook/xml-dtd-4.5/docbookx.dtd
./usr/share/sgml/docbook/xml-dtd-4.5/docbook.cat
./usr/share/sgml/docbook/xml-dtd-4.5/dbcentx.mod
./usr/share/sgml/docbook/xml-dtd-4.5/htmltblx.mod
./usr/share/sgml/docbook/xml-dtd-4.5/dbnotnx.mod
./usr/share/sgml/docbook/xml-dtd-4.5/calstblx.dtd
./usr/share/sgml/docbook/xml-dtd-4.5/dbhierx.mod
./usr/share/sgml/docbook/xml-dtd-4.5/soextblx.dtd
./usr/share/sgml/docbook/xml-dtd-4.5/ent/
./usr/share/sgml/docbook/xml-dtd-4.5/ent/isoamsa.ent
./usr/share/sgml/docbook/xml-dtd-4.5/ent/isocyr1.ent
./usr/share/sgml/docbook/xml-dtd-4.5/ent/isoamsb.ent
./usr/share/sgml/docbook/xml-dtd-4.5/ent/isoamsc.ent
./usr/share/sgml/docbook/xml-dtd-4.5/ent/isogrk2.ent
./usr/share/sgml/docbook/xml-dtd-4.5/ent/isopub.ent
./usr/share/sgml/docbook/xml-dtd-4.5/ent/isoamso.ent
./usr/share/sgml/docbook/xml-dtd-4.5/ent/isolat1.ent
./usr/share/sgml/docbook/xml-dtd-4.5/ent/isoamsr.ent
./usr/share/sgml/docbook/xml-dtd-4.5/ent/isobox.ent
./usr/share/sgml/docbook/xml-dtd-4.5/ent/isocyr2.ent
./usr/share/sgml/docbook/xml-dtd-4.5/ent/isolat2.ent
./usr/share/sgml/docbook/xml-dtd-4.5/ent/isoamsn.ent
./usr/share/sgml/docbook/xml-dtd-4.5/ent/isogrk1.ent
./usr/share/sgml/docbook/xml-dtd-4.5/ent/isonum.ent
./usr/share/sgml/docbook/xml-dtd-4.5/ent/isogrk3.ent
./usr/share/sgml/docbook/xml-dtd-4.5/ent/isogrk4.ent
./usr/share/sgml/docbook/xml-dtd-4.5/ent/isotech.ent
./usr/share/sgml/docbook/xml-dtd-4.5/ent/isodia.ent
./usr/share/doc/
./usr/share/doc/docbook-xml-dtd-4.5-r2/
./usr/share/doc/docbook-xml-dtd-4.5-r2/README.bz2
./usr/share/doc/docbook-xml-dtd-4.5-r2/ChangeLog.bz2
./usr/share/doc/docbook-xml-dtd-4.5-r2/README.ent.bz2
./etc/
./etc/sgml/
./etc/sgml/xml-docbook-4.5.cat
./etc/xml/
./etc/xml/.keep_app-text_docbook-xml-dtd-4.5
>>> Done.
 * checking 32 files for package collisions
>>> Merging app-text/docbook-xml-dtd-4.5-r2 to /
 * removing unneeded *.la files
--- /etc/
--- /etc/xml/
>>> /etc/xml/.keep_app-text_docbook-xml-dtd-4.5
--- /etc/sgml/
>>> /etc/sgml/xml-docbook-4.5.cat
--- /usr/
--- /usr/share/
--- /usr/share/sgml/
--- /usr/share/sgml/docbook/
--- /usr/share/sgml/docbook/xml-dtd-4.5/
--- /usr/share/sgml/docbook/xml-dtd-4.5/ent/
>>> /usr/share/sgml/docbook/xml-dtd-4.5/ent/isodia.ent
>>> /usr/share/sgml/docbook/xml-dtd-4.5/ent/isotech.ent
>>> /usr/share/sgml/docbook/xml-dtd-4.5/ent/isogrk4.ent
>>> /usr/share/sgml/docbook/xml-dtd-4.5/ent/isogrk3.ent
>>> /usr/share/sgml/docbook/xml-dtd-4.5/ent/isonum.ent
>>> /usr/share/sgml/docbook/xml-dtd-4.5/ent/isogrk1.ent
>>> /usr/share/sgml/docbook/xml-dtd-4.5/ent/isoamsn.ent
>>> /usr/share/sgml/docbook/xml-dtd-4.5/ent/isolat2.ent
>>> /usr/share/sgml/docbook/xml-dtd-4.5/ent/isocyr2.ent
>>> /usr/share/sgml/docbook/xml-dtd-4.5/ent/isobox.ent
>>> /usr/share/sgml/docbook/xml-dtd-4.5/ent/isoamsr.ent
>>> /usr/share/sgml/docbook/xml-dtd-4.5/ent/isolat1.ent
>>> /usr/share/sgml/docbook/xml-dtd-4.5/ent/isoamso.ent
>>> /usr/share/sgml/docbook/xml-dtd-4.5/ent/isopub.ent
>>> /usr/share/sgml/docbook/xml-dtd-4.5/ent/isogrk2.ent
>>> /usr/share/sgml/docbook/xml-dtd-4.5/ent/isoamsc.ent
>>> /usr/share/sgml/docbook/xml-dtd-4.5/ent/isoamsb.ent
>>> /usr/share/sgml/docbook/xml-dtd-4.5/ent/isocyr1.ent
>>> /usr/share/sgml/docbook/xml-dtd-4.5/ent/isoamsa.ent
>>> /usr/share/sgml/docbook/xml-dtd-4.5/soextblx.dtd
>>> /usr/share/sgml/docbook/xml-dtd-4.5/dbhierx.mod
>>> /usr/share/sgml/docbook/xml-dtd-4.5/calstblx.dtd
>>> /usr/share/sgml/docbook/xml-dtd-4.5/dbnotnx.mod
>>> /usr/share/sgml/docbook/xml-dtd-4.5/htmltblx.mod
>>> /usr/share/sgml/docbook/xml-dtd-4.5/dbcentx.mod
>>> /usr/share/sgml/docbook/xml-dtd-4.5/docbook.cat
>>> /usr/share/sgml/docbook/xml-dtd-4.5/docbookx.dtd
>>> /usr/share/sgml/docbook/xml-dtd-4.5/catalog.xml
>>> /usr/share/sgml/docbook/xml-dtd-4.5/dbgenent.mod
>>> /usr/share/sgml/docbook/xml-dtd-4.5/dbpoolx.mod
>>> Safely unmerging already-installed instance...
>>> Original instance of package unmerged safely.
Found DocBook XSL stylesheets (xsl) in /usr/share/sgml/docbook/xsl-stylesheets
Found DocBook XSL stylesheets (xsl-ns) in /usr/share/sgml/docbook/xsl-ns-stylesheets
DocBook XSL stylesheets (xsl-saxon) not found
DocBook XSL stylesheets (xsl-xalan) not found
find: ‘xml-simple-dtd-*/’: No such file or directory
Found DocBook XML 4.1.2 in /usr/share/sgml/docbook/xml-dtd-4.1.2
Found DocBook XML 4.2 in /usr/share/sgml/docbook/xml-dtd-4.2
Found DocBook XML 4.3 in /usr/share/sgml/docbook/xml-dtd-4.3
Found DocBook XML 4.4 in /usr/share/sgml/docbook/xml-dtd-4.4
Found DocBook XML 4.5 in /usr/share/sgml/docbook/xml-dtd-4.5
Using ISO DocBook entities from /usr/share/sgml/docbook/xml-dtd-4.3/ent
 * Updating /etc/sgml/catalog ...
 [ ok ]
>>> app-text/docbook-xml-dtd-4.5-r2 merged.
