 * Package:    app-eselect/eselect-ruby-20191222
 * Repository: gentoo
 * Maintainer: ruby@gentoo.org
 * USE:        abi_x86_64 amd64 elibc_glibc kernel_linux userland_GNU
 * FEATURES:   ccache network-sandbox preserve-libs sandbox userpriv usersandbox
 * FEATURES='assume-digests binpkg-docompress binpkg-dostrip binpkg-logs binpkg-multi-instance buildpkg ccache compress-index config-protect-if-modified distlocks downgrade-backup fixlafiles ipc-sandbox merge-sync multilib-strict network-sandbox news nodoc parallel-fetch parallel-install pid-sandbox preserve-libs qa-unresolved-soname-deps sandbox sfperms strict unknown-features-warn unmerge-backup unmerge-logs unmerge-orphans userfetch userpriv usersandbox usersync xattr'
 * CFLAGS='-march=znver2 -O3 -fgraphite-identity -floop-nest-optimize -fdevirtualize-at-ltrans -fipa-pta -fno-semantic-interposition -flto=12 -fno-plt -fno-signed-zeros -fno-trapping-math -fassociative-math -freciprocal-math -fno-math-errno -ffinite-math-only -fno-rounding-math -fno-signaling-nans -fcx-limited-range -fexcess-precision=fast -falign-functions=32 -fno-stack-protector -fno-stack-clash-protection -fstack-check=no -fno-stack-check -fuse-linker-plugin -pipe -g0 -Wl,-O1 -Wl,--as-needed -Wl,-z,norelro -Wl,-z,now -Wl,--sort-common -s'
 * CXXFLAGS='-march=znver2 -O3 -fgraphite-identity -floop-nest-optimize -fdevirtualize-at-ltrans -fipa-pta -fno-semantic-interposition -flto=12 -fno-plt -fno-signed-zeros -fno-trapping-math -fassociative-math -freciprocal-math -fno-math-errno -ffinite-math-only -fno-rounding-math -fno-signaling-nans -fcx-limited-range -fexcess-precision=fast -falign-functions=32 -fno-stack-protector -fno-stack-clash-protection -fstack-check=no -fno-stack-check -fuse-linker-plugin -pipe -g0 -Wl,-O1 -Wl,--as-needed -Wl,-z,norelro -Wl,-z,now -Wl,--sort-common -s'
 * FFLAGS='-march=znver2 -O3 -fgraphite-identity -floop-nest-optimize -fdevirtualize-at-ltrans -fipa-pta -fno-semantic-interposition -flto=12 -fno-plt -fno-signed-zeros -fno-trapping-math -fassociative-math -freciprocal-math -fno-math-errno -ffinite-math-only -fno-rounding-math -fno-signaling-nans -fcx-limited-range -fexcess-precision=fast -falign-functions=32 -fno-stack-protector -fno-stack-clash-protection -fstack-check=no -fno-stack-check -fuse-linker-plugin -pipe -g0 -Wl,-O1 -Wl,--as-needed -Wl,-z,norelro -Wl,-z,now -Wl,--sort-common -s'
 * FCFLAGS='-march=znver2 -O3 -fgraphite-identity -floop-nest-optimize -fdevirtualize-at-ltrans -fipa-pta -fno-semantic-interposition -flto=12 -fno-plt -fno-signed-zeros -fno-trapping-math -fassociative-math -freciprocal-math -fno-math-errno -ffinite-math-only -fno-rounding-math -fno-signaling-nans -fcx-limited-range -fexcess-precision=fast -falign-functions=32 -fno-stack-protector -fno-stack-clash-protection -fstack-check=no -fno-stack-check -fuse-linker-plugin -pipe -g0 -Wl,-O1 -Wl,--as-needed -Wl,-z,norelro -Wl,-z,now -Wl,--sort-common -s'
 * F77FLAGS='-march=znver2 -O3 -fgraphite-identity -floop-nest-optimize -fdevirtualize-at-ltrans -fipa-pta -fno-semantic-interposition -flto=12 -fno-plt -fno-signed-zeros -fno-trapping-math -fassociative-math -freciprocal-math -fno-math-errno -ffinite-math-only -fno-rounding-math -fno-signaling-nans -fcx-limited-range -fexcess-precision=fast -falign-functions=32 -fno-stack-protector -fno-stack-clash-protection -fstack-check=no -fno-stack-check -fuse-linker-plugin -pipe -g0 -Wl,-O1 -Wl,--as-needed -Wl,-z,norelro -Wl,-z,now -Wl,--sort-common -s'
 * LDFLAGS='-Wl,-O1 -Wl,--as-needed -Wl,-z,norelro -Wl,-z,now -Wl,--sort-common -s -march=znver2 -O3 -fgraphite-identity -floop-nest-optimize -fdevirtualize-at-ltrans -fipa-pta -fno-semantic-interposition -flto=12 -fno-plt -fno-signed-zeros -fno-trapping-math -fassociative-math -freciprocal-math -fno-math-errno -ffinite-math-only -fno-rounding-math -fno-signaling-nans -fcx-limited-range -fexcess-precision=fast -falign-functions=32 -fno-stack-protector -fno-stack-clash-protection -fstack-check=no -fno-stack-check -fuse-linker-plugin -pipe -g0'
 * MAKEOPTS='-j12 -l12'
 * gcc () 11.0.0 20200530 (experimental)
 * g++ () 11.0.0 20200530 (experimental)
 * GNU ld (Gentoo 2.34 p4) 2.34.0
 * Linux ryzen.gnum.org 5.4.36 #1 SMP Thu Apr 30 04:38:28 UTC 2020 x86_64 AMD Ryzen 5 3600 6-Core Processor AuthenticAMD GNU/Linux
app-eselect/eselect-ruby: 7 seconds average for 8 merges
2020-05-15T03:40:49 >>> app-eselect/eselect-ruby: 5 seconds
2020-05-16T20:54:18 >>> app-eselect/eselect-ruby: 8 seconds
2020-05-20T01:37:50 >>> app-eselect/eselect-ruby: 5 seconds
2020-05-20T08:00:48 >>> app-eselect/eselect-ruby: 5 seconds
2020-05-23T11:34:57 >>> app-eselect/eselect-ruby: 9 seconds
2020-05-25T18:45:34 >>> app-eselect/eselect-ruby: 11 seconds
2020-05-27T03:31:31 >>> app-eselect/eselect-ruby: 10 seconds
2020-05-28T14:40:52 >>> app-eselect/eselect-ruby: 10 seconds
]0;emerge 13:03:45 267|1110 eselect-ruby 00:10 (root@ryzen.gnum.org)kemerge 13:03:45 267|1110 eselect-ruby 00:10 (root@ryzen.gnum.org)\>>> Unpacking source...
>>> Unpacking ruby.eselect-20191222.xz to /tmp/portage/app-eselect/eselect-ruby-20191222/work
>>> Source unpacked in /tmp/portage/app-eselect/eselect-ruby-20191222/work
>>> Preparing source in /tmp/portage/app-eselect/eselect-ruby-20191222/work ...
>>> Source prepared.
>>> Configuring source in /tmp/portage/app-eselect/eselect-ruby-20191222/work ...
>>> Source configured.
>>> Compiling source in /tmp/portage/app-eselect/eselect-ruby-20191222/work ...
>>> Source compiled.
>>> Test phase [not enabled]: app-eselect/eselect-ruby-20191222

>>> Install app-eselect/eselect-ruby-20191222 into /tmp/portage/app-eselect/eselect-ruby-20191222/image
>>> Completed installing app-eselect/eselect-ruby-20191222 into /tmp/portage/app-eselect/eselect-ruby-20191222/image

 * Final size of build directory: 12 KiB
 * Final size of installed tree:  28 KiB

./
./usr/
./usr/share/
./usr/share/eselect/
./usr/share/eselect/modules/
./usr/share/eselect/modules/ruby.eselect
>>> Done.
 * checking 1 files for package collisions
[32;01m * [39;49;00mBuilding package for app-eselect/eselect-ruby-20191222 ...            [34;01m[ [39;49;00m[32;01mok[39;49;00m[34;01m ][39;49;00m
[32;01m * [39;49;00mPackages now in '/usr/portage/packages':
[32;01m * [39;49;00mapp-eselect/eselect-ruby-20191222: 21.2K

>>> Merging app-eselect/eselect-ruby-20191222 to /
 * removing unneeded *.la files
--- /usr/
--- /usr/share/
--- /usr/share/eselect/
--- /usr/share/eselect/modules/
>>> /usr/share/eselect/modules/ruby.eselect
>>> Safely unmerging already-installed instance...
>>> Original instance of package unmerged safely.
>>> app-eselect/eselect-ruby-20191222 merged.
