No package files given... Grabbing a set.
--- replaced obj /usr/share/mime/packages/djvulibre-mime.xml
--- replaced dir /usr/share/mime/packages
--- replaced dir /usr/share/mime
--- replaced obj /usr/share/man/man1/djvuxmlparser.1
--- replaced obj /usr/share/man/man1/djvuxml.1.bz2
--- replaced obj /usr/share/man/man1/djvutxt.1.bz2
--- replaced obj /usr/share/man/man1/djvutoxml.1
--- replaced obj /usr/share/man/man1/djvuserve.1.bz2
--- replaced obj /usr/share/man/man1/djvused.1.bz2
--- replaced obj /usr/share/man/man1/djvups.1.bz2
--- replaced obj /usr/share/man/man1/djvumake.1.bz2
--- replaced obj /usr/share/man/man1/djvuextract.1.bz2
--- replaced obj /usr/share/man/man1/djvudump.1.bz2
--- replaced obj /usr/share/man/man1/djvudigital.1.bz2
--- replaced obj /usr/share/man/man1/djvu.1.bz2
--- replaced obj /usr/share/man/man1/djvmcvt.1.bz2
--- replaced obj /usr/share/man/man1/djvm.1.bz2
--- replaced obj /usr/share/man/man1/ddjvu.1.bz2
--- replaced obj /usr/share/man/man1/csepdjvu.1.bz2
--- replaced obj /usr/share/man/man1/cpaldjvu.1.bz2
--- replaced obj /usr/share/man/man1/cjb2.1.bz2
--- replaced obj /usr/share/man/man1/c44.1.bz2
--- replaced obj /usr/share/man/man1/bzz.1.bz2
--- replaced obj /usr/share/man/man1/any2djvu.1.bz2
--- replaced dir /usr/share/man/man1
--- replaced dir /usr/share/man
--- replaced obj /usr/share/icons/hicolor/64x64/mimetypes/image-vnd.djvu.png
--- replaced dir /usr/share/icons/hicolor/64x64/mimetypes
--- replaced dir /usr/share/icons/hicolor/64x64
--- replaced obj /usr/share/icons/hicolor/48x48/mimetypes/image-vnd.djvu.png
--- replaced dir /usr/share/icons/hicolor/48x48/mimetypes
--- replaced dir /usr/share/icons/hicolor/48x48
--- replaced obj /usr/share/icons/hicolor/32x32/mimetypes/image-vnd.djvu.png
--- replaced dir /usr/share/icons/hicolor/32x32/mimetypes
--- replaced dir /usr/share/icons/hicolor/32x32
--- replaced obj /usr/share/icons/hicolor/22x22/mimetypes/image-vnd.djvu.png
--- replaced dir /usr/share/icons/hicolor/22x22/mimetypes
--- replaced dir /usr/share/icons/hicolor/22x22
--- replaced dir /usr/share/icons/hicolor
--- replaced dir /usr/share/icons
--- replaced obj /usr/share/djvu/pubtext/DjVuXML-s.dtd
--- replaced obj /usr/share/djvu/pubtext/DjVuOCR.dtd
--- replaced obj /usr/share/djvu/pubtext/DjVuMessages.dtd
--- replaced dir /usr/share/djvu/pubtext
--- replaced obj /usr/share/djvu/osi/zh/messages.xml
--- replaced obj /usr/share/djvu/osi/zh/libdjvu++.xml
--- replaced dir /usr/share/djvu/osi/zh
--- replaced obj /usr/share/djvu/osi/languages.xml
--- replaced obj /usr/share/djvu/osi/ja/messages.xml
--- replaced obj /usr/share/djvu/osi/ja/libdjvu++.xml
--- replaced dir /usr/share/djvu/osi/ja
--- replaced obj /usr/share/djvu/osi/fr/messages.xml
--- replaced obj /usr/share/djvu/osi/fr/libdjvu++.xml
--- replaced dir /usr/share/djvu/osi/fr
--- replaced obj /usr/share/djvu/osi/en/messages.xml
--- replaced obj /usr/share/djvu/osi/en/libdjvu++.xml
--- replaced obj /usr/share/djvu/osi/en/djvutools-reference.xml
--- replaced dir /usr/share/djvu/osi/en
--- replaced obj /usr/share/djvu/osi/de/messages.xml
--- replaced obj /usr/share/djvu/osi/de/libdjvu++.xml
--- replaced dir /usr/share/djvu/osi/de
--- replaced obj /usr/share/djvu/osi/cs/messages.xml
--- replaced dir /usr/share/djvu/osi/cs
--- replaced dir /usr/share/djvu/osi
--- replaced dir /usr/share/djvu
--- replaced dir /usr/share
--- replaced obj /usr/lib64/pkgconfig/ddjvuapi.pc
--- replaced dir /usr/lib64/pkgconfig
--- replaced obj /usr/lib64/libdjvulibre.so.21.6.0
--- replaced sym /usr/lib64/libdjvulibre.so.21
--- replaced sym /usr/lib64/libdjvulibre.so
--- replaced dir /usr/lib64
--- replaced obj /usr/include/libdjvu/miniexp.h
--- replaced obj /usr/include/libdjvu/ddjvuapi.h
--- replaced dir /usr/include/libdjvu
--- replaced dir /usr/include
--- replaced obj /usr/bin/djvuxmlparser
--- replaced obj /usr/bin/djvutxt
--- replaced obj /usr/bin/djvutoxml
--- replaced obj /usr/bin/djvuserve
--- replaced obj /usr/bin/djvused
--- replaced obj /usr/bin/djvups
--- replaced obj /usr/bin/djvumake
--- replaced obj /usr/bin/djvuextract
--- replaced obj /usr/bin/djvudump
--- replaced obj /usr/bin/djvudigital
--- replaced obj /usr/bin/djvmcvt
--- replaced obj /usr/bin/djvm
--- replaced obj /usr/bin/ddjvu
--- replaced obj /usr/bin/csepdjvu
--- replaced obj /usr/bin/cpaldjvu
--- replaced obj /usr/bin/cjb2
--- replaced obj /usr/bin/c44
--- replaced obj /usr/bin/bzz
--- replaced obj /usr/bin/any2djvu
--- replaced dir /usr/bin
--- replaced dir /usr
 * Updating icons cache ...
 [ ok ]
 * Updating shared mime info database ...
 [ ok ]
>>> Regenerating /etc/ld.so.cache...
