 * Package:    app-arch/bzip2-1.0.8-r1
 * Repository: gentoo
 * Maintainer: base-system@gentoo.org
 * USE:        abi_x86_64 amd64 elibc_glibc kernel_linux split-usr userland_GNU
 * FEATURES:   ccache network-sandbox preserve-libs sandbox userpriv usersandbox
 * FEATURES='assume-digests binpkg-docompress binpkg-dostrip binpkg-logs binpkg-multi-instance buildpkg ccache cgroup compress-index config-protect-if-modified distlocks downgrade-backup fixlafiles ipc-sandbox merge-sync multilib-strict network-sandbox news nodoc parallel-fetch parallel-install pid-sandbox preserve-libs qa-unresolved-soname-deps sandbox sfperms strict strict-keepdir unknown-features-warn unmerge-backup unmerge-logs unmerge-orphans userfetch userpriv usersandbox usersync xattr'
 * CFLAGS='-O2 -march=native -pipe -g0 -fno-stack-protector -fno-stack-clash-protection -fstack-check=no -fno-stack-check -Wl,-O1 -Wl,--as-needed -Wl,-O4,--hash-style=gnu,--sort-common,--as-needed,-z,relro,-z,now,-lgomp,-lpthread'
 * CXXFLAGS='-O2 -march=native -pipe -g0 -fno-stack-protector -fno-stack-clash-protection -fstack-check=no -fno-stack-check -Wl,-O1 -Wl,--as-needed -Wl,-O4,--hash-style=gnu,--sort-common,--as-needed,-z,relro,-z,now,-lgomp,-lpthread'
 * FFLAGS='-O2 -march=native -pipe -g0 -fno-stack-protector -fno-stack-clash-protection -fstack-check=no -fno-stack-check -Wl,-O1 -Wl,--as-needed -Wl,-O4,--hash-style=gnu,--sort-common,--as-needed,-z,relro,-z,now,-lgomp,-lpthread'
 * FCFLAGS='-O2 -march=native -pipe -g0 -fno-stack-protector -fno-stack-clash-protection -fstack-check=no -fno-stack-check -Wl,-O1 -Wl,--as-needed -Wl,-O4,--hash-style=gnu,--sort-common,--as-needed,-z,relro,-z,now,-lgomp,-lpthread'
 * F77FLAGS='-O2 -march=native -pipe -g0 -fno-stack-protector -fno-stack-clash-protection -fstack-check=no -fno-stack-check -Wl,-O1 -Wl,--as-needed -Wl,-O4,--hash-style=gnu,--sort-common,--as-needed,-z,relro,-z,now,-lgomp,-lpthread'
 * LDFLAGS='-Wl,-O1 -Wl,--as-needed -Wl,-O4,--hash-style=gnu,--sort-common,--as-needed,-z,relro,-z,now,-lgomp,-lpthread'
 * MAKEOPTS='-j12'
 * gcc (Gentoo 10.1.0 p1) 10.1.0
 * g++ (Gentoo 10.1.0 p1) 10.1.0
 * GNU ld (Gentoo 2.34 p1) 2.34.0
 * Linux ryzen.gnum.org 5.4.36 #1 SMP Thu Apr 30 04:38:28 UTC 2020 x86_64 AMD Ryzen 5 3600 6-Core Processor AuthenticAMD GNU/Linux
app-arch/bzip2: 2 minutes, 47 seconds average for 7 merges
2020-05-16T20:32:27 >>> app-arch/bzip2: 12 seconds
2020-05-20T00:55:54 >>> app-arch/bzip2: 1 minute, 29 seconds
2020-05-21T05:45:41 >>> app-arch/bzip2: 6 seconds
2020-05-22T01:52:47 >>> app-arch/bzip2: 6 minutes
2020-05-22T02:39:05 >>> app-arch/bzip2: 2 minutes, 35 seconds
2020-05-22T02:58:42 >>> app-arch/bzip2: 2 minutes, 19 seconds
2020-05-22T03:03:53 >>> app-arch/bzip2: 6 minutes, 51 seconds
]0;emerge 12:01:43 3|1104 bzip2 03:55 (root@ryzen.gnum.org)>>> Unpacking source...
>>> Unpacking bzip2-1.0.8.tar.gz to /tmp/portage/app-arch/bzip2-1.0.8-r1/work
>>> Source unpacked in /tmp/portage/app-arch/bzip2-1.0.8-r1/work
>>> Preparing source in /tmp/portage/app-arch/bzip2-1.0.8-r1/work/bzip2-1.0.8 ...
 * Applying bzip2-1.0.4-makefile-CFLAGS.patch ...
 [ ok ]
 * Applying bzip2-1.0.8-saneso.patch ...
 [ ok ]
 * Applying bzip2-1.0.4-man-links.patch ...
patching file Makefile
Hunk #1 succeeded at 85 with fuzz 2.
 [ ok ]
 * Applying bzip2-1.0.6-progress.patch ...
patching file bzip2.1
patching file bzip2.c
Hunk #1 succeeded at 53 (offset -92 lines).
Hunk #2 succeeded at 210 with fuzz 2 (offset -92 lines).
Hunk #3 succeeded at 336 (offset -91 lines).
Hunk #4 succeeded at 349 (offset -91 lines).
Hunk #5 succeeded at 372 (offset -91 lines).
Hunk #6 succeeded at 472 with fuzz 2 (offset -87 lines).
Hunk #7 succeeded at 481 (offset -87 lines).
Hunk #8 succeeded at 509 (offset -87 lines).
Hunk #9 succeeded at 1858 (offset -69 lines).
Hunk #10 succeeded at 1936 (offset -69 lines).
Hunk #11 succeeded at 1973 (offset -69 lines).
 [ ok ]
 * Applying bzip2-1.0.3-no-test.patch ...
 [ ok ]
 * Applying bzip2-1.0.8-mingw.patch ...
 [ ok ]
 * Applying bzip2-1.0.8-out-of-tree-build.patch ...
 [ ok ]
>>> Source prepared.
>>> Configuring source in /tmp/portage/app-arch/bzip2-1.0.8-r1/work/bzip2-1.0.8 ...
 * abi_x86_64.amd64: running multilib-minimal_abi_src_configure
>>> Source configured.
>>> Compiling source in /tmp/portage/app-arch/bzip2-1.0.8-r1/work/bzip2-1.0.8 ...
 * abi_x86_64.amd64: running multilib-minimal_abi_src_compile
make -j12 VPATH=/tmp/portage/app-arch/bzip2-1.0.8-r1/work/bzip2-1.0.8 CC=x86_64-pc-linux-gnu-gcc AR=x86_64-pc-linux-gnu-ar RANLIB=x86_64-pc-linux-gnu-ranlib -f /tmp/portage/app-arch/bzip2-1.0.8-r1/work/bzip2-1.0.8/Makefile-libbz2_so all 
make: symbol lookup error: //usr/lib64/libltdl.so.7: undefined symbol: lt_libltdl_LTX_preloaded_symbols
 * ERROR: app-arch/bzip2-1.0.8-r1::gentoo failed (compile phase):
 *   emake failed
 * 
 * If you need support, post the output of `emerge --info '=app-arch/bzip2-1.0.8-r1::gentoo'`,
 * the complete build log and the output of `emerge -pqv '=app-arch/bzip2-1.0.8-r1::gentoo'`.
 * The complete build log is located at '/var/log/emerge-log/app-arch:bzip2-1.0.8-r1:20200522-100142.log'.
 * For convenience, a symlink to the build log is located at '/tmp/portage/app-arch/bzip2-1.0.8-r1/temp/build.log'.
 * The ebuild environment file is located at '/tmp/portage/app-arch/bzip2-1.0.8-r1/temp/environment'.
 * Working directory: '/tmp/portage/app-arch/bzip2-1.0.8-r1/work/bzip2-1.0.8-abi_x86_64.amd64'
 * S: '/tmp/portage/app-arch/bzip2-1.0.8-r1/work/bzip2-1.0.8'
