[32;01m * [39;49;00mPackage:    app-shells/quoter-4.1-r1
[32;01m * [39;49;00mRepository: mv
[32;01m * [39;49;00mMaintainer: martin@mvath.de
[32;01m * [39;49;00mUpstream:   martin@mvath.de
[32;01m * [39;49;00mUSE:        abi_x86_64 amd64 elibc_glibc kernel_linux userland_GNU
[32;01m * [39;49;00mFEATURES:   ccache network-sandbox preserve-libs sandbox userpriv usersandbox
 [32;01m*[0m FEATURES='assume-digests binpkg-docompress binpkg-dostrip binpkg-logs buildpkg ccache config-protect-if-modified distlocks ebuild-locks fixlafiles ipc-sandbox merge-sync multilib-strict network-sandbox news parallel-fetch pid-sandbox preserve-libs protect-owned qa-unresolved-soname-deps sandbox sfperms sign strict unknown-features-warn unmerge-logs unmerge-orphans userfetch userpriv usersandbox usersync xattr'
 [32;01m*[0m CFLAGS='-march=native -O3 -fgraphite-identity -floop-nest-optimize -fdevirtualize-at-ltrans -fipa-pta -fno-semantic-interposition -flto=12 -fno-signed-zeros -fno-trapping-math -fassociative-math -freciprocal-math -fno-math-errno -ffinite-math-only -fno-rounding-math -fno-signaling-nans -fcx-limited-range -fexcess-precision=fast -fno-plt -fno-common -fuse-linker-plugin -pipe -g0 -fno-stack-protector -fno-stack-clash-protection -fstack-check=no -fno-stack-check -Wl,-O1 -Wl,--as-needed -Wl,--defsym=__gentoo_check_ldflags__=0 -Wl,--hash-style=gnu -Wl,-z,norelro'
 [32;01m*[0m CXXFLAGS='-march=native -O3 -fgraphite-identity -floop-nest-optimize -fdevirtualize-at-ltrans -fipa-pta -fno-semantic-interposition -flto=12 -fno-signed-zeros -fno-trapping-math -fassociative-math -freciprocal-math -fno-math-errno -ffinite-math-only -fno-rounding-math -fno-signaling-nans -fcx-limited-range -fexcess-precision=fast -fno-plt -fno-common -fuse-linker-plugin -pipe -g0 -fno-stack-protector -fno-stack-clash-protection -fstack-check=no -fno-stack-check -Wl,-O1 -Wl,--as-needed -Wl,--defsym=__gentoo_check_ldflags__=0 -Wl,--hash-style=gnu -Wl,-z,norelro'
 [32;01m*[0m FFLAGS='-march=native -O3 -fgraphite-identity -floop-nest-optimize -fdevirtualize-at-ltrans -fipa-pta -fno-semantic-interposition -flto=12 -fno-signed-zeros -fno-trapping-math -fassociative-math -freciprocal-math -fno-math-errno -ffinite-math-only -fno-rounding-math -fno-signaling-nans -fcx-limited-range -fexcess-precision=fast -fno-plt -fno-common -fuse-linker-plugin -pipe -g0 -fno-stack-protector -fno-stack-clash-protection -fstack-check=no -fno-stack-check -Wl,-O1 -Wl,--as-needed -Wl,--defsym=__gentoo_check_ldflags__=0 -Wl,--hash-style=gnu -Wl,-z,norelro'
 [32;01m*[0m FCFLAGS='-march=native -O3 -fgraphite-identity -floop-nest-optimize -fdevirtualize-at-ltrans -fipa-pta -fno-semantic-interposition -flto=12 -fno-signed-zeros -fno-trapping-math -fassociative-math -freciprocal-math -fno-math-errno -ffinite-math-only -fno-rounding-math -fno-signaling-nans -fcx-limited-range -fexcess-precision=fast -fno-plt -fno-common -fuse-linker-plugin -pipe -g0 -fno-stack-protector -fno-stack-clash-protection -fstack-check=no -fno-stack-check -Wl,-O1 -Wl,--as-needed -Wl,--defsym=__gentoo_check_ldflags__=0 -Wl,--hash-style=gnu -Wl,-z,norelro'
 [32;01m*[0m F77FLAGS='-march=native -O3 -fgraphite-identity -floop-nest-optimize -fdevirtualize-at-ltrans -fipa-pta -fno-semantic-interposition -flto=12 -fno-signed-zeros -fno-trapping-math -fassociative-math -freciprocal-math -fno-math-errno -ffinite-math-only -fno-rounding-math -fno-signaling-nans -fcx-limited-range -fexcess-precision=fast -fno-plt -fno-common -fuse-linker-plugin -pipe -g0 -fno-stack-protector -fno-stack-clash-protection -fstack-check=no -fno-stack-check -Wl,-O1 -Wl,--as-needed -Wl,--defsym=__gentoo_check_ldflags__=0 -Wl,--hash-style=gnu -Wl,-z,norelro'
 [32;01m*[0m LDFLAGS='-Wl,-O1 -Wl,--as-needed -Wl,--defsym=__gentoo_check_ldflags__=0 -Wl,--hash-style=gnu -Wl,-z,norelro -march=native -O3 -fgraphite-identity -floop-nest-optimize -fdevirtualize-at-ltrans -fipa-pta -fno-semantic-interposition -flto=12 -fno-signed-zeros -fno-trapping-math -fassociative-math -freciprocal-math -fno-math-errno -ffinite-math-only -fno-rounding-math -fno-signaling-nans -fcx-limited-range -fexcess-precision=fast -fno-plt -fno-common -fuse-linker-plugin -pipe -g0 -fno-stack-protector -fno-stack-clash-protection -fstack-check=no -fno-stack-check'
 [32;01m*[0m MAKEOPTS='-j12'
 [32;01m*[0m gcc (Gentoo 10.1.0 p1) 10.1.0
 [32;01m*[0m g++ (Gentoo 10.1.0 p1) 10.1.0
 [32;01m*[0m GNU ld (Gentoo 2.33.1 p2) 2.33.1
 [32;01m*[0m Linux ryzen.gnum.org 5.4.36 #1 SMP Thu Apr 30 04:38:28 UTC 2020 x86_64 AMD Ryzen 5 3600 6-Core Processor AuthenticAMD GNU/Linux
]0;emerge 20:46:54 72|604 quoter (root@ryzen.gnum.org)>>> Unpacking source...
>>> Unpacking quoter-4.1.tar.gz to /tmp/portage/app-shells/quoter-4.1-r1/work
>>> Source unpacked in /tmp/portage/app-shells/quoter-4.1-r1/work
>>> Preparing source in /tmp/portage/app-shells/quoter-4.1-r1/work/quoter-4.1 ...
>>> Source prepared.
>>> Configuring source in /tmp/portage/app-shells/quoter-4.1-r1/work/quoter-4.1 ...
>>> Source configured.
>>> Compiling source in /tmp/portage/app-shells/quoter-4.1-r1/work/quoter-4.1 ...
make -j12 CC=x86_64-pc-linux-gnu-gcc EPREFIX= 
x86_64-pc-linux-gnu-gcc  -march=native -O3 -fgraphite-identity -floop-nest-optimize -fdevirtualize-at-ltrans -fipa-pta -fno-semantic-interposition -flto=12 -fno-signed-zeros -fno-trapping-math -fassociative-math -freciprocal-math -fno-math-errno -ffinite-math-only -fno-rounding-math -fno-signaling-nans -fcx-limited-range -fexcess-precision=fast -fno-plt -fno-common -fuse-linker-plugin -pipe -g0 -fno-stack-protector -fno-stack-clash-protection -fstack-check=no -fno-stack-check -Wl,-O1 -Wl,--as-needed -Wl,--defsym=__gentoo_check_ldflags__=0 -Wl,--hash-style=gnu -Wl,-z,norelro -Wl,-O1 -Wl,--as-needed -Wl,--defsym=__gentoo_check_ldflags__=0 -Wl,--hash-style=gnu -Wl,-z,norelro -march=native -O3 -fgraphite-identity -floop-nest-optimize -fdevirtualize-at-ltrans -fipa-pta -fno-semantic-interposition -flto=12 -fno-signed-zeros -fno-trapping-math -fassociative-math -freciprocal-math -fno-math-errno -ffinite-math-only -fno-rounding-math -fno-signaling-nans -fcx-limited-range -fexcess-precision=fast -fno-plt -fno-common -fuse-linker-plugin -pipe -g0 -fno-stack-protector -fno-stack-clash-protection -fstack-check=no -fno-stack-check -o bin/quoter src/quoter.c || \
x86_64-pc-linux-gnu-gcc -DAVOID_ATTRIBUTE_NORETURN \
	 -march=native -O3 -fgraphite-identity -floop-nest-optimize -fdevirtualize-at-ltrans -fipa-pta -fno-semantic-interposition -flto=12 -fno-signed-zeros -fno-trapping-math -fassociative-math -freciprocal-math -fno-math-errno -ffinite-math-only -fno-rounding-math -fno-signaling-nans -fcx-limited-range -fexcess-precision=fast -fno-plt -fno-common -fuse-linker-plugin -pipe -g0 -fno-stack-protector -fno-stack-clash-protection -fstack-check=no -fno-stack-check -Wl,-O1 -Wl,--as-needed -Wl,--defsym=__gentoo_check_ldflags__=0 -Wl,--hash-style=gnu -Wl,-z,norelro -Wl,-O1 -Wl,--as-needed -Wl,--defsym=__gentoo_check_ldflags__=0 -Wl,--hash-style=gnu -Wl,-z,norelro -march=native -O3 -fgraphite-identity -floop-nest-optimize -fdevirtualize-at-ltrans -fipa-pta -fno-semantic-interposition -flto=12 -fno-signed-zeros -fno-trapping-math -fassociative-math -freciprocal-math -fno-math-errno -ffinite-math-only -fno-rounding-math -fno-signaling-nans -fcx-limited-range -fexcess-precision=fast -fno-plt -fno-common -fuse-linker-plugin -pipe -g0 -fno-stack-protector -fno-stack-clash-protection -fstack-check=no -fno-stack-check -o bin/quoter src/quoter.c || \
x86_64-pc-linux-gnu-gcc -DAVOID_BUILTIN_EXPECT \
	 -march=native -O3 -fgraphite-identity -floop-nest-optimize -fdevirtualize-at-ltrans -fipa-pta -fno-semantic-interposition -flto=12 -fno-signed-zeros -fno-trapping-math -fassociative-math -freciprocal-math -fno-math-errno -ffinite-math-only -fno-rounding-math -fno-signaling-nans -fcx-limited-range -fexcess-precision=fast -fno-plt -fno-common -fuse-linker-plugin -pipe -g0 -fno-stack-protector -fno-stack-clash-protection -fstack-check=no -fno-stack-check -Wl,-O1 -Wl,--as-needed -Wl,--defsym=__gentoo_check_ldflags__=0 -Wl,--hash-style=gnu -Wl,-z,norelro -Wl,-O1 -Wl,--as-needed -Wl,--defsym=__gentoo_check_ldflags__=0 -Wl,--hash-style=gnu -Wl,-z,norelro -march=native -O3 -fgraphite-identity -floop-nest-optimize -fdevirtualize-at-ltrans -fipa-pta -fno-semantic-interposition -flto=12 -fno-signed-zeros -fno-trapping-math -fassociative-math -freciprocal-math -fno-math-errno -ffinite-math-only -fno-rounding-math -fno-signaling-nans -fcx-limited-range -fexcess-precision=fast -fno-plt -fno-common -fuse-linker-plugin -pipe -g0 -fno-stack-protector -fno-stack-clash-protection -fstack-check=no -fno-stack-check -o bin/quoter src/quoter.c || \
x86_64-pc-linux-gnu-gcc -DAVOID_BUILTIN_EXPECT -DAVOID_ATTRIBUTE_NORETURN \
	 -march=native -O3 -fgraphite-identity -floop-nest-optimize -fdevirtualize-at-ltrans -fipa-pta -fno-semantic-interposition -flto=12 -fno-signed-zeros -fno-trapping-math -fassociative-math -freciprocal-math -fno-math-errno -ffinite-math-only -fno-rounding-math -fno-signaling-nans -fcx-limited-range -fexcess-precision=fast -fno-plt -fno-common -fuse-linker-plugin -pipe -g0 -fno-stack-protector -fno-stack-clash-protection -fstack-check=no -fno-stack-check -Wl,-O1 -Wl,--as-needed -Wl,--defsym=__gentoo_check_ldflags__=0 -Wl,--hash-style=gnu -Wl,-z,norelro -Wl,-O1 -Wl,--as-needed -Wl,--defsym=__gentoo_check_ldflags__=0 -Wl,--hash-style=gnu -Wl,-z,norelro -march=native -O3 -fgraphite-identity -floop-nest-optimize -fdevirtualize-at-ltrans -fipa-pta -fno-semantic-interposition -flto=12 -fno-signed-zeros -fno-trapping-math -fassociative-math -freciprocal-math -fno-math-errno -ffinite-math-only -fno-rounding-math -fno-signaling-nans -fcx-limited-range -fexcess-precision=fast -fno-plt -fno-common -fuse-linker-plugin -pipe -g0 -fno-stack-protector -fno-stack-clash-protection -fstack-check=no -fno-stack-check -o bin/quoter src/quoter.c
echo '#!/bin/cat /usr/share/quoter/quoter_pipe.sh' >quoter_pipe.sh
>>> Source compiled.
>>> Test phase [not enabled]: app-shells/quoter-4.1-r1

>>> Install app-shells/quoter-4.1-r1 into /tmp/portage/app-shells/quoter-4.1-r1/image
make -j12 DESTDIR=/tmp/portage/app-shells/quoter-4.1-r1/image EPREFIX= install 
install -d '/tmp/portage/app-shells/quoter-4.1-r1/image/usr/bin'
install -d '/tmp/portage/app-shells/quoter-4.1-r1/image//usr/share/quoter'
install bin/quoter '/tmp/portage/app-shells/quoter-4.1-r1/image/usr/bin/quoter'
install -m 755 quoter_pipe.sh '/tmp/portage/app-shells/quoter-4.1-r1/image/usr/bin/quoter_pipe.sh'
install -m 644 bin/quoter_pipe.sh '/tmp/portage/app-shells/quoter-4.1-r1/image/usr/share/quoter/quoter_pipe.sh'
[ -z '/usr/share/zsh/site-functions' ] || install -d '/tmp/portage/app-shells/quoter-4.1-r1/image//usr/share/zsh/site-functions'
[ -z '/usr/share/zsh/site-functions' ] || install -m 644 zsh/_quoter '/tmp/portage/app-shells/quoter-4.1-r1/image//usr/share/zsh/site-functions/_quoter'
>>> Completed installing app-shells/quoter-4.1-r1 into /tmp/portage/app-shells/quoter-4.1-r1/image

 [32;01m*[0m Final size of build directory: 96 KiB
 [32;01m*[0m Final size of installed tree:  80 KiB

strip: x86_64-pc-linux-gnu-strip --strip-unneeded -N __gentoo_check_ldflags__ -R .comment -R .GCC.command.line -R .note.gnu.gold-version
   /usr/bin/quoter
./
./usr/
./usr/bin/
./usr/bin/quoter
./usr/bin/quoter_pipe.sh
./usr/share/
./usr/share/quoter/
./usr/share/quoter/quoter_pipe.sh
./usr/share/zsh/
./usr/share/zsh/site-functions/
./usr/share/zsh/site-functions/_quoter
./usr/share/doc/
./usr/share/doc/quoter-4.1-r1/
./usr/share/doc/quoter-4.1-r1/README.md.bz2
>>> Done.
 [32;01m*[39;49;00m checking 5 files for package collisions
>>> Merging app-shells/quoter-4.1-r1 to /
 [32;01m*[0m removing unneeded *.la files
--- /usr/
--- /usr/share/
--- /usr/share/doc/
>>> /usr/share/doc/quoter-4.1-r1/
>>> /usr/share/doc/quoter-4.1-r1/README.md.bz2
--- /usr/share/zsh/
--- /usr/share/zsh/site-functions/
>>> /usr/share/zsh/site-functions/_quoter
--- /usr/share/quoter/
>>> /usr/share/quoter/quoter_pipe.sh
--- /usr/bin/
>>> /usr/bin/quoter_pipe.sh
>>> /usr/bin/quoter
>>> Safely unmerging already-installed instance...
No package files given... Grabbing a set.
--- replaced obj /usr/share/zsh/site-functions/_quoter
--- replaced dir /usr/share/zsh/site-functions
--- replaced dir /usr/share/zsh
--- replaced obj /usr/share/quoter/quoter_pipe.sh
--- replaced dir /usr/share/quoter
--- replaced dir /usr/share
--- replaced obj /usr/bin/quoter
--- replaced dir /usr/bin
--- replaced dir /usr
>>> Regenerating /etc/ld.so.cache...
>>> Original instance of package unmerged safely.
>>> app-shells/quoter-4.1-r1 merged.
