 * Package:    app-text/po4a-0.59.1
 * Repository: gentoo
 * Maintainer: hattya@gentoo.org
 * USE:        abi_x86_64 amd64 elibc_glibc kernel_linux userland_GNU
 * FEATURES:   network-sandbox preserve-libs sandbox userpriv usersandbox
 * FEATURES='compress-index binpkg-docompress merge-sync binpkg-logs config-protect-if-modified usersandbox assume-digests buildpkg ipc-sandbox cgroup userpriv xattr qa-unresolved-soname-deps preserve-libs strict-keepdir strict usersync pid-sandbox news sfperms unmerge-orphans parallel-fetch binpkg-dostrip nodoc network-sandbox multilib-strict userfetch ebuild-locks fixlafiles sandbox distlocks unmerge-logs unknown-features-warn'
 * CFLAGS='-march=znver2 -Ofast -pipe -g0 -fno-common -fgraphite-identity -floop-interchange -floop-nest-optimize -floop-parallelize-all -ftree-parallelize-loops=12 -ftree-vectorize -fdevirtualize-at-ltrans -fipa-pta -fno-semantic-interposition -flto=12 -fno-plt -falign-functions=32 -fno-stack-protector -fno-stack-clash-protection -fstack-check=no -fno-stack-check -fuse-linker-plugin -Wl,-O1,--sort-common,--as-needed,-z,norelro,-z,now,-lgomp,-lpthread'
 * CXXFLAGS='-march=znver2 -Ofast -pipe -g0 -fno-common -fgraphite-identity -floop-interchange -floop-nest-optimize -floop-parallelize-all -ftree-parallelize-loops=12 -ftree-vectorize -fdevirtualize-at-ltrans -fipa-pta -fno-semantic-interposition -flto=12 -fno-plt -falign-functions=32 -fno-stack-protector -fno-stack-clash-protection -fstack-check=no -fno-stack-check -fuse-linker-plugin -Wl,-O1,--sort-common,--as-needed,-z,norelro,-z,now,-lgomp,-lpthread'
 * FFLAGS='-march=znver2 -Ofast -pipe -g0 -fno-common -fgraphite-identity -floop-interchange -floop-nest-optimize -floop-parallelize-all -ftree-parallelize-loops=12 -ftree-vectorize -fdevirtualize-at-ltrans -fipa-pta -fno-semantic-interposition -flto=12 -fno-plt -falign-functions=32 -fno-stack-protector -fno-stack-clash-protection -fstack-check=no -fno-stack-check -fuse-linker-plugin -Wl,-O1,--sort-common,--as-needed,-z,norelro,-z,now,-lgomp,-lpthread'
 * FCFLAGS='-march=znver2 -Ofast -pipe -g0 -fno-common -fgraphite-identity -floop-interchange -floop-nest-optimize -floop-parallelize-all -ftree-parallelize-loops=12 -ftree-vectorize -fdevirtualize-at-ltrans -fipa-pta -fno-semantic-interposition -flto=12 -fno-plt -falign-functions=32 -fno-stack-protector -fno-stack-clash-protection -fstack-check=no -fno-stack-check -fuse-linker-plugin -Wl,-O1,--sort-common,--as-needed,-z,norelro,-z,now,-lgomp,-lpthread'
 * F77FLAGS='-march=znver2 -Ofast -pipe -g0 -fno-common -fgraphite-identity -floop-interchange -floop-nest-optimize -floop-parallelize-all -ftree-parallelize-loops=12 -ftree-vectorize -fdevirtualize-at-ltrans -fipa-pta -fno-semantic-interposition -flto=12 -fno-plt -falign-functions=32 -fno-stack-protector -fno-stack-clash-protection -fstack-check=no -fno-stack-check -fuse-linker-plugin -Wl,-O1,--sort-common,--as-needed,-z,norelro,-z,now,-lgomp,-lpthread'
 * LDFLAGS='-Wl,-O1,--sort-common,--as-needed,-z,norelro,-z,now,-lgomp,-lpthread -march=znver2 -Ofast -pipe -g0 -fno-common -fgraphite-identity -floop-interchange -floop-nest-optimize -floop-parallelize-all -ftree-parallelize-loops=12 -ftree-vectorize -fdevirtualize-at-ltrans -fipa-pta -fno-semantic-interposition -flto=12 -fno-plt -falign-functions=32 -fno-stack-protector -fno-stack-clash-protection -fstack-check=no -fno-stack-check -fuse-linker-plugin'
 * MAKEOPTS='-j12 -l12'
 * gcc () 11.0.0 20200616 (experimental)
 * g++ () 11.0.0 20200616 (experimental)
 * GNU ld (Gentoo 2.34 p4) 2.34.0
 * Linux rescue 5.4.36 #1 SMP Thu Apr 30 04:38:28 UTC 2020 x86_64 AMD Ryzen 5 3600 6-Core Processor AuthenticAMD GNU/Linux
app-text/po4a: 16 seconds average for 5 merges
2020-06-01T00:14:13 >>> app-text/po4a: 14 seconds
2020-06-01T10:17:28 >>> app-text/po4a: 20 seconds
2020-06-03T13:37:05 >>> app-text/po4a: 26 seconds
2020-06-15T14:29:39 >>> app-text/po4a: 7 seconds
2020-06-16T17:48:44 >>> app-text/po4a: 17 seconds
]0;emerge 16:58:37 39|194 po4a 00:17 (root@rescue)>>> Unpacking source...
>>> Unpacking po4a-v0.59.1.tar.gz to /tmp/portage/app-text/po4a-0.59.1/work
>>> Source unpacked in /tmp/portage/app-text/po4a-0.59.1/work
>>> Preparing source in /tmp/portage/app-text/po4a-0.59.1/work/po4a-v0.59.1 ...
 * Looking in /tmp/portage/app-text/po4a-0.59.1/work/po4a-v0.59.1/po/bin for new locales ...
 [ ok ]
 * Applying po4a-man.patch ...
 [ ok ]
 * Removing un-needed po/bin/af.po
 * Removing un-needed po/pod/af.po
 * Removing un-needed po/bin/ar.po
 * Removing un-needed po/pod/ar.po
 * Removing un-needed po/bin/ca.po
 * Removing un-needed po/pod/ca.po
 * Removing un-needed po/bin/cs.po
 * Removing un-needed po/pod/cs.po
 * Removing un-needed po/bin/da.po
 * Removing un-needed po/pod/da.po
 * Removing un-needed po/bin/de.po
 * Removing un-needed po/pod/de.po
 * Removing un-needed po/bin/eo.po
 * Removing un-needed po/pod/eo.po
 * Removing un-needed po/bin/es.po
 * Removing un-needed po/pod/es.po
 * Removing un-needed po/bin/et.po
 * Removing un-needed po/pod/et.po
 * Removing un-needed po/bin/eu.po
 * Removing un-needed po/pod/eu.po
 * Removing un-needed po/bin/fr.po
 * Removing un-needed po/pod/fr.po
 * Removing un-needed po/bin/hr.po
 * Removing un-needed po/pod/hr.po
 * Removing un-needed po/bin/hu.po
 * Removing un-needed po/pod/hu.po
 * Removing un-needed po/bin/id.po
 * Removing un-needed po/pod/id.po
 * Removing un-needed po/bin/it.po
 * Removing un-needed po/pod/it.po
 * Removing un-needed po/bin/ja.po
 * Removing un-needed po/pod/ja.po
 * Removing un-needed po/bin/kn.po
 * Removing un-needed po/pod/kn.po
 * Removing un-needed po/bin/ko.po
 * Removing un-needed po/pod/ko.po
 * Removing un-needed po/bin/nb.po
 * Removing un-needed po/pod/nb.po
 * Removing un-needed po/bin/nl.po
 * Removing un-needed po/pod/nl.po
 * Removing un-needed po/bin/pl.po
 * Removing un-needed po/pod/pl.po
 * Removing un-needed po/bin/pt.po
 * Removing un-needed po/pod/pt.po
 * Removing un-needed po/bin/pt_BR.po
 * Removing un-needed po/pod/pt_BR.po
 * Removing un-needed po/bin/ru.po
 * Removing un-needed po/pod/ru.po
 * Removing un-needed po/bin/sl.po
 * Removing un-needed po/pod/sl.po
 * Removing un-needed po/bin/sr_Cyrl.po
 * Removing un-needed po/pod/sr_Cyrl.po
 * Removing un-needed po/bin/sv.po
 * Removing un-needed po/pod/sv.po
 * Removing un-needed po/bin/uk.po
 * Removing un-needed po/pod/uk.po
 * Removing un-needed po/bin/vi.po
 * Removing un-needed po/pod/vi.po
 * Removing un-needed po/bin/zh_CN.po
 * Removing un-needed po/pod/zh_CN.po
 * Removing un-needed po/bin/zh_HK.po
 * Removing un-needed po/pod/zh_HK.po
 * Fixing Manifest
>>> Source prepared.
>>> Configuring source in /tmp/portage/app-text/po4a-0.59.1/work/po4a-v0.59.1 ...
 * Using Module::Build
 * perl Build.PL --installdirs=vendor --libdoc= --destdir=/tmp/portage/app-text/po4a-0.59.1/image --create_packlist=1
Created MYMETA.yml and MYMETA.json
Creating new 'Build' script for 'po4a' version 'v0.59.1'
>>> Source configured.
>>> Compiling source in /tmp/portage/app-text/po4a-0.59.1/work/po4a-v0.59.1 ...
Created META.yml and META.json
 (1331 entries)
Discard blib/man/zh_CHS/man1/po4a-display-man.xml (16 of 24 strings; only 66.66% translated; need 80%).
Discard blib/man/zh_CHS/man1/po4a-display-pod.xml (14 of 23 strings; only 60.86% translated; need 80%).
Discard blib/man/zh_CHS/man1/po4a.1p.pod (3 of 193 strings; only 1.55% translated; need 80%).
Discard blib/man/zh_CHS/man1/po4a-gettextize.1p.pod (3 of 77 strings; only 3.89% translated; need 80%).
Discard blib/man/zh_CHS/man1/po4a-normalize.1p.pod (3 of 35 strings; only 8.57% translated; need 80%).
Discard blib/man/zh_CHS/man1/po4a-translate.1p.pod (3 of 60 strings; only 5% translated; need 80%).
Discard blib/man/zh_CHS/man1/po4a-updatepo.1p.pod (3 of 59 strings; only 5.08% translated; need 80%).
Discard blib/man/zh_CHS/man1/msguntypot.1p.pod (2 of 36 strings; only 5.55% translated; need 80%).
Discard blib/man/zh_CHS/man7/po4a.7.pod (1 of 157 strings; only 0.63% translated; need 80%).
Discard blib/man/zh_CHS/man3/Locale::Po4a::AsciiDoc.3pm.pod (1 of 40 strings; only 2.5% translated; need 80%).
Discard blib/man/zh_CHS/man3/Locale::Po4a::BibTeX.3pm.pod (1 of 15 strings; only 6.66% translated; need 80%).
Discard blib/man/zh_CHS/man3/Locale::Po4a::Chooser.3pm.pod (2 of 16 strings; only 12.5% translated; need 80%).
Discard blib/man/zh_CHS/man3/Locale::Po4a::Common.3pm.pod (1 of 32 strings; only 3.12% translated; need 80%).
Discard blib/man/zh_CHS/man3/Locale::Po4a::Dia.3pm.pod (2 of 18 strings; only 11.11% translated; need 80%).
Discard blib/man/zh_CHS/man3/Locale::Po4a::Docbook.3pm.pod (2 of 21 strings; only 9.52% translated; need 80%).
Discard blib/man/zh_CHS/man3/Locale::Po4a::Guide.3pm.pod (2 of 16 strings; only 12.5% translated; need 80%).
Discard blib/man/zh_CHS/man3/Locale::Po4a::Halibut.3pm.pod (2 of 20 strings; only 10% translated; need 80%).
Discard blib/man/zh_CHS/man3/Locale::Po4a::Ini.3pm.pod (2 of 14 strings; only 14.28% translated; need 80%).
Discard blib/man/zh_CHS/man3/Locale::Po4a::KernelHelp.3pm.pod (2 of 13 strings; only 15.38% translated; need 80%).
Discard blib/man/zh_CHS/man3/Locale::Po4a::LaTeX.3pm.pod (2 of 14 strings; only 14.28% translated; need 80%).
Discard blib/man/zh_CHS/man3/Locale::Po4a::Man.3pm.pod (2 of 113 strings; only 1.76% translated; need 80%).
Discard blib/man/zh_CHS/man3/Locale::Po4a::Po.3pm.pod (1 of 102 strings; only 0.98% translated; need 80%).
Discard blib/man/zh_CHS/man3/Locale::Po4a::Pod.3pm.pod (2 of 42 strings; only 4.76% translated; need 80%).
Discard blib/man/zh_CHS/man3/Locale::Po4a::Sgml.3pm.pod (1 of 60 strings; only 1.66% translated; need 80%).
Discard blib/man/zh_CHS/man3/Locale::Po4a::TeX.3pm.pod (2 of 124 strings; only 1.61% translated; need 80%).
Discard blib/man/zh_CHS/man3/Locale::Po4a::Texinfo.3pm.pod (2 of 16 strings; only 12.5% translated; need 80%).
Discard blib/man/zh_CHS/man3/Locale::Po4a::Text.3pm.pod (1 of 45 strings; only 2.22% translated; need 80%).
Discard blib/man/zh_CHS/man3/Locale::Po4a::TransTractor.3pm.pod (1 of 157 strings; only 0.63% translated; need 80%).
Discard blib/man/zh_CHS/man3/Locale::Po4a::Wml.3pm.pod (1 of 15 strings; only 6.66% translated; need 80%).
Discard blib/man/zh_CHS/man3/Locale::Po4a::Xhtml.3pm.pod (2 of 21 strings; only 9.52% translated; need 80%).
Discard blib/man/zh_CHS/man3/Locale::Po4a::Xml.3pm.pod (2 of 190 strings; only 1.05% translated; need 80%).
Note: Writing po4a-display-man.1
Note: Writing po4a-display-pod.1
XX po/bin/po4a.pot uptodate.
-------------
po/bin (pot: 31320)
po/bin (pot: 31320)
-------------
po/pod (pot: 264848)
  zh_CHS (1.27%): 17 translated messages, 13 fuzzy translations, 1301 untranslated messages.
po/pod (pot: 264848)
 1 starting language : zh_CHS (1%).
-------------
>>> Source compiled.
 * Skipping make test/check due to ebuild restriction.
>>> Test phase [disabled because of RESTRICT=test]: app-text/po4a-0.59.1

>>> Install app-text/po4a-0.59.1 into /tmp/portage/app-text/po4a-0.59.1/image
 * ./Build install --pure
Installing /tmp/portage/app-text/po4a-0.59.1/image/usr/lib64/perl5/vendor_perl/5.30.3/Locale/Po4a/Chooser.pm
Installing /tmp/portage/app-text/po4a-0.59.1/image/usr/lib64/perl5/vendor_perl/5.30.3/Locale/Po4a/RubyDoc.pm
Installing /tmp/portage/app-text/po4a-0.59.1/image/usr/lib64/perl5/vendor_perl/5.30.3/Locale/Po4a/Halibut.pm
Installing /tmp/portage/app-text/po4a-0.59.1/image/usr/lib64/perl5/vendor_perl/5.30.3/Locale/Po4a/Yaml.pm
Installing /tmp/portage/app-text/po4a-0.59.1/image/usr/lib64/perl5/vendor_perl/5.30.3/Locale/Po4a/Guide.pm
Installing /tmp/portage/app-text/po4a-0.59.1/image/usr/lib64/perl5/vendor_perl/5.30.3/Locale/Po4a/AsciiDoc.pm
Installing /tmp/portage/app-text/po4a-0.59.1/image/usr/lib64/perl5/vendor_perl/5.30.3/Locale/Po4a/LaTeX.pm
Installing /tmp/portage/app-text/po4a-0.59.1/image/usr/lib64/perl5/vendor_perl/5.30.3/Locale/Po4a/Xhtml.pm
Installing /tmp/portage/app-text/po4a-0.59.1/image/usr/lib64/perl5/vendor_perl/5.30.3/Locale/Po4a/Po.pm
Installing /tmp/portage/app-text/po4a-0.59.1/image/usr/lib64/perl5/vendor_perl/5.30.3/Locale/Po4a/Man.pm
Installing /tmp/portage/app-text/po4a-0.59.1/image/usr/lib64/perl5/vendor_perl/5.30.3/Locale/Po4a/Wml.pm
Installing /tmp/portage/app-text/po4a-0.59.1/image/usr/lib64/perl5/vendor_perl/5.30.3/Locale/Po4a/Common.pm
Installing /tmp/portage/app-text/po4a-0.59.1/image/usr/lib64/perl5/vendor_perl/5.30.3/Locale/Po4a/TransTractor.pm
Installing /tmp/portage/app-text/po4a-0.59.1/image/usr/lib64/perl5/vendor_perl/5.30.3/Locale/Po4a/BibTeX.pm
Installing /tmp/portage/app-text/po4a-0.59.1/image/usr/lib64/perl5/vendor_perl/5.30.3/Locale/Po4a/Ini.pm
Installing /tmp/portage/app-text/po4a-0.59.1/image/usr/lib64/perl5/vendor_perl/5.30.3/Locale/Po4a/Sgml.pm
Installing /tmp/portage/app-text/po4a-0.59.1/image/usr/lib64/perl5/vendor_perl/5.30.3/Locale/Po4a/KernelHelp.pm
Installing /tmp/portage/app-text/po4a-0.59.1/image/usr/lib64/perl5/vendor_perl/5.30.3/Locale/Po4a/Pod.pm
Installing /tmp/portage/app-text/po4a-0.59.1/image/usr/lib64/perl5/vendor_perl/5.30.3/Locale/Po4a/TeX.pm
Installing /tmp/portage/app-text/po4a-0.59.1/image/usr/lib64/perl5/vendor_perl/5.30.3/Locale/Po4a/Text.pm
Installing /tmp/portage/app-text/po4a-0.59.1/image/usr/lib64/perl5/vendor_perl/5.30.3/Locale/Po4a/Texinfo.pm
Installing /tmp/portage/app-text/po4a-0.59.1/image/usr/lib64/perl5/vendor_perl/5.30.3/Locale/Po4a/Dia.pm
Installing /tmp/portage/app-text/po4a-0.59.1/image/usr/lib64/perl5/vendor_perl/5.30.3/Locale/Po4a/Docbook.pm
Installing /tmp/portage/app-text/po4a-0.59.1/image/usr/lib64/perl5/vendor_perl/5.30.3/Locale/Po4a/Xml.pm
Installing /tmp/portage/app-text/po4a-0.59.1/image/usr/lib64/perl5/vendor_perl/5.30.3/Locale/Po4a/InProgress/Debconf.pm
Installing /tmp/portage/app-text/po4a-0.59.1/image/usr/lib64/perl5/vendor_perl/5.30.3/Locale/Po4a/InProgress/NewsDebian.pm
Installing /tmp/portage/app-text/po4a-0.59.1/image/usr/share/man/man1/po4a-normalize.1p
Installing /tmp/portage/app-text/po4a-0.59.1/image/usr/share/man/man1/po4a-translate.1p
Installing /tmp/portage/app-text/po4a-0.59.1/image/usr/share/man/man1/po4a-updatepo.1p
Installing /tmp/portage/app-text/po4a-0.59.1/image/usr/share/man/man1/po4a-display-man.1
Installing /tmp/portage/app-text/po4a-0.59.1/image/usr/share/man/man1/po4a-display-pod.1
Installing /tmp/portage/app-text/po4a-0.59.1/image/usr/share/man/man1/po4a.1p
Installing /tmp/portage/app-text/po4a-0.59.1/image/usr/share/man/man1/po4a-gettextize.1p
Installing /tmp/portage/app-text/po4a-0.59.1/image/usr/share/man/man1/msguntypot.1p
Installing /tmp/portage/app-text/po4a-0.59.1/image/usr/share/man/man7/po4a.7
Installing /tmp/portage/app-text/po4a-0.59.1/image/usr/share/man/man3/Locale::Po4a::Wml.3pm
Installing /tmp/portage/app-text/po4a-0.59.1/image/usr/share/man/man3/Locale::Po4a::Guide.3pm
Installing /tmp/portage/app-text/po4a-0.59.1/image/usr/share/man/man3/Locale::Po4a::Chooser.3pm
Installing /tmp/portage/app-text/po4a-0.59.1/image/usr/share/man/man3/Locale::Po4a::Dia.3pm
Installing /tmp/portage/app-text/po4a-0.59.1/image/usr/share/man/man3/Locale::Po4a::AsciiDoc.3pm
Installing /tmp/portage/app-text/po4a-0.59.1/image/usr/share/man/man3/Locale::Po4a::TransTractor.3pm
Installing /tmp/portage/app-text/po4a-0.59.1/image/usr/share/man/man3/Locale::Po4a::RubyDoc.3pm
Installing /tmp/portage/app-text/po4a-0.59.1/image/usr/share/man/man3/Locale::Po4a::Common.3pm
Installing /tmp/portage/app-text/po4a-0.59.1/image/usr/share/man/man3/Locale::Po4a::Texinfo.3pm
Installing /tmp/portage/app-text/po4a-0.59.1/image/usr/share/man/man3/Locale::Po4a::Docbook.3pm
Installing /tmp/portage/app-text/po4a-0.59.1/image/usr/share/man/man3/Locale::Po4a::Pod.3pm
Installing /tmp/portage/app-text/po4a-0.59.1/image/usr/share/man/man3/Locale::Po4a::Xhtml.3pm
Installing /tmp/portage/app-text/po4a-0.59.1/image/usr/share/man/man3/Locale::Po4a::TeX.3pm
Installing /tmp/portage/app-text/po4a-0.59.1/image/usr/share/man/man3/Locale::Po4a::Debconf.3pm
Installing /tmp/portage/app-text/po4a-0.59.1/image/usr/share/man/man3/Locale::Po4a::Halibut.3pm
Installing /tmp/portage/app-text/po4a-0.59.1/image/usr/share/man/man3/Locale::Po4a::Man.3pm
Installing /tmp/portage/app-text/po4a-0.59.1/image/usr/share/man/man3/Locale::Po4a::Yaml.3pm
Installing /tmp/portage/app-text/po4a-0.59.1/image/usr/share/man/man3/Locale::Po4a::Po.3pm
Installing /tmp/portage/app-text/po4a-0.59.1/image/usr/share/man/man3/Locale::Po4a::KernelHelp.3pm
Installing /tmp/portage/app-text/po4a-0.59.1/image/usr/share/man/man3/Locale::Po4a::Sgml.3pm
Installing /tmp/portage/app-text/po4a-0.59.1/image/usr/share/man/man3/Locale::Po4a::Xml.3pm
Installing /tmp/portage/app-text/po4a-0.59.1/image/usr/share/man/man3/Locale::Po4a::NewsDebian.3pm
Installing /tmp/portage/app-text/po4a-0.59.1/image/usr/share/man/man3/Locale::Po4a::Text.3pm
Installing /tmp/portage/app-text/po4a-0.59.1/image/usr/share/man/man3/Locale::Po4a::BibTeX.3pm
Installing /tmp/portage/app-text/po4a-0.59.1/image/usr/share/man/man3/Locale::Po4a::Ini.3pm
Installing /tmp/portage/app-text/po4a-0.59.1/image/usr/share/man/man3/Locale::Po4a::LaTeX.3pm
Installing /tmp/portage/app-text/po4a-0.59.1/image/usr/bin/po4a-updatepo
Installing /tmp/portage/app-text/po4a-0.59.1/image/usr/bin/po4a-translate
Installing /tmp/portage/app-text/po4a-0.59.1/image/usr/bin/msguntypot
Installing /tmp/portage/app-text/po4a-0.59.1/image/usr/bin/po4a-normalize
Installing /tmp/portage/app-text/po4a-0.59.1/image/usr/bin/po4a-display-man
Installing /tmp/portage/app-text/po4a-0.59.1/image/usr/bin/po4a-gettextize
Installing /tmp/portage/app-text/po4a-0.59.1/image/usr/bin/po4a-display-pod
Installing /tmp/portage/app-text/po4a-0.59.1/image/usr/bin/po4a
Writing /tmp/portage/app-text/po4a-0.59.1/image/usr/lib64/perl5/vendor_perl/5.30.3/x86_64-linux-thread-multi/auto/po4a/.packlist
 * Fixing packlist file //usr/lib64/perl5/vendor_perl/5.30.3/x86_64-linux-thread-multi/auto/po4a/.packlist
 * Pruning surplus packlist entry /usr/share/man/man3/Locale::Po4a::AsciiDoc.3pm
 * Pruning surplus packlist entry /usr/share/man/man3/Locale::Po4a::BibTeX.3pm
 * Pruning surplus packlist entry /usr/share/man/man3/Locale::Po4a::Chooser.3pm
 * Pruning surplus packlist entry /usr/share/man/man3/Locale::Po4a::Common.3pm
 * Pruning surplus packlist entry /usr/share/man/man3/Locale::Po4a::Debconf.3pm
 * Pruning surplus packlist entry /usr/share/man/man3/Locale::Po4a::Dia.3pm
 * Pruning surplus packlist entry /usr/share/man/man3/Locale::Po4a::Docbook.3pm
 * Pruning surplus packlist entry /usr/share/man/man3/Locale::Po4a::Guide.3pm
 * Pruning surplus packlist entry /usr/share/man/man3/Locale::Po4a::Halibut.3pm
 * Pruning surplus packlist entry /usr/share/man/man3/Locale::Po4a::Ini.3pm
 * Pruning surplus packlist entry /usr/share/man/man3/Locale::Po4a::KernelHelp.3pm
 * Pruning surplus packlist entry /usr/share/man/man3/Locale::Po4a::LaTeX.3pm
 * Pruning surplus packlist entry /usr/share/man/man3/Locale::Po4a::Man.3pm
 * Pruning surplus packlist entry /usr/share/man/man3/Locale::Po4a::NewsDebian.3pm
 * Pruning surplus packlist entry /usr/share/man/man3/Locale::Po4a::Po.3pm
 * Pruning surplus packlist entry /usr/share/man/man3/Locale::Po4a::Pod.3pm
 * Pruning surplus packlist entry /usr/share/man/man3/Locale::Po4a::RubyDoc.3pm
 * Pruning surplus packlist entry /usr/share/man/man3/Locale::Po4a::Sgml.3pm
 * Pruning surplus packlist entry /usr/share/man/man3/Locale::Po4a::TeX.3pm
 * Pruning surplus packlist entry /usr/share/man/man3/Locale::Po4a::Texinfo.3pm
 * Pruning surplus packlist entry /usr/share/man/man3/Locale::Po4a::Text.3pm
 * Pruning surplus packlist entry /usr/share/man/man3/Locale::Po4a::TransTractor.3pm
 * Pruning surplus packlist entry /usr/share/man/man3/Locale::Po4a::Wml.3pm
 * Pruning surplus packlist entry /usr/share/man/man3/Locale::Po4a::Xhtml.3pm
 * Pruning surplus packlist entry /usr/share/man/man3/Locale::Po4a::Xml.3pm
 * Pruning surplus packlist entry /usr/share/man/man3/Locale::Po4a::Yaml.3pm
>>> Completed installing app-text/po4a-0.59.1 into /tmp/portage/app-text/po4a-0.59.1/image

 * Final size of build directory: 7560 KiB (7.3 MiB)
 * Final size of installed tree:  1104 KiB (1.0 MiB)

Parallel BZIP2 v1.1.13 [Dec 18, 2015]
By: Jeff Gilchrist [http://compression.ca]
Major contributions: Yavor Nikolov [http://javornikolov.wordpress.com]
Uses libbzip2 by Julian Seward

         # CPUs: 6
   Load Average: 5.57
 BWT Block Size: 200 KB
File Block Size: 900 KB
 Maximum Memory: 1024 MB
-------------------------------------------
         File #: 1 of 1
     Input Name: compressme
    Output Name: compressme.bz2

     Input Size: 3895 bytes
Compressing data (no threads)...
Completed: 100%                 Output Size: 918 bytes
-------------------------------------------

     Wall Clock: 0.000914 seconds
Parallel BZIP2 v1.1.13 [Dec 18, 2015]
By: Jeff Gilchrist [http://compression.ca]
Major contributions: Yavor Nikolov [http://javornikolov.wordpress.com]
Uses libbzip2 by Julian Seward

         # CPUs: 6
   Load Average: 5.57
 BWT Block Size: 200 KB
File Block Size: 900 KB
 Maximum Memory: 1024 MB
-------------------------------------------
Parallel BZIP2 v1.1.13 [Dec 18, 2015]
By: Jeff Gilchrist [http://compression.ca]
Major contributions: Yavor Nikolov [http://javornikolov.wordpress.com]
Uses libbzip2 by Julian Seward
         File #: 1 of 1

         # CPUs: 6
   Load Average: 5.57
 BWT Block Size: 200 KB
File Block Size: 900 KB
 Maximum Memory: 1024 MB
-------------------------------------------
     Input Name: /tmp/portage/app-text/po4a-0.59.1/image/usr/share/man/man1/po4a-display-man.1
    Output Name: /tmp/portage/app-text/po4a-0.59.1/image/usr/share/man/man1/po4a-display-man.1.bz2

     Input Size: 2660 bytes
         File #: 1 of 1
     Input Name: /tmp/portage/app-text/po4a-0.59.1/image/usr/share/man/man1/po4a.1p
    Output Name: /tmp/portage/app-text/po4a-0.59.1/image/usr/share/man/man1/po4a.1p.bz2

     Input Size: 30043 bytes
Compressing data (no threads)...
Compressing data (no threads)...
Completed: 100%                 Output Size: 1191 bytes
-------------------------------------------
Completed: 100%                 Output Size: 9318 bytes
-------------------------------------------

     Wall Clock: 0.004048 seconds

     Wall Clock: 0.005698 seconds
Parallel BZIP2 v1.1.13 [Dec 18, 2015]
By: Jeff Gilchrist [http://compression.ca]
Major contributions: Yavor Nikolov [http://javornikolov.wordpress.com]
Uses libbzip2 by Julian Seward

         # CPUs: 6
   Load Average: 5.57
 BWT Block Size: 200 KB
File Block Size: 900 KB
 Maximum Memory: 1024 MB
-------------------------------------------
         File #: 1 of 1
     Input Name: /tmp/portage/app-text/po4a-0.59.1/image/usr/share/man/man1/po4a-display-pod.1
    Output Name: /tmp/portage/app-text/po4a-0.59.1/image/usr/share/man/man1/po4a-display-pod.1.bz2

     Input Size: 2127 bytes
Compressing data (no threads)...
Completed: 100%                 Output Size: 972 bytes
-------------------------------------------

     Wall Clock: 0.001836 seconds
Parallel BZIP2 v1.1.13 [Dec 18, 2015]
By: Jeff Gilchrist [http://compression.ca]
Major contributions: Yavor Nikolov [http://javornikolov.wordpress.com]
Uses libbzip2 by Julian Seward

         # CPUs: 6
   Load Average: 5.57
 BWT Block Size: 200 KB
File Block Size: 900 KB
 Maximum Memory: 1024 MB
-------------------------------------------
         File #: 1 of 1
     Input Name: /tmp/portage/app-text/po4a-0.59.1/image/usr/share/man/man1/po4a-translate.1p
    Output Name: /tmp/portage/app-text/po4a-0.59.1/image/usr/share/man/man1/po4a-translate.1p.bz2

     Input Size: 8954 bytes
Compressing data (no threads)...
Parallel BZIP2 v1.1.13 [Dec 18, 2015]
By: Jeff Gilchrist [http://compression.ca]
Major contributions: Yavor Nikolov [http://javornikolov.wordpress.com]
Uses libbzip2 by Julian Seward

         # CPUs: 6
   Load Average: 5.57
 BWT Block Size: 200 KB
File Block Size: 900 KB
Completed: 100%                 Output Size: 3681 bytes
 Maximum Memory: 1024 MB
-------------------------------------------
-------------------------------------------
         File #: 1 of 1

     Wall Clock: 0.002848 seconds
     Input Name: /tmp/portage/app-text/po4a-0.59.1/image/usr/share/man/man1/po4a-updatepo.1p
    Output Name: /tmp/portage/app-text/po4a-0.59.1/image/usr/share/man/man1/po4a-updatepo.1p.bz2

     Input Size: 8644 bytes
Compressing data (no threads)...
Completed: 100%                 Output Size: 3604 bytes
-------------------------------------------
Parallel BZIP2 v1.1.13 [Dec 18, 2015]
By: Jeff Gilchrist [http://compression.ca]
Major contributions: Yavor Nikolov [http://javornikolov.wordpress.com]
Uses libbzip2 by Julian Seward

         # CPUs: 6
   Load Average: 5.57
 BWT Block Size: 200 KB
File Block Size: 900 KB
 Maximum Memory: 1024 MB
-------------------------------------------

     Wall Clock: 0.004427 seconds
         File #: 1 of 1
     Input Name: /tmp/portage/app-text/po4a-0.59.1/image/usr/share/man/man1/po4a-gettextize.1p
    Output Name: /tmp/portage/app-text/po4a-0.59.1/image/usr/share/man/man1/po4a-gettextize.1p.bz2

     Input Size: 15550 bytes
Compressing data (no threads)...
Parallel BZIP2 v1.1.13 [Dec 18, 2015]
By: Jeff Gilchrist [http://compression.ca]
Major contributions: Yavor Nikolov [http://javornikolov.wordpress.com]
Uses libbzip2 by Julian Seward

         # CPUs: 6
   Load Average: 5.57
 BWT Block Size: 200 KB
File Block Size: 900 KB
 Maximum Memory: 1024 MB
-------------------------------------------
         File #: 1 of 1
     Input Name: /tmp/portage/app-text/po4a-0.59.1/image/usr/share/man/man1/po4a-normalize.1p
    Output Name: /tmp/portage/app-text/po4a-0.59.1/image/usr/share/man/man1/po4a-normalize.1p.bz2

     Input Size: 5204 bytes
Compressing data (no threads)...
Completed: 100%                 Output Size: 2420 bytes
-------------------------------------------
Completed: 100%                 Output Size: 5708 bytes
-------------------------------------------

     Wall Clock: 0.001900 seconds

     Wall Clock: 0.002625 seconds
Parallel BZIP2 v1.1.13 [Dec 18, 2015]
By: Jeff Gilchrist [http://compression.ca]
Major contributions: Yavor Nikolov [http://javornikolov.wordpress.com]
Uses libbzip2 by Julian Seward

         # CPUs: 6
   Load Average: 5.57
 BWT Block Size: 200 KB
File Block Size: 900 KB
 Maximum Memory: 1024 MB
-------------------------------------------
         File #: 1 of 1
     Input Name: /tmp/portage/app-text/po4a-0.59.1/image/usr/share/man/man1/msguntypot.1p
    Output Name: /tmp/portage/app-text/po4a-0.59.1/image/usr/share/man/man1/msguntypot.1p.bz2

     Input Size: 5570 bytes
Compressing data (no threads)...
Completed: 100%                 Output Size: 2554 bytes
-------------------------------------------

     Wall Clock: 0.001404 seconds
Parallel BZIP2 v1.1.13 [Dec 18, 2015]
By: Jeff Gilchrist [http://compression.ca]
Major contributions: Yavor Nikolov [http://javornikolov.wordpress.com]
Uses libbzip2 by Julian Seward

         # CPUs: 6
   Load Average: 5.57
 BWT Block Size: 200 KB
File Block Size: 900 KB
 Maximum Memory: 1024 MB
-------------------------------------------
         File #: 1 of 1
     Input Name: /tmp/portage/app-text/po4a-0.59.1/image/usr/share/man/man7/po4a.7
    Output Name: /tmp/portage/app-text/po4a-0.59.1/image/usr/share/man/man7/po4a.7.bz2

     Input Size: 37453 bytes
Compressing data (no threads)...
Parallel BZIP2 v1.1.13 [Dec 18, 2015]
By: Jeff Gilchrist [http://compression.ca]
Major contributions: Yavor Nikolov [http://javornikolov.wordpress.com]
Uses libbzip2 by Julian Seward

         # CPUs: 6
   Load Average: 5.57
 BWT Block Size: 200 KB
File Block Size: 900 KB
 Maximum Memory: 1024 MB
-------------------------------------------
         File #: 1 of 1
     Input Name: /tmp/portage/app-text/po4a-0.59.1/image/usr/share/doc/po4a-0.59.1/README.md
    Output Name: /tmp/portage/app-text/po4a-0.59.1/image/usr/share/doc/po4a-0.59.1/README.md.bz2

     Input Size: 4327 bytes
Compressing data (no threads)...
Completed: 100%                 Output Size: 2151 bytes
-------------------------------------------

     Wall Clock: 0.001221 seconds
Completed: 100%                 Output Size: 11288 bytes
-------------------------------------------

     Wall Clock: 0.003946 seconds
Parallel BZIP2 v1.1.13 [Dec 18, 2015]
By: Jeff Gilchrist [http://compression.ca]
Major contributions: Yavor Nikolov [http://javornikolov.wordpress.com]
Uses libbzip2 by Julian Seward

         # CPUs: 6
   Load Average: 5.57
 BWT Block Size: 200 KB
File Block Size: 900 KB
 Maximum Memory: 1024 MB
-------------------------------------------
         File #: 1 of 1
     Input Name: /tmp/portage/app-text/po4a-0.59.1/image/usr/share/doc/po4a-0.59.1/README.maintainers
    Output Name: /tmp/portage/app-text/po4a-0.59.1/image/usr/share/doc/po4a-0.59.1/README.maintainers.bz2

     Input Size: 4096 bytes
Compressing data (no threads)...
Completed: 100%                 Output Size: 1559 bytes
-------------------------------------------

     Wall Clock: 0.000836 seconds
Parallel BZIP2 v1.1.13 [Dec 18, 2015]
By: Jeff Gilchrist [http://compression.ca]
Major contributions: Yavor Nikolov [http://javornikolov.wordpress.com]
Uses libbzip2 by Julian Seward

         # CPUs: 6
   Load Average: 5.57
 BWT Block Size: 200 KB
File Block Size: 900 KB
 Maximum Memory: 1024 MB
-------------------------------------------
         File #: 1 of 1
     Input Name: /tmp/portage/app-text/po4a-0.59.1/image/usr/share/doc/po4a-0.59.1/TODO
    Output Name: /tmp/portage/app-text/po4a-0.59.1/image/usr/share/doc/po4a-0.59.1/TODO.bz2

     Input Size: 2038 bytes
Compressing data (no threads)...
Completed: 100%                 Output Size: 1164 bytes
-------------------------------------------

     Wall Clock: 0.000684 seconds
./
./usr/
./usr/bin/
./usr/bin/po4a-updatepo
./usr/bin/po4a-translate
./usr/bin/msguntypot
./usr/bin/po4a-normalize
./usr/bin/po4a-display-man
./usr/bin/po4a-gettextize
./usr/bin/po4a-display-pod
./usr/bin/po4a
./usr/share/
./usr/share/man/
./usr/share/man/man1/
./usr/share/man/man1/po4a-updatepo.1p.bz2
./usr/share/man/man1/po4a-normalize.1p
./usr/share/man/man1/po4a-translate.1p.bz2
./usr/share/man/man1/po4a-gettextize.1p.bz2
./usr/share/man/man1/po4a-translate.1p
./usr/share/man/man1/po4a-updatepo.1p
./usr/share/man/man1/po4a-display-man.1
./usr/share/man/man1/po4a.1p.bz2
./usr/share/man/man1/msguntypot.1p.bz2
./usr/share/man/man1/po4a-display-pod.1
./usr/share/man/man1/po4a-display-man.1.bz2
./usr/share/man/man1/po4a-display-pod.1.bz2
./usr/share/man/man1/po4a.1p
./usr/share/man/man1/po4a-gettextize.1p
./usr/share/man/man1/po4a-normalize.1p.bz2
./usr/share/man/man1/msguntypot.1p
./usr/share/man/man7/
./usr/share/man/man7/po4a.7
./usr/share/man/man7/po4a.7.bz2
./usr/share/doc/
./usr/share/doc/po4a-0.59.1/
./usr/share/doc/po4a-0.59.1/TODO.bz2
./usr/share/doc/po4a-0.59.1/README.md.bz2
./usr/share/doc/po4a-0.59.1/README.maintainers.bz2
./usr/share/doc/po4a-0.59.1/README.md
./usr/share/doc/po4a-0.59.1/README.maintainers
./usr/share/doc/po4a-0.59.1/TODO
./usr/lib64/
./usr/lib64/perl5/
./usr/lib64/perl5/vendor_perl/
./usr/lib64/perl5/vendor_perl/5.30.3/
./usr/lib64/perl5/vendor_perl/5.30.3/x86_64-linux-thread-multi/
./usr/lib64/perl5/vendor_perl/5.30.3/x86_64-linux-thread-multi/auto/
./usr/lib64/perl5/vendor_perl/5.30.3/x86_64-linux-thread-multi/auto/po4a/
./usr/lib64/perl5/vendor_perl/5.30.3/x86_64-linux-thread-multi/auto/po4a/.packlist
./usr/lib64/perl5/vendor_perl/5.30.3/Locale/
./usr/lib64/perl5/vendor_perl/5.30.3/Locale/Po4a/
./usr/lib64/perl5/vendor_perl/5.30.3/Locale/Po4a/Chooser.pm
./usr/lib64/perl5/vendor_perl/5.30.3/Locale/Po4a/RubyDoc.pm
./usr/lib64/perl5/vendor_perl/5.30.3/Locale/Po4a/Halibut.pm
./usr/lib64/perl5/vendor_perl/5.30.3/Locale/Po4a/InProgress/
./usr/lib64/perl5/vendor_perl/5.30.3/Locale/Po4a/InProgress/Debconf.pm
./usr/lib64/perl5/vendor_perl/5.30.3/Locale/Po4a/InProgress/NewsDebian.pm
./usr/lib64/perl5/vendor_perl/5.30.3/Locale/Po4a/Yaml.pm
./usr/lib64/perl5/vendor_perl/5.30.3/Locale/Po4a/Guide.pm
./usr/lib64/perl5/vendor_perl/5.30.3/Locale/Po4a/AsciiDoc.pm
./usr/lib64/perl5/vendor_perl/5.30.3/Locale/Po4a/LaTeX.pm
./usr/lib64/perl5/vendor_perl/5.30.3/Locale/Po4a/Xhtml.pm
./usr/lib64/perl5/vendor_perl/5.30.3/Locale/Po4a/Po.pm
./usr/lib64/perl5/vendor_perl/5.30.3/Locale/Po4a/Man.pm
./usr/lib64/perl5/vendor_perl/5.30.3/Locale/Po4a/Wml.pm
./usr/lib64/perl5/vendor_perl/5.30.3/Locale/Po4a/Common.pm
./usr/lib64/perl5/vendor_perl/5.30.3/Locale/Po4a/TransTractor.pm
./usr/lib64/perl5/vendor_perl/5.30.3/Locale/Po4a/BibTeX.pm
./usr/lib64/perl5/vendor_perl/5.30.3/Locale/Po4a/Ini.pm
./usr/lib64/perl5/vendor_perl/5.30.3/Locale/Po4a/Sgml.pm
./usr/lib64/perl5/vendor_perl/5.30.3/Locale/Po4a/KernelHelp.pm
./usr/lib64/perl5/vendor_perl/5.30.3/Locale/Po4a/Pod.pm
./usr/lib64/perl5/vendor_perl/5.30.3/Locale/Po4a/TeX.pm
./usr/lib64/perl5/vendor_perl/5.30.3/Locale/Po4a/Text.pm
./usr/lib64/perl5/vendor_perl/5.30.3/Locale/Po4a/Texinfo.pm
./usr/lib64/perl5/vendor_perl/5.30.3/Locale/Po4a/Dia.pm
./usr/lib64/perl5/vendor_perl/5.30.3/Locale/Po4a/Docbook.pm
./usr/lib64/perl5/vendor_perl/5.30.3/Locale/Po4a/Xml.pm
>>> Done.
 * checking 53 files for package collisions
>>> Merging app-text/po4a-0.59.1 to /
 * removing unneeded *.la files
--- /usr/
--- /usr/lib64/
--- /usr/lib64/perl5/
--- /usr/lib64/perl5/vendor_perl/
--- /usr/lib64/perl5/vendor_perl/5.30.3/
--- /usr/lib64/perl5/vendor_perl/5.30.3/Locale/
--- /usr/lib64/perl5/vendor_perl/5.30.3/Locale/Po4a/
>>> /usr/lib64/perl5/vendor_perl/5.30.3/Locale/Po4a/Xml.pm
>>> /usr/lib64/perl5/vendor_perl/5.30.3/Locale/Po4a/Docbook.pm
>>> /usr/lib64/perl5/vendor_perl/5.30.3/Locale/Po4a/Dia.pm
>>> /usr/lib64/perl5/vendor_perl/5.30.3/Locale/Po4a/Texinfo.pm
>>> /usr/lib64/perl5/vendor_perl/5.30.3/Locale/Po4a/Text.pm
>>> /usr/lib64/perl5/vendor_perl/5.30.3/Locale/Po4a/TeX.pm
>>> /usr/lib64/perl5/vendor_perl/5.30.3/Locale/Po4a/Pod.pm
>>> /usr/lib64/perl5/vendor_perl/5.30.3/Locale/Po4a/KernelHelp.pm
>>> /usr/lib64/perl5/vendor_perl/5.30.3/Locale/Po4a/Sgml.pm
>>> /usr/lib64/perl5/vendor_perl/5.30.3/Locale/Po4a/Ini.pm
>>> /usr/lib64/perl5/vendor_perl/5.30.3/Locale/Po4a/BibTeX.pm
>>> /usr/lib64/perl5/vendor_perl/5.30.3/Locale/Po4a/TransTractor.pm
>>> /usr/lib64/perl5/vendor_perl/5.30.3/Locale/Po4a/Common.pm
>>> /usr/lib64/perl5/vendor_perl/5.30.3/Locale/Po4a/Wml.pm
>>> /usr/lib64/perl5/vendor_perl/5.30.3/Locale/Po4a/Man.pm
>>> /usr/lib64/perl5/vendor_perl/5.30.3/Locale/Po4a/Po.pm
>>> /usr/lib64/perl5/vendor_perl/5.30.3/Locale/Po4a/Xhtml.pm
>>> /usr/lib64/perl5/vendor_perl/5.30.3/Locale/Po4a/LaTeX.pm
>>> /usr/lib64/perl5/vendor_perl/5.30.3/Locale/Po4a/AsciiDoc.pm
>>> /usr/lib64/perl5/vendor_perl/5.30.3/Locale/Po4a/Guide.pm
>>> /usr/lib64/perl5/vendor_perl/5.30.3/Locale/Po4a/Yaml.pm
--- /usr/lib64/perl5/vendor_perl/5.30.3/Locale/Po4a/InProgress/
>>> /usr/lib64/perl5/vendor_perl/5.30.3/Locale/Po4a/InProgress/NewsDebian.pm
>>> /usr/lib64/perl5/vendor_perl/5.30.3/Locale/Po4a/InProgress/Debconf.pm
>>> /usr/lib64/perl5/vendor_perl/5.30.3/Locale/Po4a/Halibut.pm
>>> /usr/lib64/perl5/vendor_perl/5.30.3/Locale/Po4a/RubyDoc.pm
>>> /usr/lib64/perl5/vendor_perl/5.30.3/Locale/Po4a/Chooser.pm
--- /usr/lib64/perl5/vendor_perl/5.30.3/x86_64-linux-thread-multi/
--- /usr/lib64/perl5/vendor_perl/5.30.3/x86_64-linux-thread-multi/auto/
--- /usr/lib64/perl5/vendor_perl/5.30.3/x86_64-linux-thread-multi/auto/po4a/
>>> /usr/lib64/perl5/vendor_perl/5.30.3/x86_64-linux-thread-multi/auto/po4a/.packlist
--- /usr/share/
--- /usr/share/man/
--- /usr/share/man/man7/
>>> /usr/share/man/man7/po4a.7.bz2
>>> /usr/share/man/man7/po4a.7
--- /usr/share/man/man1/
>>> /usr/share/man/man1/msguntypot.1p
>>> /usr/share/man/man1/po4a-normalize.1p.bz2
>>> /usr/share/man/man1/po4a-gettextize.1p
>>> /usr/share/man/man1/po4a.1p
>>> /usr/share/man/man1/po4a-display-pod.1.bz2
>>> /usr/share/man/man1/po4a-display-man.1.bz2
>>> /usr/share/man/man1/po4a-display-pod.1
>>> /usr/share/man/man1/msguntypot.1p.bz2
>>> /usr/share/man/man1/po4a.1p.bz2
>>> /usr/share/man/man1/po4a-display-man.1
>>> /usr/share/man/man1/po4a-updatepo.1p
>>> /usr/share/man/man1/po4a-translate.1p
>>> /usr/share/man/man1/po4a-gettextize.1p.bz2
>>> /usr/share/man/man1/po4a-translate.1p.bz2
>>> /usr/share/man/man1/po4a-normalize.1p
>>> /usr/share/man/man1/po4a-updatepo.1p.bz2
--- /usr/bin/
>>> /usr/bin/po4a
>>> /usr/bin/po4a-display-pod
>>> /usr/bin/po4a-gettextize
>>> /usr/bin/po4a-display-man
>>> /usr/bin/po4a-normalize
>>> /usr/bin/msguntypot
>>> /usr/bin/po4a-translate
>>> /usr/bin/po4a-updatepo
>>> Safely unmerging already-installed instance...
>>> Original instance of package unmerged safely.
>>> app-text/po4a-0.59.1 merged.
