>>> Extracting info
 * Package:    app-crypt/gcr-3.34.0-r1
 * Repository: gentoo
 * USE:        gtk abi_x86_64 userland_GNU elibc_glibc introspection vala amd64 kernel_linux
 * FEATURES:   ccache network-sandbox preserve-libs sandbox userpriv usersandbox
 * /etc/portage/package.cflags/ltoworkarounds.conf -> app-crypt/gcr: *FLAGS-=-flto* # Test failure
 * FEATURES='fixlafiles sfperms config-protect-if-modified nodoc parallel-fetch usersync news pid-sandbox unmerge-backup multilib-strict userpriv xattr assume-digests usersandbox downgrade-backup sandbox parallel-install buildpkg unmerge-orphans compress-index binpkg-dostrip distlocks qa-unresolved-soname-deps ipc-sandbox binpkg-multi-instance preserve-libs network-sandbox binpkg-docompress unmerge-logs ccache merge-sync strict unknown-features-warn userfetch binpkg-logs'
 * CFLAGS='-march=native -O3 -fgraphite-identity -floop-nest-optimize -fdevirtualize-at-ltrans -fipa-pta -fno-semantic-interposition -fno-plt -fno-math-errno -fno-trapping-math -fuse-linker-plugin -pipe -g0 -falign-functions=32 -Wl,-O1 -Wl,--as-needed -Wl,--hash-style=gnu,-z,norelro,--as-needed'
 * CXXFLAGS='-march=native -O3 -fgraphite-identity -floop-nest-optimize -fdevirtualize-at-ltrans -fipa-pta -fno-semantic-interposition -fno-plt -fno-math-errno -fno-trapping-math -fuse-linker-plugin -pipe -g0 -falign-functions=32 -Wl,-O1 -Wl,--as-needed -Wl,--hash-style=gnu,-z,norelro,--as-needed'
 * FFLAGS='-march=native -O3 -fgraphite-identity -floop-nest-optimize -fdevirtualize-at-ltrans -fipa-pta -fno-semantic-interposition -fno-plt -fno-math-errno -fno-trapping-math -fuse-linker-plugin -pipe -g0 -falign-functions=32 -Wl,-O1 -Wl,--as-needed -Wl,--hash-style=gnu,-z,norelro,--as-needed'
 * FCFLAGS='-march=native -O3 -fgraphite-identity -floop-nest-optimize -fdevirtualize-at-ltrans -fipa-pta -fno-semantic-interposition -fno-plt -fno-math-errno -fno-trapping-math -fuse-linker-plugin -pipe -g0 -falign-functions=32 -Wl,-O1 -Wl,--as-needed -Wl,--hash-style=gnu,-z,norelro,--as-needed'
 * F77FLAGS='-march=native -O3 -fgraphite-identity -floop-nest-optimize -fdevirtualize-at-ltrans -fipa-pta -fno-semantic-interposition -fno-plt -fno-math-errno -fno-trapping-math -fuse-linker-plugin -pipe -g0 -falign-functions=32 -Wl,-O1 -Wl,--as-needed -Wl,--hash-style=gnu,-z,norelro,--as-needed'
 * LDFLAGS='-Wl,-O1 -Wl,--as-needed -Wl,--hash-style=gnu,-z,norelro,--as-needed'
 * MAKEOPTS='-j12 -l12'
 * gcc () 11.0.0 20200526 (experimental)
 * g++ () 11.0.0 20200526 (experimental)
 * GNU ld (Gentoo 2.34 p4) 2.34.0
 * Linux ryzen.gnum.org 5.4.36 #1 SMP Thu Apr 30 04:38:28 UTC 2020 x86_64 AMD Ryzen 5 3600 6-Core Processor AuthenticAMD GNU/Linux
app-crypt/gcr: 26 seconds average for 5 merges
2020-05-19T23:51:35 >>> app-crypt/gcr: 4 seconds
2020-05-20T01:26:35 >>> app-crypt/gcr: 33 seconds
2020-05-26T04:52:35 >>> app-crypt/gcr: 41 seconds
2020-05-27T02:20:30 >>> app-crypt/gcr: 11 seconds
2020-05-28T04:37:44 >>> app-crypt/gcr: 45 seconds
]0;emerge 03:21:07 48|165 gcr 00:32 (root@ryzen.gnum.org)kemerge 03:21:07 48|165 gcr 00:32 (root@ryzen.gnum.org)\>>> Extracting app-crypt/gcr-3.34.0-r1
 * checking 213 files for package collisions
[32;01m * [39;49;00mBuilding package for app-crypt/gcr-3.34.0-r1 ...                      [34;01m[ [39;49;00m[32;01mok[39;49;00m[34;01m ][39;49;00m
[32;01m * [39;49;00mPackages now in '/usr/portage/packages':
[32;01m * [39;49;00mapp-crypt/gcr-3.34.0-r1: 889K

>>> Merging app-crypt/gcr-3.34.0-r1 to /
 * removing unneeded *.la files
--- /usr/
--- /usr/lib64/
--- /usr/lib64/pkgconfig/
>>> /usr/lib64/pkgconfig/gcr-base-3.pc
>>> /usr/lib64/pkgconfig/gcr-ui-3.pc
>>> /usr/lib64/pkgconfig/gck-1.pc
>>> /usr/lib64/pkgconfig/gcr-3.pc
>>> /usr/lib64/libgcr-base-3.so.1.0.0
>>> /usr/lib64/libgcr-ui-3.so -> libgcr-ui-3.so.1.0.0
>>> /usr/lib64/libgcr-ui-3.so.1 -> libgcr-ui-3.so.1.0.0
>>> /usr/lib64/libgcr-base-3.so.1 -> libgcr-base-3.so.1.0.0
>>> /usr/lib64/libgcr-base-3.so -> libgcr-base-3.so.1.0.0
--- /usr/lib64/girepository-1.0/
>>> /usr/lib64/girepository-1.0/Gck-1.typelib
>>> /usr/lib64/girepository-1.0/Gcr-3.typelib
>>> /usr/lib64/girepository-1.0/GcrUi-3.typelib
>>> /usr/lib64/libgck-1.so.0 -> libgck-1.so.0.0.0
>>> /usr/lib64/libgck-1.so -> libgck-1.so.0.0.0
>>> /usr/lib64/libgcr-3.so.1.0.0 -> libgcr-ui-3.so.1.0.0
>>> /usr/lib64/libgck-1.so.0.0.0
>>> /usr/lib64/libgcr-3.so.1 -> libgcr-ui-3.so.1.0.0
>>> /usr/lib64/libgcr-3.so -> libgcr-ui-3.so.1.0.0
>>> /usr/lib64/libgcr-ui-3.so.1.0.0
--- /usr/share/
--- /usr/share/glib-2.0/
--- /usr/share/glib-2.0/schemas/
>>> /usr/share/glib-2.0/schemas/org.gnome.crypto.pgp.gschema.xml
--- /usr/share/applications/
>>> /usr/share/applications/gcr-prompter.desktop
>>> /usr/share/applications/gcr-viewer.desktop
--- /usr/share/dbus-1/
--- /usr/share/dbus-1/services/
>>> /usr/share/dbus-1/services/org.gnome.keyring.SystemPrompter.service
>>> /usr/share/dbus-1/services/org.gnome.keyring.PrivatePrompter.service
--- /usr/share/GConf/
--- /usr/share/GConf/gsettings/
>>> /usr/share/GConf/gsettings/org.gnome.crypto.pgp.convert
>>> /usr/share/GConf/gsettings/org.gnome.crypto.pgp_keyservers.convert
--- /usr/share/gir-1.0/
>>> /usr/share/gir-1.0/Gcr-3.gir
>>> /usr/share/gir-1.0/GcrUi-3.gir
>>> /usr/share/gir-1.0/Gck-1.gir
--- /usr/share/mime/
--- /usr/share/mime/packages/
>>> /usr/share/mime/packages/gcr-crypto-types.xml
--- /usr/share/gtk-doc/
--- /usr/share/gtk-doc/html/
--- /usr/share/gtk-doc/html/gck/
>>> /usr/share/gtk-doc/html/gck/right.png
>>> /usr/share/gtk-doc/html/gck/gck-PKCS11-URIs.html
>>> /usr/share/gtk-doc/html/gck/pkcs11-links.html
>>> /usr/share/gtk-doc/html/gck/GckObjectCache.html
>>> /usr/share/gtk-doc/html/gck/index.html
>>> /usr/share/gtk-doc/html/gck/up-insensitive.png
>>> /usr/share/gtk-doc/html/gck/GckObject.html
>>> /usr/share/gtk-doc/html/gck/gck.devhelp2
>>> /usr/share/gtk-doc/html/gck/gck-GckModule-lists.html
>>> /usr/share/gtk-doc/html/gck/gck-Errors.html
>>> /usr/share/gtk-doc/html/gck/right-insensitive.png
>>> /usr/share/gtk-doc/html/gck/GckAttributes.html
>>> /usr/share/gtk-doc/html/gck/GckModule.html
>>> /usr/share/gtk-doc/html/gck/GckSession.html
>>> /usr/share/gtk-doc/html/gck/GckEnumerator.html
>>> /usr/share/gtk-doc/html/gck/GckSlot.html
>>> /usr/share/gtk-doc/html/gck/left-insensitive.png
>>> /usr/share/gtk-doc/html/gck/left.png
>>> /usr/share/gtk-doc/html/gck/style.css
>>> /usr/share/gtk-doc/html/gck/up.png
>>> /usr/share/gtk-doc/html/gck/gck-Miscellaneous-Functions.html
>>> /usr/share/gtk-doc/html/gck/gck-GckAttribute.html
>>> /usr/share/gtk-doc/html/gck/home.png
>>> /usr/share/gtk-doc/html/gck/annotation-glossary.html
>>> /usr/share/gtk-doc/html/gck/gck-Library-Utilities.html
>>> /usr/share/gtk-doc/html/gck/reference.html
--- /usr/share/gtk-doc/html/gcr-3/
>>> /usr/share/gtk-doc/html/gcr-3/GcrComparable.html
>>> /usr/share/gtk-doc/html/gcr-3/right.png
>>> /usr/share/gtk-doc/html/gcr-3/ch01.html
>>> /usr/share/gtk-doc/html/gcr-3/certificate-widget.png
>>> /usr/share/gtk-doc/html/gcr-3/GcrCertificateWidget.html
>>> /usr/share/gtk-doc/html/gcr-3/GcrSimpleCollection.html
>>> /usr/share/gtk-doc/html/gcr-3/misc.html
>>> /usr/share/gtk-doc/html/gcr-3/index.html
>>> /usr/share/gtk-doc/html/gcr-3/up-insensitive.png
>>> /usr/share/gtk-doc/html/gcr-3/GcrSecretExchange.html
>>> /usr/share/gtk-doc/html/gcr-3/gcr-Library-Utilities.html
>>> /usr/share/gtk-doc/html/gcr-3/GcrSystemPrompter.html
>>> /usr/share/gtk-doc/html/gcr-3/prompts.html
>>> /usr/share/gtk-doc/html/gcr-3/GcrImporter.html
>>> /usr/share/gtk-doc/html/gcr-3/GcrPromptDialog.html
>>> /usr/share/gtk-doc/html/gcr-3/widgets.html
>>> /usr/share/gtk-doc/html/gcr-3/GcrSystemPrompt.html
>>> /usr/share/gtk-doc/html/gcr-3/gcr-Library-PKCS#11.html
>>> /usr/share/gtk-doc/html/gcr-3/viewer-widget.png
>>> /usr/share/gtk-doc/html/gcr-3/gcr-3.devhelp2
>>> /usr/share/gtk-doc/html/gcr-3/GcrParser.html
>>> /usr/share/gtk-doc/html/gcr-3/gcr-GcrCertificateRequest.html
>>> /usr/share/gtk-doc/html/gcr-3/gcr-Key-Fingerprints.html
>>> /usr/share/gtk-doc/html/gcr-3/right-insensitive.png
>>> /usr/share/gtk-doc/html/gcr-3/GcrComboSelector.html
>>> /usr/share/gtk-doc/html/gcr-3/GcrViewer.html
>>> /usr/share/gtk-doc/html/gcr-3/GcrRenderer.html
>>> /usr/share/gtk-doc/html/gcr-3/GcrPkcs11Certificate.html
>>> /usr/share/gtk-doc/html/gcr-3/gcr-GcrSshAskpass.html
>>> /usr/share/gtk-doc/html/gcr-3/GcrCollection.html
>>> /usr/share/gtk-doc/html/gcr-3/GcrImportButton.html
>>> /usr/share/gtk-doc/html/gcr-3/left-insensitive.png
>>> /usr/share/gtk-doc/html/gcr-3/certificates.html
>>> /usr/share/gtk-doc/html/gcr-3/left.png
>>> /usr/share/gtk-doc/html/gcr-3/gcr-Trust-Storage-and-Lookups.html
>>> /usr/share/gtk-doc/html/gcr-3/GcrListSelector.html
>>> /usr/share/gtk-doc/html/gcr-3/style.css
>>> /usr/share/gtk-doc/html/gcr-3/tree-selector.png
>>> /usr/share/gtk-doc/html/gcr-3/GcrCertificate.html
>>> /usr/share/gtk-doc/html/gcr-3/up.png
>>> /usr/share/gtk-doc/html/gcr-3/gcr-Non-pageable-Memory.html
>>> /usr/share/gtk-doc/html/gcr-3/GcrSimpleCertificate.html
>>> /usr/share/gtk-doc/html/gcr-3/gcr-GcrImportInteraction.html
>>> /usr/share/gtk-doc/html/gcr-3/storage.html
>>> /usr/share/gtk-doc/html/gcr-3/gcr-GcrColumn.html
>>> /usr/share/gtk-doc/html/gcr-3/key-widget.png
>>> /usr/share/gtk-doc/html/gcr-3/GcrPrompt.html
>>> /usr/share/gtk-doc/html/gcr-3/collections.html
>>> /usr/share/gtk-doc/html/gcr-3/GcrTreeSelector.html
>>> /usr/share/gtk-doc/html/gcr-3/home.png
>>> /usr/share/gtk-doc/html/gcr-3/GcrSecureEntryBuffer.html
>>> /usr/share/gtk-doc/html/gcr-3/GcrKeyWidget.html
>>> /usr/share/gtk-doc/html/gcr-3/annotation-glossary.html
>>> /usr/share/gtk-doc/html/gcr-3/list-selector.png
>>> /usr/share/gtk-doc/html/gcr-3/GcrViewerWidget.html
>>> /usr/share/gtk-doc/html/gcr-3/import-button.png
>>> /usr/share/gtk-doc/html/gcr-3/GcrCollectionModel.html
>>> /usr/share/gtk-doc/html/gcr-3/combo-selector.png
>>> /usr/share/gtk-doc/html/gcr-3/GcrCertificateChain.html
--- /usr/share/vala/
--- /usr/share/vala/vapi/
>>> /usr/share/vala/vapi/gcr-3.deps
>>> /usr/share/vala/vapi/gcr-3.vapi
>>> /usr/share/vala/vapi/gck-1.vapi
>>> /usr/share/vala/vapi/pkcs11.vapi
>>> /usr/share/vala/vapi/gcr-ui-3.vapi
>>> /usr/share/vala/vapi/gcr-ui-3.deps
>>> /usr/share/vala/vapi/gck-1.deps
--- /usr/share/icons/
--- /usr/share/icons/hicolor/
--- /usr/share/icons/hicolor/48x48/
--- /usr/share/icons/hicolor/48x48/apps/
>>> /usr/share/icons/hicolor/48x48/apps/gcr-smart-card.png
>>> /usr/share/icons/hicolor/48x48/apps/gcr-key.png
>>> /usr/share/icons/hicolor/48x48/apps/gcr-gnupg.png
>>> /usr/share/icons/hicolor/48x48/apps/gcr-password.png
>>> /usr/share/icons/hicolor/48x48/apps/gcr-key-pair.png
--- /usr/share/icons/hicolor/22x22/
--- /usr/share/icons/hicolor/22x22/apps/
>>> /usr/share/icons/hicolor/22x22/apps/gcr-smart-card.png
>>> /usr/share/icons/hicolor/22x22/apps/gcr-key.png
>>> /usr/share/icons/hicolor/22x22/apps/gcr-gnupg.png
>>> /usr/share/icons/hicolor/22x22/apps/gcr-password.png
>>> /usr/share/icons/hicolor/22x22/apps/gcr-key-pair.png
--- /usr/share/icons/hicolor/32x32/
--- /usr/share/icons/hicolor/32x32/apps/
>>> /usr/share/icons/hicolor/32x32/apps/gcr-smart-card.png
>>> /usr/share/icons/hicolor/32x32/apps/gcr-key.png
>>> /usr/share/icons/hicolor/32x32/apps/gcr-gnupg.png
>>> /usr/share/icons/hicolor/32x32/apps/gcr-password.png
>>> /usr/share/icons/hicolor/32x32/apps/gcr-key-pair.png
--- /usr/share/icons/hicolor/24x24/
--- /usr/share/icons/hicolor/24x24/apps/
>>> /usr/share/icons/hicolor/24x24/apps/gcr-smart-card.png
>>> /usr/share/icons/hicolor/24x24/apps/gcr-key.png
>>> /usr/share/icons/hicolor/24x24/apps/gcr-gnupg.png
>>> /usr/share/icons/hicolor/24x24/apps/gcr-password.png
>>> /usr/share/icons/hicolor/24x24/apps/gcr-key-pair.png
--- /usr/share/icons/hicolor/256x256/
--- /usr/share/icons/hicolor/256x256/apps/
>>> /usr/share/icons/hicolor/256x256/apps/gcr-smart-card.png
>>> /usr/share/icons/hicolor/256x256/apps/gcr-gnupg.png
>>> /usr/share/icons/hicolor/256x256/apps/gcr-password.png
--- /usr/share/icons/hicolor/16x16/
--- /usr/share/icons/hicolor/16x16/apps/
>>> /usr/share/icons/hicolor/16x16/apps/gcr-smart-card.png
>>> /usr/share/icons/hicolor/16x16/apps/gcr-key.png
>>> /usr/share/icons/hicolor/16x16/apps/gcr-gnupg.png
>>> /usr/share/icons/hicolor/16x16/apps/gcr-password.png
>>> /usr/share/icons/hicolor/16x16/apps/gcr-key-pair.png
--- /usr/include/
--- /usr/include/gck-1/
--- /usr/include/gck-1/gck/
>>> /usr/include/gck-1/gck/gck-deprecated.h
>>> /usr/include/gck-1/gck/pkcs11n.h
>>> /usr/include/gck-1/gck/gck.h
>>> /usr/include/gck-1/gck/pkcs11.h
>>> /usr/include/gck-1/gck/pkcs11x.h
>>> /usr/include/gck-1/gck/gck-version.h
>>> /usr/include/gck-1/gck/gck-enum-types.h
--- /usr/include/gcr-3/
--- /usr/include/gcr-3/ui/
>>> /usr/include/gcr-3/ui/gcr-prompt-dialog.h
>>> /usr/include/gcr-3/ui/gcr-certificate-details-widget.h
>>> /usr/include/gcr-3/ui/gcr-list-selector.h
>>> /usr/include/gcr-3/ui/gcr-unlock-options-widget.h
>>> /usr/include/gcr-3/ui/gcr-combo-selector.h
>>> /usr/include/gcr-3/ui/gcr-secure-entry-buffer.h
>>> /usr/include/gcr-3/ui/gcr-certificate-widget.h
>>> /usr/include/gcr-3/ui/gcr-import-button.h
>>> /usr/include/gcr-3/ui/gcr-tree-selector.h
>>> /usr/include/gcr-3/ui/gcr-viewer-widget.h
>>> /usr/include/gcr-3/ui/gcr-failure-renderer.h
>>> /usr/include/gcr-3/ui/gcr-viewer.h
>>> /usr/include/gcr-3/ui/gcr-ui.h
>>> /usr/include/gcr-3/ui/gcr-enum-types.h
>>> /usr/include/gcr-3/ui/gcr-key-renderer.h
>>> /usr/include/gcr-3/ui/gcr-collection-model.h
>>> /usr/include/gcr-3/ui/gcr-certificate-renderer.h
>>> /usr/include/gcr-3/ui/gcr-deprecated.h
>>> /usr/include/gcr-3/ui/gcr-renderer.h
>>> /usr/include/gcr-3/ui/gcr-certificate-basics-widget.h
>>> /usr/include/gcr-3/ui/gcr-key-widget.h
--- /usr/include/gcr-3/gcr/
>>> /usr/include/gcr-3/gcr/gcr-union-collection.h
>>> /usr/include/gcr-3/gcr/gcr-deprecated-base.h
>>> /usr/include/gcr-3/gcr/gcr-enum-types-base.h
>>> /usr/include/gcr-3/gcr/gcr-base.h
>>> /usr/include/gcr-3/gcr/gcr-simple-collection.h
>>> /usr/include/gcr-3/gcr/gcr-mock-prompter.h
>>> /usr/include/gcr-3/gcr/gcr-certificate-request.h
>>> /usr/include/gcr-3/gcr/gcr-ssh-askpass.h
>>> /usr/include/gcr-3/gcr/gcr-filter-collection.h
>>> /usr/include/gcr-3/gcr/gcr-importer.h
>>> /usr/include/gcr-3/gcr/gcr-fingerprint.h
>>> /usr/include/gcr-3/gcr/gcr-system-prompt.h
>>> /usr/include/gcr-3/gcr/gcr-certificate.h
>>> /usr/include/gcr-3/gcr/gcr-simple-certificate.h
>>> /usr/include/gcr-3/gcr/gcr-icons.h
>>> /usr/include/gcr-3/gcr/gcr-types.h
>>> /usr/include/gcr-3/gcr/gcr-pkcs11-certificate.h
>>> /usr/include/gcr-3/gcr/gcr-certificate-chain.h
>>> /usr/include/gcr-3/gcr/gcr-comparable.h
>>> /usr/include/gcr-3/gcr/gcr-collection.h
>>> /usr/include/gcr-3/gcr/gcr-parser.h
>>> /usr/include/gcr-3/gcr/gcr-column.h
>>> /usr/include/gcr-3/gcr/gcr.h
>>> /usr/include/gcr-3/gcr/gcr-system-prompter.h
>>> /usr/include/gcr-3/gcr/gcr-library.h
>>> /usr/include/gcr-3/gcr/gcr-secret-exchange.h
>>> /usr/include/gcr-3/gcr/gcr-unlock-options.h
>>> /usr/include/gcr-3/gcr/gcr-trust.h
>>> /usr/include/gcr-3/gcr/gcr-version.h
>>> /usr/include/gcr-3/gcr/gcr-prompt.h
>>> /usr/include/gcr-3/gcr/gcr-import-interaction.h
>>> /usr/include/gcr-3/gcr/gcr-secure-memory.h
--- /usr/bin/
>>> /usr/bin/gcr-viewer
--- /usr/libexec/
>>> /usr/libexec/gcr-ssh-askpass
>>> /usr/libexec/gcr-prompter
>>> Safely unmerging already-installed instance...
>>> Original instance of package unmerged safely.
 * Updating .desktop files database ...
 [ ok ]
 * Updating icons cache ...
 [ ok ]
 * Updating shared mime info database ...
 [ ok ]
 * Updating GSettings schemas ...
 [ ok ]
>>> app-crypt/gcr-3.34.0-r1 merged.
>>> Regenerating /etc/ld.so.cache...
