 * Package:    app-text/docbook-xml-dtd-4.1.2-r7
 * Repository: gentoo
 * Maintainer: mgorny@gentoo.org
 * USE:        abi_x86_64 amd64 elibc_glibc kernel_linux userland_GNU
 * FEATURES:   network-sandbox preserve-libs sandbox userpriv usersandbox
 * FEATURES='assume-digests binpkg-docompress binpkg-dostrip binpkg-logs buildpkg cgroup compress-index config-protect-if-modified distlocks ebuild-locks fixlafiles ipc-sandbox merge-sync multilib-strict network-sandbox news nodoc parallel-fetch pid-sandbox preserve-libs qa-unresolved-soname-deps sandbox sfperms strict strict-keepdir unknown-features-warn unmerge-logs unmerge-orphans userfetch userpriv usersandbox usersync xattr'
 * CFLAGS='-march=znver2 -Ofast -pipe -g0 -fno-common -fgraphite-identity -floop-interchange -floop-nest-optimize -floop-parallelize-all -ftree-parallelize-loops=12 -ftree-vectorize -fdevirtualize-at-ltrans -fipa-pta -fno-semantic-interposition -flto=12 -fno-plt -falign-functions=32 -fno-stack-protector -fno-stack-clash-protection -fstack-check=no -fno-stack-check -fuse-linker-plugin -Wl,-O1,--sort-common,--as-needed,-z,norelro,-z,now,-lgomp,-lpthread'
 * CXXFLAGS='-march=znver2 -Ofast -pipe -g0 -fno-common -fgraphite-identity -floop-interchange -floop-nest-optimize -floop-parallelize-all -ftree-parallelize-loops=12 -ftree-vectorize -fdevirtualize-at-ltrans -fipa-pta -fno-semantic-interposition -flto=12 -fno-plt -falign-functions=32 -fno-stack-protector -fno-stack-clash-protection -fstack-check=no -fno-stack-check -fuse-linker-plugin -Wl,-O1,--sort-common,--as-needed,-z,norelro,-z,now,-lgomp,-lpthread'
 * FFLAGS='-march=znver2 -Ofast -pipe -g0 -fno-common -fgraphite-identity -floop-interchange -floop-nest-optimize -floop-parallelize-all -ftree-parallelize-loops=12 -ftree-vectorize -fdevirtualize-at-ltrans -fipa-pta -fno-semantic-interposition -flto=12 -fno-plt -falign-functions=32 -fno-stack-protector -fno-stack-clash-protection -fstack-check=no -fno-stack-check -fuse-linker-plugin -Wl,-O1,--sort-common,--as-needed,-z,norelro,-z,now,-lgomp,-lpthread'
 * FCFLAGS='-march=znver2 -Ofast -pipe -g0 -fno-common -fgraphite-identity -floop-interchange -floop-nest-optimize -floop-parallelize-all -ftree-parallelize-loops=12 -ftree-vectorize -fdevirtualize-at-ltrans -fipa-pta -fno-semantic-interposition -flto=12 -fno-plt -falign-functions=32 -fno-stack-protector -fno-stack-clash-protection -fstack-check=no -fno-stack-check -fuse-linker-plugin -Wl,-O1,--sort-common,--as-needed,-z,norelro,-z,now,-lgomp,-lpthread'
 * F77FLAGS='-march=znver2 -Ofast -pipe -g0 -fno-common -fgraphite-identity -floop-interchange -floop-nest-optimize -floop-parallelize-all -ftree-parallelize-loops=12 -ftree-vectorize -fdevirtualize-at-ltrans -fipa-pta -fno-semantic-interposition -flto=12 -fno-plt -falign-functions=32 -fno-stack-protector -fno-stack-clash-protection -fstack-check=no -fno-stack-check -fuse-linker-plugin -Wl,-O1,--sort-common,--as-needed,-z,norelro,-z,now,-lgomp,-lpthread'
 * LDFLAGS='-Wl,-O1,--sort-common,--as-needed,-z,norelro,-z,now,-lgomp,-lpthread -march=znver2 -Ofast -pipe -g0 -fno-common -fgraphite-identity -floop-interchange -floop-nest-optimize -floop-parallelize-all -ftree-parallelize-loops=12 -ftree-vectorize -fdevirtualize-at-ltrans -fipa-pta -fno-semantic-interposition -flto=12 -fno-plt -falign-functions=32 -fno-stack-protector -fno-stack-clash-protection -fstack-check=no -fno-stack-check -fuse-linker-plugin'
 * MAKEOPTS='-j12 -l12'
 * gcc () 11.0.0 20200616 (experimental)
 * g++ () 11.0.0 20200616 (experimental)
 * GNU ld (Gentoo 2.34 p4) 2.34.0
 * Linux rescue 5.4.36 #1 SMP Thu Apr 30 04:38:28 UTC 2020 x86_64 AMD Ryzen 5 3600 6-Core Processor AuthenticAMD GNU/Linux
app-text/docbook-xml-dtd: 8 seconds average for 54 merges
2020-05-15T04:16:49 >>> app-text/docbook-xml-dtd: 6 seconds
2020-05-20T01:26:06 >>> app-text/docbook-xml-dtd: 6 seconds
2020-05-20T01:27:15 >>> app-text/docbook-xml-dtd: 6 seconds
2020-05-20T01:35:22 >>> app-text/docbook-xml-dtd: 6 seconds
2020-05-20T01:35:28 >>> app-text/docbook-xml-dtd: 7 seconds
2020-05-20T01:35:35 >>> app-text/docbook-xml-dtd: 6 seconds
2020-05-23T16:30:56 >>> app-text/docbook-xml-dtd: 16 seconds
2020-05-25T22:27:41 >>> app-text/docbook-xml-dtd: 10 seconds
2020-05-25T22:27:51 >>> app-text/docbook-xml-dtd: 10 seconds
2020-05-25T22:28:01 >>> app-text/docbook-xml-dtd: 10 seconds
2020-05-25T22:28:11 >>> app-text/docbook-xml-dtd: 11 seconds
2020-05-25T22:28:22 >>> app-text/docbook-xml-dtd: 10 seconds
2020-05-27T02:18:10 >>> app-text/docbook-xml-dtd: 6 seconds
2020-05-27T02:18:16 >>> app-text/docbook-xml-dtd: 6 seconds
2020-05-27T02:18:22 >>> app-text/docbook-xml-dtd: 7 seconds
2020-05-27T02:18:29 >>> app-text/docbook-xml-dtd: 6 seconds
2020-05-27T02:18:35 >>> app-text/docbook-xml-dtd: 6 seconds
2020-05-29T02:01:24 >>> app-text/docbook-xml-dtd: 7 seconds
2020-05-29T02:01:38 >>> app-text/docbook-xml-dtd: 7 seconds
2020-05-30T12:47:18 >>> app-text/docbook-xml-dtd: 11 seconds
2020-05-30T12:47:51 >>> app-text/docbook-xml-dtd: 12 seconds
2020-05-30T12:53:23 >>> app-text/docbook-xml-dtd: 11 seconds
2020-05-30T12:54:13 >>> app-text/docbook-xml-dtd: 22 seconds
2020-05-30T12:57:22 >>> app-text/docbook-xml-dtd: 17 seconds
2020-06-01T03:35:13 >>> app-text/docbook-xml-dtd: 12 seconds
2020-06-01T03:38:02 >>> app-text/docbook-xml-dtd: 12 seconds
2020-06-01T03:38:56 >>> app-text/docbook-xml-dtd: 12 seconds
2020-06-01T03:40:18 >>> app-text/docbook-xml-dtd: 12 seconds
2020-06-01T03:46:46 >>> app-text/docbook-xml-dtd: 12 seconds
2020-06-12T02:16:17 >>> app-text/docbook-xml-dtd: 5 seconds
2020-06-12T02:16:22 >>> app-text/docbook-xml-dtd: 6 seconds
2020-06-12T02:16:28 >>> app-text/docbook-xml-dtd: 5 seconds
2020-06-12T02:16:33 >>> app-text/docbook-xml-dtd: 6 seconds
2020-06-12T02:16:39 >>> app-text/docbook-xml-dtd: 6 seconds
2020-06-13T20:48:43 >>> app-text/docbook-xml-dtd: 5 seconds
2020-06-13T20:48:53 >>> app-text/docbook-xml-dtd: 5 seconds
2020-06-13T20:48:58 >>> app-text/docbook-xml-dtd: 10 seconds
2020-06-13T20:49:08 >>> app-text/docbook-xml-dtd: 6 seconds
2020-06-13T20:49:14 >>> app-text/docbook-xml-dtd: 6 seconds
2020-06-15T14:23:25 >>> app-text/docbook-xml-dtd: 5 seconds
2020-06-15T14:23:30 >>> app-text/docbook-xml-dtd: 6 seconds
2020-06-15T14:23:36 >>> app-text/docbook-xml-dtd: 5 seconds
2020-06-15T14:23:41 >>> app-text/docbook-xml-dtd: 5 seconds
2020-06-15T14:23:46 >>> app-text/docbook-xml-dtd: 6 seconds
2020-06-16T15:38:52 >>> app-text/docbook-xml-dtd: 9 seconds
2020-06-16T15:39:56 >>> app-text/docbook-xml-dtd: 9 seconds
2020-06-16T15:41:29 >>> app-text/docbook-xml-dtd: 9 seconds
2020-06-16T15:41:38 >>> app-text/docbook-xml-dtd: 9 seconds
2020-06-16T15:41:47 >>> app-text/docbook-xml-dtd: 9 seconds
2020-06-17T15:13:43 >>> app-text/docbook-xml-dtd: 9 seconds
2020-06-17T15:14:53 >>> app-text/docbook-xml-dtd: 9 seconds
2020-06-17T15:15:53 >>> app-text/docbook-xml-dtd: 9 seconds
2020-06-17T15:16:02 >>> app-text/docbook-xml-dtd: 9 seconds
2020-06-17T15:16:11 >>> app-text/docbook-xml-dtd: 9 seconds
]0;emerge 01:50:42 201|415 docbook-xml-dtd 00:09 (root@rescue)>>> Unpacking source...
>>> Unpacking docbkx412.zip to /tmp/portage/app-text/docbook-xml-dtd-4.1.2-r7/work
>>> Source unpacked in /tmp/portage/app-text/docbook-xml-dtd-4.1.2-r7/work
>>> Preparing source in /tmp/portage/app-text/docbook-xml-dtd-4.1.2-r7/work ...
>>> Source prepared.
>>> Configuring source in /tmp/portage/app-text/docbook-xml-dtd-4.1.2-r7/work ...
>>> Source configured.
>>> Compiling source in /tmp/portage/app-text/docbook-xml-dtd-4.1.2-r7/work ...
>>> Source compiled.
>>> Test phase [not enabled]: app-text/docbook-xml-dtd-4.1.2-r7

>>> Install app-text/docbook-xml-dtd-4.1.2-r7 into /tmp/portage/app-text/docbook-xml-dtd-4.1.2-r7/image
>>> Completed installing app-text/docbook-xml-dtd-4.1.2-r7 into /tmp/portage/app-text/docbook-xml-dtd-4.1.2-r7/image

 * Final size of build directory: 440 KiB
 * Final size of installed tree:  484 KiB

Parallel BZIP2 v1.1.13 [Dec 18, 2015]
By: Jeff Gilchrist [http://compression.ca]
Major contributions: Yavor Nikolov [http://javornikolov.wordpress.com]
Uses libbzip2 by Julian Seward

         # CPUs: 11
   Load Average: 0.98
 BWT Block Size: 200 KB
File Block Size: 900 KB
 Maximum Memory: 1024 MB
-------------------------------------------
         File #: 1 of 1
     Input Name: compressme
    Output Name: compressme.bz2

     Input Size: 3895 bytes
Compressing data (no threads)...
Completed: 100%                 Output Size: 918 bytes
-------------------------------------------

     Wall Clock: 0.000826 seconds
Parallel BZIP2 v1.1.13 [Dec 18, 2015]
By: Jeff Gilchrist [http://compression.ca]
Major contributions: Yavor Nikolov [http://javornikolov.wordpress.com]
Uses libbzip2 by Julian Seward

         # CPUs: 11
   Load Average: 0.98
 BWT Block Size: 200 KB
File Block Size: 900 KB
 Maximum Memory: 1024 MB
-------------------------------------------
         File #: 1 of 1
     Input Name: /tmp/portage/app-text/docbook-xml-dtd-4.1.2-r7/image/usr/share/doc/docbook-xml-dtd-4.1.2-r7/ChangeLog
    Output Name: /tmp/portage/app-text/docbook-xml-dtd-4.1.2-r7/image/usr/share/doc/docbook-xml-dtd-4.1.2-r7/ChangeLog.bz2

     Input Size: 3936 bytes
Compressing data (no threads)...
Completed: 100%                 Output Size: 1136 bytes
-------------------------------------------

     Wall Clock: 0.000820 seconds
Parallel BZIP2 v1.1.13 [Dec 18, 2015]
By: Jeff Gilchrist [http://compression.ca]
Major contributions: Yavor Nikolov [http://javornikolov.wordpress.com]
Uses libbzip2 by Julian Seward

         # CPUs: 11
   Load Average: 0.98
 BWT Block Size: 200 KB
File Block Size: 900 KB
 Maximum Memory: 1024 MB
-------------------------------------------
Parallel BZIP2 v1.1.13 [Dec 18, 2015]
By: Jeff Gilchrist [http://compression.ca]
Major contributions: Yavor Nikolov [http://javornikolov.wordpress.com]
Uses libbzip2 by Julian Seward
Parallel BZIP2 v1.1.13 [Dec 18, 2015]
         File #: 1 of 1
By: Jeff Gilchrist [http://compression.ca]
     Input Name: /tmp/portage/app-text/docbook-xml-dtd-4.1.2-r7/image/usr/share/doc/docbook-xml-dtd-4.1.2-r7/40chg.txt
Major contributions: Yavor Nikolov [http://javornikolov.wordpress.com]
    Output Name: /tmp/portage/app-text/docbook-xml-dtd-4.1.2-r7/image/usr/share/doc/docbook-xml-dtd-4.1.2-r7/40chg.txt.bz2

Uses libbzip2 by Julian Seward
     Input Size: 2409 bytes
Compressing data (no threads)...

         # CPUs: 11
   Load Average: 0.98
 BWT Block Size: 200 KB
File Block Size: 900 KB
 Maximum Memory: 1024 MB
-------------------------------------------

         # CPUs: 11
   Load Average: 0.98
 BWT Block Size: 200 KB
File Block Size: 900 KB
 Maximum Memory: 1024 MB
-------------------------------------------
         File #: 1 of 1
     Input Name: /tmp/portage/app-text/docbook-xml-dtd-4.1.2-r7/image/usr/share/doc/docbook-xml-dtd-4.1.2-r7/41chg.txt
    Output Name: /tmp/portage/app-text/docbook-xml-dtd-4.1.2-r7/image/usr/share/doc/docbook-xml-dtd-4.1.2-r7/41chg.txt.bz2

     Input Size: 603 bytes
         File #: 1 of 1
Compressing data (no threads)...
     Input Name: /tmp/portage/app-text/docbook-xml-dtd-4.1.2-r7/image/usr/share/doc/docbook-xml-dtd-4.1.2-r7/readme.txt
    Output Name: /tmp/portage/app-text/docbook-xml-dtd-4.1.2-r7/image/usr/share/doc/docbook-xml-dtd-4.1.2-r7/readme.txt.bz2

     Input Size: 448 bytes
Compressing data (no threads)...
Completed: 100%                 Output Size: 323 bytes
Completed: 100%                 Output Size: 400 bytes
Completed: 100%                 Output Size: 1266 bytes
-------------------------------------------
-------------------------------------------
-------------------------------------------

     Wall Clock: 0.000551 seconds

     Wall Clock: 0.000573 seconds

     Wall Clock: 0.000672 seconds
./
./usr/
./usr/share/
./usr/share/sgml/
./usr/share/sgml/docbook/
./usr/share/sgml/docbook/xml-dtd-4.1.2/
./usr/share/sgml/docbook/xml-dtd-4.1.2/dbpoolx.mod
./usr/share/sgml/docbook/xml-dtd-4.1.2/dbgenent.mod
./usr/share/sgml/docbook/xml-dtd-4.1.2/docbookx.dtd
./usr/share/sgml/docbook/xml-dtd-4.1.2/docbook.cat
./usr/share/sgml/docbook/xml-dtd-4.1.2/dbcentx.mod
./usr/share/sgml/docbook/xml-dtd-4.1.2/dbnotnx.mod
./usr/share/sgml/docbook/xml-dtd-4.1.2/calstblx.dtd
./usr/share/sgml/docbook/xml-dtd-4.1.2/dbhierx.mod
./usr/share/sgml/docbook/xml-dtd-4.1.2/soextblx.dtd
./usr/share/sgml/docbook/xml-dtd-4.1.2/ent/
./usr/share/sgml/docbook/xml-dtd-4.1.2/ent/iso-grk3.ent
./usr/share/sgml/docbook/xml-dtd-4.1.2/ent/iso-cyr2.ent
./usr/share/sgml/docbook/xml-dtd-4.1.2/ent/iso-box.ent
./usr/share/sgml/docbook/xml-dtd-4.1.2/ent/iso-lat1.ent
./usr/share/sgml/docbook/xml-dtd-4.1.2/ent/iso-lat2.ent
./usr/share/sgml/docbook/xml-dtd-4.1.2/ent/iso-cyr1.ent
./usr/share/sgml/docbook/xml-dtd-4.1.2/ent/iso-amsc.ent
./usr/share/sgml/docbook/xml-dtd-4.1.2/ent/iso-num.ent
./usr/share/sgml/docbook/xml-dtd-4.1.2/ent/iso-dia.ent
./usr/share/sgml/docbook/xml-dtd-4.1.2/ent/iso-tech.ent
./usr/share/sgml/docbook/xml-dtd-4.1.2/ent/iso-amsr.ent
./usr/share/sgml/docbook/xml-dtd-4.1.2/ent/iso-amsa.ent
./usr/share/sgml/docbook/xml-dtd-4.1.2/ent/iso-grk1.ent
./usr/share/sgml/docbook/xml-dtd-4.1.2/ent/iso-amsb.ent
./usr/share/sgml/docbook/xml-dtd-4.1.2/ent/iso-amso.ent
./usr/share/sgml/docbook/xml-dtd-4.1.2/ent/iso-grk4.ent
./usr/share/sgml/docbook/xml-dtd-4.1.2/ent/iso-grk2.ent
./usr/share/sgml/docbook/xml-dtd-4.1.2/ent/iso-amsn.ent
./usr/share/sgml/docbook/xml-dtd-4.1.2/ent/iso-pub.ent
./usr/share/doc/
./usr/share/doc/docbook-xml-dtd-4.1.2-r7/
./usr/share/doc/docbook-xml-dtd-4.1.2-r7/41chg.txt.bz2
./usr/share/doc/docbook-xml-dtd-4.1.2-r7/ChangeLog
./usr/share/doc/docbook-xml-dtd-4.1.2-r7/ChangeLog.bz2
./usr/share/doc/docbook-xml-dtd-4.1.2-r7/readme.txt
./usr/share/doc/docbook-xml-dtd-4.1.2-r7/40chg.txt
./usr/share/doc/docbook-xml-dtd-4.1.2-r7/readme.txt.bz2
./usr/share/doc/docbook-xml-dtd-4.1.2-r7/41chg.txt
./usr/share/doc/docbook-xml-dtd-4.1.2-r7/40chg.txt.bz2
./etc/
./etc/sgml/
./etc/sgml/xml-docbook-4.1.2.cat
./etc/xml/
./etc/xml/.keep_app-text_docbook-xml-dtd-4.1.2
>>> Done.
 * checking 30 files for package collisions
>>> Merging app-text/docbook-xml-dtd-4.1.2-r7 to /
 * removing unneeded *.la files
--- /etc/
--- /etc/xml/
>>> /etc/xml/.keep_app-text_docbook-xml-dtd-4.1.2
--- /etc/sgml/
>>> /etc/sgml/xml-docbook-4.1.2.cat
--- /usr/
--- /usr/share/
--- /usr/share/sgml/
--- /usr/share/sgml/docbook/
--- /usr/share/sgml/docbook/xml-dtd-4.1.2/
--- /usr/share/sgml/docbook/xml-dtd-4.1.2/ent/
>>> /usr/share/sgml/docbook/xml-dtd-4.1.2/ent/iso-pub.ent
>>> /usr/share/sgml/docbook/xml-dtd-4.1.2/ent/iso-amsn.ent
>>> /usr/share/sgml/docbook/xml-dtd-4.1.2/ent/iso-grk2.ent
>>> /usr/share/sgml/docbook/xml-dtd-4.1.2/ent/iso-grk4.ent
>>> /usr/share/sgml/docbook/xml-dtd-4.1.2/ent/iso-amso.ent
>>> /usr/share/sgml/docbook/xml-dtd-4.1.2/ent/iso-amsb.ent
>>> /usr/share/sgml/docbook/xml-dtd-4.1.2/ent/iso-grk1.ent
>>> /usr/share/sgml/docbook/xml-dtd-4.1.2/ent/iso-amsa.ent
>>> /usr/share/sgml/docbook/xml-dtd-4.1.2/ent/iso-amsr.ent
>>> /usr/share/sgml/docbook/xml-dtd-4.1.2/ent/iso-tech.ent
>>> /usr/share/sgml/docbook/xml-dtd-4.1.2/ent/iso-dia.ent
>>> /usr/share/sgml/docbook/xml-dtd-4.1.2/ent/iso-num.ent
>>> /usr/share/sgml/docbook/xml-dtd-4.1.2/ent/iso-amsc.ent
>>> /usr/share/sgml/docbook/xml-dtd-4.1.2/ent/iso-cyr1.ent
>>> /usr/share/sgml/docbook/xml-dtd-4.1.2/ent/iso-lat2.ent
>>> /usr/share/sgml/docbook/xml-dtd-4.1.2/ent/iso-lat1.ent
>>> /usr/share/sgml/docbook/xml-dtd-4.1.2/ent/iso-box.ent
>>> /usr/share/sgml/docbook/xml-dtd-4.1.2/ent/iso-cyr2.ent
>>> /usr/share/sgml/docbook/xml-dtd-4.1.2/ent/iso-grk3.ent
>>> /usr/share/sgml/docbook/xml-dtd-4.1.2/soextblx.dtd
>>> /usr/share/sgml/docbook/xml-dtd-4.1.2/dbhierx.mod
>>> /usr/share/sgml/docbook/xml-dtd-4.1.2/calstblx.dtd
>>> /usr/share/sgml/docbook/xml-dtd-4.1.2/dbnotnx.mod
>>> /usr/share/sgml/docbook/xml-dtd-4.1.2/dbcentx.mod
>>> /usr/share/sgml/docbook/xml-dtd-4.1.2/docbook.cat
>>> /usr/share/sgml/docbook/xml-dtd-4.1.2/docbookx.dtd
>>> /usr/share/sgml/docbook/xml-dtd-4.1.2/dbgenent.mod
>>> /usr/share/sgml/docbook/xml-dtd-4.1.2/dbpoolx.mod
>>> Safely unmerging already-installed instance...
>>> Original instance of package unmerged safely.
Found DocBook XSL stylesheets (xsl) in /usr/share/sgml/docbook/xsl-stylesheets
Found DocBook XSL stylesheets (xsl-ns) in /usr/share/sgml/docbook/xsl-ns-stylesheets
DocBook XSL stylesheets (xsl-saxon) not found
DocBook XSL stylesheets (xsl-xalan) not found
find: ‘xml-simple-dtd-*/’: No such file or directory
Found DocBook XML 4.1.2 in /usr/share/sgml/docbook/xml-dtd-4.1.2
Found DocBook XML 4.2 in /usr/share/sgml/docbook/xml-dtd-4.2
Found DocBook XML 4.3 in /usr/share/sgml/docbook/xml-dtd-4.3
Found DocBook XML 4.4 in /usr/share/sgml/docbook/xml-dtd-4.4
Found DocBook XML 4.5 in /usr/share/sgml/docbook/xml-dtd-4.5
Using ISO DocBook entities from /usr/share/sgml/docbook/xml-dtd-4.3/ent
 * Updating /etc/sgml/catalog ...
 [ ok ]
>>> app-text/docbook-xml-dtd-4.1.2-r7 merged.
