No package files given... Grabbing a set.
--- replaced sym /usr/share/bash-completion/completions/vimdiff
--- replaced obj /usr/share/bash-completion/completions/vim
--- replaced sym /usr/share/bash-completion/completions/view
--- replaced sym /usr/share/bash-completion/completions/vi
--- replaced sym /usr/share/bash-completion/completions/rvim
--- replaced sym /usr/share/bash-completion/completions/rview
--- replaced sym /usr/share/bash-completion/completions/ex
--- replaced dir /usr/share/bash-completion/completions
--- replaced dir /usr/share/bash-completion
--- replaced obj /usr/share/applications/vim.desktop
--- replaced dir /usr/share/applications
--- replaced dir /usr/share
--- replaced sym /usr/bin/vimdiff
--- replaced obj /usr/bin/vim
--- replaced sym /usr/bin/rvim
--- replaced sym /usr/bin/rview
--- replaced dir /usr/bin
--- replaced dir /usr
 * Updating documentation tags in /usr/share/vim/vim82
 * Calling eselect vi update...
 [ ok ]
 * Updating .desktop files database ...
 [ ok ]
>>> Regenerating /etc/ld.so.cache...
