 * Package:    app-text/hunspell-1.7.0-r1
 * Repository: gentoo
 * USE:        abi_x86_64 amd64 elibc_glibc kernel_linux l10n_en ncurses readline userland_GNU
 * FEATURES:   ccache network-sandbox preserve-libs sandbox userpriv usersandbox
 * FEATURES='assume-digests binpkg-docompress binpkg-dostrip binpkg-logs binpkg-multi-instance buildpkg ccache compress-index config-protect-if-modified distlocks downgrade-backup fixlafiles ipc-sandbox merge-sync multilib-strict network-sandbox news nodoc parallel-fetch parallel-install pid-sandbox preserve-libs qa-unresolved-soname-deps sandbox sfperms strict unknown-features-warn unmerge-backup unmerge-logs unmerge-orphans userfetch userpriv usersandbox usersync xattr'
 * CFLAGS='-march=znver2 -O3 -fgraphite-identity -floop-nest-optimize -fdevirtualize-at-ltrans -fipa-pta -fno-semantic-interposition -flto=12 -fno-plt -fno-signed-zeros -fno-trapping-math -fassociative-math -freciprocal-math -fno-math-errno -ffinite-math-only -fno-rounding-math -fno-signaling-nans -fcx-limited-range -fexcess-precision=fast -falign-functions=32 -fno-stack-protector -fno-stack-clash-protection -fstack-check=no -fno-stack-check -fuse-linker-plugin -pipe -g0 -Wl,-O1 -Wl,--as-needed -Wl,-z,norelro -Wl,-z,now -Wl,--sort-common -s'
 * CXXFLAGS='-march=znver2 -O3 -fgraphite-identity -floop-nest-optimize -fdevirtualize-at-ltrans -fipa-pta -fno-semantic-interposition -flto=12 -fno-plt -fno-signed-zeros -fno-trapping-math -fassociative-math -freciprocal-math -fno-math-errno -ffinite-math-only -fno-rounding-math -fno-signaling-nans -fcx-limited-range -fexcess-precision=fast -falign-functions=32 -fno-stack-protector -fno-stack-clash-protection -fstack-check=no -fno-stack-check -fuse-linker-plugin -pipe -g0 -Wl,-O1 -Wl,--as-needed -Wl,-z,norelro -Wl,-z,now -Wl,--sort-common -s'
 * FFLAGS='-march=znver2 -O3 -fgraphite-identity -floop-nest-optimize -fdevirtualize-at-ltrans -fipa-pta -fno-semantic-interposition -flto=12 -fno-plt -fno-signed-zeros -fno-trapping-math -fassociative-math -freciprocal-math -fno-math-errno -ffinite-math-only -fno-rounding-math -fno-signaling-nans -fcx-limited-range -fexcess-precision=fast -falign-functions=32 -fno-stack-protector -fno-stack-clash-protection -fstack-check=no -fno-stack-check -fuse-linker-plugin -pipe -g0 -Wl,-O1 -Wl,--as-needed -Wl,-z,norelro -Wl,-z,now -Wl,--sort-common -s'
 * FCFLAGS='-march=znver2 -O3 -fgraphite-identity -floop-nest-optimize -fdevirtualize-at-ltrans -fipa-pta -fno-semantic-interposition -flto=12 -fno-plt -fno-signed-zeros -fno-trapping-math -fassociative-math -freciprocal-math -fno-math-errno -ffinite-math-only -fno-rounding-math -fno-signaling-nans -fcx-limited-range -fexcess-precision=fast -falign-functions=32 -fno-stack-protector -fno-stack-clash-protection -fstack-check=no -fno-stack-check -fuse-linker-plugin -pipe -g0 -Wl,-O1 -Wl,--as-needed -Wl,-z,norelro -Wl,-z,now -Wl,--sort-common -s'
 * F77FLAGS='-march=znver2 -O3 -fgraphite-identity -floop-nest-optimize -fdevirtualize-at-ltrans -fipa-pta -fno-semantic-interposition -flto=12 -fno-plt -fno-signed-zeros -fno-trapping-math -fassociative-math -freciprocal-math -fno-math-errno -ffinite-math-only -fno-rounding-math -fno-signaling-nans -fcx-limited-range -fexcess-precision=fast -falign-functions=32 -fno-stack-protector -fno-stack-clash-protection -fstack-check=no -fno-stack-check -fuse-linker-plugin -pipe -g0 -Wl,-O1 -Wl,--as-needed -Wl,-z,norelro -Wl,-z,now -Wl,--sort-common -s'
 * LDFLAGS='-Wl,-O1 -Wl,--as-needed -Wl,-z,norelro -Wl,-z,now -Wl,--sort-common -s -march=znver2 -O3 -fgraphite-identity -floop-nest-optimize -fdevirtualize-at-ltrans -fipa-pta -fno-semantic-interposition -flto=12 -fno-plt -fno-signed-zeros -fno-trapping-math -fassociative-math -freciprocal-math -fno-math-errno -ffinite-math-only -fno-rounding-math -fno-signaling-nans -fcx-limited-range -fexcess-precision=fast -falign-functions=32 -fno-stack-protector -fno-stack-clash-protection -fstack-check=no -fno-stack-check -fuse-linker-plugin -pipe -g0'
 * MAKEOPTS='-j12 -l12'
 * gcc () 11.0.0 20200530 (experimental)
 * g++ () 11.0.0 20200530 (experimental)
 * GNU ld (Gentoo 2.34 p4) 2.34.0
 * Linux ryzen.gnum.org 5.4.36 #1 SMP Thu Apr 30 04:38:28 UTC 2020 x86_64 AMD Ryzen 5 3600 6-Core Processor AuthenticAMD GNU/Linux
app-text/hunspell: 12 seconds average for 4 merges
2020-05-20T01:28:10 >>> app-text/hunspell: 31 seconds
2020-05-21T06:23:47 >>> app-text/hunspell: 5 seconds
2020-05-26T14:10:35 >>> app-text/hunspell: 7 seconds
2020-05-28T14:39:57 >>> app-text/hunspell: 8 seconds
]0;emerge 23:57:06 1590875825:  === Unmerging... (x11-apps/xset-1.2.4) hunspell 00:07 (root@ryzen.gnum.org)kemerge 23:57:06 1590875825:  === Unmerging... (x11-apps/xset-1.2.4) hunspell 00:07 (root@ryzen.gnum.org)\>>> Unpacking source...
>>> Unpacking hunspell-1.7.0.tar.gz to /tmp/portage/app-text/hunspell-1.7.0-r1/work
>>> Source unpacked in /tmp/portage/app-text/hunspell-1.7.0-r1/work
>>> Preparing source in /tmp/portage/app-text/hunspell-1.7.0-r1/work/hunspell-1.7.0 ...
 * Applying hunspell-1.7.0-renameexes.patch ...
 [ ok ]
 * Applying hunspell-1.7.0-tinfo.patch ...
 [ ok ]
 * Running eautoreconf in '/tmp/portage/app-text/hunspell-1.7.0-r1/work/hunspell-1.7.0' ...
 * Running autopoint --force ...
 [ ok ]
 * Running libtoolize --install --copy --force --automake ...
 [ ok ]
 * Running aclocal -I m4 ...
 [ ok ]
 * Running autoconf --force ...
 [ ok ]
 * Running autoheader ...
 [ ok ]
 * Running automake --add-missing --copy --foreign --force-missing ...
 [ ok ]
 * Running elibtoolize in: hunspell-1.7.0/
 *   Applying portage/1.2.0 patch ...
 *   Applying sed/1.5.6 patch ...
 *   Applying as-needed/2.4.3 patch ...
>>> Source prepared.
>>> Configuring source in /tmp/portage/app-text/hunspell-1.7.0-r1/work/hunspell-1.7.0 ...
 * econf: updating hunspell-1.7.0/config.guess with /usr/share/gnuconfig/config.guess
 * econf: updating hunspell-1.7.0/config.sub with /usr/share/gnuconfig/config.sub
./configure --prefix=/usr --build=x86_64-pc-linux-gnu --host=x86_64-pc-linux-gnu --mandir=/usr/share/man --infodir=/usr/share/info --datadir=/usr/share --sysconfdir=/etc --localstatedir=/var/lib --disable-dependency-tracking --disable-silent-rules --docdir=/usr/share/doc/hunspell-1.7.0-r1 --htmldir=/usr/share/doc/hunspell-1.7.0-r1/html --with-sysroot=/ --libdir=/usr/lib64 --disable-nls --with-ui --with-readline --disable-static
checking build system type... x86_64-pc-linux-gnu
checking host system type... x86_64-pc-linux-gnu
checking for x86_64-pc-linux-gnu-gcc... x86_64-pc-linux-gnu-gcc
checking whether the C compiler works... yes
checking for C compiler default output file name... a.out
checking for suffix of executables... 
checking whether we are cross compiling... no
checking for suffix of object files... o
checking whether we are using the GNU C compiler... yes
checking whether x86_64-pc-linux-gnu-gcc accepts -g... yes
checking for x86_64-pc-linux-gnu-gcc option to accept ISO C89... none needed
checking whether x86_64-pc-linux-gnu-gcc understands -c and -o together... yes
checking how to run the C preprocessor... x86_64-pc-linux-gnu-gcc -E
checking for grep that handles long lines and -e... /bin/grep
checking for egrep... /bin/grep -E
checking for ANSI C header files... yes
checking for sys/types.h... yes
checking for sys/stat.h... yes
checking for stdlib.h... yes
checking for string.h... yes
checking for memory.h... yes
checking for strings.h... yes
checking for inttypes.h... yes
checking for stdint.h... yes
checking for unistd.h... yes
checking minix/config.h usability... no
checking minix/config.h presence... no
checking for minix/config.h... no
checking whether it is safe to define __EXTENSIONS__... yes
checking for a BSD-compatible install... /usr/lib/portage/python3.8/ebuild-helpers/xattr/install -c
checking whether build environment is sane... yes
checking for a thread-safe mkdir -p... /bin/mkdir -p
checking for gawk... gawk
checking whether make sets $(MAKE)... yes
checking whether make supports the include directive... yes (GNU style)
checking whether make supports nested variables... yes
checking dependency style of x86_64-pc-linux-gnu-gcc... none
checking for x86_64-pc-linux-gnu-g++... x86_64-pc-linux-gnu-g++
checking whether we are using the GNU C++ compiler... yes
checking whether x86_64-pc-linux-gnu-g++ accepts -g... yes
checking dependency style of x86_64-pc-linux-gnu-g++... none
checking for x86_64-pc-linux-gnu-gcc... (cached) x86_64-pc-linux-gnu-gcc
checking whether we are using the GNU C compiler... (cached) yes
checking whether x86_64-pc-linux-gnu-gcc accepts -g... (cached) yes
checking for x86_64-pc-linux-gnu-gcc option to accept ISO C89... (cached) none needed
checking whether x86_64-pc-linux-gnu-gcc understands -c and -o together... (cached) yes
checking how to print strings... printf
checking for a sed that does not truncate output... /bin/sed
checking for fgrep... /bin/grep -F
checking for ld used by x86_64-pc-linux-gnu-gcc... /usr/x86_64-pc-linux-gnu/bin/ld
checking if the linker (/usr/x86_64-pc-linux-gnu/bin/ld) is GNU ld... yes
checking for BSD- or MS-compatible name lister (nm)... /usr/bin/x86_64-pc-linux-gnu-nm -B
checking the name lister (/usr/bin/x86_64-pc-linux-gnu-nm -B) interface... BSD nm
checking whether ln -s works... yes
checking the maximum length of command line arguments... 1572864
checking how to convert x86_64-pc-linux-gnu file names to x86_64-pc-linux-gnu format... func_convert_file_noop
checking how to convert x86_64-pc-linux-gnu file names to toolchain format... func_convert_file_noop
checking for /usr/x86_64-pc-linux-gnu/bin/ld option to reload object files... -r
checking for x86_64-pc-linux-gnu-objdump... x86_64-pc-linux-gnu-objdump
checking how to recognize dependent libraries... pass_all
checking for x86_64-pc-linux-gnu-dlltool... x86_64-pc-linux-gnu-dlltool
checking how to associate runtime and link libraries... printf %s\n
checking for x86_64-pc-linux-gnu-ar... x86_64-pc-linux-gnu-ar
checking for archiver @FILE support... @
checking for x86_64-pc-linux-gnu-strip... x86_64-pc-linux-gnu-strip
checking for x86_64-pc-linux-gnu-ranlib... x86_64-pc-linux-gnu-ranlib
checking command to parse /usr/bin/x86_64-pc-linux-gnu-nm -B output from x86_64-pc-linux-gnu-gcc object... ok
checking for sysroot... /
checking for a working dd... /bin/dd
checking how to truncate binary pipes... /bin/dd bs=4096 count=1
checking for x86_64-pc-linux-gnu-mt... no
checking for mt... no
checking if : is a manifest tool... no
checking for dlfcn.h... yes
checking for objdir... .libs
checking if x86_64-pc-linux-gnu-gcc supports -fno-rtti -fno-exceptions... no
checking for x86_64-pc-linux-gnu-gcc option to produce PIC... -fPIC -DPIC
checking if x86_64-pc-linux-gnu-gcc PIC flag -fPIC -DPIC works... yes
checking if x86_64-pc-linux-gnu-gcc static flag -static works... yes
checking if x86_64-pc-linux-gnu-gcc supports -c -o file.o... yes
checking if x86_64-pc-linux-gnu-gcc supports -c -o file.o... (cached) yes
checking whether the x86_64-pc-linux-gnu-gcc linker (/usr/x86_64-pc-linux-gnu/bin/ld -m elf_x86_64) supports shared libraries... yes
checking whether -lc should be explicitly linked in... no
checking dynamic linker characteristics... GNU/Linux ld.so
checking how to hardcode library paths into programs... immediate
checking whether stripping libraries is possible... yes
checking if libtool supports shared libraries... yes
checking whether to build shared libraries... yes
checking whether to build static libraries... no
checking how to run the C++ preprocessor... x86_64-pc-linux-gnu-g++ -E
checking for ld used by x86_64-pc-linux-gnu-g++... /usr/x86_64-pc-linux-gnu/bin/ld -m elf_x86_64
checking if the linker (/usr/x86_64-pc-linux-gnu/bin/ld -m elf_x86_64) is GNU ld... yes
checking whether the x86_64-pc-linux-gnu-g++ linker (/usr/x86_64-pc-linux-gnu/bin/ld -m elf_x86_64) supports shared libraries... yes
checking for x86_64-pc-linux-gnu-g++ option to produce PIC... -fPIC -DPIC
checking if x86_64-pc-linux-gnu-g++ PIC flag -fPIC -DPIC works... yes
checking if x86_64-pc-linux-gnu-g++ static flag -static works... yes
checking if x86_64-pc-linux-gnu-g++ supports -c -o file.o... yes
checking if x86_64-pc-linux-gnu-g++ supports -c -o file.o... (cached) yes
checking whether the x86_64-pc-linux-gnu-g++ linker (/usr/x86_64-pc-linux-gnu/bin/ld -m elf_x86_64) supports shared libraries... yes
checking dynamic linker characteristics... (cached) GNU/Linux ld.so
checking how to hardcode library paths into programs... immediate
checking for gawk... (cached) gawk
checking for ld... /usr/x86_64-pc-linux-gnu/bin/ld -m elf_x86_64
checking if the linker (/usr/x86_64-pc-linux-gnu/bin/ld -m elf_x86_64) is GNU ld... yes
checking for shared library run path origin... done
checking 32-bit host C ABI... no
checking for the common suffixes of directories in the library search path... lib64,lib64
checking for iconv... yes
checking for working iconv... yes
checking for iconv declaration... 
         extern size_t iconv (iconv_t cd, char * *inbuf, size_t *inbytesleft, char * *outbuf, size_t *outbytesleft);
checking locale.h usability... yes
checking locale.h presence... yes
checking for locale.h... yes
checking langinfo.h usability... yes
checking langinfo.h presence... yes
checking for langinfo.h... yes
checking whether the -Werror option is usable... yes
checking for simple visibility declarations... yes
checking whether NLS is requested... no
checking for msgfmt... /usr/bin/msgfmt
checking for gmsgfmt... /usr/bin/gmsgfmt
checking for xgettext... /usr/bin/xgettext
checking for msgmerge... /usr/bin/msgmerge
checking for CFPreferencesCopyAppValue... no
checking for CFLocaleCopyCurrent... no
checking for CFLocaleCopyPreferredLanguages... no
checking whether to use NLS... no
checking for tparm in -lncursesw... yes
checking for tgetent in -ltinfow... yes
Compiling with curses user interface.
checking curses.h usability... yes
checking curses.h presence... yes
checking for curses.h... yes
No Unicode support on interactive console. (Install Ncursesw library.)
checking for tgetent in -ltinfow... (cached) yes
checking for readline in -lreadline... yes
checking readline/readline.h usability... yes
checking readline/readline.h presence... yes
checking for readline/readline.h... yes
Using the readline library.
checking that generated files are newer than configure... done
configure: creating ./config.status
config.status: creating Makefile
config.status: creating hunspell.pc
config.status: creating man/Makefile
config.status: creating man/hu/Makefile
config.status: creating po/Makefile.in
config.status: creating src/Makefile
config.status: creating src/hunspell/Makefile
config.status: creating src/hunspell/hunvisapi.h
config.status: creating src/parsers/Makefile
config.status: creating src/tools/Makefile
config.status: creating tests/Makefile
config.status: creating tests/suggestiontest/Makefile
config.status: creating config.h
config.status: executing depfiles commands
config.status: executing libtool commands
config.status: executing po-directories commands
config.status: creating po/POTFILES
config.status: creating po/Makefile
>>> Source configured.
>>> Compiling source in /tmp/portage/app-text/hunspell-1.7.0-r1/work/hunspell-1.7.0 ...
make -j12 -l12 
make  all-recursive
make[1]: Entering directory '/tmp/portage/app-text/hunspell-1.7.0-r1/work/hunspell-1.7.0'
Making all in po
make[2]: Entering directory '/tmp/portage/app-text/hunspell-1.7.0-r1/work/hunspell-1.7.0/po'
Makefile:190: warning: ignoring prerequisites on suffix rule definition
make[2]: Nothing to be done for 'all'.
make[2]: Leaving directory '/tmp/portage/app-text/hunspell-1.7.0-r1/work/hunspell-1.7.0/po'
Making all in src
make[2]: Entering directory '/tmp/portage/app-text/hunspell-1.7.0-r1/work/hunspell-1.7.0/src'
Making all in hunspell
make[3]: Entering directory '/tmp/portage/app-text/hunspell-1.7.0-r1/work/hunspell-1.7.0/src/hunspell'
/bin/sh ../../libtool  --tag=CXX   --mode=compile x86_64-pc-linux-gnu-g++ -DHAVE_CONFIG_H -I. -I../..    -fvisibility=hidden -DBUILDING_LIBHUNSPELL -march=znver2 -O3 -fgraphite-identity -floop-nest-optimize -fdevirtualize-at-ltrans -fipa-pta -fno-semantic-interposition -flto=12 -fno-plt -fno-signed-zeros -fno-trapping-math -fassociative-math -freciprocal-math -fno-math-errno -ffinite-math-only -fno-rounding-math -fno-signaling-nans -fcx-limited-range -fexcess-precision=fast -falign-functions=32 -fno-stack-protector -fno-stack-clash-protection -fstack-check=no -fno-stack-check -fuse-linker-plugin -pipe -g0 -Wl,-O1 -Wl,--as-needed -Wl,-z,norelro -Wl,-z,now -Wl,--sort-common -s -c -o affentry.lo affentry.cxx
/bin/sh ../../libtool  --tag=CXX   --mode=compile x86_64-pc-linux-gnu-g++ -DHAVE_CONFIG_H -I. -I../..    -fvisibility=hidden -DBUILDING_LIBHUNSPELL -march=znver2 -O3 -fgraphite-identity -floop-nest-optimize -fdevirtualize-at-ltrans -fipa-pta -fno-semantic-interposition -flto=12 -fno-plt -fno-signed-zeros -fno-trapping-math -fassociative-math -freciprocal-math -fno-math-errno -ffinite-math-only -fno-rounding-math -fno-signaling-nans -fcx-limited-range -fexcess-precision=fast -falign-functions=32 -fno-stack-protector -fno-stack-clash-protection -fstack-check=no -fno-stack-check -fuse-linker-plugin -pipe -g0 -Wl,-O1 -Wl,--as-needed -Wl,-z,norelro -Wl,-z,now -Wl,--sort-common -s -c -o affixmgr.lo affixmgr.cxx
/bin/sh ../../libtool  --tag=CXX   --mode=compile x86_64-pc-linux-gnu-g++ -DHAVE_CONFIG_H -I. -I../..    -fvisibility=hidden -DBUILDING_LIBHUNSPELL -march=znver2 -O3 -fgraphite-identity -floop-nest-optimize -fdevirtualize-at-ltrans -fipa-pta -fno-semantic-interposition -flto=12 -fno-plt -fno-signed-zeros -fno-trapping-math -fassociative-math -freciprocal-math -fno-math-errno -ffinite-math-only -fno-rounding-math -fno-signaling-nans -fcx-limited-range -fexcess-precision=fast -falign-functions=32 -fno-stack-protector -fno-stack-clash-protection -fstack-check=no -fno-stack-check -fuse-linker-plugin -pipe -g0 -Wl,-O1 -Wl,--as-needed -Wl,-z,norelro -Wl,-z,now -Wl,--sort-common -s -c -o csutil.lo csutil.cxx
/bin/sh ../../libtool  --tag=CXX   --mode=compile x86_64-pc-linux-gnu-g++ -DHAVE_CONFIG_H -I. -I../..    -fvisibility=hidden -DBUILDING_LIBHUNSPELL -march=znver2 -O3 -fgraphite-identity -floop-nest-optimize -fdevirtualize-at-ltrans -fipa-pta -fno-semantic-interposition -flto=12 -fno-plt -fno-signed-zeros -fno-trapping-math -fassociative-math -freciprocal-math -fno-math-errno -ffinite-math-only -fno-rounding-math -fno-signaling-nans -fcx-limited-range -fexcess-precision=fast -falign-functions=32 -fno-stack-protector -fno-stack-clash-protection -fstack-check=no -fno-stack-check -fuse-linker-plugin -pipe -g0 -Wl,-O1 -Wl,--as-needed -Wl,-z,norelro -Wl,-z,now -Wl,--sort-common -s -c -o filemgr.lo filemgr.cxx
/bin/sh ../../libtool  --tag=CXX   --mode=compile x86_64-pc-linux-gnu-g++ -DHAVE_CONFIG_H -I. -I../..    -fvisibility=hidden -DBUILDING_LIBHUNSPELL -march=znver2 -O3 -fgraphite-identity -floop-nest-optimize -fdevirtualize-at-ltrans -fipa-pta -fno-semantic-interposition -flto=12 -fno-plt -fno-signed-zeros -fno-trapping-math -fassociative-math -freciprocal-math -fno-math-errno -ffinite-math-only -fno-rounding-math -fno-signaling-nans -fcx-limited-range -fexcess-precision=fast -falign-functions=32 -fno-stack-protector -fno-stack-clash-protection -fstack-check=no -fno-stack-check -fuse-linker-plugin -pipe -g0 -Wl,-O1 -Wl,--as-needed -Wl,-z,norelro -Wl,-z,now -Wl,--sort-common -s -c -o hashmgr.lo hashmgr.cxx
/bin/sh ../../libtool  --tag=CXX   --mode=compile x86_64-pc-linux-gnu-g++ -DHAVE_CONFIG_H -I. -I../..    -fvisibility=hidden -DBUILDING_LIBHUNSPELL -march=znver2 -O3 -fgraphite-identity -floop-nest-optimize -fdevirtualize-at-ltrans -fipa-pta -fno-semantic-interposition -flto=12 -fno-plt -fno-signed-zeros -fno-trapping-math -fassociative-math -freciprocal-math -fno-math-errno -ffinite-math-only -fno-rounding-math -fno-signaling-nans -fcx-limited-range -fexcess-precision=fast -falign-functions=32 -fno-stack-protector -fno-stack-clash-protection -fstack-check=no -fno-stack-check -fuse-linker-plugin -pipe -g0 -Wl,-O1 -Wl,--as-needed -Wl,-z,norelro -Wl,-z,now -Wl,--sort-common -s -c -o hunspell.lo hunspell.cxx
/bin/sh ../../libtool  --tag=CXX   --mode=compile x86_64-pc-linux-gnu-g++ -DHAVE_CONFIG_H -I. -I../..    -fvisibility=hidden -DBUILDING_LIBHUNSPELL -march=znver2 -O3 -fgraphite-identity -floop-nest-optimize -fdevirtualize-at-ltrans -fipa-pta -fno-semantic-interposition -flto=12 -fno-plt -fno-signed-zeros -fno-trapping-math -fassociative-math -freciprocal-math -fno-math-errno -ffinite-math-only -fno-rounding-math -fno-signaling-nans -fcx-limited-range -fexcess-precision=fast -falign-functions=32 -fno-stack-protector -fno-stack-clash-protection -fstack-check=no -fno-stack-check -fuse-linker-plugin -pipe -g0 -Wl,-O1 -Wl,--as-needed -Wl,-z,norelro -Wl,-z,now -Wl,--sort-common -s -c -o hunzip.lo hunzip.cxx
/bin/sh ../../libtool  --tag=CXX   --mode=compile x86_64-pc-linux-gnu-g++ -DHAVE_CONFIG_H -I. -I../..    -fvisibility=hidden -DBUILDING_LIBHUNSPELL -march=znver2 -O3 -fgraphite-identity -floop-nest-optimize -fdevirtualize-at-ltrans -fipa-pta -fno-semantic-interposition -flto=12 -fno-plt -fno-signed-zeros -fno-trapping-math -fassociative-math -freciprocal-math -fno-math-errno -ffinite-math-only -fno-rounding-math -fno-signaling-nans -fcx-limited-range -fexcess-precision=fast -falign-functions=32 -fno-stack-protector -fno-stack-clash-protection -fstack-check=no -fno-stack-check -fuse-linker-plugin -pipe -g0 -Wl,-O1 -Wl,--as-needed -Wl,-z,norelro -Wl,-z,now -Wl,--sort-common -s -c -o phonet.lo phonet.cxx
/bin/sh ../../libtool  --tag=CXX   --mode=compile x86_64-pc-linux-gnu-g++ -DHAVE_CONFIG_H -I. -I../..    -fvisibility=hidden -DBUILDING_LIBHUNSPELL -march=znver2 -O3 -fgraphite-identity -floop-nest-optimize -fdevirtualize-at-ltrans -fipa-pta -fno-semantic-interposition -flto=12 -fno-plt -fno-signed-zeros -fno-trapping-math -fassociative-math -freciprocal-math -fno-math-errno -ffinite-math-only -fno-rounding-math -fno-signaling-nans -fcx-limited-range -fexcess-precision=fast -falign-functions=32 -fno-stack-protector -fno-stack-clash-protection -fstack-check=no -fno-stack-check -fuse-linker-plugin -pipe -g0 -Wl,-O1 -Wl,--as-needed -Wl,-z,norelro -Wl,-z,now -Wl,--sort-common -s -c -o replist.lo replist.cxx
/bin/sh ../../libtool  --tag=CXX   --mode=compile x86_64-pc-linux-gnu-g++ -DHAVE_CONFIG_H -I. -I../..    -fvisibility=hidden -DBUILDING_LIBHUNSPELL -march=znver2 -O3 -fgraphite-identity -floop-nest-optimize -fdevirtualize-at-ltrans -fipa-pta -fno-semantic-interposition -flto=12 -fno-plt -fno-signed-zeros -fno-trapping-math -fassociative-math -freciprocal-math -fno-math-errno -ffinite-math-only -fno-rounding-math -fno-signaling-nans -fcx-limited-range -fexcess-precision=fast -falign-functions=32 -fno-stack-protector -fno-stack-clash-protection -fstack-check=no -fno-stack-check -fuse-linker-plugin -pipe -g0 -Wl,-O1 -Wl,--as-needed -Wl,-z,norelro -Wl,-z,now -Wl,--sort-common -s -c -o suggestmgr.lo suggestmgr.cxx
libtool: compile:  x86_64-pc-linux-gnu-g++ -DHAVE_CONFIG_H -I. -I../.. -fvisibility=hidden -DBUILDING_LIBHUNSPELL -march=znver2 -O3 -fgraphite-identity -floop-nest-optimize -fdevirtualize-at-ltrans -fipa-pta -fno-semantic-interposition -flto=12 -fno-plt -fno-signed-zeros -fno-trapping-math -fassociative-math -freciprocal-math -fno-math-errno -ffinite-math-only -fno-rounding-math -fno-signaling-nans -fcx-limited-range -fexcess-precision=fast -falign-functions=32 -fno-stack-protector -fno-stack-clash-protection -fstack-check=no -fno-stack-check -fuse-linker-plugin -pipe -g0 -Wl,-O1 -Wl,--as-needed -Wl,-z,norelro -Wl,-z,now -Wl,--sort-common -s -c affixmgr.cxx  -fPIC -DPIC -o .libs/affixmgr.o
libtool: compile:  x86_64-pc-linux-gnu-g++ -DHAVE_CONFIG_H -I. -I../.. -fvisibility=hidden -DBUILDING_LIBHUNSPELL -march=znver2 -O3 -fgraphite-identity -floop-nest-optimize -fdevirtualize-at-ltrans -fipa-pta -fno-semantic-interposition -flto=12 -fno-plt -fno-signed-zeros -fno-trapping-math -fassociative-math -freciprocal-math -fno-math-errno -ffinite-math-only -fno-rounding-math -fno-signaling-nans -fcx-limited-range -fexcess-precision=fast -falign-functions=32 -fno-stack-protector -fno-stack-clash-protection -fstack-check=no -fno-stack-check -fuse-linker-plugin -pipe -g0 -Wl,-O1 -Wl,--as-needed -Wl,-z,norelro -Wl,-z,now -Wl,--sort-common -s -c filemgr.cxx  -fPIC -DPIC -o .libs/filemgr.o
libtool: compile:  x86_64-pc-linux-gnu-g++ -DHAVE_CONFIG_H -I. -I../.. -fvisibility=hidden -DBUILDING_LIBHUNSPELL -march=znver2 -O3 -fgraphite-identity -floop-nest-optimize -fdevirtualize-at-ltrans -fipa-pta -fno-semantic-interposition -flto=12 -fno-plt -fno-signed-zeros -fno-trapping-math -fassociative-math -freciprocal-math -fno-math-errno -ffinite-math-only -fno-rounding-math -fno-signaling-nans -fcx-limited-range -fexcess-precision=fast -falign-functions=32 -fno-stack-protector -fno-stack-clash-protection -fstack-check=no -fno-stack-check -fuse-linker-plugin -pipe -g0 -Wl,-O1 -Wl,--as-needed -Wl,-z,norelro -Wl,-z,now -Wl,--sort-common -s -c affentry.cxx  -fPIC -DPIC -o .libs/affentry.o
libtool: compile:  x86_64-pc-linux-gnu-g++ -DHAVE_CONFIG_H -I. -I../.. -fvisibility=hidden -DBUILDING_LIBHUNSPELL -march=znver2 -O3 -fgraphite-identity -floop-nest-optimize -fdevirtualize-at-ltrans -fipa-pta -fno-semantic-interposition -flto=12 -fno-plt -fno-signed-zeros -fno-trapping-math -fassociative-math -freciprocal-math -fno-math-errno -ffinite-math-only -fno-rounding-math -fno-signaling-nans -fcx-limited-range -fexcess-precision=fast -falign-functions=32 -fno-stack-protector -fno-stack-clash-protection -fstack-check=no -fno-stack-check -fuse-linker-plugin -pipe -g0 -Wl,-O1 -Wl,--as-needed -Wl,-z,norelro -Wl,-z,now -Wl,--sort-common -s -c hashmgr.cxx  -fPIC -DPIC -o .libs/hashmgr.o
libtool: compile:  x86_64-pc-linux-gnu-g++ -DHAVE_CONFIG_H -I. -I../.. -fvisibility=hidden -DBUILDING_LIBHUNSPELL -march=znver2 -O3 -fgraphite-identity -floop-nest-optimize -fdevirtualize-at-ltrans -fipa-pta -fno-semantic-interposition -flto=12 -fno-plt -fno-signed-zeros -fno-trapping-math -fassociative-math -freciprocal-math -fno-math-errno -ffinite-math-only -fno-rounding-math -fno-signaling-nans -fcx-limited-range -fexcess-precision=fast -falign-functions=32 -fno-stack-protector -fno-stack-clash-protection -fstack-check=no -fno-stack-check -fuse-linker-plugin -pipe -g0 -Wl,-O1 -Wl,--as-needed -Wl,-z,norelro -Wl,-z,now -Wl,--sort-common -s -c suggestmgr.cxx  -fPIC -DPIC -o .libs/suggestmgr.o
libtool: compile:  x86_64-pc-linux-gnu-g++ -DHAVE_CONFIG_H -I. -I../.. -fvisibility=hidden -DBUILDING_LIBHUNSPELL -march=znver2 -O3 -fgraphite-identity -floop-nest-optimize -fdevirtualize-at-ltrans -fipa-pta -fno-semantic-interposition -flto=12 -fno-plt -fno-signed-zeros -fno-trapping-math -fassociative-math -freciprocal-math -fno-math-errno -ffinite-math-only -fno-rounding-math -fno-signaling-nans -fcx-limited-range -fexcess-precision=fast -falign-functions=32 -fno-stack-protector -fno-stack-clash-protection -fstack-check=no -fno-stack-check -fuse-linker-plugin -pipe -g0 -Wl,-O1 -Wl,--as-needed -Wl,-z,norelro -Wl,-z,now -Wl,--sort-common -s -c hunzip.cxx  -fPIC -DPIC -o .libs/hunzip.o
libtool: compile:  x86_64-pc-linux-gnu-g++ -DHAVE_CONFIG_H -I. -I../.. -fvisibility=hidden -DBUILDING_LIBHUNSPELL -march=znver2 -O3 -fgraphite-identity -floop-nest-optimize -fdevirtualize-at-ltrans -fipa-pta -fno-semantic-interposition -flto=12 -fno-plt -fno-signed-zeros -fno-trapping-math -fassociative-math -freciprocal-math -fno-math-errno -ffinite-math-only -fno-rounding-math -fno-signaling-nans -fcx-limited-range -fexcess-precision=fast -falign-functions=32 -fno-stack-protector -fno-stack-clash-protection -fstack-check=no -fno-stack-check -fuse-linker-plugin -pipe -g0 -Wl,-O1 -Wl,--as-needed -Wl,-z,norelro -Wl,-z,now -Wl,--sort-common -s -c hunspell.cxx  -fPIC -DPIC -o .libs/hunspell.o
libtool: compile:  x86_64-pc-linux-gnu-g++ -DHAVE_CONFIG_H -I. -I../.. -fvisibility=hidden -DBUILDING_LIBHUNSPELL -march=znver2 -O3 -fgraphite-identity -floop-nest-optimize -fdevirtualize-at-ltrans -fipa-pta -fno-semantic-interposition -flto=12 -fno-plt -fno-signed-zeros -fno-trapping-math -fassociative-math -freciprocal-math -fno-math-errno -ffinite-math-only -fno-rounding-math -fno-signaling-nans -fcx-limited-range -fexcess-precision=fast -falign-functions=32 -fno-stack-protector -fno-stack-clash-protection -fstack-check=no -fno-stack-check -fuse-linker-plugin -pipe -g0 -Wl,-O1 -Wl,--as-needed -Wl,-z,norelro -Wl,-z,now -Wl,--sort-common -s -c phonet.cxx  -fPIC -DPIC -o .libs/phonet.o
libtool: compile:  x86_64-pc-linux-gnu-g++ -DHAVE_CONFIG_H -I. -I../.. -fvisibility=hidden -DBUILDING_LIBHUNSPELL -march=znver2 -O3 -fgraphite-identity -floop-nest-optimize -fdevirtualize-at-ltrans -fipa-pta -fno-semantic-interposition -flto=12 -fno-plt -fno-signed-zeros -fno-trapping-math -fassociative-math -freciprocal-math -fno-math-errno -ffinite-math-only -fno-rounding-math -fno-signaling-nans -fcx-limited-range -fexcess-precision=fast -falign-functions=32 -fno-stack-protector -fno-stack-clash-protection -fstack-check=no -fno-stack-check -fuse-linker-plugin -pipe -g0 -Wl,-O1 -Wl,--as-needed -Wl,-z,norelro -Wl,-z,now -Wl,--sort-common -s -c csutil.cxx  -fPIC -DPIC -o .libs/csutil.o
libtool: compile:  x86_64-pc-linux-gnu-g++ -DHAVE_CONFIG_H -I. -I../.. -fvisibility=hidden -DBUILDING_LIBHUNSPELL -march=znver2 -O3 -fgraphite-identity -floop-nest-optimize -fdevirtualize-at-ltrans -fipa-pta -fno-semantic-interposition -flto=12 -fno-plt -fno-signed-zeros -fno-trapping-math -fassociative-math -freciprocal-math -fno-math-errno -ffinite-math-only -fno-rounding-math -fno-signaling-nans -fcx-limited-range -fexcess-precision=fast -falign-functions=32 -fno-stack-protector -fno-stack-clash-protection -fstack-check=no -fno-stack-check -fuse-linker-plugin -pipe -g0 -Wl,-O1 -Wl,--as-needed -Wl,-z,norelro -Wl,-z,now -Wl,--sort-common -s -c replist.cxx  -fPIC -DPIC -o .libs/replist.o
/bin/sh ../../libtool  --tag=CXX   --mode=link x86_64-pc-linux-gnu-g++ -fvisibility=hidden -DBUILDING_LIBHUNSPELL -march=znver2 -O3 -fgraphite-identity -floop-nest-optimize -fdevirtualize-at-ltrans -fipa-pta -fno-semantic-interposition -flto=12 -fno-plt -fno-signed-zeros -fno-trapping-math -fassociative-math -freciprocal-math -fno-math-errno -ffinite-math-only -fno-rounding-math -fno-signaling-nans -fcx-limited-range -fexcess-precision=fast -falign-functions=32 -fno-stack-protector -fno-stack-clash-protection -fstack-check=no -fno-stack-check -fuse-linker-plugin -pipe -g0 -Wl,-O1 -Wl,--as-needed -Wl,-z,norelro -Wl,-z,now -Wl,--sort-common -s -no-undefined -version-info 0:1:0 -Wl,-O1 -Wl,--as-needed -Wl,-z,norelro -Wl,-z,now -Wl,--sort-common -s -march=znver2 -O3 -fgraphite-identity -floop-nest-optimize -fdevirtualize-at-ltrans -fipa-pta -fno-semantic-interposition -flto=12 -fno-plt -fno-signed-zeros -fno-trapping-math -fassociative-math -freciprocal-math -fno-math-errno -ffinite-math-only -fno-rounding-math -fno-signaling-nans -fcx-limited-range -fexcess-precision=fast -falign-functions=32 -fno-stack-protector -fno-stack-clash-protection -fstack-check=no -fno-stack-check -fuse-linker-plugin -pipe -g0 -ltinfow -o libhunspell-1.7.la -rpath /usr/lib64 affentry.lo affixmgr.lo csutil.lo filemgr.lo hashmgr.lo hunspell.lo hunzip.lo phonet.lo replist.lo suggestmgr.lo   
libtool: link: x86_64-pc-linux-gnu-g++  -fPIC -DPIC -shared -nostdlib /usr/lib/gcc/x86_64-pc-linux-gnu/11.0.0/../../../../lib64/crti.o /usr/lib/gcc/x86_64-pc-linux-gnu/11.0.0/crtbeginS.o  .libs/affentry.o .libs/affixmgr.o .libs/csutil.o .libs/filemgr.o .libs/hashmgr.o .libs/hunspell.o .libs/hunzip.o .libs/phonet.o .libs/replist.o .libs/suggestmgr.o   -Wl,--as-needed -ltinfow -L/usr/lib/gcc/x86_64-pc-linux-gnu/11.0.0 -L/usr/lib/gcc/x86_64-pc-linux-gnu/11.0.0/../../../../lib64 -L/lib/../lib64 -L/usr/lib/../lib64 -L/usr/lib/gcc/x86_64-pc-linux-gnu/11.0.0/../../../../x86_64-pc-linux-gnu/lib -L/usr/lib/gcc/x86_64-pc-linux-gnu/11.0.0/../../.. -lstdc++ -lm -lc -lgcc_s /usr/lib/gcc/x86_64-pc-linux-gnu/11.0.0/crtendS.o /usr/lib/gcc/x86_64-pc-linux-gnu/11.0.0/../../../../lib64/crtn.o  -march=znver2 -O3 -flto=12 -fuse-linker-plugin -g0 -Wl,-O1 -Wl,-z -Wl,norelro -Wl,-z -Wl,now -Wl,--sort-common -Wl,-O1 -Wl,-z -Wl,norelro -Wl,-z -Wl,now -Wl,--sort-common -march=znver2 -O3 -flto=12 -fuse-linker-plugin -g0   -Wl,-soname -Wl,libhunspell-1.7.so.0 -o .libs/libhunspell-1.7.so.0.0.1
libtool: link: (cd ".libs" && rm -f "libhunspell-1.7.so.0" && ln -s "libhunspell-1.7.so.0.0.1" "libhunspell-1.7.so.0")
libtool: link: (cd ".libs" && rm -f "libhunspell-1.7.so" && ln -s "libhunspell-1.7.so.0.0.1" "libhunspell-1.7.so")
libtool: link: ( cd ".libs" && rm -f "libhunspell-1.7.la" && ln -s "../libhunspell-1.7.la" "libhunspell-1.7.la" )
make[3]: Leaving directory '/tmp/portage/app-text/hunspell-1.7.0-r1/work/hunspell-1.7.0/src/hunspell'
Making all in parsers
make[3]: Entering directory '/tmp/portage/app-text/hunspell-1.7.0-r1/work/hunspell-1.7.0/src/parsers'
x86_64-pc-linux-gnu-g++ -DHAVE_CONFIG_H -I. -I../..  -I../../src/hunspell   -march=znver2 -O3 -fgraphite-identity -floop-nest-optimize -fdevirtualize-at-ltrans -fipa-pta -fno-semantic-interposition -flto=12 -fno-plt -fno-signed-zeros -fno-trapping-math -fassociative-math -freciprocal-math -fno-math-errno -ffinite-math-only -fno-rounding-math -fno-signaling-nans -fcx-limited-range -fexcess-precision=fast -falign-functions=32 -fno-stack-protector -fno-stack-clash-protection -fstack-check=no -fno-stack-check -fuse-linker-plugin -pipe -g0 -Wl,-O1 -Wl,--as-needed -Wl,-z,norelro -Wl,-z,now -Wl,--sort-common -s -c -o firstparser.o firstparser.cxx
x86_64-pc-linux-gnu-g++ -DHAVE_CONFIG_H -I. -I../..  -I../../src/hunspell   -march=znver2 -O3 -fgraphite-identity -floop-nest-optimize -fdevirtualize-at-ltrans -fipa-pta -fno-semantic-interposition -flto=12 -fno-plt -fno-signed-zeros -fno-trapping-math -fassociative-math -freciprocal-math -fno-math-errno -ffinite-math-only -fno-rounding-math -fno-signaling-nans -fcx-limited-range -fexcess-precision=fast -falign-functions=32 -fno-stack-protector -fno-stack-clash-protection -fstack-check=no -fno-stack-check -fuse-linker-plugin -pipe -g0 -Wl,-O1 -Wl,--as-needed -Wl,-z,norelro -Wl,-z,now -Wl,--sort-common -s -c -o xmlparser.o xmlparser.cxx
x86_64-pc-linux-gnu-g++ -DHAVE_CONFIG_H -I. -I../..  -I../../src/hunspell   -march=znver2 -O3 -fgraphite-identity -floop-nest-optimize -fdevirtualize-at-ltrans -fipa-pta -fno-semantic-interposition -flto=12 -fno-plt -fno-signed-zeros -fno-trapping-math -fassociative-math -freciprocal-math -fno-math-errno -ffinite-math-only -fno-rounding-math -fno-signaling-nans -fcx-limited-range -fexcess-precision=fast -falign-functions=32 -fno-stack-protector -fno-stack-clash-protection -fstack-check=no -fno-stack-check -fuse-linker-plugin -pipe -g0 -Wl,-O1 -Wl,--as-needed -Wl,-z,norelro -Wl,-z,now -Wl,--sort-common -s -c -o latexparser.o latexparser.cxx
x86_64-pc-linux-gnu-g++ -DHAVE_CONFIG_H -I. -I../..  -I../../src/hunspell   -march=znver2 -O3 -fgraphite-identity -floop-nest-optimize -fdevirtualize-at-ltrans -fipa-pta -fno-semantic-interposition -flto=12 -fno-plt -fno-signed-zeros -fno-trapping-math -fassociative-math -freciprocal-math -fno-math-errno -ffinite-math-only -fno-rounding-math -fno-signaling-nans -fcx-limited-range -fexcess-precision=fast -falign-functions=32 -fno-stack-protector -fno-stack-clash-protection -fstack-check=no -fno-stack-check -fuse-linker-plugin -pipe -g0 -Wl,-O1 -Wl,--as-needed -Wl,-z,norelro -Wl,-z,now -Wl,--sort-common -s -c -o manparser.o manparser.cxx
x86_64-pc-linux-gnu-g++ -DHAVE_CONFIG_H -I. -I../..  -I../../src/hunspell   -march=znver2 -O3 -fgraphite-identity -floop-nest-optimize -fdevirtualize-at-ltrans -fipa-pta -fno-semantic-interposition -flto=12 -fno-plt -fno-signed-zeros -fno-trapping-math -fassociative-math -freciprocal-math -fno-math-errno -ffinite-math-only -fno-rounding-math -fno-signaling-nans -fcx-limited-range -fexcess-precision=fast -falign-functions=32 -fno-stack-protector -fno-stack-clash-protection -fstack-check=no -fno-stack-check -fuse-linker-plugin -pipe -g0 -Wl,-O1 -Wl,--as-needed -Wl,-z,norelro -Wl,-z,now -Wl,--sort-common -s -c -o testparser.o testparser.cxx
x86_64-pc-linux-gnu-g++ -DHAVE_CONFIG_H -I. -I../..  -I../../src/hunspell   -march=znver2 -O3 -fgraphite-identity -floop-nest-optimize -fdevirtualize-at-ltrans -fipa-pta -fno-semantic-interposition -flto=12 -fno-plt -fno-signed-zeros -fno-trapping-math -fassociative-math -freciprocal-math -fno-math-errno -ffinite-math-only -fno-rounding-math -fno-signaling-nans -fcx-limited-range -fexcess-precision=fast -falign-functions=32 -fno-stack-protector -fno-stack-clash-protection -fstack-check=no -fno-stack-check -fuse-linker-plugin -pipe -g0 -Wl,-O1 -Wl,--as-needed -Wl,-z,norelro -Wl,-z,now -Wl,--sort-common -s -c -o textparser.o textparser.cxx
x86_64-pc-linux-gnu-g++ -DHAVE_CONFIG_H -I. -I../..  -I../../src/hunspell   -march=znver2 -O3 -fgraphite-identity -floop-nest-optimize -fdevirtualize-at-ltrans -fipa-pta -fno-semantic-interposition -flto=12 -fno-plt -fno-signed-zeros -fno-trapping-math -fassociative-math -freciprocal-math -fno-math-errno -ffinite-math-only -fno-rounding-math -fno-signaling-nans -fcx-limited-range -fexcess-precision=fast -falign-functions=32 -fno-stack-protector -fno-stack-clash-protection -fstack-check=no -fno-stack-check -fuse-linker-plugin -pipe -g0 -Wl,-O1 -Wl,--as-needed -Wl,-z,norelro -Wl,-z,now -Wl,--sort-common -s -c -o htmlparser.o htmlparser.cxx
x86_64-pc-linux-gnu-g++ -DHAVE_CONFIG_H -I. -I../..  -I../../src/hunspell   -march=znver2 -O3 -fgraphite-identity -floop-nest-optimize -fdevirtualize-at-ltrans -fipa-pta -fno-semantic-interposition -flto=12 -fno-plt -fno-signed-zeros -fno-trapping-math -fassociative-math -freciprocal-math -fno-math-errno -ffinite-math-only -fno-rounding-math -fno-signaling-nans -fcx-limited-range -fexcess-precision=fast -falign-functions=32 -fno-stack-protector -fno-stack-clash-protection -fstack-check=no -fno-stack-check -fuse-linker-plugin -pipe -g0 -Wl,-O1 -Wl,--as-needed -Wl,-z,norelro -Wl,-z,now -Wl,--sort-common -s -c -o odfparser.o odfparser.cxx
rm -f libparsers.a
/bin/sh ../../libtool  --tag=CXX   --mode=link x86_64-pc-linux-gnu-g++  -march=znver2 -O3 -fgraphite-identity -floop-nest-optimize -fdevirtualize-at-ltrans -fipa-pta -fno-semantic-interposition -flto=12 -fno-plt -fno-signed-zeros -fno-trapping-math -fassociative-math -freciprocal-math -fno-math-errno -ffinite-math-only -fno-rounding-math -fno-signaling-nans -fcx-limited-range -fexcess-precision=fast -falign-functions=32 -fno-stack-protector -fno-stack-clash-protection -fstack-check=no -fno-stack-check -fuse-linker-plugin -pipe -g0 -Wl,-O1 -Wl,--as-needed -Wl,-z,norelro -Wl,-z,now -Wl,--sort-common -s  -Wl,-O1 -Wl,--as-needed -Wl,-z,norelro -Wl,-z,now -Wl,--sort-common -s -march=znver2 -O3 -fgraphite-identity -floop-nest-optimize -fdevirtualize-at-ltrans -fipa-pta -fno-semantic-interposition -flto=12 -fno-plt -fno-signed-zeros -fno-trapping-math -fassociative-math -freciprocal-math -fno-math-errno -ffinite-math-only -fno-rounding-math -fno-signaling-nans -fcx-limited-range -fexcess-precision=fast -falign-functions=32 -fno-stack-protector -fno-stack-clash-protection -fstack-check=no -fno-stack-check -fuse-linker-plugin -pipe -g0 -ltinfow -o testparser firstparser.o xmlparser.o latexparser.o manparser.o testparser.o textparser.o htmlparser.o odfparser.o ../hunspell/libhunspell-1.7.la 
x86_64-pc-linux-gnu-ar cru libparsers.a firstparser.o xmlparser.o latexparser.o manparser.o textparser.o htmlparser.o odfparser.o 
x86_64-pc-linux-gnu-ranlib libparsers.a
libtool: link: x86_64-pc-linux-gnu-g++ -march=znver2 -O3 -fgraphite-identity -floop-nest-optimize -fdevirtualize-at-ltrans -fipa-pta -fno-semantic-interposition -flto=12 -fno-plt -fno-signed-zeros -fno-trapping-math -fassociative-math -freciprocal-math -fno-math-errno -ffinite-math-only -fno-rounding-math -fno-signaling-nans -fcx-limited-range -fexcess-precision=fast -falign-functions=32 -fno-stack-protector -fno-stack-clash-protection -fstack-check=no -fno-stack-check -fuse-linker-plugin -pipe -g0 -Wl,-O1 -Wl,-z -Wl,norelro -Wl,-z -Wl,now -Wl,--sort-common -s -Wl,-O1 -Wl,-z -Wl,norelro -Wl,-z -Wl,now -Wl,--sort-common -s -march=znver2 -O3 -fgraphite-identity -floop-nest-optimize -fdevirtualize-at-ltrans -fipa-pta -fno-semantic-interposition -flto=12 -fno-plt -fno-signed-zeros -fno-trapping-math -fassociative-math -freciprocal-math -fno-math-errno -ffinite-math-only -fno-rounding-math -fno-signaling-nans -fcx-limited-range -fexcess-precision=fast -falign-functions=32 -fno-stack-protector -fno-stack-clash-protection -fstack-check=no -fno-stack-check -fuse-linker-plugin -pipe -g0 -o .libs/testparser firstparser.o xmlparser.o latexparser.o manparser.o testparser.o textparser.o htmlparser.o odfparser.o  -Wl,--as-needed ../hunspell/.libs/libhunspell-1.7.so -ltinfow
make[3]: Leaving directory '/tmp/portage/app-text/hunspell-1.7.0-r1/work/hunspell-1.7.0/src/parsers'
Making all in tools
make[3]: Entering directory '/tmp/portage/app-text/hunspell-1.7.0-r1/work/hunspell-1.7.0/src/tools'
x86_64-pc-linux-gnu-g++ -DHAVE_CONFIG_H -I. -I../..  -I../../src/hunspell -I../../src/hunspell -I../../src/parsers   -march=znver2 -O3 -fgraphite-identity -floop-nest-optimize -fdevirtualize-at-ltrans -fipa-pta -fno-semantic-interposition -flto=12 -fno-plt -fno-signed-zeros -fno-trapping-math -fassociative-math -freciprocal-math -fno-math-errno -ffinite-math-only -fno-rounding-math -fno-signaling-nans -fcx-limited-range -fexcess-precision=fast -falign-functions=32 -fno-stack-protector -fno-stack-clash-protection -fstack-check=no -fno-stack-check -fuse-linker-plugin -pipe -g0 -Wl,-O1 -Wl,--as-needed -Wl,-z,norelro -Wl,-z,now -Wl,--sort-common -s -c -o analyze.o analyze.cxx
x86_64-pc-linux-gnu-g++ -DHAVE_CONFIG_H -I. -I../..  -I../../src/hunspell -I../../src/hunspell -I../../src/parsers   -march=znver2 -O3 -fgraphite-identity -floop-nest-optimize -fdevirtualize-at-ltrans -fipa-pta -fno-semantic-interposition -flto=12 -fno-plt -fno-signed-zeros -fno-trapping-math -fassociative-math -freciprocal-math -fno-math-errno -ffinite-math-only -fno-rounding-math -fno-signaling-nans -fcx-limited-range -fexcess-precision=fast -falign-functions=32 -fno-stack-protector -fno-stack-clash-protection -fstack-check=no -fno-stack-check -fuse-linker-plugin -pipe -g0 -Wl,-O1 -Wl,--as-needed -Wl,-z,norelro -Wl,-z,now -Wl,--sort-common -s -c -o chmorph.o chmorph.cxx
x86_64-pc-linux-gnu-g++ -DHAVE_CONFIG_H -I. -I../..  -I../../src/hunspell -I../../src/hunspell -I../../src/parsers   -march=znver2 -O3 -fgraphite-identity -floop-nest-optimize -fdevirtualize-at-ltrans -fipa-pta -fno-semantic-interposition -flto=12 -fno-plt -fno-signed-zeros -fno-trapping-math -fassociative-math -freciprocal-math -fno-math-errno -ffinite-math-only -fno-rounding-math -fno-signaling-nans -fcx-limited-range -fexcess-precision=fast -falign-functions=32 -fno-stack-protector -fno-stack-clash-protection -fstack-check=no -fno-stack-check -fuse-linker-plugin -pipe -g0 -Wl,-O1 -Wl,--as-needed -Wl,-z,norelro -Wl,-z,now -Wl,--sort-common -s -c -o hunspell.o hunspell.cxx
x86_64-pc-linux-gnu-g++ -DHAVE_CONFIG_H -I. -I../..  -I../../src/hunspell -I../../src/hunspell -I../../src/parsers   -march=znver2 -O3 -fgraphite-identity -floop-nest-optimize -fdevirtualize-at-ltrans -fipa-pta -fno-semantic-interposition -flto=12 -fno-plt -fno-signed-zeros -fno-trapping-math -fassociative-math -freciprocal-math -fno-math-errno -ffinite-math-only -fno-rounding-math -fno-signaling-nans -fcx-limited-range -fexcess-precision=fast -falign-functions=32 -fno-stack-protector -fno-stack-clash-protection -fstack-check=no -fno-stack-check -fuse-linker-plugin -pipe -g0 -Wl,-O1 -Wl,--as-needed -Wl,-z,norelro -Wl,-z,now -Wl,--sort-common -s -c -o munch.o munch.cxx
x86_64-pc-linux-gnu-g++ -DHAVE_CONFIG_H -I. -I../..  -I../../src/hunspell -I../../src/hunspell -I../../src/parsers   -march=znver2 -O3 -fgraphite-identity -floop-nest-optimize -fdevirtualize-at-ltrans -fipa-pta -fno-semantic-interposition -flto=12 -fno-plt -fno-signed-zeros -fno-trapping-math -fassociative-math -freciprocal-math -fno-math-errno -ffinite-math-only -fno-rounding-math -fno-signaling-nans -fcx-limited-range -fexcess-precision=fast -falign-functions=32 -fno-stack-protector -fno-stack-clash-protection -fstack-check=no -fno-stack-check -fuse-linker-plugin -pipe -g0 -Wl,-O1 -Wl,--as-needed -Wl,-z,norelro -Wl,-z,now -Wl,--sort-common -s -c -o unmunch.o unmunch.cxx
x86_64-pc-linux-gnu-g++ -DHAVE_CONFIG_H -I. -I../..  -I../../src/hunspell -I../../src/hunspell -I../../src/parsers   -march=znver2 -O3 -fgraphite-identity -floop-nest-optimize -fdevirtualize-at-ltrans -fipa-pta -fno-semantic-interposition -flto=12 -fno-plt -fno-signed-zeros -fno-trapping-math -fassociative-math -freciprocal-math -fno-math-errno -ffinite-math-only -fno-rounding-math -fno-signaling-nans -fcx-limited-range -fexcess-precision=fast -falign-functions=32 -fno-stack-protector -fno-stack-clash-protection -fstack-check=no -fno-stack-check -fuse-linker-plugin -pipe -g0 -Wl,-O1 -Wl,--as-needed -Wl,-z,norelro -Wl,-z,now -Wl,--sort-common -s -c -o hzip.o hzip.cxx
x86_64-pc-linux-gnu-g++ -DHAVE_CONFIG_H -I. -I../..  -I../../src/hunspell -I../../src/hunspell -I../../src/parsers   -march=znver2 -O3 -fgraphite-identity -floop-nest-optimize -fdevirtualize-at-ltrans -fipa-pta -fno-semantic-interposition -flto=12 -fno-plt -fno-signed-zeros -fno-trapping-math -fassociative-math -freciprocal-math -fno-math-errno -ffinite-math-only -fno-rounding-math -fno-signaling-nans -fcx-limited-range -fexcess-precision=fast -falign-functions=32 -fno-stack-protector -fno-stack-clash-protection -fstack-check=no -fno-stack-check -fuse-linker-plugin -pipe -g0 -Wl,-O1 -Wl,--as-needed -Wl,-z,norelro -Wl,-z,now -Wl,--sort-common -s -c -o hunzip.o hunzip.cxx
x86_64-pc-linux-gnu-g++ -DHAVE_CONFIG_H -I. -I../..  -I../../src/hunspell -I../../src/hunspell -I../../src/parsers   -march=znver2 -O3 -fgraphite-identity -floop-nest-optimize -fdevirtualize-at-ltrans -fipa-pta -fno-semantic-interposition -flto=12 -fno-plt -fno-signed-zeros -fno-trapping-math -fassociative-math -freciprocal-math -fno-math-errno -ffinite-math-only -fno-rounding-math -fno-signaling-nans -fcx-limited-range -fexcess-precision=fast -falign-functions=32 -fno-stack-protector -fno-stack-clash-protection -fstack-check=no -fno-stack-check -fuse-linker-plugin -pipe -g0 -Wl,-O1 -Wl,--as-needed -Wl,-z,norelro -Wl,-z,now -Wl,--sort-common -s -c -o example.o example.cxx
/bin/sh ../../libtool  --tag=CXX   --mode=link x86_64-pc-linux-gnu-g++  -march=znver2 -O3 -fgraphite-identity -floop-nest-optimize -fdevirtualize-at-ltrans -fipa-pta -fno-semantic-interposition -flto=12 -fno-plt -fno-signed-zeros -fno-trapping-math -fassociative-math -freciprocal-math -fno-math-errno -ffinite-math-only -fno-rounding-math -fno-signaling-nans -fcx-limited-range -fexcess-precision=fast -falign-functions=32 -fno-stack-protector -fno-stack-clash-protection -fstack-check=no -fno-stack-check -fuse-linker-plugin -pipe -g0 -Wl,-O1 -Wl,--as-needed -Wl,-z,norelro -Wl,-z,now -Wl,--sort-common -s  -Wl,-O1 -Wl,--as-needed -Wl,-z,norelro -Wl,-z,now -Wl,--sort-common -s -march=znver2 -O3 -fgraphite-identity -floop-nest-optimize -fdevirtualize-at-ltrans -fipa-pta -fno-semantic-interposition -flto=12 -fno-plt -fno-signed-zeros -fno-trapping-math -fassociative-math -freciprocal-math -fno-math-errno -ffinite-math-only -fno-rounding-math -fno-signaling-nans -fcx-limited-range -fexcess-precision=fast -falign-functions=32 -fno-stack-protector -fno-stack-clash-protection -fstack-check=no -fno-stack-check -fuse-linker-plugin -pipe -g0 -ltinfow -o hzip hzip.o  
/bin/sh ../../libtool  --tag=CXX   --mode=link x86_64-pc-linux-gnu-g++  -march=znver2 -O3 -fgraphite-identity -floop-nest-optimize -fdevirtualize-at-ltrans -fipa-pta -fno-semantic-interposition -flto=12 -fno-plt -fno-signed-zeros -fno-trapping-math -fassociative-math -freciprocal-math -fno-math-errno -ffinite-math-only -fno-rounding-math -fno-signaling-nans -fcx-limited-range -fexcess-precision=fast -falign-functions=32 -fno-stack-protector -fno-stack-clash-protection -fstack-check=no -fno-stack-check -fuse-linker-plugin -pipe -g0 -Wl,-O1 -Wl,--as-needed -Wl,-z,norelro -Wl,-z,now -Wl,--sort-common -s  -Wl,-O1 -Wl,--as-needed -Wl,-z,norelro -Wl,-z,now -Wl,--sort-common -s -march=znver2 -O3 -fgraphite-identity -floop-nest-optimize -fdevirtualize-at-ltrans -fipa-pta -fno-semantic-interposition -flto=12 -fno-plt -fno-signed-zeros -fno-trapping-math -fassociative-math -freciprocal-math -fno-math-errno -ffinite-math-only -fno-rounding-math -fno-signaling-nans -fcx-limited-range -fexcess-precision=fast -falign-functions=32 -fno-stack-protector -fno-stack-clash-protection -fstack-check=no -fno-stack-check -fuse-linker-plugin -pipe -g0 -ltinfow -o hunspell-unmunch unmunch.o  
/bin/sh ../../libtool  --tag=CXX   --mode=link x86_64-pc-linux-gnu-g++  -march=znver2 -O3 -fgraphite-identity -floop-nest-optimize -fdevirtualize-at-ltrans -fipa-pta -fno-semantic-interposition -flto=12 -fno-plt -fno-signed-zeros -fno-trapping-math -fassociative-math -freciprocal-math -fno-math-errno -ffinite-math-only -fno-rounding-math -fno-signaling-nans -fcx-limited-range -fexcess-precision=fast -falign-functions=32 -fno-stack-protector -fno-stack-clash-protection -fstack-check=no -fno-stack-check -fuse-linker-plugin -pipe -g0 -Wl,-O1 -Wl,--as-needed -Wl,-z,norelro -Wl,-z,now -Wl,--sort-common -s  -Wl,-O1 -Wl,--as-needed -Wl,-z,norelro -Wl,-z,now -Wl,--sort-common -s -march=znver2 -O3 -fgraphite-identity -floop-nest-optimize -fdevirtualize-at-ltrans -fipa-pta -fno-semantic-interposition -flto=12 -fno-plt -fno-signed-zeros -fno-trapping-math -fassociative-math -freciprocal-math -fno-math-errno -ffinite-math-only -fno-rounding-math -fno-signaling-nans -fcx-limited-range -fexcess-precision=fast -falign-functions=32 -fno-stack-protector -fno-stack-clash-protection -fstack-check=no -fno-stack-check -fuse-linker-plugin -pipe -g0 -ltinfow -o hunspell-chmorph chmorph.o ../parsers/libparsers.a ../hunspell/libhunspell-1.7.la 
/bin/sh ../../libtool  --tag=CXX   --mode=link x86_64-pc-linux-gnu-g++  -march=znver2 -O3 -fgraphite-identity -floop-nest-optimize -fdevirtualize-at-ltrans -fipa-pta -fno-semantic-interposition -flto=12 -fno-plt -fno-signed-zeros -fno-trapping-math -fassociative-math -freciprocal-math -fno-math-errno -ffinite-math-only -fno-rounding-math -fno-signaling-nans -fcx-limited-range -fexcess-precision=fast -falign-functions=32 -fno-stack-protector -fno-stack-clash-protection -fstack-check=no -fno-stack-check -fuse-linker-plugin -pipe -g0 -Wl,-O1 -Wl,--as-needed -Wl,-z,norelro -Wl,-z,now -Wl,--sort-common -s  -Wl,-O1 -Wl,--as-needed -Wl,-z,norelro -Wl,-z,now -Wl,--sort-common -s -march=znver2 -O3 -fgraphite-identity -floop-nest-optimize -fdevirtualize-at-ltrans -fipa-pta -fno-semantic-interposition -flto=12 -fno-plt -fno-signed-zeros -fno-trapping-math -fassociative-math -freciprocal-math -fno-math-errno -ffinite-math-only -fno-rounding-math -fno-signaling-nans -fcx-limited-range -fexcess-precision=fast -falign-functions=32 -fno-stack-protector -fno-stack-clash-protection -fstack-check=no -fno-stack-check -fuse-linker-plugin -pipe -g0 -ltinfow -o hunspell-munch munch.o  
/bin/sh ../../libtool  --tag=CXX   --mode=link x86_64-pc-linux-gnu-g++  -march=znver2 -O3 -fgraphite-identity -floop-nest-optimize -fdevirtualize-at-ltrans -fipa-pta -fno-semantic-interposition -flto=12 -fno-plt -fno-signed-zeros -fno-trapping-math -fassociative-math -freciprocal-math -fno-math-errno -ffinite-math-only -fno-rounding-math -fno-signaling-nans -fcx-limited-range -fexcess-precision=fast -falign-functions=32 -fno-stack-protector -fno-stack-clash-protection -fstack-check=no -fno-stack-check -fuse-linker-plugin -pipe -g0 -Wl,-O1 -Wl,--as-needed -Wl,-z,norelro -Wl,-z,now -Wl,--sort-common -s  -Wl,-O1 -Wl,--as-needed -Wl,-z,norelro -Wl,-z,now -Wl,--sort-common -s -march=znver2 -O3 -fgraphite-identity -floop-nest-optimize -fdevirtualize-at-ltrans -fipa-pta -fno-semantic-interposition -flto=12 -fno-plt -fno-signed-zeros -fno-trapping-math -fassociative-math -freciprocal-math -fno-math-errno -ffinite-math-only -fno-rounding-math -fno-signaling-nans -fcx-limited-range -fexcess-precision=fast -falign-functions=32 -fno-stack-protector -fno-stack-clash-protection -fstack-check=no -fno-stack-check -fuse-linker-plugin -pipe -g0 -ltinfow -o hunzip hunzip.o ../hunspell/libhunspell-1.7.la 
/bin/sh ../../libtool  --tag=CXX   --mode=link x86_64-pc-linux-gnu-g++  -march=znver2 -O3 -fgraphite-identity -floop-nest-optimize -fdevirtualize-at-ltrans -fipa-pta -fno-semantic-interposition -flto=12 -fno-plt -fno-signed-zeros -fno-trapping-math -fassociative-math -freciprocal-math -fno-math-errno -ffinite-math-only -fno-rounding-math -fno-signaling-nans -fcx-limited-range -fexcess-precision=fast -falign-functions=32 -fno-stack-protector -fno-stack-clash-protection -fstack-check=no -fno-stack-check -fuse-linker-plugin -pipe -g0 -Wl,-O1 -Wl,--as-needed -Wl,-z,norelro -Wl,-z,now -Wl,--sort-common -s  -Wl,-O1 -Wl,--as-needed -Wl,-z,norelro -Wl,-z,now -Wl,--sort-common -s -march=znver2 -O3 -fgraphite-identity -floop-nest-optimize -fdevirtualize-at-ltrans -fipa-pta -fno-semantic-interposition -flto=12 -fno-plt -fno-signed-zeros -fno-trapping-math -fassociative-math -freciprocal-math -fno-math-errno -ffinite-math-only -fno-rounding-math -fno-signaling-nans -fcx-limited-range -fexcess-precision=fast -falign-functions=32 -fno-stack-protector -fno-stack-clash-protection -fstack-check=no -fno-stack-check -fuse-linker-plugin -pipe -g0 -ltinfow -o hunspell-analyze analyze.o ../hunspell/libhunspell-1.7.la 
/bin/sh ../../libtool  --tag=CXX   --mode=link x86_64-pc-linux-gnu-g++  -march=znver2 -O3 -fgraphite-identity -floop-nest-optimize -fdevirtualize-at-ltrans -fipa-pta -fno-semantic-interposition -flto=12 -fno-plt -fno-signed-zeros -fno-trapping-math -fassociative-math -freciprocal-math -fno-math-errno -ffinite-math-only -fno-rounding-math -fno-signaling-nans -fcx-limited-range -fexcess-precision=fast -falign-functions=32 -fno-stack-protector -fno-stack-clash-protection -fstack-check=no -fno-stack-check -fuse-linker-plugin -pipe -g0 -Wl,-O1 -Wl,--as-needed -Wl,-z,norelro -Wl,-z,now -Wl,--sort-common -s  -Wl,-O1 -Wl,--as-needed -Wl,-z,norelro -Wl,-z,now -Wl,--sort-common -s -march=znver2 -O3 -fgraphite-identity -floop-nest-optimize -fdevirtualize-at-ltrans -fipa-pta -fno-semantic-interposition -flto=12 -fno-plt -fno-signed-zeros -fno-trapping-math -fassociative-math -freciprocal-math -fno-math-errno -ffinite-math-only -fno-rounding-math -fno-signaling-nans -fcx-limited-range -fexcess-precision=fast -falign-functions=32 -fno-stack-protector -fno-stack-clash-protection -fstack-check=no -fno-stack-check -fuse-linker-plugin -pipe -g0 -ltinfow -o example example.o ../hunspell/libhunspell-1.7.la 
libtool: link: x86_64-pc-linux-gnu-g++ -march=znver2 -O3 -fgraphite-identity -floop-nest-optimize -fdevirtualize-at-ltrans -fipa-pta -fno-semantic-interposition -flto=12 -fno-plt -fno-signed-zeros -fno-trapping-math -fassociative-math -freciprocal-math -fno-math-errno -ffinite-math-only -fno-rounding-math -fno-signaling-nans -fcx-limited-range -fexcess-precision=fast -falign-functions=32 -fno-stack-protector -fno-stack-clash-protection -fstack-check=no -fno-stack-check -fuse-linker-plugin -pipe -g0 -Wl,-O1 -Wl,-z -Wl,norelro -Wl,-z -Wl,now -Wl,--sort-common -s -Wl,-O1 -Wl,-z -Wl,norelro -Wl,-z -Wl,now -Wl,--sort-common -s -march=znver2 -O3 -fgraphite-identity -floop-nest-optimize -fdevirtualize-at-ltrans -fipa-pta -fno-semantic-interposition -flto=12 -fno-plt -fno-signed-zeros -fno-trapping-math -fassociative-math -freciprocal-math -fno-math-errno -ffinite-math-only -fno-rounding-math -fno-signaling-nans -fcx-limited-range -fexcess-precision=fast -falign-functions=32 -fno-stack-protector -fno-stack-clash-protection -fstack-check=no -fno-stack-check -fuse-linker-plugin -pipe -g0 -o hunspell-unmunch unmunch.o  -Wl,--as-needed -ltinfow
libtool: link: x86_64-pc-linux-gnu-g++ -march=znver2 -O3 -fgraphite-identity -floop-nest-optimize -fdevirtualize-at-ltrans -fipa-pta -fno-semantic-interposition -flto=12 -fno-plt -fno-signed-zeros -fno-trapping-math -fassociative-math -freciprocal-math -fno-math-errno -ffinite-math-only -fno-rounding-math -fno-signaling-nans -fcx-limited-range -fexcess-precision=fast -falign-functions=32 -fno-stack-protector -fno-stack-clash-protection -fstack-check=no -fno-stack-check -fuse-linker-plugin -pipe -g0 -Wl,-O1 -Wl,-z -Wl,norelro -Wl,-z -Wl,now -Wl,--sort-common -s -Wl,-O1 -Wl,-z -Wl,norelro -Wl,-z -Wl,now -Wl,--sort-common -s -march=znver2 -O3 -fgraphite-identity -floop-nest-optimize -fdevirtualize-at-ltrans -fipa-pta -fno-semantic-interposition -flto=12 -fno-plt -fno-signed-zeros -fno-trapping-math -fassociative-math -freciprocal-math -fno-math-errno -ffinite-math-only -fno-rounding-math -fno-signaling-nans -fcx-limited-range -fexcess-precision=fast -falign-functions=32 -fno-stack-protector -fno-stack-clash-protection -fstack-check=no -fno-stack-check -fuse-linker-plugin -pipe -g0 -o hzip hzip.o  -Wl,--as-needed -ltinfow
libtool: link: x86_64-pc-linux-gnu-g++ -march=znver2 -O3 -fgraphite-identity -floop-nest-optimize -fdevirtualize-at-ltrans -fipa-pta -fno-semantic-interposition -flto=12 -fno-plt -fno-signed-zeros -fno-trapping-math -fassociative-math -freciprocal-math -fno-math-errno -ffinite-math-only -fno-rounding-math -fno-signaling-nans -fcx-limited-range -fexcess-precision=fast -falign-functions=32 -fno-stack-protector -fno-stack-clash-protection -fstack-check=no -fno-stack-check -fuse-linker-plugin -pipe -g0 -Wl,-O1 -Wl,-z -Wl,norelro -Wl,-z -Wl,now -Wl,--sort-common -s -Wl,-O1 -Wl,-z -Wl,norelro -Wl,-z -Wl,now -Wl,--sort-common -s -march=znver2 -O3 -fgraphite-identity -floop-nest-optimize -fdevirtualize-at-ltrans -fipa-pta -fno-semantic-interposition -flto=12 -fno-plt -fno-signed-zeros -fno-trapping-math -fassociative-math -freciprocal-math -fno-math-errno -ffinite-math-only -fno-rounding-math -fno-signaling-nans -fcx-limited-range -fexcess-precision=fast -falign-functions=32 -fno-stack-protector -fno-stack-clash-protection -fstack-check=no -fno-stack-check -fuse-linker-plugin -pipe -g0 -o hunspell-munch munch.o  -Wl,--as-needed -ltinfow
libtool: link: x86_64-pc-linux-gnu-g++ -march=znver2 -O3 -fgraphite-identity -floop-nest-optimize -fdevirtualize-at-ltrans -fipa-pta -fno-semantic-interposition -flto=12 -fno-plt -fno-signed-zeros -fno-trapping-math -fassociative-math -freciprocal-math -fno-math-errno -ffinite-math-only -fno-rounding-math -fno-signaling-nans -fcx-limited-range -fexcess-precision=fast -falign-functions=32 -fno-stack-protector -fno-stack-clash-protection -fstack-check=no -fno-stack-check -fuse-linker-plugin -pipe -g0 -Wl,-O1 -Wl,-z -Wl,norelro -Wl,-z -Wl,now -Wl,--sort-common -s -Wl,-O1 -Wl,-z -Wl,norelro -Wl,-z -Wl,now -Wl,--sort-common -s -march=znver2 -O3 -fgraphite-identity -floop-nest-optimize -fdevirtualize-at-ltrans -fipa-pta -fno-semantic-interposition -flto=12 -fno-plt -fno-signed-zeros -fno-trapping-math -fassociative-math -freciprocal-math -fno-math-errno -ffinite-math-only -fno-rounding-math -fno-signaling-nans -fcx-limited-range -fexcess-precision=fast -falign-functions=32 -fno-stack-protector -fno-stack-clash-protection -fstack-check=no -fno-stack-check -fuse-linker-plugin -pipe -g0 -o .libs/hunspell-chmorph chmorph.o  -Wl,--as-needed ../parsers/libparsers.a ../hunspell/.libs/libhunspell-1.7.so -ltinfow
libtool: link: x86_64-pc-linux-gnu-g++ -march=znver2 -O3 -fgraphite-identity -floop-nest-optimize -fdevirtualize-at-ltrans -fipa-pta -fno-semantic-interposition -flto=12 -fno-plt -fno-signed-zeros -fno-trapping-math -fassociative-math -freciprocal-math -fno-math-errno -ffinite-math-only -fno-rounding-math -fno-signaling-nans -fcx-limited-range -fexcess-precision=fast -falign-functions=32 -fno-stack-protector -fno-stack-clash-protection -fstack-check=no -fno-stack-check -fuse-linker-plugin -pipe -g0 -Wl,-O1 -Wl,-z -Wl,norelro -Wl,-z -Wl,now -Wl,--sort-common -s -Wl,-O1 -Wl,-z -Wl,norelro -Wl,-z -Wl,now -Wl,--sort-common -s -march=znver2 -O3 -fgraphite-identity -floop-nest-optimize -fdevirtualize-at-ltrans -fipa-pta -fno-semantic-interposition -flto=12 -fno-plt -fno-signed-zeros -fno-trapping-math -fassociative-math -freciprocal-math -fno-math-errno -ffinite-math-only -fno-rounding-math -fno-signaling-nans -fcx-limited-range -fexcess-precision=fast -falign-functions=32 -fno-stack-protector -fno-stack-clash-protection -fstack-check=no -fno-stack-check -fuse-linker-plugin -pipe -g0 -o .libs/hunzip hunzip.o  -Wl,--as-needed ../hunspell/.libs/libhunspell-1.7.so -ltinfow
libtool: link: x86_64-pc-linux-gnu-g++ -march=znver2 -O3 -fgraphite-identity -floop-nest-optimize -fdevirtualize-at-ltrans -fipa-pta -fno-semantic-interposition -flto=12 -fno-plt -fno-signed-zeros -fno-trapping-math -fassociative-math -freciprocal-math -fno-math-errno -ffinite-math-only -fno-rounding-math -fno-signaling-nans -fcx-limited-range -fexcess-precision=fast -falign-functions=32 -fno-stack-protector -fno-stack-clash-protection -fstack-check=no -fno-stack-check -fuse-linker-plugin -pipe -g0 -Wl,-O1 -Wl,-z -Wl,norelro -Wl,-z -Wl,now -Wl,--sort-common -s -Wl,-O1 -Wl,-z -Wl,norelro -Wl,-z -Wl,now -Wl,--sort-common -s -march=znver2 -O3 -fgraphite-identity -floop-nest-optimize -fdevirtualize-at-ltrans -fipa-pta -fno-semantic-interposition -flto=12 -fno-plt -fno-signed-zeros -fno-trapping-math -fassociative-math -freciprocal-math -fno-math-errno -ffinite-math-only -fno-rounding-math -fno-signaling-nans -fcx-limited-range -fexcess-precision=fast -falign-functions=32 -fno-stack-protector -fno-stack-clash-protection -fstack-check=no -fno-stack-check -fuse-linker-plugin -pipe -g0 -o .libs/hunspell-analyze analyze.o  -Wl,--as-needed ../hunspell/.libs/libhunspell-1.7.so -ltinfow
/bin/sh ../../libtool  --tag=CXX   --mode=link x86_64-pc-linux-gnu-g++  -march=znver2 -O3 -fgraphite-identity -floop-nest-optimize -fdevirtualize-at-ltrans -fipa-pta -fno-semantic-interposition -flto=12 -fno-plt -fno-signed-zeros -fno-trapping-math -fassociative-math -freciprocal-math -fno-math-errno -ffinite-math-only -fno-rounding-math -fno-signaling-nans -fcx-limited-range -fexcess-precision=fast -falign-functions=32 -fno-stack-protector -fno-stack-clash-protection -fstack-check=no -fno-stack-check -fuse-linker-plugin -pipe -g0 -Wl,-O1 -Wl,--as-needed -Wl,-z,norelro -Wl,-z,now -Wl,--sort-common -s  -Wl,-O1 -Wl,--as-needed -Wl,-z,norelro -Wl,-z,now -Wl,--sort-common -s -march=znver2 -O3 -fgraphite-identity -floop-nest-optimize -fdevirtualize-at-ltrans -fipa-pta -fno-semantic-interposition -flto=12 -fno-plt -fno-signed-zeros -fno-trapping-math -fassociative-math -freciprocal-math -fno-math-errno -ffinite-math-only -fno-rounding-math -fno-signaling-nans -fcx-limited-range -fexcess-precision=fast -falign-functions=32 -fno-stack-protector -fno-stack-clash-protection -fstack-check=no -fno-stack-check -fuse-linker-plugin -pipe -g0 -ltinfow -o hunspell hunspell.o  ../parsers/libparsers.a ../hunspell/libhunspell-1.7.la -lncursesw -ltinfow -lreadline -ltinfow 
libtool: link: x86_64-pc-linux-gnu-g++ -march=znver2 -O3 -fgraphite-identity -floop-nest-optimize -fdevirtualize-at-ltrans -fipa-pta -fno-semantic-interposition -flto=12 -fno-plt -fno-signed-zeros -fno-trapping-math -fassociative-math -freciprocal-math -fno-math-errno -ffinite-math-only -fno-rounding-math -fno-signaling-nans -fcx-limited-range -fexcess-precision=fast -falign-functions=32 -fno-stack-protector -fno-stack-clash-protection -fstack-check=no -fno-stack-check -fuse-linker-plugin -pipe -g0 -Wl,-O1 -Wl,-z -Wl,norelro -Wl,-z -Wl,now -Wl,--sort-common -s -Wl,-O1 -Wl,-z -Wl,norelro -Wl,-z -Wl,now -Wl,--sort-common -s -march=znver2 -O3 -fgraphite-identity -floop-nest-optimize -fdevirtualize-at-ltrans -fipa-pta -fno-semantic-interposition -flto=12 -fno-plt -fno-signed-zeros -fno-trapping-math -fassociative-math -freciprocal-math -fno-math-errno -ffinite-math-only -fno-rounding-math -fno-signaling-nans -fcx-limited-range -fexcess-precision=fast -falign-functions=32 -fno-stack-protector -fno-stack-clash-protection -fstack-check=no -fno-stack-check -fuse-linker-plugin -pipe -g0 -o .libs/example example.o  -Wl,--as-needed ../hunspell/.libs/libhunspell-1.7.so -ltinfow
libtool: link: x86_64-pc-linux-gnu-g++ -march=znver2 -O3 -fgraphite-identity -floop-nest-optimize -fdevirtualize-at-ltrans -fipa-pta -fno-semantic-interposition -flto=12 -fno-plt -fno-signed-zeros -fno-trapping-math -fassociative-math -freciprocal-math -fno-math-errno -ffinite-math-only -fno-rounding-math -fno-signaling-nans -fcx-limited-range -fexcess-precision=fast -falign-functions=32 -fno-stack-protector -fno-stack-clash-protection -fstack-check=no -fno-stack-check -fuse-linker-plugin -pipe -g0 -Wl,-O1 -Wl,-z -Wl,norelro -Wl,-z -Wl,now -Wl,--sort-common -s -Wl,-O1 -Wl,-z -Wl,norelro -Wl,-z -Wl,now -Wl,--sort-common -s -march=znver2 -O3 -fgraphite-identity -floop-nest-optimize -fdevirtualize-at-ltrans -fipa-pta -fno-semantic-interposition -flto=12 -fno-plt -fno-signed-zeros -fno-trapping-math -fassociative-math -freciprocal-math -fno-math-errno -ffinite-math-only -fno-rounding-math -fno-signaling-nans -fcx-limited-range -fexcess-precision=fast -falign-functions=32 -fno-stack-protector -fno-stack-clash-protection -fstack-check=no -fno-stack-check -fuse-linker-plugin -pipe -g0 -o .libs/hunspell hunspell.o  -Wl,--as-needed ../parsers/libparsers.a ../hunspell/.libs/libhunspell-1.7.so -lncursesw -lreadline -ltinfow
make[3]: Leaving directory '/tmp/portage/app-text/hunspell-1.7.0-r1/work/hunspell-1.7.0/src/tools'
make[3]: Entering directory '/tmp/portage/app-text/hunspell-1.7.0-r1/work/hunspell-1.7.0/src'
make[3]: Nothing to be done for 'all-am'.
make[3]: Leaving directory '/tmp/portage/app-text/hunspell-1.7.0-r1/work/hunspell-1.7.0/src'
make[2]: Leaving directory '/tmp/portage/app-text/hunspell-1.7.0-r1/work/hunspell-1.7.0/src'
Making all in man
make[2]: Entering directory '/tmp/portage/app-text/hunspell-1.7.0-r1/work/hunspell-1.7.0/man'
Making all in hu
make[3]: Entering directory '/tmp/portage/app-text/hunspell-1.7.0-r1/work/hunspell-1.7.0/man/hu'
make[3]: Nothing to be done for 'all'.
make[3]: Leaving directory '/tmp/portage/app-text/hunspell-1.7.0-r1/work/hunspell-1.7.0/man/hu'
make[3]: Entering directory '/tmp/portage/app-text/hunspell-1.7.0-r1/work/hunspell-1.7.0/man'
make[3]: Nothing to be done for 'all-am'.
make[3]: Leaving directory '/tmp/portage/app-text/hunspell-1.7.0-r1/work/hunspell-1.7.0/man'
make[2]: Leaving directory '/tmp/portage/app-text/hunspell-1.7.0-r1/work/hunspell-1.7.0/man'
Making all in tests
make[2]: Entering directory '/tmp/portage/app-text/hunspell-1.7.0-r1/work/hunspell-1.7.0/tests'
Making all in suggestiontest
make[3]: Entering directory '/tmp/portage/app-text/hunspell-1.7.0-r1/work/hunspell-1.7.0/tests/suggestiontest'
make[3]: Nothing to be done for 'all'.
make[3]: Leaving directory '/tmp/portage/app-text/hunspell-1.7.0-r1/work/hunspell-1.7.0/tests/suggestiontest'
make[3]: Entering directory '/tmp/portage/app-text/hunspell-1.7.0-r1/work/hunspell-1.7.0/tests'
make[3]: Nothing to be done for 'all-am'.
make[3]: Leaving directory '/tmp/portage/app-text/hunspell-1.7.0-r1/work/hunspell-1.7.0/tests'
make[2]: Leaving directory '/tmp/portage/app-text/hunspell-1.7.0-r1/work/hunspell-1.7.0/tests'
make[2]: Entering directory '/tmp/portage/app-text/hunspell-1.7.0-r1/work/hunspell-1.7.0'
make[2]: Leaving directory '/tmp/portage/app-text/hunspell-1.7.0-r1/work/hunspell-1.7.0'
make[1]: Leaving directory '/tmp/portage/app-text/hunspell-1.7.0-r1/work/hunspell-1.7.0'
>>> Source compiled.
>>> Test phase [not enabled]: app-text/hunspell-1.7.0-r1

>>> Install app-text/hunspell-1.7.0-r1 into /tmp/portage/app-text/hunspell-1.7.0-r1/image
make -j12 -l12 DESTDIR=/tmp/portage/app-text/hunspell-1.7.0-r1/image install 
Making install in po
make[1]: Entering directory '/tmp/portage/app-text/hunspell-1.7.0-r1/work/hunspell-1.7.0/po'
Makefile:190: warning: ignoring prerequisites on suffix rule definition
if test "hunspell" = "gettext-tools"; then \
  /bin/mkdir -p /tmp/portage/app-text/hunspell-1.7.0-r1/image/usr/share/gettext/po; \
  for file in Makefile.in.in remove-potcdate.sin quot.sed boldquot.sed en@quot.header en@boldquot.header insert-header.sin Rules-quot   Makevars.template; do \
    /usr/lib/portage/python3.8/ebuild-helpers/xattr/install -c -m 644 ./$file \
		    /tmp/portage/app-text/hunspell-1.7.0-r1/image/usr/share/gettext/po/$file; \
  done; \
  for file in Makevars; do \
    rm -f /tmp/portage/app-text/hunspell-1.7.0-r1/image/usr/share/gettext/po/$file; \
  done; \
else \
  : ; \
fi
make[1]: Leaving directory '/tmp/portage/app-text/hunspell-1.7.0-r1/work/hunspell-1.7.0/po'
Making install in src
make[1]: Entering directory '/tmp/portage/app-text/hunspell-1.7.0-r1/work/hunspell-1.7.0/src'
Making install in hunspell
make[2]: Entering directory '/tmp/portage/app-text/hunspell-1.7.0-r1/work/hunspell-1.7.0/src/hunspell'
make[3]: Entering directory '/tmp/portage/app-text/hunspell-1.7.0-r1/work/hunspell-1.7.0/src/hunspell'
 /bin/mkdir -p '/tmp/portage/app-text/hunspell-1.7.0-r1/image/usr/lib64'
 /bin/sh ../../libtool   --mode=install /usr/lib/portage/python3.8/ebuild-helpers/xattr/install -c   libhunspell-1.7.la '/tmp/portage/app-text/hunspell-1.7.0-r1/image/usr/lib64'
 /bin/mkdir -p '/tmp/portage/app-text/hunspell-1.7.0-r1/image/usr/include/hunspell'
 /usr/lib/portage/python3.8/ebuild-helpers/xattr/install -c -m 644 hunspell.hxx hunspell.h hunvisapi.h w_char.hxx atypes.hxx '/tmp/portage/app-text/hunspell-1.7.0-r1/image/usr/include/hunspell'
libtool: install: /usr/lib/portage/python3.8/ebuild-helpers/xattr/install -c .libs/libhunspell-1.7.so.0.0.1 /tmp/portage/app-text/hunspell-1.7.0-r1/image/usr/lib64/libhunspell-1.7.so.0.0.1
libtool: install: (cd /tmp/portage/app-text/hunspell-1.7.0-r1/image/usr/lib64 && { ln -s -f libhunspell-1.7.so.0.0.1 libhunspell-1.7.so.0 || { rm -f libhunspell-1.7.so.0 && ln -s libhunspell-1.7.so.0.0.1 libhunspell-1.7.so.0; }; })
libtool: install: (cd /tmp/portage/app-text/hunspell-1.7.0-r1/image/usr/lib64 && { ln -s -f libhunspell-1.7.so.0.0.1 libhunspell-1.7.so || { rm -f libhunspell-1.7.so && ln -s libhunspell-1.7.so.0.0.1 libhunspell-1.7.so; }; })
libtool: install: /usr/lib/portage/python3.8/ebuild-helpers/xattr/install -c .libs/libhunspell-1.7.lai /tmp/portage/app-text/hunspell-1.7.0-r1/image/usr/lib64/libhunspell-1.7.la
libtool: warning: remember to run 'libtool --finish /usr/lib64'
make[3]: Leaving directory '/tmp/portage/app-text/hunspell-1.7.0-r1/work/hunspell-1.7.0/src/hunspell'
make[2]: Leaving directory '/tmp/portage/app-text/hunspell-1.7.0-r1/work/hunspell-1.7.0/src/hunspell'
Making install in parsers
make[2]: Entering directory '/tmp/portage/app-text/hunspell-1.7.0-r1/work/hunspell-1.7.0/src/parsers'
make[3]: Entering directory '/tmp/portage/app-text/hunspell-1.7.0-r1/work/hunspell-1.7.0/src/parsers'
make[3]: Nothing to be done for 'install-exec-am'.
make[3]: Nothing to be done for 'install-data-am'.
make[3]: Leaving directory '/tmp/portage/app-text/hunspell-1.7.0-r1/work/hunspell-1.7.0/src/parsers'
make[2]: Leaving directory '/tmp/portage/app-text/hunspell-1.7.0-r1/work/hunspell-1.7.0/src/parsers'
Making install in tools
make[2]: Entering directory '/tmp/portage/app-text/hunspell-1.7.0-r1/work/hunspell-1.7.0/src/tools'
make[3]: Entering directory '/tmp/portage/app-text/hunspell-1.7.0-r1/work/hunspell-1.7.0/src/tools'
 /bin/mkdir -p '/tmp/portage/app-text/hunspell-1.7.0-r1/image/usr/bin'
make[3]: Nothing to be done for 'install-data-am'.
 /bin/mkdir -p '/tmp/portage/app-text/hunspell-1.7.0-r1/image/usr/bin'
 /usr/lib/portage/python3.8/ebuild-helpers/xattr/install -c makealias affixcompress wordforms ispellaff2myspell wordlist2hunspell '/tmp/portage/app-text/hunspell-1.7.0-r1/image/usr/bin'
  /bin/sh ../../libtool   --mode=install /usr/lib/portage/python3.8/ebuild-helpers/xattr/install -c hunspell-analyze hunspell-chmorph hunspell hunspell-munch hunspell-unmunch hzip hunzip '/tmp/portage/app-text/hunspell-1.7.0-r1/image/usr/bin'
libtool: warning: '../hunspell/libhunspell-1.7.la' has not been installed in '/usr/lib64'
libtool: install: /usr/lib/portage/python3.8/ebuild-helpers/xattr/install -c .libs/hunspell-analyze /tmp/portage/app-text/hunspell-1.7.0-r1/image/usr/bin/hunspell-analyze
libtool: warning: '../hunspell/libhunspell-1.7.la' has not been installed in '/usr/lib64'
libtool: install: /usr/lib/portage/python3.8/ebuild-helpers/xattr/install -c .libs/hunspell-chmorph /tmp/portage/app-text/hunspell-1.7.0-r1/image/usr/bin/hunspell-chmorph
libtool: warning: '../hunspell/libhunspell-1.7.la' has not been installed in '/usr/lib64'
libtool: install: /usr/lib/portage/python3.8/ebuild-helpers/xattr/install -c .libs/hunspell /tmp/portage/app-text/hunspell-1.7.0-r1/image/usr/bin/hunspell
libtool: install: /usr/lib/portage/python3.8/ebuild-helpers/xattr/install -c hunspell-munch /tmp/portage/app-text/hunspell-1.7.0-r1/image/usr/bin/hunspell-munch
libtool: install: /usr/lib/portage/python3.8/ebuild-helpers/xattr/install -c hunspell-unmunch /tmp/portage/app-text/hunspell-1.7.0-r1/image/usr/bin/hunspell-unmunch
libtool: install: /usr/lib/portage/python3.8/ebuild-helpers/xattr/install -c hzip /tmp/portage/app-text/hunspell-1.7.0-r1/image/usr/bin/hzip
libtool: warning: '../hunspell/libhunspell-1.7.la' has not been installed in '/usr/lib64'
libtool: install: /usr/lib/portage/python3.8/ebuild-helpers/xattr/install -c .libs/hunzip /tmp/portage/app-text/hunspell-1.7.0-r1/image/usr/bin/hunzip
make[3]: Leaving directory '/tmp/portage/app-text/hunspell-1.7.0-r1/work/hunspell-1.7.0/src/tools'
make[2]: Leaving directory '/tmp/portage/app-text/hunspell-1.7.0-r1/work/hunspell-1.7.0/src/tools'
make[2]: Entering directory '/tmp/portage/app-text/hunspell-1.7.0-r1/work/hunspell-1.7.0/src'
make[3]: Entering directory '/tmp/portage/app-text/hunspell-1.7.0-r1/work/hunspell-1.7.0/src'
make[3]: Nothing to be done for 'install-exec-am'.
make[3]: Nothing to be done for 'install-data-am'.
make[3]: Leaving directory '/tmp/portage/app-text/hunspell-1.7.0-r1/work/hunspell-1.7.0/src'
make[2]: Leaving directory '/tmp/portage/app-text/hunspell-1.7.0-r1/work/hunspell-1.7.0/src'
make[1]: Leaving directory '/tmp/portage/app-text/hunspell-1.7.0-r1/work/hunspell-1.7.0/src'
Making install in man
make[1]: Entering directory '/tmp/portage/app-text/hunspell-1.7.0-r1/work/hunspell-1.7.0/man'
Making install in hu
make[2]: Entering directory '/tmp/portage/app-text/hunspell-1.7.0-r1/work/hunspell-1.7.0/man/hu'
make[3]: Entering directory '/tmp/portage/app-text/hunspell-1.7.0-r1/work/hunspell-1.7.0/man/hu'
make[3]: Nothing to be done for 'install-exec-am'.
 /bin/mkdir -p '/tmp/portage/app-text/hunspell-1.7.0-r1/image/usr/share/man/hu/man1'
 /bin/mkdir -p '/tmp/portage/app-text/hunspell-1.7.0-r1/image/usr/share/man/man5'
 /usr/lib/portage/python3.8/ebuild-helpers/xattr/install -c -m 644 hunspell.5 '/tmp/portage/app-text/hunspell-1.7.0-r1/image/usr/share/man/man5'
 /usr/lib/portage/python3.8/ebuild-helpers/xattr/install -c -m 644 hunspell.1 '/tmp/portage/app-text/hunspell-1.7.0-r1/image/usr/share/man/hu/man1'
make[3]: Leaving directory '/tmp/portage/app-text/hunspell-1.7.0-r1/work/hunspell-1.7.0/man/hu'
make[2]: Leaving directory '/tmp/portage/app-text/hunspell-1.7.0-r1/work/hunspell-1.7.0/man/hu'
make[2]: Entering directory '/tmp/portage/app-text/hunspell-1.7.0-r1/work/hunspell-1.7.0/man'
make[3]: Entering directory '/tmp/portage/app-text/hunspell-1.7.0-r1/work/hunspell-1.7.0/man'
make[3]: Nothing to be done for 'install-exec-am'.
 /bin/mkdir -p '/tmp/portage/app-text/hunspell-1.7.0-r1/image/usr/share/man/man5'
 /bin/mkdir -p '/tmp/portage/app-text/hunspell-1.7.0-r1/image/usr/share/man/man3'
 /bin/mkdir -p '/tmp/portage/app-text/hunspell-1.7.0-r1/image/usr/share/man/man1'
 /usr/lib/portage/python3.8/ebuild-helpers/xattr/install -c -m 644 hunspell.5 '/tmp/portage/app-text/hunspell-1.7.0-r1/image/usr/share/man/man5'
 /usr/lib/portage/python3.8/ebuild-helpers/xattr/install -c -m 644 hunspell.3 '/tmp/portage/app-text/hunspell-1.7.0-r1/image/usr/share/man/man3'
 /usr/lib/portage/python3.8/ebuild-helpers/xattr/install -c -m 644 hunspell.1 hzip.1 hunzip.1 '/tmp/portage/app-text/hunspell-1.7.0-r1/image/usr/share/man/man1'
make[3]: Leaving directory '/tmp/portage/app-text/hunspell-1.7.0-r1/work/hunspell-1.7.0/man'
make[2]: Leaving directory '/tmp/portage/app-text/hunspell-1.7.0-r1/work/hunspell-1.7.0/man'
make[1]: Leaving directory '/tmp/portage/app-text/hunspell-1.7.0-r1/work/hunspell-1.7.0/man'
Making install in tests
make[1]: Entering directory '/tmp/portage/app-text/hunspell-1.7.0-r1/work/hunspell-1.7.0/tests'
Making install in suggestiontest
make[2]: Entering directory '/tmp/portage/app-text/hunspell-1.7.0-r1/work/hunspell-1.7.0/tests/suggestiontest'
make[3]: Entering directory '/tmp/portage/app-text/hunspell-1.7.0-r1/work/hunspell-1.7.0/tests/suggestiontest'
make[3]: Nothing to be done for 'install-exec-am'.
make[3]: Nothing to be done for 'install-data-am'.
make[3]: Leaving directory '/tmp/portage/app-text/hunspell-1.7.0-r1/work/hunspell-1.7.0/tests/suggestiontest'
make[2]: Leaving directory '/tmp/portage/app-text/hunspell-1.7.0-r1/work/hunspell-1.7.0/tests/suggestiontest'
make[2]: Entering directory '/tmp/portage/app-text/hunspell-1.7.0-r1/work/hunspell-1.7.0/tests'
make[3]: Entering directory '/tmp/portage/app-text/hunspell-1.7.0-r1/work/hunspell-1.7.0/tests'
make[3]: Nothing to be done for 'install-exec-am'.
make[3]: Nothing to be done for 'install-data-am'.
make[3]: Leaving directory '/tmp/portage/app-text/hunspell-1.7.0-r1/work/hunspell-1.7.0/tests'
make[2]: Leaving directory '/tmp/portage/app-text/hunspell-1.7.0-r1/work/hunspell-1.7.0/tests'
make[1]: Leaving directory '/tmp/portage/app-text/hunspell-1.7.0-r1/work/hunspell-1.7.0/tests'
make[1]: Entering directory '/tmp/portage/app-text/hunspell-1.7.0-r1/work/hunspell-1.7.0'
make[2]: Entering directory '/tmp/portage/app-text/hunspell-1.7.0-r1/work/hunspell-1.7.0'
make[2]: Nothing to be done for 'install-exec-am'.
 /bin/mkdir -p '/tmp/portage/app-text/hunspell-1.7.0-r1/image/usr/lib64/pkgconfig'
 /usr/lib/portage/python3.8/ebuild-helpers/xattr/install -c -m 644 hunspell.pc '/tmp/portage/app-text/hunspell-1.7.0-r1/image/usr/lib64/pkgconfig'
make[2]: Leaving directory '/tmp/portage/app-text/hunspell-1.7.0-r1/work/hunspell-1.7.0'
make[1]: Leaving directory '/tmp/portage/app-text/hunspell-1.7.0-r1/work/hunspell-1.7.0'
>>> Completed installing app-text/hunspell-1.7.0-r1 into /tmp/portage/app-text/hunspell-1.7.0-r1/image

 * Final size of build directory: 13812 KiB (13.4 MiB)
 * Final size of installed tree:   1144 KiB ( 1.1 MiB)



 * QA Notice: Pre-stripped files found:
 * /usr/bin/hunspell-analyze
 * /usr/bin/hunspell
 * /usr/bin/hunzip
 * /usr/bin/hunspell-chmorph
 * /usr/bin/hzip
 * /usr/bin/hunspell-unmunch
 * /usr/bin/hunspell-munch
strip: x86_64-pc-linux-gnu-strip --strip-unneeded -N __gentoo_check_ldflags__ -R .comment -R .GCC.command.line -R .note.gnu.gold-version
   /usr/lib64/libhunspell-1.7.so.0.0.1
./
./usr/
./usr/bin/
./usr/bin/wordforms
./usr/bin/hunspell-analyze
./usr/bin/hunspell
./usr/bin/hunzip
./usr/bin/wordlist2hunspell
./usr/bin/hunspell-chmorph
./usr/bin/makealias
./usr/bin/hzip
./usr/bin/affixcompress
./usr/bin/ispellaff2myspell
./usr/bin/hunspell-unmunch
./usr/bin/hunspell-munch
./usr/include/
./usr/include/hunspell/
./usr/include/hunspell/hunvisapi.h
./usr/include/hunspell/hunspell.h
./usr/include/hunspell/atypes.hxx
./usr/include/hunspell/w_char.hxx
./usr/include/hunspell/hunspell.hxx
./usr/share/
./usr/share/man/
./usr/share/man/man1/
./usr/share/man/man1/hzip.1.bz2
./usr/share/man/man1/hunspell.1.bz2
./usr/share/man/man1/hunzip.1.bz2
./usr/share/man/man5/
./usr/share/man/man5/hunspell.5.bz2
./usr/share/man/hu/
./usr/share/man/hu/man1/
./usr/share/man/hu/man1/hunspell.1.bz2
./usr/share/man/man3/
./usr/share/man/man3/hunspell.3.bz2
./usr/share/doc/
./usr/share/doc/hunspell-1.7.0-r1/
./usr/share/doc/hunspell-1.7.0-r1/ChangeLog.bz2
./usr/share/doc/hunspell-1.7.0-r1/README.md.bz2
./usr/share/doc/hunspell-1.7.0-r1/license.myspell.bz2
./usr/share/doc/hunspell-1.7.0-r1/license.hunspell.bz2
./usr/share/doc/hunspell-1.7.0-r1/AUTHORS.bz2
./usr/share/doc/hunspell-1.7.0-r1/NEWS.bz2
./usr/share/doc/hunspell-1.7.0-r1/THANKS.bz2
./usr/lib64/
./usr/lib64/libhunspell-1.7.so.0.0.1
./usr/lib64/libhunspell.so
./usr/lib64/libhunspell-1.7.so
./usr/lib64/libhunspell-1.7.so.0
./usr/lib64/pkgconfig/
./usr/lib64/pkgconfig/hunspell.pc
>>> Done.
 * checking 28 files for package collisions
[32;01m * [39;49;00mBuilding package for app-text/hunspell-1.7.0-r1 ...                   [34;01m[ [39;49;00m[32;01mok[39;49;00m[34;01m ][39;49;00m
[32;01m * [39;49;00mPackages now in '/usr/portage/packages':
[32;01m * [39;49;00mapp-text/hunspell-1.7.0-r1: 374K

>>> Merging app-text/hunspell-1.7.0-r1 to /
 * removing unneeded *.la files
--- /usr/
--- /usr/lib64/
--- /usr/lib64/pkgconfig/
>>> /usr/lib64/pkgconfig/hunspell.pc
>>> /usr/lib64/libhunspell-1.7.so.0 -> libhunspell-1.7.so.0.0.1
>>> /usr/lib64/libhunspell-1.7.so -> libhunspell-1.7.so.0.0.1
>>> /usr/lib64/libhunspell.so -> libhunspell-1.7.so.0.0.1
>>> /usr/lib64/libhunspell-1.7.so.0.0.1
--- /usr/share/
--- /usr/share/man/
--- /usr/share/man/man3/
>>> /usr/share/man/man3/hunspell.3.bz2
--- /usr/share/man/hu/
--- /usr/share/man/hu/man1/
>>> /usr/share/man/hu/man1/hunspell.1.bz2
--- /usr/share/man/man5/
>>> /usr/share/man/man5/hunspell.5.bz2
--- /usr/share/man/man1/
>>> /usr/share/man/man1/hunzip.1.bz2
>>> /usr/share/man/man1/hunspell.1.bz2
>>> /usr/share/man/man1/hzip.1.bz2
--- /usr/include/
--- /usr/include/hunspell/
>>> /usr/include/hunspell/hunspell.hxx
>>> /usr/include/hunspell/w_char.hxx
>>> /usr/include/hunspell/atypes.hxx
>>> /usr/include/hunspell/hunspell.h
>>> /usr/include/hunspell/hunvisapi.h
--- /usr/bin/
>>> /usr/bin/hunspell-munch
>>> /usr/bin/hunspell-unmunch
>>> /usr/bin/ispellaff2myspell
>>> /usr/bin/affixcompress
>>> /usr/bin/hzip
>>> /usr/bin/makealias
>>> /usr/bin/hunspell-chmorph
>>> /usr/bin/wordlist2hunspell
>>> /usr/bin/hunzip
>>> /usr/bin/hunspell
>>> /usr/bin/hunspell-analyze
>>> /usr/bin/wordforms
>>> Safely unmerging already-installed instance...
>>> Original instance of package unmerged safely.
>>> app-text/hunspell-1.7.0-r1 merged.
>>> Regenerating /etc/ld.so.cache...
