>>> Extracting info
 * Package:    app-dicts/myspell-en-20190101-r1
 * Repository: gentoo
 * USE:        l10n_en-US abi_x86_64 elibc_glibc kernel_linux l10n_en userland_GNU amd64
 * FEATURES:   network-sandbox preserve-libs sandbox userpriv usersandbox
 * FEATURES='assume-digests binpkg-docompress binpkg-dostrip binpkg-logs binpkg-multi-instance buildpkg cgroup compress-index config-protect-if-modified distlocks downgrade-backup fixlafiles ipc-sandbox merge-sync multilib-strict network-sandbox news nodoc parallel-fetch parallel-install pid-sandbox preserve-libs qa-unresolved-soname-deps sandbox sfperms strict unknown-features-warn unmerge-backup unmerge-logs unmerge-orphans userfetch userpriv usersandbox usersync xattr'
 * CFLAGS='-march=native -O3 -fdevirtualize-at-ltrans -fipa-pta -fno-semantic-interposition -fno-signed-zeros -fno-trapping-math -fassociative-math -freciprocal-math -fno-math-errno -ffinite-math-only -fno-rounding-math -fno-signaling-nans -fcx-limited-range -fexcess-precision=fast -fno-plt -fno-common -pipe -g0 -fno-stack-protector -fno-stack-clash-protection -fstack-check=no -fno-stack-check -Wl,-O4,--hash-style=gnu,--sort-common,--as-needed,-z,relro,-z,now,-lgomp,-lpthread'
 * CXXFLAGS='-march=native -O3 -fdevirtualize-at-ltrans -fipa-pta -fno-semantic-interposition -fno-signed-zeros -fno-trapping-math -fassociative-math -freciprocal-math -fno-math-errno -ffinite-math-only -fno-rounding-math -fno-signaling-nans -fcx-limited-range -fexcess-precision=fast -fno-plt -fno-common -pipe -g0 -fno-stack-protector -fno-stack-clash-protection -fstack-check=no -fno-stack-check -Wl,-O4,--hash-style=gnu,--sort-common,--as-needed,-z,relro,-z,now,-lgomp,-lpthread'
 * FFLAGS='-march=native -O3 -fdevirtualize-at-ltrans -fipa-pta -fno-semantic-interposition -fno-signed-zeros -fno-trapping-math -fassociative-math -freciprocal-math -fno-math-errno -ffinite-math-only -fno-rounding-math -fno-signaling-nans -fcx-limited-range -fexcess-precision=fast -fno-plt -fno-common -pipe -g0 -fno-stack-protector -fno-stack-clash-protection -fstack-check=no -fno-stack-check -Wl,-O4,--hash-style=gnu,--sort-common,--as-needed,-z,relro,-z,now,-lgomp,-lpthread'
 * FCFLAGS='-march=native -O3 -fdevirtualize-at-ltrans -fipa-pta -fno-semantic-interposition -fno-signed-zeros -fno-trapping-math -fassociative-math -freciprocal-math -fno-math-errno -ffinite-math-only -fno-rounding-math -fno-signaling-nans -fcx-limited-range -fexcess-precision=fast -fno-plt -fno-common -pipe -g0 -fno-stack-protector -fno-stack-clash-protection -fstack-check=no -fno-stack-check -Wl,-O4,--hash-style=gnu,--sort-common,--as-needed,-z,relro,-z,now,-lgomp,-lpthread'
 * F77FLAGS='-march=native -O3 -fdevirtualize-at-ltrans -fipa-pta -fno-semantic-interposition -fno-signed-zeros -fno-trapping-math -fassociative-math -freciprocal-math -fno-math-errno -ffinite-math-only -fno-rounding-math -fno-signaling-nans -fcx-limited-range -fexcess-precision=fast -fno-plt -fno-common -pipe -g0 -fno-stack-protector -fno-stack-clash-protection -fstack-check=no -fno-stack-check -Wl,-O4,--hash-style=gnu,--sort-common,--as-needed,-z,relro,-z,now,-lgomp,-lpthread'
 * LDFLAGS='-Wl,-O4,--hash-style=gnu,--sort-common,--as-needed,-z,relro,-z,now,-lgomp,-lpthread'
 * MAKEOPTS='-j12'
 * gcc () 11.0.0 20200528 (experimental)
 * g++ () 11.0.0 20200528 (experimental)
 * GNU ld (Gentoo 2.34 p4) 2.34.0
 * Linux ryzen.gnum.org 5.4.36 #1 SMP Thu Apr 30 04:38:28 UTC 2020 x86_64 AMD Ryzen 5 3600 6-Core Processor AuthenticAMD GNU/Linux
app-dicts/myspell-en: 8 seconds average for 3 merges
2020-05-20T01:12:55 >>> app-dicts/myspell-en: 5 seconds
2020-05-21T06:10:12 >>> app-dicts/myspell-en: 5 seconds
2020-05-26T14:10:17 >>> app-dicts/myspell-en: 16 seconds
]0;emerge 14:32:33 253|889 myspell-en 00:09 (root@ryzen.gnum.org)kemerge 14:32:33 253|889 myspell-en 00:09 (root@ryzen.gnum.org)\>>> Extracting app-dicts/myspell-en-20190101-r1
 * checking 26 files for package collisions
>>> Merging app-dicts/myspell-en-20190101-r1 to /
 * removing unneeded *.la files
--- /usr/
--- /usr/share/
--- /usr/share/mythes/
>>> /usr/share/mythes/th_en_US_v2.dat
>>> /usr/share/mythes/th_en_US_v2.idx
--- /usr/share/myspell/
>>> /usr/share/myspell/en_GB.aff -> ../hunspell/en_GB.aff
>>> /usr/share/myspell/en_ZA.aff -> ../hunspell/en_ZA.aff
>>> /usr/share/myspell/hyph_en_US.dic -> ../hyphen/hyph_en_US.dic
>>> /usr/share/myspell/en_ZA.dic -> ../hunspell/en_ZA.dic
>>> /usr/share/myspell/en_CA.aff -> ../hunspell/en_CA.aff
>>> /usr/share/myspell/en_US.dic -> ../hunspell/en_US.dic
>>> /usr/share/myspell/en_AU.aff -> ../hunspell/en_AU.aff
>>> /usr/share/myspell/en_GB.dic -> ../hunspell/en_GB.dic
>>> /usr/share/myspell/en_US.aff -> ../hunspell/en_US.aff
>>> /usr/share/myspell/en_CA.dic -> ../hunspell/en_CA.dic
>>> /usr/share/myspell/en_AU.dic -> ../hunspell/en_AU.dic
>>> /usr/share/myspell/th_en_US_v2.dat -> ../mythes/th_en_US_v2.dat
>>> /usr/share/myspell/th_en_US_v2.idx -> ../mythes/th_en_US_v2.idx
--- /usr/share/hyphen/
>>> /usr/share/hyphen/hyph_en_US.dic
--- /usr/share/hunspell/
>>> /usr/share/hunspell/en_GB.aff
>>> /usr/share/hunspell/en_ZA.aff
>>> /usr/share/hunspell/en_ZA.dic
>>> /usr/share/hunspell/en_CA.aff
>>> /usr/share/hunspell/en_US.dic
>>> /usr/share/hunspell/en_AU.aff
>>> /usr/share/hunspell/en_GB.dic
>>> /usr/share/hunspell/en_US.aff
>>> /usr/share/hunspell/en_CA.dic
>>> /usr/share/hunspell/en_AU.dic
>>> Safely unmerging already-installed instance...
>>> Original instance of package unmerged safely.
>>> app-dicts/myspell-en-20190101-r1 merged.
