>>> Extracting info
 * Package:    app-text/aspell-0.60.8
 * Repository: gentoo
 * USE:        unicode abi_x86_64 elibc_glibc kernel_linux l10n_en userland_GNU amd64
 * FEATURES:   network-sandbox preserve-libs sandbox userpriv usersandbox
 * FEATURES='assume-digests binpkg-docompress binpkg-dostrip binpkg-logs binpkg-multi-instance buildpkg cgroup compress-index config-protect-if-modified distlocks downgrade-backup fixlafiles ipc-sandbox merge-sync multilib-strict network-sandbox news nodoc parallel-fetch parallel-install pid-sandbox preserve-libs qa-unresolved-soname-deps sandbox sfperms strict unknown-features-warn unmerge-backup unmerge-logs unmerge-orphans userfetch userpriv usersandbox usersync xattr'
 * CFLAGS='-march=native -O3 -fgraphite-identity -floop-nest-optimize -fdevirtualize-at-ltrans -fipa-pta -fno-semantic-interposition -flto=12 -fno-signed-zeros -fno-trapping-math -fassociative-math -freciprocal-math -fno-math-errno -ffinite-math-only -fno-rounding-math -fno-signaling-nans -fcx-limited-range -fexcess-precision=fast -fno-plt -fno-common -fuse-linker-plugin -pipe -g0 -fno-stack-protector -fno-stack-clash-protection -fstack-check=no -fno-stack-check -Wl,-O4,--hash-style=gnu,--sort-common,--as-needed,-z,relro,-z,now,-lgomp,-lpthread'
 * CXXFLAGS='-march=native -O3 -fgraphite-identity -floop-nest-optimize -fdevirtualize-at-ltrans -fipa-pta -fno-semantic-interposition -flto=12 -fno-signed-zeros -fno-trapping-math -fassociative-math -freciprocal-math -fno-math-errno -ffinite-math-only -fno-rounding-math -fno-signaling-nans -fcx-limited-range -fexcess-precision=fast -fno-plt -fno-common -fuse-linker-plugin -pipe -g0 -fno-stack-protector -fno-stack-clash-protection -fstack-check=no -fno-stack-check -Wl,-O4,--hash-style=gnu,--sort-common,--as-needed,-z,relro,-z,now,-lgomp,-lpthread'
 * FFLAGS='-march=native -O3 -fgraphite-identity -floop-nest-optimize -fdevirtualize-at-ltrans -fipa-pta -fno-semantic-interposition -flto=12 -fno-signed-zeros -fno-trapping-math -fassociative-math -freciprocal-math -fno-math-errno -ffinite-math-only -fno-rounding-math -fno-signaling-nans -fcx-limited-range -fexcess-precision=fast -fno-plt -fno-common -fuse-linker-plugin -pipe -g0 -fno-stack-protector -fno-stack-clash-protection -fstack-check=no -fno-stack-check -Wl,-O4,--hash-style=gnu,--sort-common,--as-needed,-z,relro,-z,now,-lgomp,-lpthread'
 * FCFLAGS='-march=native -O3 -fgraphite-identity -floop-nest-optimize -fdevirtualize-at-ltrans -fipa-pta -fno-semantic-interposition -flto=12 -fno-signed-zeros -fno-trapping-math -fassociative-math -freciprocal-math -fno-math-errno -ffinite-math-only -fno-rounding-math -fno-signaling-nans -fcx-limited-range -fexcess-precision=fast -fno-plt -fno-common -fuse-linker-plugin -pipe -g0 -fno-stack-protector -fno-stack-clash-protection -fstack-check=no -fno-stack-check -Wl,-O4,--hash-style=gnu,--sort-common,--as-needed,-z,relro,-z,now,-lgomp,-lpthread'
 * F77FLAGS='-march=native -O3 -fgraphite-identity -floop-nest-optimize -fdevirtualize-at-ltrans -fipa-pta -fno-semantic-interposition -flto=12 -fno-signed-zeros -fno-trapping-math -fassociative-math -freciprocal-math -fno-math-errno -ffinite-math-only -fno-rounding-math -fno-signaling-nans -fcx-limited-range -fexcess-precision=fast -fno-plt -fno-common -fuse-linker-plugin -pipe -g0 -fno-stack-protector -fno-stack-clash-protection -fstack-check=no -fno-stack-check -Wl,-O4,--hash-style=gnu,--sort-common,--as-needed,-z,relro,-z,now,-lgomp,-lpthread'
 * LDFLAGS='-Wl,-O4,--hash-style=gnu,--sort-common,--as-needed,-z,relro,-z,now,-lgomp,-lpthread -march=native -O3 -fgraphite-identity -floop-nest-optimize -fdevirtualize-at-ltrans -fipa-pta -fno-semantic-interposition -flto=12 -fno-signed-zeros -fno-trapping-math -fassociative-math -freciprocal-math -fno-math-errno -ffinite-math-only -fno-rounding-math -fno-signaling-nans -fcx-limited-range -fexcess-precision=fast -fno-plt -fno-common -fuse-linker-plugin -pipe -g0 -fno-stack-protector -fno-stack-clash-protection -fstack-check=no -fno-stack-check'
 * MAKEOPTS='-j12'
 * gcc () 11.0.0 20200526 (experimental)
 * g++ () 11.0.0 20200526 (experimental)
 * GNU ld (Gentoo 2.34 p4) 2.34.0
 * Linux ryzen.gnum.org 5.4.36 #1 SMP Thu Apr 30 04:38:28 UTC 2020 x86_64 AMD Ryzen 5 3600 6-Core Processor AuthenticAMD GNU/Linux
app-text/aspell: 24 seconds average for 3 merges
2020-05-20T08:36:26 >>> app-text/aspell: 58 seconds
2020-05-21T06:25:14 >>> app-text/aspell: 6 seconds
2020-05-26T14:28:56 >>> app-text/aspell: 8 seconds
]0;emerge 14:41:01 363|889 aspell 00:24 (root@ryzen.gnum.org)kemerge 14:41:01 363|889 aspell 00:24 (root@ryzen.gnum.org)\>>> Extracting app-text/aspell-0.60.8
 * checking 111 files for package collisions
>>> Merging app-text/aspell-0.60.8 to /
 * removing unneeded *.la files
--- /usr/
--- /usr/lib64/
>>> /usr/lib64/libpspell.so -> libpspell.so.15.3.1
>>> /usr/lib64/libaspell.so.15.3.1
>>> /usr/lib64/libaspell.so.15 -> libaspell.so.15.3.1
--- /usr/lib64/aspell-0.60/
>>> /usr/lib64/aspell-0.60/markdown.amf
>>> /usr/lib64/aspell-0.60/iso-8859-16.cset
>>> /usr/lib64/aspell-0.60/cp1252.cmap
>>> /usr/lib64/aspell-0.60/context-filter.so
>>> /usr/lib64/aspell-0.60/iso-8859-7.cset
>>> /usr/lib64/aspell-0.60/cp1257.cmap
>>> /usr/lib64/aspell-0.60/cp1250.cset
>>> /usr/lib64/aspell-0.60/iso-8859-4.cset
>>> /usr/lib64/aspell-0.60/sgml.amf
>>> /usr/lib64/aspell-0.60/comment.amf
>>> /usr/lib64/aspell-0.60/iso-8859-6.cmap
>>> /usr/lib64/aspell-0.60/koi8-r.cset
>>> /usr/lib64/aspell-0.60/cp1258.cmap
>>> /usr/lib64/aspell-0.60/cp1256.cset
>>> /usr/lib64/aspell-0.60/iso-8859-2.cmap
>>> /usr/lib64/aspell-0.60/iso-8859-10.cset
>>> /usr/lib64/aspell-0.60/standard.kbd
>>> /usr/lib64/aspell-0.60/cp1250.cmap
>>> /usr/lib64/aspell-0.60/iso-8859-8.cset
>>> /usr/lib64/aspell-0.60/iso-8859-15.cset
>>> /usr/lib64/aspell-0.60/nroff.amf
>>> /usr/lib64/aspell-0.60/iso-8859-13.cmap
>>> /usr/lib64/aspell-0.60/texinfo-filter.so
>>> /usr/lib64/aspell-0.60/iso-8859-15.cmap
>>> /usr/lib64/aspell-0.60/url.amf
>>> /usr/lib64/aspell-0.60/html.amf
>>> /usr/lib64/aspell-0.60/texinfo.amf
>>> /usr/lib64/aspell-0.60/cp1257.cset
>>> /usr/lib64/aspell-0.60/perl.amf
>>> /usr/lib64/aspell-0.60/iso-8859-7.cmap
>>> /usr/lib64/aspell-0.60/tex-filter.info
>>> /usr/lib64/aspell-0.60/iso-8859-14.cmap
>>> /usr/lib64/aspell-0.60/iso-8859-3.cmap
>>> /usr/lib64/aspell-0.60/cp1252.cset
>>> /usr/lib64/aspell-0.60/tex-filter.so
>>> /usr/lib64/aspell-0.60/email-filter.info
>>> /usr/lib64/aspell-0.60/cp1254.cset
>>> /usr/lib64/aspell-0.60/cp1251.cmap
>>> /usr/lib64/aspell-0.60/iso-8859-2.cset
>>> /usr/lib64/aspell-0.60/cp1255.cset
>>> /usr/lib64/aspell-0.60/html-filter.info
>>> /usr/lib64/aspell-0.60/iso-8859-11.cmap
>>> /usr/lib64/aspell-0.60/iso-8859-8.cmap
>>> /usr/lib64/aspell-0.60/markdown-filter.so
>>> /usr/lib64/aspell-0.60/iso-8859-10.cmap
>>> /usr/lib64/aspell-0.60/email.amf
>>> /usr/lib64/aspell-0.60/none.amf
>>> /usr/lib64/aspell-0.60/iso-8859-5.cmap
>>> /usr/lib64/aspell-0.60/tex.amf
>>> /usr/lib64/aspell-0.60/cp1251.cset
>>> /usr/lib64/aspell-0.60/iso-8859-9.cset
>>> /usr/lib64/aspell-0.60/ccpp.amf
>>> /usr/lib64/aspell-0.60/iso-8859-6.cset
>>> /usr/lib64/aspell-0.60/sgml-filter.info
>>> /usr/lib64/aspell-0.60/koi8-u.cmap
>>> /usr/lib64/aspell-0.60/context-filter.info
>>> /usr/lib64/aspell-0.60/iso-8859-16.cmap
>>> /usr/lib64/aspell-0.60/cp1255.cmap
>>> /usr/lib64/aspell-0.60/nroff-filter.info
>>> /usr/lib64/aspell-0.60/koi8-r.cmap
>>> /usr/lib64/aspell-0.60/iso-8859-14.cset
>>> /usr/lib64/aspell-0.60/iso-8859-9.cmap
>>> /usr/lib64/aspell-0.60/nroff-filter.so
>>> /usr/lib64/aspell-0.60/iso-8859-5.cset
>>> /usr/lib64/aspell-0.60/texinfo-filter.info
>>> /usr/lib64/aspell-0.60/cp1258.cset
>>> /usr/lib64/aspell-0.60/split.kbd
>>> /usr/lib64/aspell-0.60/iso-8859-1.cset
>>> /usr/lib64/aspell-0.60/iso-8859-3.cset
>>> /usr/lib64/aspell-0.60/sgml-filter.so
>>> /usr/lib64/aspell-0.60/ispell
>>> /usr/lib64/aspell-0.60/iso-8859-1.cmap
>>> /usr/lib64/aspell-0.60/koi8-u.cset
>>> /usr/lib64/aspell-0.60/cp1254.cmap
>>> /usr/lib64/aspell-0.60/dvorak.kbd
>>> /usr/lib64/aspell-0.60/cp1253.cmap
>>> /usr/lib64/aspell-0.60/cp1256.cmap
>>> /usr/lib64/aspell-0.60/iso-8859-11.cset
>>> /usr/lib64/aspell-0.60/email-filter.so
>>> /usr/lib64/aspell-0.60/iso-8859-4.cmap
>>> /usr/lib64/aspell-0.60/iso-8859-13.cset
>>> /usr/lib64/aspell-0.60/markdown-filter.info
>>> /usr/lib64/aspell-0.60/spell
>>> /usr/lib64/aspell-0.60/cp1253.cset
>>> /usr/lib64/libpspell.so.15 -> libpspell.so.15.3.1
>>> /usr/lib64/libaspell.so -> libaspell.so.15.3.1
>>> /usr/lib64/libpspell.so.15.3.1
--- /usr/share/
--- /usr/share/man/
--- /usr/share/man/man1/
>>> /usr/share/man/man1/run-with-aspell.1.bz2
>>> /usr/share/man/man1/aspell-import.1.bz2
>>> /usr/share/man/man1/pspell-config.1.bz2
>>> /usr/share/man/man1/word-list-compress.1.bz2
>>> /usr/share/man/man1/prezip-bin.1.bz2
>>> /usr/share/man/man1/aspell.1.bz2
--- /usr/share/info/
>>> /usr/share/info/aspell-dev.info.bz2
>>> /usr/share/info/aspell.info.bz2
--- /usr/include/
>>> /usr/include/aspell.h
--- /usr/include/pspell/
>>> /usr/include/pspell/pspell.h
--- /usr/bin/
>>> /usr/bin/pspell-config
>>> /usr/bin/prezip-bin
>>> /usr/bin/ispell-aspell
>>> /usr/bin/precat
>>> /usr/bin/aspell-import
>>> /usr/bin/spell-aspell
>>> /usr/bin/run-with-aspell
>>> /usr/bin/aspell
>>> /usr/bin/preunzip
>>> /usr/bin/word-list-compress
>>> /usr/bin/prezip
>>> Safely unmerging already-installed instance...
>>> Original instance of package unmerged safely.
>>> app-text/aspell-0.60.8 merged.
>>> Regenerating /etc/ld.so.cache...
