 * Package:    app-shells/runtitle-2.10
 * Repository: mv
 * Maintainer: martin@mvath.de
 * Upstream:   martin@mvath.de
 * USE:        abi_x86_64 amd64 elibc_glibc kernel_linux userland_GNU
 * FEATURES:   network-sandbox preserve-libs sandbox userpriv usersandbox
 * FEATURES='assume-digests binpkg-docompress binpkg-dostrip binpkg-logs buildpkg cgroup compress-index config-protect-if-modified distlocks ebuild-locks fixlafiles ipc-sandbox merge-sync multilib-strict network-sandbox news nodoc parallel-fetch pid-sandbox preserve-libs qa-unresolved-soname-deps sandbox sfperms strict strict-keepdir unknown-features-warn unmerge-logs unmerge-orphans userfetch userpriv usersandbox usersync xattr'
 * CFLAGS='-march=znver2 -Ofast -pipe -g0 -fno-common -fgraphite-identity -floop-interchange -floop-nest-optimize -floop-parallelize-all -ftree-parallelize-loops=12 -ftree-vectorize -fdevirtualize-at-ltrans -fipa-pta -fno-semantic-interposition -flto=12 -fno-plt -falign-functions=32 -fno-stack-protector -fno-stack-clash-protection -fstack-check=no -fno-stack-check -fuse-linker-plugin -Wl,-O1,--sort-common,--as-needed,-z,norelro,-z,now,-lgomp,-lpthread'
 * CXXFLAGS='-march=znver2 -Ofast -pipe -g0 -fno-common -fgraphite-identity -floop-interchange -floop-nest-optimize -floop-parallelize-all -ftree-parallelize-loops=12 -ftree-vectorize -fdevirtualize-at-ltrans -fipa-pta -fno-semantic-interposition -flto=12 -fno-plt -falign-functions=32 -fno-stack-protector -fno-stack-clash-protection -fstack-check=no -fno-stack-check -fuse-linker-plugin -Wl,-O1,--sort-common,--as-needed,-z,norelro,-z,now,-lgomp,-lpthread'
 * FFLAGS='-march=znver2 -Ofast -pipe -g0 -fno-common -fgraphite-identity -floop-interchange -floop-nest-optimize -floop-parallelize-all -ftree-parallelize-loops=12 -ftree-vectorize -fdevirtualize-at-ltrans -fipa-pta -fno-semantic-interposition -flto=12 -fno-plt -falign-functions=32 -fno-stack-protector -fno-stack-clash-protection -fstack-check=no -fno-stack-check -fuse-linker-plugin -Wl,-O1,--sort-common,--as-needed,-z,norelro,-z,now,-lgomp,-lpthread'
 * FCFLAGS='-march=znver2 -Ofast -pipe -g0 -fno-common -fgraphite-identity -floop-interchange -floop-nest-optimize -floop-parallelize-all -ftree-parallelize-loops=12 -ftree-vectorize -fdevirtualize-at-ltrans -fipa-pta -fno-semantic-interposition -flto=12 -fno-plt -falign-functions=32 -fno-stack-protector -fno-stack-clash-protection -fstack-check=no -fno-stack-check -fuse-linker-plugin -Wl,-O1,--sort-common,--as-needed,-z,norelro,-z,now,-lgomp,-lpthread'
 * F77FLAGS='-march=znver2 -Ofast -pipe -g0 -fno-common -fgraphite-identity -floop-interchange -floop-nest-optimize -floop-parallelize-all -ftree-parallelize-loops=12 -ftree-vectorize -fdevirtualize-at-ltrans -fipa-pta -fno-semantic-interposition -flto=12 -fno-plt -falign-functions=32 -fno-stack-protector -fno-stack-clash-protection -fstack-check=no -fno-stack-check -fuse-linker-plugin -Wl,-O1,--sort-common,--as-needed,-z,norelro,-z,now,-lgomp,-lpthread'
 * LDFLAGS='-Wl,-O1,--sort-common,--as-needed,-z,norelro,-z,now,-lgomp,-lpthread -march=znver2 -Ofast -pipe -g0 -fno-common -fgraphite-identity -floop-interchange -floop-nest-optimize -floop-parallelize-all -ftree-parallelize-loops=12 -ftree-vectorize -fdevirtualize-at-ltrans -fipa-pta -fno-semantic-interposition -flto=12 -fno-plt -falign-functions=32 -fno-stack-protector -fno-stack-clash-protection -fstack-check=no -fno-stack-check -fuse-linker-plugin'
 * MAKEOPTS='-j12 -l12'
 * gcc () 11.0.0 20200616 (experimental)
 * g++ () 11.0.0 20200616 (experimental)
 * GNU ld (Gentoo 2.34 p4) 2.34.0
 * Linux rescue 5.4.36 #1 SMP Thu Apr 30 04:38:28 UTC 2020 x86_64 AMD Ryzen 5 3600 6-Core Processor AuthenticAMD GNU/Linux
app-shells/runtitle: 26 seconds average for 21 merges
2020-05-16T18:33:01 >>> app-shells/runtitle: 7 seconds
2020-05-16T20:45:52 >>> app-shells/runtitle: 8 seconds
2020-05-21T05:54:19 >>> app-shells/runtitle: 6 seconds
2020-05-22T01:56:41 >>> app-shells/runtitle: 15 seconds
2020-05-22T03:08:12 >>> app-shells/runtitle: 14 seconds
2020-05-22T12:27:27 >>> app-shells/runtitle: 19 seconds
2020-05-23T03:29:33 >>> app-shells/runtitle: 15 seconds
2020-05-25T18:16:21 >>> app-shells/runtitle: 12 seconds
2020-05-26T12:51:03 >>> app-shells/runtitle: 20 seconds
2020-05-26T13:46:55 >>> app-shells/runtitle: 14 seconds
2020-05-27T03:02:30 >>> app-shells/runtitle: 33 seconds
2020-05-28T13:24:10 >>> app-shells/runtitle: 19 seconds
2020-05-28T14:12:13 >>> app-shells/runtitle: 16 seconds
2020-05-30T12:30:43 >>> app-shells/runtitle: 39 seconds
2020-05-30T21:32:55 >>> app-shells/runtitle: 17 seconds
2020-06-01T01:46:23 >>> app-shells/runtitle: 15 seconds
2020-06-04T12:01:42 >>> app-shells/runtitle: 19 seconds
2020-06-13T03:22:29 >>> app-shells/runtitle: 1 minute, 11 seconds
2020-06-13T19:55:24 >>> app-shells/runtitle: 1 minute, 48 seconds
2020-06-14T04:34:46 >>> app-shells/runtitle: 22 seconds
2020-06-16T13:36:08 >>> app-shells/runtitle: 1 minute, 4 seconds
]0;emerge 13:34:54 86|895 runtitle 01:05 (root@rescue)>>> Unpacking source...
>>> Unpacking runtitle-2.10.tar.gz to /tmp/portage/app-shells/runtitle-2.10/work
>>> Source unpacked in /tmp/portage/app-shells/runtitle-2.10/work
>>> Preparing source in /tmp/portage/app-shells/runtitle-2.10/work/runtitle-2.10 ...
>>> Source prepared.
>>> Configuring source in /tmp/portage/app-shells/runtitle-2.10/work/runtitle-2.10 ...
>>> Source configured.
>>> Compiling source in /tmp/portage/app-shells/runtitle-2.10/work/runtitle-2.10 ...
>>> Source compiled.
>>> Test phase [not enabled]: app-shells/runtitle-2.10

>>> Install app-shells/runtitle-2.10 into /tmp/portage/app-shells/runtitle-2.10/image
>>> Completed installing app-shells/runtitle-2.10 into /tmp/portage/app-shells/runtitle-2.10/image

 * Final size of build directory: 40 KiB
 * Final size of installed tree:  56 KiB

Parallel BZIP2 v1.1.13 [Dec 18, 2015]
By: Jeff Gilchrist [http://compression.ca]
Major contributions: Yavor Nikolov [http://javornikolov.wordpress.com]
Uses libbzip2 by Julian Seward

         # CPUs: 4
   Load Average: 8.19
 BWT Block Size: 200 KB
File Block Size: 900 KB
 Maximum Memory: 1024 MB
-------------------------------------------
         File #: 1 of 1
     Input Name: compressme
    Output Name: compressme.bz2

     Input Size: 3895 bytes
Compressing data (no threads)...
Completed: 100%                 Output Size: 918 bytes
-------------------------------------------

     Wall Clock: 0.000859 seconds
Parallel BZIP2 v1.1.13 [Dec 18, 2015]
By: Jeff Gilchrist [http://compression.ca]
Major contributions: Yavor Nikolov [http://javornikolov.wordpress.com]
Uses libbzip2 by Julian Seward

         # CPUs: 4
   Load Average: 8.19
 BWT Block Size: 200 KB
File Block Size: 900 KB
 Maximum Memory: 1024 MB
-------------------------------------------
         File #: 1 of 1
     Input Name: /tmp/portage/app-shells/runtitle-2.10/image/usr/share/doc/runtitle-2.10/README
    Output Name: /tmp/portage/app-shells/runtitle-2.10/image/usr/share/doc/runtitle-2.10/README.bz2

     Input Size: 2323 bytes
Compressing data (no threads)...
Completed: 100%                 Output Size: 1149 bytes
-------------------------------------------

     Wall Clock: 0.000896 seconds
./
./usr/
./usr/bin/
./usr/bin/title
./usr/bin/runner
./usr/share/
./usr/share/zsh/
./usr/share/zsh/site-functions/
./usr/share/zsh/site-functions/_title
./usr/share/zsh/site-functions/_runner
./usr/share/zsh/site-functions/_title_opt
./usr/share/doc/
./usr/share/doc/runtitle-2.10/
./usr/share/doc/runtitle-2.10/README
./usr/share/doc/runtitle-2.10/README.bz2
>>> Done.
 * checking 5 files for package collisions
>>> Merging app-shells/runtitle-2.10 to /
 * removing unneeded *.la files
--- /usr/
--- /usr/share/
--- /usr/share/zsh/
--- /usr/share/zsh/site-functions/
>>> /usr/share/zsh/site-functions/_title_opt
>>> /usr/share/zsh/site-functions/_runner
>>> /usr/share/zsh/site-functions/_title
--- /usr/bin/
>>> /usr/bin/runner
>>> /usr/bin/title
>>> Safely unmerging already-installed instance...
>>> Original instance of package unmerged safely.
>>> app-shells/runtitle-2.10 merged.
