 * Package:    gnome-extra/yelp-xsl-3.34.2
 * Repository: gentoo
 * Maintainer: gnome@gentoo.org
 * USE:        abi_x86_64 amd64 elibc_glibc kernel_linux userland_GNU
 * FEATURES:   ccache network-sandbox preserve-libs sandbox userpriv usersandbox
 * FEATURES='assume-digests binpkg-docompress binpkg-dostrip binpkg-logs binpkg-multi-instance buildpkg ccache cgroup compress-index config-protect-if-modified distlocks downgrade-backup fixlafiles ipc-sandbox merge-sync multilib-strict network-sandbox news nodoc parallel-fetch parallel-install pid-sandbox preserve-libs qa-unresolved-soname-deps sandbox sfperms strict strict-keepdir unknown-features-warn unmerge-backup unmerge-logs unmerge-orphans userfetch userpriv usersandbox usersync xattr'
 * CFLAGS='-march=native -O3 -fgraphite-identity -floop-nest-optimize -fdevirtualize-at-ltrans -fipa-pta -fno-semantic-interposition -flto=12 -fno-signed-zeros -fno-trapping-math -fassociative-math -freciprocal-math -fno-math-errno -ffinite-math-only -fno-rounding-math -fno-signaling-nans -fcx-limited-range -fexcess-precision=fast -fno-plt -fno-common -fuse-linker-plugin -pipe -g0 -fno-stack-protector -fno-stack-clash-protection -fstack-check=no -fno-stack-check -Wl,-O4,--hash-style=gnu,--sort-common,--as-needed,-z,relro,-z,now,-lgomp,-lpthread'
 * CXXFLAGS='-march=native -O3 -fgraphite-identity -floop-nest-optimize -fdevirtualize-at-ltrans -fipa-pta -fno-semantic-interposition -flto=12 -fno-signed-zeros -fno-trapping-math -fassociative-math -freciprocal-math -fno-math-errno -ffinite-math-only -fno-rounding-math -fno-signaling-nans -fcx-limited-range -fexcess-precision=fast -fno-plt -fno-common -fuse-linker-plugin -pipe -g0 -fno-stack-protector -fno-stack-clash-protection -fstack-check=no -fno-stack-check -Wl,-O4,--hash-style=gnu,--sort-common,--as-needed,-z,relro,-z,now,-lgomp,-lpthread'
 * FFLAGS='-march=native -O3 -fgraphite-identity -floop-nest-optimize -fdevirtualize-at-ltrans -fipa-pta -fno-semantic-interposition -flto=12 -fno-signed-zeros -fno-trapping-math -fassociative-math -freciprocal-math -fno-math-errno -ffinite-math-only -fno-rounding-math -fno-signaling-nans -fcx-limited-range -fexcess-precision=fast -fno-plt -fno-common -fuse-linker-plugin -pipe -g0 -fno-stack-protector -fno-stack-clash-protection -fstack-check=no -fno-stack-check -Wl,-O4,--hash-style=gnu,--sort-common,--as-needed,-z,relro,-z,now,-lgomp,-lpthread'
 * FCFLAGS='-march=native -O3 -fgraphite-identity -floop-nest-optimize -fdevirtualize-at-ltrans -fipa-pta -fno-semantic-interposition -flto=12 -fno-signed-zeros -fno-trapping-math -fassociative-math -freciprocal-math -fno-math-errno -ffinite-math-only -fno-rounding-math -fno-signaling-nans -fcx-limited-range -fexcess-precision=fast -fno-plt -fno-common -fuse-linker-plugin -pipe -g0 -fno-stack-protector -fno-stack-clash-protection -fstack-check=no -fno-stack-check -Wl,-O4,--hash-style=gnu,--sort-common,--as-needed,-z,relro,-z,now,-lgomp,-lpthread'
 * F77FLAGS='-march=native -O3 -fgraphite-identity -floop-nest-optimize -fdevirtualize-at-ltrans -fipa-pta -fno-semantic-interposition -flto=12 -fno-signed-zeros -fno-trapping-math -fassociative-math -freciprocal-math -fno-math-errno -ffinite-math-only -fno-rounding-math -fno-signaling-nans -fcx-limited-range -fexcess-precision=fast -fno-plt -fno-common -fuse-linker-plugin -pipe -g0 -fno-stack-protector -fno-stack-clash-protection -fstack-check=no -fno-stack-check -Wl,-O4,--hash-style=gnu,--sort-common,--as-needed,-z,relro,-z,now,-lgomp,-lpthread'
 * LDFLAGS='-Wl,-O4,--hash-style=gnu,--sort-common,--as-needed,-z,relro,-z,now,-lgomp,-lpthread -march=native -O3 -fgraphite-identity -floop-nest-optimize -fdevirtualize-at-ltrans -fipa-pta -fno-semantic-interposition -flto=12 -fno-signed-zeros -fno-trapping-math -fassociative-math -freciprocal-math -fno-math-errno -ffinite-math-only -fno-rounding-math -fno-signaling-nans -fcx-limited-range -fexcess-precision=fast -fno-plt -fno-common -fuse-linker-plugin -pipe -g0 -fno-stack-protector -fno-stack-clash-protection -fstack-check=no -fno-stack-check'
 * MAKEOPTS='-j12'
 * gcc (Gentoo 10.1.0 p1) 10.1.0
 * g++ (Gentoo 10.1.0 p1) 10.1.0
 * GNU ld (Gentoo 9999 p5) 2.34.50.20200520
 * Linux ryzen.gnum.org 5.4.36 #1 SMP Thu Apr 30 04:38:28 UTC 2020 x86_64 AMD Ryzen 5 3600 6-Core Processor AuthenticAMD GNU/Linux
]0;emerge 09:27:01 1589959622:  >>> AUTOCLEAN: net-libs/glib-networking:0 yelp-xsl (root@ryzen.gnum.org)>>> Unpacking source...
>>> Unpacking yelp-xsl-3.34.2.tar.xz to /tmp/portage/gnome-extra/yelp-xsl-3.34.2/work
>>> Source unpacked in /tmp/portage/gnome-extra/yelp-xsl-3.34.2/work
>>> Preparing source in /tmp/portage/gnome-extra/yelp-xsl-3.34.2/work/yelp-xsl-3.34.2 ...
 * Disabling deprecation warnings ...
 [ ok ]
 * Running elibtoolize in: yelp-xsl-3.34.2/
>>> Source prepared.
>>> Configuring source in /tmp/portage/gnome-extra/yelp-xsl-3.34.2/work/yelp-xsl-3.34.2 ...
 * econf: updating yelp-xsl-3.34.2/config.guess with /usr/share/gnuconfig/config.guess
 * econf: updating yelp-xsl-3.34.2/config.sub with /usr/share/gnuconfig/config.sub
./configure --prefix=/usr --build=x86_64-pc-linux-gnu --host=x86_64-pc-linux-gnu --mandir=/usr/share/man --infodir=/usr/share/info --datadir=/usr/share --sysconfdir=/etc --localstatedir=/var/lib --disable-dependency-tracking --disable-silent-rules --docdir=/usr/share/doc/yelp-xsl-3.34.2 --htmldir=/usr/share/doc/yelp-xsl-3.34.2/html --libdir=/usr/lib64
checking for a BSD-compatible install... /usr/lib/portage/python3.8/ebuild-helpers/xattr/install -c
checking whether build environment is sane... yes
checking for a thread-safe mkdir -p... /bin/mkdir -p
checking for gawk... gawk
checking whether make sets $(MAKE)... yes
checking whether make supports nested variables... yes
checking for gawk... (cached) gawk
checking for itstool... itstool
checking for a sed that does not truncate output... /bin/sed
checking whether NLS is requested... yes
checking for msgfmt... /usr/bin/msgfmt
checking for gmsgfmt... /usr/bin/gmsgfmt
checking for xgettext... /usr/bin/xgettext
checking for msgmerge... /usr/bin/msgmerge
checking whether make supports the include directive... yes (GNU style)
checking for x86_64-pc-linux-gnu-gcc... x86_64-pc-linux-gnu-gcc
checking whether the C compiler works... yes
checking for C compiler default output file name... a.out
checking for suffix of executables... 
checking whether we are cross compiling... no
checking for suffix of object files... o
checking whether we are using the GNU C compiler... yes
checking whether x86_64-pc-linux-gnu-gcc accepts -g... yes
checking for x86_64-pc-linux-gnu-gcc option to accept ISO C89... none needed
checking whether x86_64-pc-linux-gnu-gcc understands -c and -o together... yes
checking dependency style of x86_64-pc-linux-gnu-gcc... none
checking build system type... x86_64-pc-linux-gnu
checking host system type... x86_64-pc-linux-gnu
checking for ld used by x86_64-pc-linux-gnu-gcc... /usr/x86_64-pc-linux-gnu/bin/ld
checking if the linker (/usr/x86_64-pc-linux-gnu/bin/ld) is GNU ld... yes
checking for shared library run path origin... done
checking how to run the C preprocessor... x86_64-pc-linux-gnu-gcc -E
checking for grep that handles long lines and -e... /bin/grep
checking for egrep... /bin/grep -E
checking for CFPreferencesCopyAppValue... no
checking for CFLocaleCopyCurrent... no
checking for GNU gettext in libc... yes
checking whether to use NLS... yes
checking where the gettext function comes from... libc
checking that generated files are newer than configure... done
configure: creating ./config.status
config.status: creating Makefile
config.status: creating yelp-xsl.pc
config.status: creating js/Makefile
config.status: creating doc/Makefile
config.status: creating doc/yelp-xsl/Makefile
config.status: creating po/Makefile.in
config.status: creating xslt/Makefile
config.status: creating xslt/common/Makefile
config.status: creating xslt/common/domains/Makefile
config.status: creating xslt/common/icons/Makefile
config.status: creating xslt/docbook/Makefile
config.status: creating xslt/docbook/common/Makefile
config.status: creating xslt/docbook/html/Makefile
config.status: creating xslt/mallard/Makefile
config.status: creating xslt/mallard/cache/Makefile
config.status: creating xslt/mallard/common/Makefile
config.status: creating xslt/mallard/html/Makefile
config.status: executing po-directories commands
config.status: creating po/POTFILES
config.status: setting ALL_LINGUAS in configure.in is obsolete
config.status: creating po/Makefile
config.status: executing depfiles commands

yelp-xsl-3.34.2:

	prefix:                   /usr

	Documentation:            no

>>> Source configured.
>>> Compiling source in /tmp/portage/gnome-extra/yelp-xsl-3.34.2/work/yelp-xsl-3.34.2 ...
make -j12 
Making all in js
make[1]: Entering directory '/tmp/portage/gnome-extra/yelp-xsl-3.34.2/work/yelp-xsl-3.34.2/js'
make[1]: Nothing to be done for 'all'.
make[1]: Leaving directory '/tmp/portage/gnome-extra/yelp-xsl-3.34.2/work/yelp-xsl-3.34.2/js'
Making all in xslt
make[1]: Entering directory '/tmp/portage/gnome-extra/yelp-xsl-3.34.2/work/yelp-xsl-3.34.2/xslt'
Making all in common
make[2]: Entering directory '/tmp/portage/gnome-extra/yelp-xsl-3.34.2/work/yelp-xsl-3.34.2/xslt/common'
Making all in domains
make[3]: Entering directory '/tmp/portage/gnome-extra/yelp-xsl-3.34.2/work/yelp-xsl-3.34.2/xslt/common/domains'
make[3]: Nothing to be done for 'all'.
make[3]: Leaving directory '/tmp/portage/gnome-extra/yelp-xsl-3.34.2/work/yelp-xsl-3.34.2/xslt/common/domains'
Making all in icons
make[3]: Entering directory '/tmp/portage/gnome-extra/yelp-xsl-3.34.2/work/yelp-xsl-3.34.2/xslt/common/icons'
make[3]: Nothing to be done for 'all'.
make[3]: Leaving directory '/tmp/portage/gnome-extra/yelp-xsl-3.34.2/work/yelp-xsl-3.34.2/xslt/common/icons'
make[3]: Entering directory '/tmp/portage/gnome-extra/yelp-xsl-3.34.2/work/yelp-xsl-3.34.2/xslt/common'
make[3]: Nothing to be done for 'all-am'.
make[3]: Leaving directory '/tmp/portage/gnome-extra/yelp-xsl-3.34.2/work/yelp-xsl-3.34.2/xslt/common'
make[2]: Leaving directory '/tmp/portage/gnome-extra/yelp-xsl-3.34.2/work/yelp-xsl-3.34.2/xslt/common'
Making all in docbook
make[2]: Entering directory '/tmp/portage/gnome-extra/yelp-xsl-3.34.2/work/yelp-xsl-3.34.2/xslt/docbook'
Making all in common
make[3]: Entering directory '/tmp/portage/gnome-extra/yelp-xsl-3.34.2/work/yelp-xsl-3.34.2/xslt/docbook/common'
make[3]: Nothing to be done for 'all'.
make[3]: Leaving directory '/tmp/portage/gnome-extra/yelp-xsl-3.34.2/work/yelp-xsl-3.34.2/xslt/docbook/common'
Making all in html
make[3]: Entering directory '/tmp/portage/gnome-extra/yelp-xsl-3.34.2/work/yelp-xsl-3.34.2/xslt/docbook/html'
make[3]: Nothing to be done for 'all'.
make[3]: Leaving directory '/tmp/portage/gnome-extra/yelp-xsl-3.34.2/work/yelp-xsl-3.34.2/xslt/docbook/html'
make[3]: Entering directory '/tmp/portage/gnome-extra/yelp-xsl-3.34.2/work/yelp-xsl-3.34.2/xslt/docbook'
make[3]: Nothing to be done for 'all-am'.
make[3]: Leaving directory '/tmp/portage/gnome-extra/yelp-xsl-3.34.2/work/yelp-xsl-3.34.2/xslt/docbook'
make[2]: Leaving directory '/tmp/portage/gnome-extra/yelp-xsl-3.34.2/work/yelp-xsl-3.34.2/xslt/docbook'
Making all in mallard
make[2]: Entering directory '/tmp/portage/gnome-extra/yelp-xsl-3.34.2/work/yelp-xsl-3.34.2/xslt/mallard'
Making all in common
make[3]: Entering directory '/tmp/portage/gnome-extra/yelp-xsl-3.34.2/work/yelp-xsl-3.34.2/xslt/mallard/common'
make[3]: Nothing to be done for 'all'.
make[3]: Leaving directory '/tmp/portage/gnome-extra/yelp-xsl-3.34.2/work/yelp-xsl-3.34.2/xslt/mallard/common'
Making all in html
make[3]: Entering directory '/tmp/portage/gnome-extra/yelp-xsl-3.34.2/work/yelp-xsl-3.34.2/xslt/mallard/html'
make[3]: Nothing to be done for 'all'.
make[3]: Leaving directory '/tmp/portage/gnome-extra/yelp-xsl-3.34.2/work/yelp-xsl-3.34.2/xslt/mallard/html'
Making all in cache
make[3]: Entering directory '/tmp/portage/gnome-extra/yelp-xsl-3.34.2/work/yelp-xsl-3.34.2/xslt/mallard/cache'
make[3]: Nothing to be done for 'all'.
make[3]: Leaving directory '/tmp/portage/gnome-extra/yelp-xsl-3.34.2/work/yelp-xsl-3.34.2/xslt/mallard/cache'
make[3]: Entering directory '/tmp/portage/gnome-extra/yelp-xsl-3.34.2/work/yelp-xsl-3.34.2/xslt/mallard'
make[3]: Nothing to be done for 'all-am'.
make[3]: Leaving directory '/tmp/portage/gnome-extra/yelp-xsl-3.34.2/work/yelp-xsl-3.34.2/xslt/mallard'
make[2]: Leaving directory '/tmp/portage/gnome-extra/yelp-xsl-3.34.2/work/yelp-xsl-3.34.2/xslt/mallard'
make[2]: Entering directory '/tmp/portage/gnome-extra/yelp-xsl-3.34.2/work/yelp-xsl-3.34.2/xslt'
make[2]: Nothing to be done for 'all-am'.
make[2]: Leaving directory '/tmp/portage/gnome-extra/yelp-xsl-3.34.2/work/yelp-xsl-3.34.2/xslt'
make[1]: Leaving directory '/tmp/portage/gnome-extra/yelp-xsl-3.34.2/work/yelp-xsl-3.34.2/xslt'
Making all in doc
make[1]: Entering directory '/tmp/portage/gnome-extra/yelp-xsl-3.34.2/work/yelp-xsl-3.34.2/doc'
Making all in yelp-xsl
make[2]: Entering directory '/tmp/portage/gnome-extra/yelp-xsl-3.34.2/work/yelp-xsl-3.34.2/doc/yelp-xsl'
make[2]: Nothing to be done for 'all'.
make[2]: Leaving directory '/tmp/portage/gnome-extra/yelp-xsl-3.34.2/work/yelp-xsl-3.34.2/doc/yelp-xsl'
make[2]: Entering directory '/tmp/portage/gnome-extra/yelp-xsl-3.34.2/work/yelp-xsl-3.34.2/doc'
make[2]: Nothing to be done for 'all-am'.
make[2]: Leaving directory '/tmp/portage/gnome-extra/yelp-xsl-3.34.2/work/yelp-xsl-3.34.2/doc'
make[1]: Leaving directory '/tmp/portage/gnome-extra/yelp-xsl-3.34.2/work/yelp-xsl-3.34.2/doc'
make[1]: Entering directory '/tmp/portage/gnome-extra/yelp-xsl-3.34.2/work/yelp-xsl-3.34.2'
make[1]: Nothing to be done for 'all-am'.
make[1]: Leaving directory '/tmp/portage/gnome-extra/yelp-xsl-3.34.2/work/yelp-xsl-3.34.2'
>>> Source compiled.
>>> Test phase [not enabled]: gnome-extra/yelp-xsl-3.34.2

>>> Install gnome-extra/yelp-xsl-3.34.2 into /tmp/portage/gnome-extra/yelp-xsl-3.34.2/image/
make -j12 DESTDIR=/tmp/portage/gnome-extra/yelp-xsl-3.34.2/image/ install 
Making install in js
make[1]: Entering directory '/tmp/portage/gnome-extra/yelp-xsl-3.34.2/work/yelp-xsl-3.34.2/js'
make[2]: Entering directory '/tmp/portage/gnome-extra/yelp-xsl-3.34.2/work/yelp-xsl-3.34.2/js'
make[2]: Nothing to be done for 'install-exec-am'.
 /bin/mkdir -p '/tmp/portage/gnome-extra/yelp-xsl-3.34.2/image//usr/share/yelp-xsl/js'
 /usr/lib/portage/python3.8/ebuild-helpers/xattr/install -c -m 644 highlight.pack.js '/tmp/portage/gnome-extra/yelp-xsl-3.34.2/image//usr/share/yelp-xsl/js'
make[2]: Leaving directory '/tmp/portage/gnome-extra/yelp-xsl-3.34.2/work/yelp-xsl-3.34.2/js'
make[1]: Leaving directory '/tmp/portage/gnome-extra/yelp-xsl-3.34.2/work/yelp-xsl-3.34.2/js'
Making install in xslt
make[1]: Entering directory '/tmp/portage/gnome-extra/yelp-xsl-3.34.2/work/yelp-xsl-3.34.2/xslt'
Making install in common
make[2]: Entering directory '/tmp/portage/gnome-extra/yelp-xsl-3.34.2/work/yelp-xsl-3.34.2/xslt/common'
Making install in domains
make[3]: Entering directory '/tmp/portage/gnome-extra/yelp-xsl-3.34.2/work/yelp-xsl-3.34.2/xslt/common/domains'
make[4]: Entering directory '/tmp/portage/gnome-extra/yelp-xsl-3.34.2/work/yelp-xsl-3.34.2/xslt/common/domains'
make[4]: Nothing to be done for 'install-exec-am'.
 /bin/mkdir -p '/tmp/portage/gnome-extra/yelp-xsl-3.34.2/image//usr/share/yelp-xsl/xslt/common/domains'
 /usr/lib/portage/python3.8/ebuild-helpers/xattr/install -c -m 644 yelp-xsl.xml '/tmp/portage/gnome-extra/yelp-xsl-3.34.2/image//usr/share/yelp-xsl/xslt/common/domains'
make[4]: Leaving directory '/tmp/portage/gnome-extra/yelp-xsl-3.34.2/work/yelp-xsl-3.34.2/xslt/common/domains'
make[3]: Leaving directory '/tmp/portage/gnome-extra/yelp-xsl-3.34.2/work/yelp-xsl-3.34.2/xslt/common/domains'
Making install in icons
make[3]: Entering directory '/tmp/portage/gnome-extra/yelp-xsl-3.34.2/work/yelp-xsl-3.34.2/xslt/common/icons'
make[4]: Entering directory '/tmp/portage/gnome-extra/yelp-xsl-3.34.2/work/yelp-xsl-3.34.2/xslt/common/icons'
make[4]: Nothing to be done for 'install-exec-am'.
 /bin/mkdir -p '/tmp/portage/gnome-extra/yelp-xsl-3.34.2/image//usr/share/yelp-xsl/xslt/common/icons'
 /usr/lib/portage/python3.8/ebuild-helpers/xattr/install -c -m 644 yelp-note-advanced.svg yelp-note-bug.svg yelp-note-important.svg yelp-note-note.svg yelp-note-package.svg yelp-note-tip.svg yelp-note-warning.svg '/tmp/portage/gnome-extra/yelp-xsl-3.34.2/image//usr/share/yelp-xsl/xslt/common/icons'
make[4]: Leaving directory '/tmp/portage/gnome-extra/yelp-xsl-3.34.2/work/yelp-xsl-3.34.2/xslt/common/icons'
make[3]: Leaving directory '/tmp/portage/gnome-extra/yelp-xsl-3.34.2/work/yelp-xsl-3.34.2/xslt/common/icons'
make[3]: Entering directory '/tmp/portage/gnome-extra/yelp-xsl-3.34.2/work/yelp-xsl-3.34.2/xslt/common'
make[4]: Entering directory '/tmp/portage/gnome-extra/yelp-xsl-3.34.2/work/yelp-xsl-3.34.2/xslt/common'
make[4]: Nothing to be done for 'install-exec-am'.
 /bin/mkdir -p '/tmp/portage/gnome-extra/yelp-xsl-3.34.2/image//usr/share/yelp-xsl/xslt/common'
 /usr/lib/portage/python3.8/ebuild-helpers/xattr/install -c -m 644 color.xsl icons.xsl l10n.xsl l10n-numbers.xsl html.xsl ttml.xsl utils.xsl '/tmp/portage/gnome-extra/yelp-xsl-3.34.2/image//usr/share/yelp-xsl/xslt/common'
make[4]: Leaving directory '/tmp/portage/gnome-extra/yelp-xsl-3.34.2/work/yelp-xsl-3.34.2/xslt/common'
make[3]: Leaving directory '/tmp/portage/gnome-extra/yelp-xsl-3.34.2/work/yelp-xsl-3.34.2/xslt/common'
make[2]: Leaving directory '/tmp/portage/gnome-extra/yelp-xsl-3.34.2/work/yelp-xsl-3.34.2/xslt/common'
Making install in docbook
make[2]: Entering directory '/tmp/portage/gnome-extra/yelp-xsl-3.34.2/work/yelp-xsl-3.34.2/xslt/docbook'
Making install in common
make[3]: Entering directory '/tmp/portage/gnome-extra/yelp-xsl-3.34.2/work/yelp-xsl-3.34.2/xslt/docbook/common'
make[4]: Entering directory '/tmp/portage/gnome-extra/yelp-xsl-3.34.2/work/yelp-xsl-3.34.2/xslt/docbook/common'
make[4]: Nothing to be done for 'install-exec-am'.
 /bin/mkdir -p '/tmp/portage/gnome-extra/yelp-xsl-3.34.2/image//usr/share/yelp-xsl/xslt/docbook/common'
 /usr/lib/portage/python3.8/ebuild-helpers/xattr/install -c -m 644 db-chunk.xsl db-common.xsl db-profile.xsl db-title.xsl db-xref.xsl db-selectors.mod '/tmp/portage/gnome-extra/yelp-xsl-3.34.2/image//usr/share/yelp-xsl/xslt/docbook/common'
make[4]: Leaving directory '/tmp/portage/gnome-extra/yelp-xsl-3.34.2/work/yelp-xsl-3.34.2/xslt/docbook/common'
make[3]: Leaving directory '/tmp/portage/gnome-extra/yelp-xsl-3.34.2/work/yelp-xsl-3.34.2/xslt/docbook/common'
Making install in html
make[3]: Entering directory '/tmp/portage/gnome-extra/yelp-xsl-3.34.2/work/yelp-xsl-3.34.2/xslt/docbook/html'
make[4]: Entering directory '/tmp/portage/gnome-extra/yelp-xsl-3.34.2/work/yelp-xsl-3.34.2/xslt/docbook/html'
make[4]: Nothing to be done for 'install-exec-am'.
 /bin/mkdir -p '/tmp/portage/gnome-extra/yelp-xsl-3.34.2/image//usr/share/yelp-xsl/xslt/docbook/html'
 /usr/lib/portage/python3.8/ebuild-helpers/xattr/install -c -m 644 db2html-bibliography.xsl db2html-block.xsl db2html-callout.xsl db2html-classsynopsis.xsl db2html-cmdsynopsis.xsl db2html-css.xsl db2html-division.xsl db2html-ebnf.xsl db2html-footnote.xsl db2html-funcsynopsis.xsl db2html-index.xsl db2html-inline.xsl db2html-links.xsl db2html-math.xsl db2html-media.xsl db2html-list.xsl db2html-refentry.xsl db2html-suppressed.xsl db2html-table.xsl db2html-xref.xsl db2html.xsl db2xhtml.xsl '/tmp/portage/gnome-extra/yelp-xsl-3.34.2/image//usr/share/yelp-xsl/xslt/docbook/html'
make[4]: Leaving directory '/tmp/portage/gnome-extra/yelp-xsl-3.34.2/work/yelp-xsl-3.34.2/xslt/docbook/html'
make[3]: Leaving directory '/tmp/portage/gnome-extra/yelp-xsl-3.34.2/work/yelp-xsl-3.34.2/xslt/docbook/html'
make[3]: Entering directory '/tmp/portage/gnome-extra/yelp-xsl-3.34.2/work/yelp-xsl-3.34.2/xslt/docbook'
make[4]: Entering directory '/tmp/portage/gnome-extra/yelp-xsl-3.34.2/work/yelp-xsl-3.34.2/xslt/docbook'
make[4]: Nothing to be done for 'install-exec-am'.
make[4]: Nothing to be done for 'install-data-am'.
make[4]: Leaving directory '/tmp/portage/gnome-extra/yelp-xsl-3.34.2/work/yelp-xsl-3.34.2/xslt/docbook'
make[3]: Leaving directory '/tmp/portage/gnome-extra/yelp-xsl-3.34.2/work/yelp-xsl-3.34.2/xslt/docbook'
make[2]: Leaving directory '/tmp/portage/gnome-extra/yelp-xsl-3.34.2/work/yelp-xsl-3.34.2/xslt/docbook'
Making install in mallard
make[2]: Entering directory '/tmp/portage/gnome-extra/yelp-xsl-3.34.2/work/yelp-xsl-3.34.2/xslt/mallard'
Making install in common
make[3]: Entering directory '/tmp/portage/gnome-extra/yelp-xsl-3.34.2/work/yelp-xsl-3.34.2/xslt/mallard/common'
make[4]: Entering directory '/tmp/portage/gnome-extra/yelp-xsl-3.34.2/work/yelp-xsl-3.34.2/xslt/mallard/common'
make[4]: Nothing to be done for 'install-exec-am'.
 /bin/mkdir -p '/tmp/portage/gnome-extra/yelp-xsl-3.34.2/image//usr/share/yelp-xsl/xslt/mallard/common'
 /usr/lib/portage/python3.8/ebuild-helpers/xattr/install -c -m 644 mal-gloss.xsl mal-if.xsl mal-link.xsl mal-sort.xsl '/tmp/portage/gnome-extra/yelp-xsl-3.34.2/image//usr/share/yelp-xsl/xslt/mallard/common'
make[4]: Leaving directory '/tmp/portage/gnome-extra/yelp-xsl-3.34.2/work/yelp-xsl-3.34.2/xslt/mallard/common'
make[3]: Leaving directory '/tmp/portage/gnome-extra/yelp-xsl-3.34.2/work/yelp-xsl-3.34.2/xslt/mallard/common'
Making install in html
make[3]: Entering directory '/tmp/portage/gnome-extra/yelp-xsl-3.34.2/work/yelp-xsl-3.34.2/xslt/mallard/html'
make[4]: Entering directory '/tmp/portage/gnome-extra/yelp-xsl-3.34.2/work/yelp-xsl-3.34.2/xslt/mallard/html'
make[4]: Nothing to be done for 'install-exec-am'.
 /bin/mkdir -p '/tmp/portage/gnome-extra/yelp-xsl-3.34.2/image//usr/share/yelp-xsl/xslt/mallard/html'
 /usr/lib/portage/python3.8/ebuild-helpers/xattr/install -c -m 644 mal2html-api.xsl mal2html-block.xsl mal2html-gloss.xsl mal2html-inline.xsl mal2html-links.xsl mal2html-list.xsl mal2html-math.xsl mal2html-media.xsl mal2html-page.xsl mal2html-svg.xsl mal2html-table.xsl mal2html-ui.xsl mal2html.xsl mal2xhtml.xsl '/tmp/portage/gnome-extra/yelp-xsl-3.34.2/image//usr/share/yelp-xsl/xslt/mallard/html'
make[4]: Leaving directory '/tmp/portage/gnome-extra/yelp-xsl-3.34.2/work/yelp-xsl-3.34.2/xslt/mallard/html'
make[3]: Leaving directory '/tmp/portage/gnome-extra/yelp-xsl-3.34.2/work/yelp-xsl-3.34.2/xslt/mallard/html'
Making install in cache
make[3]: Entering directory '/tmp/portage/gnome-extra/yelp-xsl-3.34.2/work/yelp-xsl-3.34.2/xslt/mallard/cache'
make[4]: Entering directory '/tmp/portage/gnome-extra/yelp-xsl-3.34.2/work/yelp-xsl-3.34.2/xslt/mallard/cache'
make[4]: Nothing to be done for 'install-exec-am'.
 /bin/mkdir -p '/tmp/portage/gnome-extra/yelp-xsl-3.34.2/image//usr/share/yelp-xsl/xslt/mallard/cache'
 /usr/lib/portage/python3.8/ebuild-helpers/xattr/install -c -m 644 mal-cache.xsl '/tmp/portage/gnome-extra/yelp-xsl-3.34.2/image//usr/share/yelp-xsl/xslt/mallard/cache'
make[4]: Leaving directory '/tmp/portage/gnome-extra/yelp-xsl-3.34.2/work/yelp-xsl-3.34.2/xslt/mallard/cache'
make[3]: Leaving directory '/tmp/portage/gnome-extra/yelp-xsl-3.34.2/work/yelp-xsl-3.34.2/xslt/mallard/cache'
make[3]: Entering directory '/tmp/portage/gnome-extra/yelp-xsl-3.34.2/work/yelp-xsl-3.34.2/xslt/mallard'
make[4]: Entering directory '/tmp/portage/gnome-extra/yelp-xsl-3.34.2/work/yelp-xsl-3.34.2/xslt/mallard'
make[4]: Nothing to be done for 'install-exec-am'.
make[4]: Nothing to be done for 'install-data-am'.
make[4]: Leaving directory '/tmp/portage/gnome-extra/yelp-xsl-3.34.2/work/yelp-xsl-3.34.2/xslt/mallard'
make[3]: Leaving directory '/tmp/portage/gnome-extra/yelp-xsl-3.34.2/work/yelp-xsl-3.34.2/xslt/mallard'
make[2]: Leaving directory '/tmp/portage/gnome-extra/yelp-xsl-3.34.2/work/yelp-xsl-3.34.2/xslt/mallard'
make[2]: Entering directory '/tmp/portage/gnome-extra/yelp-xsl-3.34.2/work/yelp-xsl-3.34.2/xslt'
make[3]: Entering directory '/tmp/portage/gnome-extra/yelp-xsl-3.34.2/work/yelp-xsl-3.34.2/xslt'
make[3]: Nothing to be done for 'install-exec-am'.
make[3]: Nothing to be done for 'install-data-am'.
make[3]: Leaving directory '/tmp/portage/gnome-extra/yelp-xsl-3.34.2/work/yelp-xsl-3.34.2/xslt'
make[2]: Leaving directory '/tmp/portage/gnome-extra/yelp-xsl-3.34.2/work/yelp-xsl-3.34.2/xslt'
make[1]: Leaving directory '/tmp/portage/gnome-extra/yelp-xsl-3.34.2/work/yelp-xsl-3.34.2/xslt'
Making install in doc
make[1]: Entering directory '/tmp/portage/gnome-extra/yelp-xsl-3.34.2/work/yelp-xsl-3.34.2/doc'
Making install in yelp-xsl
make[2]: Entering directory '/tmp/portage/gnome-extra/yelp-xsl-3.34.2/work/yelp-xsl-3.34.2/doc/yelp-xsl'
make[3]: Entering directory '/tmp/portage/gnome-extra/yelp-xsl-3.34.2/work/yelp-xsl-3.34.2/doc/yelp-xsl'
make[3]: Nothing to be done for 'install-exec-am'.
make[3]: Nothing to be done for 'install-data-am'.
make[3]: Leaving directory '/tmp/portage/gnome-extra/yelp-xsl-3.34.2/work/yelp-xsl-3.34.2/doc/yelp-xsl'
make[2]: Leaving directory '/tmp/portage/gnome-extra/yelp-xsl-3.34.2/work/yelp-xsl-3.34.2/doc/yelp-xsl'
make[2]: Entering directory '/tmp/portage/gnome-extra/yelp-xsl-3.34.2/work/yelp-xsl-3.34.2/doc'
make[3]: Entering directory '/tmp/portage/gnome-extra/yelp-xsl-3.34.2/work/yelp-xsl-3.34.2/doc'
make[3]: Nothing to be done for 'install-exec-am'.
make[3]: Nothing to be done for 'install-data-am'.
make[3]: Leaving directory '/tmp/portage/gnome-extra/yelp-xsl-3.34.2/work/yelp-xsl-3.34.2/doc'
make[2]: Leaving directory '/tmp/portage/gnome-extra/yelp-xsl-3.34.2/work/yelp-xsl-3.34.2/doc'
make[1]: Leaving directory '/tmp/portage/gnome-extra/yelp-xsl-3.34.2/work/yelp-xsl-3.34.2/doc'
make[1]: Entering directory '/tmp/portage/gnome-extra/yelp-xsl-3.34.2/work/yelp-xsl-3.34.2'
make[2]: Entering directory '/tmp/portage/gnome-extra/yelp-xsl-3.34.2/work/yelp-xsl-3.34.2'
make[2]: Nothing to be done for 'install-exec-am'.
 /bin/mkdir -p '/tmp/portage/gnome-extra/yelp-xsl-3.34.2/image//usr/share/pkgconfig'
 /usr/lib/portage/python3.8/ebuild-helpers/xattr/install -c -m 644 yelp-xsl.pc '/tmp/portage/gnome-extra/yelp-xsl-3.34.2/image//usr/share/pkgconfig'
make[2]: Leaving directory '/tmp/portage/gnome-extra/yelp-xsl-3.34.2/work/yelp-xsl-3.34.2'
make[1]: Leaving directory '/tmp/portage/gnome-extra/yelp-xsl-3.34.2/work/yelp-xsl-3.34.2'
>>> Completed installing gnome-extra/yelp-xsl-3.34.2 into /tmp/portage/gnome-extra/yelp-xsl-3.34.2/image/

 * Final size of build directory: 8784 KiB (8.5 MiB)
 * Final size of installed tree:  2772 KiB (2.7 MiB)

./
./usr/
./usr/share/
./usr/share/yelp-xsl/
./usr/share/yelp-xsl/xslt/
./usr/share/yelp-xsl/xslt/docbook/
./usr/share/yelp-xsl/xslt/docbook/common/
./usr/share/yelp-xsl/xslt/docbook/common/db-profile.xsl
./usr/share/yelp-xsl/xslt/docbook/common/db-chunk.xsl
./usr/share/yelp-xsl/xslt/docbook/common/db-xref.xsl
./usr/share/yelp-xsl/xslt/docbook/common/db-selectors.mod
./usr/share/yelp-xsl/xslt/docbook/common/db-title.xsl
./usr/share/yelp-xsl/xslt/docbook/common/db-common.xsl
./usr/share/yelp-xsl/xslt/docbook/html/
./usr/share/yelp-xsl/xslt/docbook/html/db2html-media.xsl
./usr/share/yelp-xsl/xslt/docbook/html/db2html-refentry.xsl
./usr/share/yelp-xsl/xslt/docbook/html/db2html-xref.xsl
./usr/share/yelp-xsl/xslt/docbook/html/db2html-ebnf.xsl
./usr/share/yelp-xsl/xslt/docbook/html/db2html-table.xsl
./usr/share/yelp-xsl/xslt/docbook/html/db2html-suppressed.xsl
./usr/share/yelp-xsl/xslt/docbook/html/db2html-bibliography.xsl
./usr/share/yelp-xsl/xslt/docbook/html/db2html.xsl
./usr/share/yelp-xsl/xslt/docbook/html/db2html-links.xsl
./usr/share/yelp-xsl/xslt/docbook/html/db2html-list.xsl
./usr/share/yelp-xsl/xslt/docbook/html/db2html-index.xsl
./usr/share/yelp-xsl/xslt/docbook/html/db2html-math.xsl
./usr/share/yelp-xsl/xslt/docbook/html/db2html-css.xsl
./usr/share/yelp-xsl/xslt/docbook/html/db2html-inline.xsl
./usr/share/yelp-xsl/xslt/docbook/html/db2html-callout.xsl
./usr/share/yelp-xsl/xslt/docbook/html/db2html-cmdsynopsis.xsl
./usr/share/yelp-xsl/xslt/docbook/html/db2html-division.xsl
./usr/share/yelp-xsl/xslt/docbook/html/db2html-classsynopsis.xsl
./usr/share/yelp-xsl/xslt/docbook/html/db2xhtml.xsl
./usr/share/yelp-xsl/xslt/docbook/html/db2html-funcsynopsis.xsl
./usr/share/yelp-xsl/xslt/docbook/html/db2html-block.xsl
./usr/share/yelp-xsl/xslt/docbook/html/db2html-footnote.xsl
./usr/share/yelp-xsl/xslt/common/
./usr/share/yelp-xsl/xslt/common/icons/
./usr/share/yelp-xsl/xslt/common/icons/yelp-note-note.svg
./usr/share/yelp-xsl/xslt/common/icons/yelp-note-important.svg
./usr/share/yelp-xsl/xslt/common/icons/yelp-note-advanced.svg
./usr/share/yelp-xsl/xslt/common/icons/yelp-note-warning.svg
./usr/share/yelp-xsl/xslt/common/icons/yelp-note-bug.svg
./usr/share/yelp-xsl/xslt/common/icons/yelp-note-package.svg
./usr/share/yelp-xsl/xslt/common/icons/yelp-note-tip.svg
./usr/share/yelp-xsl/xslt/common/l10n.xsl
./usr/share/yelp-xsl/xslt/common/color.xsl
./usr/share/yelp-xsl/xslt/common/ttml.xsl
./usr/share/yelp-xsl/xslt/common/icons.xsl
./usr/share/yelp-xsl/xslt/common/utils.xsl
./usr/share/yelp-xsl/xslt/common/l10n-numbers.xsl
./usr/share/yelp-xsl/xslt/common/html.xsl
./usr/share/yelp-xsl/xslt/common/domains/
./usr/share/yelp-xsl/xslt/common/domains/yelp-xsl.xml
./usr/share/yelp-xsl/xslt/mallard/
./usr/share/yelp-xsl/xslt/mallard/cache/
./usr/share/yelp-xsl/xslt/mallard/cache/mal-cache.xsl
./usr/share/yelp-xsl/xslt/mallard/common/
./usr/share/yelp-xsl/xslt/mallard/common/mal-if.xsl
./usr/share/yelp-xsl/xslt/mallard/common/mal-link.xsl
./usr/share/yelp-xsl/xslt/mallard/common/mal-gloss.xsl
./usr/share/yelp-xsl/xslt/mallard/common/mal-sort.xsl
./usr/share/yelp-xsl/xslt/mallard/html/
./usr/share/yelp-xsl/xslt/mallard/html/mal2html-table.xsl
./usr/share/yelp-xsl/xslt/mallard/html/mal2xhtml.xsl
./usr/share/yelp-xsl/xslt/mallard/html/mal2html-list.xsl
./usr/share/yelp-xsl/xslt/mallard/html/mal2html-ui.xsl
./usr/share/yelp-xsl/xslt/mallard/html/mal2html-api.xsl
./usr/share/yelp-xsl/xslt/mallard/html/mal2html-block.xsl
./usr/share/yelp-xsl/xslt/mallard/html/mal2html.xsl
./usr/share/yelp-xsl/xslt/mallard/html/mal2html-gloss.xsl
./usr/share/yelp-xsl/xslt/mallard/html/mal2html-inline.xsl
./usr/share/yelp-xsl/xslt/mallard/html/mal2html-media.xsl
./usr/share/yelp-xsl/xslt/mallard/html/mal2html-math.xsl
./usr/share/yelp-xsl/xslt/mallard/html/mal2html-svg.xsl
./usr/share/yelp-xsl/xslt/mallard/html/mal2html-page.xsl
./usr/share/yelp-xsl/xslt/mallard/html/mal2html-links.xsl
./usr/share/yelp-xsl/js/
./usr/share/yelp-xsl/js/highlight.pack.js
./usr/share/pkgconfig/
./usr/share/pkgconfig/yelp-xsl.pc
./usr/share/doc/
./usr/share/doc/yelp-xsl-3.34.2/
./usr/share/doc/yelp-xsl-3.34.2/README.bz2
./usr/share/doc/yelp-xsl-3.34.2/ChangeLog.bz2
./usr/share/doc/yelp-xsl-3.34.2/AUTHORS
./usr/share/doc/yelp-xsl-3.34.2/NEWS.bz2
>>> Done.
 * checking 64 files for package collisions
>>> Merging gnome-extra/yelp-xsl-3.34.2 to /
 * removing unneeded *.la files
--- /usr/
--- /usr/share/
--- /usr/share/pkgconfig/
>>> /usr/share/pkgconfig/yelp-xsl.pc
>>> /usr/share/yelp-xsl/
>>> /usr/share/yelp-xsl/js/
>>> /usr/share/yelp-xsl/js/highlight.pack.js
>>> /usr/share/yelp-xsl/xslt/
>>> /usr/share/yelp-xsl/xslt/mallard/
>>> /usr/share/yelp-xsl/xslt/mallard/html/
>>> /usr/share/yelp-xsl/xslt/mallard/html/mal2html-links.xsl
>>> /usr/share/yelp-xsl/xslt/mallard/html/mal2html-page.xsl
>>> /usr/share/yelp-xsl/xslt/mallard/html/mal2html-svg.xsl
>>> /usr/share/yelp-xsl/xslt/mallard/html/mal2html-math.xsl
>>> /usr/share/yelp-xsl/xslt/mallard/html/mal2html-media.xsl
>>> /usr/share/yelp-xsl/xslt/mallard/html/mal2html-inline.xsl
>>> /usr/share/yelp-xsl/xslt/mallard/html/mal2html-gloss.xsl
>>> /usr/share/yelp-xsl/xslt/mallard/html/mal2html.xsl
>>> /usr/share/yelp-xsl/xslt/mallard/html/mal2html-block.xsl
>>> /usr/share/yelp-xsl/xslt/mallard/html/mal2html-api.xsl
>>> /usr/share/yelp-xsl/xslt/mallard/html/mal2html-ui.xsl
>>> /usr/share/yelp-xsl/xslt/mallard/html/mal2html-list.xsl
>>> /usr/share/yelp-xsl/xslt/mallard/html/mal2xhtml.xsl
>>> /usr/share/yelp-xsl/xslt/mallard/html/mal2html-table.xsl
>>> /usr/share/yelp-xsl/xslt/mallard/common/
>>> /usr/share/yelp-xsl/xslt/mallard/common/mal-sort.xsl
>>> /usr/share/yelp-xsl/xslt/mallard/common/mal-gloss.xsl
>>> /usr/share/yelp-xsl/xslt/mallard/common/mal-link.xsl
>>> /usr/share/yelp-xsl/xslt/mallard/common/mal-if.xsl
>>> /usr/share/yelp-xsl/xslt/mallard/cache/
>>> /usr/share/yelp-xsl/xslt/mallard/cache/mal-cache.xsl
>>> /usr/share/yelp-xsl/xslt/common/
>>> /usr/share/yelp-xsl/xslt/common/domains/
>>> /usr/share/yelp-xsl/xslt/common/domains/yelp-xsl.xml
>>> /usr/share/yelp-xsl/xslt/common/html.xsl
>>> /usr/share/yelp-xsl/xslt/common/l10n-numbers.xsl
>>> /usr/share/yelp-xsl/xslt/common/utils.xsl
>>> /usr/share/yelp-xsl/xslt/common/icons.xsl
>>> /usr/share/yelp-xsl/xslt/common/ttml.xsl
>>> /usr/share/yelp-xsl/xslt/common/color.xsl
>>> /usr/share/yelp-xsl/xslt/common/l10n.xsl
>>> /usr/share/yelp-xsl/xslt/common/icons/
>>> /usr/share/yelp-xsl/xslt/common/icons/yelp-note-tip.svg
>>> /usr/share/yelp-xsl/xslt/common/icons/yelp-note-package.svg
>>> /usr/share/yelp-xsl/xslt/common/icons/yelp-note-bug.svg
>>> /usr/share/yelp-xsl/xslt/common/icons/yelp-note-warning.svg
>>> /usr/share/yelp-xsl/xslt/common/icons/yelp-note-advanced.svg
>>> /usr/share/yelp-xsl/xslt/common/icons/yelp-note-important.svg
>>> /usr/share/yelp-xsl/xslt/common/icons/yelp-note-note.svg
>>> /usr/share/yelp-xsl/xslt/docbook/
>>> /usr/share/yelp-xsl/xslt/docbook/html/
>>> /usr/share/yelp-xsl/xslt/docbook/html/db2html-footnote.xsl
>>> /usr/share/yelp-xsl/xslt/docbook/html/db2html-block.xsl
>>> /usr/share/yelp-xsl/xslt/docbook/html/db2html-funcsynopsis.xsl
>>> /usr/share/yelp-xsl/xslt/docbook/html/db2xhtml.xsl
>>> /usr/share/yelp-xsl/xslt/docbook/html/db2html-classsynopsis.xsl
>>> /usr/share/yelp-xsl/xslt/docbook/html/db2html-division.xsl
>>> /usr/share/yelp-xsl/xslt/docbook/html/db2html-cmdsynopsis.xsl
>>> /usr/share/yelp-xsl/xslt/docbook/html/db2html-callout.xsl
>>> /usr/share/yelp-xsl/xslt/docbook/html/db2html-inline.xsl
>>> /usr/share/yelp-xsl/xslt/docbook/html/db2html-css.xsl
>>> /usr/share/yelp-xsl/xslt/docbook/html/db2html-math.xsl
>>> /usr/share/yelp-xsl/xslt/docbook/html/db2html-index.xsl
>>> /usr/share/yelp-xsl/xslt/docbook/html/db2html-list.xsl
>>> /usr/share/yelp-xsl/xslt/docbook/html/db2html-links.xsl
>>> /usr/share/yelp-xsl/xslt/docbook/html/db2html.xsl
>>> /usr/share/yelp-xsl/xslt/docbook/html/db2html-bibliography.xsl
>>> /usr/share/yelp-xsl/xslt/docbook/html/db2html-suppressed.xsl
>>> /usr/share/yelp-xsl/xslt/docbook/html/db2html-table.xsl
>>> /usr/share/yelp-xsl/xslt/docbook/html/db2html-ebnf.xsl
>>> /usr/share/yelp-xsl/xslt/docbook/html/db2html-xref.xsl
>>> /usr/share/yelp-xsl/xslt/docbook/html/db2html-refentry.xsl
>>> /usr/share/yelp-xsl/xslt/docbook/html/db2html-media.xsl
>>> /usr/share/yelp-xsl/xslt/docbook/common/
>>> /usr/share/yelp-xsl/xslt/docbook/common/db-common.xsl
>>> /usr/share/yelp-xsl/xslt/docbook/common/db-title.xsl
>>> /usr/share/yelp-xsl/xslt/docbook/common/db-selectors.mod
>>> /usr/share/yelp-xsl/xslt/docbook/common/db-xref.xsl
>>> /usr/share/yelp-xsl/xslt/docbook/common/db-chunk.xsl
>>> /usr/share/yelp-xsl/xslt/docbook/common/db-profile.xsl
>>> gnome-extra/yelp-xsl-3.34.2 merged.
>>> Regenerating /etc/ld.so.cache...
