No package files given... Grabbing a set.
--- replaced obj /usr/share/p11-kit/modules/gnome-keyring.module
--- replaced dir /usr/share/p11-kit/modules
--- replaced dir /usr/share/p11-kit
--- replaced obj /usr/share/man/man1/gnome-keyring.1.bz2
--- replaced obj /usr/share/man/man1/gnome-keyring-daemon.1.bz2
--- replaced obj /usr/share/man/man1/gnome-keyring-3.1
--- replaced dir /usr/share/man/man1
--- replaced dir /usr/share/man
--- replaced obj /usr/share/glib-2.0/schemas/org.gnome.crypto.cache.gschema.xml
--- replaced dir /usr/share/glib-2.0/schemas
--- replaced dir /usr/share/glib-2.0
--- replaced obj /usr/share/dbus-1/services/org.gnome.keyring.service
--- replaced obj /usr/share/dbus-1/services/org.freedesktop.secrets.service
--- replaced dir /usr/share/dbus-1/services
--- replaced dir /usr/share/dbus-1
--- replaced obj /usr/share/GConf/gsettings/org.gnome.crypto.cache.convert
--- replaced dir /usr/share/GConf/gsettings
--- replaced dir /usr/share/GConf
--- replaced dir /usr/share
--- replaced obj /usr/lib64/pkcs11/gnome-keyring-pkcs11.so
--- replaced dir /usr/lib64/pkcs11
--- replaced obj /usr/lib64/gnome-keyring/devel/gkm-xdg-store-standalone.so
--- replaced obj /usr/lib64/gnome-keyring/devel/gkm-ssh-store-standalone.so
--- replaced obj /usr/lib64/gnome-keyring/devel/gkm-secret-store-standalone.so
--- replaced obj /usr/lib64/gnome-keyring/devel/gkm-gnome2-store-standalone.so
--- replaced dir /usr/lib64/gnome-keyring/devel
--- replaced dir /usr/lib64/gnome-keyring
--- replaced dir /usr/lib64
--- replaced obj /usr/bin/gnome-keyring-daemon
--- replaced obj /usr/bin/gnome-keyring-3
--- replaced sym /usr/bin/gnome-keyring
--- replaced dir /usr/bin
--- replaced dir /usr
--- replaced obj /lib64/security/pam_gnome_keyring.so
--- replaced dir /lib64/security
--- replaced dir /lib64
--- replaced obj /etc/xdg/autostart/gnome-keyring-ssh.desktop
--- replaced obj /etc/xdg/autostart/gnome-keyring-secrets.desktop
--- replaced obj /etc/xdg/autostart/gnome-keyring-pkcs11.desktop
--- replaced dir /etc/xdg/autostart
--- replaced dir /etc/xdg
--- replaced dir /etc
 * Updating GSettings schemas ...
 [ ok ]
>>> Regenerating /etc/ld.so.cache...
