>>> Extracting info
 * Package:    gnome-base/gnome-keyring-3.34.0
 * Repository: pentoo
 * USE:        abi_x86_64 userland_GNU caps amd64 filecaps pam kernel_linux elibc_glibc ssh-agent
 * FEATURES:   network-sandbox preserve-libs sandbox userpriv usersandbox
 * /etc/portage/package.cflags/ltoworkarounds.conf -> gnome-base/gnome-keyring: *FLAGS-=-flto*
 * FEATURES='nodoc binpkg-multi-instance usersandbox distlocks sfperms buildpkg strict-keepdir network-sandbox assume-digests unmerge-logs multilib-strict fixlafiles binpkg-logs binpkg-dostrip unknown-features-warn strict compress-index unmerge-orphans sandbox pid-sandbox downgrade-backup ipc-sandbox preserve-libs news userpriv parallel-install cgroup unmerge-backup parallel-fetch usersync binpkg-docompress qa-unresolved-soname-deps merge-sync xattr userfetch config-protect-if-modified'
 * CFLAGS='-march=native -O3 -fgraphite-identity -floop-nest-optimize -fdevirtualize-at-ltrans -fipa-pta -fno-semantic-interposition -fno-plt -fno-math-errno -fno-trapping-math -fuse-linker-plugin -pipe -g0 -falign-functions=32 -Wl,-O1 -Wl,--as-needed -Wl,--hash-style=gnu,-z,norelro,--as-needed'
 * CXXFLAGS='-march=native -O3 -fgraphite-identity -floop-nest-optimize -fdevirtualize-at-ltrans -fipa-pta -fno-semantic-interposition -fno-plt -fno-math-errno -fno-trapping-math -fuse-linker-plugin -pipe -g0 -falign-functions=32 -Wl,-O1 -Wl,--as-needed -Wl,--hash-style=gnu,-z,norelro,--as-needed'
 * FFLAGS='-march=native -O3 -fgraphite-identity -floop-nest-optimize -fdevirtualize-at-ltrans -fipa-pta -fno-semantic-interposition -fno-plt -fno-math-errno -fno-trapping-math -fuse-linker-plugin -pipe -g0 -falign-functions=32 -Wl,-O1 -Wl,--as-needed -Wl,--hash-style=gnu,-z,norelro,--as-needed'
 * FCFLAGS='-march=native -O3 -fgraphite-identity -floop-nest-optimize -fdevirtualize-at-ltrans -fipa-pta -fno-semantic-interposition -fno-plt -fno-math-errno -fno-trapping-math -fuse-linker-plugin -pipe -g0 -falign-functions=32 -Wl,-O1 -Wl,--as-needed -Wl,--hash-style=gnu,-z,norelro,--as-needed'
 * F77FLAGS='-march=native -O3 -fgraphite-identity -floop-nest-optimize -fdevirtualize-at-ltrans -fipa-pta -fno-semantic-interposition -fno-plt -fno-math-errno -fno-trapping-math -fuse-linker-plugin -pipe -g0 -falign-functions=32 -Wl,-O1 -Wl,--as-needed -Wl,--hash-style=gnu,-z,norelro,--as-needed'
 * LDFLAGS='-Wl,-O1 -Wl,--as-needed -Wl,--hash-style=gnu,-z,norelro,--as-needed'
 * MAKEOPTS='-j12 -l12'
 * gcc () 11.0.0 20200526 (experimental)
 * g++ () 11.0.0 20200526 (experimental)
 * GNU ld (Gentoo 2.34 p4) 2.34.0
 * Linux ryzen.gnum.org 5.4.36 #1 SMP Thu Apr 30 04:38:28 UTC 2020 x86_64 AMD Ryzen 5 3600 6-Core Processor AuthenticAMD GNU/Linux
gnome-base/gnome-keyring: 50 seconds average for 2 merges
2020-05-20T01:33:57 >>> gnome-base/gnome-keyring: 7 seconds
2020-05-26T05:15:13 >>> gnome-base/gnome-keyring: 1 minute, 33 seconds
]0;emerge 02:33:21 639|647 gnome-keyring 00:50 (root@ryzen.gnum.org)kemerge 02:33:21 639|647 gnome-keyring 00:50 (root@ryzen.gnum.org)\>>> Extracting gnome-base/gnome-keyring-3.34.0
 * checking 20 files for package collisions
>>> Merging gnome-base/gnome-keyring-3.34.0 to /
 * removing unneeded *.la files
--- /etc/
--- /etc/xdg/
--- /etc/xdg/autostart/
>>> /etc/xdg/autostart/gnome-keyring-secrets.desktop
>>> /etc/xdg/autostart/gnome-keyring-ssh.desktop
>>> /etc/xdg/autostart/gnome-keyring-pkcs11.desktop
--- /lib64/
--- /lib64/security/
>>> /lib64/security/pam_gnome_keyring.so
--- /usr/
--- /usr/lib64/
--- /usr/lib64/pkcs11/
>>> /usr/lib64/pkcs11/gnome-keyring-pkcs11.so
--- /usr/lib64/gnome-keyring/
--- /usr/lib64/gnome-keyring/devel/
>>> /usr/lib64/gnome-keyring/devel/gkm-gnome2-store-standalone.so
>>> /usr/lib64/gnome-keyring/devel/gkm-secret-store-standalone.so
>>> /usr/lib64/gnome-keyring/devel/gkm-ssh-store-standalone.so
>>> /usr/lib64/gnome-keyring/devel/gkm-xdg-store-standalone.so
--- /usr/share/
--- /usr/share/p11-kit/
--- /usr/share/p11-kit/modules/
>>> /usr/share/p11-kit/modules/gnome-keyring.module
--- /usr/share/glib-2.0/
--- /usr/share/glib-2.0/schemas/
>>> /usr/share/glib-2.0/schemas/org.gnome.crypto.cache.gschema.xml
--- /usr/share/man/
--- /usr/share/man/man1/
>>> /usr/share/man/man1/gnome-keyring-daemon.1.bz2
>>> /usr/share/man/man1/gnome-keyring.1.bz2
>>> /usr/share/man/man1/gnome-keyring-3.1
--- /usr/share/dbus-1/
--- /usr/share/dbus-1/services/
>>> /usr/share/dbus-1/services/org.freedesktop.secrets.service
>>> /usr/share/dbus-1/services/org.gnome.keyring.service
--- /usr/share/GConf/
--- /usr/share/GConf/gsettings/
>>> /usr/share/GConf/gsettings/org.gnome.crypto.cache.convert
--- /usr/bin/
>>> /usr/bin/gnome-keyring-3
>>> /usr/bin/gnome-keyring-daemon
>>> /usr/bin/gnome-keyring -> gnome-keyring-3
>>> Safely unmerging already-installed instance...
>>> Original instance of package unmerged safely.
 * Updating GSettings schemas ...
 [ ok ]
 * Please select pinentry-gnome3 as default pinentry provider:
 *  # eselect pinentry set pinentry-gnome3
>>> gnome-base/gnome-keyring-3.34.0 merged.
