 * Package:    gnome-base/gnome-mime-data-2.18.0
 * Repository: gentoo
 * Maintainer: gnome@gentoo.org
 * USE:        abi_x86_64 amd64 elibc_glibc kernel_linux userland_GNU
 * FEATURES:   ccache network-sandbox preserve-libs sandbox userpriv usersandbox
 * FEATURES='assume-digests binpkg-docompress binpkg-dostrip binpkg-logs binpkg-multi-instance buildpkg ccache cgroup compress-index config-protect-if-modified distlocks downgrade-backup fixlafiles ipc-sandbox merge-sync multilib-strict network-sandbox news nodoc parallel-fetch parallel-install pid-sandbox preserve-libs qa-unresolved-soname-deps sandbox sfperms strict strict-keepdir unknown-features-warn unmerge-backup unmerge-logs unmerge-orphans userfetch userpriv usersandbox usersync xattr'
 * CFLAGS='-march=native -O3 -fgraphite-identity -floop-nest-optimize -fdevirtualize-at-ltrans -fipa-pta -fno-semantic-interposition -flto=12 -fno-signed-zeros -fno-trapping-math -fassociative-math -freciprocal-math -fno-math-errno -ffinite-math-only -fno-rounding-math -fno-signaling-nans -fcx-limited-range -fexcess-precision=fast -fno-plt -fno-common -fuse-linker-plugin -pipe -g0 -fno-stack-protector -fno-stack-clash-protection -fstack-check=no -fno-stack-check -Wl,-O4,--hash-style=gnu,--sort-common,--as-needed,-z,relro,-z,now,-lgomp,-lpthread'
 * CXXFLAGS='-march=native -O3 -fgraphite-identity -floop-nest-optimize -fdevirtualize-at-ltrans -fipa-pta -fno-semantic-interposition -flto=12 -fno-signed-zeros -fno-trapping-math -fassociative-math -freciprocal-math -fno-math-errno -ffinite-math-only -fno-rounding-math -fno-signaling-nans -fcx-limited-range -fexcess-precision=fast -fno-plt -fno-common -fuse-linker-plugin -pipe -g0 -fno-stack-protector -fno-stack-clash-protection -fstack-check=no -fno-stack-check -Wl,-O4,--hash-style=gnu,--sort-common,--as-needed,-z,relro,-z,now,-lgomp,-lpthread'
 * FFLAGS='-march=native -O3 -fgraphite-identity -floop-nest-optimize -fdevirtualize-at-ltrans -fipa-pta -fno-semantic-interposition -flto=12 -fno-signed-zeros -fno-trapping-math -fassociative-math -freciprocal-math -fno-math-errno -ffinite-math-only -fno-rounding-math -fno-signaling-nans -fcx-limited-range -fexcess-precision=fast -fno-plt -fno-common -fuse-linker-plugin -pipe -g0 -fno-stack-protector -fno-stack-clash-protection -fstack-check=no -fno-stack-check -Wl,-O4,--hash-style=gnu,--sort-common,--as-needed,-z,relro,-z,now,-lgomp,-lpthread'
 * FCFLAGS='-march=native -O3 -fgraphite-identity -floop-nest-optimize -fdevirtualize-at-ltrans -fipa-pta -fno-semantic-interposition -flto=12 -fno-signed-zeros -fno-trapping-math -fassociative-math -freciprocal-math -fno-math-errno -ffinite-math-only -fno-rounding-math -fno-signaling-nans -fcx-limited-range -fexcess-precision=fast -fno-plt -fno-common -fuse-linker-plugin -pipe -g0 -fno-stack-protector -fno-stack-clash-protection -fstack-check=no -fno-stack-check -Wl,-O4,--hash-style=gnu,--sort-common,--as-needed,-z,relro,-z,now,-lgomp,-lpthread'
 * F77FLAGS='-march=native -O3 -fgraphite-identity -floop-nest-optimize -fdevirtualize-at-ltrans -fipa-pta -fno-semantic-interposition -flto=12 -fno-signed-zeros -fno-trapping-math -fassociative-math -freciprocal-math -fno-math-errno -ffinite-math-only -fno-rounding-math -fno-signaling-nans -fcx-limited-range -fexcess-precision=fast -fno-plt -fno-common -fuse-linker-plugin -pipe -g0 -fno-stack-protector -fno-stack-clash-protection -fstack-check=no -fno-stack-check -Wl,-O4,--hash-style=gnu,--sort-common,--as-needed,-z,relro,-z,now,-lgomp,-lpthread'
 * LDFLAGS='-Wl,-O4,--hash-style=gnu,--sort-common,--as-needed,-z,relro,-z,now,-lgomp,-lpthread -march=native -O3 -fgraphite-identity -floop-nest-optimize -fdevirtualize-at-ltrans -fipa-pta -fno-semantic-interposition -flto=12 -fno-signed-zeros -fno-trapping-math -fassociative-math -freciprocal-math -fno-math-errno -ffinite-math-only -fno-rounding-math -fno-signaling-nans -fcx-limited-range -fexcess-precision=fast -fno-plt -fno-common -fuse-linker-plugin -pipe -g0 -fno-stack-protector -fno-stack-clash-protection -fstack-check=no -fno-stack-check'
 * MAKEOPTS='-j12'
 * gcc (Gentoo 10.1.0 p1) 10.1.0
 * g++ (Gentoo 10.1.0 p1) 10.1.0
 * GNU ld (Gentoo 9999 p5) 2.34.50.20200520
 * Linux ryzen.gnum.org 5.4.36 #1 SMP Thu Apr 30 04:38:28 UTC 2020 x86_64 AMD Ryzen 5 3600 6-Core Processor AuthenticAMD GNU/Linux
]0;emerge 09:31:00 5|48 gnome-mime-data (root@ryzen.gnum.org)>>> Unpacking source...
>>> Unpacking gnome-mime-data-2.18.0.tar.bz2 to /tmp/portage/gnome-base/gnome-mime-data-2.18.0/work
>>> Source unpacked in /tmp/portage/gnome-base/gnome-mime-data-2.18.0/work
>>> Preparing source in /tmp/portage/gnome-base/gnome-mime-data-2.18.0/work/gnome-mime-data-2.18.0 ...
You should update your 'aclocal.m4' by running aclocal.
 * Fixing OMF Makefiles ...
 [ ok ]
 * Disabling deprecation warnings ...
 [ ok ]
 * Running elibtoolize in: gnome-mime-data-2.18.0/
>>> Source prepared.
>>> Configuring source in /tmp/portage/gnome-base/gnome-mime-data-2.18.0/work/gnome-mime-data-2.18.0 ...
 * econf: updating gnome-mime-data-2.18.0/config.guess with /usr/share/gnuconfig/config.guess
 * econf: updating gnome-mime-data-2.18.0/config.sub with /usr/share/gnuconfig/config.sub
./configure --prefix=/usr --build=x86_64-pc-linux-gnu --host=x86_64-pc-linux-gnu --mandir=/usr/share/man --infodir=/usr/share/info --datadir=/usr/share --sysconfdir=/etc --localstatedir=/var/lib --disable-dependency-tracking --libdir=/usr/lib64 --docdir=/usr/share/doc/gnome-mime-data-2.18.0
checking for a BSD-compatible install... /usr/lib/portage/python3.8/ebuild-helpers/xattr/install -c
checking whether build environment is sane... yes
checking for a thread-safe mkdir -p... /bin/mkdir -p
checking for gawk... gawk
checking whether make sets $(MAKE)... yes
checking whether to enable maintainer-specific portions of Makefiles... no
checking for perl... /usr/bin/perl
checking for XML::Parser... ok
checking for iconv... /usr/bin/iconv
checking for msgfmt... /usr/bin/msgfmt
checking for msgmerge... /usr/bin/msgmerge
checking for xgettext... /usr/bin/xgettext
checking for style of include used by make... GNU
checking for x86_64-pc-linux-gnu-gcc... x86_64-pc-linux-gnu-gcc
checking for C compiler default output file name... a.out
checking whether the C compiler works... yes
checking whether we are cross compiling... no
checking for suffix of executables... 
checking for suffix of object files... o
checking whether we are using the GNU C compiler... yes
checking whether x86_64-pc-linux-gnu-gcc accepts -g... yes
checking for x86_64-pc-linux-gnu-gcc option to accept ISO C89... none needed
checking dependency style of x86_64-pc-linux-gnu-gcc... none
checking how to run the C preprocessor... x86_64-pc-linux-gnu-gcc -E
checking for grep that handles long lines and -e... /bin/grep
checking for egrep... /bin/grep -E
checking for ANSI C header files... yes
checking for sys/types.h... yes
checking for sys/stat.h... yes
checking for stdlib.h... yes
checking for string.h... yes
checking for memory.h... yes
checking for strings.h... yes
checking for inttypes.h... yes
checking for stdint.h... yes
checking for unistd.h... yes
checking build system type... x86_64-pc-linux-gnu
checking host system type... x86_64-pc-linux-gnu
checking locale.h usability... yes
checking locale.h presence... yes
checking for locale.h... yes
checking for LC_MESSAGES... yes
checking libintl.h usability... yes
checking libintl.h presence... yes
checking for libintl.h... yes
checking for ngettext in libc... yes
checking for dgettext in libc... yes
checking for bind_textdomain_codeset... yes
checking for msgfmt... /usr/bin/msgfmt
checking for dcgettext... yes
checking for gmsgfmt... /usr/bin/gmsgfmt
checking for xgettext... /usr/bin/xgettext
checking for catalogs to be installed... 
configure: creating ./config.status
config.status: creating Makefile
config.status: creating gnome-mime-data.spec
config.status: creating gnome-mime-data-zip
config.status: creating man/Makefile
config.status: creating man/gnome-vfs-mime.5
config.status: WARNING:  man/gnome-vfs-mime.5.in seems to ignore the --datarootdir setting
config.status: creating po/Makefile.in
config.status: creating gnome-mime-data-2.0.pc
config.status: creating config.h
config.status: executing intltool commands
config.status: executing depfiles commands
config.status: executing default-1 commands
config.status: executing po/stamp-it commands
>>> Source configured.
>>> Compiling source in /tmp/portage/gnome-base/gnome-mime-data-2.18.0/work/gnome-mime-data-2.18.0 ...
make -j12 
make  all-recursive
make[1]: Entering directory '/tmp/portage/gnome-base/gnome-mime-data-2.18.0/work/gnome-mime-data-2.18.0'
Making all in man
make[2]: Entering directory '/tmp/portage/gnome-base/gnome-mime-data-2.18.0/work/gnome-mime-data-2.18.0/man'
make[2]: Nothing to be done for 'all'.
make[2]: Leaving directory '/tmp/portage/gnome-base/gnome-mime-data-2.18.0/work/gnome-mime-data-2.18.0/man'
Making all in po
make[2]: Entering directory '/tmp/portage/gnome-base/gnome-mime-data-2.18.0/work/gnome-mime-data-2.18.0/po'
make[2]: Nothing to be done for 'all'.
make[2]: Leaving directory '/tmp/portage/gnome-base/gnome-mime-data-2.18.0/work/gnome-mime-data-2.18.0/po'
make[2]: Entering directory '/tmp/portage/gnome-base/gnome-mime-data-2.18.0/work/gnome-mime-data-2.18.0'
LC_ALL=C ./intltool-merge -k -u -c ./po/.intltool-merge-cache ./po gnome-vfs.keys.in gnome-vfs.keys
make[2]: Leaving directory '/tmp/portage/gnome-base/gnome-mime-data-2.18.0/work/gnome-mime-data-2.18.0'
make[1]: Leaving directory '/tmp/portage/gnome-base/gnome-mime-data-2.18.0/work/gnome-mime-data-2.18.0'
>>> Source compiled.
>>> Test phase [not enabled]: gnome-base/gnome-mime-data-2.18.0

>>> Install gnome-base/gnome-mime-data-2.18.0 into /tmp/portage/gnome-base/gnome-mime-data-2.18.0/image/
make -j12 DESTDIR=/tmp/portage/gnome-base/gnome-mime-data-2.18.0/image/ 'scrollkeeper_localstate_dir=/tmp/portage/gnome-base/gnome-mime-data-2.18.0/image//var/lib/scrollkeeper ' install 
Making install in man
make[1]: Entering directory '/tmp/portage/gnome-base/gnome-mime-data-2.18.0/work/gnome-mime-data-2.18.0/man'
make[2]: Entering directory '/tmp/portage/gnome-base/gnome-mime-data-2.18.0/work/gnome-mime-data-2.18.0/man'
make[2]: Nothing to be done for 'install-exec-am'.
make[2]: Nothing to be done for 'install-data-am'.
make[2]: Leaving directory '/tmp/portage/gnome-base/gnome-mime-data-2.18.0/work/gnome-mime-data-2.18.0/man'
make[1]: Leaving directory '/tmp/portage/gnome-base/gnome-mime-data-2.18.0/work/gnome-mime-data-2.18.0/man'
Making install in po
make[1]: Entering directory '/tmp/portage/gnome-base/gnome-mime-data-2.18.0/work/gnome-mime-data-2.18.0/po'
linguas=""; \
for lang in $linguas; do \
  dir=/tmp/portage/gnome-base/gnome-mime-data-2.18.0/image//usr/share/locale/$lang/LC_MESSAGES; \
  /bin/sh /tmp/portage/gnome-base/gnome-mime-data-2.18.0/work/gnome-mime-data-2.18.0/install-sh -d $dir; \
  if test -r $lang.gmo; then \
    /usr/lib/portage/python3.8/ebuild-helpers/xattr/install -c -m 644 $lang.gmo $dir/gnome-mime-data.mo; \
    echo "installing $lang.gmo as $dir/gnome-mime-data.mo"; \
  else \
    /usr/lib/portage/python3.8/ebuild-helpers/xattr/install -c -m 644 ./$lang.gmo $dir/gnome-mime-data.mo; \
    echo "installing ./$lang.gmo as" \
	 "$dir/gnome-mime-data.mo"; \
  fi; \
  if test -r $lang.gmo.m; then \
    /usr/lib/portage/python3.8/ebuild-helpers/xattr/install -c -m 644 $lang.gmo.m $dir/gnome-mime-data.mo.m; \
    echo "installing $lang.gmo.m as $dir/gnome-mime-data.mo.m"; \
  else \
    if test -r ./$lang.gmo.m ; then \
      /usr/lib/portage/python3.8/ebuild-helpers/xattr/install -c -m 644 ./$lang.gmo.m \
	$dir/gnome-mime-data.mo.m; \
      echo "installing ./$lang.gmo.m as" \
	   "$dir/gnome-mime-data.mo.m"; \
    else \
      true; \
    fi; \
  fi; \
done
make[1]: Leaving directory '/tmp/portage/gnome-base/gnome-mime-data-2.18.0/work/gnome-mime-data-2.18.0/po'
make[1]: Entering directory '/tmp/portage/gnome-base/gnome-mime-data-2.18.0/work/gnome-mime-data-2.18.0'
LC_ALL=C ./intltool-merge -k -u -c ./po/.intltool-merge-cache ./po gnome-vfs.keys.in gnome-vfs.keys
make[2]: Entering directory '/tmp/portage/gnome-base/gnome-mime-data-2.18.0/work/gnome-mime-data-2.18.0'
test -z "/etc" || /bin/mkdir -p "/tmp/portage/gnome-base/gnome-mime-data-2.18.0/image//etc"
test -z "/usr/share/application-registry" || /bin/mkdir -p "/tmp/portage/gnome-base/gnome-mime-data-2.18.0/image//usr/share/application-registry"
LC_ALL=C ./intltool-merge -k -u -c ./po/.intltool-merge-cache ./po gnome-vfs.keys.in gnome-vfs.keys
test -z "/usr/share/pkgconfig" || /bin/mkdir -p "/tmp/portage/gnome-base/gnome-mime-data-2.18.0/image//usr/share/pkgconfig"
test -z "/usr/share/mime-info" || /bin/mkdir -p "/tmp/portage/gnome-base/gnome-mime-data-2.18.0/image//usr/share/mime-info"
 /usr/lib/portage/python3.8/ebuild-helpers/xattr/install -c -m 644 'gnome-vfs.applications' '/tmp/portage/gnome-base/gnome-mime-data-2.18.0/image//usr/share/application-registry/gnome-vfs.applications'
 /usr/lib/portage/python3.8/ebuild-helpers/xattr/install -c -m 644 'gnome-mime-data-2.0.pc' '/tmp/portage/gnome-base/gnome-mime-data-2.18.0/image//usr/share/pkgconfig/gnome-mime-data-2.0.pc'
 /usr/lib/portage/python3.8/ebuild-helpers/xattr/install -c -m 644 'gnome-vfs-mime-magic' '/tmp/portage/gnome-base/gnome-mime-data-2.18.0/image//etc/gnome-vfs-mime-magic'
 /usr/lib/portage/python3.8/ebuild-helpers/xattr/install -c -m 644 'gnome-vfs.keys' '/tmp/portage/gnome-base/gnome-mime-data-2.18.0/image//usr/share/mime-info/gnome-vfs.keys'
 /usr/lib/portage/python3.8/ebuild-helpers/xattr/install -c -m 644 'gnome-vfs.mime' '/tmp/portage/gnome-base/gnome-mime-data-2.18.0/image//usr/share/mime-info/gnome-vfs.mime'
make[2]: Leaving directory '/tmp/portage/gnome-base/gnome-mime-data-2.18.0/work/gnome-mime-data-2.18.0'
make[1]: Leaving directory '/tmp/portage/gnome-base/gnome-mime-data-2.18.0/work/gnome-mime-data-2.18.0'
>>> Completed installing gnome-base/gnome-mime-data-2.18.0 into /tmp/portage/gnome-base/gnome-mime-data-2.18.0/image/

 * Final size of build directory: 5408 KiB (5.2 MiB)
 * Final size of installed tree:  2072 KiB (2.0 MiB)

./
./usr/
./usr/share/
./usr/share/mime-info/
./usr/share/mime-info/gnome-vfs.keys
./usr/share/mime-info/gnome-vfs.mime
./usr/share/application-registry/
./usr/share/application-registry/gnome-vfs.applications
./usr/share/pkgconfig/
./usr/share/pkgconfig/gnome-mime-data-2.0.pc
./usr/share/doc/
./usr/share/doc/gnome-mime-data-2.18.0/
./usr/share/doc/gnome-mime-data-2.18.0/README.bz2
./usr/share/doc/gnome-mime-data-2.18.0/ChangeLog.bz2
./usr/share/doc/gnome-mime-data-2.18.0/AUTHORS
./etc/
./etc/gnome-vfs-mime-magic
>>> Done.
 * checking 5 files for package collisions
>>> Merging gnome-base/gnome-mime-data-2.18.0 to /
 * removing unneeded *.la files
--- /etc/
>>> /etc/gnome-vfs-mime-magic
--- /usr/
--- /usr/share/
--- /usr/share/pkgconfig/
>>> /usr/share/pkgconfig/gnome-mime-data-2.0.pc
>>> /usr/share/application-registry/
>>> /usr/share/application-registry/gnome-vfs.applications
>>> /usr/share/mime-info/
>>> /usr/share/mime-info/gnome-vfs.mime
>>> /usr/share/mime-info/gnome-vfs.keys
>>> gnome-base/gnome-mime-data-2.18.0 merged.
>>> Regenerating /etc/ld.so.cache...
