>>> Extracting info
 * Package:    kde-frameworks/kglobalaccel-5.70.0
 * Repository: gentoo
 * USE:        elibc_glibc userland_GNU amd64 abi_x86_64 kernel_linux
 * FEATURES:   ccache network-sandbox preserve-libs sandbox userpriv usersandbox
 * FEATURES='assume-digests ccache multilib-strict sandbox binpkg-docompress binpkg-multi-instance binpkg-logs sfperms xattr userpriv unknown-features-warn fixlafiles unmerge-orphans usersync distlocks ipc-sandbox downgrade-backup preserve-libs pid-sandbox binpkg-dostrip userfetch strict unmerge-logs strict-keepdir parallel-fetch compress-index network-sandbox usersandbox nodoc buildpkg unmerge-backup parallel-install config-protect-if-modified merge-sync news cgroup qa-unresolved-soname-deps'
 * CFLAGS='-march=native -O3 -fgraphite-identity -floop-nest-optimize -fdevirtualize-at-ltrans -fipa-pta -fno-semantic-interposition -flto=12 -fno-plt -fno-signed-zeros -fno-trapping-math -fassociative-math -freciprocal-math -fno-math-errno -ffinite-math-only -fno-rounding-math -fno-signaling-nans -fcx-limited-range -fexcess-precision=fast -fno-signed-zeros -fno-trapping-math -fassociative-math -freciprocal-math -fno-math-errno -ffinite-math-only -fno-rounding-math -fno-signaling-nans -fcx-limited-range -fexcess-precision=fast -fuse-linker-plugin -pipe -g0 -Wl,-O1 -Wl,--as-needed -Wl,--hash-style=gnu,-z,norelro,--as-needed'
 * CXXFLAGS='-march=native -O3 -fgraphite-identity -floop-nest-optimize -fdevirtualize-at-ltrans -fipa-pta -fno-semantic-interposition -flto=12 -fno-plt -fno-signed-zeros -fno-trapping-math -fassociative-math -freciprocal-math -fno-math-errno -ffinite-math-only -fno-rounding-math -fno-signaling-nans -fcx-limited-range -fexcess-precision=fast -fno-signed-zeros -fno-trapping-math -fassociative-math -freciprocal-math -fno-math-errno -ffinite-math-only -fno-rounding-math -fno-signaling-nans -fcx-limited-range -fexcess-precision=fast -fuse-linker-plugin -pipe -g0 -Wl,-O1 -Wl,--as-needed -Wl,--hash-style=gnu,-z,norelro,--as-needed'
 * CPPFLAGS='-DQT_NO_DEBUG'
 * FFLAGS='-march=native -O3 -fgraphite-identity -floop-nest-optimize -fdevirtualize-at-ltrans -fipa-pta -fno-semantic-interposition -flto=12 -fno-plt -fno-signed-zeros -fno-trapping-math -fassociative-math -freciprocal-math -fno-math-errno -ffinite-math-only -fno-rounding-math -fno-signaling-nans -fcx-limited-range -fexcess-precision=fast -fno-signed-zeros -fno-trapping-math -fassociative-math -freciprocal-math -fno-math-errno -ffinite-math-only -fno-rounding-math -fno-signaling-nans -fcx-limited-range -fexcess-precision=fast -fuse-linker-plugin -pipe -g0 -Wl,-O1 -Wl,--as-needed -Wl,--hash-style=gnu,-z,norelro,--as-needed'
 * FCFLAGS='-march=native -O3 -fgraphite-identity -floop-nest-optimize -fdevirtualize-at-ltrans -fipa-pta -fno-semantic-interposition -flto=12 -fno-plt -fno-signed-zeros -fno-trapping-math -fassociative-math -freciprocal-math -fno-math-errno -ffinite-math-only -fno-rounding-math -fno-signaling-nans -fcx-limited-range -fexcess-precision=fast -fno-signed-zeros -fno-trapping-math -fassociative-math -freciprocal-math -fno-math-errno -ffinite-math-only -fno-rounding-math -fno-signaling-nans -fcx-limited-range -fexcess-precision=fast -fuse-linker-plugin -pipe -g0 -Wl,-O1 -Wl,--as-needed -Wl,--hash-style=gnu,-z,norelro,--as-needed'
 * F77FLAGS='-march=native -O3 -fgraphite-identity -floop-nest-optimize -fdevirtualize-at-ltrans -fipa-pta -fno-semantic-interposition -flto=12 -fno-plt -fno-signed-zeros -fno-trapping-math -fassociative-math -freciprocal-math -fno-math-errno -ffinite-math-only -fno-rounding-math -fno-signaling-nans -fcx-limited-range -fexcess-precision=fast -fno-signed-zeros -fno-trapping-math -fassociative-math -freciprocal-math -fno-math-errno -ffinite-math-only -fno-rounding-math -fno-signaling-nans -fcx-limited-range -fexcess-precision=fast -fuse-linker-plugin -pipe -g0 -Wl,-O1 -Wl,--as-needed -Wl,--hash-style=gnu,-z,norelro,--as-needed'
 * LDFLAGS='-Wl,-O1 -Wl,--as-needed -Wl,--hash-style=gnu,-z,norelro,--as-needed -march=native -O3 -fgraphite-identity -floop-nest-optimize -fdevirtualize-at-ltrans -fipa-pta -fno-semantic-interposition -flto=12 -fno-plt -fno-signed-zeros -fno-trapping-math -fassociative-math -freciprocal-math -fno-math-errno -ffinite-math-only -fno-rounding-math -fno-signaling-nans -fcx-limited-range -fexcess-precision=fast -fuse-linker-plugin -pipe -g0'
 * MAKEOPTS='-j12 -l12'
 * gcc (Gentoo 11.0.0_pre9999 p1, commit 584d52b088f9fcf78704b504c3f1f07e17c1cded) 11.0.0 20200523 (experimental)
 * g++ (Gentoo 11.0.0_pre9999 p1, commit 584d52b088f9fcf78704b504c3f1f07e17c1cded) 11.0.0 20200523 (experimental)
 * GNU ld (Gentoo 2.34 p4) 2.34.0
 * Linux ryzen.gnum.org 5.4.36 #1 SMP Thu Apr 30 04:38:28 UTC 2020 x86_64 AMD Ryzen 5 3600 6-Core Processor AuthenticAMD GNU/Linux
kde-frameworks/kglobalaccel: 33 seconds average for 2 merges
2020-05-20T06:08:36 >>> kde-frameworks/kglobalaccel: 44 seconds
2020-05-23T16:08:54 >>> kde-frameworks/kglobalaccel: 22 seconds
]0;emerge 15:29:49 203|229 kglobalaccel 00:33 (root@ryzen.gnum.org)kemerge 15:29:49 203|229 kglobalaccel 00:33 (root@ryzen.gnum.org)\>>> Extracting kde-frameworks/kglobalaccel-5.70.0
 * checking 26 files for package collisions
 * This package will overwrite one or more files that may belong to other
 * packages (see list below). Add either "collision-protect" or "protect-
 * owned" to FEATURES in make.conf if you would like the merge to abort
 * in cases like this. See the make.conf man page for more information
 * about these features. You can use a command such as `portageq owners /
 * <filename>` to identify the installed package that owns a file. If
 * portageq reports that only one package owns a file then do NOT file a
 * bug report. A bug report is only useful if it identifies at least two
 * or more packages that are known to install the same file(s). If a
 * collision occurs and you can not explain where the file came from then
 * you should simply ignore the collision since there is not enough
 * information to determine if a real problem exists. Please do NOT file
 * a bug report at https://bugs.gentoo.org/ unless you report exactly
 * which two packages install the same file(s). See
 * https://wiki.gentoo.org/wiki/Knowledge_Base:Blockers for tips on how
 * to solve the problem. And once again, please do NOT file a bug report
 * unless you have completely understood the above message.
 * 
 * Detected file collision(s):
 * 
 * 	/usr/lib64/libKF5GlobalAccel.so.5.70.0
 * 	/usr/lib64/libKF5GlobalAccel.so.5
 * Package 'kde-frameworks/kglobalaccel-5.70.0' merged despite file
 * collisions. If necessary, refer to your elog messages for the whole
 * content of the above message.
>>> Merging kde-frameworks/kglobalaccel-5.70.0 to /
 * removing unneeded *.la files
--- /usr/
--- /usr/lib64/
>>> /usr/lib64/libKF5GlobalAccel.so.5 -> libKF5GlobalAccel.so.5.70.0
>>> /usr/lib64/libKF5GlobalAccel.so -> libKF5GlobalAccel.so.5
>>> /usr/lib64/libKF5GlobalAccel.so.5.70.0
--- /usr/lib64/cmake/
>>> /usr/lib64/cmake/KF5GlobalAccel/
>>> /usr/lib64/cmake/KF5GlobalAccel/KF5GlobalAccelConfig.cmake
>>> /usr/lib64/cmake/KF5GlobalAccel/KF5GlobalAccelConfigVersion.cmake
>>> /usr/lib64/cmake/KF5GlobalAccel/KF5GlobalAccelTargets-gentoo.cmake
>>> /usr/lib64/cmake/KF5GlobalAccel/KF5GlobalAccelTargets.cmake
>>> /usr/lib64/libKF5GlobalAccelPrivate.so.5.70.0
--- /usr/lib64/qt5/
--- /usr/lib64/qt5/plugins/
>>> /usr/lib64/qt5/plugins/org.kde.kglobalaccel5.platforms/
>>> /usr/lib64/qt5/plugins/org.kde.kglobalaccel5.platforms/KF5GlobalAccelPrivateXcb.so
--- /usr/lib64/qt5/mkspecs/
--- /usr/lib64/qt5/mkspecs/modules/
>>> /usr/lib64/qt5/mkspecs/modules/qt_KGlobalAccel.pri
--- /usr/share/
--- /usr/share/kservices5/
>>> /usr/share/kservices5/kglobalaccel5.desktop
--- /usr/share/qlogging-categories5/
>>> /usr/share/qlogging-categories5/kglobalaccel.categories
--- /usr/share/dbus-1/
--- /usr/share/dbus-1/services/
>>> /usr/share/dbus-1/services/org.kde.kglobalaccel.service
--- /usr/share/dbus-1/interfaces/
>>> /usr/share/dbus-1/interfaces/kf5_org.kde.KGlobalAccel.xml
>>> /usr/share/dbus-1/interfaces/kf5_org.kde.kglobalaccel.Component.xml
--- /usr/include/
--- /usr/include/KF5/
>>> /usr/include/KF5/kglobalaccel_version.h
>>> /usr/include/KF5/KGlobalAccel/
>>> /usr/include/KF5/KGlobalAccel/kglobalaccel_export.h
>>> /usr/include/KF5/KGlobalAccel/KGlobalShortcutInfo
>>> /usr/include/KF5/KGlobalAccel/KGlobalAccel
>>> /usr/include/KF5/KGlobalAccel/private/
>>> /usr/include/KF5/KGlobalAccel/private/kglobalaccel_interface.h
>>> /usr/include/KF5/KGlobalAccel/private/kf5globalaccelprivate_export.h
>>> /usr/include/KF5/KGlobalAccel/private/kglobalacceld.h
>>> /usr/include/KF5/KGlobalAccel/kglobalshortcutinfo.h
>>> /usr/include/KF5/KGlobalAccel/kglobalaccel.h
--- /usr/bin/
>>> /usr/bin/kglobalaccel5
>>> /usr/lib64/libKF5GlobalAccelPrivate.so.5 -> libKF5GlobalAccelPrivate.so.5.70.0
>>> kde-frameworks/kglobalaccel-5.70.0 merged.
>>> Regenerating /etc/ld.so.cache...
