 * Package:    kde-frameworks/kpty-5.70.0
 * Repository: gentoo
 * Maintainer: kde@gentoo.org
 * USE:        abi_x86_64 amd64 elibc_glibc kernel_linux userland_GNU
 * FEATURES:   ccache network-sandbox preserve-libs sandbox userpriv usersandbox
 * FEATURES='buildpkg unmerge-backup ipc-sandbox binpkg-dostrip pid-sandbox unmerge-logs downgrade-backup usersandbox usersync sfperms distlocks config-protect-if-modified merge-sync strict news parallel-fetch qa-unresolved-soname-deps unmerge-orphans userpriv fixlafiles unknown-features-warn ccache multilib-strict nodoc parallel-install binpkg-logs assume-digests compress-index sandbox network-sandbox xattr userfetch binpkg-docompress preserve-libs cgroup binpkg-multi-instance'
 * CFLAGS='-march=native -O3 -fgraphite-identity -floop-nest-optimize -fdevirtualize-at-ltrans -fipa-pta -fno-semantic-interposition -flto=12 -fno-signed-zeros -fno-trapping-math -fassociative-math -freciprocal-math -fno-math-errno -ffinite-math-only -fno-rounding-math -fno-signaling-nans -fcx-limited-range -fexcess-precision=fast -fno-plt -fno-common -fuse-linker-plugin -pipe -g0 -fno-stack-protector -fno-stack-clash-protection -fstack-check=no -fno-stack-check -Wl,-O4,--hash-style=gnu,--sort-common,--as-needed,-z,relro,-z,now,-lgomp,-lpthread'
 * CXXFLAGS='-march=native -O3 -fgraphite-identity -floop-nest-optimize -fdevirtualize-at-ltrans -fipa-pta -fno-semantic-interposition -flto=12 -fno-signed-zeros -fno-trapping-math -fassociative-math -freciprocal-math -fno-math-errno -ffinite-math-only -fno-rounding-math -fno-signaling-nans -fcx-limited-range -fexcess-precision=fast -fno-plt -fno-common -fuse-linker-plugin -pipe -g0 -fno-stack-protector -fno-stack-clash-protection -fstack-check=no -fno-stack-check -Wl,-O4,--hash-style=gnu,--sort-common,--as-needed,-z,relro,-z,now,-lgomp,-lpthread'
 * FFLAGS='-march=native -O3 -fgraphite-identity -floop-nest-optimize -fdevirtualize-at-ltrans -fipa-pta -fno-semantic-interposition -flto=12 -fno-signed-zeros -fno-trapping-math -fassociative-math -freciprocal-math -fno-math-errno -ffinite-math-only -fno-rounding-math -fno-signaling-nans -fcx-limited-range -fexcess-precision=fast -fno-plt -fno-common -fuse-linker-plugin -pipe -g0 -fno-stack-protector -fno-stack-clash-protection -fstack-check=no -fno-stack-check -Wl,-O4,--hash-style=gnu,--sort-common,--as-needed,-z,relro,-z,now,-lgomp,-lpthread'
 * FCFLAGS='-march=native -O3 -fgraphite-identity -floop-nest-optimize -fdevirtualize-at-ltrans -fipa-pta -fno-semantic-interposition -flto=12 -fno-signed-zeros -fno-trapping-math -fassociative-math -freciprocal-math -fno-math-errno -ffinite-math-only -fno-rounding-math -fno-signaling-nans -fcx-limited-range -fexcess-precision=fast -fno-plt -fno-common -fuse-linker-plugin -pipe -g0 -fno-stack-protector -fno-stack-clash-protection -fstack-check=no -fno-stack-check -Wl,-O4,--hash-style=gnu,--sort-common,--as-needed,-z,relro,-z,now,-lgomp,-lpthread'
 * F77FLAGS='-march=native -O3 -fgraphite-identity -floop-nest-optimize -fdevirtualize-at-ltrans -fipa-pta -fno-semantic-interposition -flto=12 -fno-signed-zeros -fno-trapping-math -fassociative-math -freciprocal-math -fno-math-errno -ffinite-math-only -fno-rounding-math -fno-signaling-nans -fcx-limited-range -fexcess-precision=fast -fno-plt -fno-common -fuse-linker-plugin -pipe -g0 -fno-stack-protector -fno-stack-clash-protection -fstack-check=no -fno-stack-check -Wl,-O4,--hash-style=gnu,--sort-common,--as-needed,-z,relro,-z,now,-lgomp,-lpthread'
 * LDFLAGS='-Wl,-O4,--hash-style=gnu,--sort-common,--as-needed,-z,relro,-z,now,-lgomp,-lpthread -march=native -O3 -fgraphite-identity -floop-nest-optimize -fdevirtualize-at-ltrans -fipa-pta -fno-semantic-interposition -flto=12 -fno-signed-zeros -fno-trapping-math -fassociative-math -freciprocal-math -fno-math-errno -ffinite-math-only -fno-rounding-math -fno-signaling-nans -fcx-limited-range -fexcess-precision=fast -fno-plt -fno-common -fuse-linker-plugin -pipe -g0 -fno-stack-protector -fno-stack-clash-protection -fstack-check=no -fno-stack-check'
 * MAKEOPTS='-j12'
 * gcc (Gentoo 10.1.0 p1) 10.1.0
 * g++ (Gentoo 10.1.0 p1) 10.1.0
 * GNU ld (Gentoo 2.34 p1) 2.34.0
 * Linux ryzen.gnum.org 5.4.36 #1 SMP Thu Apr 30 04:38:28 UTC 2020 x86_64 AMD Ryzen 5 3600 6-Core Processor AuthenticAMD GNU/Linux
]0;emerge 02:26:14 90|209 kpty (root@ryzen.gnum.org)>>> Unpacking source...
>>> Unpacking kpty-5.70.0.tar.xz to /tmp/portage/kde-frameworks/kpty-5.70.0/work
>>> Source unpacked in /tmp/portage/kde-frameworks/kpty-5.70.0/work
>>> Preparing source in /tmp/portage/kde-frameworks/kpty-5.70.0/work/kpty-5.70.0 ...
 * Working in BUILD_DIR: "/tmp/portage/kde-frameworks/kpty-5.70.0/work/kpty-5.70.0_build"
>>> Source prepared.
>>> Configuring source in /tmp/portage/kde-frameworks/kpty-5.70.0/work/kpty-5.70.0 ...
 * Working in BUILD_DIR: "/tmp/portage/kde-frameworks/kpty-5.70.0/work/kpty-5.70.0_build"
cmake -C /tmp/portage/kde-frameworks/kpty-5.70.0/work/kpty-5.70.0_build/gentoo_common_config.cmake -G Ninja -DCMAKE_INSTALL_PREFIX=/usr -DBUILD_TESTING=OFF -DBUILD_QCH=no -DKDE_INSTALL_USE_QT_SYS_PATHS=ON -DKDE_INSTALL_DOCBUNDLEDIR=/usr/share/help -DUTEMPTER_EXECUTABLE=/usr/sbin/utempter -DCMAKE_BUILD_TYPE=Gentoo -DCMAKE_TOOLCHAIN_FILE=/tmp/portage/kde-frameworks/kpty-5.70.0/work/kpty-5.70.0_build/gentoo_toolchain.cmake  /tmp/portage/kde-frameworks/kpty-5.70.0/work/kpty-5.70.0
loading initial cache file /tmp/portage/kde-frameworks/kpty-5.70.0/work/kpty-5.70.0_build/gentoo_common_config.cmake
-- The C compiler identification is GNU 10.1.0
-- The CXX compiler identification is GNU 10.1.0
-- Check for working C compiler: /usr/lib/ccache/bin/x86_64-pc-linux-gnu-gcc
-- Check for working C compiler: /usr/lib/ccache/bin/x86_64-pc-linux-gnu-gcc - works
-- Detecting C compiler ABI info
-- Detecting C compiler ABI info - done
-- Detecting C compile features
-- Detecting C compile features - done
-- Check for working CXX compiler: /usr/lib/ccache/bin/x86_64-pc-linux-gnu-g++
-- Check for working CXX compiler: /usr/lib/ccache/bin/x86_64-pc-linux-gnu-g++ - works
-- Detecting CXX compiler ABI info
-- Detecting CXX compiler ABI info - done
-- Detecting CXX compile features
-- Detecting CXX compile features - done
-- 

-- Looking for __GLIBC__
-- Looking for __GLIBC__ - found
-- Performing Test _OFFT_IS_64BIT
-- Performing Test _OFFT_IS_64BIT - Success
-- Performing Test HAVE_DATE_TIME
-- Performing Test HAVE_DATE_TIME - Success
-- Found Gettext: /usr/bin/msgmerge (found version "0.20.2") 
-- Found UTEMPTER: /usr/sbin/utempter  
-- Performing Test COMPILER_HAS_HIDDEN_VISIBILITY
-- Performing Test COMPILER_HAS_HIDDEN_VISIBILITY - Success
-- Performing Test COMPILER_HAS_HIDDEN_INLINE_VISIBILITY
-- Performing Test COMPILER_HAS_HIDDEN_INLINE_VISIBILITY - Success
-- Performing Test COMPILER_HAS_DEPRECATED_ATTR
-- Performing Test COMPILER_HAS_DEPRECATED_ATTR - Success
-- Looking for include file sys/time.h
-- Looking for include file sys/time.h - found
-- Looking for include files sys/types.h, libutil.h
-- Looking for include files sys/types.h, libutil.h - not found
-- Looking for include file util.h
-- Looking for include file util.h - not found
-- Looking for include file termios.h
-- Looking for include file termios.h - found
-- Looking for include file termio.h
-- Looking for include file termio.h - found
-- Looking for include file pty.h
-- Looking for include file pty.h - found
-- Looking for include file sys/stropts.h
-- Looking for include file sys/stropts.h - not found
-- Looking for include file sys/filio.h
-- Looking for include file sys/filio.h - not found
-- Looking for openpty
-- Looking for openpty - not found
-- Looking for openpty in util
-- Looking for openpty in util - found
-- Looking for ptsname
-- Looking for ptsname - found
-- Looking for tcgetattr
-- Looking for tcgetattr - found
-- Looking for tcsetattr
-- Looking for tcsetattr - found
-- The following OPTIONAL packages have been found:

 * UTEMPTER, Allows non-privileged applications such as terminal emulators to modify the utmp database without having to be setuid root., <ftp://ftp.altlinux.org/pub/people/ldv/utempter/>
   Required by KPty for managing UTMP entries

-- The following REQUIRED packages have been found:

 * ECM (required version >= 5.70.0), Extra CMake Modules., <https://commits.kde.org/extra-cmake-modules>
 * Qt5 (required version >= 5.12.0)
 * KF5CoreAddons (required version >= 5.70.0)
 * Gettext
 * KF5I18n (required version >= 5.70.0)
 * Qt5Core

-- The following features have been disabled:

 * QCH, API documentation in QCH format (for e.g. Qt Assistant, Qt Creator & KDevelop)

-- <<< Gentoo configuration >>>
Build type      Gentoo
Install path    /usr
Compiler flags:
C               -march=native -O3 -fgraphite-identity -floop-nest-optimize -fdevirtualize-at-ltrans -fipa-pta -fno-semantic-interposition -flto=12 -fno-signed-zeros -fno-trapping-math -fassociative-math -freciprocal-math -fno-math-errno -ffinite-math-only -fno-rounding-math -fno-signaling-nans -fcx-limited-range -fexcess-precision=fast -fno-plt -fno-common -fuse-linker-plugin -pipe -g0 -fno-stack-protector -fno-stack-clash-protection -fstack-check=no -fno-stack-check -Wl,-O4,--hash-style=gnu,--sort-common,--as-needed,-z,relro,-z,now,-lgomp,-lpthread -fno-common -Wall -Wextra -Wcast-align -Wchar-subscripts -Wformat-security -Wno-long-long -Wpointer-arith -Wundef -Wmissing-format-attribute -Wwrite-strings -Werror=implicit-function-declaration
C++             -march=native -O3 -fgraphite-identity -floop-nest-optimize -fdevirtualize-at-ltrans -fipa-pta -fno-semantic-interposition -flto=12 -fno-signed-zeros -fno-trapping-math -fassociative-math -freciprocal-math -fno-math-errno -ffinite-math-only -fno-rounding-math -fno-signaling-nans -fcx-limited-range -fexcess-precision=fast -fno-plt -fno-common -fuse-linker-plugin -pipe -g0 -fno-stack-protector -fno-stack-clash-protection -fstack-check=no -fno-stack-check -Wl,-O4,--hash-style=gnu,--sort-common,--as-needed,-z,relro,-z,now,-lgomp,-lpthread -fno-operator-names -fno-exceptions -Wall -Wextra -Wcast-align -Wchar-subscripts -Wformat-security -Wno-long-long -Wpointer-arith -Wundef -Wnon-virtual-dtor -Woverloaded-virtual -Werror=return-type -Wvla -Wdate-time -Wsuggest-override -Wlogical-op -fdiagnostics-color=always -pedantic -Wzero-as-null-pointer-constant
Linker flags:
Executable      -Wl,--enable-new-dtags -Wl,-O4,--hash-style=gnu,--sort-common,--as-needed,-z,relro,-z,now,-lgomp,-lpthread -march=native -O3 -fgraphite-identity -floop-nest-optimize -fdevirtualize-at-ltrans -fipa-pta -fno-semantic-interposition -flto=12 -fno-signed-zeros -fno-trapping-math -fassociative-math -freciprocal-math -fno-math-errno -ffinite-math-only -fno-rounding-math -fno-signaling-nans -fcx-limited-range -fexcess-precision=fast -fno-plt -fno-common -fuse-linker-plugin -pipe -g0 -fno-stack-protector -fno-stack-clash-protection -fstack-check=no -fno-stack-check
Module          -Wl,--no-undefined -Wl,--enable-new-dtags -Wl,-O4,--hash-style=gnu,--sort-common,--as-needed,-z,relro,-z,now,-lgomp,-lpthread -march=native -O3 -fgraphite-identity -floop-nest-optimize -fdevirtualize-at-ltrans -fipa-pta -fno-semantic-interposition -flto=12 -fno-signed-zeros -fno-trapping-math -fassociative-math -freciprocal-math -fno-math-errno -ffinite-math-only -fno-rounding-math -fno-signaling-nans -fcx-limited-range -fexcess-precision=fast -fno-plt -fno-common -fuse-linker-plugin -pipe -g0 -fno-stack-protector -fno-stack-clash-protection -fstack-check=no -fno-stack-check
Shared          -Wl,--no-undefined -Wl,--enable-new-dtags -Wl,-O4,--hash-style=gnu,--sort-common,--as-needed,-z,relro,-z,now,-lgomp,-lpthread -march=native -O3 -fgraphite-identity -floop-nest-optimize -fdevirtualize-at-ltrans -fipa-pta -fno-semantic-interposition -flto=12 -fno-signed-zeros -fno-trapping-math -fassociative-math -freciprocal-math -fno-math-errno -ffinite-math-only -fno-rounding-math -fno-signaling-nans -fcx-limited-range -fexcess-precision=fast -fno-plt -fno-common -fuse-linker-plugin -pipe -g0 -fno-stack-protector -fno-stack-clash-protection -fstack-check=no -fno-stack-check

-- Configuring done
-- Generating done
-- Build files have been written to: /tmp/portage/kde-frameworks/kpty-5.70.0/work/kpty-5.70.0_build
>>> Source configured.
>>> Compiling source in /tmp/portage/kde-frameworks/kpty-5.70.0/work/kpty-5.70.0 ...
 * Working in BUILD_DIR: "/tmp/portage/kde-frameworks/kpty-5.70.0/work/kpty-5.70.0_build"
ninja -v -j12 -l0
[1/9] cd /tmp/portage/kde-frameworks/kpty-5.70.0/work/kpty-5.70.0_build && /usr/bin/cmake -DGETTEXT_MSGFMT_EXECUTABLE=/usr/bin/msgfmt -DCOPY_TO=/tmp/portage/kde-frameworks/kpty-5.70.0/work/kpty-5.70.0_build/locale -DPO_DIR=/tmp/portage/kde-frameworks/kpty-5.70.0/work/kpty-5.70.0/po -P /usr/lib64/cmake/KF5I18n/build-pofiles.cmake
[2/9] cd /tmp/portage/kde-frameworks/kpty-5.70.0/work/kpty-5.70.0_build && /usr/bin/cmake -DPYTHON_EXECUTABLE=/usr/bin/python -D_ki18n_pmap_compile_script=/usr/lib64/cmake/KF5I18n/ts-pmap-compile.py -DCOPY_TO=/tmp/portage/kde-frameworks/kpty-5.70.0/work/kpty-5.70.0_build/locale -DPO_DIR=/tmp/portage/kde-frameworks/kpty-5.70.0/work/kpty-5.70.0/po -P /usr/lib64/cmake/KF5I18n/build-tsfiles.cmake
[3/9] cd /tmp/portage/kde-frameworks/kpty-5.70.0/work/kpty-5.70.0_build/src && /usr/bin/cmake -E cmake_autogen /tmp/portage/kde-frameworks/kpty-5.70.0/work/kpty-5.70.0_build/src/CMakeFiles/KF5Pty_autogen.dir/AutogenInfo.json Gentoo && /usr/bin/cmake -E touch /tmp/portage/kde-frameworks/kpty-5.70.0/work/kpty-5.70.0_build/src/KF5Pty_autogen/timestamp
[4/9] /usr/lib/ccache/bin/x86_64-pc-linux-gnu-g++ -DKCOREADDONS_LIB -DKF5Pty_EXPORTS -DKF_DEPRECATED_WARNINGS_SINCE=0x060000 -DKF_DISABLE_DEPRECATED_BEFORE_AND_AT=0x054400 -DQT_CORE_LIB -DQT_DEPRECATED_WARNINGS_SINCE=0x060000 -DQT_DISABLE_DEPRECATED_BEFORE=0x050d00 -DQT_NO_CAST_FROM_ASCII -DQT_NO_CAST_FROM_BYTEARRAY -DQT_NO_CAST_TO_ASCII -DQT_NO_DEBUG -DQT_NO_FOREACH -DQT_NO_NARROWING_CONVERSIONS_IN_CONNECT -DQT_NO_SIGNALS_SLOTS_KEYWORDS -DQT_NO_URL_CAST_FROM_STRING -DQT_STRICT_ITERATORS -DQT_USE_QSTRINGBUILDER -DTRANSLATION_DOMAIN=\"kpty5\" -DUTEMPTER_PATH=\"/usr/sbin/utempter\" -D_GNU_SOURCE -D_LARGEFILE64_SOURCE -Isrc -I/tmp/portage/kde-frameworks/kpty-5.70.0/work/kpty-5.70.0/src -Isrc/KF5Pty_autogen/include -Isrc/.. -isystem /usr/include/qt5 -isystem /usr/include/qt5/QtCore -isystem /usr/lib64/qt5/mkspecs/linux-g++ -isystem /usr/include/KF5/KCoreAddons -isystem /usr/include/KF5 -isystem /usr/include/KF5/KI18n  -DQT_NO_DEBUG -march=native -O3 -fgraphite-identity -floop-nest-optimize -fdevirtualize-at-ltrans -fipa-pta -fno-semantic-interposition -flto=12 -fno-signed-zeros -fno-trapping-math -fassociative-math -freciprocal-math -fno-math-errno -ffinite-math-only -fno-rounding-math -fno-signaling-nans -fcx-limited-range -fexcess-precision=fast -fno-plt -fno-common -fuse-linker-plugin -pipe -g0 -fno-stack-protector -fno-stack-clash-protection -fstack-check=no -fno-stack-check -Wl,-O4,--hash-style=gnu,--sort-common,--as-needed,-z,relro,-z,now,-lgomp,-lpthread -fno-operator-names -fno-exceptions -Wall -Wextra -Wcast-align -Wchar-subscripts -Wformat-security -Wno-long-long -Wpointer-arith -Wundef -Wnon-virtual-dtor -Woverloaded-virtual -Werror=return-type -Wvla -Wdate-time -Wsuggest-override -Wlogical-op -fdiagnostics-color=always -pedantic -Wzero-as-null-pointer-constant -fPIC -fvisibility=hidden -fvisibility-inlines-hidden   -fPIC -std=gnu++11 -MD -MT src/CMakeFiles/KF5Pty.dir/KF5Pty_autogen/mocs_compilation.cpp.o -MF src/CMakeFiles/KF5Pty.dir/KF5Pty_autogen/mocs_compilation.cpp.o.d -o src/CMakeFiles/KF5Pty.dir/KF5Pty_autogen/mocs_compilation.cpp.o -c src/KF5Pty_autogen/mocs_compilation.cpp
[5/9] /usr/lib/ccache/bin/x86_64-pc-linux-gnu-g++ -DKCOREADDONS_LIB -DKF5Pty_EXPORTS -DKF_DEPRECATED_WARNINGS_SINCE=0x060000 -DKF_DISABLE_DEPRECATED_BEFORE_AND_AT=0x054400 -DQT_CORE_LIB -DQT_DEPRECATED_WARNINGS_SINCE=0x060000 -DQT_DISABLE_DEPRECATED_BEFORE=0x050d00 -DQT_NO_CAST_FROM_ASCII -DQT_NO_CAST_FROM_BYTEARRAY -DQT_NO_CAST_TO_ASCII -DQT_NO_DEBUG -DQT_NO_FOREACH -DQT_NO_NARROWING_CONVERSIONS_IN_CONNECT -DQT_NO_SIGNALS_SLOTS_KEYWORDS -DQT_NO_URL_CAST_FROM_STRING -DQT_STRICT_ITERATORS -DQT_USE_QSTRINGBUILDER -DTRANSLATION_DOMAIN=\"kpty5\" -DUTEMPTER_PATH=\"/usr/sbin/utempter\" -D_GNU_SOURCE -D_LARGEFILE64_SOURCE -Isrc -I/tmp/portage/kde-frameworks/kpty-5.70.0/work/kpty-5.70.0/src -Isrc/KF5Pty_autogen/include -Isrc/.. -isystem /usr/include/qt5 -isystem /usr/include/qt5/QtCore -isystem /usr/lib64/qt5/mkspecs/linux-g++ -isystem /usr/include/KF5/KCoreAddons -isystem /usr/include/KF5 -isystem /usr/include/KF5/KI18n  -DQT_NO_DEBUG -march=native -O3 -fgraphite-identity -floop-nest-optimize -fdevirtualize-at-ltrans -fipa-pta -fno-semantic-interposition -flto=12 -fno-signed-zeros -fno-trapping-math -fassociative-math -freciprocal-math -fno-math-errno -ffinite-math-only -fno-rounding-math -fno-signaling-nans -fcx-limited-range -fexcess-precision=fast -fno-plt -fno-common -fuse-linker-plugin -pipe -g0 -fno-stack-protector -fno-stack-clash-protection -fstack-check=no -fno-stack-check -Wl,-O4,--hash-style=gnu,--sort-common,--as-needed,-z,relro,-z,now,-lgomp,-lpthread -fno-operator-names -fno-exceptions -Wall -Wextra -Wcast-align -Wchar-subscripts -Wformat-security -Wno-long-long -Wpointer-arith -Wundef -Wnon-virtual-dtor -Woverloaded-virtual -Werror=return-type -Wvla -Wdate-time -Wsuggest-override -Wlogical-op -fdiagnostics-color=always -pedantic -Wzero-as-null-pointer-constant -fPIC -fvisibility=hidden -fvisibility-inlines-hidden   -fPIC -std=gnu++11 -MD -MT src/CMakeFiles/KF5Pty.dir/kptyprocess.cpp.o -MF src/CMakeFiles/KF5Pty.dir/kptyprocess.cpp.o.d -o src/CMakeFiles/KF5Pty.dir/kptyprocess.cpp.o -c /tmp/portage/kde-frameworks/kpty-5.70.0/work/kpty-5.70.0/src/kptyprocess.cpp
[6/9] /usr/lib/ccache/bin/x86_64-pc-linux-gnu-g++ -DKCOREADDONS_LIB -DKF5Pty_EXPORTS -DKF_DEPRECATED_WARNINGS_SINCE=0x060000 -DKF_DISABLE_DEPRECATED_BEFORE_AND_AT=0x054400 -DQT_CORE_LIB -DQT_DEPRECATED_WARNINGS_SINCE=0x060000 -DQT_DISABLE_DEPRECATED_BEFORE=0x050d00 -DQT_NO_CAST_FROM_ASCII -DQT_NO_CAST_FROM_BYTEARRAY -DQT_NO_CAST_TO_ASCII -DQT_NO_DEBUG -DQT_NO_FOREACH -DQT_NO_NARROWING_CONVERSIONS_IN_CONNECT -DQT_NO_SIGNALS_SLOTS_KEYWORDS -DQT_NO_URL_CAST_FROM_STRING -DQT_STRICT_ITERATORS -DQT_USE_QSTRINGBUILDER -DTRANSLATION_DOMAIN=\"kpty5\" -DUTEMPTER_PATH=\"/usr/sbin/utempter\" -D_GNU_SOURCE -D_LARGEFILE64_SOURCE -Isrc -I/tmp/portage/kde-frameworks/kpty-5.70.0/work/kpty-5.70.0/src -Isrc/KF5Pty_autogen/include -Isrc/.. -isystem /usr/include/qt5 -isystem /usr/include/qt5/QtCore -isystem /usr/lib64/qt5/mkspecs/linux-g++ -isystem /usr/include/KF5/KCoreAddons -isystem /usr/include/KF5 -isystem /usr/include/KF5/KI18n  -DQT_NO_DEBUG -march=native -O3 -fgraphite-identity -floop-nest-optimize -fdevirtualize-at-ltrans -fipa-pta -fno-semantic-interposition -flto=12 -fno-signed-zeros -fno-trapping-math -fassociative-math -freciprocal-math -fno-math-errno -ffinite-math-only -fno-rounding-math -fno-signaling-nans -fcx-limited-range -fexcess-precision=fast -fno-plt -fno-common -fuse-linker-plugin -pipe -g0 -fno-stack-protector -fno-stack-clash-protection -fstack-check=no -fno-stack-check -Wl,-O4,--hash-style=gnu,--sort-common,--as-needed,-z,relro,-z,now,-lgomp,-lpthread -fno-operator-names -fno-exceptions -Wall -Wextra -Wcast-align -Wchar-subscripts -Wformat-security -Wno-long-long -Wpointer-arith -Wundef -Wnon-virtual-dtor -Woverloaded-virtual -Werror=return-type -Wvla -Wdate-time -Wsuggest-override -Wlogical-op -fdiagnostics-color=always -pedantic -Wzero-as-null-pointer-constant -fPIC -fvisibility=hidden -fvisibility-inlines-hidden   -fPIC -std=gnu++11 -MD -MT src/CMakeFiles/KF5Pty.dir/kptydevice.cpp.o -MF src/CMakeFiles/KF5Pty.dir/kptydevice.cpp.o.d -o src/CMakeFiles/KF5Pty.dir/kptydevice.cpp.o -c /tmp/portage/kde-frameworks/kpty-5.70.0/work/kpty-5.70.0/src/kptydevice.cpp
../kpty-5.70.0/src/kptydevice.cpp:226:5: warning: 'template<class T> class QLinkedList' is deprecated: Use std::list instead [-Wdeprecated-declarations]
  226 |     QLinkedList<QByteArray> buffers;
      |     ^~~~~~~~~~~
In file included from /usr/include/qt5/QtCore/qvarlengtharray.h:43,
                 from /usr/include/qt5/QtCore/qmetatype.h:48,
                 from /usr/include/qt5/QtCore/qobject.h:54,
                 from /usr/include/qt5/QtCore/qiodevice.h:45,
                 from /usr/include/qt5/QtCore/QIODevice:1,
                 from ../kpty-5.70.0/src/kptydevice.h:26,
                 from ../kpty-5.70.0/src/kptydevice.cpp:24:
/usr/include/qt5/QtCore/qcontainerfwd.h:51:26: note: declared here
   51 | template <class T> class QLinkedList;
      |                          ^~~~~~~~~~~
../kpty-5.70.0/src/kptydevice.cpp: In member function 'int KRingBuffer::indexAfter(char, int) const':
../kpty-5.70.0/src/kptydevice.cpp:174:9: warning: 'template<class T> class QLinkedList' is deprecated: Use std::list instead [-Wdeprecated-declarations]
  174 |         QLinkedList<QByteArray>::ConstIterator it = buffers.begin();
      |         ^~~~~~~~~~~
In file included from /usr/include/qt5/QtCore/qvarlengtharray.h:43,
                 from /usr/include/qt5/QtCore/qmetatype.h:48,
                 from /usr/include/qt5/QtCore/qobject.h:54,
                 from /usr/include/qt5/QtCore/qiodevice.h:45,
                 from /usr/include/qt5/QtCore/QIODevice:1,
                 from ../kpty-5.70.0/src/kptydevice.h:26,
                 from ../kpty-5.70.0/src/kptydevice.cpp:24:
/usr/include/qt5/QtCore/qcontainerfwd.h:51:26: note: declared here
   51 | template <class T> class QLinkedList;
      |                          ^~~~~~~~~~~
[7/9] /usr/lib/ccache/bin/x86_64-pc-linux-gnu-g++ -DKCOREADDONS_LIB -DKF5Pty_EXPORTS -DKF_DEPRECATED_WARNINGS_SINCE=0x060000 -DKF_DISABLE_DEPRECATED_BEFORE_AND_AT=0x054400 -DQT_CORE_LIB -DQT_DEPRECATED_WARNINGS_SINCE=0x060000 -DQT_DISABLE_DEPRECATED_BEFORE=0x050d00 -DQT_NO_CAST_FROM_ASCII -DQT_NO_CAST_FROM_BYTEARRAY -DQT_NO_CAST_TO_ASCII -DQT_NO_DEBUG -DQT_NO_FOREACH -DQT_NO_NARROWING_CONVERSIONS_IN_CONNECT -DQT_NO_SIGNALS_SLOTS_KEYWORDS -DQT_NO_URL_CAST_FROM_STRING -DQT_STRICT_ITERATORS -DQT_USE_QSTRINGBUILDER -DTRANSLATION_DOMAIN=\"kpty5\" -DUTEMPTER_PATH=\"/usr/sbin/utempter\" -D_GNU_SOURCE -D_LARGEFILE64_SOURCE -Isrc -I/tmp/portage/kde-frameworks/kpty-5.70.0/work/kpty-5.70.0/src -Isrc/KF5Pty_autogen/include -Isrc/.. -isystem /usr/include/qt5 -isystem /usr/include/qt5/QtCore -isystem /usr/lib64/qt5/mkspecs/linux-g++ -isystem /usr/include/KF5/KCoreAddons -isystem /usr/include/KF5 -isystem /usr/include/KF5/KI18n  -DQT_NO_DEBUG -march=native -O3 -fgraphite-identity -floop-nest-optimize -fdevirtualize-at-ltrans -fipa-pta -fno-semantic-interposition -flto=12 -fno-signed-zeros -fno-trapping-math -fassociative-math -freciprocal-math -fno-math-errno -ffinite-math-only -fno-rounding-math -fno-signaling-nans -fcx-limited-range -fexcess-precision=fast -fno-plt -fno-common -fuse-linker-plugin -pipe -g0 -fno-stack-protector -fno-stack-clash-protection -fstack-check=no -fno-stack-check -Wl,-O4,--hash-style=gnu,--sort-common,--as-needed,-z,relro,-z,now,-lgomp,-lpthread -fno-operator-names -fno-exceptions -Wall -Wextra -Wcast-align -Wchar-subscripts -Wformat-security -Wno-long-long -Wpointer-arith -Wundef -Wnon-virtual-dtor -Woverloaded-virtual -Werror=return-type -Wvla -Wdate-time -Wsuggest-override -Wlogical-op -fdiagnostics-color=always -pedantic -Wzero-as-null-pointer-constant -fPIC -fvisibility=hidden -fvisibility-inlines-hidden   -fPIC -std=gnu++11 -MD -MT src/CMakeFiles/KF5Pty.dir/kpty.cpp.o -MF src/CMakeFiles/KF5Pty.dir/kpty.cpp.o.d -o src/CMakeFiles/KF5Pty.dir/kpty.cpp.o -c /tmp/portage/kde-frameworks/kpty-5.70.0/work/kpty-5.70.0/src/kpty.cpp
[8/9] : && /usr/lib/ccache/bin/x86_64-pc-linux-gnu-g++ -fPIC -march=native -O3 -fgraphite-identity -floop-nest-optimize -fdevirtualize-at-ltrans -fipa-pta -fno-semantic-interposition -flto=12 -fno-signed-zeros -fno-trapping-math -fassociative-math -freciprocal-math -fno-math-errno -ffinite-math-only -fno-rounding-math -fno-signaling-nans -fcx-limited-range -fexcess-precision=fast -fno-plt -fno-common -fuse-linker-plugin -pipe -g0 -fno-stack-protector -fno-stack-clash-protection -fstack-check=no -fno-stack-check -Wl,-O4,--hash-style=gnu,--sort-common,--as-needed,-z,relro,-z,now,-lgomp,-lpthread -fno-operator-names -fno-exceptions -Wall -Wextra -Wcast-align -Wchar-subscripts -Wformat-security -Wno-long-long -Wpointer-arith -Wundef -Wnon-virtual-dtor -Woverloaded-virtual -Werror=return-type -Wvla -Wdate-time -Wsuggest-override -Wlogical-op -fdiagnostics-color=always -pedantic -Wzero-as-null-pointer-constant  -Wl,--no-undefined -Wl,--enable-new-dtags -Wl,-O4,--hash-style=gnu,--sort-common,--as-needed,-z,relro,-z,now,-lgomp,-lpthread -march=native -O3 -fgraphite-identity -floop-nest-optimize -fdevirtualize-at-ltrans -fipa-pta -fno-semantic-interposition -flto=12 -fno-signed-zeros -fno-trapping-math -fassociative-math -freciprocal-math -fno-math-errno -ffinite-math-only -fno-rounding-math -fno-signaling-nans -fcx-limited-range -fexcess-precision=fast -fno-plt -fno-common -fuse-linker-plugin -pipe -g0 -fno-stack-protector -fno-stack-clash-protection -fstack-check=no -fno-stack-check -shared -Wl,-soname,libKF5Pty.so.5 -o bin/libKF5Pty.so.5.70.0 src/CMakeFiles/KF5Pty.dir/KF5Pty_autogen/mocs_compilation.cpp.o src/CMakeFiles/KF5Pty.dir/kpty.cpp.o src/CMakeFiles/KF5Pty.dir/kptydevice.cpp.o src/CMakeFiles/KF5Pty.dir/kptyprocess.cpp.o  /usr/lib64/libKF5CoreAddons.so.5.70.0  -lutil  /usr/lib64/libKF5I18n.so.5.70.0  /usr/lib64/libQt5Core.so.5.15.0 && :
[9/9] /usr/bin/cmake -E cmake_symlink_library bin/libKF5Pty.so.5.70.0  bin/libKF5Pty.so.5 bin/libKF5Pty.so && :
>>> Source compiled.
 * Skipping make test/check due to ebuild restriction.
>>> Test phase [disabled because of RESTRICT=test]: kde-frameworks/kpty-5.70.0

>>> Install kde-frameworks/kpty-5.70.0 into /tmp/portage/kde-frameworks/kpty-5.70.0/image
 * Working in BUILD_DIR: "/tmp/portage/kde-frameworks/kpty-5.70.0/work/kpty-5.70.0_build"
[1/3] Generating mo...
[2/3] Generating ts...
[2/3] Install the project...
-- Install configuration: "Gentoo"
-- Installing: /tmp/portage/kde-frameworks/kpty-5.70.0/image/usr/share/locale
-- Installing: /tmp/portage/kde-frameworks/kpty-5.70.0/image/usr/lib64/cmake/KF5Pty/KF5PtyConfig.cmake
-- Installing: /tmp/portage/kde-frameworks/kpty-5.70.0/image/usr/lib64/cmake/KF5Pty/KF5PtyConfigVersion.cmake
-- Installing: /tmp/portage/kde-frameworks/kpty-5.70.0/image/usr/lib64/cmake/KF5Pty/KF5PtyTargets.cmake
-- Installing: /tmp/portage/kde-frameworks/kpty-5.70.0/image/usr/lib64/cmake/KF5Pty/KF5PtyTargets-gentoo.cmake
-- Installing: /tmp/portage/kde-frameworks/kpty-5.70.0/image/usr/include/KF5/kpty_version.h
-- Installing: /tmp/portage/kde-frameworks/kpty-5.70.0/image/usr/lib64/libKF5Pty.so.5.70.0
-- Installing: /tmp/portage/kde-frameworks/kpty-5.70.0/image/usr/lib64/libKF5Pty.so.5
-- Installing: /tmp/portage/kde-frameworks/kpty-5.70.0/image/usr/lib64/libKF5Pty.so
-- Installing: /tmp/portage/kde-frameworks/kpty-5.70.0/image/usr/include/KF5/KPty/kpty_export.h
-- Installing: /tmp/portage/kde-frameworks/kpty-5.70.0/image/usr/include/KF5/KPty/KPty
-- Installing: /tmp/portage/kde-frameworks/kpty-5.70.0/image/usr/include/KF5/KPty/KPtyDevice
-- Installing: /tmp/portage/kde-frameworks/kpty-5.70.0/image/usr/include/KF5/KPty/KPtyProcess
-- Installing: /tmp/portage/kde-frameworks/kpty-5.70.0/image/usr/include/KF5/KPty/kpty.h
-- Installing: /tmp/portage/kde-frameworks/kpty-5.70.0/image/usr/include/KF5/KPty/kptydevice.h
-- Installing: /tmp/portage/kde-frameworks/kpty-5.70.0/image/usr/include/KF5/KPty/kptyprocess.h
-- Installing: /tmp/portage/kde-frameworks/kpty-5.70.0/image/usr/lib64/qt5/mkspecs/modules/qt_KPty.pri
>>> Completed installing kde-frameworks/kpty-5.70.0 into /tmp/portage/kde-frameworks/kpty-5.70.0/image

 * Final size of build directory: 1260 KiB (1.2 MiB)
 * Final size of installed tree:   196 KiB

strip: x86_64-pc-linux-gnu-strip --strip-unneeded -N __gentoo_check_ldflags__ -R .comment -R .GCC.command.line -R .note.gnu.gold-version
   /usr/lib64/libKF5Pty.so.5.70.0
./
./usr/
./usr/include/
./usr/include/KF5/
./usr/include/KF5/kpty_version.h
./usr/include/KF5/KPty/
./usr/include/KF5/KPty/kpty_export.h
./usr/include/KF5/KPty/KPty
./usr/include/KF5/KPty/KPtyDevice
./usr/include/KF5/KPty/kpty.h
./usr/include/KF5/KPty/KPtyProcess
./usr/include/KF5/KPty/kptyprocess.h
./usr/include/KF5/KPty/kptydevice.h
./usr/share/
./usr/share/locale/
./usr/share/doc/
./usr/share/doc/kpty-5.70.0/
./usr/share/doc/kpty-5.70.0/README.md.bz2
./usr/lib64/
./usr/lib64/qt5/
./usr/lib64/qt5/mkspecs/
./usr/lib64/qt5/mkspecs/modules/
./usr/lib64/qt5/mkspecs/modules/qt_KPty.pri
./usr/lib64/libKF5Pty.so
./usr/lib64/libKF5Pty.so.5
./usr/lib64/cmake/
./usr/lib64/cmake/KF5Pty/
./usr/lib64/cmake/KF5Pty/KF5PtyConfigVersion.cmake
./usr/lib64/cmake/KF5Pty/KF5PtyTargets.cmake
./usr/lib64/cmake/KF5Pty/KF5PtyConfig.cmake
./usr/lib64/cmake/KF5Pty/KF5PtyTargets-gentoo.cmake
./usr/lib64/libKF5Pty.so.5.70.0
>>> Done.
 * checking 16 files for package collisions
>>> Merging kde-frameworks/kpty-5.70.0 to /
 * removing unneeded *.la files
--- /usr/
--- /usr/lib64/
>>> /usr/lib64/libKF5Pty.so.5.70.0
--- /usr/lib64/cmake/
>>> /usr/lib64/cmake/KF5Pty/
>>> /usr/lib64/cmake/KF5Pty/KF5PtyTargets-gentoo.cmake
>>> /usr/lib64/cmake/KF5Pty/KF5PtyConfig.cmake
>>> /usr/lib64/cmake/KF5Pty/KF5PtyTargets.cmake
>>> /usr/lib64/cmake/KF5Pty/KF5PtyConfigVersion.cmake
>>> /usr/lib64/libKF5Pty.so.5 -> libKF5Pty.so.5.70.0
>>> /usr/lib64/libKF5Pty.so -> libKF5Pty.so.5
--- /usr/lib64/qt5/
--- /usr/lib64/qt5/mkspecs/
--- /usr/lib64/qt5/mkspecs/modules/
>>> /usr/lib64/qt5/mkspecs/modules/qt_KPty.pri
--- /usr/share/
--- /usr/share/locale/
--- /usr/include/
--- /usr/include/KF5/
>>> /usr/include/KF5/KPty/
>>> /usr/include/KF5/KPty/kptydevice.h
>>> /usr/include/KF5/KPty/kptyprocess.h
>>> /usr/include/KF5/KPty/KPtyProcess
>>> /usr/include/KF5/KPty/kpty.h
>>> /usr/include/KF5/KPty/KPtyDevice
>>> /usr/include/KF5/KPty/KPty
>>> /usr/include/KF5/KPty/kpty_export.h
>>> /usr/include/KF5/kpty_version.h
>>> kde-frameworks/kpty-5.70.0 merged.
>>> Regenerating /etc/ld.so.cache...
