No package files given... Grabbing a set.
<<<          obj /usr/share/qlogging-categories5/ki18n.categories
<<<          obj /usr/lib64/qt5/plugins/kf5/ktranscript.so
<<<          obj /usr/lib64/qt5/mkspecs/modules/qt_KI18n.pri
<<<          obj /usr/lib64/libKF5I18n.so.5.70.0
<<<          sym /usr/lib64/libKF5I18n.so.5
<<<          sym /usr/lib64/libKF5I18n.so
<<<          obj /usr/lib64/cmake/KF5I18n/ts-pmap-compile.py
<<<          obj /usr/lib64/cmake/KF5I18n/kf5i18nuic.cmake
<<<          obj /usr/lib64/cmake/KF5I18n/build-tsfiles.cmake
<<<          obj /usr/lib64/cmake/KF5I18n/build-pofiles.cmake
<<<          obj /usr/lib64/cmake/KF5I18n/KF5I18nTargets.cmake
<<<          obj /usr/lib64/cmake/KF5I18n/KF5I18nTargets-gentoo.cmake
<<<          obj /usr/lib64/cmake/KF5I18n/KF5I18nMacros.cmake
<<<          obj /usr/lib64/cmake/KF5I18n/KF5I18nConfigVersion.cmake
<<<          obj /usr/lib64/cmake/KF5I18n/KF5I18nConfig.cmake
<<<          obj /usr/include/KF5/ki18n_version.h
<<<          obj /usr/include/KF5/KI18n/kuitsetup.h
<<<          obj /usr/include/KF5/KI18n/kuitmarkup.h
<<<          obj /usr/include/KF5/KI18n/klocalizedtranslator.h
<<<          obj /usr/include/KF5/KI18n/klocalizedstring.h
<<<          obj /usr/include/KF5/KI18n/klocalizedcontext.h
<<<          obj /usr/include/KF5/KI18n/ki18n_export.h
<<<          obj /usr/include/KF5/KI18n/KuitSetup
<<<          obj /usr/include/KF5/KI18n/KuitMarkup
<<<          obj /usr/include/KF5/KI18n/KLocalizedTranslator
<<<          obj /usr/include/KF5/KI18n/KLocalizedString
<<<          obj /usr/include/KF5/KI18n/KLocalizedContext
--- !empty   dir /usr/share/qlogging-categories5
--- !empty   dir /usr/share/locale
--- !empty   dir /usr/share
<<<          dir /usr/lib64/qt5/plugins/kf5
--- !empty   dir /usr/lib64/qt5/plugins
--- !empty   dir /usr/lib64/qt5/mkspecs/modules
--- !empty   dir /usr/lib64/qt5/mkspecs
--- !empty   dir /usr/lib64/qt5
<<<          dir /usr/lib64/cmake/KF5I18n
--- !empty   dir /usr/lib64/cmake
--- !empty   dir /usr/lib64
<<<          dir /usr/include/KF5/KI18n
--- !empty   dir /usr/include/KF5
--- !empty   dir /usr/include
--- !empty   dir /usr
>>> Regenerating /etc/ld.so.cache...
