>>> Extracting info
 * Package:    kde-frameworks/extra-cmake-modules-5.70.0
 * Repository: gentoo
 * USE:        userland_GNU kernel_linux elibc_glibc amd64 abi_x86_64
 * FEATURES:   ccache network-sandbox preserve-libs sandbox userpriv usersandbox
 * FEATURES='sfperms userpriv news qa-unresolved-soname-deps unmerge-logs usersync binpkg-multi-instance parallel-install fixlafiles unmerge-orphans xattr multilib-strict binpkg-docompress merge-sync binpkg-logs distlocks usersandbox strict downgrade-backup binpkg-dostrip sandbox preserve-libs unmerge-backup compress-index config-protect-if-modified buildpkg network-sandbox nodoc parallel-fetch ipc-sandbox unknown-features-warn assume-digests ccache userfetch pid-sandbox'
 * CFLAGS='-march=native -O3 -fgraphite-identity -floop-nest-optimize -fdevirtualize-at-ltrans -fipa-pta -fno-semantic-interposition -flto=12 -fno-plt -fno-math-errno -fno-trapping-math -fuse-linker-plugin -pipe -g0 -falign-functions=32 -Wl,-O1 -Wl,--as-needed -Wl,--hash-style=gnu,-z,norelro,--as-needed'
 * CXXFLAGS='-march=native -O3 -fgraphite-identity -floop-nest-optimize -fdevirtualize-at-ltrans -fipa-pta -fno-semantic-interposition -flto=12 -fno-plt -fno-math-errno -fno-trapping-math -fuse-linker-plugin -pipe -g0 -falign-functions=32 -Wl,-O1 -Wl,--as-needed -Wl,--hash-style=gnu,-z,norelro,--as-needed'
 * FFLAGS='-march=native -O3 -fgraphite-identity -floop-nest-optimize -fdevirtualize-at-ltrans -fipa-pta -fno-semantic-interposition -flto=12 -fno-plt -fno-math-errno -fno-trapping-math -fuse-linker-plugin -pipe -g0 -falign-functions=32 -Wl,-O1 -Wl,--as-needed -Wl,--hash-style=gnu,-z,norelro,--as-needed'
 * FCFLAGS='-march=native -O3 -fgraphite-identity -floop-nest-optimize -fdevirtualize-at-ltrans -fipa-pta -fno-semantic-interposition -flto=12 -fno-plt -fno-math-errno -fno-trapping-math -fuse-linker-plugin -pipe -g0 -falign-functions=32 -Wl,-O1 -Wl,--as-needed -Wl,--hash-style=gnu,-z,norelro,--as-needed'
 * F77FLAGS='-march=native -O3 -fgraphite-identity -floop-nest-optimize -fdevirtualize-at-ltrans -fipa-pta -fno-semantic-interposition -flto=12 -fno-plt -fno-math-errno -fno-trapping-math -fuse-linker-plugin -pipe -g0 -falign-functions=32 -Wl,-O1 -Wl,--as-needed -Wl,--hash-style=gnu,-z,norelro,--as-needed'
 * LDFLAGS='-Wl,-O1 -Wl,--as-needed -Wl,--hash-style=gnu,-z,norelro,--as-needed -march=native -O3 -fgraphite-identity -floop-nest-optimize -fdevirtualize-at-ltrans -fipa-pta -fno-semantic-interposition -flto=12 -fno-plt -fno-math-errno -fno-trapping-math -fuse-linker-plugin -pipe -g0 -falign-functions=32'
 * MAKEOPTS='-j12 -l12'
 * gcc () 11.0.0 20200526 (experimental)
 * g++ () 11.0.0 20200526 (experimental)
 * GNU ld (Gentoo 2.34 p4) 2.34.0
 * Linux ryzen.gnum.org 5.4.36 #1 SMP Thu Apr 30 04:38:28 UTC 2020 x86_64 AMD Ryzen 5 3600 6-Core Processor AuthenticAMD GNU/Linux
kde-frameworks/extra-cmake-modules: 8 seconds average for 6 merges
2020-05-16T15:53:32 >>> kde-frameworks/extra-cmake-modules: 7 seconds
2020-05-20T02:15:17 >>> kde-frameworks/extra-cmake-modules: 6 seconds
2020-05-26T05:00:05 >>> kde-frameworks/extra-cmake-modules: 12 seconds
2020-05-26T14:26:30 >>> kde-frameworks/extra-cmake-modules: 7 seconds
2020-05-27T02:03:21 >>> kde-frameworks/extra-cmake-modules: 6 seconds
2020-05-28T05:58:48 >>> kde-frameworks/extra-cmake-modules: 13 seconds
]0;emerge 05:50:32 20|82 extra-cmake-modules 00:09 (root@ryzen.gnum.org)kemerge 05:50:32 20|82 extra-cmake-modules 00:09 (root@ryzen.gnum.org)\>>> Extracting kde-frameworks/extra-cmake-modules-5.70.0
 * checking 86 files for package collisions
[32;01m * [39;49;00mBuilding package for kde-frameworks/extra-cmake-modules-5.70.0 ...    [34;01m[ [39;49;00m[32;01mok[39;49;00m[34;01m ][39;49;00m
[32;01m * [39;49;00mPackages now in '/usr/portage/packages':
[32;01m * [39;49;00mkde-frameworks/extra-cmake-modules-5.70.0: 145K

>>> Merging kde-frameworks/extra-cmake-modules-5.70.0 to /
 * removing unneeded *.la files
--- /usr/
--- /usr/share/
--- /usr/share/ECM/
--- /usr/share/ECM/find-modules/
>>> /usr/share/ECM/find-modules/FindSeccomp.cmake
>>> /usr/share/ECM/find-modules/FindLibGit2.cmake
>>> /usr/share/ECM/find-modules/Qt5Ruleset.py
>>> /usr/share/ECM/find-modules/FindPulseAudio.cmake
>>> /usr/share/ECM/find-modules/FindInotify.cmake
>>> /usr/share/ECM/find-modules/FindXCB.cmake
>>> /usr/share/ECM/find-modules/ECMFindModuleHelpersStub.cmake
>>> /usr/share/ECM/find-modules/run-sip.py
>>> /usr/share/ECM/find-modules/FindPng2Ico.cmake
>>> /usr/share/ECM/find-modules/FindFontconfig.cmake
>>> /usr/share/ECM/find-modules/FindWaylandScanner.cmake
>>> /usr/share/ECM/find-modules/FindLibExiv2.cmake
>>> /usr/share/ECM/find-modules/FindQtWaylandScanner.cmake
>>> /usr/share/ECM/find-modules/sip_generator.py
>>> /usr/share/ECM/find-modules/FindGLIB2.cmake
>>> /usr/share/ECM/find-modules/FindIcoTool.cmake
>>> /usr/share/ECM/find-modules/FindCanberra.cmake
>>> /usr/share/ECM/find-modules/FindKF5.cmake
>>> /usr/share/ECM/find-modules/FindSharedMimeInfo.cmake
>>> /usr/share/ECM/find-modules/FindPoppler.cmake
>>> /usr/share/ECM/find-modules/GeneratePythonBindingUmbrellaModule.cmake
>>> /usr/share/ECM/find-modules/FindUDev.cmake
>>> /usr/share/ECM/find-modules/FindOpenEXR.cmake
>>> /usr/share/ECM/find-modules/FindWayland.cmake
>>> /usr/share/ECM/find-modules/rules_engine.py
>>> /usr/share/ECM/find-modules/FindX11_XCB.cmake
>>> /usr/share/ECM/find-modules/FindPythonModuleGeneration.cmake
>>> /usr/share/ECM/find-modules/FindQHelpGenerator.cmake
>>> /usr/share/ECM/find-modules/FindPhoneNumber.cmake
>>> /usr/share/ECM/find-modules/FindEGL.cmake
>>> /usr/share/ECM/find-modules/FindSasl2.cmake
>>> /usr/share/ECM/find-modules/FindGperf.cmake
--- /usr/share/ECM/cmake/
>>> /usr/share/ECM/cmake/ECMConfig.cmake
>>> /usr/share/ECM/cmake/ECMConfigVersion.cmake
--- /usr/share/ECM/test-modules/
>>> /usr/share/ECM/test-modules/test_execute_and_compare.cmake
--- /usr/share/ECM/kde-modules/
>>> /usr/share/ECM/kde-modules/KDEPackageAppTemplates.cmake
>>> /usr/share/ECM/kde-modules/clang-format.cmake
>>> /usr/share/ECM/kde-modules/prefix.sh.cmake
>>> /usr/share/ECM/kde-modules/KDEInstallDirs.cmake
>>> /usr/share/ECM/kde-modules/appstreamtest.cmake
>>> /usr/share/ECM/kde-modules/KDECompilerSettings.cmake
>>> /usr/share/ECM/kde-modules/KDEFrameworkCompilerSettings.cmake
>>> /usr/share/ECM/kde-modules/KDECMakeSettings.cmake
>>> /usr/share/ECM/kde-modules/KDEClangFormat.cmake
--- /usr/share/ECM/toolchain/
>>> /usr/share/ECM/toolchain/deployment-file-qt514.json.in
>>> /usr/share/ECM/toolchain/hasMainSymbol.cmake
>>> /usr/share/ECM/toolchain/deployment-file.json.in
>>> /usr/share/ECM/toolchain/Android.cmake
>>> /usr/share/ECM/toolchain/ECMAndroidDeployQt.cmake
>>> /usr/share/ECM/toolchain/specifydependencies.cmake
--- /usr/share/ECM/modules/
>>> /usr/share/ECM/modules/ECMInstallIcons.cmake
>>> /usr/share/ECM/modules/ECMGeneratePriFile.cmake
>>> /usr/share/ECM/modules/ECMUninstallTarget.cmake
>>> /usr/share/ECM/modules/ECMQmLoader.cpp.in
>>> /usr/share/ECM/modules/ECMWinResolveSymlinks.cmake
>>> /usr/share/ECM/modules/ECMGenerateQmlTypes.cmake
>>> /usr/share/ECM/modules/ECMPoQmTools.cmake
>>> /usr/share/ECM/modules/ECMAddQch.cmake
>>> /usr/share/ECM/modules/ECMCoverageOption.cmake
>>> /usr/share/ECM/modules/ECMQMLModules.cmake
>>> /usr/share/ECM/modules/ECMQtDeclareLoggingCategory.cmake
>>> /usr/share/ECM/modules/ECMEnableSanitizers.cmake
>>> /usr/share/ECM/modules/ECMQchDoxygen.config.in
>>> /usr/share/ECM/modules/ECMQtDeclareLoggingCategory.cpp.in
>>> /usr/share/ECM/modules/ECMOptionalAddSubdirectory.cmake
>>> /usr/share/ECM/modules/ECMGenerateExportHeader.cmake
>>> /usr/share/ECM/modules/ECMSetupVersion.cmake
>>> /usr/share/ECM/modules/ECMMarkNonGuiExecutable.cmake
>>> /usr/share/ECM/modules/ECMFindQMLModule.cmake.in
>>> /usr/share/ECM/modules/ECMSetupQtPluginMacroNames.cmake
>>> /usr/share/ECM/modules/ECMAddQtDesignerPlugin.cmake
>>> /usr/share/ECM/modules/ECMFindModuleHelpers.cmake
>>> /usr/share/ECM/modules/ECMCreateQmFromPoFiles.cmake
>>> /usr/share/ECM/modules/ECMUseFindModules.cmake
>>> /usr/share/ECM/modules/ECMMarkAsTest.cmake
>>> /usr/share/ECM/modules/ECMAddTests.cmake
>>> /usr/share/ECM/modules/ECMGeneratePkgConfigFile.cmake
>>> /usr/share/ECM/modules/ecm_uninstall.cmake.in
>>> /usr/share/ECM/modules/ECMSourceVersionControl.cmake
>>> /usr/share/ECM/modules/ECMAddAppIcon.cmake
>>> /usr/share/ECM/modules/ECMQchDoxygenLayout.xml
>>> /usr/share/ECM/modules/ECMPackageConfigHelpers.cmake
>>> /usr/share/ECM/modules/ECMVersionHeader.h.in
>>> /usr/share/ECM/modules/ECMGenerateHeaders.cmake
>>> /usr/share/ECM/modules/ECMQueryQmake.cmake
>>> /usr/share/ECM/modules/ECMQtDeclareLoggingCategory.h.in
>>> Safely unmerging already-installed instance...
>>> Original instance of package unmerged safely.
>>> kde-frameworks/extra-cmake-modules-5.70.0 merged.
