No package files given... Grabbing a set.
<<<          obj /usr/share/qlogging-categories5/kio.categories
<<<          obj /usr/share/man/man8/kcookiejar5.8.bz2
<<<          obj /usr/share/kservicetypes5/uasprovider.desktop
<<<          obj /usr/share/kservicetypes5/searchprovider.desktop
<<<          obj /usr/share/kservicetypes5/kurifilterplugin.desktop
<<<          obj /usr/share/kservicetypes5/kpropertiesdialogplugin.desktop
<<<          obj /usr/share/kservicetypes5/konqpopupmenuplugin.desktop
<<<          obj /usr/share/kservicetypes5/kiodndpopupmenuplugin.desktop
<<<          obj /usr/share/kservicetypes5/kfileitemactionplugin.desktop
<<<          obj /usr/share/kservices5/webshortcuts.desktop
<<<          obj /usr/share/kservices5/useragentstrings/wgetoncurrent.desktop
<<<          obj /usr/share/kservices5/useragentstrings/w3moncurrent.desktop
<<<          obj /usr/share/kservices5/useragentstrings/safari60.desktop
<<<          obj /usr/share/kservices5/useragentstrings/safari517.desktop
<<<          obj /usr/share/kservices5/useragentstrings/safari40.desktop
<<<          obj /usr/share/kservices5/useragentstrings/safari32.desktop
<<<          obj /usr/share/kservices5/useragentstrings/safari30oniphone.desktop
<<<          obj /usr/share/kservices5/useragentstrings/safari20.desktop
<<<          obj /usr/share/kservices5/useragentstrings/op962oncurrent.desktop
<<<          obj /usr/share/kservices5/useragentstrings/op90oncurrent.desktop
<<<          obj /usr/share/kservices5/useragentstrings/op85oncurrent.desktop
<<<          obj /usr/share/kservices5/useragentstrings/op403onwinnt4.desktop
<<<          obj /usr/share/kservices5/useragentstrings/op1202oncurrent.desktop
<<<          obj /usr/share/kservices5/useragentstrings/op1162oncurrent.desktop
<<<          obj /usr/share/kservices5/useragentstrings/ns71onwinnt51.desktop
<<<          obj /usr/share/kservices5/useragentstrings/ns71oncurrent.desktop
<<<          obj /usr/share/kservices5/useragentstrings/nn475onwin95.desktop
<<<          obj /usr/share/kservices5/useragentstrings/nn475oncurrent.desktop
<<<          obj /usr/share/kservices5/useragentstrings/nn301oncurrent.desktop
<<<          obj /usr/share/kservices5/useragentstrings/lynxoncurrent.desktop
<<<          obj /usr/share/kservices5/useragentstrings/ie90onwinnt71.desktop
<<<          obj /usr/share/kservices5/useragentstrings/ie80onwinnt60.desktop
<<<          obj /usr/share/kservices5/useragentstrings/ie70onwinnt51.desktop
<<<          obj /usr/share/kservices5/useragentstrings/ie60onwinnt51.desktop
<<<          obj /usr/share/kservices5/useragentstrings/ie60oncurrent.desktop
<<<          obj /usr/share/kservices5/useragentstrings/ie55onwinnt5.desktop
<<<          obj /usr/share/kservices5/useragentstrings/ie50onppc.desktop
<<<          obj /usr/share/kservices5/useragentstrings/ie401onwinnt4.desktop
<<<          obj /usr/share/kservices5/useragentstrings/googlebot.desktop
<<<          obj /usr/share/kservices5/useragentstrings/firefox520oncurrent.desktop
<<<          obj /usr/share/kservices5/useragentstrings/firefox36oncurrent.desktop
<<<          obj /usr/share/kservices5/useragentstrings/firefox30oncurrent.desktop
<<<          obj /usr/share/kservices5/useragentstrings/firefox20oncurrent.desktop
<<<          obj /usr/share/kservices5/useragentstrings/firefox16oncurrent.desktop
<<<          obj /usr/share/kservices5/useragentstrings/firefox15oncurrent.desktop
<<<          obj /usr/share/kservices5/useragentstrings/chrome570oncurrent.desktop
<<<          obj /usr/share/kservices5/useragentstrings/chrome50oncurrent.desktop
<<<          obj /usr/share/kservices5/useragentstrings/chrome24oncurrent.desktop
<<<          obj /usr/share/kservices5/useragentstrings/chrome23oncurrent.desktop
<<<          obj /usr/share/kservices5/useragentstrings/chrome22oncurrent.desktop
<<<          obj /usr/share/kservices5/useragentstrings/chrome10onwinnt51.desktop
<<<          obj /usr/share/kservices5/useragentstrings/android10.desktop
<<<          obj /usr/share/kservices5/useragent.desktop
<<<          obj /usr/share/kservices5/smb.desktop
<<<          obj /usr/share/kservices5/searchproviders/youtube.desktop
<<<          obj /usr/share/kservices5/searchproviders/yahoo_video.desktop
<<<          obj /usr/share/kservices5/searchproviders/yahoo_shopping.desktop
<<<          obj /usr/share/kservices5/searchproviders/yahoo_local.desktop
<<<          obj /usr/share/kservices5/searchproviders/yahoo_image.desktop
<<<          obj /usr/share/kservices5/searchproviders/yahoo.desktop
<<<          obj /usr/share/kservices5/searchproviders/wordref.desktop
<<<          obj /usr/share/kservices5/searchproviders/wolfram_alpha.desktop
<<<          obj /usr/share/kservices5/searchproviders/wiktionary.desktop
<<<          obj /usr/share/kservices5/searchproviders/wikipedia.desktop
<<<          obj /usr/share/kservices5/searchproviders/wikia.desktop
<<<          obj /usr/share/kservices5/searchproviders/webster.desktop
<<<          obj /usr/share/kservices5/searchproviders/voila.desktop
<<<          obj /usr/share/kservices5/searchproviders/vimeo.desktop
<<<          obj /usr/share/kservices5/searchproviders/uspto.desktop
<<<          obj /usr/share/kservices5/searchproviders/urbandictionary.desktop
<<<          obj /usr/share/kservices5/searchproviders/tvtome.desktop
<<<          obj /usr/share/kservices5/searchproviders/thesaurus.desktop
<<<          obj /usr/share/kservices5/searchproviders/technoratitags.desktop
<<<          obj /usr/share/kservices5/searchproviders/technorati.desktop
<<<          obj /usr/share/kservices5/searchproviders/sourceforge.desktop
<<<          obj /usr/share/kservices5/searchproviders/soundcloud.desktop
<<<          obj /usr/share/kservices5/searchproviders/ruby_application_archive.desktop
<<<          obj /usr/share/kservices5/searchproviders/rpmfind.desktop
<<<          obj /usr/share/kservices5/searchproviders/rfc.desktop
<<<          obj /usr/share/kservices5/searchproviders/rag.desktop
<<<          obj /usr/share/kservices5/searchproviders/rae.desktop
<<<          obj /usr/share/kservices5/searchproviders/qwant_videos.desktop
<<<          obj /usr/share/kservices5/searchproviders/qwant_social.desktop
<<<          obj /usr/share/kservices5/searchproviders/qwant_shopping.desktop
<<<          obj /usr/share/kservices5/searchproviders/qwant_news.desktop
<<<          obj /usr/share/kservices5/searchproviders/qwant_images.desktop
<<<          obj /usr/share/kservices5/searchproviders/qwant.desktop
<<<          obj /usr/share/kservices5/searchproviders/qt4.desktop
<<<          obj /usr/share/kservices5/searchproviders/qt.desktop
<<<          obj /usr/share/kservices5/searchproviders/python.desktop
<<<          obj /usr/share/kservices5/searchproviders/php.desktop
<<<          obj /usr/share/kservices5/searchproviders/pgpkeys.desktop
<<<          obj /usr/share/kservices5/searchproviders/opendesktop.desktop
<<<          obj /usr/share/kservices5/searchproviders/nl-teletekst.desktop
<<<          obj /usr/share/kservices5/searchproviders/nl-telephone.desktop
<<<          obj /usr/share/kservices5/searchproviders/netcraft.desktop
<<<          obj /usr/share/kservices5/searchproviders/multitran-nlru.desktop
<<<          obj /usr/share/kservices5/searchproviders/multitran-itru.desktop
<<<          obj /usr/share/kservices5/searchproviders/multitran-frru.desktop
<<<          obj /usr/share/kservices5/searchproviders/multitran-esru.desktop
<<<          obj /usr/share/kservices5/searchproviders/multitran-enru.desktop
<<<          obj /usr/share/kservices5/searchproviders/multitran-deru.desktop
<<<          obj /usr/share/kservices5/searchproviders/msdn.desktop
<<<          obj /usr/share/kservices5/searchproviders/metacrawler.desktop
<<<          obj /usr/share/kservices5/searchproviders/magnatune.desktop
<<<          obj /usr/share/kservices5/searchproviders/leo.desktop
<<<          obj /usr/share/kservices5/searchproviders/kde_userbase.desktop
<<<          obj /usr/share/kservices5/searchproviders/kde_techbase.desktop
<<<          obj /usr/share/kservices5/searchproviders/kde_look.desktop
<<<          obj /usr/share/kservices5/searchproviders/kde_forums.desktop
<<<          obj /usr/share/kservices5/searchproviders/kde_apps.desktop
<<<          obj /usr/share/kservices5/searchproviders/kde.desktop
<<<          obj /usr/share/kservices5/searchproviders/jeeves.desktop
<<<          obj /usr/share/kservices5/searchproviders/jamendo.desktop
<<<          obj /usr/share/kservices5/searchproviders/it2en.desktop
<<<          obj /usr/share/kservices5/searchproviders/imdb.desktop
<<<          obj /usr/share/kservices5/searchproviders/identica_people.desktop
<<<          obj /usr/share/kservices5/searchproviders/identica_notices.desktop
<<<          obj /usr/share/kservices5/searchproviders/identica_groups.desktop
<<<          obj /usr/share/kservices5/searchproviders/hyperdictionary_thesaurus.desktop
<<<          obj /usr/share/kservices5/searchproviders/hyperdictionary.desktop
<<<          obj /usr/share/kservices5/searchproviders/grec.desktop
<<<          obj /usr/share/kservices5/searchproviders/google_shopping.desktop
<<<          obj /usr/share/kservices5/searchproviders/google_news.desktop
<<<          obj /usr/share/kservices5/searchproviders/google_movie.desktop
<<<          obj /usr/share/kservices5/searchproviders/google_maps.desktop
<<<          obj /usr/share/kservices5/searchproviders/google_lucky.desktop
<<<          obj /usr/share/kservices5/searchproviders/google_images.desktop
<<<          obj /usr/share/kservices5/searchproviders/google_groups.desktop
<<<          obj /usr/share/kservices5/searchproviders/google_code.desktop
<<<          obj /usr/share/kservices5/searchproviders/google_advanced.desktop
<<<          obj /usr/share/kservices5/searchproviders/google.desktop
<<<          obj /usr/share/kservices5/searchproviders/gitlab.desktop
<<<          obj /usr/share/kservices5/searchproviders/github.desktop
<<<          obj /usr/share/kservices5/searchproviders/fsd.desktop
<<<          obj /usr/share/kservices5/searchproviders/freedb.desktop
<<<          obj /usr/share/kservices5/searchproviders/freecode.desktop
<<<          obj /usr/share/kservices5/searchproviders/fr2en.desktop
<<<          obj /usr/share/kservices5/searchproviders/fr2de.desktop
<<<          obj /usr/share/kservices5/searchproviders/foldoc.desktop
<<<          obj /usr/share/kservices5/searchproviders/flickrcc.desktop
<<<          obj /usr/share/kservices5/searchproviders/flickr.desktop
<<<          obj /usr/share/kservices5/searchproviders/feedster.desktop
<<<          obj /usr/share/kservices5/searchproviders/facebook.desktop
<<<          obj /usr/share/kservices5/searchproviders/es2en.desktop
<<<          obj /usr/share/kservices5/searchproviders/en2it.desktop
<<<          obj /usr/share/kservices5/searchproviders/en2fr.desktop
<<<          obj /usr/share/kservices5/searchproviders/en2es.desktop
<<<          obj /usr/share/kservices5/searchproviders/en2de.desktop
<<<          obj /usr/share/kservices5/searchproviders/ecosia.desktop
<<<          obj /usr/share/kservices5/searchproviders/duckduckgo_shopping.desktop
<<<          obj /usr/share/kservices5/searchproviders/duckduckgo_info.desktop
<<<          obj /usr/share/kservices5/searchproviders/duckduckgo.desktop
<<<          obj /usr/share/kservices5/searchproviders/doi.desktop
<<<          obj /usr/share/kservices5/searchproviders/docbook.desktop
<<<          obj /usr/share/kservices5/searchproviders/dictfr.desktop
<<<          obj /usr/share/kservices5/searchproviders/deb.desktop
<<<          obj /usr/share/kservices5/searchproviders/de2fr.desktop
<<<          obj /usr/share/kservices5/searchproviders/de2en.desktop
<<<          obj /usr/share/kservices5/searchproviders/dbug.desktop
<<<          obj /usr/share/kservices5/searchproviders/ctan_cat.desktop
<<<          obj /usr/share/kservices5/searchproviders/ctan.desktop
<<<          obj /usr/share/kservices5/searchproviders/cpan.desktop
<<<          obj /usr/share/kservices5/searchproviders/citeseer.desktop
<<<          obj /usr/share/kservices5/searchproviders/cia.desktop
<<<          obj /usr/share/kservices5/searchproviders/call.desktop
<<<          obj /usr/share/kservices5/searchproviders/bugno.desktop
<<<          obj /usr/share/kservices5/searchproviders/bugft.desktop
<<<          obj /usr/share/kservices5/searchproviders/bing.desktop
<<<          obj /usr/share/kservices5/searchproviders/beolingus.desktop
<<<          obj /usr/share/kservices5/searchproviders/baidu.desktop
<<<          obj /usr/share/kservices5/searchproviders/backports.desktop
<<<          obj /usr/share/kservices5/searchproviders/archpkg.desktop
<<<          obj /usr/share/kservices5/searchproviders/amg.desktop
<<<          obj /usr/share/kservices5/searchproviders/amazon_mp3.desktop
<<<          obj /usr/share/kservices5/searchproviders/amazon.desktop
<<<          obj /usr/share/kservices5/searchproviders/acronym.desktop
<<<          obj /usr/share/kservices5/searchproviders/7digital.desktop
<<<          obj /usr/share/kservices5/rtspu.protocol
<<<          obj /usr/share/kservices5/rtspt.protocol
<<<          obj /usr/share/kservices5/rtsp.protocol
<<<          obj /usr/share/kservices5/proxy.desktop
<<<          obj /usr/share/kservices5/pnm.protocol
<<<          obj /usr/share/kservices5/netpref.desktop
<<<          obj /usr/share/kservices5/mmsu.protocol
<<<          obj /usr/share/kservices5/mmst.protocol
<<<          obj /usr/share/kservices5/mms.protocol
<<<          obj /usr/share/kservices5/kcmtrash.desktop
<<<          obj /usr/share/kservices5/http_cache_cleaner.desktop
<<<          obj /usr/share/kservices5/data.protocol
<<<          obj /usr/share/kservices5/cookies.desktop
<<<          obj /usr/share/kservices5/cache.desktop
<<<          obj /usr/share/knotifications5/proxyscout.notifyrc
<<<          obj /usr/share/kf5/kcookiejar/domain_info
<<<          obj /usr/share/kconf_update/filepicker.upd
<<<          obj /usr/share/help/en/kioslave5/webdav/index.docbook
<<<          obj /usr/share/help/en/kioslave5/webdav/index.cache.bz2
<<<          obj /usr/share/help/en/kioslave5/telnet/index.docbook
<<<          obj /usr/share/help/en/kioslave5/telnet/index.cache.bz2
<<<          obj /usr/share/help/en/kioslave5/mailto/index.docbook
<<<          obj /usr/share/help/en/kioslave5/mailto/index.cache.bz2
<<<          obj /usr/share/help/en/kioslave5/http/index.docbook
<<<          obj /usr/share/help/en/kioslave5/http/index.cache.bz2
<<<          obj /usr/share/help/en/kioslave5/help/index.docbook
<<<          obj /usr/share/help/en/kioslave5/help/index.cache.bz2
<<<          obj /usr/share/help/en/kioslave5/help/documentationnotfound/index.docbook
<<<          obj /usr/share/help/en/kioslave5/help/documentationnotfound/index.cache.bz2
<<<          obj /usr/share/help/en/kioslave5/ftp/index.docbook
<<<          obj /usr/share/help/en/kioslave5/ftp/index.cache.bz2
<<<          obj /usr/share/help/en/kioslave5/file/index.docbook
<<<          obj /usr/share/help/en/kioslave5/file/index.cache.bz2
<<<          obj /usr/share/help/en/kioslave5/data/index.docbook
<<<          obj /usr/share/help/en/kioslave5/data/index.cache.bz2
<<<          obj /usr/share/help/en/kcontrol5/webshortcuts/index.docbook
<<<          obj /usr/share/help/en/kcontrol5/webshortcuts/index.cache.bz2
<<<          obj /usr/share/help/en/kcontrol5/useragent/index.docbook
<<<          obj /usr/share/help/en/kcontrol5/useragent/index.cache.bz2
<<<          obj /usr/share/help/en/kcontrol5/trash/index.docbook
<<<          obj /usr/share/help/en/kcontrol5/trash/index.cache.bz2
<<<          obj /usr/share/help/en/kcontrol5/smb/index.docbook
<<<          obj /usr/share/help/en/kcontrol5/smb/index.cache.bz2
<<<          obj /usr/share/help/en/kcontrol5/proxy/index.docbook
<<<          obj /usr/share/help/en/kcontrol5/proxy/index.cache.bz2
<<<          obj /usr/share/help/en/kcontrol5/netpref/index.docbook
<<<          obj /usr/share/help/en/kcontrol5/netpref/index.cache.bz2
<<<          obj /usr/share/help/en/kcontrol5/cookies/index.docbook
<<<          obj /usr/share/help/en/kcontrol5/cookies/index.cache.bz2
<<<          obj /usr/share/help/en/kcontrol5/cache/index.docbook
<<<          obj /usr/share/help/en/kcontrol5/cache/index.cache.bz2
<<<          obj /usr/share/dbus-1/services/org.kde.kssld5.service
<<<          obj /usr/share/dbus-1/services/org.kde.kpasswdserver.service
<<<          obj /usr/share/dbus-1/services/org.kde.kioexecd.service
<<<          obj /usr/share/dbus-1/services/org.kde.kiod5.service
<<<          obj /usr/share/dbus-1/services/org.kde.kcookiejar5.service
<<<          obj /usr/share/dbus-1/interfaces/kf5_org.kde.kio.FileUndoManager.xml
<<<          obj /usr/share/dbus-1/interfaces/kf5_org.kde.KSlaveLauncher.xml
<<<          obj /usr/share/dbus-1/interfaces/kf5_org.kde.KPasswdServer.xml
<<<          obj /usr/share/dbus-1/interfaces/kf5_org.kde.KDirNotify.xml
<<<          obj /usr/share/dbus-1/interfaces/kf5_org.kde.KCookieServer.xml
<<<          obj /usr/share/applications/ktelnetservice5.desktop
<<<          obj /usr/lib64/qt5/plugins/kf5/urifilters/localdomainurifilter.so
<<<          obj /usr/lib64/qt5/plugins/kf5/urifilters/kurisearchfilter.so
<<<          obj /usr/lib64/qt5/plugins/kf5/urifilters/kuriikwsfilter.so
<<<          obj /usr/lib64/qt5/plugins/kf5/urifilters/kshorturifilter.so
<<<          obj /usr/lib64/qt5/plugins/kf5/urifilters/fixhosturifilter.so
<<<          obj /usr/lib64/qt5/plugins/kf5/kiod/kssld.so
<<<          obj /usr/lib64/qt5/plugins/kf5/kiod/kpasswdserver.so
<<<          obj /usr/lib64/qt5/plugins/kf5/kiod/kioexecd.so
<<<          obj /usr/lib64/qt5/plugins/kf5/kio/trash.so
<<<          obj /usr/lib64/qt5/plugins/kf5/kio/remote.so
<<<          obj /usr/lib64/qt5/plugins/kf5/kio/http.so
<<<          obj /usr/lib64/qt5/plugins/kf5/kio/help.so
<<<          obj /usr/lib64/qt5/plugins/kf5/kio/ghelp.so
<<<          obj /usr/lib64/qt5/plugins/kf5/kio/ftp.so
<<<          obj /usr/lib64/qt5/plugins/kf5/kio/file.so
<<<          obj /usr/lib64/qt5/plugins/kf5/kded/remotenotifier.so
<<<          obj /usr/lib64/qt5/plugins/kf5/kded/proxyscout.so
<<<          obj /usr/lib64/qt5/plugins/kf5/kded/kcookiejar.so
<<<          obj /usr/lib64/qt5/plugins/kcm_webshortcuts.so
<<<          obj /usr/lib64/qt5/plugins/kcm_trash.so
<<<          obj /usr/lib64/qt5/plugins/kcm_kio.so
<<<          obj /usr/lib64/qt5/mkspecs/modules/qt_KNTLM.pri
<<<          obj /usr/lib64/qt5/mkspecs/modules/qt_KIOWidgets.pri
<<<          obj /usr/lib64/qt5/mkspecs/modules/qt_KIOGui.pri
<<<          obj /usr/lib64/qt5/mkspecs/modules/qt_KIOFileWidgets.pri
<<<          obj /usr/lib64/qt5/mkspecs/modules/qt_KIOCore.pri
<<<          obj /usr/lib64/libexec/kf5/kpac_dhcp_helper
<<<          obj /usr/lib64/libexec/kf5/kioslave5
<<<          obj /usr/lib64/libexec/kf5/kioexec
<<<          obj /usr/lib64/libexec/kf5/kiod5
<<<          obj /usr/lib64/libexec/kf5/kio_http_cache_cleaner
<<<          obj /usr/lib64/libKF5KIOWidgets.so.5.70.0
<<<          sym /usr/lib64/libKF5KIOWidgets.so.5
<<<          sym /usr/lib64/libKF5KIOWidgets.so
<<<          obj /usr/lib64/libKF5KIONTLM.so.5.70.0
<<<          sym /usr/lib64/libKF5KIONTLM.so.5
<<<          sym /usr/lib64/libKF5KIONTLM.so
<<<          obj /usr/lib64/libKF5KIOGui.so.5.70.0
<<<          sym /usr/lib64/libKF5KIOGui.so.5
<<<          sym /usr/lib64/libKF5KIOGui.so
<<<          obj /usr/lib64/libKF5KIOFileWidgets.so.5.70.0
<<<          sym /usr/lib64/libKF5KIOFileWidgets.so.5
<<<          sym /usr/lib64/libKF5KIOFileWidgets.so
<<<          obj /usr/lib64/libKF5KIOCore.so.5.70.0
<<<          sym /usr/lib64/libKF5KIOCore.so.5
<<<          sym /usr/lib64/libKF5KIOCore.so
<<<          obj /usr/lib64/cmake/KF5KIO/KF5KIOTargets.cmake
<<<          obj /usr/lib64/cmake/KF5KIO/KF5KIOTargets-gentoo.cmake
<<<          obj /usr/lib64/cmake/KF5KIO/KF5KIOConfigVersion.cmake
<<<          obj /usr/lib64/cmake/KF5KIO/KF5KIOConfig.cmake
<<<          obj /usr/include/KF5/kio_version.h
<<<          obj /usr/include/KF5/kio/kntlm_export.h
<<<          obj /usr/include/KF5/kio/kntlm.h
<<<          obj /usr/include/KF5/KIOWidgets/kurlrequesterdialog.h
<<<          obj /usr/include/KF5/KIOWidgets/kurlrequester.h
<<<          obj /usr/include/KF5/KIOWidgets/kurlpixmapprovider.h
<<<          obj /usr/include/KF5/KIOWidgets/kurlcompletion.h
<<<          obj /usr/include/KF5/KIOWidgets/kurlcombobox.h
<<<          obj /usr/include/KF5/KIOWidgets/kurifilter.h
<<<          obj /usr/include/KF5/KIOWidgets/ksslinfodialog.h
<<<          obj /usr/include/KF5/KIOWidgets/ksslcertificatebox.h
<<<          obj /usr/include/KF5/KIOWidgets/kshellcompletion.h
<<<          obj /usr/include/KF5/KIOWidgets/krun.h
<<<          obj /usr/include/KF5/KIOWidgets/kpropertiesdialog.h
<<<          obj /usr/include/KF5/KIOWidgets/koverlayiconplugin.h
<<<          obj /usr/include/KF5/KIOWidgets/kopenwithdialog.h
<<<          obj /usr/include/KF5/KIOWidgets/kiowidgets_export.h
<<<          obj /usr/include/KF5/KIOWidgets/kio/thumbsequencecreator.h
<<<          obj /usr/include/KF5/KIOWidgets/kio/thumbcreator.h
<<<          obj /usr/include/KF5/KIOWidgets/kio/sslui.h
<<<          obj /usr/include/KF5/KIOWidgets/kio/skipdialog.h
<<<          obj /usr/include/KF5/KIOWidgets/kio/renamefiledialog.h
<<<          obj /usr/include/KF5/KIOWidgets/kio/renamedialog.h
<<<          obj /usr/include/KF5/KIOWidgets/kio/previewjob.h
<<<          obj /usr/include/KF5/KIOWidgets/kio/pixmaploader.h
<<<          obj /usr/include/KF5/KIOWidgets/kio/pastejob.h
<<<          obj /usr/include/KF5/KIOWidgets/kio/paste.h
<<<          obj /usr/include/KF5/KIOWidgets/kio/openfilemanagerwindowjob.h
<<<          obj /usr/include/KF5/KIOWidgets/kio/kurifiltersearchprovideractions.h
<<<          obj /usr/include/KF5/KIOWidgets/kio/jobuidelegate.h
<<<          obj /usr/include/KF5/KIOWidgets/kio/fileundomanager.h
<<<          obj /usr/include/KF5/KIOWidgets/kio/dropjob.h
<<<          obj /usr/include/KF5/KIOWidgets/kio/dndpopupmenuplugin.h
<<<          obj /usr/include/KF5/KIOWidgets/kio/accessmanager.h
<<<          obj /usr/include/KF5/KIOWidgets/kfileitemdelegate.h
<<<          obj /usr/include/KF5/KIOWidgets/kfileitemactions.h
<<<          obj /usr/include/KF5/KIOWidgets/kfile.h
<<<          obj /usr/include/KF5/KIOWidgets/kdirmodel.h
<<<          obj /usr/include/KF5/KIOWidgets/kdirlister.h
<<<          obj /usr/include/KF5/KIOWidgets/kdesktopfileactions.h
<<<          obj /usr/include/KF5/KIOWidgets/kbuildsycocaprogressdialog.h
<<<          obj /usr/include/KF5/KIOWidgets/kautomount.h
<<<          obj /usr/include/KF5/KIOWidgets/kabstractfileitemactionplugin.h
<<<          obj /usr/include/KF5/KIOWidgets/KUrlRequesterDialog
<<<          obj /usr/include/KF5/KIOWidgets/KUrlRequester
<<<          obj /usr/include/KF5/KIOWidgets/KUrlPixmapProvider
<<<          obj /usr/include/KF5/KIOWidgets/KUrlCompletion
<<<          obj /usr/include/KF5/KIOWidgets/KUrlComboBox
<<<          obj /usr/include/KF5/KIOWidgets/KUriFilter
<<<          obj /usr/include/KF5/KIOWidgets/KSslInfoDialog
<<<          obj /usr/include/KF5/KIOWidgets/KSslCertificateBox
<<<          obj /usr/include/KF5/KIOWidgets/KShellCompletion
<<<          obj /usr/include/KF5/KIOWidgets/KRun
<<<          obj /usr/include/KF5/KIOWidgets/KPropertiesDialog
<<<          obj /usr/include/KF5/KIOWidgets/KOverlayIconPlugin
<<<          obj /usr/include/KF5/KIOWidgets/KOpenWithDialog
<<<          obj /usr/include/KF5/KIOWidgets/KIO/ThumbSequenceCreator
<<<          obj /usr/include/KF5/KIOWidgets/KIO/ThumbCreator
<<<          obj /usr/include/KF5/KIOWidgets/KIO/SslUi
<<<          obj /usr/include/KF5/KIOWidgets/KIO/SkipDialog
<<<          obj /usr/include/KF5/KIOWidgets/KIO/RenameFileDialog
<<<          obj /usr/include/KF5/KIOWidgets/KIO/RenameDialog
<<<          obj /usr/include/KF5/KIOWidgets/KIO/PreviewJob
<<<          obj /usr/include/KF5/KIOWidgets/KIO/PixmapLoader
<<<          obj /usr/include/KF5/KIOWidgets/KIO/PasteJob
<<<          obj /usr/include/KF5/KIOWidgets/KIO/Paste
<<<          obj /usr/include/KF5/KIOWidgets/KIO/OpenFileManagerWindowJob
<<<          obj /usr/include/KF5/KIOWidgets/KIO/KUriFilterSearchProviderActions
<<<          obj /usr/include/KF5/KIOWidgets/KIO/JobUiDelegate
<<<          obj /usr/include/KF5/KIOWidgets/KIO/FileUndoManager
<<<          obj /usr/include/KF5/KIOWidgets/KIO/DropJob
<<<          obj /usr/include/KF5/KIOWidgets/KIO/DndPopupMenuPlugin
<<<          obj /usr/include/KF5/KIOWidgets/KIO/AccessManager
<<<          obj /usr/include/KF5/KIOWidgets/KFileItemDelegate
<<<          obj /usr/include/KF5/KIOWidgets/KFileItemActions
<<<          obj /usr/include/KF5/KIOWidgets/KFile
<<<          obj /usr/include/KF5/KIOWidgets/KDirModel
<<<          obj /usr/include/KF5/KIOWidgets/KDirLister
<<<          obj /usr/include/KF5/KIOWidgets/KDesktopFileActions
<<<          obj /usr/include/KF5/KIOWidgets/KBuildSycocaProgressDialog
<<<          obj /usr/include/KF5/KIOWidgets/KAutoMount
<<<          obj /usr/include/KF5/KIOWidgets/KAbstractFileItemActionPlugin
<<<          obj /usr/include/KF5/KIOGui/kiogui_export.h
<<<          obj /usr/include/KF5/KIOGui/kio/faviconrequestjob.h
<<<          obj /usr/include/KF5/KIOGui/kio/commandlauncherjob.h
<<<          obj /usr/include/KF5/KIOGui/kio/applicationlauncherjob.h
<<<          obj /usr/include/KF5/KIOGui/KIO/FavIconRequestJob
<<<          obj /usr/include/KF5/KIOGui/KIO/CommandLauncherJob
<<<          obj /usr/include/KF5/KIOGui/KIO/ApplicationLauncherJob
<<<          obj /usr/include/KF5/KIOFileWidgets/kurlnavigator.h
<<<          obj /usr/include/KF5/KIOFileWidgets/kstatusbarofflineindicator.h
<<<          obj /usr/include/KF5/KIOFileWidgets/krecentdirs.h
<<<          obj /usr/include/KF5/KIOFileWidgets/kpreviewwidgetbase.h
<<<          obj /usr/include/KF5/KIOFileWidgets/knewfilemenu.h
<<<          obj /usr/include/KF5/KIOFileWidgets/knameandurlinputdialog.h
<<<          obj /usr/include/KF5/KIOFileWidgets/kiofilewidgets_export.h
<<<          obj /usr/include/KF5/KIOFileWidgets/kimagefilepreview.h
<<<          obj /usr/include/KF5/KIOFileWidgets/kfilewidget.h
<<<          obj /usr/include/KF5/KIOFileWidgets/kfilepreviewgenerator.h
<<<          obj /usr/include/KF5/KIOFileWidgets/kfileplacesview.h
<<<          obj /usr/include/KF5/KIOFileWidgets/kfileplacesmodel.h
<<<          obj /usr/include/KF5/KIOFileWidgets/kfileplaceeditdialog.h
<<<          obj /usr/include/KF5/KIOFileWidgets/kfilefiltercombo.h
<<<          obj /usr/include/KF5/KIOFileWidgets/kfilecustomdialog.h
<<<          obj /usr/include/KF5/KIOFileWidgets/kfilecopytomenu.h
<<<          obj /usr/include/KF5/KIOFileWidgets/kencodingfiledialog.h
<<<          obj /usr/include/KF5/KIOFileWidgets/kdirsortfilterproxymodel.h
<<<          obj /usr/include/KF5/KIOFileWidgets/kdiroperator.h
<<<          obj /usr/include/KF5/KIOFileWidgets/kabstractviewadapter.h
<<<          obj /usr/include/KF5/KIOFileWidgets/KUrlNavigator
<<<          obj /usr/include/KF5/KIOFileWidgets/KStatusBarOfflineIndicator
<<<          obj /usr/include/KF5/KIOFileWidgets/KRecentDirs
<<<          obj /usr/include/KF5/KIOFileWidgets/KPreviewWidgetBase
<<<          obj /usr/include/KF5/KIOFileWidgets/KNewFileMenu
<<<          obj /usr/include/KF5/KIOFileWidgets/KNameAndUrlInputDialog
<<<          obj /usr/include/KF5/KIOFileWidgets/KImageFilePreview
<<<          obj /usr/include/KF5/KIOFileWidgets/KFileWidget
<<<          obj /usr/include/KF5/KIOFileWidgets/KFilePreviewGenerator
<<<          obj /usr/include/KF5/KIOFileWidgets/KFilePlacesView
<<<          obj /usr/include/KF5/KIOFileWidgets/KFilePlacesModel
<<<          obj /usr/include/KF5/KIOFileWidgets/KFilePlaceEditDialog
<<<          obj /usr/include/KF5/KIOFileWidgets/KFileFilterCombo
<<<          obj /usr/include/KF5/KIOFileWidgets/KFileCustomDialog
<<<          obj /usr/include/KF5/KIOFileWidgets/KFileCopyToMenu
<<<          obj /usr/include/KF5/KIOFileWidgets/KEncodingFileDialog
<<<          obj /usr/include/KF5/KIOFileWidgets/KDirSortFilterProxyModel
<<<          obj /usr/include/KF5/KIOFileWidgets/KDirOperator
<<<          obj /usr/include/KF5/KIOFileWidgets/KAbstractViewAdapter
<<<          obj /usr/include/KF5/KIOCore/kurlauthorized.h
<<<          obj /usr/include/KF5/KIOCore/ktcpsocket.h
<<<          obj /usr/include/KF5/KIOCore/ksslsettings.h
<<<          obj /usr/include/KF5/KIOCore/ksslerroruidata.h
<<<          obj /usr/include/KF5/KIOCore/ksslcertificatemanager_p.h
<<<          obj /usr/include/KF5/KIOCore/ksslcertificatemanager.h
<<<          obj /usr/include/KF5/KIOCore/ksambasharedata.h
<<<          obj /usr/include/KF5/KIOCore/ksambashare.h
<<<          obj /usr/include/KF5/KIOCore/kremoteencoding.h
<<<          obj /usr/include/KF5/KIOCore/krecentdocument.h
<<<          obj /usr/include/KF5/KIOCore/kprotocolmanager.h
<<<          obj /usr/include/KF5/KIOCore/kprotocolinfo.h
<<<          obj /usr/include/KF5/KIOCore/kpasswdserverclient.h
<<<          obj /usr/include/KF5/KIOCore/knfsshare.h
<<<          obj /usr/include/KF5/KIOCore/kmountpoint.h
<<<          obj /usr/include/KF5/KIOCore/kiocore_export.h
<<<          obj /usr/include/KF5/KIOCore/kio/udsentry.h
<<<          obj /usr/include/KF5/KIOCore/kio/transferjob.h
<<<          obj /usr/include/KF5/KIOCore/kio/tcpslavebase.h
<<<          obj /usr/include/KF5/KIOCore/kio/storedtransferjob.h
<<<          obj /usr/include/KF5/KIOCore/kio/statjob.h
<<<          obj /usr/include/KF5/KIOCore/kio/specialjob.h
<<<          obj /usr/include/KF5/KIOCore/kio/slaveinterface.h
<<<          obj /usr/include/KF5/KIOCore/kio/slaveconfig.h
<<<          obj /usr/include/KF5/KIOCore/kio/slavebase.h
<<<          obj /usr/include/KF5/KIOCore/kio/slave.h
<<<          obj /usr/include/KF5/KIOCore/kio/simplejob.h
<<<          obj /usr/include/KF5/KIOCore/kio/scheduler.h
<<<          obj /usr/include/KF5/KIOCore/kio/restorejob.h
<<<          obj /usr/include/KF5/KIOCore/kio/multigetjob.h
<<<          obj /usr/include/KF5/KIOCore/kio/mkpathjob.h
<<<          obj /usr/include/KF5/KIOCore/kio/mkdirjob.h
<<<          obj /usr/include/KF5/KIOCore/kio/mimetypejob.h
<<<          obj /usr/include/KF5/KIOCore/kio/metadata.h
<<<          obj /usr/include/KF5/KIOCore/kio/listjob.h
<<<          obj /usr/include/KF5/KIOCore/kio/jobuidelegatefactory.h
<<<          obj /usr/include/KF5/KIOCore/kio/jobuidelegateextension.h
<<<          obj /usr/include/KF5/KIOCore/kio/jobtracker.h
<<<          obj /usr/include/KF5/KIOCore/kio/jobclasses.h
<<<          obj /usr/include/KF5/KIOCore/kio/job_base.h
<<<          obj /usr/include/KF5/KIOCore/kio/job.h
<<<          obj /usr/include/KF5/KIOCore/kio/ioslave_defaults.h
<<<          obj /usr/include/KF5/KIOCore/kio/idleslave.h
<<<          obj /usr/include/KF5/KIOCore/kio/http_slave_defaults.h
<<<          obj /usr/include/KF5/KIOCore/kio/hostinfo.h
<<<          obj /usr/include/KF5/KIOCore/kio/global.h
<<<          obj /usr/include/KF5/KIOCore/kio/forwardingslavebase.h
<<<          obj /usr/include/KF5/KIOCore/kio/filesystemfreespacejob.h
<<<          obj /usr/include/KF5/KIOCore/kio/filejob.h
<<<          obj /usr/include/KF5/KIOCore/kio/filecopyjob.h
<<<          obj /usr/include/KF5/KIOCore/kio/emptytrashjob.h
<<<          obj /usr/include/KF5/KIOCore/kio/directorysizejob.h
<<<          obj /usr/include/KF5/KIOCore/kio/desktopexecparser.h
<<<          obj /usr/include/KF5/KIOCore/kio/deletejob.h
<<<          obj /usr/include/KF5/KIOCore/kio/davjob.h
<<<          obj /usr/include/KF5/KIOCore/kio/copyjob.h
<<<          obj /usr/include/KF5/KIOCore/kio/connectionserver.h
<<<          obj /usr/include/KF5/KIOCore/kio/chmodjob.h
<<<          obj /usr/include/KF5/KIOCore/kio/batchrenamejob.h
<<<          obj /usr/include/KF5/KIOCore/kio/authinfo.h
<<<          obj /usr/include/KF5/KIOCore/kfileitemlistproperties.h
<<<          obj /usr/include/KF5/KIOCore/kfileitem.h
<<<          obj /usr/include/KF5/KIOCore/kdiskfreespaceinfo.h
<<<          obj /usr/include/KF5/KIOCore/kdirnotify.h
<<<          obj /usr/include/KF5/KIOCore/kcoredirlister.h
<<<          obj /usr/include/KF5/KIOCore/kacl.h
<<<          obj /usr/include/KF5/KIOCore/KUrlAuthorized
<<<          obj /usr/include/KF5/KIOCore/KTcpSocket
<<<          obj /usr/include/KF5/KIOCore/KSslErrorUiData
<<<          obj /usr/include/KF5/KIOCore/KSslCertificateManager
<<<          obj /usr/include/KF5/KIOCore/KSambaShareData
<<<          obj /usr/include/KF5/KIOCore/KSambaShare
<<<          obj /usr/include/KF5/KIOCore/KSSLSettings
<<<          obj /usr/include/KF5/KIOCore/KRemoteEncoding
<<<          obj /usr/include/KF5/KIOCore/KRecentDocument
<<<          obj /usr/include/KF5/KIOCore/KProtocolManager
<<<          obj /usr/include/KF5/KIOCore/KProtocolInfo
<<<          obj /usr/include/KF5/KIOCore/KPasswdServerClient
<<<          obj /usr/include/KF5/KIOCore/KNFSShare
<<<          obj /usr/include/KF5/KIOCore/KMountPoint
<<<          obj /usr/include/KF5/KIOCore/KIO/UDSEntry
<<<          obj /usr/include/KF5/KIOCore/KIO/TransferJob
<<<          obj /usr/include/KF5/KIOCore/KIO/TCPSlaveBase
<<<          obj /usr/include/KF5/KIOCore/KIO/StoredTransferJob
<<<          obj /usr/include/KF5/KIOCore/KIO/StatJob
<<<          obj /usr/include/KF5/KIOCore/KIO/SpecialJob
<<<          obj /usr/include/KF5/KIOCore/KIO/SlaveInterface
<<<          obj /usr/include/KF5/KIOCore/KIO/SlaveConfig
<<<          obj /usr/include/KF5/KIOCore/KIO/SlaveBase
<<<          obj /usr/include/KF5/KIOCore/KIO/Slave
<<<          obj /usr/include/KF5/KIOCore/KIO/SimpleJob
<<<          obj /usr/include/KF5/KIOCore/KIO/Scheduler
<<<          obj /usr/include/KF5/KIOCore/KIO/RestoreJob
<<<          obj /usr/include/KF5/KIOCore/KIO/MultiGetJob
<<<          obj /usr/include/KF5/KIOCore/KIO/MkpathJob
<<<          obj /usr/include/KF5/KIOCore/KIO/MkdirJob
<<<          obj /usr/include/KF5/KIOCore/KIO/MimetypeJob
<<<          obj /usr/include/KF5/KIOCore/KIO/MetaData
<<<          obj /usr/include/KF5/KIOCore/KIO/ListJob
<<<          obj /usr/include/KF5/KIOCore/KIO/JobUiDelegateFactory
<<<          obj /usr/include/KF5/KIOCore/KIO/JobUiDelegateExtension
<<<          obj /usr/include/KF5/KIOCore/KIO/JobTracker
<<<          obj /usr/include/KF5/KIOCore/KIO/Job
<<<          obj /usr/include/KF5/KIOCore/KIO/IdleSlave
<<<          obj /usr/include/KF5/KIOCore/KIO/HostInfo
<<<          obj /usr/include/KF5/KIOCore/KIO/Global
<<<          obj /usr/include/KF5/KIOCore/KIO/ForwardingSlaveBase
<<<          obj /usr/include/KF5/KIOCore/KIO/FileSystemFreeSpaceJob
<<<          obj /usr/include/KF5/KIOCore/KIO/FileJob
<<<          obj /usr/include/KF5/KIOCore/KIO/FileCopyJob
<<<          obj /usr/include/KF5/KIOCore/KIO/EmptyTrashJob
<<<          obj /usr/include/KF5/KIOCore/KIO/DirectorySizeJob
<<<          obj /usr/include/KF5/KIOCore/KIO/DesktopExecParser
<<<          obj /usr/include/KF5/KIOCore/KIO/DeleteJob
<<<          obj /usr/include/KF5/KIOCore/KIO/DavJob
<<<          obj /usr/include/KF5/KIOCore/KIO/CopyJob
<<<          obj /usr/include/KF5/KIOCore/KIO/ConnectionServer
<<<          obj /usr/include/KF5/KIOCore/KIO/ChmodJob
<<<          obj /usr/include/KF5/KIOCore/KIO/BatchRenameJob
<<<          obj /usr/include/KF5/KIOCore/KIO/AuthInfo
<<<          obj /usr/include/KF5/KIOCore/KFileItemListProperties
<<<          obj /usr/include/KF5/KIOCore/KFileItem
<<<          obj /usr/include/KF5/KIOCore/KDiskFreeSpaceInfo
<<<          obj /usr/include/KF5/KIOCore/KDirNotify
<<<          obj /usr/include/KF5/KIOCore/KCoreDirLister
<<<          obj /usr/include/KF5/KIOCore/KACL
<<<          obj /usr/bin/protocoltojson
<<<          obj /usr/bin/ktrash5
<<<          obj /usr/bin/ktelnetservice5
<<<          obj /usr/bin/kcookiejar5
<<<          obj /etc/xdg/kshorturifilterrc
<<<          obj /etc/xdg/accept-languages.codes
--- !empty   dir /usr/share/qlogging-categories5
--- !empty   dir /usr/share/man/man8
--- !empty   dir /usr/share/man
--- !empty   dir /usr/share/locale
--- !empty   dir /usr/share/kservicetypes5
<<<          dir /usr/share/kservices5/useragentstrings
<<<          dir /usr/share/kservices5/searchproviders
--- !empty   dir /usr/share/kservices5
--- !empty   dir /usr/share/knotifications5
<<<          dir /usr/share/kf5/kcookiejar
--- !empty   dir /usr/share/kf5
<<<          dir /usr/share/kconf_update
<<<          dir /usr/share/help/en/kioslave5/webdav
<<<          dir /usr/share/help/en/kioslave5/telnet
<<<          dir /usr/share/help/en/kioslave5/mailto
<<<          dir /usr/share/help/en/kioslave5/http
<<<          dir /usr/share/help/en/kioslave5/help/documentationnotfound
<<<          dir /usr/share/help/en/kioslave5/help
<<<          dir /usr/share/help/en/kioslave5/ftp
<<<          dir /usr/share/help/en/kioslave5/file
<<<          dir /usr/share/help/en/kioslave5/data
<<<          dir /usr/share/help/en/kioslave5
<<<          dir /usr/share/help/en/kcontrol5/webshortcuts
<<<          dir /usr/share/help/en/kcontrol5/useragent
<<<          dir /usr/share/help/en/kcontrol5/trash
<<<          dir /usr/share/help/en/kcontrol5/smb
<<<          dir /usr/share/help/en/kcontrol5/proxy
<<<          dir /usr/share/help/en/kcontrol5/netpref
<<<          dir /usr/share/help/en/kcontrol5/cookies
<<<          dir /usr/share/help/en/kcontrol5/cache
<<<          dir /usr/share/help/en/kcontrol5
--- !empty   dir /usr/share/help/en
--- !empty   dir /usr/share/help
--- !empty   dir /usr/share/dbus-1/services
--- !empty   dir /usr/share/dbus-1/interfaces
--- !empty   dir /usr/share/dbus-1
--- !empty   dir /usr/share/applications
--- !empty   dir /usr/share
<<<          dir /usr/lib64/qt5/plugins/kf5/urifilters
<<<          dir /usr/lib64/qt5/plugins/kf5/kiod
<<<          dir /usr/lib64/qt5/plugins/kf5/kio
<<<          dir /usr/lib64/qt5/plugins/kf5/kded
--- !empty   dir /usr/lib64/qt5/plugins/kf5
--- !empty   dir /usr/lib64/qt5/plugins
--- !empty   dir /usr/lib64/qt5/mkspecs/modules
--- !empty   dir /usr/lib64/qt5/mkspecs
--- !empty   dir /usr/lib64/qt5
--- !empty   dir /usr/lib64/libexec/kf5
--- !empty   dir /usr/lib64/libexec
<<<          dir /usr/lib64/cmake/KF5KIO
--- !empty   dir /usr/lib64/cmake
--- !empty   dir /usr/lib64
<<<          dir /usr/include/KF5/kio
<<<          dir /usr/include/KF5/KIOWidgets/kio
<<<          dir /usr/include/KF5/KIOWidgets/KIO
<<<          dir /usr/include/KF5/KIOWidgets
<<<          dir /usr/include/KF5/KIOGui/kio
<<<          dir /usr/include/KF5/KIOGui/KIO
<<<          dir /usr/include/KF5/KIOGui
<<<          dir /usr/include/KF5/KIOFileWidgets
<<<          dir /usr/include/KF5/KIOCore/kio
<<<          dir /usr/include/KF5/KIOCore/KIO
<<<          dir /usr/include/KF5/KIOCore
--- !empty   dir /usr/include/KF5
--- !empty   dir /usr/include
--- !empty   dir /usr/bin
--- !empty   dir /usr
--- !empty   dir /etc/xdg
--- !empty   dir /etc
 * Updating .desktop files database ...
 [ ok ]
>>> Regenerating /etc/ld.so.cache...
