No package files given... Grabbing a set.
<<<          obj /usr/share/qlogging-categories5/kcoreaddons.categories
<<<          obj /usr/share/mime/packages/kde5.xml
<<<          obj /usr/share/kf5/licenses/QPL_V1.0
<<<          obj /usr/share/kf5/licenses/LGPL_V3
<<<          obj /usr/share/kf5/licenses/LGPL_V21
<<<          obj /usr/share/kf5/licenses/LGPL_V2
<<<          obj /usr/share/kf5/licenses/GPL_V3
<<<          obj /usr/share/kf5/licenses/GPL_V2
<<<          obj /usr/share/kf5/licenses/BSD
<<<          obj /usr/share/kf5/licenses/ARTISTIC
<<<          obj /usr/lib64/qt5/mkspecs/modules/qt_KCoreAddons.pri
<<<          obj /usr/lib64/libKF5CoreAddons.so.5.70.0
<<<          sym /usr/lib64/libKF5CoreAddons.so.5
<<<          sym /usr/lib64/libKF5CoreAddons.so
<<<          obj /usr/lib64/cmake/KF5CoreAddons/KF5CoreAddonsToolingTargets.cmake
<<<          obj /usr/lib64/cmake/KF5CoreAddons/KF5CoreAddonsToolingTargets-gentoo.cmake
<<<          obj /usr/lib64/cmake/KF5CoreAddons/KF5CoreAddonsTargets.cmake
<<<          obj /usr/lib64/cmake/KF5CoreAddons/KF5CoreAddonsTargets-gentoo.cmake
<<<          obj /usr/lib64/cmake/KF5CoreAddons/KF5CoreAddonsMacros.cmake
<<<          obj /usr/lib64/cmake/KF5CoreAddons/KF5CoreAddonsConfigVersion.cmake
<<<          obj /usr/lib64/cmake/KF5CoreAddons/KF5CoreAddonsConfig.cmake
<<<          obj /usr/include/KF5/kcoreaddons_version.h
<<<          obj /usr/include/KF5/KCoreAddons/kuser.h
<<<          obj /usr/include/KF5/KCoreAddons/kurlmimedata.h
<<<          obj /usr/include/KF5/KCoreAddons/ktexttohtmlemoticonsinterface.h
<<<          obj /usr/include/KF5/KCoreAddons/ktexttohtml.h
<<<          obj /usr/include/KF5/KCoreAddons/kstringhandler.h
<<<          obj /usr/include/KF5/KCoreAddons/kshell.h
<<<          obj /usr/include/KF5/KCoreAddons/kshareddatacache.h
<<<          obj /usr/include/KF5/KCoreAddons/krandomsequence.h
<<<          obj /usr/include/KF5/KCoreAddons/krandom.h
<<<          obj /usr/include/KF5/KCoreAddons/kprocesslist.h
<<<          obj /usr/include/KF5/KCoreAddons/kprocess.h
<<<          obj /usr/include/KF5/KCoreAddons/kpluginmetadata.h
<<<          obj /usr/include/KF5/KCoreAddons/kpluginloader.h
<<<          obj /usr/include/KF5/KCoreAddons/kpluginfactory.h
<<<          obj /usr/include/KF5/KCoreAddons/kosrelease.h
<<<          obj /usr/include/KF5/KCoreAddons/kmessage.h
<<<          obj /usr/include/KF5/KCoreAddons/kmacroexpander.h
<<<          obj /usr/include/KF5/KCoreAddons/klistopenfilesjob.h
<<<          obj /usr/include/KF5/KCoreAddons/kjobuidelegate.h
<<<          obj /usr/include/KF5/KCoreAddons/kjobtrackerinterface.h
<<<          obj /usr/include/KF5/KCoreAddons/kjob.h
<<<          obj /usr/include/KF5/KCoreAddons/kformat.h
<<<          obj /usr/include/KF5/KCoreAddons/kfileutils.h
<<<          obj /usr/include/KF5/KCoreAddons/kfilesystemtype.h
<<<          obj /usr/include/KF5/KCoreAddons/kexportplugin.h
<<<          obj /usr/include/KF5/KCoreAddons/kdirwatch.h
<<<          obj /usr/include/KF5/KCoreAddons/kdelibs4migration.h
<<<          obj /usr/include/KF5/KCoreAddons/kdelibs4configmigrator.h
<<<          obj /usr/include/KF5/KCoreAddons/kcoreaddons_export.h
<<<          obj /usr/include/KF5/KCoreAddons/kcoreaddons.h
<<<          obj /usr/include/KF5/KCoreAddons/kcompositejob.h
<<<          obj /usr/include/KF5/KCoreAddons/kbackup.h
<<<          obj /usr/include/KF5/KCoreAddons/kautosavefile.h
<<<          obj /usr/include/KF5/KCoreAddons/kaboutdata.h
<<<          obj /usr/include/KF5/KCoreAddons/Kdelibs4Migration
<<<          obj /usr/include/KF5/KCoreAddons/Kdelibs4ConfigMigrator
<<<          obj /usr/include/KF5/KCoreAddons/KUser
<<<          obj /usr/include/KF5/KCoreAddons/KUrlMimeData
<<<          obj /usr/include/KF5/KCoreAddons/KTextToHTMLEmoticonsInterface
<<<          obj /usr/include/KF5/KCoreAddons/KTextToHTML
<<<          obj /usr/include/KF5/KCoreAddons/KStringHandler
<<<          obj /usr/include/KF5/KCoreAddons/KShell
<<<          obj /usr/include/KF5/KCoreAddons/KSharedDataCache
<<<          obj /usr/include/KF5/KCoreAddons/KRandomSequence
<<<          obj /usr/include/KF5/KCoreAddons/KRandom
<<<          obj /usr/include/KF5/KCoreAddons/KProcessList
<<<          obj /usr/include/KF5/KCoreAddons/KProcess
<<<          obj /usr/include/KF5/KCoreAddons/KPluginMetaData
<<<          obj /usr/include/KF5/KCoreAddons/KPluginLoader
<<<          obj /usr/include/KF5/KCoreAddons/KPluginFactory
<<<          obj /usr/include/KF5/KCoreAddons/KOSRelease
<<<          obj /usr/include/KF5/KCoreAddons/KMessage
<<<          obj /usr/include/KF5/KCoreAddons/KMacroExpander
<<<          obj /usr/include/KF5/KCoreAddons/KListOpenFilesJob
<<<          obj /usr/include/KF5/KCoreAddons/KJobUiDelegate
<<<          obj /usr/include/KF5/KCoreAddons/KJobTrackerInterface
<<<          obj /usr/include/KF5/KCoreAddons/KJob
<<<          obj /usr/include/KF5/KCoreAddons/KFormat
<<<          obj /usr/include/KF5/KCoreAddons/KFileUtils
<<<          obj /usr/include/KF5/KCoreAddons/KFileSystemType
<<<          obj /usr/include/KF5/KCoreAddons/KExportPlugin
<<<          obj /usr/include/KF5/KCoreAddons/KDirWatch
<<<          obj /usr/include/KF5/KCoreAddons/KCoreAddons
<<<          obj /usr/include/KF5/KCoreAddons/KCompositeJob
<<<          obj /usr/include/KF5/KCoreAddons/KBackup
<<<          obj /usr/include/KF5/KCoreAddons/KAutoSaveFile
<<<          obj /usr/include/KF5/KCoreAddons/KAboutData
<<<          obj /usr/bin/desktoptojson
<<<          dir /usr/share/qlogging-categories5
--- !empty   dir /usr/share/mime/packages
--- !empty   dir /usr/share/mime
<<<          dir /usr/share/kf5/licenses
<<<          dir /usr/share/kf5
--- !empty   dir /usr/share
--- !empty   dir /usr/lib64/qt5/mkspecs/modules
--- !empty   dir /usr/lib64/qt5/mkspecs
--- !empty   dir /usr/lib64/qt5
<<<          dir /usr/lib64/cmake/KF5CoreAddons
--- !empty   dir /usr/lib64/cmake
--- !empty   dir /usr/lib64
<<<          dir /usr/include/KF5/KCoreAddons
<<<          dir /usr/include/KF5
--- !empty   dir /usr/include
--- !empty   dir /usr/bin
--- !empty   dir /usr
>>> Regenerating /etc/ld.so.cache...
