 * Package:    kde-frameworks/kf-env-5
 * Repository: gentoo
 * Maintainer: kde@gentoo.org
 * USE:        abi_x86_64 amd64 elibc_glibc kernel_linux userland_GNU
 * FEATURES:   ccache network-sandbox preserve-libs sandbox userpriv usersandbox
 * /etc/portage/package.cflags/ltoworkarounds.conf -> */*: *FLAGS+=-Wl,-O4 *FLAGS-=-Wl,-O1
 * FEATURES='assume-digests binpkg-docompress binpkg-dostrip binpkg-logs binpkg-multi-instance buildpkg ccache cgroup compress-index config-protect-if-modified distlocks fixlafiles ipc-sandbox merge-sync multilib-strict network-sandbox news nodoc parallel-fetch parallel-install pid-sandbox preserve-libs qa-unresolved-soname-deps sandbox sfperms strict unknown-features-warn unmerge-logs unmerge-orphans userfetch userpriv usersandbox usersync xattr'
 * CFLAGS='-march=znver2 -pipe -g0 -O3 -fgraphite-identity -floop-nest-optimize -fdevirtualize-at-ltrans -fipa-pta -fno-semantic-interposition -flto=12 -fno-plt -fno-signed-zeros -fno-trapping-math -fassociative-math -freciprocal-math -fno-math-errno -ffinite-math-only -fno-rounding-math -fno-signaling-nans -fcx-limited-range -fexcess-precision=fast -falign-functions=32 -fno-stack-protector -fno-stack-clash-protection -fstack-check=no -fno-stack-check -fuse-linker-plugin -Wl,-O4 -Wl,--as-needed -Wl,-lpthread -Wl,-lgomp -Wl,-z,norelro -Wl,-z,now -Wl,--sort-common -s'
 * CXXFLAGS='-march=znver2 -pipe -g0 -O3 -fgraphite-identity -floop-nest-optimize -fdevirtualize-at-ltrans -fipa-pta -fno-semantic-interposition -flto=12 -fno-plt -fno-signed-zeros -fno-trapping-math -fassociative-math -freciprocal-math -fno-math-errno -ffinite-math-only -fno-rounding-math -fno-signaling-nans -fcx-limited-range -fexcess-precision=fast -falign-functions=32 -fno-stack-protector -fno-stack-clash-protection -fstack-check=no -fno-stack-check -fuse-linker-plugin -Wl,-O4 -Wl,--as-needed -Wl,-lpthread -Wl,-lgomp -Wl,-z,norelro -Wl,-z,now -Wl,--sort-common -s'
 * FFLAGS='-march=znver2 -pipe -g0 -O3 -fgraphite-identity -floop-nest-optimize -fdevirtualize-at-ltrans -fipa-pta -fno-semantic-interposition -flto=12 -fno-plt -fno-signed-zeros -fno-trapping-math -fassociative-math -freciprocal-math -fno-math-errno -ffinite-math-only -fno-rounding-math -fno-signaling-nans -fcx-limited-range -fexcess-precision=fast -falign-functions=32 -fno-stack-protector -fno-stack-clash-protection -fstack-check=no -fno-stack-check -fuse-linker-plugin -Wl,-O4 -Wl,--as-needed -Wl,-lpthread -Wl,-lgomp -Wl,-z,norelro -Wl,-z,now -Wl,--sort-common -s'
 * FCFLAGS='-march=znver2 -pipe -g0 -O3 -fgraphite-identity -floop-nest-optimize -fdevirtualize-at-ltrans -fipa-pta -fno-semantic-interposition -flto=12 -fno-plt -fno-signed-zeros -fno-trapping-math -fassociative-math -freciprocal-math -fno-math-errno -ffinite-math-only -fno-rounding-math -fno-signaling-nans -fcx-limited-range -fexcess-precision=fast -falign-functions=32 -fno-stack-protector -fno-stack-clash-protection -fstack-check=no -fno-stack-check -fuse-linker-plugin -Wl,-O4 -Wl,--as-needed -Wl,-lpthread -Wl,-lgomp -Wl,-z,norelro -Wl,-z,now -Wl,--sort-common -s'
 * F77FLAGS='-march=znver2 -pipe -g0 -O3 -fgraphite-identity -floop-nest-optimize -fdevirtualize-at-ltrans -fipa-pta -fno-semantic-interposition -flto=12 -fno-plt -fno-signed-zeros -fno-trapping-math -fassociative-math -freciprocal-math -fno-math-errno -ffinite-math-only -fno-rounding-math -fno-signaling-nans -fcx-limited-range -fexcess-precision=fast -falign-functions=32 -fno-stack-protector -fno-stack-clash-protection -fstack-check=no -fno-stack-check -fuse-linker-plugin -Wl,-O4 -Wl,--as-needed -Wl,-lpthread -Wl,-lgomp -Wl,-z,norelro -Wl,-z,now -Wl,--sort-common -s'
 * LDFLAGS='-march=znver2 -pipe -g0 -O3 -fgraphite-identity -floop-nest-optimize -fdevirtualize-at-ltrans -fipa-pta -fno-semantic-interposition -flto=12 -fno-plt -fno-signed-zeros -fno-trapping-math -fassociative-math -freciprocal-math -fno-math-errno -ffinite-math-only -fno-rounding-math -fno-signaling-nans -fcx-limited-range -fexcess-precision=fast -falign-functions=32 -fno-stack-protector -fno-stack-clash-protection -fstack-check=no -fno-stack-check -fuse-linker-plugin -Wl,-O4 -Wl,--as-needed -Wl,-lpthread -Wl,-lgomp -Wl,-z,norelro -Wl,-z,now -Wl,--sort-common -s'
 * MAKEOPTS='-j12 -l12'
 * gcc () 11.0.0 20200531 (experimental)
 * g++ () 11.0.0 20200531 (experimental)
 * GNU ld (Gentoo 2.34 p4) 2.34.0
 * Linux ryzen.gnum.org 5.4.36 #1 SMP Thu Apr 30 04:38:28 UTC 2020 x86_64 AMD Ryzen 5 3600 6-Core Processor AuthenticAMD GNU/Linux
kde-frameworks/kf-env: 9 seconds average for 10 merges
2020-05-16T15:29:44 >>> kde-frameworks/kf-env: 5 seconds
2020-05-16T20:51:49 >>> kde-frameworks/kf-env: 7 seconds
2020-05-20T01:29:02 >>> kde-frameworks/kf-env: 5 seconds
2020-05-23T11:44:12 >>> kde-frameworks/kf-env: 9 seconds
2020-05-24T23:50:57 >>> kde-frameworks/kf-env: 10 seconds
2020-05-25T18:44:53 >>> kde-frameworks/kf-env: 9 seconds
2020-05-25T20:17:31 >>> kde-frameworks/kf-env: 9 seconds
2020-05-27T02:21:05 >>> kde-frameworks/kf-env: 6 seconds
2020-05-27T03:30:37 >>> kde-frameworks/kf-env: 9 seconds
2020-05-30T12:54:12 >>> kde-frameworks/kf-env: 21 seconds
]0;emerge 02:06:54 199|1172 kf-env 00:12 (root@ryzen.gnum.org)kemerge 02:06:54 199|1172 kf-env 00:12 (root@ryzen.gnum.org)\>>> Unpacking source...
>>> Source unpacked in /tmp/portage/kde-frameworks/kf-env-5/work
>>> Preparing source in /tmp/portage/kde-frameworks/kf-env-5/work ...
>>> Source prepared.
>>> Configuring source in /tmp/portage/kde-frameworks/kf-env-5/work ...
>>> Source configured.
>>> Compiling source in /tmp/portage/kde-frameworks/kf-env-5/work ...
>>> Source compiled.
>>> Test phase [not enabled]: kde-frameworks/kf-env-5

>>> Install kde-frameworks/kf-env-5 into /tmp/portage/kde-frameworks/kf-env-5/image
 * Installing environment file...
>>> Completed installing kde-frameworks/kf-env-5 into /tmp/portage/kde-frameworks/kf-env-5/image

 * Final size of build directory:  4 KiB
 * Final size of installed tree:  16 KiB

./
./etc/
./etc/env.d/
./etc/env.d/78kf
>>> Done.
 * checking 1 files for package collisions
>>> Merging kde-frameworks/kf-env-5 to /
 * removing unneeded *.la files
--- /etc/
--- /etc/env.d/
>>> /etc/env.d/78kf
>>> Safely unmerging already-installed instance...
>>> Original instance of package unmerged safely.
>>> kde-frameworks/kf-env-5 merged.
