No package files given... Grabbing a set.
<<<          obj /usr/share/qlogging-categories5/kcodecs.categories
<<<          obj /usr/lib64/qt5/mkspecs/modules/qt_KCodecs.pri
<<<          obj /usr/lib64/libKF5Codecs.so.5.70.0
<<<          sym /usr/lib64/libKF5Codecs.so.5
<<<          sym /usr/lib64/libKF5Codecs.so
<<<          obj /usr/lib64/cmake/KF5Codecs/KF5CodecsTargets.cmake
<<<          obj /usr/lib64/cmake/KF5Codecs/KF5CodecsTargets-gentoo.cmake
<<<          obj /usr/lib64/cmake/KF5Codecs/KF5CodecsConfigVersion.cmake
<<<          obj /usr/lib64/cmake/KF5Codecs/KF5CodecsConfig.cmake
<<<          obj /usr/include/KF5/kcodecs_version.h
<<<          obj /usr/include/KF5/KCodecs/kencodingprober.h
<<<          obj /usr/include/KF5/KCodecs/kemailaddress.h
<<<          obj /usr/include/KF5/KCodecs/kcodecs_export.h
<<<          obj /usr/include/KF5/KCodecs/kcodecs.h
<<<          obj /usr/include/KF5/KCodecs/kcharsets.h
<<<          obj /usr/include/KF5/KCodecs/KEncodingProber
<<<          obj /usr/include/KF5/KCodecs/KEmailAddress
<<<          obj /usr/include/KF5/KCodecs/KCodecs
<<<          obj /usr/include/KF5/KCodecs/KCharsets
--- !empty   dir /usr/share/qlogging-categories5
--- !empty   dir /usr/share
--- !empty   dir /usr/lib64/qt5/mkspecs/modules
--- !empty   dir /usr/lib64/qt5/mkspecs
--- !empty   dir /usr/lib64/qt5
<<<          dir /usr/lib64/cmake/KF5Codecs
--- !empty   dir /usr/lib64/cmake
--- !empty   dir /usr/lib64
<<<          dir /usr/include/KF5/KCodecs
--- !empty   dir /usr/include/KF5
--- !empty   dir /usr/include
--- !empty   dir /usr
>>> Regenerating /etc/ld.so.cache...
