>>> Extracting info
 * Package:    kde-apps/dolphin-20.04.1
 * Repository: gentoo
 * USE:        userland_GNU kernel_linux elibc_glibc amd64 abi_x86_64 handbook
 * FEATURES:   ccache network-sandbox preserve-libs sandbox userpriv usersandbox
 * /etc/portage/package.cflags/ltoworkarounds.conf -> kde-apps/dolphin: *FLAGS-="-Wl,--as-needed" # ( https://github.com/InBetweenNames/gentooLTO/issues/50 )
 * FEATURES='sfperms userpriv news qa-unresolved-soname-deps unmerge-logs usersync binpkg-multi-instance parallel-install fixlafiles unmerge-orphans xattr multilib-strict binpkg-docompress merge-sync binpkg-logs distlocks usersandbox strict downgrade-backup binpkg-dostrip sandbox preserve-libs unmerge-backup compress-index config-protect-if-modified buildpkg network-sandbox nodoc parallel-fetch ipc-sandbox unknown-features-warn assume-digests ccache userfetch pid-sandbox'
 * CFLAGS='-march=native -O3 -fgraphite-identity -floop-nest-optimize -fdevirtualize-at-ltrans -fipa-pta -fno-semantic-interposition -flto=12 -fno-signed-zeros -fno-trapping-math -fassociative-math -freciprocal-math -fno-math-errno -ffinite-math-only -fno-rounding-math -fno-signaling-nans -fcx-limited-range -fexcess-precision=fast -fno-plt -fno-common -fuse-linker-plugin -pipe -g0 -fno-stack-protector -fno-stack-clash-protection -fstack-check=no -fno-stack-check -Wl,-O4,--hash-style=gnu,--sort-common,--as-needed,-z,relro,-z,now,-lgomp,-lpthread'
 * CXXFLAGS='-march=native -O3 -fgraphite-identity -floop-nest-optimize -fdevirtualize-at-ltrans -fipa-pta -fno-semantic-interposition -flto=12 -fno-signed-zeros -fno-trapping-math -fassociative-math -freciprocal-math -fno-math-errno -ffinite-math-only -fno-rounding-math -fno-signaling-nans -fcx-limited-range -fexcess-precision=fast -fno-plt -fno-common -fuse-linker-plugin -pipe -g0 -fno-stack-protector -fno-stack-clash-protection -fstack-check=no -fno-stack-check -Wl,-O4,--hash-style=gnu,--sort-common,--as-needed,-z,relro,-z,now,-lgomp,-lpthread'
 * CPPFLAGS='-DQT_NO_DEBUG'
 * FFLAGS='-march=native -O3 -fgraphite-identity -floop-nest-optimize -fdevirtualize-at-ltrans -fipa-pta -fno-semantic-interposition -flto=12 -fno-signed-zeros -fno-trapping-math -fassociative-math -freciprocal-math -fno-math-errno -ffinite-math-only -fno-rounding-math -fno-signaling-nans -fcx-limited-range -fexcess-precision=fast -fno-plt -fno-common -fuse-linker-plugin -pipe -g0 -fno-stack-protector -fno-stack-clash-protection -fstack-check=no -fno-stack-check -Wl,-O4,--hash-style=gnu,--sort-common,--as-needed,-z,relro,-z,now,-lgomp,-lpthread'
 * FCFLAGS='-march=native -O3 -fgraphite-identity -floop-nest-optimize -fdevirtualize-at-ltrans -fipa-pta -fno-semantic-interposition -flto=12 -fno-signed-zeros -fno-trapping-math -fassociative-math -freciprocal-math -fno-math-errno -ffinite-math-only -fno-rounding-math -fno-signaling-nans -fcx-limited-range -fexcess-precision=fast -fno-plt -fno-common -fuse-linker-plugin -pipe -g0 -fno-stack-protector -fno-stack-clash-protection -fstack-check=no -fno-stack-check -Wl,-O4,--hash-style=gnu,--sort-common,--as-needed,-z,relro,-z,now,-lgomp,-lpthread'
 * F77FLAGS='-march=native -O3 -fgraphite-identity -floop-nest-optimize -fdevirtualize-at-ltrans -fipa-pta -fno-semantic-interposition -flto=12 -fno-signed-zeros -fno-trapping-math -fassociative-math -freciprocal-math -fno-math-errno -ffinite-math-only -fno-rounding-math -fno-signaling-nans -fcx-limited-range -fexcess-precision=fast -fno-plt -fno-common -fuse-linker-plugin -pipe -g0 -fno-stack-protector -fno-stack-clash-protection -fstack-check=no -fno-stack-check -Wl,-O4,--hash-style=gnu,--sort-common,--as-needed,-z,relro,-z,now,-lgomp,-lpthread'
 * LDFLAGS='-Wl,-O4,--hash-style=gnu,--sort-common,--as-needed,-z,relro,-z,now,-lgomp,-lpthread -march=native -O3 -fgraphite-identity -floop-nest-optimize -fdevirtualize-at-ltrans -fipa-pta -fno-semantic-interposition -flto=12 -fno-signed-zeros -fno-trapping-math -fassociative-math -freciprocal-math -fno-math-errno -ffinite-math-only -fno-rounding-math -fno-signaling-nans -fcx-limited-range -fexcess-precision=fast -fno-plt -fno-common -fuse-linker-plugin -pipe -g0 -fno-stack-protector -fno-stack-clash-protection -fstack-check=no -fno-stack-check'
 * MAKEOPTS='-j12'
 * gcc () 11.0.0 20200526 (experimental)
 * g++ () 11.0.0 20200526 (experimental)
 * GNU ld (Gentoo 2.34 p4) 2.34.0
 * Linux ryzen.gnum.org 5.4.36 #1 SMP Thu Apr 30 04:38:28 UTC 2020 x86_64 AMD Ryzen 5 3600 6-Core Processor AuthenticAMD GNU/Linux
kde-apps/dolphin: 41 seconds average for 3 merges
2020-05-20T09:38:07 >>> kde-apps/dolphin: 1 minute, 3 seconds
2020-05-20T13:25:50 >>> kde-apps/dolphin: 7 seconds
2020-05-28T06:21:54 >>> kde-apps/dolphin: 53 seconds
]0;emerge 06:26:13 82|82 dolphin 00:41 (root@ryzen.gnum.org)kemerge 06:26:13 82|82 dolphin 00:41 (root@ryzen.gnum.org)\>>> Extracting kde-apps/dolphin-20.04.1
 * checking 62 files for package collisions
[32;01m * [39;49;00mBuilding package for kde-apps/dolphin-20.04.1 ...                     [34;01m[ [39;49;00m[32;01mok[39;49;00m[34;01m ][39;49;00m
[33;01m * [39;49;00mExcluded config: '/etc/xdg/servicemenu.knsrc'
[32;01m * [39;49;00mPackages now in '/usr/portage/packages':
[32;01m * [39;49;00mkde-apps/dolphin-20.04.1: 1.2M
[33;01m * [39;49;00mExcluded config files: 1
[33;01m * [39;49;00mSee --help if you would like to include config files.


>>> Merging kde-apps/dolphin-20.04.1 to /
 * removing unneeded *.la files
--- /etc/
--- /etc/xdg/
>>> /etc/xdg/servicemenu.knsrc
--- /usr/
--- /usr/lib64/
>>> /usr/lib64/libdolphinprivate.so.5 -> libdolphinprivate.so.5.0.0
>>> /usr/lib64/libdolphinprivate.so.5.0.0
>>> /usr/lib64/libdolphinvcs.so.5.0.0
>>> /usr/lib64/libdolphinvcs.so -> libdolphinvcs.so.5
--- /usr/lib64/cmake/
--- /usr/lib64/cmake/DolphinVcs/
>>> /usr/lib64/cmake/DolphinVcs/DolphinVcsTargets-gentoo.cmake
>>> /usr/lib64/cmake/DolphinVcs/DolphinVcsTargets.cmake
>>> /usr/lib64/cmake/DolphinVcs/DolphinVcsConfigVersion.cmake
>>> /usr/lib64/cmake/DolphinVcs/DolphinVcsConfig.cmake
>>> /usr/lib64/libdolphinvcs.so.5 -> libdolphinvcs.so.5.0.0
>>> /usr/lib64/libkdeinit5_dolphin.so
--- /usr/lib64/qt5/
--- /usr/lib64/qt5/plugins/
>>> /usr/lib64/qt5/plugins/kcm_dolphingeneral.so
>>> /usr/lib64/qt5/plugins/dolphinpart.so
>>> /usr/lib64/qt5/plugins/kcm_dolphinservices.so
>>> /usr/lib64/qt5/plugins/kcm_dolphinviewmodes.so
>>> /usr/lib64/qt5/plugins/kcm_dolphinnavigation.so
--- /usr/share/
--- /usr/share/config.kcfg/
>>> /usr/share/config.kcfg/dolphin_versioncontrolsettings.kcfg
>>> /usr/share/config.kcfg/dolphin_detailsmodesettings.kcfg
>>> /usr/share/config.kcfg/dolphin_generalsettings.kcfg
>>> /usr/share/config.kcfg/dolphin_directoryviewpropertysettings.kcfg
>>> /usr/share/config.kcfg/dolphin_compactmodesettings.kcfg
>>> /usr/share/config.kcfg/dolphin_iconsmodesettings.kcfg
--- /usr/share/kservicetypes5/
>>> /usr/share/kservicetypes5/fileviewversioncontrolplugin.desktop
--- /usr/share/kservices5/
>>> /usr/share/kservices5/kcmdolphinnavigation.desktop
>>> /usr/share/kservices5/dolphinpart.desktop
>>> /usr/share/kservices5/kcmdolphingeneral.desktop
>>> /usr/share/kservices5/kcmdolphinservices.desktop
>>> /usr/share/kservices5/kcmdolphinviewmodes.desktop
--- /usr/share/qlogging-categories5/
>>> /usr/share/qlogging-categories5/dolphin.categories
--- /usr/share/kglobalaccel/
>>> /usr/share/kglobalaccel/org.kde.dolphin.desktop -> /usr/share/applications/org.kde.dolphin.desktop
--- /usr/share/applications/
>>> /usr/share/applications/org.kde.dolphin.desktop
--- /usr/share/metainfo/
>>> /usr/share/metainfo/org.kde.dolphin.appdata.xml
--- /usr/share/dbus-1/
--- /usr/share/dbus-1/services/
>>> /usr/share/dbus-1/services/org.kde.dolphin.FileManager1.service
--- /usr/share/dbus-1/interfaces/
>>> /usr/share/dbus-1/interfaces/org.freedesktop.FileManager1.xml
--- /usr/share/help/
--- /usr/share/help/en/
--- /usr/share/help/en/dolphin/
>>> /usr/share/help/en/dolphin/default-ui.png
>>> /usr/share/help/en/dolphin/preferences-trash.png
>>> /usr/share/help/en/dolphin/preferences-general-behavior.png
>>> /usr/share/help/en/dolphin/preferences-startup.png
>>> /usr/share/help/en/dolphin/nepomuk-search.png
>>> /usr/share/help/en/dolphin/toolbar.png
>>> /usr/share/help/en/dolphin/viewproperties-dialog.png
>>> /usr/share/help/en/dolphin/preferences-services.png
>>> /usr/share/help/en/dolphin/locationbar-breadcrumb.png
>>> /usr/share/help/en/dolphin/toolbar-navigation.png
>>> /usr/share/help/en/dolphin/preferences-navigation.png
>>> /usr/share/help/en/dolphin/index.docbook
>>> /usr/share/help/en/dolphin/locationbar-context-menu.png
>>> /usr/share/help/en/dolphin/nepomuk-search-more-options.png
>>> /usr/share/help/en/dolphin/locationbar-editable.png
>>> /usr/share/help/en/dolphin/grouping-view.png
>>> /usr/share/help/en/dolphin/toolbar-view-appearance.png
>>> /usr/share/help/en/dolphin/preferences-viewmodes-icons.png
>>> /usr/share/help/en/dolphin/locationbar-kioslaves-menu.png
>>> /usr/share/help/en/dolphin/locationbar-places-icon.png
>>> /usr/share/help/en/dolphin/index.cache.bz2
--- /usr/include/
>>> /usr/include/dolphin_export.h
--- /usr/include/Dolphin/
>>> /usr/include/Dolphin/kversioncontrolplugin.h
>>> /usr/include/Dolphin/KVersionControlPlugin
>>> /usr/include/Dolphin/dolphinvcs_version.h
>>> /usr/include/dolphinvcs_export.h
--- /usr/bin/
>>> /usr/bin/dolphin
>>> /usr/bin/servicemenuinstaller
>>> Safely unmerging already-installed instance...
>>> Original instance of package unmerged safely.
 * Updating .desktop files database ...
 [ ok ]
>>> kde-apps/dolphin-20.04.1 merged.
>>> Regenerating /etc/ld.so.cache...
