No package files given... Grabbing a set.
<<<          obj /usr/share/qlogging-categories5/kactivities-stats.categories
<<<          obj /usr/lib64/qt5/mkspecs/modules/qt_KActivitiesStats.pri
<<<          obj /usr/lib64/pkgconfig/libKActivitiesStats.pc
<<<          obj /usr/lib64/libKF5ActivitiesStats.so.5.70.0
<<<          sym /usr/lib64/libKF5ActivitiesStats.so.1
<<<          sym /usr/lib64/libKF5ActivitiesStats.so
<<<          obj /usr/lib64/cmake/KF5ActivitiesStats/KF5ActivitiesStatsLibraryTargets.cmake
<<<          obj /usr/lib64/cmake/KF5ActivitiesStats/KF5ActivitiesStatsLibraryTargets-gentoo.cmake
<<<          obj /usr/lib64/cmake/KF5ActivitiesStats/KF5ActivitiesStatsConfigVersion.cmake
<<<          obj /usr/lib64/cmake/KF5ActivitiesStats/KF5ActivitiesStatsConfig.cmake
<<<          obj /usr/include/KF5/kactivitiesstats_version.h
<<<          obj /usr/include/KF5/KActivitiesStats/kactivitiesstats/terms.h
<<<          obj /usr/include/KF5/KActivitiesStats/kactivitiesstats/resultwatcher.h
<<<          obj /usr/include/KF5/KActivitiesStats/kactivitiesstats/resultset.h
<<<          obj /usr/include/KF5/KActivitiesStats/kactivitiesstats/resultmodel.h
<<<          obj /usr/include/KF5/KActivitiesStats/kactivitiesstats/query.h
<<<          obj /usr/include/KF5/KActivitiesStats/kactivitiesstats/kactivitiesstats_export.h
<<<          obj /usr/include/KF5/KActivitiesStats/kactivitiesstats/cleaning.h
<<<          obj /usr/include/KF5/KActivitiesStats/KActivities/Stats/Terms
<<<          obj /usr/include/KF5/KActivitiesStats/KActivities/Stats/ResultWatcher
<<<          obj /usr/include/KF5/KActivitiesStats/KActivities/Stats/ResultSet
<<<          obj /usr/include/KF5/KActivitiesStats/KActivities/Stats/ResultModel
<<<          obj /usr/include/KF5/KActivitiesStats/KActivities/Stats/Query
<<<          obj /usr/include/KF5/KActivitiesStats/KActivities/Stats/Cleaning
--- !empty   dir /usr/share/qlogging-categories5
--- !empty   dir /usr/share
--- !empty   dir /usr/lib64/qt5/mkspecs/modules
--- !empty   dir /usr/lib64/qt5/mkspecs
--- !empty   dir /usr/lib64/qt5
--- !empty   dir /usr/lib64/pkgconfig
<<<          dir /usr/lib64/cmake/KF5ActivitiesStats
--- !empty   dir /usr/lib64/cmake
--- !empty   dir /usr/lib64
<<<          dir /usr/include/KF5/KActivitiesStats/kactivitiesstats
<<<          dir /usr/include/KF5/KActivitiesStats/KActivities/Stats
<<<          dir /usr/include/KF5/KActivitiesStats/KActivities
<<<          dir /usr/include/KF5/KActivitiesStats
--- !empty   dir /usr/include/KF5
--- !empty   dir /usr/include
--- !empty   dir /usr
>>> Regenerating /etc/ld.so.cache...
