>>> Extracting info
 * Package:    kde-frameworks/kio-5.70.1-r1
 * Repository: gentoo
 * USE:        abi_x86_64 acl userland_GNU elibc_glibc handbook kwallet X amd64 kernel_linux
 * FEATURES:   ccache network-sandbox preserve-libs sandbox userpriv usersandbox
 * FEATURES='fixlafiles sfperms config-protect-if-modified nodoc parallel-fetch usersync news pid-sandbox unmerge-backup multilib-strict userpriv xattr assume-digests usersandbox downgrade-backup sandbox parallel-install buildpkg unmerge-orphans compress-index binpkg-dostrip distlocks qa-unresolved-soname-deps ipc-sandbox binpkg-multi-instance preserve-libs network-sandbox binpkg-docompress unmerge-logs ccache merge-sync strict unknown-features-warn userfetch binpkg-logs'
 * CFLAGS='-march=native -O3 -fgraphite-identity -floop-nest-optimize -fdevirtualize-at-ltrans -fipa-pta -fno-semantic-interposition -flto=12 -fno-plt -fno-math-errno -fno-trapping-math -fuse-linker-plugin -pipe -g0 -Wl,-O1 -Wl,--as-needed -Wl,--hash-style=gnu,-z,norelro,--as-needed'
 * CXXFLAGS='-march=native -O3 -fgraphite-identity -floop-nest-optimize -fdevirtualize-at-ltrans -fipa-pta -fno-semantic-interposition -flto=12 -fno-plt -fno-math-errno -fno-trapping-math -fuse-linker-plugin -pipe -g0 -Wl,-O1 -Wl,--as-needed -Wl,--hash-style=gnu,-z,norelro,--as-needed'
 * CPPFLAGS='-DQT_NO_DEBUG'
 * FFLAGS='-march=native -O3 -fgraphite-identity -floop-nest-optimize -fdevirtualize-at-ltrans -fipa-pta -fno-semantic-interposition -flto=12 -fno-plt -fno-math-errno -fno-trapping-math -fuse-linker-plugin -pipe -g0 -Wl,-O1 -Wl,--as-needed -Wl,--hash-style=gnu,-z,norelro,--as-needed'
 * FCFLAGS='-march=native -O3 -fgraphite-identity -floop-nest-optimize -fdevirtualize-at-ltrans -fipa-pta -fno-semantic-interposition -flto=12 -fno-plt -fno-math-errno -fno-trapping-math -fuse-linker-plugin -pipe -g0 -Wl,-O1 -Wl,--as-needed -Wl,--hash-style=gnu,-z,norelro,--as-needed'
 * F77FLAGS='-march=native -O3 -fgraphite-identity -floop-nest-optimize -fdevirtualize-at-ltrans -fipa-pta -fno-semantic-interposition -flto=12 -fno-plt -fno-math-errno -fno-trapping-math -fuse-linker-plugin -pipe -g0 -Wl,-O1 -Wl,--as-needed -Wl,--hash-style=gnu,-z,norelro,--as-needed'
 * LDFLAGS='-Wl,-O1 -Wl,--as-needed -Wl,--hash-style=gnu,-z,norelro,--as-needed -march=native -O3 -fgraphite-identity -floop-nest-optimize -fdevirtualize-at-ltrans -fipa-pta -fno-semantic-interposition -flto=12 -fno-plt -fno-math-errno -fno-trapping-math -fuse-linker-plugin -pipe -g0'
 * MAKEOPTS='-j12 -l12'
 * gcc () 11.0.0 20200526 (experimental)
 * g++ () 11.0.0 20200526 (experimental)
 * GNU ld (Gentoo 2.34 p4) 2.34.0
 * Linux ryzen.gnum.org 5.4.36 #1 SMP Thu Apr 30 04:38:28 UTC 2020 x86_64 AMD Ryzen 5 3600 6-Core Processor AuthenticAMD GNU/Linux
kde-frameworks/kio: 1 minute, 33 seconds average for 4 merges
2020-05-20T06:15:26 >>> kde-frameworks/kio: 1 minute, 14 seconds
2020-05-21T15:16:33 >>> kde-frameworks/kio: 1 minute, 34 seconds
2020-05-24T16:42:59 >>> kde-frameworks/kio: 1 minute, 18 seconds
2020-05-28T04:38:31 >>> kde-frameworks/kio: 2 minutes, 6 seconds
]0;emerge 03:25:11 69|165 kio 01:39 (root@ryzen.gnum.org)kemerge 03:25:11 69|165 kio 01:39 (root@ryzen.gnum.org)\>>> Extracting kde-frameworks/kio-5.70.1-r1
 * checking 550 files for package collisions
[32;01m * [39;49;00mBuilding package for kde-frameworks/kio-5.70.1-r1 ...                 [34;01m[ [39;49;00m[32;01mok[39;49;00m[34;01m ][39;49;00m
[33;01m * [39;49;00mExcluded config: '/etc/xdg/accept-languages.codes'
[33;01m * [39;49;00mExcluded config: '/etc/xdg/kshorturifilterrc'
[32;01m * [39;49;00mPackages now in '/usr/portage/packages':
[32;01m * [39;49;00mkde-frameworks/kio-5.70.1-r1: 2.2M
[33;01m * [39;49;00mExcluded config files: 2
[33;01m * [39;49;00mSee --help if you would like to include config files.


>>> Merging kde-frameworks/kio-5.70.1-r1 to /
 * removing unneeded *.la files
--- /etc/
--- /etc/xdg/
>>> /etc/xdg/kshorturifilterrc
>>> /etc/xdg/accept-languages.codes
--- /usr/
--- /usr/lib64/
>>> /usr/lib64/libKF5KIOGui.so.5.70.0
>>> /usr/lib64/libKF5KIONTLM.so -> libKF5KIONTLM.so.5
>>> /usr/lib64/libKF5KIOWidgets.so -> libKF5KIOWidgets.so.5
>>> /usr/lib64/libKF5KIOWidgets.so.5 -> libKF5KIOWidgets.so.5.70.0
>>> /usr/lib64/libKF5KIOCore.so.5 -> libKF5KIOCore.so.5.70.0
>>> /usr/lib64/libKF5KIOGui.so.5 -> libKF5KIOGui.so.5.70.0
>>> /usr/lib64/libKF5KIOWidgets.so.5.70.0
--- /usr/lib64/cmake/
--- /usr/lib64/cmake/KF5KIO/
>>> /usr/lib64/cmake/KF5KIO/KF5KIOConfig.cmake
>>> /usr/lib64/cmake/KF5KIO/KF5KIOConfigVersion.cmake
>>> /usr/lib64/cmake/KF5KIO/KF5KIOTargets.cmake
>>> /usr/lib64/cmake/KF5KIO/KF5KIOTargets-gentoo.cmake
>>> /usr/lib64/libKF5KIONTLM.so.5.70.0
>>> /usr/lib64/libKF5KIOFileWidgets.so.5 -> libKF5KIOFileWidgets.so.5.70.0
>>> /usr/lib64/libKF5KIOCore.so.5.70.0
>>> /usr/lib64/libKF5KIONTLM.so.5 -> libKF5KIONTLM.so.5.70.0
>>> /usr/lib64/libKF5KIOFileWidgets.so -> libKF5KIOFileWidgets.so.5
>>> /usr/lib64/libKF5KIOCore.so -> libKF5KIOCore.so.5
>>> /usr/lib64/libKF5KIOFileWidgets.so.5.70.0
--- /usr/lib64/libexec/
--- /usr/lib64/libexec/kf5/
>>> /usr/lib64/libexec/kf5/kio_http_cache_cleaner
>>> /usr/lib64/libexec/kf5/kiod5
>>> /usr/lib64/libexec/kf5/kioslave5
>>> /usr/lib64/libexec/kf5/kpac_dhcp_helper
>>> /usr/lib64/libexec/kf5/kioexec
>>> /usr/lib64/libKF5KIOGui.so -> libKF5KIOGui.so.5
--- /usr/lib64/qt5/
--- /usr/lib64/qt5/plugins/
>>> /usr/lib64/qt5/plugins/kcm_kio.so
>>> /usr/lib64/qt5/plugins/kcm_trash.so
>>> /usr/lib64/qt5/plugins/kcm_webshortcuts.so
--- /usr/lib64/qt5/plugins/kf5/
--- /usr/lib64/qt5/plugins/kf5/kiod/
>>> /usr/lib64/qt5/plugins/kf5/kiod/kpasswdserver.so
>>> /usr/lib64/qt5/plugins/kf5/kiod/kioexecd.so
>>> /usr/lib64/qt5/plugins/kf5/kiod/kssld.so
--- /usr/lib64/qt5/plugins/kf5/kio/
>>> /usr/lib64/qt5/plugins/kf5/kio/ftp.so
>>> /usr/lib64/qt5/plugins/kf5/kio/help.so
>>> /usr/lib64/qt5/plugins/kf5/kio/http.so
>>> /usr/lib64/qt5/plugins/kf5/kio/remote.so
>>> /usr/lib64/qt5/plugins/kf5/kio/trash.so
>>> /usr/lib64/qt5/plugins/kf5/kio/ghelp.so
>>> /usr/lib64/qt5/plugins/kf5/kio/file.so
--- /usr/lib64/qt5/plugins/kf5/kded/
>>> /usr/lib64/qt5/plugins/kf5/kded/proxyscout.so
>>> /usr/lib64/qt5/plugins/kf5/kded/remotenotifier.so
>>> /usr/lib64/qt5/plugins/kf5/kded/kcookiejar.so
--- /usr/lib64/qt5/plugins/kf5/urifilters/
>>> /usr/lib64/qt5/plugins/kf5/urifilters/kurisearchfilter.so
>>> /usr/lib64/qt5/plugins/kf5/urifilters/localdomainurifilter.so
>>> /usr/lib64/qt5/plugins/kf5/urifilters/fixhosturifilter.so
>>> /usr/lib64/qt5/plugins/kf5/urifilters/kuriikwsfilter.so
>>> /usr/lib64/qt5/plugins/kf5/urifilters/kshorturifilter.so
--- /usr/lib64/qt5/mkspecs/
--- /usr/lib64/qt5/mkspecs/modules/
>>> /usr/lib64/qt5/mkspecs/modules/qt_KIOGui.pri
>>> /usr/lib64/qt5/mkspecs/modules/qt_KIOCore.pri
>>> /usr/lib64/qt5/mkspecs/modules/qt_KIOFileWidgets.pri
>>> /usr/lib64/qt5/mkspecs/modules/qt_KNTLM.pri
>>> /usr/lib64/qt5/mkspecs/modules/qt_KIOWidgets.pri
--- /usr/share/
--- /usr/share/kservicetypes5/
>>> /usr/share/kservicetypes5/kiodndpopupmenuplugin.desktop
>>> /usr/share/kservicetypes5/konqpopupmenuplugin.desktop
>>> /usr/share/kservicetypes5/kurifilterplugin.desktop
>>> /usr/share/kservicetypes5/kpropertiesdialogplugin.desktop
>>> /usr/share/kservicetypes5/searchprovider.desktop
>>> /usr/share/kservicetypes5/kfileitemactionplugin.desktop
>>> /usr/share/kservicetypes5/uasprovider.desktop
--- /usr/share/kconf_update/
>>> /usr/share/kconf_update/filepicker.upd
--- /usr/share/kservices5/
>>> /usr/share/kservices5/kcmtrash.desktop
>>> /usr/share/kservices5/useragent.desktop
>>> /usr/share/kservices5/mms.protocol
>>> /usr/share/kservices5/data.protocol
>>> /usr/share/kservices5/smb.desktop
>>> /usr/share/kservices5/mmst.protocol
>>> /usr/share/kservices5/pnm.protocol
>>> /usr/share/kservices5/rtspu.protocol
>>> /usr/share/kservices5/proxy.desktop
>>> /usr/share/kservices5/cache.desktop
>>> /usr/share/kservices5/http_cache_cleaner.desktop
>>> /usr/share/kservices5/rtsp.protocol
>>> /usr/share/kservices5/rtspt.protocol
>>> /usr/share/kservices5/cookies.desktop
--- /usr/share/kservices5/searchproviders/
>>> /usr/share/kservices5/searchproviders/kde_userbase.desktop
>>> /usr/share/kservices5/searchproviders/facebook.desktop
>>> /usr/share/kservices5/searchproviders/cia.desktop
>>> /usr/share/kservices5/searchproviders/metacrawler.desktop
>>> /usr/share/kservices5/searchproviders/voila.desktop
>>> /usr/share/kservices5/searchproviders/google_advanced.desktop
>>> /usr/share/kservices5/searchproviders/ecosia.desktop
>>> /usr/share/kservices5/searchproviders/github.desktop
>>> /usr/share/kservices5/searchproviders/freecode.desktop
>>> /usr/share/kservices5/searchproviders/qt.desktop
>>> /usr/share/kservices5/searchproviders/multitran-enru.desktop
>>> /usr/share/kservices5/searchproviders/doi.desktop
>>> /usr/share/kservices5/searchproviders/opendesktop.desktop
>>> /usr/share/kservices5/searchproviders/cpan.desktop
>>> /usr/share/kservices5/searchproviders/bing.desktop
>>> /usr/share/kservices5/searchproviders/yahoo_local.desktop
>>> /usr/share/kservices5/searchproviders/qwant_social.desktop
>>> /usr/share/kservices5/searchproviders/php.desktop
>>> /usr/share/kservices5/searchproviders/duckduckgo_shopping.desktop
>>> /usr/share/kservices5/searchproviders/google_lucky.desktop
>>> /usr/share/kservices5/searchproviders/webster.desktop
>>> /usr/share/kservices5/searchproviders/python.desktop
>>> /usr/share/kservices5/searchproviders/wikipedia.desktop
>>> /usr/share/kservices5/searchproviders/de2fr.desktop
>>> /usr/share/kservices5/searchproviders/yahoo_image.desktop
>>> /usr/share/kservices5/searchproviders/en2fr.desktop
>>> /usr/share/kservices5/searchproviders/en2it.desktop
>>> /usr/share/kservices5/searchproviders/kde_techbase.desktop
>>> /usr/share/kservices5/searchproviders/bugno.desktop
>>> /usr/share/kservices5/searchproviders/identica_groups.desktop
>>> /usr/share/kservices5/searchproviders/magnatune.desktop
>>> /usr/share/kservices5/searchproviders/flickr.desktop
>>> /usr/share/kservices5/searchproviders/identica_people.desktop
>>> /usr/share/kservices5/searchproviders/wiktionary.desktop
>>> /usr/share/kservices5/searchproviders/kde_look.desktop
>>> /usr/share/kservices5/searchproviders/msdn.desktop
>>> /usr/share/kservices5/searchproviders/qwant_videos.desktop
>>> /usr/share/kservices5/searchproviders/duckduckgo.desktop
>>> /usr/share/kservices5/searchproviders/pgpkeys.desktop
>>> /usr/share/kservices5/searchproviders/imdb.desktop
>>> /usr/share/kservices5/searchproviders/qwant_news.desktop
>>> /usr/share/kservices5/searchproviders/wikia.desktop
>>> /usr/share/kservices5/searchproviders/en2es.desktop
>>> /usr/share/kservices5/searchproviders/archpkg.desktop
>>> /usr/share/kservices5/searchproviders/grec.desktop
>>> /usr/share/kservices5/searchproviders/rpmfind.desktop
>>> /usr/share/kservices5/searchproviders/it2en.desktop
>>> /usr/share/kservices5/searchproviders/yahoo.desktop
>>> /usr/share/kservices5/searchproviders/ctan.desktop
>>> /usr/share/kservices5/searchproviders/thesaurus.desktop
>>> /usr/share/kservices5/searchproviders/kde_apps.desktop
>>> /usr/share/kservices5/searchproviders/wordref.desktop
>>> /usr/share/kservices5/searchproviders/baidu.desktop
>>> /usr/share/kservices5/searchproviders/rae.desktop
>>> /usr/share/kservices5/searchproviders/feedster.desktop
>>> /usr/share/kservices5/searchproviders/youtube.desktop
>>> /usr/share/kservices5/searchproviders/rfc.desktop
>>> /usr/share/kservices5/searchproviders/google_groups.desktop
>>> /usr/share/kservices5/searchproviders/gitlab.desktop
>>> /usr/share/kservices5/searchproviders/rag.desktop
>>> /usr/share/kservices5/searchproviders/google_images.desktop
>>> /usr/share/kservices5/searchproviders/deb.desktop
>>> /usr/share/kservices5/searchproviders/es2en.desktop
>>> /usr/share/kservices5/searchproviders/jeeves.desktop
>>> /usr/share/kservices5/searchproviders/backports.desktop
>>> /usr/share/kservices5/searchproviders/fr2de.desktop
>>> /usr/share/kservices5/searchproviders/de2en.desktop
>>> /usr/share/kservices5/searchproviders/dictfr.desktop
>>> /usr/share/kservices5/searchproviders/google_code.desktop
>>> /usr/share/kservices5/searchproviders/soundcloud.desktop
>>> /usr/share/kservices5/searchproviders/citeseer.desktop
>>> /usr/share/kservices5/searchproviders/sourceforge.desktop
>>> /usr/share/kservices5/searchproviders/urbandictionary.desktop
>>> /usr/share/kservices5/searchproviders/yahoo_shopping.desktop
>>> /usr/share/kservices5/searchproviders/qwant_images.desktop
>>> /usr/share/kservices5/searchproviders/multitran-esru.desktop
>>> /usr/share/kservices5/searchproviders/nl-teletekst.desktop
>>> /usr/share/kservices5/searchproviders/beolingus.desktop
>>> /usr/share/kservices5/searchproviders/acronym.desktop
>>> /usr/share/kservices5/searchproviders/google.desktop
>>> /usr/share/kservices5/searchproviders/ruby_application_archive.desktop
>>> /usr/share/kservices5/searchproviders/7digital.desktop
>>> /usr/share/kservices5/searchproviders/uspto.desktop
>>> /usr/share/kservices5/searchproviders/tvtome.desktop
>>> /usr/share/kservices5/searchproviders/docbook.desktop
>>> /usr/share/kservices5/searchproviders/fr2en.desktop
>>> /usr/share/kservices5/searchproviders/duckduckgo_info.desktop
>>> /usr/share/kservices5/searchproviders/dbug.desktop
>>> /usr/share/kservices5/searchproviders/en2de.desktop
>>> /usr/share/kservices5/searchproviders/amg.desktop
>>> /usr/share/kservices5/searchproviders/multitran-itru.desktop
>>> /usr/share/kservices5/searchproviders/hyperdictionary.desktop
>>> /usr/share/kservices5/searchproviders/google_shopping.desktop
>>> /usr/share/kservices5/searchproviders/yahoo_video.desktop
>>> /usr/share/kservices5/searchproviders/kde.desktop
>>> /usr/share/kservices5/searchproviders/flickrcc.desktop
>>> /usr/share/kservices5/searchproviders/jamendo.desktop
>>> /usr/share/kservices5/searchproviders/freedb.desktop
>>> /usr/share/kservices5/searchproviders/google_movie.desktop
>>> /usr/share/kservices5/searchproviders/identica_notices.desktop
>>> /usr/share/kservices5/searchproviders/google_news.desktop
>>> /usr/share/kservices5/searchproviders/amazon_mp3.desktop
>>> /usr/share/kservices5/searchproviders/technorati.desktop
>>> /usr/share/kservices5/searchproviders/vimeo.desktop
>>> /usr/share/kservices5/searchproviders/multitran-deru.desktop
>>> /usr/share/kservices5/searchproviders/qt4.desktop
>>> /usr/share/kservices5/searchproviders/google_maps.desktop
>>> /usr/share/kservices5/searchproviders/fsd.desktop
>>> /usr/share/kservices5/searchproviders/qwant.desktop
>>> /usr/share/kservices5/searchproviders/call.desktop
>>> /usr/share/kservices5/searchproviders/bugft.desktop
>>> /usr/share/kservices5/searchproviders/leo.desktop
>>> /usr/share/kservices5/searchproviders/amazon.desktop
>>> /usr/share/kservices5/searchproviders/netcraft.desktop
>>> /usr/share/kservices5/searchproviders/technoratitags.desktop
>>> /usr/share/kservices5/searchproviders/kde_forums.desktop
>>> /usr/share/kservices5/searchproviders/wolfram_alpha.desktop
>>> /usr/share/kservices5/searchproviders/hyperdictionary_thesaurus.desktop
>>> /usr/share/kservices5/searchproviders/qwant_shopping.desktop
>>> /usr/share/kservices5/searchproviders/ctan_cat.desktop
>>> /usr/share/kservices5/searchproviders/multitran-nlru.desktop
>>> /usr/share/kservices5/searchproviders/foldoc.desktop
>>> /usr/share/kservices5/searchproviders/nl-telephone.desktop
>>> /usr/share/kservices5/searchproviders/multitran-frru.desktop
>>> /usr/share/kservices5/netpref.desktop
>>> /usr/share/kservices5/webshortcuts.desktop
>>> /usr/share/kservices5/mmsu.protocol
--- /usr/share/kservices5/useragentstrings/
>>> /usr/share/kservices5/useragentstrings/safari30oniphone.desktop
>>> /usr/share/kservices5/useragentstrings/safari20.desktop
>>> /usr/share/kservices5/useragentstrings/firefox16oncurrent.desktop
>>> /usr/share/kservices5/useragentstrings/googlebot.desktop
>>> /usr/share/kservices5/useragentstrings/chrome50oncurrent.desktop
>>> /usr/share/kservices5/useragentstrings/ie60onwinnt51.desktop
>>> /usr/share/kservices5/useragentstrings/ie90onwinnt71.desktop
>>> /usr/share/kservices5/useragentstrings/firefox20oncurrent.desktop
>>> /usr/share/kservices5/useragentstrings/op1202oncurrent.desktop
>>> /usr/share/kservices5/useragentstrings/ns71onwinnt51.desktop
>>> /usr/share/kservices5/useragentstrings/op85oncurrent.desktop
>>> /usr/share/kservices5/useragentstrings/ie70onwinnt51.desktop
>>> /usr/share/kservices5/useragentstrings/ie60oncurrent.desktop
>>> /usr/share/kservices5/useragentstrings/safari517.desktop
>>> /usr/share/kservices5/useragentstrings/firefox15oncurrent.desktop
>>> /usr/share/kservices5/useragentstrings/wgetoncurrent.desktop
>>> /usr/share/kservices5/useragentstrings/safari60.desktop
>>> /usr/share/kservices5/useragentstrings/firefox36oncurrent.desktop
>>> /usr/share/kservices5/useragentstrings/nn475onwin95.desktop
>>> /usr/share/kservices5/useragentstrings/chrome23oncurrent.desktop
>>> /usr/share/kservices5/useragentstrings/nn475oncurrent.desktop
>>> /usr/share/kservices5/useragentstrings/chrome570oncurrent.desktop
>>> /usr/share/kservices5/useragentstrings/firefox30oncurrent.desktop
>>> /usr/share/kservices5/useragentstrings/safari32.desktop
>>> /usr/share/kservices5/useragentstrings/chrome10onwinnt51.desktop
>>> /usr/share/kservices5/useragentstrings/w3moncurrent.desktop
>>> /usr/share/kservices5/useragentstrings/lynxoncurrent.desktop
>>> /usr/share/kservices5/useragentstrings/nn301oncurrent.desktop
>>> /usr/share/kservices5/useragentstrings/ns71oncurrent.desktop
>>> /usr/share/kservices5/useragentstrings/op1162oncurrent.desktop
>>> /usr/share/kservices5/useragentstrings/ie80onwinnt60.desktop
>>> /usr/share/kservices5/useragentstrings/ie401onwinnt4.desktop
>>> /usr/share/kservices5/useragentstrings/chrome22oncurrent.desktop
>>> /usr/share/kservices5/useragentstrings/ie50onppc.desktop
>>> /usr/share/kservices5/useragentstrings/op403onwinnt4.desktop
>>> /usr/share/kservices5/useragentstrings/safari40.desktop
>>> /usr/share/kservices5/useragentstrings/chrome24oncurrent.desktop
>>> /usr/share/kservices5/useragentstrings/firefox520oncurrent.desktop
>>> /usr/share/kservices5/useragentstrings/ie55onwinnt5.desktop
>>> /usr/share/kservices5/useragentstrings/op90oncurrent.desktop
>>> /usr/share/kservices5/useragentstrings/android10.desktop
>>> /usr/share/kservices5/useragentstrings/op962oncurrent.desktop
--- /usr/share/qlogging-categories5/
>>> /usr/share/qlogging-categories5/kio.categories
--- /usr/share/applications/
>>> /usr/share/applications/ktelnetservice5.desktop
--- /usr/share/knotifications5/
>>> /usr/share/knotifications5/proxyscout.notifyrc
--- /usr/share/man/
--- /usr/share/man/man8/
>>> /usr/share/man/man8/kcookiejar5.8.bz2
--- /usr/share/dbus-1/
--- /usr/share/dbus-1/services/
>>> /usr/share/dbus-1/services/org.kde.kcookiejar5.service
>>> /usr/share/dbus-1/services/org.kde.kioexecd.service
>>> /usr/share/dbus-1/services/org.kde.kpasswdserver.service
>>> /usr/share/dbus-1/services/org.kde.kssld5.service
>>> /usr/share/dbus-1/services/org.kde.kiod5.service
--- /usr/share/dbus-1/interfaces/
>>> /usr/share/dbus-1/interfaces/kf5_org.kde.KSlaveLauncher.xml
>>> /usr/share/dbus-1/interfaces/kf5_org.kde.kio.FileUndoManager.xml
>>> /usr/share/dbus-1/interfaces/kf5_org.kde.KPasswdServer.xml
>>> /usr/share/dbus-1/interfaces/kf5_org.kde.KDirNotify.xml
>>> /usr/share/dbus-1/interfaces/kf5_org.kde.KCookieServer.xml
--- /usr/share/help/
--- /usr/share/help/en/
--- /usr/share/help/en/kcontrol5/
--- /usr/share/help/en/kcontrol5/trash/
>>> /usr/share/help/en/kcontrol5/trash/index.docbook
>>> /usr/share/help/en/kcontrol5/trash/index.cache.bz2
--- /usr/share/help/en/kcontrol5/proxy/
>>> /usr/share/help/en/kcontrol5/proxy/index.docbook
>>> /usr/share/help/en/kcontrol5/proxy/index.cache.bz2
--- /usr/share/help/en/kcontrol5/netpref/
>>> /usr/share/help/en/kcontrol5/netpref/index.docbook
>>> /usr/share/help/en/kcontrol5/netpref/index.cache.bz2
--- /usr/share/help/en/kcontrol5/cookies/
>>> /usr/share/help/en/kcontrol5/cookies/index.docbook
>>> /usr/share/help/en/kcontrol5/cookies/index.cache.bz2
--- /usr/share/help/en/kcontrol5/useragent/
>>> /usr/share/help/en/kcontrol5/useragent/index.docbook
>>> /usr/share/help/en/kcontrol5/useragent/index.cache.bz2
--- /usr/share/help/en/kcontrol5/webshortcuts/
>>> /usr/share/help/en/kcontrol5/webshortcuts/index.docbook
>>> /usr/share/help/en/kcontrol5/webshortcuts/index.cache.bz2
--- /usr/share/help/en/kcontrol5/smb/
>>> /usr/share/help/en/kcontrol5/smb/index.docbook
>>> /usr/share/help/en/kcontrol5/smb/index.cache.bz2
--- /usr/share/help/en/kcontrol5/cache/
>>> /usr/share/help/en/kcontrol5/cache/index.docbook
>>> /usr/share/help/en/kcontrol5/cache/index.cache.bz2
--- /usr/share/help/en/kioslave5/
--- /usr/share/help/en/kioslave5/data/
>>> /usr/share/help/en/kioslave5/data/index.docbook
>>> /usr/share/help/en/kioslave5/data/index.cache.bz2
--- /usr/share/help/en/kioslave5/webdav/
>>> /usr/share/help/en/kioslave5/webdav/index.docbook
>>> /usr/share/help/en/kioslave5/webdav/index.cache.bz2
--- /usr/share/help/en/kioslave5/ftp/
>>> /usr/share/help/en/kioslave5/ftp/index.docbook
>>> /usr/share/help/en/kioslave5/ftp/index.cache.bz2
--- /usr/share/help/en/kioslave5/http/
>>> /usr/share/help/en/kioslave5/http/index.docbook
>>> /usr/share/help/en/kioslave5/http/index.cache.bz2
--- /usr/share/help/en/kioslave5/file/
>>> /usr/share/help/en/kioslave5/file/index.docbook
>>> /usr/share/help/en/kioslave5/file/index.cache.bz2
--- /usr/share/help/en/kioslave5/telnet/
>>> /usr/share/help/en/kioslave5/telnet/index.docbook
>>> /usr/share/help/en/kioslave5/telnet/index.cache.bz2
--- /usr/share/help/en/kioslave5/help/
>>> /usr/share/help/en/kioslave5/help/index.docbook
--- /usr/share/help/en/kioslave5/help/documentationnotfound/
>>> /usr/share/help/en/kioslave5/help/documentationnotfound/index.docbook
>>> /usr/share/help/en/kioslave5/help/documentationnotfound/index.cache.bz2
>>> /usr/share/help/en/kioslave5/help/index.cache.bz2
--- /usr/share/help/en/kioslave5/mailto/
>>> /usr/share/help/en/kioslave5/mailto/index.docbook
>>> /usr/share/help/en/kioslave5/mailto/index.cache.bz2
--- /usr/share/kf5/
--- /usr/share/kf5/kcookiejar/
>>> /usr/share/kf5/kcookiejar/domain_info
--- /usr/include/
--- /usr/include/KF5/
--- /usr/include/KF5/KIOFileWidgets/
>>> /usr/include/KF5/KIOFileWidgets/KFilePlacesView
>>> /usr/include/KF5/KIOFileWidgets/KNameAndUrlInputDialog
>>> /usr/include/KF5/KIOFileWidgets/kimagefilepreview.h
>>> /usr/include/KF5/KIOFileWidgets/KAbstractViewAdapter
>>> /usr/include/KF5/KIOFileWidgets/kfileplacesmodel.h
>>> /usr/include/KF5/KIOFileWidgets/kfilewidget.h
>>> /usr/include/KF5/KIOFileWidgets/krecentdirs.h
>>> /usr/include/KF5/KIOFileWidgets/kfilecopytomenu.h
>>> /usr/include/KF5/KIOFileWidgets/kiofilewidgets_export.h
>>> /usr/include/KF5/KIOFileWidgets/KFileCustomDialog
>>> /usr/include/KF5/KIOFileWidgets/KFileFilterCombo
>>> /usr/include/KF5/KIOFileWidgets/KFilePlacesModel
>>> /usr/include/KF5/KIOFileWidgets/KRecentDirs
>>> /usr/include/KF5/KIOFileWidgets/kstatusbarofflineindicator.h
>>> /usr/include/KF5/KIOFileWidgets/kfileplacesview.h
>>> /usr/include/KF5/KIOFileWidgets/KFileCopyToMenu
>>> /usr/include/KF5/KIOFileWidgets/KNewFileMenu
>>> /usr/include/KF5/KIOFileWidgets/kpreviewwidgetbase.h
>>> /usr/include/KF5/KIOFileWidgets/KFileWidget
>>> /usr/include/KF5/KIOFileWidgets/kfilefiltercombo.h
>>> /usr/include/KF5/KIOFileWidgets/kabstractviewadapter.h
>>> /usr/include/KF5/KIOFileWidgets/KEncodingFileDialog
>>> /usr/include/KF5/KIOFileWidgets/kdirsortfilterproxymodel.h
>>> /usr/include/KF5/KIOFileWidgets/knameandurlinputdialog.h
>>> /usr/include/KF5/KIOFileWidgets/KFilePreviewGenerator
>>> /usr/include/KF5/KIOFileWidgets/KDirSortFilterProxyModel
>>> /usr/include/KF5/KIOFileWidgets/KStatusBarOfflineIndicator
>>> /usr/include/KF5/KIOFileWidgets/kfilecustomdialog.h
>>> /usr/include/KF5/KIOFileWidgets/KImageFilePreview
>>> /usr/include/KF5/KIOFileWidgets/kurlnavigator.h
>>> /usr/include/KF5/KIOFileWidgets/kfileplaceeditdialog.h
>>> /usr/include/KF5/KIOFileWidgets/KDirOperator
>>> /usr/include/KF5/KIOFileWidgets/kencodingfiledialog.h
>>> /usr/include/KF5/KIOFileWidgets/KPreviewWidgetBase
>>> /usr/include/KF5/KIOFileWidgets/KFilePlaceEditDialog
>>> /usr/include/KF5/KIOFileWidgets/knewfilemenu.h
>>> /usr/include/KF5/KIOFileWidgets/kfilepreviewgenerator.h
>>> /usr/include/KF5/KIOFileWidgets/KUrlNavigator
>>> /usr/include/KF5/KIOFileWidgets/kdiroperator.h
>>> /usr/include/KF5/kio_version.h
--- /usr/include/KF5/kio/
>>> /usr/include/KF5/kio/kntlm.h
>>> /usr/include/KF5/kio/kntlm_export.h
--- /usr/include/KF5/KIOCore/
>>> /usr/include/KF5/KIOCore/KMountPoint
>>> /usr/include/KF5/KIOCore/KProtocolInfo
>>> /usr/include/KF5/KIOCore/ksslcertificatemanager_p.h
>>> /usr/include/KF5/KIOCore/KRemoteEncoding
>>> /usr/include/KF5/KIOCore/KSSLSettings
>>> /usr/include/KF5/KIOCore/KFileItemListProperties
>>> /usr/include/KF5/KIOCore/knfsshare.h
>>> /usr/include/KF5/KIOCore/ksambashare.h
>>> /usr/include/KF5/KIOCore/kacl.h
>>> /usr/include/KF5/KIOCore/KUrlAuthorized
>>> /usr/include/KF5/KIOCore/ksslerroruidata.h
>>> /usr/include/KF5/KIOCore/ksslsettings.h
>>> /usr/include/KF5/KIOCore/KSambaShare
>>> /usr/include/KF5/KIOCore/kfileitem.h
>>> /usr/include/KF5/KIOCore/KCoreDirLister
>>> /usr/include/KF5/KIOCore/kmountpoint.h
>>> /usr/include/KF5/KIOCore/ksambasharedata.h
>>> /usr/include/KF5/KIOCore/KFileItem
>>> /usr/include/KF5/KIOCore/KTcpSocket
>>> /usr/include/KF5/KIOCore/ksslcertificatemanager.h
>>> /usr/include/KF5/KIOCore/kdiskfreespaceinfo.h
>>> /usr/include/KF5/KIOCore/krecentdocument.h
>>> /usr/include/KF5/KIOCore/KDirNotify
>>> /usr/include/KF5/KIOCore/kfileitemlistproperties.h
>>> /usr/include/KF5/KIOCore/kprotocolmanager.h
>>> /usr/include/KF5/KIOCore/KACL
>>> /usr/include/KF5/KIOCore/kurlauthorized.h
>>> /usr/include/KF5/KIOCore/kremoteencoding.h
--- /usr/include/KF5/KIOCore/KIO/
>>> /usr/include/KF5/KIOCore/KIO/FileJob
>>> /usr/include/KF5/KIOCore/KIO/Job
>>> /usr/include/KF5/KIOCore/KIO/TransferJob
>>> /usr/include/KF5/KIOCore/KIO/SlaveInterface
>>> /usr/include/KF5/KIOCore/KIO/DesktopExecParser
>>> /usr/include/KF5/KIOCore/KIO/SpecialJob
>>> /usr/include/KF5/KIOCore/KIO/MkpathJob
>>> /usr/include/KF5/KIOCore/KIO/ConnectionServer
>>> /usr/include/KF5/KIOCore/KIO/FileSystemFreeSpaceJob
>>> /usr/include/KF5/KIOCore/KIO/ForwardingSlaveBase
>>> /usr/include/KF5/KIOCore/KIO/HostInfo
>>> /usr/include/KF5/KIOCore/KIO/DeleteJob
>>> /usr/include/KF5/KIOCore/KIO/CopyJob
>>> /usr/include/KF5/KIOCore/KIO/DirectorySizeJob
>>> /usr/include/KF5/KIOCore/KIO/MetaData
>>> /usr/include/KF5/KIOCore/KIO/JobTracker
>>> /usr/include/KF5/KIOCore/KIO/StoredTransferJob
>>> /usr/include/KF5/KIOCore/KIO/JobUiDelegateFactory
>>> /usr/include/KF5/KIOCore/KIO/MkdirJob
>>> /usr/include/KF5/KIOCore/KIO/JobUiDelegateExtension
>>> /usr/include/KF5/KIOCore/KIO/DavJob
>>> /usr/include/KF5/KIOCore/KIO/ChmodJob
>>> /usr/include/KF5/KIOCore/KIO/FileCopyJob
>>> /usr/include/KF5/KIOCore/KIO/MultiGetJob
>>> /usr/include/KF5/KIOCore/KIO/SimpleJob
>>> /usr/include/KF5/KIOCore/KIO/IdleSlave
>>> /usr/include/KF5/KIOCore/KIO/SlaveConfig
>>> /usr/include/KF5/KIOCore/KIO/TCPSlaveBase
>>> /usr/include/KF5/KIOCore/KIO/BatchRenameJob
>>> /usr/include/KF5/KIOCore/KIO/EmptyTrashJob
>>> /usr/include/KF5/KIOCore/KIO/SlaveBase
>>> /usr/include/KF5/KIOCore/KIO/ListJob
>>> /usr/include/KF5/KIOCore/KIO/AuthInfo
>>> /usr/include/KF5/KIOCore/KIO/MimetypeJob
>>> /usr/include/KF5/KIOCore/KIO/Slave
>>> /usr/include/KF5/KIOCore/KIO/StatJob
>>> /usr/include/KF5/KIOCore/KIO/Scheduler
>>> /usr/include/KF5/KIOCore/KIO/RestoreJob
>>> /usr/include/KF5/KIOCore/KIO/UDSEntry
>>> /usr/include/KF5/KIOCore/KIO/Global
>>> /usr/include/KF5/KIOCore/kpasswdserverclient.h
--- /usr/include/KF5/KIOCore/kio/
>>> /usr/include/KF5/KIOCore/kio/filejob.h
>>> /usr/include/KF5/KIOCore/kio/jobuidelegatefactory.h
>>> /usr/include/KF5/KIOCore/kio/simplejob.h
>>> /usr/include/KF5/KIOCore/kio/directorysizejob.h
>>> /usr/include/KF5/KIOCore/kio/multigetjob.h
>>> /usr/include/KF5/KIOCore/kio/copyjob.h
>>> /usr/include/KF5/KIOCore/kio/http_slave_defaults.h
>>> /usr/include/KF5/KIOCore/kio/filesystemfreespacejob.h
>>> /usr/include/KF5/KIOCore/kio/idleslave.h
>>> /usr/include/KF5/KIOCore/kio/job_base.h
>>> /usr/include/KF5/KIOCore/kio/slaveinterface.h
>>> /usr/include/KF5/KIOCore/kio/batchrenamejob.h
>>> /usr/include/KF5/KIOCore/kio/transferjob.h
>>> /usr/include/KF5/KIOCore/kio/emptytrashjob.h
>>> /usr/include/KF5/KIOCore/kio/restorejob.h
>>> /usr/include/KF5/KIOCore/kio/hostinfo.h
>>> /usr/include/KF5/KIOCore/kio/jobtracker.h
>>> /usr/include/KF5/KIOCore/kio/connectionserver.h
>>> /usr/include/KF5/KIOCore/kio/deletejob.h
>>> /usr/include/KF5/KIOCore/kio/slavebase.h
>>> /usr/include/KF5/KIOCore/kio/metadata.h
>>> /usr/include/KF5/KIOCore/kio/chmodjob.h
>>> /usr/include/KF5/KIOCore/kio/jobuidelegateextension.h
>>> /usr/include/KF5/KIOCore/kio/listjob.h
>>> /usr/include/KF5/KIOCore/kio/slaveconfig.h
>>> /usr/include/KF5/KIOCore/kio/job.h
>>> /usr/include/KF5/KIOCore/kio/global.h
>>> /usr/include/KF5/KIOCore/kio/mkpathjob.h
>>> /usr/include/KF5/KIOCore/kio/tcpslavebase.h
>>> /usr/include/KF5/KIOCore/kio/desktopexecparser.h
>>> /usr/include/KF5/KIOCore/kio/ioslave_defaults.h
>>> /usr/include/KF5/KIOCore/kio/davjob.h
>>> /usr/include/KF5/KIOCore/kio/forwardingslavebase.h
>>> /usr/include/KF5/KIOCore/kio/scheduler.h
>>> /usr/include/KF5/KIOCore/kio/filecopyjob.h
>>> /usr/include/KF5/KIOCore/kio/specialjob.h
>>> /usr/include/KF5/KIOCore/kio/storedtransferjob.h
>>> /usr/include/KF5/KIOCore/kio/mkdirjob.h
>>> /usr/include/KF5/KIOCore/kio/authinfo.h
>>> /usr/include/KF5/KIOCore/kio/mimetypejob.h
>>> /usr/include/KF5/KIOCore/kio/udsentry.h
>>> /usr/include/KF5/KIOCore/kio/statjob.h
>>> /usr/include/KF5/KIOCore/kio/jobclasses.h
>>> /usr/include/KF5/KIOCore/kio/slave.h
>>> /usr/include/KF5/KIOCore/kprotocolinfo.h
>>> /usr/include/KF5/KIOCore/ktcpsocket.h
>>> /usr/include/KF5/KIOCore/KDiskFreeSpaceInfo
>>> /usr/include/KF5/KIOCore/KRecentDocument
>>> /usr/include/KF5/KIOCore/KSslCertificateManager
>>> /usr/include/KF5/KIOCore/kiocore_export.h
>>> /usr/include/KF5/KIOCore/KSambaShareData
>>> /usr/include/KF5/KIOCore/KProtocolManager
>>> /usr/include/KF5/KIOCore/KNFSShare
>>> /usr/include/KF5/KIOCore/kdirnotify.h
>>> /usr/include/KF5/KIOCore/KPasswdServerClient
>>> /usr/include/KF5/KIOCore/kcoredirlister.h
>>> /usr/include/KF5/KIOCore/KSslErrorUiData
--- /usr/include/KF5/KIOGui/
--- /usr/include/KF5/KIOGui/KIO/
>>> /usr/include/KF5/KIOGui/KIO/FavIconRequestJob
>>> /usr/include/KF5/KIOGui/KIO/ApplicationLauncherJob
>>> /usr/include/KF5/KIOGui/KIO/CommandLauncherJob
--- /usr/include/KF5/KIOGui/kio/
>>> /usr/include/KF5/KIOGui/kio/applicationlauncherjob.h
>>> /usr/include/KF5/KIOGui/kio/commandlauncherjob.h
>>> /usr/include/KF5/KIOGui/kio/faviconrequestjob.h
>>> /usr/include/KF5/KIOGui/kiogui_export.h
--- /usr/include/KF5/KIOWidgets/
>>> /usr/include/KF5/KIOWidgets/KSslInfoDialog
>>> /usr/include/KF5/KIOWidgets/kpropertiesdialog.h
>>> /usr/include/KF5/KIOWidgets/KUrlRequester
>>> /usr/include/KF5/KIOWidgets/KDirLister
>>> /usr/include/KF5/KIOWidgets/KSslCertificateBox
>>> /usr/include/KF5/KIOWidgets/KUrlCompletion
>>> /usr/include/KF5/KIOWidgets/kurlcombobox.h
>>> /usr/include/KF5/KIOWidgets/kurifilter.h
>>> /usr/include/KF5/KIOWidgets/kfileitemdelegate.h
>>> /usr/include/KF5/KIOWidgets/KDesktopFileActions
>>> /usr/include/KF5/KIOWidgets/KUriFilter
>>> /usr/include/KF5/KIOWidgets/KOpenWithDialog
>>> /usr/include/KF5/KIOWidgets/kbuildsycocaprogressdialog.h
>>> /usr/include/KF5/KIOWidgets/kopenwithdialog.h
>>> /usr/include/KF5/KIOWidgets/kdirlister.h
>>> /usr/include/KF5/KIOWidgets/kurlcompletion.h
>>> /usr/include/KF5/KIOWidgets/kiowidgets_export.h
>>> /usr/include/KF5/KIOWidgets/KRun
>>> /usr/include/KF5/KIOWidgets/kdesktopfileactions.h
>>> /usr/include/KF5/KIOWidgets/KBuildSycocaProgressDialog
>>> /usr/include/KF5/KIOWidgets/KFileItemActions
>>> /usr/include/KF5/KIOWidgets/ksslinfodialog.h
>>> /usr/include/KF5/KIOWidgets/krun.h
>>> /usr/include/KF5/KIOWidgets/ksslcertificatebox.h
>>> /usr/include/KF5/KIOWidgets/kautomount.h
>>> /usr/include/KF5/KIOWidgets/kshellcompletion.h
>>> /usr/include/KF5/KIOWidgets/kfile.h
>>> /usr/include/KF5/KIOWidgets/KAutoMount
>>> /usr/include/KF5/KIOWidgets/KOverlayIconPlugin
>>> /usr/include/KF5/KIOWidgets/kurlpixmapprovider.h
>>> /usr/include/KF5/KIOWidgets/KUrlPixmapProvider
>>> /usr/include/KF5/KIOWidgets/koverlayiconplugin.h
>>> /usr/include/KF5/KIOWidgets/kurlrequester.h
--- /usr/include/KF5/KIOWidgets/KIO/
>>> /usr/include/KF5/KIOWidgets/KIO/AccessManager
>>> /usr/include/KF5/KIOWidgets/KIO/DropJob
>>> /usr/include/KF5/KIOWidgets/KIO/FileUndoManager
>>> /usr/include/KF5/KIOWidgets/KIO/RenameDialog
>>> /usr/include/KF5/KIOWidgets/KIO/SslUi
>>> /usr/include/KF5/KIOWidgets/KIO/PreviewJob
>>> /usr/include/KF5/KIOWidgets/KIO/OpenFileManagerWindowJob
>>> /usr/include/KF5/KIOWidgets/KIO/PasteJob
>>> /usr/include/KF5/KIOWidgets/KIO/ThumbSequenceCreator
>>> /usr/include/KF5/KIOWidgets/KIO/SkipDialog
>>> /usr/include/KF5/KIOWidgets/KIO/RenameFileDialog
>>> /usr/include/KF5/KIOWidgets/KIO/JobUiDelegate
>>> /usr/include/KF5/KIOWidgets/KIO/ThumbCreator
>>> /usr/include/KF5/KIOWidgets/KIO/Paste
>>> /usr/include/KF5/KIOWidgets/KIO/DndPopupMenuPlugin
>>> /usr/include/KF5/KIOWidgets/KIO/KUriFilterSearchProviderActions
>>> /usr/include/KF5/KIOWidgets/KIO/PixmapLoader
>>> /usr/include/KF5/KIOWidgets/KPropertiesDialog
>>> /usr/include/KF5/KIOWidgets/KUrlRequesterDialog
--- /usr/include/KF5/KIOWidgets/kio/
>>> /usr/include/KF5/KIOWidgets/kio/accessmanager.h
>>> /usr/include/KF5/KIOWidgets/kio/pastejob.h
>>> /usr/include/KF5/KIOWidgets/kio/renamedialog.h
>>> /usr/include/KF5/KIOWidgets/kio/previewjob.h
>>> /usr/include/KF5/KIOWidgets/kio/pixmaploader.h
>>> /usr/include/KF5/KIOWidgets/kio/jobuidelegate.h
>>> /usr/include/KF5/KIOWidgets/kio/skipdialog.h
>>> /usr/include/KF5/KIOWidgets/kio/thumbcreator.h
>>> /usr/include/KF5/KIOWidgets/kio/dropjob.h
>>> /usr/include/KF5/KIOWidgets/kio/renamefiledialog.h
>>> /usr/include/KF5/KIOWidgets/kio/dndpopupmenuplugin.h
>>> /usr/include/KF5/KIOWidgets/kio/paste.h
>>> /usr/include/KF5/KIOWidgets/kio/kurifiltersearchprovideractions.h
>>> /usr/include/KF5/KIOWidgets/kio/fileundomanager.h
>>> /usr/include/KF5/KIOWidgets/kio/sslui.h
>>> /usr/include/KF5/KIOWidgets/kio/thumbsequencecreator.h
>>> /usr/include/KF5/KIOWidgets/kio/openfilemanagerwindowjob.h
>>> /usr/include/KF5/KIOWidgets/kabstractfileitemactionplugin.h
>>> /usr/include/KF5/KIOWidgets/kfileitemactions.h
>>> /usr/include/KF5/KIOWidgets/KFile
>>> /usr/include/KF5/KIOWidgets/KDirModel
>>> /usr/include/KF5/KIOWidgets/kurlrequesterdialog.h
>>> /usr/include/KF5/KIOWidgets/KFileItemDelegate
>>> /usr/include/KF5/KIOWidgets/KUrlComboBox
>>> /usr/include/KF5/KIOWidgets/kdirmodel.h
>>> /usr/include/KF5/KIOWidgets/KShellCompletion
>>> /usr/include/KF5/KIOWidgets/KAbstractFileItemActionPlugin
--- /usr/bin/
>>> /usr/bin/protocoltojson
>>> /usr/bin/kcookiejar5
>>> /usr/bin/ktelnetservice5
>>> /usr/bin/ktrash5
>>> Safely unmerging already-installed instance...
>>> Original instance of package unmerged safely.
 * Updating .desktop files database ...
 [ ok ]
>>> kde-frameworks/kio-5.70.1-r1 merged.
>>> Regenerating /etc/ld.so.cache...
