No package files given... Grabbing a set.
<<<          obj /usr/share/kf5/kcharselect/kcharselect-data
<<<          obj /usr/lib64/qt5/mkspecs/modules/qt_KWidgetsAddons.pri
<<<          obj /usr/lib64/libKF5WidgetsAddons.so.5.70.0
<<<          sym /usr/lib64/libKF5WidgetsAddons.so.5
<<<          sym /usr/lib64/libKF5WidgetsAddons.so
<<<          obj /usr/lib64/cmake/KF5WidgetsAddons/KF5WidgetsAddonsTargets.cmake
<<<          obj /usr/lib64/cmake/KF5WidgetsAddons/KF5WidgetsAddonsTargets-gentoo.cmake
<<<          obj /usr/lib64/cmake/KF5WidgetsAddons/KF5WidgetsAddonsConfigVersion.cmake
<<<          obj /usr/lib64/cmake/KF5WidgetsAddons/KF5WidgetsAddonsConfig.cmake
<<<          obj /usr/include/KF5/kwidgetsaddons_version.h
<<<          obj /usr/include/KF5/KWidgetsAddons/lineediturldropeventfilter.h
<<<          obj /usr/include/KF5/KWidgetsAddons/kxyselector.h
<<<          obj /usr/include/KF5/KWidgetsAddons/kwidgetsaddons_export.h
<<<          obj /usr/include/KF5/KWidgetsAddons/kviewstateserializer.h
<<<          obj /usr/include/KF5/KWidgetsAddons/kviewstatemaintainerbase.h
<<<          obj /usr/include/KF5/KWidgetsAddons/kurllabel.h
<<<          obj /usr/include/KF5/KWidgetsAddons/ktooltipwidget.h
<<<          obj /usr/include/KF5/KWidgetsAddons/ktoolbarspaceraction.h
<<<          obj /usr/include/KF5/KWidgetsAddons/ktoolbarpopupaction.h
<<<          obj /usr/include/KF5/KWidgetsAddons/ktoolbarlabelaction.h
<<<          obj /usr/include/KF5/KWidgetsAddons/ktogglefullscreenaction.h
<<<          obj /usr/include/KF5/KWidgetsAddons/ktoggleaction.h
<<<          obj /usr/include/KF5/KWidgetsAddons/ktitlewidget.h
<<<          obj /usr/include/KF5/KWidgetsAddons/ktimecombobox.h
<<<          obj /usr/include/KF5/KWidgetsAddons/kstyleextensions.h
<<<          obj /usr/include/KF5/KWidgetsAddons/kstandardguiitem.h
<<<          obj /usr/include/KF5/KWidgetsAddons/ksqueezedtextlabel.h
<<<          obj /usr/include/KF5/KWidgetsAddons/ksplittercollapserbutton.h
<<<          obj /usr/include/KF5/KWidgetsAddons/kseparator.h
<<<          obj /usr/include/KF5/KWidgetsAddons/kselector.h
<<<          obj /usr/include/KF5/KWidgetsAddons/kselectaction.h
<<<          obj /usr/include/KF5/KWidgetsAddons/kruler.h
<<<          obj /usr/include/KF5/KWidgetsAddons/kratingwidget.h
<<<          obj /usr/include/KF5/KWidgetsAddons/kratingpainter.h
<<<          obj /usr/include/KF5/KWidgetsAddons/kpopupframe.h
<<<          obj /usr/include/KF5/KWidgetsAddons/kpixmapsequencewidget.h
<<<          obj /usr/include/KF5/KWidgetsAddons/kpixmapsequenceoverlaypainter.h
<<<          obj /usr/include/KF5/KWidgetsAddons/kpixmapsequence.h
<<<          obj /usr/include/KF5/KWidgetsAddons/kpixmapregionselectorwidget.h
<<<          obj /usr/include/KF5/KWidgetsAddons/kpixmapregionselectordialog.h
<<<          obj /usr/include/KF5/KWidgetsAddons/kpasswordlineedit.h
<<<          obj /usr/include/KF5/KWidgetsAddons/kpassworddialog.h
<<<          obj /usr/include/KF5/KWidgetsAddons/kpagewidgetmodel.h
<<<          obj /usr/include/KF5/KWidgetsAddons/kpagewidget.h
<<<          obj /usr/include/KF5/KWidgetsAddons/kpageview.h
<<<          obj /usr/include/KF5/KWidgetsAddons/kpagemodel.h
<<<          obj /usr/include/KF5/KWidgetsAddons/kpagedialog.h
<<<          obj /usr/include/KF5/KWidgetsAddons/knewpasswordwidget.h
<<<          obj /usr/include/KF5/KWidgetsAddons/knewpassworddialog.h
<<<          obj /usr/include/KF5/KWidgetsAddons/kmultitabbar.h
<<<          obj /usr/include/KF5/KWidgetsAddons/kmimetypeeditor.h
<<<          obj /usr/include/KF5/KWidgetsAddons/kmimetypechooser.h
<<<          obj /usr/include/KF5/KWidgetsAddons/kmessagewidget.h
<<<          obj /usr/include/KF5/KWidgetsAddons/kmessageboxnotifyinterface.h
<<<          obj /usr/include/KF5/KWidgetsAddons/kmessageboxdontaskagaininterface.h
<<<          obj /usr/include/KF5/KWidgetsAddons/kmessagebox.h
<<<          obj /usr/include/KF5/KWidgetsAddons/kled.h
<<<          obj /usr/include/KF5/KWidgetsAddons/kguiitem.h
<<<          obj /usr/include/KF5/KWidgetsAddons/kfontsizeaction.h
<<<          obj /usr/include/KF5/KWidgetsAddons/kfontrequester.h
<<<          obj /usr/include/KF5/KWidgetsAddons/kfontchooserdialog.h
<<<          obj /usr/include/KF5/KWidgetsAddons/kfontchooser.h
<<<          obj /usr/include/KF5/KWidgetsAddons/kfontaction.h
<<<          obj /usr/include/KF5/KWidgetsAddons/keditlistwidget.h
<<<          obj /usr/include/KF5/KWidgetsAddons/kdualaction.h
<<<          obj /usr/include/KF5/KWidgetsAddons/kdragwidgetdecorator.h
<<<          obj /usr/include/KF5/KWidgetsAddons/kdatetimeedit.h
<<<          obj /usr/include/KF5/KWidgetsAddons/kdatepicker.h
<<<          obj /usr/include/KF5/KWidgetsAddons/kdatecombobox.h
<<<          obj /usr/include/KF5/KWidgetsAddons/kcursor.h
<<<          obj /usr/include/KF5/KWidgetsAddons/kcolumnresizer.h
<<<          obj /usr/include/KF5/KWidgetsAddons/kcolorcombo.h
<<<          obj /usr/include/KF5/KWidgetsAddons/kcolorbutton.h
<<<          obj /usr/include/KF5/KWidgetsAddons/kcollapsiblegroupbox.h
<<<          obj /usr/include/KF5/KWidgetsAddons/kcharselect.h
<<<          obj /usr/include/KF5/KWidgetsAddons/kcapacitybar.h
<<<          obj /usr/include/KF5/KWidgetsAddons/kbusyindicatorwidget.h
<<<          obj /usr/include/KF5/KWidgetsAddons/kassistantdialog.h
<<<          obj /usr/include/KF5/KWidgetsAddons/kanimatedbutton.h
<<<          obj /usr/include/KF5/KWidgetsAddons/kactionselector.h
<<<          obj /usr/include/KF5/KWidgetsAddons/kactionmenu.h
<<<          obj /usr/include/KF5/KWidgetsAddons/kacceleratormanager.h
<<<          obj /usr/include/KF5/KWidgetsAddons/LineEditUrlDropEventFilter
<<<          obj /usr/include/KF5/KWidgetsAddons/KXYSelector
<<<          obj /usr/include/KF5/KWidgetsAddons/KViewStateSerializer
<<<          obj /usr/include/KF5/KWidgetsAddons/KViewStateMaintainerBase
<<<          obj /usr/include/KF5/KWidgetsAddons/KUrlLabel
<<<          obj /usr/include/KF5/KWidgetsAddons/KToolTipWidget
<<<          obj /usr/include/KF5/KWidgetsAddons/KToolBarSpacerAction
<<<          obj /usr/include/KF5/KWidgetsAddons/KToolBarPopupAction
<<<          obj /usr/include/KF5/KWidgetsAddons/KToolBarLabelAction
<<<          obj /usr/include/KF5/KWidgetsAddons/KToggleFullScreenAction
<<<          obj /usr/include/KF5/KWidgetsAddons/KToggleAction
<<<          obj /usr/include/KF5/KWidgetsAddons/KTitleWidget
<<<          obj /usr/include/KF5/KWidgetsAddons/KTimeComboBox
<<<          obj /usr/include/KF5/KWidgetsAddons/KStyleExtensions
<<<          obj /usr/include/KF5/KWidgetsAddons/KStandardGuiItem
<<<          obj /usr/include/KF5/KWidgetsAddons/KSqueezedTextLabel
<<<          obj /usr/include/KF5/KWidgetsAddons/KSplitterCollapserButton
<<<          obj /usr/include/KF5/KWidgetsAddons/KSeparator
<<<          obj /usr/include/KF5/KWidgetsAddons/KSelector
<<<          obj /usr/include/KF5/KWidgetsAddons/KSelectAction
<<<          obj /usr/include/KF5/KWidgetsAddons/KRuler
<<<          obj /usr/include/KF5/KWidgetsAddons/KRatingWidget
<<<          obj /usr/include/KF5/KWidgetsAddons/KRatingPainter
<<<          obj /usr/include/KF5/KWidgetsAddons/KPopupFrame
<<<          obj /usr/include/KF5/KWidgetsAddons/KPixmapSequenceWidget
<<<          obj /usr/include/KF5/KWidgetsAddons/KPixmapSequenceOverlayPainter
<<<          obj /usr/include/KF5/KWidgetsAddons/KPixmapSequence
<<<          obj /usr/include/KF5/KWidgetsAddons/KPixmapRegionSelectorWidget
<<<          obj /usr/include/KF5/KWidgetsAddons/KPixmapRegionSelectorDialog
<<<          obj /usr/include/KF5/KWidgetsAddons/KPasswordLineEdit
<<<          obj /usr/include/KF5/KWidgetsAddons/KPasswordDialog
<<<          obj /usr/include/KF5/KWidgetsAddons/KPageWidgetModel
<<<          obj /usr/include/KF5/KWidgetsAddons/KPageWidgetItem
<<<          obj /usr/include/KF5/KWidgetsAddons/KPageWidget
<<<          obj /usr/include/KF5/KWidgetsAddons/KPageView
<<<          obj /usr/include/KF5/KWidgetsAddons/KPageModel
<<<          obj /usr/include/KF5/KWidgetsAddons/KPageDialog
<<<          obj /usr/include/KF5/KWidgetsAddons/KNewPasswordWidget
<<<          obj /usr/include/KF5/KWidgetsAddons/KNewPasswordDialog
<<<          obj /usr/include/KF5/KWidgetsAddons/KMultiTabBarTab
<<<          obj /usr/include/KF5/KWidgetsAddons/KMultiTabBarButton
<<<          obj /usr/include/KF5/KWidgetsAddons/KMultiTabBar
<<<          obj /usr/include/KF5/KWidgetsAddons/KMimeTypeEditor
<<<          obj /usr/include/KF5/KWidgetsAddons/KMimeTypeChooserDialog
<<<          obj /usr/include/KF5/KWidgetsAddons/KMimeTypeChooser
<<<          obj /usr/include/KF5/KWidgetsAddons/KMessageWidget
<<<          obj /usr/include/KF5/KWidgetsAddons/KMessageBoxNotifyInterface
<<<          obj /usr/include/KF5/KWidgetsAddons/KMessageBoxDontAskAgainInterface
<<<          obj /usr/include/KF5/KWidgetsAddons/KMessageBox
<<<          obj /usr/include/KF5/KWidgetsAddons/KLed
<<<          obj /usr/include/KF5/KWidgetsAddons/KGuiItem
<<<          obj /usr/include/KF5/KWidgetsAddons/KGradientSelector
<<<          obj /usr/include/KF5/KWidgetsAddons/KFontSizeAction
<<<          obj /usr/include/KF5/KWidgetsAddons/KFontRequester
<<<          obj /usr/include/KF5/KWidgetsAddons/KFontChooserDialog
<<<          obj /usr/include/KF5/KWidgetsAddons/KFontChooser
<<<          obj /usr/include/KF5/KWidgetsAddons/KFontAction
<<<          obj /usr/include/KF5/KWidgetsAddons/KEditListWidget
<<<          obj /usr/include/KF5/KWidgetsAddons/KDualAction
<<<          obj /usr/include/KF5/KWidgetsAddons/KDragWidgetDecorator
<<<          obj /usr/include/KF5/KWidgetsAddons/KDateTimeEdit
<<<          obj /usr/include/KF5/KWidgetsAddons/KDatePicker
<<<          obj /usr/include/KF5/KWidgetsAddons/KDateComboBox
<<<          obj /usr/include/KF5/KWidgetsAddons/KCursor
<<<          obj /usr/include/KF5/KWidgetsAddons/KColumnResizer
<<<          obj /usr/include/KF5/KWidgetsAddons/KColorCombo
<<<          obj /usr/include/KF5/KWidgetsAddons/KColorButton
<<<          obj /usr/include/KF5/KWidgetsAddons/KCollapsibleGroupBox
<<<          obj /usr/include/KF5/KWidgetsAddons/KCharSelect
<<<          obj /usr/include/KF5/KWidgetsAddons/KCapacityBar
<<<          obj /usr/include/KF5/KWidgetsAddons/KBusyIndicatorWidget
<<<          obj /usr/include/KF5/KWidgetsAddons/KAssistantDialog
<<<          obj /usr/include/KF5/KWidgetsAddons/KAnimatedButton
<<<          obj /usr/include/KF5/KWidgetsAddons/KActionSelector
<<<          obj /usr/include/KF5/KWidgetsAddons/KActionMenu
<<<          obj /usr/include/KF5/KWidgetsAddons/KAcceleratorManager
<<<          dir /usr/share/kf5/kcharselect
--- !empty   dir /usr/share/kf5
--- !empty   dir /usr/share
--- !empty   dir /usr/lib64/qt5/mkspecs/modules
--- !empty   dir /usr/lib64/qt5/mkspecs
--- !empty   dir /usr/lib64/qt5
<<<          dir /usr/lib64/cmake/KF5WidgetsAddons
--- !empty   dir /usr/lib64/cmake
--- !empty   dir /usr/lib64
<<<          dir /usr/include/KF5/KWidgetsAddons
--- !empty   dir /usr/include/KF5
--- !empty   dir /usr/include
--- !empty   dir /usr
>>> Regenerating /etc/ld.so.cache...
