>>> Extracting info
 * Package:    kde-frameworks/kguiaddons-5.70.0
 * Repository: gentoo
 * USE:        userland_GNU kernel_linux elibc_glibc amd64 abi_x86_64
 * FEATURES:   ccache network-sandbox preserve-libs sandbox userpriv usersandbox
 * FEATURES='sfperms userpriv news qa-unresolved-soname-deps unmerge-logs usersync binpkg-multi-instance parallel-install fixlafiles unmerge-orphans xattr multilib-strict binpkg-docompress merge-sync binpkg-logs distlocks usersandbox strict downgrade-backup binpkg-dostrip sandbox preserve-libs unmerge-backup compress-index config-protect-if-modified buildpkg network-sandbox nodoc parallel-fetch ipc-sandbox unknown-features-warn assume-digests ccache userfetch pid-sandbox'
 * CFLAGS='-march=native -O3 -fgraphite-identity -floop-nest-optimize -fdevirtualize-at-ltrans -fipa-pta -fno-semantic-interposition -flto=12 -fno-plt -fno-math-errno -fno-trapping-math -fuse-linker-plugin -pipe -g0 -falign-functions=32 -Wl,-O1 -Wl,--as-needed -Wl,--hash-style=gnu,-z,norelro,--as-needed'
 * CXXFLAGS='-march=native -O3 -fgraphite-identity -floop-nest-optimize -fdevirtualize-at-ltrans -fipa-pta -fno-semantic-interposition -flto=12 -fno-plt -fno-math-errno -fno-trapping-math -fuse-linker-plugin -pipe -g0 -falign-functions=32 -Wl,-O1 -Wl,--as-needed -Wl,--hash-style=gnu,-z,norelro,--as-needed'
 * CPPFLAGS='-DQT_NO_DEBUG'
 * FFLAGS='-march=native -O3 -fgraphite-identity -floop-nest-optimize -fdevirtualize-at-ltrans -fipa-pta -fno-semantic-interposition -flto=12 -fno-plt -fno-math-errno -fno-trapping-math -fuse-linker-plugin -pipe -g0 -falign-functions=32 -Wl,-O1 -Wl,--as-needed -Wl,--hash-style=gnu,-z,norelro,--as-needed'
 * FCFLAGS='-march=native -O3 -fgraphite-identity -floop-nest-optimize -fdevirtualize-at-ltrans -fipa-pta -fno-semantic-interposition -flto=12 -fno-plt -fno-math-errno -fno-trapping-math -fuse-linker-plugin -pipe -g0 -falign-functions=32 -Wl,-O1 -Wl,--as-needed -Wl,--hash-style=gnu,-z,norelro,--as-needed'
 * F77FLAGS='-march=native -O3 -fgraphite-identity -floop-nest-optimize -fdevirtualize-at-ltrans -fipa-pta -fno-semantic-interposition -flto=12 -fno-plt -fno-math-errno -fno-trapping-math -fuse-linker-plugin -pipe -g0 -falign-functions=32 -Wl,-O1 -Wl,--as-needed -Wl,--hash-style=gnu,-z,norelro,--as-needed'
 * LDFLAGS='-Wl,-O1 -Wl,--as-needed -Wl,--hash-style=gnu,-z,norelro,--as-needed -march=native -O3 -fgraphite-identity -floop-nest-optimize -fdevirtualize-at-ltrans -fipa-pta -fno-semantic-interposition -flto=12 -fno-plt -fno-math-errno -fno-trapping-math -fuse-linker-plugin -pipe -g0 -falign-functions=32'
 * MAKEOPTS='-j12 -l12'
 * gcc () 11.0.0 20200526 (experimental)
 * g++ () 11.0.0 20200526 (experimental)
 * GNU ld (Gentoo 2.34 p4) 2.34.0
 * Linux ryzen.gnum.org 5.4.36 #1 SMP Thu Apr 30 04:38:28 UTC 2020 x86_64 AMD Ryzen 5 3600 6-Core Processor AuthenticAMD GNU/Linux
kde-frameworks/kguiaddons: 14 seconds average for 6 merges
2020-05-16T16:37:05 >>> kde-frameworks/kguiaddons: 11 seconds
2020-05-20T01:26:13 >>> kde-frameworks/kguiaddons: 9 seconds
2020-05-25T15:29:33 >>> kde-frameworks/kguiaddons: 5 seconds
2020-05-26T05:04:47 >>> kde-frameworks/kguiaddons: 17 seconds
2020-05-27T02:29:59 >>> kde-frameworks/kguiaddons: 6 seconds
2020-05-28T06:05:13 >>> kde-frameworks/kguiaddons: 37 seconds
]0;emerge 05:35:03 2|82 kguiaddons 00:20 (root@ryzen.gnum.org)kemerge 05:35:03 2|82 kguiaddons 00:20 (root@ryzen.gnum.org)\>>> Extracting kde-frameworks/kguiaddons-5.70.0
 * checking 31 files for package collisions
[32;01m * [39;49;00mBuilding package for kde-frameworks/kguiaddons-5.70.0 ...             [34;01m[ [39;49;00m[32;01mok[39;49;00m[34;01m ][39;49;00m
[32;01m * [39;49;00mPackages now in '/usr/portage/packages':
[32;01m * [39;49;00mkde-frameworks/kguiaddons-5.70.0: 94.4K

>>> Merging kde-frameworks/kguiaddons-5.70.0 to /
 * removing unneeded *.la files
--- /usr/
--- /usr/lib64/
>>> /usr/lib64/libKF5GuiAddons.so.5.70.0
>>> /usr/lib64/libKF5GuiAddons.so -> libKF5GuiAddons.so.5
--- /usr/lib64/cmake/
--- /usr/lib64/cmake/KF5GuiAddons/
>>> /usr/lib64/cmake/KF5GuiAddons/KF5GuiAddonsConfig.cmake
>>> /usr/lib64/cmake/KF5GuiAddons/KF5GuiAddonsTargets.cmake
>>> /usr/lib64/cmake/KF5GuiAddons/KF5GuiAddonsConfigVersion.cmake
>>> /usr/lib64/cmake/KF5GuiAddons/KF5GuiAddonsTargets-gentoo.cmake
>>> /usr/lib64/libKF5GuiAddons.so.5 -> libKF5GuiAddons.so.5.70.0
--- /usr/lib64/qt5/
--- /usr/lib64/qt5/plugins/
--- /usr/lib64/qt5/plugins/kf5/
--- /usr/lib64/qt5/plugins/kf5/kguiaddons/
--- /usr/lib64/qt5/plugins/kf5/kguiaddons/kmodifierkey/
>>> /usr/lib64/qt5/plugins/kf5/kguiaddons/kmodifierkey/kmodifierkey_xcb.so
--- /usr/lib64/qt5/mkspecs/
--- /usr/lib64/qt5/mkspecs/modules/
>>> /usr/lib64/qt5/mkspecs/modules/qt_KGuiAddons.pri
--- /usr/include/
--- /usr/include/KF5/
>>> /usr/include/KF5/kguiaddons_version.h
--- /usr/include/KF5/KGuiAddons/
>>> /usr/include/KF5/KGuiAddons/KWordWrap
>>> /usr/include/KF5/KGuiAddons/KIconUtils
>>> /usr/include/KF5/KGuiAddons/KDateValidator
>>> /usr/include/KF5/KGuiAddons/KColorCollection
>>> /usr/include/KF5/KGuiAddons/kcolormimedata.h
>>> /usr/include/KF5/KGuiAddons/kcolorcollection.h
>>> /usr/include/KF5/KGuiAddons/kiconutils.h
>>> /usr/include/KF5/KGuiAddons/kdatevalidator.h
>>> /usr/include/KF5/KGuiAddons/KImageCache
>>> /usr/include/KF5/KGuiAddons/KColorUtils
>>> /usr/include/KF5/KGuiAddons/KColorMimeData
>>> /usr/include/KF5/KGuiAddons/kguiaddons_export.h
>>> /usr/include/KF5/KGuiAddons/KFontUtils
>>> /usr/include/KF5/KGuiAddons/kmodifierkeyinfoprovider_p.h
>>> /usr/include/KF5/KGuiAddons/kfontutils.h
>>> /usr/include/KF5/KGuiAddons/KModifierKeyInfo
>>> /usr/include/KF5/KGuiAddons/kmodifierkeyinfo.h
>>> /usr/include/KF5/KGuiAddons/kwordwrap.h
>>> /usr/include/KF5/KGuiAddons/kimagecache.h
>>> /usr/include/KF5/KGuiAddons/kcolorutils.h
>>> /usr/include/KF5/KGuiAddons/klocalimagecacheimpl.h
>>> Safely unmerging already-installed instance...
>>> Original instance of package unmerged safely.
>>> kde-frameworks/kguiaddons-5.70.0 merged.
>>> Regenerating /etc/ld.so.cache...
