No package files given... Grabbing a set.
--- replaced obj /usr/share/qlogging-categories5/kauth.categories
--- replaced dir /usr/share/qlogging-categories5
--- replaced obj /usr/share/kf5/kauth/dbus_service.stub
--- replaced obj /usr/share/kf5/kauth/dbus_policy.stub
--- replaced dir /usr/share/kf5/kauth
--- replaced dir /usr/share/kf5
<<<          obj /usr/share/doc/kauth-5.70.0/README.md.bz2
--- replaced obj /usr/share/dbus-1/system.d/org.kde.kf5auth.conf
--- replaced dir /usr/share/dbus-1/system.d
--- replaced dir /usr/share/dbus-1
--- replaced dir /usr/share
--- replaced obj /usr/lib64/qt5/plugins/kauth/helper/kauth_helper_plugin.so
--- replaced dir /usr/lib64/qt5/plugins/kauth/helper
--- replaced obj /usr/lib64/qt5/plugins/kauth/backend/kauth_backend_plugin.so
--- replaced dir /usr/lib64/qt5/plugins/kauth/backend
--- replaced dir /usr/lib64/qt5/plugins/kauth
--- replaced dir /usr/lib64/qt5/plugins
--- replaced obj /usr/lib64/qt5/mkspecs/modules/qt_KAuthCore.pri
--- replaced obj /usr/lib64/qt5/mkspecs/modules/qt_KAuth.pri
--- replaced dir /usr/lib64/qt5/mkspecs/modules
--- replaced dir /usr/lib64/qt5/mkspecs
--- replaced dir /usr/lib64/qt5
--- replaced obj /usr/lib64/libexec/kauth/kauth-policy-gen
--- replaced dir /usr/lib64/libexec/kauth
--- replaced dir /usr/lib64/libexec
--- replaced obj /usr/lib64/libKF5AuthCore.so.5.70.0
--- replaced sym /usr/lib64/libKF5AuthCore.so.5
--- replaced sym /usr/lib64/libKF5AuthCore.so
--- replaced obj /usr/lib64/libKF5Auth.so.5.70.0
--- replaced sym /usr/lib64/libKF5Auth.so.5
--- replaced sym /usr/lib64/libKF5Auth.so
--- replaced obj /usr/lib64/cmake/KF5Auth/KF5AuthToolsTargets.cmake
--- replaced obj /usr/lib64/cmake/KF5Auth/KF5AuthToolsTargets-gentoo.cmake
--- replaced obj /usr/lib64/cmake/KF5Auth/KF5AuthTargets.cmake
--- replaced obj /usr/lib64/cmake/KF5Auth/KF5AuthTargets-gentoo.cmake
--- replaced obj /usr/lib64/cmake/KF5Auth/KF5AuthMacros.cmake
--- replaced obj /usr/lib64/cmake/KF5Auth/KF5AuthConfigVersion.cmake
--- replaced obj /usr/lib64/cmake/KF5Auth/KF5AuthConfig.cmake
--- replaced dir /usr/lib64/cmake/KF5Auth
--- replaced dir /usr/lib64/cmake
--- replaced dir /usr/lib64
--- replaced obj /usr/include/KF5/kauth_version.h
--- replaced obj /usr/include/KF5/KAuth/kauthobjectdecorator.h
--- replaced obj /usr/include/KF5/KAuth/kauthhelpersupport.h
--- replaced obj /usr/include/KF5/KAuth/kauthexecutejob.h
--- replaced obj /usr/include/KF5/KAuth/kauthcore_export.h
--- replaced obj /usr/include/KF5/KAuth/kauthactionreply.h
--- replaced obj /usr/include/KF5/KAuth/kauthaction.h
--- replaced obj /usr/include/KF5/KAuth/kauth_export.h
--- replaced obj /usr/include/KF5/KAuth/kauth.h
--- replaced obj /usr/include/KF5/KAuth/KAuthObjectDecorator
--- replaced obj /usr/include/KF5/KAuth/KAuthHelperSupport
--- replaced obj /usr/include/KF5/KAuth/KAuthExecuteJob
--- replaced obj /usr/include/KF5/KAuth/KAuthActionReply
--- replaced obj /usr/include/KF5/KAuth/KAuthAction
--- replaced obj /usr/include/KF5/KAuth/KAuth
--- replaced dir /usr/include/KF5/KAuth
--- replaced dir /usr/include/KF5
--- replaced dir /usr/include
--- replaced dir /usr
<<<          dir /usr/share/doc/kauth-5.70.0
--- !empty   dir /usr/share/doc
>>> Regenerating /etc/ld.so.cache...
