>>> Extracting info
 * Package:    kde-frameworks/karchive-5.70.0
 * Repository: gentoo
 * USE:        bzip2 lzma abi_x86_64 userland_GNU elibc_glibc amd64 kernel_linux
 * FEATURES:   ccache network-sandbox preserve-libs sandbox userpriv usersandbox
 * FEATURES='fixlafiles sfperms config-protect-if-modified nodoc parallel-fetch usersync news pid-sandbox unmerge-backup multilib-strict userpriv xattr assume-digests usersandbox downgrade-backup sandbox parallel-install buildpkg unmerge-orphans compress-index binpkg-dostrip distlocks qa-unresolved-soname-deps ipc-sandbox binpkg-multi-instance preserve-libs network-sandbox binpkg-docompress unmerge-logs ccache merge-sync strict unknown-features-warn userfetch binpkg-logs'
 * CFLAGS='-march=native -O3 -fgraphite-identity -floop-nest-optimize -fdevirtualize-at-ltrans -fipa-pta -fno-semantic-interposition -flto=12 -fno-plt -fno-math-errno -fno-trapping-math -fuse-linker-plugin -pipe -g0 -falign-functions=32 -Wl,-O1 -Wl,--as-needed -Wl,--hash-style=gnu,-z,norelro,--as-needed'
 * CXXFLAGS='-march=native -O3 -fgraphite-identity -floop-nest-optimize -fdevirtualize-at-ltrans -fipa-pta -fno-semantic-interposition -flto=12 -fno-plt -fno-math-errno -fno-trapping-math -fuse-linker-plugin -pipe -g0 -falign-functions=32 -Wl,-O1 -Wl,--as-needed -Wl,--hash-style=gnu,-z,norelro,--as-needed'
 * CPPFLAGS='-DQT_NO_DEBUG'
 * FFLAGS='-march=native -O3 -fgraphite-identity -floop-nest-optimize -fdevirtualize-at-ltrans -fipa-pta -fno-semantic-interposition -flto=12 -fno-plt -fno-math-errno -fno-trapping-math -fuse-linker-plugin -pipe -g0 -falign-functions=32 -Wl,-O1 -Wl,--as-needed -Wl,--hash-style=gnu,-z,norelro,--as-needed'
 * FCFLAGS='-march=native -O3 -fgraphite-identity -floop-nest-optimize -fdevirtualize-at-ltrans -fipa-pta -fno-semantic-interposition -flto=12 -fno-plt -fno-math-errno -fno-trapping-math -fuse-linker-plugin -pipe -g0 -falign-functions=32 -Wl,-O1 -Wl,--as-needed -Wl,--hash-style=gnu,-z,norelro,--as-needed'
 * F77FLAGS='-march=native -O3 -fgraphite-identity -floop-nest-optimize -fdevirtualize-at-ltrans -fipa-pta -fno-semantic-interposition -flto=12 -fno-plt -fno-math-errno -fno-trapping-math -fuse-linker-plugin -pipe -g0 -falign-functions=32 -Wl,-O1 -Wl,--as-needed -Wl,--hash-style=gnu,-z,norelro,--as-needed'
 * LDFLAGS='-Wl,-O1 -Wl,--as-needed -Wl,--hash-style=gnu,-z,norelro,--as-needed -march=native -O3 -fgraphite-identity -floop-nest-optimize -fdevirtualize-at-ltrans -fipa-pta -fno-semantic-interposition -flto=12 -fno-plt -fno-math-errno -fno-trapping-math -fuse-linker-plugin -pipe -g0 -falign-functions=32'
 * MAKEOPTS='-j12 -l12'
 * gcc () 11.0.0 20200526 (experimental)
 * g++ () 11.0.0 20200526 (experimental)
 * GNU ld (Gentoo 2.34 p4) 2.34.0
 * Linux ryzen.gnum.org 5.4.36 #1 SMP Thu Apr 30 04:38:28 UTC 2020 x86_64 AMD Ryzen 5 3600 6-Core Processor AuthenticAMD GNU/Linux
kde-frameworks/karchive: 12 seconds average for 6 merges
2020-05-16T16:02:56 >>> kde-frameworks/karchive: 12 seconds
2020-05-20T01:29:45 >>> kde-frameworks/karchive: 5 seconds
2020-05-21T06:31:07 >>> kde-frameworks/karchive: 6 seconds
2020-05-26T05:04:31 >>> kde-frameworks/karchive: 16 seconds
2020-05-27T02:21:17 >>> kde-frameworks/karchive: 6 seconds
2020-05-28T05:59:11 >>> kde-frameworks/karchive: 32 seconds
]0;emerge 03:22:18 61|165 karchive 00:18 (root@ryzen.gnum.org)kemerge 03:22:18 61|165 karchive 00:18 (root@ryzen.gnum.org)\>>> Extracting kde-frameworks/karchive-5.70.0
 * checking 37 files for package collisions
[32;01m * [39;49;00mBuilding package for kde-frameworks/karchive-5.70.0 ...               [34;01m[ [39;49;00m[32;01mok[39;49;00m[34;01m ][39;49;00m
[32;01m * [39;49;00mPackages now in '/usr/portage/packages':
[32;01m * [39;49;00mkde-frameworks/karchive-5.70.0: 139K

>>> Merging kde-frameworks/karchive-5.70.0 to /
 * removing unneeded *.la files
--- /usr/
--- /usr/lib64/
>>> /usr/lib64/libKF5Archive.so -> libKF5Archive.so.5
--- /usr/lib64/cmake/
--- /usr/lib64/cmake/KF5Archive/
>>> /usr/lib64/cmake/KF5Archive/KF5ArchiveConfig.cmake
>>> /usr/lib64/cmake/KF5Archive/KF5ArchiveConfigVersion.cmake
>>> /usr/lib64/cmake/KF5Archive/KF5ArchiveTargets.cmake
>>> /usr/lib64/cmake/KF5Archive/KF5ArchiveTargets-gentoo.cmake
>>> /usr/lib64/libKF5Archive.so.5 -> libKF5Archive.so.5.70.0
>>> /usr/lib64/libKF5Archive.so.5.70.0
--- /usr/lib64/qt5/
--- /usr/lib64/qt5/mkspecs/
--- /usr/lib64/qt5/mkspecs/modules/
>>> /usr/lib64/qt5/mkspecs/modules/qt_KArchive.pri
--- /usr/share/
--- /usr/share/qlogging-categories5/
>>> /usr/share/qlogging-categories5/karchive.categories
--- /usr/include/
--- /usr/include/KF5/
>>> /usr/include/KF5/karchive_version.h
--- /usr/include/KF5/KArchive/
>>> /usr/include/KF5/KArchive/kzip.h
>>> /usr/include/KF5/KArchive/karchiveentry.h
>>> /usr/include/KF5/KArchive/KArchiveDirectory
>>> /usr/include/KF5/KArchive/K7Zip
>>> /usr/include/KF5/KArchive/KTar
>>> /usr/include/KF5/KArchive/kar.h
>>> /usr/include/KF5/KArchive/KFilterBase
>>> /usr/include/KF5/KArchive/k7zip.h
>>> /usr/include/KF5/KArchive/kzipfileentry.h
>>> /usr/include/KF5/KArchive/KCompressionDevice
>>> /usr/include/KF5/KArchive/KAr
>>> /usr/include/KF5/KArchive/KZip
>>> /usr/include/KF5/KArchive/karchive.h
>>> /usr/include/KF5/KArchive/KRcc
>>> /usr/include/KF5/KArchive/KFilterDev
>>> /usr/include/KF5/KArchive/kcompressiondevice.h
>>> /usr/include/KF5/KArchive/krcc.h
>>> /usr/include/KF5/KArchive/KArchiveEntry
>>> /usr/include/KF5/KArchive/karchive_export.h
>>> /usr/include/KF5/KArchive/kfilterbase.h
>>> /usr/include/KF5/KArchive/karchivefile.h
>>> /usr/include/KF5/KArchive/ktar.h
>>> /usr/include/KF5/KArchive/KZipFileEntry
>>> /usr/include/KF5/KArchive/kfilterdev.h
>>> /usr/include/KF5/KArchive/karchivedirectory.h
>>> /usr/include/KF5/KArchive/KArchive
>>> /usr/include/KF5/KArchive/KArchiveFile
>>> Safely unmerging already-installed instance...
>>> Original instance of package unmerged safely.
>>> kde-frameworks/karchive-5.70.0 merged.
>>> Regenerating /etc/ld.so.cache...
