No package files given... Grabbing a set.
<<<          obj /usr/share/qlogging-categories5/kjobwidgets.categories
<<<          obj /usr/share/dbus-1/interfaces/kf5_org.kde.JobViewV2.xml
<<<          obj /usr/share/dbus-1/interfaces/kf5_org.kde.JobViewServer.xml
<<<          obj /usr/share/dbus-1/interfaces/kf5_org.kde.JobView.xml
<<<          obj /usr/lib64/qt5/mkspecs/modules/qt_KJobWidgets.pri
<<<          obj /usr/lib64/libKF5JobWidgets.so.5.70.0
<<<          sym /usr/lib64/libKF5JobWidgets.so.5
<<<          sym /usr/lib64/libKF5JobWidgets.so
<<<          obj /usr/lib64/cmake/KF5JobWidgets/KF5JobWidgetsTargets.cmake
<<<          obj /usr/lib64/cmake/KF5JobWidgets/KF5JobWidgetsTargets-gentoo.cmake
<<<          obj /usr/lib64/cmake/KF5JobWidgets/KF5JobWidgetsConfigVersion.cmake
<<<          obj /usr/lib64/cmake/KF5JobWidgets/KF5JobWidgetsConfig.cmake
<<<          obj /usr/include/KF5/kjobwidgets_version.h
<<<          obj /usr/include/KF5/KJobWidgets/kwidgetjobtracker.h
<<<          obj /usr/include/KF5/KJobWidgets/kuiserverjobtracker.h
<<<          obj /usr/include/KF5/KJobWidgets/kstatusbarjobtracker.h
<<<          obj /usr/include/KF5/KJobWidgets/kjobwidgets_export.h
<<<          obj /usr/include/KF5/KJobWidgets/kjobwidgets.h
<<<          obj /usr/include/KF5/KJobWidgets/kdialogjobuidelegate.h
<<<          obj /usr/include/KF5/KJobWidgets/kabstractwidgetjobtracker.h
<<<          obj /usr/include/KF5/KJobWidgets/KWidgetJobTracker
<<<          obj /usr/include/KF5/KJobWidgets/KUiServerJobTracker
<<<          obj /usr/include/KF5/KJobWidgets/KStatusBarJobTracker
<<<          obj /usr/include/KF5/KJobWidgets/KJobWidgets
<<<          obj /usr/include/KF5/KJobWidgets/KDialogJobUiDelegate
<<<          obj /usr/include/KF5/KJobWidgets/KAbstractWidgetJobTracker
--- !empty   dir /usr/share/qlogging-categories5
--- !empty   dir /usr/share/dbus-1/interfaces
--- !empty   dir /usr/share/dbus-1
--- !empty   dir /usr/share
--- !empty   dir /usr/lib64/qt5/mkspecs/modules
--- !empty   dir /usr/lib64/qt5/mkspecs
--- !empty   dir /usr/lib64/qt5
<<<          dir /usr/lib64/cmake/KF5JobWidgets
--- !empty   dir /usr/lib64/cmake
--- !empty   dir /usr/lib64
<<<          dir /usr/include/KF5/KJobWidgets
--- !empty   dir /usr/include/KF5
--- !empty   dir /usr/include
--- !empty   dir /usr
>>> Regenerating /etc/ld.so.cache...
