No package files given... Grabbing a set.
<<<          obj /usr/share/qlogging-categories5/kded.categories
<<<          obj /usr/share/man/man8/kded5.8.bz2
<<<          obj /usr/share/kservicetypes5/kdedmodule.desktop
<<<          obj /usr/share/dbus-1/services/org.kde.kded5.service
<<<          obj /usr/share/dbus-1/interfaces/org.kde.kded5.xml
<<<          obj /usr/share/applications/org.kde.kded5.desktop
<<<          obj /usr/lib64/cmake/KDED/KDEDConfigVersion.cmake
<<<          obj /usr/lib64/cmake/KDED/KDEDConfig.cmake
<<<          obj /usr/bin/kded5
--- !empty   dir /usr/share/qlogging-categories5
--- !empty   dir /usr/share/man/man8
--- !empty   dir /usr/share/man
--- !empty   dir /usr/share/kservicetypes5
--- !empty   dir /usr/share/dbus-1/services
--- !empty   dir /usr/share/dbus-1/interfaces
--- !empty   dir /usr/share/dbus-1
--- !empty   dir /usr/share/applications
--- !empty   dir /usr/share
<<<          dir /usr/lib64/cmake/KDED
--- !empty   dir /usr/lib64/cmake
--- !empty   dir /usr/lib64
--- !empty   dir /usr/bin
--- !empty   dir /usr
