>>> Extracting info
 * Package:    kde-frameworks/kcrash-5.70.0
 * Repository: gentoo
 * USE:        elibc_glibc amd64 test abi_x86_64 kernel_linux userland_GNU
 * FEATURES:   ccache network-sandbox preserve-libs sandbox userpriv usersandbox
 * /etc/portage/package.cflags/ltoworkarounds.conf -> */*: *FLAGS+=-Wl,-O4 *FLAGS-=-Wl,-O1
 * FEATURES='qa-unresolved-soname-deps network-sandbox unmerge-orphans unknown-features-warn sandbox cgroup ccache ipc-sandbox usersandbox strict compress-index fixlafiles binpkg-multi-instance strict-keepdir multilib-strict userfetch buildpkg nodoc parallel-fetch binpkg-logs binpkg-dostrip sfperms preserve-libs assume-digests binpkg-docompress merge-sync pid-sandbox unmerge-logs news usersync parallel-install userpriv distlocks config-protect-if-modified xattr'
 * CFLAGS='-march=znver2 -O3 -fgraphite-identity -floop-nest-optimize -fdevirtualize-at-ltrans -fipa-pta -fno-semantic-interposition -flto=12 -fno-plt -fno-signed-zeros -fno-trapping-math -fassociative-math -freciprocal-math -fno-math-errno -ffinite-math-only -fno-rounding-math -fno-signaling-nans -fcx-limited-range -fexcess-precision=fast -falign-functions=32 -fno-stack-protector -fno-stack-clash-protection -fstack-check=no -fno-stack-check -fuse-linker-plugin -pipe -g0 -Wl,--as-needed -Wl,-z,norelro -Wl,-z,now -Wl,--sort-common -s -Wl,-O4'
 * CXXFLAGS='-march=znver2 -O3 -fgraphite-identity -floop-nest-optimize -fdevirtualize-at-ltrans -fipa-pta -fno-semantic-interposition -flto=12 -fno-plt -fno-signed-zeros -fno-trapping-math -fassociative-math -freciprocal-math -fno-math-errno -ffinite-math-only -fno-rounding-math -fno-signaling-nans -fcx-limited-range -fexcess-precision=fast -falign-functions=32 -fno-stack-protector -fno-stack-clash-protection -fstack-check=no -fno-stack-check -fuse-linker-plugin -pipe -g0 -Wl,--as-needed -Wl,-z,norelro -Wl,-z,now -Wl,--sort-common -s -Wl,-O4'
 * CPPFLAGS='-DQT_NO_DEBUG'
 * FFLAGS='-march=znver2 -O3 -fgraphite-identity -floop-nest-optimize -fdevirtualize-at-ltrans -fipa-pta -fno-semantic-interposition -flto=12 -fno-plt -fno-signed-zeros -fno-trapping-math -fassociative-math -freciprocal-math -fno-math-errno -ffinite-math-only -fno-rounding-math -fno-signaling-nans -fcx-limited-range -fexcess-precision=fast -falign-functions=32 -fno-stack-protector -fno-stack-clash-protection -fstack-check=no -fno-stack-check -fuse-linker-plugin -pipe -g0 -Wl,--as-needed -Wl,-z,norelro -Wl,-z,now -Wl,--sort-common -s -Wl,-O4'
 * FCFLAGS='-march=znver2 -O3 -fgraphite-identity -floop-nest-optimize -fdevirtualize-at-ltrans -fipa-pta -fno-semantic-interposition -flto=12 -fno-plt -fno-signed-zeros -fno-trapping-math -fassociative-math -freciprocal-math -fno-math-errno -ffinite-math-only -fno-rounding-math -fno-signaling-nans -fcx-limited-range -fexcess-precision=fast -falign-functions=32 -fno-stack-protector -fno-stack-clash-protection -fstack-check=no -fno-stack-check -fuse-linker-plugin -pipe -g0 -Wl,--as-needed -Wl,-z,norelro -Wl,-z,now -Wl,--sort-common -s -Wl,-O4'
 * F77FLAGS='-march=znver2 -O3 -fgraphite-identity -floop-nest-optimize -fdevirtualize-at-ltrans -fipa-pta -fno-semantic-interposition -flto=12 -fno-plt -fno-signed-zeros -fno-trapping-math -fassociative-math -freciprocal-math -fno-math-errno -ffinite-math-only -fno-rounding-math -fno-signaling-nans -fcx-limited-range -fexcess-precision=fast -falign-functions=32 -fno-stack-protector -fno-stack-clash-protection -fstack-check=no -fno-stack-check -fuse-linker-plugin -pipe -g0 -Wl,--as-needed -Wl,-z,norelro -Wl,-z,now -Wl,--sort-common -s -Wl,-O4'
 * LDFLAGS='-Wl,--as-needed -Wl,-z,norelro -Wl,-z,now -Wl,--sort-common -s -march=znver2 -O3 -fgraphite-identity -floop-nest-optimize -fdevirtualize-at-ltrans -fipa-pta -fno-semantic-interposition -flto=12 -fno-plt -fno-signed-zeros -fno-trapping-math -fassociative-math -freciprocal-math -fno-math-errno -ffinite-math-only -fno-rounding-math -fno-signaling-nans -fcx-limited-range -fexcess-precision=fast -falign-functions=32 -fno-stack-protector -fno-stack-clash-protection -fstack-check=no -fno-stack-check -fuse-linker-plugin -pipe -g0 -Wl,-O4'
 * MAKEOPTS='-j12 -l12'
 * gcc () 11.0.0 20200601 (experimental)
 * g++ () 11.0.0 20200601 (experimental)
 * GNU ld (Gentoo 2.34 p4) 2.34.0
 * Linux ryzen.gnum.org 5.4.36 #1 SMP Thu Apr 30 04:38:28 UTC 2020 x86_64 AMD Ryzen 5 3600 6-Core Processor AuthenticAMD GNU/Linux
kde-frameworks/kcrash: 16 seconds average for 11 merges
2020-05-16T16:41:02 >>> kde-frameworks/kcrash: 9 seconds
2020-05-20T02:19:03 >>> kde-frameworks/kcrash: 5 seconds
2020-05-23T16:28:46 >>> kde-frameworks/kcrash: 24 seconds
2020-05-25T15:29:28 >>> kde-frameworks/kcrash: 5 seconds
2020-05-26T05:19:15 >>> kde-frameworks/kcrash: 14 seconds
2020-05-27T02:30:30 >>> kde-frameworks/kcrash: 5 seconds
2020-05-28T05:01:46 >>> kde-frameworks/kcrash: 18 seconds
2020-05-29T03:22:13 >>> kde-frameworks/kcrash: 18 seconds
2020-05-30T05:28:45 >>> kde-frameworks/kcrash: 26 seconds
2020-05-31T23:40:19 >>> kde-frameworks/kcrash: 24 seconds
2020-06-01T10:26:41 >>> kde-frameworks/kcrash: 30 seconds
]0;emerge 02:23:02 34|484 kcrash 00:27 (root@ryzen.gnum.org)kemerge 02:23:02 34|484 kcrash 00:27 (root@ryzen.gnum.org)\>>> Extracting kde-frameworks/kcrash-5.70.0
 * checking 13 files for package collisions
>>> Merging kde-frameworks/kcrash-5.70.0 to /
 * removing unneeded *.la files
--- /usr/
--- /usr/lib64/
>>> /usr/lib64/libKF5Crash.so.5.70.0
>>> /usr/lib64/libKF5Crash.so -> libKF5Crash.so.5
--- /usr/lib64/cmake/
--- /usr/lib64/cmake/KF5Crash/
>>> /usr/lib64/cmake/KF5Crash/KF5CrashConfigVersion.cmake
>>> /usr/lib64/cmake/KF5Crash/KF5CrashTargets.cmake
>>> /usr/lib64/cmake/KF5Crash/KF5CrashConfig.cmake
>>> /usr/lib64/cmake/KF5Crash/KF5CrashTargets-gentoo.cmake
>>> /usr/lib64/libKF5Crash.so.5 -> libKF5Crash.so.5.70.0
--- /usr/lib64/qt5/
--- /usr/lib64/qt5/mkspecs/
--- /usr/lib64/qt5/mkspecs/modules/
>>> /usr/lib64/qt5/mkspecs/modules/qt_KCrash.pri
--- /usr/share/
--- /usr/share/qlogging-categories5/
>>> /usr/share/qlogging-categories5/kcrash.categories
--- /usr/include/
--- /usr/include/KF5/
--- /usr/include/KF5/KCrash/
>>> /usr/include/KF5/KCrash/kcrash.h
>>> /usr/include/KF5/KCrash/KCrash
>>> /usr/include/KF5/KCrash/kcrash_export.h
>>> /usr/include/KF5/kcrash_version.h
>>> Safely unmerging already-installed instance...
>>> Original instance of package unmerged safely.
>>> kde-frameworks/kcrash-5.70.0 merged.
>>> Regenerating /etc/ld.so.cache...
