No package files given... Grabbing a set.
--- replaced obj /usr/share/qlogging-categories5/kdbusaddons.categories
--- replaced dir /usr/share/qlogging-categories5
<<<          obj /usr/share/doc/kdbusaddons-5.70.0/README.md.bz2
--- replaced dir /usr/share
--- replaced obj /usr/lib64/qt5/mkspecs/modules/qt_KDBusAddons.pri
--- replaced dir /usr/lib64/qt5/mkspecs/modules
--- replaced dir /usr/lib64/qt5/mkspecs
--- replaced dir /usr/lib64/qt5
--- replaced obj /usr/lib64/libKF5DBusAddons.so.5.70.0
--- replaced sym /usr/lib64/libKF5DBusAddons.so.5
--- replaced sym /usr/lib64/libKF5DBusAddons.so
--- replaced obj /usr/lib64/cmake/KF5DBusAddons/KF5dbus.service.in
--- replaced obj /usr/lib64/cmake/KF5DBusAddons/KF5DBusAddonsTargets.cmake
--- replaced obj /usr/lib64/cmake/KF5DBusAddons/KF5DBusAddonsTargets-gentoo.cmake
--- replaced obj /usr/lib64/cmake/KF5DBusAddons/KF5DBusAddonsMacros.cmake
--- replaced obj /usr/lib64/cmake/KF5DBusAddons/KF5DBusAddonsConfigVersion.cmake
--- replaced obj /usr/lib64/cmake/KF5DBusAddons/KF5DBusAddonsConfig.cmake
--- replaced dir /usr/lib64/cmake/KF5DBusAddons
--- replaced dir /usr/lib64/cmake
--- replaced dir /usr/lib64
--- replaced obj /usr/include/KF5/kdbusaddons_version.h
--- replaced obj /usr/include/KF5/KDBusAddons/kdeinitinterface.h
--- replaced obj /usr/include/KF5/KDBusAddons/kdedmodule.h
--- replaced obj /usr/include/KF5/KDBusAddons/kdbusservice.h
--- replaced obj /usr/include/KF5/KDBusAddons/kdbusinterprocesslock.h
--- replaced obj /usr/include/KF5/KDBusAddons/kdbusconnectionpool.h
--- replaced obj /usr/include/KF5/KDBusAddons/kdbusaddons_export.h
--- replaced obj /usr/include/KF5/KDBusAddons/KDEInitInterface
--- replaced obj /usr/include/KF5/KDBusAddons/KDEDModule
--- replaced obj /usr/include/KF5/KDBusAddons/KDBusService
--- replaced obj /usr/include/KF5/KDBusAddons/KDBusInterProcessLock
--- replaced obj /usr/include/KF5/KDBusAddons/KDBusConnectionPool
--- replaced dir /usr/include/KF5/KDBusAddons
--- replaced dir /usr/include/KF5
--- replaced dir /usr/include
--- replaced obj /usr/bin/kquitapp5
--- replaced dir /usr/bin
--- replaced dir /usr
<<<          dir /usr/share/doc/kdbusaddons-5.70.0
--- !empty   dir /usr/share/doc
>>> Regenerating /etc/ld.so.cache...
