>>> Extracting info
 * Package:    media-libs/libcaca-0.99_beta19-r1
 * Repository: gentoo
 * USE:        elibc_glibc cxx userland_GNU X amd64 python abi_x86_64 ncurses truetype opengl python_single_target_python2_7 kernel_linux
 * FEATURES:   ccache network-sandbox preserve-libs sandbox userpriv usersandbox
 * /etc/portage/package.cflags/ltoworkarounds.conf -> media-libs/libcaca: *FLAGS+="-fuse-ld=bfd"
 * FEATURES='assume-digests ccache multilib-strict sandbox binpkg-docompress binpkg-multi-instance binpkg-logs sfperms xattr userpriv unknown-features-warn fixlafiles unmerge-orphans usersync distlocks ipc-sandbox downgrade-backup preserve-libs pid-sandbox binpkg-dostrip userfetch strict unmerge-logs strict-keepdir parallel-fetch compress-index network-sandbox usersandbox nodoc buildpkg unmerge-backup parallel-install config-protect-if-modified merge-sync news cgroup qa-unresolved-soname-deps'
 * CFLAGS='-march=native -O3 -fgraphite-identity -floop-nest-optimize -fdevirtualize-at-ltrans -fipa-pta -fno-semantic-interposition -flto=12 -fno-plt -fno-math-errno -fno-trapping-math -fuse-linker-plugin -pipe -g0 -fuse-ld=bfd -Wl,-O1 -Wl,--as-needed -Wl,--hash-style=gnu,-z,norelro,--as-needed'
 * CXXFLAGS='-march=native -O3 -fgraphite-identity -floop-nest-optimize -fdevirtualize-at-ltrans -fipa-pta -fno-semantic-interposition -flto=12 -fno-plt -fno-math-errno -fno-trapping-math -fuse-linker-plugin -pipe -g0 -fuse-ld=bfd -Wl,-O1 -Wl,--as-needed -Wl,--hash-style=gnu,-z,norelro,--as-needed -std=c++11'
 * FFLAGS='-march=native -O3 -fgraphite-identity -floop-nest-optimize -fdevirtualize-at-ltrans -fipa-pta -fno-semantic-interposition -flto=12 -fno-plt -fno-math-errno -fno-trapping-math -fuse-linker-plugin -pipe -g0 -fuse-ld=bfd -Wl,-O1 -Wl,--as-needed -Wl,--hash-style=gnu,-z,norelro,--as-needed'
 * FCFLAGS='-march=native -O3 -fgraphite-identity -floop-nest-optimize -fdevirtualize-at-ltrans -fipa-pta -fno-semantic-interposition -flto=12 -fno-plt -fno-math-errno -fno-trapping-math -fuse-linker-plugin -pipe -g0 -fuse-ld=bfd -Wl,-O1 -Wl,--as-needed -Wl,--hash-style=gnu,-z,norelro,--as-needed'
 * F77FLAGS='-march=native -O3 -fgraphite-identity -floop-nest-optimize -fdevirtualize-at-ltrans -fipa-pta -fno-semantic-interposition -flto=12 -fno-plt -fno-math-errno -fno-trapping-math -fuse-linker-plugin -pipe -g0 -fuse-ld=bfd -Wl,-O1 -Wl,--as-needed -Wl,--hash-style=gnu,-z,norelro,--as-needed'
 * LDFLAGS='-Wl,-O1 -Wl,--as-needed -Wl,--hash-style=gnu,-z,norelro,--as-needed -march=native -O3 -fgraphite-identity -floop-nest-optimize -fdevirtualize-at-ltrans -fipa-pta -fno-semantic-interposition -flto=12 -fno-plt -fno-math-errno -fno-trapping-math -fuse-linker-plugin -pipe -g0 -fuse-ld=bfd -std=c++11'
 * MAKEOPTS='-j12 -l12'
 * gcc (Gentoo 11.0.0_pre9999 p1, commit 584d52b088f9fcf78704b504c3f1f07e17c1cded) 11.0.0 20200523 (experimental)
 * g++ (Gentoo 11.0.0_pre9999 p1, commit 584d52b088f9fcf78704b504c3f1f07e17c1cded) 11.0.0 20200523 (experimental)
 * GNU ld (Gentoo 2.34 p4) 2.34.0
 * Linux ryzen.gnum.org 5.4.36 #1 SMP Thu Apr 30 04:38:28 UTC 2020 x86_64 AMD Ryzen 5 3600 6-Core Processor AuthenticAMD GNU/Linux
media-libs/libcaca: 43 seconds average for 3 merges
2020-05-24T03:31:35 >>> media-libs/libcaca: 40 seconds
2020-05-24T13:35:10 >>> media-libs/libcaca: 6 seconds
2020-05-24T14:55:50 >>> media-libs/libcaca: 1 minute, 23 seconds
]0;emerge 14:57:53 126|229 libcaca 00:43 (root@ryzen.gnum.org)kemerge 14:57:53 126|229 libcaca 00:43 (root@ryzen.gnum.org)\>>> Extracting media-libs/libcaca-0.99_beta19-r1
 * checking 47 files for package collisions
 * This package will overwrite one or more files that may belong to other
 * packages (see list below). Add either "collision-protect" or "protect-
 * owned" to FEATURES in make.conf if you would like the merge to abort
 * in cases like this. See the make.conf man page for more information
 * about these features. You can use a command such as `portageq owners /
 * <filename>` to identify the installed package that owns a file. If
 * portageq reports that only one package owns a file then do NOT file a
 * bug report. A bug report is only useful if it identifies at least two
 * or more packages that are known to install the same file(s). If a
 * collision occurs and you can not explain where the file came from then
 * you should simply ignore the collision since there is not enough
 * information to determine if a real problem exists. Please do NOT file
 * a bug report at https://bugs.gentoo.org/ unless you report exactly
 * which two packages install the same file(s). See
 * https://wiki.gentoo.org/wiki/Knowledge_Base:Blockers for tips on how
 * to solve the problem. And once again, please do NOT file a bug report
 * unless you have completely understood the above message.
 * 
 * Detected file collision(s):
 * 
 * 	/usr/lib64/libcaca.so.0.99.19
 * 	/usr/lib64/libcaca.so.0
 * Package 'media-libs/libcaca-0.99_beta19-r1' merged despite file
 * collisions. If necessary, refer to your elog messages for the whole
 * content of the above message.
>>> Merging media-libs/libcaca-0.99_beta19-r1 to /
 * removing unneeded *.la files
--- /usr/
--- /usr/lib64/
>>> /usr/lib64/libcaca++.so.0.99.19
--- /usr/lib64/pkgconfig/
>>> /usr/lib64/pkgconfig/caca.pc
>>> /usr/lib64/pkgconfig/caca++.pc
>>> /usr/lib64/libcaca++.so -> libcaca++.so.0.99.19
>>> /usr/lib64/libcaca++.so.0 -> libcaca++.so.0.99.19
>>> /usr/lib64/libcaca.so.0 -> libcaca.so.0.99.19
--- /usr/lib64/python2.7/
--- /usr/lib64/python2.7/site-packages/
>>> /usr/lib64/python2.7/site-packages/caca/
>>> /usr/lib64/python2.7/site-packages/caca/dither.py
>>> /usr/lib64/python2.7/site-packages/caca/__init__.pyc
>>> /usr/lib64/python2.7/site-packages/caca/display.pyc
>>> /usr/lib64/python2.7/site-packages/caca/dither.pyo
>>> /usr/lib64/python2.7/site-packages/caca/common.pyc
>>> /usr/lib64/python2.7/site-packages/caca/font.py
>>> /usr/lib64/python2.7/site-packages/caca/canvas.pyc
>>> /usr/lib64/python2.7/site-packages/caca/common.pyo
>>> /usr/lib64/python2.7/site-packages/caca/dither.pyc
>>> /usr/lib64/python2.7/site-packages/caca/__init__.py
>>> /usr/lib64/python2.7/site-packages/caca/canvas.pyo
>>> /usr/lib64/python2.7/site-packages/caca/__init__.pyo
>>> /usr/lib64/python2.7/site-packages/caca/display.pyo
>>> /usr/lib64/python2.7/site-packages/caca/common.py
>>> /usr/lib64/python2.7/site-packages/caca/font.pyc
>>> /usr/lib64/python2.7/site-packages/caca/display.py
>>> /usr/lib64/python2.7/site-packages/caca/font.pyo
>>> /usr/lib64/python2.7/site-packages/caca/canvas.py
>>> /usr/lib64/libcaca.so -> libcaca.so.0.99.19
>>> /usr/lib64/libcaca.so.0.99.19
--- /usr/share/
--- /usr/share/man/
--- /usr/share/man/man1/
>>> /usr/share/man/man1/cacafire.1.bz2
>>> /usr/share/man/man1/cacaplay.1.bz2
>>> /usr/share/man/man1/cacaview.1.bz2
>>> /usr/share/man/man1/caca-config.1.bz2
>>> /usr/share/man/man1/img2txt.1.bz2
>>> /usr/share/man/man1/cacademo.1.bz2 -> cacafire.1.bz2
>>> /usr/share/man/man1/cacaserver.1.bz2
>>> /usr/share/libcaca/
>>> /usr/share/libcaca/caca.txt
--- /usr/include/
>>> /usr/include/caca++.h
>>> /usr/include/caca_conio.h
>>> /usr/include/caca_types.h
>>> /usr/include/caca0.h
>>> /usr/include/caca.h
--- /usr/bin/
>>> /usr/bin/img2txt
>>> /usr/bin/cacaplay
>>> /usr/bin/cacaclock
>>> /usr/bin/cacaserver
>>> /usr/bin/cacafire
>>> /usr/bin/caca-config
>>> /usr/bin/cacaview
>>> /usr/bin/cacademo
>>> media-libs/libcaca-0.99_beta19-r1 merged.
>>> Regenerating /etc/ld.so.cache...
