>>> Extracting info
 * Package:    media-video/ffmpeg-4.2.2
 * Repository: gentoo
 * USE:        truetype cpu_flags_x86_sse4_2 elibc_glibc fftools_ismindex fontconfig fftools_ffhash cpu_flags_x86_sse2 fftools_sidxindex alsa fftools_aviocat kernel_linux fftools_ffeval threads fftools_trasher x264 sdl cpu_flags_x86_avx cpu_flags_x86_mmx iconv lzma cpu_flags_x86_sse3 encode fftools_ffescape opengl cpu_flags_x86_fma3 cpudetection amd64 X fftools_fourcc2pixfmt fftools_graph2dot fftools_pktdumper ssh svg cpu_flags_x86_aes bzip2 vorbis zlib network fdk fftools_cws2fws mp3 userland_GNU gpl cpu_flags_x86_sse video_cards_nvidia pulseaudio cpu_flags_x86_ssse3 postproc xvid cpu_flags_x86_mmxext x265 cpu_flags_x86_avx2 fftools_qt-faststart abi_x86_64 cpu_flags_x86_sse4_1
 * FEATURES:   ccache network-sandbox preserve-libs sandbox userpriv usersandbox
 * /etc/portage/package.cflags/ltoworkarounds.conf -> media-video/ffmpeg: *FLAGS-=-flto* #NOTE: Depending on your CPUFLAGS this may work with LTO.  The SSE intrinsics seem to cause problems in some cases. Only x86 requires workaround
 * /etc/portage/package.cflags/ltoworkarounds.conf -> media-video/ffmpeg: *FLAGS-="${IPAPTA}" # Test failure
 * /etc/portage/package.cflags/ltoworkarounds.conf -> media-video/ffmpeg: *FLAGS-="-fno-plt"
 * FEATURES='binpkg-multi-instance assume-digests unknown-features-warn merge-sync userpriv xattr unmerge-orphans news pid-sandbox compress-index usersync fixlafiles qa-unresolved-soname-deps cgroup unmerge-backup multilib-strict parallel-fetch network-sandbox downgrade-backup sandbox usersandbox strict ipc-sandbox parallel-install binpkg-dostrip strict-keepdir preserve-libs unmerge-logs ccache nodoc sfperms userfetch binpkg-docompress binpkg-logs buildpkg distlocks config-protect-if-modified'
 * CFLAGS='-march=native -O3 -fgraphite-identity -floop-nest-optimize -fdevirtualize-at-ltrans -fno-semantic-interposition -fno-signed-zeros -fno-trapping-math -fassociative-math -freciprocal-math -fno-math-errno -ffinite-math-only -fno-rounding-math -fno-signaling-nans -fcx-limited-range -fexcess-precision=fast -fno-common -fuse-linker-plugin -pipe -g0 -fno-stack-protector -fno-stack-clash-protection -fstack-check=no -fno-stack-check -Wl,-O4,--hash-style=gnu,--sort-common,--as-needed,-z,relro,-z,now,-lgomp,-lpthread'
 * CXXFLAGS='-march=native -O3 -fgraphite-identity -floop-nest-optimize -fdevirtualize-at-ltrans -fno-semantic-interposition -fno-signed-zeros -fno-trapping-math -fassociative-math -freciprocal-math -fno-math-errno -ffinite-math-only -fno-rounding-math -fno-signaling-nans -fcx-limited-range -fexcess-precision=fast -fno-common -fuse-linker-plugin -pipe -g0 -fno-stack-protector -fno-stack-clash-protection -fstack-check=no -fno-stack-check -Wl,-O4,--hash-style=gnu,--sort-common,--as-needed,-z,relro,-z,now,-lgomp,-lpthread'
 * FFLAGS='-march=native -O3 -fgraphite-identity -floop-nest-optimize -fdevirtualize-at-ltrans -fno-semantic-interposition -fno-signed-zeros -fno-trapping-math -fassociative-math -freciprocal-math -fno-math-errno -ffinite-math-only -fno-rounding-math -fno-signaling-nans -fcx-limited-range -fexcess-precision=fast -fno-common -fuse-linker-plugin -pipe -g0 -fno-stack-protector -fno-stack-clash-protection -fstack-check=no -fno-stack-check -Wl,-O4,--hash-style=gnu,--sort-common,--as-needed,-z,relro,-z,now,-lgomp,-lpthread'
 * FCFLAGS='-march=native -O3 -fgraphite-identity -floop-nest-optimize -fdevirtualize-at-ltrans -fno-semantic-interposition -fno-signed-zeros -fno-trapping-math -fassociative-math -freciprocal-math -fno-math-errno -ffinite-math-only -fno-rounding-math -fno-signaling-nans -fcx-limited-range -fexcess-precision=fast -fno-common -fuse-linker-plugin -pipe -g0 -fno-stack-protector -fno-stack-clash-protection -fstack-check=no -fno-stack-check -Wl,-O4,--hash-style=gnu,--sort-common,--as-needed,-z,relro,-z,now,-lgomp,-lpthread'
 * F77FLAGS='-march=native -O3 -fgraphite-identity -floop-nest-optimize -fdevirtualize-at-ltrans -fno-semantic-interposition -fno-signed-zeros -fno-trapping-math -fassociative-math -freciprocal-math -fno-math-errno -ffinite-math-only -fno-rounding-math -fno-signaling-nans -fcx-limited-range -fexcess-precision=fast -fno-common -fuse-linker-plugin -pipe -g0 -fno-stack-protector -fno-stack-clash-protection -fstack-check=no -fno-stack-check -Wl,-O4,--hash-style=gnu,--sort-common,--as-needed,-z,relro,-z,now,-lgomp,-lpthread'
 * LDFLAGS='-Wl,-O4,--hash-style=gnu,--sort-common,--as-needed,-z,relro,-z,now,-lgomp,-lpthread'
 * MAKEOPTS='-j12'
 * gcc (Gentoo 10.1.0 p1) 10.1.0
 * g++ (Gentoo 10.1.0 p1) 10.1.0
 * GNU ld (Gentoo 9999 p5) 2.34.50.20200520
 * Linux ryzen.gnum.org 5.4.36 #1 SMP Thu Apr 30 04:38:28 UTC 2020 x86_64 AMD Ryzen 5 3600 6-Core Processor AuthenticAMD GNU/Linux
media-video/ffmpeg: 2 minutes, 3 seconds average for 2 merges
2020-05-20T02:50:24 >>> media-video/ffmpeg: 1 minute, 50 seconds
2020-05-20T08:39:25 >>> media-video/ffmpeg: 2 minutes, 17 seconds
]0;emerge 13:13:30 11|69 ffmpeg 02:04 (root@ryzen.gnum.org)>>> Extracting media-video/ffmpeg-4.2.2
 * checking 222 files for package collisions
>>> Merging media-video/ffmpeg-4.2.2 to /
 * removing unneeded *.la files
--- /usr/
--- /usr/lib64/
>>> /usr/lib64/libpostproc.so -> libpostproc.so.55.5.100
>>> /usr/lib64/libavcodec.so.58 -> libavcodec.so.58.54.100
>>> /usr/lib64/libavfilter.so.7 -> libavfilter.so.7.57.100
>>> /usr/lib64/libavfilter.so -> libavfilter.so.7.57.100
>>> /usr/lib64/libavresample.so -> libavresample.so.4.0.0
--- /usr/lib64/pkgconfig/
>>> /usr/lib64/pkgconfig/libavcodec.pc
>>> /usr/lib64/pkgconfig/libavutil.pc
>>> /usr/lib64/pkgconfig/libavfilter.pc
>>> /usr/lib64/pkgconfig/libswresample.pc
>>> /usr/lib64/pkgconfig/libswscale.pc
>>> /usr/lib64/pkgconfig/libpostproc.pc
>>> /usr/lib64/pkgconfig/libavresample.pc
>>> /usr/lib64/pkgconfig/libavformat.pc
>>> /usr/lib64/pkgconfig/libavdevice.pc
>>> /usr/lib64/libavfilter.so.7.57.100
>>> /usr/lib64/libavdevice.so.58 -> libavdevice.so.58.8.100
>>> /usr/lib64/libavformat.so.58.29.100
>>> /usr/lib64/libpostproc.so.55.5.100
>>> /usr/lib64/libswresample.so.3 -> libswresample.so.3.5.100
>>> /usr/lib64/libavdevice.so -> libavdevice.so.58.8.100
>>> /usr/lib64/libswscale.so.5 -> libswscale.so.5.5.100
>>> /usr/lib64/libswresample.so.3.5.100
>>> /usr/lib64/libavresample.so.4 -> libavresample.so.4.0.0
>>> /usr/lib64/libavutil.so.56 -> libavutil.so.56.31.100
>>> /usr/lib64/libavcodec.so -> libavcodec.so.58.54.100
>>> /usr/lib64/libswresample.so -> libswresample.so.3.5.100
>>> /usr/lib64/libavutil.so.56.31.100
>>> /usr/lib64/libavresample.so.4.0.0
>>> /usr/lib64/libswscale.so.5.5.100
>>> /usr/lib64/libavformat.so -> libavformat.so.58.29.100
>>> /usr/lib64/libavformat.so.58 -> libavformat.so.58.29.100
>>> /usr/lib64/libswscale.so -> libswscale.so.5.5.100
>>> /usr/lib64/libavcodec.so.58.54.100
>>> /usr/lib64/libpostproc.so.55 -> libpostproc.so.55.5.100
>>> /usr/lib64/libavutil.so -> libavutil.so.56.31.100
>>> /usr/lib64/libavdevice.so.58.8.100
--- /usr/share/
--- /usr/share/ffmpeg/
>>> /usr/share/ffmpeg/libvpx-720p.ffpreset
>>> /usr/share/ffmpeg/libvpx-1080p50_60.ffpreset
>>> /usr/share/ffmpeg/libvpx-720p50_60.ffpreset
>>> /usr/share/ffmpeg/libvpx-1080p.ffpreset
>>> /usr/share/ffmpeg/libvpx-360p.ffpreset
--- /usr/share/ffmpeg/examples/
>>> /usr/share/ffmpeg/examples/encode_audio.c
>>> /usr/share/ffmpeg/examples/remuxing.c
>>> /usr/share/ffmpeg/examples/transcoding.c
>>> /usr/share/ffmpeg/examples/demuxing_decoding.c
>>> /usr/share/ffmpeg/examples/filter_audio.c
>>> /usr/share/ffmpeg/examples/filtering_video.c
>>> /usr/share/ffmpeg/examples/vaapi_transcode.c
>>> /usr/share/ffmpeg/examples/scaling_video.c
>>> /usr/share/ffmpeg/examples/avio_dir_cmd.c
>>> /usr/share/ffmpeg/examples/avio_reading.c
>>> /usr/share/ffmpeg/examples/http_multiclient.c
>>> /usr/share/ffmpeg/examples/extract_mvs.c
>>> /usr/share/ffmpeg/examples/muxing.c
>>> /usr/share/ffmpeg/examples/transcode_aac.c
>>> /usr/share/ffmpeg/examples/decode_audio.c
>>> /usr/share/ffmpeg/examples/Makefile
>>> /usr/share/ffmpeg/examples/qsvdec.c
>>> /usr/share/ffmpeg/examples/decode_video.c
>>> /usr/share/ffmpeg/examples/resampling_audio.c
>>> /usr/share/ffmpeg/examples/hw_decode.c
>>> /usr/share/ffmpeg/examples/encode_video.c
>>> /usr/share/ffmpeg/examples/filtering_audio.c
>>> /usr/share/ffmpeg/examples/vaapi_encode.c
>>> /usr/share/ffmpeg/examples/metadata.c
>>> /usr/share/ffmpeg/examples/README
>>> /usr/share/ffmpeg/ffprobe.xsd
--- /usr/share/man/
--- /usr/share/man/man3/
>>> /usr/share/man/man3/libavcodec.3.bz2
>>> /usr/share/man/man3/libavutil.3.bz2
>>> /usr/share/man/man3/libavfilter.3.bz2
>>> /usr/share/man/man3/libavformat.3.bz2
>>> /usr/share/man/man3/libavdevice.3.bz2
>>> /usr/share/man/man3/libswresample.3.bz2
>>> /usr/share/man/man3/libswscale.3.bz2
--- /usr/share/man/man1/
>>> /usr/share/man/man1/ffmpeg-formats.1.bz2
>>> /usr/share/man/man1/ffplay.1.bz2
>>> /usr/share/man/man1/ffprobe.1.bz2
>>> /usr/share/man/man1/ffmpeg-utils.1.bz2
>>> /usr/share/man/man1/ffmpeg-bitstream-filters.1.bz2
>>> /usr/share/man/man1/ffmpeg-codecs.1.bz2
>>> /usr/share/man/man1/ffplay-all.1.bz2
>>> /usr/share/man/man1/ffmpeg-all.1.bz2
>>> /usr/share/man/man1/ffmpeg-filters.1.bz2
>>> /usr/share/man/man1/ffprobe-all.1.bz2
>>> /usr/share/man/man1/ffmpeg-scaler.1.bz2
>>> /usr/share/man/man1/ffmpeg-resampler.1.bz2
>>> /usr/share/man/man1/ffmpeg-devices.1.bz2
>>> /usr/share/man/man1/ffmpeg.1.bz2
>>> /usr/share/man/man1/ffmpeg-protocols.1.bz2
--- /usr/include/
--- /usr/include/libswscale/
>>> /usr/include/libswscale/swscale.h
>>> /usr/include/libswscale/version.h
--- /usr/include/libavdevice/
>>> /usr/include/libavdevice/version.h
>>> /usr/include/libavdevice/avdevice.h
--- /usr/include/libavcodec/
>>> /usr/include/libavcodec/qsv.h
>>> /usr/include/libavcodec/mediacodec.h
>>> /usr/include/libavcodec/version.h
>>> /usr/include/libavcodec/xvmc.h
>>> /usr/include/libavcodec/vorbis_parser.h
>>> /usr/include/libavcodec/adts_parser.h
>>> /usr/include/libavcodec/avfft.h
>>> /usr/include/libavcodec/vaapi.h
>>> /usr/include/libavcodec/vdpau.h
>>> /usr/include/libavcodec/d3d11va.h
>>> /usr/include/libavcodec/ac3_parser.h
>>> /usr/include/libavcodec/jni.h
>>> /usr/include/libavcodec/avdct.h
>>> /usr/include/libavcodec/videotoolbox.h
>>> /usr/include/libavcodec/avcodec.h
>>> /usr/include/libavcodec/dirac.h
>>> /usr/include/libavcodec/dxva2.h
>>> /usr/include/libavcodec/dv_profile.h
--- /usr/include/libavresample/
>>> /usr/include/libavresample/version.h
>>> /usr/include/libavresample/avresample.h
--- /usr/include/libswresample/
>>> /usr/include/libswresample/version.h
>>> /usr/include/libswresample/swresample.h
--- /usr/include/libpostproc/
>>> /usr/include/libpostproc/version.h
>>> /usr/include/libpostproc/postprocess.h
--- /usr/include/libavfilter/
>>> /usr/include/libavfilter/version.h
>>> /usr/include/libavfilter/avfilter.h
>>> /usr/include/libavfilter/buffersrc.h
>>> /usr/include/libavfilter/buffersink.h
--- /usr/include/x86_64-pc-linux-gnu/
--- /usr/include/x86_64-pc-linux-gnu/libavutil/
>>> /usr/include/x86_64-pc-linux-gnu/libavutil/avconfig.h
--- /usr/include/libavutil/
>>> /usr/include/libavutil/cast5.h
>>> /usr/include/libavutil/hwcontext_drm.h
>>> /usr/include/libavutil/cpu.h
>>> /usr/include/libavutil/rc4.h
>>> /usr/include/libavutil/lfg.h
>>> /usr/include/libavutil/version.h
>>> /usr/include/libavutil/hwcontext_vaapi.h
>>> /usr/include/libavutil/avutil.h
>>> /usr/include/libavutil/mastering_display_metadata.h
>>> /usr/include/libavutil/murmur3.h
>>> /usr/include/libavutil/dict.h
>>> /usr/include/libavutil/random_seed.h
>>> /usr/include/libavutil/motion_vector.h
>>> /usr/include/libavutil/pixfmt.h
>>> /usr/include/libavutil/bprint.h
>>> /usr/include/libavutil/opt.h
>>> /usr/include/libavutil/hwcontext_vdpau.h
>>> /usr/include/libavutil/timestamp.h
>>> /usr/include/libavutil/sha.h
>>> /usr/include/libavutil/hwcontext_dxva2.h
>>> /usr/include/libavutil/md5.h
>>> /usr/include/libavutil/buffer.h
>>> /usr/include/libavutil/avconfig.h
>>> /usr/include/libavutil/mem.h
>>> /usr/include/libavutil/threadmessage.h
>>> /usr/include/libavutil/display.h
>>> /usr/include/libavutil/replaygain.h
>>> /usr/include/libavutil/hwcontext_videotoolbox.h
>>> /usr/include/libavutil/rational.h
>>> /usr/include/libavutil/base64.h
>>> /usr/include/libavutil/mathematics.h
>>> /usr/include/libavutil/eval.h
>>> /usr/include/libavutil/pixdesc.h
>>> /usr/include/libavutil/log.h
>>> /usr/include/libavutil/common.h
>>> /usr/include/libavutil/hwcontext_qsv.h
>>> /usr/include/libavutil/file.h
>>> /usr/include/libavutil/intreadwrite.h
>>> /usr/include/libavutil/hash.h
>>> /usr/include/libavutil/imgutils.h
>>> /usr/include/libavutil/aes_ctr.h
>>> /usr/include/libavutil/spherical.h
>>> /usr/include/libavutil/crc.h
>>> /usr/include/libavutil/tree.h
>>> /usr/include/libavutil/pixelutils.h
>>> /usr/include/libavutil/samplefmt.h
>>> /usr/include/libavutil/avassert.h
>>> /usr/include/libavutil/camellia.h
>>> /usr/include/libavutil/frame.h
>>> /usr/include/libavutil/intfloat.h
>>> /usr/include/libavutil/tx.h
>>> /usr/include/libavutil/hwcontext_d3d11va.h
>>> /usr/include/libavutil/channel_layout.h
>>> /usr/include/libavutil/des.h
>>> /usr/include/libavutil/macros.h
>>> /usr/include/libavutil/stereo3d.h
>>> /usr/include/libavutil/blowfish.h
>>> /usr/include/libavutil/audio_fifo.h
>>> /usr/include/libavutil/timecode.h
>>> /usr/include/libavutil/hwcontext_cuda.h
>>> /usr/include/libavutil/tea.h
>>> /usr/include/libavutil/twofish.h
>>> /usr/include/libavutil/adler32.h
>>> /usr/include/libavutil/error.h
>>> /usr/include/libavutil/bswap.h
>>> /usr/include/libavutil/ripemd.h
>>> /usr/include/libavutil/hdr_dynamic_metadata.h
>>> /usr/include/libavutil/hwcontext_mediacodec.h
>>> /usr/include/libavutil/time.h
>>> /usr/include/libavutil/xtea.h
>>> /usr/include/libavutil/sha512.h
>>> /usr/include/libavutil/hmac.h
>>> /usr/include/libavutil/encryption_info.h
>>> /usr/include/libavutil/fifo.h
>>> /usr/include/libavutil/downmix_info.h
>>> /usr/include/libavutil/avstring.h
>>> /usr/include/libavutil/attributes.h
>>> /usr/include/libavutil/parseutils.h
>>> /usr/include/libavutil/lzo.h
>>> /usr/include/libavutil/aes.h
>>> /usr/include/libavutil/ffversion.h
>>> /usr/include/libavutil/hwcontext.h
--- /usr/include/libavformat/
>>> /usr/include/libavformat/version.h
>>> /usr/include/libavformat/avformat.h
>>> /usr/include/libavformat/avio.h
--- /usr/bin/
>>> /usr/bin/aviocat
>>> /usr/bin/ffprobe
>>> /usr/bin/pktdumper
>>> /usr/bin/sidxindex
>>> /usr/bin/ffmpeg
>>> /usr/bin/ffeval
>>> /usr/bin/ffplay
>>> /usr/bin/cws2fws
>>> /usr/bin/graph2dot
>>> /usr/bin/trasher
>>> /usr/bin/fourcc2pixfmt
>>> /usr/bin/ismindex
>>> /usr/bin/ffhash
>>> /usr/bin/ffescape
>>> /usr/bin/qt-faststart
>>> Safely unmerging already-installed instance...
>>> Original instance of package unmerged safely.
>>> media-video/ffmpeg-4.2.2 merged.
>>> Regenerating /etc/ld.so.cache...
