 * Package:    media-sound/subsonic-bin-5.2.1-r2
 * Repository: gentoo
 * Maintainer: perfinion@gentoo.org
 * USE:        abi_x86_64 amd64 elibc_glibc ffmpeg kernel_linux lame userland_GNU
 * FEATURES:   network-sandbox preserve-libs sandbox userpriv usersandbox
 * FEATURES='assume-digests binpkg-docompress binpkg-dostrip binpkg-logs buildpkg cgroup compress-index config-protect-if-modified distlocks ebuild-locks fixlafiles ipc-sandbox merge-sync multilib-strict network-sandbox news nodoc parallel-fetch pid-sandbox preserve-libs qa-unresolved-soname-deps sandbox sfperms strict strict-keepdir unknown-features-warn unmerge-logs unmerge-orphans userfetch userpriv usersandbox usersync xattr'
 * CFLAGS='-march=znver2 -Ofast -pipe -g0 -fno-common -fgraphite-identity -floop-interchange -floop-nest-optimize -floop-parallelize-all -ftree-parallelize-loops=12 -ftree-vectorize -fdevirtualize-at-ltrans -fipa-pta -fno-semantic-interposition -flto=12 -fno-plt -falign-functions=32 -fno-stack-protector -fno-stack-clash-protection -fstack-check=no -fno-stack-check -fuse-linker-plugin -Wl,-O1,--sort-common,--as-needed,-z,norelro,-z,now,-lgomp,-lpthread'
 * CXXFLAGS='-march=znver2 -Ofast -pipe -g0 -fno-common -fgraphite-identity -floop-interchange -floop-nest-optimize -floop-parallelize-all -ftree-parallelize-loops=12 -ftree-vectorize -fdevirtualize-at-ltrans -fipa-pta -fno-semantic-interposition -flto=12 -fno-plt -falign-functions=32 -fno-stack-protector -fno-stack-clash-protection -fstack-check=no -fno-stack-check -fuse-linker-plugin -Wl,-O1,--sort-common,--as-needed,-z,norelro,-z,now,-lgomp,-lpthread'
 * FFLAGS='-march=znver2 -Ofast -pipe -g0 -fno-common -fgraphite-identity -floop-interchange -floop-nest-optimize -floop-parallelize-all -ftree-parallelize-loops=12 -ftree-vectorize -fdevirtualize-at-ltrans -fipa-pta -fno-semantic-interposition -flto=12 -fno-plt -falign-functions=32 -fno-stack-protector -fno-stack-clash-protection -fstack-check=no -fno-stack-check -fuse-linker-plugin -Wl,-O1,--sort-common,--as-needed,-z,norelro,-z,now,-lgomp,-lpthread'
 * FCFLAGS='-march=znver2 -Ofast -pipe -g0 -fno-common -fgraphite-identity -floop-interchange -floop-nest-optimize -floop-parallelize-all -ftree-parallelize-loops=12 -ftree-vectorize -fdevirtualize-at-ltrans -fipa-pta -fno-semantic-interposition -flto=12 -fno-plt -falign-functions=32 -fno-stack-protector -fno-stack-clash-protection -fstack-check=no -fno-stack-check -fuse-linker-plugin -Wl,-O1,--sort-common,--as-needed,-z,norelro,-z,now,-lgomp,-lpthread'
 * F77FLAGS='-march=znver2 -Ofast -pipe -g0 -fno-common -fgraphite-identity -floop-interchange -floop-nest-optimize -floop-parallelize-all -ftree-parallelize-loops=12 -ftree-vectorize -fdevirtualize-at-ltrans -fipa-pta -fno-semantic-interposition -flto=12 -fno-plt -falign-functions=32 -fno-stack-protector -fno-stack-clash-protection -fstack-check=no -fno-stack-check -fuse-linker-plugin -Wl,-O1,--sort-common,--as-needed,-z,norelro,-z,now,-lgomp,-lpthread'
 * LDFLAGS='-Wl,-O1,--sort-common,--as-needed,-z,norelro,-z,now,-lgomp,-lpthread -march=znver2 -Ofast -pipe -g0 -fno-common -fgraphite-identity -floop-interchange -floop-nest-optimize -floop-parallelize-all -ftree-parallelize-loops=12 -ftree-vectorize -fdevirtualize-at-ltrans -fipa-pta -fno-semantic-interposition -flto=12 -fno-plt -falign-functions=32 -fno-stack-protector -fno-stack-clash-protection -fstack-check=no -fno-stack-check -fuse-linker-plugin'
 * MAKEOPTS='-j12 -l12'
 * gcc () 11.0.0 20200616 (experimental)
 * g++ () 11.0.0 20200616 (experimental)
 * GNU ld (Gentoo 2.34 p4) 2.34.0
 * Linux rescue 5.4.36 #1 SMP Thu Apr 30 04:38:28 UTC 2020 x86_64 AMD Ryzen 5 3600 6-Core Processor AuthenticAMD GNU/Linux
media-sound/subsonic-bin: 20 seconds average for 9 merges
2020-05-20T09:39:29 >>> media-sound/subsonic-bin: 21 seconds
2020-05-20T13:27:36 >>> media-sound/subsonic-bin: 8 seconds
2020-05-21T15:12:11 >>> media-sound/subsonic-bin: 26 seconds
2020-05-24T15:47:11 >>> media-sound/subsonic-bin: 18 seconds
2020-05-31T00:22:14 >>> media-sound/subsonic-bin: 50 seconds
2020-06-01T10:45:50 >>> media-sound/subsonic-bin: 21 seconds
2020-06-12T12:33:08 >>> media-sound/subsonic-bin: 13 seconds
2020-06-13T21:13:16 >>> media-sound/subsonic-bin: 14 seconds
2020-06-16T18:29:53 >>> media-sound/subsonic-bin: 9 seconds
]0;emerge 18:23:24 2|2 subsonic-bin 00:12 (root@rescue)>>> Unpacking source...
>>> Unpacking subsonic-5.2.1-standalone.tar.gz to /tmp/portage/media-sound/subsonic-bin-5.2.1-r2/work
>>> Source unpacked in /tmp/portage/media-sound/subsonic-bin-5.2.1-r2/work
>>> Preparing source in /tmp/portage/media-sound/subsonic-bin-5.2.1-r2/work ...
>>> Source prepared.
>>> Configuring source in /tmp/portage/media-sound/subsonic-bin-5.2.1-r2/work ...
>>> Source configured.
>>> Compiling source in /tmp/portage/media-sound/subsonic-bin-5.2.1-r2/work ...
>>> Source compiled.
>>> Test phase [not enabled]: media-sound/subsonic-bin-5.2.1-r2

>>> Install media-sound/subsonic-bin-5.2.1-r2 into /tmp/portage/media-sound/subsonic-bin-5.2.1-r2/image/
>>> Completed installing media-sound/subsonic-bin-5.2.1-r2 into /tmp/portage/media-sound/subsonic-bin-5.2.1-r2/image/

 * Final size of build directory: 44268 KiB (43.2 MiB)
 * Final size of installed tree:  44296 KiB (43.2 MiB)

Parallel BZIP2 v1.1.13 [Dec 18, 2015]
By: Jeff Gilchrist [http://compression.ca]
Major contributions: Yavor Nikolov [http://javornikolov.wordpress.com]
Uses libbzip2 by Julian Seward

         # CPUs: 8
   Load Average: 4.40
 BWT Block Size: 200 KB
File Block Size: 900 KB
 Maximum Memory: 1024 MB
-------------------------------------------
         File #: 1 of 1
     Input Name: compressme
    Output Name: compressme.bz2

     Input Size: 3895 bytes
Compressing data (no threads)...
Completed: 100%                 Output Size: 918 bytes
-------------------------------------------

     Wall Clock: 0.001017 seconds
Parallel BZIP2 v1.1.13 [Dec 18, 2015]
By: Jeff Gilchrist [http://compression.ca]
Major contributions: Yavor Nikolov [http://javornikolov.wordpress.com]
Uses libbzip2 by Julian Seward

         # CPUs: 8
   Load Average: 4.40
 BWT Block Size: 200 KB
File Block Size: 900 KB
 Maximum Memory: 1024 MB
-------------------------------------------
         File #: 1 of 1
     Input Name: /tmp/portage/media-sound/subsonic-bin-5.2.1-r2/image/usr/share/doc/subsonic-bin-5.2.1-r2/README.TXT
    Output Name: /tmp/portage/media-sound/subsonic-bin-5.2.1-r2/image/usr/share/doc/subsonic-bin-5.2.1-r2/README.TXT.bz2

     Input Size: 540 bytes
Compressing data (no threads)...
Completed: 100%                 Output Size: 388 bytes
-------------------------------------------

     Wall Clock: 0.000537 seconds
./
./usr/
./usr/libexec/
./usr/libexec/subsonic/
./usr/libexec/subsonic/subsonic-booter-jar-with-dependencies.jar
./usr/libexec/subsonic/subsonic.sh
./usr/libexec/subsonic/subsonic.war
./usr/bin/
./usr/bin/subsonic
./usr/share/
./usr/share/doc/
./usr/share/doc/subsonic-bin-5.2.1-r2/
./usr/share/doc/subsonic-bin-5.2.1-r2/README.TXT.bz2
./usr/share/doc/subsonic-bin-5.2.1-r2/Getting Started.html
./usr/share/doc/subsonic-bin-5.2.1-r2/README.TXT
./var/
./var/lib/
./var/lib/subsonic/
./var/lib/subsonic/transcode/
./var/lib/subsonic/transcode/lame
./var/lib/subsonic/transcode/ffmpeg
./var/lib/subsonic/.keep_media-sound_subsonic-bin-0
./etc/
./etc/init.d/
./etc/init.d/subsonic
./etc/conf.d/
./etc/conf.d/subsonic
>>> Done.
 * checking 9 files for package collisions
>>> Merging media-sound/subsonic-bin-5.2.1-r2 to /
 * removing unneeded *.la files
--- /etc/
--- /etc/conf.d/
>>> /etc/conf.d/subsonic
--- /etc/init.d/
>>> /etc/init.d/subsonic
--- /var/
--- /var/lib/
--- /var/lib/subsonic/
>>> /var/lib/subsonic/.keep_media-sound_subsonic-bin-0
--- /var/lib/subsonic/transcode/
>>> /var/lib/subsonic/transcode/ffmpeg -> /usr/bin/ffmpeg
>>> /var/lib/subsonic/transcode/lame -> /usr/bin/lame
--- /usr/
--- /usr/bin/
>>> /usr/bin/subsonic
--- /usr/libexec/
--- /usr/libexec/subsonic/
>>> /usr/libexec/subsonic/subsonic.war
>>> /usr/libexec/subsonic/subsonic.sh
>>> /usr/libexec/subsonic/subsonic-booter-jar-with-dependencies.jar
>>> Safely unmerging already-installed instance...
>>> Original instance of package unmerged safely.
>>> media-sound/subsonic-bin-5.2.1-r2 merged.
