No package files given... Grabbing a set.
--- replaced obj /usr/share/man/man1/gst-typefind-1.0.1.bz2
--- replaced obj /usr/share/man/man1/gst-stats-1.0.1.bz2
--- replaced obj /usr/share/man/man1/gst-launch-1.0.1.bz2
--- replaced obj /usr/share/man/man1/gst-inspect-1.0.1.bz2
--- replaced dir /usr/share/man/man1
--- replaced dir /usr/share/man
--- replaced obj /usr/share/gtk-doc/html/gstreamer-plugins-1.0/up.png
--- replaced obj /usr/share/gtk-doc/html/gstreamer-plugins-1.0/up-insensitive.png
--- replaced obj /usr/share/gtk-doc/html/gstreamer-plugins-1.0/style.css
--- replaced obj /usr/share/gtk-doc/html/gstreamer-plugins-1.0/right.png
--- replaced obj /usr/share/gtk-doc/html/gstreamer-plugins-1.0/right-insensitive.png
--- replaced obj /usr/share/gtk-doc/html/gstreamer-plugins-1.0/left.png
--- replaced obj /usr/share/gtk-doc/html/gstreamer-plugins-1.0/left-insensitive.png
--- replaced obj /usr/share/gtk-doc/html/gstreamer-plugins-1.0/index.html
--- replaced obj /usr/share/gtk-doc/html/gstreamer-plugins-1.0/home.png
--- replaced obj /usr/share/gtk-doc/html/gstreamer-plugins-1.0/gstreamer-plugins-valve.html
--- replaced obj /usr/share/gtk-doc/html/gstreamer-plugins-1.0/gstreamer-plugins-typefind.html
--- replaced obj /usr/share/gtk-doc/html/gstreamer-plugins-1.0/gstreamer-plugins-tee.html
--- replaced obj /usr/share/gtk-doc/html/gstreamer-plugins-1.0/gstreamer-plugins-streamiddemux.html
--- replaced obj /usr/share/gtk-doc/html/gstreamer-plugins-1.0/gstreamer-plugins-statstracer.html
--- replaced obj /usr/share/gtk-doc/html/gstreamer-plugins-1.0/gstreamer-plugins-rusagetracer.html
--- replaced obj /usr/share/gtk-doc/html/gstreamer-plugins-1.0/gstreamer-plugins-queue2.html
--- replaced obj /usr/share/gtk-doc/html/gstreamer-plugins-1.0/gstreamer-plugins-queue.html
--- replaced obj /usr/share/gtk-doc/html/gstreamer-plugins-1.0/gstreamer-plugins-plugin-coretracers.html
--- replaced obj /usr/share/gtk-doc/html/gstreamer-plugins-1.0/gstreamer-plugins-plugin-coreelements.html
--- replaced obj /usr/share/gtk-doc/html/gstreamer-plugins-1.0/gstreamer-plugins-output-selector.html
--- replaced obj /usr/share/gtk-doc/html/gstreamer-plugins-1.0/gstreamer-plugins-multiqueue.html
--- replaced obj /usr/share/gtk-doc/html/gstreamer-plugins-1.0/gstreamer-plugins-logtracer.html
--- replaced obj /usr/share/gtk-doc/html/gstreamer-plugins-1.0/gstreamer-plugins-leakstracer.html
--- replaced obj /usr/share/gtk-doc/html/gstreamer-plugins-1.0/gstreamer-plugins-latencytracer.html
--- replaced obj /usr/share/gtk-doc/html/gstreamer-plugins-1.0/gstreamer-plugins-input-selector.html
--- replaced obj /usr/share/gtk-doc/html/gstreamer-plugins-1.0/gstreamer-plugins-identity.html
--- replaced obj /usr/share/gtk-doc/html/gstreamer-plugins-1.0/gstreamer-plugins-funnel.html
--- replaced obj /usr/share/gtk-doc/html/gstreamer-plugins-1.0/gstreamer-plugins-filesrc.html
--- replaced obj /usr/share/gtk-doc/html/gstreamer-plugins-1.0/gstreamer-plugins-filesink.html
--- replaced obj /usr/share/gtk-doc/html/gstreamer-plugins-1.0/gstreamer-plugins-fdsrc.html
--- replaced obj /usr/share/gtk-doc/html/gstreamer-plugins-1.0/gstreamer-plugins-fdsink.html
--- replaced obj /usr/share/gtk-doc/html/gstreamer-plugins-1.0/gstreamer-plugins-fakesrc.html
--- replaced obj /usr/share/gtk-doc/html/gstreamer-plugins-1.0/gstreamer-plugins-fakesink.html
--- replaced obj /usr/share/gtk-doc/html/gstreamer-plugins-1.0/gstreamer-plugins-downloadbuffer.html
--- replaced obj /usr/share/gtk-doc/html/gstreamer-plugins-1.0/gstreamer-plugins-dataurisrc.html
--- replaced obj /usr/share/gtk-doc/html/gstreamer-plugins-1.0/gstreamer-plugins-concat.html
--- replaced obj /usr/share/gtk-doc/html/gstreamer-plugins-1.0/gstreamer-plugins-capsfilter.html
--- replaced obj /usr/share/gtk-doc/html/gstreamer-plugins-1.0/gstreamer-plugins-1.0.devhelp2
--- replaced obj /usr/share/gtk-doc/html/gstreamer-plugins-1.0/ch03.html
--- replaced obj /usr/share/gtk-doc/html/gstreamer-plugins-1.0/ch02.html
--- replaced obj /usr/share/gtk-doc/html/gstreamer-plugins-1.0/ch01.html
--- replaced dir /usr/share/gtk-doc/html/gstreamer-plugins-1.0
--- replaced obj /usr/share/gtk-doc/html/gstreamer-libs-1.0/up.png
--- replaced obj /usr/share/gtk-doc/html/gstreamer-libs-1.0/up-insensitive.png
--- replaced obj /usr/share/gtk-doc/html/gstreamer-libs-1.0/style.css
--- replaced obj /usr/share/gtk-doc/html/gstreamer-libs-1.0/right.png
--- replaced obj /usr/share/gtk-doc/html/gstreamer-libs-1.0/right-insensitive.png
--- replaced obj /usr/share/gtk-doc/html/gstreamer-libs-1.0/left.png
--- replaced obj /usr/share/gtk-doc/html/gstreamer-libs-1.0/left-insensitive.png
--- replaced obj /usr/share/gtk-doc/html/gstreamer-libs-1.0/ix11.html
--- replaced obj /usr/share/gtk-doc/html/gstreamer-libs-1.0/ix10.html
--- replaced obj /usr/share/gtk-doc/html/gstreamer-libs-1.0/ix09.html
--- replaced obj /usr/share/gtk-doc/html/gstreamer-libs-1.0/ix08.html
--- replaced obj /usr/share/gtk-doc/html/gstreamer-libs-1.0/ix07.html
--- replaced obj /usr/share/gtk-doc/html/gstreamer-libs-1.0/ix06.html
--- replaced obj /usr/share/gtk-doc/html/gstreamer-libs-1.0/ix05.html
--- replaced obj /usr/share/gtk-doc/html/gstreamer-libs-1.0/ix04.html
--- replaced obj /usr/share/gtk-doc/html/gstreamer-libs-1.0/ix03.html
--- replaced obj /usr/share/gtk-doc/html/gstreamer-libs-1.0/ix02.html
--- replaced obj /usr/share/gtk-doc/html/gstreamer-libs-1.0/ix01.html
--- replaced obj /usr/share/gtk-doc/html/gstreamer-libs-1.0/index.html
--- replaced obj /usr/share/gtk-doc/html/gstreamer-libs-1.0/home.png
--- replaced obj /usr/share/gtk-doc/html/gstreamer-libs-1.0/gstreamer-net.html
--- replaced obj /usr/share/gtk-doc/html/gstreamer-libs-1.0/gstreamer-libs.html
--- replaced obj /usr/share/gtk-doc/html/gstreamer-libs-1.0/gstreamer-libs-GstTypeFindHelper.html
--- replaced obj /usr/share/gtk-doc/html/gstreamer-libs-1.0/gstreamer-libs-GstStreamConsistency.html
--- replaced obj /usr/share/gtk-doc/html/gstreamer-libs-1.0/gstreamer-libs-GstQueueArray.html
--- replaced obj /usr/share/gtk-doc/html/gstreamer-libs-1.0/gstreamer-libs-GstProxyControlBinding.html
--- replaced obj /usr/share/gtk-doc/html/gstreamer-libs-1.0/gstreamer-libs-GstNetTimePacket.html
--- replaced obj /usr/share/gtk-doc/html/gstreamer-libs-1.0/gstreamer-libs-GstNetControlMessageMeta.html
--- replaced obj /usr/share/gtk-doc/html/gstreamer-libs-1.0/gstreamer-libs-GstNetAddressMeta.html
--- replaced obj /usr/share/gtk-doc/html/gstreamer-libs-1.0/gstreamer-libs-GstHarness.html
--- replaced obj /usr/share/gtk-doc/html/gstreamer-libs-1.0/gstreamer-libs-GstFlowCombiner.html
--- replaced obj /usr/share/gtk-doc/html/gstreamer-libs-1.0/gstreamer-libs-GstDataQueue.html
--- replaced obj /usr/share/gtk-doc/html/gstreamer-libs-1.0/gstreamer-libs-GstCheck.html
--- replaced obj /usr/share/gtk-doc/html/gstreamer-libs-1.0/gstreamer-libs-GstByteWriter.html
--- replaced obj /usr/share/gtk-doc/html/gstreamer-libs-1.0/gstreamer-libs-GstByteReader.html
--- replaced obj /usr/share/gtk-doc/html/gstreamer-libs-1.0/gstreamer-libs-GstBufferStraw.html
--- replaced obj /usr/share/gtk-doc/html/gstreamer-libs-1.0/gstreamer-libs-GstBitWriter.html
--- replaced obj /usr/share/gtk-doc/html/gstreamer-libs-1.0/gstreamer-libs-GstBitReader.html
--- replaced obj /usr/share/gtk-doc/html/gstreamer-libs-1.0/gstreamer-libs-1.0.devhelp2
--- replaced obj /usr/share/gtk-doc/html/gstreamer-libs-1.0/gstreamer-hierarchy.html
--- replaced obj /usr/share/gtk-doc/html/gstreamer-libs-1.0/gstreamer-control.html
--- replaced obj /usr/share/gtk-doc/html/gstreamer-libs-1.0/gstreamer-check.html
--- replaced obj /usr/share/gtk-doc/html/gstreamer-libs-1.0/gstreamer-base.html
--- replaced obj /usr/share/gtk-doc/html/gstreamer-libs-1.0/gdp-header.png
--- replaced obj /usr/share/gtk-doc/html/gstreamer-libs-1.0/annotation-glossary.html
--- replaced obj /usr/share/gtk-doc/html/gstreamer-libs-1.0/GstTriggerControlSource.html
--- replaced obj /usr/share/gtk-doc/html/gstreamer-libs-1.0/GstTimedValueControlSource.html
--- replaced obj /usr/share/gtk-doc/html/gstreamer-libs-1.0/GstTestClock.html
--- replaced obj /usr/share/gtk-doc/html/gstreamer-libs-1.0/GstPushSrc.html
--- replaced obj /usr/share/gtk-doc/html/gstreamer-libs-1.0/GstPtpClock.html
--- replaced obj /usr/share/gtk-doc/html/gstreamer-libs-1.0/GstNetTimeProvider.html
--- replaced obj /usr/share/gtk-doc/html/gstreamer-libs-1.0/GstNetClientClock.html
--- replaced obj /usr/share/gtk-doc/html/gstreamer-libs-1.0/GstLFOControlSource.html
--- replaced obj /usr/share/gtk-doc/html/gstreamer-libs-1.0/GstInterpolationControlSource.html
--- replaced obj /usr/share/gtk-doc/html/gstreamer-libs-1.0/GstDirectControlBinding.html
--- replaced obj /usr/share/gtk-doc/html/gstreamer-libs-1.0/GstCollectPads.html
--- replaced obj /usr/share/gtk-doc/html/gstreamer-libs-1.0/GstBaseTransform.html
--- replaced obj /usr/share/gtk-doc/html/gstreamer-libs-1.0/GstBaseSrc.html
--- replaced obj /usr/share/gtk-doc/html/gstreamer-libs-1.0/GstBaseSink.html
--- replaced obj /usr/share/gtk-doc/html/gstreamer-libs-1.0/GstBaseParse.html
--- replaced obj /usr/share/gtk-doc/html/gstreamer-libs-1.0/GstAggregatorPad.html
--- replaced obj /usr/share/gtk-doc/html/gstreamer-libs-1.0/GstAggregator.html
--- replaced obj /usr/share/gtk-doc/html/gstreamer-libs-1.0/GstAdapter.html
--- replaced obj /usr/share/gtk-doc/html/gstreamer-libs-1.0/GstARGBControlBinding.html
--- replaced dir /usr/share/gtk-doc/html/gstreamer-libs-1.0
--- replaced obj /usr/share/gtk-doc/html/gstreamer-1.0/up.png
--- replaced obj /usr/share/gtk-doc/html/gstreamer-1.0/up-insensitive.png
--- replaced obj /usr/share/gtk-doc/html/gstreamer-1.0/style.css
--- replaced obj /usr/share/gtk-doc/html/gstreamer-1.0/right.png
--- replaced obj /usr/share/gtk-doc/html/gstreamer-1.0/right-insensitive.png
--- replaced obj /usr/share/gtk-doc/html/gstreamer-1.0/libgstreamer.html
--- replaced obj /usr/share/gtk-doc/html/gstreamer-1.0/left.png
--- replaced obj /usr/share/gtk-doc/html/gstreamer-1.0/left-insensitive.png
--- replaced obj /usr/share/gtk-doc/html/gstreamer-1.0/ix12.html
--- replaced obj /usr/share/gtk-doc/html/gstreamer-1.0/ix11.html
--- replaced obj /usr/share/gtk-doc/html/gstreamer-1.0/ix10.html
--- replaced obj /usr/share/gtk-doc/html/gstreamer-1.0/ix09.html
--- replaced obj /usr/share/gtk-doc/html/gstreamer-1.0/ix08.html
--- replaced obj /usr/share/gtk-doc/html/gstreamer-1.0/ix07.html
--- replaced obj /usr/share/gtk-doc/html/gstreamer-1.0/ix06.html
--- replaced obj /usr/share/gtk-doc/html/gstreamer-1.0/ix05.html
--- replaced obj /usr/share/gtk-doc/html/gstreamer-1.0/ix04.html
--- replaced obj /usr/share/gtk-doc/html/gstreamer-1.0/ix03.html
--- replaced obj /usr/share/gtk-doc/html/gstreamer-1.0/ix02.html
--- replaced obj /usr/share/gtk-doc/html/gstreamer-1.0/ix01.html
--- replaced obj /usr/share/gtk-doc/html/gstreamer-1.0/index.html
--- replaced obj /usr/share/gtk-doc/html/gstreamer-1.0/home.png
--- replaced obj /usr/share/gtk-doc/html/gstreamer-1.0/gstreamer.html
--- replaced obj /usr/share/gtk-doc/html/gstreamer-1.0/gstreamer-support.html
--- replaced obj /usr/share/gtk-doc/html/gstreamer-1.0/gstreamer-hierarchy.html
--- replaced obj /usr/share/gtk-doc/html/gstreamer-1.0/gstreamer-device-probing.html
--- replaced obj /usr/share/gtk-doc/html/gstreamer-1.0/gstreamer-GstVersion.html
--- replaced obj /usr/share/gtk-doc/html/gstreamer-1.0/gstreamer-GstValue.html
--- replaced obj /usr/share/gtk-doc/html/gstreamer-1.0/gstreamer-GstUtils.html
--- replaced obj /usr/share/gtk-doc/html/gstreamer-1.0/gstreamer-GstUriHandler.html
--- replaced obj /usr/share/gtk-doc/html/gstreamer-1.0/gstreamer-GstUri.html
--- replaced obj /usr/share/gtk-doc/html/gstreamer-1.0/gstreamer-GstTypeFind.html
--- replaced obj /usr/share/gtk-doc/html/gstreamer-1.0/gstreamer-GstTocSetter.html
--- replaced obj /usr/share/gtk-doc/html/gstreamer-1.0/gstreamer-GstStreamCollection.html
--- replaced obj /usr/share/gtk-doc/html/gstreamer-1.0/gstreamer-GstStream.html
--- replaced obj /usr/share/gtk-doc/html/gstreamer-1.0/gstreamer-GstProtectionMeta.html
--- replaced obj /usr/share/gtk-doc/html/gstreamer-1.0/gstreamer-GstPoll.html
--- replaced obj /usr/share/gtk-doc/html/gstreamer-1.0/gstreamer-GstParse.html
--- replaced obj /usr/share/gtk-doc/html/gstreamer-1.0/gstreamer-GstParamSpec.html
--- replaced obj /usr/share/gtk-doc/html/gstreamer-1.0/gstreamer-GstMiniObject.html
--- replaced obj /usr/share/gtk-doc/html/gstreamer-1.0/gstreamer-GstMeta.html
--- replaced obj /usr/share/gtk-doc/html/gstreamer-1.0/gstreamer-GstIterator.html
--- replaced obj /usr/share/gtk-doc/html/gstreamer-1.0/gstreamer-GstInfo.html
--- replaced obj /usr/share/gtk-doc/html/gstreamer-1.0/gstreamer-GstGError.html
--- replaced obj /usr/share/gtk-doc/html/gstreamer-1.0/gstreamer-GstFormat.html
--- replaced obj /usr/share/gtk-doc/html/gstreamer-1.0/gstreamer-GstDeviceProvider.html
--- replaced obj /usr/share/gtk-doc/html/gstreamer-1.0/gstreamer-GstDeviceMonitor.html
--- replaced obj /usr/share/gtk-doc/html/gstreamer-1.0/gstreamer-GstDevice.html
--- replaced obj /usr/share/gtk-doc/html/gstreamer-1.0/gstreamer-GstConfig.html
--- replaced obj /usr/share/gtk-doc/html/gstreamer-1.0/gstreamer-GstAtomicQueue.html
--- replaced obj /usr/share/gtk-doc/html/gstreamer-1.0/gstreamer-Gst.html
--- replaced obj /usr/share/gtk-doc/html/gstreamer-1.0/gstreamer-1.0.devhelp2
--- replaced obj /usr/share/gtk-doc/html/gstreamer-1.0/gst-running.html
--- replaced obj /usr/share/gtk-doc/html/gstreamer-1.0/gst-building.html
--- replaced obj /usr/share/gtk-doc/html/gstreamer-1.0/annotation-glossary.html
--- replaced obj /usr/share/gtk-doc/html/gstreamer-1.0/GstTypeFindFactory.html
--- replaced obj /usr/share/gtk-doc/html/gstreamer-1.0/GstTracerRecord.html
--- replaced obj /usr/share/gtk-doc/html/gstreamer-1.0/GstTracerFactory.html
--- replaced obj /usr/share/gtk-doc/html/gstreamer-1.0/GstTracer.html
--- replaced obj /usr/share/gtk-doc/html/gstreamer-1.0/GstToc.html
--- replaced obj /usr/share/gtk-doc/html/gstreamer-1.0/GstTaskPool.html
--- replaced obj /usr/share/gtk-doc/html/gstreamer-1.0/GstTask.html
--- replaced obj /usr/share/gtk-doc/html/gstreamer-1.0/GstTagSetter.html
--- replaced obj /usr/share/gtk-doc/html/gstreamer-1.0/GstTagList.html
--- replaced obj /usr/share/gtk-doc/html/gstreamer-1.0/GstSystemClock.html
--- replaced obj /usr/share/gtk-doc/html/gstreamer-1.0/GstStructure.html
--- replaced obj /usr/share/gtk-doc/html/gstreamer-1.0/GstSegment.html
--- replaced obj /usr/share/gtk-doc/html/gstreamer-1.0/GstSample.html
--- replaced obj /usr/share/gtk-doc/html/gstreamer-1.0/GstRegistry.html
--- replaced obj /usr/share/gtk-doc/html/gstreamer-1.0/GstQuery.html
--- replaced obj /usr/share/gtk-doc/html/gstreamer-1.0/GstPromise.html
--- replaced obj /usr/share/gtk-doc/html/gstreamer-1.0/GstPreset.html
--- replaced obj /usr/share/gtk-doc/html/gstreamer-1.0/GstPluginFeature.html
--- replaced obj /usr/share/gtk-doc/html/gstreamer-1.0/GstPlugin.html
--- replaced obj /usr/share/gtk-doc/html/gstreamer-1.0/GstPipeline.html
--- replaced obj /usr/share/gtk-doc/html/gstreamer-1.0/GstPadTemplate.html
--- replaced obj /usr/share/gtk-doc/html/gstreamer-1.0/GstPad.html
--- replaced obj /usr/share/gtk-doc/html/gstreamer-1.0/GstObject.html
--- replaced obj /usr/share/gtk-doc/html/gstreamer-1.0/GstMessage.html
--- replaced obj /usr/share/gtk-doc/html/gstreamer-1.0/GstMemory.html
--- replaced obj /usr/share/gtk-doc/html/gstreamer-1.0/GstGhostPad.html
--- replaced obj /usr/share/gtk-doc/html/gstreamer-1.0/GstEvent.html
--- replaced obj /usr/share/gtk-doc/html/gstreamer-1.0/GstElementFactory.html
--- replaced obj /usr/share/gtk-doc/html/gstreamer-1.0/GstElement.html
--- replaced obj /usr/share/gtk-doc/html/gstreamer-1.0/GstDynamicTypeFactory.html
--- replaced obj /usr/share/gtk-doc/html/gstreamer-1.0/GstDeviceProviderFactory.html
--- replaced obj /usr/share/gtk-doc/html/gstreamer-1.0/GstDateTime.html
--- replaced obj /usr/share/gtk-doc/html/gstreamer-1.0/GstControlSource.html
--- replaced obj /usr/share/gtk-doc/html/gstreamer-1.0/GstControlBinding.html
--- replaced obj /usr/share/gtk-doc/html/gstreamer-1.0/GstContext.html
--- replaced obj /usr/share/gtk-doc/html/gstreamer-1.0/GstClock.html
--- replaced obj /usr/share/gtk-doc/html/gstreamer-1.0/GstChildProxy.html
--- replaced obj /usr/share/gtk-doc/html/gstreamer-1.0/GstCapsFeatures.html
--- replaced obj /usr/share/gtk-doc/html/gstreamer-1.0/GstCaps.html
--- replaced obj /usr/share/gtk-doc/html/gstreamer-1.0/GstBus.html
--- replaced obj /usr/share/gtk-doc/html/gstreamer-1.0/GstBufferPool.html
--- replaced obj /usr/share/gtk-doc/html/gstreamer-1.0/GstBufferList.html
--- replaced obj /usr/share/gtk-doc/html/gstreamer-1.0/GstBuffer.html
--- replaced obj /usr/share/gtk-doc/html/gstreamer-1.0/GstBin.html
--- replaced obj /usr/share/gtk-doc/html/gstreamer-1.0/GstAllocator.html
--- replaced dir /usr/share/gtk-doc/html/gstreamer-1.0
--- replaced dir /usr/share/gtk-doc/html
--- replaced dir /usr/share/gtk-doc
--- replaced obj /usr/share/gstreamer-1.0/gdb/gst_gdb.py
--- replaced obj /usr/share/gstreamer-1.0/gdb/glib_gobject_helper.py
--- replaced dir /usr/share/gstreamer-1.0/gdb
--- replaced dir /usr/share/gstreamer-1.0
--- replaced obj /usr/share/gir-1.0/GstNet-1.0.gir
--- replaced obj /usr/share/gir-1.0/GstController-1.0.gir
--- replaced obj /usr/share/gir-1.0/GstCheck-1.0.gir
--- replaced obj /usr/share/gir-1.0/GstBase-1.0.gir
--- replaced obj /usr/share/gir-1.0/Gst-1.0.gir
--- replaced dir /usr/share/gir-1.0
--- replaced obj /usr/share/gdb/auto-load/usr/lib64/libgstreamer-1.0.so.0.1602.0-gdb.py
--- replaced dir /usr/share/gdb/auto-load/usr/lib64
--- replaced dir /usr/share/gdb/auto-load/usr
--- replaced dir /usr/share/gdb/auto-load
--- replaced dir /usr/share/gdb
--- replaced obj /usr/share/bash-completion/helpers/gst
--- replaced dir /usr/share/bash-completion/helpers
--- replaced obj /usr/share/bash-completion/completions/gst-launch-1.0
--- replaced obj /usr/share/bash-completion/completions/gst-inspect-1.0
--- replaced dir /usr/share/bash-completion/completions
--- replaced dir /usr/share/bash-completion
--- replaced obj /usr/share/aclocal/gst-element-check-1.0.m4
--- replaced dir /usr/share/aclocal
--- replaced dir /usr/share
--- replaced obj /usr/lib64/pkgconfig/gstreamer-net-1.0.pc
--- replaced obj /usr/lib64/pkgconfig/gstreamer-controller-1.0.pc
--- replaced obj /usr/lib64/pkgconfig/gstreamer-check-1.0.pc
--- replaced obj /usr/lib64/pkgconfig/gstreamer-base-1.0.pc
--- replaced obj /usr/lib64/pkgconfig/gstreamer-1.0.pc
--- replaced dir /usr/lib64/pkgconfig
--- replaced obj /usr/lib64/libgstreamer-1.0.so.0.1602.0
--- replaced sym /usr/lib64/libgstreamer-1.0.so.0
--- replaced sym /usr/lib64/libgstreamer-1.0.so
--- replaced obj /usr/lib64/libgstnet-1.0.so.0.1602.0
--- replaced sym /usr/lib64/libgstnet-1.0.so.0
--- replaced sym /usr/lib64/libgstnet-1.0.so
--- replaced obj /usr/lib64/libgstcontroller-1.0.so.0.1602.0
--- replaced sym /usr/lib64/libgstcontroller-1.0.so.0
--- replaced sym /usr/lib64/libgstcontroller-1.0.so
--- replaced obj /usr/lib64/libgstcheck-1.0.so.0.1602.0
--- replaced sym /usr/lib64/libgstcheck-1.0.so.0
--- replaced sym /usr/lib64/libgstcheck-1.0.so
--- replaced obj /usr/lib64/libgstbase-1.0.so.0.1602.0
--- replaced sym /usr/lib64/libgstbase-1.0.so.0
--- replaced sym /usr/lib64/libgstbase-1.0.so
--- replaced obj /usr/lib64/gstreamer-1.0/libgstcoretracers.so
--- replaced obj /usr/lib64/gstreamer-1.0/libgstcoreelements.so
--- replaced obj /usr/lib64/gstreamer-1.0/gst-ptp-helper
--- replaced obj /usr/lib64/gstreamer-1.0/gst-plugin-scanner
--- replaced obj /usr/lib64/gstreamer-1.0/gst-completion-helper
--- replaced dir /usr/lib64/gstreamer-1.0
--- replaced obj /usr/lib64/girepository-1.0/GstNet-1.0.typelib
--- replaced obj /usr/lib64/girepository-1.0/GstController-1.0.typelib
--- replaced obj /usr/lib64/girepository-1.0/GstCheck-1.0.typelib
--- replaced obj /usr/lib64/girepository-1.0/GstBase-1.0.typelib
--- replaced obj /usr/lib64/girepository-1.0/Gst-1.0.typelib
--- replaced dir /usr/lib64/girepository-1.0
--- replaced dir /usr/lib64
--- replaced obj /usr/include/gstreamer-1.0/gst/net/net.h
--- replaced obj /usr/include/gstreamer-1.0/gst/net/net-prelude.h
--- replaced obj /usr/include/gstreamer-1.0/gst/net/gstptpclock.h
--- replaced obj /usr/include/gstreamer-1.0/gst/net/gstnettimeprovider.h
--- replaced obj /usr/include/gstreamer-1.0/gst/net/gstnettimepacket.h
--- replaced obj /usr/include/gstreamer-1.0/gst/net/gstnetcontrolmessagemeta.h
--- replaced obj /usr/include/gstreamer-1.0/gst/net/gstnetclientclock.h
--- replaced obj /usr/include/gstreamer-1.0/gst/net/gstnetaddressmeta.h
--- replaced obj /usr/include/gstreamer-1.0/gst/net/gstnet.h
--- replaced dir /usr/include/gstreamer-1.0/gst/net
--- replaced obj /usr/include/gstreamer-1.0/gst/math-compat.h
--- replaced obj /usr/include/gstreamer-1.0/gst/gstversion.h
--- replaced obj /usr/include/gstreamer-1.0/gst/gstvalue.h
--- replaced obj /usr/include/gstreamer-1.0/gst/gstutils.h
--- replaced obj /usr/include/gstreamer-1.0/gst/gsturi.h
--- replaced obj /usr/include/gstreamer-1.0/gst/gsttypefindfactory.h
--- replaced obj /usr/include/gstreamer-1.0/gst/gsttypefind.h
--- replaced obj /usr/include/gstreamer-1.0/gst/gsttracerrecord.h
--- replaced obj /usr/include/gstreamer-1.0/gst/gsttracerfactory.h
--- replaced obj /usr/include/gstreamer-1.0/gst/gsttracer.h
--- replaced obj /usr/include/gstreamer-1.0/gst/gsttocsetter.h
--- replaced obj /usr/include/gstreamer-1.0/gst/gsttoc.h
--- replaced obj /usr/include/gstreamer-1.0/gst/gsttaskpool.h
--- replaced obj /usr/include/gstreamer-1.0/gst/gsttask.h
--- replaced obj /usr/include/gstreamer-1.0/gst/gsttagsetter.h
--- replaced obj /usr/include/gstreamer-1.0/gst/gsttaglist.h
--- replaced obj /usr/include/gstreamer-1.0/gst/gstsystemclock.h
--- replaced obj /usr/include/gstreamer-1.0/gst/gststructure.h
--- replaced obj /usr/include/gstreamer-1.0/gst/gststreams.h
--- replaced obj /usr/include/gstreamer-1.0/gst/gststreamcollection.h
--- replaced obj /usr/include/gstreamer-1.0/gst/gstsegment.h
--- replaced obj /usr/include/gstreamer-1.0/gst/gstsample.h
--- replaced obj /usr/include/gstreamer-1.0/gst/gstregistry.h
--- replaced obj /usr/include/gstreamer-1.0/gst/gstquery.h
--- replaced obj /usr/include/gstreamer-1.0/gst/gstprotection.h
--- replaced obj /usr/include/gstreamer-1.0/gst/gstpromise.h
--- replaced obj /usr/include/gstreamer-1.0/gst/gstpreset.h
--- replaced obj /usr/include/gstreamer-1.0/gst/gstpoll.h
--- replaced obj /usr/include/gstreamer-1.0/gst/gstpluginfeature.h
--- replaced obj /usr/include/gstreamer-1.0/gst/gstplugin.h
--- replaced obj /usr/include/gstreamer-1.0/gst/gstpipeline.h
--- replaced obj /usr/include/gstreamer-1.0/gst/gstparse.h
--- replaced obj /usr/include/gstreamer-1.0/gst/gstparamspecs.h
--- replaced obj /usr/include/gstreamer-1.0/gst/gstpadtemplate.h
--- replaced obj /usr/include/gstreamer-1.0/gst/gstpad.h
--- replaced obj /usr/include/gstreamer-1.0/gst/gstobject.h
--- replaced obj /usr/include/gstreamer-1.0/gst/gstminiobject.h
--- replaced obj /usr/include/gstreamer-1.0/gst/gstmeta.h
--- replaced obj /usr/include/gstreamer-1.0/gst/gstmessage.h
--- replaced obj /usr/include/gstreamer-1.0/gst/gstmemory.h
--- replaced obj /usr/include/gstreamer-1.0/gst/gstmacros.h
--- replaced obj /usr/include/gstreamer-1.0/gst/gstiterator.h
--- replaced obj /usr/include/gstreamer-1.0/gst/gstinfo.h
--- replaced obj /usr/include/gstreamer-1.0/gst/gstghostpad.h
--- replaced obj /usr/include/gstreamer-1.0/gst/gstformat.h
--- replaced obj /usr/include/gstreamer-1.0/gst/gstevent.h
--- replaced obj /usr/include/gstreamer-1.0/gst/gsterror.h
--- replaced obj /usr/include/gstreamer-1.0/gst/gstenumtypes.h
--- replaced obj /usr/include/gstreamer-1.0/gst/gstelementmetadata.h
--- replaced obj /usr/include/gstreamer-1.0/gst/gstelementfactory.h
--- replaced obj /usr/include/gstreamer-1.0/gst/gstelement.h
--- replaced obj /usr/include/gstreamer-1.0/gst/gstdynamictypefactory.h
--- replaced obj /usr/include/gstreamer-1.0/gst/gstdeviceproviderfactory.h
--- replaced obj /usr/include/gstreamer-1.0/gst/gstdeviceprovider.h
--- replaced obj /usr/include/gstreamer-1.0/gst/gstdevicemonitor.h
--- replaced obj /usr/include/gstreamer-1.0/gst/gstdevice.h
--- replaced obj /usr/include/gstreamer-1.0/gst/gstdebugutils.h
--- replaced obj /usr/include/gstreamer-1.0/gst/gstdatetime.h
--- replaced obj /usr/include/gstreamer-1.0/gst/gstcontrolsource.h
--- replaced obj /usr/include/gstreamer-1.0/gst/gstcontrolbinding.h
--- replaced obj /usr/include/gstreamer-1.0/gst/gstcontext.h
--- replaced obj /usr/include/gstreamer-1.0/gst/gstconfig.h
--- replaced obj /usr/include/gstreamer-1.0/gst/gstcompat.h
--- replaced obj /usr/include/gstreamer-1.0/gst/gstclock.h
--- replaced obj /usr/include/gstreamer-1.0/gst/gstchildproxy.h
--- replaced obj /usr/include/gstreamer-1.0/gst/gstcapsfeatures.h
--- replaced obj /usr/include/gstreamer-1.0/gst/gstcaps.h
--- replaced obj /usr/include/gstreamer-1.0/gst/gstbus.h
--- replaced obj /usr/include/gstreamer-1.0/gst/gstbufferpool.h
--- replaced obj /usr/include/gstreamer-1.0/gst/gstbufferlist.h
--- replaced obj /usr/include/gstreamer-1.0/gst/gstbuffer.h
--- replaced obj /usr/include/gstreamer-1.0/gst/gstbin.h
--- replaced obj /usr/include/gstreamer-1.0/gst/gstatomicqueue.h
--- replaced obj /usr/include/gstreamer-1.0/gst/gstallocator.h
--- replaced obj /usr/include/gstreamer-1.0/gst/gst.h
--- replaced obj /usr/include/gstreamer-1.0/gst/glib-compat.h
--- replaced obj /usr/include/gstreamer-1.0/gst/controller/gsttriggercontrolsource.h
--- replaced obj /usr/include/gstreamer-1.0/gst/controller/gsttimedvaluecontrolsource.h
--- replaced obj /usr/include/gstreamer-1.0/gst/controller/gstproxycontrolbinding.h
--- replaced obj /usr/include/gstreamer-1.0/gst/controller/gstlfocontrolsource.h
--- replaced obj /usr/include/gstreamer-1.0/gst/controller/gstinterpolationcontrolsource.h
--- replaced obj /usr/include/gstreamer-1.0/gst/controller/gstdirectcontrolbinding.h
--- replaced obj /usr/include/gstreamer-1.0/gst/controller/gstargbcontrolbinding.h
--- replaced obj /usr/include/gstreamer-1.0/gst/controller/controller.h
--- replaced obj /usr/include/gstreamer-1.0/gst/controller/controller-prelude.h
--- replaced obj /usr/include/gstreamer-1.0/gst/controller/controller-enumtypes.h
--- replaced dir /usr/include/gstreamer-1.0/gst/controller
--- replaced obj /usr/include/gstreamer-1.0/gst/check/internal-check.h
--- replaced obj /usr/include/gstreamer-1.0/gst/check/gsttestclock.h
--- replaced obj /usr/include/gstreamer-1.0/gst/check/gstharness.h
--- replaced obj /usr/include/gstreamer-1.0/gst/check/gstconsistencychecker.h
--- replaced obj /usr/include/gstreamer-1.0/gst/check/gstcheck.h
--- replaced obj /usr/include/gstreamer-1.0/gst/check/gstbufferstraw.h
--- replaced obj /usr/include/gstreamer-1.0/gst/check/check.h
--- replaced obj /usr/include/gstreamer-1.0/gst/check/check-prelude.h
--- replaced dir /usr/include/gstreamer-1.0/gst/check
--- replaced obj /usr/include/gstreamer-1.0/gst/base/gsttypefindhelper.h
--- replaced obj /usr/include/gstreamer-1.0/gst/base/gstqueuearray.h
--- replaced obj /usr/include/gstreamer-1.0/gst/base/gstpushsrc.h
--- replaced obj /usr/include/gstreamer-1.0/gst/base/gstflowcombiner.h
--- replaced obj /usr/include/gstreamer-1.0/gst/base/gstdataqueue.h
--- replaced obj /usr/include/gstreamer-1.0/gst/base/gstcollectpads.h
--- replaced obj /usr/include/gstreamer-1.0/gst/base/gstbytewriter.h
--- replaced obj /usr/include/gstreamer-1.0/gst/base/gstbytereader.h
--- replaced obj /usr/include/gstreamer-1.0/gst/base/gstbitwriter.h
--- replaced obj /usr/include/gstreamer-1.0/gst/base/gstbitreader.h
--- replaced obj /usr/include/gstreamer-1.0/gst/base/gstbasetransform.h
--- replaced obj /usr/include/gstreamer-1.0/gst/base/gstbasesrc.h
--- replaced obj /usr/include/gstreamer-1.0/gst/base/gstbasesink.h
--- replaced obj /usr/include/gstreamer-1.0/gst/base/gstbaseparse.h
--- replaced obj /usr/include/gstreamer-1.0/gst/base/gstaggregator.h
--- replaced obj /usr/include/gstreamer-1.0/gst/base/gstadapter.h
--- replaced obj /usr/include/gstreamer-1.0/gst/base/base.h
--- replaced obj /usr/include/gstreamer-1.0/gst/base/base-prelude.h
--- replaced dir /usr/include/gstreamer-1.0/gst/base
--- replaced dir /usr/include/gstreamer-1.0/gst
--- replaced dir /usr/include/gstreamer-1.0
--- replaced dir /usr/include
--- replaced obj /usr/bin/gst-typefind-1.0
--- replaced obj /usr/bin/gst-stats-1.0
--- replaced obj /usr/bin/gst-launch-1.0
--- replaced obj /usr/bin/gst-inspect-1.0
--- replaced dir /usr/bin
--- replaced dir /usr
>>> Regenerating /etc/ld.so.cache...
