No package files given... Grabbing a set.
<<<          obj /usr/share/man/man1/pbmtojbg.1.bz2
<<<          obj /usr/share/man/man1/jbgtopbm.1.bz2
<<<          obj /usr/lib64/libjbig85.so
<<<          obj /usr/lib64/libjbig.so
<<<          obj /usr/include/jbig_ar.h
<<<          obj /usr/include/jbig85.h
<<<          obj /usr/include/jbig.h
<<<          obj /usr/bin/pbmtojbg85
<<<          obj /usr/bin/pbmtojbg
<<<          obj /usr/bin/jbgtopbm85
<<<          obj /usr/bin/jbgtopbm
--- !empty   dir /usr/share/man/man1
--- !empty   dir /usr/share/man
--- !empty   dir /usr/share
--- !empty   dir /usr/lib64
--- !empty   dir /usr/include
--- !empty   dir /usr/bin
--- !empty   dir /usr
>>> Regenerating /etc/ld.so.cache...
