No package files given... Grabbing a set.
--- replaced obj /usr/lib64/pkgconfig/opencore-amrwb.pc
--- replaced obj /usr/lib64/pkgconfig/opencore-amrnb.pc
--- replaced dir /usr/lib64/pkgconfig
--- replaced obj /usr/lib64/libopencore-amrwb.so.0.0.3
--- replaced sym /usr/lib64/libopencore-amrwb.so.0
--- replaced sym /usr/lib64/libopencore-amrwb.so
--- replaced obj /usr/lib64/libopencore-amrnb.so.0.0.3
--- replaced sym /usr/lib64/libopencore-amrnb.so.0
--- replaced sym /usr/lib64/libopencore-amrnb.so
--- replaced dir /usr/lib64
--- replaced obj /usr/include/opencore-amrwb/if_rom.h
--- replaced obj /usr/include/opencore-amrwb/dec_if.h
--- replaced dir /usr/include/opencore-amrwb
--- replaced obj /usr/include/opencore-amrnb/interf_enc.h
--- replaced obj /usr/include/opencore-amrnb/interf_dec.h
--- replaced dir /usr/include/opencore-amrnb
--- replaced dir /usr/include
--- replaced dir /usr
>>> Regenerating /etc/ld.so.cache...
