No package files given... Grabbing a set.
--- replaced obj /usr/share/gir-1.0/Graphene-1.0.gir
--- replaced dir /usr/share/gir-1.0
--- replaced dir /usr/share
--- replaced obj /usr/lib64/pkgconfig/graphene-gobject-1.0.pc
--- replaced obj /usr/lib64/pkgconfig/graphene-1.0.pc
--- replaced dir /usr/lib64/pkgconfig
--- replaced obj /usr/lib64/libgraphene-1.0.so.0.1000.0
--- replaced sym /usr/lib64/libgraphene-1.0.so.0
--- replaced sym /usr/lib64/libgraphene-1.0.so
--- replaced obj /usr/lib64/graphene-1.0/include/graphene-config.h
--- replaced dir /usr/lib64/graphene-1.0/include
--- replaced dir /usr/lib64/graphene-1.0
--- replaced obj /usr/lib64/girepository-1.0/Graphene-1.0.typelib
--- replaced dir /usr/lib64/girepository-1.0
--- replaced dir /usr/lib64
--- replaced obj /usr/include/graphene-1.0/graphene.h
--- replaced obj /usr/include/graphene-1.0/graphene-version.h
--- replaced obj /usr/include/graphene-1.0/graphene-version-macros.h
--- replaced obj /usr/include/graphene-1.0/graphene-vec4.h
--- replaced obj /usr/include/graphene-1.0/graphene-vec3.h
--- replaced obj /usr/include/graphene-1.0/graphene-vec2.h
--- replaced obj /usr/include/graphene-1.0/graphene-types.h
--- replaced obj /usr/include/graphene-1.0/graphene-triangle.h
--- replaced obj /usr/include/graphene-1.0/graphene-sphere.h
--- replaced obj /usr/include/graphene-1.0/graphene-size.h
--- replaced obj /usr/include/graphene-1.0/graphene-simd4x4f.h
--- replaced obj /usr/include/graphene-1.0/graphene-simd4f.h
--- replaced obj /usr/include/graphene-1.0/graphene-rect.h
--- replaced obj /usr/include/graphene-1.0/graphene-ray.h
--- replaced obj /usr/include/graphene-1.0/graphene-quaternion.h
--- replaced obj /usr/include/graphene-1.0/graphene-quad.h
--- replaced obj /usr/include/graphene-1.0/graphene-point3d.h
--- replaced obj /usr/include/graphene-1.0/graphene-point.h
--- replaced obj /usr/include/graphene-1.0/graphene-plane.h
--- replaced obj /usr/include/graphene-1.0/graphene-matrix.h
--- replaced obj /usr/include/graphene-1.0/graphene-macros.h
--- replaced obj /usr/include/graphene-1.0/graphene-gobject.h
--- replaced obj /usr/include/graphene-1.0/graphene-frustum.h
--- replaced obj /usr/include/graphene-1.0/graphene-euler.h
--- replaced obj /usr/include/graphene-1.0/graphene-box.h
--- replaced dir /usr/include/graphene-1.0
--- replaced dir /usr/include
--- replaced dir /usr
>>> Regenerating /etc/ld.so.cache...
