>>> Extracting info
 * Package:    media-fonts/croscorefonts-1.31.0
 * Repository: gentoo
 * USE:        abi_x86_64 elibc_glibc kernel_linux X userland_GNU amd64
 * FEATURES:   network-sandbox preserve-libs sandbox userpriv usersandbox
 * FEATURES='assume-digests binpkg-docompress binpkg-dostrip binpkg-logs binpkg-multi-instance buildpkg cgroup compress-index config-protect-if-modified distlocks downgrade-backup fixlafiles ipc-sandbox merge-sync multilib-strict network-sandbox news nodoc parallel-fetch parallel-install pid-sandbox preserve-libs qa-unresolved-soname-deps sandbox sfperms strict unknown-features-warn unmerge-backup unmerge-logs unmerge-orphans userfetch userpriv usersandbox usersync xattr'
 * CFLAGS='-march=native -O3 -fgraphite-identity -floop-nest-optimize -fdevirtualize-at-ltrans -fipa-pta -fno-semantic-interposition -flto=12 -fno-plt -fno-math-errno -fno-trapping-math -fuse-linker-plugin -pipe -g0 -falign-functions=32 -Wl,-O1 -Wl,--as-needed -Wl,--hash-style=gnu,-z,norelro,--as-needed'
 * CXXFLAGS='-march=native -O3 -fgraphite-identity -floop-nest-optimize -fdevirtualize-at-ltrans -fipa-pta -fno-semantic-interposition -flto=12 -fno-plt -fno-math-errno -fno-trapping-math -fuse-linker-plugin -pipe -g0 -falign-functions=32 -Wl,-O1 -Wl,--as-needed -Wl,--hash-style=gnu,-z,norelro,--as-needed'
 * FFLAGS='-march=native -O3 -fgraphite-identity -floop-nest-optimize -fdevirtualize-at-ltrans -fipa-pta -fno-semantic-interposition -flto=12 -fno-plt -fno-math-errno -fno-trapping-math -fuse-linker-plugin -pipe -g0 -falign-functions=32 -Wl,-O1 -Wl,--as-needed -Wl,--hash-style=gnu,-z,norelro,--as-needed'
 * FCFLAGS='-march=native -O3 -fgraphite-identity -floop-nest-optimize -fdevirtualize-at-ltrans -fipa-pta -fno-semantic-interposition -flto=12 -fno-plt -fno-math-errno -fno-trapping-math -fuse-linker-plugin -pipe -g0 -falign-functions=32 -Wl,-O1 -Wl,--as-needed -Wl,--hash-style=gnu,-z,norelro,--as-needed'
 * F77FLAGS='-march=native -O3 -fgraphite-identity -floop-nest-optimize -fdevirtualize-at-ltrans -fipa-pta -fno-semantic-interposition -flto=12 -fno-plt -fno-math-errno -fno-trapping-math -fuse-linker-plugin -pipe -g0 -falign-functions=32 -Wl,-O1 -Wl,--as-needed -Wl,--hash-style=gnu,-z,norelro,--as-needed'
 * LDFLAGS='-Wl,-O1 -Wl,--as-needed -Wl,--hash-style=gnu,-z,norelro,--as-needed -march=native -O3 -fgraphite-identity -floop-nest-optimize -fdevirtualize-at-ltrans -fipa-pta -fno-semantic-interposition -flto=12 -fno-plt -fno-math-errno -fno-trapping-math -fuse-linker-plugin -pipe -g0 -falign-functions=32'
 * MAKEOPTS='-j12 -l12'
 * gcc () 11.0.0 20200528 (experimental)
 * g++ () 11.0.0 20200528 (experimental)
 * GNU ld (Gentoo 2.34 p4) 2.34.0
 * Linux ryzen.gnum.org 5.4.36 #1 SMP Thu Apr 30 04:38:28 UTC 2020 x86_64 AMD Ryzen 5 3600 6-Core Processor AuthenticAMD GNU/Linux
media-fonts/croscorefonts: 10 seconds average for 7 merges
2020-05-19T23:38:52 >>> media-fonts/croscorefonts: 6 seconds
2020-05-20T01:09:00 >>> media-fonts/croscorefonts: 9 seconds
2020-05-21T06:09:56 >>> media-fonts/croscorefonts: 10 seconds
2020-05-25T03:13:09 >>> media-fonts/croscorefonts: 10 seconds
2020-05-25T23:02:05 >>> media-fonts/croscorefonts: 15 seconds
2020-05-26T14:05:45 >>> media-fonts/croscorefonts: 11 seconds
2020-05-27T01:42:40 >>> media-fonts/croscorefonts: 10 seconds
]0;emerge 14:30:11 230|889 croscorefonts 00:12 (root@ryzen.gnum.org)kemerge 14:30:11 230|889 croscorefonts 00:12 (root@ryzen.gnum.org)\>>> Extracting media-fonts/croscorefonts-1.31.0
 * checking 19 files for package collisions
>>> Merging media-fonts/croscorefonts-1.31.0 to /
 * removing unneeded *.la files
--- /etc/
--- /etc/fonts/
--- /etc/fonts/conf.avail/
>>> /etc/fonts/conf.avail/62-croscore-arimo.conf
>>> /etc/fonts/conf.avail/62-croscore-cousine.conf
>>> /etc/fonts/conf.avail/62-croscore-symbolneu.conf
>>> /etc/fonts/conf.avail/62-croscore-tinos.conf
--- /usr/
--- /usr/share/
--- /usr/share/fonts/
--- /usr/share/fonts/croscorefonts/
>>> /usr/share/fonts/croscorefonts/Arimo-Regular.ttf
>>> /usr/share/fonts/croscorefonts/Tinos-Bold.ttf
>>> /usr/share/fonts/croscorefonts/Tinos-Italic.ttf
>>> /usr/share/fonts/croscorefonts/Arimo-Bold.ttf
>>> /usr/share/fonts/croscorefonts/Tinos-Regular.ttf
>>> /usr/share/fonts/croscorefonts/Cousine-Regular.ttf
>>> /usr/share/fonts/croscorefonts/Cousine-BoldItalic.ttf
>>> /usr/share/fonts/croscorefonts/Tinos-BoldItalic.ttf
>>> /usr/share/fonts/croscorefonts/encodings.dir
>>> /usr/share/fonts/croscorefonts/Arimo-Italic.ttf
>>> /usr/share/fonts/croscorefonts/fonts.dir
>>> /usr/share/fonts/croscorefonts/fonts.scale
>>> /usr/share/fonts/croscorefonts/Cousine-Bold.ttf
>>> /usr/share/fonts/croscorefonts/Arimo-BoldItalic.ttf
>>> /usr/share/fonts/croscorefonts/Cousine-Italic.ttf
>>> Safely unmerging already-installed instance...
>>> Original instance of package unmerged safely.
 * The following fontconfig configuration files have been installed:
 * 
 *   62-croscore-arimo.conf
 *   62-croscore-cousine.conf
 *   62-croscore-symbolneu.conf
 *   62-croscore-tinos.conf
 * 
 * Use `eselect fontconfig` to enable/disable them.
 * Updating global fontcache ...
Fontconfig error: Cannot scan config file "infinality/conf.d"
 [ ok ]
>>> media-fonts/croscorefonts-1.31.0 merged.
