>>> Extracting info
 * Package:    media-libs/libvorbis-1.3.6-r1
 * Repository: gentoo
 * USE:        abi_x86_64 userland_GNU amd64 kernel_linux elibc_glibc
 * FEATURES:   network-sandbox preserve-libs sandbox userpriv usersandbox
 * FEATURES='nodoc binpkg-multi-instance usersandbox distlocks sfperms buildpkg strict-keepdir network-sandbox assume-digests unmerge-logs multilib-strict fixlafiles binpkg-logs binpkg-dostrip unknown-features-warn strict compress-index unmerge-orphans sandbox pid-sandbox downgrade-backup ipc-sandbox preserve-libs news userpriv parallel-install cgroup unmerge-backup parallel-fetch usersync binpkg-docompress qa-unresolved-soname-deps merge-sync xattr userfetch config-protect-if-modified'
 * CFLAGS='-march=native -O3 -fgraphite-identity -floop-nest-optimize -fdevirtualize-at-ltrans -fipa-pta -fno-semantic-interposition -flto=12 -fno-plt -fno-math-errno -fno-trapping-math -fuse-linker-plugin -pipe -g0 -falign-functions=32 -Wl,-O1 -Wl,--as-needed -Wl,--hash-style=gnu,-z,norelro,--as-needed'
 * CXXFLAGS='-march=native -O3 -fgraphite-identity -floop-nest-optimize -fdevirtualize-at-ltrans -fipa-pta -fno-semantic-interposition -flto=12 -fno-plt -fno-math-errno -fno-trapping-math -fuse-linker-plugin -pipe -g0 -falign-functions=32 -Wl,-O1 -Wl,--as-needed -Wl,--hash-style=gnu,-z,norelro,--as-needed'
 * FFLAGS='-march=native -O3 -fgraphite-identity -floop-nest-optimize -fdevirtualize-at-ltrans -fipa-pta -fno-semantic-interposition -flto=12 -fno-plt -fno-math-errno -fno-trapping-math -fuse-linker-plugin -pipe -g0 -falign-functions=32 -Wl,-O1 -Wl,--as-needed -Wl,--hash-style=gnu,-z,norelro,--as-needed'
 * FCFLAGS='-march=native -O3 -fgraphite-identity -floop-nest-optimize -fdevirtualize-at-ltrans -fipa-pta -fno-semantic-interposition -flto=12 -fno-plt -fno-math-errno -fno-trapping-math -fuse-linker-plugin -pipe -g0 -falign-functions=32 -Wl,-O1 -Wl,--as-needed -Wl,--hash-style=gnu,-z,norelro,--as-needed'
 * F77FLAGS='-march=native -O3 -fgraphite-identity -floop-nest-optimize -fdevirtualize-at-ltrans -fipa-pta -fno-semantic-interposition -flto=12 -fno-plt -fno-math-errno -fno-trapping-math -fuse-linker-plugin -pipe -g0 -falign-functions=32 -Wl,-O1 -Wl,--as-needed -Wl,--hash-style=gnu,-z,norelro,--as-needed'
 * LDFLAGS='-Wl,-O1 -Wl,--as-needed -Wl,--hash-style=gnu,-z,norelro,--as-needed -march=native -O3 -fgraphite-identity -floop-nest-optimize -fdevirtualize-at-ltrans -fipa-pta -fno-semantic-interposition -flto=12 -fno-plt -fno-math-errno -fno-trapping-math -fuse-linker-plugin -pipe -g0 -falign-functions=32'
 * MAKEOPTS='-j12 -l12'
 * gcc () 11.0.0 20200526 (experimental)
 * g++ () 11.0.0 20200526 (experimental)
 * GNU ld (Gentoo 2.34 p4) 2.34.0
 * Linux ryzen.gnum.org 5.4.36 #1 SMP Thu Apr 30 04:38:28 UTC 2020 x86_64 AMD Ryzen 5 3600 6-Core Processor AuthenticAMD GNU/Linux
media-libs/libvorbis: 12 seconds average for 5 merges
2020-05-16T15:34:31 >>> media-libs/libvorbis: 19 seconds
2020-05-20T01:11:42 >>> media-libs/libvorbis: 5 seconds
2020-05-21T06:06:16 >>> media-libs/libvorbis: 5 seconds
2020-05-25T20:44:56 >>> media-libs/libvorbis: 27 seconds
2020-05-26T13:59:11 >>> media-libs/libvorbis: 7 seconds
]0;emerge 01:39:04 144|647 libvorbis 00:13 (root@ryzen.gnum.org)kemerge 01:39:04 144|647 libvorbis 00:13 (root@ryzen.gnum.org)\>>> Extracting media-libs/libvorbis-1.3.6-r1
 * checking 16 files for package collisions
>>> Merging media-libs/libvorbis-1.3.6-r1 to /
 * removing unneeded *.la files
--- /usr/
--- /usr/lib64/
>>> /usr/lib64/libvorbisenc.so.2 -> libvorbisenc.so.2.0.11
--- /usr/lib64/pkgconfig/
>>> /usr/lib64/pkgconfig/vorbis.pc
>>> /usr/lib64/pkgconfig/vorbisfile.pc
>>> /usr/lib64/pkgconfig/vorbisenc.pc
>>> /usr/lib64/libvorbisfile.so -> libvorbisfile.so.3.3.7
>>> /usr/lib64/libvorbis.so.0 -> libvorbis.so.0.4.8
>>> /usr/lib64/libvorbis.so.0.4.8
>>> /usr/lib64/libvorbisfile.so.3.3.7
>>> /usr/lib64/libvorbis.so -> libvorbis.so.0.4.8
>>> /usr/lib64/libvorbisfile.so.3 -> libvorbisfile.so.3.3.7
>>> /usr/lib64/libvorbisenc.so -> libvorbisenc.so.2.0.11
>>> /usr/lib64/libvorbisenc.so.2.0.11
--- /usr/share/
--- /usr/share/aclocal/
>>> /usr/share/aclocal/vorbis.m4
--- /usr/include/
--- /usr/include/vorbis/
>>> /usr/include/vorbis/codec.h
>>> /usr/include/vorbis/vorbisfile.h
>>> /usr/include/vorbis/vorbisenc.h
>>> Safely unmerging already-installed instance...
>>> Original instance of package unmerged safely.
>>> media-libs/libvorbis-1.3.6-r1 merged.
>>> Regenerating /etc/ld.so.cache...
