 * Package:    media-sound/musepack-tools-465-r1
 * Repository: gentoo
 * Maintainer: sound@gentoo.org
 * USE:        abi_x86_64 amd64 elibc_glibc kernel_linux userland_GNU
 * FEATURES:   ccache network-sandbox preserve-libs sandbox userpriv usersandbox
 * /etc/portage/package.cflags/ltoworkarounds.conf -> media-sound/musepack-tools: *FLAGS-=-flto*
 * /etc/portage/package.cflags/ltoworkarounds.conf -> media-sound/musepack-tools: *FLAGS-="${NOCOMMON}"
 * FEATURES='assume-digests binpkg-docompress binpkg-dostrip binpkg-logs binpkg-multi-instance buildpkg ccache cgroup collision-protect compress-index config-protect-if-modified distlocks downgrade-backup fixlafiles ipc-sandbox merge-sync multilib-strict network-sandbox news nodoc parallel-fetch parallel-install pid-sandbox preserve-libs protect-owned qa-unresolved-soname-deps sandbox sfperms strict strict-keepdir unknown-features-warn unmerge-backup unmerge-logs unmerge-orphans userfetch userpriv usersandbox usersync xattr'
 * CFLAGS='-march=native -O3 -fgraphite-identity -floop-nest-optimize -fdevirtualize-at-ltrans -fipa-pta -fno-semantic-interposition -fno-plt -fno-math-errno -fno-trapping-math -fuse-linker-plugin -pipe -g0 -Wl,-O1 -Wl,--as-needed -Wl,--hash-style=gnu,-z,norelro,--as-needed'
 * CXXFLAGS='-march=native -O3 -fgraphite-identity -floop-nest-optimize -fdevirtualize-at-ltrans -fipa-pta -fno-semantic-interposition -fno-plt -fno-math-errno -fno-trapping-math -fuse-linker-plugin -pipe -g0 -Wl,-O1 -Wl,--as-needed -Wl,--hash-style=gnu,-z,norelro,--as-needed'
 * FFLAGS='-march=native -O3 -fgraphite-identity -floop-nest-optimize -fdevirtualize-at-ltrans -fipa-pta -fno-semantic-interposition -fno-plt -fno-math-errno -fno-trapping-math -fuse-linker-plugin -pipe -g0 -Wl,-O1 -Wl,--as-needed -Wl,--hash-style=gnu,-z,norelro,--as-needed'
 * FCFLAGS='-march=native -O3 -fgraphite-identity -floop-nest-optimize -fdevirtualize-at-ltrans -fipa-pta -fno-semantic-interposition -fno-plt -fno-math-errno -fno-trapping-math -fuse-linker-plugin -pipe -g0 -Wl,-O1 -Wl,--as-needed -Wl,--hash-style=gnu,-z,norelro,--as-needed'
 * F77FLAGS='-march=native -O3 -fgraphite-identity -floop-nest-optimize -fdevirtualize-at-ltrans -fipa-pta -fno-semantic-interposition -fno-plt -fno-math-errno -fno-trapping-math -fuse-linker-plugin -pipe -g0 -Wl,-O1 -Wl,--as-needed -Wl,--hash-style=gnu,-z,norelro,--as-needed'
 * LDFLAGS='-Wl,-O1 -Wl,--as-needed -Wl,--hash-style=gnu,-z,norelro,--as-needed'
 * MAKEOPTS='-j12 -l12'
 * gcc (Gentoo 11.0.0_pre9999 p1, commit 584d52b088f9fcf78704b504c3f1f07e17c1cded) 11.0.0 20200523 (experimental)
 * g++ (Gentoo 11.0.0_pre9999 p1, commit 584d52b088f9fcf78704b504c3f1f07e17c1cded) 11.0.0 20200523 (experimental)
 * GNU ld (Gentoo 2.34 p4) 2.34.0
 * Linux ryzen.gnum.org 5.4.36 #1 SMP Thu Apr 30 04:38:28 UTC 2020 x86_64 AMD Ryzen 5 3600 6-Core Processor AuthenticAMD GNU/Linux
]0;emerge 14:11:16 1|54 musepack-tools (root@ryzen.gnum.org)>>> Unpacking source...
>>> Unpacking musepack-tools-465.tar.bz2 to /tmp/portage/media-sound/musepack-tools-465-r1/work
>>> Source unpacked in /tmp/portage/media-sound/musepack-tools-465-r1/work
>>> Preparing source in /tmp/portage/media-sound/musepack-tools-465-r1/work/musepack-tools-465 ...
 * Applying musepack-tools-465-gentoo.patch ...
 [ ok ]
 * Working in BUILD_DIR: "/tmp/portage/media-sound/musepack-tools-465-r1/work/musepack-tools-465_build"
 * Hardcoded definition(s) removed in CMakeLists.txt:
 *  set(CMAKE_VERBOSE_MAKEFILE false)
>>> Source prepared.
>>> Configuring source in /tmp/portage/media-sound/musepack-tools-465-r1/work/musepack-tools-465 ...
 * abi_x86_64.amd64: running multilib-minimal_abi_src_configure
 * Working in BUILD_DIR: "/tmp/portage/media-sound/musepack-tools-465-r1/work/musepack-tools-465_build-abi_x86_64.amd64"
cmake -C /tmp/portage/media-sound/musepack-tools-465-r1/work/musepack-tools-465_build-abi_x86_64.amd64/gentoo_common_config.cmake -G Ninja -DCMAKE_INSTALL_PREFIX=/usr -DCMAKE_BUILD_TYPE=Gentoo -DCMAKE_TOOLCHAIN_FILE=/tmp/portage/media-sound/musepack-tools-465-r1/work/musepack-tools-465_build-abi_x86_64.amd64/gentoo_toolchain.cmake  /tmp/portage/media-sound/musepack-tools-465-r1/work/musepack-tools-465
loading initial cache file /tmp/portage/media-sound/musepack-tools-465-r1/work/musepack-tools-465_build-abi_x86_64.amd64/gentoo_common_config.cmake
-- The C compiler identification is GNU 11.0.0
-- Check for working C compiler: /usr/lib/ccache/bin/x86_64-pc-linux-gnu-gcc
-- Check for working C compiler: /usr/lib/ccache/bin/x86_64-pc-linux-gnu-gcc - works
-- Detecting C compiler ABI info
-- Detecting C compiler ABI info - done
-- Detecting C compile features
-- Detecting C compile features - done
-- Check if the system is big endian
-- Searching 16 bit integer
-- Looking for sys/types.h
-- Looking for sys/types.h - found
-- Looking for stdint.h
-- Looking for stdint.h - found
-- Looking for stddef.h
-- Looking for stddef.h - found
-- Check size of unsigned short
-- Check size of unsigned short - done
-- Searching 16 bit integer - Using unsigned short
-- Check if the system is big endian - little endian
-- <<< Gentoo configuration >>>
Build type      Gentoo
Install path    /usr
Compiler flags:
C               -march=native -O3 -fgraphite-identity -floop-nest-optimize -fdevirtualize-at-ltrans -fipa-pta -fno-semantic-interposition -fno-plt -fno-math-errno -fno-trapping-math -fuse-linker-plugin -pipe -g0 -Wl,-O1 -Wl,--as-needed -Wl,--hash-style=gnu,-z,norelro,--as-needed
C++             
Linker flags:
Executable      -Wl,-O1 -Wl,--as-needed -Wl,--hash-style=gnu,-z,norelro,--as-needed
Module          -Wl,-O1 -Wl,--as-needed -Wl,--hash-style=gnu,-z,norelro,--as-needed
Shared          -Wl,-O1 -Wl,--as-needed -Wl,--hash-style=gnu,-z,norelro,--as-needed

-- Configuring done
-- Generating done
-- Build files have been written to: /tmp/portage/media-sound/musepack-tools-465-r1/work/musepack-tools-465_build-abi_x86_64.amd64
>>> Source configured.
>>> Compiling source in /tmp/portage/media-sound/musepack-tools-465-r1/work/musepack-tools-465 ...
 * abi_x86_64.amd64: running multilib-minimal_abi_src_compile
 * Working in BUILD_DIR: "/tmp/portage/media-sound/musepack-tools-465-r1/work/musepack-tools-465_build-abi_x86_64.amd64"
ninja -v -j12 -l12
[1/63] /usr/lib/ccache/bin/x86_64-pc-linux-gnu-gcc -DCVD_FASTLOG -DFAST_MATH -I/tmp/portage/media-sound/musepack-tools-465-r1/work/musepack-tools-465/include  -march=native -O3 -fgraphite-identity -floop-nest-optimize -fdevirtualize-at-ltrans -fipa-pta -fno-semantic-interposition -fno-plt -fno-math-errno -fno-trapping-math -fuse-linker-plugin -pipe -g0 -Wl,-O1 -Wl,--as-needed -Wl,--hash-style=gnu,-z,norelro,--as-needed -MD -MT libmpcdec/CMakeFiles/mpcdec_static.dir/mpc_demux.o -MF libmpcdec/CMakeFiles/mpcdec_static.dir/mpc_demux.o.d -o libmpcdec/CMakeFiles/mpcdec_static.dir/mpc_demux.o -c /tmp/portage/media-sound/musepack-tools-465-r1/work/musepack-tools-465/libmpcdec/mpc_demux.c
[2/63] /usr/lib/ccache/bin/x86_64-pc-linux-gnu-gcc -DCVD_FASTLOG -DFAST_MATH -I/tmp/portage/media-sound/musepack-tools-465-r1/work/musepack-tools-465/include  -march=native -O3 -fgraphite-identity -floop-nest-optimize -fdevirtualize-at-ltrans -fipa-pta -fno-semantic-interposition -fno-plt -fno-math-errno -fno-trapping-math -fuse-linker-plugin -pipe -g0 -Wl,-O1 -Wl,--as-needed -Wl,--hash-style=gnu,-z,norelro,--as-needed -MD -MT libmpcdec/CMakeFiles/mpcdec_static.dir/huffman.o -MF libmpcdec/CMakeFiles/mpcdec_static.dir/huffman.o.d -o libmpcdec/CMakeFiles/mpcdec_static.dir/huffman.o -c /tmp/portage/media-sound/musepack-tools-465-r1/work/musepack-tools-465/libmpcdec/huffman.c
[3/63] /usr/lib/ccache/bin/x86_64-pc-linux-gnu-gcc -DCVD_FASTLOG -DFAST_MATH -I/tmp/portage/media-sound/musepack-tools-465-r1/work/musepack-tools-465/include  -march=native -O3 -fgraphite-identity -floop-nest-optimize -fdevirtualize-at-ltrans -fipa-pta -fno-semantic-interposition -fno-plt -fno-math-errno -fno-trapping-math -fuse-linker-plugin -pipe -g0 -Wl,-O1 -Wl,--as-needed -Wl,--hash-style=gnu,-z,norelro,--as-needed -MD -MT libmpcdec/CMakeFiles/mpcdec_static.dir/__/common/crc32.o -MF libmpcdec/CMakeFiles/mpcdec_static.dir/__/common/crc32.o.d -o libmpcdec/CMakeFiles/mpcdec_static.dir/__/common/crc32.o -c /tmp/portage/media-sound/musepack-tools-465-r1/work/musepack-tools-465/common/crc32.c
[4/63] /usr/lib/ccache/bin/x86_64-pc-linux-gnu-gcc -DCVD_FASTLOG -DFAST_MATH -I/tmp/portage/media-sound/musepack-tools-465-r1/work/musepack-tools-465/include  -march=native -O3 -fgraphite-identity -floop-nest-optimize -fdevirtualize-at-ltrans -fipa-pta -fno-semantic-interposition -fno-plt -fno-math-errno -fno-trapping-math -fuse-linker-plugin -pipe -g0 -Wl,-O1 -Wl,--as-needed -Wl,--hash-style=gnu,-z,norelro,--as-needed -MD -MT libmpcdec/CMakeFiles/mpcdec_static.dir/mpc_reader.o -MF libmpcdec/CMakeFiles/mpcdec_static.dir/mpc_reader.o.d -o libmpcdec/CMakeFiles/mpcdec_static.dir/mpc_reader.o -c /tmp/portage/media-sound/musepack-tools-465-r1/work/musepack-tools-465/libmpcdec/mpc_reader.c
[5/63] /usr/lib/ccache/bin/x86_64-pc-linux-gnu-gcc -DCVD_FASTLOG -DFAST_MATH -I/tmp/portage/media-sound/musepack-tools-465-r1/work/musepack-tools-465/include  -march=native -O3 -fgraphite-identity -floop-nest-optimize -fdevirtualize-at-ltrans -fipa-pta -fno-semantic-interposition -fno-plt -fno-math-errno -fno-trapping-math -fuse-linker-plugin -pipe -g0 -Wl,-O1 -Wl,--as-needed -Wl,--hash-style=gnu,-z,norelro,--as-needed -MD -MT libmpcdec/CMakeFiles/mpcdec_static.dir/requant.o -MF libmpcdec/CMakeFiles/mpcdec_static.dir/requant.o.d -o libmpcdec/CMakeFiles/mpcdec_static.dir/requant.o -c /tmp/portage/media-sound/musepack-tools-465-r1/work/musepack-tools-465/libmpcdec/requant.c
[6/63] /usr/lib/ccache/bin/x86_64-pc-linux-gnu-gcc -DCVD_FASTLOG -DFAST_MATH -Dmpcdec_shared_EXPORTS -I/tmp/portage/media-sound/musepack-tools-465-r1/work/musepack-tools-465/include  -march=native -O3 -fgraphite-identity -floop-nest-optimize -fdevirtualize-at-ltrans -fipa-pta -fno-semantic-interposition -fno-plt -fno-math-errno -fno-trapping-math -fuse-linker-plugin -pipe -g0 -Wl,-O1 -Wl,--as-needed -Wl,--hash-style=gnu,-z,norelro,--as-needed -fPIC -MD -MT libmpcdec/CMakeFiles/mpcdec_shared.dir/huffman.o -MF libmpcdec/CMakeFiles/mpcdec_shared.dir/huffman.o.d -o libmpcdec/CMakeFiles/mpcdec_shared.dir/huffman.o -c /tmp/portage/media-sound/musepack-tools-465-r1/work/musepack-tools-465/libmpcdec/huffman.c
[7/63] /usr/lib/ccache/bin/x86_64-pc-linux-gnu-gcc -DCVD_FASTLOG -DFAST_MATH -I/tmp/portage/media-sound/musepack-tools-465-r1/work/musepack-tools-465/include  -march=native -O3 -fgraphite-identity -floop-nest-optimize -fdevirtualize-at-ltrans -fipa-pta -fno-semantic-interposition -fno-plt -fno-math-errno -fno-trapping-math -fuse-linker-plugin -pipe -g0 -Wl,-O1 -Wl,--as-needed -Wl,--hash-style=gnu,-z,norelro,--as-needed -MD -MT libmpcdec/CMakeFiles/mpcdec_static.dir/mpc_decoder.o -MF libmpcdec/CMakeFiles/mpcdec_static.dir/mpc_decoder.o.d -o libmpcdec/CMakeFiles/mpcdec_static.dir/mpc_decoder.o -c /tmp/portage/media-sound/musepack-tools-465-r1/work/musepack-tools-465/libmpcdec/mpc_decoder.c
[8/63] /usr/lib/ccache/bin/x86_64-pc-linux-gnu-gcc -DCVD_FASTLOG -DFAST_MATH -I/tmp/portage/media-sound/musepack-tools-465-r1/work/musepack-tools-465/include  -march=native -O3 -fgraphite-identity -floop-nest-optimize -fdevirtualize-at-ltrans -fipa-pta -fno-semantic-interposition -fno-plt -fno-math-errno -fno-trapping-math -fuse-linker-plugin -pipe -g0 -Wl,-O1 -Wl,--as-needed -Wl,--hash-style=gnu,-z,norelro,--as-needed -MD -MT libmpcdec/CMakeFiles/mpcdec_static.dir/streaminfo.o -MF libmpcdec/CMakeFiles/mpcdec_static.dir/streaminfo.o.d -o libmpcdec/CMakeFiles/mpcdec_static.dir/streaminfo.o -c /tmp/portage/media-sound/musepack-tools-465-r1/work/musepack-tools-465/libmpcdec/streaminfo.c
[9/63] /usr/lib/ccache/bin/x86_64-pc-linux-gnu-gcc -DCVD_FASTLOG -DFAST_MATH -I/tmp/portage/media-sound/musepack-tools-465-r1/work/musepack-tools-465/include  -march=native -O3 -fgraphite-identity -floop-nest-optimize -fdevirtualize-at-ltrans -fipa-pta -fno-semantic-interposition -fno-plt -fno-math-errno -fno-trapping-math -fuse-linker-plugin -pipe -g0 -Wl,-O1 -Wl,--as-needed -Wl,--hash-style=gnu,-z,norelro,--as-needed -MD -MT libmpcdec/CMakeFiles/mpcdec_static.dir/mpc_bits_reader.o -MF libmpcdec/CMakeFiles/mpcdec_static.dir/mpc_bits_reader.o.d -o libmpcdec/CMakeFiles/mpcdec_static.dir/mpc_bits_reader.o -c /tmp/portage/media-sound/musepack-tools-465-r1/work/musepack-tools-465/libmpcdec/mpc_bits_reader.c
[10/63] /usr/lib/ccache/bin/x86_64-pc-linux-gnu-gcc -DCVD_FASTLOG -DFAST_MATH -Dmpcdec_shared_EXPORTS -I/tmp/portage/media-sound/musepack-tools-465-r1/work/musepack-tools-465/include  -march=native -O3 -fgraphite-identity -floop-nest-optimize -fdevirtualize-at-ltrans -fipa-pta -fno-semantic-interposition -fno-plt -fno-math-errno -fno-trapping-math -fuse-linker-plugin -pipe -g0 -Wl,-O1 -Wl,--as-needed -Wl,--hash-style=gnu,-z,norelro,--as-needed -fPIC -MD -MT libmpcdec/CMakeFiles/mpcdec_shared.dir/mpc_decoder.o -MF libmpcdec/CMakeFiles/mpcdec_shared.dir/mpc_decoder.o.d -o libmpcdec/CMakeFiles/mpcdec_shared.dir/mpc_decoder.o -c /tmp/portage/media-sound/musepack-tools-465-r1/work/musepack-tools-465/libmpcdec/mpc_decoder.c
[11/63] /usr/lib/ccache/bin/x86_64-pc-linux-gnu-gcc -DCVD_FASTLOG -DFAST_MATH -I/tmp/portage/media-sound/musepack-tools-465-r1/work/musepack-tools-465/include  -march=native -O3 -fgraphite-identity -floop-nest-optimize -fdevirtualize-at-ltrans -fipa-pta -fno-semantic-interposition -fno-plt -fno-math-errno -fno-trapping-math -fuse-linker-plugin -pipe -g0 -Wl,-O1 -Wl,--as-needed -Wl,--hash-style=gnu,-z,norelro,--as-needed -MD -MT libmpcdec/CMakeFiles/mpcdec_static.dir/synth_filter.o -MF libmpcdec/CMakeFiles/mpcdec_static.dir/synth_filter.o.d -o libmpcdec/CMakeFiles/mpcdec_static.dir/synth_filter.o -c /tmp/portage/media-sound/musepack-tools-465-r1/work/musepack-tools-465/libmpcdec/synth_filter.c
[12/63] /usr/lib/ccache/bin/x86_64-pc-linux-gnu-gcc -DCVD_FASTLOG -DFAST_MATH -Dmpcdec_shared_EXPORTS -I/tmp/portage/media-sound/musepack-tools-465-r1/work/musepack-tools-465/include  -march=native -O3 -fgraphite-identity -floop-nest-optimize -fdevirtualize-at-ltrans -fipa-pta -fno-semantic-interposition -fno-plt -fno-math-errno -fno-trapping-math -fuse-linker-plugin -pipe -g0 -Wl,-O1 -Wl,--as-needed -Wl,--hash-style=gnu,-z,norelro,--as-needed -fPIC -MD -MT libmpcdec/CMakeFiles/mpcdec_shared.dir/mpc_reader.o -MF libmpcdec/CMakeFiles/mpcdec_shared.dir/mpc_reader.o.d -o libmpcdec/CMakeFiles/mpcdec_shared.dir/mpc_reader.o -c /tmp/portage/media-sound/musepack-tools-465-r1/work/musepack-tools-465/libmpcdec/mpc_reader.c
[13/63] /usr/lib/ccache/bin/x86_64-pc-linux-gnu-gcc -DCVD_FASTLOG -DFAST_MATH -Dmpcdec_shared_EXPORTS -I/tmp/portage/media-sound/musepack-tools-465-r1/work/musepack-tools-465/include  -march=native -O3 -fgraphite-identity -floop-nest-optimize -fdevirtualize-at-ltrans -fipa-pta -fno-semantic-interposition -fno-plt -fno-math-errno -fno-trapping-math -fuse-linker-plugin -pipe -g0 -Wl,-O1 -Wl,--as-needed -Wl,--hash-style=gnu,-z,norelro,--as-needed -fPIC -MD -MT libmpcdec/CMakeFiles/mpcdec_shared.dir/__/common/crc32.o -MF libmpcdec/CMakeFiles/mpcdec_shared.dir/__/common/crc32.o.d -o libmpcdec/CMakeFiles/mpcdec_shared.dir/__/common/crc32.o -c /tmp/portage/media-sound/musepack-tools-465-r1/work/musepack-tools-465/common/crc32.c
[14/63] /usr/lib/ccache/bin/x86_64-pc-linux-gnu-gcc -DCVD_FASTLOG -DFAST_MATH -Dmpcdec_shared_EXPORTS -I/tmp/portage/media-sound/musepack-tools-465-r1/work/musepack-tools-465/include  -march=native -O3 -fgraphite-identity -floop-nest-optimize -fdevirtualize-at-ltrans -fipa-pta -fno-semantic-interposition -fno-plt -fno-math-errno -fno-trapping-math -fuse-linker-plugin -pipe -g0 -Wl,-O1 -Wl,--as-needed -Wl,--hash-style=gnu,-z,norelro,--as-needed -fPIC -MD -MT libmpcdec/CMakeFiles/mpcdec_shared.dir/mpc_bits_reader.o -MF libmpcdec/CMakeFiles/mpcdec_shared.dir/mpc_bits_reader.o.d -o libmpcdec/CMakeFiles/mpcdec_shared.dir/mpc_bits_reader.o -c /tmp/portage/media-sound/musepack-tools-465-r1/work/musepack-tools-465/libmpcdec/mpc_bits_reader.c
[15/63] /usr/lib/ccache/bin/x86_64-pc-linux-gnu-gcc -DCVD_FASTLOG -DFAST_MATH -Dmpcdec_shared_EXPORTS -I/tmp/portage/media-sound/musepack-tools-465-r1/work/musepack-tools-465/include  -march=native -O3 -fgraphite-identity -floop-nest-optimize -fdevirtualize-at-ltrans -fipa-pta -fno-semantic-interposition -fno-plt -fno-math-errno -fno-trapping-math -fuse-linker-plugin -pipe -g0 -Wl,-O1 -Wl,--as-needed -Wl,--hash-style=gnu,-z,norelro,--as-needed -fPIC -MD -MT libmpcdec/CMakeFiles/mpcdec_shared.dir/streaminfo.o -MF libmpcdec/CMakeFiles/mpcdec_shared.dir/streaminfo.o.d -o libmpcdec/CMakeFiles/mpcdec_shared.dir/streaminfo.o -c /tmp/portage/media-sound/musepack-tools-465-r1/work/musepack-tools-465/libmpcdec/streaminfo.c
[16/63] /usr/lib/ccache/bin/x86_64-pc-linux-gnu-gcc -DCVD_FASTLOG -DFAST_MATH -Dmpcdec_shared_EXPORTS -I/tmp/portage/media-sound/musepack-tools-465-r1/work/musepack-tools-465/include  -march=native -O3 -fgraphite-identity -floop-nest-optimize -fdevirtualize-at-ltrans -fipa-pta -fno-semantic-interposition -fno-plt -fno-math-errno -fno-trapping-math -fuse-linker-plugin -pipe -g0 -Wl,-O1 -Wl,--as-needed -Wl,--hash-style=gnu,-z,norelro,--as-needed -fPIC -MD -MT libmpcdec/CMakeFiles/mpcdec_shared.dir/mpc_demux.o -MF libmpcdec/CMakeFiles/mpcdec_shared.dir/mpc_demux.o.d -o libmpcdec/CMakeFiles/mpcdec_shared.dir/mpc_demux.o -c /tmp/portage/media-sound/musepack-tools-465-r1/work/musepack-tools-465/libmpcdec/mpc_demux.c
[17/63] /usr/lib/ccache/bin/x86_64-pc-linux-gnu-gcc -DCVD_FASTLOG -DFAST_MATH -Dmpcdec_shared_EXPORTS -I/tmp/portage/media-sound/musepack-tools-465-r1/work/musepack-tools-465/include  -march=native -O3 -fgraphite-identity -floop-nest-optimize -fdevirtualize-at-ltrans -fipa-pta -fno-semantic-interposition -fno-plt -fno-math-errno -fno-trapping-math -fuse-linker-plugin -pipe -g0 -Wl,-O1 -Wl,--as-needed -Wl,--hash-style=gnu,-z,norelro,--as-needed -fPIC -MD -MT libmpcdec/CMakeFiles/mpcdec_shared.dir/requant.o -MF libmpcdec/CMakeFiles/mpcdec_shared.dir/requant.o.d -o libmpcdec/CMakeFiles/mpcdec_shared.dir/requant.o -c /tmp/portage/media-sound/musepack-tools-465-r1/work/musepack-tools-465/libmpcdec/requant.c
[18/63] /usr/lib/ccache/bin/x86_64-pc-linux-gnu-gcc -DCVD_FASTLOG -DFAST_MATH -Dmpcdec_shared_EXPORTS -I/tmp/portage/media-sound/musepack-tools-465-r1/work/musepack-tools-465/include  -march=native -O3 -fgraphite-identity -floop-nest-optimize -fdevirtualize-at-ltrans -fipa-pta -fno-semantic-interposition -fno-plt -fno-math-errno -fno-trapping-math -fuse-linker-plugin -pipe -g0 -Wl,-O1 -Wl,--as-needed -Wl,--hash-style=gnu,-z,norelro,--as-needed -fPIC -MD -MT libmpcdec/CMakeFiles/mpcdec_shared.dir/synth_filter.o -MF libmpcdec/CMakeFiles/mpcdec_shared.dir/synth_filter.o.d -o libmpcdec/CMakeFiles/mpcdec_shared.dir/synth_filter.o -c /tmp/portage/media-sound/musepack-tools-465-r1/work/musepack-tools-465/libmpcdec/synth_filter.c
[19/63] /usr/lib/ccache/bin/x86_64-pc-linux-gnu-gcc -DCVD_FASTLOG -DFAST_MATH -I/tmp/portage/media-sound/musepack-tools-465-r1/work/musepack-tools-465/include  -march=native -O3 -fgraphite-identity -floop-nest-optimize -fdevirtualize-at-ltrans -fipa-pta -fno-semantic-interposition -fno-plt -fno-math-errno -fno-trapping-math -fuse-linker-plugin -pipe -g0 -Wl,-O1 -Wl,--as-needed -Wl,--hash-style=gnu,-z,norelro,--as-needed -MD -MT libmpcpsy/CMakeFiles/mpcpsy_static.dir/ans.o -MF libmpcpsy/CMakeFiles/mpcpsy_static.dir/ans.o.d -o libmpcpsy/CMakeFiles/mpcpsy_static.dir/ans.o -c /tmp/portage/media-sound/musepack-tools-465-r1/work/musepack-tools-465/libmpcpsy/ans.c
../musepack-tools-465/libmpcpsy/ans.c: In function 'NS_Analyse':
../musepack-tools-465/libmpcpsy/ans.c:291:113: warning: passing argument 10 of 'FindOptimalANS' from incompatible pointer type [-Wincompatible-pointer-types]
  291 |  FindOptimalANS ( MaxBand, MSflag, ANSspec_L, ANSspec_M, m->NS_Order_L, m->SNR_comp_L, m->FIR_L, smr.L, smr.M, m->SCF_Index_L, Transient );
      |                                                                                                                ~^~~~~~~~~~~~~
      |                                                                                                                 |
      |                                                                                                                 int *
../musepack-tools-465/libmpcpsy/ans.c:160:40: note: expected 'const int (*)[3]' but argument is of type 'int *'
  160 |                  const int             scf [] [3],
      |                  ~~~~~~~~~~~~~~~~~~~~~~^~~~~~~~~~
../musepack-tools-465/libmpcpsy/ans.c:296:113: warning: passing argument 10 of 'FindOptimalANS' from incompatible pointer type [-Wincompatible-pointer-types]
  296 |  FindOptimalANS ( MaxBand, MSflag, ANSspec_R, ANSspec_S, m->NS_Order_R, m->SNR_comp_R, m->FIR_R, smr.R, smr.S, m->SCF_Index_R, Transient );
      |                                                                                                                ~^~~~~~~~~~~~~
      |                                                                                                                 |
      |                                                                                                                 int *
../musepack-tools-465/libmpcpsy/ans.c:160:40: note: expected 'const int (*)[3]' but argument is of type 'int *'
  160 |                  const int             scf [] [3],
      |                  ~~~~~~~~~~~~~~~~~~~~~~^~~~~~~~~~
[20/63] /usr/lib/ccache/bin/x86_64-pc-linux-gnu-gcc -DCVD_FASTLOG -DFAST_MATH -I/tmp/portage/media-sound/musepack-tools-465-r1/work/musepack-tools-465/include  -march=native -O3 -fgraphite-identity -floop-nest-optimize -fdevirtualize-at-ltrans -fipa-pta -fno-semantic-interposition -fno-plt -fno-math-errno -fno-trapping-math -fuse-linker-plugin -pipe -g0 -Wl,-O1 -Wl,--as-needed -Wl,--hash-style=gnu,-z,norelro,--as-needed -MD -MT libmpcpsy/CMakeFiles/mpcpsy_static.dir/cvd.o -MF libmpcpsy/CMakeFiles/mpcpsy_static.dir/cvd.o.d -o libmpcpsy/CMakeFiles/mpcpsy_static.dir/cvd.o -c /tmp/portage/media-sound/musepack-tools-465-r1/work/musepack-tools-465/libmpcpsy/cvd.c
[21/63] /usr/lib/ccache/bin/x86_64-pc-linux-gnu-gcc -DCVD_FASTLOG -DFAST_MATH -I/tmp/portage/media-sound/musepack-tools-465-r1/work/musepack-tools-465/include  -march=native -O3 -fgraphite-identity -floop-nest-optimize -fdevirtualize-at-ltrans -fipa-pta -fno-semantic-interposition -fno-plt -fno-math-errno -fno-trapping-math -fuse-linker-plugin -pipe -g0 -Wl,-O1 -Wl,--as-needed -Wl,--hash-style=gnu,-z,norelro,--as-needed -MD -MT libmpcpsy/CMakeFiles/mpcpsy_static.dir/fft4g.o -MF libmpcpsy/CMakeFiles/mpcpsy_static.dir/fft4g.o.d -o libmpcpsy/CMakeFiles/mpcpsy_static.dir/fft4g.o -c /tmp/portage/media-sound/musepack-tools-465-r1/work/musepack-tools-465/libmpcpsy/fft4g.c
[22/63] /usr/lib/ccache/bin/x86_64-pc-linux-gnu-gcc -DCVD_FASTLOG -DFAST_MATH -I/tmp/portage/media-sound/musepack-tools-465-r1/work/musepack-tools-465/include  -march=native -O3 -fgraphite-identity -floop-nest-optimize -fdevirtualize-at-ltrans -fipa-pta -fno-semantic-interposition -fno-plt -fno-math-errno -fno-trapping-math -fuse-linker-plugin -pipe -g0 -Wl,-O1 -Wl,--as-needed -Wl,--hash-style=gnu,-z,norelro,--as-needed -MD -MT libmpcpsy/CMakeFiles/mpcpsy_static.dir/fft_routines.o -MF libmpcpsy/CMakeFiles/mpcpsy_static.dir/fft_routines.o.d -o libmpcpsy/CMakeFiles/mpcpsy_static.dir/fft_routines.o -c /tmp/portage/media-sound/musepack-tools-465-r1/work/musepack-tools-465/libmpcpsy/fft_routines.c
[23/63] /usr/lib/ccache/bin/x86_64-pc-linux-gnu-gcc -DCVD_FASTLOG -DFAST_MATH -I/tmp/portage/media-sound/musepack-tools-465-r1/work/musepack-tools-465/include  -march=native -O3 -fgraphite-identity -floop-nest-optimize -fdevirtualize-at-ltrans -fipa-pta -fno-semantic-interposition -fno-plt -fno-math-errno -fno-trapping-math -fuse-linker-plugin -pipe -g0 -Wl,-O1 -Wl,--as-needed -Wl,--hash-style=gnu,-z,norelro,--as-needed -MD -MT libmpcpsy/CMakeFiles/mpcpsy_static.dir/profile.o -MF libmpcpsy/CMakeFiles/mpcpsy_static.dir/profile.o.d -o libmpcpsy/CMakeFiles/mpcpsy_static.dir/profile.o -c /tmp/portage/media-sound/musepack-tools-465-r1/work/musepack-tools-465/libmpcpsy/profile.c
[24/63] /usr/lib/ccache/bin/x86_64-pc-linux-gnu-gcc -DCVD_FASTLOG -DFAST_MATH -I/tmp/portage/media-sound/musepack-tools-465-r1/work/musepack-tools-465/include  -march=native -O3 -fgraphite-identity -floop-nest-optimize -fdevirtualize-at-ltrans -fipa-pta -fno-semantic-interposition -fno-plt -fno-math-errno -fno-trapping-math -fuse-linker-plugin -pipe -g0 -Wl,-O1 -Wl,--as-needed -Wl,--hash-style=gnu,-z,norelro,--as-needed -MD -MT libmpcpsy/CMakeFiles/mpcpsy_static.dir/psy.o -MF libmpcpsy/CMakeFiles/mpcpsy_static.dir/psy.o.d -o libmpcpsy/CMakeFiles/mpcpsy_static.dir/psy.o -c /tmp/portage/media-sound/musepack-tools-465-r1/work/musepack-tools-465/libmpcpsy/psy.c
[25/63] /usr/lib/ccache/bin/x86_64-pc-linux-gnu-gcc -DCVD_FASTLOG -DFAST_MATH -I/tmp/portage/media-sound/musepack-tools-465-r1/work/musepack-tools-465/include  -march=native -O3 -fgraphite-identity -floop-nest-optimize -fdevirtualize-at-ltrans -fipa-pta -fno-semantic-interposition -fno-plt -fno-math-errno -fno-trapping-math -fuse-linker-plugin -pipe -g0 -Wl,-O1 -Wl,--as-needed -Wl,--hash-style=gnu,-z,norelro,--as-needed -MD -MT libmpcpsy/CMakeFiles/mpcpsy_static.dir/psy_tab.o -MF libmpcpsy/CMakeFiles/mpcpsy_static.dir/psy_tab.o.d -o libmpcpsy/CMakeFiles/mpcpsy_static.dir/psy_tab.o -c /tmp/portage/media-sound/musepack-tools-465-r1/work/musepack-tools-465/libmpcpsy/psy_tab.c
[26/63] /usr/lib/ccache/bin/x86_64-pc-linux-gnu-gcc -DCVD_FASTLOG -DFAST_MATH -I/tmp/portage/media-sound/musepack-tools-465-r1/work/musepack-tools-465/include  -march=native -O3 -fgraphite-identity -floop-nest-optimize -fdevirtualize-at-ltrans -fipa-pta -fno-semantic-interposition -fno-plt -fno-math-errno -fno-trapping-math -fuse-linker-plugin -pipe -g0 -Wl,-O1 -Wl,--as-needed -Wl,--hash-style=gnu,-z,norelro,--as-needed -MD -MT libmpcpsy/CMakeFiles/mpcpsy_static.dir/__/common/fastmath.o -MF libmpcpsy/CMakeFiles/mpcpsy_static.dir/__/common/fastmath.o.d -o libmpcpsy/CMakeFiles/mpcpsy_static.dir/__/common/fastmath.o -c /tmp/portage/media-sound/musepack-tools-465-r1/work/musepack-tools-465/common/fastmath.c
[27/63] /usr/lib/ccache/bin/x86_64-pc-linux-gnu-gcc -DCVD_FASTLOG -DFAST_MATH -I/tmp/portage/media-sound/musepack-tools-465-r1/work/musepack-tools-465/include  -march=native -O3 -fgraphite-identity -floop-nest-optimize -fdevirtualize-at-ltrans -fipa-pta -fno-semantic-interposition -fno-plt -fno-math-errno -fno-trapping-math -fuse-linker-plugin -pipe -g0 -Wl,-O1 -Wl,--as-needed -Wl,--hash-style=gnu,-z,norelro,--as-needed -MD -MT libmpcenc/CMakeFiles/mpcenc_static.dir/analy_filter.o -MF libmpcenc/CMakeFiles/mpcenc_static.dir/analy_filter.o.d -o libmpcenc/CMakeFiles/mpcenc_static.dir/analy_filter.o -c /tmp/portage/media-sound/musepack-tools-465-r1/work/musepack-tools-465/libmpcenc/analy_filter.c
[28/63] /usr/lib/ccache/bin/x86_64-pc-linux-gnu-gcc -DCVD_FASTLOG -DFAST_MATH -I/tmp/portage/media-sound/musepack-tools-465-r1/work/musepack-tools-465/include  -march=native -O3 -fgraphite-identity -floop-nest-optimize -fdevirtualize-at-ltrans -fipa-pta -fno-semantic-interposition -fno-plt -fno-math-errno -fno-trapping-math -fuse-linker-plugin -pipe -g0 -Wl,-O1 -Wl,--as-needed -Wl,--hash-style=gnu,-z,norelro,--as-needed -MD -MT libmpcenc/CMakeFiles/mpcenc_static.dir/bitstream.o -MF libmpcenc/CMakeFiles/mpcenc_static.dir/bitstream.o.d -o libmpcenc/CMakeFiles/mpcenc_static.dir/bitstream.o -c /tmp/portage/media-sound/musepack-tools-465-r1/work/musepack-tools-465/libmpcenc/bitstream.c
[29/63] /usr/lib/ccache/bin/x86_64-pc-linux-gnu-gcc -DCVD_FASTLOG -DFAST_MATH -I/tmp/portage/media-sound/musepack-tools-465-r1/work/musepack-tools-465/include  -march=native -O3 -fgraphite-identity -floop-nest-optimize -fdevirtualize-at-ltrans -fipa-pta -fno-semantic-interposition -fno-plt -fno-math-errno -fno-trapping-math -fuse-linker-plugin -pipe -g0 -Wl,-O1 -Wl,--as-needed -Wl,--hash-style=gnu,-z,norelro,--as-needed -MD -MT libmpcenc/CMakeFiles/mpcenc_static.dir/encode_sv7.o -MF libmpcenc/CMakeFiles/mpcenc_static.dir/encode_sv7.o.d -o libmpcenc/CMakeFiles/mpcenc_static.dir/encode_sv7.o -c /tmp/portage/media-sound/musepack-tools-465-r1/work/musepack-tools-465/libmpcenc/encode_sv7.c
[30/63] /usr/lib/ccache/bin/x86_64-pc-linux-gnu-gcc -DCVD_FASTLOG -DFAST_MATH -I/tmp/portage/media-sound/musepack-tools-465-r1/work/musepack-tools-465/include  -march=native -O3 -fgraphite-identity -floop-nest-optimize -fdevirtualize-at-ltrans -fipa-pta -fno-semantic-interposition -fno-plt -fno-math-errno -fno-trapping-math -fuse-linker-plugin -pipe -g0 -Wl,-O1 -Wl,--as-needed -Wl,--hash-style=gnu,-z,norelro,--as-needed -MD -MT libmpcenc/CMakeFiles/mpcenc_static.dir/huffsv7.o -MF libmpcenc/CMakeFiles/mpcenc_static.dir/huffsv7.o.d -o libmpcenc/CMakeFiles/mpcenc_static.dir/huffsv7.o -c /tmp/portage/media-sound/musepack-tools-465-r1/work/musepack-tools-465/libmpcenc/huffsv7.c
[31/63] /usr/lib/ccache/bin/x86_64-pc-linux-gnu-gcc -DCVD_FASTLOG -DFAST_MATH -I/tmp/portage/media-sound/musepack-tools-465-r1/work/musepack-tools-465/include  -march=native -O3 -fgraphite-identity -floop-nest-optimize -fdevirtualize-at-ltrans -fipa-pta -fno-semantic-interposition -fno-plt -fno-math-errno -fno-trapping-math -fuse-linker-plugin -pipe -g0 -Wl,-O1 -Wl,--as-needed -Wl,--hash-style=gnu,-z,norelro,--as-needed -MD -MT libmpcenc/CMakeFiles/mpcenc_static.dir/quant.o -MF libmpcenc/CMakeFiles/mpcenc_static.dir/quant.o.d -o libmpcenc/CMakeFiles/mpcenc_static.dir/quant.o -c /tmp/portage/media-sound/musepack-tools-465-r1/work/musepack-tools-465/libmpcenc/quant.c
[32/63] /usr/lib/ccache/bin/x86_64-pc-linux-gnu-gcc -DCVD_FASTLOG -DFAST_MATH -I/tmp/portage/media-sound/musepack-tools-465-r1/work/musepack-tools-465/include  -march=native -O3 -fgraphite-identity -floop-nest-optimize -fdevirtualize-at-ltrans -fipa-pta -fno-semantic-interposition -fno-plt -fno-math-errno -fno-trapping-math -fuse-linker-plugin -pipe -g0 -Wl,-O1 -Wl,--as-needed -Wl,--hash-style=gnu,-z,norelro,--as-needed -MD -MT libmpcenc/CMakeFiles/mpcenc_static.dir/__/common/crc32.o -MF libmpcenc/CMakeFiles/mpcenc_static.dir/__/common/crc32.o.d -o libmpcenc/CMakeFiles/mpcenc_static.dir/__/common/crc32.o -c /tmp/portage/media-sound/musepack-tools-465-r1/work/musepack-tools-465/common/crc32.c
[33/63] /usr/lib/ccache/bin/x86_64-pc-linux-gnu-gcc -DCVD_FASTLOG -DFAST_MATH   -march=native -O3 -fgraphite-identity -floop-nest-optimize -fdevirtualize-at-ltrans -fipa-pta -fno-semantic-interposition -fno-plt -fno-math-errno -fno-trapping-math -fuse-linker-plugin -pipe -g0 -Wl,-O1 -Wl,--as-needed -Wl,--hash-style=gnu,-z,norelro,--as-needed -MD -MT libwavformat/CMakeFiles/wavformat_static.dir/input.o -MF libwavformat/CMakeFiles/wavformat_static.dir/input.o.d -o libwavformat/CMakeFiles/wavformat_static.dir/input.o -c /tmp/portage/media-sound/musepack-tools-465-r1/work/musepack-tools-465/libwavformat/input.c
[34/63] /usr/lib/ccache/bin/x86_64-pc-linux-gnu-gcc -DCVD_FASTLOG -DFAST_MATH   -march=native -O3 -fgraphite-identity -floop-nest-optimize -fdevirtualize-at-ltrans -fipa-pta -fno-semantic-interposition -fno-plt -fno-math-errno -fno-trapping-math -fuse-linker-plugin -pipe -g0 -Wl,-O1 -Wl,--as-needed -Wl,--hash-style=gnu,-z,norelro,--as-needed -MD -MT libwavformat/CMakeFiles/wavformat_static.dir/output.o -MF libwavformat/CMakeFiles/wavformat_static.dir/output.o.d -o libwavformat/CMakeFiles/wavformat_static.dir/output.o -c /tmp/portage/media-sound/musepack-tools-465-r1/work/musepack-tools-465/libwavformat/output.c
[35/63] /usr/lib/ccache/bin/x86_64-pc-linux-gnu-gcc -DCVD_FASTLOG -DFAST_MATH -I/tmp/portage/media-sound/musepack-tools-465-r1/work/musepack-tools-465/include -I/tmp/portage/media-sound/musepack-tools-465-r1/work/musepack-tools-465/libmpcpsy -I/tmp/portage/media-sound/musepack-tools-465-r1/work/musepack-tools-465/libmpcenc  -march=native -O3 -fgraphite-identity -floop-nest-optimize -fdevirtualize-at-ltrans -fipa-pta -fno-semantic-interposition -fno-plt -fno-math-errno -fno-trapping-math -fuse-linker-plugin -pipe -g0 -Wl,-O1 -Wl,--as-needed -Wl,--hash-style=gnu,-z,norelro,--as-needed -MD -MT mpcenc/CMakeFiles/mpcenc.dir/keyboard.o -MF mpcenc/CMakeFiles/mpcenc.dir/keyboard.o.d -o mpcenc/CMakeFiles/mpcenc.dir/keyboard.o -c /tmp/portage/media-sound/musepack-tools-465-r1/work/musepack-tools-465/mpcenc/keyboard.c
[36/63] /usr/lib/ccache/bin/x86_64-pc-linux-gnu-gcc -DCVD_FASTLOG -DFAST_MATH -I/tmp/portage/media-sound/musepack-tools-465-r1/work/musepack-tools-465/include -I/tmp/portage/media-sound/musepack-tools-465-r1/work/musepack-tools-465/libmpcpsy -I/tmp/portage/media-sound/musepack-tools-465-r1/work/musepack-tools-465/libmpcenc  -march=native -O3 -fgraphite-identity -floop-nest-optimize -fdevirtualize-at-ltrans -fipa-pta -fno-semantic-interposition -fno-plt -fno-math-errno -fno-trapping-math -fuse-linker-plugin -pipe -g0 -Wl,-O1 -Wl,--as-needed -Wl,--hash-style=gnu,-z,norelro,--as-needed -MD -MT mpcenc/CMakeFiles/mpcenc.dir/pipeopen.o -MF mpcenc/CMakeFiles/mpcenc.dir/pipeopen.o.d -o mpcenc/CMakeFiles/mpcenc.dir/pipeopen.o -c /tmp/portage/media-sound/musepack-tools-465-r1/work/musepack-tools-465/mpcenc/pipeopen.c
[37/63] /usr/lib/ccache/bin/x86_64-pc-linux-gnu-gcc -DCVD_FASTLOG -DFAST_MATH -I/tmp/portage/media-sound/musepack-tools-465-r1/work/musepack-tools-465/include -I/tmp/portage/media-sound/musepack-tools-465-r1/work/musepack-tools-465/libmpcpsy -I/tmp/portage/media-sound/musepack-tools-465-r1/work/musepack-tools-465/libmpcenc  -march=native -O3 -fgraphite-identity -floop-nest-optimize -fdevirtualize-at-ltrans -fipa-pta -fno-semantic-interposition -fno-plt -fno-math-errno -fno-trapping-math -fuse-linker-plugin -pipe -g0 -Wl,-O1 -Wl,--as-needed -Wl,--hash-style=gnu,-z,norelro,--as-needed -MD -MT mpcenc/CMakeFiles/mpcenc.dir/stderr.o -MF mpcenc/CMakeFiles/mpcenc.dir/stderr.o.d -o mpcenc/CMakeFiles/mpcenc.dir/stderr.o -c /tmp/portage/media-sound/musepack-tools-465-r1/work/musepack-tools-465/mpcenc/stderr.c
[38/63] /usr/lib/ccache/bin/x86_64-pc-linux-gnu-gcc -DCVD_FASTLOG -DFAST_MATH -I/tmp/portage/media-sound/musepack-tools-465-r1/work/musepack-tools-465/include -I/tmp/portage/media-sound/musepack-tools-465-r1/work/musepack-tools-465/libmpcpsy -I/tmp/portage/media-sound/musepack-tools-465-r1/work/musepack-tools-465/libmpcenc  -march=native -O3 -fgraphite-identity -floop-nest-optimize -fdevirtualize-at-ltrans -fipa-pta -fno-semantic-interposition -fno-plt -fno-math-errno -fno-trapping-math -fuse-linker-plugin -pipe -g0 -Wl,-O1 -Wl,--as-needed -Wl,--hash-style=gnu,-z,norelro,--as-needed -MD -MT mpcenc/CMakeFiles/mpcenc.dir/__/common/tags.o -MF mpcenc/CMakeFiles/mpcenc.dir/__/common/tags.o.d -o mpcenc/CMakeFiles/mpcenc.dir/__/common/tags.o -c /tmp/portage/media-sound/musepack-tools-465-r1/work/musepack-tools-465/common/tags.c
[39/63] /usr/lib/ccache/bin/x86_64-pc-linux-gnu-gcc -DCVD_FASTLOG -DFAST_MATH -I/tmp/portage/media-sound/musepack-tools-465-r1/work/musepack-tools-465/include -I/tmp/portage/media-sound/musepack-tools-465-r1/work/musepack-tools-465/libmpcpsy -I/tmp/portage/media-sound/musepack-tools-465-r1/work/musepack-tools-465/libmpcenc  -march=native -O3 -fgraphite-identity -floop-nest-optimize -fdevirtualize-at-ltrans -fipa-pta -fno-semantic-interposition -fno-plt -fno-math-errno -fno-trapping-math -fuse-linker-plugin -pipe -g0 -Wl,-O1 -Wl,--as-needed -Wl,--hash-style=gnu,-z,norelro,--as-needed -MD -MT mpcenc/CMakeFiles/mpcenc.dir/wave_in.o -MF mpcenc/CMakeFiles/mpcenc.dir/wave_in.o.d -o mpcenc/CMakeFiles/mpcenc.dir/wave_in.o -c /tmp/portage/media-sound/musepack-tools-465-r1/work/musepack-tools-465/mpcenc/wave_in.c
[40/63] /usr/lib/ccache/bin/x86_64-pc-linux-gnu-gcc -DCVD_FASTLOG -DFAST_MATH -I/tmp/portage/media-sound/musepack-tools-465-r1/work/musepack-tools-465/include -I/tmp/portage/media-sound/musepack-tools-465-r1/work/musepack-tools-465/libmpcpsy -I/tmp/portage/media-sound/musepack-tools-465-r1/work/musepack-tools-465/libmpcenc  -march=native -O3 -fgraphite-identity -floop-nest-optimize -fdevirtualize-at-ltrans -fipa-pta -fno-semantic-interposition -fno-plt -fno-math-errno -fno-trapping-math -fuse-linker-plugin -pipe -g0 -Wl,-O1 -Wl,--as-needed -Wl,--hash-style=gnu,-z,norelro,--as-needed -MD -MT mpcenc/CMakeFiles/mpcenc.dir/winmsg.o -MF mpcenc/CMakeFiles/mpcenc.dir/winmsg.o.d -o mpcenc/CMakeFiles/mpcenc.dir/winmsg.o -c /tmp/portage/media-sound/musepack-tools-465-r1/work/musepack-tools-465/mpcenc/winmsg.c
[41/63] /usr/lib/ccache/bin/x86_64-pc-linux-gnu-gcc -DCVD_FASTLOG -DFAST_MATH -I/tmp/portage/media-sound/musepack-tools-465-r1/work/musepack-tools-465/include  -march=native -O3 -fgraphite-identity -floop-nest-optimize -fdevirtualize-at-ltrans -fipa-pta -fno-semantic-interposition -fno-plt -fno-math-errno -fno-trapping-math -fuse-linker-plugin -pipe -g0 -Wl,-O1 -Wl,--as-needed -Wl,--hash-style=gnu,-z,norelro,--as-needed -MD -MT mpcchap/CMakeFiles/mpcchap.dir/dictionary.o -MF mpcchap/CMakeFiles/mpcchap.dir/dictionary.o.d -o mpcchap/CMakeFiles/mpcchap.dir/dictionary.o -c /tmp/portage/media-sound/musepack-tools-465-r1/work/musepack-tools-465/mpcchap/dictionary.c
[42/63] : && /usr/lib/ccache/bin/x86_64-pc-linux-gnu-gcc -fPIC -march=native -O3 -fgraphite-identity -floop-nest-optimize -fdevirtualize-at-ltrans -fipa-pta -fno-semantic-interposition -fno-plt -fno-math-errno -fno-trapping-math -fuse-linker-plugin -pipe -g0 -Wl,-O1 -Wl,--as-needed -Wl,--hash-style=gnu,-z,norelro,--as-needed  -Wl,-O1 -Wl,--as-needed -Wl,--hash-style=gnu,-z,norelro,--as-needed -shared -Wl,-soname,libmpcdec.so.7 -o libmpcdec/libmpcdec.so.7.0.1 libmpcdec/CMakeFiles/mpcdec_shared.dir/huffman.o libmpcdec/CMakeFiles/mpcdec_shared.dir/mpc_decoder.o libmpcdec/CMakeFiles/mpcdec_shared.dir/mpc_reader.o libmpcdec/CMakeFiles/mpcdec_shared.dir/streaminfo.o libmpcdec/CMakeFiles/mpcdec_shared.dir/mpc_bits_reader.o libmpcdec/CMakeFiles/mpcdec_shared.dir/mpc_demux.o libmpcdec/CMakeFiles/mpcdec_shared.dir/requant.o libmpcdec/CMakeFiles/mpcdec_shared.dir/synth_filter.o libmpcdec/CMakeFiles/mpcdec_shared.dir/__/common/crc32.o  -lm && :
FAILED: libmpcdec/libmpcdec.so.7.0.1 
: && /usr/lib/ccache/bin/x86_64-pc-linux-gnu-gcc -fPIC -march=native -O3 -fgraphite-identity -floop-nest-optimize -fdevirtualize-at-ltrans -fipa-pta -fno-semantic-interposition -fno-plt -fno-math-errno -fno-trapping-math -fuse-linker-plugin -pipe -g0 -Wl,-O1 -Wl,--as-needed -Wl,--hash-style=gnu,-z,norelro,--as-needed  -Wl,-O1 -Wl,--as-needed -Wl,--hash-style=gnu,-z,norelro,--as-needed -shared -Wl,-soname,libmpcdec.so.7 -o libmpcdec/libmpcdec.so.7.0.1 libmpcdec/CMakeFiles/mpcdec_shared.dir/huffman.o libmpcdec/CMakeFiles/mpcdec_shared.dir/mpc_decoder.o libmpcdec/CMakeFiles/mpcdec_shared.dir/mpc_reader.o libmpcdec/CMakeFiles/mpcdec_shared.dir/streaminfo.o libmpcdec/CMakeFiles/mpcdec_shared.dir/mpc_bits_reader.o libmpcdec/CMakeFiles/mpcdec_shared.dir/mpc_demux.o libmpcdec/CMakeFiles/mpcdec_shared.dir/requant.o libmpcdec/CMakeFiles/mpcdec_shared.dir/synth_filter.o libmpcdec/CMakeFiles/mpcdec_shared.dir/__/common/crc32.o  -lm && :
/usr/lib/gcc/x86_64-pc-linux-gnu/11.0.0/../../../../x86_64-pc-linux-gnu/bin/ld: libmpcdec/CMakeFiles/mpcdec_shared.dir/requant.o:(.rodata+0x0): multiple definition of `__Dc'; libmpcdec/CMakeFiles/mpcdec_shared.dir/mpc_decoder.o:(.rodata+0x560): first defined here
/usr/lib/gcc/x86_64-pc-linux-gnu/11.0.0/../../../../x86_64-pc-linux-gnu/bin/ld: libmpcdec/CMakeFiles/mpcdec_shared.dir/requant.o:(.rodata+0x40): multiple definition of `__Cc'; libmpcdec/CMakeFiles/mpcdec_shared.dir/mpc_decoder.o:(.rodata+0x5a0): first defined here
/usr/lib/gcc/x86_64-pc-linux-gnu/11.0.0/../../../../x86_64-pc-linux-gnu/bin/ld: libmpcdec/CMakeFiles/mpcdec_shared.dir/requant.o:(.rodata+0x90): multiple definition of `Res_bit'; libmpcdec/CMakeFiles/mpcdec_shared.dir/mpc_decoder.o:(.rodata+0x5f0): first defined here
collect2: error: ld returned 1 exit status
[43/63] /usr/lib/ccache/bin/x86_64-pc-linux-gnu-gcc -DCVD_FASTLOG -DFAST_MATH -I/tmp/portage/media-sound/musepack-tools-465-r1/work/musepack-tools-465/include  -march=native -O3 -fgraphite-identity -floop-nest-optimize -fdevirtualize-at-ltrans -fipa-pta -fno-semantic-interposition -fno-plt -fno-math-errno -fno-trapping-math -fuse-linker-plugin -pipe -g0 -Wl,-O1 -Wl,--as-needed -Wl,--hash-style=gnu,-z,norelro,--as-needed -MD -MT mpcchap/CMakeFiles/mpcchap.dir/iniparser.o -MF mpcchap/CMakeFiles/mpcchap.dir/iniparser.o.d -o mpcchap/CMakeFiles/mpcchap.dir/iniparser.o -c /tmp/portage/media-sound/musepack-tools-465-r1/work/musepack-tools-465/mpcchap/iniparser.c
[44/63] : && /usr/bin/cmake -E rm -f libmpcdec/libmpcdec.a && /usr/bin/x86_64-pc-linux-gnu-ar qc libmpcdec/libmpcdec.a  libmpcdec/CMakeFiles/mpcdec_static.dir/huffman.o libmpcdec/CMakeFiles/mpcdec_static.dir/mpc_decoder.o libmpcdec/CMakeFiles/mpcdec_static.dir/mpc_reader.o libmpcdec/CMakeFiles/mpcdec_static.dir/streaminfo.o libmpcdec/CMakeFiles/mpcdec_static.dir/mpc_bits_reader.o libmpcdec/CMakeFiles/mpcdec_static.dir/mpc_demux.o libmpcdec/CMakeFiles/mpcdec_static.dir/requant.o libmpcdec/CMakeFiles/mpcdec_static.dir/synth_filter.o libmpcdec/CMakeFiles/mpcdec_static.dir/__/common/crc32.o && /usr/bin/x86_64-pc-linux-gnu-ranlib libmpcdec/libmpcdec.a && :
[45/63] : && /usr/bin/cmake -E rm -f libmpcpsy/libmpcpsy_static.a && /usr/bin/x86_64-pc-linux-gnu-ar qc libmpcpsy/libmpcpsy_static.a  libmpcpsy/CMakeFiles/mpcpsy_static.dir/ans.o libmpcpsy/CMakeFiles/mpcpsy_static.dir/cvd.o libmpcpsy/CMakeFiles/mpcpsy_static.dir/fft4g.o libmpcpsy/CMakeFiles/mpcpsy_static.dir/fft_routines.o libmpcpsy/CMakeFiles/mpcpsy_static.dir/profile.o libmpcpsy/CMakeFiles/mpcpsy_static.dir/psy.o libmpcpsy/CMakeFiles/mpcpsy_static.dir/psy_tab.o libmpcpsy/CMakeFiles/mpcpsy_static.dir/__/common/fastmath.o && /usr/bin/x86_64-pc-linux-gnu-ranlib libmpcpsy/libmpcpsy_static.a && :
[46/63] : && /usr/bin/cmake -E rm -f libwavformat/libwavformat_static.a && /usr/bin/x86_64-pc-linux-gnu-ar qc libwavformat/libwavformat_static.a  libwavformat/CMakeFiles/wavformat_static.dir/input.o libwavformat/CMakeFiles/wavformat_static.dir/output.o && /usr/bin/x86_64-pc-linux-gnu-ranlib libwavformat/libwavformat_static.a && :
[47/63] : && /usr/bin/cmake -E rm -f libmpcenc/libmpcenc_static.a && /usr/bin/x86_64-pc-linux-gnu-ar qc libmpcenc/libmpcenc_static.a  libmpcenc/CMakeFiles/mpcenc_static.dir/analy_filter.o libmpcenc/CMakeFiles/mpcenc_static.dir/bitstream.o libmpcenc/CMakeFiles/mpcenc_static.dir/encode_sv7.o libmpcenc/CMakeFiles/mpcenc_static.dir/huffsv7.o libmpcenc/CMakeFiles/mpcenc_static.dir/quant.o libmpcenc/CMakeFiles/mpcenc_static.dir/__/common/crc32.o && /usr/bin/x86_64-pc-linux-gnu-ranlib libmpcenc/libmpcenc_static.a && :
[48/63] /usr/lib/ccache/bin/x86_64-pc-linux-gnu-gcc -DCVD_FASTLOG -DFAST_MATH -I/tmp/portage/media-sound/musepack-tools-465-r1/work/musepack-tools-465/include -I/tmp/portage/media-sound/musepack-tools-465-r1/work/musepack-tools-465/libwavformat -I/tmp/portage/media-sound/musepack-tools-465-r1/work/musepack-tools-465/libmpcdec  -march=native -O3 -fgraphite-identity -floop-nest-optimize -fdevirtualize-at-ltrans -fipa-pta -fno-semantic-interposition -fno-plt -fno-math-errno -fno-trapping-math -fuse-linker-plugin -pipe -g0 -Wl,-O1 -Wl,--as-needed -Wl,--hash-style=gnu,-z,norelro,--as-needed -MD -MT mpcdec/CMakeFiles/mpcdec.dir/mpcdec.o -MF mpcdec/CMakeFiles/mpcdec.dir/mpcdec.o.d -o mpcdec/CMakeFiles/mpcdec.dir/mpcdec.o -c /tmp/portage/media-sound/musepack-tools-465-r1/work/musepack-tools-465/mpcdec/mpcdec.c
[49/63] /usr/lib/ccache/bin/x86_64-pc-linux-gnu-gcc -DCVD_FASTLOG -DFAST_MATH -I/tmp/portage/media-sound/musepack-tools-465-r1/work/musepack-tools-465/include -I/tmp/portage/media-sound/musepack-tools-465-r1/work/musepack-tools-465/libmpcdec -I/tmp/portage/media-sound/musepack-tools-465-r1/work/musepack-tools-465/libmpcenc  -march=native -O3 -fgraphite-identity -floop-nest-optimize -fdevirtualize-at-ltrans -fipa-pta -fno-semantic-interposition -fno-plt -fno-math-errno -fno-trapping-math -fuse-linker-plugin -pipe -g0 -Wl,-O1 -Wl,--as-needed -Wl,--hash-style=gnu,-z,norelro,--as-needed -MD -MT mpccut/CMakeFiles/mpccut.dir/mpccut.o -MF mpccut/CMakeFiles/mpccut.dir/mpccut.o.d -o mpccut/CMakeFiles/mpccut.dir/mpccut.o -c /tmp/portage/media-sound/musepack-tools-465-r1/work/musepack-tools-465/mpccut/mpccut.c
../musepack-tools-465/mpccut/mpccut.c: In function 'main':
../musepack-tools-465/mpccut/mpccut.c:161:2: warning: ignoring return value of 'fread' declared with attribute 'warn_unused_result' [-Wunused-result]
  161 |  fread(buffer, 1, 16, in_file);
      |  ^~~~~~~~~~~~~~~~~~~~~~~~~~~~~
../musepack-tools-465/mpccut/mpccut.c:175:3: warning: ignoring return value of 'fread' declared with attribute 'warn_unused_result' [-Wunused-result]
  175 |   fread(buffer, 1, 16, in_file);
      |   ^~~~~~~~~~~~~~~~~~~~~~~~~~~~~
../musepack-tools-465/mpccut/mpccut.c:196:3: warning: ignoring return value of 'fread' declared with attribute 'warn_unused_result' [-Wunused-result]
  196 |   fread(buffer, 1, 16, in_file);
      |   ^~~~~~~~~~~~~~~~~~~~~~~~~~~~~
../musepack-tools-465/mpccut/mpccut.c:218:3: warning: ignoring return value of 'fread' declared with attribute 'warn_unused_result' [-Wunused-result]
  218 |   fread(buffer, 1, 16, in_file);
      |   ^~~~~~~~~~~~~~~~~~~~~~~~~~~~~
[50/63] /usr/lib/ccache/bin/x86_64-pc-linux-gnu-gcc -DCVD_FASTLOG -DFAST_MATH -I/tmp/portage/media-sound/musepack-tools-465-r1/work/musepack-tools-465/include -I/tmp/portage/media-sound/musepack-tools-465-r1/work/musepack-tools-465/libmpcdec -I/tmp/portage/media-sound/musepack-tools-465-r1/work/musepack-tools-465/libmpcenc  -march=native -O3 -fgraphite-identity -floop-nest-optimize -fdevirtualize-at-ltrans -fipa-pta -fno-semantic-interposition -fno-plt -fno-math-errno -fno-trapping-math -fuse-linker-plugin -pipe -g0 -Wl,-O1 -Wl,--as-needed -Wl,--hash-style=gnu,-z,norelro,--as-needed -MD -MT mpc2sv8/CMakeFiles/mpc2sv8.dir/mpc2sv8.o -MF mpc2sv8/CMakeFiles/mpc2sv8.dir/mpc2sv8.o.d -o mpc2sv8/CMakeFiles/mpc2sv8.dir/mpc2sv8.o -c /tmp/portage/media-sound/musepack-tools-465-r1/work/musepack-tools-465/mpc2sv8/mpc2sv8.c
[51/63] /usr/lib/ccache/bin/x86_64-pc-linux-gnu-gcc -DCVD_FASTLOG -DFAST_MATH -I/tmp/portage/media-sound/musepack-tools-465-r1/work/musepack-tools-465/include  -march=native -O3 -fgraphite-identity -floop-nest-optimize -fdevirtualize-at-ltrans -fipa-pta -fno-semantic-interposition -fno-plt -fno-math-errno -fno-trapping-math -fuse-linker-plugin -pipe -g0 -Wl,-O1 -Wl,--as-needed -Wl,--hash-style=gnu,-z,norelro,--as-needed -MD -MT mpcgain/CMakeFiles/mpcgain.dir/mpcgain.o -MF mpcgain/CMakeFiles/mpcgain.dir/mpcgain.o.d -o mpcgain/CMakeFiles/mpcgain.dir/mpcgain.o -c /tmp/portage/media-sound/musepack-tools-465-r1/work/musepack-tools-465/mpcgain/mpcgain.c
../musepack-tools-465/mpcgain/mpcgain.c: In function 'main':
../musepack-tools-465/mpcgain/mpcgain.c:185:32: warning: initialization discards 'const' qualifier from pointer target type [-Wdiscarded-qualifiers]
  185 |    mpc_chap_info * chap_info = mpc_demux_chap(demux, chap);
      |                                ^~~~~~~~~~~~~~
../musepack-tools-465/mpcgain/mpcgain.c:218:34: warning: initialization discards 'const' qualifier from pointer target type [-Wdiscarded-qualifiers]
  218 |      mpc_chap_info * chap_info = mpc_demux_chap(demux, chap);
      |                                  ^~~~~~~~~~~~~~
../musepack-tools-465/mpcgain/mpcgain.c:263:3: warning: ignoring return value of 'fread' declared with attribute 'warn_unused_result' [-Wunused-result]
  263 |   fread(buffer, 1, 16, file);
      |   ^~~~~~~~~~~~~~~~~~~~~~~~~~
../musepack-tools-465/mpcgain/mpcgain.c:279:4: warning: ignoring return value of 'fread' declared with attribute 'warn_unused_result' [-Wunused-result]
  279 |    fread(buffer, 1, 16, file);
      |    ^~~~~~~~~~~~~~~~~~~~~~~~~~
../musepack-tools-465/mpcgain/mpcgain.c: In function 'write_chaps_gain':
../musepack-tools-465/mpcgain/mpcgain.c:118:3: warning: ignoring return value of 'fread' declared with attribute 'warn_unused_result' [-Wunused-result]
  118 |   fread(buffer, 1, MAX_HEAD_SIZE, file);
      |   ^~~~~~~~~~~~~~~~~~~~~~~~~~~~~~~~~~~~~
[52/63] /usr/lib/ccache/bin/x86_64-pc-linux-gnu-gcc -DCVD_FASTLOG -DFAST_MATH -I/tmp/portage/media-sound/musepack-tools-465-r1/work/musepack-tools-465/include  -march=native -O3 -fgraphite-identity -floop-nest-optimize -fdevirtualize-at-ltrans -fipa-pta -fno-semantic-interposition -fno-plt -fno-math-errno -fno-trapping-math -fuse-linker-plugin -pipe -g0 -Wl,-O1 -Wl,--as-needed -Wl,--hash-style=gnu,-z,norelro,--as-needed -MD -MT mpcchap/CMakeFiles/mpcchap.dir/mpcchap.o -MF mpcchap/CMakeFiles/mpcchap.dir/mpcchap.o.d -o mpcchap/CMakeFiles/mpcchap.dir/mpcchap.o -c /tmp/portage/media-sound/musepack-tools-465-r1/work/musepack-tools-465/mpcchap/mpcchap.c
../musepack-tools-465/mpcchap/mpcchap.c: In function 'add_chaps_ini':
../musepack-tools-465/mpcchap/mpcchap.c:107:54: warning: format '%lli' expects argument of type 'long long int', but argument 4 has type 'mpc_int64_t' {aka 'long int'} [-Wformat=]
  107 |    fprintf(stderr, "warning : chapter %i starts @ %lli samples after the end of the stream (%lli)\n",
      |                                                   ~~~^
      |                                                      |
      |                                                      long long int
      |                                                   %li
  108 |            i + 1, chap_pos, si->samples - si->beg_silence);
      |                   ~~~~~~~~                            
      |                   |
      |                   mpc_int64_t {aka long int}
../musepack-tools-465/mpcchap/mpcchap.c:107:96: warning: format '%lli' expects argument of type 'long long int', but argument 5 has type 'mpc_uint64_t' {aka 'long unsigned int'} [-Wformat=]
  107 |    fprintf(stderr, "warning : chapter %i starts @ %lli samples after the end of the stream (%lli)\n",
      |                                                                                             ~~~^
      |                                                                                                |
      |                                                                                                long long int
      |                                                                                             %li
  108 |            i + 1, chap_pos, si->samples - si->beg_silence);
      |                             ~~~~~~~~~~~~~~~~~~~~~~~~~~~~~                                       
      |                                         |
      |                                         mpc_uint64_t {aka long unsigned int}
../musepack-tools-465/mpcchap/mpcchap.c: In function 'add_chaps_cue':
../musepack-tools-465/mpcchap/mpcchap.c:193:54: warning: format '%lli' expects argument of type 'long long int', but argument 4 has type 'mpc_int64_t' {aka 'long int'} [-Wformat=]
  193 |    fprintf(stderr, "warning : chapter %i starts @ %lli samples after the end of the stream (%lli)\n",
      |                                                   ~~~^
      |                                                      |
      |                                                      long long int
      |                                                   %li
  194 |            i, chap_pos, si->samples - si->beg_silence);
      |               ~~~~~~~~                                
      |               |
      |               mpc_int64_t {aka long int}
../musepack-tools-465/mpcchap/mpcchap.c:193:96: warning: format '%lli' expects argument of type 'long long int', but argument 5 has type 'mpc_uint64_t' {aka 'long unsigned int'} [-Wformat=]
  193 |    fprintf(stderr, "warning : chapter %i starts @ %lli samples after the end of the stream (%lli)\n",
      |                                                                                             ~~~^
      |                                                                                                |
      |                                                                                                long long int
      |                                                                                             %li
  194 |            i, chap_pos, si->samples - si->beg_silence);
      |                         ~~~~~~~~~~~~~~~~~~~~~~~~~~~~~                                           
      |                                     |
      |                                     mpc_uint64_t {aka long unsigned int}
../musepack-tools-465/mpcchap/mpcchap.c: In function 'dump_chaps':
../musepack-tools-465/mpcchap/mpcchap.c:250:26: warning: format '%lli' expects argument of type 'long long int', but argument 3 has type 'mpc_uint64_t' {aka 'const long unsigned int'} [-Wformat=]
  250 |   fprintf(out_file, "[%lli]\ngain=%i\npeak=%i\n", chap->sample, chap->gain, chap->peak);
      |                       ~~~^                        ~~~~~~~~~~~~
      |                          |                            |
      |                          long long int                mpc_uint64_t {aka const long unsigned int}
      |                       %li
../musepack-tools-465/mpcchap/mpcchap.c: In function 'add_chaps_ini':
../musepack-tools-465/mpcchap/mpcchap.c:94:2: warning: ignoring return value of 'fread' declared with attribute 'warn_unused_result' [-Wunused-result]
   94 |  fread(tmp_buff, 1, stbuf.st_size - chap_pos - chap_size, in_file);
      |  ^~~~~~~~~~~~~~~~~~~~~~~~~~~~~~~~~~~~~~~~~~~~~~~~~~~~~~~~~~~~~~~~~
../musepack-tools-465/mpcchap/mpcchap.c:144:2: warning: ignoring return value of 'ftruncate' declared with attribute 'warn_unused_result' [-Wunused-result]
  144 |  ftruncate(fileno(in_file), ftell(in_file));
      |  ^~~~~~~~~~~~~~~~~~~~~~~~~~~~~~~~~~~~~~~~~~
../musepack-tools-465/mpcchap/mpcchap.c: In function 'add_chaps_cue':
../musepack-tools-465/mpcchap/mpcchap.c:175:2: warning: ignoring return value of 'fread' declared with attribute 'warn_unused_result' [-Wunused-result]
  175 |  fread(tmp_buff, 1, stbuf.st_size - chap_pos - chap_size, in_file);
      |  ^~~~~~~~~~~~~~~~~~~~~~~~~~~~~~~~~~~~~~~~~~~~~~~~~~~~~~~~~~~~~~~~~
../musepack-tools-465/mpcchap/mpcchap.c:227:2: warning: ignoring return value of 'ftruncate' declared with attribute 'warn_unused_result' [-Wunused-result]
  227 |  ftruncate(fileno(in_file), ftell(in_file));
      |  ^~~~~~~~~~~~~~~~~~~~~~~~~~~~~~~~~~~~~~~~~~
[53/63] /usr/lib/ccache/bin/x86_64-pc-linux-gnu-gcc -DCVD_FASTLOG -DFAST_MATH -I/tmp/portage/media-sound/musepack-tools-465-r1/work/musepack-tools-465/include -I/tmp/portage/media-sound/musepack-tools-465-r1/work/musepack-tools-465/libmpcpsy -I/tmp/portage/media-sound/musepack-tools-465-r1/work/musepack-tools-465/libmpcenc  -march=native -O3 -fgraphite-identity -floop-nest-optimize -fdevirtualize-at-ltrans -fipa-pta -fno-semantic-interposition -fno-plt -fno-math-errno -fno-trapping-math -fuse-linker-plugin -pipe -g0 -Wl,-O1 -Wl,--as-needed -Wl,--hash-style=gnu,-z,norelro,--as-needed -MD -MT mpcenc/CMakeFiles/mpcenc.dir/mpcenc.o -MF mpcenc/CMakeFiles/mpcenc.dir/mpcenc.o.d -o mpcenc/CMakeFiles/mpcenc.dir/mpcenc.o -c /tmp/portage/media-sound/musepack-tools-465-r1/work/musepack-tools-465/mpcenc/mpcenc.c
../musepack-tools-465/mpcenc/mpcenc.c: In function 'Quantisierung':
../musepack-tools-465/mpcenc/mpcenc.c:692:61: warning: passing argument 1 of 'QuantizeSubbandWithNoiseShaping' from incompatible pointer type [-Wincompatible-pointer-types]
  692 |                 QuantizeSubbandWithNoiseShaping ( subq[Band].L, subx[Band].L, *resL, errorL [Band], m->FIR_L [Band] );
      |                                                   ~~~~~~~~~~^~
      |                                                             |
      |                                                             mpc_int16_t * {aka short int *}
In file included from ../musepack-tools-465/mpcenc/mpcenc.c:27:
../musepack-tools-465/mpcenc/mpcenc.h:258:56: note: expected 'unsigned int *' but argument is of type 'mpc_int16_t *' {aka 'short int *'}
  258 | void   QuantizeSubbandWithNoiseShaping ( unsigned int* qu_output, const float* input, const int res, float* errors, const float* FIR );
      |                                          ~~~~~~~~~~~~~~^~~~~~~~~
../musepack-tools-465/mpcenc/mpcenc.c:695:49: warning: passing argument 1 of 'QuantizeSubband' from incompatible pointer type [-Wincompatible-pointer-types]
  695 |     QuantizeSubband                 ( subq[Band].L, subx[Band].L, *resL, errorL [Band], MAX_NS_ORDER );
      |                                       ~~~~~~~~~~^~
      |                                                 |
      |                                                 mpc_int16_t * {aka short int *}
In file included from ../musepack-tools-465/mpcenc/mpcenc.c:27:
../musepack-tools-465/mpcenc/mpcenc.h:257:56: note: expected 'unsigned int *' but argument is of type 'mpc_int16_t *' {aka 'short int *'}
  257 | void   QuantizeSubband                 ( unsigned int* qu_output, const float* input, const int res, float* errors, const int maxNsOrder );
      |                                          ~~~~~~~~~~~~~~^~~~~~~~~
../musepack-tools-465/mpcenc/mpcenc.c:702:61: warning: passing argument 1 of 'QuantizeSubbandWithNoiseShaping' from incompatible pointer type [-Wincompatible-pointer-types]
  702 |                 QuantizeSubbandWithNoiseShaping ( subq[Band].R, subx[Band].R, *resR, errorR [Band], m->FIR_R [Band] );
      |                                                   ~~~~~~~~~~^~
      |                                                             |
      |                                                             mpc_int16_t * {aka short int *}
In file included from ../musepack-tools-465/mpcenc/mpcenc.c:27:
../musepack-tools-465/mpcenc/mpcenc.h:258:56: note: expected 'unsigned int *' but argument is of type 'mpc_int16_t *' {aka 'short int *'}
  258 | void   QuantizeSubbandWithNoiseShaping ( unsigned int* qu_output, const float* input, const int res, float* errors, const float* FIR );
      |                                          ~~~~~~~~~~~~~~^~~~~~~~~
../musepack-tools-465/mpcenc/mpcenc.c:705:49: warning: passing argument 1 of 'QuantizeSubband' from incompatible pointer type [-Wincompatible-pointer-types]
  705 |     QuantizeSubband                 ( subq[Band].R, subx[Band].R, *resR, errorL [Band], MAX_NS_ORDER);
      |                                       ~~~~~~~~~~^~
      |                                                 |
      |                                                 mpc_int16_t * {aka short int *}
In file included from ../musepack-tools-465/mpcenc/mpcenc.c:27:
../musepack-tools-465/mpcenc/mpcenc.h:257:56: note: expected 'unsigned int *' but argument is of type 'mpc_int16_t *' {aka 'short int *'}
  257 | void   QuantizeSubband                 ( unsigned int* qu_output, const float* input, const int res, float* errors, const int maxNsOrder );
      |                                          ~~~~~~~~~~~~~~^~~~~~~~~
../musepack-tools-465/mpcenc/mpcenc.c: In function 'EvalParameters':
../musepack-tools-465/mpcenc/mpcenc.c:1027:13: warning: ignoring return value of 'freopen' declared with attribute 'warn_unused_result' [-Wunused-result]
 1027 |             freopen ( argv[k], "a", stderr );
      |             ^~~~~~~~~~~~~~~~~~~~~~~~~~~~~~~~
../musepack-tools-465/mpcenc/mpcenc.c:1212:17: warning: ignoring return value of 'fgets' declared with attribute 'warn_unused_result' [-Wunused-result]
 1212 |                 fgets ( buff, sizeof buff, stdin );
      |                 ^~~~~~~~~~~~~~~~~~~~~~~~~~~~~~~~~~
ninja: build stopped: subcommand failed.
 * ERROR: media-sound/musepack-tools-465-r1::gentoo failed (compile phase):
 *   ninja -v -j12 -l12 failed
 * 
 * Call stack:
 *     ebuild.sh, line  125:  Called src_compile
 *   environment, line 3682:  Called cmake-multilib_src_compile
 *   environment, line 1844:  Called multilib-minimal_src_compile
 *   environment, line 2992:  Called multilib_foreach_abi 'multilib-minimal_abi_src_compile'
 *   environment, line 3242:  Called multibuild_foreach_variant '_multilib_multibuild_wrapper' 'multilib-minimal_abi_src_compile'
 *   environment, line 2927:  Called _multibuild_run '_multilib_multibuild_wrapper' 'multilib-minimal_abi_src_compile'
 *   environment, line 2925:  Called _multilib_multibuild_wrapper 'multilib-minimal_abi_src_compile'
 *   environment, line 1712:  Called multilib-minimal_abi_src_compile
 *   environment, line 2986:  Called multilib_src_compile
 *   environment, line 3462:  Called cmake_src_compile
 *   environment, line 1945:  Called cmake_build
 *   environment, line 1924:  Called eninja
 *   environment, line 2363:  Called die
 * The specific snippet of code:
 *       "$@" || die "${nonfatal_args[@]}" "${*} failed"
 * 
 * If you need support, post the output of `emerge --info '=media-sound/musepack-tools-465-r1::gentoo'`,
 * the complete build log and the output of `emerge -pqv '=media-sound/musepack-tools-465-r1::gentoo'`.
 * The complete build log is located at '/var/log/emerge-log/media-sound:musepack-tools-465-r1:20200524-121114.log'.
 * For convenience, a symlink to the build log is located at '/tmp/portage/media-sound/musepack-tools-465-r1/temp/build.log'.
 * The ebuild environment file is located at '/tmp/portage/media-sound/musepack-tools-465-r1/temp/environment'.
 * Working directory: '/tmp/portage/media-sound/musepack-tools-465-r1/work/musepack-tools-465_build-abi_x86_64.amd64'
 * S: '/tmp/portage/media-sound/musepack-tools-465-r1/work/musepack-tools-465'
