 * Package:    media-libs/sratom-0.6.4
 * Repository: gentoo
 * Maintainer: proaudio@gentoo.org
 * USE:        abi_x86_64 amd64 elibc_glibc kernel_linux userland_GNU
 * FEATURES:   network-sandbox preserve-libs sandbox userpriv usersandbox
 * FEATURES='config-protect-if-modified nodoc unknown-features-warn buildpkg binpkg-dostrip preserve-libs userfetch assume-digests binpkg-logs news unmerge-logs sfperms multilib-strict strict merge-sync compress-index fixlafiles network-sandbox sandbox pid-sandbox usersandbox usersync cgroup ipc-sandbox qa-unresolved-soname-deps unmerge-orphans parallel-fetch strict-keepdir binpkg-docompress xattr ebuild-locks userpriv distlocks'
 * CFLAGS='-march=znver2 -O2 -pipe -fno-stack-protector -fno-stack-clash-protection -fstack-check=no -fno-stack-check -Wl,-O1 -Wl,--as-needed'
 * CXXFLAGS='-march=znver2 -O2 -pipe -fno-stack-protector -fno-stack-clash-protection -fstack-check=no -fno-stack-check -Wl,-O1 -Wl,--as-needed'
 * FFLAGS='-march=znver2 -O2 -pipe -fno-stack-protector -fno-stack-clash-protection -fstack-check=no -fno-stack-check -Wl,-O1 -Wl,--as-needed'
 * FCFLAGS='-march=znver2 -O2 -pipe -fno-stack-protector -fno-stack-clash-protection -fstack-check=no -fno-stack-check -Wl,-O1 -Wl,--as-needed'
 * F77FLAGS='-march=znver2 -O2 -pipe -fno-stack-protector -fno-stack-clash-protection -fstack-check=no -fno-stack-check -Wl,-O1 -Wl,--as-needed'
 * LDFLAGS='-Wl,-O1 -Wl,--as-needed'
 * MAKEOPTS='-j12 -l12'
 * gcc (Gentoo 10.1.0-r1 p2) 10.1.0
 * g++ (Gentoo 10.1.0-r1 p2) 10.1.0
 * GNU gold (Gentoo 2.34 p4 2.34.0) 1.16
 * Linux rescue 5.4.36 #1 SMP Thu Apr 30 04:38:28 UTC 2020 x86_64 AMD Ryzen 5 3600 6-Core Processor AuthenticAMD GNU/Linux
media-libs/sratom: 11 seconds average for 6 merges
2020-05-20T08:28:34 >>> media-libs/sratom: 5 seconds
2020-05-21T06:37:11 >>> media-libs/sratom: 5 seconds
2020-05-23T16:28:41 >>> media-libs/sratom: 19 seconds
2020-06-06T01:14:29 >>> media-libs/sratom: 13 seconds
2020-06-12T12:31:15 >>> media-libs/sratom: 9 seconds
2020-06-13T21:12:25 >>> media-libs/sratom: 19 seconds
]0;emerge 18:22:04 884|895 sratom 00:14 (root@rescue) * Using python3.8 to build
>>> Unpacking source...
>>> Unpacking sratom-0.6.4.tar.bz2 to /tmp/portage/media-libs/sratom-0.6.4/work
>>> Source unpacked in /tmp/portage/media-libs/sratom-0.6.4/work
>>> Preparing source in /tmp/portage/media-libs/sratom-0.6.4/work/sratom-0.6.4 ...
 * Will copy sources from /tmp/portage/media-libs/sratom-0.6.4/work/sratom-0.6.4
 * abi_x86_64.amd64: copying to /tmp/portage/media-libs/sratom-0.6.4/work/sratom-0.6.4-abi_x86_64.amd64
>>> Source prepared.
>>> Configuring source in /tmp/portage/media-libs/sratom-0.6.4/work/sratom-0.6.4 ...
 * abi_x86_64.amd64: running multilib-minimal_abi_src_configure
'CCFLAGS=-march=znver2 -O2 -pipe -fno-stack-protector -fno-stack-clash-protection -fstack-check=no -fno-stack-check -Wl,-O1 -Wl,--as-needed' 'LINKFLAGS=-march=znver2 -O2 -pipe -fno-stack-protector -fno-stack-clash-protection -fstack-check=no -fno-stack-check -Wl,-O1 -Wl,--as-needed -Wl,-O1 -Wl,--as-needed' 'PKGCONFIG=x86_64-pc-linux-gnu-pkg-config' '/tmp/portage/media-libs/sratom-0.6.4/work/sratom-0.6.4/waf' '--prefix=/usr' '--docdir=/usr/share/doc/sratom-0.6.4' '--libdir=/usr/lib64' '--docdir=/usr/share/doc/sratom-0.6.4' 'configure'
Setting top to                                : /tmp/portage/media-libs/sratom-0.6.4/work/sratom-0.6.4-abi_x86_64.amd64 
Setting out to                                : /tmp/portage/media-libs/sratom-0.6.4/work/sratom-0.6.4-abi_x86_64.amd64/build 
Checking for 'gcc' (C compiler)               : x86_64-pc-linux-gnu-gcc 
Checking for library gcov                     : yes 
Checking for flag '-std=c99'                  : yes 
Checking for program 'pkg-config'             : x86_64-pc-linux-gnu-pkg-config 
Checking for 'lv2 >= 1.16.0'                  : yes 
Checking for 'serd-0 >= 0.30.0'               : yes 
Checking for 'sord-0 >= 0.14.0'               : yes 
Install prefix                                : /usr 
C Flags                                       : -I/tmp/portage/media-libs/sratom-0.6.4/work/sratom-0.6.4-abi_x86_64.amd64 -march=znver2 -O2 -pipe -fno-stack-protector -fno-stack-clash-protection -fstack-check=no -fno-stack-check -Wl,-O1 -Wl,--as-needed -DNDEBUG -fshow-column -std=c99 
Debuggable                                    : no 
Build documentation                           : no 
Unit tests                                    : no 
'configure' finished successfully (0.255s)
>>> Source configured.
>>> Compiling source in /tmp/portage/media-libs/sratom-0.6.4/work/sratom-0.6.4 ...
 * abi_x86_64.amd64: running multilib-minimal_abi_src_compile
"/tmp/portage/media-libs/sratom-0.6.4/work/sratom-0.6.4/waf" build --verbose --jobs=12 
Waf: Entering directory `/tmp/portage/media-libs/sratom-0.6.4/work/sratom-0.6.4-abi_x86_64.amd64/build'
[1/4] Compiling src/sratom.c
18:22:07 runner ['x86_64-pc-linux-gnu-gcc', '-I/tmp/portage/media-libs/sratom-0.6.4/work/sratom-0.6.4-abi_x86_64.amd64', '-march=znver2', '-O2', '-pipe', '-fno-stack-protector', '-fno-stack-clash-protection', '-fstack-check=no', '-fno-stack-check', '-Wl,-O1', '-Wl,--as-needed', '-DNDEBUG', '-fshow-column', '-std=c99', '-fvisibility=hidden', '-fPIC', '-I.', '-I..', '-Isrc', '-I../src', '-I/usr/include/serd-0', '-I/usr/include/sord-0', '-I/tmp/portage/media-libs/sratom-0.6.4/work/sratom-0.6.4-abi_x86_64.amd64/build', '-DHAVE_GCOV=1', '-DSRATOM_VERSION="0.6.4"', '-DHAVE_LV2=1', '-DHAVE_SERD=1', '-DHAVE_SORD=1', '-DSRATOM_SHARED', '-DSRATOM_INTERNAL', '../src/sratom.c', '-c', '-o/tmp/portage/media-libs/sratom-0.6.4/work/sratom-0.6.4-abi_x86_64.amd64/build/src/sratom.c.3.o']
[2/4] Compiling sratom.pc.in
[3/4] Linking build/libsratom-0.so
18:22:07 runner ['x86_64-pc-linux-gnu-gcc', '-march=znver2', '-O2', '-pipe', '-fno-stack-protector', '-fno-stack-clash-protection', '-fstack-check=no', '-fno-stack-check', '-Wl,-O1', '-Wl,--as-needed', '-Wl,-O1', '-Wl,--as-needed', '-shared', '-Wl,-h,libsratom-0.so.0', 'src/sratom.c.3.o', '-o/tmp/portage/media-libs/sratom-0.6.4/work/sratom-0.6.4-abi_x86_64.amd64/build/libsratom-0.so', '-Wl,-Bstatic', '-Wl,-Bdynamic', '-lm', '-lserd-0', '-lsord-0', '-lserd-0', '-Wl,-O1', '-Wl,--as-needed']
[4/4] Symlinking build/libsratom-0.so
Waf: Leaving directory `/tmp/portage/media-libs/sratom-0.6.4/work/sratom-0.6.4-abi_x86_64.amd64/build'
Build commands will be stored in build/compile_commands.json
'build' finished successfully (0.423s)
>>> Source compiled.
 * Skipping make test/check due to ebuild restriction.
>>> Test phase [disabled because of RESTRICT=test]: media-libs/sratom-0.6.4

>>> Install media-libs/sratom-0.6.4 into /tmp/portage/media-libs/sratom-0.6.4/image/
 * abi_x86_64.amd64: running multilib-minimal_abi_src_install
"/tmp/portage/media-libs/sratom-0.6.4/work/sratom-0.6.4/waf" --destdir="/tmp/portage/media-libs/sratom-0.6.4/image/"  install
Waf: Entering directory `/tmp/portage/media-libs/sratom-0.6.4/work/sratom-0.6.4-abi_x86_64.amd64/build'
+ install /tmp/portage/media-libs/sratom-0.6.4/image/usr/include/sratom-0/sratom/sratom.h (from sratom/sratom.h)
+ symlink /tmp/portage/media-libs/sratom-0.6.4/image/usr/lib64/libsratom-0.so.0 (to libsratom-0.so.0.6.4)
+ install /tmp/portage/media-libs/sratom-0.6.4/image/usr/lib64/pkgconfig/sratom-0.pc (from build/sratom-0.pc)
+ install /tmp/portage/media-libs/sratom-0.6.4/image/usr/lib64/libsratom-0.so.0.6.4 (from build/libsratom-0.so)
+ symlink /tmp/portage/media-libs/sratom-0.6.4/image/usr/lib64/libsratom-0.so (to libsratom-0.so.0.6.4)
Waf: Leaving directory `/tmp/portage/media-libs/sratom-0.6.4/work/sratom-0.6.4-abi_x86_64.amd64/build'
Build commands will be stored in build/compile_commands.json
'install' finished successfully (0.016s)
>>> Completed installing media-libs/sratom-0.6.4 into /tmp/portage/media-libs/sratom-0.6.4/image/

 * Final size of build directory: 4036 KiB (3.9 MiB)
 * Final size of installed tree:   100 KiB

Parallel BZIP2 v1.1.13 [Dec 18, 2015]
By: Jeff Gilchrist [http://compression.ca]
Major contributions: Yavor Nikolov [http://javornikolov.wordpress.com]
Uses libbzip2 by Julian Seward

         # CPUs: 3
   Load Average: 8.94
 BWT Block Size: 200 KB
File Block Size: 900 KB
 Maximum Memory: 1024 MB
-------------------------------------------
         File #: 1 of 1
     Input Name: compressme
    Output Name: compressme.bz2

     Input Size: 3895 bytes
Compressing data (no threads)...
Completed: 100%                 Output Size: 918 bytes
-------------------------------------------

     Wall Clock: 0.000808 seconds
Parallel BZIP2 v1.1.13 [Dec 18, 2015]
By: Jeff Gilchrist [http://compression.ca]
Major contributions: Yavor Nikolov [http://javornikolov.wordpress.com]
Uses libbzip2 by Julian Seward

         # CPUs: 3
   Load Average: 8.94
 BWT Block Size: 200 KB
File Block Size: 900 KB
 Maximum Memory: 1024 MB
-------------------------------------------
         File #: 1 of 1
     Input Name: /tmp/portage/media-libs/sratom-0.6.4/image/usr/share/doc/sratom-0.6.4/README.md
    Output Name: /tmp/portage/media-libs/sratom-0.6.4/image/usr/share/doc/sratom-0.6.4/README.md.bz2

     Input Size: 332 bytes
Compressing data (no threads)...
Completed: 100%                 Output Size: 268 bytes
-------------------------------------------

     Wall Clock: 0.000680 seconds
Parallel BZIP2 v1.1.13 [Dec 18, 2015]
By: Jeff Gilchrist [http://compression.ca]
Major contributions: Yavor Nikolov [http://javornikolov.wordpress.com]
Uses libbzip2 by Julian Seward

         # CPUs: 3
   Load Average: 8.94
 BWT Block Size: 200 KB
File Block Size: 900 KB
 Maximum Memory: 1024 MB
-------------------------------------------
         File #: 1 of 1
     Input Name: /tmp/portage/media-libs/sratom-0.6.4/image/usr/share/doc/sratom-0.6.4/NEWS
    Output Name: /tmp/portage/media-libs/sratom-0.6.4/image/usr/share/doc/sratom-0.6.4/NEWS.bz2

     Input Size: 1898 bytes
Compressing data (no threads)...
Completed: 100%                 Output Size: 917 bytes
-------------------------------------------

     Wall Clock: 0.000840 seconds
strip: x86_64-pc-linux-gnu-strip --strip-unneeded -N __gentoo_check_ldflags__ -R .comment -R .GCC.command.line -R .note.gnu.gold-version
   /usr/lib64/libsratom-0.so.0.6.4
./
./usr/
./usr/include/
./usr/include/sratom-0/
./usr/include/sratom-0/sratom/
./usr/include/sratom-0/sratom/sratom.h
./usr/share/
./usr/share/doc/
./usr/share/doc/sratom-0.6.4/
./usr/share/doc/sratom-0.6.4/README.md.bz2
./usr/share/doc/sratom-0.6.4/NEWS
./usr/share/doc/sratom-0.6.4/README.md
./usr/share/doc/sratom-0.6.4/NEWS.bz2
./usr/lib64/
./usr/lib64/libsratom-0.so
./usr/lib64/libsratom-0.so.0
./usr/lib64/libsratom-0.so.0.6.4
./usr/lib64/pkgconfig/
./usr/lib64/pkgconfig/sratom-0.pc
>>> Done.
 * checking 5 files for package collisions
>>> Merging media-libs/sratom-0.6.4 to /
 * removing unneeded *.la files
--- /usr/
--- /usr/lib64/
--- /usr/lib64/pkgconfig/
>>> /usr/lib64/pkgconfig/sratom-0.pc
>>> /usr/lib64/libsratom-0.so.0.6.4
>>> /usr/lib64/libsratom-0.so.0 -> libsratom-0.so.0.6.4
>>> /usr/lib64/libsratom-0.so -> libsratom-0.so.0.6.4
--- /usr/include/
--- /usr/include/sratom-0/
--- /usr/include/sratom-0/sratom/
>>> /usr/include/sratom-0/sratom/sratom.h
>>> Safely unmerging already-installed instance...
!!! File Not Found: '/etc/env.d/99lcdfilter'
>>> Original instance of package unmerged safely.
>>> media-libs/sratom-0.6.4 merged.
!!! File Not Found: '/etc/env.d/99lcdfilter'
>>> Regenerating /etc/ld.so.cache...
