>>> Extracting info
 * Package:    media-libs/glu-9.0.1
 * Repository: gentoo
 * USE:        elibc_glibc userland_GNU amd64 abi_x86_64 kernel_linux
 * FEATURES:   ccache network-sandbox preserve-libs sandbox userpriv usersandbox
 * /etc/portage/package.cflags/ltoworkarounds.conf -> media-libs/glu: *FLAGS-="${NOCOMMON}"
 * FEATURES='assume-digests binpkg-docompress binpkg-dostrip binpkg-logs binpkg-multi-instance buildpkg ccache cgroup compress-index config-protect-if-modified distlocks downgrade-backup fixlafiles ipc-sandbox merge-sync multilib-strict network-sandbox news nodoc parallel-fetch parallel-install pid-sandbox preserve-libs qa-unresolved-soname-deps sandbox sfperms strict strict-keepdir unknown-features-warn unmerge-backup unmerge-logs unmerge-orphans userfetch userpriv usersandbox usersync xattr'
 * CFLAGS='-O3 -march=native -pipe -g0 -fno-stack-protector -fno-stack-clash-protection -fstack-check=no -fno-stack-check -Wl,-O1 -Wl,--as-needed -Wl,--defsym=__gentoo_check_ldflags__=0 -Wl,--hash-style=gnu -Wl,-z,norelro'
 * CXXFLAGS='-O3 -march=native -pipe -g0 -fno-stack-protector -fno-stack-clash-protection -fstack-check=no -fno-stack-check -Wl,-O1 -Wl,--as-needed -Wl,--defsym=__gentoo_check_ldflags__=0 -Wl,--hash-style=gnu -Wl,-z,norelro'
 * FFLAGS='-O3 -march=native -pipe -g0 -fno-stack-protector -fno-stack-clash-protection -fstack-check=no -fno-stack-check -Wl,-O1 -Wl,--as-needed -Wl,--defsym=__gentoo_check_ldflags__=0 -Wl,--hash-style=gnu -Wl,-z,norelro'
 * FCFLAGS='-O3 -march=native -pipe -g0 -fno-stack-protector -fno-stack-clash-protection -fstack-check=no -fno-stack-check -Wl,-O1 -Wl,--as-needed -Wl,--defsym=__gentoo_check_ldflags__=0 -Wl,--hash-style=gnu -Wl,-z,norelro'
 * F77FLAGS='-O3 -march=native -pipe -g0 -fno-stack-protector -fno-stack-clash-protection -fstack-check=no -fno-stack-check -Wl,-O1 -Wl,--as-needed -Wl,--defsym=__gentoo_check_ldflags__=0 -Wl,--hash-style=gnu -Wl,-z,norelro'
 * LDFLAGS='-Wl,-O1 -Wl,--as-needed -Wl,--defsym=__gentoo_check_ldflags__=0 -Wl,--hash-style=gnu -Wl,-z,norelro'
 * MAKEOPTS='-j12'
 * gcc (Gentoo 11.0.0_pre9999 p1, commit 584d52b088f9fcf78704b504c3f1f07e17c1cded) 11.0.0 20200523 (experimental)
 * g++ (Gentoo 11.0.0_pre9999 p1, commit 584d52b088f9fcf78704b504c3f1f07e17c1cded) 11.0.0 20200523 (experimental)
 * GNU ld (Gentoo 2.34 p4) 2.34.0
 * Linux ryzen.gnum.org 5.4.36 #1 SMP Thu Apr 30 04:38:28 UTC 2020 x86_64 AMD Ryzen 5 3600 6-Core Processor AuthenticAMD GNU/Linux
media-libs/glu: 10 seconds average for 3 merges
2020-05-16T01:05:18 >>> media-libs/glu: 16 seconds
2020-05-20T01:45:12 >>> media-libs/glu: 8 seconds
2020-05-24T21:38:04 >>> media-libs/glu: 6 seconds
]0;emerge 14:48:59 83|229 glu 00:10 (root@ryzen.gnum.org)kemerge 14:48:59 83|229 glu 00:10 (root@ryzen.gnum.org)\>>> Extracting media-libs/glu-9.0.1
 * checking 6 files for package collisions
 * This package will overwrite one or more files that may belong to other
 * packages (see list below). Add either "collision-protect" or "protect-
 * owned" to FEATURES in make.conf if you would like the merge to abort
 * in cases like this. See the make.conf man page for more information
 * about these features. You can use a command such as `portageq owners /
 * <filename>` to identify the installed package that owns a file. If
 * portageq reports that only one package owns a file then do NOT file a
 * bug report. A bug report is only useful if it identifies at least two
 * or more packages that are known to install the same file(s). If a
 * collision occurs and you can not explain where the file came from then
 * you should simply ignore the collision since there is not enough
 * information to determine if a real problem exists. Please do NOT file
 * a bug report at https://bugs.gentoo.org/ unless you report exactly
 * which two packages install the same file(s). See
 * https://wiki.gentoo.org/wiki/Knowledge_Base:Blockers for tips on how
 * to solve the problem. And once again, please do NOT file a bug report
 * unless you have completely understood the above message.
 * 
 * Detected file collision(s):
 * 
 * 	/usr/lib64/libGLU.so.1.3.1
 * 	/usr/lib64/libGLU.so.1
 * Package 'media-libs/glu-9.0.1' merged despite file collisions. If
 * necessary, refer to your elog messages for the whole content of the
 * above message.
>>> Merging media-libs/glu-9.0.1 to /
 * removing unneeded *.la files
--- /usr/
--- /usr/lib64/
--- /usr/lib64/pkgconfig/
>>> /usr/lib64/pkgconfig/glu.pc
>>> /usr/lib64/libGLU.so.1.3.1
>>> /usr/lib64/libGLU.so.1 -> libGLU.so.1.3.1
>>> /usr/lib64/libGLU.so -> libGLU.so.1.3.1
--- /usr/include/
--- /usr/include/GL/
>>> /usr/include/GL/glu_mangle.h
>>> /usr/include/GL/glu.h
>>> media-libs/glu-9.0.1 merged.
>>> Regenerating /etc/ld.so.cache...
