>>> Extracting info
[32;01m * [39;49;00mPackage:    media-libs/phonon-vlc-0.11.1
[32;01m * [39;49;00mRepository: gentoo
[32;01m * [39;49;00mUSE:        userland_GNU abi_x86_64 elibc_glibc kernel_linux amd64
[32;01m * [39;49;00mFEATURES:   ccache network-sandbox preserve-libs sandbox userpriv usersandbox
 [32;01m*[0m FEATURES='assume-digests binpkg-docompress binpkg-dostrip binpkg-logs binpkg-multi-instance buildpkg ccache cgroup compress-index config-protect-if-modified distlocks downgrade-backup fixlafiles ipc-sandbox merge-sync multilib-strict network-sandbox news nodoc parallel-fetch parallel-install pid-sandbox preserve-libs qa-unresolved-soname-deps sandbox sfperms strict strict-keepdir unknown-features-warn unmerge-backup unmerge-logs unmerge-orphans userfetch userpriv usersandbox usersync xattr'
 [32;01m*[0m CFLAGS='-march=native -O3 -fgraphite-identity -floop-nest-optimize -fdevirtualize-at-ltrans -fipa-pta -fno-semantic-interposition -flto=12 -fno-signed-zeros -fno-trapping-math -fassociative-math -freciprocal-math -fno-math-errno -ffinite-math-only -fno-rounding-math -fno-signaling-nans -fcx-limited-range -fexcess-precision=fast -fno-plt -fno-common -fuse-linker-plugin -pipe -g0 -fno-stack-protector -fno-stack-clash-protection -fstack-check=no -fno-stack-check -Wl,-O4,--hash-style=gnu,--sort-common,--as-needed,-z,relro,-z,now,-lgomp,-lpthread'
 [32;01m*[0m CXXFLAGS='-march=native -O3 -fgraphite-identity -floop-nest-optimize -fdevirtualize-at-ltrans -fipa-pta -fno-semantic-interposition -flto=12 -fno-signed-zeros -fno-trapping-math -fassociative-math -freciprocal-math -fno-math-errno -ffinite-math-only -fno-rounding-math -fno-signaling-nans -fcx-limited-range -fexcess-precision=fast -fno-plt -fno-common -fuse-linker-plugin -pipe -g0 -fno-stack-protector -fno-stack-clash-protection -fstack-check=no -fno-stack-check -Wl,-O4,--hash-style=gnu,--sort-common,--as-needed,-z,relro,-z,now,-lgomp,-lpthread'
 [32;01m*[0m CPPFLAGS='-DQT_NO_DEBUG'
 [32;01m*[0m FFLAGS='-march=native -O3 -fgraphite-identity -floop-nest-optimize -fdevirtualize-at-ltrans -fipa-pta -fno-semantic-interposition -flto=12 -fno-signed-zeros -fno-trapping-math -fassociative-math -freciprocal-math -fno-math-errno -ffinite-math-only -fno-rounding-math -fno-signaling-nans -fcx-limited-range -fexcess-precision=fast -fno-plt -fno-common -fuse-linker-plugin -pipe -g0 -fno-stack-protector -fno-stack-clash-protection -fstack-check=no -fno-stack-check -Wl,-O4,--hash-style=gnu,--sort-common,--as-needed,-z,relro,-z,now,-lgomp,-lpthread'
 [32;01m*[0m FCFLAGS='-march=native -O3 -fgraphite-identity -floop-nest-optimize -fdevirtualize-at-ltrans -fipa-pta -fno-semantic-interposition -flto=12 -fno-signed-zeros -fno-trapping-math -fassociative-math -freciprocal-math -fno-math-errno -ffinite-math-only -fno-rounding-math -fno-signaling-nans -fcx-limited-range -fexcess-precision=fast -fno-plt -fno-common -fuse-linker-plugin -pipe -g0 -fno-stack-protector -fno-stack-clash-protection -fstack-check=no -fno-stack-check -Wl,-O4,--hash-style=gnu,--sort-common,--as-needed,-z,relro,-z,now,-lgomp,-lpthread'
 [32;01m*[0m F77FLAGS='-march=native -O3 -fgraphite-identity -floop-nest-optimize -fdevirtualize-at-ltrans -fipa-pta -fno-semantic-interposition -flto=12 -fno-signed-zeros -fno-trapping-math -fassociative-math -freciprocal-math -fno-math-errno -ffinite-math-only -fno-rounding-math -fno-signaling-nans -fcx-limited-range -fexcess-precision=fast -fno-plt -fno-common -fuse-linker-plugin -pipe -g0 -fno-stack-protector -fno-stack-clash-protection -fstack-check=no -fno-stack-check -Wl,-O4,--hash-style=gnu,--sort-common,--as-needed,-z,relro,-z,now,-lgomp,-lpthread'
 [32;01m*[0m LDFLAGS='-Wl,-O4,--hash-style=gnu,--sort-common,--as-needed,-z,relro,-z,now,-lgomp,-lpthread -march=native -O3 -fgraphite-identity -floop-nest-optimize -fdevirtualize-at-ltrans -fipa-pta -fno-semantic-interposition -flto=12 -fno-signed-zeros -fno-trapping-math -fassociative-math -freciprocal-math -fno-math-errno -ffinite-math-only -fno-rounding-math -fno-signaling-nans -fcx-limited-range -fexcess-precision=fast -fno-plt -fno-common -fuse-linker-plugin -pipe -g0 -fno-stack-protector -fno-stack-clash-protection -fstack-check=no -fno-stack-check'
 [32;01m*[0m MAKEOPTS='-j12'
 [32;01m*[0m gcc (Gentoo 10.1.0 p1) 10.1.0
 [32;01m*[0m g++ (Gentoo 10.1.0 p1) 10.1.0
 [32;01m*[0m GNU ld (Gentoo 9999 p5) 2.34.50.20200520
 [32;01m*[0m Linux ryzen.gnum.org 5.4.36 #1 SMP Thu Apr 30 04:38:28 UTC 2020 x86_64 AMD Ryzen 5 3600 6-Core Processor AuthenticAMD GNU/Linux
[00;01mmedia-libs/[00;00m[36;01mphonon-vlc[00;00m: [32;01m15[00;00m seconds average for [32;01m1[00;00m merge
2020-05-20T06:29:21 >>> [00;01mmedia-libs/[00;00m[36;01mphonon-vlc[00;00m: [32;01m15[00;00m seconds
]0;emerge 06:25:42 323|1170 phonon-vlc 00:15 (root@ryzen.gnum.org)>>> Extracting media-libs/phonon-vlc-0.11.1
 [32;01m*[39;49;00m checking 26 files for package collisions
>>> Merging media-libs/phonon-vlc-0.11.1 to /
 [32;01m*[0m removing unneeded *.la files
--- /usr/
--- /usr/lib64/
--- /usr/lib64/qt5/
--- /usr/lib64/qt5/plugins/
--- /usr/lib64/qt5/plugins/phonon4qt5_backend/
>>> /usr/lib64/qt5/plugins/phonon4qt5_backend/phonon_vlc.so
--- /usr/share/
--- /usr/share/locale/
--- /usr/share/locale/pt/
--- /usr/share/locale/pt/LC_MESSAGES/
>>> /usr/share/locale/pt/LC_MESSAGES/phonon_vlc_qt.qm
--- /usr/share/locale/sr@latin/
--- /usr/share/locale/sr@latin/LC_MESSAGES/
>>> /usr/share/locale/sr@latin/LC_MESSAGES/phonon_vlc_qt.qm
--- /usr/share/locale/cs/
--- /usr/share/locale/cs/LC_MESSAGES/
>>> /usr/share/locale/cs/LC_MESSAGES/phonon_vlc_qt.qm
--- /usr/share/locale/sr@ijekavian/
--- /usr/share/locale/sr@ijekavian/LC_MESSAGES/
>>> /usr/share/locale/sr@ijekavian/LC_MESSAGES/phonon_vlc_qt.qm
--- /usr/share/locale/zh_CN/
--- /usr/share/locale/zh_CN/LC_MESSAGES/
>>> /usr/share/locale/zh_CN/LC_MESSAGES/phonon_vlc_qt.qm
--- /usr/share/locale/pl/
--- /usr/share/locale/pl/LC_MESSAGES/
>>> /usr/share/locale/pl/LC_MESSAGES/phonon_vlc_qt.qm
--- /usr/share/locale/eu/
--- /usr/share/locale/eu/LC_MESSAGES/
>>> /usr/share/locale/eu/LC_MESSAGES/phonon_vlc_qt.qm
--- /usr/share/locale/it/
--- /usr/share/locale/it/LC_MESSAGES/
>>> /usr/share/locale/it/LC_MESSAGES/phonon_vlc_qt.qm
--- /usr/share/locale/sk/
--- /usr/share/locale/sk/LC_MESSAGES/
>>> /usr/share/locale/sk/LC_MESSAGES/phonon_vlc_qt.qm
--- /usr/share/locale/ca/
--- /usr/share/locale/ca/LC_MESSAGES/
>>> /usr/share/locale/ca/LC_MESSAGES/phonon_vlc_qt.qm
--- /usr/share/locale/nl/
--- /usr/share/locale/nl/LC_MESSAGES/
>>> /usr/share/locale/nl/LC_MESSAGES/phonon_vlc_qt.qm
--- /usr/share/locale/sr@ijekavianlatin/
--- /usr/share/locale/sr@ijekavianlatin/LC_MESSAGES/
>>> /usr/share/locale/sr@ijekavianlatin/LC_MESSAGES/phonon_vlc_qt.qm
--- /usr/share/locale/fi/
--- /usr/share/locale/fi/LC_MESSAGES/
>>> /usr/share/locale/fi/LC_MESSAGES/phonon_vlc_qt.qm
--- /usr/share/locale/en_GB/
--- /usr/share/locale/en_GB/LC_MESSAGES/
>>> /usr/share/locale/en_GB/LC_MESSAGES/phonon_vlc_qt.qm
--- /usr/share/locale/fr/
--- /usr/share/locale/fr/LC_MESSAGES/
>>> /usr/share/locale/fr/LC_MESSAGES/phonon_vlc_qt.qm
--- /usr/share/locale/de/
--- /usr/share/locale/de/LC_MESSAGES/
>>> /usr/share/locale/de/LC_MESSAGES/phonon_vlc_qt.qm
--- /usr/share/locale/sv/
--- /usr/share/locale/sv/LC_MESSAGES/
>>> /usr/share/locale/sv/LC_MESSAGES/phonon_vlc_qt.qm
--- /usr/share/locale/nn/
--- /usr/share/locale/nn/LC_MESSAGES/
>>> /usr/share/locale/nn/LC_MESSAGES/phonon_vlc_qt.qm
--- /usr/share/locale/ko/
--- /usr/share/locale/ko/LC_MESSAGES/
>>> /usr/share/locale/ko/LC_MESSAGES/phonon_vlc_qt.qm
--- /usr/share/locale/uk/
--- /usr/share/locale/uk/LC_MESSAGES/
>>> /usr/share/locale/uk/LC_MESSAGES/phonon_vlc_qt.qm
--- /usr/share/locale/id/
--- /usr/share/locale/id/LC_MESSAGES/
>>> /usr/share/locale/id/LC_MESSAGES/phonon_vlc_qt.qm
--- /usr/share/locale/sr/
--- /usr/share/locale/sr/LC_MESSAGES/
>>> /usr/share/locale/sr/LC_MESSAGES/phonon_vlc_qt.qm
--- /usr/share/locale/gl/
--- /usr/share/locale/gl/LC_MESSAGES/
>>> /usr/share/locale/gl/LC_MESSAGES/phonon_vlc_qt.qm
--- /usr/share/locale/pt_BR/
--- /usr/share/locale/pt_BR/LC_MESSAGES/
>>> /usr/share/locale/pt_BR/LC_MESSAGES/phonon_vlc_qt.qm
--- /usr/share/locale/es/
--- /usr/share/locale/es/LC_MESSAGES/
>>> /usr/share/locale/es/LC_MESSAGES/phonon_vlc_qt.qm
>>> Safely unmerging already-installed instance...
No package files given... Grabbing a set.
--- replaced obj /usr/share/locale/zh_CN/LC_MESSAGES/phonon_vlc_qt.qm
--- replaced dir /usr/share/locale/zh_CN/LC_MESSAGES
--- replaced dir /usr/share/locale/zh_CN
--- replaced obj /usr/share/locale/uk/LC_MESSAGES/phonon_vlc_qt.qm
--- replaced dir /usr/share/locale/uk/LC_MESSAGES
--- replaced dir /usr/share/locale/uk
--- replaced obj /usr/share/locale/sv/LC_MESSAGES/phonon_vlc_qt.qm
--- replaced dir /usr/share/locale/sv/LC_MESSAGES
--- replaced dir /usr/share/locale/sv
--- replaced obj /usr/share/locale/sr@latin/LC_MESSAGES/phonon_vlc_qt.qm
--- replaced dir /usr/share/locale/sr@latin/LC_MESSAGES
--- replaced dir /usr/share/locale/sr@latin
--- replaced obj /usr/share/locale/sr@ijekavianlatin/LC_MESSAGES/phonon_vlc_qt.qm
--- replaced dir /usr/share/locale/sr@ijekavianlatin/LC_MESSAGES
--- replaced dir /usr/share/locale/sr@ijekavianlatin
--- replaced obj /usr/share/locale/sr@ijekavian/LC_MESSAGES/phonon_vlc_qt.qm
--- replaced dir /usr/share/locale/sr@ijekavian/LC_MESSAGES
--- replaced dir /usr/share/locale/sr@ijekavian
--- replaced obj /usr/share/locale/sr/LC_MESSAGES/phonon_vlc_qt.qm
--- replaced dir /usr/share/locale/sr/LC_MESSAGES
--- replaced dir /usr/share/locale/sr
--- replaced obj /usr/share/locale/sk/LC_MESSAGES/phonon_vlc_qt.qm
--- replaced dir /usr/share/locale/sk/LC_MESSAGES
--- replaced dir /usr/share/locale/sk
--- replaced obj /usr/share/locale/pt_BR/LC_MESSAGES/phonon_vlc_qt.qm
--- replaced dir /usr/share/locale/pt_BR/LC_MESSAGES
--- replaced dir /usr/share/locale/pt_BR
--- replaced obj /usr/share/locale/pt/LC_MESSAGES/phonon_vlc_qt.qm
--- replaced dir /usr/share/locale/pt/LC_MESSAGES
--- replaced dir /usr/share/locale/pt
--- replaced obj /usr/share/locale/pl/LC_MESSAGES/phonon_vlc_qt.qm
--- replaced dir /usr/share/locale/pl/LC_MESSAGES
--- replaced dir /usr/share/locale/pl
--- replaced obj /usr/share/locale/nn/LC_MESSAGES/phonon_vlc_qt.qm
--- replaced dir /usr/share/locale/nn/LC_MESSAGES
--- replaced dir /usr/share/locale/nn
--- replaced obj /usr/share/locale/nl/LC_MESSAGES/phonon_vlc_qt.qm
--- replaced dir /usr/share/locale/nl/LC_MESSAGES
--- replaced dir /usr/share/locale/nl
--- replaced obj /usr/share/locale/ko/LC_MESSAGES/phonon_vlc_qt.qm
--- replaced dir /usr/share/locale/ko/LC_MESSAGES
--- replaced dir /usr/share/locale/ko
--- replaced obj /usr/share/locale/it/LC_MESSAGES/phonon_vlc_qt.qm
--- replaced dir /usr/share/locale/it/LC_MESSAGES
--- replaced dir /usr/share/locale/it
--- replaced obj /usr/share/locale/id/LC_MESSAGES/phonon_vlc_qt.qm
--- replaced dir /usr/share/locale/id/LC_MESSAGES
--- replaced dir /usr/share/locale/id
--- replaced obj /usr/share/locale/gl/LC_MESSAGES/phonon_vlc_qt.qm
--- replaced dir /usr/share/locale/gl/LC_MESSAGES
--- replaced dir /usr/share/locale/gl
--- replaced obj /usr/share/locale/fr/LC_MESSAGES/phonon_vlc_qt.qm
--- replaced dir /usr/share/locale/fr/LC_MESSAGES
--- replaced dir /usr/share/locale/fr
--- replaced obj /usr/share/locale/fi/LC_MESSAGES/phonon_vlc_qt.qm
--- replaced dir /usr/share/locale/fi/LC_MESSAGES
--- replaced dir /usr/share/locale/fi
--- replaced obj /usr/share/locale/eu/LC_MESSAGES/phonon_vlc_qt.qm
--- replaced dir /usr/share/locale/eu/LC_MESSAGES
--- replaced dir /usr/share/locale/eu
--- replaced obj /usr/share/locale/es/LC_MESSAGES/phonon_vlc_qt.qm
--- replaced dir /usr/share/locale/es/LC_MESSAGES
--- replaced dir /usr/share/locale/es
--- replaced obj /usr/share/locale/en_GB/LC_MESSAGES/phonon_vlc_qt.qm
--- replaced dir /usr/share/locale/en_GB/LC_MESSAGES
--- replaced dir /usr/share/locale/en_GB
--- replaced obj /usr/share/locale/de/LC_MESSAGES/phonon_vlc_qt.qm
--- replaced dir /usr/share/locale/de/LC_MESSAGES
--- replaced dir /usr/share/locale/de
--- replaced obj /usr/share/locale/cs/LC_MESSAGES/phonon_vlc_qt.qm
--- replaced dir /usr/share/locale/cs/LC_MESSAGES
--- replaced dir /usr/share/locale/cs
--- replaced obj /usr/share/locale/ca/LC_MESSAGES/phonon_vlc_qt.qm
--- replaced dir /usr/share/locale/ca/LC_MESSAGES
--- replaced dir /usr/share/locale/ca
--- replaced dir /usr/share/locale
--- replaced dir /usr/share
--- replaced obj /usr/lib64/qt5/plugins/phonon4qt5_backend/phonon_vlc.so
--- replaced dir /usr/lib64/qt5/plugins/phonon4qt5_backend
--- replaced dir /usr/lib64/qt5/plugins
--- replaced dir /usr/lib64/qt5
--- replaced dir /usr/lib64
--- replaced dir /usr
>>> Regenerating /etc/ld.so.cache...
>>> Original instance of package unmerged safely.
>>> media-libs/phonon-vlc-0.11.1 merged.
