>>> Extracting info
 * Package:    media-libs/lcms-2.10
 * Repository: gentoo
 * USE:        kernel_linux userland_GNU threads elibc_glibc jpeg amd64 abi_x86_64 tiff
 * FEATURES:   network-sandbox preserve-libs sandbox userpriv usersandbox
 * /etc/portage/package.cflags/ltoworkarounds.conf -> media-libs/lcms: /-O3/-O2 # Test failure
 * FEATURES='ebuild-locks usersync nodoc strict-keepdir cgroup compress-index usersandbox unmerge-orphans fixlafiles parallel-fetch unmerge-logs binpkg-dostrip xattr sandbox assume-digests buildpkg merge-sync network-sandbox qa-unresolved-soname-deps ipc-sandbox distlocks userfetch binpkg-docompress userpriv binpkg-logs unknown-features-warn news pid-sandbox sfperms multilib-strict preserve-libs strict config-protect-if-modified'
 * CFLAGS='-march=znver2 -O2 -pipe -fno-stack-protector -fno-stack-clash-protection -fstack-check=no -fno-stack-check -Wl,-O1 -Wl,--as-needed'
 * CXXFLAGS='-march=znver2 -O2 -pipe -fno-stack-protector -fno-stack-clash-protection -fstack-check=no -fno-stack-check -Wl,-O1 -Wl,--as-needed'
 * FFLAGS='-march=znver2 -O2 -pipe -fno-stack-protector -fno-stack-clash-protection -fstack-check=no -fno-stack-check -Wl,-O1 -Wl,--as-needed'
 * FCFLAGS='-march=znver2 -O2 -pipe -fno-stack-protector -fno-stack-clash-protection -fstack-check=no -fno-stack-check -Wl,-O1 -Wl,--as-needed'
 * F77FLAGS='-march=znver2 -O2 -pipe -fno-stack-protector -fno-stack-clash-protection -fstack-check=no -fno-stack-check -Wl,-O1 -Wl,--as-needed'
 * LDFLAGS='-Wl,-O1 -Wl,--as-needed'
 * MAKEOPTS='-j12 -l12'
 * gcc (Gentoo 10.1.0-r1 p2) 10.1.0
 * g++ (Gentoo 10.1.0-r1 p2) 10.1.0
 * GNU gold (Gentoo 2.34 p4 2.34.0) 1.16
 * Linux rescue 5.4.36 #1 SMP Thu Apr 30 04:38:28 UTC 2020 x86_64 AMD Ryzen 5 3600 6-Core Processor AuthenticAMD GNU/Linux
media-libs/lcms: 25 seconds average for 17 merges
2020-05-15T13:12:20 >>> media-libs/lcms: 16 seconds
2020-05-20T01:11:15 >>> media-libs/lcms: 4 seconds
2020-05-23T15:30:36 >>> media-libs/lcms: 23 seconds
2020-05-26T04:42:54 >>> media-libs/lcms: 23 seconds
2020-05-26T14:33:43 >>> media-libs/lcms: 6 seconds
2020-05-27T02:09:55 >>> media-libs/lcms: 6 seconds
2020-05-28T03:04:53 >>> media-libs/lcms: 5 seconds
2020-05-28T14:41:06 >>> media-libs/lcms: 26 seconds
2020-05-29T02:33:12 >>> media-libs/lcms: 6 seconds
2020-05-29T12:41:32 >>> media-libs/lcms: 25 seconds
2020-05-30T12:41:31 >>> media-libs/lcms: 2 minutes, 38 seconds
2020-05-30T21:39:23 >>> media-libs/lcms: 45 seconds
2020-05-31T22:52:13 >>> media-libs/lcms: 26 seconds
2020-06-01T04:38:36 >>> media-libs/lcms: 24 seconds
2020-06-06T17:07:17 >>> media-libs/lcms: 25 seconds
2020-06-12T02:04:20 >>> media-libs/lcms: 5 seconds
2020-06-13T20:42:38 >>> media-libs/lcms: 12 seconds
]0;emerge 14:20:42 437|565 lcms 00:14 (root@rescue)>>> Extracting media-libs/lcms-2.10
 * checking 21 files for package collisions
>>> Merging media-libs/lcms-2.10 to /
 * removing unneeded *.la files
--- /usr/
--- /usr/lib64/
--- /usr/lib64/pkgconfig/
>>> /usr/lib64/pkgconfig/lcms2.pc
>>> /usr/lib64/liblcms2.so -> liblcms2.so.2.0.10
>>> /usr/lib64/liblcms2.so.2.0.10
>>> /usr/lib64/liblcms2.so.2 -> liblcms2.so.2.0.10
--- /usr/share/
--- /usr/share/man/
--- /usr/share/man/man1/
>>> /usr/share/man/man1/psicc.1
>>> /usr/share/man/man1/jpgicc.1.bz2
>>> /usr/share/man/man1/tificc.1.bz2
>>> /usr/share/man/man1/psicc.1.bz2
>>> /usr/share/man/man1/transicc.1.bz2
>>> /usr/share/man/man1/jpgicc.1
>>> /usr/share/man/man1/tificc.1
>>> /usr/share/man/man1/linkicc.1.bz2
>>> /usr/share/man/man1/transicc.1
>>> /usr/share/man/man1/linkicc.1
--- /usr/include/
>>> /usr/include/lcms2.h
>>> /usr/include/lcms2_plugin.h
--- /usr/bin/
>>> /usr/bin/tificc
>>> /usr/bin/linkicc
>>> /usr/bin/transicc
>>> /usr/bin/jpgicc
>>> /usr/bin/psicc
>>> Safely unmerging already-installed instance...
!!! File Not Found: '/etc/env.d/99lcdfilter'
>>> Original instance of package unmerged safely.
>>> media-libs/lcms-2.10 merged.
!!! File Not Found: '/etc/env.d/99lcdfilter'
>>> Regenerating /etc/ld.so.cache...
