>>> Extracting info
 * Package:    media-libs/lv2-1.18.0
 * Repository: gentoo
 * USE:        plugins abi_x86_64 userland_GNU kernel_linux amd64 python_single_target_python3_7 elibc_glibc
 * FEATURES:   ccache preserve-libs userpriv
 * FEATURES='assume-digests binpkg-docompress binpkg-dostrip binpkg-logs buildpkg ccache cgroup compress-index config-protect-if-modified distlocks ebuild-locks fixlafiles merge-sync multilib-strict news nodoc parallel-fetch preserve-libs qa-unresolved-soname-deps sfperms strict strict-keepdir unknown-features-warn unmerge-logs unmerge-orphans userfetch userpriv usersync xattr'
 * CFLAGS='-O2 -pipe -Wl,-O1,--sort-common,--as-needed,-z,norelro,-z,now'
 * CXXFLAGS='-O2 -pipe -Wl,-O1,--sort-common,--as-needed,-z,norelro,-z,now'
 * FFLAGS='-O2 -pipe -Wl,-O1,--sort-common,--as-needed,-z,norelro,-z,now'
 * FCFLAGS='-O2 -pipe -Wl,-O1,--sort-common,--as-needed,-z,norelro,-z,now'
 * F77FLAGS='-O2 -pipe -Wl,-O1,--sort-common,--as-needed,-z,norelro,-z,now'
 * LDFLAGS='-Wl,-O1,--sort-common,--as-needed,-z,norelro,-z,now'
 * MAKEOPTS='-j12 -l12'
 * x86_64-pc-linux-gnu-gcc (Gentoo 11.0.0_pre9999 p1, commit 184c21bf1cd04a108ed9bd04635e7d57ac39f616) 11.0.0 20200611 (experimental)
 * x86_64-pc-linux-gnu-g++ (Gentoo 11.0.0_pre9999 p1, commit 184c21bf1cd04a108ed9bd04635e7d57ac39f616) 11.0.0 20200611 (experimental)
 * GNU ld (Gentoo 2.34 p4) 2.34.0
 * Linux rescue 5.4.36 #1 SMP Thu Apr 30 04:38:28 UTC 2020 x86_64 AMD Ryzen 5 3600 6-Core Processor AuthenticAMD GNU/Linux
media-libs/lv2: 9 seconds average for 2 merges
2020-05-20T08:28:21 >>> media-libs/lv2: 6 seconds
2020-06-06T01:14:16 >>> media-libs/lv2: 13 seconds
]0;emerge 21:12:17 39|49 lv2 00:10 (root@rescue)>>> Extracting media-libs/lv2-1.18.0
 * checking 191 files for package collisions
>>> Merging media-libs/lv2-1.18.0 to /
 * removing unneeded *.la files
--- /usr/
--- /usr/lib64/
--- /usr/lib64/pkgconfig/
>>> /usr/lib64/pkgconfig/lv2.pc
--- /usr/lib64/lv2/
--- /usr/lib64/lv2/state.lv2/
>>> /usr/lib64/lv2/state.lv2/state.h
>>> /usr/lib64/lv2/state.lv2/manifest.ttl
>>> /usr/lib64/lv2/state.lv2/state.ttl
>>> /usr/lib64/lv2/state.lv2/state.meta.ttl
--- /usr/lib64/lv2/instance-access.lv2/
>>> /usr/lib64/lv2/instance-access.lv2/instance-access.h
>>> /usr/lib64/lv2/instance-access.lv2/manifest.ttl
>>> /usr/lib64/lv2/instance-access.lv2/instance-access.ttl
>>> /usr/lib64/lv2/instance-access.lv2/instance-access.meta.ttl
--- /usr/lib64/lv2/dynmanifest.lv2/
>>> /usr/lib64/lv2/dynmanifest.lv2/manifest.ttl
>>> /usr/lib64/lv2/dynmanifest.lv2/dynmanifest.ttl
>>> /usr/lib64/lv2/dynmanifest.lv2/dynmanifest.meta.ttl
>>> /usr/lib64/lv2/dynmanifest.lv2/dynmanifest.h
>>> /usr/lib64/lv2/eg-amp.lv2/
>>> /usr/lib64/lv2/eg-amp.lv2/manifest.ttl
>>> /usr/lib64/lv2/eg-amp.lv2/amp.ttl
>>> /usr/lib64/lv2/eg-amp.lv2/amp.so
--- /usr/lib64/lv2/presets.lv2/
>>> /usr/lib64/lv2/presets.lv2/presets.ttl
>>> /usr/lib64/lv2/presets.lv2/presets.meta.ttl
>>> /usr/lib64/lv2/presets.lv2/manifest.ttl
>>> /usr/lib64/lv2/presets.lv2/presets.h
--- /usr/lib64/lv2/log.lv2/
>>> /usr/lib64/lv2/log.lv2/log.meta.ttl
>>> /usr/lib64/lv2/log.lv2/manifest.ttl
>>> /usr/lib64/lv2/log.lv2/log.h
>>> /usr/lib64/lv2/log.lv2/log.ttl
>>> /usr/lib64/lv2/log.lv2/logger.h
--- /usr/lib64/lv2/event.lv2/
>>> /usr/lib64/lv2/event.lv2/event-helpers.h
>>> /usr/lib64/lv2/event.lv2/event.ttl
>>> /usr/lib64/lv2/event.lv2/manifest.ttl
>>> /usr/lib64/lv2/event.lv2/event.h
>>> /usr/lib64/lv2/event.lv2/event.meta.ttl
--- /usr/lib64/lv2/midi.lv2/
>>> /usr/lib64/lv2/midi.lv2/manifest.ttl
>>> /usr/lib64/lv2/midi.lv2/midi.h
>>> /usr/lib64/lv2/midi.lv2/midi.ttl
>>> /usr/lib64/lv2/midi.lv2/midi.meta.ttl
--- /usr/lib64/lv2/schemas.lv2/
>>> /usr/lib64/lv2/schemas.lv2/dcs.ttl
>>> /usr/lib64/lv2/schemas.lv2/manifest.ttl
>>> /usr/lib64/lv2/schemas.lv2/dct.ttl
>>> /usr/lib64/lv2/schemas.lv2/rdfs.ttl
>>> /usr/lib64/lv2/schemas.lv2/rdf.ttl
>>> /usr/lib64/lv2/schemas.lv2/doap.ttl
>>> /usr/lib64/lv2/schemas.lv2/foaf.ttl
>>> /usr/lib64/lv2/schemas.lv2/xsd.ttl
>>> /usr/lib64/lv2/schemas.lv2/owl.ttl
--- /usr/lib64/lv2/port-props.lv2/
>>> /usr/lib64/lv2/port-props.lv2/manifest.ttl
>>> /usr/lib64/lv2/port-props.lv2/port-props.ttl
>>> /usr/lib64/lv2/port-props.lv2/port-props.meta.ttl
>>> /usr/lib64/lv2/port-props.lv2/port-props.h
--- /usr/lib64/lv2/ui.lv2/
>>> /usr/lib64/lv2/ui.lv2/ui.ttl
>>> /usr/lib64/lv2/ui.lv2/manifest.ttl
>>> /usr/lib64/lv2/ui.lv2/ui.h
>>> /usr/lib64/lv2/ui.lv2/ui.meta.ttl
>>> /usr/lib64/lv2/eg-midigate.lv2/
>>> /usr/lib64/lv2/eg-midigate.lv2/manifest.ttl
>>> /usr/lib64/lv2/eg-midigate.lv2/midigate.so
>>> /usr/lib64/lv2/eg-midigate.lv2/midigate.ttl
--- /usr/lib64/lv2/atom.lv2/
>>> /usr/lib64/lv2/atom.lv2/forge.h
>>> /usr/lib64/lv2/atom.lv2/manifest.ttl
>>> /usr/lib64/lv2/atom.lv2/atom.meta.ttl
>>> /usr/lib64/lv2/atom.lv2/atom-test.c
>>> /usr/lib64/lv2/atom.lv2/atom.ttl
>>> /usr/lib64/lv2/atom.lv2/forge-overflow-test.c
>>> /usr/lib64/lv2/atom.lv2/atom-test-utils.c
>>> /usr/lib64/lv2/atom.lv2/util.h
>>> /usr/lib64/lv2/atom.lv2/atom.h
>>> /usr/lib64/lv2/eg-scope.lv2/
>>> /usr/lib64/lv2/eg-scope.lv2/examploscope_ui.so
>>> /usr/lib64/lv2/eg-scope.lv2/examploscope.ttl
>>> /usr/lib64/lv2/eg-scope.lv2/manifest.ttl
>>> /usr/lib64/lv2/eg-scope.lv2/examploscope.so
--- /usr/lib64/lv2/morph.lv2/
>>> /usr/lib64/lv2/morph.lv2/morph.h
>>> /usr/lib64/lv2/morph.lv2/manifest.ttl
>>> /usr/lib64/lv2/morph.lv2/morph.meta.ttl
>>> /usr/lib64/lv2/morph.lv2/morph.ttl
--- /usr/lib64/lv2/time.lv2/
>>> /usr/lib64/lv2/time.lv2/time.ttl
>>> /usr/lib64/lv2/time.lv2/manifest.ttl
>>> /usr/lib64/lv2/time.lv2/time.h
>>> /usr/lib64/lv2/time.lv2/time.meta.ttl
--- /usr/lib64/lv2/units.lv2/
>>> /usr/lib64/lv2/units.lv2/units.ttl
>>> /usr/lib64/lv2/units.lv2/manifest.ttl
>>> /usr/lib64/lv2/units.lv2/units.h
>>> /usr/lib64/lv2/units.lv2/units.meta.ttl
>>> /usr/lib64/lv2/eg-params.lv2/
>>> /usr/lib64/lv2/eg-params.lv2/manifest.ttl
>>> /usr/lib64/lv2/eg-params.lv2/params.ttl
>>> /usr/lib64/lv2/eg-params.lv2/params.so
--- /usr/lib64/lv2/buf-size.lv2/
>>> /usr/lib64/lv2/buf-size.lv2/buf-size.h
>>> /usr/lib64/lv2/buf-size.lv2/manifest.ttl
>>> /usr/lib64/lv2/buf-size.lv2/buf-size.meta.ttl
>>> /usr/lib64/lv2/buf-size.lv2/buf-size.ttl
--- /usr/lib64/lv2/core.lv2/
>>> /usr/lib64/lv2/core.lv2/lv2core.ttl
>>> /usr/lib64/lv2/core.lv2/people.ttl
>>> /usr/lib64/lv2/core.lv2/manifest.ttl
>>> /usr/lib64/lv2/core.lv2/lv2_util.h
>>> /usr/lib64/lv2/core.lv2/lv2.h
>>> /usr/lib64/lv2/core.lv2/meta.ttl
>>> /usr/lib64/lv2/core.lv2/lv2core.meta.ttl
>>> /usr/lib64/lv2/core.lv2/attributes.h
--- /usr/lib64/lv2/parameters.lv2/
>>> /usr/lib64/lv2/parameters.lv2/parameters.meta.ttl
>>> /usr/lib64/lv2/parameters.lv2/parameters.ttl
>>> /usr/lib64/lv2/parameters.lv2/manifest.ttl
>>> /usr/lib64/lv2/parameters.lv2/parameters.h
--- /usr/lib64/lv2/patch.lv2/
>>> /usr/lib64/lv2/patch.lv2/patch.h
>>> /usr/lib64/lv2/patch.lv2/patch.meta.ttl
>>> /usr/lib64/lv2/patch.lv2/manifest.ttl
>>> /usr/lib64/lv2/patch.lv2/patch.ttl
--- /usr/lib64/lv2/resize-port.lv2/
>>> /usr/lib64/lv2/resize-port.lv2/resize-port.meta.ttl
>>> /usr/lib64/lv2/resize-port.lv2/manifest.ttl
>>> /usr/lib64/lv2/resize-port.lv2/resize-port.ttl
>>> /usr/lib64/lv2/resize-port.lv2/resize-port.h
--- /usr/lib64/lv2/port-groups.lv2/
>>> /usr/lib64/lv2/port-groups.lv2/port-groups.h
>>> /usr/lib64/lv2/port-groups.lv2/manifest.ttl
>>> /usr/lib64/lv2/port-groups.lv2/port-groups.meta.ttl
>>> /usr/lib64/lv2/port-groups.lv2/port-groups.ttl
--- /usr/lib64/lv2/uri-map.lv2/
>>> /usr/lib64/lv2/uri-map.lv2/uri-map.meta.ttl
>>> /usr/lib64/lv2/uri-map.lv2/manifest.ttl
>>> /usr/lib64/lv2/uri-map.lv2/uri-map.ttl
>>> /usr/lib64/lv2/uri-map.lv2/uri-map.h
--- /usr/lib64/lv2/worker.lv2/
>>> /usr/lib64/lv2/worker.lv2/worker.ttl
>>> /usr/lib64/lv2/worker.lv2/manifest.ttl
>>> /usr/lib64/lv2/worker.lv2/worker.meta.ttl
>>> /usr/lib64/lv2/worker.lv2/worker.h
--- /usr/lib64/lv2/urid.lv2/
>>> /usr/lib64/lv2/urid.lv2/manifest.ttl
>>> /usr/lib64/lv2/urid.lv2/urid.h
>>> /usr/lib64/lv2/urid.lv2/urid.ttl
>>> /usr/lib64/lv2/urid.lv2/urid.meta.ttl
--- /usr/lib64/lv2/options.lv2/
>>> /usr/lib64/lv2/options.lv2/options.h
>>> /usr/lib64/lv2/options.lv2/manifest.ttl
>>> /usr/lib64/lv2/options.lv2/options.meta.ttl
>>> /usr/lib64/lv2/options.lv2/options.ttl
>>> /usr/lib64/lv2/eg-sampler.lv2/
>>> /usr/lib64/lv2/eg-sampler.lv2/click.wav
>>> /usr/lib64/lv2/eg-sampler.lv2/manifest.ttl
>>> /usr/lib64/lv2/eg-sampler.lv2/sampler_ui.so
>>> /usr/lib64/lv2/eg-sampler.lv2/sampler.ttl
>>> /usr/lib64/lv2/eg-sampler.lv2/sampler.so
>>> /usr/lib64/lv2/eg-metro.lv2/
>>> /usr/lib64/lv2/eg-metro.lv2/metro.ttl
>>> /usr/lib64/lv2/eg-metro.lv2/manifest.ttl
>>> /usr/lib64/lv2/eg-metro.lv2/metro.so
--- /usr/lib64/lv2/data-access.lv2/
>>> /usr/lib64/lv2/data-access.lv2/manifest.ttl
>>> /usr/lib64/lv2/data-access.lv2/data-access.meta.ttl
>>> /usr/lib64/lv2/data-access.lv2/data-access.ttl
>>> /usr/lib64/lv2/data-access.lv2/data-access.h
>>> /usr/lib64/lv2/eg-fifths.lv2/
>>> /usr/lib64/lv2/eg-fifths.lv2/fifths.so
>>> /usr/lib64/lv2/eg-fifths.lv2/manifest.ttl
>>> /usr/lib64/lv2/eg-fifths.lv2/fifths.ttl
--- /usr/share/
--- /usr/share/lv2specgen/
--- /usr/share/lv2specgen/DTD/
>>> /usr/share/lv2specgen/DTD/xhtml-hypertext-1.mod
>>> /usr/share/lv2specgen/DTD/xhtml-inputmode-1.mod
>>> /usr/share/lv2specgen/DTD/xhtml-basic-table-1.mod
>>> /usr/share/lv2specgen/DTD/xhtml-blkpres-1.mod
>>> /usr/share/lv2specgen/DTD/xhtml-inlstyle-1.mod
>>> /usr/share/lv2specgen/DTD/xhtml-blkstruct-1.mod
>>> /usr/share/lv2specgen/DTD/xhtml-qname-1.mod
>>> /usr/share/lv2specgen/DTD/xhtml-bdo-1.mod
>>> /usr/share/lv2specgen/DTD/xhtml-ssismap-1.mod
>>> /usr/share/lv2specgen/DTD/xhtml-meta-1.mod
>>> /usr/share/lv2specgen/DTD/xhtml-metaAttributes-1.mod
>>> /usr/share/lv2specgen/DTD/xhtml-form-1.mod
>>> /usr/share/lv2specgen/DTD/xhtml-inlphras-1.mod
>>> /usr/share/lv2specgen/DTD/xhtml-datatypes-1.mod.1
>>> /usr/share/lv2specgen/DTD/xhtml-special.ent
>>> /usr/share/lv2specgen/DTD/xhtml-param-1.mod
>>> /usr/share/lv2specgen/DTD/xhtml-target-1.mod
>>> /usr/share/lv2specgen/DTD/xhtml-charent-1.mod
>>> /usr/share/lv2specgen/DTD/xhtml-basic11-model-1.mod
>>> /usr/share/lv2specgen/DTD/xhtml-csismap-1.mod
>>> /usr/share/lv2specgen/DTD/xhtml-blkphras-1.mod
>>> /usr/share/lv2specgen/DTD/xhtml-table-1.mod
>>> /usr/share/lv2specgen/DTD/xhtml-basic11.dtd
>>> /usr/share/lv2specgen/DTD/xhtml-events-1.mod
>>> /usr/share/lv2specgen/DTD/xhtml-rdfa-model-1.mod
>>> /usr/share/lv2specgen/DTD/xhtml-link-1.mod
>>> /usr/share/lv2specgen/DTD/xhtml-object-1.mod
>>> /usr/share/lv2specgen/DTD/xhtml-rdfa-1.dtd
>>> /usr/share/lv2specgen/DTD/xhtml-legacy-1.mod
>>> /usr/share/lv2specgen/DTD/xhtml-script-1.mod
>>> /usr/share/lv2specgen/DTD/xhtml-framework-1.mod
>>> /usr/share/lv2specgen/DTD/xhtml-attribs-1.mod
>>> /usr/share/lv2specgen/DTD/xhtml-image-1.mod
>>> /usr/share/lv2specgen/DTD/xhtml-inlpres-1.mod
>>> /usr/share/lv2specgen/DTD/xhtml-edit-1.mod
>>> /usr/share/lv2specgen/DTD/xhtml-datatypes-1.mod
>>> /usr/share/lv2specgen/DTD/xhtml-pres-1.mod
>>> /usr/share/lv2specgen/DTD/xhtml-text-1.mod
>>> /usr/share/lv2specgen/DTD/xhtml-style-1.mod
>>> /usr/share/lv2specgen/DTD/xhtml-inlstruct-1.mod
>>> /usr/share/lv2specgen/DTD/xhtml-symbol.ent
>>> /usr/share/lv2specgen/DTD/xhtml-struct-1.mod
>>> /usr/share/lv2specgen/DTD/xhtml-lat1.ent
>>> /usr/share/lv2specgen/DTD/xhtml-list-1.mod
>>> /usr/share/lv2specgen/DTD/xhtml-base-1.mod
>>> /usr/share/lv2specgen/template.html
>>> /usr/share/lv2specgen/style.css
--- /usr/include/
--- /usr/include/lv2/
>>> /usr/include/lv2/ui -> ../../lib64/lv2/ui.lv2
>>> /usr/include/lv2/urid -> ../../lib64/lv2/urid.lv2
>>> /usr/include/lv2/event -> ../../lib64/lv2/event.lv2
>>> /usr/include/lv2/instance-access -> ../../lib64/lv2/instance-access.lv2
>>> /usr/include/lv2/state -> ../../lib64/lv2/state.lv2
>>> /usr/include/lv2/uri-map -> ../../lib64/lv2/uri-map.lv2
>>> /usr/include/lv2/atom -> ../../lib64/lv2/atom.lv2
>>> /usr/include/lv2/core -> ../../lib64/lv2/core.lv2
--- /usr/include/lv2/lv2plug.in/
--- /usr/include/lv2/lv2plug.in/ns/
--- /usr/include/lv2/lv2plug.in/ns/ext/
>>> /usr/include/lv2/lv2plug.in/ns/ext/urid -> ../../../../../lib64/lv2/urid.lv2
>>> /usr/include/lv2/lv2plug.in/ns/ext/event -> ../../../../../lib64/lv2/event.lv2
>>> /usr/include/lv2/lv2plug.in/ns/ext/instance-access -> ../../../../../lib64/lv2/instance-access.lv2
>>> /usr/include/lv2/lv2plug.in/ns/ext/state -> ../../../../../lib64/lv2/state.lv2
>>> /usr/include/lv2/lv2plug.in/ns/ext/uri-map -> ../../../../../lib64/lv2/uri-map.lv2
>>> /usr/include/lv2/lv2plug.in/ns/ext/atom -> ../../../../../lib64/lv2/atom.lv2
>>> /usr/include/lv2/lv2plug.in/ns/ext/time -> ../../../../../lib64/lv2/time.lv2
>>> /usr/include/lv2/lv2plug.in/ns/ext/port-props -> ../../../../../lib64/lv2/port-props.lv2
>>> /usr/include/lv2/lv2plug.in/ns/ext/midi -> ../../../../../lib64/lv2/midi.lv2
>>> /usr/include/lv2/lv2plug.in/ns/ext/patch -> ../../../../../lib64/lv2/patch.lv2
>>> /usr/include/lv2/lv2plug.in/ns/ext/log -> ../../../../../lib64/lv2/log.lv2
>>> /usr/include/lv2/lv2plug.in/ns/ext/options -> ../../../../../lib64/lv2/options.lv2
>>> /usr/include/lv2/lv2plug.in/ns/ext/buf-size -> ../../../../../lib64/lv2/buf-size.lv2
>>> /usr/include/lv2/lv2plug.in/ns/ext/parameters -> ../../../../../lib64/lv2/parameters.lv2
>>> /usr/include/lv2/lv2plug.in/ns/ext/dynmanifest -> ../../../../../lib64/lv2/dynmanifest.lv2
>>> /usr/include/lv2/lv2plug.in/ns/ext/data-access -> ../../../../../lib64/lv2/data-access.lv2
>>> /usr/include/lv2/lv2plug.in/ns/ext/presets -> ../../../../../lib64/lv2/presets.lv2
>>> /usr/include/lv2/lv2plug.in/ns/ext/morph -> ../../../../../lib64/lv2/morph.lv2
>>> /usr/include/lv2/lv2plug.in/ns/ext/resize-port -> ../../../../../lib64/lv2/resize-port.lv2
>>> /usr/include/lv2/lv2plug.in/ns/ext/worker -> ../../../../../lib64/lv2/worker.lv2
>>> /usr/include/lv2/lv2plug.in/ns/ext/port-groups -> ../../../../../lib64/lv2/port-groups.lv2
--- /usr/include/lv2/lv2plug.in/ns/extensions/
>>> /usr/include/lv2/lv2plug.in/ns/extensions/ui -> ../../../../../lib64/lv2/ui.lv2
>>> /usr/include/lv2/lv2plug.in/ns/extensions/units -> ../../../../../lib64/lv2/units.lv2
>>> /usr/include/lv2/lv2plug.in/ns/lv2core -> ../../../../lib64/lv2/core.lv2
>>> /usr/include/lv2/time -> ../../lib64/lv2/time.lv2
>>> /usr/include/lv2/port-props -> ../../lib64/lv2/port-props.lv2
>>> /usr/include/lv2/midi -> ../../lib64/lv2/midi.lv2
>>> /usr/include/lv2/patch -> ../../lib64/lv2/patch.lv2
>>> /usr/include/lv2/log -> ../../lib64/lv2/log.lv2
>>> /usr/include/lv2/options -> ../../lib64/lv2/options.lv2
>>> /usr/include/lv2/buf-size -> ../../lib64/lv2/buf-size.lv2
>>> /usr/include/lv2/parameters -> ../../lib64/lv2/parameters.lv2
>>> /usr/include/lv2/dynmanifest -> ../../lib64/lv2/dynmanifest.lv2
>>> /usr/include/lv2/data-access -> ../../lib64/lv2/data-access.lv2
>>> /usr/include/lv2/presets -> ../../lib64/lv2/presets.lv2
>>> /usr/include/lv2/morph -> ../../lib64/lv2/morph.lv2
>>> /usr/include/lv2/resize-port -> ../../lib64/lv2/resize-port.lv2
>>> /usr/include/lv2/worker -> ../../lib64/lv2/worker.lv2
>>> /usr/include/lv2/port-groups -> ../../lib64/lv2/port-groups.lv2
>>> /usr/include/lv2/units -> ../../lib64/lv2/units.lv2
>>> /usr/include/lv2.h -> lv2/core/lv2.h
--- /usr/bin/
>>> /usr/bin/lv2specgen.py
>>> /usr/bin/lv2_validate
>>> Safely unmerging already-installed instance...
>>> Original instance of package unmerged safely.
>>> media-libs/lv2-1.18.0 merged.
