>>> Extracting info
[32;01m * [39;49;00mPackage:    media-libs/libjpeg-turbo-2.0.4
[32;01m * [39;49;00mRepository: gentoo
[32;01m * [39;49;00mUSE:        elibc_glibc abi_x86_64 kernel_linux userland_GNU amd64
[32;01m * [39;49;00mFEATURES:   ccache network-sandbox preserve-libs sandbox userpriv usersandbox
 [32;01m*[0m FEATURES='assume-digests binpkg-docompress binpkg-dostrip binpkg-logs binpkg-multi-instance buildpkg ccache cgroup compress-index config-protect-if-modified distlocks downgrade-backup fixlafiles ipc-sandbox merge-sync multilib-strict network-sandbox news nodoc parallel-fetch parallel-install pid-sandbox preserve-libs qa-unresolved-soname-deps sandbox sfperms strict strict-keepdir unknown-features-warn unmerge-backup unmerge-logs unmerge-orphans userfetch userpriv usersandbox usersync xattr'
 [32;01m*[0m CFLAGS='-march=native -O3 -fdevirtualize-at-ltrans -fipa-pta -fno-semantic-interposition -fno-signed-zeros -fno-trapping-math -fassociative-math -freciprocal-math -fno-math-errno -ffinite-math-only -fno-rounding-math -fno-signaling-nans -fcx-limited-range -fexcess-precision=fast -fno-plt -fno-common -pipe -g0 -fno-stack-protector -fno-stack-clash-protection -fstack-check=no -fno-stack-check -Wl,-O1 -Wl,--as-needed -Wl,--defsym=__gentoo_check_ldflags__=0 -Wl,--hash-style=gnu -Wl,-z,norelro'
 [32;01m*[0m CXXFLAGS='-march=native -O3 -fdevirtualize-at-ltrans -fipa-pta -fno-semantic-interposition -fno-signed-zeros -fno-trapping-math -fassociative-math -freciprocal-math -fno-math-errno -ffinite-math-only -fno-rounding-math -fno-signaling-nans -fcx-limited-range -fexcess-precision=fast -fno-plt -fno-common -pipe -g0 -fno-stack-protector -fno-stack-clash-protection -fstack-check=no -fno-stack-check -Wl,-O1 -Wl,--as-needed -Wl,--defsym=__gentoo_check_ldflags__=0 -Wl,--hash-style=gnu -Wl,-z,norelro'
 [32;01m*[0m FFLAGS='-march=native -O3 -fdevirtualize-at-ltrans -fipa-pta -fno-semantic-interposition -fno-signed-zeros -fno-trapping-math -fassociative-math -freciprocal-math -fno-math-errno -ffinite-math-only -fno-rounding-math -fno-signaling-nans -fcx-limited-range -fexcess-precision=fast -fno-plt -fno-common -pipe -g0 -fno-stack-protector -fno-stack-clash-protection -fstack-check=no -fno-stack-check -Wl,-O1 -Wl,--as-needed -Wl,--defsym=__gentoo_check_ldflags__=0 -Wl,--hash-style=gnu -Wl,-z,norelro'
 [32;01m*[0m FCFLAGS='-march=native -O3 -fdevirtualize-at-ltrans -fipa-pta -fno-semantic-interposition -fno-signed-zeros -fno-trapping-math -fassociative-math -freciprocal-math -fno-math-errno -ffinite-math-only -fno-rounding-math -fno-signaling-nans -fcx-limited-range -fexcess-precision=fast -fno-plt -fno-common -pipe -g0 -fno-stack-protector -fno-stack-clash-protection -fstack-check=no -fno-stack-check -Wl,-O1 -Wl,--as-needed -Wl,--defsym=__gentoo_check_ldflags__=0 -Wl,--hash-style=gnu -Wl,-z,norelro'
 [32;01m*[0m F77FLAGS='-march=native -O3 -fdevirtualize-at-ltrans -fipa-pta -fno-semantic-interposition -fno-signed-zeros -fno-trapping-math -fassociative-math -freciprocal-math -fno-math-errno -ffinite-math-only -fno-rounding-math -fno-signaling-nans -fcx-limited-range -fexcess-precision=fast -fno-plt -fno-common -pipe -g0 -fno-stack-protector -fno-stack-clash-protection -fstack-check=no -fno-stack-check -Wl,-O1 -Wl,--as-needed -Wl,--defsym=__gentoo_check_ldflags__=0 -Wl,--hash-style=gnu -Wl,-z,norelro'
 [32;01m*[0m LDFLAGS='-Wl,-O1 -Wl,--as-needed -Wl,--defsym=__gentoo_check_ldflags__=0 -Wl,--hash-style=gnu -Wl,-z,norelro'
 [32;01m*[0m MAKEOPTS='-j12'
 [32;01m*[0m gcc (Gentoo 10.1.0 p1) 10.1.0
 [32;01m*[0m g++ (Gentoo 10.1.0 p1) 10.1.0
 [32;01m*[0m GNU ld (Gentoo 9999 p5) 2.34.50.20200520
 [32;01m*[0m Linux ryzen.gnum.org 5.4.36 #1 SMP Thu Apr 30 04:38:28 UTC 2020 x86_64 AMD Ryzen 5 3600 6-Core Processor AuthenticAMD GNU/Linux
[00;01mmedia-libs/[00;00m[36;01mlibjpeg-turbo[00;00m: [32;01m10[00;00m seconds average for [32;01m4[00;00m merges
2020-05-15T13:11:32 >>> [00;01mmedia-libs/[00;00m[36;01mlibjpeg-turbo[00;00m: [32;01m13[00;00m seconds
2020-05-16T16:12:44 >>> [00;01mmedia-libs/[00;00m[36;01mlibjpeg-turbo[00;00m: [32;01m16[00;00m seconds
2020-05-19T23:39:25 >>> [00;01mmedia-libs/[00;00m[36;01mlibjpeg-turbo[00;00m: [32;01m4[00;00m seconds
2020-05-20T01:10:59 >>> [00;01mmedia-libs/[00;00m[36;01mlibjpeg-turbo[00;00m: [32;01m7[00;00m seconds
]0;emerge 12:50:37 1|237 libjpeg-turbo 00:09 (root@ryzen.gnum.org)>>> Extracting media-libs/libjpeg-turbo-2.0.4
 [32;01m*[39;49;00m checking 29 files for package collisions
>>> Merging media-libs/libjpeg-turbo-2.0.4 to /
 [32;01m*[0m removing unneeded *.la files
--- /usr/
--- /usr/lib64/
--- /usr/lib64/pkgconfig/
>>> /usr/lib64/pkgconfig/libjpeg.pc
>>> /usr/lib64/pkgconfig/libturbojpeg.pc
>>> /usr/lib64/libturbojpeg.so -> libturbojpeg.so.0
>>> /usr/lib64/libjpeg.so.62.3.0
>>> /usr/lib64/libjpeg.so -> libjpeg.so.62
>>> /usr/lib64/libturbojpeg.so.0 -> libturbojpeg.so.0.2.0
>>> /usr/lib64/libturbojpeg.so.0.2.0
>>> /usr/lib64/libjpeg.so.62 -> libjpeg.so.62.3.0
--- /usr/share/
--- /usr/share/man/
--- /usr/share/man/man1/
>>> /usr/share/man/man1/wrjpgcom.1.bz2
>>> /usr/share/man/man1/exifautotran.1.bz2
>>> /usr/share/man/man1/jpegexiforient.1.bz2
>>> /usr/share/man/man1/rdjpgcom.1.bz2
>>> /usr/share/man/man1/djpeg.1.bz2
>>> /usr/share/man/man1/cjpeg.1.bz2
>>> /usr/share/man/man1/jpegtran.1.bz2
--- /usr/include/
>>> /usr/include/jconfig.h
>>> /usr/include/turbojpeg.h
>>> /usr/include/jerror.h
--- /usr/include/x86_64-pc-linux-gnu/
>>> /usr/include/x86_64-pc-linux-gnu/jconfig.h
>>> /usr/include/jpeglib.h
>>> /usr/include/jmorecfg.h
--- /usr/bin/
>>> /usr/bin/jpegexiforient
>>> /usr/bin/tjbench
>>> /usr/bin/jpegtran
>>> /usr/bin/djpeg
>>> /usr/bin/wrjpgcom
>>> /usr/bin/cjpeg
>>> /usr/bin/rdjpgcom
>>> /usr/bin/exifautotran
>>> Safely unmerging already-installed instance...
No package files given... Grabbing a set.
--- replaced obj /usr/share/man/man1/wrjpgcom.1.bz2
--- replaced obj /usr/share/man/man1/rdjpgcom.1.bz2
--- replaced obj /usr/share/man/man1/jpegtran.1.bz2
--- replaced obj /usr/share/man/man1/jpegexiforient.1.bz2
--- replaced obj /usr/share/man/man1/exifautotran.1.bz2
--- replaced obj /usr/share/man/man1/djpeg.1.bz2
--- replaced obj /usr/share/man/man1/cjpeg.1.bz2
--- replaced dir /usr/share/man/man1
--- replaced dir /usr/share/man
--- replaced dir /usr/share
--- replaced obj /usr/lib64/pkgconfig/libturbojpeg.pc
--- replaced obj /usr/lib64/pkgconfig/libjpeg.pc
--- replaced dir /usr/lib64/pkgconfig
--- replaced obj /usr/lib64/libturbojpeg.so.0.2.0
--- replaced sym /usr/lib64/libturbojpeg.so.0
--- replaced sym /usr/lib64/libturbojpeg.so
--- replaced obj /usr/lib64/libjpeg.so.62.3.0
--- replaced sym /usr/lib64/libjpeg.so.62
--- replaced sym /usr/lib64/libjpeg.so
--- replaced dir /usr/lib64
--- replaced obj /usr/include/x86_64-pc-linux-gnu/jconfig.h
--- replaced dir /usr/include/x86_64-pc-linux-gnu
--- replaced obj /usr/include/turbojpeg.h
--- replaced obj /usr/include/jpeglib.h
--- replaced obj /usr/include/jmorecfg.h
--- replaced obj /usr/include/jerror.h
--- replaced obj /usr/include/jconfig.h
--- replaced dir /usr/include
--- replaced obj /usr/bin/wrjpgcom
--- replaced obj /usr/bin/tjbench
--- replaced obj /usr/bin/rdjpgcom
--- replaced obj /usr/bin/jpegtran
--- replaced obj /usr/bin/jpegexiforient
--- replaced obj /usr/bin/exifautotran
--- replaced obj /usr/bin/djpeg
--- replaced obj /usr/bin/cjpeg
--- replaced dir /usr/bin
--- replaced dir /usr
>>> Regenerating /etc/ld.so.cache...
>>> Original instance of package unmerged safely.
>>> media-libs/libjpeg-turbo-2.0.4 merged.
>>> Regenerating /etc/ld.so.cache...
