No package files given... Grabbing a set.
--- !found   obj /usr/lib64/pkgconfig/libexif.pc
--- !found   obj /usr/lib64/libexif.so.12.3.3
--- !found   sym /usr/lib64/libexif.so.12
--- !found   sym /usr/lib64/libexif.so
--- !found   obj /usr/include/libexif/exif-utils.h
--- !found   obj /usr/include/libexif/exif-tag.h
--- !found   obj /usr/include/libexif/exif-mnote-data.h
--- !found   obj /usr/include/libexif/exif-mem.h
--- !found   obj /usr/include/libexif/exif-log.h
--- !found   obj /usr/include/libexif/exif-loader.h
--- !found   obj /usr/include/libexif/exif-ifd.h
--- !found   obj /usr/include/libexif/exif-format.h
--- !found   obj /usr/include/libexif/exif-entry.h
--- !found   obj /usr/include/libexif/exif-data.h
--- !found   obj /usr/include/libexif/exif-data-type.h
--- !found   obj /usr/include/libexif/exif-content.h
--- !found   obj /usr/include/libexif/exif-byte-order.h
--- !found   obj /usr/include/libexif/_stdint.h
--- !found   dir /usr/include/libexif
--- !empty   dir /usr/lib64/pkgconfig
--- !empty   dir /usr/lib64
--- !empty   dir /usr/include
--- !empty   dir /usr
>>> Regenerating /etc/ld.so.cache...
