No package files given... Grabbing a set.
--- replaced obj /usr/share/doc/libogg-1.3.4/html/white-xifish.png
--- replaced obj /usr/share/doc/libogg-1.3.4/html/white-ogg.png
--- replaced obj /usr/share/doc/libogg-1.3.4/html/vorbisword2.png
--- replaced obj /usr/share/doc/libogg-1.3.4/html/stream.png
--- replaced obj /usr/share/doc/libogg-1.3.4/html/skeleton.html
--- replaced obj /usr/share/doc/libogg-1.3.4/html/rfc5334.txt
--- replaced obj /usr/share/doc/libogg-1.3.4/html/rfc3533.txt
--- replaced obj /usr/share/doc/libogg-1.3.4/html/pages.png
--- replaced obj /usr/share/doc/libogg-1.3.4/html/packets.png
--- replaced obj /usr/share/doc/libogg-1.3.4/html/oggstream.html
--- replaced obj /usr/share/doc/libogg-1.3.4/html/ogg-multiplex.html
--- replaced obj /usr/share/doc/libogg-1.3.4/html/multiplex1.png
--- replaced obj /usr/share/doc/libogg-1.3.4/html/libogg/style.css
--- replaced obj /usr/share/doc/libogg-1.3.4/html/libogg/reference.html
--- replaced obj /usr/share/doc/libogg-1.3.4/html/libogg/overview.html
--- replaced obj /usr/share/doc/libogg-1.3.4/html/libogg/oggpack_writetrunc.html
--- replaced obj /usr/share/doc/libogg-1.3.4/html/libogg/oggpack_writeinit.html
--- replaced obj /usr/share/doc/libogg-1.3.4/html/libogg/oggpack_writecopy.html
--- replaced obj /usr/share/doc/libogg-1.3.4/html/libogg/oggpack_writeclear.html
--- replaced obj /usr/share/doc/libogg-1.3.4/html/libogg/oggpack_writecheck.html
--- replaced obj /usr/share/doc/libogg-1.3.4/html/libogg/oggpack_writealign.html
--- replaced obj /usr/share/doc/libogg-1.3.4/html/libogg/oggpack_write.html
--- replaced obj /usr/share/doc/libogg-1.3.4/html/libogg/oggpack_reset.html
--- replaced obj /usr/share/doc/libogg-1.3.4/html/libogg/oggpack_readinit.html
--- replaced obj /usr/share/doc/libogg-1.3.4/html/libogg/oggpack_read1.html
--- replaced obj /usr/share/doc/libogg-1.3.4/html/libogg/oggpack_read.html
--- replaced obj /usr/share/doc/libogg-1.3.4/html/libogg/oggpack_look1.html
--- replaced obj /usr/share/doc/libogg-1.3.4/html/libogg/oggpack_look.html
--- replaced obj /usr/share/doc/libogg-1.3.4/html/libogg/oggpack_get_buffer.html
--- replaced obj /usr/share/doc/libogg-1.3.4/html/libogg/oggpack_bytes.html
--- replaced obj /usr/share/doc/libogg-1.3.4/html/libogg/oggpack_buffer.html
--- replaced obj /usr/share/doc/libogg-1.3.4/html/libogg/oggpack_bits.html
--- replaced obj /usr/share/doc/libogg-1.3.4/html/libogg/oggpack_adv1.html
--- replaced obj /usr/share/doc/libogg-1.3.4/html/libogg/oggpack_adv.html
--- replaced obj /usr/share/doc/libogg-1.3.4/html/libogg/ogg_sync_wrote.html
--- replaced obj /usr/share/doc/libogg-1.3.4/html/libogg/ogg_sync_state.html
--- replaced obj /usr/share/doc/libogg-1.3.4/html/libogg/ogg_sync_reset.html
--- replaced obj /usr/share/doc/libogg-1.3.4/html/libogg/ogg_sync_pageseek.html
--- replaced obj /usr/share/doc/libogg-1.3.4/html/libogg/ogg_sync_pageout.html
--- replaced obj /usr/share/doc/libogg-1.3.4/html/libogg/ogg_sync_init.html
--- replaced obj /usr/share/doc/libogg-1.3.4/html/libogg/ogg_sync_destroy.html
--- replaced obj /usr/share/doc/libogg-1.3.4/html/libogg/ogg_sync_clear.html
--- replaced obj /usr/share/doc/libogg-1.3.4/html/libogg/ogg_sync_check.html
--- replaced obj /usr/share/doc/libogg-1.3.4/html/libogg/ogg_sync_buffer.html
--- replaced obj /usr/share/doc/libogg-1.3.4/html/libogg/ogg_stream_state.html
--- replaced obj /usr/share/doc/libogg-1.3.4/html/libogg/ogg_stream_reset_serialno.html
--- replaced obj /usr/share/doc/libogg-1.3.4/html/libogg/ogg_stream_reset.html
--- replaced obj /usr/share/doc/libogg-1.3.4/html/libogg/ogg_stream_pageout_fill.html
--- replaced obj /usr/share/doc/libogg-1.3.4/html/libogg/ogg_stream_pageout.html
--- replaced obj /usr/share/doc/libogg-1.3.4/html/libogg/ogg_stream_pagein.html
--- replaced obj /usr/share/doc/libogg-1.3.4/html/libogg/ogg_stream_packetpeek.html
--- replaced obj /usr/share/doc/libogg-1.3.4/html/libogg/ogg_stream_packetout.html
--- replaced obj /usr/share/doc/libogg-1.3.4/html/libogg/ogg_stream_packetin.html
--- replaced obj /usr/share/doc/libogg-1.3.4/html/libogg/ogg_stream_iovecin.html
--- replaced obj /usr/share/doc/libogg-1.3.4/html/libogg/ogg_stream_init.html
--- replaced obj /usr/share/doc/libogg-1.3.4/html/libogg/ogg_stream_flush_fill.html
--- replaced obj /usr/share/doc/libogg-1.3.4/html/libogg/ogg_stream_flush.html
--- replaced obj /usr/share/doc/libogg-1.3.4/html/libogg/ogg_stream_eos.html
--- replaced obj /usr/share/doc/libogg-1.3.4/html/libogg/ogg_stream_destroy.html
--- replaced obj /usr/share/doc/libogg-1.3.4/html/libogg/ogg_stream_clear.html
--- replaced obj /usr/share/doc/libogg-1.3.4/html/libogg/ogg_stream_check.html
--- replaced obj /usr/share/doc/libogg-1.3.4/html/libogg/ogg_page_version.html
--- replaced obj /usr/share/doc/libogg-1.3.4/html/libogg/ogg_page_serialno.html
--- replaced obj /usr/share/doc/libogg-1.3.4/html/libogg/ogg_page_pageno.html
--- replaced obj /usr/share/doc/libogg-1.3.4/html/libogg/ogg_page_packets.html
--- replaced obj /usr/share/doc/libogg-1.3.4/html/libogg/ogg_page_granulepos.html
--- replaced obj /usr/share/doc/libogg-1.3.4/html/libogg/ogg_page_eos.html
--- replaced obj /usr/share/doc/libogg-1.3.4/html/libogg/ogg_page_continued.html
--- replaced obj /usr/share/doc/libogg-1.3.4/html/libogg/ogg_page_checksum_set.html
--- replaced obj /usr/share/doc/libogg-1.3.4/html/libogg/ogg_page_bos.html
--- replaced obj /usr/share/doc/libogg-1.3.4/html/libogg/ogg_page.html
--- replaced obj /usr/share/doc/libogg-1.3.4/html/libogg/ogg_packet_clear.html
--- replaced obj /usr/share/doc/libogg-1.3.4/html/libogg/ogg_packet.html
--- replaced obj /usr/share/doc/libogg-1.3.4/html/libogg/ogg_iovec_t.html
--- replaced obj /usr/share/doc/libogg-1.3.4/html/libogg/index.html
--- replaced obj /usr/share/doc/libogg-1.3.4/html/libogg/general.html
--- replaced obj /usr/share/doc/libogg-1.3.4/html/libogg/encoding.html
--- replaced obj /usr/share/doc/libogg-1.3.4/html/libogg/decoding.html
--- replaced obj /usr/share/doc/libogg-1.3.4/html/libogg/datastructures.html
--- replaced obj /usr/share/doc/libogg-1.3.4/html/libogg/bitpacking.html
--- replaced dir /usr/share/doc/libogg-1.3.4/html/libogg
--- replaced obj /usr/share/doc/libogg-1.3.4/html/index.html
--- replaced obj /usr/share/doc/libogg-1.3.4/html/framing.html
--- replaced obj /usr/share/doc/libogg-1.3.4/html/fish_xiph_org.png
--- replaced dir /usr/share/doc/libogg-1.3.4/html
--- replaced obj /usr/share/doc/libogg-1.3.4/CHANGES.bz2
--- replaced obj /usr/share/doc/libogg-1.3.4/AUTHORS.bz2
--- replaced dir /usr/share/doc/libogg-1.3.4
--- replaced dir /usr/share/doc
--- replaced obj /usr/share/aclocal/ogg.m4
--- replaced dir /usr/share/aclocal
--- replaced dir /usr/share
--- replaced obj /usr/lib64/pkgconfig/ogg.pc
--- replaced dir /usr/lib64/pkgconfig
--- replaced obj /usr/lib64/libogg.so.0.8.4
--- replaced sym /usr/lib64/libogg.so.0
--- replaced sym /usr/lib64/libogg.so
--- replaced dir /usr/lib64
<<<          obj /usr/lib/debug/usr/lib64/libogg.so.0.8.4.debug
--- replaced obj /usr/include/x86_64-pc-linux-gnu/ogg/config_types.h
--- replaced dir /usr/include/x86_64-pc-linux-gnu/ogg
--- replaced dir /usr/include/x86_64-pc-linux-gnu
--- replaced obj /usr/include/ogg/os_types.h
--- replaced obj /usr/include/ogg/ogg.h
--- replaced obj /usr/include/ogg/config_types.h
--- replaced dir /usr/include/ogg
--- replaced dir /usr/include
--- replaced dir /usr
--- !empty   dir /usr/lib/debug/usr/lib64
--- !empty   dir /usr/lib/debug/usr
--- !empty   dir /usr/lib/debug
--- !empty   dir /usr/lib
>>> Regenerating /etc/ld.so.cache...
