No package files given... Grabbing a set.
<<<          obj /usr/share/doc/libepoxy-1.5.4/README.md.bz2
--- replaced obj /usr/lib64/pkgconfig/epoxy.pc
--- replaced dir /usr/lib64/pkgconfig
--- replaced obj /usr/lib64/libepoxy.so.0.0.0
--- replaced sym /usr/lib64/libepoxy.so.0
--- replaced sym /usr/lib64/libepoxy.so
--- replaced dir /usr/lib64
--- replaced obj /usr/include/epoxy/glx_generated.h
--- replaced obj /usr/include/epoxy/glx.h
--- replaced obj /usr/include/epoxy/gl_generated.h
--- replaced obj /usr/include/epoxy/gl.h
--- replaced obj /usr/include/epoxy/egl_generated.h
--- replaced obj /usr/include/epoxy/egl.h
--- replaced obj /usr/include/epoxy/common.h
--- replaced dir /usr/include/epoxy
--- replaced dir /usr/include
--- replaced dir /usr
<<<          dir /usr/share/doc/libepoxy-1.5.4
--- !empty   dir /usr/share/doc
--- !empty   dir /usr/share
>>> Regenerating /etc/ld.so.cache...
