>>> Extracting info
 * Package:    media-libs/glu-9.0.1
 * Repository: gentoo
 * USE:        abi_x86_64 userland_GNU amd64 kernel_linux elibc_glibc
 * FEATURES:   network-sandbox preserve-libs sandbox userpriv usersandbox
 * /etc/portage/package.cflags/ltoworkarounds.conf -> media-libs/glu: *FLAGS-="${NOCOMMON}"
 * FEATURES='assume-digests binpkg-docompress binpkg-dostrip binpkg-logs binpkg-multi-instance buildpkg cgroup compress-index config-protect-if-modified distlocks downgrade-backup fixlafiles ipc-sandbox merge-sync multilib-strict network-sandbox news nodoc parallel-fetch parallel-install pid-sandbox preserve-libs qa-unresolved-soname-deps sandbox sfperms strict strict-keepdir unknown-features-warn unmerge-backup unmerge-logs unmerge-orphans userfetch userpriv usersandbox usersync xattr'
 * CFLAGS='-march=native -O3 -fgraphite-identity -floop-nest-optimize -fdevirtualize-at-ltrans -fipa-pta -fno-semantic-interposition -flto=12 -fno-plt -fno-math-errno -fno-trapping-math -fuse-linker-plugin -pipe -g0 -falign-functions=32 -Wl,-O1 -Wl,--as-needed -Wl,--hash-style=gnu,-z,norelro,--as-needed'
 * CXXFLAGS='-march=native -O3 -fgraphite-identity -floop-nest-optimize -fdevirtualize-at-ltrans -fipa-pta -fno-semantic-interposition -flto=12 -fno-plt -fno-math-errno -fno-trapping-math -fuse-linker-plugin -pipe -g0 -falign-functions=32 -Wl,-O1 -Wl,--as-needed -Wl,--hash-style=gnu,-z,norelro,--as-needed'
 * FFLAGS='-march=native -O3 -fgraphite-identity -floop-nest-optimize -fdevirtualize-at-ltrans -fipa-pta -fno-semantic-interposition -flto=12 -fno-plt -fno-math-errno -fno-trapping-math -fuse-linker-plugin -pipe -g0 -falign-functions=32 -Wl,-O1 -Wl,--as-needed -Wl,--hash-style=gnu,-z,norelro,--as-needed'
 * FCFLAGS='-march=native -O3 -fgraphite-identity -floop-nest-optimize -fdevirtualize-at-ltrans -fipa-pta -fno-semantic-interposition -flto=12 -fno-plt -fno-math-errno -fno-trapping-math -fuse-linker-plugin -pipe -g0 -falign-functions=32 -Wl,-O1 -Wl,--as-needed -Wl,--hash-style=gnu,-z,norelro,--as-needed'
 * F77FLAGS='-march=native -O3 -fgraphite-identity -floop-nest-optimize -fdevirtualize-at-ltrans -fipa-pta -fno-semantic-interposition -flto=12 -fno-plt -fno-math-errno -fno-trapping-math -fuse-linker-plugin -pipe -g0 -falign-functions=32 -Wl,-O1 -Wl,--as-needed -Wl,--hash-style=gnu,-z,norelro,--as-needed'
 * LDFLAGS='-Wl,-O1 -Wl,--as-needed -Wl,--hash-style=gnu,-z,norelro,--as-needed -march=native -O3 -fgraphite-identity -floop-nest-optimize -fdevirtualize-at-ltrans -fipa-pta -fno-semantic-interposition -flto=12 -fno-plt -fno-math-errno -fno-trapping-math -fuse-linker-plugin -pipe -g0 -falign-functions=32'
 * MAKEOPTS='-j12 -l12'
 * gcc () 11.0.0 20200526 (experimental)
 * g++ () 11.0.0 20200526 (experimental)
 * GNU ld (Gentoo 2.34 p4) 2.34.0
 * Linux ryzen.gnum.org 5.4.36 #1 SMP Thu Apr 30 04:38:28 UTC 2020 x86_64 AMD Ryzen 5 3600 6-Core Processor AuthenticAMD GNU/Linux
media-libs/glu: 11 seconds average for 6 merges
2020-05-16T01:05:18 >>> media-libs/glu: 16 seconds
2020-05-20T01:45:12 >>> media-libs/glu: 8 seconds
2020-05-24T21:38:04 >>> media-libs/glu: 6 seconds
2020-05-25T14:48:58 >>> media-libs/glu: 4 seconds
2020-05-25T22:39:04 >>> media-libs/glu: 27 seconds
2020-05-26T14:37:00 >>> media-libs/glu: 7 seconds
]0;emerge 02:13:28 471|647 glu 00:13 (root@ryzen.gnum.org)kemerge 02:13:28 471|647 glu 00:13 (root@ryzen.gnum.org)\>>> Extracting media-libs/glu-9.0.1
 * checking 6 files for package collisions
>>> Merging media-libs/glu-9.0.1 to /
 * removing unneeded *.la files
--- /usr/
--- /usr/lib64/
--- /usr/lib64/pkgconfig/
>>> /usr/lib64/pkgconfig/glu.pc
>>> /usr/lib64/libGLU.so.1.3.1
>>> /usr/lib64/libGLU.so.1 -> libGLU.so.1.3.1
>>> /usr/lib64/libGLU.so -> libGLU.so.1.3.1
--- /usr/include/
--- /usr/include/GL/
>>> /usr/include/GL/glu_mangle.h
>>> /usr/include/GL/glu.h
>>> Safely unmerging already-installed instance...
>>> Original instance of package unmerged safely.
>>> media-libs/glu-9.0.1 merged.
>>> Regenerating /etc/ld.so.cache...
