No package files given... Grabbing a set.
--- replaced obj /usr/share/fonts/dejavu/fonts.scale
--- replaced obj /usr/share/fonts/dejavu/fonts.dir
--- replaced obj /usr/share/fonts/dejavu/encodings.dir
--- replaced obj /usr/share/fonts/dejavu/DejaVuSerifCondensed.ttf
--- replaced obj /usr/share/fonts/dejavu/DejaVuSerifCondensed-Italic.ttf
--- replaced obj /usr/share/fonts/dejavu/DejaVuSerifCondensed-BoldItalic.ttf
--- replaced obj /usr/share/fonts/dejavu/DejaVuSerifCondensed-Bold.ttf
--- replaced obj /usr/share/fonts/dejavu/DejaVuSerif.ttf
--- replaced obj /usr/share/fonts/dejavu/DejaVuSerif-Italic.ttf
--- replaced obj /usr/share/fonts/dejavu/DejaVuSerif-BoldItalic.ttf
--- replaced obj /usr/share/fonts/dejavu/DejaVuSerif-Bold.ttf
--- replaced obj /usr/share/fonts/dejavu/DejaVuSansMono.ttf
--- replaced obj /usr/share/fonts/dejavu/DejaVuSansMono-Oblique.ttf
--- replaced obj /usr/share/fonts/dejavu/DejaVuSansMono-BoldOblique.ttf
--- replaced obj /usr/share/fonts/dejavu/DejaVuSansMono-Bold.ttf
--- replaced obj /usr/share/fonts/dejavu/DejaVuSansCondensed.ttf
--- replaced obj /usr/share/fonts/dejavu/DejaVuSansCondensed-Oblique.ttf
--- replaced obj /usr/share/fonts/dejavu/DejaVuSansCondensed-BoldOblique.ttf
--- replaced obj /usr/share/fonts/dejavu/DejaVuSansCondensed-Bold.ttf
--- replaced obj /usr/share/fonts/dejavu/DejaVuSans.ttf
--- replaced obj /usr/share/fonts/dejavu/DejaVuSans-Oblique.ttf
--- replaced obj /usr/share/fonts/dejavu/DejaVuSans-ExtraLight.ttf
--- replaced obj /usr/share/fonts/dejavu/DejaVuSans-BoldOblique.ttf
--- replaced obj /usr/share/fonts/dejavu/DejaVuSans-Bold.ttf
--- replaced obj /usr/share/fonts/dejavu/DejaVuMathTeXGyre.ttf
--- replaced dir /usr/share/fonts/dejavu
--- replaced dir /usr/share/fonts
--- replaced dir /usr/share
--- replaced dir /usr
--- replaced obj /etc/fonts/conf.avail/57-dejavu-serif.conf
--- replaced obj /etc/fonts/conf.avail/57-dejavu-sans.conf
--- replaced obj /etc/fonts/conf.avail/57-dejavu-sans-mono.conf
--- replaced obj /etc/fonts/conf.avail/20-unhint-small-dejavu-serif.conf
--- replaced obj /etc/fonts/conf.avail/20-unhint-small-dejavu-sans.conf
--- replaced obj /etc/fonts/conf.avail/20-unhint-small-dejavu-sans-mono.conf
--- replaced dir /etc/fonts/conf.avail
--- replaced dir /etc/fonts
--- replaced dir /etc
 * Cleaning up font directories ...
 [ ok ]
 * Updating global fontcache ...
Fontconfig error: "/etc/fonts/conf.d/10-hinting-slight.conf", line 1: not well-formed (invalid token)
Fontconfig error: "/etc/fonts/conf.d/10-scale-bitmap-fonts.conf", line 1: not well-formed (invalid token)
Fontconfig error: "/etc/fonts/conf.d/10-sub-pixel-vrgb.conf", line 1: not well-formed (invalid token)
Fontconfig error: "/etc/fonts/conf.d/20-unhint-small-vera.conf", line 1: not well-formed (invalid token)
Fontconfig error: "/etc/fonts/conf.d/30-metric-aliases.conf", line 1: not well-formed (invalid token)
Fontconfig error: "/etc/fonts/conf.d/40-nonlatin.conf", line 1: not well-formed (invalid token)
Fontconfig error: "/etc/fonts/conf.d/45-generic.conf", line 1: not well-formed (invalid token)
Fontconfig error: "/etc/fonts/conf.d/45-latin.conf", line 1: not well-formed (invalid token)
Fontconfig error: "/etc/fonts/conf.d/49-sansserif.conf", line 1: not well-formed (invalid token)
Fontconfig error: "/etc/fonts/conf.d/50-user.conf", line 1: not well-formed (invalid token)
Fontconfig error: "/etc/fonts/conf.d/51-local.conf", line 1: not well-formed (invalid token)
Fontconfig error: "/etc/fonts/conf.d/52-infinality.conf", line 1: not well-formed (invalid token)
Fontconfig error: "/etc/fonts/conf.d/60-generic.conf", line 1: not well-formed (invalid token)
Fontconfig error: "/etc/fonts/conf.d/60-latin.conf", line 1: not well-formed (invalid token)
Fontconfig error: "/etc/fonts/conf.d/62-croscore-arimo.conf", line 1: not well-formed (invalid token)
Fontconfig error: "/etc/fonts/conf.d/62-croscore-cousine.conf", line 1: not well-formed (invalid token)
Fontconfig error: "/etc/fonts/conf.d/62-croscore-symbolneu.conf", line 1: not well-formed (invalid token)
Fontconfig error: "/etc/fonts/conf.d/62-croscore-tinos.conf", line 1: not well-formed (invalid token)
Fontconfig error: "/etc/fonts/conf.d/65-fonts-persian.conf", line 1: not well-formed (invalid token)
Fontconfig error: "/etc/fonts/conf.d/65-khmer.conf", line 1: not well-formed (invalid token)
Fontconfig error: "/etc/fonts/conf.d/65-nonlatin.conf", line 1: not well-formed (invalid token)
Fontconfig error: "/etc/fonts/conf.d/69-unifont.conf", line 1: not well-formed (invalid token)
Fontconfig error: "/etc/fonts/conf.d/70-yes-bitmaps.conf", line 1: not well-formed (invalid token)
Fontconfig error: "/etc/fonts/conf.d/80-delicious.conf", line 1: not well-formed (invalid token)
Fontconfig error: "/etc/fonts/conf.d/90-synthetic.conf", line 1: not well-formed (invalid token)
Fontconfig error: "/etc/fonts/conf.avail/10-autohint.conf", line 1: not well-formed (invalid token)
Fontconfig error: "/etc/fonts/conf.avail/10-hinting-full.conf", line 1: not well-formed (invalid token)
Fontconfig error: "/etc/fonts/conf.avail/10-hinting-medium.conf", line 1: not well-formed (invalid token)
Fontconfig error: "/etc/fonts/conf.avail/10-hinting-none.conf", line 1: not well-formed (invalid token)
Fontconfig error: "/etc/fonts/conf.avail/10-no-sub-pixel.conf", line 1: not well-formed (invalid token)
Fontconfig error: "/etc/fonts/conf.avail/10-sub-pixel-bgr.conf", line 1: not well-formed (invalid token)
Fontconfig error: "/etc/fonts/conf.avail/10-sub-pixel-rgb.conf", line 1: not well-formed (invalid token)
Fontconfig error: "/etc/fonts/conf.avail/10-sub-pixel-vbgr.conf", line 1: not well-formed (invalid token)
Fontconfig error: "/etc/fonts/conf.avail/10-unhinted.conf", line 1: not well-formed (invalid token)
Fontconfig error: "/etc/fonts/conf.avail/11-lcdfilter-default.conf", line 1: not well-formed (invalid token)
Fontconfig error: "/etc/fonts/conf.avail/11-lcdfilter-legacy.conf", line 1: not well-formed (invalid token)
Fontconfig error: "/etc/fonts/conf.avail/11-lcdfilter-light.conf", line 1: not well-formed (invalid token)
Fontconfig error: "/etc/fonts/conf.avail/25-unhint-nonlatin.conf", line 1: not well-formed (invalid token)
Fontconfig error: "/etc/fonts/conf.avail/70-no-bitmaps.conf", line 1: not well-formed (invalid token)
 [ ok ]
>>> Regenerating /etc/ld.so.cache...
