 * Package:    media-fonts/font-alias-1.0.3-r1
 * Repository: gentoo
 * Maintainer: x11@gentoo.org
 * USE:        abi_x86_64 amd64 elibc_glibc kernel_linux userland_GNU
 * FEATURES:   network-sandbox preserve-libs sandbox userpriv usersandbox
 * FEATURES='assume-digests binpkg-docompress binpkg-dostrip binpkg-logs binpkg-multi-instance buildpkg cgroup compress-index config-protect-if-modified distlocks downgrade-backup fixlafiles ipc-sandbox merge-sync multilib-strict network-sandbox news nodoc parallel-fetch parallel-install pid-sandbox preserve-libs qa-unresolved-soname-deps sandbox sfperms strict strict-keepdir unknown-features-warn unmerge-backup unmerge-logs unmerge-orphans userfetch userpriv usersandbox usersync xattr'
 * CFLAGS='-march=native -O3 -fgraphite-identity -floop-nest-optimize -fdevirtualize-at-ltrans -fipa-pta -fno-semantic-interposition -flto=12 -fno-plt -fno-math-errno -fno-trapping-math -fuse-linker-plugin -pipe -g0 -falign-functions=32 -Wl,-O1 -Wl,--as-needed'
 * CXXFLAGS='-march=native -O3 -fgraphite-identity -floop-nest-optimize -fdevirtualize-at-ltrans -fipa-pta -fno-semantic-interposition -flto=12 -fno-plt -fno-math-errno -fno-trapping-math -fuse-linker-plugin -pipe -g0 -falign-functions=32 -Wl,-O1 -Wl,--as-needed'
 * FFLAGS='-march=native -O3 -fgraphite-identity -floop-nest-optimize -fdevirtualize-at-ltrans -fipa-pta -fno-semantic-interposition -flto=12 -fno-plt -fno-math-errno -fno-trapping-math -fuse-linker-plugin -pipe -g0 -falign-functions=32 -Wl,-O1 -Wl,--as-needed'
 * FCFLAGS='-march=native -O3 -fgraphite-identity -floop-nest-optimize -fdevirtualize-at-ltrans -fipa-pta -fno-semantic-interposition -flto=12 -fno-plt -fno-math-errno -fno-trapping-math -fuse-linker-plugin -pipe -g0 -falign-functions=32 -Wl,-O1 -Wl,--as-needed'
 * F77FLAGS='-march=native -O3 -fgraphite-identity -floop-nest-optimize -fdevirtualize-at-ltrans -fipa-pta -fno-semantic-interposition -flto=12 -fno-plt -fno-math-errno -fno-trapping-math -fuse-linker-plugin -pipe -g0 -falign-functions=32 -Wl,-O1 -Wl,--as-needed'
 * LDFLAGS='-Wl,-O1 -Wl,--as-needed -march=native -O3 -fgraphite-identity -floop-nest-optimize -fdevirtualize-at-ltrans -fipa-pta -fno-semantic-interposition -flto=12 -fno-plt -fno-math-errno -fno-trapping-math -fuse-linker-plugin -pipe -g0 -falign-functions=32'
 * MAKEOPTS='-j12 -l12'
 * gcc () 11.0.0 20200526 (experimental)
 * g++ () 11.0.0 20200526 (experimental)
 * GNU ld (Gentoo 2.34 p4) 2.34.0
 * Linux ryzen.gnum.org 5.4.36 #1 SMP Thu Apr 30 04:38:28 UTC 2020 x86_64 AMD Ryzen 5 3600 6-Core Processor AuthenticAMD GNU/Linux
]0;emerge 02:58:36 101|564 font-alias (root@ryzen.gnum.org)kemerge 02:58:36 101|564 font-alias (root@ryzen.gnum.org)\>>> Unpacking source...
>>> Unpacking font-alias-1.0.3.tar.bz2 to /tmp/portage/media-fonts/font-alias-1.0.3-r1/work
>>> Source unpacked in /tmp/portage/media-fonts/font-alias-1.0.3-r1/work
>>> Preparing source in /tmp/portage/media-fonts/font-alias-1.0.3-r1/work/font-alias-1.0.3 ...
 * Applying font-alias-1.0.3-cvs-tags.patch ...
 [ ok ]
 * Running elibtoolize in: font-alias-1.0.3/
>>> Source prepared.
>>> Configuring source in /tmp/portage/media-fonts/font-alias-1.0.3-r1/work/font-alias-1.0.3 ...
>>> Working in BUILD_DIR: "/tmp/portage/media-fonts/font-alias-1.0.3-r1/work/font-alias-1.0.3_build"
 * econf: updating font-alias-1.0.3/config.guess with /usr/share/gnuconfig/config.guess
 * econf: updating font-alias-1.0.3/config.sub with /usr/share/gnuconfig/config.sub
/tmp/portage/media-fonts/font-alias-1.0.3-r1/work/font-alias-1.0.3/configure --prefix=/usr --build=x86_64-pc-linux-gnu --host=x86_64-pc-linux-gnu --mandir=/usr/share/man --infodir=/usr/share/info --datadir=/usr/share --sysconfdir=/etc --localstatedir=/var/lib --disable-dependency-tracking --disable-silent-rules --libdir=/usr/lib64 --docdir=/usr/share/doc/font-alias-1.0.3-r1
checking for a BSD-compatible install... /tmp/portage/._portage_reinstall_._zd86_iw/bin/ebuild-helpers/xattr/install -c
checking whether build environment is sane... yes
checking for a thread-safe mkdir -p... /bin/mkdir -p
checking for gawk... gawk
checking whether make sets $(MAKE)... yes
checking whether to enable maintainer-specific portions of Makefiles... no
checking for style of include used by make... GNU
checking for x86_64-pc-linux-gnu-gcc... x86_64-pc-linux-gnu-gcc
checking whether the C compiler works... yes
checking for C compiler default output file name... a.out
checking for suffix of executables... 
checking whether we are cross compiling... no
checking for suffix of object files... o
checking whether we are using the GNU C compiler... yes
checking whether x86_64-pc-linux-gnu-gcc accepts -g... yes
checking for x86_64-pc-linux-gnu-gcc option to accept ISO C89... none needed
checking dependency style of x86_64-pc-linux-gnu-gcc... none
checking for x86_64-pc-linux-gnu-gcc option to accept ISO C99... none needed
checking how to run the C preprocessor... x86_64-pc-linux-gnu-gcc -E
checking for grep that handles long lines and -e... /bin/grep
checking for egrep... /bin/grep -E
checking for ANSI C header files... yes
checking for sys/types.h... yes
checking for sys/stat.h... yes
checking for stdlib.h... yes
checking for string.h... yes
checking for memory.h... yes
checking for strings.h... yes
checking for inttypes.h... yes
checking for stdint.h... yes
checking for unistd.h... yes
checking for x86_64-pc-linux-gnu-pkg-config... /usr/bin/x86_64-pc-linux-gnu-pkg-config
checking pkg-config is at least version 0.9.0... yes
checking build system type... x86_64-pc-linux-gnu
checking host system type... x86_64-pc-linux-gnu
checking for a sed that does not truncate output... /bin/sed
checking for root directory for font files... /usr/share/fonts
configure: creating ./config.status
config.status: creating Makefile
config.status: creating 100dpi/Makefile
config.status: creating 75dpi/Makefile
config.status: creating cyrillic/Makefile
config.status: creating misc/Makefile
config.status: executing depfiles commands
>>> Source configured.
>>> Compiling source in /tmp/portage/media-fonts/font-alias-1.0.3-r1/work/font-alias-1.0.3 ...
>>> Working in BUILD_DIR: "/tmp/portage/media-fonts/font-alias-1.0.3-r1/work/font-alias-1.0.3_build"
make -j12 -l12 
Making all in 100dpi
make[1]: Entering directory '/tmp/portage/media-fonts/font-alias-1.0.3-r1/work/font-alias-1.0.3_build/100dpi'
make[1]: Nothing to be done for 'all'.
make[1]: Leaving directory '/tmp/portage/media-fonts/font-alias-1.0.3-r1/work/font-alias-1.0.3_build/100dpi'
Making all in 75dpi
make[1]: Entering directory '/tmp/portage/media-fonts/font-alias-1.0.3-r1/work/font-alias-1.0.3_build/75dpi'
make[1]: Nothing to be done for 'all'.
make[1]: Leaving directory '/tmp/portage/media-fonts/font-alias-1.0.3-r1/work/font-alias-1.0.3_build/75dpi'
Making all in cyrillic
make[1]: Entering directory '/tmp/portage/media-fonts/font-alias-1.0.3-r1/work/font-alias-1.0.3_build/cyrillic'
make[1]: Nothing to be done for 'all'.
make[1]: Leaving directory '/tmp/portage/media-fonts/font-alias-1.0.3-r1/work/font-alias-1.0.3_build/cyrillic'
Making all in misc
make[1]: Entering directory '/tmp/portage/media-fonts/font-alias-1.0.3-r1/work/font-alias-1.0.3_build/misc'
make[1]: Nothing to be done for 'all'.
make[1]: Leaving directory '/tmp/portage/media-fonts/font-alias-1.0.3-r1/work/font-alias-1.0.3_build/misc'
make[1]: Entering directory '/tmp/portage/media-fonts/font-alias-1.0.3-r1/work/font-alias-1.0.3_build'
make[1]: Nothing to be done for 'all-am'.
make[1]: Leaving directory '/tmp/portage/media-fonts/font-alias-1.0.3-r1/work/font-alias-1.0.3_build'
>>> Source compiled.
>>> Test phase [not enabled]: media-fonts/font-alias-1.0.3-r1

>>> Install media-fonts/font-alias-1.0.3-r1 into /tmp/portage/media-fonts/font-alias-1.0.3-r1/image/
>>> Working in BUILD_DIR: "/tmp/portage/media-fonts/font-alias-1.0.3-r1/work/font-alias-1.0.3_build"
make -j12 -l12 DESTDIR=/tmp/portage/media-fonts/font-alias-1.0.3-r1/image/ docdir=/usr/share/doc/font-alias-1.0.3-r1 install 
Making install in 100dpi
make[1]: Entering directory '/tmp/portage/media-fonts/font-alias-1.0.3-r1/work/font-alias-1.0.3_build/100dpi'
make[2]: Entering directory '/tmp/portage/media-fonts/font-alias-1.0.3-r1/work/font-alias-1.0.3_build/100dpi'
make[2]: Nothing to be done for 'install-exec-am'.
test -z "/usr/share/fonts/100dpi" || /bin/mkdir -p "/tmp/portage/media-fonts/font-alias-1.0.3-r1/image//usr/share/fonts/100dpi"
 /tmp/portage/._portage_reinstall_._zd86_iw/bin/ebuild-helpers/xattr/install -c -m 644 /tmp/portage/media-fonts/font-alias-1.0.3-r1/work/font-alias-1.0.3/100dpi/fonts.alias '/tmp/portage/media-fonts/font-alias-1.0.3-r1/image//usr/share/fonts/100dpi'
make[2]: Leaving directory '/tmp/portage/media-fonts/font-alias-1.0.3-r1/work/font-alias-1.0.3_build/100dpi'
make[1]: Leaving directory '/tmp/portage/media-fonts/font-alias-1.0.3-r1/work/font-alias-1.0.3_build/100dpi'
Making install in 75dpi
make[1]: Entering directory '/tmp/portage/media-fonts/font-alias-1.0.3-r1/work/font-alias-1.0.3_build/75dpi'
make[2]: Entering directory '/tmp/portage/media-fonts/font-alias-1.0.3-r1/work/font-alias-1.0.3_build/75dpi'
make[2]: Nothing to be done for 'install-exec-am'.
test -z "/usr/share/fonts/75dpi" || /bin/mkdir -p "/tmp/portage/media-fonts/font-alias-1.0.3-r1/image//usr/share/fonts/75dpi"
 /tmp/portage/._portage_reinstall_._zd86_iw/bin/ebuild-helpers/xattr/install -c -m 644 /tmp/portage/media-fonts/font-alias-1.0.3-r1/work/font-alias-1.0.3/75dpi/fonts.alias '/tmp/portage/media-fonts/font-alias-1.0.3-r1/image//usr/share/fonts/75dpi'
make[2]: Leaving directory '/tmp/portage/media-fonts/font-alias-1.0.3-r1/work/font-alias-1.0.3_build/75dpi'
make[1]: Leaving directory '/tmp/portage/media-fonts/font-alias-1.0.3-r1/work/font-alias-1.0.3_build/75dpi'
Making install in cyrillic
make[1]: Entering directory '/tmp/portage/media-fonts/font-alias-1.0.3-r1/work/font-alias-1.0.3_build/cyrillic'
make[2]: Entering directory '/tmp/portage/media-fonts/font-alias-1.0.3-r1/work/font-alias-1.0.3_build/cyrillic'
make[2]: Nothing to be done for 'install-exec-am'.
test -z "/usr/share/fonts/cyrillic" || /bin/mkdir -p "/tmp/portage/media-fonts/font-alias-1.0.3-r1/image//usr/share/fonts/cyrillic"
 /tmp/portage/._portage_reinstall_._zd86_iw/bin/ebuild-helpers/xattr/install -c -m 644 /tmp/portage/media-fonts/font-alias-1.0.3-r1/work/font-alias-1.0.3/cyrillic/fonts.alias '/tmp/portage/media-fonts/font-alias-1.0.3-r1/image//usr/share/fonts/cyrillic'
make[2]: Leaving directory '/tmp/portage/media-fonts/font-alias-1.0.3-r1/work/font-alias-1.0.3_build/cyrillic'
make[1]: Leaving directory '/tmp/portage/media-fonts/font-alias-1.0.3-r1/work/font-alias-1.0.3_build/cyrillic'
Making install in misc
make[1]: Entering directory '/tmp/portage/media-fonts/font-alias-1.0.3-r1/work/font-alias-1.0.3_build/misc'
make[2]: Entering directory '/tmp/portage/media-fonts/font-alias-1.0.3-r1/work/font-alias-1.0.3_build/misc'
make[2]: Nothing to be done for 'install-exec-am'.
test -z "/usr/share/fonts/misc" || /bin/mkdir -p "/tmp/portage/media-fonts/font-alias-1.0.3-r1/image//usr/share/fonts/misc"
 /tmp/portage/._portage_reinstall_._zd86_iw/bin/ebuild-helpers/xattr/install -c -m 644 /tmp/portage/media-fonts/font-alias-1.0.3-r1/work/font-alias-1.0.3/misc/fonts.alias '/tmp/portage/media-fonts/font-alias-1.0.3-r1/image//usr/share/fonts/misc'
make[2]: Leaving directory '/tmp/portage/media-fonts/font-alias-1.0.3-r1/work/font-alias-1.0.3_build/misc'
make[1]: Leaving directory '/tmp/portage/media-fonts/font-alias-1.0.3-r1/work/font-alias-1.0.3_build/misc'
make[1]: Entering directory '/tmp/portage/media-fonts/font-alias-1.0.3-r1/work/font-alias-1.0.3_build'
make[2]: Entering directory '/tmp/portage/media-fonts/font-alias-1.0.3-r1/work/font-alias-1.0.3_build'
make[2]: Nothing to be done for 'install-exec-am'.
make[2]: Nothing to be done for 'install-data-am'.
make[2]: Leaving directory '/tmp/portage/media-fonts/font-alias-1.0.3-r1/work/font-alias-1.0.3_build'
make[1]: Leaving directory '/tmp/portage/media-fonts/font-alias-1.0.3-r1/work/font-alias-1.0.3_build'
>>> Completed installing media-fonts/font-alias-1.0.3-r1 into /tmp/portage/media-fonts/font-alias-1.0.3-r1/image/

 * Final size of build directory: 736 KiB
 * Final size of installed tree:   72 KiB

./
./usr/
./usr/share/
./usr/share/fonts/
./usr/share/fonts/100dpi/
./usr/share/fonts/100dpi/fonts.alias
./usr/share/fonts/75dpi/
./usr/share/fonts/75dpi/fonts.alias
./usr/share/fonts/misc/
./usr/share/fonts/misc/fonts.alias
./usr/share/fonts/cyrillic/
./usr/share/fonts/cyrillic/fonts.alias
./usr/share/doc/
./usr/share/doc/font-alias-1.0.3-r1/
./usr/share/doc/font-alias-1.0.3-r1/README.bz2
./usr/share/doc/font-alias-1.0.3-r1/ChangeLog.bz2
>>> Done.
 * checking 4 files for package collisions
>>> Merging media-fonts/font-alias-1.0.3-r1 to /
 * removing unneeded *.la files
--- /usr/
--- /usr/share/
--- /usr/share/fonts/
>>> /usr/share/fonts/cyrillic/
>>> /usr/share/fonts/cyrillic/fonts.alias
>>> /usr/share/fonts/misc/
>>> /usr/share/fonts/misc/fonts.alias
>>> /usr/share/fonts/75dpi/
>>> /usr/share/fonts/75dpi/fonts.alias
>>> /usr/share/fonts/100dpi/
>>> /usr/share/fonts/100dpi/fonts.alias
>>> media-fonts/font-alias-1.0.3-r1 merged.
>>> Regenerating /etc/ld.so.cache...
