>>> Extracting info
 * Package:    media-libs/libwebp-1.1.0
 * Repository: gentoo
 * USE:        elibc_glibc tiff png userland_GNU amd64 gif jpeg cpu_flags_x86_sse4_1 abi_x86_64 cpu_flags_x86_sse2 opengl kernel_linux
 * FEATURES:   ccache network-sandbox preserve-libs sandbox userpriv usersandbox
 * /etc/portage/package.cflags/ltoworkarounds.conf -> media-libs/libwebp: *FLAGS-="${IPAPTA}" # no compilation issues, but -fipa-pta causes webp images to be displayed incorrectly
 * FEATURES='assume-digests binpkg-docompress binpkg-dostrip binpkg-logs binpkg-multi-instance buildpkg ccache cgroup compress-index config-protect-if-modified distlocks downgrade-backup fixlafiles ipc-sandbox merge-sync multilib-strict network-sandbox news nodoc parallel-fetch parallel-install pid-sandbox preserve-libs qa-unresolved-soname-deps sandbox sfperms strict strict-keepdir unknown-features-warn unmerge-backup unmerge-logs unmerge-orphans userfetch userpriv usersandbox usersync xattr'
 * CFLAGS='-march=native -O3 -fgraphite-identity -floop-nest-optimize -fdevirtualize-at-ltrans -fno-semantic-interposition -flto=12 -fno-plt -fno-signed-zeros -fno-trapping-math -fassociative-math -freciprocal-math -fno-math-errno -ffinite-math-only -fno-rounding-math -fno-signaling-nans -fcx-limited-range -fexcess-precision=fast -fno-signed-zeros -fno-trapping-math -fassociative-math -freciprocal-math -fno-math-errno -ffinite-math-only -fno-rounding-math -fno-signaling-nans -fcx-limited-range -fexcess-precision=fast -fuse-linker-plugin -pipe -g0 -Wl,-O1 -Wl,--as-needed -Wl,--hash-style=gnu,-z,norelro,--as-needed'
 * CXXFLAGS='-march=native -O3 -fgraphite-identity -floop-nest-optimize -fdevirtualize-at-ltrans -fno-semantic-interposition -flto=12 -fno-plt -fno-signed-zeros -fno-trapping-math -fassociative-math -freciprocal-math -fno-math-errno -ffinite-math-only -fno-rounding-math -fno-signaling-nans -fcx-limited-range -fexcess-precision=fast -fno-signed-zeros -fno-trapping-math -fassociative-math -freciprocal-math -fno-math-errno -ffinite-math-only -fno-rounding-math -fno-signaling-nans -fcx-limited-range -fexcess-precision=fast -fuse-linker-plugin -pipe -g0 -Wl,-O1 -Wl,--as-needed -Wl,--hash-style=gnu,-z,norelro,--as-needed'
 * FFLAGS='-march=native -O3 -fgraphite-identity -floop-nest-optimize -fdevirtualize-at-ltrans -fno-semantic-interposition -flto=12 -fno-plt -fno-signed-zeros -fno-trapping-math -fassociative-math -freciprocal-math -fno-math-errno -ffinite-math-only -fno-rounding-math -fno-signaling-nans -fcx-limited-range -fexcess-precision=fast -fno-signed-zeros -fno-trapping-math -fassociative-math -freciprocal-math -fno-math-errno -ffinite-math-only -fno-rounding-math -fno-signaling-nans -fcx-limited-range -fexcess-precision=fast -fuse-linker-plugin -pipe -g0 -Wl,-O1 -Wl,--as-needed -Wl,--hash-style=gnu,-z,norelro,--as-needed'
 * FCFLAGS='-march=native -O3 -fgraphite-identity -floop-nest-optimize -fdevirtualize-at-ltrans -fno-semantic-interposition -flto=12 -fno-plt -fno-signed-zeros -fno-trapping-math -fassociative-math -freciprocal-math -fno-math-errno -ffinite-math-only -fno-rounding-math -fno-signaling-nans -fcx-limited-range -fexcess-precision=fast -fno-signed-zeros -fno-trapping-math -fassociative-math -freciprocal-math -fno-math-errno -ffinite-math-only -fno-rounding-math -fno-signaling-nans -fcx-limited-range -fexcess-precision=fast -fuse-linker-plugin -pipe -g0 -Wl,-O1 -Wl,--as-needed -Wl,--hash-style=gnu,-z,norelro,--as-needed'
 * F77FLAGS='-march=native -O3 -fgraphite-identity -floop-nest-optimize -fdevirtualize-at-ltrans -fno-semantic-interposition -flto=12 -fno-plt -fno-signed-zeros -fno-trapping-math -fassociative-math -freciprocal-math -fno-math-errno -ffinite-math-only -fno-rounding-math -fno-signaling-nans -fcx-limited-range -fexcess-precision=fast -fno-signed-zeros -fno-trapping-math -fassociative-math -freciprocal-math -fno-math-errno -ffinite-math-only -fno-rounding-math -fno-signaling-nans -fcx-limited-range -fexcess-precision=fast -fuse-linker-plugin -pipe -g0 -Wl,-O1 -Wl,--as-needed -Wl,--hash-style=gnu,-z,norelro,--as-needed'
 * LDFLAGS='-Wl,-O1 -Wl,--as-needed -Wl,--hash-style=gnu,-z,norelro,--as-needed -march=native -O3 -fgraphite-identity -floop-nest-optimize -fdevirtualize-at-ltrans -fno-semantic-interposition -flto=12 -fno-plt -fno-signed-zeros -fno-trapping-math -fassociative-math -freciprocal-math -fno-math-errno -ffinite-math-only -fno-rounding-math -fno-signaling-nans -fcx-limited-range -fexcess-precision=fast -fuse-linker-plugin -pipe -g0'
 * MAKEOPTS='-j12 -l12'
 * gcc (Gentoo 11.0.0_pre9999 p1, commit 584d52b088f9fcf78704b504c3f1f07e17c1cded) 11.0.0 20200523 (experimental)
 * g++ (Gentoo 11.0.0_pre9999 p1, commit 584d52b088f9fcf78704b504c3f1f07e17c1cded) 11.0.0 20200523 (experimental)
 * GNU ld (Gentoo 2.34 p4) 2.34.0
 * Linux ryzen.gnum.org 5.4.36 #1 SMP Thu Apr 30 04:38:28 UTC 2020 x86_64 AMD Ryzen 5 3600 6-Core Processor AuthenticAMD GNU/Linux
media-libs/libwebp: 40 seconds average for 2 merges
2020-05-20T08:00:11 >>> media-libs/libwebp: 43 seconds
2020-05-23T15:28:48 >>> media-libs/libwebp: 38 seconds
]0;emerge 14:57:48 124|229 libwebp 00:41 (root@ryzen.gnum.org)kemerge 14:57:48 124|229 libwebp 00:41 (root@ryzen.gnum.org)\>>> Extracting media-libs/libwebp-1.1.0
 * checking 36 files for package collisions
 * This package will overwrite one or more files that may belong to other
 * packages (see list below). Add either "collision-protect" or "protect-
 * owned" to FEATURES in make.conf if you would like the merge to abort
 * in cases like this. See the make.conf man page for more information
 * about these features. You can use a command such as `portageq owners /
 * <filename>` to identify the installed package that owns a file. If
 * portageq reports that only one package owns a file then do NOT file a
 * bug report. A bug report is only useful if it identifies at least two
 * or more packages that are known to install the same file(s). If a
 * collision occurs and you can not explain where the file came from then
 * you should simply ignore the collision since there is not enough
 * information to determine if a real problem exists. Please do NOT file
 * a bug report at https://bugs.gentoo.org/ unless you report exactly
 * which two packages install the same file(s). See
 * https://wiki.gentoo.org/wiki/Knowledge_Base:Blockers for tips on how
 * to solve the problem. And once again, please do NOT file a bug report
 * unless you have completely understood the above message.
 * 
 * Detected file collision(s):
 * 
 * 	/usr/lib64/libwebp.so.7.1.0
 * 	/usr/lib64/libwebpmux.so.3.0.5
 * 	/usr/lib64/libwebpmux.so.3
 * 	/usr/lib64/libwebp.so.7
 * Package 'media-libs/libwebp-1.1.0' merged despite file collisions. If
 * necessary, refer to your elog messages for the whole content of the
 * above message.
>>> Merging media-libs/libwebp-1.1.0 to /
 * removing unneeded *.la files
--- /usr/
--- /usr/lib64/
--- /usr/lib64/pkgconfig/
>>> /usr/lib64/pkgconfig/libwebp.pc
>>> /usr/lib64/pkgconfig/libwebpdecoder.pc
>>> /usr/lib64/pkgconfig/libwebpmux.pc
>>> /usr/lib64/pkgconfig/libwebpdemux.pc
>>> /usr/lib64/libwebpdecoder.so.3.1.0
>>> /usr/lib64/libwebpmux.so -> libwebpmux.so.3.0.5
>>> /usr/lib64/libwebpmux.so.3.0.5
>>> /usr/lib64/libwebpdecoder.so.3 -> libwebpdecoder.so.3.1.0
>>> /usr/lib64/libwebp.so.7.1.0
>>> /usr/lib64/libwebpdemux.so.2.0.6
>>> /usr/lib64/libwebp.so -> libwebp.so.7.1.0
>>> /usr/lib64/libwebpdecoder.so -> libwebpdecoder.so.3.1.0
>>> /usr/lib64/libwebp.so.7 -> libwebp.so.7.1.0
>>> /usr/lib64/libwebpmux.so.3 -> libwebpmux.so.3.0.5
--- /usr/share/
--- /usr/share/man/
--- /usr/share/man/man1/
>>> /usr/share/man/man1/dwebp.1.bz2
>>> /usr/share/man/man1/webpmux.1.bz2
>>> /usr/share/man/man1/vwebp.1.bz2
>>> /usr/share/man/man1/webpinfo.1.bz2
>>> /usr/share/man/man1/cwebp.1.bz2
>>> /usr/share/man/man1/gif2webp.1.bz2
>>> /usr/share/man/man1/img2webp.1.bz2
--- /usr/include/
>>> /usr/include/webp/
>>> /usr/include/webp/demux.h
>>> /usr/include/webp/mux_types.h
>>> /usr/include/webp/encode.h
>>> /usr/include/webp/decode.h
>>> /usr/include/webp/mux.h
>>> /usr/include/webp/types.h
--- /usr/bin/
>>> /usr/bin/dwebp
>>> /usr/bin/webpinfo
>>> /usr/bin/vwebp
>>> /usr/bin/webpmux
>>> /usr/bin/img2webp
>>> /usr/bin/gif2webp
>>> /usr/bin/cwebp
>>> /usr/lib64/libwebpdemux.so.2 -> libwebpdemux.so.2.0.6
>>> /usr/lib64/libwebpdemux.so -> libwebpdemux.so.2.0.6
>>> media-libs/libwebp-1.1.0 merged.
>>> Regenerating /etc/ld.so.cache...
