 * Package:    media-fonts/croscorefonts-1.31.0
 * Repository: gentoo
 * Maintainer: fonts@gentoo.org
 * USE:        X abi_x86_64 amd64 elibc_glibc kernel_linux userland_GNU
 * FEATURES:   ccache network-sandbox preserve-libs sandbox userpriv usersandbox
 * /etc/portage/package.cflags/ltoworkarounds.conf -> */*: *FLAGS+=-Wl,-O4 *FLAGS-=-Wl,-O1
 * FEATURES='assume-digests binpkg-docompress binpkg-dostrip binpkg-logs binpkg-multi-instance buildpkg ccache cgroup compress-index config-protect-if-modified distlocks fixlafiles ipc-sandbox merge-sync multilib-strict network-sandbox news nodoc parallel-fetch parallel-install pid-sandbox preserve-libs qa-unresolved-soname-deps sandbox sfperms strict unknown-features-warn unmerge-logs unmerge-orphans userfetch userpriv usersandbox usersync xattr'
 * CFLAGS='-march=znver2 -pipe -g0 -O3 -fgraphite-identity -floop-nest-optimize -fdevirtualize-at-ltrans -fipa-pta -fno-semantic-interposition -flto=12 -fno-plt -fno-signed-zeros -fno-trapping-math -fassociative-math -freciprocal-math -fno-math-errno -ffinite-math-only -fno-rounding-math -fno-signaling-nans -fcx-limited-range -fexcess-precision=fast -falign-functions=32 -fno-stack-protector -fno-stack-clash-protection -fstack-check=no -fno-stack-check -fuse-linker-plugin -Wl,-O4 -Wl,--as-needed -Wl,-lpthread -Wl,-lgomp -Wl,-z,norelro -Wl,-z,now -Wl,--sort-common -s'
 * CXXFLAGS='-march=znver2 -pipe -g0 -O3 -fgraphite-identity -floop-nest-optimize -fdevirtualize-at-ltrans -fipa-pta -fno-semantic-interposition -flto=12 -fno-plt -fno-signed-zeros -fno-trapping-math -fassociative-math -freciprocal-math -fno-math-errno -ffinite-math-only -fno-rounding-math -fno-signaling-nans -fcx-limited-range -fexcess-precision=fast -falign-functions=32 -fno-stack-protector -fno-stack-clash-protection -fstack-check=no -fno-stack-check -fuse-linker-plugin -Wl,-O4 -Wl,--as-needed -Wl,-lpthread -Wl,-lgomp -Wl,-z,norelro -Wl,-z,now -Wl,--sort-common -s'
 * FFLAGS='-march=znver2 -pipe -g0 -O3 -fgraphite-identity -floop-nest-optimize -fdevirtualize-at-ltrans -fipa-pta -fno-semantic-interposition -flto=12 -fno-plt -fno-signed-zeros -fno-trapping-math -fassociative-math -freciprocal-math -fno-math-errno -ffinite-math-only -fno-rounding-math -fno-signaling-nans -fcx-limited-range -fexcess-precision=fast -falign-functions=32 -fno-stack-protector -fno-stack-clash-protection -fstack-check=no -fno-stack-check -fuse-linker-plugin -Wl,-O4 -Wl,--as-needed -Wl,-lpthread -Wl,-lgomp -Wl,-z,norelro -Wl,-z,now -Wl,--sort-common -s'
 * FCFLAGS='-march=znver2 -pipe -g0 -O3 -fgraphite-identity -floop-nest-optimize -fdevirtualize-at-ltrans -fipa-pta -fno-semantic-interposition -flto=12 -fno-plt -fno-signed-zeros -fno-trapping-math -fassociative-math -freciprocal-math -fno-math-errno -ffinite-math-only -fno-rounding-math -fno-signaling-nans -fcx-limited-range -fexcess-precision=fast -falign-functions=32 -fno-stack-protector -fno-stack-clash-protection -fstack-check=no -fno-stack-check -fuse-linker-plugin -Wl,-O4 -Wl,--as-needed -Wl,-lpthread -Wl,-lgomp -Wl,-z,norelro -Wl,-z,now -Wl,--sort-common -s'
 * F77FLAGS='-march=znver2 -pipe -g0 -O3 -fgraphite-identity -floop-nest-optimize -fdevirtualize-at-ltrans -fipa-pta -fno-semantic-interposition -flto=12 -fno-plt -fno-signed-zeros -fno-trapping-math -fassociative-math -freciprocal-math -fno-math-errno -ffinite-math-only -fno-rounding-math -fno-signaling-nans -fcx-limited-range -fexcess-precision=fast -falign-functions=32 -fno-stack-protector -fno-stack-clash-protection -fstack-check=no -fno-stack-check -fuse-linker-plugin -Wl,-O4 -Wl,--as-needed -Wl,-lpthread -Wl,-lgomp -Wl,-z,norelro -Wl,-z,now -Wl,--sort-common -s'
 * LDFLAGS='-march=znver2 -pipe -g0 -O3 -fgraphite-identity -floop-nest-optimize -fdevirtualize-at-ltrans -fipa-pta -fno-semantic-interposition -flto=12 -fno-plt -fno-signed-zeros -fno-trapping-math -fassociative-math -freciprocal-math -fno-math-errno -ffinite-math-only -fno-rounding-math -fno-signaling-nans -fcx-limited-range -fexcess-precision=fast -falign-functions=32 -fno-stack-protector -fno-stack-clash-protection -fstack-check=no -fno-stack-check -fuse-linker-plugin -Wl,-O4 -Wl,--as-needed -Wl,-lpthread -Wl,-lgomp -Wl,-z,norelro -Wl,-z,now -Wl,--sort-common -s'
 * MAKEOPTS='-j12 -l12'
 * gcc () 11.0.0 20200531 (experimental)
 * g++ () 11.0.0 20200531 (experimental)
 * GNU ld (Gentoo 2.34 p4) 2.34.0
 * Linux ryzen.gnum.org 5.4.36 #1 SMP Thu Apr 30 04:38:28 UTC 2020 x86_64 AMD Ryzen 5 3600 6-Core Processor AuthenticAMD GNU/Linux
media-fonts/croscorefonts: 11 seconds average for 10 merges
2020-05-19T23:38:52 >>> media-fonts/croscorefonts: 6 seconds
2020-05-20T01:09:00 >>> media-fonts/croscorefonts: 9 seconds
2020-05-21T06:09:56 >>> media-fonts/croscorefonts: 10 seconds
2020-05-25T03:13:09 >>> media-fonts/croscorefonts: 10 seconds
2020-05-25T23:02:05 >>> media-fonts/croscorefonts: 15 seconds
2020-05-26T14:05:45 >>> media-fonts/croscorefonts: 11 seconds
2020-05-27T01:42:40 >>> media-fonts/croscorefonts: 10 seconds
2020-05-28T14:30:10 >>> media-fonts/croscorefonts: 11 seconds
2020-05-29T01:49:31 >>> media-fonts/croscorefonts: 11 seconds
2020-05-30T23:42:26 >>> media-fonts/croscorefonts: 18 seconds
]0;emerge 07:58:01 843|1172 croscorefonts 00:13 (root@ryzen.gnum.org)kemerge 07:58:01 843|1172 croscorefonts 00:13 (root@ryzen.gnum.org)\>>> Unpacking source...
>>> Unpacking croscorefonts-1.31.0.tar.bz2 to /tmp/portage/media-fonts/croscorefonts-1.31.0/work
>>> Source unpacked in /tmp/portage/media-fonts/croscorefonts-1.31.0/work
>>> Preparing source in /tmp/portage/media-fonts/croscorefonts-1.31.0/work/croscorefonts-1.31.0 ...
>>> Source prepared.
>>> Configuring source in /tmp/portage/media-fonts/croscorefonts-1.31.0/work/croscorefonts-1.31.0 ...
>>> Source configured.
>>> Compiling source in /tmp/portage/media-fonts/croscorefonts-1.31.0/work/croscorefonts-1.31.0 ...
>>> Source compiled.
 * Skipping make test/check due to ebuild restriction.
>>> Test phase [disabled because of RESTRICT=test]: media-fonts/croscorefonts-1.31.0

>>> Install media-fonts/croscorefonts-1.31.0 into /tmp/portage/media-fonts/croscorefonts-1.31.0/image/
 * Creating fonts.scale & fonts.dir in croscorefonts
>>> Completed installing media-fonts/croscorefonts-1.31.0 into /tmp/portage/media-fonts/croscorefonts-1.31.0/image/

 * Final size of build directory: 5916 KiB (5.7 MiB)
 * Final size of installed tree:  6008 KiB (5.8 MiB)

./
./usr/
./usr/share/
./usr/share/fonts/
./usr/share/fonts/croscorefonts/
./usr/share/fonts/croscorefonts/Cousine-Italic.ttf
./usr/share/fonts/croscorefonts/Arimo-BoldItalic.ttf
./usr/share/fonts/croscorefonts/Cousine-Bold.ttf
./usr/share/fonts/croscorefonts/fonts.scale
./usr/share/fonts/croscorefonts/fonts.dir
./usr/share/fonts/croscorefonts/Arimo-Italic.ttf
./usr/share/fonts/croscorefonts/encodings.dir
./usr/share/fonts/croscorefonts/Tinos-BoldItalic.ttf
./usr/share/fonts/croscorefonts/Cousine-BoldItalic.ttf
./usr/share/fonts/croscorefonts/Cousine-Regular.ttf
./usr/share/fonts/croscorefonts/Tinos-Regular.ttf
./usr/share/fonts/croscorefonts/Arimo-Bold.ttf
./usr/share/fonts/croscorefonts/Tinos-Italic.ttf
./usr/share/fonts/croscorefonts/Tinos-Bold.ttf
./usr/share/fonts/croscorefonts/Arimo-Regular.ttf
./etc/
./etc/fonts/
./etc/fonts/conf.avail/
./etc/fonts/conf.avail/62-croscore-tinos.conf
./etc/fonts/conf.avail/62-croscore-symbolneu.conf
./etc/fonts/conf.avail/62-croscore-cousine.conf
./etc/fonts/conf.avail/62-croscore-arimo.conf
>>> Done.
 * checking 19 files for package collisions
>>> Merging media-fonts/croscorefonts-1.31.0 to /
 * removing unneeded *.la files
--- /etc/
--- /etc/fonts/
--- /etc/fonts/conf.avail/
>>> /etc/fonts/conf.avail/62-croscore-arimo.conf
>>> /etc/fonts/conf.avail/62-croscore-cousine.conf
>>> /etc/fonts/conf.avail/62-croscore-symbolneu.conf
>>> /etc/fonts/conf.avail/62-croscore-tinos.conf
--- /usr/
--- /usr/share/
--- /usr/share/fonts/
--- /usr/share/fonts/croscorefonts/
>>> /usr/share/fonts/croscorefonts/Arimo-Regular.ttf
>>> /usr/share/fonts/croscorefonts/Tinos-Bold.ttf
>>> /usr/share/fonts/croscorefonts/Tinos-Italic.ttf
>>> /usr/share/fonts/croscorefonts/Arimo-Bold.ttf
>>> /usr/share/fonts/croscorefonts/Tinos-Regular.ttf
>>> /usr/share/fonts/croscorefonts/Cousine-Regular.ttf
>>> /usr/share/fonts/croscorefonts/Cousine-BoldItalic.ttf
>>> /usr/share/fonts/croscorefonts/Tinos-BoldItalic.ttf
>>> /usr/share/fonts/croscorefonts/encodings.dir
>>> /usr/share/fonts/croscorefonts/Arimo-Italic.ttf
>>> /usr/share/fonts/croscorefonts/fonts.dir
>>> /usr/share/fonts/croscorefonts/fonts.scale
>>> /usr/share/fonts/croscorefonts/Cousine-Bold.ttf
>>> /usr/share/fonts/croscorefonts/Arimo-BoldItalic.ttf
>>> /usr/share/fonts/croscorefonts/Cousine-Italic.ttf
>>> Safely unmerging already-installed instance...
>>> Original instance of package unmerged safely.
 * The following fontconfig configuration files have been installed:
 * 
 *   62-croscore-arimo.conf
 *   62-croscore-cousine.conf
 *   62-croscore-symbolneu.conf
 *   62-croscore-tinos.conf
 * 
 * Use `eselect fontconfig` to enable/disable them.
 * Updating global fontcache ...
 [ ok ]
>>> media-fonts/croscorefonts-1.31.0 merged.
