No package files given... Grabbing a set.
--- replaced obj /usr/share/man/man3/gsm_print.3.bz2
--- replaced obj /usr/share/man/man3/gsm_print.3
--- replaced obj /usr/share/man/man3/gsm_option.3.bz2
--- replaced obj /usr/share/man/man3/gsm_option.3
--- replaced obj /usr/share/man/man3/gsm_explode.3.bz2
--- replaced obj /usr/share/man/man3/gsm_explode.3
--- replaced obj /usr/share/man/man3/gsm.3.bz2
--- replaced obj /usr/share/man/man3/gsm.3
--- replaced dir /usr/share/man/man3
--- replaced obj /usr/share/man/man1/toast.1.bz2
--- replaced obj /usr/share/man/man1/toast.1
--- replaced dir /usr/share/man/man1
--- replaced dir /usr/share/man
--- replaced dir /usr/share
--- replaced obj /usr/lib64/libgsm.so.1.0.13
--- replaced sym /usr/lib64/libgsm.so.1
--- replaced sym /usr/lib64/libgsm.so
--- replaced dir /usr/lib64
--- replaced sym /usr/include/libgsm/gsm.h
--- replaced dir /usr/include/libgsm
--- replaced obj /usr/include/gsm/gsm.h
--- replaced dir /usr/include/gsm
--- replaced dir /usr/include
--- replaced obj /usr/bin/untoast
--- replaced obj /usr/bin/toast
--- replaced obj /usr/bin/tcat
--- replaced dir /usr/bin
--- replaced dir /usr
>>> Regenerating /etc/ld.so.cache...
