>>> Extracting info
 * Package:    media-libs/lcms-2.9
 * Repository: gentoo
 * USE:        abi_x86_64 elibc_glibc threads tiff jpeg kernel_linux userland_GNU amd64
 * FEATURES:   network-sandbox preserve-libs sandbox userpriv usersandbox
 * /etc/portage/package.cflags/ltoworkarounds.conf -> media-libs/lcms: /-O3/-O2 # Test failure
 * FEATURES='merge-sync config-protect-if-modified fixlafiles xattr parallel-fetch userfetch unmerge-backup parallel-install compress-index qa-unresolved-soname-deps binpkg-dostrip binpkg-logs distlocks preserve-libs strict pid-sandbox binpkg-docompress userpriv multilib-strict buildpkg sandbox network-sandbox assume-digests unmerge-orphans unmerge-logs usersandbox binpkg-multi-instance sfperms usersync unknown-features-warn news downgrade-backup nodoc ipc-sandbox'
 * CFLAGS='-march=native -O2 -fgraphite-identity -floop-nest-optimize -fdevirtualize-at-ltrans -fipa-pta -fno-semantic-interposition -flto=12 -fno-plt -fno-math-errno -fno-trapping-math -fuse-linker-plugin -pipe -g0 -falign-functions=32 -Wl,-O1 -Wl,--as-needed -Wl,--hash-style=gnu,-z,norelro,--as-needed'
 * CXXFLAGS='-march=native -O2 -fgraphite-identity -floop-nest-optimize -fdevirtualize-at-ltrans -fipa-pta -fno-semantic-interposition -flto=12 -fno-plt -fno-math-errno -fno-trapping-math -fuse-linker-plugin -pipe -g0 -falign-functions=32 -Wl,-O1 -Wl,--as-needed -Wl,--hash-style=gnu,-z,norelro,--as-needed'
 * FFLAGS='-march=native -O2 -fgraphite-identity -floop-nest-optimize -fdevirtualize-at-ltrans -fipa-pta -fno-semantic-interposition -flto=12 -fno-plt -fno-math-errno -fno-trapping-math -fuse-linker-plugin -pipe -g0 -falign-functions=32 -Wl,-O1 -Wl,--as-needed -Wl,--hash-style=gnu,-z,norelro,--as-needed'
 * FCFLAGS='-march=native -O2 -fgraphite-identity -floop-nest-optimize -fdevirtualize-at-ltrans -fipa-pta -fno-semantic-interposition -flto=12 -fno-plt -fno-math-errno -fno-trapping-math -fuse-linker-plugin -pipe -g0 -falign-functions=32 -Wl,-O1 -Wl,--as-needed -Wl,--hash-style=gnu,-z,norelro,--as-needed'
 * F77FLAGS='-march=native -O2 -fgraphite-identity -floop-nest-optimize -fdevirtualize-at-ltrans -fipa-pta -fno-semantic-interposition -flto=12 -fno-plt -fno-math-errno -fno-trapping-math -fuse-linker-plugin -pipe -g0 -falign-functions=32 -Wl,-O1 -Wl,--as-needed -Wl,--hash-style=gnu,-z,norelro,--as-needed'
 * LDFLAGS='-Wl,-O1 -Wl,--as-needed -Wl,--hash-style=gnu,-z,norelro,--as-needed -march=native -O2 -fgraphite-identity -floop-nest-optimize -fdevirtualize-at-ltrans -fipa-pta -fno-semantic-interposition -flto=12 -fno-plt -fno-math-errno -fno-trapping-math -fuse-linker-plugin -pipe -g0 -falign-functions=32'
 * MAKEOPTS='-j12 -l12'
 * gcc () 11.0.0 20200526 (experimental)
 * g++ () 11.0.0 20200526 (experimental)
 * GNU ld (Gentoo 2.34 p4) 2.34.0
 * Linux ryzen.gnum.org 5.4.36 #1 SMP Thu Apr 30 04:38:28 UTC 2020 x86_64 AMD Ryzen 5 3600 6-Core Processor AuthenticAMD GNU/Linux
media-libs/lcms: 13 seconds average for 8 merges
2020-05-15T13:12:20 >>> media-libs/lcms: 16 seconds
2020-05-20T01:11:15 >>> media-libs/lcms: 4 seconds
2020-05-23T15:30:36 >>> media-libs/lcms: 23 seconds
2020-05-26T04:42:54 >>> media-libs/lcms: 23 seconds
2020-05-26T14:33:43 >>> media-libs/lcms: 6 seconds
2020-05-27T02:09:55 >>> media-libs/lcms: 6 seconds
2020-05-28T03:04:53 >>> media-libs/lcms: 5 seconds
2020-05-28T14:41:06 >>> media-libs/lcms: 26 seconds
]0;emerge 02:33:13 423|557 lcms 00:12 (root@ryzen.gnum.org)>>> Extracting media-libs/lcms-2.9
 * checking 13 files for package collisions
>>> Merging media-libs/lcms-2.9 to /
 * removing unneeded *.la files
--- /usr/
--- /usr/lib64/
--- /usr/lib64/pkgconfig/
>>> /usr/lib64/pkgconfig/lcms2.pc
>>> /usr/lib64/liblcms2.so -> liblcms2.so.2.0.8
>>> /usr/lib64/liblcms2.so.2.0.8
>>> /usr/lib64/liblcms2.so.2 -> liblcms2.so.2.0.8
--- /usr/share/
--- /usr/share/man/
--- /usr/share/man/man1/
>>> /usr/share/man/man1/jpgicc.1.bz2
>>> /usr/share/man/man1/tificc.1.bz2
--- /usr/include/
>>> /usr/include/lcms2.h
>>> /usr/include/lcms2_plugin.h
--- /usr/bin/
>>> /usr/bin/tificc
>>> /usr/bin/linkicc
>>> /usr/bin/transicc
>>> /usr/bin/jpgicc
>>> /usr/bin/psicc
>>> Safely unmerging already-installed instance...
>>> Original instance of package unmerged safely.
>>> media-libs/lcms-2.9 merged.
>>> Regenerating /etc/ld.so.cache...
