No package files given... Grabbing a set.
<<<          obj /usr/share/gir-1.0/CoglPango-2.0.gir
<<<          obj /usr/share/gir-1.0/CoglPango-1.0.gir
<<<          obj /usr/share/gir-1.0/Cogl-2.0.gir
<<<          obj /usr/share/gir-1.0/Cogl-1.0.gir
<<<          obj /usr/lib64/pkgconfig/cogl-path-2.0-experimental.pc
<<<          obj /usr/lib64/pkgconfig/cogl-path-1.0.pc
<<<          obj /usr/lib64/pkgconfig/cogl-pango-2.0-experimental.pc
<<<          obj /usr/lib64/pkgconfig/cogl-pango-1.0.pc
<<<          obj /usr/lib64/pkgconfig/cogl-gles2-2.0-experimental.pc
<<<          obj /usr/lib64/pkgconfig/cogl-gles2-1.0.pc
<<<          obj /usr/lib64/pkgconfig/cogl-gl-1.0.pc
<<<          obj /usr/lib64/pkgconfig/cogl-2.0-experimental.pc
<<<          obj /usr/lib64/pkgconfig/cogl-1.0.pc
<<<          obj /usr/lib64/libcogl.so.20.4.2
<<<          sym /usr/lib64/libcogl.so.20
<<<          sym /usr/lib64/libcogl.so
<<<          obj /usr/lib64/libcogl-path.so.20.4.2
<<<          sym /usr/lib64/libcogl-path.so.20
<<<          sym /usr/lib64/libcogl-path.so
<<<          obj /usr/lib64/libcogl-pango.so.20.4.2
<<<          sym /usr/lib64/libcogl-pango.so.20
<<<          sym /usr/lib64/libcogl-pango.so
<<<          obj /usr/lib64/libcogl-gles2.so.20.4.2
<<<          sym /usr/lib64/libcogl-gles2.so.20
<<<          sym /usr/lib64/libcogl-gles2.so
<<<          obj /usr/lib64/girepository-1.0/CoglPango-2.0.typelib
<<<          obj /usr/lib64/girepository-1.0/CoglPango-1.0.typelib
<<<          obj /usr/lib64/girepository-1.0/Cogl-2.0.typelib
<<<          obj /usr/lib64/girepository-1.0/Cogl-1.0.typelib
<<<          obj /usr/include/cogl/cogl/gl-prototypes/cogl-in-gles2-core-functions.h
<<<          obj /usr/include/cogl/cogl/gl-prototypes/cogl-in-gles-core-functions.h
<<<          obj /usr/include/cogl/cogl/gl-prototypes/cogl-glsl-functions.h
<<<          obj /usr/include/cogl/cogl/gl-prototypes/cogl-gles2-functions.h
<<<          obj /usr/include/cogl/cogl/gl-prototypes/cogl-core-functions.h
<<<          obj /usr/include/cogl/cogl/deprecated/cogl-vertex-buffer.h
<<<          obj /usr/include/cogl/cogl/deprecated/cogl-type-casts.h
<<<          obj /usr/include/cogl/cogl/deprecated/cogl-texture-deprecated.h
<<<          obj /usr/include/cogl/cogl/deprecated/cogl-shader.h
<<<          obj /usr/include/cogl/cogl/deprecated/cogl-material-compat.h
<<<          obj /usr/include/cogl/cogl/deprecated/cogl-framebuffer-deprecated.h
<<<          obj /usr/include/cogl/cogl/deprecated/cogl-fixed.h
<<<          obj /usr/include/cogl/cogl/deprecated/cogl-clutter.h
<<<          obj /usr/include/cogl/cogl/deprecated/cogl-clutter-xlib.h
<<<          obj /usr/include/cogl/cogl/deprecated/cogl-clip-state.h
<<<          obj /usr/include/cogl/cogl/deprecated/cogl-auto-texture.h
<<<          obj /usr/include/cogl/cogl/cogl2-experimental.h
<<<          obj /usr/include/cogl/cogl/cogl1-context.h
<<<          obj /usr/include/cogl/cogl/cogl.h
<<<          obj /usr/include/cogl/cogl/cogl-xlib.h
<<<          obj /usr/include/cogl/cogl/cogl-xlib-renderer.h
<<<          obj /usr/include/cogl/cogl/cogl-wayland-server.h
<<<          obj /usr/include/cogl/cogl/cogl-wayland-renderer.h
<<<          obj /usr/include/cogl/cogl/cogl-wayland-client.h
<<<          obj /usr/include/cogl/cogl/cogl-vertex-buffer.h
<<<          obj /usr/include/cogl/cogl/cogl-version.h
<<<          obj /usr/include/cogl/cogl/cogl-vector.h
<<<          obj /usr/include/cogl/cogl/cogl-types.h
<<<          obj /usr/include/cogl/cogl/cogl-type-casts.h
<<<          obj /usr/include/cogl/cogl/cogl-texture.h
<<<          obj /usr/include/cogl/cogl/cogl-texture-rectangle.h
<<<          obj /usr/include/cogl/cogl/cogl-texture-pixmap-x11.h
<<<          obj /usr/include/cogl/cogl/cogl-texture-deprecated.h
<<<          obj /usr/include/cogl/cogl/cogl-texture-3d.h
<<<          obj /usr/include/cogl/cogl/cogl-texture-2d.h
<<<          obj /usr/include/cogl/cogl/cogl-texture-2d-sliced.h
<<<          obj /usr/include/cogl/cogl/cogl-texture-2d-gl.h
<<<          obj /usr/include/cogl/cogl/cogl-swap-chain.h
<<<          obj /usr/include/cogl/cogl/cogl-sub-texture.h
<<<          obj /usr/include/cogl/cogl/cogl-snippet.h
<<<          obj /usr/include/cogl/cogl/cogl-shader.h
<<<          obj /usr/include/cogl/cogl/cogl-renderer.h
<<<          obj /usr/include/cogl/cogl/cogl-quaternion.h
<<<          obj /usr/include/cogl/cogl/cogl-primitives.h
<<<          obj /usr/include/cogl/cogl/cogl-primitive.h
<<<          obj /usr/include/cogl/cogl/cogl-primitive-texture.h
<<<          obj /usr/include/cogl/cogl/cogl-poll.h
<<<          obj /usr/include/cogl/cogl/cogl-pixel-buffer.h
<<<          obj /usr/include/cogl/cogl/cogl-pipeline.h
<<<          obj /usr/include/cogl/cogl/cogl-pipeline-state.h
<<<          obj /usr/include/cogl/cogl/cogl-pipeline-layer-state.h
<<<          obj /usr/include/cogl/cogl/cogl-pango.h
<<<          obj /usr/include/cogl/cogl/cogl-output.h
<<<          obj /usr/include/cogl/cogl/cogl-onscreen.h
<<<          obj /usr/include/cogl/cogl/cogl-onscreen-template.h
<<<          obj /usr/include/cogl/cogl/cogl-offscreen.h
<<<          obj /usr/include/cogl/cogl/cogl-object.h
<<<          obj /usr/include/cogl/cogl/cogl-meta-texture.h
<<<          obj /usr/include/cogl/cogl/cogl-matrix.h
<<<          obj /usr/include/cogl/cogl/cogl-matrix-stack.h
<<<          obj /usr/include/cogl/cogl/cogl-material-compat.h
<<<          obj /usr/include/cogl/cogl/cogl-macros.h
<<<          obj /usr/include/cogl/cogl/cogl-kms-renderer.h
<<<          obj /usr/include/cogl/cogl/cogl-kms-display.h
<<<          obj /usr/include/cogl/cogl/cogl-indices.h
<<<          obj /usr/include/cogl/cogl/cogl-index-buffer.h
<<<          obj /usr/include/cogl/cogl/cogl-glx.h
<<<          obj /usr/include/cogl/cogl/cogl-glib-source.h
<<<          obj /usr/include/cogl/cogl/cogl-gles2.h
<<<          obj /usr/include/cogl/cogl/cogl-gles2-types.h
<<<          obj /usr/include/cogl/cogl/cogl-framebuffer.h
<<<          obj /usr/include/cogl/cogl/cogl-framebuffer-deprecated.h
<<<          obj /usr/include/cogl/cogl/cogl-frame-info.h
<<<          obj /usr/include/cogl/cogl/cogl-fixed.h
<<<          obj /usr/include/cogl/cogl/cogl-fence.h
<<<          obj /usr/include/cogl/cogl/cogl-euler.h
<<<          obj /usr/include/cogl/cogl/cogl-error.h
<<<          obj /usr/include/cogl/cogl/cogl-enum-types.h
<<<          obj /usr/include/cogl/cogl/cogl-egl.h
<<<          obj /usr/include/cogl/cogl/cogl-egl-defines.h
<<<          obj /usr/include/cogl/cogl/cogl-display.h
<<<          obj /usr/include/cogl/cogl/cogl-depth-state.h
<<<          obj /usr/include/cogl/cogl/cogl-deprecated.h
<<<          obj /usr/include/cogl/cogl/cogl-defines.h
<<<          obj /usr/include/cogl/cogl/cogl-context.h
<<<          obj /usr/include/cogl/cogl/cogl-color.h
<<<          obj /usr/include/cogl/cogl/cogl-clutter.h
<<<          obj /usr/include/cogl/cogl/cogl-clutter-xlib.h
<<<          obj /usr/include/cogl/cogl/cogl-clip-state.h
<<<          obj /usr/include/cogl/cogl/cogl-buffer.h
<<<          obj /usr/include/cogl/cogl/cogl-bitmap.h
<<<          obj /usr/include/cogl/cogl/cogl-auto-texture.h
<<<          obj /usr/include/cogl/cogl/cogl-attribute.h
<<<          obj /usr/include/cogl/cogl/cogl-attribute-buffer.h
<<<          obj /usr/include/cogl/cogl/cogl-atlas-texture.h
<<<          obj /usr/include/cogl/cogl-path/cogl2-path-functions.h
<<<          obj /usr/include/cogl/cogl-path/cogl1-path-functions.h
<<<          obj /usr/include/cogl/cogl-path/cogl-path.h
<<<          obj /usr/include/cogl/cogl-path/cogl-path-types.h
<<<          obj /usr/include/cogl/cogl-path/cogl-path-enum-types.h
<<<          obj /usr/include/cogl/cogl-pango/cogl-pango.h
<<<          obj /usr/include/cogl/cogl-gles2/GLES2/gl2platform.h
<<<          obj /usr/include/cogl/cogl-gles2/GLES2/gl2ext.h
<<<          obj /usr/include/cogl/cogl-gles2/GLES2/gl2.h
--- !empty   dir /usr/share/gir-1.0
--- !empty   dir /usr/share
--- !empty   dir /usr/lib64/pkgconfig
--- !empty   dir /usr/lib64/girepository-1.0
--- !empty   dir /usr/lib64
<<<          dir /usr/include/cogl/cogl/gl-prototypes
<<<          dir /usr/include/cogl/cogl/deprecated
<<<          dir /usr/include/cogl/cogl-path
<<<          dir /usr/include/cogl/cogl-pango
<<<          dir /usr/include/cogl/cogl-gles2/GLES2
<<<          dir /usr/include/cogl/cogl-gles2
<<<          dir /usr/include/cogl/cogl
<<<          dir /usr/include/cogl
--- !empty   dir /usr/include
--- !empty   dir /usr
>>> Regenerating /etc/ld.so.cache...
