No package files given... Grabbing a set.
<<<          obj /usr/share/pkgconfig/gnome-video-effects.pc
<<<          obj /usr/share/gnome-video-effects/xray.effect
<<<          obj /usr/share/gnome-video-effects/warptv.effect
<<<          obj /usr/share/gnome-video-effects/vertigotv.effect
<<<          obj /usr/share/gnome-video-effects/twirl.effect
<<<          obj /usr/share/gnome-video-effects/timedelay.effect
<<<          obj /usr/share/gnome-video-effects/stretch.effect
<<<          obj /usr/share/gnome-video-effects/streaktv.effect
<<<          obj /usr/share/gnome-video-effects/square.effect
<<<          obj /usr/share/gnome-video-effects/sobel.effect
<<<          obj /usr/share/gnome-video-effects/shagadelictv.effect
<<<          obj /usr/share/gnome-video-effects/sepia.effect
<<<          obj /usr/share/gnome-video-effects/saturation.effect
<<<          obj /usr/share/gnome-video-effects/ripple.effect
<<<          obj /usr/share/gnome-video-effects/revtv.effect
<<<          obj /usr/share/gnome-video-effects/radioactv.effect
<<<          obj /usr/share/gnome-video-effects/quarktv.effect
<<<          obj /usr/share/gnome-video-effects/pinch.effect
<<<          obj /usr/share/gnome-video-effects/optv.effect
<<<          obj /usr/share/gnome-video-effects/noir.effect
<<<          obj /usr/share/gnome-video-effects/mirror.effect
<<<          obj /usr/share/gnome-video-effects/mauve.effect
<<<          obj /usr/share/gnome-video-effects/kaleidoscope.effect
<<<          obj /usr/share/gnome-video-effects/inversion.effect
<<<          obj /usr/share/gnome-video-effects/hulk.effect
<<<          obj /usr/share/gnome-video-effects/historical.effect
<<<          obj /usr/share/gnome-video-effects/heat.effect
<<<          obj /usr/share/gnome-video-effects/flip.effect
<<<          obj /usr/share/gnome-video-effects/edgetv.effect
<<<          obj /usr/share/gnome-video-effects/distortion.effect
<<<          obj /usr/share/gnome-video-effects/dicetv.effect
<<<          obj /usr/share/gnome-video-effects/chrome.effect
<<<          obj /usr/share/gnome-video-effects/cheguevara.effect
<<<          obj /usr/share/gnome-video-effects/cartoon.effect
<<<          obj /usr/share/gnome-video-effects/bulge.effect
--- !empty   dir /usr/share/pkgconfig
<<<          dir /usr/share/gnome-video-effects
--- !empty   dir /usr/share
--- !empty   dir /usr
