>>> Extracting info
 * Package:    media-libs/audiofile-0.3.6-r3
 * Repository: gentoo
 * USE:        amd64 flac userland_GNU abi_x86_64 elibc_glibc kernel_linux
 * FEATURES:   ccache preserve-libs userpriv
 * FEATURES='userpriv ccache distlocks strict fixlafiles nodoc buildpkg config-protect-if-modified xattr strict-keepdir preserve-libs cgroup compress-index qa-unresolved-soname-deps merge-sync binpkg-dostrip multilib-strict news unmerge-orphans assume-digests parallel-fetch sfperms binpkg-logs unmerge-logs ebuild-locks userfetch unknown-features-warn usersync binpkg-docompress'
 * CFLAGS='-march=znver2 -O2 -pipe -g0 -fno-semantic-interposition -fno-plt -falign-functions=32 -fno-stack-protector -fno-stack-clash-protection -fstack-check=no -fno-stack-check -Wl,-O4 -Wl,-O4,--sort-common,--as-needed,-z,norelro,-z,now,-lgomp,-lpthread'
 * CXXFLAGS='-march=znver2 -O2 -pipe -g0 -fno-semantic-interposition -fno-plt -falign-functions=32 -fno-stack-protector -fno-stack-clash-protection -fstack-check=no -fno-stack-check -Wl,-O4 -Wl,-O4,--sort-common,--as-needed,-z,norelro,-z,now,-lgomp,-lpthread'
 * FFLAGS='-march=znver2 -O2 -pipe -g0 -fno-semantic-interposition -fno-plt -falign-functions=32 -fno-stack-protector -fno-stack-clash-protection -fstack-check=no -fno-stack-check -Wl,-O4 -Wl,-O4,--sort-common,--as-needed,-z,norelro,-z,now,-lgomp,-lpthread'
 * FCFLAGS='-march=znver2 -O2 -pipe -g0 -fno-semantic-interposition -fno-plt -falign-functions=32 -fno-stack-protector -fno-stack-clash-protection -fstack-check=no -fno-stack-check -Wl,-O4 -Wl,-O4,--sort-common,--as-needed,-z,norelro,-z,now,-lgomp,-lpthread'
 * F77FLAGS='-march=znver2 -O2 -pipe -g0 -fno-semantic-interposition -fno-plt -falign-functions=32 -fno-stack-protector -fno-stack-clash-protection -fstack-check=no -fno-stack-check -Wl,-O4 -Wl,-O4,--sort-common,--as-needed,-z,norelro,-z,now,-lgomp,-lpthread'
 * LDFLAGS='-march=znver2 -O2 -pipe -g0 -fno-semantic-interposition -fno-plt -falign-functions=32 -fno-stack-protector -fno-stack-clash-protection -fstack-check=no -fno-stack-check -Wl,-O4,--sort-common,--as-needed,-z,norelro,-z,now,-lgomp,-lpthread'
 * MAKEOPTS='-j12 -l12'
 * gcc (Gentoo 11.0.0_pre9999 p1, commit 184c21bf1cd04a108ed9bd04635e7d57ac39f616) 11.0.0 20200611 (experimental)
 * g++ (Gentoo 11.0.0_pre9999 p1, commit 184c21bf1cd04a108ed9bd04635e7d57ac39f616) 11.0.0 20200611 (experimental)
 * GNU ld (Gentoo 2.34 p4) 2.34.0
 * Linux rescue 5.4.36 #1 SMP Thu Apr 30 04:38:28 UTC 2020 x86_64 AMD Ryzen 5 3600 6-Core Processor AuthenticAMD GNU/Linux
media-libs/audiofile: 15 seconds average for 15 merges
2020-05-15T12:47:48 >>> media-libs/audiofile: 21 seconds
2020-05-20T01:12:49 >>> media-libs/audiofile: 8 seconds
2020-05-21T06:10:44 >>> media-libs/audiofile: 6 seconds
2020-05-26T00:24:50 >>> media-libs/audiofile: 27 seconds
2020-05-26T14:06:28 >>> media-libs/audiofile: 6 seconds
2020-05-27T01:46:28 >>> media-libs/audiofile: 6 seconds
2020-05-28T02:52:05 >>> media-libs/audiofile: 5 seconds
2020-05-28T14:34:09 >>> media-libs/audiofile: 7 seconds
2020-05-29T01:54:45 >>> media-libs/audiofile: 6 seconds
2020-05-29T12:39:18 >>> media-libs/audiofile: 28 seconds
2020-05-30T14:42:38 >>> media-libs/audiofile: 29 seconds
2020-06-01T00:14:15 >>> media-libs/audiofile: 28 seconds
2020-06-01T04:20:44 >>> media-libs/audiofile: 27 seconds
2020-06-06T11:08:53 >>> media-libs/audiofile: 30 seconds
2020-06-12T01:43:32 >>> media-libs/audiofile: 5 seconds
]0;emerge 20:18:35 303|882 audiofile 00:21 (root@rescue)>>> Extracting media-libs/audiofile-0.3.6-r3
 * checking 42 files for package collisions
>>> Merging media-libs/audiofile-0.3.6-r3 to /
 * removing unneeded *.la files
--- /usr/
--- /usr/lib64/
--- /usr/lib64/pkgconfig/
>>> /usr/lib64/pkgconfig/audiofile.pc
>>> /usr/lib64/libaudiofile.so.1 -> libaudiofile.so.1.0.0
>>> /usr/lib64/libaudiofile.so -> libaudiofile.so.1.0.0
>>> /usr/lib64/libaudiofile.so.1.0.0
--- /usr/share/
--- /usr/share/man/
--- /usr/share/man/man3/
>>> /usr/share/man/man3/afGetDataOffset.3
>>> /usr/share/man/man3/afSetVirtualSampleFormat.3
>>> /usr/share/man/man3/afSetVirtualChannels.3
>>> /usr/share/man/man3/afSeekMisc.3
>>> /usr/share/man/man3/afInitAESChannelData.3
>>> /usr/share/man/man3/afInitAESChannelDataTo.3.bz2
>>> /usr/share/man/man3/afInitFileFormat.3.bz2
>>> /usr/share/man/man3/afGetTrackBytes.3
>>> /usr/share/man/man3/afGetFrameCount.3.bz2
>>> /usr/share/man/man3/afOpenFile.3.bz2
>>> /usr/share/man/man3/afSeekFrame.3.bz2
>>> /usr/share/man/man3/afNewFileSetup.3.bz2
>>> /usr/share/man/man3/afQuery.3.bz2
>>> /usr/share/man/man3/afTellFrame.3
>>> /usr/share/man/man3/afInitByteOrder.3
>>> /usr/share/man/man3/afInitCompression.3.bz2
>>> /usr/share/man/man3/afQueryDouble.3
>>> /usr/share/man/man3/afInitChannels.3
>>> /usr/share/man/man3/afQueryLong.3
>>> /usr/share/man/man3/afReadMisc.3.bz2
>>> /usr/share/man/man3/afWriteMisc.3
>>> /usr/share/man/man3/afReadFrames.3.bz2
>>> /usr/share/man/man3/afInitRate.3
>>> /usr/share/man/man3/afSetVirtualPCMMapping.3
>>> /usr/share/man/man3/afQueryPointer.3
>>> /usr/share/man/man3/afSetVirtualByteOrder.3.bz2
>>> /usr/share/man/man3/afCloseFile.3.bz2
>>> /usr/share/man/man3/afInitSampleFormat.3.bz2
>>> /usr/share/man/man3/afSetErrorHandler.3.bz2
>>> /usr/share/man/man3/afGetFrameSize.3.bz2
>>> /usr/share/man/man3/afWriteFrames.3.bz2
--- /usr/share/man/man1/
>>> /usr/share/man/man1/sfconvert.1.bz2
>>> /usr/share/man/man1/sfinfo.1.bz2
--- /usr/include/
>>> /usr/include/aupvlist.h
>>> /usr/include/af_vfs.h
>>> /usr/include/audiofile.h
--- /usr/bin/
>>> /usr/bin/sfinfo
>>> /usr/bin/sfconvert
>>> Safely unmerging already-installed instance...
>>> Original instance of package unmerged safely.
>>> media-libs/audiofile-0.3.6-r3 merged.
>>> Regenerating /etc/ld.so.cache...
