>>> Extracting info
 * Package:    media-video/mkvtoolnix-46.0.0
 * Repository: gentoo
 * USE:        abi_x86_64 userland_GNU kernel_linux amd64 elibc_glibc pch
 * FEATURES:   ccache preserve-libs userpriv
 * FEATURES='binpkg-docompress unknown-features-warn usersync ccache nodoc parallel-fetch merge-sync sfperms config-protect-if-modified fixlafiles compress-index preserve-libs unmerge-logs news userfetch assume-digests multilib-strict qa-unresolved-soname-deps unmerge-orphans binpkg-dostrip strict-keepdir xattr strict cgroup ebuild-locks userpriv binpkg-logs distlocks buildpkg'
 * CFLAGS='-O2 -pipe -Wl,-O1,--sort-common,--as-needed,-z,norelro,-z,now'
 * CXXFLAGS='-O2 -pipe -Wl,-O1,--sort-common,--as-needed,-z,norelro,-z,now'
 * CPPFLAGS='-I/usr/include/utf8cpp'
 * FFLAGS='-O2 -pipe -Wl,-O1,--sort-common,--as-needed,-z,norelro,-z,now'
 * FCFLAGS='-O2 -pipe -Wl,-O1,--sort-common,--as-needed,-z,norelro,-z,now'
 * F77FLAGS='-O2 -pipe -Wl,-O1,--sort-common,--as-needed,-z,norelro,-z,now'
 * LDFLAGS='-Wl,-O1,--sort-common,--as-needed,-z,norelro,-z,now'
 * MAKEOPTS='-j12 -l12'
 * gcc (Gentoo 11.0.0_pre9999 p1, commit 184c21bf1cd04a108ed9bd04635e7d57ac39f616) 11.0.0 20200611 (experimental)
 * g++ (Gentoo 11.0.0_pre9999 p1, commit 184c21bf1cd04a108ed9bd04635e7d57ac39f616) 11.0.0 20200611 (experimental)
 * GNU ld (Gentoo 2.34 p4) 2.34.0
 * Linux rescue 5.4.36 #1 SMP Thu Apr 30 04:38:28 UTC 2020 x86_64 AMD Ryzen 5 3600 6-Core Processor AuthenticAMD GNU/Linux
media-video/mkvtoolnix: 5 minutes, 30 seconds average for 10 merges
2020-05-20T08:58:04 >>> media-video/mkvtoolnix: 11 minutes, 27 seconds
2020-05-20T13:21:51 >>> media-video/mkvtoolnix: 8 seconds
2020-05-21T15:16:31 >>> media-video/mkvtoolnix: 4 minutes, 58 seconds
2020-05-28T08:41:20 >>> media-video/mkvtoolnix: 7 minutes, 15 seconds
2020-05-29T06:18:46 >>> media-video/mkvtoolnix: 29 seconds
2020-05-30T05:29:59 >>> media-video/mkvtoolnix: 11 minutes, 51 seconds
2020-05-30T22:00:24 >>> media-video/mkvtoolnix: 4 minutes, 18 seconds
2020-06-01T00:14:45 >>> media-video/mkvtoolnix: 4 minutes, 9 seconds
2020-06-01T10:30:14 >>> media-video/mkvtoolnix: 4 minutes, 14 seconds
2020-06-12T13:18:35 >>> media-video/mkvtoolnix: 6 minutes, 14 seconds
]0;emerge 21:10:55 29|49 mkvtoolnix 04:52 (root@rescue)>>> Extracting media-video/mkvtoolnix-46.0.0
 * checking 8 files for package collisions
>>> Merging media-video/mkvtoolnix-46.0.0 to /
 * removing unneeded *.la files
--- /usr/
--- /usr/share/
--- /usr/share/man/
--- /usr/share/man/man1/
>>> /usr/share/man/man1/mkvmerge.1.bz2
>>> /usr/share/man/man1/mkvextract.1.bz2
>>> /usr/share/man/man1/mkvinfo.1.bz2
>>> /usr/share/man/man1/mkvpropedit.1.bz2
--- /usr/bin/
>>> /usr/bin/mkvextract
>>> /usr/bin/mkvinfo
>>> /usr/bin/mkvmerge
>>> /usr/bin/mkvpropedit
>>> Safely unmerging already-installed instance...
>>> Original instance of package unmerged safely.
>>> media-video/mkvtoolnix-46.0.0 merged.
