 * Package:    media-libs/lilv-0.24.6
 * Repository: gentoo
 * Maintainer: proaudio@gentoo.org
 * USE:        abi_x86_64 amd64 dyn-manifest elibc_glibc kernel_linux test userland_GNU
 * FEATURES:   ccache network-sandbox preserve-libs sandbox userpriv usersandbox
 * /etc/portage/package.cflags/ltoworkarounds.conf -> */*: *FLAGS+=-Wl,-O4 *FLAGS-=-Wl,-O1
 * FEATURES='assume-digests binpkg-docompress binpkg-dostrip binpkg-logs binpkg-multi-instance buildpkg ccache cgroup compress-index config-protect-if-modified distlocks fixlafiles ipc-sandbox merge-sync multilib-strict network-sandbox news nodoc parallel-fetch parallel-install pid-sandbox preserve-libs qa-unresolved-soname-deps sandbox sfperms strict strict-keepdir unknown-features-warn unmerge-logs unmerge-orphans userfetch userpriv usersandbox usersync xattr'
 * CFLAGS='-march=znver2 -pipe -g0 -O3 -fgraphite-identity -floop-nest-optimize -fdevirtualize-at-ltrans -fipa-pta -fno-semantic-interposition -flto=12 -fno-plt -fno-signed-zeros -fno-trapping-math -fassociative-math -freciprocal-math -fno-math-errno -ffinite-math-only -fno-rounding-math -fno-signaling-nans -fcx-limited-range -fexcess-precision=fast -falign-functions=32 -fno-stack-protector -fno-stack-clash-protection -fstack-check=no -fno-stack-check -fuse-linker-plugin -Wl,-O4 -Wl,--as-needed -Wl,-lpthread -Wl,-lgomp -Wl,-z,norelro -Wl,-z,now -Wl,--sort-common -s'
 * CXXFLAGS='-march=znver2 -pipe -g0 -O3 -fgraphite-identity -floop-nest-optimize -fdevirtualize-at-ltrans -fipa-pta -fno-semantic-interposition -flto=12 -fno-plt -fno-signed-zeros -fno-trapping-math -fassociative-math -freciprocal-math -fno-math-errno -ffinite-math-only -fno-rounding-math -fno-signaling-nans -fcx-limited-range -fexcess-precision=fast -falign-functions=32 -fno-stack-protector -fno-stack-clash-protection -fstack-check=no -fno-stack-check -fuse-linker-plugin -Wl,-O4 -Wl,--as-needed -Wl,-lpthread -Wl,-lgomp -Wl,-z,norelro -Wl,-z,now -Wl,--sort-common -s'
 * FFLAGS='-march=znver2 -pipe -g0 -O3 -fgraphite-identity -floop-nest-optimize -fdevirtualize-at-ltrans -fipa-pta -fno-semantic-interposition -flto=12 -fno-plt -fno-signed-zeros -fno-trapping-math -fassociative-math -freciprocal-math -fno-math-errno -ffinite-math-only -fno-rounding-math -fno-signaling-nans -fcx-limited-range -fexcess-precision=fast -falign-functions=32 -fno-stack-protector -fno-stack-clash-protection -fstack-check=no -fno-stack-check -fuse-linker-plugin -Wl,-O4 -Wl,--as-needed -Wl,-lpthread -Wl,-lgomp -Wl,-z,norelro -Wl,-z,now -Wl,--sort-common -s'
 * FCFLAGS='-march=znver2 -pipe -g0 -O3 -fgraphite-identity -floop-nest-optimize -fdevirtualize-at-ltrans -fipa-pta -fno-semantic-interposition -flto=12 -fno-plt -fno-signed-zeros -fno-trapping-math -fassociative-math -freciprocal-math -fno-math-errno -ffinite-math-only -fno-rounding-math -fno-signaling-nans -fcx-limited-range -fexcess-precision=fast -falign-functions=32 -fno-stack-protector -fno-stack-clash-protection -fstack-check=no -fno-stack-check -fuse-linker-plugin -Wl,-O4 -Wl,--as-needed -Wl,-lpthread -Wl,-lgomp -Wl,-z,norelro -Wl,-z,now -Wl,--sort-common -s'
 * F77FLAGS='-march=znver2 -pipe -g0 -O3 -fgraphite-identity -floop-nest-optimize -fdevirtualize-at-ltrans -fipa-pta -fno-semantic-interposition -flto=12 -fno-plt -fno-signed-zeros -fno-trapping-math -fassociative-math -freciprocal-math -fno-math-errno -ffinite-math-only -fno-rounding-math -fno-signaling-nans -fcx-limited-range -fexcess-precision=fast -falign-functions=32 -fno-stack-protector -fno-stack-clash-protection -fstack-check=no -fno-stack-check -fuse-linker-plugin -Wl,-O4 -Wl,--as-needed -Wl,-lpthread -Wl,-lgomp -Wl,-z,norelro -Wl,-z,now -Wl,--sort-common -s'
 * LDFLAGS='-march=znver2 -pipe -g0 -O3 -fgraphite-identity -floop-nest-optimize -fdevirtualize-at-ltrans -fipa-pta -fno-semantic-interposition -flto=12 -fno-plt -fno-signed-zeros -fno-trapping-math -fassociative-math -freciprocal-math -fno-math-errno -ffinite-math-only -fno-rounding-math -fno-signaling-nans -fcx-limited-range -fexcess-precision=fast -falign-functions=32 -fno-stack-protector -fno-stack-clash-protection -fstack-check=no -fno-stack-check -fuse-linker-plugin -Wl,-O4 -Wl,--as-needed -Wl,-lpthread -Wl,-lgomp -Wl,-z,norelro -Wl,-z,now -Wl,--sort-common -s'
 * MAKEOPTS='-j12 -l12'
 * gcc () 11.0.0 20200605 (experimental)
 * g++ () 11.0.0 20200605 (experimental)
 * GNU ld (Gentoo 2.34 p4) 2.34.0
 * Linux ryzen.gnum.org 5.4.36 #1 SMP Thu Apr 30 04:38:28 UTC 2020 x86_64 AMD Ryzen 5 3600 6-Core Processor AuthenticAMD GNU/Linux
media-libs/lilv: 5 seconds average for 1 merge
2020-05-20T08:28:41 >>> media-libs/lilv: 5 seconds
]0;emerge 01:14:43 110|231 lilv 00:05 (root@ryzen.gnum.org)kemerge 01:14:43 110|231 lilv 00:05 (root@ryzen.gnum.org)\ * Using python3.8 to build
>>> Unpacking source...
>>> Unpacking lilv-0.24.6.tar.bz2 to /tmp/portage/media-libs/lilv-0.24.6/work
>>> Source unpacked in /tmp/portage/media-libs/lilv-0.24.6/work
>>> Preparing source in /tmp/portage/media-libs/lilv-0.24.6/work/lilv-0.24.6 ...
 * Applying includedir.patch ...
 [ ok ]
 * Will copy sources from /tmp/portage/media-libs/lilv-0.24.6/work/lilv-0.24.6
 * abi_x86_64.amd64: copying to /tmp/portage/media-libs/lilv-0.24.6/work/lilv-0.24.6-abi_x86_64.amd64
>>> Source prepared.
>>> Configuring source in /tmp/portage/media-libs/lilv-0.24.6/work/lilv-0.24.6 ...
 * abi_x86_64.amd64: running multilib-minimal_abi_src_configure
'CCFLAGS=-march=znver2 -pipe -g0 -O3 -fgraphite-identity -floop-nest-optimize -fdevirtualize-at-ltrans -fipa-pta -fno-semantic-interposition -flto=12 -fno-plt -fno-signed-zeros -fno-trapping-math -fassociative-math -freciprocal-math -fno-math-errno -ffinite-math-only -fno-rounding-math -fno-signaling-nans -fcx-limited-range -fexcess-precision=fast -falign-functions=32 -fno-stack-protector -fno-stack-clash-protection -fstack-check=no -fno-stack-check -fuse-linker-plugin -Wl,-O4 -Wl,--as-needed -Wl,-lpthread -Wl,-lgomp -Wl,-z,norelro -Wl,-z,now -Wl,--sort-common -s' 'LINKFLAGS=-march=znver2 -pipe -g0 -O3 -fgraphite-identity -floop-nest-optimize -fdevirtualize-at-ltrans -fipa-pta -fno-semantic-interposition -flto=12 -fno-plt -fno-signed-zeros -fno-trapping-math -fassociative-math -freciprocal-math -fno-math-errno -ffinite-math-only -fno-rounding-math -fno-signaling-nans -fcx-limited-range -fexcess-precision=fast -falign-functions=32 -fno-stack-protector -fno-stack-clash-protection -fstack-check=no -fno-stack-check -fuse-linker-plugin -Wl,-O4 -Wl,--as-needed -Wl,-lpthread -Wl,-lgomp -Wl,-z,norelro -Wl,-z,now -Wl,--sort-common -s -march=znver2 -pipe -g0 -O3 -fgraphite-identity -floop-nest-optimize -fdevirtualize-at-ltrans -fipa-pta -fno-semantic-interposition -flto=12 -fno-plt -fno-signed-zeros -fno-trapping-math -fassociative-math -freciprocal-math -fno-math-errno -ffinite-math-only -fno-rounding-math -fno-signaling-nans -fcx-limited-range -fexcess-precision=fast -falign-functions=32 -fno-stack-protector -fno-stack-clash-protection -fstack-check=no -fno-stack-check -fuse-linker-plugin -Wl,-O4 -Wl,--as-needed -Wl,-lpthread -Wl,-lgomp -Wl,-z,norelro -Wl,-z,now -Wl,--sort-common -s' 'PKGCONFIG=x86_64-pc-linux-gnu-pkg-config' '/tmp/portage/media-libs/lilv-0.24.6/work/lilv-0.24.6/waf' '--prefix=/usr' '--docdir=/usr/share/doc/lilv-0.24.6' '--libdir=/usr/lib64' '--docdir=/usr/share/doc/lilv-0.24.6' '--no-bash-completion' '--test' '--dyn-manifest' 'configure'
Setting top to                                : /tmp/portage/media-libs/lilv-0.24.6/work/lilv-0.24.6-abi_x86_64.amd64 
Setting out to                                : /tmp/portage/media-libs/lilv-0.24.6/work/lilv-0.24.6-abi_x86_64.amd64/build 
Checking for 'gcc' (C compiler)               : x86_64-pc-linux-gnu-gcc 
Checking for 'g++' (C++ compiler)             : x86_64-pc-linux-gnu-g++ 
Checking for program 'python'                 : /usr/bin/python3.8 
Checking for python version >= 2.6.0          : 3.8.3 
Checking for library gcov                     : yes 
Checking for flag '-std=c99'                  : yes 
Checking for program 'pkg-config'             : x86_64-pc-linux-gnu-pkg-config 
Checking for 'lv2 >= 1.16.0'                  : yes 
Checking for 'serd-0 >= 0.30.0'               : yes 
Checking for 'sord-0 >= 0.14.0'               : yes 
Checking for 'sratom-0 >= 0.4.0'              : yes 
Checking for 'sndfile >= 1.0.0'               : yes 
Checking for lstat                            : yes 
Checking for flock                            : yes 
Checking for fileno                           : yes 
Checking for clock_gettime                    : yes 
Checking for library dl                       : yes 
Install prefix                                : /usr 
C Flags                                       : -I/tmp/portage/media-libs/lilv-0.24.6/work/lilv-0.24.6-abi_x86_64.amd64 -march=znver2 -pipe -g0 -O3 -fgraphite-identity -floop-nest-optimize -fdevirtualize-at-ltrans -fipa-pta -fno-semantic-interposition -flto=12 -fno-plt -fno-signed-zeros -fno-trapping-math -fassociative-math -freciprocal-math -fno-math-errno -ffinite-math-only -fno-rounding-math -fno-signaling-nans -fcx-limited-range -fexcess-precision=fast -falign-functions=32 -fno-stack-protector -fno-stack-clash-protection -fstack-check=no -fno-stack-check -fuse-linker-plugin -Wl,-O4 -Wl,--as-needed -Wl,-lpthread -Wl,-lgomp -Wl,-z,norelro -Wl,-z,now -Wl,--sort-common -s -DNDEBUG -fshow-column -std=c99 
C++ Flags                                     : -I/tmp/portage/media-libs/lilv-0.24.6/work/lilv-0.24.6-abi_x86_64.amd64 -march=znver2 -pipe -g0 -O3 -fgraphite-identity -floop-nest-optimize -fdevirtualize-at-ltrans -fipa-pta -fno-semantic-interposition -flto=12 -fno-plt -fno-signed-zeros -fno-trapping-math -fassociative-math -freciprocal-math -fno-math-errno -ffinite-math-only -fno-rounding-math -fno-signaling-nans -fcx-limited-range -fexcess-precision=fast -falign-functions=32 -fno-stack-protector -fno-stack-clash-protection -fstack-check=no -fno-stack-check -fuse-linker-plugin -Wl,-O4 -Wl,--as-needed -Wl,-lpthread -Wl,-lgomp -Wl,-z,norelro -Wl,-z,now -Wl,--sort-common -s -DNDEBUG -fshow-column 
Debuggable                                    : no 
Build documentation                           : no 
Default LV2_PATH                              : ~/.lv2:/usr/lib64/lv2:/usr/local/lib64/lv2 
Utilities                                     : yes 
Unit tests                                    : yes 
Dynamic manifest support                      : yes 
Python bindings                               : yes 
'configure' finished successfully (1.376s)
>>> Source configured.
>>> Compiling source in /tmp/portage/media-libs/lilv-0.24.6/work/lilv-0.24.6 ...
 * abi_x86_64.amd64: running multilib-minimal_abi_src_compile
Waf: Entering directory `/tmp/portage/media-libs/lilv-0.24.6/work/lilv-0.24.6-abi_x86_64.amd64/build'
[  1/120] Compiling src/zix/tree.c
[  2/120] Compiling src/world.c
[  3/120] Compiling src/util.c
[  4/120] Compiling src/ui.c
[  5/120] Compiling src/state.c
[  6/120] Compiling src/scalepoint.c
[  7/120] Compiling src/query.c
[  8/120] Compiling src/port.c
[  9/120] Compiling src/pluginclass.c
[ 10/120] Compiling src/plugin.c
[ 11/120] Compiling src/node.c
[ 12/120] Compiling src/lib.c
[ 13/120] Compiling src/instance.c
[ 14/120] Compiling src/collections.c
[ 15/120] Compiling src/pluginclass.c
[ 16/120] Compiling src/plugin.c
[ 17/120] Compiling src/port.c
[ 18/120] Compiling src/collections.c
[ 19/120] Compiling src/util.c
[ 20/120] Compiling src/lib.c
[ 21/120] Compiling src/query.c
[ 22/120] Compiling src/zix/tree.c
[ 23/120] Compiling src/world.c
[ 24/120] Compiling src/scalepoint.c
[ 25/120] Compiling src/node.c
[ 26/120] Compiling src/instance.c
[ 27/120] Compiling src/state.c
[ 28/120] Compiling src/ui.c
[ 29/120] Linking build/liblilv_profiled.a
[ 30/120] Compiling test/test.lv2/test.c
[ 31/120] Compiling test/bad_syntax.lv2/bad_syntax.c
[ 32/120] Compiling test/failed_instantiation.lv2/failed_instantiation.c
[ 33/120] Compiling test/failed_lib_descriptor.lv2/failed_lib_descriptor.c
[ 34/120] Compiling test/lib_descriptor.lv2/lib_descriptor.c
[ 35/120] Compiling test/missing_descriptor.lv2/missing_descriptor.c
[ 36/120] Compiling test/missing_name.lv2/missing_name.c
[ 37/120] Compiling test/missing_plugin.lv2/missing_plugin.c
[ 38/120] Compiling test/missing_port.lv2/missing_port.c
[ 39/120] Compiling test/missing_port_name.lv2/missing_port_name.c
[ 40/120] Compiling test/new_version.lv2/new_version.c
[ 41/120] Linking build/test/bad_syntax.lv2/bad_syntax.so
[ 42/120] Linking build/test/failed_lib_descriptor.lv2/failed_lib_descriptor.so
[ 43/120] Compiling test/old_version.lv2/old_version.c
[ 44/120] Linking build/test/test.lv2/test.so
[ 45/120] Compiling test/bad_syntax.lv2/test_bad_syntax.c
[ 46/120] Linking build/test/failed_instantiation.lv2/failed_instantiation.so
[ 47/120] Linking build/test/lib_descriptor.lv2/lib_descriptor.so
[ 48/120] Linking build/test/missing_descriptor.lv2/missing_descriptor.so
[ 49/120] Linking build/test/missing_name.lv2/missing_name.so
[ 50/120] Linking build/test/missing_plugin.lv2/missing_plugin.so
[ 51/120] Linking build/liblilv-0.so
[ 52/120] Linking build/test/missing_port.lv2/missing_port.so
[ 53/120] Linking build/test/missing_port_name.lv2/missing_port_name.so
[ 54/120] Linking build/test/new_version.lv2/new_version.so
[ 55/120] Linking build/test/old_version.lv2/old_version.so
[ 56/120] Linking build/test/test_bad_syntax
[ 57/120] Compiling test/failed_instantiation.lv2/test_failed_instantiation.c
[ 58/120] Compiling test/failed_lib_descriptor.lv2/test_failed_lib_descriptor.c
[ 59/120] Compiling test/lib_descriptor.lv2/test_lib_descriptor.c
[ 60/120] Compiling test/missing_descriptor.lv2/test_missing_descriptor.c
[ 61/120] Compiling test/missing_name.lv2/test_missing_name.c
[ 62/120] Compiling test/missing_plugin.lv2/test_missing_plugin.c
[ 63/120] Compiling test/missing_port.lv2/test_missing_port.c
[ 64/120] Compiling test/missing_port_name.lv2/test_missing_port_name.c
[ 65/120] Compiling test/lilv_test.c
[ 66/120] Linking build/test/test_failed_instantiation
[ 67/120] Linking build/test/test_failed_lib_descriptor
[ 68/120] Compiling test/lilv_cxx_test.cpp
[ 69/120] Linking build/test/test_lib_descriptor
[ 70/120] Linking build/test/test_missing_descriptor
[ 71/120] Linking build/test/test_missing_name
[ 72/120] Compiling bindings/test/bindings_test_plugin.c
[ 73/120] Linking build/test/test_missing_plugin
[ 74/120] Linking build/test/test_missing_port
[ 75/120] Linking build/test/lilv_cxx_test
[ 76/120] Linking build/test/test_missing_port_name
[ 77/120] Linking build/bindings/bindings_test_plugin.lv2/bindings_test_plugin.so
[ 78/120] Linking build/test/lilv_test
[ 79/120] Compiling utils/lilv-bench.c
[ 80/120] Compiling utils/lv2info.c
[ 81/120] Compiling utils/lv2ls.c
[ 82/120] Compiling utils/lv2apply.c
[ 83/120] Compiling utils/lv2bench.c
[ 84/120] Compiling lilv.pc.in
[ 85/120] Compiling bindings/python/lilv.py
[ 86/120] Compiling test/core.lv2/manifest.ttl
[ 87/120] Compiling test/core.lv2/lv2core.ttl
[ 88/120] Compiling test/test.lv2/manifest.ttl.in
[ 89/120] Compiling test/test.lv2/test.ttl.in
[ 90/120] Compiling test/bad_syntax.lv2/manifest.ttl.in
[ 91/120] Compiling test/bad_syntax.lv2/bad_syntax.ttl.in
[ 92/120] Compiling test/failed_instantiation.lv2/manifest.ttl.in
[ 93/120] Compiling test/failed_instantiation.lv2/failed_instantiation.ttl.in
[ 94/120] Compiling test/failed_lib_descriptor.lv2/manifest.ttl.in
[ 95/120] Compiling test/failed_lib_descriptor.lv2/failed_lib_descriptor.ttl.in
[ 96/120] Compiling test/lib_descriptor.lv2/manifest.ttl.in
[ 97/120] Compiling test/lib_descriptor.lv2/lib_descriptor.ttl.in
[ 98/120] Compiling test/missing_descriptor.lv2/manifest.ttl.in
[ 99/120] Compiling test/missing_descriptor.lv2/missing_descriptor.ttl.in
[100/120] Compiling test/missing_name.lv2/manifest.ttl.in
[101/120] Compiling test/missing_name.lv2/missing_name.ttl.in
[102/120] Compiling test/missing_plugin.lv2/manifest.ttl.in
[103/120] Compiling test/missing_plugin.lv2/missing_plugin.ttl.in
[104/120] Compiling test/missing_port.lv2/manifest.ttl.in
[105/120] Compiling test/missing_port.lv2/missing_port.ttl.in
[106/120] Compiling test/missing_port_name.lv2/manifest.ttl.in
[107/120] Compiling test/missing_port_name.lv2/missing_port_name.ttl.in
[108/120] Compiling test/new_version.lv2/manifest.ttl.in
[109/120] Compiling test/new_version.lv2/new_version.ttl.in
[110/120] Compiling test/old_version.lv2/manifest.ttl.in
[111/120] Linking build/utils/lilv-bench
[112/120] Linking build/utils/lv2info
[113/120] Linking build/utils/lv2ls
[114/120] Compiling test/old_version.lv2/old_version.ttl.in
[115/120] Compiling bindings/test/python/test_api.py
[116/120] Compiling bindings/test/manifest.ttl.in
[117/120] Compiling bindings/test/bindings_test_plugin.ttl.in
[118/120] Linking build/utils/lv2bench
[119/120] Linking build/utils/lv2apply
[120/120] Symlinking build/liblilv-0.so
Waf: Leaving directory `/tmp/portage/media-libs/lilv-0.24.6/work/lilv-0.24.6-abi_x86_64.amd64/build'
Build commands will be stored in build/compile_commands.json
'build' finished successfully (2.222s)
>>> Source compiled.
>>> Test phase [not enabled]: media-libs/lilv-0.24.6

>>> Install media-libs/lilv-0.24.6 into /tmp/portage/media-libs/lilv-0.24.6/image/
 * abi_x86_64.amd64: running multilib-minimal_abi_src_install
"/tmp/portage/media-libs/lilv-0.24.6/work/lilv-0.24.6/waf" --destdir="/tmp/portage/media-libs/lilv-0.24.6/image/"  install
Waf: Entering directory `/tmp/portage/media-libs/lilv-0.24.6/work/lilv-0.24.6-abi_x86_64.amd64/build'
+ install /tmp/portage/media-libs/lilv-0.24.6/image/usr/lib64/pkgconfig/lilv-0.pc (from build/lilv-0.pc)
+ symlink /tmp/portage/media-libs/lilv-0.24.6/image/usr/lib64/liblilv-0.so.0 (to liblilv-0.so.0.24.6)
+ install /tmp/portage/media-libs/lilv-0.24.6/image/usr/lib64/liblilv-0.so.0.24.6 (from build/liblilv-0.so)
+ install /tmp/portage/media-libs/lilv-0.24.6/image/usr/include/lilv/lilv.h (from lilv/lilv.h)
+ install /tmp/portage/media-libs/lilv-0.24.6/image/usr/include/lilv/lilvmm.hpp (from lilv/lilvmm.hpp)
+ symlink /tmp/portage/media-libs/lilv-0.24.6/image/usr/lib64/liblilv-0.so (to liblilv-0.so.0.24.6)
+ install /tmp/portage/media-libs/lilv-0.24.6/image/usr/lib/python3.8/site-packages/lilv.py (from build/lilv.py)
+ install /tmp/portage/media-libs/lilv-0.24.6/image/usr/bin/lv2info (from build/utils/lv2info)
+ install /tmp/portage/media-libs/lilv-0.24.6/image/usr/bin/lilv-bench (from build/utils/lilv-bench)
+ install /tmp/portage/media-libs/lilv-0.24.6/image/usr/bin/lv2ls (from build/utils/lv2ls)
+ install /tmp/portage/media-libs/lilv-0.24.6/image/usr/bin/lv2apply (from build/utils/lv2apply)
+ install /tmp/portage/media-libs/lilv-0.24.6/image/usr/bin/lv2bench (from build/utils/lv2bench)
+ install /tmp/portage/media-libs/lilv-0.24.6/image/usr/share/man/man1/lv2apply.1 (from doc/lv2apply.1)
+ install /tmp/portage/media-libs/lilv-0.24.6/image/usr/share/man/man1/lv2info.1 (from doc/lv2info.1)
+ install /tmp/portage/media-libs/lilv-0.24.6/image/usr/share/man/man1/lv2ls.1 (from doc/lv2ls.1)
Waf: Leaving directory `/tmp/portage/media-libs/lilv-0.24.6/work/lilv-0.24.6-abi_x86_64.amd64/build'
Build commands will be stored in build/compile_commands.json
'install' finished successfully (0.065s)
>>> Completed installing media-libs/lilv-0.24.6 into /tmp/portage/media-libs/lilv-0.24.6/image/

 * Final size of build directory: 12428 KiB (12.1 MiB)
 * Final size of installed tree:    620 KiB

 * Verifying compiled files in /usr/lib/python3.8/site-packages


 * QA Notice: Pre-stripped files found:
 * /usr/bin/lv2apply
 * /usr/bin/lv2info
 * /usr/bin/lv2ls
 * /usr/bin/lilv-bench
 * /usr/bin/lv2bench
 * /usr/lib64/liblilv-0.so.0.24.6
./
./usr/
./usr/lib/
./usr/lib/python3.8/
./usr/lib/python3.8/site-packages/
./usr/lib/python3.8/site-packages/lilv.py
./usr/lib/python3.8/site-packages/__pycache__/
./usr/lib/python3.8/site-packages/__pycache__/lilv.cpython-38.opt-2.pyc
./usr/lib/python3.8/site-packages/__pycache__/lilv.cpython-38.pyc
./usr/lib/python3.8/site-packages/__pycache__/lilv.cpython-38.opt-1.pyc
./usr/bin/
./usr/bin/lv2apply
./usr/bin/lv2info
./usr/bin/lv2ls
./usr/bin/lilv-bench
./usr/bin/lv2bench
./usr/include/
./usr/include/lilv/
./usr/include/lilv/lilvmm.hpp
./usr/include/lilv/lilv.h
./usr/share/
./usr/share/bash-completion/
./usr/share/bash-completion/completions/
./usr/share/bash-completion/completions/lv2info
./usr/share/man/
./usr/share/man/man1/
./usr/share/man/man1/lv2info.1.bz2
./usr/share/man/man1/lv2apply.1.bz2
./usr/share/man/man1/lv2ls.1.bz2
./usr/share/doc/
./usr/share/doc/lilv-0.24.6/
./usr/share/doc/lilv-0.24.6/README.md.bz2
./usr/share/doc/lilv-0.24.6/AUTHORS.bz2
./usr/share/doc/lilv-0.24.6/NEWS.bz2
./usr/lib64/
./usr/lib64/liblilv-0.so
./usr/lib64/liblilv-0.so.0.24.6
./usr/lib64/pkgconfig/
./usr/lib64/pkgconfig/lilv-0.pc
./usr/lib64/liblilv-0.so.0
./etc/
./etc/env.d/
./etc/env.d/60lv2
>>> Done.
 * checking 20 files for package collisions
>>> Merging media-libs/lilv-0.24.6 to /
 * removing unneeded *.la files
--- /etc/
--- /etc/env.d/
>>> /etc/env.d/60lv2
--- /usr/
--- /usr/lib64/
--- /usr/lib64/pkgconfig/
>>> /usr/lib64/pkgconfig/lilv-0.pc
>>> /usr/lib64/liblilv-0.so.0.24.6
>>> /usr/lib64/liblilv-0.so -> liblilv-0.so.0.24.6
--- /usr/share/
--- /usr/share/man/
--- /usr/share/man/man1/
>>> /usr/share/man/man1/lv2ls.1.bz2
>>> /usr/share/man/man1/lv2apply.1.bz2
>>> /usr/share/man/man1/lv2info.1.bz2
--- /usr/share/bash-completion/
--- /usr/share/bash-completion/completions/
>>> /usr/share/bash-completion/completions/lv2info
--- /usr/include/
>>> /usr/include/lilv/
>>> /usr/include/lilv/lilv.h
>>> /usr/include/lilv/lilvmm.hpp
--- /usr/bin/
>>> /usr/bin/lv2bench
>>> /usr/bin/lilv-bench
>>> /usr/bin/lv2ls
>>> /usr/bin/lv2info
>>> /usr/bin/lv2apply
--- /usr/lib/
--- /usr/lib/python3.8/
--- /usr/lib/python3.8/site-packages/
--- /usr/lib/python3.8/site-packages/__pycache__/
>>> /usr/lib/python3.8/site-packages/__pycache__/lilv.cpython-38.opt-1.pyc
>>> /usr/lib/python3.8/site-packages/__pycache__/lilv.cpython-38.pyc
>>> /usr/lib/python3.8/site-packages/__pycache__/lilv.cpython-38.opt-2.pyc
>>> /usr/lib/python3.8/site-packages/lilv.py
>>> /usr/lib64/liblilv-0.so.0 -> liblilv-0.so.0.24.6
>>> media-libs/lilv-0.24.6 merged.
>>> Regenerating /etc/ld.so.cache...
