>>> Extracting info
 * Package:    media-libs/nv-codec-headers-9.1.23.1
 * Repository: gentoo
 * USE:        abi_x86_64 userland_GNU kernel_linux amd64 elibc_glibc
 * FEATURES:   ccache preserve-libs userpriv
 * FEATURES='assume-digests binpkg-docompress binpkg-dostrip binpkg-logs buildpkg ccache cgroup compress-index config-protect-if-modified distlocks ebuild-locks fixlafiles merge-sync multilib-strict news nodoc parallel-fetch preserve-libs qa-unresolved-soname-deps sfperms strict strict-keepdir unknown-features-warn unmerge-logs unmerge-orphans userfetch userpriv usersync xattr'
 * CFLAGS='-O2 -pipe -Wl,-O1,--sort-common,--as-needed,-z,norelro,-z,now'
 * CXXFLAGS='-O2 -pipe -Wl,-O1,--sort-common,--as-needed,-z,norelro,-z,now'
 * FFLAGS='-O2 -pipe -Wl,-O1,--sort-common,--as-needed,-z,norelro,-z,now'
 * FCFLAGS='-O2 -pipe -Wl,-O1,--sort-common,--as-needed,-z,norelro,-z,now'
 * F77FLAGS='-O2 -pipe -Wl,-O1,--sort-common,--as-needed,-z,norelro,-z,now'
 * LDFLAGS='-Wl,-O1,--sort-common,--as-needed,-z,norelro,-z,now'
 * MAKEOPTS='-j12 -l12'
 * gcc (Gentoo 11.0.0_pre9999 p1, commit 184c21bf1cd04a108ed9bd04635e7d57ac39f616) 11.0.0 20200611 (experimental)
 * g++ (Gentoo 11.0.0_pre9999 p1, commit 184c21bf1cd04a108ed9bd04635e7d57ac39f616) 11.0.0 20200611 (experimental)
 * GNU ld (Gentoo 2.34 p4) 2.34.0
 * Linux rescue 5.4.36 #1 SMP Thu Apr 30 04:38:28 UTC 2020 x86_64 AMD Ryzen 5 3600 6-Core Processor AuthenticAMD GNU/Linux
media-libs/nv-codec-headers: 24 seconds average for 11 merges
2020-05-19T23:59:35 >>> media-libs/nv-codec-headers: 9 seconds
2020-05-20T01:28:04 >>> media-libs/nv-codec-headers: 6 seconds
2020-05-23T11:38:15 >>> media-libs/nv-codec-headers: 10 seconds
2020-05-25T18:35:03 >>> media-libs/nv-codec-headers: 2 minutes, 46 seconds
2020-05-25T20:08:53 >>> media-libs/nv-codec-headers: 10 seconds
2020-05-27T02:27:33 >>> media-libs/nv-codec-headers: 6 seconds
2020-05-27T03:24:44 >>> media-libs/nv-codec-headers: 10 seconds
2020-05-30T13:04:00 >>> media-libs/nv-codec-headers: 21 seconds
2020-06-01T02:07:39 >>> media-libs/nv-codec-headers: 14 seconds
2020-06-12T02:18:00 >>> media-libs/nv-codec-headers: 5 seconds
2020-06-13T03:34:15 >>> media-libs/nv-codec-headers: 8 seconds
]0;emerge 21:12:37 43|49 nv-codec-headers 00:09 (root@rescue)>>> Extracting media-libs/nv-codec-headers-9.1.23.1
 * checking 6 files for package collisions
>>> Merging media-libs/nv-codec-headers-9.1.23.1 to /
 * removing unneeded *.la files
--- /usr/
--- /usr/lib64/
--- /usr/lib64/pkgconfig/
>>> /usr/lib64/pkgconfig/ffnvcodec.pc
--- /usr/include/
--- /usr/include/ffnvcodec/
>>> /usr/include/ffnvcodec/dynlink_loader.h
>>> /usr/include/ffnvcodec/dynlink_cuda.h
>>> /usr/include/ffnvcodec/nvEncodeAPI.h
>>> /usr/include/ffnvcodec/dynlink_cuviddec.h
>>> /usr/include/ffnvcodec/dynlink_nvcuvid.h
>>> Safely unmerging already-installed instance...
>>> Original instance of package unmerged safely.
>>> media-libs/nv-codec-headers-9.1.23.1 merged.
