>>> Extracting info
 * Package:    media-libs/graphene-1.10.0
 * Repository: gentoo
 * USE:        amd64 cpu_flags_x86_sse2 abi_x86_64 kernel_linux userland_GNU introspection elibc_glibc
 * FEATURES:   ccache network-sandbox preserve-libs sandbox userpriv usersandbox
 * FEATURES='buildpkg unmerge-backup ipc-sandbox binpkg-dostrip pid-sandbox unmerge-logs downgrade-backup usersandbox usersync sfperms distlocks config-protect-if-modified merge-sync strict news parallel-fetch qa-unresolved-soname-deps unmerge-orphans userpriv fixlafiles unknown-features-warn ccache multilib-strict nodoc parallel-install binpkg-logs assume-digests compress-index sandbox network-sandbox xattr userfetch binpkg-docompress preserve-libs cgroup binpkg-multi-instance'
 * CFLAGS='-march=native -O3 -fdevirtualize-at-ltrans -fipa-pta -fno-semantic-interposition -fno-math-errno -fno-trapping-math -fno-plt -fuse-linker-plugin -pipe -g0 -fno-stack-protector -fno-stack-clash-protection -fstack-check=no -fno-stack-check -Wl,-O4,--hash-style=gnu,--sort-common,--as-needed,-z,relro,-z,now,-lgomp,-lpthread'
 * CXXFLAGS='-march=native -O3 -fdevirtualize-at-ltrans -fipa-pta -fno-semantic-interposition -fno-math-errno -fno-trapping-math -fno-plt -fuse-linker-plugin -pipe -g0 -fno-stack-protector -fno-stack-clash-protection -fstack-check=no -fno-stack-check -Wl,-O4,--hash-style=gnu,--sort-common,--as-needed,-z,relro,-z,now,-lgomp,-lpthread'
 * FFLAGS='-march=native -O3 -fdevirtualize-at-ltrans -fipa-pta -fno-semantic-interposition -fno-math-errno -fno-trapping-math -fno-plt -fuse-linker-plugin -pipe -g0 -fno-stack-protector -fno-stack-clash-protection -fstack-check=no -fno-stack-check -Wl,-O4,--hash-style=gnu,--sort-common,--as-needed,-z,relro,-z,now,-lgomp,-lpthread'
 * FCFLAGS='-march=native -O3 -fdevirtualize-at-ltrans -fipa-pta -fno-semantic-interposition -fno-math-errno -fno-trapping-math -fno-plt -fuse-linker-plugin -pipe -g0 -fno-stack-protector -fno-stack-clash-protection -fstack-check=no -fno-stack-check -Wl,-O4,--hash-style=gnu,--sort-common,--as-needed,-z,relro,-z,now,-lgomp,-lpthread'
 * F77FLAGS='-march=native -O3 -fdevirtualize-at-ltrans -fipa-pta -fno-semantic-interposition -fno-math-errno -fno-trapping-math -fno-plt -fuse-linker-plugin -pipe -g0 -fno-stack-protector -fno-stack-clash-protection -fstack-check=no -fno-stack-check -Wl,-O4,--hash-style=gnu,--sort-common,--as-needed,-z,relro,-z,now,-lgomp,-lpthread'
 * LDFLAGS='-Wl,-O4,--hash-style=gnu,--sort-common,--as-needed,-z,relro,-z,now,-lgomp,-lpthread'
 * MAKEOPTS='-j12'
 * gcc (Gentoo 10.1.0 p1) 10.1.0
 * g++ (Gentoo 10.1.0 p1) 10.1.0
 * GNU ld (Gentoo 2.34 p1) 2.34.0
 * Linux ryzen.gnum.org 5.4.36 #1 SMP Thu Apr 30 04:38:28 UTC 2020 x86_64 AMD Ryzen 5 3600 6-Core Processor AuthenticAMD GNU/Linux
]0;emerge 02:16:28 26|209 graphene (root@ryzen.gnum.org)>>> Extracting media-libs/graphene-1.10.0
 * checking 33 files for package collisions
>>> Merging media-libs/graphene-1.10.0 to /
 * removing unneeded *.la files
--- /usr/
--- /usr/lib64/
>>> /usr/lib64/graphene-1.0/
>>> /usr/lib64/graphene-1.0/include/
>>> /usr/lib64/graphene-1.0/include/graphene-config.h
--- /usr/lib64/pkgconfig/
>>> /usr/lib64/pkgconfig/graphene-1.0.pc
>>> /usr/lib64/pkgconfig/graphene-gobject-1.0.pc
>>> /usr/lib64/libgraphene-1.0.so.0.1000.0
>>> /usr/lib64/libgraphene-1.0.so.0 -> libgraphene-1.0.so.0.1000.0
--- /usr/lib64/girepository-1.0/
>>> /usr/lib64/girepository-1.0/Graphene-1.0.typelib
--- /usr/share/
--- /usr/share/gir-1.0/
>>> /usr/share/gir-1.0/Graphene-1.0.gir
--- /usr/include/
>>> /usr/include/graphene-1.0/
>>> /usr/include/graphene-1.0/graphene-matrix.h
>>> /usr/include/graphene-1.0/graphene-point.h
>>> /usr/include/graphene-1.0/graphene-sphere.h
>>> /usr/include/graphene-1.0/graphene-vec3.h
>>> /usr/include/graphene-1.0/graphene.h
>>> /usr/include/graphene-1.0/graphene-rect.h
>>> /usr/include/graphene-1.0/graphene-quaternion.h
>>> /usr/include/graphene-1.0/graphene-size.h
>>> /usr/include/graphene-1.0/graphene-version.h
>>> /usr/include/graphene-1.0/graphene-simd4f.h
>>> /usr/include/graphene-1.0/graphene-version-macros.h
>>> /usr/include/graphene-1.0/graphene-triangle.h
>>> /usr/include/graphene-1.0/graphene-simd4x4f.h
>>> /usr/include/graphene-1.0/graphene-gobject.h
>>> /usr/include/graphene-1.0/graphene-frustum.h
>>> /usr/include/graphene-1.0/graphene-vec4.h
>>> /usr/include/graphene-1.0/graphene-quad.h
>>> /usr/include/graphene-1.0/graphene-ray.h
>>> /usr/include/graphene-1.0/graphene-macros.h
>>> /usr/include/graphene-1.0/graphene-types.h
>>> /usr/include/graphene-1.0/graphene-plane.h
>>> /usr/include/graphene-1.0/graphene-euler.h
>>> /usr/include/graphene-1.0/graphene-point3d.h
>>> /usr/include/graphene-1.0/graphene-vec2.h
>>> /usr/include/graphene-1.0/graphene-box.h
>>> /usr/lib64/libgraphene-1.0.so -> libgraphene-1.0.so.0
>>> media-libs/graphene-1.10.0 merged.
>>> Regenerating /etc/ld.so.cache...
