 * Package:    media-libs/libogg-1.3.4
 * Repository: gentoo
 * Maintainer: sound@gentoo.org
 * USE:        abi_x86_64 amd64 elibc_glibc kernel_linux userland_GNU
 * FEATURES:   ccache network-sandbox preserve-libs sandbox userpriv usersandbox
 * FEATURES='assume-digests binpkg-docompress binpkg-dostrip binpkg-logs binpkg-multi-instance buildpkg ccache cgroup compress-index config-protect-if-modified distlocks downgrade-backup fixlafiles ipc-sandbox merge-sync multilib-strict network-sandbox news nodoc parallel-fetch parallel-install pid-sandbox preserve-libs qa-unresolved-soname-deps sandbox sfperms strict strict-keepdir unknown-features-warn unmerge-backup unmerge-logs unmerge-orphans userfetch userpriv usersandbox usersync xattr'
 * CFLAGS='-march=native -O3 -fgraphite-identity -floop-nest-optimize -fdevirtualize-at-ltrans -fipa-pta -fno-semantic-interposition -flto=12 -fno-plt -fno-signed-zeros -fno-trapping-math -fassociative-math -freciprocal-math -fno-math-errno -ffinite-math-only -fno-rounding-math -fno-signaling-nans -fcx-limited-range -fexcess-precision=fast -fno-signed-zeros -fno-trapping-math -fassociative-math -freciprocal-math -fno-math-errno -ffinite-math-only -fno-rounding-math -fno-signaling-nans -fcx-limited-range -fexcess-precision=fast -fuse-linker-plugin -pipe -g0 -fno-stack-protector -fno-stack-clash-protection -fstack-check=no -fno-stack-check -Wl,-O1 -Wl,--as-needed -Wl,-O4,--hash-style=gnu,--sort-common,--as-needed,-z,relro,-z,now,-lgomp,-lpthread'
 * CXXFLAGS='-march=native -O3 -fgraphite-identity -floop-nest-optimize -fdevirtualize-at-ltrans -fipa-pta -fno-semantic-interposition -flto=12 -fno-plt -fno-signed-zeros -fno-trapping-math -fassociative-math -freciprocal-math -fno-math-errno -ffinite-math-only -fno-rounding-math -fno-signaling-nans -fcx-limited-range -fexcess-precision=fast -fno-signed-zeros -fno-trapping-math -fassociative-math -freciprocal-math -fno-math-errno -ffinite-math-only -fno-rounding-math -fno-signaling-nans -fcx-limited-range -fexcess-precision=fast -fuse-linker-plugin -pipe -g0 -fno-stack-protector -fno-stack-clash-protection -fstack-check=no -fno-stack-check -Wl,-O1 -Wl,--as-needed -Wl,-O4,--hash-style=gnu,--sort-common,--as-needed,-z,relro,-z,now,-lgomp,-lpthread'
 * FFLAGS='-march=native -O3 -fgraphite-identity -floop-nest-optimize -fdevirtualize-at-ltrans -fipa-pta -fno-semantic-interposition -flto=12 -fno-plt -fno-signed-zeros -fno-trapping-math -fassociative-math -freciprocal-math -fno-math-errno -ffinite-math-only -fno-rounding-math -fno-signaling-nans -fcx-limited-range -fexcess-precision=fast -fno-signed-zeros -fno-trapping-math -fassociative-math -freciprocal-math -fno-math-errno -ffinite-math-only -fno-rounding-math -fno-signaling-nans -fcx-limited-range -fexcess-precision=fast -fuse-linker-plugin -pipe -g0 -fno-stack-protector -fno-stack-clash-protection -fstack-check=no -fno-stack-check -Wl,-O1 -Wl,--as-needed -Wl,-O4,--hash-style=gnu,--sort-common,--as-needed,-z,relro,-z,now,-lgomp,-lpthread'
 * FCFLAGS='-march=native -O3 -fgraphite-identity -floop-nest-optimize -fdevirtualize-at-ltrans -fipa-pta -fno-semantic-interposition -flto=12 -fno-plt -fno-signed-zeros -fno-trapping-math -fassociative-math -freciprocal-math -fno-math-errno -ffinite-math-only -fno-rounding-math -fno-signaling-nans -fcx-limited-range -fexcess-precision=fast -fno-signed-zeros -fno-trapping-math -fassociative-math -freciprocal-math -fno-math-errno -ffinite-math-only -fno-rounding-math -fno-signaling-nans -fcx-limited-range -fexcess-precision=fast -fuse-linker-plugin -pipe -g0 -fno-stack-protector -fno-stack-clash-protection -fstack-check=no -fno-stack-check -Wl,-O1 -Wl,--as-needed -Wl,-O4,--hash-style=gnu,--sort-common,--as-needed,-z,relro,-z,now,-lgomp,-lpthread'
 * F77FLAGS='-march=native -O3 -fgraphite-identity -floop-nest-optimize -fdevirtualize-at-ltrans -fipa-pta -fno-semantic-interposition -flto=12 -fno-plt -fno-signed-zeros -fno-trapping-math -fassociative-math -freciprocal-math -fno-math-errno -ffinite-math-only -fno-rounding-math -fno-signaling-nans -fcx-limited-range -fexcess-precision=fast -fno-signed-zeros -fno-trapping-math -fassociative-math -freciprocal-math -fno-math-errno -ffinite-math-only -fno-rounding-math -fno-signaling-nans -fcx-limited-range -fexcess-precision=fast -fuse-linker-plugin -pipe -g0 -fno-stack-protector -fno-stack-clash-protection -fstack-check=no -fno-stack-check -Wl,-O1 -Wl,--as-needed -Wl,-O4,--hash-style=gnu,--sort-common,--as-needed,-z,relro,-z,now,-lgomp,-lpthread'
 * LDFLAGS='-Wl,-O1 -Wl,--as-needed -Wl,-O4,--hash-style=gnu,--sort-common,--as-needed,-z,relro,-z,now,-lgomp,-lpthread -march=native -O3 -fgraphite-identity -floop-nest-optimize -fdevirtualize-at-ltrans -fipa-pta -fno-semantic-interposition -flto=12 -fno-plt -fno-signed-zeros -fno-trapping-math -fassociative-math -freciprocal-math -fno-math-errno -ffinite-math-only -fno-rounding-math -fno-signaling-nans -fcx-limited-range -fexcess-precision=fast -fuse-linker-plugin -pipe -g0 -fno-stack-protector -fno-stack-clash-protection -fstack-check=no -fno-stack-check'
 * MAKEOPTS='-j12'
 * gcc (Gentoo 10.1.0 p1) 10.1.0
 * g++ (Gentoo 10.1.0 p1) 10.1.0
 * GNU ld (Gentoo 2.34 p1) 2.34.0
 * Linux ryzen.gnum.org 5.4.36 #1 SMP Thu Apr 30 04:38:28 UTC 2020 x86_64 AMD Ryzen 5 3600 6-Core Processor AuthenticAMD GNU/Linux
media-libs/libogg: 2 minutes, 23 seconds average for 7 merges
2020-05-15T03:29:45 >>> media-libs/libogg: 11 seconds
2020-05-16T20:36:12 >>> media-libs/libogg: 15 seconds
2020-05-20T00:56:24 >>> media-libs/libogg: 12 seconds
2020-05-21T05:46:12 >>> media-libs/libogg: 5 seconds
2020-05-22T01:52:54 >>> media-libs/libogg: 6 minutes, 14 seconds
2020-05-22T02:39:12 >>> media-libs/libogg: 2 minutes, 45 seconds
2020-05-22T03:04:01 >>> media-libs/libogg: 7 minutes
]0;emerge 11:58:06 5|1104 libogg 05:20 (root@ryzen.gnum.org)>>> Unpacking source...
>>> Unpacking libogg-1.3.4.tar.xz to /tmp/portage/media-libs/libogg-1.3.4/work
>>> Source unpacked in /tmp/portage/media-libs/libogg-1.3.4/work
>>> Preparing source in /tmp/portage/media-libs/libogg-1.3.4/work/libogg-1.3.4 ...
>>> Source prepared.
>>> Configuring source in /tmp/portage/media-libs/libogg-1.3.4/work/libogg-1.3.4 ...
 * abi_x86_64.amd64: running multilib-minimal_abi_src_configure
 * econf: updating libogg-1.3.4/config.guess with /usr/share/gnuconfig/config.guess
 * econf: updating libogg-1.3.4/config.sub with /usr/share/gnuconfig/config.sub
/tmp/portage/media-libs/libogg-1.3.4/work/libogg-1.3.4/configure --prefix=/usr --build=x86_64-pc-linux-gnu --host=x86_64-pc-linux-gnu --mandir=/usr/share/man --infodir=/usr/share/info --datadir=/usr/share --sysconfdir=/etc --localstatedir=/var/lib --disable-dependency-tracking --disable-silent-rules --docdir=/usr/share/doc/libogg-1.3.4 --htmldir=/usr/share/doc/libogg-1.3.4/html --with-sysroot=/ --libdir=/usr/lib64 --disable-static
checking build system type... x86_64-pc-linux-gnu
checking host system type... x86_64-pc-linux-gnu
checking how to print strings... printf
checking for x86_64-pc-linux-gnu-gcc... x86_64-pc-linux-gnu-gcc
checking whether the C compiler works... no
configure: error: in `/tmp/portage/media-libs/libogg-1.3.4/work/libogg-1.3.4-abi_x86_64.amd64':
configure: error: C compiler cannot create executables
See `config.log' for more details

!!! Please attach the following file when seeking support:
!!! /tmp/portage/media-libs/libogg-1.3.4/work/libogg-1.3.4-abi_x86_64.amd64/config.log
 * ERROR: media-libs/libogg-1.3.4::gentoo failed (configure phase):
 *   econf failed
 * 
 * Call stack:
 *               ebuild.sh, line  125:  Called src_configure
 *             environment, line 2773:  Called multilib-minimal_src_configure
 *             environment, line 2241:  Called multilib_foreach_abi 'multilib-minimal_abi_src_configure'
 *             environment, line 2474:  Called multibuild_foreach_variant '_multilib_multibuild_wrapper' 'multilib-minimal_abi_src_configure'
 *             environment, line 2171:  Called _multibuild_run '_multilib_multibuild_wrapper' 'multilib-minimal_abi_src_configure'
 *             environment, line 2169:  Called _multilib_multibuild_wrapper 'multilib-minimal_abi_src_configure'
 *             environment, line 1565:  Called multilib-minimal_abi_src_configure
 *             environment, line 2235:  Called multilib_src_configure
 *             environment, line 2694:  Called econf '--disable-static'
 *        phase-helpers.sh, line  681:  Called __helpers_die 'econf failed'
 *   isolated-functions.sh, line  112:  Called die
 * The specific snippet of code:
 *   		die "$@"
 * 
 * If you need support, post the output of `emerge --info '=media-libs/libogg-1.3.4::gentoo'`,
 * the complete build log and the output of `emerge -pqv '=media-libs/libogg-1.3.4::gentoo'`.
 * The complete build log is located at '/var/log/emerge-log/media-libs:libogg-1.3.4:20200522-095806.log'.
 * For convenience, a symlink to the build log is located at '/tmp/portage/media-libs/libogg-1.3.4/temp/build.log'.
 * The ebuild environment file is located at '/tmp/portage/media-libs/libogg-1.3.4/temp/environment'.
 * Working directory: '/tmp/portage/media-libs/libogg-1.3.4/work/libogg-1.3.4-abi_x86_64.amd64'
 * S: '/tmp/portage/media-libs/libogg-1.3.4/work/libogg-1.3.4'
