No package files given... Grabbing a set.
--- replaced obj /usr/share/fonts/dejavu/fonts.scale
--- replaced obj /usr/share/fonts/dejavu/fonts.dir
--- replaced obj /usr/share/fonts/dejavu/encodings.dir
--- replaced obj /usr/share/fonts/dejavu/DejaVuSerifCondensed.ttf
--- replaced obj /usr/share/fonts/dejavu/DejaVuSerifCondensed-Italic.ttf
--- replaced obj /usr/share/fonts/dejavu/DejaVuSerifCondensed-BoldItalic.ttf
--- replaced obj /usr/share/fonts/dejavu/DejaVuSerifCondensed-Bold.ttf
--- replaced obj /usr/share/fonts/dejavu/DejaVuSerif.ttf
--- replaced obj /usr/share/fonts/dejavu/DejaVuSerif-Italic.ttf
--- replaced obj /usr/share/fonts/dejavu/DejaVuSerif-BoldItalic.ttf
--- replaced obj /usr/share/fonts/dejavu/DejaVuSerif-Bold.ttf
--- replaced obj /usr/share/fonts/dejavu/DejaVuSansMono.ttf
--- replaced obj /usr/share/fonts/dejavu/DejaVuSansMono-Oblique.ttf
--- replaced obj /usr/share/fonts/dejavu/DejaVuSansMono-BoldOblique.ttf
--- replaced obj /usr/share/fonts/dejavu/DejaVuSansMono-Bold.ttf
--- replaced obj /usr/share/fonts/dejavu/DejaVuSansCondensed.ttf
--- replaced obj /usr/share/fonts/dejavu/DejaVuSansCondensed-Oblique.ttf
--- replaced obj /usr/share/fonts/dejavu/DejaVuSansCondensed-BoldOblique.ttf
--- replaced obj /usr/share/fonts/dejavu/DejaVuSansCondensed-Bold.ttf
--- replaced obj /usr/share/fonts/dejavu/DejaVuSans.ttf
--- replaced obj /usr/share/fonts/dejavu/DejaVuSans-Oblique.ttf
--- replaced obj /usr/share/fonts/dejavu/DejaVuSans-ExtraLight.ttf
--- replaced obj /usr/share/fonts/dejavu/DejaVuSans-BoldOblique.ttf
--- replaced obj /usr/share/fonts/dejavu/DejaVuSans-Bold.ttf
--- replaced obj /usr/share/fonts/dejavu/DejaVuMathTeXGyre.ttf
--- replaced dir /usr/share/fonts/dejavu
--- replaced dir /usr/share/fonts
--- replaced dir /usr/share
--- replaced dir /usr
--- replaced obj /etc/fonts/conf.avail/57-dejavu-serif.conf
--- replaced obj /etc/fonts/conf.avail/57-dejavu-sans.conf
--- replaced obj /etc/fonts/conf.avail/57-dejavu-sans-mono.conf
--- replaced obj /etc/fonts/conf.avail/20-unhint-small-dejavu-serif.conf
--- replaced obj /etc/fonts/conf.avail/20-unhint-small-dejavu-sans.conf
--- replaced obj /etc/fonts/conf.avail/20-unhint-small-dejavu-sans-mono.conf
--- replaced dir /etc/fonts/conf.avail
--- replaced dir /etc/fonts
--- replaced dir /etc
 [32;01m*[0m Cleaning up font directories ...
[A[263C [34;01m[ [32;01mok[34;01m ][0m
 [32;01m*[0m Updating global fontcache ...
Fontconfig error: Cannot scan config file "infinality/conf.d"
[A[263C [34;01m[ [32;01mok[34;01m ][0m
>>> Regenerating /etc/ld.so.cache...
