>>> Extracting info
[32;01m * [39;49;00mPackage:    media-fonts/corefonts-1-r7
[32;01m * [39;49;00mRepository: gentoo
[32;01m * [39;49;00mUSE:        X userland_GNU abi_x86_64 elibc_glibc kernel_linux amd64
[32;01m * [39;49;00mFEATURES:   ccache network-sandbox preserve-libs sandbox userpriv usersandbox
 [32;01m*[0m FEATURES='assume-digests binpkg-docompress binpkg-dostrip binpkg-logs binpkg-multi-instance buildpkg ccache cgroup compress-index config-protect-if-modified distlocks downgrade-backup fixlafiles ipc-sandbox merge-sync multilib-strict network-sandbox news nodoc parallel-fetch parallel-install pid-sandbox preserve-libs qa-unresolved-soname-deps sandbox sfperms strict strict-keepdir unknown-features-warn unmerge-backup unmerge-logs unmerge-orphans userfetch userpriv usersandbox usersync xattr'
 [32;01m*[0m CFLAGS='-march=native -O3 -fdevirtualize-at-ltrans -fipa-pta -fno-semantic-interposition -fno-signed-zeros -fno-trapping-math -fassociative-math -freciprocal-math -fno-math-errno -ffinite-math-only -fno-rounding-math -fno-signaling-nans -fcx-limited-range -fexcess-precision=fast -fno-plt -fno-common -pipe -g0 -fno-stack-protector -fno-stack-clash-protection -fstack-check=no -fno-stack-check -Wl,-O4,--hash-style=gnu,--sort-common,--as-needed,-z,relro,-z,now,-lgomp,-lpthread'
 [32;01m*[0m CXXFLAGS='-march=native -O3 -fdevirtualize-at-ltrans -fipa-pta -fno-semantic-interposition -fno-signed-zeros -fno-trapping-math -fassociative-math -freciprocal-math -fno-math-errno -ffinite-math-only -fno-rounding-math -fno-signaling-nans -fcx-limited-range -fexcess-precision=fast -fno-plt -fno-common -pipe -g0 -fno-stack-protector -fno-stack-clash-protection -fstack-check=no -fno-stack-check -Wl,-O4,--hash-style=gnu,--sort-common,--as-needed,-z,relro,-z,now,-lgomp,-lpthread'
 [32;01m*[0m FFLAGS='-march=native -O3 -fdevirtualize-at-ltrans -fipa-pta -fno-semantic-interposition -fno-signed-zeros -fno-trapping-math -fassociative-math -freciprocal-math -fno-math-errno -ffinite-math-only -fno-rounding-math -fno-signaling-nans -fcx-limited-range -fexcess-precision=fast -fno-plt -fno-common -pipe -g0 -fno-stack-protector -fno-stack-clash-protection -fstack-check=no -fno-stack-check -Wl,-O4,--hash-style=gnu,--sort-common,--as-needed,-z,relro,-z,now,-lgomp,-lpthread'
 [32;01m*[0m FCFLAGS='-march=native -O3 -fdevirtualize-at-ltrans -fipa-pta -fno-semantic-interposition -fno-signed-zeros -fno-trapping-math -fassociative-math -freciprocal-math -fno-math-errno -ffinite-math-only -fno-rounding-math -fno-signaling-nans -fcx-limited-range -fexcess-precision=fast -fno-plt -fno-common -pipe -g0 -fno-stack-protector -fno-stack-clash-protection -fstack-check=no -fno-stack-check -Wl,-O4,--hash-style=gnu,--sort-common,--as-needed,-z,relro,-z,now,-lgomp,-lpthread'
 [32;01m*[0m F77FLAGS='-march=native -O3 -fdevirtualize-at-ltrans -fipa-pta -fno-semantic-interposition -fno-signed-zeros -fno-trapping-math -fassociative-math -freciprocal-math -fno-math-errno -ffinite-math-only -fno-rounding-math -fno-signaling-nans -fcx-limited-range -fexcess-precision=fast -fno-plt -fno-common -pipe -g0 -fno-stack-protector -fno-stack-clash-protection -fstack-check=no -fno-stack-check -Wl,-O4,--hash-style=gnu,--sort-common,--as-needed,-z,relro,-z,now,-lgomp,-lpthread'
 [32;01m*[0m LDFLAGS='-Wl,-O4,--hash-style=gnu,--sort-common,--as-needed,-z,relro,-z,now,-lgomp,-lpthread'
 [32;01m*[0m MAKEOPTS='-j12'
 [32;01m*[0m gcc (Gentoo 10.1.0 p1) 10.1.0
 [32;01m*[0m g++ (Gentoo 10.1.0 p1) 10.1.0
 [32;01m*[0m GNU ld (Gentoo 9999 p5) 2.34.50.20200520
 [32;01m*[0m Linux ryzen.gnum.org 5.4.36 #1 SMP Thu Apr 30 04:38:28 UTC 2020 x86_64 AMD Ryzen 5 3600 6-Core Processor AuthenticAMD GNU/Linux
[00;01mmedia-fonts/[00;00m[36;01mcorefonts[00;00m: [32;01m7[00;00m seconds average for [32;01m1[00;00m merge
2020-05-20T07:34:53 >>> [00;01mmedia-fonts/[00;00m[36;01mcorefonts[00;00m: [32;01m7[00;00m seconds
]0;emerge 06:14:24 259|1170 corefonts 00:07 (root@ryzen.gnum.org)>>> Extracting media-fonts/corefonts-1-r7
 [32;01m*[39;49;00m checking 33 files for package collisions
>>> Merging media-fonts/corefonts-1-r7 to /
 [32;01m*[0m removing unneeded *.la files
--- /usr/
--- /usr/share/
--- /usr/share/fonts/
--- /usr/share/fonts/corefonts/
>>> /usr/share/fonts/corefonts/trebuc.ttf
>>> /usr/share/fonts/corefonts/timesbi.ttf
>>> /usr/share/fonts/corefonts/ariblk.ttf
>>> /usr/share/fonts/corefonts/ariali.ttf
>>> /usr/share/fonts/corefonts/couri.ttf
>>> /usr/share/fonts/corefonts/georgiaz.ttf
>>> /usr/share/fonts/corefonts/comicbd.ttf
>>> /usr/share/fonts/corefonts/courbd.ttf
>>> /usr/share/fonts/corefonts/trebucbi.ttf
>>> /usr/share/fonts/corefonts/times.ttf
>>> /usr/share/fonts/corefonts/andalemo.ttf
>>> /usr/share/fonts/corefonts/georgiab.ttf
>>> /usr/share/fonts/corefonts/verdana.ttf
>>> /usr/share/fonts/corefonts/verdanaz.ttf
>>> /usr/share/fonts/corefonts/timesbd.ttf
>>> /usr/share/fonts/corefonts/trebucbd.ttf
>>> /usr/share/fonts/corefonts/impact.ttf
>>> /usr/share/fonts/corefonts/encodings.dir
>>> /usr/share/fonts/corefonts/arialbi.ttf
>>> /usr/share/fonts/corefonts/verdanai.ttf
>>> /usr/share/fonts/corefonts/timesi.ttf
>>> /usr/share/fonts/corefonts/comic.ttf
>>> /usr/share/fonts/corefonts/courbi.ttf
>>> /usr/share/fonts/corefonts/webdings.ttf
>>> /usr/share/fonts/corefonts/fonts.dir
>>> /usr/share/fonts/corefonts/arialbd.ttf
>>> /usr/share/fonts/corefonts/arial.ttf
>>> /usr/share/fonts/corefonts/georgia.ttf
>>> /usr/share/fonts/corefonts/fonts.scale
>>> /usr/share/fonts/corefonts/cour.ttf
>>> /usr/share/fonts/corefonts/verdanab.ttf
>>> /usr/share/fonts/corefonts/georgiai.ttf
>>> /usr/share/fonts/corefonts/trebucit.ttf
>>> Safely unmerging already-installed instance...
No package files given... Grabbing a set.
--- replaced obj /usr/share/fonts/corefonts/webdings.ttf
--- replaced obj /usr/share/fonts/corefonts/verdanaz.ttf
--- replaced obj /usr/share/fonts/corefonts/verdanai.ttf
--- replaced obj /usr/share/fonts/corefonts/verdanab.ttf
--- replaced obj /usr/share/fonts/corefonts/verdana.ttf
--- replaced obj /usr/share/fonts/corefonts/trebucit.ttf
--- replaced obj /usr/share/fonts/corefonts/trebucbi.ttf
--- replaced obj /usr/share/fonts/corefonts/trebucbd.ttf
--- replaced obj /usr/share/fonts/corefonts/trebuc.ttf
--- replaced obj /usr/share/fonts/corefonts/timesi.ttf
--- replaced obj /usr/share/fonts/corefonts/timesbi.ttf
--- replaced obj /usr/share/fonts/corefonts/timesbd.ttf
--- replaced obj /usr/share/fonts/corefonts/times.ttf
--- replaced obj /usr/share/fonts/corefonts/impact.ttf
--- replaced obj /usr/share/fonts/corefonts/georgiaz.ttf
--- replaced obj /usr/share/fonts/corefonts/georgiai.ttf
--- replaced obj /usr/share/fonts/corefonts/georgiab.ttf
--- replaced obj /usr/share/fonts/corefonts/georgia.ttf
--- replaced obj /usr/share/fonts/corefonts/fonts.scale
--- replaced obj /usr/share/fonts/corefonts/fonts.dir
--- replaced obj /usr/share/fonts/corefonts/encodings.dir
--- replaced obj /usr/share/fonts/corefonts/couri.ttf
--- replaced obj /usr/share/fonts/corefonts/courbi.ttf
--- replaced obj /usr/share/fonts/corefonts/courbd.ttf
--- replaced obj /usr/share/fonts/corefonts/cour.ttf
--- replaced obj /usr/share/fonts/corefonts/comicbd.ttf
--- replaced obj /usr/share/fonts/corefonts/comic.ttf
--- replaced obj /usr/share/fonts/corefonts/ariblk.ttf
--- replaced obj /usr/share/fonts/corefonts/ariali.ttf
--- replaced obj /usr/share/fonts/corefonts/arialbi.ttf
--- replaced obj /usr/share/fonts/corefonts/arialbd.ttf
--- replaced obj /usr/share/fonts/corefonts/arial.ttf
--- replaced obj /usr/share/fonts/corefonts/andalemo.ttf
--- replaced dir /usr/share/fonts/corefonts
--- replaced dir /usr/share/fonts
--- replaced dir /usr/share
--- replaced dir /usr
 [32;01m*[0m Cleaning up font directories ...
[A[263C [34;01m[ [32;01mok[34;01m ][0m
 [32;01m*[0m Updating global fontcache ...
Fontconfig error: Cannot scan config file "infinality/conf.d"
[A[263C [34;01m[ [32;01mok[34;01m ][0m
>>> Regenerating /etc/ld.so.cache...
>>> Original instance of package unmerged safely.
 [32;01m*[0m Updating global fontcache ...
Fontconfig error: Cannot scan config file "infinality/conf.d"
[A[263C [34;01m[ [32;01mok[34;01m ][0m
>>> media-fonts/corefonts-1-r7 merged.
