No package files given... Grabbing a set.
<<<          obj /usr/share/alsa/pulse-default.conf
--- replaced obj /usr/share/alsa/alsa.conf.d/98-usb-stream.conf
--- replaced obj /usr/share/alsa/alsa.conf.d/60-vdownmix.conf
--- replaced obj /usr/share/alsa/alsa.conf.d/60-upmix.conf
--- replaced obj /usr/share/alsa/alsa.conf.d/60-a52-encoder.conf
<<<          obj /usr/share/alsa/alsa.conf.d/51-pulseaudio-probe.conf
<<<          obj /usr/share/alsa/alsa.conf.d/50-pulseaudio.conf
--- replaced obj /usr/share/alsa/alsa.conf.d/10-rate-lav.conf
--- replaced dir /usr/share/alsa/alsa.conf.d
--- replaced dir /usr/share/alsa
--- replaced dir /usr/share
--- replaced sym /usr/lib64/alsa-lib/libasound_module_rate_lavrate_higher.so
--- replaced sym /usr/lib64/alsa-lib/libasound_module_rate_lavrate_high.so
--- replaced sym /usr/lib64/alsa-lib/libasound_module_rate_lavrate_faster.so
--- replaced sym /usr/lib64/alsa-lib/libasound_module_rate_lavrate_fast.so
--- replaced obj /usr/lib64/alsa-lib/libasound_module_rate_lavrate.so
--- replaced obj /usr/lib64/alsa-lib/libasound_module_pcm_vdownmix.so
--- replaced obj /usr/lib64/alsa-lib/libasound_module_pcm_usb_stream.so
--- replaced obj /usr/lib64/alsa-lib/libasound_module_pcm_upmix.so
<<<          obj /usr/lib64/alsa-lib/libasound_module_pcm_pulse.so
--- replaced obj /usr/lib64/alsa-lib/libasound_module_pcm_a52.so
<<<          obj /usr/lib64/alsa-lib/libasound_module_ctl_pulse.so
<<<          obj /usr/lib64/alsa-lib/libasound_module_conf_pulse.so
--- replaced dir /usr/lib64/alsa-lib
--- replaced dir /usr/lib64
--- replaced dir /usr
--- !mtime   obj /etc/alsa/conf.d/99-pulseaudio-default.conf.example
--- replaced sym /etc/alsa/conf.d/98-usb-stream.conf
--- replaced sym /etc/alsa/conf.d/60-vdownmix.conf
--- replaced sym /etc/alsa/conf.d/60-upmix.conf
--- replaced sym /etc/alsa/conf.d/60-a52-encoder.conf
--- !mtime   sym /etc/alsa/conf.d/51-pulseaudio-probe.conf
--- !mtime   sym /etc/alsa/conf.d/50-pulseaudio.conf
--- replaced sym /etc/alsa/conf.d/10-rate-lav.conf
--- replaced dir /etc/alsa/conf.d
--- replaced dir /etc/alsa
--- replaced dir /etc
>>> Regenerating /etc/ld.so.cache...
