 * Package:    media-libs/libogg-1.3.4
 * Repository: gentoo
 * Maintainer: sound@gentoo.org
 * USE:        abi_x86_64 amd64 elibc_glibc kernel_linux userland_GNU
 * FEATURES:   ccache network-sandbox preserve-libs sandbox userpriv usersandbox
 * FEATURES='assume-digests binpkg-docompress binpkg-dostrip binpkg-logs binpkg-multi-instance buildpkg ccache cgroup compress-index config-protect-if-modified distlocks downgrade-backup fixlafiles ipc-sandbox merge-sync multilib-strict network-sandbox news nodoc parallel-fetch parallel-install pid-sandbox preserve-libs qa-unresolved-soname-deps sandbox sfperms strict strict-keepdir unknown-features-warn unmerge-backup unmerge-logs unmerge-orphans userfetch userpriv usersandbox usersync xattr'
 * CFLAGS='-O2 -march=native -pipe -g0 -fno-stack-protector -fno-stack-clash-protection -fstack-check=no -fno-stack-check -Wl,-O1 -Wl,--as-needed -Wl,-O4,--hash-style=gnu,--sort-common,--as-needed,-z,relro,-z,now,-lgomp,-lpthread'
 * CXXFLAGS='-O2 -march=native -pipe -g0 -fno-stack-protector -fno-stack-clash-protection -fstack-check=no -fno-stack-check -Wl,-O1 -Wl,--as-needed -Wl,-O4,--hash-style=gnu,--sort-common,--as-needed,-z,relro,-z,now,-lgomp,-lpthread'
 * FFLAGS='-O2 -march=native -pipe -g0 -fno-stack-protector -fno-stack-clash-protection -fstack-check=no -fno-stack-check -Wl,-O1 -Wl,--as-needed -Wl,-O4,--hash-style=gnu,--sort-common,--as-needed,-z,relro,-z,now,-lgomp,-lpthread'
 * FCFLAGS='-O2 -march=native -pipe -g0 -fno-stack-protector -fno-stack-clash-protection -fstack-check=no -fno-stack-check -Wl,-O1 -Wl,--as-needed -Wl,-O4,--hash-style=gnu,--sort-common,--as-needed,-z,relro,-z,now,-lgomp,-lpthread'
 * F77FLAGS='-O2 -march=native -pipe -g0 -fno-stack-protector -fno-stack-clash-protection -fstack-check=no -fno-stack-check -Wl,-O1 -Wl,--as-needed -Wl,-O4,--hash-style=gnu,--sort-common,--as-needed,-z,relro,-z,now,-lgomp,-lpthread'
 * LDFLAGS='-Wl,-O1 -Wl,--as-needed -Wl,-O4,--hash-style=gnu,--sort-common,--as-needed,-z,relro,-z,now,-lgomp,-lpthread'
 * MAKEOPTS='-j12'
 * gcc (Gentoo 10.1.0 p1) 10.1.0
 * g++ (Gentoo 10.1.0 p1) 10.1.0
 * GNU ld (Gentoo 2.34 p1) 2.34.0
 * Linux ryzen.gnum.org 5.4.36 #1 SMP Thu Apr 30 04:38:28 UTC 2020 x86_64 AMD Ryzen 5 3600 6-Core Processor AuthenticAMD GNU/Linux
media-libs/libogg: 2 minutes, 23 seconds average for 7 merges
2020-05-15T03:29:45 >>> media-libs/libogg: 11 seconds
2020-05-16T20:36:12 >>> media-libs/libogg: 15 seconds
2020-05-20T00:56:24 >>> media-libs/libogg: 12 seconds
2020-05-21T05:46:12 >>> media-libs/libogg: 5 seconds
2020-05-22T01:52:54 >>> media-libs/libogg: 6 minutes, 14 seconds
2020-05-22T02:39:12 >>> media-libs/libogg: 2 minutes, 45 seconds
2020-05-22T03:04:01 >>> media-libs/libogg: 7 minutes
]0;emerge 12:01:44 5|1104 libogg 05:20 (root@ryzen.gnum.org)>>> Unpacking source...
>>> Unpacking libogg-1.3.4.tar.xz to /tmp/portage/media-libs/libogg-1.3.4/work
>>> Source unpacked in /tmp/portage/media-libs/libogg-1.3.4/work
>>> Preparing source in /tmp/portage/media-libs/libogg-1.3.4/work/libogg-1.3.4 ...
>>> Source prepared.
>>> Configuring source in /tmp/portage/media-libs/libogg-1.3.4/work/libogg-1.3.4 ...
 * abi_x86_64.amd64: running multilib-minimal_abi_src_configure
 * econf: updating libogg-1.3.4/config.guess with /usr/share/gnuconfig/config.guess
 * econf: updating libogg-1.3.4/config.sub with /usr/share/gnuconfig/config.sub
/tmp/portage/media-libs/libogg-1.3.4/work/libogg-1.3.4/configure --prefix=/usr --build=x86_64-pc-linux-gnu --host=x86_64-pc-linux-gnu --mandir=/usr/share/man --infodir=/usr/share/info --datadir=/usr/share --sysconfdir=/etc --localstatedir=/var/lib --disable-dependency-tracking --disable-silent-rules --docdir=/usr/share/doc/libogg-1.3.4 --htmldir=/usr/share/doc/libogg-1.3.4/html --with-sysroot=/ --libdir=/usr/lib64 --disable-static
checking build system type... x86_64-pc-linux-gnu
checking host system type... x86_64-pc-linux-gnu
checking how to print strings... printf
checking for x86_64-pc-linux-gnu-gcc... x86_64-pc-linux-gnu-gcc
checking whether the C compiler works... yes
checking for C compiler default output file name... a.out
checking for suffix of executables... 
checking whether we are cross compiling... no
checking for suffix of object files... o
checking whether we are using the GNU C compiler... yes
checking whether x86_64-pc-linux-gnu-gcc accepts -g... yes
checking for x86_64-pc-linux-gnu-gcc option to accept ISO C89... none needed
checking whether x86_64-pc-linux-gnu-gcc understands -c and -o together... yes
checking for a sed that does not truncate output... /bin/sed
checking for grep that handles long lines and -e... /bin/grep
checking for egrep... /bin/grep -E
checking for fgrep... /bin/grep -F
checking for ld used by x86_64-pc-linux-gnu-gcc... /usr/x86_64-pc-linux-gnu/bin/ld
checking if the linker (/usr/x86_64-pc-linux-gnu/bin/ld) is GNU ld... yes
checking for BSD- or MS-compatible name lister (nm)... /usr/bin/x86_64-pc-linux-gnu-nm -B
checking the name lister (/usr/bin/x86_64-pc-linux-gnu-nm -B) interface... BSD nm
checking whether ln -s works... yes
checking the maximum length of command line arguments... 1572864
checking how to convert x86_64-pc-linux-gnu file names to x86_64-pc-linux-gnu format... func_convert_file_noop
checking how to convert x86_64-pc-linux-gnu file names to toolchain format... func_convert_file_noop
checking for /usr/x86_64-pc-linux-gnu/bin/ld option to reload object files... -r
checking for x86_64-pc-linux-gnu-objdump... x86_64-pc-linux-gnu-objdump
checking how to recognize dependent libraries... pass_all
checking for x86_64-pc-linux-gnu-dlltool... x86_64-pc-linux-gnu-dlltool
checking how to associate runtime and link libraries... printf %s\n
checking for x86_64-pc-linux-gnu-ar... x86_64-pc-linux-gnu-ar
checking for archiver @FILE support... @
checking for x86_64-pc-linux-gnu-strip... x86_64-pc-linux-gnu-strip
checking for x86_64-pc-linux-gnu-ranlib... x86_64-pc-linux-gnu-ranlib
checking for gawk... gawk
checking command to parse /usr/bin/x86_64-pc-linux-gnu-nm -B output from x86_64-pc-linux-gnu-gcc object... ok
checking for sysroot... /
checking for a working dd... /bin/dd
checking how to truncate binary pipes... /bin/dd bs=4096 count=1
checking for x86_64-pc-linux-gnu-mt... no
checking for mt... no
checking if : is a manifest tool... no
checking how to run the C preprocessor... x86_64-pc-linux-gnu-gcc -E
checking for ANSI C header files... yes
checking for sys/types.h... yes
checking for sys/stat.h... yes
checking for stdlib.h... yes
checking for string.h... yes
checking for memory.h... yes
checking for strings.h... yes
checking for inttypes.h... yes
checking for stdint.h... yes
checking for unistd.h... yes
checking for dlfcn.h... yes
checking for objdir... .libs
checking if x86_64-pc-linux-gnu-gcc supports -fno-rtti -fno-exceptions... no
checking for x86_64-pc-linux-gnu-gcc option to produce PIC... -fPIC -DPIC
checking if x86_64-pc-linux-gnu-gcc PIC flag -fPIC -DPIC works... yes
checking if x86_64-pc-linux-gnu-gcc static flag -static works... yes
checking if x86_64-pc-linux-gnu-gcc supports -c -o file.o... yes
checking if x86_64-pc-linux-gnu-gcc supports -c -o file.o... (cached) yes
checking whether the x86_64-pc-linux-gnu-gcc linker (/usr/x86_64-pc-linux-gnu/bin/ld -m elf_x86_64) supports shared libraries... yes
checking whether -lc should be explicitly linked in... no
checking dynamic linker characteristics... GNU/Linux ld.so
checking how to hardcode library paths into programs... immediate
checking whether stripping libraries is possible... yes
checking if libtool supports shared libraries... yes
checking whether to build shared libraries... yes
checking whether to build static libraries... no
checking for a BSD-compatible install... /tmp/portage/._portage_reinstall_.8u5ojf0l/bin/ebuild-helpers/xattr/install -c
checking whether build environment is sane... yes
checking for a thread-safe mkdir -p... /bin/mkdir -p
checking whether make sets $(MAKE)... no
checking whether make supports the include directive... no
checking whether make supports nested variables... no
checking dependency style of x86_64-pc-linux-gnu-gcc... none
checking whether to enable maintainer-specific portions of Makefiles... yes
checking for x86_64-pc-linux-gnu-gcc... (cached) x86_64-pc-linux-gnu-gcc
checking whether we are using the GNU C compiler... (cached) yes
checking whether x86_64-pc-linux-gnu-gcc accepts -g... (cached) yes
checking for x86_64-pc-linux-gnu-gcc option to accept ISO C89... (cached) none needed
checking whether x86_64-pc-linux-gnu-gcc understands -c and -o together... (cached) yes
checking for ANSI C header files... (cached) yes
checking for inttypes.h... (cached) yes
checking for stdint.h... (cached) yes
checking for sys/types.h... (cached) yes
checking for an ANSI C-conforming const... yes
checking size of int16_t... 2
checking size of uint16_t... 2
checking size of u_int16_t... 2
checking size of int32_t... 4
checking size of uint32_t... 4
checking size of u_int32_t... 4
checking size of int64_t... 8
checking size of uint64_t... 8
checking size of short... 2
checking size of int... 4
checking size of long... 8
checking size of long long... 8
checking for working memcmp... yes
checking that generated files are newer than configure... done
configure: creating ./config.status
config.status: creating Makefile
config.status: creating src/Makefile
config.status: creating doc/Makefile
config.status: creating doc/libogg/Makefile
config.status: creating include/Makefile
config.status: creating include/ogg/Makefile
config.status: creating include/ogg/config_types.h
config.status: creating libogg.spec
config.status: creating ogg.pc
config.status: creating ogg-uninstalled.pc
config.status: creating config.h
config.status: executing libtool commands
config.status: executing depfiles commands
>>> Source configured.
>>> Compiling source in /tmp/portage/media-libs/libogg-1.3.4/work/libogg-1.3.4 ...
 * abi_x86_64.amd64: running multilib-minimal_abi_src_compile
make -j12 
make: symbol lookup error: //usr/lib64/libltdl.so.7: undefined symbol: lt_libltdl_LTX_preloaded_symbols
 * ERROR: media-libs/libogg-1.3.4::gentoo failed (compile phase):
 *   emake failed
 * 
 * If you need support, post the output of `emerge --info '=media-libs/libogg-1.3.4::gentoo'`,
 * the complete build log and the output of `emerge -pqv '=media-libs/libogg-1.3.4::gentoo'`.
 * The complete build log is located at '/var/log/emerge-log/media-libs:libogg-1.3.4:20200522-100143.log'.
 * For convenience, a symlink to the build log is located at '/tmp/portage/media-libs/libogg-1.3.4/temp/build.log'.
 * The ebuild environment file is located at '/tmp/portage/media-libs/libogg-1.3.4/temp/environment'.
 * Working directory: '/tmp/portage/media-libs/libogg-1.3.4/work/libogg-1.3.4-abi_x86_64.amd64'
 * S: '/tmp/portage/media-libs/libogg-1.3.4/work/libogg-1.3.4'
