>>> Extracting info
 * Package:    media-libs/freeglut-3.2.1
 * Repository: gentoo
 * USE:        kernel_linux userland_GNU elibc_glibc amd64 abi_x86_64
 * FEATURES:   network-sandbox preserve-libs sandbox userpriv usersandbox
 * /etc/portage/package.cflags/ltoworkarounds.conf -> media-libs/freeglut: *FLAGS-="${NOCOMMON}"
 * FEATURES='assume-digests binpkg-docompress binpkg-dostrip binpkg-logs buildpkg cgroup compress-index config-protect-if-modified distlocks ebuild-locks fixlafiles ipc-sandbox merge-sync multilib-strict network-sandbox news nodoc parallel-fetch pid-sandbox preserve-libs qa-unresolved-soname-deps sandbox sfperms strict strict-keepdir unknown-features-warn unmerge-logs unmerge-orphans userfetch userpriv usersandbox usersync xattr'
 * CFLAGS='-march=znver2 -O2 -pipe -fno-stack-protector -fno-stack-clash-protection -fstack-check=no -fno-stack-check -Wl,-O1 -Wl,--as-needed'
 * CXXFLAGS='-march=znver2 -O2 -pipe -fno-stack-protector -fno-stack-clash-protection -fstack-check=no -fno-stack-check -Wl,-O1 -Wl,--as-needed'
 * FFLAGS='-march=znver2 -O2 -pipe -fno-stack-protector -fno-stack-clash-protection -fstack-check=no -fno-stack-check -Wl,-O1 -Wl,--as-needed'
 * FCFLAGS='-march=znver2 -O2 -pipe -fno-stack-protector -fno-stack-clash-protection -fstack-check=no -fno-stack-check -Wl,-O1 -Wl,--as-needed'
 * F77FLAGS='-march=znver2 -O2 -pipe -fno-stack-protector -fno-stack-clash-protection -fstack-check=no -fno-stack-check -Wl,-O1 -Wl,--as-needed'
 * LDFLAGS='-Wl,-O1 -Wl,--as-needed'
 * MAKEOPTS='-j12 -l12'
 * gcc (Gentoo 10.1.0-r1 p2) 10.1.0
 * g++ (Gentoo 10.1.0-r1 p2) 10.1.0
 * GNU gold (Gentoo 2.34 p4 2.34.0) 1.16
 * Linux rescue 5.4.36 #1 SMP Thu Apr 30 04:38:28 UTC 2020 x86_64 AMD Ryzen 5 3600 6-Core Processor AuthenticAMD GNU/Linux
media-libs/freeglut: 11 seconds average for 11 merges
2020-05-16T01:05:40 >>> media-libs/freeglut: 11 seconds
2020-05-20T07:35:02 >>> media-libs/freeglut: 4 seconds
2020-05-25T14:57:11 >>> media-libs/freeglut: 5 seconds
2020-05-26T04:01:56 >>> media-libs/freeglut: 17 seconds
2020-05-26T14:35:10 >>> media-libs/freeglut: 6 seconds
2020-05-27T02:11:32 >>> media-libs/freeglut: 6 seconds
2020-05-29T02:53:26 >>> media-libs/freeglut: 19 seconds
2020-05-31T00:09:06 >>> media-libs/freeglut: 24 seconds
2020-06-01T07:51:24 >>> media-libs/freeglut: 20 seconds
2020-06-12T02:02:55 >>> media-libs/freeglut: 6 seconds
2020-06-13T20:42:17 >>> media-libs/freeglut: 5 seconds
]0;emerge 14:20:02 426|565 freeglut 00:10 (root@rescue)>>> Extracting media-libs/freeglut-3.2.1
 * checking 14 files for package collisions
>>> Merging media-libs/freeglut-3.2.1 to /
 * removing unneeded *.la files
--- /usr/
--- /usr/lib64/
--- /usr/lib64/pkgconfig/
>>> /usr/lib64/pkgconfig/freeglut.pc
>>> /usr/lib64/pkgconfig/glut.pc
>>> /usr/lib64/libglut.so -> libglut.so.3
>>> /usr/lib64/libglut.so.3 -> libglut.so.3.11.0
--- /usr/lib64/cmake/
--- /usr/lib64/cmake/FreeGLUT/
>>> /usr/lib64/cmake/FreeGLUT/FreeGLUTConfigVersion.cmake
>>> /usr/lib64/cmake/FreeGLUT/FreeGLUTTargets.cmake
>>> /usr/lib64/cmake/FreeGLUT/FreeGLUTConfig.cmake
>>> /usr/lib64/cmake/FreeGLUT/FreeGLUTTargets-gentoo.cmake
>>> /usr/lib64/libglut.so.3.11.0
--- /usr/include/
--- /usr/include/GL/
>>> /usr/include/GL/freeglut.h
>>> /usr/include/GL/freeglut_ucall.h
>>> /usr/include/GL/freeglut_ext.h
>>> /usr/include/GL/freeglut_std.h
>>> /usr/include/GL/glut.h
>>> Safely unmerging already-installed instance...
!!! File Not Found: '/etc/env.d/99lcdfilter'
>>> Original instance of package unmerged safely.
>>> media-libs/freeglut-3.2.1 merged.
!!! File Not Found: '/etc/env.d/99lcdfilter'
>>> Regenerating /etc/ld.so.cache...
