 * Package:    media-libs/libmetalink-0.1.3-r1
 * Repository: gentoo
 * USE:        abi_x86_64 amd64 elibc_glibc expat kernel_linux userland_GNU
 * FEATURES:   ccache network-sandbox preserve-libs sandbox userpriv usersandbox
 * /etc/portage/package.cflags/ltoworkarounds.conf -> */*: *FLAGS+=-Wl,-O4 *FLAGS-=-Wl,-O1
 * FEATURES='news nodoc config-protect-if-modified unknown-features-warn parallel-fetch cgroup unmerge-logs preserve-libs xattr buildpkg network-sandbox fixlafiles usersandbox pid-sandbox binpkg-dostrip parallel-install strict userfetch sandbox merge-sync multilib-strict assume-digests qa-unresolved-soname-deps strict-keepdir distlocks binpkg-logs sfperms unmerge-orphans binpkg-multi-instance usersync compress-index ipc-sandbox binpkg-docompress userpriv ccache'
 * CFLAGS='-march=znver2 -pipe -g0 -O3 -fgraphite-identity -floop-nest-optimize -fdevirtualize-at-ltrans -fipa-pta -fno-semantic-interposition -flto=12 -fno-plt -fno-signed-zeros -fno-trapping-math -fassociative-math -freciprocal-math -fno-math-errno -ffinite-math-only -fno-rounding-math -fno-signaling-nans -fcx-limited-range -fexcess-precision=fast -falign-functions=32 -fno-stack-protector -fno-stack-clash-protection -fstack-check=no -fno-stack-check -fuse-linker-plugin -Wl,-O4 -Wl,--as-needed -Wl,-lpthread -Wl,-lgomp -Wl,-z,norelro -Wl,-z,now -Wl,--sort-common -s'
 * CXXFLAGS='-march=znver2 -pipe -g0 -O3 -fgraphite-identity -floop-nest-optimize -fdevirtualize-at-ltrans -fipa-pta -fno-semantic-interposition -flto=12 -fno-plt -fno-signed-zeros -fno-trapping-math -fassociative-math -freciprocal-math -fno-math-errno -ffinite-math-only -fno-rounding-math -fno-signaling-nans -fcx-limited-range -fexcess-precision=fast -falign-functions=32 -fno-stack-protector -fno-stack-clash-protection -fstack-check=no -fno-stack-check -fuse-linker-plugin -Wl,-O4 -Wl,--as-needed -Wl,-lpthread -Wl,-lgomp -Wl,-z,norelro -Wl,-z,now -Wl,--sort-common -s'
 * FFLAGS='-march=znver2 -pipe -g0 -O3 -fgraphite-identity -floop-nest-optimize -fdevirtualize-at-ltrans -fipa-pta -fno-semantic-interposition -flto=12 -fno-plt -fno-signed-zeros -fno-trapping-math -fassociative-math -freciprocal-math -fno-math-errno -ffinite-math-only -fno-rounding-math -fno-signaling-nans -fcx-limited-range -fexcess-precision=fast -falign-functions=32 -fno-stack-protector -fno-stack-clash-protection -fstack-check=no -fno-stack-check -fuse-linker-plugin -Wl,-O4 -Wl,--as-needed -Wl,-lpthread -Wl,-lgomp -Wl,-z,norelro -Wl,-z,now -Wl,--sort-common -s'
 * FCFLAGS='-march=znver2 -pipe -g0 -O3 -fgraphite-identity -floop-nest-optimize -fdevirtualize-at-ltrans -fipa-pta -fno-semantic-interposition -flto=12 -fno-plt -fno-signed-zeros -fno-trapping-math -fassociative-math -freciprocal-math -fno-math-errno -ffinite-math-only -fno-rounding-math -fno-signaling-nans -fcx-limited-range -fexcess-precision=fast -falign-functions=32 -fno-stack-protector -fno-stack-clash-protection -fstack-check=no -fno-stack-check -fuse-linker-plugin -Wl,-O4 -Wl,--as-needed -Wl,-lpthread -Wl,-lgomp -Wl,-z,norelro -Wl,-z,now -Wl,--sort-common -s'
 * F77FLAGS='-march=znver2 -pipe -g0 -O3 -fgraphite-identity -floop-nest-optimize -fdevirtualize-at-ltrans -fipa-pta -fno-semantic-interposition -flto=12 -fno-plt -fno-signed-zeros -fno-trapping-math -fassociative-math -freciprocal-math -fno-math-errno -ffinite-math-only -fno-rounding-math -fno-signaling-nans -fcx-limited-range -fexcess-precision=fast -falign-functions=32 -fno-stack-protector -fno-stack-clash-protection -fstack-check=no -fno-stack-check -fuse-linker-plugin -Wl,-O4 -Wl,--as-needed -Wl,-lpthread -Wl,-lgomp -Wl,-z,norelro -Wl,-z,now -Wl,--sort-common -s'
 * LDFLAGS='-march=znver2 -pipe -g0 -O3 -fgraphite-identity -floop-nest-optimize -fdevirtualize-at-ltrans -fipa-pta -fno-semantic-interposition -flto=12 -fno-plt -fno-signed-zeros -fno-trapping-math -fassociative-math -freciprocal-math -fno-math-errno -ffinite-math-only -fno-rounding-math -fno-signaling-nans -fcx-limited-range -fexcess-precision=fast -falign-functions=32 -fno-stack-protector -fno-stack-clash-protection -fstack-check=no -fno-stack-check -fuse-linker-plugin -Wl,-O4 -Wl,--as-needed -Wl,-lpthread -Wl,-lgomp -Wl,-z,norelro -Wl,-z,now -Wl,--sort-common -s'
 * MAKEOPTS='-j12 -l12'
 * gcc () 11.0.0 20200605 (experimental)
 * g++ () 11.0.0 20200605 (experimental)
 * GNU ld (Gentoo 2.34 p4) 2.34.0
 * Linux rescue 5.4.36 #1 SMP Thu Apr 30 04:38:28 UTC 2020 x86_64 AMD Ryzen 5 3600 6-Core Processor AuthenticAMD GNU/Linux
media-libs/libmetalink: 37 seconds average for 3 merges
2020-05-31T11:26:52 >>> media-libs/libmetalink: 54 seconds
2020-06-01T07:58:41 >>> media-libs/libmetalink: 36 seconds
2020-06-03T13:47:33 >>> media-libs/libmetalink: 22 seconds
]0;emerge 10:40:47 10|397 libmetalink 00:37 (root@rescue)kemerge 10:40:47 10|397 libmetalink 00:37 (root@rescue)\>>> Unpacking source...
>>> Unpacking libmetalink-0.1.3.tar.bz2 to /tmp/portage/media-libs/libmetalink-0.1.3-r1/work
>>> Source unpacked in /tmp/portage/media-libs/libmetalink-0.1.3-r1/work
>>> Preparing source in /tmp/portage/media-libs/libmetalink-0.1.3-r1/work/libmetalink-0.1.3 ...
>>> Source prepared.
>>> Configuring source in /tmp/portage/media-libs/libmetalink-0.1.3-r1/work/libmetalink-0.1.3 ...
 * abi_x86_64.amd64: running multilib-minimal_abi_src_configure
 * econf: updating libmetalink-0.1.3/config.guess with /usr/share/gnuconfig/config.guess
 * econf: updating libmetalink-0.1.3/config.sub with /usr/share/gnuconfig/config.sub
/tmp/portage/media-libs/libmetalink-0.1.3-r1/work/libmetalink-0.1.3/configure --prefix=/usr --build=x86_64-pc-linux-gnu --host=x86_64-pc-linux-gnu --mandir=/usr/share/man --infodir=/usr/share/info --datadir=/usr/share --sysconfdir=/etc --localstatedir=/var/lib --disable-dependency-tracking --disable-silent-rules --docdir=/usr/share/doc/libmetalink-0.1.3-r1 --htmldir=/usr/share/doc/libmetalink-0.1.3-r1/html --with-sysroot=/ --libdir=/usr/lib64 --with-libexpat --without-libxml2 --disable-static
checking build system type... x86_64-pc-linux-gnu
checking host system type... x86_64-pc-linux-gnu
checking how to print strings... printf
checking for x86_64-pc-linux-gnu-gcc... x86_64-pc-linux-gnu-gcc
checking whether the C compiler works... yes
checking for C compiler default output file name... a.out
checking for suffix of executables... 
checking whether we are cross compiling... no
checking for suffix of object files... o
checking whether we are using the GNU C compiler... yes
checking whether x86_64-pc-linux-gnu-gcc accepts -g... yes
checking for x86_64-pc-linux-gnu-gcc option to accept ISO C89... none needed
checking whether x86_64-pc-linux-gnu-gcc understands -c and -o together... yes
checking for a sed that does not truncate output... /bin/sed
checking for grep that handles long lines and -e... /bin/grep
checking for egrep... /bin/grep -E
checking for fgrep... /bin/grep -F
checking for ld used by x86_64-pc-linux-gnu-gcc... /usr/x86_64-pc-linux-gnu/bin/ld
checking if the linker (/usr/x86_64-pc-linux-gnu/bin/ld) is GNU ld... yes
checking for BSD- or MS-compatible name lister (nm)... /usr/bin/nm -B
checking the name lister (/usr/bin/nm -B) interface... BSD nm
checking whether ln -s works... yes
checking the maximum length of command line arguments... 1572864
checking whether the shell understands some XSI constructs... yes
checking whether the shell understands "+="... yes
checking how to convert x86_64-pc-linux-gnu file names to x86_64-pc-linux-gnu format... func_convert_file_noop
checking how to convert x86_64-pc-linux-gnu file names to toolchain format... func_convert_file_noop
checking for /usr/x86_64-pc-linux-gnu/bin/ld option to reload object files... -r
checking for x86_64-pc-linux-gnu-objdump... x86_64-pc-linux-gnu-objdump
checking how to recognize dependent libraries... pass_all
checking for x86_64-pc-linux-gnu-dlltool... x86_64-pc-linux-gnu-dlltool
checking how to associate runtime and link libraries... printf %s\n
checking for x86_64-pc-linux-gnu-ar... x86_64-pc-linux-gnu-ar
checking for archiver @FILE support... @
checking for x86_64-pc-linux-gnu-strip... x86_64-pc-linux-gnu-strip
checking for x86_64-pc-linux-gnu-ranlib... x86_64-pc-linux-gnu-ranlib
checking for gawk... gawk
checking command to parse /usr/bin/nm -B output from x86_64-pc-linux-gnu-gcc object... ok
checking for sysroot... /
checking for x86_64-pc-linux-gnu-mt... no
checking for mt... no
checking if : is a manifest tool... no
checking how to run the C preprocessor... x86_64-pc-linux-gnu-gcc -E
checking for ANSI C header files... yes
checking for sys/types.h... yes
checking for sys/stat.h... yes
checking for stdlib.h... yes
checking for string.h... yes
checking for memory.h... yes
checking for strings.h... yes
checking for inttypes.h... yes
checking for stdint.h... yes
checking for unistd.h... yes
checking for dlfcn.h... yes
checking for objdir... .libs
checking if x86_64-pc-linux-gnu-gcc supports -fno-rtti -fno-exceptions... no
checking for x86_64-pc-linux-gnu-gcc option to produce PIC... -fPIC -DPIC
checking if x86_64-pc-linux-gnu-gcc PIC flag -fPIC -DPIC works... yes
checking if x86_64-pc-linux-gnu-gcc static flag -static works... yes
checking if x86_64-pc-linux-gnu-gcc supports -c -o file.o... yes
checking if x86_64-pc-linux-gnu-gcc supports -c -o file.o... (cached) yes
checking whether the x86_64-pc-linux-gnu-gcc linker (/usr/x86_64-pc-linux-gnu/bin/ld -m elf_x86_64) supports shared libraries... yes
checking whether -lc should be explicitly linked in... no
checking dynamic linker characteristics... GNU/Linux ld.so
checking how to hardcode library paths into programs... immediate
checking whether stripping libraries is possible... yes
checking if libtool supports shared libraries... yes
checking whether to build shared libraries... yes
checking whether to build static libraries... no
checking target system type... x86_64-pc-linux-gnu
checking for a BSD-compatible install... /usr/lib/portage/python3.8/ebuild-helpers/xattr/install -c
checking whether build environment is sane... yes
checking for a thread-safe mkdir -p... /bin/mkdir -p
checking whether make sets $(MAKE)... yes
checking for style of include used by make... GNU
checking whether make supports nested variables... yes
checking dependency style of x86_64-pc-linux-gnu-gcc... none
checking for x86_64-pc-linux-gnu-gcc... (cached) x86_64-pc-linux-gnu-gcc
checking whether we are using the GNU C compiler... (cached) yes
checking whether x86_64-pc-linux-gnu-gcc accepts -g... (cached) yes
checking for x86_64-pc-linux-gnu-gcc option to accept ISO C89... (cached) none needed
checking whether x86_64-pc-linux-gnu-gcc understands -c and -o together... (cached) yes
checking for x86_64-pc-linux-gnu-pkg-config... /usr/bin/x86_64-pc-linux-gnu-pkg-config
checking pkg-config is at least version 0.9.0... yes
checking for EXPAT... yes
checking for CUNIT... yes
checking for ANSI C header files... (cached) yes
checking limits.h usability... yes
checking limits.h presence... yes
checking for limits.h... yes
checking for stdlib.h... (cached) yes
checking for string.h... (cached) yes
checking time64.h usability... no
checking time64.h presence... no
checking for time64.h... no
checking alloca.h usability... yes
checking alloca.h presence... yes
checking for alloca.h... yes
checking for inttypes.h... (cached) yes
checking for an ANSI C-conforming const... yes
checking for size_t... yes
checking for stdlib.h... (cached) yes
checking for GNU libc compatible malloc... yes
checking for memset... yes
checking for strtol... yes
checking for strtoll... yes
checking for timegm64... no
checking for _mkgmtime... no
checking for mkgmtime... no
checking for timegm... yes
checking for strptime... yes
checking that generated files are newer than configure... done
configure: creating ./config.status
config.status: creating Makefile
config.status: creating lib/Makefile
config.status: creating lib/libmetalink.pc
config.status: creating lib/includes/metalink/metalinkver.h
config.status: creating lib/includes/Makefile
config.status: creating test/Makefile
config.status: creating doc/Makefile
config.status: creating doc/examples/Makefile
config.status: creating doc/man3/Makefile
config.status: creating m4/Makefile
config.status: creating config.h
config.status: executing libtool commands
config.status: executing depfiles commands
configure: summary of build options:

    Version:        0.1.3 (0:1:3), shared 4:0:1
    Host type:      x86_64-pc-linux-gnu
    Install prefix: /usr
    C compiler:     x86_64-pc-linux-gnu-gcc
    CFLAGS:         -march=znver2 -pipe -g0 -O3 -fgraphite-identity -floop-nest-optimize -fdevirtualize-at-ltrans -fipa-pta -fno-semantic-interposition -flto=12 -fno-plt -fno-signed-zeros -fno-trapping-math -fassociative-math -freciprocal-math -fno-math-errno -ffinite-math-only -fno-rounding-math -fno-signaling-nans -fcx-limited-range -fexcess-precision=fast -falign-functions=32 -fno-stack-protector -fno-stack-clash-protection -fstack-check=no -fno-stack-check -fuse-linker-plugin -Wl,-O4 -Wl,--as-needed -Wl,-lpthread -Wl,-lgomp -Wl,-z,norelro -Wl,-z,now -Wl,--sort-common -s
    LDFLAGS:        -march=znver2 -pipe -g0 -O3 -fgraphite-identity -floop-nest-optimize -fdevirtualize-at-ltrans -fipa-pta -fno-semantic-interposition -flto=12 -fno-plt -fno-signed-zeros -fno-trapping-math -fassociative-math -freciprocal-math -fno-math-errno -ffinite-math-only -fno-rounding-math -fno-signaling-nans -fcx-limited-range -fexcess-precision=fast -falign-functions=32 -fno-stack-protector -fno-stack-clash-protection -fstack-check=no -fno-stack-check -fuse-linker-plugin -Wl,-O4 -Wl,--as-needed -Wl,-lpthread -Wl,-lgomp -Wl,-z,norelro -Wl,-z,now -Wl,--sort-common -s
    LIBS:           
    CPPFLAGS:       -DHAVE_INTTYPES_H 
    C preprocessor: x86_64-pc-linux-gnu-gcc -E
    Library types:  Shared=yes, Static=no
    Libexpat:       yes  -lexpat
    Libxml2:          
    CUnit:          yes  -lcunit

>>> Source configured.
>>> Compiling source in /tmp/portage/media-libs/libmetalink-0.1.3-r1/work/libmetalink-0.1.3 ...
 * abi_x86_64.amd64: running multilib-minimal_abi_src_compile
make -j12 -l12 
make  all-recursive
make[1]: Entering directory '/tmp/portage/media-libs/libmetalink-0.1.3-r1/work/libmetalink-0.1.3-abi_x86_64.amd64'
Making all in lib
make[2]: Entering directory '/tmp/portage/media-libs/libmetalink-0.1.3-r1/work/libmetalink-0.1.3-abi_x86_64.amd64/lib'
Making all in includes
make[3]: Entering directory '/tmp/portage/media-libs/libmetalink-0.1.3-r1/work/libmetalink-0.1.3-abi_x86_64.amd64/lib/includes'
make[3]: Nothing to be done for 'all'.
make[3]: Leaving directory '/tmp/portage/media-libs/libmetalink-0.1.3-r1/work/libmetalink-0.1.3-abi_x86_64.amd64/lib/includes'
make[3]: Entering directory '/tmp/portage/media-libs/libmetalink-0.1.3-r1/work/libmetalink-0.1.3-abi_x86_64.amd64/lib'
/bin/sh ../libtool  --tag=CC   --mode=compile x86_64-pc-linux-gnu-gcc -DHAVE_CONFIG_H -I. -I/tmp/portage/media-libs/libmetalink-0.1.3-r1/work/libmetalink-0.1.3/lib -I..  -I/tmp/portage/media-libs/libmetalink-0.1.3-r1/work/libmetalink-0.1.3/lib/includes -I./includes -DHAVE_CONFIG_H -DHAVE_INTTYPES_H   -march=znver2 -pipe -g0 -O3 -fgraphite-identity -floop-nest-optimize -fdevirtualize-at-ltrans -fipa-pta -fno-semantic-interposition -flto=12 -fno-plt -fno-signed-zeros -fno-trapping-math -fassociative-math -freciprocal-math -fno-math-errno -ffinite-math-only -fno-rounding-math -fno-signaling-nans -fcx-limited-range -fexcess-precision=fast -falign-functions=32 -fno-stack-protector -fno-stack-clash-protection -fstack-check=no -fno-stack-check -fuse-linker-plugin -Wl,-O4 -Wl,--as-needed -Wl,-lpthread -Wl,-lgomp -Wl,-z,norelro -Wl,-z,now -Wl,--sort-common -s -c -o metalink_types.lo /tmp/portage/media-libs/libmetalink-0.1.3-r1/work/libmetalink-0.1.3/lib/metalink_types.c
/bin/sh ../libtool  --tag=CC   --mode=compile x86_64-pc-linux-gnu-gcc -DHAVE_CONFIG_H -I. -I/tmp/portage/media-libs/libmetalink-0.1.3-r1/work/libmetalink-0.1.3/lib -I..  -I/tmp/portage/media-libs/libmetalink-0.1.3-r1/work/libmetalink-0.1.3/lib/includes -I./includes -DHAVE_CONFIG_H -DHAVE_INTTYPES_H   -march=znver2 -pipe -g0 -O3 -fgraphite-identity -floop-nest-optimize -fdevirtualize-at-ltrans -fipa-pta -fno-semantic-interposition -flto=12 -fno-plt -fno-signed-zeros -fno-trapping-math -fassociative-math -freciprocal-math -fno-math-errno -ffinite-math-only -fno-rounding-math -fno-signaling-nans -fcx-limited-range -fexcess-precision=fast -falign-functions=32 -fno-stack-protector -fno-stack-clash-protection -fstack-check=no -fno-stack-check -fuse-linker-plugin -Wl,-O4 -Wl,--as-needed -Wl,-lpthread -Wl,-lgomp -Wl,-z,norelro -Wl,-z,now -Wl,--sort-common -s -c -o metalink_pstm.lo /tmp/portage/media-libs/libmetalink-0.1.3-r1/work/libmetalink-0.1.3/lib/metalink_pstm.c
/bin/sh ../libtool  --tag=CC   --mode=compile x86_64-pc-linux-gnu-gcc -DHAVE_CONFIG_H -I. -I/tmp/portage/media-libs/libmetalink-0.1.3-r1/work/libmetalink-0.1.3/lib -I..  -I/tmp/portage/media-libs/libmetalink-0.1.3-r1/work/libmetalink-0.1.3/lib/includes -I./includes -DHAVE_CONFIG_H -DHAVE_INTTYPES_H   -march=znver2 -pipe -g0 -O3 -fgraphite-identity -floop-nest-optimize -fdevirtualize-at-ltrans -fipa-pta -fno-semantic-interposition -flto=12 -fno-plt -fno-signed-zeros -fno-trapping-math -fassociative-math -freciprocal-math -fno-math-errno -ffinite-math-only -fno-rounding-math -fno-signaling-nans -fcx-limited-range -fexcess-precision=fast -falign-functions=32 -fno-stack-protector -fno-stack-clash-protection -fstack-check=no -fno-stack-check -fuse-linker-plugin -Wl,-O4 -Wl,--as-needed -Wl,-lpthread -Wl,-lgomp -Wl,-z,norelro -Wl,-z,now -Wl,--sort-common -s -c -o metalink_pstate.lo /tmp/portage/media-libs/libmetalink-0.1.3-r1/work/libmetalink-0.1.3/lib/metalink_pstate.c
/bin/sh ../libtool  --tag=CC   --mode=compile x86_64-pc-linux-gnu-gcc -DHAVE_CONFIG_H -I. -I/tmp/portage/media-libs/libmetalink-0.1.3-r1/work/libmetalink-0.1.3/lib -I..  -I/tmp/portage/media-libs/libmetalink-0.1.3-r1/work/libmetalink-0.1.3/lib/includes -I./includes -DHAVE_CONFIG_H -DHAVE_INTTYPES_H   -march=znver2 -pipe -g0 -O3 -fgraphite-identity -floop-nest-optimize -fdevirtualize-at-ltrans -fipa-pta -fno-semantic-interposition -flto=12 -fno-plt -fno-signed-zeros -fno-trapping-math -fassociative-math -freciprocal-math -fno-math-errno -ffinite-math-only -fno-rounding-math -fno-signaling-nans -fcx-limited-range -fexcess-precision=fast -falign-functions=32 -fno-stack-protector -fno-stack-clash-protection -fstack-check=no -fno-stack-check -fuse-linker-plugin -Wl,-O4 -Wl,--as-needed -Wl,-lpthread -Wl,-lgomp -Wl,-z,norelro -Wl,-z,now -Wl,--sort-common -s -c -o metalink_pstate_v3.lo /tmp/portage/media-libs/libmetalink-0.1.3-r1/work/libmetalink-0.1.3/lib/metalink_pstate_v3.c
/bin/sh ../libtool  --tag=CC   --mode=compile x86_64-pc-linux-gnu-gcc -DHAVE_CONFIG_H -I. -I/tmp/portage/media-libs/libmetalink-0.1.3-r1/work/libmetalink-0.1.3/lib -I..  -I/tmp/portage/media-libs/libmetalink-0.1.3-r1/work/libmetalink-0.1.3/lib/includes -I./includes -DHAVE_CONFIG_H -DHAVE_INTTYPES_H   -march=znver2 -pipe -g0 -O3 -fgraphite-identity -floop-nest-optimize -fdevirtualize-at-ltrans -fipa-pta -fno-semantic-interposition -flto=12 -fno-plt -fno-signed-zeros -fno-trapping-math -fassociative-math -freciprocal-math -fno-math-errno -ffinite-math-only -fno-rounding-math -fno-signaling-nans -fcx-limited-range -fexcess-precision=fast -falign-functions=32 -fno-stack-protector -fno-stack-clash-protection -fstack-check=no -fno-stack-check -fuse-linker-plugin -Wl,-O4 -Wl,--as-needed -Wl,-lpthread -Wl,-lgomp -Wl,-z,norelro -Wl,-z,now -Wl,--sort-common -s -c -o metalink_pstate_v4.lo /tmp/portage/media-libs/libmetalink-0.1.3-r1/work/libmetalink-0.1.3/lib/metalink_pstate_v4.c
/bin/sh ../libtool  --tag=CC   --mode=compile x86_64-pc-linux-gnu-gcc -DHAVE_CONFIG_H -I. -I/tmp/portage/media-libs/libmetalink-0.1.3-r1/work/libmetalink-0.1.3/lib -I..  -I/tmp/portage/media-libs/libmetalink-0.1.3-r1/work/libmetalink-0.1.3/lib/includes -I./includes -DHAVE_CONFIG_H -DHAVE_INTTYPES_H   -march=znver2 -pipe -g0 -O3 -fgraphite-identity -floop-nest-optimize -fdevirtualize-at-ltrans -fipa-pta -fno-semantic-interposition -flto=12 -fno-plt -fno-signed-zeros -fno-trapping-math -fassociative-math -freciprocal-math -fno-math-errno -ffinite-math-only -fno-rounding-math -fno-signaling-nans -fcx-limited-range -fexcess-precision=fast -falign-functions=32 -fno-stack-protector -fno-stack-clash-protection -fstack-check=no -fno-stack-check -fuse-linker-plugin -Wl,-O4 -Wl,--as-needed -Wl,-lpthread -Wl,-lgomp -Wl,-z,norelro -Wl,-z,now -Wl,--sort-common -s -c -o metalink_pctrl.lo /tmp/portage/media-libs/libmetalink-0.1.3-r1/work/libmetalink-0.1.3/lib/metalink_pctrl.c
/bin/sh ../libtool  --tag=CC   --mode=compile x86_64-pc-linux-gnu-gcc -DHAVE_CONFIG_H -I. -I/tmp/portage/media-libs/libmetalink-0.1.3-r1/work/libmetalink-0.1.3/lib -I..  -I/tmp/portage/media-libs/libmetalink-0.1.3-r1/work/libmetalink-0.1.3/lib/includes -I./includes -DHAVE_CONFIG_H -DHAVE_INTTYPES_H   -march=znver2 -pipe -g0 -O3 -fgraphite-identity -floop-nest-optimize -fdevirtualize-at-ltrans -fipa-pta -fno-semantic-interposition -flto=12 -fno-plt -fno-signed-zeros -fno-trapping-math -fassociative-math -freciprocal-math -fno-math-errno -ffinite-math-only -fno-rounding-math -fno-signaling-nans -fcx-limited-range -fexcess-precision=fast -falign-functions=32 -fno-stack-protector -fno-stack-clash-protection -fstack-check=no -fno-stack-check -fuse-linker-plugin -Wl,-O4 -Wl,--as-needed -Wl,-lpthread -Wl,-lgomp -Wl,-z,norelro -Wl,-z,now -Wl,--sort-common -s -c -o metalink_parser_common.lo /tmp/portage/media-libs/libmetalink-0.1.3-r1/work/libmetalink-0.1.3/lib/metalink_parser_common.c
/bin/sh ../libtool  --tag=CC   --mode=compile x86_64-pc-linux-gnu-gcc -DHAVE_CONFIG_H -I. -I/tmp/portage/media-libs/libmetalink-0.1.3-r1/work/libmetalink-0.1.3/lib -I..  -I/tmp/portage/media-libs/libmetalink-0.1.3-r1/work/libmetalink-0.1.3/lib/includes -I./includes -DHAVE_CONFIG_H -DHAVE_INTTYPES_H   -march=znver2 -pipe -g0 -O3 -fgraphite-identity -floop-nest-optimize -fdevirtualize-at-ltrans -fipa-pta -fno-semantic-interposition -flto=12 -fno-plt -fno-signed-zeros -fno-trapping-math -fassociative-math -freciprocal-math -fno-math-errno -ffinite-math-only -fno-rounding-math -fno-signaling-nans -fcx-limited-range -fexcess-precision=fast -falign-functions=32 -fno-stack-protector -fno-stack-clash-protection -fstack-check=no -fno-stack-check -fuse-linker-plugin -Wl,-O4 -Wl,--as-needed -Wl,-lpthread -Wl,-lgomp -Wl,-z,norelro -Wl,-z,now -Wl,--sort-common -s -c -o metalink_session_data.lo /tmp/portage/media-libs/libmetalink-0.1.3-r1/work/libmetalink-0.1.3/lib/metalink_session_data.c
/bin/sh ../libtool  --tag=CC   --mode=compile x86_64-pc-linux-gnu-gcc -DHAVE_CONFIG_H -I. -I/tmp/portage/media-libs/libmetalink-0.1.3-r1/work/libmetalink-0.1.3/lib -I..  -I/tmp/portage/media-libs/libmetalink-0.1.3-r1/work/libmetalink-0.1.3/lib/includes -I./includes -DHAVE_CONFIG_H -DHAVE_INTTYPES_H   -march=znver2 -pipe -g0 -O3 -fgraphite-identity -floop-nest-optimize -fdevirtualize-at-ltrans -fipa-pta -fno-semantic-interposition -flto=12 -fno-plt -fno-signed-zeros -fno-trapping-math -fassociative-math -freciprocal-math -fno-math-errno -ffinite-math-only -fno-rounding-math -fno-signaling-nans -fcx-limited-range -fexcess-precision=fast -falign-functions=32 -fno-stack-protector -fno-stack-clash-protection -fstack-check=no -fno-stack-check -fuse-linker-plugin -Wl,-O4 -Wl,--as-needed -Wl,-lpthread -Wl,-lgomp -Wl,-z,norelro -Wl,-z,now -Wl,--sort-common -s -c -o metalink_stack.lo /tmp/portage/media-libs/libmetalink-0.1.3-r1/work/libmetalink-0.1.3/lib/metalink_stack.c
/bin/sh ../libtool  --tag=CC   --mode=compile x86_64-pc-linux-gnu-gcc -DHAVE_CONFIG_H -I. -I/tmp/portage/media-libs/libmetalink-0.1.3-r1/work/libmetalink-0.1.3/lib -I..  -I/tmp/portage/media-libs/libmetalink-0.1.3-r1/work/libmetalink-0.1.3/lib/includes -I./includes -DHAVE_CONFIG_H -DHAVE_INTTYPES_H   -march=znver2 -pipe -g0 -O3 -fgraphite-identity -floop-nest-optimize -fdevirtualize-at-ltrans -fipa-pta -fno-semantic-interposition -flto=12 -fno-plt -fno-signed-zeros -fno-trapping-math -fassociative-math -freciprocal-math -fno-math-errno -ffinite-math-only -fno-rounding-math -fno-signaling-nans -fcx-limited-range -fexcess-precision=fast -falign-functions=32 -fno-stack-protector -fno-stack-clash-protection -fstack-check=no -fno-stack-check -fuse-linker-plugin -Wl,-O4 -Wl,--as-needed -Wl,-lpthread -Wl,-lgomp -Wl,-z,norelro -Wl,-z,now -Wl,--sort-common -s -c -o metalink_list.lo /tmp/portage/media-libs/libmetalink-0.1.3-r1/work/libmetalink-0.1.3/lib/metalink_list.c
/bin/sh ../libtool  --tag=CC   --mode=compile x86_64-pc-linux-gnu-gcc -DHAVE_CONFIG_H -I. -I/tmp/portage/media-libs/libmetalink-0.1.3-r1/work/libmetalink-0.1.3/lib -I..  -I/tmp/portage/media-libs/libmetalink-0.1.3-r1/work/libmetalink-0.1.3/lib/includes -I./includes -DHAVE_CONFIG_H -DHAVE_INTTYPES_H   -march=znver2 -pipe -g0 -O3 -fgraphite-identity -floop-nest-optimize -fdevirtualize-at-ltrans -fipa-pta -fno-semantic-interposition -flto=12 -fno-plt -fno-signed-zeros -fno-trapping-math -fassociative-math -freciprocal-math -fno-math-errno -ffinite-math-only -fno-rounding-math -fno-signaling-nans -fcx-limited-range -fexcess-precision=fast -falign-functions=32 -fno-stack-protector -fno-stack-clash-protection -fstack-check=no -fno-stack-check -fuse-linker-plugin -Wl,-O4 -Wl,--as-needed -Wl,-lpthread -Wl,-lgomp -Wl,-z,norelro -Wl,-z,now -Wl,--sort-common -s -c -o metalink_string_buffer.lo /tmp/portage/media-libs/libmetalink-0.1.3-r1/work/libmetalink-0.1.3/lib/metalink_string_buffer.c
/bin/sh ../libtool  --tag=CC   --mode=compile x86_64-pc-linux-gnu-gcc -DHAVE_CONFIG_H -I. -I/tmp/portage/media-libs/libmetalink-0.1.3-r1/work/libmetalink-0.1.3/lib -I..  -I/tmp/portage/media-libs/libmetalink-0.1.3-r1/work/libmetalink-0.1.3/lib/includes -I./includes -DHAVE_CONFIG_H -DHAVE_INTTYPES_H   -march=znver2 -pipe -g0 -O3 -fgraphite-identity -floop-nest-optimize -fdevirtualize-at-ltrans -fipa-pta -fno-semantic-interposition -flto=12 -fno-plt -fno-signed-zeros -fno-trapping-math -fassociative-math -freciprocal-math -fno-math-errno -ffinite-math-only -fno-rounding-math -fno-signaling-nans -fcx-limited-range -fexcess-precision=fast -falign-functions=32 -fno-stack-protector -fno-stack-clash-protection -fstack-check=no -fno-stack-check -fuse-linker-plugin -Wl,-O4 -Wl,--as-needed -Wl,-lpthread -Wl,-lgomp -Wl,-z,norelro -Wl,-z,now -Wl,--sort-common -s -c -o metalink_helper.lo /tmp/portage/media-libs/libmetalink-0.1.3-r1/work/libmetalink-0.1.3/lib/metalink_helper.c
libtool: compile:  x86_64-pc-linux-gnu-gcc -DHAVE_CONFIG_H -I. -I/tmp/portage/media-libs/libmetalink-0.1.3-r1/work/libmetalink-0.1.3/lib -I.. -I/tmp/portage/media-libs/libmetalink-0.1.3-r1/work/libmetalink-0.1.3/lib/includes -I./includes -DHAVE_CONFIG_H -DHAVE_INTTYPES_H -march=znver2 -pipe -g0 -O3 -fgraphite-identity -floop-nest-optimize -fdevirtualize-at-ltrans -fipa-pta -fno-semantic-interposition -flto=12 -fno-plt -fno-signed-zeros -fno-trapping-math -fassociative-math -freciprocal-math -fno-math-errno -ffinite-math-only -fno-rounding-math -fno-signaling-nans -fcx-limited-range -fexcess-precision=fast -falign-functions=32 -fno-stack-protector -fno-stack-clash-protection -fstack-check=no -fno-stack-check -fuse-linker-plugin -Wl,-O4 -Wl,--as-needed -Wl,-lpthread -Wl,-lgomp -Wl,-z,norelro -Wl,-z,now -Wl,--sort-common -s -c /tmp/portage/media-libs/libmetalink-0.1.3-r1/work/libmetalink-0.1.3/lib/metalink_types.c  -fPIC -DPIC -o .libs/metalink_types.o
libtool: compile:  x86_64-pc-linux-gnu-gcc -DHAVE_CONFIG_H -I. -I/tmp/portage/media-libs/libmetalink-0.1.3-r1/work/libmetalink-0.1.3/lib -I.. -I/tmp/portage/media-libs/libmetalink-0.1.3-r1/work/libmetalink-0.1.3/lib/includes -I./includes -DHAVE_CONFIG_H -DHAVE_INTTYPES_H -march=znver2 -pipe -g0 -O3 -fgraphite-identity -floop-nest-optimize -fdevirtualize-at-ltrans -fipa-pta -fno-semantic-interposition -flto=12 -fno-plt -fno-signed-zeros -fno-trapping-math -fassociative-math -freciprocal-math -fno-math-errno -ffinite-math-only -fno-rounding-math -fno-signaling-nans -fcx-limited-range -fexcess-precision=fast -falign-functions=32 -fno-stack-protector -fno-stack-clash-protection -fstack-check=no -fno-stack-check -fuse-linker-plugin -Wl,-O4 -Wl,--as-needed -Wl,-lpthread -Wl,-lgomp -Wl,-z,norelro -Wl,-z,now -Wl,--sort-common -s -c /tmp/portage/media-libs/libmetalink-0.1.3-r1/work/libmetalink-0.1.3/lib/metalink_pctrl.c  -fPIC -DPIC -o .libs/metalink_pctrl.o
libtool: compile:  x86_64-pc-linux-gnu-gcc -DHAVE_CONFIG_H -I. -I/tmp/portage/media-libs/libmetalink-0.1.3-r1/work/libmetalink-0.1.3/lib -I.. -I/tmp/portage/media-libs/libmetalink-0.1.3-r1/work/libmetalink-0.1.3/lib/includes -I./includes -DHAVE_CONFIG_H -DHAVE_INTTYPES_H -march=znver2 -pipe -g0 -O3 -fgraphite-identity -floop-nest-optimize -fdevirtualize-at-ltrans -fipa-pta -fno-semantic-interposition -flto=12 -fno-plt -fno-signed-zeros -fno-trapping-math -fassociative-math -freciprocal-math -fno-math-errno -ffinite-math-only -fno-rounding-math -fno-signaling-nans -fcx-limited-range -fexcess-precision=fast -falign-functions=32 -fno-stack-protector -fno-stack-clash-protection -fstack-check=no -fno-stack-check -fuse-linker-plugin -Wl,-O4 -Wl,--as-needed -Wl,-lpthread -Wl,-lgomp -Wl,-z,norelro -Wl,-z,now -Wl,--sort-common -s -c /tmp/portage/media-libs/libmetalink-0.1.3-r1/work/libmetalink-0.1.3/lib/metalink_session_data.c  -fPIC -DPIC -o .libs/metalink_session_data.o
libtool: compile:  x86_64-pc-linux-gnu-gcc -DHAVE_CONFIG_H -I. -I/tmp/portage/media-libs/libmetalink-0.1.3-r1/work/libmetalink-0.1.3/lib -I.. -I/tmp/portage/media-libs/libmetalink-0.1.3-r1/work/libmetalink-0.1.3/lib/includes -I./includes -DHAVE_CONFIG_H -DHAVE_INTTYPES_H -march=znver2 -pipe -g0 -O3 -fgraphite-identity -floop-nest-optimize -fdevirtualize-at-ltrans -fipa-pta -fno-semantic-interposition -flto=12 -fno-plt -fno-signed-zeros -fno-trapping-math -fassociative-math -freciprocal-math -fno-math-errno -ffinite-math-only -fno-rounding-math -fno-signaling-nans -fcx-limited-range -fexcess-precision=fast -falign-functions=32 -fno-stack-protector -fno-stack-clash-protection -fstack-check=no -fno-stack-check -fuse-linker-plugin -Wl,-O4 -Wl,--as-needed -Wl,-lpthread -Wl,-lgomp -Wl,-z,norelro -Wl,-z,now -Wl,--sort-common -s -c /tmp/portage/media-libs/libmetalink-0.1.3-r1/work/libmetalink-0.1.3/lib/metalink_pstate.c  -fPIC -DPIC -o .libs/metalink_pstate.o
libtool: compile:  x86_64-pc-linux-gnu-gcc -DHAVE_CONFIG_H -I. -I/tmp/portage/media-libs/libmetalink-0.1.3-r1/work/libmetalink-0.1.3/lib -I.. -I/tmp/portage/media-libs/libmetalink-0.1.3-r1/work/libmetalink-0.1.3/lib/includes -I./includes -DHAVE_CONFIG_H -DHAVE_INTTYPES_H -march=znver2 -pipe -g0 -O3 -fgraphite-identity -floop-nest-optimize -fdevirtualize-at-ltrans -fipa-pta -fno-semantic-interposition -flto=12 -fno-plt -fno-signed-zeros -fno-trapping-math -fassociative-math -freciprocal-math -fno-math-errno -ffinite-math-only -fno-rounding-math -fno-signaling-nans -fcx-limited-range -fexcess-precision=fast -falign-functions=32 -fno-stack-protector -fno-stack-clash-protection -fstack-check=no -fno-stack-check -fuse-linker-plugin -Wl,-O4 -Wl,--as-needed -Wl,-lpthread -Wl,-lgomp -Wl,-z,norelro -Wl,-z,now -Wl,--sort-common -s -c /tmp/portage/media-libs/libmetalink-0.1.3-r1/work/libmetalink-0.1.3/lib/metalink_pstm.c  -fPIC -DPIC -o .libs/metalink_pstm.o
libtool: compile:  x86_64-pc-linux-gnu-gcc -DHAVE_CONFIG_H -I. -I/tmp/portage/media-libs/libmetalink-0.1.3-r1/work/libmetalink-0.1.3/lib -I.. -I/tmp/portage/media-libs/libmetalink-0.1.3-r1/work/libmetalink-0.1.3/lib/includes -I./includes -DHAVE_CONFIG_H -DHAVE_INTTYPES_H -march=znver2 -pipe -g0 -O3 -fgraphite-identity -floop-nest-optimize -fdevirtualize-at-ltrans -fipa-pta -fno-semantic-interposition -flto=12 -fno-plt -fno-signed-zeros -fno-trapping-math -fassociative-math -freciprocal-math -fno-math-errno -ffinite-math-only -fno-rounding-math -fno-signaling-nans -fcx-limited-range -fexcess-precision=fast -falign-functions=32 -fno-stack-protector -fno-stack-clash-protection -fstack-check=no -fno-stack-check -fuse-linker-plugin -Wl,-O4 -Wl,--as-needed -Wl,-lpthread -Wl,-lgomp -Wl,-z,norelro -Wl,-z,now -Wl,--sort-common -s -c /tmp/portage/media-libs/libmetalink-0.1.3-r1/work/libmetalink-0.1.3/lib/metalink_pstate_v3.c  -fPIC -DPIC -o .libs/metalink_pstate_v3.o
libtool: compile:  x86_64-pc-linux-gnu-gcc -DHAVE_CONFIG_H -I. -I/tmp/portage/media-libs/libmetalink-0.1.3-r1/work/libmetalink-0.1.3/lib -I.. -I/tmp/portage/media-libs/libmetalink-0.1.3-r1/work/libmetalink-0.1.3/lib/includes -I./includes -DHAVE_CONFIG_H -DHAVE_INTTYPES_H -march=znver2 -pipe -g0 -O3 -fgraphite-identity -floop-nest-optimize -fdevirtualize-at-ltrans -fipa-pta -fno-semantic-interposition -flto=12 -fno-plt -fno-signed-zeros -fno-trapping-math -fassociative-math -freciprocal-math -fno-math-errno -ffinite-math-only -fno-rounding-math -fno-signaling-nans -fcx-limited-range -fexcess-precision=fast -falign-functions=32 -fno-stack-protector -fno-stack-clash-protection -fstack-check=no -fno-stack-check -fuse-linker-plugin -Wl,-O4 -Wl,--as-needed -Wl,-lpthread -Wl,-lgomp -Wl,-z,norelro -Wl,-z,now -Wl,--sort-common -s -c /tmp/portage/media-libs/libmetalink-0.1.3-r1/work/libmetalink-0.1.3/lib/metalink_stack.c  -fPIC -DPIC -o .libs/metalink_stack.o
libtool: compile:  x86_64-pc-linux-gnu-gcc -DHAVE_CONFIG_H -I. -I/tmp/portage/media-libs/libmetalink-0.1.3-r1/work/libmetalink-0.1.3/lib -I.. -I/tmp/portage/media-libs/libmetalink-0.1.3-r1/work/libmetalink-0.1.3/lib/includes -I./includes -DHAVE_CONFIG_H -DHAVE_INTTYPES_H -march=znver2 -pipe -g0 -O3 -fgraphite-identity -floop-nest-optimize -fdevirtualize-at-ltrans -fipa-pta -fno-semantic-interposition -flto=12 -fno-plt -fno-signed-zeros -fno-trapping-math -fassociative-math -freciprocal-math -fno-math-errno -ffinite-math-only -fno-rounding-math -fno-signaling-nans -fcx-limited-range -fexcess-precision=fast -falign-functions=32 -fno-stack-protector -fno-stack-clash-protection -fstack-check=no -fno-stack-check -fuse-linker-plugin -Wl,-O4 -Wl,--as-needed -Wl,-lpthread -Wl,-lgomp -Wl,-z,norelro -Wl,-z,now -Wl,--sort-common -s -c /tmp/portage/media-libs/libmetalink-0.1.3-r1/work/libmetalink-0.1.3/lib/metalink_string_buffer.c  -fPIC -DPIC -o .libs/metalink_string_buffer.o
libtool: compile:  x86_64-pc-linux-gnu-gcc -DHAVE_CONFIG_H -I. -I/tmp/portage/media-libs/libmetalink-0.1.3-r1/work/libmetalink-0.1.3/lib -I.. -I/tmp/portage/media-libs/libmetalink-0.1.3-r1/work/libmetalink-0.1.3/lib/includes -I./includes -DHAVE_CONFIG_H -DHAVE_INTTYPES_H -march=znver2 -pipe -g0 -O3 -fgraphite-identity -floop-nest-optimize -fdevirtualize-at-ltrans -fipa-pta -fno-semantic-interposition -flto=12 -fno-plt -fno-signed-zeros -fno-trapping-math -fassociative-math -freciprocal-math -fno-math-errno -ffinite-math-only -fno-rounding-math -fno-signaling-nans -fcx-limited-range -fexcess-precision=fast -falign-functions=32 -fno-stack-protector -fno-stack-clash-protection -fstack-check=no -fno-stack-check -fuse-linker-plugin -Wl,-O4 -Wl,--as-needed -Wl,-lpthread -Wl,-lgomp -Wl,-z,norelro -Wl,-z,now -Wl,--sort-common -s -c /tmp/portage/media-libs/libmetalink-0.1.3-r1/work/libmetalink-0.1.3/lib/metalink_pstate_v4.c  -fPIC -DPIC -o .libs/metalink_pstate_v4.o
libtool: compile:  x86_64-pc-linux-gnu-gcc -DHAVE_CONFIG_H -I. -I/tmp/portage/media-libs/libmetalink-0.1.3-r1/work/libmetalink-0.1.3/lib -I.. -I/tmp/portage/media-libs/libmetalink-0.1.3-r1/work/libmetalink-0.1.3/lib/includes -I./includes -DHAVE_CONFIG_H -DHAVE_INTTYPES_H -march=znver2 -pipe -g0 -O3 -fgraphite-identity -floop-nest-optimize -fdevirtualize-at-ltrans -fipa-pta -fno-semantic-interposition -flto=12 -fno-plt -fno-signed-zeros -fno-trapping-math -fassociative-math -freciprocal-math -fno-math-errno -ffinite-math-only -fno-rounding-math -fno-signaling-nans -fcx-limited-range -fexcess-precision=fast -falign-functions=32 -fno-stack-protector -fno-stack-clash-protection -fstack-check=no -fno-stack-check -fuse-linker-plugin -Wl,-O4 -Wl,--as-needed -Wl,-lpthread -Wl,-lgomp -Wl,-z,norelro -Wl,-z,now -Wl,--sort-common -s -c /tmp/portage/media-libs/libmetalink-0.1.3-r1/work/libmetalink-0.1.3/lib/metalink_helper.c  -fPIC -DPIC -o .libs/metalink_helper.o
libtool: compile:  x86_64-pc-linux-gnu-gcc -DHAVE_CONFIG_H -I. -I/tmp/portage/media-libs/libmetalink-0.1.3-r1/work/libmetalink-0.1.3/lib -I.. -I/tmp/portage/media-libs/libmetalink-0.1.3-r1/work/libmetalink-0.1.3/lib/includes -I./includes -DHAVE_CONFIG_H -DHAVE_INTTYPES_H -march=znver2 -pipe -g0 -O3 -fgraphite-identity -floop-nest-optimize -fdevirtualize-at-ltrans -fipa-pta -fno-semantic-interposition -flto=12 -fno-plt -fno-signed-zeros -fno-trapping-math -fassociative-math -freciprocal-math -fno-math-errno -ffinite-math-only -fno-rounding-math -fno-signaling-nans -fcx-limited-range -fexcess-precision=fast -falign-functions=32 -fno-stack-protector -fno-stack-clash-protection -fstack-check=no -fno-stack-check -fuse-linker-plugin -Wl,-O4 -Wl,--as-needed -Wl,-lpthread -Wl,-lgomp -Wl,-z,norelro -Wl,-z,now -Wl,--sort-common -s -c /tmp/portage/media-libs/libmetalink-0.1.3-r1/work/libmetalink-0.1.3/lib/metalink_list.c  -fPIC -DPIC -o .libs/metalink_list.o
libtool: compile:  x86_64-pc-linux-gnu-gcc -DHAVE_CONFIG_H -I. -I/tmp/portage/media-libs/libmetalink-0.1.3-r1/work/libmetalink-0.1.3/lib -I.. -I/tmp/portage/media-libs/libmetalink-0.1.3-r1/work/libmetalink-0.1.3/lib/includes -I./includes -DHAVE_CONFIG_H -DHAVE_INTTYPES_H -march=znver2 -pipe -g0 -O3 -fgraphite-identity -floop-nest-optimize -fdevirtualize-at-ltrans -fipa-pta -fno-semantic-interposition -flto=12 -fno-plt -fno-signed-zeros -fno-trapping-math -fassociative-math -freciprocal-math -fno-math-errno -ffinite-math-only -fno-rounding-math -fno-signaling-nans -fcx-limited-range -fexcess-precision=fast -falign-functions=32 -fno-stack-protector -fno-stack-clash-protection -fstack-check=no -fno-stack-check -fuse-linker-plugin -Wl,-O4 -Wl,--as-needed -Wl,-lpthread -Wl,-lgomp -Wl,-z,norelro -Wl,-z,now -Wl,--sort-common -s -c /tmp/portage/media-libs/libmetalink-0.1.3-r1/work/libmetalink-0.1.3/lib/metalink_parser_common.c  -fPIC -DPIC -o .libs/metalink_parser_common.o
In file included from /usr/include/time.h:25,
                 from ../../libmetalink-0.1.3/lib/includes/metalink/metalink_types.h:29,
                 from ../../libmetalink-0.1.3/lib/includes/metalink/metalink.h:33,
                 from ../../libmetalink-0.1.3/lib/metalink_pstate_v3.h:31,
                 from ../../libmetalink-0.1.3/lib/metalink_pstate_v3.c:26:
/usr/include/features.h:187:3: warning: #warning "_BSD_SOURCE and _SVID_SOURCE are deprecated, use _DEFAULT_SOURCE" [-Wcpp]
  187 | # warning "_BSD_SOURCE and _SVID_SOURCE are deprecated, use _DEFAULT_SOURCE"
      |   ^~~~~~~
In file included from /usr/include/time.h:25,
                 from ../../libmetalink-0.1.3/lib/includes/metalink/metalink_types.h:29,
                 from ../../libmetalink-0.1.3/lib/includes/metalink/metalink.h:33,
                 from ../../libmetalink-0.1.3/lib/metalink_stack.h:31,
                 from ../../libmetalink-0.1.3/lib/metalink_stack.c:26:
/usr/include/features.h:187:3: warning: #warning "_BSD_SOURCE and _SVID_SOURCE are deprecated, use _DEFAULT_SOURCE" [-Wcpp]
  187 | # warning "_BSD_SOURCE and _SVID_SOURCE are deprecated, use _DEFAULT_SOURCE"
      |   ^~~~~~~
In file included from /usr/include/time.h:25,
                 from ../../libmetalink-0.1.3/lib/includes/metalink/metalink_types.h:29,
                 from ../../libmetalink-0.1.3/lib/includes/metalink/metalink.h:33,
                 from ../../libmetalink-0.1.3/lib/metalink_pstate.h:31,
                 from ../../libmetalink-0.1.3/lib/metalink_pstate.c:26:
/usr/include/features.h:187:3: warning: #warning "_BSD_SOURCE and _SVID_SOURCE are deprecated, use _DEFAULT_SOURCE" [-Wcpp]
  187 | # warning "_BSD_SOURCE and _SVID_SOURCE are deprecated, use _DEFAULT_SOURCE"
      |   ^~~~~~~
In file included from /usr/include/time.h:25,
                 from ../../libmetalink-0.1.3/lib/includes/metalink/metalink_types.h:29,
                 from ../../libmetalink-0.1.3/lib/includes/metalink/metalink.h:33,
                 from ../../libmetalink-0.1.3/lib/metalink_parser_common.h:31,
                 from ../../libmetalink-0.1.3/lib/metalink_parser_common.c:26:
/usr/include/features.h:187:3: warning: #warning "_BSD_SOURCE and _SVID_SOURCE are deprecated, use _DEFAULT_SOURCE" [-Wcpp]
  187 | # warning "_BSD_SOURCE and _SVID_SOURCE are deprecated, use _DEFAULT_SOURCE"
      |   ^~~~~~~
In file included from /usr/include/time.h:25,
                 from ../../libmetalink-0.1.3/lib/includes/metalink/metalink_types.h:29,
                 from ../../libmetalink-0.1.3/lib/includes/metalink/metalink.h:33,
                 from ../../libmetalink-0.1.3/lib/metalink_session_data.h:31,
                 from ../../libmetalink-0.1.3/lib/metalink_session_data.c:26:
/usr/include/features.h:187:3: warning: #warning "_BSD_SOURCE and _SVID_SOURCE are deprecated, use _DEFAULT_SOURCE" [-Wcpp]
  187 | # warning "_BSD_SOURCE and _SVID_SOURCE are deprecated, use _DEFAULT_SOURCE"
      |   ^~~~~~~
In file included from /usr/include/time.h:25,
                 from ../../libmetalink-0.1.3/lib/includes/metalink/metalink_types.h:29,
                 from ../../libmetalink-0.1.3/lib/includes/metalink/metalink.h:33,
                 from ../../libmetalink-0.1.3/lib/metalink_pstate_v4.h:31,
                 from ../../libmetalink-0.1.3/lib/metalink_pstate_v4.c:26:
/usr/include/features.h:187:3: warning: #warning "_BSD_SOURCE and _SVID_SOURCE are deprecated, use _DEFAULT_SOURCE" [-Wcpp]
  187 | # warning "_BSD_SOURCE and _SVID_SOURCE are deprecated, use _DEFAULT_SOURCE"
      |   ^~~~~~~
In file included from /usr/include/time.h:25,
                 from ../../libmetalink-0.1.3/lib/includes/metalink/metalink_types.h:29,
                 from ../../libmetalink-0.1.3/lib/includes/metalink/metalink.h:33,
                 from ../../libmetalink-0.1.3/lib/metalink_pctrl.h:31,
                 from ../../libmetalink-0.1.3/lib/metalink_pctrl.c:26:
/usr/include/features.h:187:3: warning: #warning "_BSD_SOURCE and _SVID_SOURCE are deprecated, use _DEFAULT_SOURCE" [-Wcpp]
  187 | # warning "_BSD_SOURCE and _SVID_SOURCE are deprecated, use _DEFAULT_SOURCE"
      |   ^~~~~~~
In file included from /usr/include/bits/libc-header-start.h:33,
                 from /usr/include/stdlib.h:25,
                 from ../../libmetalink-0.1.3/lib/metalink_list.h:31,
                 from ../../libmetalink-0.1.3/lib/metalink_list.c:26:
/usr/include/features.h:187:3: warning: #warning "_BSD_SOURCE and _SVID_SOURCE are deprecated, use _DEFAULT_SOURCE" [-Wcpp]
  187 | # warning "_BSD_SOURCE and _SVID_SOURCE are deprecated, use _DEFAULT_SOURCE"
      |   ^~~~~~~
In file included from /usr/include/time.h:25,
                 from ../../libmetalink-0.1.3/lib/includes/metalink/metalink_types.h:29,
                 from ../../libmetalink-0.1.3/lib/includes/metalink/metalink.h:33,
                 from ../../libmetalink-0.1.3/lib/metalink_helper.h:31,
                 from ../../libmetalink-0.1.3/lib/metalink_helper.c:26:
/usr/include/features.h:187:3: warning: #warning "_BSD_SOURCE and _SVID_SOURCE are deprecated, use _DEFAULT_SOURCE" [-Wcpp]
  187 | # warning "_BSD_SOURCE and _SVID_SOURCE are deprecated, use _DEFAULT_SOURCE"
      |   ^~~~~~~
/bin/sh ../libtool  --tag=CC   --mode=compile x86_64-pc-linux-gnu-gcc -DHAVE_CONFIG_H -I. -I/tmp/portage/media-libs/libmetalink-0.1.3-r1/work/libmetalink-0.1.3/lib -I..  -I/tmp/portage/media-libs/libmetalink-0.1.3-r1/work/libmetalink-0.1.3/lib/includes -I./includes -DHAVE_CONFIG_H -DHAVE_INTTYPES_H   -march=znver2 -pipe -g0 -O3 -fgraphite-identity -floop-nest-optimize -fdevirtualize-at-ltrans -fipa-pta -fno-semantic-interposition -flto=12 -fno-plt -fno-signed-zeros -fno-trapping-math -fassociative-math -freciprocal-math -fno-math-errno -ffinite-math-only -fno-rounding-math -fno-signaling-nans -fcx-limited-range -fexcess-precision=fast -falign-functions=32 -fno-stack-protector -fno-stack-clash-protection -fstack-check=no -fno-stack-check -fuse-linker-plugin -Wl,-O4 -Wl,--as-needed -Wl,-lpthread -Wl,-lgomp -Wl,-z,norelro -Wl,-z,now -Wl,--sort-common -s -c -o libexpat_metalink_parser.lo /tmp/portage/media-libs/libmetalink-0.1.3-r1/work/libmetalink-0.1.3/lib/libexpat_metalink_parser.c
In file included from /usr/include/bits/libc-header-start.h:33,
                 from /usr/include/stdlib.h:25,
                 from ../../libmetalink-0.1.3/lib/metalink_string_buffer.h:31,
                 from ../../libmetalink-0.1.3/lib/metalink_string_buffer.c:26:
/usr/include/features.h:187:3: warning: #warning "_BSD_SOURCE and _SVID_SOURCE are deprecated, use _DEFAULT_SOURCE" [-Wcpp]
  187 | # warning "_BSD_SOURCE and _SVID_SOURCE are deprecated, use _DEFAULT_SOURCE"
      |   ^~~~~~~
In file included from /usr/include/time.h:25,
                 from ../../libmetalink-0.1.3/lib/includes/metalink/metalink_types.h:29,
                 from ../../libmetalink-0.1.3/lib/includes/metalink/metalink.h:33,
                 from ../../libmetalink-0.1.3/lib/metalink_pstm.h:31,
                 from ../../libmetalink-0.1.3/lib/metalink_pstm.c:26:
/usr/include/features.h:187:3: warning: #warning "_BSD_SOURCE and _SVID_SOURCE are deprecated, use _DEFAULT_SOURCE" [-Wcpp]
  187 | # warning "_BSD_SOURCE and _SVID_SOURCE are deprecated, use _DEFAULT_SOURCE"
      |   ^~~~~~~
libtool: compile:  x86_64-pc-linux-gnu-gcc -DHAVE_CONFIG_H -I. -I/tmp/portage/media-libs/libmetalink-0.1.3-r1/work/libmetalink-0.1.3/lib -I.. -I/tmp/portage/media-libs/libmetalink-0.1.3-r1/work/libmetalink-0.1.3/lib/includes -I./includes -DHAVE_CONFIG_H -DHAVE_INTTYPES_H -march=znver2 -pipe -g0 -O3 -fgraphite-identity -floop-nest-optimize -fdevirtualize-at-ltrans -fipa-pta -fno-semantic-interposition -flto=12 -fno-plt -fno-signed-zeros -fno-trapping-math -fassociative-math -freciprocal-math -fno-math-errno -ffinite-math-only -fno-rounding-math -fno-signaling-nans -fcx-limited-range -fexcess-precision=fast -falign-functions=32 -fno-stack-protector -fno-stack-clash-protection -fstack-check=no -fno-stack-check -fuse-linker-plugin -Wl,-O4 -Wl,--as-needed -Wl,-lpthread -Wl,-lgomp -Wl,-z,norelro -Wl,-z,now -Wl,--sort-common -s -c /tmp/portage/media-libs/libmetalink-0.1.3-r1/work/libmetalink-0.1.3/lib/libexpat_metalink_parser.c  -fPIC -DPIC -o .libs/libexpat_metalink_parser.o
/bin/sh ../libtool  --tag=CC   --mode=link x86_64-pc-linux-gnu-gcc  -march=znver2 -pipe -g0 -O3 -fgraphite-identity -floop-nest-optimize -fdevirtualize-at-ltrans -fipa-pta -fno-semantic-interposition -flto=12 -fno-plt -fno-signed-zeros -fno-trapping-math -fassociative-math -freciprocal-math -fno-math-errno -ffinite-math-only -fno-rounding-math -fno-signaling-nans -fcx-limited-range -fexcess-precision=fast -falign-functions=32 -fno-stack-protector -fno-stack-clash-protection -fstack-check=no -fno-stack-check -fuse-linker-plugin -Wl,-O4 -Wl,--as-needed -Wl,-lpthread -Wl,-lgomp -Wl,-z,norelro -Wl,-z,now -Wl,--sort-common -s -no-undefined -version-info 4:0:1 -lexpat -march=znver2 -pipe -g0 -O3 -fgraphite-identity -floop-nest-optimize -fdevirtualize-at-ltrans -fipa-pta -fno-semantic-interposition -flto=12 -fno-plt -fno-signed-zeros -fno-trapping-math -fassociative-math -freciprocal-math -fno-math-errno -ffinite-math-only -fno-rounding-math -fno-signaling-nans -fcx-limited-range -fexcess-precision=fast -falign-functions=32 -fno-stack-protector -fno-stack-clash-protection -fstack-check=no -fno-stack-check -fuse-linker-plugin -Wl,-O4 -Wl,--as-needed -Wl,-lpthread -Wl,-lgomp -Wl,-z,norelro -Wl,-z,now -Wl,--sort-common -s -o libmetalink.la -rpath /usr/lib64   metalink_types.lo metalink_pstm.lo metalink_pstate.lo metalink_pstate_v3.lo metalink_pstate_v4.lo metalink_pctrl.lo metalink_parser_common.lo metalink_session_data.lo metalink_stack.lo metalink_list.lo metalink_string_buffer.lo metalink_helper.lo    libexpat_metalink_parser.lo  
libtool: link: x86_64-pc-linux-gnu-gcc -shared  -fPIC -DPIC  .libs/metalink_types.o .libs/metalink_pstm.o .libs/metalink_pstate.o .libs/metalink_pstate_v3.o .libs/metalink_pstate_v4.o .libs/metalink_pctrl.o .libs/metalink_parser_common.o .libs/metalink_session_data.o .libs/metalink_stack.o .libs/metalink_list.o .libs/metalink_string_buffer.o .libs/metalink_helper.o .libs/libexpat_metalink_parser.o   -lexpat  -march=znver2 -O3 -flto=12 -fuse-linker-plugin -Wl,-O4 -Wl,--as-needed -Wl,-lpthread -Wl,-lgomp -Wl,-z -Wl,norelro -Wl,-z -Wl,now -Wl,--sort-common -march=znver2 -O3 -flto=12 -fuse-linker-plugin -Wl,-O4 -Wl,--as-needed -Wl,-lpthread -Wl,-lgomp -Wl,-z -Wl,norelro -Wl,-z -Wl,now -Wl,--sort-common   -Wl,-soname -Wl,libmetalink.so.3 -o .libs/libmetalink.so.3.1.0
libtool: link: (cd ".libs" && rm -f "libmetalink.so.3" && ln -s "libmetalink.so.3.1.0" "libmetalink.so.3")
libtool: link: (cd ".libs" && rm -f "libmetalink.so" && ln -s "libmetalink.so.3.1.0" "libmetalink.so")
libtool: link: ( cd ".libs" && rm -f "libmetalink.la" && ln -s "../libmetalink.la" "libmetalink.la" )
make[3]: Leaving directory '/tmp/portage/media-libs/libmetalink-0.1.3-r1/work/libmetalink-0.1.3-abi_x86_64.amd64/lib'
make[2]: Leaving directory '/tmp/portage/media-libs/libmetalink-0.1.3-r1/work/libmetalink-0.1.3-abi_x86_64.amd64/lib'
Making all in test
make[2]: Entering directory '/tmp/portage/media-libs/libmetalink-0.1.3-r1/work/libmetalink-0.1.3-abi_x86_64.amd64/test'
make[2]: Nothing to be done for 'all'.
make[2]: Leaving directory '/tmp/portage/media-libs/libmetalink-0.1.3-r1/work/libmetalink-0.1.3-abi_x86_64.amd64/test'
Making all in doc
make[2]: Entering directory '/tmp/portage/media-libs/libmetalink-0.1.3-r1/work/libmetalink-0.1.3-abi_x86_64.amd64/doc'
Making all in examples
make[3]: Entering directory '/tmp/portage/media-libs/libmetalink-0.1.3-r1/work/libmetalink-0.1.3-abi_x86_64.amd64/doc/examples'
x86_64-pc-linux-gnu-gcc -DHAVE_CONFIG_H -I. -I/tmp/portage/media-libs/libmetalink-0.1.3-r1/work/libmetalink-0.1.3/doc/examples -I../..  -I/tmp/portage/media-libs/libmetalink-0.1.3-r1/work/libmetalink-0.1.3/lib/includes -I../../lib/includes -DHAVE_INTTYPES_H   -march=znver2 -pipe -g0 -O3 -fgraphite-identity -floop-nest-optimize -fdevirtualize-at-ltrans -fipa-pta -fno-semantic-interposition -flto=12 -fno-plt -fno-signed-zeros -fno-trapping-math -fassociative-math -freciprocal-math -fno-math-errno -ffinite-math-only -fno-rounding-math -fno-signaling-nans -fcx-limited-range -fexcess-precision=fast -falign-functions=32 -fno-stack-protector -fno-stack-clash-protection -fstack-check=no -fno-stack-check -fuse-linker-plugin -Wl,-O4 -Wl,--as-needed -Wl,-lpthread -Wl,-lgomp -Wl,-z,norelro -Wl,-z,now -Wl,--sort-common -s -c -o metalinkcat.o /tmp/portage/media-libs/libmetalink-0.1.3-r1/work/libmetalink-0.1.3/doc/examples/metalinkcat.c
/bin/sh ../../libtool  --tag=CC   --mode=link x86_64-pc-linux-gnu-gcc  -march=znver2 -pipe -g0 -O3 -fgraphite-identity -floop-nest-optimize -fdevirtualize-at-ltrans -fipa-pta -fno-semantic-interposition -flto=12 -fno-plt -fno-signed-zeros -fno-trapping-math -fassociative-math -freciprocal-math -fno-math-errno -ffinite-math-only -fno-rounding-math -fno-signaling-nans -fcx-limited-range -fexcess-precision=fast -falign-functions=32 -fno-stack-protector -fno-stack-clash-protection -fstack-check=no -fno-stack-check -fuse-linker-plugin -Wl,-O4 -Wl,--as-needed -Wl,-lpthread -Wl,-lgomp -Wl,-z,norelro -Wl,-z,now -Wl,--sort-common -s  -march=znver2 -pipe -g0 -O3 -fgraphite-identity -floop-nest-optimize -fdevirtualize-at-ltrans -fipa-pta -fno-semantic-interposition -flto=12 -fno-plt -fno-signed-zeros -fno-trapping-math -fassociative-math -freciprocal-math -fno-math-errno -ffinite-math-only -fno-rounding-math -fno-signaling-nans -fcx-limited-range -fexcess-precision=fast -falign-functions=32 -fno-stack-protector -fno-stack-clash-protection -fstack-check=no -fno-stack-check -fuse-linker-plugin -Wl,-O4 -Wl,--as-needed -Wl,-lpthread -Wl,-lgomp -Wl,-z,norelro -Wl,-z,now -Wl,--sort-common -s -o metalinkcat metalinkcat.o ../../lib/libmetalink.la 
libtool: link: x86_64-pc-linux-gnu-gcc -march=znver2 -pipe -g0 -O3 -fgraphite-identity -floop-nest-optimize -fdevirtualize-at-ltrans -fipa-pta -fno-semantic-interposition -flto=12 -fno-plt -fno-signed-zeros -fno-trapping-math -fassociative-math -freciprocal-math -fno-math-errno -ffinite-math-only -fno-rounding-math -fno-signaling-nans -fcx-limited-range -fexcess-precision=fast -falign-functions=32 -fno-stack-protector -fno-stack-clash-protection -fstack-check=no -fno-stack-check -fuse-linker-plugin -Wl,-O4 -Wl,--as-needed -Wl,-lpthread -Wl,-lgomp -Wl,-z -Wl,norelro -Wl,-z -Wl,now -Wl,--sort-common -s -march=znver2 -pipe -g0 -O3 -fgraphite-identity -floop-nest-optimize -fdevirtualize-at-ltrans -fipa-pta -fno-semantic-interposition -flto=12 -fno-plt -fno-signed-zeros -fno-trapping-math -fassociative-math -freciprocal-math -fno-math-errno -ffinite-math-only -fno-rounding-math -fno-signaling-nans -fcx-limited-range -fexcess-precision=fast -falign-functions=32 -fno-stack-protector -fno-stack-clash-protection -fstack-check=no -fno-stack-check -fuse-linker-plugin -Wl,-O4 -Wl,--as-needed -Wl,-lpthread -Wl,-lgomp -Wl,-z -Wl,norelro -Wl,-z -Wl,now -Wl,--sort-common -s -o .libs/metalinkcat metalinkcat.o  ../../lib/.libs/libmetalink.so
make[3]: Leaving directory '/tmp/portage/media-libs/libmetalink-0.1.3-r1/work/libmetalink-0.1.3-abi_x86_64.amd64/doc/examples'
Making all in man3
make[3]: Entering directory '/tmp/portage/media-libs/libmetalink-0.1.3-r1/work/libmetalink-0.1.3-abi_x86_64.amd64/doc/man3'
make[3]: Nothing to be done for 'all'.
make[3]: Leaving directory '/tmp/portage/media-libs/libmetalink-0.1.3-r1/work/libmetalink-0.1.3-abi_x86_64.amd64/doc/man3'
make[3]: Entering directory '/tmp/portage/media-libs/libmetalink-0.1.3-r1/work/libmetalink-0.1.3-abi_x86_64.amd64/doc'
make[3]: Nothing to be done for 'all-am'.
make[3]: Leaving directory '/tmp/portage/media-libs/libmetalink-0.1.3-r1/work/libmetalink-0.1.3-abi_x86_64.amd64/doc'
make[2]: Leaving directory '/tmp/portage/media-libs/libmetalink-0.1.3-r1/work/libmetalink-0.1.3-abi_x86_64.amd64/doc'
Making all in m4
make[2]: Entering directory '/tmp/portage/media-libs/libmetalink-0.1.3-r1/work/libmetalink-0.1.3-abi_x86_64.amd64/m4'
make[2]: Nothing to be done for 'all'.
make[2]: Leaving directory '/tmp/portage/media-libs/libmetalink-0.1.3-r1/work/libmetalink-0.1.3-abi_x86_64.amd64/m4'
make[2]: Entering directory '/tmp/portage/media-libs/libmetalink-0.1.3-r1/work/libmetalink-0.1.3-abi_x86_64.amd64'
make[2]: Leaving directory '/tmp/portage/media-libs/libmetalink-0.1.3-r1/work/libmetalink-0.1.3-abi_x86_64.amd64'
make[1]: Leaving directory '/tmp/portage/media-libs/libmetalink-0.1.3-r1/work/libmetalink-0.1.3-abi_x86_64.amd64'
>>> Source compiled.
 * Skipping make test/check due to ebuild restriction.
>>> Test phase [disabled because of RESTRICT=test]: media-libs/libmetalink-0.1.3-r1

>>> Install media-libs/libmetalink-0.1.3-r1 into /tmp/portage/media-libs/libmetalink-0.1.3-r1/image
 * abi_x86_64.amd64: running multilib-minimal_abi_src_install
make -j12 -l12 DESTDIR=/tmp/portage/media-libs/libmetalink-0.1.3-r1/image install 
Making install in lib
make[1]: Entering directory '/tmp/portage/media-libs/libmetalink-0.1.3-r1/work/libmetalink-0.1.3-abi_x86_64.amd64/lib'
Making install in includes
make[2]: Entering directory '/tmp/portage/media-libs/libmetalink-0.1.3-r1/work/libmetalink-0.1.3-abi_x86_64.amd64/lib/includes'
make[3]: Entering directory '/tmp/portage/media-libs/libmetalink-0.1.3-r1/work/libmetalink-0.1.3-abi_x86_64.amd64/lib/includes'
make[3]: Nothing to be done for 'install-exec-am'.
 /bin/mkdir -p '/tmp/portage/media-libs/libmetalink-0.1.3-r1/image/usr/include'
 /bin/mkdir -p '/tmp/portage/media-libs/libmetalink-0.1.3-r1/image/usr/include/metalink'
 /usr/lib/portage/python3.8/ebuild-helpers/xattr/install -c -m 644  /tmp/portage/media-libs/libmetalink-0.1.3-r1/work/libmetalink-0.1.3/lib/includes/metalink/metalink.h /tmp/portage/media-libs/libmetalink-0.1.3-r1/work/libmetalink-0.1.3/lib/includes/metalink/metalink_parser.h /tmp/portage/media-libs/libmetalink-0.1.3-r1/work/libmetalink-0.1.3/lib/includes/metalink/metalink_types.h /tmp/portage/media-libs/libmetalink-0.1.3-r1/work/libmetalink-0.1.3/lib/includes/metalink/metalink_error.h metalink/metalinkver.h '/tmp/portage/media-libs/libmetalink-0.1.3-r1/image/usr/include/metalink'
make[3]: Leaving directory '/tmp/portage/media-libs/libmetalink-0.1.3-r1/work/libmetalink-0.1.3-abi_x86_64.amd64/lib/includes'
make[2]: Leaving directory '/tmp/portage/media-libs/libmetalink-0.1.3-r1/work/libmetalink-0.1.3-abi_x86_64.amd64/lib/includes'
make[2]: Entering directory '/tmp/portage/media-libs/libmetalink-0.1.3-r1/work/libmetalink-0.1.3-abi_x86_64.amd64/lib'
make[3]: Entering directory '/tmp/portage/media-libs/libmetalink-0.1.3-r1/work/libmetalink-0.1.3-abi_x86_64.amd64/lib'
 /bin/mkdir -p '/tmp/portage/media-libs/libmetalink-0.1.3-r1/image/usr/lib64'
 /bin/mkdir -p '/tmp/portage/media-libs/libmetalink-0.1.3-r1/image/usr/lib64/pkgconfig'
 /bin/sh ../libtool   --mode=install /usr/lib/portage/python3.8/ebuild-helpers/xattr/install -c   libmetalink.la '/tmp/portage/media-libs/libmetalink-0.1.3-r1/image/usr/lib64'
 /usr/lib/portage/python3.8/ebuild-helpers/xattr/install -c -m 644 libmetalink.pc '/tmp/portage/media-libs/libmetalink-0.1.3-r1/image/usr/lib64/pkgconfig'
libtool: install: /usr/lib/portage/python3.8/ebuild-helpers/xattr/install -c .libs/libmetalink.so.3.1.0 /tmp/portage/media-libs/libmetalink-0.1.3-r1/image/usr/lib64/libmetalink.so.3.1.0
libtool: install: (cd /tmp/portage/media-libs/libmetalink-0.1.3-r1/image/usr/lib64 && { ln -s -f libmetalink.so.3.1.0 libmetalink.so.3 || { rm -f libmetalink.so.3 && ln -s libmetalink.so.3.1.0 libmetalink.so.3; }; })
libtool: install: (cd /tmp/portage/media-libs/libmetalink-0.1.3-r1/image/usr/lib64 && { ln -s -f libmetalink.so.3.1.0 libmetalink.so || { rm -f libmetalink.so && ln -s libmetalink.so.3.1.0 libmetalink.so; }; })
libtool: install: /usr/lib/portage/python3.8/ebuild-helpers/xattr/install -c .libs/libmetalink.lai /tmp/portage/media-libs/libmetalink-0.1.3-r1/image/usr/lib64/libmetalink.la
libtool: install: warning: remember to run `libtool --finish /usr/lib64'
make[3]: Leaving directory '/tmp/portage/media-libs/libmetalink-0.1.3-r1/work/libmetalink-0.1.3-abi_x86_64.amd64/lib'
make[2]: Leaving directory '/tmp/portage/media-libs/libmetalink-0.1.3-r1/work/libmetalink-0.1.3-abi_x86_64.amd64/lib'
make[1]: Leaving directory '/tmp/portage/media-libs/libmetalink-0.1.3-r1/work/libmetalink-0.1.3-abi_x86_64.amd64/lib'
Making install in test
make[1]: Entering directory '/tmp/portage/media-libs/libmetalink-0.1.3-r1/work/libmetalink-0.1.3-abi_x86_64.amd64/test'
make[2]: Entering directory '/tmp/portage/media-libs/libmetalink-0.1.3-r1/work/libmetalink-0.1.3-abi_x86_64.amd64/test'
make[2]: Nothing to be done for 'install-exec-am'.
make[2]: Nothing to be done for 'install-data-am'.
make[2]: Leaving directory '/tmp/portage/media-libs/libmetalink-0.1.3-r1/work/libmetalink-0.1.3-abi_x86_64.amd64/test'
make[1]: Leaving directory '/tmp/portage/media-libs/libmetalink-0.1.3-r1/work/libmetalink-0.1.3-abi_x86_64.amd64/test'
Making install in doc
make[1]: Entering directory '/tmp/portage/media-libs/libmetalink-0.1.3-r1/work/libmetalink-0.1.3-abi_x86_64.amd64/doc'
Making install in examples
make[2]: Entering directory '/tmp/portage/media-libs/libmetalink-0.1.3-r1/work/libmetalink-0.1.3-abi_x86_64.amd64/doc/examples'
make[3]: Entering directory '/tmp/portage/media-libs/libmetalink-0.1.3-r1/work/libmetalink-0.1.3-abi_x86_64.amd64/doc/examples'
make[3]: Nothing to be done for 'install-exec-am'.
make[3]: Nothing to be done for 'install-data-am'.
make[3]: Leaving directory '/tmp/portage/media-libs/libmetalink-0.1.3-r1/work/libmetalink-0.1.3-abi_x86_64.amd64/doc/examples'
make[2]: Leaving directory '/tmp/portage/media-libs/libmetalink-0.1.3-r1/work/libmetalink-0.1.3-abi_x86_64.amd64/doc/examples'
Making install in man3
make[2]: Entering directory '/tmp/portage/media-libs/libmetalink-0.1.3-r1/work/libmetalink-0.1.3-abi_x86_64.amd64/doc/man3'
make[3]: Entering directory '/tmp/portage/media-libs/libmetalink-0.1.3-r1/work/libmetalink-0.1.3-abi_x86_64.amd64/doc/man3'
make[3]: Nothing to be done for 'install-exec-am'.
 /bin/mkdir -p '/tmp/portage/media-libs/libmetalink-0.1.3-r1/image/usr/share/man/man3'
 /usr/lib/portage/python3.8/ebuild-helpers/xattr/install -c -m 644 /tmp/portage/media-libs/libmetalink-0.1.3-r1/work/libmetalink-0.1.3/doc/man3/metalink_checksum_t.3 /tmp/portage/media-libs/libmetalink-0.1.3-r1/work/libmetalink-0.1.3/doc/man3/metalink_chunk_checksum_t.3 /tmp/portage/media-libs/libmetalink-0.1.3-r1/work/libmetalink-0.1.3/doc/man3/metalink_delete.3 /tmp/portage/media-libs/libmetalink-0.1.3-r1/work/libmetalink-0.1.3/doc/man3/metalink_file_t.3 /tmp/portage/media-libs/libmetalink-0.1.3-r1/work/libmetalink-0.1.3/doc/man3/metalink_parse_fd.3 /tmp/portage/media-libs/libmetalink-0.1.3-r1/work/libmetalink-0.1.3/doc/man3/metalink_parse_file.3 /tmp/portage/media-libs/libmetalink-0.1.3-r1/work/libmetalink-0.1.3/doc/man3/metalink_parse_final.3 /tmp/portage/media-libs/libmetalink-0.1.3-r1/work/libmetalink-0.1.3/doc/man3/metalink_parse_fp.3 /tmp/portage/media-libs/libmetalink-0.1.3-r1/work/libmetalink-0.1.3/doc/man3/metalink_parse_memory.3 /tmp/portage/media-libs/libmetalink-0.1.3-r1/work/libmetalink-0.1.3/doc/man3/metalink_parse_update.3 /tmp/portage/media-libs/libmetalink-0.1.3-r1/work/libmetalink-0.1.3/doc/man3/metalink_parser_context_delete.3 /tmp/portage/media-libs/libmetalink-0.1.3-r1/work/libmetalink-0.1.3/doc/man3/metalink_parser_context_new.3 /tmp/portage/media-libs/libmetalink-0.1.3-r1/work/libmetalink-0.1.3/doc/man3/metalink_piece_hash_t.3 /tmp/portage/media-libs/libmetalink-0.1.3-r1/work/libmetalink-0.1.3/doc/man3/metalink_resource_t.3 /tmp/portage/media-libs/libmetalink-0.1.3-r1/work/libmetalink-0.1.3/doc/man3/metalink_t.3 '/tmp/portage/media-libs/libmetalink-0.1.3-r1/image/usr/share/man/man3'
make[3]: Leaving directory '/tmp/portage/media-libs/libmetalink-0.1.3-r1/work/libmetalink-0.1.3-abi_x86_64.amd64/doc/man3'
make[2]: Leaving directory '/tmp/portage/media-libs/libmetalink-0.1.3-r1/work/libmetalink-0.1.3-abi_x86_64.amd64/doc/man3'
make[2]: Entering directory '/tmp/portage/media-libs/libmetalink-0.1.3-r1/work/libmetalink-0.1.3-abi_x86_64.amd64/doc'
make[3]: Entering directory '/tmp/portage/media-libs/libmetalink-0.1.3-r1/work/libmetalink-0.1.3-abi_x86_64.amd64/doc'
make[3]: Nothing to be done for 'install-exec-am'.
make[3]: Nothing to be done for 'install-data-am'.
make[3]: Leaving directory '/tmp/portage/media-libs/libmetalink-0.1.3-r1/work/libmetalink-0.1.3-abi_x86_64.amd64/doc'
make[2]: Leaving directory '/tmp/portage/media-libs/libmetalink-0.1.3-r1/work/libmetalink-0.1.3-abi_x86_64.amd64/doc'
make[1]: Leaving directory '/tmp/portage/media-libs/libmetalink-0.1.3-r1/work/libmetalink-0.1.3-abi_x86_64.amd64/doc'
Making install in m4
make[1]: Entering directory '/tmp/portage/media-libs/libmetalink-0.1.3-r1/work/libmetalink-0.1.3-abi_x86_64.amd64/m4'
make[2]: Entering directory '/tmp/portage/media-libs/libmetalink-0.1.3-r1/work/libmetalink-0.1.3-abi_x86_64.amd64/m4'
make[2]: Nothing to be done for 'install-exec-am'.
make[2]: Nothing to be done for 'install-data-am'.
make[2]: Leaving directory '/tmp/portage/media-libs/libmetalink-0.1.3-r1/work/libmetalink-0.1.3-abi_x86_64.amd64/m4'
make[1]: Leaving directory '/tmp/portage/media-libs/libmetalink-0.1.3-r1/work/libmetalink-0.1.3-abi_x86_64.amd64/m4'
make[1]: Entering directory '/tmp/portage/media-libs/libmetalink-0.1.3-r1/work/libmetalink-0.1.3-abi_x86_64.amd64'
make[2]: Entering directory '/tmp/portage/media-libs/libmetalink-0.1.3-r1/work/libmetalink-0.1.3-abi_x86_64.amd64'
make[2]: Nothing to be done for 'install-exec-am'.
make[2]: Nothing to be done for 'install-data-am'.
make[2]: Leaving directory '/tmp/portage/media-libs/libmetalink-0.1.3-r1/work/libmetalink-0.1.3-abi_x86_64.amd64'
make[1]: Leaving directory '/tmp/portage/media-libs/libmetalink-0.1.3-r1/work/libmetalink-0.1.3-abi_x86_64.amd64'
>>> Completed installing media-libs/libmetalink-0.1.3-r1 into /tmp/portage/media-libs/libmetalink-0.1.3-r1/image

 * Final size of build directory: 3332 KiB (3.2 MiB)
 * Final size of installed tree:   228 KiB

strip: x86_64-pc-linux-gnu-strip --strip-unneeded -N __gentoo_check_ldflags__ -R .comment -R .GCC.command.line -R .note.gnu.gold-version
   /usr/lib64/libmetalink.so.3.1.0
./
./usr/
./usr/include/
./usr/include/metalink/
./usr/include/metalink/metalinkver.h
./usr/include/metalink/metalink_error.h
./usr/include/metalink/metalink.h
./usr/include/metalink/metalink_parser.h
./usr/include/metalink/metalink_types.h
./usr/share/
./usr/share/man/
./usr/share/man/man3/
./usr/share/man/man3/metalink_parse_update.3.bz2
./usr/share/man/man3/metalink_resource_t.3.bz2
./usr/share/man/man3/metalink_parse_file.3.bz2
./usr/share/man/man3/metalink_chunk_checksum_t.3.bz2
./usr/share/man/man3/metalink_delete.3.bz2
./usr/share/man/man3/metalink_parser_context_new.3
./usr/share/man/man3/metalink_parse_memory.3
./usr/share/man/man3/metalink_parse_fp.3
./usr/share/man/man3/metalink_parser_context_delete.3
./usr/share/man/man3/metalink_checksum_t.3.bz2
./usr/share/man/man3/metalink_parse_final.3
./usr/share/man/man3/metalink_piece_hash_t.3.bz2
./usr/share/man/man3/metalink_t.3.bz2
./usr/share/man/man3/metalink_file_t.3.bz2
./usr/share/man/man3/metalink_parse_fd.3
./usr/lib64/
./usr/lib64/libmetalink.so
./usr/lib64/libmetalink.so.3
./usr/lib64/libmetalink.so.3.1.0
./usr/lib64/pkgconfig/
./usr/lib64/pkgconfig/libmetalink.pc
>>> Done.
 * checking 24 files for package collisions
>>> Merging media-libs/libmetalink-0.1.3-r1 to /
 * removing unneeded *.la files
--- /usr/
--- /usr/lib64/
--- /usr/lib64/pkgconfig/
>>> /usr/lib64/pkgconfig/libmetalink.pc
>>> /usr/lib64/libmetalink.so.3.1.0
>>> /usr/lib64/libmetalink.so.3 -> libmetalink.so.3.1.0
>>> /usr/lib64/libmetalink.so -> libmetalink.so.3.1.0
--- /usr/share/
--- /usr/share/man/
--- /usr/share/man/man3/
>>> /usr/share/man/man3/metalink_parse_fd.3
>>> /usr/share/man/man3/metalink_file_t.3.bz2
>>> /usr/share/man/man3/metalink_t.3.bz2
>>> /usr/share/man/man3/metalink_piece_hash_t.3.bz2
>>> /usr/share/man/man3/metalink_parse_final.3
>>> /usr/share/man/man3/metalink_checksum_t.3.bz2
>>> /usr/share/man/man3/metalink_parser_context_delete.3
>>> /usr/share/man/man3/metalink_parse_fp.3
>>> /usr/share/man/man3/metalink_parse_memory.3
>>> /usr/share/man/man3/metalink_parser_context_new.3
>>> /usr/share/man/man3/metalink_delete.3.bz2
>>> /usr/share/man/man3/metalink_chunk_checksum_t.3.bz2
>>> /usr/share/man/man3/metalink_parse_file.3.bz2
>>> /usr/share/man/man3/metalink_resource_t.3.bz2
>>> /usr/share/man/man3/metalink_parse_update.3.bz2
--- /usr/include/
--- /usr/include/metalink/
>>> /usr/include/metalink/metalink_types.h
>>> /usr/include/metalink/metalink_parser.h
>>> /usr/include/metalink/metalink.h
>>> /usr/include/metalink/metalink_error.h
>>> /usr/include/metalink/metalinkver.h
>>> Safely unmerging already-installed instance...
>>> Original instance of package unmerged safely.
>>> media-libs/libmetalink-0.1.3-r1 merged.
>>> Regenerating /etc/ld.so.cache...
