 * Package:    media-libs/fontconfig-infinality-20130404
 * Repository: gentoo
 * Maintainer: fonts@gentoo.org
 * USE:        abi_x86_64 amd64 elibc_glibc kernel_linux nyx userland_GNU
 * FEATURES:   network-sandbox preserve-libs sandbox userpriv usersandbox
 * FEATURES='assume-digests binpkg-docompress binpkg-dostrip binpkg-logs binpkg-multi-instance buildpkg collision-protect compress-index config-protect-if-modified distlocks downgrade-backup fixlafiles ipc-sandbox merge-sync multilib-strict network-sandbox news nodoc parallel-fetch parallel-install pid-sandbox preserve-libs protect-owned qa-unresolved-soname-deps sandbox sfperms strict strict-keepdir unknown-features-warn unmerge-backup unmerge-logs unmerge-orphans userfetch userpriv usersandbox usersync xattr'
 * CFLAGS='-march=native -O3 -fgraphite-identity -floop-nest-optimize -fdevirtualize-at-ltrans -fipa-pta -fno-semantic-interposition -flto=12 -fno-plt -fno-signed-zeros -fno-trapping-math -fassociative-math -freciprocal-math -fno-math-errno -ffinite-math-only -fno-rounding-math -fno-signaling-nans -fcx-limited-range -fexcess-precision=fast -fno-signed-zeros -fno-trapping-math -fassociative-math -freciprocal-math -fno-math-errno -ffinite-math-only -fno-rounding-math -fno-signaling-nans -fcx-limited-range -fexcess-precision=fast -fuse-linker-plugin -pipe -g0 -Wl,-O1 -Wl,--as-needed -Wl,--hash-style=gnu,-z,norelro,--as-needed'
 * CXXFLAGS='-march=native -O3 -fgraphite-identity -floop-nest-optimize -fdevirtualize-at-ltrans -fipa-pta -fno-semantic-interposition -flto=12 -fno-plt -fno-signed-zeros -fno-trapping-math -fassociative-math -freciprocal-math -fno-math-errno -ffinite-math-only -fno-rounding-math -fno-signaling-nans -fcx-limited-range -fexcess-precision=fast -fno-signed-zeros -fno-trapping-math -fassociative-math -freciprocal-math -fno-math-errno -ffinite-math-only -fno-rounding-math -fno-signaling-nans -fcx-limited-range -fexcess-precision=fast -fuse-linker-plugin -pipe -g0 -Wl,-O1 -Wl,--as-needed -Wl,--hash-style=gnu,-z,norelro,--as-needed'
 * FFLAGS='-march=native -O3 -fgraphite-identity -floop-nest-optimize -fdevirtualize-at-ltrans -fipa-pta -fno-semantic-interposition -flto=12 -fno-plt -fno-signed-zeros -fno-trapping-math -fassociative-math -freciprocal-math -fno-math-errno -ffinite-math-only -fno-rounding-math -fno-signaling-nans -fcx-limited-range -fexcess-precision=fast -fno-signed-zeros -fno-trapping-math -fassociative-math -freciprocal-math -fno-math-errno -ffinite-math-only -fno-rounding-math -fno-signaling-nans -fcx-limited-range -fexcess-precision=fast -fuse-linker-plugin -pipe -g0 -Wl,-O1 -Wl,--as-needed -Wl,--hash-style=gnu,-z,norelro,--as-needed'
 * FCFLAGS='-march=native -O3 -fgraphite-identity -floop-nest-optimize -fdevirtualize-at-ltrans -fipa-pta -fno-semantic-interposition -flto=12 -fno-plt -fno-signed-zeros -fno-trapping-math -fassociative-math -freciprocal-math -fno-math-errno -ffinite-math-only -fno-rounding-math -fno-signaling-nans -fcx-limited-range -fexcess-precision=fast -fno-signed-zeros -fno-trapping-math -fassociative-math -freciprocal-math -fno-math-errno -ffinite-math-only -fno-rounding-math -fno-signaling-nans -fcx-limited-range -fexcess-precision=fast -fuse-linker-plugin -pipe -g0 -Wl,-O1 -Wl,--as-needed -Wl,--hash-style=gnu,-z,norelro,--as-needed'
 * F77FLAGS='-march=native -O3 -fgraphite-identity -floop-nest-optimize -fdevirtualize-at-ltrans -fipa-pta -fno-semantic-interposition -flto=12 -fno-plt -fno-signed-zeros -fno-trapping-math -fassociative-math -freciprocal-math -fno-math-errno -ffinite-math-only -fno-rounding-math -fno-signaling-nans -fcx-limited-range -fexcess-precision=fast -fno-signed-zeros -fno-trapping-math -fassociative-math -freciprocal-math -fno-math-errno -ffinite-math-only -fno-rounding-math -fno-signaling-nans -fcx-limited-range -fexcess-precision=fast -fuse-linker-plugin -pipe -g0 -Wl,-O1 -Wl,--as-needed -Wl,--hash-style=gnu,-z,norelro,--as-needed'
 * LDFLAGS='-Wl,-O1 -Wl,--as-needed -Wl,--hash-style=gnu,-z,norelro,--as-needed -march=native -O3 -fgraphite-identity -floop-nest-optimize -fdevirtualize-at-ltrans -fipa-pta -fno-semantic-interposition -flto=12 -fno-plt -fno-signed-zeros -fno-trapping-math -fassociative-math -freciprocal-math -fno-math-errno -ffinite-math-only -fno-rounding-math -fno-signaling-nans -fcx-limited-range -fexcess-precision=fast -fuse-linker-plugin -pipe -g0'
 * MAKEOPTS='-j12 -l12'
 * gcc (Gentoo 10.1.0 p1) 10.1.0
 * g++ (Gentoo 10.1.0 p1) 10.1.0
 * GNU ld (Gentoo 2.34 p1) 2.34.0
 * Linux ryzen.gnum.org 5.4.36 #1 SMP Thu Apr 30 04:38:28 UTC 2020 x86_64 AMD Ryzen 5 3600 6-Core Processor AuthenticAMD GNU/Linux
media-libs/fontconfig-infinality: 5 seconds average for 2 merges
2020-05-19T23:58:55 >>> media-libs/fontconfig-infinality: 5 seconds
2020-05-20T01:38:04 >>> media-libs/fontconfig-infinality: 5 seconds
]0;emerge 11:34:38 34|916 fontconfig-infinality 00:05 (root@ryzen.gnum.org)>>> Unpacking source...
>>> Unpacking fontconfig-infinality-20130404.tar.xz to /tmp/portage/media-libs/fontconfig-infinality-20130404/work
>>> Unpacking fontconfig-nyx-2.tar.xz to /tmp/portage/media-libs/fontconfig-infinality-20130404/work
>>> Source unpacked in /tmp/portage/media-libs/fontconfig-infinality-20130404/work
>>> Preparing source in /tmp/portage/media-libs/fontconfig-infinality-20130404/work/fontconfig-infinality-20130404 ...
>>> Source prepared.
>>> Configuring source in /tmp/portage/media-libs/fontconfig-infinality-20130404/work/fontconfig-infinality-20130404 ...
>>> Source configured.
>>> Compiling source in /tmp/portage/media-libs/fontconfig-infinality-20130404/work/fontconfig-infinality-20130404 ...
>>> Source compiled.
>>> Test phase [not enabled]: media-libs/fontconfig-infinality-20130404

>>> Install media-libs/fontconfig-infinality-20130404 into /tmp/portage/media-libs/fontconfig-infinality-20130404/image/
>>> Completed installing media-libs/fontconfig-infinality-20130404 into /tmp/portage/media-libs/fontconfig-infinality-20130404/image/

 * Final size of build directory: 504 KiB
 * Final size of installed tree:  524 KiB

./
./usr/
./usr/share/
./usr/share/doc/
./usr/share/doc/fontconfig-infinality-20130404/
./usr/share/doc/fontconfig-infinality-20130404/README.bz2
./usr/share/doc/fontconfig-infinality-20130404/README.gentoo.bz2
./usr/share/doc/fontconfig-infinality-20130404/CHANGELOG.pre_git.bz2
./usr/share/doc/fontconfig-infinality-20130404/CHANGELOG.bz2
./etc/
./etc/fonts/
./etc/fonts/infinality/
./etc/fonts/infinality/styles.conf.avail/
./etc/fonts/infinality/styles.conf.avail/osx/
./etc/fonts/infinality/styles.conf.avail/osx/20-fix-cantarell.conf
./etc/fonts/infinality/styles.conf.avail/osx/44-repl-corrective.conf
./etc/fonts/infinality/styles.conf.avail/osx/60-group-non-tt-fonts.conf
./etc/fonts/infinality/styles.conf.avail/osx/20-aliases-default-osx.conf
./etc/fonts/infinality/styles.conf.avail/osx/60-group-tt-fonts.conf
./etc/fonts/infinality/styles.conf.avail/osx/61-group-tt-rendering-osx.conf
./etc/fonts/infinality/styles.conf.avail/osx/61-group-tt-rendering-osx2.conf
./etc/fonts/infinality/styles.conf.avail/osx/65-override.conf
./etc/fonts/infinality/styles.conf.avail/osx/70-forced-synthetic.conf
./etc/fonts/infinality/styles.conf.avail/osx/62-tt-traced-bitmap-rendering.conf
./etc/fonts/infinality/styles.conf.avail/osx/90-no-synthetic.conf
./etc/fonts/infinality/styles.conf.avail/osx/41-repl-os-osx.conf
./etc/fonts/infinality/styles.conf.avail/osx/43-repl-tt-traced-bitmap.conf
./etc/fonts/infinality/styles.conf.avail/osx/30-non-latin-osx-lin.conf
./etc/fonts/infinality/styles.conf.avail/osx/50-base-rendering-osx2.conf
./etc/fonts/infinality/styles.conf.avail/osx/42-repl-global.conf
./etc/fonts/infinality/styles.conf.avail/osx/50-base-rendering-inf-osx-lin.conf
./etc/fonts/infinality/styles.conf.avail/osx/62-tt-monospace-rendering.conf
./etc/fonts/infinality/styles.conf.avail/osx/21-aliases-wine-osx.conf
./etc/fonts/infinality/styles.conf.avail/infinality/
./etc/fonts/infinality/styles.conf.avail/infinality/20-fix-cantarell.conf
./etc/fonts/infinality/styles.conf.avail/infinality/44-repl-corrective.conf
./etc/fonts/infinality/styles.conf.avail/infinality/80-selective-rendering-inf-win-lin.conf
./etc/fonts/infinality/styles.conf.avail/infinality/60-group-non-tt-fonts.conf
./etc/fonts/infinality/styles.conf.avail/infinality/41-repl-os-inf.conf
./etc/fonts/infinality/styles.conf.avail/infinality/60-group-tt-fonts.conf
./etc/fonts/infinality/styles.conf.avail/infinality/81-final-rendering-inf-7-xp.conf
./etc/fonts/infinality/styles.conf.avail/infinality/30-non-latin-inf-win.conf
./etc/fonts/infinality/styles.conf.avail/infinality/65-override.conf
./etc/fonts/infinality/styles.conf.avail/infinality/70-forced-synthetic.conf
./etc/fonts/infinality/styles.conf.avail/infinality/61-group-non-tt-rendering-inf-7-xp-lin.conf
./etc/fonts/infinality/styles.conf.avail/infinality/62-tt-traced-bitmap-rendering.conf
./etc/fonts/infinality/styles.conf.avail/infinality/90-no-synthetic.conf
./etc/fonts/infinality/styles.conf.avail/infinality/43-repl-tt-traced-bitmap.conf
./etc/fonts/infinality/styles.conf.avail/infinality/90-reject.conf
./etc/fonts/infinality/styles.conf.avail/infinality/42-repl-global.conf
./etc/fonts/infinality/styles.conf.avail/infinality/21-aliases-wine-win7-inf.conf
./etc/fonts/infinality/styles.conf.avail/infinality/64-override-inf.conf
./etc/fonts/infinality/styles.conf.avail/infinality/61-group-tt-rendering-inf-7-xp.conf
./etc/fonts/infinality/styles.conf.avail/infinality/50-base-rendering-inf-osx-lin.conf
./etc/fonts/infinality/styles.conf.avail/infinality/62-tt-monospace-rendering.conf
./etc/fonts/infinality/styles.conf.avail/infinality/80-selective-rendering-inf-7-xp.conf
./etc/fonts/infinality/styles.conf.avail/infinality/20-aliases-default-inf.conf
./etc/fonts/infinality/styles.conf.avail/osx2/
./etc/fonts/infinality/styles.conf.avail/osx2/20-fix-cantarell.conf
./etc/fonts/infinality/styles.conf.avail/osx2/44-repl-corrective.conf
./etc/fonts/infinality/styles.conf.avail/osx2/60-group-non-tt-fonts.conf
./etc/fonts/infinality/styles.conf.avail/osx2/20-aliases-default-osx.conf
./etc/fonts/infinality/styles.conf.avail/osx2/60-group-tt-fonts.conf
./etc/fonts/infinality/styles.conf.avail/osx2/61-group-tt-rendering-osx2.conf
./etc/fonts/infinality/styles.conf.avail/osx2/65-override.conf
./etc/fonts/infinality/styles.conf.avail/osx2/70-forced-synthetic.conf
./etc/fonts/infinality/styles.conf.avail/osx2/62-tt-traced-bitmap-rendering.conf
./etc/fonts/infinality/styles.conf.avail/osx2/90-no-synthetic.conf
./etc/fonts/infinality/styles.conf.avail/osx2/41-repl-os-osx.conf
./etc/fonts/infinality/styles.conf.avail/osx2/43-repl-tt-traced-bitmap.conf
./etc/fonts/infinality/styles.conf.avail/osx2/30-non-latin-osx-lin.conf
./etc/fonts/infinality/styles.conf.avail/osx2/50-base-rendering-osx2.conf
./etc/fonts/infinality/styles.conf.avail/osx2/42-repl-global.conf
./etc/fonts/infinality/styles.conf.avail/osx2/62-tt-monospace-rendering.conf
./etc/fonts/infinality/styles.conf.avail/osx2/21-aliases-wine-osx.conf
./etc/fonts/infinality/styles.conf.avail/nyx/
./etc/fonts/infinality/styles.conf.avail/nyx/20-fix-cantarell.conf
./etc/fonts/infinality/styles.conf.avail/nyx/44-repl-corrective.conf
./etc/fonts/infinality/styles.conf.avail/nyx/80-selective-rendering-inf-win-lin.conf
./etc/fonts/infinality/styles.conf.avail/nyx/60-group-non-tt-fonts.conf
./etc/fonts/infinality/styles.conf.avail/nyx/30-non-latin-nyx.conf
./etc/fonts/infinality/styles.conf.avail/nyx/60-group-tt-fonts.conf
./etc/fonts/infinality/styles.conf.avail/nyx/65-override.conf
./etc/fonts/infinality/styles.conf.avail/nyx/20-aliases-default-nyx.conf
./etc/fonts/infinality/styles.conf.avail/nyx/43-repl-tt-traced-bitmap.conf
./etc/fonts/infinality/styles.conf.avail/nyx/21-aliases-wine-win7-inf.conf
./etc/fonts/infinality/styles.conf.avail/nyx/64-override-inf.conf
./etc/fonts/infinality/styles.conf.avail/nyx/50-base-rendering-inf-osx-lin.conf
./etc/fonts/infinality/styles.conf.avail/nyx/80-selective-rendering-inf-7-xp.conf
./etc/fonts/infinality/styles.conf.avail/linux/
./etc/fonts/infinality/styles.conf.avail/linux/20-fix-cantarell.conf
./etc/fonts/infinality/styles.conf.avail/linux/20-aliases-default-linux.conf
./etc/fonts/infinality/styles.conf.avail/linux/44-repl-corrective.conf
./etc/fonts/infinality/styles.conf.avail/linux/41-repl-os-linux.conf
./etc/fonts/infinality/styles.conf.avail/linux/80-selective-rendering-inf-win-lin.conf
./etc/fonts/infinality/styles.conf.avail/linux/60-group-non-tt-fonts.conf
./etc/fonts/infinality/styles.conf.avail/linux/60-group-tt-fonts.conf
./etc/fonts/infinality/styles.conf.avail/linux/65-override.conf
./etc/fonts/infinality/styles.conf.avail/linux/70-forced-synthetic.conf
./etc/fonts/infinality/styles.conf.avail/linux/61-group-non-tt-rendering-inf-7-xp-lin.conf
./etc/fonts/infinality/styles.conf.avail/linux/62-tt-traced-bitmap-rendering.conf
./etc/fonts/infinality/styles.conf.avail/linux/90-no-synthetic.conf
./etc/fonts/infinality/styles.conf.avail/linux/61-group-tt-rendering-linux.conf
./etc/fonts/infinality/styles.conf.avail/linux/21-aliases-wine-linux.conf
./etc/fonts/infinality/styles.conf.avail/linux/43-repl-tt-traced-bitmap.conf
./etc/fonts/infinality/styles.conf.avail/linux/30-non-latin-osx-lin.conf
./etc/fonts/infinality/styles.conf.avail/linux/90-reject.conf
./etc/fonts/infinality/styles.conf.avail/linux/42-repl-global.conf
./etc/fonts/infinality/styles.conf.avail/linux/50-base-rendering-inf-osx-lin.conf
./etc/fonts/infinality/styles.conf.avail/linux/62-tt-monospace-rendering.conf
./etc/fonts/infinality/styles.conf.avail/win98/
./etc/fonts/infinality/styles.conf.avail/win98/20-fix-cantarell.conf
./etc/fonts/infinality/styles.conf.avail/win98/44-repl-corrective.conf
./etc/fonts/infinality/styles.conf.avail/win98/80-selective-rendering-inf-win-lin.conf
./etc/fonts/infinality/styles.conf.avail/win98/60-group-non-tt-fonts.conf
./etc/fonts/infinality/styles.conf.avail/win98/21-aliases-wine-win98.conf
./etc/fonts/infinality/styles.conf.avail/win98/64-override-win98.conf
./etc/fonts/infinality/styles.conf.avail/win98/60-group-tt-fonts.conf
./etc/fonts/infinality/styles.conf.avail/win98/30-non-latin-inf-win.conf
./etc/fonts/infinality/styles.conf.avail/win98/65-override.conf
./etc/fonts/infinality/styles.conf.avail/win98/70-forced-synthetic.conf
./etc/fonts/infinality/styles.conf.avail/win98/62-tt-traced-bitmap-rendering.conf
./etc/fonts/infinality/styles.conf.avail/win98/41-repl-os-win.conf
./etc/fonts/infinality/styles.conf.avail/win98/90-no-synthetic.conf
./etc/fonts/infinality/styles.conf.avail/win98/43-repl-tt-traced-bitmap.conf
./etc/fonts/infinality/styles.conf.avail/win98/50-base-rendering-win98.conf
./etc/fonts/infinality/styles.conf.avail/win98/20-aliases-default-win.conf
./etc/fonts/infinality/styles.conf.avail/win98/90-reject.conf
./etc/fonts/infinality/styles.conf.avail/win98/42-repl-global.conf
./etc/fonts/infinality/styles.conf.avail/win98/71-forced-synthetic-win98.conf
./etc/fonts/infinality/styles.conf.avail/win98/61-group-tt-rendering-win98.conf
./etc/fonts/infinality/styles.conf.avail/win98/62-tt-monospace-rendering.conf
./etc/fonts/infinality/styles.conf.avail/win98/61-group-non-tt-rendering-win98.conf
./etc/fonts/infinality/styles.conf.avail/win7/
./etc/fonts/infinality/styles.conf.avail/win7/20-fix-cantarell.conf
./etc/fonts/infinality/styles.conf.avail/win7/44-repl-corrective.conf
./etc/fonts/infinality/styles.conf.avail/win7/80-selective-rendering-inf-win-lin.conf
./etc/fonts/infinality/styles.conf.avail/win7/60-group-non-tt-fonts.conf
./etc/fonts/infinality/styles.conf.avail/win7/50-base-rendering-win7-winxp.conf
./etc/fonts/infinality/styles.conf.avail/win7/60-group-tt-fonts.conf
./etc/fonts/infinality/styles.conf.avail/win7/81-final-rendering-inf-7-xp.conf
./etc/fonts/infinality/styles.conf.avail/win7/30-non-latin-inf-win.conf
./etc/fonts/infinality/styles.conf.avail/win7/65-override.conf
./etc/fonts/infinality/styles.conf.avail/win7/70-forced-synthetic.conf
./etc/fonts/infinality/styles.conf.avail/win7/61-group-non-tt-rendering-inf-7-xp-lin.conf
./etc/fonts/infinality/styles.conf.avail/win7/62-tt-traced-bitmap-rendering.conf
./etc/fonts/infinality/styles.conf.avail/win7/41-repl-os-win.conf
./etc/fonts/infinality/styles.conf.avail/win7/90-no-synthetic.conf
./etc/fonts/infinality/styles.conf.avail/win7/43-repl-tt-traced-bitmap.conf
./etc/fonts/infinality/styles.conf.avail/win7/20-aliases-default-win.conf
./etc/fonts/infinality/styles.conf.avail/win7/90-reject.conf
./etc/fonts/infinality/styles.conf.avail/win7/42-repl-global.conf
./etc/fonts/infinality/styles.conf.avail/win7/21-aliases-wine-win7-inf.conf
./etc/fonts/infinality/styles.conf.avail/win7/61-group-tt-rendering-inf-7-xp.conf
./etc/fonts/infinality/styles.conf.avail/win7/62-tt-monospace-rendering.conf
./etc/fonts/infinality/styles.conf.avail/win7/80-selective-rendering-inf-7-xp.conf
./etc/fonts/infinality/styles.conf.avail/debug/
./etc/fonts/infinality/styles.conf.avail/debug/20-fix-cantarell.conf
./etc/fonts/infinality/styles.conf.avail/debug/44-repl-corrective.conf
./etc/fonts/infinality/styles.conf.avail/debug/60-group-non-tt-fonts.conf
./etc/fonts/infinality/styles.conf.avail/debug/99-debug.conf
./etc/fonts/infinality/styles.conf.avail/debug/60-group-tt-fonts.conf
./etc/fonts/infinality/styles.conf.avail/debug/65-override.conf
./etc/fonts/infinality/styles.conf.avail/debug/70-forced-synthetic.conf
./etc/fonts/infinality/styles.conf.avail/debug/62-tt-traced-bitmap-rendering.conf
./etc/fonts/infinality/styles.conf.avail/debug/90-no-synthetic.conf
./etc/fonts/infinality/styles.conf.avail/debug/43-repl-tt-traced-bitmap.conf
./etc/fonts/infinality/styles.conf.avail/debug/42-repl-global.conf
./etc/fonts/infinality/styles.conf.avail/debug/62-tt-monospace-rendering.conf
./etc/fonts/infinality/styles.conf.avail/winxp/
./etc/fonts/infinality/styles.conf.avail/winxp/20-fix-cantarell.conf
./etc/fonts/infinality/styles.conf.avail/winxp/44-repl-corrective.conf
./etc/fonts/infinality/styles.conf.avail/winxp/80-selective-rendering-inf-win-lin.conf
./etc/fonts/infinality/styles.conf.avail/winxp/60-group-non-tt-fonts.conf
./etc/fonts/infinality/styles.conf.avail/winxp/50-base-rendering-win7-winxp.conf
./etc/fonts/infinality/styles.conf.avail/winxp/60-group-tt-fonts.conf
./etc/fonts/infinality/styles.conf.avail/winxp/81-final-rendering-inf-7-xp.conf
./etc/fonts/infinality/styles.conf.avail/winxp/30-non-latin-inf-win.conf
./etc/fonts/infinality/styles.conf.avail/winxp/65-override.conf
./etc/fonts/infinality/styles.conf.avail/winxp/70-forced-synthetic.conf
./etc/fonts/infinality/styles.conf.avail/winxp/61-group-non-tt-rendering-inf-7-xp-lin.conf
./etc/fonts/infinality/styles.conf.avail/winxp/62-tt-traced-bitmap-rendering.conf
./etc/fonts/infinality/styles.conf.avail/winxp/41-repl-os-win.conf
./etc/fonts/infinality/styles.conf.avail/winxp/90-no-synthetic.conf
./etc/fonts/infinality/styles.conf.avail/winxp/43-repl-tt-traced-bitmap.conf
./etc/fonts/infinality/styles.conf.avail/winxp/20-aliases-default-win.conf
./etc/fonts/infinality/styles.conf.avail/winxp/90-reject.conf
./etc/fonts/infinality/styles.conf.avail/winxp/42-repl-global.conf
./etc/fonts/infinality/styles.conf.avail/winxp/61-group-tt-rendering-inf-7-xp.conf
./etc/fonts/infinality/styles.conf.avail/winxp/21-aliases-wine-winxp.conf
./etc/fonts/infinality/styles.conf.avail/winxp/62-tt-monospace-rendering.conf
./etc/fonts/infinality/styles.conf.avail/winxp/80-selective-rendering-inf-7-xp.conf
./etc/fonts/infinality/conf.src/
./etc/fonts/infinality/conf.src/20-fix-cantarell.conf
./etc/fonts/infinality/conf.src/20-aliases-default-linux.conf
./etc/fonts/infinality/conf.src/44-repl-corrective.conf
./etc/fonts/infinality/conf.src/41-repl-os-linux.conf
./etc/fonts/infinality/conf.src/80-selective-rendering-inf-win-lin.conf
./etc/fonts/infinality/conf.src/60-group-non-tt-fonts.conf
./etc/fonts/infinality/conf.src/generate60/
./etc/fonts/infinality/conf.src/generate60/generate60.sh
./etc/fonts/infinality/conf.src/generate60/60-group-tt-fonts.list
./etc/fonts/infinality/conf.src/generate60/60-group-non-tt-fonts.list
./etc/fonts/infinality/conf.src/generate60/60-group-tt-fonts.conf.awk
./etc/fonts/infinality/conf.src/generate60/60-group-non-tt-fonts.conf.awk
./etc/fonts/infinality/conf.src/21-aliases-wine-win98.conf
./etc/fonts/infinality/conf.src/64-override-win98.conf
./etc/fonts/infinality/conf.src/20-aliases-default-osx.conf
./etc/fonts/infinality/conf.src/99-debug.conf
./etc/fonts/infinality/conf.src/50-base-rendering-win7-winxp.conf
./etc/fonts/infinality/conf.src/41-repl-os-inf.conf
./etc/fonts/infinality/conf.src/60-group-tt-fonts.conf
./etc/fonts/infinality/conf.src/61-group-tt-rendering-osx.conf
./etc/fonts/infinality/conf.src/81-final-rendering-inf-7-xp.conf
./etc/fonts/infinality/conf.src/61-group-tt-rendering-osx2.conf
./etc/fonts/infinality/conf.src/30-non-latin-inf-win.conf
./etc/fonts/infinality/conf.src/65-override.conf
./etc/fonts/infinality/conf.src/40-repl-generic.conf
./etc/fonts/infinality/conf.src/70-forced-synthetic.conf
./etc/fonts/infinality/conf.src/61-group-non-tt-rendering-inf-7-xp-lin.conf
./etc/fonts/infinality/conf.src/62-tt-traced-bitmap-rendering.conf
./etc/fonts/infinality/conf.src/41-repl-os-win.conf
./etc/fonts/infinality/conf.src/90-no-synthetic.conf
./etc/fonts/infinality/conf.src/61-group-tt-rendering-linux.conf
./etc/fonts/infinality/conf.src/41-repl-os-osx.conf
./etc/fonts/infinality/conf.src/21-aliases-wine-linux.conf
./etc/fonts/infinality/conf.src/43-repl-tt-traced-bitmap.conf
./etc/fonts/infinality/conf.src/50-base-rendering-win98.conf
./etc/fonts/infinality/conf.src/30-non-latin-osx-lin.conf
./etc/fonts/infinality/conf.src/20-aliases-default-win.conf
./etc/fonts/infinality/conf.src/90-reject.conf
./etc/fonts/infinality/conf.src/50-base-rendering-osx2.conf
./etc/fonts/infinality/conf.src/42-repl-global.conf
./etc/fonts/infinality/conf.src/21-aliases-wine-win7-inf.conf
./etc/fonts/infinality/conf.src/71-forced-synthetic-win98.conf
./etc/fonts/infinality/conf.src/64-override-inf.conf
./etc/fonts/infinality/conf.src/61-group-tt-rendering-win98.conf
./etc/fonts/infinality/conf.src/61-group-tt-rendering-inf-7-xp.conf
./etc/fonts/infinality/conf.src/21-aliases-wine-winxp.conf
./etc/fonts/infinality/conf.src/50-base-rendering-inf-osx-lin.conf
./etc/fonts/infinality/conf.src/62-tt-monospace-rendering.conf
./etc/fonts/infinality/conf.src/61-group-non-tt-rendering-default.conf
./etc/fonts/infinality/conf.src/80-selective-rendering-inf-7-xp.conf
./etc/fonts/infinality/conf.src/21-aliases-wine-osx.conf
./etc/fonts/infinality/conf.src/61-group-non-tt-rendering-win98.conf
./etc/fonts/infinality/conf.src/20-aliases-default-inf.conf
./etc/fonts/infinality/infinality.conf
./etc/fonts/conf.avail/
./etc/fonts/conf.avail/52-infinality.conf
./etc/X11/
./etc/X11/Xresources
>>> Done.
 * checking 225 files for package collisions
>>> Merging media-libs/fontconfig-infinality-20130404 to /
 * removing unneeded *.la files
--- /etc/
--- /etc/X11/
>>> /etc/X11/Xresources
--- /etc/fonts/
--- /etc/fonts/conf.avail/
>>> /etc/fonts/conf.avail/52-infinality.conf
--- /etc/fonts/infinality/
>>> /etc/fonts/infinality/infinality.conf
--- /etc/fonts/infinality/conf.src/
>>> /etc/fonts/infinality/conf.src/20-aliases-default-inf.conf
>>> /etc/fonts/infinality/conf.src/61-group-non-tt-rendering-win98.conf
>>> /etc/fonts/infinality/conf.src/21-aliases-wine-osx.conf
>>> /etc/fonts/infinality/conf.src/80-selective-rendering-inf-7-xp.conf
>>> /etc/fonts/infinality/conf.src/61-group-non-tt-rendering-default.conf
>>> /etc/fonts/infinality/conf.src/62-tt-monospace-rendering.conf
>>> /etc/fonts/infinality/conf.src/50-base-rendering-inf-osx-lin.conf
>>> /etc/fonts/infinality/conf.src/21-aliases-wine-winxp.conf
>>> /etc/fonts/infinality/conf.src/61-group-tt-rendering-inf-7-xp.conf
>>> /etc/fonts/infinality/conf.src/61-group-tt-rendering-win98.conf
>>> /etc/fonts/infinality/conf.src/64-override-inf.conf
>>> /etc/fonts/infinality/conf.src/71-forced-synthetic-win98.conf
>>> /etc/fonts/infinality/conf.src/21-aliases-wine-win7-inf.conf
>>> /etc/fonts/infinality/conf.src/42-repl-global.conf
>>> /etc/fonts/infinality/conf.src/50-base-rendering-osx2.conf
>>> /etc/fonts/infinality/conf.src/90-reject.conf
>>> /etc/fonts/infinality/conf.src/20-aliases-default-win.conf
>>> /etc/fonts/infinality/conf.src/30-non-latin-osx-lin.conf
>>> /etc/fonts/infinality/conf.src/50-base-rendering-win98.conf
>>> /etc/fonts/infinality/conf.src/43-repl-tt-traced-bitmap.conf
>>> /etc/fonts/infinality/conf.src/21-aliases-wine-linux.conf
>>> /etc/fonts/infinality/conf.src/41-repl-os-osx.conf
>>> /etc/fonts/infinality/conf.src/61-group-tt-rendering-linux.conf
>>> /etc/fonts/infinality/conf.src/90-no-synthetic.conf
>>> /etc/fonts/infinality/conf.src/41-repl-os-win.conf
>>> /etc/fonts/infinality/conf.src/62-tt-traced-bitmap-rendering.conf
>>> /etc/fonts/infinality/conf.src/61-group-non-tt-rendering-inf-7-xp-lin.conf
>>> /etc/fonts/infinality/conf.src/70-forced-synthetic.conf
>>> /etc/fonts/infinality/conf.src/40-repl-generic.conf
>>> /etc/fonts/infinality/conf.src/65-override.conf
>>> /etc/fonts/infinality/conf.src/30-non-latin-inf-win.conf
>>> /etc/fonts/infinality/conf.src/61-group-tt-rendering-osx2.conf
>>> /etc/fonts/infinality/conf.src/81-final-rendering-inf-7-xp.conf
>>> /etc/fonts/infinality/conf.src/61-group-tt-rendering-osx.conf
>>> /etc/fonts/infinality/conf.src/60-group-tt-fonts.conf
>>> /etc/fonts/infinality/conf.src/41-repl-os-inf.conf
>>> /etc/fonts/infinality/conf.src/50-base-rendering-win7-winxp.conf
>>> /etc/fonts/infinality/conf.src/99-debug.conf
>>> /etc/fonts/infinality/conf.src/20-aliases-default-osx.conf
>>> /etc/fonts/infinality/conf.src/64-override-win98.conf
>>> /etc/fonts/infinality/conf.src/21-aliases-wine-win98.conf
--- /etc/fonts/infinality/conf.src/generate60/
>>> /etc/fonts/infinality/conf.src/generate60/60-group-non-tt-fonts.conf.awk
>>> /etc/fonts/infinality/conf.src/generate60/60-group-tt-fonts.conf.awk
>>> /etc/fonts/infinality/conf.src/generate60/60-group-non-tt-fonts.list
>>> /etc/fonts/infinality/conf.src/generate60/60-group-tt-fonts.list
>>> /etc/fonts/infinality/conf.src/generate60/generate60.sh
>>> /etc/fonts/infinality/conf.src/60-group-non-tt-fonts.conf
>>> /etc/fonts/infinality/conf.src/80-selective-rendering-inf-win-lin.conf
>>> /etc/fonts/infinality/conf.src/41-repl-os-linux.conf
>>> /etc/fonts/infinality/conf.src/44-repl-corrective.conf
>>> /etc/fonts/infinality/conf.src/20-aliases-default-linux.conf
>>> /etc/fonts/infinality/conf.src/20-fix-cantarell.conf
--- /etc/fonts/infinality/styles.conf.avail/
--- /etc/fonts/infinality/styles.conf.avail/winxp/
>>> /etc/fonts/infinality/styles.conf.avail/winxp/80-selective-rendering-inf-7-xp.conf -> ../../conf.src/80-selective-rendering-inf-7-xp.conf
>>> /etc/fonts/infinality/styles.conf.avail/winxp/62-tt-monospace-rendering.conf -> ../../conf.src/62-tt-monospace-rendering.conf
>>> /etc/fonts/infinality/styles.conf.avail/winxp/21-aliases-wine-winxp.conf -> ../../conf.src/21-aliases-wine-winxp.conf
>>> /etc/fonts/infinality/styles.conf.avail/winxp/61-group-tt-rendering-inf-7-xp.conf -> ../../conf.src/61-group-tt-rendering-inf-7-xp.conf
>>> /etc/fonts/infinality/styles.conf.avail/winxp/42-repl-global.conf -> ../../conf.src/42-repl-global.conf
>>> /etc/fonts/infinality/styles.conf.avail/winxp/90-reject.conf -> ../../conf.src/90-reject.conf
>>> /etc/fonts/infinality/styles.conf.avail/winxp/20-aliases-default-win.conf -> ../../conf.src/20-aliases-default-win.conf
>>> /etc/fonts/infinality/styles.conf.avail/winxp/43-repl-tt-traced-bitmap.conf -> ../../conf.src/43-repl-tt-traced-bitmap.conf
>>> /etc/fonts/infinality/styles.conf.avail/winxp/90-no-synthetic.conf -> ../../conf.src/90-no-synthetic.conf
>>> /etc/fonts/infinality/styles.conf.avail/winxp/41-repl-os-win.conf -> ../../conf.src/41-repl-os-win.conf
>>> /etc/fonts/infinality/styles.conf.avail/winxp/62-tt-traced-bitmap-rendering.conf -> ../../conf.src/62-tt-traced-bitmap-rendering.conf
>>> /etc/fonts/infinality/styles.conf.avail/winxp/61-group-non-tt-rendering-inf-7-xp-lin.conf -> ../../conf.src/61-group-non-tt-rendering-inf-7-xp-lin.conf
>>> /etc/fonts/infinality/styles.conf.avail/winxp/70-forced-synthetic.conf -> ../../conf.src/70-forced-synthetic.conf
>>> /etc/fonts/infinality/styles.conf.avail/winxp/65-override.conf -> ../../conf.src/65-override.conf
>>> /etc/fonts/infinality/styles.conf.avail/winxp/30-non-latin-inf-win.conf -> ../../conf.src/30-non-latin-inf-win.conf
>>> /etc/fonts/infinality/styles.conf.avail/winxp/81-final-rendering-inf-7-xp.conf -> ../../conf.src/81-final-rendering-inf-7-xp.conf
>>> /etc/fonts/infinality/styles.conf.avail/winxp/60-group-tt-fonts.conf -> ../../conf.src/60-group-tt-fonts.conf
>>> /etc/fonts/infinality/styles.conf.avail/winxp/50-base-rendering-win7-winxp.conf -> ../../conf.src/50-base-rendering-win7-winxp.conf
>>> /etc/fonts/infinality/styles.conf.avail/winxp/60-group-non-tt-fonts.conf -> ../../conf.src/60-group-non-tt-fonts.conf
>>> /etc/fonts/infinality/styles.conf.avail/winxp/80-selective-rendering-inf-win-lin.conf -> ../../conf.src/80-selective-rendering-inf-win-lin.conf
>>> /etc/fonts/infinality/styles.conf.avail/winxp/44-repl-corrective.conf -> ../../conf.src/44-repl-corrective.conf
>>> /etc/fonts/infinality/styles.conf.avail/winxp/20-fix-cantarell.conf -> ../../conf.src/20-fix-cantarell.conf
--- /etc/fonts/infinality/styles.conf.avail/debug/
>>> /etc/fonts/infinality/styles.conf.avail/debug/62-tt-monospace-rendering.conf -> ../../conf.src/62-tt-monospace-rendering.conf
>>> /etc/fonts/infinality/styles.conf.avail/debug/42-repl-global.conf -> ../../conf.src/42-repl-global.conf
>>> /etc/fonts/infinality/styles.conf.avail/debug/43-repl-tt-traced-bitmap.conf -> ../../conf.src/43-repl-tt-traced-bitmap.conf
>>> /etc/fonts/infinality/styles.conf.avail/debug/90-no-synthetic.conf -> ../../conf.src/90-no-synthetic.conf
>>> /etc/fonts/infinality/styles.conf.avail/debug/62-tt-traced-bitmap-rendering.conf -> ../../conf.src/62-tt-traced-bitmap-rendering.conf
>>> /etc/fonts/infinality/styles.conf.avail/debug/70-forced-synthetic.conf -> ../../conf.src/70-forced-synthetic.conf
>>> /etc/fonts/infinality/styles.conf.avail/debug/65-override.conf -> ../../conf.src/65-override.conf
>>> /etc/fonts/infinality/styles.conf.avail/debug/60-group-tt-fonts.conf -> ../../conf.src/60-group-tt-fonts.conf
>>> /etc/fonts/infinality/styles.conf.avail/debug/99-debug.conf -> ../../conf.src/99-debug.conf
>>> /etc/fonts/infinality/styles.conf.avail/debug/60-group-non-tt-fonts.conf -> ../../conf.src/60-group-non-tt-fonts.conf
>>> /etc/fonts/infinality/styles.conf.avail/debug/44-repl-corrective.conf -> ../../conf.src/44-repl-corrective.conf
>>> /etc/fonts/infinality/styles.conf.avail/debug/20-fix-cantarell.conf -> ../../conf.src/20-fix-cantarell.conf
--- /etc/fonts/infinality/styles.conf.avail/win7/
>>> /etc/fonts/infinality/styles.conf.avail/win7/80-selective-rendering-inf-7-xp.conf -> ../../conf.src/80-selective-rendering-inf-7-xp.conf
>>> /etc/fonts/infinality/styles.conf.avail/win7/62-tt-monospace-rendering.conf -> ../../conf.src/62-tt-monospace-rendering.conf
>>> /etc/fonts/infinality/styles.conf.avail/win7/61-group-tt-rendering-inf-7-xp.conf -> ../../conf.src/61-group-tt-rendering-inf-7-xp.conf
>>> /etc/fonts/infinality/styles.conf.avail/win7/21-aliases-wine-win7-inf.conf -> ../../conf.src/21-aliases-wine-win7-inf.conf
>>> /etc/fonts/infinality/styles.conf.avail/win7/42-repl-global.conf -> ../../conf.src/42-repl-global.conf
>>> /etc/fonts/infinality/styles.conf.avail/win7/90-reject.conf -> ../../conf.src/90-reject.conf
>>> /etc/fonts/infinality/styles.conf.avail/win7/20-aliases-default-win.conf -> ../../conf.src/20-aliases-default-win.conf
>>> /etc/fonts/infinality/styles.conf.avail/win7/43-repl-tt-traced-bitmap.conf -> ../../conf.src/43-repl-tt-traced-bitmap.conf
>>> /etc/fonts/infinality/styles.conf.avail/win7/90-no-synthetic.conf -> ../../conf.src/90-no-synthetic.conf
>>> /etc/fonts/infinality/styles.conf.avail/win7/41-repl-os-win.conf -> ../../conf.src/41-repl-os-win.conf
>>> /etc/fonts/infinality/styles.conf.avail/win7/62-tt-traced-bitmap-rendering.conf -> ../../conf.src/62-tt-traced-bitmap-rendering.conf
>>> /etc/fonts/infinality/styles.conf.avail/win7/61-group-non-tt-rendering-inf-7-xp-lin.conf -> ../../conf.src/61-group-non-tt-rendering-inf-7-xp-lin.conf
>>> /etc/fonts/infinality/styles.conf.avail/win7/70-forced-synthetic.conf -> ../../conf.src/70-forced-synthetic.conf
>>> /etc/fonts/infinality/styles.conf.avail/win7/65-override.conf -> ../../conf.src/65-override.conf
>>> /etc/fonts/infinality/styles.conf.avail/win7/30-non-latin-inf-win.conf -> ../../conf.src/30-non-latin-inf-win.conf
>>> /etc/fonts/infinality/styles.conf.avail/win7/81-final-rendering-inf-7-xp.conf -> ../../conf.src/81-final-rendering-inf-7-xp.conf
>>> /etc/fonts/infinality/styles.conf.avail/win7/60-group-tt-fonts.conf -> ../../conf.src/60-group-tt-fonts.conf
>>> /etc/fonts/infinality/styles.conf.avail/win7/50-base-rendering-win7-winxp.conf -> ../../conf.src/50-base-rendering-win7-winxp.conf
>>> /etc/fonts/infinality/styles.conf.avail/win7/60-group-non-tt-fonts.conf -> ../../conf.src/60-group-non-tt-fonts.conf
>>> /etc/fonts/infinality/styles.conf.avail/win7/80-selective-rendering-inf-win-lin.conf -> ../../conf.src/80-selective-rendering-inf-win-lin.conf
>>> /etc/fonts/infinality/styles.conf.avail/win7/44-repl-corrective.conf -> ../../conf.src/44-repl-corrective.conf
>>> /etc/fonts/infinality/styles.conf.avail/win7/20-fix-cantarell.conf -> ../../conf.src/20-fix-cantarell.conf
--- /etc/fonts/infinality/styles.conf.avail/win98/
>>> /etc/fonts/infinality/styles.conf.avail/win98/61-group-non-tt-rendering-win98.conf -> ../../conf.src/61-group-non-tt-rendering-win98.conf
>>> /etc/fonts/infinality/styles.conf.avail/win98/62-tt-monospace-rendering.conf -> ../../conf.src/62-tt-monospace-rendering.conf
>>> /etc/fonts/infinality/styles.conf.avail/win98/61-group-tt-rendering-win98.conf -> ../../conf.src/61-group-tt-rendering-win98.conf
>>> /etc/fonts/infinality/styles.conf.avail/win98/71-forced-synthetic-win98.conf -> ../../conf.src/71-forced-synthetic-win98.conf
>>> /etc/fonts/infinality/styles.conf.avail/win98/42-repl-global.conf -> ../../conf.src/42-repl-global.conf
>>> /etc/fonts/infinality/styles.conf.avail/win98/90-reject.conf -> ../../conf.src/90-reject.conf
>>> /etc/fonts/infinality/styles.conf.avail/win98/20-aliases-default-win.conf -> ../../conf.src/20-aliases-default-win.conf
>>> /etc/fonts/infinality/styles.conf.avail/win98/50-base-rendering-win98.conf -> ../../conf.src/50-base-rendering-win98.conf
>>> /etc/fonts/infinality/styles.conf.avail/win98/43-repl-tt-traced-bitmap.conf -> ../../conf.src/43-repl-tt-traced-bitmap.conf
>>> /etc/fonts/infinality/styles.conf.avail/win98/90-no-synthetic.conf -> ../../conf.src/90-no-synthetic.conf
>>> /etc/fonts/infinality/styles.conf.avail/win98/41-repl-os-win.conf -> ../../conf.src/41-repl-os-win.conf
>>> /etc/fonts/infinality/styles.conf.avail/win98/62-tt-traced-bitmap-rendering.conf -> ../../conf.src/62-tt-traced-bitmap-rendering.conf
>>> /etc/fonts/infinality/styles.conf.avail/win98/70-forced-synthetic.conf -> ../../conf.src/70-forced-synthetic.conf
>>> /etc/fonts/infinality/styles.conf.avail/win98/65-override.conf -> ../../conf.src/65-override.conf
>>> /etc/fonts/infinality/styles.conf.avail/win98/30-non-latin-inf-win.conf -> ../../conf.src/30-non-latin-inf-win.conf
>>> /etc/fonts/infinality/styles.conf.avail/win98/60-group-tt-fonts.conf -> ../../conf.src/60-group-tt-fonts.conf
>>> /etc/fonts/infinality/styles.conf.avail/win98/64-override-win98.conf -> ../../conf.src/64-override-win98.conf
>>> /etc/fonts/infinality/styles.conf.avail/win98/21-aliases-wine-win98.conf -> ../../conf.src/21-aliases-wine-win98.conf
>>> /etc/fonts/infinality/styles.conf.avail/win98/60-group-non-tt-fonts.conf -> ../../conf.src/60-group-non-tt-fonts.conf
>>> /etc/fonts/infinality/styles.conf.avail/win98/80-selective-rendering-inf-win-lin.conf -> ../../conf.src/80-selective-rendering-inf-win-lin.conf
>>> /etc/fonts/infinality/styles.conf.avail/win98/44-repl-corrective.conf -> ../../conf.src/44-repl-corrective.conf
>>> /etc/fonts/infinality/styles.conf.avail/win98/20-fix-cantarell.conf -> ../../conf.src/20-fix-cantarell.conf
--- /etc/fonts/infinality/styles.conf.avail/linux/
>>> /etc/fonts/infinality/styles.conf.avail/linux/62-tt-monospace-rendering.conf -> ../../conf.src/62-tt-monospace-rendering.conf
>>> /etc/fonts/infinality/styles.conf.avail/linux/50-base-rendering-inf-osx-lin.conf -> ../../conf.src/50-base-rendering-inf-osx-lin.conf
>>> /etc/fonts/infinality/styles.conf.avail/linux/42-repl-global.conf -> ../../conf.src/42-repl-global.conf
>>> /etc/fonts/infinality/styles.conf.avail/linux/90-reject.conf -> ../../conf.src/90-reject.conf
>>> /etc/fonts/infinality/styles.conf.avail/linux/30-non-latin-osx-lin.conf -> ../../conf.src/30-non-latin-osx-lin.conf
>>> /etc/fonts/infinality/styles.conf.avail/linux/43-repl-tt-traced-bitmap.conf -> ../../conf.src/43-repl-tt-traced-bitmap.conf
>>> /etc/fonts/infinality/styles.conf.avail/linux/21-aliases-wine-linux.conf -> ../../conf.src/21-aliases-wine-linux.conf
>>> /etc/fonts/infinality/styles.conf.avail/linux/61-group-tt-rendering-linux.conf -> ../../conf.src/61-group-tt-rendering-linux.conf
>>> /etc/fonts/infinality/styles.conf.avail/linux/90-no-synthetic.conf -> ../../conf.src/90-no-synthetic.conf
>>> /etc/fonts/infinality/styles.conf.avail/linux/62-tt-traced-bitmap-rendering.conf -> ../../conf.src/62-tt-traced-bitmap-rendering.conf
>>> /etc/fonts/infinality/styles.conf.avail/linux/61-group-non-tt-rendering-inf-7-xp-lin.conf -> ../../conf.src/61-group-non-tt-rendering-inf-7-xp-lin.conf
>>> /etc/fonts/infinality/styles.conf.avail/linux/70-forced-synthetic.conf -> ../../conf.src/70-forced-synthetic.conf
>>> /etc/fonts/infinality/styles.conf.avail/linux/65-override.conf -> ../../conf.src/65-override.conf
>>> /etc/fonts/infinality/styles.conf.avail/linux/60-group-tt-fonts.conf -> ../../conf.src/60-group-tt-fonts.conf
>>> /etc/fonts/infinality/styles.conf.avail/linux/60-group-non-tt-fonts.conf -> ../../conf.src/60-group-non-tt-fonts.conf
>>> /etc/fonts/infinality/styles.conf.avail/linux/80-selective-rendering-inf-win-lin.conf -> ../../conf.src/80-selective-rendering-inf-win-lin.conf
>>> /etc/fonts/infinality/styles.conf.avail/linux/41-repl-os-linux.conf -> ../../conf.src/41-repl-os-linux.conf
>>> /etc/fonts/infinality/styles.conf.avail/linux/44-repl-corrective.conf -> ../../conf.src/44-repl-corrective.conf
>>> /etc/fonts/infinality/styles.conf.avail/linux/20-aliases-default-linux.conf -> ../../conf.src/20-aliases-default-linux.conf
>>> /etc/fonts/infinality/styles.conf.avail/linux/20-fix-cantarell.conf -> ../../conf.src/20-fix-cantarell.conf
--- /etc/fonts/infinality/styles.conf.avail/nyx/
>>> /etc/fonts/infinality/styles.conf.avail/nyx/80-selective-rendering-inf-7-xp.conf -> ../../conf.src/80-selective-rendering-inf-7-xp.conf
>>> /etc/fonts/infinality/styles.conf.avail/nyx/50-base-rendering-inf-osx-lin.conf -> ../../conf.src/50-base-rendering-inf-osx-lin.conf
>>> /etc/fonts/infinality/styles.conf.avail/nyx/64-override-inf.conf -> ../../conf.src/64-override-inf.conf
>>> /etc/fonts/infinality/styles.conf.avail/nyx/21-aliases-wine-win7-inf.conf -> ../../conf.src/21-aliases-wine-win7-inf.conf
>>> /etc/fonts/infinality/styles.conf.avail/nyx/43-repl-tt-traced-bitmap.conf -> ../../conf.src/43-repl-tt-traced-bitmap.conf
>>> /etc/fonts/infinality/styles.conf.avail/nyx/20-aliases-default-nyx.conf
>>> /etc/fonts/infinality/styles.conf.avail/nyx/65-override.conf -> ../../conf.src/65-override.conf
>>> /etc/fonts/infinality/styles.conf.avail/nyx/60-group-tt-fonts.conf -> ../../conf.src/60-group-tt-fonts.conf
>>> /etc/fonts/infinality/styles.conf.avail/nyx/30-non-latin-nyx.conf
>>> /etc/fonts/infinality/styles.conf.avail/nyx/60-group-non-tt-fonts.conf -> ../../conf.src/60-group-non-tt-fonts.conf
>>> /etc/fonts/infinality/styles.conf.avail/nyx/80-selective-rendering-inf-win-lin.conf -> ../../conf.src/80-selective-rendering-inf-win-lin.conf
>>> /etc/fonts/infinality/styles.conf.avail/nyx/44-repl-corrective.conf -> ../../conf.src/44-repl-corrective.conf
>>> /etc/fonts/infinality/styles.conf.avail/nyx/20-fix-cantarell.conf -> ../../conf.src/20-fix-cantarell.conf
--- /etc/fonts/infinality/styles.conf.avail/osx2/
>>> /etc/fonts/infinality/styles.conf.avail/osx2/21-aliases-wine-osx.conf -> ../../conf.src/21-aliases-wine-osx.conf
>>> /etc/fonts/infinality/styles.conf.avail/osx2/62-tt-monospace-rendering.conf -> ../../conf.src/62-tt-monospace-rendering.conf
>>> /etc/fonts/infinality/styles.conf.avail/osx2/42-repl-global.conf -> ../../conf.src/42-repl-global.conf
>>> /etc/fonts/infinality/styles.conf.avail/osx2/50-base-rendering-osx2.conf -> ../../conf.src/50-base-rendering-osx2.conf
>>> /etc/fonts/infinality/styles.conf.avail/osx2/30-non-latin-osx-lin.conf -> ../../conf.src/30-non-latin-osx-lin.conf
>>> /etc/fonts/infinality/styles.conf.avail/osx2/43-repl-tt-traced-bitmap.conf -> ../../conf.src/43-repl-tt-traced-bitmap.conf
>>> /etc/fonts/infinality/styles.conf.avail/osx2/41-repl-os-osx.conf -> ../../conf.src/41-repl-os-osx.conf
>>> /etc/fonts/infinality/styles.conf.avail/osx2/90-no-synthetic.conf -> ../../conf.src/90-no-synthetic.conf
>>> /etc/fonts/infinality/styles.conf.avail/osx2/62-tt-traced-bitmap-rendering.conf -> ../../conf.src/62-tt-traced-bitmap-rendering.conf
>>> /etc/fonts/infinality/styles.conf.avail/osx2/70-forced-synthetic.conf -> ../../conf.src/70-forced-synthetic.conf
>>> /etc/fonts/infinality/styles.conf.avail/osx2/65-override.conf -> ../../conf.src/65-override.conf
>>> /etc/fonts/infinality/styles.conf.avail/osx2/61-group-tt-rendering-osx2.conf -> ../../conf.src/61-group-tt-rendering-osx2.conf
>>> /etc/fonts/infinality/styles.conf.avail/osx2/60-group-tt-fonts.conf -> ../../conf.src/60-group-tt-fonts.conf
>>> /etc/fonts/infinality/styles.conf.avail/osx2/20-aliases-default-osx.conf -> ../../conf.src/20-aliases-default-osx.conf
>>> /etc/fonts/infinality/styles.conf.avail/osx2/60-group-non-tt-fonts.conf -> ../../conf.src/60-group-non-tt-fonts.conf
>>> /etc/fonts/infinality/styles.conf.avail/osx2/44-repl-corrective.conf -> ../../conf.src/44-repl-corrective.conf
>>> /etc/fonts/infinality/styles.conf.avail/osx2/20-fix-cantarell.conf -> ../../conf.src/20-fix-cantarell.conf
--- /etc/fonts/infinality/styles.conf.avail/infinality/
>>> /etc/fonts/infinality/styles.conf.avail/infinality/20-aliases-default-inf.conf -> ../../conf.src/20-aliases-default-inf.conf
>>> /etc/fonts/infinality/styles.conf.avail/infinality/80-selective-rendering-inf-7-xp.conf -> ../../conf.src/80-selective-rendering-inf-7-xp.conf
>>> /etc/fonts/infinality/styles.conf.avail/infinality/62-tt-monospace-rendering.conf -> ../../conf.src/62-tt-monospace-rendering.conf
>>> /etc/fonts/infinality/styles.conf.avail/infinality/50-base-rendering-inf-osx-lin.conf -> ../../conf.src/50-base-rendering-inf-osx-lin.conf
>>> /etc/fonts/infinality/styles.conf.avail/infinality/61-group-tt-rendering-inf-7-xp.conf -> ../../conf.src/61-group-tt-rendering-inf-7-xp.conf
>>> /etc/fonts/infinality/styles.conf.avail/infinality/64-override-inf.conf -> ../../conf.src/64-override-inf.conf
>>> /etc/fonts/infinality/styles.conf.avail/infinality/21-aliases-wine-win7-inf.conf -> ../../conf.src/21-aliases-wine-win7-inf.conf
>>> /etc/fonts/infinality/styles.conf.avail/infinality/42-repl-global.conf -> ../../conf.src/42-repl-global.conf
>>> /etc/fonts/infinality/styles.conf.avail/infinality/90-reject.conf -> ../../conf.src/90-reject.conf
>>> /etc/fonts/infinality/styles.conf.avail/infinality/43-repl-tt-traced-bitmap.conf -> ../../conf.src/43-repl-tt-traced-bitmap.conf
>>> /etc/fonts/infinality/styles.conf.avail/infinality/90-no-synthetic.conf -> ../../conf.src/90-no-synthetic.conf
>>> /etc/fonts/infinality/styles.conf.avail/infinality/62-tt-traced-bitmap-rendering.conf -> ../../conf.src/62-tt-traced-bitmap-rendering.conf
>>> /etc/fonts/infinality/styles.conf.avail/infinality/61-group-non-tt-rendering-inf-7-xp-lin.conf -> ../../conf.src/61-group-non-tt-rendering-inf-7-xp-lin.conf
>>> /etc/fonts/infinality/styles.conf.avail/infinality/70-forced-synthetic.conf -> ../../conf.src/70-forced-synthetic.conf
>>> /etc/fonts/infinality/styles.conf.avail/infinality/65-override.conf -> ../../conf.src/65-override.conf
>>> /etc/fonts/infinality/styles.conf.avail/infinality/30-non-latin-inf-win.conf -> ../../conf.src/30-non-latin-inf-win.conf
>>> /etc/fonts/infinality/styles.conf.avail/infinality/81-final-rendering-inf-7-xp.conf -> ../../conf.src/81-final-rendering-inf-7-xp.conf
>>> /etc/fonts/infinality/styles.conf.avail/infinality/60-group-tt-fonts.conf -> ../../conf.src/60-group-tt-fonts.conf
>>> /etc/fonts/infinality/styles.conf.avail/infinality/41-repl-os-inf.conf -> ../../conf.src/41-repl-os-inf.conf
>>> /etc/fonts/infinality/styles.conf.avail/infinality/60-group-non-tt-fonts.conf -> ../../conf.src/60-group-non-tt-fonts.conf
>>> /etc/fonts/infinality/styles.conf.avail/infinality/80-selective-rendering-inf-win-lin.conf -> ../../conf.src/80-selective-rendering-inf-win-lin.conf
>>> /etc/fonts/infinality/styles.conf.avail/infinality/44-repl-corrective.conf -> ../../conf.src/44-repl-corrective.conf
>>> /etc/fonts/infinality/styles.conf.avail/infinality/20-fix-cantarell.conf -> ../../conf.src/20-fix-cantarell.conf
--- /etc/fonts/infinality/styles.conf.avail/osx/
>>> /etc/fonts/infinality/styles.conf.avail/osx/21-aliases-wine-osx.conf -> ../../conf.src/21-aliases-wine-osx.conf
>>> /etc/fonts/infinality/styles.conf.avail/osx/62-tt-monospace-rendering.conf -> ../../conf.src/62-tt-monospace-rendering.conf
>>> /etc/fonts/infinality/styles.conf.avail/osx/50-base-rendering-inf-osx-lin.conf -> ../../conf.src/50-base-rendering-inf-osx-lin.conf
>>> /etc/fonts/infinality/styles.conf.avail/osx/42-repl-global.conf -> ../../conf.src/42-repl-global.conf
>>> /etc/fonts/infinality/styles.conf.avail/osx/50-base-rendering-osx2.conf -> ../../conf.src/50-base-rendering-osx2.conf
>>> /etc/fonts/infinality/styles.conf.avail/osx/30-non-latin-osx-lin.conf -> ../../conf.src/30-non-latin-osx-lin.conf
>>> /etc/fonts/infinality/styles.conf.avail/osx/43-repl-tt-traced-bitmap.conf -> ../../conf.src/43-repl-tt-traced-bitmap.conf
>>> /etc/fonts/infinality/styles.conf.avail/osx/41-repl-os-osx.conf -> ../../conf.src/41-repl-os-osx.conf
>>> /etc/fonts/infinality/styles.conf.avail/osx/90-no-synthetic.conf -> ../../conf.src/90-no-synthetic.conf
>>> /etc/fonts/infinality/styles.conf.avail/osx/62-tt-traced-bitmap-rendering.conf -> ../../conf.src/62-tt-traced-bitmap-rendering.conf
>>> /etc/fonts/infinality/styles.conf.avail/osx/70-forced-synthetic.conf -> ../../conf.src/70-forced-synthetic.conf
>>> /etc/fonts/infinality/styles.conf.avail/osx/65-override.conf -> ../../conf.src/65-override.conf
>>> /etc/fonts/infinality/styles.conf.avail/osx/61-group-tt-rendering-osx2.conf -> ../../conf.src/61-group-tt-rendering-osx2.conf
>>> /etc/fonts/infinality/styles.conf.avail/osx/61-group-tt-rendering-osx.conf -> ../../conf.src/61-group-tt-rendering-osx.conf
>>> /etc/fonts/infinality/styles.conf.avail/osx/60-group-tt-fonts.conf -> ../../conf.src/60-group-tt-fonts.conf
>>> /etc/fonts/infinality/styles.conf.avail/osx/20-aliases-default-osx.conf -> ../../conf.src/20-aliases-default-osx.conf
>>> /etc/fonts/infinality/styles.conf.avail/osx/60-group-non-tt-fonts.conf -> ../../conf.src/60-group-non-tt-fonts.conf
>>> /etc/fonts/infinality/styles.conf.avail/osx/44-repl-corrective.conf -> ../../conf.src/44-repl-corrective.conf
>>> /etc/fonts/infinality/styles.conf.avail/osx/20-fix-cantarell.conf -> ../../conf.src/20-fix-cantarell.conf
--- /usr/
>>> Safely unmerging already-installed instance...
>>> Original instance of package unmerged safely.
 * media-libs/fontconfig-infinality is using the deprecated readme.gentoo.eclass.
 * Please use readme.gentoo-r1 instead.
>>> media-libs/fontconfig-infinality-20130404 merged.
