>>> Extracting info
[32;01m * [39;49;00mPackage:    media-libs/giflib-5.2.1-r1
[32;01m * [39;49;00mRepository: gentoo
[32;01m * [39;49;00mUSE:        userland_GNU abi_x86_64 elibc_glibc kernel_linux amd64
[32;01m * [39;49;00mFEATURES:   ccache network-sandbox preserve-libs sandbox userpriv usersandbox
 [32;01m*[0m FEATURES='assume-digests binpkg-docompress binpkg-dostrip binpkg-logs binpkg-multi-instance buildpkg ccache cgroup compress-index config-protect-if-modified distlocks downgrade-backup fixlafiles ipc-sandbox merge-sync multilib-strict network-sandbox news nodoc parallel-fetch parallel-install pid-sandbox preserve-libs qa-unresolved-soname-deps sandbox sfperms strict strict-keepdir unknown-features-warn unmerge-backup unmerge-logs unmerge-orphans userfetch userpriv usersandbox usersync xattr'
 [32;01m*[0m CFLAGS='-march=native -O3 -fdevirtualize-at-ltrans -fipa-pta -fno-semantic-interposition -fno-signed-zeros -fno-trapping-math -fassociative-math -freciprocal-math -fno-math-errno -ffinite-math-only -fno-rounding-math -fno-signaling-nans -fcx-limited-range -fexcess-precision=fast -fno-plt -fno-common -pipe -g0 -fno-stack-protector -fno-stack-clash-protection -fstack-check=no -fno-stack-check -Wl,-O4,--hash-style=gnu,--sort-common,--as-needed,-z,relro,-z,now,-lgomp,-lpthread'
 [32;01m*[0m CXXFLAGS='-march=native -O3 -fdevirtualize-at-ltrans -fipa-pta -fno-semantic-interposition -fno-signed-zeros -fno-trapping-math -fassociative-math -freciprocal-math -fno-math-errno -ffinite-math-only -fno-rounding-math -fno-signaling-nans -fcx-limited-range -fexcess-precision=fast -fno-plt -fno-common -pipe -g0 -fno-stack-protector -fno-stack-clash-protection -fstack-check=no -fno-stack-check -Wl,-O4,--hash-style=gnu,--sort-common,--as-needed,-z,relro,-z,now,-lgomp,-lpthread'
 [32;01m*[0m FFLAGS='-march=native -O3 -fdevirtualize-at-ltrans -fipa-pta -fno-semantic-interposition -fno-signed-zeros -fno-trapping-math -fassociative-math -freciprocal-math -fno-math-errno -ffinite-math-only -fno-rounding-math -fno-signaling-nans -fcx-limited-range -fexcess-precision=fast -fno-plt -fno-common -pipe -g0 -fno-stack-protector -fno-stack-clash-protection -fstack-check=no -fno-stack-check -Wl,-O4,--hash-style=gnu,--sort-common,--as-needed,-z,relro,-z,now,-lgomp,-lpthread'
 [32;01m*[0m FCFLAGS='-march=native -O3 -fdevirtualize-at-ltrans -fipa-pta -fno-semantic-interposition -fno-signed-zeros -fno-trapping-math -fassociative-math -freciprocal-math -fno-math-errno -ffinite-math-only -fno-rounding-math -fno-signaling-nans -fcx-limited-range -fexcess-precision=fast -fno-plt -fno-common -pipe -g0 -fno-stack-protector -fno-stack-clash-protection -fstack-check=no -fno-stack-check -Wl,-O4,--hash-style=gnu,--sort-common,--as-needed,-z,relro,-z,now,-lgomp,-lpthread'
 [32;01m*[0m F77FLAGS='-march=native -O3 -fdevirtualize-at-ltrans -fipa-pta -fno-semantic-interposition -fno-signed-zeros -fno-trapping-math -fassociative-math -freciprocal-math -fno-math-errno -ffinite-math-only -fno-rounding-math -fno-signaling-nans -fcx-limited-range -fexcess-precision=fast -fno-plt -fno-common -pipe -g0 -fno-stack-protector -fno-stack-clash-protection -fstack-check=no -fno-stack-check -Wl,-O4,--hash-style=gnu,--sort-common,--as-needed,-z,relro,-z,now,-lgomp,-lpthread'
 [32;01m*[0m LDFLAGS='-Wl,-O4,--hash-style=gnu,--sort-common,--as-needed,-z,relro,-z,now,-lgomp,-lpthread'
 [32;01m*[0m MAKEOPTS='-j12'
 [32;01m*[0m gcc (Gentoo 10.1.0 p1) 10.1.0
 [32;01m*[0m g++ (Gentoo 10.1.0 p1) 10.1.0
 [32;01m*[0m GNU ld (Gentoo 9999 p5) 2.34.50.20200520
 [32;01m*[0m Linux ryzen.gnum.org 5.4.36 #1 SMP Thu Apr 30 04:38:28 UTC 2020 x86_64 AMD Ryzen 5 3600 6-Core Processor AuthenticAMD GNU/Linux
[00;01mmedia-libs/[00;00m[36;01mgiflib[00;00m: [32;01m6[00;00m seconds average for [32;01m3[00;00m merges
2020-05-16T15:26:28 >>> [00;01mmedia-libs/[00;00m[36;01mgiflib[00;00m: [32;01m7[00;00m seconds
2020-05-16T20:44:18 >>> [00;01mmedia-libs/[00;00m[36;01mgiflib[00;00m: [32;01m9[00;00m seconds
2020-05-20T07:28:54 >>> [00;01mmedia-libs/[00;00m[36;01mgiflib[00;00m: [32;01m3[00;00m seconds
]0;emerge 05:47:14 18|1170 giflib 00:06 (root@ryzen.gnum.org)>>> Extracting media-libs/giflib-5.2.1-r1
 [32;01m*[39;49;00m checking 23 files for package collisions
>>> Merging media-libs/giflib-5.2.1-r1 to /
 [32;01m*[0m removing unneeded *.la files
--- /usr/
--- /usr/lib64/
>>> /usr/lib64/libgif.so -> libgif.so.7
>>> /usr/lib64/libgif.so.7.2.0
>>> /usr/lib64/libgif.so.7 -> libgif.so.7.2.0
--- /usr/share/
--- /usr/share/man/
--- /usr/share/man/man1/
>>> /usr/share/man/man1/giffix.1.bz2
>>> /usr/share/man/man1/gifclrmp.1.bz2
>>> /usr/share/man/man1/gifbg.1.bz2
>>> /usr/share/man/man1/gifcolor.1.bz2
>>> /usr/share/man/man1/gifbuild.1.bz2
>>> /usr/share/man/man1/gifhisto.1.bz2
>>> /usr/share/man/man1/giftext.1.bz2
>>> /usr/share/man/man1/gif2rgb.1.bz2
>>> /usr/share/man/man1/giftool.1.bz2
>>> /usr/share/man/man1/giflib.1.bz2
>>> /usr/share/man/man1/gifwedge.1.bz2
>>> /usr/share/man/man1/gifecho.1.bz2
>>> /usr/share/man/man1/gifinto.1.bz2
--- /usr/include/
>>> /usr/include/gif_lib.h
--- /usr/bin/
>>> /usr/bin/gifbuild
>>> /usr/bin/gifclrmp
>>> /usr/bin/giftool
>>> /usr/bin/giffix
>>> /usr/bin/gif2rgb
>>> /usr/bin/giftext
>>> Safely unmerging already-installed instance...
No package files given... Grabbing a set.
--- replaced obj /usr/share/man/man1/gifwedge.1.bz2
--- replaced obj /usr/share/man/man1/giftool.1.bz2
--- replaced obj /usr/share/man/man1/giftext.1.bz2
--- replaced obj /usr/share/man/man1/giflib.1.bz2
--- replaced obj /usr/share/man/man1/gifinto.1.bz2
--- replaced obj /usr/share/man/man1/gifhisto.1.bz2
--- replaced obj /usr/share/man/man1/giffix.1.bz2
--- replaced obj /usr/share/man/man1/gifecho.1.bz2
--- replaced obj /usr/share/man/man1/gifcolor.1.bz2
--- replaced obj /usr/share/man/man1/gifclrmp.1.bz2
--- replaced obj /usr/share/man/man1/gifbuild.1.bz2
--- replaced obj /usr/share/man/man1/gifbg.1.bz2
--- replaced obj /usr/share/man/man1/gif2rgb.1.bz2
--- replaced dir /usr/share/man/man1
--- replaced dir /usr/share/man
--- replaced dir /usr/share
--- replaced obj /usr/lib64/libgif.so.7.2.0
--- replaced sym /usr/lib64/libgif.so.7
--- replaced sym /usr/lib64/libgif.so
--- replaced dir /usr/lib64
--- replaced obj /usr/include/gif_lib.h
--- replaced dir /usr/include
--- replaced obj /usr/bin/giftool
--- replaced obj /usr/bin/giftext
--- replaced obj /usr/bin/giffix
--- replaced obj /usr/bin/gifclrmp
--- replaced obj /usr/bin/gifbuild
--- replaced obj /usr/bin/gif2rgb
--- replaced dir /usr/bin
--- replaced dir /usr
>>> Regenerating /etc/ld.so.cache...
>>> Original instance of package unmerged safely.
>>> media-libs/giflib-5.2.1-r1 merged.
>>> Regenerating /etc/ld.so.cache...
