 * Package:    media-libs/clutter-gtk-1.8.4
 * Repository: gentoo
 * Maintainer: gnome@gentoo.org
 * USE:        X abi_x86_64 amd64 elibc_glibc examples gtk introspection kernel_linux userland_GNU wayland
 * FEATURES:   network-sandbox preserve-libs sandbox userpriv usersandbox
 * /etc/portage/package.cflags/ltoworkarounds.conf -> media-libs/clutter-gtk: *FLAGS-=-flto*
 * FEATURES='assume-digests binpkg-docompress binpkg-dostrip binpkg-logs binpkg-multi-instance buildpkg cgroup compress-index config-protect-if-modified distlocks downgrade-backup fixlafiles ipc-sandbox merge-sync multilib-strict network-sandbox news nodoc parallel-fetch parallel-install pid-sandbox preserve-libs qa-unresolved-soname-deps sandbox sfperms strict strict-keepdir unknown-features-warn unmerge-backup unmerge-logs unmerge-orphans userfetch userpriv usersandbox usersync xattr'
 * CFLAGS='-march=native -O3 -fgraphite-identity -floop-nest-optimize -fdevirtualize-at-ltrans -fipa-pta -fno-semantic-interposition -fno-plt -fno-signed-zeros -fno-trapping-math -fassociative-math -freciprocal-math -fno-math-errno -ffinite-math-only -fno-rounding-math -fno-signaling-nans -fcx-limited-range -fexcess-precision=fast -fuse-linker-plugin -pipe -g0 -falign-functions=32 -Wl,-O1 -Wl,--as-needed -Wl,-O4,--hash-style=gnu,--sort-common,--as-needed,-z,relro,-z,now,-lgomp,-lpthread'
 * CXXFLAGS='-march=native -O3 -fgraphite-identity -floop-nest-optimize -fdevirtualize-at-ltrans -fipa-pta -fno-semantic-interposition -fno-plt -fno-signed-zeros -fno-trapping-math -fassociative-math -freciprocal-math -fno-math-errno -ffinite-math-only -fno-rounding-math -fno-signaling-nans -fcx-limited-range -fexcess-precision=fast -fuse-linker-plugin -pipe -g0 -falign-functions=32 -Wl,-O1 -Wl,--as-needed -Wl,-O4,--hash-style=gnu,--sort-common,--as-needed,-z,relro,-z,now,-lgomp,-lpthread'
 * FFLAGS='-march=native -O3 -fgraphite-identity -floop-nest-optimize -fdevirtualize-at-ltrans -fipa-pta -fno-semantic-interposition -fno-plt -fno-signed-zeros -fno-trapping-math -fassociative-math -freciprocal-math -fno-math-errno -ffinite-math-only -fno-rounding-math -fno-signaling-nans -fcx-limited-range -fexcess-precision=fast -fuse-linker-plugin -pipe -g0 -falign-functions=32 -Wl,-O1 -Wl,--as-needed -Wl,-O4,--hash-style=gnu,--sort-common,--as-needed,-z,relro,-z,now,-lgomp,-lpthread'
 * FCFLAGS='-march=native -O3 -fgraphite-identity -floop-nest-optimize -fdevirtualize-at-ltrans -fipa-pta -fno-semantic-interposition -fno-plt -fno-signed-zeros -fno-trapping-math -fassociative-math -freciprocal-math -fno-math-errno -ffinite-math-only -fno-rounding-math -fno-signaling-nans -fcx-limited-range -fexcess-precision=fast -fuse-linker-plugin -pipe -g0 -falign-functions=32 -Wl,-O1 -Wl,--as-needed -Wl,-O4,--hash-style=gnu,--sort-common,--as-needed,-z,relro,-z,now,-lgomp,-lpthread'
 * F77FLAGS='-march=native -O3 -fgraphite-identity -floop-nest-optimize -fdevirtualize-at-ltrans -fipa-pta -fno-semantic-interposition -fno-plt -fno-signed-zeros -fno-trapping-math -fassociative-math -freciprocal-math -fno-math-errno -ffinite-math-only -fno-rounding-math -fno-signaling-nans -fcx-limited-range -fexcess-precision=fast -fuse-linker-plugin -pipe -g0 -falign-functions=32 -Wl,-O1 -Wl,--as-needed -Wl,-O4,--hash-style=gnu,--sort-common,--as-needed,-z,relro,-z,now,-lgomp,-lpthread'
 * LDFLAGS='-Wl,-O1 -Wl,--as-needed -Wl,-O4,--hash-style=gnu,--sort-common,--as-needed,-z,relro,-z,now,-lgomp,-lpthread'
 * MAKEOPTS='-j12 -l12'
 * gcc () 11.0.0 20200526 (experimental)
 * g++ () 11.0.0 20200526 (experimental)
 * GNU ld (Gentoo 2.34 p4) 2.34.0
 * Linux ryzen.gnum.org 5.4.36 #1 SMP Thu Apr 30 04:38:28 UTC 2020 x86_64 AMD Ryzen 5 3600 6-Core Processor AuthenticAMD GNU/Linux
]0;emerge 00:10:03 3|9 clutter-gtk (root@ryzen.gnum.org)>>> Unpacking source...
>>> Unpacking clutter-gtk-1.8.4.tar.xz to /tmp/portage/media-libs/clutter-gtk-1.8.4/work
>>> Source unpacked in /tmp/portage/media-libs/clutter-gtk-1.8.4/work
>>> Preparing source in /tmp/portage/media-libs/clutter-gtk-1.8.4/work/clutter-gtk-1.8.4 ...
 * Disabling deprecation warnings ...
 [ ok ]
 * Running elibtoolize in: clutter-gtk-1.8.4/
 *   Applying ppc64le/2.4.4 patch ...
 * Running elibtoolize in: clutter-gtk-1.8.4/build/
 *   Applying portage/1.2.0 patch ...
 *   Applying sed/1.5.6 patch ...
 *   Applying as-needed/2.4.3 patch ...
>>> Source prepared.
>>> Configuring source in /tmp/portage/media-libs/clutter-gtk-1.8.4/work/clutter-gtk-1.8.4 ...
 * econf: updating clutter-gtk-1.8.4/build/config.guess with /usr/share/gnuconfig/config.guess
 * econf: updating clutter-gtk-1.8.4/build/config.sub with /usr/share/gnuconfig/config.sub
./configure --prefix=/usr --build=x86_64-pc-linux-gnu --host=x86_64-pc-linux-gnu --mandir=/usr/share/man --infodir=/usr/share/info --datadir=/usr/share --sysconfdir=/etc --localstatedir=/var/lib --disable-dependency-tracking --disable-silent-rules --docdir=/usr/share/doc/clutter-gtk-1.8.4 --htmldir=/usr/share/doc/clutter-gtk-1.8.4/html --libdir=/usr/lib64 --disable-gtk-doc --disable-maintainer-flags --enable-deprecated --enable-introspection
checking for a BSD-compatible install... /usr/lib/portage/python3.8/ebuild-helpers/xattr/install -c
checking whether build environment is sane... yes
checking for a thread-safe mkdir -p... /bin/mkdir -p
checking for gawk... gawk
checking whether make sets $(MAKE)... yes
checking whether make supports nested variables... yes
checking whether UID '250' is supported by ustar format... yes
checking whether GID '250' is supported by ustar format... yes
checking how to create a ustar tar archive... gnutar
checking whether make supports nested variables... (cached) yes
checking build system type... x86_64-pc-linux-gnu
checking host system type... x86_64-pc-linux-gnu
checking if building for some Win32 platform... no
checking for style of include used by make... GNU
checking for x86_64-pc-linux-gnu-gcc... x86_64-pc-linux-gnu-gcc
checking whether the C compiler works... yes
checking for C compiler default output file name... a.out
checking for suffix of executables... 
checking whether we are cross compiling... no
checking for suffix of object files... o
checking whether we are using the GNU C compiler... yes
checking whether x86_64-pc-linux-gnu-gcc accepts -g... yes
checking for x86_64-pc-linux-gnu-gcc option to accept ISO C89... none needed
checking whether x86_64-pc-linux-gnu-gcc understands -c and -o together... yes
checking dependency style of x86_64-pc-linux-gnu-gcc... none
checking how to print strings... printf
checking for a sed that does not truncate output... /bin/sed
checking for grep that handles long lines and -e... /bin/grep
checking for egrep... /bin/grep -E
checking for fgrep... /bin/grep -F
checking for ld used by x86_64-pc-linux-gnu-gcc... /usr/x86_64-pc-linux-gnu/bin/ld
checking if the linker (/usr/x86_64-pc-linux-gnu/bin/ld) is GNU ld... yes
checking for BSD- or MS-compatible name lister (nm)... /usr/bin/x86_64-pc-linux-gnu-nm -B
checking the name lister (/usr/bin/x86_64-pc-linux-gnu-nm -B) interface... BSD nm
checking whether ln -s works... yes
checking the maximum length of command line arguments... 1572864
checking how to convert x86_64-pc-linux-gnu file names to x86_64-pc-linux-gnu format... func_convert_file_noop
checking how to convert x86_64-pc-linux-gnu file names to toolchain format... func_convert_file_noop
checking for /usr/x86_64-pc-linux-gnu/bin/ld option to reload object files... -r
checking for x86_64-pc-linux-gnu-objdump... x86_64-pc-linux-gnu-objdump
checking how to recognize dependent libraries... pass_all
checking for x86_64-pc-linux-gnu-dlltool... x86_64-pc-linux-gnu-dlltool
checking how to associate runtime and link libraries... printf %s\n
checking for x86_64-pc-linux-gnu-ar... x86_64-pc-linux-gnu-ar
checking for archiver @FILE support... @
checking for x86_64-pc-linux-gnu-strip... x86_64-pc-linux-gnu-strip
checking for x86_64-pc-linux-gnu-ranlib... x86_64-pc-linux-gnu-ranlib
checking command to parse /usr/bin/x86_64-pc-linux-gnu-nm -B output from x86_64-pc-linux-gnu-gcc object... ok
checking for sysroot... no
checking for a working dd... /bin/dd
checking how to truncate binary pipes... /bin/dd bs=4096 count=1
checking for x86_64-pc-linux-gnu-mt... no
checking for mt... no
checking if : is a manifest tool... no
checking how to run the C preprocessor... x86_64-pc-linux-gnu-gcc -E
checking for ANSI C header files... yes
checking for sys/types.h... yes
checking for sys/stat.h... yes
checking for stdlib.h... yes
checking for string.h... yes
checking for memory.h... yes
checking for strings.h... yes
checking for inttypes.h... yes
checking for stdint.h... yes
checking for unistd.h... yes
checking for dlfcn.h... yes
checking for objdir... .libs
checking if x86_64-pc-linux-gnu-gcc supports -fno-rtti -fno-exceptions... no
checking for x86_64-pc-linux-gnu-gcc option to produce PIC... -fPIC -DPIC
checking if x86_64-pc-linux-gnu-gcc PIC flag -fPIC -DPIC works... yes
checking if x86_64-pc-linux-gnu-gcc static flag -static works... yes
checking if x86_64-pc-linux-gnu-gcc supports -c -o file.o... yes
checking if x86_64-pc-linux-gnu-gcc supports -c -o file.o... (cached) yes
checking whether the x86_64-pc-linux-gnu-gcc linker (/usr/x86_64-pc-linux-gnu/bin/ld -m elf_x86_64) supports shared libraries... yes
checking whether -lc should be explicitly linked in... no
checking dynamic linker characteristics... GNU/Linux ld.so
checking how to hardcode library paths into programs... immediate
checking whether stripping libraries is possible... yes
checking if libtool supports shared libraries... yes
checking whether to build shared libraries... yes
checking whether to build static libraries... no
checking for ANSI C header files... (cached) yes
checking for cos in -lm... yes
checking for x86_64-pc-linux-gnu-pkg-config... /usr/bin/x86_64-pc-linux-gnu-pkg-config
checking pkg-config is at least version 0.9.0... yes
checking for CLUTTER_GTK_DEPS... yes
checking for -fvisibility=hidden compiler flag... yes
checking whether NLS is requested... yes
checking for msgfmt... /usr/bin/msgfmt
checking for gmsgfmt... /usr/bin/gmsgfmt
checking for xgettext... /usr/bin/xgettext
checking for msgmerge... /usr/bin/msgmerge
checking for ld used by GCC... /usr/x86_64-pc-linux-gnu/bin/ld -m elf_x86_64
checking if the linker (/usr/x86_64-pc-linux-gnu/bin/ld -m elf_x86_64) is GNU ld... yes
checking for shared library run path origin... done
checking for CFPreferencesCopyAppValue... no
checking for CFLocaleCopyCurrent... no
checking for GNU gettext in libc... yes
checking whether to use NLS... yes
checking where the gettext function comes from... libc
checking for gtk-doc... no
configure: WARNING:
  You will not be able to create source packages with 'make dist'
  because gtk-doc >= 1.24 is not found.
checking for gtkdoc-check... no
checking for gtkdoc-check... no
checking for gtkdoc-rebase... no
checking for gtkdoc-mkpdf... no
checking whether to build gtk-doc documentation... no
checking for GTKDOC_DEPS... yes
checking for gobject-introspection... yes
checking that generated files are newer than configure... done
configure: creating ./config.status
config.status: creating Makefile
config.status: creating build/Makefile
config.status: creating build/autotools/Makefile
config.status: creating clutter-gtk/Makefile
config.status: creating clutter-gtk/gtk-clutter-version.h
config.status: creating doc/Makefile
config.status: creating examples/Makefile
config.status: creating po/Makefile.in
config.status: creating clutter-gtk.pc
config.status: creating config.h
config.status: executing depfiles commands
config.status: executing libtool commands
config.status: executing po-directories commands
config.status: creating po/POTFILES
config.status: creating po/Makefile

 Clutter-GTK 1.8.4 (release)

   Prefix: /usr
   Libdir: /usr/lib64

   Debug level: minimum
   Documentation: no
   Compiler flags: -march=native -O3 -fgraphite-identity -floop-nest-optimize -fdevirtualize-at-ltrans -fipa-pta -fno-semantic-interposition -fno-plt -fno-signed-zeros -fno-trapping-math -fassociative-math -freciprocal-math -fno-math-errno -ffinite-math-only -fno-rounding-math -fno-signaling-nans -fcx-limited-range -fexcess-precision=fast -fuse-linker-plugin -pipe -g0 -falign-functions=32 -Wl,-O1 -Wl,--as-needed -Wl,-O4,--hash-style=gnu,--sort-common,--as-needed,-z,relro,-z,now,-lgomp,-lpthread 
   Introspection data: yes
   Enable deprecated symbols: yes

>>> Source configured.
>>> Compiling source in /tmp/portage/media-libs/clutter-gtk-1.8.4/work/clutter-gtk-1.8.4 ...
make -j12 -l12 
make  all-recursive
make[1]: Entering directory '/tmp/portage/media-libs/clutter-gtk-1.8.4/work/clutter-gtk-1.8.4'
Making all in build
make[2]: Entering directory '/tmp/portage/media-libs/clutter-gtk-1.8.4/work/clutter-gtk-1.8.4/build'
Making all in autotools
make[3]: Entering directory '/tmp/portage/media-libs/clutter-gtk-1.8.4/work/clutter-gtk-1.8.4/build/autotools'
make[3]: Nothing to be done for 'all'.
make[3]: Leaving directory '/tmp/portage/media-libs/clutter-gtk-1.8.4/work/clutter-gtk-1.8.4/build/autotools'
make[3]: Entering directory '/tmp/portage/media-libs/clutter-gtk-1.8.4/work/clutter-gtk-1.8.4/build'
make[3]: Nothing to be done for 'all-am'.
make[3]: Leaving directory '/tmp/portage/media-libs/clutter-gtk-1.8.4/work/clutter-gtk-1.8.4/build'
make[2]: Leaving directory '/tmp/portage/media-libs/clutter-gtk-1.8.4/work/clutter-gtk-1.8.4/build'
Making all in clutter-gtk
make[2]: Entering directory '/tmp/portage/media-libs/clutter-gtk-1.8.4/work/clutter-gtk-1.8.4/clutter-gtk'
/bin/sh ../libtool  --tag=CC   --mode=compile x86_64-pc-linux-gnu-gcc -DHAVE_CONFIG_H -I. -I..  -I.. -I.. -DG_LOG_DOMAIN=\"Clutter-Gtk\" -DPREFIX=\""/usr"\" -DLIBDIR=\""/usr/lib64"\" -DCLUTTER_GTK_COMPILATION -fvisibility=hidden -DGLIB_DISABLE_DEPRECATION_WARNINGS -DCLUTTER_DISABLE_DEPRECATION_WARNINGS -DGDK_DISABLE_DEPRECATION_WARNINGS -DCLUTTER_GTK_ENABLE_DEBUG -DG_DISABLE_CAST_CHECKS    -pthread -I/usr/include/clutter-1.0 -I/usr/include/cogl -I/usr/include/libdrm -I/usr/include/json-glib-1.0 -I/usr/include/gtk-3.0 -I/usr/include/gio-unix-2.0 -I/usr/include/cairo -I/usr/include/pango-1.0 -I/usr/include/harfbuzz -I/usr/include/pango-1.0 -I/usr/include/fribidi -I/usr/include/atk-1.0 -I/usr/include/cairo -I/usr/include/pixman-1 -I/usr/include/uuid -I/usr/include/freetype2 -I/usr/include/libpng16 -I/usr/include/gdk-pixbuf-2.0 -I/usr/include/libmount -I/usr/include/blkid -I/usr/lib64/libffi/include -I/usr/include/glib-2.0 -I/usr/lib64/glib-2.0/include -march=native -O3 -fgraphite-identity -floop-nest-optimize -fdevirtualize-at-ltrans -fipa-pta -fno-semantic-interposition -fno-plt -fno-signed-zeros -fno-trapping-math -fassociative-math -freciprocal-math -fno-math-errno -ffinite-math-only -fno-rounding-math -fno-signaling-nans -fcx-limited-range -fexcess-precision=fast -fuse-linker-plugin -pipe -g0 -falign-functions=32 -Wl,-O1 -Wl,--as-needed -Wl,-O4,--hash-style=gnu,--sort-common,--as-needed,-z,relro,-z,now,-lgomp,-lpthread -c -o gtk-clutter-actor.lo gtk-clutter-actor.c
/bin/sh ../libtool  --tag=CC   --mode=compile x86_64-pc-linux-gnu-gcc -DHAVE_CONFIG_H -I. -I..  -I.. -I.. -DG_LOG_DOMAIN=\"Clutter-Gtk\" -DPREFIX=\""/usr"\" -DLIBDIR=\""/usr/lib64"\" -DCLUTTER_GTK_COMPILATION -fvisibility=hidden -DGLIB_DISABLE_DEPRECATION_WARNINGS -DCLUTTER_DISABLE_DEPRECATION_WARNINGS -DGDK_DISABLE_DEPRECATION_WARNINGS -DCLUTTER_GTK_ENABLE_DEBUG -DG_DISABLE_CAST_CHECKS    -pthread -I/usr/include/clutter-1.0 -I/usr/include/cogl -I/usr/include/libdrm -I/usr/include/json-glib-1.0 -I/usr/include/gtk-3.0 -I/usr/include/gio-unix-2.0 -I/usr/include/cairo -I/usr/include/pango-1.0 -I/usr/include/harfbuzz -I/usr/include/pango-1.0 -I/usr/include/fribidi -I/usr/include/atk-1.0 -I/usr/include/cairo -I/usr/include/pixman-1 -I/usr/include/uuid -I/usr/include/freetype2 -I/usr/include/libpng16 -I/usr/include/gdk-pixbuf-2.0 -I/usr/include/libmount -I/usr/include/blkid -I/usr/lib64/libffi/include -I/usr/include/glib-2.0 -I/usr/lib64/glib-2.0/include -march=native -O3 -fgraphite-identity -floop-nest-optimize -fdevirtualize-at-ltrans -fipa-pta -fno-semantic-interposition -fno-plt -fno-signed-zeros -fno-trapping-math -fassociative-math -freciprocal-math -fno-math-errno -ffinite-math-only -fno-rounding-math -fno-signaling-nans -fcx-limited-range -fexcess-precision=fast -fuse-linker-plugin -pipe -g0 -falign-functions=32 -Wl,-O1 -Wl,--as-needed -Wl,-O4,--hash-style=gnu,--sort-common,--as-needed,-z,relro,-z,now,-lgomp,-lpthread -c -o gtk-clutter-embed.lo gtk-clutter-embed.c
/bin/sh ../libtool  --tag=CC   --mode=compile x86_64-pc-linux-gnu-gcc -DHAVE_CONFIG_H -I. -I..  -I.. -I.. -DG_LOG_DOMAIN=\"Clutter-Gtk\" -DPREFIX=\""/usr"\" -DLIBDIR=\""/usr/lib64"\" -DCLUTTER_GTK_COMPILATION -fvisibility=hidden -DGLIB_DISABLE_DEPRECATION_WARNINGS -DCLUTTER_DISABLE_DEPRECATION_WARNINGS -DGDK_DISABLE_DEPRECATION_WARNINGS -DCLUTTER_GTK_ENABLE_DEBUG -DG_DISABLE_CAST_CHECKS    -pthread -I/usr/include/clutter-1.0 -I/usr/include/cogl -I/usr/include/libdrm -I/usr/include/json-glib-1.0 -I/usr/include/gtk-3.0 -I/usr/include/gio-unix-2.0 -I/usr/include/cairo -I/usr/include/pango-1.0 -I/usr/include/harfbuzz -I/usr/include/pango-1.0 -I/usr/include/fribidi -I/usr/include/atk-1.0 -I/usr/include/cairo -I/usr/include/pixman-1 -I/usr/include/uuid -I/usr/include/freetype2 -I/usr/include/libpng16 -I/usr/include/gdk-pixbuf-2.0 -I/usr/include/libmount -I/usr/include/blkid -I/usr/lib64/libffi/include -I/usr/include/glib-2.0 -I/usr/lib64/glib-2.0/include -march=native -O3 -fgraphite-identity -floop-nest-optimize -fdevirtualize-at-ltrans -fipa-pta -fno-semantic-interposition -fno-plt -fno-signed-zeros -fno-trapping-math -fassociative-math -freciprocal-math -fno-math-errno -ffinite-math-only -fno-rounding-math -fno-signaling-nans -fcx-limited-range -fexcess-precision=fast -fuse-linker-plugin -pipe -g0 -falign-functions=32 -Wl,-O1 -Wl,--as-needed -Wl,-O4,--hash-style=gnu,--sort-common,--as-needed,-z,relro,-z,now,-lgomp,-lpthread -c -o gtk-clutter-offscreen.lo gtk-clutter-offscreen.c
/bin/sh ../libtool  --tag=CC   --mode=compile x86_64-pc-linux-gnu-gcc -DHAVE_CONFIG_H -I. -I..  -I.. -I.. -DG_LOG_DOMAIN=\"Clutter-Gtk\" -DPREFIX=\""/usr"\" -DLIBDIR=\""/usr/lib64"\" -DCLUTTER_GTK_COMPILATION -fvisibility=hidden -DGLIB_DISABLE_DEPRECATION_WARNINGS -DCLUTTER_DISABLE_DEPRECATION_WARNINGS -DGDK_DISABLE_DEPRECATION_WARNINGS -DCLUTTER_GTK_ENABLE_DEBUG -DG_DISABLE_CAST_CHECKS    -pthread -I/usr/include/clutter-1.0 -I/usr/include/cogl -I/usr/include/libdrm -I/usr/include/json-glib-1.0 -I/usr/include/gtk-3.0 -I/usr/include/gio-unix-2.0 -I/usr/include/cairo -I/usr/include/pango-1.0 -I/usr/include/harfbuzz -I/usr/include/pango-1.0 -I/usr/include/fribidi -I/usr/include/atk-1.0 -I/usr/include/cairo -I/usr/include/pixman-1 -I/usr/include/uuid -I/usr/include/freetype2 -I/usr/include/libpng16 -I/usr/include/gdk-pixbuf-2.0 -I/usr/include/libmount -I/usr/include/blkid -I/usr/lib64/libffi/include -I/usr/include/glib-2.0 -I/usr/lib64/glib-2.0/include -march=native -O3 -fgraphite-identity -floop-nest-optimize -fdevirtualize-at-ltrans -fipa-pta -fno-semantic-interposition -fno-plt -fno-signed-zeros -fno-trapping-math -fassociative-math -freciprocal-math -fno-math-errno -ffinite-math-only -fno-rounding-math -fno-signaling-nans -fcx-limited-range -fexcess-precision=fast -fuse-linker-plugin -pipe -g0 -falign-functions=32 -Wl,-O1 -Wl,--as-needed -Wl,-O4,--hash-style=gnu,--sort-common,--as-needed,-z,relro,-z,now,-lgomp,-lpthread -c -o gtk-clutter-texture.lo gtk-clutter-texture.c
/bin/sh ../libtool  --tag=CC   --mode=compile x86_64-pc-linux-gnu-gcc -DHAVE_CONFIG_H -I. -I..  -I.. -I.. -DG_LOG_DOMAIN=\"Clutter-Gtk\" -DPREFIX=\""/usr"\" -DLIBDIR=\""/usr/lib64"\" -DCLUTTER_GTK_COMPILATION -fvisibility=hidden -DGLIB_DISABLE_DEPRECATION_WARNINGS -DCLUTTER_DISABLE_DEPRECATION_WARNINGS -DGDK_DISABLE_DEPRECATION_WARNINGS -DCLUTTER_GTK_ENABLE_DEBUG -DG_DISABLE_CAST_CHECKS    -pthread -I/usr/include/clutter-1.0 -I/usr/include/cogl -I/usr/include/libdrm -I/usr/include/json-glib-1.0 -I/usr/include/gtk-3.0 -I/usr/include/gio-unix-2.0 -I/usr/include/cairo -I/usr/include/pango-1.0 -I/usr/include/harfbuzz -I/usr/include/pango-1.0 -I/usr/include/fribidi -I/usr/include/atk-1.0 -I/usr/include/cairo -I/usr/include/pixman-1 -I/usr/include/uuid -I/usr/include/freetype2 -I/usr/include/libpng16 -I/usr/include/gdk-pixbuf-2.0 -I/usr/include/libmount -I/usr/include/blkid -I/usr/lib64/libffi/include -I/usr/include/glib-2.0 -I/usr/lib64/glib-2.0/include -march=native -O3 -fgraphite-identity -floop-nest-optimize -fdevirtualize-at-ltrans -fipa-pta -fno-semantic-interposition -fno-plt -fno-signed-zeros -fno-trapping-math -fassociative-math -freciprocal-math -fno-math-errno -ffinite-math-only -fno-rounding-math -fno-signaling-nans -fcx-limited-range -fexcess-precision=fast -fuse-linker-plugin -pipe -g0 -falign-functions=32 -Wl,-O1 -Wl,--as-needed -Wl,-O4,--hash-style=gnu,--sort-common,--as-needed,-z,relro,-z,now,-lgomp,-lpthread -c -o gtk-clutter-util.lo gtk-clutter-util.c
/bin/sh ../libtool  --tag=CC   --mode=compile x86_64-pc-linux-gnu-gcc -DHAVE_CONFIG_H -I. -I..  -I.. -I.. -DG_LOG_DOMAIN=\"Clutter-Gtk\" -DPREFIX=\""/usr"\" -DLIBDIR=\""/usr/lib64"\" -DCLUTTER_GTK_COMPILATION -fvisibility=hidden -DGLIB_DISABLE_DEPRECATION_WARNINGS -DCLUTTER_DISABLE_DEPRECATION_WARNINGS -DGDK_DISABLE_DEPRECATION_WARNINGS -DCLUTTER_GTK_ENABLE_DEBUG -DG_DISABLE_CAST_CHECKS    -pthread -I/usr/include/clutter-1.0 -I/usr/include/cogl -I/usr/include/libdrm -I/usr/include/json-glib-1.0 -I/usr/include/gtk-3.0 -I/usr/include/gio-unix-2.0 -I/usr/include/cairo -I/usr/include/pango-1.0 -I/usr/include/harfbuzz -I/usr/include/pango-1.0 -I/usr/include/fribidi -I/usr/include/atk-1.0 -I/usr/include/cairo -I/usr/include/pixman-1 -I/usr/include/uuid -I/usr/include/freetype2 -I/usr/include/libpng16 -I/usr/include/gdk-pixbuf-2.0 -I/usr/include/libmount -I/usr/include/blkid -I/usr/lib64/libffi/include -I/usr/include/glib-2.0 -I/usr/lib64/glib-2.0/include -march=native -O3 -fgraphite-identity -floop-nest-optimize -fdevirtualize-at-ltrans -fipa-pta -fno-semantic-interposition -fno-plt -fno-signed-zeros -fno-trapping-math -fassociative-math -freciprocal-math -fno-math-errno -ffinite-math-only -fno-rounding-math -fno-signaling-nans -fcx-limited-range -fexcess-precision=fast -fuse-linker-plugin -pipe -g0 -falign-functions=32 -Wl,-O1 -Wl,--as-needed -Wl,-O4,--hash-style=gnu,--sort-common,--as-needed,-z,relro,-z,now,-lgomp,-lpthread -c -o gtk-clutter-window.lo gtk-clutter-window.c
libtool: compile:  x86_64-pc-linux-gnu-gcc -DHAVE_CONFIG_H -I. -I.. -I.. -I.. -DG_LOG_DOMAIN=\"Clutter-Gtk\" -DPREFIX=\"/usr\" -DLIBDIR=\"/usr/lib64\" -DCLUTTER_GTK_COMPILATION -fvisibility=hidden -DGLIB_DISABLE_DEPRECATION_WARNINGS -DCLUTTER_DISABLE_DEPRECATION_WARNINGS -DGDK_DISABLE_DEPRECATION_WARNINGS -DCLUTTER_GTK_ENABLE_DEBUG -DG_DISABLE_CAST_CHECKS -pthread -I/usr/include/clutter-1.0 -I/usr/include/cogl -I/usr/include/libdrm -I/usr/include/json-glib-1.0 -I/usr/include/gtk-3.0 -I/usr/include/gio-unix-2.0 -I/usr/include/cairo -I/usr/include/pango-1.0 -I/usr/include/harfbuzz -I/usr/include/pango-1.0 -I/usr/include/fribidi -I/usr/include/atk-1.0 -I/usr/include/cairo -I/usr/include/pixman-1 -I/usr/include/uuid -I/usr/include/freetype2 -I/usr/include/libpng16 -I/usr/include/gdk-pixbuf-2.0 -I/usr/include/libmount -I/usr/include/blkid -I/usr/lib64/libffi/include -I/usr/include/glib-2.0 -I/usr/lib64/glib-2.0/include -march=native -O3 -fgraphite-identity -floop-nest-optimize -fdevirtualize-at-ltrans -fipa-pta -fno-semantic-interposition -fno-plt -fno-signed-zeros -fno-trapping-math -fassociative-math -freciprocal-math -fno-math-errno -ffinite-math-only -fno-rounding-math -fno-signaling-nans -fcx-limited-range -fexcess-precision=fast -fuse-linker-plugin -pipe -g0 -falign-functions=32 -Wl,-O1 -Wl,--as-needed -Wl,-O4,--hash-style=gnu,--sort-common,--as-needed,-z,relro,-z,now,-lgomp,-lpthread -c gtk-clutter-offscreen.c  -fPIC -DPIC -o .libs/gtk-clutter-offscreen.o
libtool: compile:  x86_64-pc-linux-gnu-gcc -DHAVE_CONFIG_H -I. -I.. -I.. -I.. -DG_LOG_DOMAIN=\"Clutter-Gtk\" -DPREFIX=\"/usr\" -DLIBDIR=\"/usr/lib64\" -DCLUTTER_GTK_COMPILATION -fvisibility=hidden -DGLIB_DISABLE_DEPRECATION_WARNINGS -DCLUTTER_DISABLE_DEPRECATION_WARNINGS -DGDK_DISABLE_DEPRECATION_WARNINGS -DCLUTTER_GTK_ENABLE_DEBUG -DG_DISABLE_CAST_CHECKS -pthread -I/usr/include/clutter-1.0 -I/usr/include/cogl -I/usr/include/libdrm -I/usr/include/json-glib-1.0 -I/usr/include/gtk-3.0 -I/usr/include/gio-unix-2.0 -I/usr/include/cairo -I/usr/include/pango-1.0 -I/usr/include/harfbuzz -I/usr/include/pango-1.0 -I/usr/include/fribidi -I/usr/include/atk-1.0 -I/usr/include/cairo -I/usr/include/pixman-1 -I/usr/include/uuid -I/usr/include/freetype2 -I/usr/include/libpng16 -I/usr/include/gdk-pixbuf-2.0 -I/usr/include/libmount -I/usr/include/blkid -I/usr/lib64/libffi/include -I/usr/include/glib-2.0 -I/usr/lib64/glib-2.0/include -march=native -O3 -fgraphite-identity -floop-nest-optimize -fdevirtualize-at-ltrans -fipa-pta -fno-semantic-interposition -fno-plt -fno-signed-zeros -fno-trapping-math -fassociative-math -freciprocal-math -fno-math-errno -ffinite-math-only -fno-rounding-math -fno-signaling-nans -fcx-limited-range -fexcess-precision=fast -fuse-linker-plugin -pipe -g0 -falign-functions=32 -Wl,-O1 -Wl,--as-needed -Wl,-O4,--hash-style=gnu,--sort-common,--as-needed,-z,relro,-z,now,-lgomp,-lpthread -c gtk-clutter-actor.c  -fPIC -DPIC -o .libs/gtk-clutter-actor.o
libtool: compile:  x86_64-pc-linux-gnu-gcc -DHAVE_CONFIG_H -I. -I.. -I.. -I.. -DG_LOG_DOMAIN=\"Clutter-Gtk\" -DPREFIX=\"/usr\" -DLIBDIR=\"/usr/lib64\" -DCLUTTER_GTK_COMPILATION -fvisibility=hidden -DGLIB_DISABLE_DEPRECATION_WARNINGS -DCLUTTER_DISABLE_DEPRECATION_WARNINGS -DGDK_DISABLE_DEPRECATION_WARNINGS -DCLUTTER_GTK_ENABLE_DEBUG -DG_DISABLE_CAST_CHECKS -pthread -I/usr/include/clutter-1.0 -I/usr/include/cogl -I/usr/include/libdrm -I/usr/include/json-glib-1.0 -I/usr/include/gtk-3.0 -I/usr/include/gio-unix-2.0 -I/usr/include/cairo -I/usr/include/pango-1.0 -I/usr/include/harfbuzz -I/usr/include/pango-1.0 -I/usr/include/fribidi -I/usr/include/atk-1.0 -I/usr/include/cairo -I/usr/include/pixman-1 -I/usr/include/uuid -I/usr/include/freetype2 -I/usr/include/libpng16 -I/usr/include/gdk-pixbuf-2.0 -I/usr/include/libmount -I/usr/include/blkid -I/usr/lib64/libffi/include -I/usr/include/glib-2.0 -I/usr/lib64/glib-2.0/include -march=native -O3 -fgraphite-identity -floop-nest-optimize -fdevirtualize-at-ltrans -fipa-pta -fno-semantic-interposition -fno-plt -fno-signed-zeros -fno-trapping-math -fassociative-math -freciprocal-math -fno-math-errno -ffinite-math-only -fno-rounding-math -fno-signaling-nans -fcx-limited-range -fexcess-precision=fast -fuse-linker-plugin -pipe -g0 -falign-functions=32 -Wl,-O1 -Wl,--as-needed -Wl,-O4,--hash-style=gnu,--sort-common,--as-needed,-z,relro,-z,now,-lgomp,-lpthread -c gtk-clutter-texture.c  -fPIC -DPIC -o .libs/gtk-clutter-texture.o
libtool: compile:  x86_64-pc-linux-gnu-gcc -DHAVE_CONFIG_H -I. -I.. -I.. -I.. -DG_LOG_DOMAIN=\"Clutter-Gtk\" -DPREFIX=\"/usr\" -DLIBDIR=\"/usr/lib64\" -DCLUTTER_GTK_COMPILATION -fvisibility=hidden -DGLIB_DISABLE_DEPRECATION_WARNINGS -DCLUTTER_DISABLE_DEPRECATION_WARNINGS -DGDK_DISABLE_DEPRECATION_WARNINGS -DCLUTTER_GTK_ENABLE_DEBUG -DG_DISABLE_CAST_CHECKS -pthread -I/usr/include/clutter-1.0 -I/usr/include/cogl -I/usr/include/libdrm -I/usr/include/json-glib-1.0 -I/usr/include/gtk-3.0 -I/usr/include/gio-unix-2.0 -I/usr/include/cairo -I/usr/include/pango-1.0 -I/usr/include/harfbuzz -I/usr/include/pango-1.0 -I/usr/include/fribidi -I/usr/include/atk-1.0 -I/usr/include/cairo -I/usr/include/pixman-1 -I/usr/include/uuid -I/usr/include/freetype2 -I/usr/include/libpng16 -I/usr/include/gdk-pixbuf-2.0 -I/usr/include/libmount -I/usr/include/blkid -I/usr/lib64/libffi/include -I/usr/include/glib-2.0 -I/usr/lib64/glib-2.0/include -march=native -O3 -fgraphite-identity -floop-nest-optimize -fdevirtualize-at-ltrans -fipa-pta -fno-semantic-interposition -fno-plt -fno-signed-zeros -fno-trapping-math -fassociative-math -freciprocal-math -fno-math-errno -ffinite-math-only -fno-rounding-math -fno-signaling-nans -fcx-limited-range -fexcess-precision=fast -fuse-linker-plugin -pipe -g0 -falign-functions=32 -Wl,-O1 -Wl,--as-needed -Wl,-O4,--hash-style=gnu,--sort-common,--as-needed,-z,relro,-z,now,-lgomp,-lpthread -c gtk-clutter-window.c  -fPIC -DPIC -o .libs/gtk-clutter-window.o
libtool: compile:  x86_64-pc-linux-gnu-gcc -DHAVE_CONFIG_H -I. -I.. -I.. -I.. -DG_LOG_DOMAIN=\"Clutter-Gtk\" -DPREFIX=\"/usr\" -DLIBDIR=\"/usr/lib64\" -DCLUTTER_GTK_COMPILATION -fvisibility=hidden -DGLIB_DISABLE_DEPRECATION_WARNINGS -DCLUTTER_DISABLE_DEPRECATION_WARNINGS -DGDK_DISABLE_DEPRECATION_WARNINGS -DCLUTTER_GTK_ENABLE_DEBUG -DG_DISABLE_CAST_CHECKS -pthread -I/usr/include/clutter-1.0 -I/usr/include/cogl -I/usr/include/libdrm -I/usr/include/json-glib-1.0 -I/usr/include/gtk-3.0 -I/usr/include/gio-unix-2.0 -I/usr/include/cairo -I/usr/include/pango-1.0 -I/usr/include/harfbuzz -I/usr/include/pango-1.0 -I/usr/include/fribidi -I/usr/include/atk-1.0 -I/usr/include/cairo -I/usr/include/pixman-1 -I/usr/include/uuid -I/usr/include/freetype2 -I/usr/include/libpng16 -I/usr/include/gdk-pixbuf-2.0 -I/usr/include/libmount -I/usr/include/blkid -I/usr/lib64/libffi/include -I/usr/include/glib-2.0 -I/usr/lib64/glib-2.0/include -march=native -O3 -fgraphite-identity -floop-nest-optimize -fdevirtualize-at-ltrans -fipa-pta -fno-semantic-interposition -fno-plt -fno-signed-zeros -fno-trapping-math -fassociative-math -freciprocal-math -fno-math-errno -ffinite-math-only -fno-rounding-math -fno-signaling-nans -fcx-limited-range -fexcess-precision=fast -fuse-linker-plugin -pipe -g0 -falign-functions=32 -Wl,-O1 -Wl,--as-needed -Wl,-O4,--hash-style=gnu,--sort-common,--as-needed,-z,relro,-z,now,-lgomp,-lpthread -c gtk-clutter-util.c  -fPIC -DPIC -o .libs/gtk-clutter-util.o
libtool: compile:  x86_64-pc-linux-gnu-gcc -DHAVE_CONFIG_H -I. -I.. -I.. -I.. -DG_LOG_DOMAIN=\"Clutter-Gtk\" -DPREFIX=\"/usr\" -DLIBDIR=\"/usr/lib64\" -DCLUTTER_GTK_COMPILATION -fvisibility=hidden -DGLIB_DISABLE_DEPRECATION_WARNINGS -DCLUTTER_DISABLE_DEPRECATION_WARNINGS -DGDK_DISABLE_DEPRECATION_WARNINGS -DCLUTTER_GTK_ENABLE_DEBUG -DG_DISABLE_CAST_CHECKS -pthread -I/usr/include/clutter-1.0 -I/usr/include/cogl -I/usr/include/libdrm -I/usr/include/json-glib-1.0 -I/usr/include/gtk-3.0 -I/usr/include/gio-unix-2.0 -I/usr/include/cairo -I/usr/include/pango-1.0 -I/usr/include/harfbuzz -I/usr/include/pango-1.0 -I/usr/include/fribidi -I/usr/include/atk-1.0 -I/usr/include/cairo -I/usr/include/pixman-1 -I/usr/include/uuid -I/usr/include/freetype2 -I/usr/include/libpng16 -I/usr/include/gdk-pixbuf-2.0 -I/usr/include/libmount -I/usr/include/blkid -I/usr/lib64/libffi/include -I/usr/include/glib-2.0 -I/usr/lib64/glib-2.0/include -march=native -O3 -fgraphite-identity -floop-nest-optimize -fdevirtualize-at-ltrans -fipa-pta -fno-semantic-interposition -fno-plt -fno-signed-zeros -fno-trapping-math -fassociative-math -freciprocal-math -fno-math-errno -ffinite-math-only -fno-rounding-math -fno-signaling-nans -fcx-limited-range -fexcess-precision=fast -fuse-linker-plugin -pipe -g0 -falign-functions=32 -Wl,-O1 -Wl,--as-needed -Wl,-O4,--hash-style=gnu,--sort-common,--as-needed,-z,relro,-z,now,-lgomp,-lpthread -c gtk-clutter-embed.c  -fPIC -DPIC -o .libs/gtk-clutter-embed.o
/bin/sh ../libtool  --tag=CC   --mode=link x86_64-pc-linux-gnu-gcc  -pthread -I/usr/include/clutter-1.0 -I/usr/include/cogl -I/usr/include/libdrm -I/usr/include/json-glib-1.0 -I/usr/include/gtk-3.0 -I/usr/include/gio-unix-2.0 -I/usr/include/cairo -I/usr/include/pango-1.0 -I/usr/include/harfbuzz -I/usr/include/pango-1.0 -I/usr/include/fribidi -I/usr/include/atk-1.0 -I/usr/include/cairo -I/usr/include/pixman-1 -I/usr/include/uuid -I/usr/include/freetype2 -I/usr/include/libpng16 -I/usr/include/gdk-pixbuf-2.0 -I/usr/include/libmount -I/usr/include/blkid -I/usr/lib64/libffi/include -I/usr/include/glib-2.0 -I/usr/lib64/glib-2.0/include -march=native -O3 -fgraphite-identity -floop-nest-optimize -fdevirtualize-at-ltrans -fipa-pta -fno-semantic-interposition -fno-plt -fno-signed-zeros -fno-trapping-math -fassociative-math -freciprocal-math -fno-math-errno -ffinite-math-only -fno-rounding-math -fno-signaling-nans -fcx-limited-range -fexcess-precision=fast -fuse-linker-plugin -pipe -g0 -falign-functions=32 -Wl,-O1 -Wl,--as-needed -Wl,-O4,--hash-style=gnu,--sort-common,--as-needed,-z,relro,-z,now,-lgomp,-lpthread -version-info 800:4:800 -Wl,-O1 -Wl,--as-needed -Wl,-O4,--hash-style=gnu,--sort-common,--as-needed,-z,relro,-z,now,-lgomp,-lpthread -o libclutter-gtk-1.0.la -rpath /usr/lib64 gtk-clutter-actor.lo gtk-clutter-embed.lo gtk-clutter-offscreen.lo gtk-clutter-texture.lo gtk-clutter-util.lo gtk-clutter-window.lo  -lclutter-1.0 -lcogl-path -lcogl-pango -lcogl -lgmodule-2.0 -pthread -lwayland-egl -lgbm -ldrm -lEGL -lXrandr -ljson-glib-1.0 -lwayland-cursor -lwayland-client -lxkbcommon -lwayland-server -lX11 -lXext -lXdamage -lXfixes -lXcomposite -lXi -lgtk-3 -lgdk-3 -lpangocairo-1.0 -lpango-1.0 -latk-1.0 -lcairo-gobject -lcairo -lgdk_pixbuf-2.0 -lgio-2.0 -lgobject-2.0 -lglib-2.0 -lm 
libtool: link: x86_64-pc-linux-gnu-gcc -shared  -fPIC -DPIC  .libs/gtk-clutter-actor.o .libs/gtk-clutter-embed.o .libs/gtk-clutter-offscreen.o .libs/gtk-clutter-texture.o .libs/gtk-clutter-util.o .libs/gtk-clutter-window.o   -Wl,--as-needed -lclutter-1.0 -lcogl-path -lcogl-pango -lcogl -lgmodule-2.0 -lwayland-egl -lgbm -ldrm -lEGL -lXrandr -ljson-glib-1.0 -lwayland-cursor -lwayland-client -lxkbcommon -lwayland-server -lX11 -lXext -lXdamage -lXfixes -lXcomposite -lXi -lgtk-3 -lgdk-3 -lpangocairo-1.0 -lpango-1.0 -latk-1.0 -lcairo-gobject -lcairo -lgdk_pixbuf-2.0 -lgio-2.0 -lgobject-2.0 -lglib-2.0 -lm  -pthread -march=native -O3 -fuse-linker-plugin -g0 -Wl,-O1 -Wl,-O4 -Wl,--hash-style=gnu -Wl,--sort-common -Wl,--as-needed -Wl,-z -Wl,relro -Wl,-z -Wl,now -Wl,-lgomp -Wl,-lpthread -Wl,-O1 -Wl,-O4 -Wl,--hash-style=gnu -Wl,--sort-common -Wl,--as-needed -Wl,-z -Wl,relro -Wl,-z -Wl,now -Wl,-lgomp -Wl,-lpthread -pthread   -pthread -Wl,-soname -Wl,libclutter-gtk-1.0.so.0 -o .libs/libclutter-gtk-1.0.so.0.800.4
libtool: link: (cd ".libs" && rm -f "libclutter-gtk-1.0.so.0" && ln -s "libclutter-gtk-1.0.so.0.800.4" "libclutter-gtk-1.0.so.0")
libtool: link: (cd ".libs" && rm -f "libclutter-gtk-1.0.so" && ln -s "libclutter-gtk-1.0.so.0.800.4" "libclutter-gtk-1.0.so")
libtool: link: ( cd ".libs" && rm -f "libclutter-gtk-1.0.la" && ln -s "../libclutter-gtk-1.0.la" "libclutter-gtk-1.0.la" )
CPPFLAGS="" CFLAGS="-march=native -O3 -fgraphite-identity -floop-nest-optimize -fdevirtualize-at-ltrans -fipa-pta -fno-semantic-interposition -fno-plt -fno-signed-zeros -fno-trapping-math -fassociative-math -freciprocal-math -fno-math-errno -ffinite-math-only -fno-rounding-math -fno-signaling-nans -fcx-limited-range -fexcess-precision=fast -fuse-linker-plugin -pipe -g0 -falign-functions=32 -Wl,-O1 -Wl,--as-needed -Wl,-O4,--hash-style=gnu,--sort-common,--as-needed,-z,relro,-z,now,-lgomp,-lpthread" LDFLAGS="-Wl,-O1 -Wl,--as-needed -Wl,-O4,--hash-style=gnu,--sort-common,--as-needed,-z,relro,-z,now,-lgomp,-lpthread" CC="x86_64-pc-linux-gnu-gcc" PKG_CONFIG="/usr/bin/x86_64-pc-linux-gnu-pkg-config" GI_HOST_OS="" DLLTOOL="x86_64-pc-linux-gnu-dlltool"  /usr/bin/g-ir-scanner   --namespace=GtkClutter --nsversion=1.0 --libtool="/bin/sh ../libtool" --pkg=gtk+-3.0 --pkg=clutter-1.0 --include=Gtk-3.0 --include=Clutter-1.0    --library=libclutter-gtk-1.0.la --identifier-prefix=GtkClutter --warn-all --pkg-export clutter-gtk-1.0 --c-include='clutter-gtk/clutter-gtk.h' --cflags-begin  -I.. -I.. -DG_LOG_DOMAIN=\"Clutter-Gtk\" -DPREFIX=\""/usr"\" -DLIBDIR=\""/usr/lib64"\" -DCLUTTER_GTK_COMPILATION -fvisibility=hidden -DGLIB_DISABLE_DEPRECATION_WARNINGS -DCLUTTER_DISABLE_DEPRECATION_WARNINGS -DGDK_DISABLE_DEPRECATION_WARNINGS -DCLUTTER_GTK_ENABLE_DEBUG -DG_DISABLE_CAST_CHECKS  --cflags-end  gtk-clutter-actor.h gtk-clutter-embed.h gtk-clutter-texture.h gtk-clutter-util.h gtk-clutter-window.h gtk-clutter-actor.c gtk-clutter-embed.c gtk-clutter-offscreen.c gtk-clutter-texture.c gtk-clutter-util.c gtk-clutter-window.c libclutter-gtk-1.0.la Makefile --output GtkClutter-1.0.gir
g-ir-scanner: link: /bin/sh ../libtool --mode=link --tag=CC x86_64-pc-linux-gnu-gcc -o /tmp/portage/media-libs/clutter-gtk-1.8.4/work/clutter-gtk-1.8.4/clutter-gtk/tmp-introspectv5a0ecsg/GtkClutter-1.0 -export-dynamic -march=native -O3 -fgraphite-identity -floop-nest-optimize -fdevirtualize-at-ltrans -fipa-pta -fno-semantic-interposition -fno-plt -fno-signed-zeros -fno-trapping-math -fassociative-math -freciprocal-math -fno-math-errno -ffinite-math-only -fno-rounding-math -fno-signaling-nans -fcx-limited-range -fexcess-precision=fast -fuse-linker-plugin -pipe -g0 -falign-functions=32 -Wl,-O1 -Wl,--as-needed -Wl,-O4,--hash-style=gnu,--sort-common,--as-needed,-z,relro,-z,now,-lgomp,-lpthread /tmp/portage/media-libs/clutter-gtk-1.8.4/work/clutter-gtk-1.8.4/clutter-gtk/tmp-introspectv5a0ecsg/GtkClutter-1.0.o -L. libclutter-gtk-1.0.la -Wl,--export-dynamic -lgtk-3 -lclutter-1.0 -lcogl-path -latk-1.0 -lcogl-pango -lcogl -lgmodule-2.0 -pthread -lwayland-egl -lgbm -ldrm -lEGL -lXrandr -ljson-glib-1.0 -lgio-2.0 -lgdk-3 -lpangocairo-1.0 -lpango-1.0 -lgdk_pixbuf-2.0 -lcairo-gobject -lcairo -lgobject-2.0 -lglib-2.0 -lwayland-cursor -lwayland-client -lxkbcommon -lwayland-server -lX11 -lXext -lXdamage -lXfixes -lXcomposite -lXi -Wl,-O1 -Wl,--as-needed -Wl,-O4,--hash-style=gnu,--sort-common,--as-needed,-z,relro,-z,now,-lgomp,-lpthread
libtool: link: x86_64-pc-linux-gnu-gcc -o /tmp/portage/media-libs/clutter-gtk-1.8.4/work/clutter-gtk-1.8.4/clutter-gtk/tmp-introspectv5a0ecsg/.libs/GtkClutter-1.0 -march=native -O3 -fgraphite-identity -floop-nest-optimize -fdevirtualize-at-ltrans -fipa-pta -fno-semantic-interposition -fno-plt -fno-signed-zeros -fno-trapping-math -fassociative-math -freciprocal-math -fno-math-errno -ffinite-math-only -fno-rounding-math -fno-signaling-nans -fcx-limited-range -fexcess-precision=fast -fuse-linker-plugin -pipe -g0 -falign-functions=32 -Wl,-O1 -Wl,-O4 -Wl,--hash-style=gnu -Wl,--sort-common -Wl,--as-needed -Wl,-z -Wl,relro -Wl,-z -Wl,now -Wl,-lgomp -Wl,-lpthread /tmp/portage/media-libs/clutter-gtk-1.8.4/work/clutter-gtk-1.8.4/clutter-gtk/tmp-introspectv5a0ecsg/GtkClutter-1.0.o -Wl,--export-dynamic -pthread -Wl,-O1 -Wl,-O4 -Wl,--hash-style=gnu -Wl,--sort-common -Wl,--as-needed -Wl,-z -Wl,relro -Wl,-z -Wl,now -Wl,-lgomp -Wl,-lpthread -Wl,--export-dynamic  -L. ./.libs/libclutter-gtk-1.0.so -lm -lgtk-3 -lclutter-1.0 -lcogl-path -latk-1.0 -lcogl-pango -lcogl -lgmodule-2.0 -lwayland-egl -lgbm -ldrm -lEGL -lXrandr -ljson-glib-1.0 -lgio-2.0 -lgdk-3 -lpangocairo-1.0 -lpango-1.0 -lgdk_pixbuf-2.0 -lcairo-gobject -lcairo -lgobject-2.0 -lglib-2.0 -lwayland-cursor -lwayland-client -lxkbcommon -lwayland-server -lX11 -lXext -lXdamage -lXfixes -lXcomposite -lXi -Wl,--as-needed -pthread
/usr/bin/g-ir-compiler  --includedir=. GtkClutter-1.0.gir -o GtkClutter-1.0.typelib
make[2]: Leaving directory '/tmp/portage/media-libs/clutter-gtk-1.8.4/work/clutter-gtk-1.8.4/clutter-gtk'
Making all in doc
make[2]: Entering directory '/tmp/portage/media-libs/clutter-gtk-1.8.4/work/clutter-gtk-1.8.4/doc'
make[2]: Nothing to be done for 'all'.
make[2]: Leaving directory '/tmp/portage/media-libs/clutter-gtk-1.8.4/work/clutter-gtk-1.8.4/doc'
Making all in examples
make[2]: Entering directory '/tmp/portage/media-libs/clutter-gtk-1.8.4/work/clutter-gtk-1.8.4/examples'
x86_64-pc-linux-gnu-gcc -DHAVE_CONFIG_H -I. -I..  -I. -I.. -I../clutter-gtk -DGLIB_DISABLE_DEPRECATION_WARNINGS -DGDK_DISABLE_DEPRECATION_WARNINGS -DCLUTTER_DISABLE_DEPRECATION_WARNINGS -DEXAMPLES_DATADIR=\".\"   -pthread -I/usr/include/clutter-1.0 -I/usr/include/cogl -I/usr/include/libdrm -I/usr/include/json-glib-1.0 -I/usr/include/gtk-3.0 -I/usr/include/gio-unix-2.0 -I/usr/include/cairo -I/usr/include/pango-1.0 -I/usr/include/harfbuzz -I/usr/include/pango-1.0 -I/usr/include/fribidi -I/usr/include/atk-1.0 -I/usr/include/cairo -I/usr/include/pixman-1 -I/usr/include/uuid -I/usr/include/freetype2 -I/usr/include/libpng16 -I/usr/include/gdk-pixbuf-2.0 -I/usr/include/libmount -I/usr/include/blkid -I/usr/lib64/libffi/include -I/usr/include/glib-2.0 -I/usr/lib64/glib-2.0/include -march=native -O3 -fgraphite-identity -floop-nest-optimize -fdevirtualize-at-ltrans -fipa-pta -fno-semantic-interposition -fno-plt -fno-signed-zeros -fno-trapping-math -fassociative-math -freciprocal-math -fno-math-errno -ffinite-math-only -fno-rounding-math -fno-signaling-nans -fcx-limited-range -fexcess-precision=fast -fuse-linker-plugin -pipe -g0 -falign-functions=32 -Wl,-O1 -Wl,--as-needed -Wl,-O4,--hash-style=gnu,--sort-common,--as-needed,-z,relro,-z,now,-lgomp,-lpthread -c -o gtk-clutter-events.o gtk-clutter-events.c
x86_64-pc-linux-gnu-gcc -DHAVE_CONFIG_H -I. -I..  -I. -I.. -I../clutter-gtk -DGLIB_DISABLE_DEPRECATION_WARNINGS -DGDK_DISABLE_DEPRECATION_WARNINGS -DCLUTTER_DISABLE_DEPRECATION_WARNINGS -DEXAMPLES_DATADIR=\".\"   -pthread -I/usr/include/clutter-1.0 -I/usr/include/cogl -I/usr/include/libdrm -I/usr/include/json-glib-1.0 -I/usr/include/gtk-3.0 -I/usr/include/gio-unix-2.0 -I/usr/include/cairo -I/usr/include/pango-1.0 -I/usr/include/harfbuzz -I/usr/include/pango-1.0 -I/usr/include/fribidi -I/usr/include/atk-1.0 -I/usr/include/cairo -I/usr/include/pixman-1 -I/usr/include/uuid -I/usr/include/freetype2 -I/usr/include/libpng16 -I/usr/include/gdk-pixbuf-2.0 -I/usr/include/libmount -I/usr/include/blkid -I/usr/lib64/libffi/include -I/usr/include/glib-2.0 -I/usr/lib64/glib-2.0/include -march=native -O3 -fgraphite-identity -floop-nest-optimize -fdevirtualize-at-ltrans -fipa-pta -fno-semantic-interposition -fno-plt -fno-signed-zeros -fno-trapping-math -fassociative-math -freciprocal-math -fno-math-errno -ffinite-math-only -fno-rounding-math -fno-signaling-nans -fcx-limited-range -fexcess-precision=fast -fuse-linker-plugin -pipe -g0 -falign-functions=32 -Wl,-O1 -Wl,--as-needed -Wl,-O4,--hash-style=gnu,--sort-common,--as-needed,-z,relro,-z,now,-lgomp,-lpthread -c -o gtk-clutter-multistage.o gtk-clutter-multistage.c
x86_64-pc-linux-gnu-gcc -DHAVE_CONFIG_H -I. -I..  -I. -I.. -I../clutter-gtk -DGLIB_DISABLE_DEPRECATION_WARNINGS -DGDK_DISABLE_DEPRECATION_WARNINGS -DCLUTTER_DISABLE_DEPRECATION_WARNINGS -DEXAMPLES_DATADIR=\".\"   -pthread -I/usr/include/clutter-1.0 -I/usr/include/cogl -I/usr/include/libdrm -I/usr/include/json-glib-1.0 -I/usr/include/gtk-3.0 -I/usr/include/gio-unix-2.0 -I/usr/include/cairo -I/usr/include/pango-1.0 -I/usr/include/harfbuzz -I/usr/include/pango-1.0 -I/usr/include/fribidi -I/usr/include/atk-1.0 -I/usr/include/cairo -I/usr/include/pixman-1 -I/usr/include/uuid -I/usr/include/freetype2 -I/usr/include/libpng16 -I/usr/include/gdk-pixbuf-2.0 -I/usr/include/libmount -I/usr/include/blkid -I/usr/lib64/libffi/include -I/usr/include/glib-2.0 -I/usr/lib64/glib-2.0/include -march=native -O3 -fgraphite-identity -floop-nest-optimize -fdevirtualize-at-ltrans -fipa-pta -fno-semantic-interposition -fno-plt -fno-signed-zeros -fno-trapping-math -fassociative-math -freciprocal-math -fno-math-errno -ffinite-math-only -fno-rounding-math -fno-signaling-nans -fcx-limited-range -fexcess-precision=fast -fuse-linker-plugin -pipe -g0 -falign-functions=32 -Wl,-O1 -Wl,--as-needed -Wl,-O4,--hash-style=gnu,--sort-common,--as-needed,-z,relro,-z,now,-lgomp,-lpthread -c -o gtk-clutter-test.o gtk-clutter-test.c
x86_64-pc-linux-gnu-gcc -DHAVE_CONFIG_H -I. -I..  -I. -I.. -I../clutter-gtk -DGLIB_DISABLE_DEPRECATION_WARNINGS -DGDK_DISABLE_DEPRECATION_WARNINGS -DCLUTTER_DISABLE_DEPRECATION_WARNINGS -DEXAMPLES_DATADIR=\".\"   -pthread -I/usr/include/clutter-1.0 -I/usr/include/cogl -I/usr/include/libdrm -I/usr/include/json-glib-1.0 -I/usr/include/gtk-3.0 -I/usr/include/gio-unix-2.0 -I/usr/include/cairo -I/usr/include/pango-1.0 -I/usr/include/harfbuzz -I/usr/include/pango-1.0 -I/usr/include/fribidi -I/usr/include/atk-1.0 -I/usr/include/cairo -I/usr/include/pixman-1 -I/usr/include/uuid -I/usr/include/freetype2 -I/usr/include/libpng16 -I/usr/include/gdk-pixbuf-2.0 -I/usr/include/libmount -I/usr/include/blkid -I/usr/lib64/libffi/include -I/usr/include/glib-2.0 -I/usr/lib64/glib-2.0/include -march=native -O3 -fgraphite-identity -floop-nest-optimize -fdevirtualize-at-ltrans -fipa-pta -fno-semantic-interposition -fno-plt -fno-signed-zeros -fno-trapping-math -fassociative-math -freciprocal-math -fno-math-errno -ffinite-math-only -fno-rounding-math -fno-signaling-nans -fcx-limited-range -fexcess-precision=fast -fuse-linker-plugin -pipe -g0 -falign-functions=32 -Wl,-O1 -Wl,--as-needed -Wl,-O4,--hash-style=gnu,--sort-common,--as-needed,-z,relro,-z,now,-lgomp,-lpthread -c -o gtk-clutter-test-actor.o gtk-clutter-test-actor.c
x86_64-pc-linux-gnu-gcc -DHAVE_CONFIG_H -I. -I..  -I. -I.. -I../clutter-gtk -DGLIB_DISABLE_DEPRECATION_WARNINGS -DGDK_DISABLE_DEPRECATION_WARNINGS -DCLUTTER_DISABLE_DEPRECATION_WARNINGS -DEXAMPLES_DATADIR=\".\"   -pthread -I/usr/include/clutter-1.0 -I/usr/include/cogl -I/usr/include/libdrm -I/usr/include/json-glib-1.0 -I/usr/include/gtk-3.0 -I/usr/include/gio-unix-2.0 -I/usr/include/cairo -I/usr/include/pango-1.0 -I/usr/include/harfbuzz -I/usr/include/pango-1.0 -I/usr/include/fribidi -I/usr/include/atk-1.0 -I/usr/include/cairo -I/usr/include/pixman-1 -I/usr/include/uuid -I/usr/include/freetype2 -I/usr/include/libpng16 -I/usr/include/gdk-pixbuf-2.0 -I/usr/include/libmount -I/usr/include/blkid -I/usr/lib64/libffi/include -I/usr/include/glib-2.0 -I/usr/lib64/glib-2.0/include -march=native -O3 -fgraphite-identity -floop-nest-optimize -fdevirtualize-at-ltrans -fipa-pta -fno-semantic-interposition -fno-plt -fno-signed-zeros -fno-trapping-math -fassociative-math -freciprocal-math -fno-math-errno -ffinite-math-only -fno-rounding-math -fno-signaling-nans -fcx-limited-range -fexcess-precision=fast -fuse-linker-plugin -pipe -g0 -falign-functions=32 -Wl,-O1 -Wl,--as-needed -Wl,-O4,--hash-style=gnu,--sort-common,--as-needed,-z,relro,-z,now,-lgomp,-lpthread -c -o gtk-clutter-window-test.o gtk-clutter-window-test.c
/bin/sh ../libtool  --tag=CC   --mode=link x86_64-pc-linux-gnu-gcc  -pthread -I/usr/include/clutter-1.0 -I/usr/include/cogl -I/usr/include/libdrm -I/usr/include/json-glib-1.0 -I/usr/include/gtk-3.0 -I/usr/include/gio-unix-2.0 -I/usr/include/cairo -I/usr/include/pango-1.0 -I/usr/include/harfbuzz -I/usr/include/pango-1.0 -I/usr/include/fribidi -I/usr/include/atk-1.0 -I/usr/include/cairo -I/usr/include/pixman-1 -I/usr/include/uuid -I/usr/include/freetype2 -I/usr/include/libpng16 -I/usr/include/gdk-pixbuf-2.0 -I/usr/include/libmount -I/usr/include/blkid -I/usr/lib64/libffi/include -I/usr/include/glib-2.0 -I/usr/lib64/glib-2.0/include -march=native -O3 -fgraphite-identity -floop-nest-optimize -fdevirtualize-at-ltrans -fipa-pta -fno-semantic-interposition -fno-plt -fno-signed-zeros -fno-trapping-math -fassociative-math -freciprocal-math -fno-math-errno -ffinite-math-only -fno-rounding-math -fno-signaling-nans -fcx-limited-range -fexcess-precision=fast -fuse-linker-plugin -pipe -g0 -falign-functions=32 -Wl,-O1 -Wl,--as-needed -Wl,-O4,--hash-style=gnu,--sort-common,--as-needed,-z,relro,-z,now,-lgomp,-lpthread  -Wl,-O1 -Wl,--as-needed -Wl,-O4,--hash-style=gnu,--sort-common,--as-needed,-z,relro,-z,now,-lgomp,-lpthread -o gtk-clutter-window-test gtk-clutter-window-test.o ../clutter-gtk/libclutter-gtk-1.0.la -lclutter-1.0 -lcogl-path -lcogl-pango -lcogl -lgmodule-2.0 -pthread -lwayland-egl -lgbm -ldrm -lEGL -lXrandr -ljson-glib-1.0 -lwayland-cursor -lwayland-client -lxkbcommon -lwayland-server -lX11 -lXext -lXdamage -lXfixes -lXcomposite -lXi -lgtk-3 -lgdk-3 -lpangocairo-1.0 -lpango-1.0 -latk-1.0 -lcairo-gobject -lcairo -lgdk_pixbuf-2.0 -lgio-2.0 -lgobject-2.0 -lglib-2.0 -lm 
/bin/sh ../libtool  --tag=CC   --mode=link x86_64-pc-linux-gnu-gcc  -pthread -I/usr/include/clutter-1.0 -I/usr/include/cogl -I/usr/include/libdrm -I/usr/include/json-glib-1.0 -I/usr/include/gtk-3.0 -I/usr/include/gio-unix-2.0 -I/usr/include/cairo -I/usr/include/pango-1.0 -I/usr/include/harfbuzz -I/usr/include/pango-1.0 -I/usr/include/fribidi -I/usr/include/atk-1.0 -I/usr/include/cairo -I/usr/include/pixman-1 -I/usr/include/uuid -I/usr/include/freetype2 -I/usr/include/libpng16 -I/usr/include/gdk-pixbuf-2.0 -I/usr/include/libmount -I/usr/include/blkid -I/usr/lib64/libffi/include -I/usr/include/glib-2.0 -I/usr/lib64/glib-2.0/include -march=native -O3 -fgraphite-identity -floop-nest-optimize -fdevirtualize-at-ltrans -fipa-pta -fno-semantic-interposition -fno-plt -fno-signed-zeros -fno-trapping-math -fassociative-math -freciprocal-math -fno-math-errno -ffinite-math-only -fno-rounding-math -fno-signaling-nans -fcx-limited-range -fexcess-precision=fast -fuse-linker-plugin -pipe -g0 -falign-functions=32 -Wl,-O1 -Wl,--as-needed -Wl,-O4,--hash-style=gnu,--sort-common,--as-needed,-z,relro,-z,now,-lgomp,-lpthread  -Wl,-O1 -Wl,--as-needed -Wl,-O4,--hash-style=gnu,--sort-common,--as-needed,-z,relro,-z,now,-lgomp,-lpthread -o gtk-clutter-multistage gtk-clutter-multistage.o ../clutter-gtk/libclutter-gtk-1.0.la -lclutter-1.0 -lcogl-path -lcogl-pango -lcogl -lgmodule-2.0 -pthread -lwayland-egl -lgbm -ldrm -lEGL -lXrandr -ljson-glib-1.0 -lwayland-cursor -lwayland-client -lxkbcommon -lwayland-server -lX11 -lXext -lXdamage -lXfixes -lXcomposite -lXi -lgtk-3 -lgdk-3 -lpangocairo-1.0 -lpango-1.0 -latk-1.0 -lcairo-gobject -lcairo -lgdk_pixbuf-2.0 -lgio-2.0 -lgobject-2.0 -lglib-2.0 -lm 
/bin/sh ../libtool  --tag=CC   --mode=link x86_64-pc-linux-gnu-gcc  -pthread -I/usr/include/clutter-1.0 -I/usr/include/cogl -I/usr/include/libdrm -I/usr/include/json-glib-1.0 -I/usr/include/gtk-3.0 -I/usr/include/gio-unix-2.0 -I/usr/include/cairo -I/usr/include/pango-1.0 -I/usr/include/harfbuzz -I/usr/include/pango-1.0 -I/usr/include/fribidi -I/usr/include/atk-1.0 -I/usr/include/cairo -I/usr/include/pixman-1 -I/usr/include/uuid -I/usr/include/freetype2 -I/usr/include/libpng16 -I/usr/include/gdk-pixbuf-2.0 -I/usr/include/libmount -I/usr/include/blkid -I/usr/lib64/libffi/include -I/usr/include/glib-2.0 -I/usr/lib64/glib-2.0/include -march=native -O3 -fgraphite-identity -floop-nest-optimize -fdevirtualize-at-ltrans -fipa-pta -fno-semantic-interposition -fno-plt -fno-signed-zeros -fno-trapping-math -fassociative-math -freciprocal-math -fno-math-errno -ffinite-math-only -fno-rounding-math -fno-signaling-nans -fcx-limited-range -fexcess-precision=fast -fuse-linker-plugin -pipe -g0 -falign-functions=32 -Wl,-O1 -Wl,--as-needed -Wl,-O4,--hash-style=gnu,--sort-common,--as-needed,-z,relro,-z,now,-lgomp,-lpthread  -Wl,-O1 -Wl,--as-needed -Wl,-O4,--hash-style=gnu,--sort-common,--as-needed,-z,relro,-z,now,-lgomp,-lpthread -o gtk-clutter-test-actor gtk-clutter-test-actor.o ../clutter-gtk/libclutter-gtk-1.0.la -lclutter-1.0 -lcogl-path -lcogl-pango -lcogl -lgmodule-2.0 -pthread -lwayland-egl -lgbm -ldrm -lEGL -lXrandr -ljson-glib-1.0 -lwayland-cursor -lwayland-client -lxkbcommon -lwayland-server -lX11 -lXext -lXdamage -lXfixes -lXcomposite -lXi -lgtk-3 -lgdk-3 -lpangocairo-1.0 -lpango-1.0 -latk-1.0 -lcairo-gobject -lcairo -lgdk_pixbuf-2.0 -lgio-2.0 -lgobject-2.0 -lglib-2.0 -lm 
/bin/sh ../libtool  --tag=CC   --mode=link x86_64-pc-linux-gnu-gcc  -pthread -I/usr/include/clutter-1.0 -I/usr/include/cogl -I/usr/include/libdrm -I/usr/include/json-glib-1.0 -I/usr/include/gtk-3.0 -I/usr/include/gio-unix-2.0 -I/usr/include/cairo -I/usr/include/pango-1.0 -I/usr/include/harfbuzz -I/usr/include/pango-1.0 -I/usr/include/fribidi -I/usr/include/atk-1.0 -I/usr/include/cairo -I/usr/include/pixman-1 -I/usr/include/uuid -I/usr/include/freetype2 -I/usr/include/libpng16 -I/usr/include/gdk-pixbuf-2.0 -I/usr/include/libmount -I/usr/include/blkid -I/usr/lib64/libffi/include -I/usr/include/glib-2.0 -I/usr/lib64/glib-2.0/include -march=native -O3 -fgraphite-identity -floop-nest-optimize -fdevirtualize-at-ltrans -fipa-pta -fno-semantic-interposition -fno-plt -fno-signed-zeros -fno-trapping-math -fassociative-math -freciprocal-math -fno-math-errno -ffinite-math-only -fno-rounding-math -fno-signaling-nans -fcx-limited-range -fexcess-precision=fast -fuse-linker-plugin -pipe -g0 -falign-functions=32 -Wl,-O1 -Wl,--as-needed -Wl,-O4,--hash-style=gnu,--sort-common,--as-needed,-z,relro,-z,now,-lgomp,-lpthread  -Wl,-O1 -Wl,--as-needed -Wl,-O4,--hash-style=gnu,--sort-common,--as-needed,-z,relro,-z,now,-lgomp,-lpthread -o gtk-clutter-events gtk-clutter-events.o ../clutter-gtk/libclutter-gtk-1.0.la -lclutter-1.0 -lcogl-path -lcogl-pango -lcogl -lgmodule-2.0 -pthread -lwayland-egl -lgbm -ldrm -lEGL -lXrandr -ljson-glib-1.0 -lwayland-cursor -lwayland-client -lxkbcommon -lwayland-server -lX11 -lXext -lXdamage -lXfixes -lXcomposite -lXi -lgtk-3 -lgdk-3 -lpangocairo-1.0 -lpango-1.0 -latk-1.0 -lcairo-gobject -lcairo -lgdk_pixbuf-2.0 -lgio-2.0 -lgobject-2.0 -lglib-2.0 -lm 
/bin/sh ../libtool  --tag=CC   --mode=link x86_64-pc-linux-gnu-gcc  -pthread -I/usr/include/clutter-1.0 -I/usr/include/cogl -I/usr/include/libdrm -I/usr/include/json-glib-1.0 -I/usr/include/gtk-3.0 -I/usr/include/gio-unix-2.0 -I/usr/include/cairo -I/usr/include/pango-1.0 -I/usr/include/harfbuzz -I/usr/include/pango-1.0 -I/usr/include/fribidi -I/usr/include/atk-1.0 -I/usr/include/cairo -I/usr/include/pixman-1 -I/usr/include/uuid -I/usr/include/freetype2 -I/usr/include/libpng16 -I/usr/include/gdk-pixbuf-2.0 -I/usr/include/libmount -I/usr/include/blkid -I/usr/lib64/libffi/include -I/usr/include/glib-2.0 -I/usr/lib64/glib-2.0/include -march=native -O3 -fgraphite-identity -floop-nest-optimize -fdevirtualize-at-ltrans -fipa-pta -fno-semantic-interposition -fno-plt -fno-signed-zeros -fno-trapping-math -fassociative-math -freciprocal-math -fno-math-errno -ffinite-math-only -fno-rounding-math -fno-signaling-nans -fcx-limited-range -fexcess-precision=fast -fuse-linker-plugin -pipe -g0 -falign-functions=32 -Wl,-O1 -Wl,--as-needed -Wl,-O4,--hash-style=gnu,--sort-common,--as-needed,-z,relro,-z,now,-lgomp,-lpthread  -Wl,-O1 -Wl,--as-needed -Wl,-O4,--hash-style=gnu,--sort-common,--as-needed,-z,relro,-z,now,-lgomp,-lpthread -o gtk-clutter-test gtk-clutter-test.o ../clutter-gtk/libclutter-gtk-1.0.la -lclutter-1.0 -lcogl-path -lcogl-pango -lcogl -lgmodule-2.0 -pthread -lwayland-egl -lgbm -ldrm -lEGL -lXrandr -ljson-glib-1.0 -lwayland-cursor -lwayland-client -lxkbcommon -lwayland-server -lX11 -lXext -lXdamage -lXfixes -lXcomposite -lXi -lgtk-3 -lgdk-3 -lpangocairo-1.0 -lpango-1.0 -latk-1.0 -lcairo-gobject -lcairo -lgdk_pixbuf-2.0 -lgio-2.0 -lgobject-2.0 -lglib-2.0 -lm 
libtool: link: x86_64-pc-linux-gnu-gcc -pthread -I/usr/include/clutter-1.0 -I/usr/include/cogl -I/usr/include/libdrm -I/usr/include/json-glib-1.0 -I/usr/include/gtk-3.0 -I/usr/include/gio-unix-2.0 -I/usr/include/cairo -I/usr/include/pango-1.0 -I/usr/include/harfbuzz -I/usr/include/pango-1.0 -I/usr/include/fribidi -I/usr/include/atk-1.0 -I/usr/include/cairo -I/usr/include/pixman-1 -I/usr/include/uuid -I/usr/include/freetype2 -I/usr/include/libpng16 -I/usr/include/gdk-pixbuf-2.0 -I/usr/include/libmount -I/usr/include/blkid -I/usr/lib64/libffi/include -I/usr/include/glib-2.0 -I/usr/lib64/glib-2.0/include -march=native -O3 -fgraphite-identity -floop-nest-optimize -fdevirtualize-at-ltrans -fipa-pta -fno-semantic-interposition -fno-plt -fno-signed-zeros -fno-trapping-math -fassociative-math -freciprocal-math -fno-math-errno -ffinite-math-only -fno-rounding-math -fno-signaling-nans -fcx-limited-range -fexcess-precision=fast -fuse-linker-plugin -pipe -g0 -falign-functions=32 -Wl,-O1 -Wl,-O4 -Wl,--hash-style=gnu -Wl,--sort-common -Wl,--as-needed -Wl,-z -Wl,relro -Wl,-z -Wl,now -Wl,-lgomp -Wl,-lpthread -Wl,-O1 -Wl,-O4 -Wl,--hash-style=gnu -Wl,--sort-common -Wl,--as-needed -Wl,-z -Wl,relro -Wl,-z -Wl,now -Wl,-lgomp -Wl,-lpthread -o .libs/gtk-clutter-window-test gtk-clutter-window-test.o -pthread  -Wl,--as-needed ../clutter-gtk/.libs/libclutter-gtk-1.0.so -lclutter-1.0 -lcogl-path -lcogl-pango -lcogl -lgmodule-2.0 -lwayland-egl -lgbm -ldrm -lEGL -lXrandr -ljson-glib-1.0 -lwayland-cursor -lwayland-client -lxkbcommon -lwayland-server -lX11 -lXext -lXdamage -lXfixes -lXcomposite -lXi -lgtk-3 -lgdk-3 -lpangocairo-1.0 -lpango-1.0 -latk-1.0 -lcairo-gobject -lcairo -lgdk_pixbuf-2.0 -lgio-2.0 -lgobject-2.0 -lglib-2.0 -lm -pthread
libtool: link: x86_64-pc-linux-gnu-gcc -pthread -I/usr/include/clutter-1.0 -I/usr/include/cogl -I/usr/include/libdrm -I/usr/include/json-glib-1.0 -I/usr/include/gtk-3.0 -I/usr/include/gio-unix-2.0 -I/usr/include/cairo -I/usr/include/pango-1.0 -I/usr/include/harfbuzz -I/usr/include/pango-1.0 -I/usr/include/fribidi -I/usr/include/atk-1.0 -I/usr/include/cairo -I/usr/include/pixman-1 -I/usr/include/uuid -I/usr/include/freetype2 -I/usr/include/libpng16 -I/usr/include/gdk-pixbuf-2.0 -I/usr/include/libmount -I/usr/include/blkid -I/usr/lib64/libffi/include -I/usr/include/glib-2.0 -I/usr/lib64/glib-2.0/include -march=native -O3 -fgraphite-identity -floop-nest-optimize -fdevirtualize-at-ltrans -fipa-pta -fno-semantic-interposition -fno-plt -fno-signed-zeros -fno-trapping-math -fassociative-math -freciprocal-math -fno-math-errno -ffinite-math-only -fno-rounding-math -fno-signaling-nans -fcx-limited-range -fexcess-precision=fast -fuse-linker-plugin -pipe -g0 -falign-functions=32 -Wl,-O1 -Wl,-O4 -Wl,--hash-style=gnu -Wl,--sort-common -Wl,--as-needed -Wl,-z -Wl,relro -Wl,-z -Wl,now -Wl,-lgomp -Wl,-lpthread -Wl,-O1 -Wl,-O4 -Wl,--hash-style=gnu -Wl,--sort-common -Wl,--as-needed -Wl,-z -Wl,relro -Wl,-z -Wl,now -Wl,-lgomp -Wl,-lpthread -o .libs/gtk-clutter-multistage gtk-clutter-multistage.o -pthread  -Wl,--as-needed ../clutter-gtk/.libs/libclutter-gtk-1.0.so -lclutter-1.0 -lcogl-path -lcogl-pango -lcogl -lgmodule-2.0 -lwayland-egl -lgbm -ldrm -lEGL -lXrandr -ljson-glib-1.0 -lwayland-cursor -lwayland-client -lxkbcommon -lwayland-server -lX11 -lXext -lXdamage -lXfixes -lXcomposite -lXi -lgtk-3 -lgdk-3 -lpangocairo-1.0 -lpango-1.0 -latk-1.0 -lcairo-gobject -lcairo -lgdk_pixbuf-2.0 -lgio-2.0 -lgobject-2.0 -lglib-2.0 -lm -pthread
libtool: link: x86_64-pc-linux-gnu-gcc -pthread -I/usr/include/clutter-1.0 -I/usr/include/cogl -I/usr/include/libdrm -I/usr/include/json-glib-1.0 -I/usr/include/gtk-3.0 -I/usr/include/gio-unix-2.0 -I/usr/include/cairo -I/usr/include/pango-1.0 -I/usr/include/harfbuzz -I/usr/include/pango-1.0 -I/usr/include/fribidi -I/usr/include/atk-1.0 -I/usr/include/cairo -I/usr/include/pixman-1 -I/usr/include/uuid -I/usr/include/freetype2 -I/usr/include/libpng16 -I/usr/include/gdk-pixbuf-2.0 -I/usr/include/libmount -I/usr/include/blkid -I/usr/lib64/libffi/include -I/usr/include/glib-2.0 -I/usr/lib64/glib-2.0/include -march=native -O3 -fgraphite-identity -floop-nest-optimize -fdevirtualize-at-ltrans -fipa-pta -fno-semantic-interposition -fno-plt -fno-signed-zeros -fno-trapping-math -fassociative-math -freciprocal-math -fno-math-errno -ffinite-math-only -fno-rounding-math -fno-signaling-nans -fcx-limited-range -fexcess-precision=fast -fuse-linker-plugin -pipe -g0 -falign-functions=32 -Wl,-O1 -Wl,-O4 -Wl,--hash-style=gnu -Wl,--sort-common -Wl,--as-needed -Wl,-z -Wl,relro -Wl,-z -Wl,now -Wl,-lgomp -Wl,-lpthread -Wl,-O1 -Wl,-O4 -Wl,--hash-style=gnu -Wl,--sort-common -Wl,--as-needed -Wl,-z -Wl,relro -Wl,-z -Wl,now -Wl,-lgomp -Wl,-lpthread -o .libs/gtk-clutter-events gtk-clutter-events.o -pthread  -Wl,--as-needed ../clutter-gtk/.libs/libclutter-gtk-1.0.so -lclutter-1.0 -lcogl-path -lcogl-pango -lcogl -lgmodule-2.0 -lwayland-egl -lgbm -ldrm -lEGL -lXrandr -ljson-glib-1.0 -lwayland-cursor -lwayland-client -lxkbcommon -lwayland-server -lX11 -lXext -lXdamage -lXfixes -lXcomposite -lXi -lgtk-3 -lgdk-3 -lpangocairo-1.0 -lpango-1.0 -latk-1.0 -lcairo-gobject -lcairo -lgdk_pixbuf-2.0 -lgio-2.0 -lgobject-2.0 -lglib-2.0 -lm -pthread
libtool: link: x86_64-pc-linux-gnu-gcc -pthread -I/usr/include/clutter-1.0 -I/usr/include/cogl -I/usr/include/libdrm -I/usr/include/json-glib-1.0 -I/usr/include/gtk-3.0 -I/usr/include/gio-unix-2.0 -I/usr/include/cairo -I/usr/include/pango-1.0 -I/usr/include/harfbuzz -I/usr/include/pango-1.0 -I/usr/include/fribidi -I/usr/include/atk-1.0 -I/usr/include/cairo -I/usr/include/pixman-1 -I/usr/include/uuid -I/usr/include/freetype2 -I/usr/include/libpng16 -I/usr/include/gdk-pixbuf-2.0 -I/usr/include/libmount -I/usr/include/blkid -I/usr/lib64/libffi/include -I/usr/include/glib-2.0 -I/usr/lib64/glib-2.0/include -march=native -O3 -fgraphite-identity -floop-nest-optimize -fdevirtualize-at-ltrans -fipa-pta -fno-semantic-interposition -fno-plt -fno-signed-zeros -fno-trapping-math -fassociative-math -freciprocal-math -fno-math-errno -ffinite-math-only -fno-rounding-math -fno-signaling-nans -fcx-limited-range -fexcess-precision=fast -fuse-linker-plugin -pipe -g0 -falign-functions=32 -Wl,-O1 -Wl,-O4 -Wl,--hash-style=gnu -Wl,--sort-common -Wl,--as-needed -Wl,-z -Wl,relro -Wl,-z -Wl,now -Wl,-lgomp -Wl,-lpthread -Wl,-O1 -Wl,-O4 -Wl,--hash-style=gnu -Wl,--sort-common -Wl,--as-needed -Wl,-z -Wl,relro -Wl,-z -Wl,now -Wl,-lgomp -Wl,-lpthread -o .libs/gtk-clutter-test gtk-clutter-test.o -pthread  -Wl,--as-needed ../clutter-gtk/.libs/libclutter-gtk-1.0.so -lclutter-1.0 -lcogl-path -lcogl-pango -lcogl -lgmodule-2.0 -lwayland-egl -lgbm -ldrm -lEGL -lXrandr -ljson-glib-1.0 -lwayland-cursor -lwayland-client -lxkbcommon -lwayland-server -lX11 -lXext -lXdamage -lXfixes -lXcomposite -lXi -lgtk-3 -lgdk-3 -lpangocairo-1.0 -lpango-1.0 -latk-1.0 -lcairo-gobject -lcairo -lgdk_pixbuf-2.0 -lgio-2.0 -lgobject-2.0 -lglib-2.0 -lm -pthread
libtool: link: x86_64-pc-linux-gnu-gcc -pthread -I/usr/include/clutter-1.0 -I/usr/include/cogl -I/usr/include/libdrm -I/usr/include/json-glib-1.0 -I/usr/include/gtk-3.0 -I/usr/include/gio-unix-2.0 -I/usr/include/cairo -I/usr/include/pango-1.0 -I/usr/include/harfbuzz -I/usr/include/pango-1.0 -I/usr/include/fribidi -I/usr/include/atk-1.0 -I/usr/include/cairo -I/usr/include/pixman-1 -I/usr/include/uuid -I/usr/include/freetype2 -I/usr/include/libpng16 -I/usr/include/gdk-pixbuf-2.0 -I/usr/include/libmount -I/usr/include/blkid -I/usr/lib64/libffi/include -I/usr/include/glib-2.0 -I/usr/lib64/glib-2.0/include -march=native -O3 -fgraphite-identity -floop-nest-optimize -fdevirtualize-at-ltrans -fipa-pta -fno-semantic-interposition -fno-plt -fno-signed-zeros -fno-trapping-math -fassociative-math -freciprocal-math -fno-math-errno -ffinite-math-only -fno-rounding-math -fno-signaling-nans -fcx-limited-range -fexcess-precision=fast -fuse-linker-plugin -pipe -g0 -falign-functions=32 -Wl,-O1 -Wl,-O4 -Wl,--hash-style=gnu -Wl,--sort-common -Wl,--as-needed -Wl,-z -Wl,relro -Wl,-z -Wl,now -Wl,-lgomp -Wl,-lpthread -Wl,-O1 -Wl,-O4 -Wl,--hash-style=gnu -Wl,--sort-common -Wl,--as-needed -Wl,-z -Wl,relro -Wl,-z -Wl,now -Wl,-lgomp -Wl,-lpthread -o .libs/gtk-clutter-test-actor gtk-clutter-test-actor.o -pthread  -Wl,--as-needed ../clutter-gtk/.libs/libclutter-gtk-1.0.so -lclutter-1.0 -lcogl-path -lcogl-pango -lcogl -lgmodule-2.0 -lwayland-egl -lgbm -ldrm -lEGL -lXrandr -ljson-glib-1.0 -lwayland-cursor -lwayland-client -lxkbcommon -lwayland-server -lX11 -lXext -lXdamage -lXfixes -lXcomposite -lXi -lgtk-3 -lgdk-3 -lpangocairo-1.0 -lpango-1.0 -latk-1.0 -lcairo-gobject -lcairo -lgdk_pixbuf-2.0 -lgio-2.0 -lgobject-2.0 -lglib-2.0 -lm -pthread
make[2]: Leaving directory '/tmp/portage/media-libs/clutter-gtk-1.8.4/work/clutter-gtk-1.8.4/examples'
Making all in po
make[2]: Entering directory '/tmp/portage/media-libs/clutter-gtk-1.8.4/work/clutter-gtk-1.8.4/po'
make[2]: Leaving directory '/tmp/portage/media-libs/clutter-gtk-1.8.4/work/clutter-gtk-1.8.4/po'
make[2]: Entering directory '/tmp/portage/media-libs/clutter-gtk-1.8.4/work/clutter-gtk-1.8.4'
cp -f clutter-gtk.pc clutter-gtk-1.0.pc
make[2]: Leaving directory '/tmp/portage/media-libs/clutter-gtk-1.8.4/work/clutter-gtk-1.8.4'
make[1]: Leaving directory '/tmp/portage/media-libs/clutter-gtk-1.8.4/work/clutter-gtk-1.8.4'
>>> Source compiled.
>>> Test phase [not enabled]: media-libs/clutter-gtk-1.8.4

>>> Install media-libs/clutter-gtk-1.8.4 into /tmp/portage/media-libs/clutter-gtk-1.8.4/image/
make -j12 -l12 DESTDIR=/tmp/portage/media-libs/clutter-gtk-1.8.4/image/ install 
Making install in build
make[1]: Entering directory '/tmp/portage/media-libs/clutter-gtk-1.8.4/work/clutter-gtk-1.8.4/build'
Making install in autotools
make[2]: Entering directory '/tmp/portage/media-libs/clutter-gtk-1.8.4/work/clutter-gtk-1.8.4/build/autotools'
make[3]: Entering directory '/tmp/portage/media-libs/clutter-gtk-1.8.4/work/clutter-gtk-1.8.4/build/autotools'
make[3]: Nothing to be done for 'install-exec-am'.
make[3]: Nothing to be done for 'install-data-am'.
make[3]: Leaving directory '/tmp/portage/media-libs/clutter-gtk-1.8.4/work/clutter-gtk-1.8.4/build/autotools'
make[2]: Leaving directory '/tmp/portage/media-libs/clutter-gtk-1.8.4/work/clutter-gtk-1.8.4/build/autotools'
make[2]: Entering directory '/tmp/portage/media-libs/clutter-gtk-1.8.4/work/clutter-gtk-1.8.4/build'
make[3]: Entering directory '/tmp/portage/media-libs/clutter-gtk-1.8.4/work/clutter-gtk-1.8.4/build'
make[3]: Nothing to be done for 'install-exec-am'.
make[3]: Nothing to be done for 'install-data-am'.
make[3]: Leaving directory '/tmp/portage/media-libs/clutter-gtk-1.8.4/work/clutter-gtk-1.8.4/build'
make[2]: Leaving directory '/tmp/portage/media-libs/clutter-gtk-1.8.4/work/clutter-gtk-1.8.4/build'
make[1]: Leaving directory '/tmp/portage/media-libs/clutter-gtk-1.8.4/work/clutter-gtk-1.8.4/build'
Making install in clutter-gtk
make[1]: Entering directory '/tmp/portage/media-libs/clutter-gtk-1.8.4/work/clutter-gtk-1.8.4/clutter-gtk'
make[2]: Entering directory '/tmp/portage/media-libs/clutter-gtk-1.8.4/work/clutter-gtk-1.8.4/clutter-gtk'
 /bin/mkdir -p '/tmp/portage/media-libs/clutter-gtk-1.8.4/image//usr/lib64'
 /bin/mkdir -p '/tmp/portage/media-libs/clutter-gtk-1.8.4/image//usr/include/clutter-gtk-1.0/clutter-gtk'
 /bin/mkdir -p '/tmp/portage/media-libs/clutter-gtk-1.8.4/image//usr/lib64/girepository-1.0/'
 /bin/mkdir -p '/tmp/portage/media-libs/clutter-gtk-1.8.4/image//usr/share/gir-1.0/'
 /bin/sh ../libtool   --mode=install /usr/lib/portage/python3.8/ebuild-helpers/xattr/install -c   libclutter-gtk-1.0.la '/tmp/portage/media-libs/clutter-gtk-1.8.4/image//usr/lib64'
 /usr/lib/portage/python3.8/ebuild-helpers/xattr/install -c -m 644 GtkClutter-1.0.typelib '/tmp/portage/media-libs/clutter-gtk-1.8.4/image//usr/lib64/girepository-1.0/'
 /usr/lib/portage/python3.8/ebuild-helpers/xattr/install -c -m 644 clutter-gtk.h gtk-clutter-version.h gtk-clutter-actor.h gtk-clutter-embed.h gtk-clutter-texture.h gtk-clutter-util.h gtk-clutter-window.h '/tmp/portage/media-libs/clutter-gtk-1.8.4/image//usr/include/clutter-gtk-1.0/clutter-gtk'
 /usr/lib/portage/python3.8/ebuild-helpers/xattr/install -c -m 644 GtkClutter-1.0.gir '/tmp/portage/media-libs/clutter-gtk-1.8.4/image//usr/share/gir-1.0/'
libtool: install: /usr/lib/portage/python3.8/ebuild-helpers/xattr/install -c .libs/libclutter-gtk-1.0.so.0.800.4 /tmp/portage/media-libs/clutter-gtk-1.8.4/image//usr/lib64/libclutter-gtk-1.0.so.0.800.4
libtool: install: (cd /tmp/portage/media-libs/clutter-gtk-1.8.4/image//usr/lib64 && { ln -s -f libclutter-gtk-1.0.so.0.800.4 libclutter-gtk-1.0.so.0 || { rm -f libclutter-gtk-1.0.so.0 && ln -s libclutter-gtk-1.0.so.0.800.4 libclutter-gtk-1.0.so.0; }; })
libtool: install: (cd /tmp/portage/media-libs/clutter-gtk-1.8.4/image//usr/lib64 && { ln -s -f libclutter-gtk-1.0.so.0.800.4 libclutter-gtk-1.0.so || { rm -f libclutter-gtk-1.0.so && ln -s libclutter-gtk-1.0.so.0.800.4 libclutter-gtk-1.0.so; }; })
libtool: install: /usr/lib/portage/python3.8/ebuild-helpers/xattr/install -c .libs/libclutter-gtk-1.0.lai /tmp/portage/media-libs/clutter-gtk-1.8.4/image//usr/lib64/libclutter-gtk-1.0.la
libtool: [31mwarning(B[m: [1mremember to run 'libtool --finish /usr/lib64'(B[m
make[2]: Leaving directory '/tmp/portage/media-libs/clutter-gtk-1.8.4/work/clutter-gtk-1.8.4/clutter-gtk'
make[1]: Leaving directory '/tmp/portage/media-libs/clutter-gtk-1.8.4/work/clutter-gtk-1.8.4/clutter-gtk'
Making install in doc
make[1]: Entering directory '/tmp/portage/media-libs/clutter-gtk-1.8.4/work/clutter-gtk-1.8.4/doc'
make[2]: Entering directory '/tmp/portage/media-libs/clutter-gtk-1.8.4/work/clutter-gtk-1.8.4/doc'
make[2]: Nothing to be done for 'install-exec-am'.
 /usr/lib/portage/python3.8/ebuild-helpers/xattr/install -c -m 644 ./html/GtkClutterActor.html
 /usr/lib/portage/python3.8/ebuild-helpers/xattr/install -c -m 644 ./html/GtkClutterEmbed.html
 /usr/lib/portage/python3.8/ebuild-helpers/xattr/install -c -m 644 ./html/GtkClutterWindow.html
 /usr/lib/portage/python3.8/ebuild-helpers/xattr/install -c -m 644 ./html/annotation-glossary.html
 /usr/lib/portage/python3.8/ebuild-helpers/xattr/install -c -m 644 ./html/ch01.html
 /usr/lib/portage/python3.8/ebuild-helpers/xattr/install -c -m 644 ./html/ch02.html
 /usr/lib/portage/python3.8/ebuild-helpers/xattr/install -c -m 644 ./html/ch03.html
 /usr/lib/portage/python3.8/ebuild-helpers/xattr/install -c -m 644 ./html/clutter-gtk-1.0-Utility-Functions.html
 /usr/lib/portage/python3.8/ebuild-helpers/xattr/install -c -m 644 ./html/clutter-gtk-1.0.devhelp2
 /usr/lib/portage/python3.8/ebuild-helpers/xattr/install -c -m 644 ./html/cluttergtk-glossary.html
 /usr/lib/portage/python3.8/ebuild-helpers/xattr/install -c -m 644 ./html/cluttergtk-object-hierarchy.html
 /usr/lib/portage/python3.8/ebuild-helpers/xattr/install -c -m 644 ./html/cluttergtk-object-index.html
 /usr/lib/portage/python3.8/ebuild-helpers/xattr/install -c -m 644 ./html/cluttergtk-objects.html
 /usr/lib/portage/python3.8/ebuild-helpers/xattr/install -c -m 644 ./html/home.png
 /usr/lib/portage/python3.8/ebuild-helpers/xattr/install -c -m 644 ./html/index.html
 /usr/lib/portage/python3.8/ebuild-helpers/xattr/install -c -m 644 ./html/ix01.html
 /usr/lib/portage/python3.8/ebuild-helpers/xattr/install -c -m 644 ./html/ix02.html
 /usr/lib/portage/python3.8/ebuild-helpers/xattr/install -c -m 644 ./html/left-insensitive.png
 /usr/lib/portage/python3.8/ebuild-helpers/xattr/install -c -m 644 ./html/left.png
 /usr/lib/portage/python3.8/ebuild-helpers/xattr/install -c -m 644 ./html/license.html
 /usr/lib/portage/python3.8/ebuild-helpers/xattr/install -c -m 644 ./html/right-insensitive.png
 /usr/lib/portage/python3.8/ebuild-helpers/xattr/install -c -m 644 ./html/right.png
 /usr/lib/portage/python3.8/ebuild-helpers/xattr/install -c -m 644 ./html/style.css
 /usr/lib/portage/python3.8/ebuild-helpers/xattr/install -c -m 644 ./html/up-insensitive.png
 /usr/lib/portage/python3.8/ebuild-helpers/xattr/install -c -m 644 ./html/up.png
make[2]: Leaving directory '/tmp/portage/media-libs/clutter-gtk-1.8.4/work/clutter-gtk-1.8.4/doc'
make[1]: Leaving directory '/tmp/portage/media-libs/clutter-gtk-1.8.4/work/clutter-gtk-1.8.4/doc'
Making install in examples
make[1]: Entering directory '/tmp/portage/media-libs/clutter-gtk-1.8.4/work/clutter-gtk-1.8.4/examples'
make[2]: Entering directory '/tmp/portage/media-libs/clutter-gtk-1.8.4/work/clutter-gtk-1.8.4/examples'
make[2]: Nothing to be done for 'install-exec-am'.
make[2]: Nothing to be done for 'install-data-am'.
make[2]: Leaving directory '/tmp/portage/media-libs/clutter-gtk-1.8.4/work/clutter-gtk-1.8.4/examples'
make[1]: Leaving directory '/tmp/portage/media-libs/clutter-gtk-1.8.4/work/clutter-gtk-1.8.4/examples'
Making install in po
make[1]: Entering directory '/tmp/portage/media-libs/clutter-gtk-1.8.4/work/clutter-gtk-1.8.4/po'
if test "clutter-gtk" = "gettext-tools"; then \
  /bin/mkdir -p /tmp/portage/media-libs/clutter-gtk-1.8.4/image//usr/share/gettext/po; \
  for file in Makefile.in.in remove-potcdate.sin quot.sed boldquot.sed en@quot.header en@boldquot.header insert-header.sin Rules-quot   Makevars.template; do \
    /usr/lib/portage/python3.8/ebuild-helpers/xattr/install -c -m 644 ./$file \
		    /tmp/portage/media-libs/clutter-gtk-1.8.4/image//usr/share/gettext/po/$file; \
  done; \
  for file in Makevars; do \
    rm -f /tmp/portage/media-libs/clutter-gtk-1.8.4/image//usr/share/gettext/po/$file; \
  done; \
else \
  : ; \
fi
make[1]: Leaving directory '/tmp/portage/media-libs/clutter-gtk-1.8.4/work/clutter-gtk-1.8.4/po'
make[1]: Entering directory '/tmp/portage/media-libs/clutter-gtk-1.8.4/work/clutter-gtk-1.8.4'
make[2]: Entering directory '/tmp/portage/media-libs/clutter-gtk-1.8.4/work/clutter-gtk-1.8.4'
make[2]: Nothing to be done for 'install-exec-am'.
 /bin/mkdir -p '/tmp/portage/media-libs/clutter-gtk-1.8.4/image//usr/lib64/pkgconfig'
 /usr/lib/portage/python3.8/ebuild-helpers/xattr/install -c -m 644 clutter-gtk-1.0.pc '/tmp/portage/media-libs/clutter-gtk-1.8.4/image//usr/lib64/pkgconfig'
make[2]: Leaving directory '/tmp/portage/media-libs/clutter-gtk-1.8.4/work/clutter-gtk-1.8.4'
make[1]: Leaving directory '/tmp/portage/media-libs/clutter-gtk-1.8.4/work/clutter-gtk-1.8.4'
 * Removing unnecessary /usr/lib64/libclutter-gtk-1.0.la (no static archive)
>>> Completed installing media-libs/clutter-gtk-1.8.4 into /tmp/portage/media-libs/clutter-gtk-1.8.4/image/

 * Final size of build directory: 3640 KiB (3.5 MiB)
 * Final size of installed tree:   488 KiB

strip: x86_64-pc-linux-gnu-strip --strip-unneeded -N __gentoo_check_ldflags__ -R .comment -R .GCC.command.line -R .note.gnu.gold-version
   /usr/lib64/libclutter-gtk-1.0.so.0.800.4
./
./usr/
./usr/include/
./usr/include/clutter-gtk-1.0/
./usr/include/clutter-gtk-1.0/clutter-gtk/
./usr/include/clutter-gtk-1.0/clutter-gtk/gtk-clutter-window.h
./usr/include/clutter-gtk-1.0/clutter-gtk/gtk-clutter-texture.h
./usr/include/clutter-gtk-1.0/clutter-gtk/clutter-gtk.h
./usr/include/clutter-gtk-1.0/clutter-gtk/gtk-clutter-version.h
./usr/include/clutter-gtk-1.0/clutter-gtk/gtk-clutter-actor.h
./usr/include/clutter-gtk-1.0/clutter-gtk/gtk-clutter-embed.h
./usr/include/clutter-gtk-1.0/clutter-gtk/gtk-clutter-util.h
./usr/share/
./usr/share/gtk-doc/
./usr/share/gtk-doc/html/
./usr/share/gtk-doc/html/clutter-gtk-1.0/
./usr/share/gtk-doc/html/clutter-gtk-1.0/annotation-glossary.html
./usr/share/gtk-doc/html/clutter-gtk-1.0/GtkClutterWindow.html
./usr/share/gtk-doc/html/clutter-gtk-1.0/GtkClutterActor.html
./usr/share/gtk-doc/html/clutter-gtk-1.0/home.png
./usr/share/gtk-doc/html/clutter-gtk-1.0/cluttergtk-glossary.html
./usr/share/gtk-doc/html/clutter-gtk-1.0/ch02.html
./usr/share/gtk-doc/html/clutter-gtk-1.0/up.png
./usr/share/gtk-doc/html/clutter-gtk-1.0/style.css
./usr/share/gtk-doc/html/clutter-gtk-1.0/left.png
./usr/share/gtk-doc/html/clutter-gtk-1.0/license.html
./usr/share/gtk-doc/html/clutter-gtk-1.0/left-insensitive.png
./usr/share/gtk-doc/html/clutter-gtk-1.0/cluttergtk-object-index.html
./usr/share/gtk-doc/html/clutter-gtk-1.0/cluttergtk-objects.html
./usr/share/gtk-doc/html/clutter-gtk-1.0/cluttergtk-object-hierarchy.html
./usr/share/gtk-doc/html/clutter-gtk-1.0/clutter-gtk-1.0.devhelp2
./usr/share/gtk-doc/html/clutter-gtk-1.0/right-insensitive.png
./usr/share/gtk-doc/html/clutter-gtk-1.0/GtkClutterEmbed.html
./usr/share/gtk-doc/html/clutter-gtk-1.0/clutter-gtk-1.0-Utility-Functions.html
./usr/share/gtk-doc/html/clutter-gtk-1.0/up-insensitive.png
./usr/share/gtk-doc/html/clutter-gtk-1.0/index.html
./usr/share/gtk-doc/html/clutter-gtk-1.0/ch03.html
./usr/share/gtk-doc/html/clutter-gtk-1.0/ix01.html
./usr/share/gtk-doc/html/clutter-gtk-1.0/ch01.html
./usr/share/gtk-doc/html/clutter-gtk-1.0/right.png
./usr/share/gtk-doc/html/clutter-gtk-1.0/ix02.html
./usr/share/gir-1.0/
./usr/share/gir-1.0/GtkClutter-1.0.gir
./usr/share/doc/
./usr/share/doc/clutter-gtk-1.8.4/
./usr/share/doc/clutter-gtk-1.8.4/README.bz2
./usr/share/doc/clutter-gtk-1.8.4/examples/
./usr/share/doc/clutter-gtk-1.8.4/examples/gtk-clutter-test.c.bz2
./usr/share/doc/clutter-gtk-1.8.4/examples/redhand.png
./usr/share/doc/clutter-gtk-1.8.4/examples/gtk-clutter-multistage.c.bz2
./usr/share/doc/clutter-gtk-1.8.4/examples/gtk-clutter-window-test.c.bz2
./usr/share/doc/clutter-gtk-1.8.4/examples/gtk-clutter-test-actor.c.bz2
./usr/share/doc/clutter-gtk-1.8.4/examples/gtk-clutter-events.c.bz2
./usr/share/doc/clutter-gtk-1.8.4/NEWS.bz2
./usr/lib64/
./usr/lib64/libclutter-gtk-1.0.so
./usr/lib64/girepository-1.0/
./usr/lib64/girepository-1.0/GtkClutter-1.0.typelib
./usr/lib64/libclutter-gtk-1.0.so.0
./usr/lib64/libclutter-gtk-1.0.so.0.800.4
./usr/lib64/pkgconfig/
./usr/lib64/pkgconfig/clutter-gtk-1.0.pc
>>> Done.
 * checking 38 files for package collisions
>>> Merging media-libs/clutter-gtk-1.8.4 to /
 * removing unneeded *.la files
--- /usr/
--- /usr/lib64/
--- /usr/lib64/pkgconfig/
>>> /usr/lib64/pkgconfig/clutter-gtk-1.0.pc
>>> /usr/lib64/libclutter-gtk-1.0.so.0.800.4
>>> /usr/lib64/libclutter-gtk-1.0.so.0 -> libclutter-gtk-1.0.so.0.800.4
--- /usr/lib64/girepository-1.0/
>>> /usr/lib64/girepository-1.0/GtkClutter-1.0.typelib
>>> /usr/lib64/libclutter-gtk-1.0.so -> libclutter-gtk-1.0.so.0.800.4
--- /usr/share/
--- /usr/share/gir-1.0/
>>> /usr/share/gir-1.0/GtkClutter-1.0.gir
--- /usr/share/gtk-doc/
--- /usr/share/gtk-doc/html/
>>> /usr/share/gtk-doc/html/clutter-gtk-1.0/
>>> /usr/share/gtk-doc/html/clutter-gtk-1.0/ix02.html
>>> /usr/share/gtk-doc/html/clutter-gtk-1.0/right.png
>>> /usr/share/gtk-doc/html/clutter-gtk-1.0/ch01.html
>>> /usr/share/gtk-doc/html/clutter-gtk-1.0/ix01.html
>>> /usr/share/gtk-doc/html/clutter-gtk-1.0/ch03.html
>>> /usr/share/gtk-doc/html/clutter-gtk-1.0/index.html
>>> /usr/share/gtk-doc/html/clutter-gtk-1.0/up-insensitive.png
>>> /usr/share/gtk-doc/html/clutter-gtk-1.0/clutter-gtk-1.0-Utility-Functions.html
>>> /usr/share/gtk-doc/html/clutter-gtk-1.0/GtkClutterEmbed.html
>>> /usr/share/gtk-doc/html/clutter-gtk-1.0/right-insensitive.png
>>> /usr/share/gtk-doc/html/clutter-gtk-1.0/clutter-gtk-1.0.devhelp2
>>> /usr/share/gtk-doc/html/clutter-gtk-1.0/cluttergtk-object-hierarchy.html
>>> /usr/share/gtk-doc/html/clutter-gtk-1.0/cluttergtk-objects.html
>>> /usr/share/gtk-doc/html/clutter-gtk-1.0/cluttergtk-object-index.html
>>> /usr/share/gtk-doc/html/clutter-gtk-1.0/left-insensitive.png
>>> /usr/share/gtk-doc/html/clutter-gtk-1.0/license.html
>>> /usr/share/gtk-doc/html/clutter-gtk-1.0/left.png
>>> /usr/share/gtk-doc/html/clutter-gtk-1.0/style.css
>>> /usr/share/gtk-doc/html/clutter-gtk-1.0/up.png
>>> /usr/share/gtk-doc/html/clutter-gtk-1.0/ch02.html
>>> /usr/share/gtk-doc/html/clutter-gtk-1.0/cluttergtk-glossary.html
>>> /usr/share/gtk-doc/html/clutter-gtk-1.0/home.png
>>> /usr/share/gtk-doc/html/clutter-gtk-1.0/GtkClutterActor.html
>>> /usr/share/gtk-doc/html/clutter-gtk-1.0/GtkClutterWindow.html
>>> /usr/share/gtk-doc/html/clutter-gtk-1.0/annotation-glossary.html
--- /usr/include/
>>> /usr/include/clutter-gtk-1.0/
>>> /usr/include/clutter-gtk-1.0/clutter-gtk/
>>> /usr/include/clutter-gtk-1.0/clutter-gtk/gtk-clutter-util.h
>>> /usr/include/clutter-gtk-1.0/clutter-gtk/gtk-clutter-embed.h
>>> /usr/include/clutter-gtk-1.0/clutter-gtk/gtk-clutter-actor.h
>>> /usr/include/clutter-gtk-1.0/clutter-gtk/gtk-clutter-version.h
>>> /usr/include/clutter-gtk-1.0/clutter-gtk/clutter-gtk.h
>>> /usr/include/clutter-gtk-1.0/clutter-gtk/gtk-clutter-texture.h
>>> /usr/include/clutter-gtk-1.0/clutter-gtk/gtk-clutter-window.h
>>> media-libs/clutter-gtk-1.8.4 merged.
>>> Regenerating /etc/ld.so.cache...
