 * Package:    media-libs/jbig2dec-0.17-r1
 * Repository: gentoo
 * Maintainer: graphics@gentoo.org printing@gentoo.org
 * USE:        abi_x86_64 amd64 elibc_glibc kernel_linux png test userland_GNU
 * FEATURES:   ccache network-sandbox preserve-libs sandbox userpriv usersandbox
 * FEATURES='assume-digests binpkg-docompress binpkg-dostrip binpkg-logs binpkg-multi-instance buildpkg ccache compress-index config-protect-if-modified distlocks downgrade-backup fixlafiles ipc-sandbox merge-sync multilib-strict network-sandbox news nodoc parallel-fetch parallel-install pid-sandbox preserve-libs qa-unresolved-soname-deps sandbox sfperms strict unknown-features-warn unmerge-backup unmerge-logs unmerge-orphans userfetch userpriv usersandbox usersync xattr'
 * CFLAGS='-march=znver2 -O3 -fgraphite-identity -floop-nest-optimize -fdevirtualize-at-ltrans -fipa-pta -fno-semantic-interposition -flto=12 -fno-plt -fno-signed-zeros -fno-trapping-math -fassociative-math -freciprocal-math -fno-math-errno -ffinite-math-only -fno-rounding-math -fno-signaling-nans -fcx-limited-range -fexcess-precision=fast -falign-functions=32 -fno-stack-protector -fno-stack-clash-protection -fstack-check=no -fno-stack-check -fuse-linker-plugin -pipe -g0 -Wl,-O1 -Wl,--as-needed -Wl,-z,norelro -Wl,-z,now -Wl,--sort-common -s'
 * CXXFLAGS='-march=znver2 -O3 -fgraphite-identity -floop-nest-optimize -fdevirtualize-at-ltrans -fipa-pta -fno-semantic-interposition -flto=12 -fno-plt -fno-signed-zeros -fno-trapping-math -fassociative-math -freciprocal-math -fno-math-errno -ffinite-math-only -fno-rounding-math -fno-signaling-nans -fcx-limited-range -fexcess-precision=fast -falign-functions=32 -fno-stack-protector -fno-stack-clash-protection -fstack-check=no -fno-stack-check -fuse-linker-plugin -pipe -g0 -Wl,-O1 -Wl,--as-needed -Wl,-z,norelro -Wl,-z,now -Wl,--sort-common -s'
 * FFLAGS='-march=znver2 -O3 -fgraphite-identity -floop-nest-optimize -fdevirtualize-at-ltrans -fipa-pta -fno-semantic-interposition -flto=12 -fno-plt -fno-signed-zeros -fno-trapping-math -fassociative-math -freciprocal-math -fno-math-errno -ffinite-math-only -fno-rounding-math -fno-signaling-nans -fcx-limited-range -fexcess-precision=fast -falign-functions=32 -fno-stack-protector -fno-stack-clash-protection -fstack-check=no -fno-stack-check -fuse-linker-plugin -pipe -g0 -Wl,-O1 -Wl,--as-needed -Wl,-z,norelro -Wl,-z,now -Wl,--sort-common -s'
 * FCFLAGS='-march=znver2 -O3 -fgraphite-identity -floop-nest-optimize -fdevirtualize-at-ltrans -fipa-pta -fno-semantic-interposition -flto=12 -fno-plt -fno-signed-zeros -fno-trapping-math -fassociative-math -freciprocal-math -fno-math-errno -ffinite-math-only -fno-rounding-math -fno-signaling-nans -fcx-limited-range -fexcess-precision=fast -falign-functions=32 -fno-stack-protector -fno-stack-clash-protection -fstack-check=no -fno-stack-check -fuse-linker-plugin -pipe -g0 -Wl,-O1 -Wl,--as-needed -Wl,-z,norelro -Wl,-z,now -Wl,--sort-common -s'
 * F77FLAGS='-march=znver2 -O3 -fgraphite-identity -floop-nest-optimize -fdevirtualize-at-ltrans -fipa-pta -fno-semantic-interposition -flto=12 -fno-plt -fno-signed-zeros -fno-trapping-math -fassociative-math -freciprocal-math -fno-math-errno -ffinite-math-only -fno-rounding-math -fno-signaling-nans -fcx-limited-range -fexcess-precision=fast -falign-functions=32 -fno-stack-protector -fno-stack-clash-protection -fstack-check=no -fno-stack-check -fuse-linker-plugin -pipe -g0 -Wl,-O1 -Wl,--as-needed -Wl,-z,norelro -Wl,-z,now -Wl,--sort-common -s'
 * LDFLAGS='-Wl,-O1 -Wl,--as-needed -Wl,-z,norelro -Wl,-z,now -Wl,--sort-common -s -march=znver2 -O3 -fgraphite-identity -floop-nest-optimize -fdevirtualize-at-ltrans -fipa-pta -fno-semantic-interposition -flto=12 -fno-plt -fno-signed-zeros -fno-trapping-math -fassociative-math -freciprocal-math -fno-math-errno -ffinite-math-only -fno-rounding-math -fno-signaling-nans -fcx-limited-range -fexcess-precision=fast -falign-functions=32 -fno-stack-protector -fno-stack-clash-protection -fstack-check=no -fno-stack-check -fuse-linker-plugin -pipe -g0'
 * MAKEOPTS='-j12 -l12'
 * gcc () 11.0.0 20200526 (experimental)
 * g++ () 11.0.0 20200526 (experimental)
 * GNU ld (Gentoo 2.34 p4) 2.34.0
 * Linux ryzen.gnum.org 5.4.36 #1 SMP Thu Apr 30 04:38:28 UTC 2020 x86_64 AMD Ryzen 5 3600 6-Core Processor AuthenticAMD GNU/Linux
media-libs/jbig2dec: 12 seconds average for 9 merges
2020-05-15T07:22:04 >>> media-libs/jbig2dec: 18 seconds
2020-05-15T12:42:33 >>> media-libs/jbig2dec: 17 seconds
2020-05-21T06:14:34 >>> media-libs/jbig2dec: 5 seconds
2020-05-25T22:39:01 >>> media-libs/jbig2dec: 26 seconds
2020-05-26T14:08:37 >>> media-libs/jbig2dec: 11 seconds
2020-05-27T01:46:04 >>> media-libs/jbig2dec: 8 seconds
2020-05-28T02:53:02 >>> media-libs/jbig2dec: 6 seconds
2020-05-28T14:33:10 >>> media-libs/jbig2dec: 13 seconds
2020-05-29T02:24:47 >>> media-libs/jbig2dec: 12 seconds
]0;emerge 12:37:23 48|273 jbig2dec 00:10 (root@ryzen.gnum.org)kemerge 12:37:23 48|273 jbig2dec 00:10 (root@ryzen.gnum.org)\ * Using python3.7 to build
>>> Unpacking source...
>>> Unpacking jbig2dec-0.17.tar.gz to /tmp/portage/media-libs/jbig2dec-0.17-r1/work
>>> Unpacking jb2streams.zip to /tmp/portage/media-libs/jbig2dec-0.17-r1/work
>>> Source unpacked in /tmp/portage/media-libs/jbig2dec-0.17-r1/work
>>> Preparing source in /tmp/portage/media-libs/jbig2dec-0.17-r1/work/jbig2dec-0.17 ...
 * Applying jbig2dec-0.17-fix-test_jbig2dec.py.patch ...
 [ ok ]
renamed '/tmp/portage/media-libs/jbig2dec-0.17-r1/work/042_1.jb2' -> '/tmp/portage/media-libs/jbig2dec-0.17-r1/work/ubc/042_1.jb2'
renamed '/tmp/portage/media-libs/jbig2dec-0.17-r1/work/042_10.jb2' -> '/tmp/portage/media-libs/jbig2dec-0.17-r1/work/ubc/042_10.jb2'
renamed '/tmp/portage/media-libs/jbig2dec-0.17-r1/work/042_11.jb2' -> '/tmp/portage/media-libs/jbig2dec-0.17-r1/work/ubc/042_11.jb2'
renamed '/tmp/portage/media-libs/jbig2dec-0.17-r1/work/042_12.jb2' -> '/tmp/portage/media-libs/jbig2dec-0.17-r1/work/ubc/042_12.jb2'
renamed '/tmp/portage/media-libs/jbig2dec-0.17-r1/work/042_13.jb2' -> '/tmp/portage/media-libs/jbig2dec-0.17-r1/work/ubc/042_13.jb2'
renamed '/tmp/portage/media-libs/jbig2dec-0.17-r1/work/042_14.jb2' -> '/tmp/portage/media-libs/jbig2dec-0.17-r1/work/ubc/042_14.jb2'
renamed '/tmp/portage/media-libs/jbig2dec-0.17-r1/work/042_15.jb2' -> '/tmp/portage/media-libs/jbig2dec-0.17-r1/work/ubc/042_15.jb2'
renamed '/tmp/portage/media-libs/jbig2dec-0.17-r1/work/042_16.jb2' -> '/tmp/portage/media-libs/jbig2dec-0.17-r1/work/ubc/042_16.jb2'
renamed '/tmp/portage/media-libs/jbig2dec-0.17-r1/work/042_17.jb2' -> '/tmp/portage/media-libs/jbig2dec-0.17-r1/work/ubc/042_17.jb2'
renamed '/tmp/portage/media-libs/jbig2dec-0.17-r1/work/042_18.jb2' -> '/tmp/portage/media-libs/jbig2dec-0.17-r1/work/ubc/042_18.jb2'
renamed '/tmp/portage/media-libs/jbig2dec-0.17-r1/work/042_19.jb2' -> '/tmp/portage/media-libs/jbig2dec-0.17-r1/work/ubc/042_19.jb2'
renamed '/tmp/portage/media-libs/jbig2dec-0.17-r1/work/042_2.jb2' -> '/tmp/portage/media-libs/jbig2dec-0.17-r1/work/ubc/042_2.jb2'
renamed '/tmp/portage/media-libs/jbig2dec-0.17-r1/work/042_20.jb2' -> '/tmp/portage/media-libs/jbig2dec-0.17-r1/work/ubc/042_20.jb2'
renamed '/tmp/portage/media-libs/jbig2dec-0.17-r1/work/042_21.jb2' -> '/tmp/portage/media-libs/jbig2dec-0.17-r1/work/ubc/042_21.jb2'
renamed '/tmp/portage/media-libs/jbig2dec-0.17-r1/work/042_22.jb2' -> '/tmp/portage/media-libs/jbig2dec-0.17-r1/work/ubc/042_22.jb2'
renamed '/tmp/portage/media-libs/jbig2dec-0.17-r1/work/042_23.jb2' -> '/tmp/portage/media-libs/jbig2dec-0.17-r1/work/ubc/042_23.jb2'
renamed '/tmp/portage/media-libs/jbig2dec-0.17-r1/work/042_24.jb2' -> '/tmp/portage/media-libs/jbig2dec-0.17-r1/work/ubc/042_24.jb2'
renamed '/tmp/portage/media-libs/jbig2dec-0.17-r1/work/042_25.jb2' -> '/tmp/portage/media-libs/jbig2dec-0.17-r1/work/ubc/042_25.jb2'
renamed '/tmp/portage/media-libs/jbig2dec-0.17-r1/work/042_3.jb2' -> '/tmp/portage/media-libs/jbig2dec-0.17-r1/work/ubc/042_3.jb2'
renamed '/tmp/portage/media-libs/jbig2dec-0.17-r1/work/042_4.jb2' -> '/tmp/portage/media-libs/jbig2dec-0.17-r1/work/ubc/042_4.jb2'
renamed '/tmp/portage/media-libs/jbig2dec-0.17-r1/work/042_5.jb2' -> '/tmp/portage/media-libs/jbig2dec-0.17-r1/work/ubc/042_5.jb2'
renamed '/tmp/portage/media-libs/jbig2dec-0.17-r1/work/042_6.jb2' -> '/tmp/portage/media-libs/jbig2dec-0.17-r1/work/ubc/042_6.jb2'
renamed '/tmp/portage/media-libs/jbig2dec-0.17-r1/work/042_7.jb2' -> '/tmp/portage/media-libs/jbig2dec-0.17-r1/work/ubc/042_7.jb2'
renamed '/tmp/portage/media-libs/jbig2dec-0.17-r1/work/042_8.jb2' -> '/tmp/portage/media-libs/jbig2dec-0.17-r1/work/ubc/042_8.jb2'
renamed '/tmp/portage/media-libs/jbig2dec-0.17-r1/work/042_9.jb2' -> '/tmp/portage/media-libs/jbig2dec-0.17-r1/work/ubc/042_9.jb2'
renamed '/tmp/portage/media-libs/jbig2dec-0.17-r1/work/amb_1.jb2' -> '/tmp/portage/media-libs/jbig2dec-0.17-r1/work/ubc/amb_1.jb2'
renamed '/tmp/portage/media-libs/jbig2dec-0.17-r1/work/amb_2.jb2' -> '/tmp/portage/media-libs/jbig2dec-0.17-r1/work/ubc/amb_2.jb2'
renamed '/tmp/portage/media-libs/jbig2dec-0.17-r1/work/042.bmp' -> '/tmp/portage/media-libs/jbig2dec-0.17-r1/work/ubc/042.bmp'
renamed '/tmp/portage/media-libs/jbig2dec-0.17-r1/work/amb.bmp' -> '/tmp/portage/media-libs/jbig2dec-0.17-r1/work/ubc/amb.bmp'
checking for autoconf... 
  creating config_types.h.in
 * Running eautoreconf in '/tmp/portage/media-libs/jbig2dec-0.17-r1/work/jbig2dec-0.17' ...
 * Running libtoolize --install --copy --force --automake ...
 [ ok ]
 * Running aclocal -I m4 ...
 [ ok ]
 * Running autoconf --force ...
 [ ok ]
 * Running autoheader ...
 [ ok ]
 * Running automake --add-missing --copy --foreign --force-missing ...
 [ ok ]
 * Running elibtoolize in: jbig2dec-0.17/
 *   Applying portage/1.2.0 patch ...
 *   Applying sed/1.5.6 patch ...
 *   Applying as-needed/2.4.3 patch ...
>>> Source prepared.
>>> Configuring source in /tmp/portage/media-libs/jbig2dec-0.17-r1/work/jbig2dec-0.17 ...
 * econf: updating jbig2dec-0.17/config.guess with /usr/share/gnuconfig/config.guess
 * econf: updating jbig2dec-0.17/config.sub with /usr/share/gnuconfig/config.sub
./configure --prefix=/usr --build=x86_64-pc-linux-gnu --host=x86_64-pc-linux-gnu --mandir=/usr/share/man --infodir=/usr/share/info --datadir=/usr/share --sysconfdir=/etc --localstatedir=/var/lib --disable-dependency-tracking --disable-silent-rules --docdir=/usr/share/doc/jbig2dec-0.17-r1 --htmldir=/usr/share/doc/jbig2dec-0.17-r1/html --with-sysroot=/ --libdir=/usr/lib64 --disable-static --with-libpng
checking for a BSD-compatible install... /usr/lib/portage/python3.8/ebuild-helpers/xattr/install -c
checking whether build environment is sane... yes
checking for a thread-safe mkdir -p... /bin/mkdir -p
checking for gawk... gawk
checking whether make sets $(MAKE)... yes
checking whether make supports nested variables... yes
checking for x86_64-pc-linux-gnu-gcc... x86_64-pc-linux-gnu-gcc
checking whether the C compiler works... yes
checking for C compiler default output file name... a.out
checking for suffix of executables... 
checking whether we are cross compiling... no
checking for suffix of object files... o
checking whether we are using the GNU C compiler... yes
checking whether x86_64-pc-linux-gnu-gcc accepts -g... yes
checking for x86_64-pc-linux-gnu-gcc option to accept ISO C89... none needed
checking whether x86_64-pc-linux-gnu-gcc understands -c and -o together... yes
checking whether make supports the include directive... yes (GNU style)
checking dependency style of x86_64-pc-linux-gnu-gcc... none
checking for x86_64-pc-linux-gnu-ar... x86_64-pc-linux-gnu-ar
checking the archiver (x86_64-pc-linux-gnu-ar) interface... ar
checking build system type... x86_64-pc-linux-gnu
checking host system type... x86_64-pc-linux-gnu
checking how to print strings... printf
checking for a sed that does not truncate output... /bin/sed
checking for grep that handles long lines and -e... /bin/grep
checking for egrep... /bin/grep -E
checking for fgrep... /bin/grep -F
checking for ld used by x86_64-pc-linux-gnu-gcc... /usr/x86_64-pc-linux-gnu/bin/ld
checking if the linker (/usr/x86_64-pc-linux-gnu/bin/ld) is GNU ld... yes
checking for BSD- or MS-compatible name lister (nm)... /usr/bin/x86_64-pc-linux-gnu-nm -B
checking the name lister (/usr/bin/x86_64-pc-linux-gnu-nm -B) interface... BSD nm
checking whether ln -s works... yes
checking the maximum length of command line arguments... 1572864
checking how to convert x86_64-pc-linux-gnu file names to x86_64-pc-linux-gnu format... func_convert_file_noop
checking how to convert x86_64-pc-linux-gnu file names to toolchain format... func_convert_file_noop
checking for /usr/x86_64-pc-linux-gnu/bin/ld option to reload object files... -r
checking for x86_64-pc-linux-gnu-objdump... objdump
checking how to recognize dependent libraries... pass_all
checking for x86_64-pc-linux-gnu-dlltool... dlltool
checking how to associate runtime and link libraries... printf %s\n
checking for x86_64-pc-linux-gnu-ar... (cached) x86_64-pc-linux-gnu-ar
checking for archiver @FILE support... @
checking for x86_64-pc-linux-gnu-strip... x86_64-pc-linux-gnu-strip
checking for x86_64-pc-linux-gnu-ranlib... x86_64-pc-linux-gnu-ranlib
checking command to parse /usr/bin/x86_64-pc-linux-gnu-nm -B output from x86_64-pc-linux-gnu-gcc object... ok
checking for sysroot... /
checking for a working dd... /bin/dd
checking how to truncate binary pipes... /bin/dd bs=4096 count=1
checking for x86_64-pc-linux-gnu-mt... no
checking for mt... no
checking if : is a manifest tool... no
checking how to run the C preprocessor... x86_64-pc-linux-gnu-gcc -E
checking for ANSI C header files... yes
checking for sys/types.h... yes
checking for sys/stat.h... yes
checking for stdlib.h... yes
checking for string.h... yes
checking for memory.h... yes
checking for strings.h... yes
checking for inttypes.h... yes
checking for stdint.h... yes
checking for unistd.h... yes
checking for dlfcn.h... yes
checking for objdir... .libs
checking if x86_64-pc-linux-gnu-gcc supports -fno-rtti -fno-exceptions... no
checking for x86_64-pc-linux-gnu-gcc option to produce PIC... -fPIC -DPIC
checking if x86_64-pc-linux-gnu-gcc PIC flag -fPIC -DPIC works... yes
checking if x86_64-pc-linux-gnu-gcc static flag -static works... yes
checking if x86_64-pc-linux-gnu-gcc supports -c -o file.o... yes
checking if x86_64-pc-linux-gnu-gcc supports -c -o file.o... (cached) yes
checking whether the x86_64-pc-linux-gnu-gcc linker (/usr/x86_64-pc-linux-gnu/bin/ld -m elf_x86_64) supports shared libraries... yes
checking whether -lc should be explicitly linked in... no
checking dynamic linker characteristics... GNU/Linux ld.so
checking how to hardcode library paths into programs... immediate
checking whether stripping libraries is possible... yes
checking if libtool supports shared libraries... yes
checking whether to build shared libraries... yes
checking whether to build static libraries... no
checking for library containing pow... -lm
checking for png_create_write_struct in -lpng... yes
checking for deflate in -lz... yes
checking for ANSI C header files... (cached) yes
checking libintl.h usability... yes
checking libintl.h presence... yes
checking for libintl.h... yes
checking stddef.h usability... yes
checking stddef.h presence... yes
checking for stddef.h... yes
checking for unistd.h... (cached) yes
checking for strings.h... (cached) yes
checking size of char... 1
checking size of short... 2
checking size of int... 4
checking size of long... 8
checking for stdint.h... (cached) yes
checking for an ANSI C-conforming const... yes
checking for size_t... yes
checking whether byte ordering is bigendian... no
checking for working memcmp... yes
checking for snprintf... yes
checking for memset... yes
checking for strdup... yes
checking for getopt_long... yes
checking that generated files are newer than configure... done
configure: creating ./config.status
config.status: creating Makefile
config.status: creating config_types.h
config.status: creating jbig2dec.pc
config.status: creating config.h
config.status: executing depfiles commands
config.status: executing libtool commands
>>> Source configured.
>>> Compiling source in /tmp/portage/media-libs/jbig2dec-0.17-r1/work/jbig2dec-0.17 ...
make -j12 -l12 
make  all-am
make[1]: Entering directory '/tmp/portage/media-libs/jbig2dec-0.17-r1/work/jbig2dec-0.17'
x86_64-pc-linux-gnu-gcc -DHAVE_CONFIG_H -I.     -march=znver2 -O3 -fgraphite-identity -floop-nest-optimize -fdevirtualize-at-ltrans -fipa-pta -fno-semantic-interposition -flto=12 -fno-plt -fno-signed-zeros -fno-trapping-math -fassociative-math -freciprocal-math -fno-math-errno -ffinite-math-only -fno-rounding-math -fno-signaling-nans -fcx-limited-range -fexcess-precision=fast -falign-functions=32 -fno-stack-protector -fno-stack-clash-protection -fstack-check=no -fno-stack-check -fuse-linker-plugin -pipe -g0 -Wl,-O1 -Wl,--as-needed -Wl,-z,norelro -Wl,-z,now -Wl,--sort-common -s -Wall -c -o jbig2dec.o jbig2dec.c
x86_64-pc-linux-gnu-gcc -DHAVE_CONFIG_H -I.     -march=znver2 -O3 -fgraphite-identity -floop-nest-optimize -fdevirtualize-at-ltrans -fipa-pta -fno-semantic-interposition -flto=12 -fno-plt -fno-signed-zeros -fno-trapping-math -fassociative-math -freciprocal-math -fno-math-errno -ffinite-math-only -fno-rounding-math -fno-signaling-nans -fcx-limited-range -fexcess-precision=fast -falign-functions=32 -fno-stack-protector -fno-stack-clash-protection -fstack-check=no -fno-stack-check -fuse-linker-plugin -pipe -g0 -Wl,-O1 -Wl,--as-needed -Wl,-z,norelro -Wl,-z,now -Wl,--sort-common -s -Wall -c -o sha1.o sha1.c
/bin/sh ./libtool  --tag=CC   --mode=compile x86_64-pc-linux-gnu-gcc -DHAVE_CONFIG_H -I.     -march=znver2 -O3 -fgraphite-identity -floop-nest-optimize -fdevirtualize-at-ltrans -fipa-pta -fno-semantic-interposition -flto=12 -fno-plt -fno-signed-zeros -fno-trapping-math -fassociative-math -freciprocal-math -fno-math-errno -ffinite-math-only -fno-rounding-math -fno-signaling-nans -fcx-limited-range -fexcess-precision=fast -falign-functions=32 -fno-stack-protector -fno-stack-clash-protection -fstack-check=no -fno-stack-check -fuse-linker-plugin -pipe -g0 -Wl,-O1 -Wl,--as-needed -Wl,-z,norelro -Wl,-z,now -Wl,--sort-common -s -Wall -c -o jbig2.lo jbig2.c
/bin/sh ./libtool  --tag=CC   --mode=compile x86_64-pc-linux-gnu-gcc -DHAVE_CONFIG_H -I.     -march=znver2 -O3 -fgraphite-identity -floop-nest-optimize -fdevirtualize-at-ltrans -fipa-pta -fno-semantic-interposition -flto=12 -fno-plt -fno-signed-zeros -fno-trapping-math -fassociative-math -freciprocal-math -fno-math-errno -ffinite-math-only -fno-rounding-math -fno-signaling-nans -fcx-limited-range -fexcess-precision=fast -falign-functions=32 -fno-stack-protector -fno-stack-clash-protection -fstack-check=no -fno-stack-check -fuse-linker-plugin -pipe -g0 -Wl,-O1 -Wl,--as-needed -Wl,-z,norelro -Wl,-z,now -Wl,--sort-common -s -Wall -c -o jbig2_arith.lo jbig2_arith.c
/bin/sh ./libtool  --tag=CC   --mode=compile x86_64-pc-linux-gnu-gcc -DHAVE_CONFIG_H -I.     -march=znver2 -O3 -fgraphite-identity -floop-nest-optimize -fdevirtualize-at-ltrans -fipa-pta -fno-semantic-interposition -flto=12 -fno-plt -fno-signed-zeros -fno-trapping-math -fassociative-math -freciprocal-math -fno-math-errno -ffinite-math-only -fno-rounding-math -fno-signaling-nans -fcx-limited-range -fexcess-precision=fast -falign-functions=32 -fno-stack-protector -fno-stack-clash-protection -fstack-check=no -fno-stack-check -fuse-linker-plugin -pipe -g0 -Wl,-O1 -Wl,--as-needed -Wl,-z,norelro -Wl,-z,now -Wl,--sort-common -s -Wall -c -o jbig2_arith_int.lo jbig2_arith_int.c
/bin/sh ./libtool  --tag=CC   --mode=compile x86_64-pc-linux-gnu-gcc -DHAVE_CONFIG_H -I.     -march=znver2 -O3 -fgraphite-identity -floop-nest-optimize -fdevirtualize-at-ltrans -fipa-pta -fno-semantic-interposition -flto=12 -fno-plt -fno-signed-zeros -fno-trapping-math -fassociative-math -freciprocal-math -fno-math-errno -ffinite-math-only -fno-rounding-math -fno-signaling-nans -fcx-limited-range -fexcess-precision=fast -falign-functions=32 -fno-stack-protector -fno-stack-clash-protection -fstack-check=no -fno-stack-check -fuse-linker-plugin -pipe -g0 -Wl,-O1 -Wl,--as-needed -Wl,-z,norelro -Wl,-z,now -Wl,--sort-common -s -Wall -c -o jbig2_arith_iaid.lo jbig2_arith_iaid.c
/bin/sh ./libtool  --tag=CC   --mode=compile x86_64-pc-linux-gnu-gcc -DHAVE_CONFIG_H -I.     -march=znver2 -O3 -fgraphite-identity -floop-nest-optimize -fdevirtualize-at-ltrans -fipa-pta -fno-semantic-interposition -flto=12 -fno-plt -fno-signed-zeros -fno-trapping-math -fassociative-math -freciprocal-math -fno-math-errno -ffinite-math-only -fno-rounding-math -fno-signaling-nans -fcx-limited-range -fexcess-precision=fast -falign-functions=32 -fno-stack-protector -fno-stack-clash-protection -fstack-check=no -fno-stack-check -fuse-linker-plugin -pipe -g0 -Wl,-O1 -Wl,--as-needed -Wl,-z,norelro -Wl,-z,now -Wl,--sort-common -s -Wall -c -o jbig2_huffman.lo jbig2_huffman.c
/bin/sh ./libtool  --tag=CC   --mode=compile x86_64-pc-linux-gnu-gcc -DHAVE_CONFIG_H -I.     -march=znver2 -O3 -fgraphite-identity -floop-nest-optimize -fdevirtualize-at-ltrans -fipa-pta -fno-semantic-interposition -flto=12 -fno-plt -fno-signed-zeros -fno-trapping-math -fassociative-math -freciprocal-math -fno-math-errno -ffinite-math-only -fno-rounding-math -fno-signaling-nans -fcx-limited-range -fexcess-precision=fast -falign-functions=32 -fno-stack-protector -fno-stack-clash-protection -fstack-check=no -fno-stack-check -fuse-linker-plugin -pipe -g0 -Wl,-O1 -Wl,--as-needed -Wl,-z,norelro -Wl,-z,now -Wl,--sort-common -s -Wall -c -o jbig2_segment.lo jbig2_segment.c
/bin/sh ./libtool  --tag=CC   --mode=compile x86_64-pc-linux-gnu-gcc -DHAVE_CONFIG_H -I.     -march=znver2 -O3 -fgraphite-identity -floop-nest-optimize -fdevirtualize-at-ltrans -fipa-pta -fno-semantic-interposition -flto=12 -fno-plt -fno-signed-zeros -fno-trapping-math -fassociative-math -freciprocal-math -fno-math-errno -ffinite-math-only -fno-rounding-math -fno-signaling-nans -fcx-limited-range -fexcess-precision=fast -falign-functions=32 -fno-stack-protector -fno-stack-clash-protection -fstack-check=no -fno-stack-check -fuse-linker-plugin -pipe -g0 -Wl,-O1 -Wl,--as-needed -Wl,-z,norelro -Wl,-z,now -Wl,--sort-common -s -Wall -c -o jbig2_page.lo jbig2_page.c
/bin/sh ./libtool  --tag=CC   --mode=compile x86_64-pc-linux-gnu-gcc -DHAVE_CONFIG_H -I.     -march=znver2 -O3 -fgraphite-identity -floop-nest-optimize -fdevirtualize-at-ltrans -fipa-pta -fno-semantic-interposition -flto=12 -fno-plt -fno-signed-zeros -fno-trapping-math -fassociative-math -freciprocal-math -fno-math-errno -ffinite-math-only -fno-rounding-math -fno-signaling-nans -fcx-limited-range -fexcess-precision=fast -falign-functions=32 -fno-stack-protector -fno-stack-clash-protection -fstack-check=no -fno-stack-check -fuse-linker-plugin -pipe -g0 -Wl,-O1 -Wl,--as-needed -Wl,-z,norelro -Wl,-z,now -Wl,--sort-common -s -Wall -c -o jbig2_symbol_dict.lo jbig2_symbol_dict.c
/bin/sh ./libtool  --tag=CC   --mode=compile x86_64-pc-linux-gnu-gcc -DHAVE_CONFIG_H -I.     -march=znver2 -O3 -fgraphite-identity -floop-nest-optimize -fdevirtualize-at-ltrans -fipa-pta -fno-semantic-interposition -flto=12 -fno-plt -fno-signed-zeros -fno-trapping-math -fassociative-math -freciprocal-math -fno-math-errno -ffinite-math-only -fno-rounding-math -fno-signaling-nans -fcx-limited-range -fexcess-precision=fast -falign-functions=32 -fno-stack-protector -fno-stack-clash-protection -fstack-check=no -fno-stack-check -fuse-linker-plugin -pipe -g0 -Wl,-O1 -Wl,--as-needed -Wl,-z,norelro -Wl,-z,now -Wl,--sort-common -s -Wall -c -o jbig2_text.lo jbig2_text.c
/bin/sh ./libtool  --tag=CC   --mode=compile x86_64-pc-linux-gnu-gcc -DHAVE_CONFIG_H -I.     -march=znver2 -O3 -fgraphite-identity -floop-nest-optimize -fdevirtualize-at-ltrans -fipa-pta -fno-semantic-interposition -flto=12 -fno-plt -fno-signed-zeros -fno-trapping-math -fassociative-math -freciprocal-math -fno-math-errno -ffinite-math-only -fno-rounding-math -fno-signaling-nans -fcx-limited-range -fexcess-precision=fast -falign-functions=32 -fno-stack-protector -fno-stack-clash-protection -fstack-check=no -fno-stack-check -fuse-linker-plugin -pipe -g0 -Wl,-O1 -Wl,--as-needed -Wl,-z,norelro -Wl,-z,now -Wl,--sort-common -s -Wall -c -o jbig2_generic.lo jbig2_generic.c
libtool: compile:  x86_64-pc-linux-gnu-gcc -DHAVE_CONFIG_H -I. -march=znver2 -O3 -fgraphite-identity -floop-nest-optimize -fdevirtualize-at-ltrans -fipa-pta -fno-semantic-interposition -flto=12 -fno-plt -fno-signed-zeros -fno-trapping-math -fassociative-math -freciprocal-math -fno-math-errno -ffinite-math-only -fno-rounding-math -fno-signaling-nans -fcx-limited-range -fexcess-precision=fast -falign-functions=32 -fno-stack-protector -fno-stack-clash-protection -fstack-check=no -fno-stack-check -fuse-linker-plugin -pipe -g0 -Wl,-O1 -Wl,--as-needed -Wl,-z,norelro -Wl,-z,now -Wl,--sort-common -s -Wall -c jbig2_arith_iaid.c  -fPIC -DPIC -o .libs/jbig2_arith_iaid.o
libtool: compile:  x86_64-pc-linux-gnu-gcc -DHAVE_CONFIG_H -I. -march=znver2 -O3 -fgraphite-identity -floop-nest-optimize -fdevirtualize-at-ltrans -fipa-pta -fno-semantic-interposition -flto=12 -fno-plt -fno-signed-zeros -fno-trapping-math -fassociative-math -freciprocal-math -fno-math-errno -ffinite-math-only -fno-rounding-math -fno-signaling-nans -fcx-limited-range -fexcess-precision=fast -falign-functions=32 -fno-stack-protector -fno-stack-clash-protection -fstack-check=no -fno-stack-check -fuse-linker-plugin -pipe -g0 -Wl,-O1 -Wl,--as-needed -Wl,-z,norelro -Wl,-z,now -Wl,--sort-common -s -Wall -c jbig2_huffman.c  -fPIC -DPIC -o .libs/jbig2_huffman.o
libtool: compile:  x86_64-pc-linux-gnu-gcc -DHAVE_CONFIG_H -I. -march=znver2 -O3 -fgraphite-identity -floop-nest-optimize -fdevirtualize-at-ltrans -fipa-pta -fno-semantic-interposition -flto=12 -fno-plt -fno-signed-zeros -fno-trapping-math -fassociative-math -freciprocal-math -fno-math-errno -ffinite-math-only -fno-rounding-math -fno-signaling-nans -fcx-limited-range -fexcess-precision=fast -falign-functions=32 -fno-stack-protector -fno-stack-clash-protection -fstack-check=no -fno-stack-check -fuse-linker-plugin -pipe -g0 -Wl,-O1 -Wl,--as-needed -Wl,-z,norelro -Wl,-z,now -Wl,--sort-common -s -Wall -c jbig2.c  -fPIC -DPIC -o .libs/jbig2.o
libtool: compile:  x86_64-pc-linux-gnu-gcc -DHAVE_CONFIG_H -I. -march=znver2 -O3 -fgraphite-identity -floop-nest-optimize -fdevirtualize-at-ltrans -fipa-pta -fno-semantic-interposition -flto=12 -fno-plt -fno-signed-zeros -fno-trapping-math -fassociative-math -freciprocal-math -fno-math-errno -ffinite-math-only -fno-rounding-math -fno-signaling-nans -fcx-limited-range -fexcess-precision=fast -falign-functions=32 -fno-stack-protector -fno-stack-clash-protection -fstack-check=no -fno-stack-check -fuse-linker-plugin -pipe -g0 -Wl,-O1 -Wl,--as-needed -Wl,-z,norelro -Wl,-z,now -Wl,--sort-common -s -Wall -c jbig2_arith.c  -fPIC -DPIC -o .libs/jbig2_arith.o
libtool: compile:  x86_64-pc-linux-gnu-gcc -DHAVE_CONFIG_H -I. -march=znver2 -O3 -fgraphite-identity -floop-nest-optimize -fdevirtualize-at-ltrans -fipa-pta -fno-semantic-interposition -flto=12 -fno-plt -fno-signed-zeros -fno-trapping-math -fassociative-math -freciprocal-math -fno-math-errno -ffinite-math-only -fno-rounding-math -fno-signaling-nans -fcx-limited-range -fexcess-precision=fast -falign-functions=32 -fno-stack-protector -fno-stack-clash-protection -fstack-check=no -fno-stack-check -fuse-linker-plugin -pipe -g0 -Wl,-O1 -Wl,--as-needed -Wl,-z,norelro -Wl,-z,now -Wl,--sort-common -s -Wall -c jbig2_symbol_dict.c  -fPIC -DPIC -o .libs/jbig2_symbol_dict.o
libtool: compile:  x86_64-pc-linux-gnu-gcc -DHAVE_CONFIG_H -I. -march=znver2 -O3 -fgraphite-identity -floop-nest-optimize -fdevirtualize-at-ltrans -fipa-pta -fno-semantic-interposition -flto=12 -fno-plt -fno-signed-zeros -fno-trapping-math -fassociative-math -freciprocal-math -fno-math-errno -ffinite-math-only -fno-rounding-math -fno-signaling-nans -fcx-limited-range -fexcess-precision=fast -falign-functions=32 -fno-stack-protector -fno-stack-clash-protection -fstack-check=no -fno-stack-check -fuse-linker-plugin -pipe -g0 -Wl,-O1 -Wl,--as-needed -Wl,-z,norelro -Wl,-z,now -Wl,--sort-common -s -Wall -c jbig2_arith_int.c  -fPIC -DPIC -o .libs/jbig2_arith_int.o
libtool: compile:  x86_64-pc-linux-gnu-gcc -DHAVE_CONFIG_H -I. -march=znver2 -O3 -fgraphite-identity -floop-nest-optimize -fdevirtualize-at-ltrans -fipa-pta -fno-semantic-interposition -flto=12 -fno-plt -fno-signed-zeros -fno-trapping-math -fassociative-math -freciprocal-math -fno-math-errno -ffinite-math-only -fno-rounding-math -fno-signaling-nans -fcx-limited-range -fexcess-precision=fast -falign-functions=32 -fno-stack-protector -fno-stack-clash-protection -fstack-check=no -fno-stack-check -fuse-linker-plugin -pipe -g0 -Wl,-O1 -Wl,--as-needed -Wl,-z,norelro -Wl,-z,now -Wl,--sort-common -s -Wall -c jbig2_page.c  -fPIC -DPIC -o .libs/jbig2_page.o
/bin/sh ./libtool  --tag=CC   --mode=compile x86_64-pc-linux-gnu-gcc -DHAVE_CONFIG_H -I.     -march=znver2 -O3 -fgraphite-identity -floop-nest-optimize -fdevirtualize-at-ltrans -fipa-pta -fno-semantic-interposition -flto=12 -fno-plt -fno-signed-zeros -fno-trapping-math -fassociative-math -freciprocal-math -fno-math-errno -ffinite-math-only -fno-rounding-math -fno-signaling-nans -fcx-limited-range -fexcess-precision=fast -falign-functions=32 -fno-stack-protector -fno-stack-clash-protection -fstack-check=no -fno-stack-check -fuse-linker-plugin -pipe -g0 -Wl,-O1 -Wl,--as-needed -Wl,-z,norelro -Wl,-z,now -Wl,--sort-common -s -Wall -c -o jbig2_refinement.lo jbig2_refinement.c
libtool: compile:  x86_64-pc-linux-gnu-gcc -DHAVE_CONFIG_H -I. -march=znver2 -O3 -fgraphite-identity -floop-nest-optimize -fdevirtualize-at-ltrans -fipa-pta -fno-semantic-interposition -flto=12 -fno-plt -fno-signed-zeros -fno-trapping-math -fassociative-math -freciprocal-math -fno-math-errno -ffinite-math-only -fno-rounding-math -fno-signaling-nans -fcx-limited-range -fexcess-precision=fast -falign-functions=32 -fno-stack-protector -fno-stack-clash-protection -fstack-check=no -fno-stack-check -fuse-linker-plugin -pipe -g0 -Wl,-O1 -Wl,--as-needed -Wl,-z,norelro -Wl,-z,now -Wl,--sort-common -s -Wall -c jbig2_generic.c  -fPIC -DPIC -o .libs/jbig2_generic.o
libtool: compile:  x86_64-pc-linux-gnu-gcc -DHAVE_CONFIG_H -I. -march=znver2 -O3 -fgraphite-identity -floop-nest-optimize -fdevirtualize-at-ltrans -fipa-pta -fno-semantic-interposition -flto=12 -fno-plt -fno-signed-zeros -fno-trapping-math -fassociative-math -freciprocal-math -fno-math-errno -ffinite-math-only -fno-rounding-math -fno-signaling-nans -fcx-limited-range -fexcess-precision=fast -falign-functions=32 -fno-stack-protector -fno-stack-clash-protection -fstack-check=no -fno-stack-check -fuse-linker-plugin -pipe -g0 -Wl,-O1 -Wl,--as-needed -Wl,-z,norelro -Wl,-z,now -Wl,--sort-common -s -Wall -c jbig2_segment.c  -fPIC -DPIC -o .libs/jbig2_segment.o
libtool: compile:  x86_64-pc-linux-gnu-gcc -DHAVE_CONFIG_H -I. -march=znver2 -O3 -fgraphite-identity -floop-nest-optimize -fdevirtualize-at-ltrans -fipa-pta -fno-semantic-interposition -flto=12 -fno-plt -fno-signed-zeros -fno-trapping-math -fassociative-math -freciprocal-math -fno-math-errno -ffinite-math-only -fno-rounding-math -fno-signaling-nans -fcx-limited-range -fexcess-precision=fast -falign-functions=32 -fno-stack-protector -fno-stack-clash-protection -fstack-check=no -fno-stack-check -fuse-linker-plugin -pipe -g0 -Wl,-O1 -Wl,--as-needed -Wl,-z,norelro -Wl,-z,now -Wl,--sort-common -s -Wall -c jbig2_text.c  -fPIC -DPIC -o .libs/jbig2_text.o
/bin/sh ./libtool  --tag=CC   --mode=compile x86_64-pc-linux-gnu-gcc -DHAVE_CONFIG_H -I.     -march=znver2 -O3 -fgraphite-identity -floop-nest-optimize -fdevirtualize-at-ltrans -fipa-pta -fno-semantic-interposition -flto=12 -fno-plt -fno-signed-zeros -fno-trapping-math -fassociative-math -freciprocal-math -fno-math-errno -ffinite-math-only -fno-rounding-math -fno-signaling-nans -fcx-limited-range -fexcess-precision=fast -falign-functions=32 -fno-stack-protector -fno-stack-clash-protection -fstack-check=no -fno-stack-check -fuse-linker-plugin -pipe -g0 -Wl,-O1 -Wl,--as-needed -Wl,-z,norelro -Wl,-z,now -Wl,--sort-common -s -Wall -c -o jbig2_mmr.lo jbig2_mmr.c
/bin/sh ./libtool  --tag=CC   --mode=compile x86_64-pc-linux-gnu-gcc -DHAVE_CONFIG_H -I.     -march=znver2 -O3 -fgraphite-identity -floop-nest-optimize -fdevirtualize-at-ltrans -fipa-pta -fno-semantic-interposition -flto=12 -fno-plt -fno-signed-zeros -fno-trapping-math -fassociative-math -freciprocal-math -fno-math-errno -ffinite-math-only -fno-rounding-math -fno-signaling-nans -fcx-limited-range -fexcess-precision=fast -falign-functions=32 -fno-stack-protector -fno-stack-clash-protection -fstack-check=no -fno-stack-check -fuse-linker-plugin -pipe -g0 -Wl,-O1 -Wl,--as-needed -Wl,-z,norelro -Wl,-z,now -Wl,--sort-common -s -Wall -c -o jbig2_halftone.lo jbig2_halftone.c
/bin/sh ./libtool  --tag=CC   --mode=compile x86_64-pc-linux-gnu-gcc -DHAVE_CONFIG_H -I.     -march=znver2 -O3 -fgraphite-identity -floop-nest-optimize -fdevirtualize-at-ltrans -fipa-pta -fno-semantic-interposition -flto=12 -fno-plt -fno-signed-zeros -fno-trapping-math -fassociative-math -freciprocal-math -fno-math-errno -ffinite-math-only -fno-rounding-math -fno-signaling-nans -fcx-limited-range -fexcess-precision=fast -falign-functions=32 -fno-stack-protector -fno-stack-clash-protection -fstack-check=no -fno-stack-check -fuse-linker-plugin -pipe -g0 -Wl,-O1 -Wl,--as-needed -Wl,-z,norelro -Wl,-z,now -Wl,--sort-common -s -Wall -c -o jbig2_image.lo jbig2_image.c
libtool: compile:  x86_64-pc-linux-gnu-gcc -DHAVE_CONFIG_H -I. -march=znver2 -O3 -fgraphite-identity -floop-nest-optimize -fdevirtualize-at-ltrans -fipa-pta -fno-semantic-interposition -flto=12 -fno-plt -fno-signed-zeros -fno-trapping-math -fassociative-math -freciprocal-math -fno-math-errno -ffinite-math-only -fno-rounding-math -fno-signaling-nans -fcx-limited-range -fexcess-precision=fast -falign-functions=32 -fno-stack-protector -fno-stack-clash-protection -fstack-check=no -fno-stack-check -fuse-linker-plugin -pipe -g0 -Wl,-O1 -Wl,--as-needed -Wl,-z,norelro -Wl,-z,now -Wl,--sort-common -s -Wall -c jbig2_refinement.c  -fPIC -DPIC -o .libs/jbig2_refinement.o
/bin/sh ./libtool  --tag=CC   --mode=compile x86_64-pc-linux-gnu-gcc -DHAVE_CONFIG_H -I.     -march=znver2 -O3 -fgraphite-identity -floop-nest-optimize -fdevirtualize-at-ltrans -fipa-pta -fno-semantic-interposition -flto=12 -fno-plt -fno-signed-zeros -fno-trapping-math -fassociative-math -freciprocal-math -fno-math-errno -ffinite-math-only -fno-rounding-math -fno-signaling-nans -fcx-limited-range -fexcess-precision=fast -falign-functions=32 -fno-stack-protector -fno-stack-clash-protection -fstack-check=no -fno-stack-check -fuse-linker-plugin -pipe -g0 -Wl,-O1 -Wl,--as-needed -Wl,-z,norelro -Wl,-z,now -Wl,--sort-common -s -Wall -c -o jbig2_image_pbm.lo jbig2_image_pbm.c
libtool: compile:  x86_64-pc-linux-gnu-gcc -DHAVE_CONFIG_H -I. -march=znver2 -O3 -fgraphite-identity -floop-nest-optimize -fdevirtualize-at-ltrans -fipa-pta -fno-semantic-interposition -flto=12 -fno-plt -fno-signed-zeros -fno-trapping-math -fassociative-math -freciprocal-math -fno-math-errno -ffinite-math-only -fno-rounding-math -fno-signaling-nans -fcx-limited-range -fexcess-precision=fast -falign-functions=32 -fno-stack-protector -fno-stack-clash-protection -fstack-check=no -fno-stack-check -fuse-linker-plugin -pipe -g0 -Wl,-O1 -Wl,--as-needed -Wl,-z,norelro -Wl,-z,now -Wl,--sort-common -s -Wall -c jbig2_mmr.c  -fPIC -DPIC -o .libs/jbig2_mmr.o
/bin/sh ./libtool  --tag=CC   --mode=compile x86_64-pc-linux-gnu-gcc -DHAVE_CONFIG_H -I.     -march=znver2 -O3 -fgraphite-identity -floop-nest-optimize -fdevirtualize-at-ltrans -fipa-pta -fno-semantic-interposition -flto=12 -fno-plt -fno-signed-zeros -fno-trapping-math -fassociative-math -freciprocal-math -fno-math-errno -ffinite-math-only -fno-rounding-math -fno-signaling-nans -fcx-limited-range -fexcess-precision=fast -falign-functions=32 -fno-stack-protector -fno-stack-clash-protection -fstack-check=no -fno-stack-check -fuse-linker-plugin -pipe -g0 -Wl,-O1 -Wl,--as-needed -Wl,-z,norelro -Wl,-z,now -Wl,--sort-common -s -Wall -c -o memento.lo memento.c
x86_64-pc-linux-gnu-gcc -DHAVE_CONFIG_H -I.     -march=znver2 -O3 -fgraphite-identity -floop-nest-optimize -fdevirtualize-at-ltrans -fipa-pta -fno-semantic-interposition -flto=12 -fno-plt -fno-signed-zeros -fno-trapping-math -fassociative-math -freciprocal-math -fno-math-errno -ffinite-math-only -fno-rounding-math -fno-signaling-nans -fcx-limited-range -fexcess-precision=fast -falign-functions=32 -fno-stack-protector -fno-stack-clash-protection -fstack-check=no -fno-stack-check -fuse-linker-plugin -pipe -g0 -Wl,-O1 -Wl,--as-needed -Wl,-z,norelro -Wl,-z,now -Wl,--sort-common -s -Wall -c -o jbig2_image_png.o jbig2_image_png.c
x86_64-pc-linux-gnu-gcc -DHAVE_CONFIG_H -I.    -DTEST -march=znver2 -O3 -fgraphite-identity -floop-nest-optimize -fdevirtualize-at-ltrans -fipa-pta -fno-semantic-interposition -flto=12 -fno-plt -fno-signed-zeros -fno-trapping-math -fassociative-math -freciprocal-math -fno-math-errno -ffinite-math-only -fno-rounding-math -fno-signaling-nans -fcx-limited-range -fexcess-precision=fast -falign-functions=32 -fno-stack-protector -fno-stack-clash-protection -fstack-check=no -fno-stack-check -fuse-linker-plugin -pipe -g0 -Wl,-O1 -Wl,--as-needed -Wl,-z,norelro -Wl,-z,now -Wl,--sort-common -s -Wall -c -o test_sha1-sha1.o `test -f 'sha1.c' || echo './'`sha1.c
x86_64-pc-linux-gnu-gcc -DHAVE_CONFIG_H -I.    -DTEST -march=znver2 -O3 -fgraphite-identity -floop-nest-optimize -fdevirtualize-at-ltrans -fipa-pta -fno-semantic-interposition -flto=12 -fno-plt -fno-signed-zeros -fno-trapping-math -fassociative-math -freciprocal-math -fno-math-errno -ffinite-math-only -fno-rounding-math -fno-signaling-nans -fcx-limited-range -fexcess-precision=fast -falign-functions=32 -fno-stack-protector -fno-stack-clash-protection -fstack-check=no -fno-stack-check -fuse-linker-plugin -pipe -g0 -Wl,-O1 -Wl,--as-needed -Wl,-z,norelro -Wl,-z,now -Wl,--sort-common -s -Wall -c -o test_huffman-jbig2_huffman.o `test -f 'jbig2_huffman.c' || echo './'`jbig2_huffman.c
x86_64-pc-linux-gnu-gcc -DHAVE_CONFIG_H -I.    -DTEST -march=znver2 -O3 -fgraphite-identity -floop-nest-optimize -fdevirtualize-at-ltrans -fipa-pta -fno-semantic-interposition -flto=12 -fno-plt -fno-signed-zeros -fno-trapping-math -fassociative-math -freciprocal-math -fno-math-errno -ffinite-math-only -fno-rounding-math -fno-signaling-nans -fcx-limited-range -fexcess-precision=fast -falign-functions=32 -fno-stack-protector -fno-stack-clash-protection -fstack-check=no -fno-stack-check -fuse-linker-plugin -pipe -g0 -Wl,-O1 -Wl,--as-needed -Wl,-z,norelro -Wl,-z,now -Wl,--sort-common -s -Wall -c -o test_arith-jbig2_arith.o `test -f 'jbig2_arith.c' || echo './'`jbig2_arith.c
libtool: compile:  x86_64-pc-linux-gnu-gcc -DHAVE_CONFIG_H -I. -march=znver2 -O3 -fgraphite-identity -floop-nest-optimize -fdevirtualize-at-ltrans -fipa-pta -fno-semantic-interposition -flto=12 -fno-plt -fno-signed-zeros -fno-trapping-math -fassociative-math -freciprocal-math -fno-math-errno -ffinite-math-only -fno-rounding-math -fno-signaling-nans -fcx-limited-range -fexcess-precision=fast -falign-functions=32 -fno-stack-protector -fno-stack-clash-protection -fstack-check=no -fno-stack-check -fuse-linker-plugin -pipe -g0 -Wl,-O1 -Wl,--as-needed -Wl,-z,norelro -Wl,-z,now -Wl,--sort-common -s -Wall -c jbig2_halftone.c  -fPIC -DPIC -o .libs/jbig2_halftone.o
libtool: compile:  x86_64-pc-linux-gnu-gcc -DHAVE_CONFIG_H -I. -march=znver2 -O3 -fgraphite-identity -floop-nest-optimize -fdevirtualize-at-ltrans -fipa-pta -fno-semantic-interposition -flto=12 -fno-plt -fno-signed-zeros -fno-trapping-math -fassociative-math -freciprocal-math -fno-math-errno -ffinite-math-only -fno-rounding-math -fno-signaling-nans -fcx-limited-range -fexcess-precision=fast -falign-functions=32 -fno-stack-protector -fno-stack-clash-protection -fstack-check=no -fno-stack-check -fuse-linker-plugin -pipe -g0 -Wl,-O1 -Wl,--as-needed -Wl,-z,norelro -Wl,-z,now -Wl,--sort-common -s -Wall -c jbig2_image.c  -fPIC -DPIC -o .libs/jbig2_image.o
libtool: compile:  x86_64-pc-linux-gnu-gcc -DHAVE_CONFIG_H -I. -march=znver2 -O3 -fgraphite-identity -floop-nest-optimize -fdevirtualize-at-ltrans -fipa-pta -fno-semantic-interposition -flto=12 -fno-plt -fno-signed-zeros -fno-trapping-math -fassociative-math -freciprocal-math -fno-math-errno -ffinite-math-only -fno-rounding-math -fno-signaling-nans -fcx-limited-range -fexcess-precision=fast -falign-functions=32 -fno-stack-protector -fno-stack-clash-protection -fstack-check=no -fno-stack-check -fuse-linker-plugin -pipe -g0 -Wl,-O1 -Wl,--as-needed -Wl,-z,norelro -Wl,-z,now -Wl,--sort-common -s -Wall -c jbig2_image_pbm.c  -fPIC -DPIC -o .libs/jbig2_image_pbm.o
libtool: compile:  x86_64-pc-linux-gnu-gcc -DHAVE_CONFIG_H -I. -march=znver2 -O3 -fgraphite-identity -floop-nest-optimize -fdevirtualize-at-ltrans -fipa-pta -fno-semantic-interposition -flto=12 -fno-plt -fno-signed-zeros -fno-trapping-math -fassociative-math -freciprocal-math -fno-math-errno -ffinite-math-only -fno-rounding-math -fno-signaling-nans -fcx-limited-range -fexcess-precision=fast -falign-functions=32 -fno-stack-protector -fno-stack-clash-protection -fstack-check=no -fno-stack-check -fuse-linker-plugin -pipe -g0 -Wl,-O1 -Wl,--as-needed -Wl,-z,norelro -Wl,-z,now -Wl,--sort-common -s -Wall -c memento.c  -fPIC -DPIC -o .libs/memento.o
/bin/sh ./libtool  --tag=CC   --mode=link x86_64-pc-linux-gnu-gcc -DTEST -march=znver2 -O3 -fgraphite-identity -floop-nest-optimize -fdevirtualize-at-ltrans -fipa-pta -fno-semantic-interposition -flto=12 -fno-plt -fno-signed-zeros -fno-trapping-math -fassociative-math -freciprocal-math -fno-math-errno -ffinite-math-only -fno-rounding-math -fno-signaling-nans -fcx-limited-range -fexcess-precision=fast -falign-functions=32 -fno-stack-protector -fno-stack-clash-protection -fstack-check=no -fno-stack-check -fuse-linker-plugin -pipe -g0 -Wl,-O1 -Wl,--as-needed -Wl,-z,norelro -Wl,-z,now -Wl,--sort-common -s -Wall  -Wl,-O1 -Wl,--as-needed -Wl,-z,norelro -Wl,-z,now -Wl,--sort-common -s -march=znver2 -O3 -fgraphite-identity -floop-nest-optimize -fdevirtualize-at-ltrans -fipa-pta -fno-semantic-interposition -flto=12 -fno-plt -fno-signed-zeros -fno-trapping-math -fassociative-math -freciprocal-math -fno-math-errno -ffinite-math-only -fno-rounding-math -fno-signaling-nans -fcx-limited-range -fexcess-precision=fast -falign-functions=32 -fno-stack-protector -fno-stack-clash-protection -fstack-check=no -fno-stack-check -fuse-linker-plugin -pipe -g0 -o test_sha1 test_sha1-sha1.o  -lm 
/bin/sh ./libtool  --tag=CC   --mode=link x86_64-pc-linux-gnu-gcc  -march=znver2 -O3 -fgraphite-identity -floop-nest-optimize -fdevirtualize-at-ltrans -fipa-pta -fno-semantic-interposition -flto=12 -fno-plt -fno-signed-zeros -fno-trapping-math -fassociative-math -freciprocal-math -fno-math-errno -ffinite-math-only -fno-rounding-math -fno-signaling-nans -fcx-limited-range -fexcess-precision=fast -falign-functions=32 -fno-stack-protector -fno-stack-clash-protection -fstack-check=no -fno-stack-check -fuse-linker-plugin -pipe -g0 -Wl,-O1 -Wl,--as-needed -Wl,-z,norelro -Wl,-z,now -Wl,--sort-common -s -Wall -version-info 0:0:0 -no-undefined -Wl,-O1 -Wl,--as-needed -Wl,-z,norelro -Wl,-z,now -Wl,--sort-common -s -march=znver2 -O3 -fgraphite-identity -floop-nest-optimize -fdevirtualize-at-ltrans -fipa-pta -fno-semantic-interposition -flto=12 -fno-plt -fno-signed-zeros -fno-trapping-math -fassociative-math -freciprocal-math -fno-math-errno -ffinite-math-only -fno-rounding-math -fno-signaling-nans -fcx-limited-range -fexcess-precision=fast -falign-functions=32 -fno-stack-protector -fno-stack-clash-protection -fstack-check=no -fno-stack-check -fuse-linker-plugin -pipe -g0 -o libjbig2dec.la -rpath /usr/lib64 jbig2.lo jbig2_arith.lo jbig2_arith_int.lo jbig2_arith_iaid.lo jbig2_huffman.lo jbig2_segment.lo jbig2_page.lo jbig2_symbol_dict.lo jbig2_text.lo jbig2_generic.lo jbig2_refinement.lo jbig2_mmr.lo jbig2_halftone.lo jbig2_image.lo jbig2_image_pbm.lo memento.lo  -lm 
libtool: link: x86_64-pc-linux-gnu-gcc -DTEST -march=znver2 -O3 -fgraphite-identity -floop-nest-optimize -fdevirtualize-at-ltrans -fipa-pta -fno-semantic-interposition -flto=12 -fno-plt -fno-signed-zeros -fno-trapping-math -fassociative-math -freciprocal-math -fno-math-errno -ffinite-math-only -fno-rounding-math -fno-signaling-nans -fcx-limited-range -fexcess-precision=fast -falign-functions=32 -fno-stack-protector -fno-stack-clash-protection -fstack-check=no -fno-stack-check -fuse-linker-plugin -pipe -g0 -Wl,-O1 -Wl,-z -Wl,norelro -Wl,-z -Wl,now -Wl,--sort-common -s -Wall -Wl,-O1 -Wl,-z -Wl,norelro -Wl,-z -Wl,now -Wl,--sort-common -s -march=znver2 -O3 -fgraphite-identity -floop-nest-optimize -fdevirtualize-at-ltrans -fipa-pta -fno-semantic-interposition -flto=12 -fno-plt -fno-signed-zeros -fno-trapping-math -fassociative-math -freciprocal-math -fno-math-errno -ffinite-math-only -fno-rounding-math -fno-signaling-nans -fcx-limited-range -fexcess-precision=fast -falign-functions=32 -fno-stack-protector -fno-stack-clash-protection -fstack-check=no -fno-stack-check -fuse-linker-plugin -pipe -g0 -o test_sha1 test_sha1-sha1.o  -Wl,--as-needed -lm
libtool: link: x86_64-pc-linux-gnu-gcc -shared  -fPIC -DPIC  .libs/jbig2.o .libs/jbig2_arith.o .libs/jbig2_arith_int.o .libs/jbig2_arith_iaid.o .libs/jbig2_huffman.o .libs/jbig2_segment.o .libs/jbig2_page.o .libs/jbig2_symbol_dict.o .libs/jbig2_text.o .libs/jbig2_generic.o .libs/jbig2_refinement.o .libs/jbig2_mmr.o .libs/jbig2_halftone.o .libs/jbig2_image.o .libs/jbig2_image_pbm.o .libs/memento.o   -Wl,--as-needed -lm  -march=znver2 -O3 -flto=12 -fuse-linker-plugin -g0 -Wl,-O1 -Wl,-z -Wl,norelro -Wl,-z -Wl,now -Wl,--sort-common -Wl,-O1 -Wl,-z -Wl,norelro -Wl,-z -Wl,now -Wl,--sort-common -march=znver2 -O3 -flto=12 -fuse-linker-plugin -g0   -Wl,-soname -Wl,libjbig2dec.so.0 -o .libs/libjbig2dec.so.0.0.0
libtool: link: (cd ".libs" && rm -f "libjbig2dec.so.0" && ln -s "libjbig2dec.so.0.0.0" "libjbig2dec.so.0")
libtool: link: (cd ".libs" && rm -f "libjbig2dec.so" && ln -s "libjbig2dec.so.0.0.0" "libjbig2dec.so")
libtool: link: ( cd ".libs" && rm -f "libjbig2dec.la" && ln -s "../libjbig2dec.la" "libjbig2dec.la" )
/bin/sh ./libtool  --tag=CC   --mode=link x86_64-pc-linux-gnu-gcc  -march=znver2 -O3 -fgraphite-identity -floop-nest-optimize -fdevirtualize-at-ltrans -fipa-pta -fno-semantic-interposition -flto=12 -fno-plt -fno-signed-zeros -fno-trapping-math -fassociative-math -freciprocal-math -fno-math-errno -ffinite-math-only -fno-rounding-math -fno-signaling-nans -fcx-limited-range -fexcess-precision=fast -falign-functions=32 -fno-stack-protector -fno-stack-clash-protection -fstack-check=no -fno-stack-check -fuse-linker-plugin -pipe -g0 -Wl,-O1 -Wl,--as-needed -Wl,-z,norelro -Wl,-z,now -Wl,--sort-common -s -Wall  -Wl,-O1 -Wl,--as-needed -Wl,-z,norelro -Wl,-z,now -Wl,--sort-common -s -march=znver2 -O3 -fgraphite-identity -floop-nest-optimize -fdevirtualize-at-ltrans -fipa-pta -fno-semantic-interposition -flto=12 -fno-plt -fno-signed-zeros -fno-trapping-math -fassociative-math -freciprocal-math -fno-math-errno -ffinite-math-only -fno-rounding-math -fno-signaling-nans -fcx-limited-range -fexcess-precision=fast -falign-functions=32 -fno-stack-protector -fno-stack-clash-protection -fstack-check=no -fno-stack-check -fuse-linker-plugin -pipe -g0 -o jbig2dec jbig2dec.o sha1.o libjbig2dec.la  jbig2_image_png.o -lpng -lz -lm 
/bin/sh ./libtool  --tag=CC   --mode=link x86_64-pc-linux-gnu-gcc -DTEST -march=znver2 -O3 -fgraphite-identity -floop-nest-optimize -fdevirtualize-at-ltrans -fipa-pta -fno-semantic-interposition -flto=12 -fno-plt -fno-signed-zeros -fno-trapping-math -fassociative-math -freciprocal-math -fno-math-errno -ffinite-math-only -fno-rounding-math -fno-signaling-nans -fcx-limited-range -fexcess-precision=fast -falign-functions=32 -fno-stack-protector -fno-stack-clash-protection -fstack-check=no -fno-stack-check -fuse-linker-plugin -pipe -g0 -Wl,-O1 -Wl,--as-needed -Wl,-z,norelro -Wl,-z,now -Wl,--sort-common -s -Wall  -Wl,-O1 -Wl,--as-needed -Wl,-z,norelro -Wl,-z,now -Wl,--sort-common -s -march=znver2 -O3 -fgraphite-identity -floop-nest-optimize -fdevirtualize-at-ltrans -fipa-pta -fno-semantic-interposition -flto=12 -fno-plt -fno-signed-zeros -fno-trapping-math -fassociative-math -freciprocal-math -fno-math-errno -ffinite-math-only -fno-rounding-math -fno-signaling-nans -fcx-limited-range -fexcess-precision=fast -falign-functions=32 -fno-stack-protector -fno-stack-clash-protection -fstack-check=no -fno-stack-check -fuse-linker-plugin -pipe -g0 -o test_huffman test_huffman-jbig2_huffman.o libjbig2dec.la -lm 
/bin/sh ./libtool  --tag=CC   --mode=link x86_64-pc-linux-gnu-gcc -DTEST -march=znver2 -O3 -fgraphite-identity -floop-nest-optimize -fdevirtualize-at-ltrans -fipa-pta -fno-semantic-interposition -flto=12 -fno-plt -fno-signed-zeros -fno-trapping-math -fassociative-math -freciprocal-math -fno-math-errno -ffinite-math-only -fno-rounding-math -fno-signaling-nans -fcx-limited-range -fexcess-precision=fast -falign-functions=32 -fno-stack-protector -fno-stack-clash-protection -fstack-check=no -fno-stack-check -fuse-linker-plugin -pipe -g0 -Wl,-O1 -Wl,--as-needed -Wl,-z,norelro -Wl,-z,now -Wl,--sort-common -s -Wall  -Wl,-O1 -Wl,--as-needed -Wl,-z,norelro -Wl,-z,now -Wl,--sort-common -s -march=znver2 -O3 -fgraphite-identity -floop-nest-optimize -fdevirtualize-at-ltrans -fipa-pta -fno-semantic-interposition -flto=12 -fno-plt -fno-signed-zeros -fno-trapping-math -fassociative-math -freciprocal-math -fno-math-errno -ffinite-math-only -fno-rounding-math -fno-signaling-nans -fcx-limited-range -fexcess-precision=fast -falign-functions=32 -fno-stack-protector -fno-stack-clash-protection -fstack-check=no -fno-stack-check -fuse-linker-plugin -pipe -g0 -o test_arith test_arith-jbig2_arith.o libjbig2dec.la -lm 
libtool: link: x86_64-pc-linux-gnu-gcc -march=znver2 -O3 -fgraphite-identity -floop-nest-optimize -fdevirtualize-at-ltrans -fipa-pta -fno-semantic-interposition -flto=12 -fno-plt -fno-signed-zeros -fno-trapping-math -fassociative-math -freciprocal-math -fno-math-errno -ffinite-math-only -fno-rounding-math -fno-signaling-nans -fcx-limited-range -fexcess-precision=fast -falign-functions=32 -fno-stack-protector -fno-stack-clash-protection -fstack-check=no -fno-stack-check -fuse-linker-plugin -pipe -g0 -Wl,-O1 -Wl,-z -Wl,norelro -Wl,-z -Wl,now -Wl,--sort-common -s -Wall -Wl,-O1 -Wl,-z -Wl,norelro -Wl,-z -Wl,now -Wl,--sort-common -s -march=znver2 -O3 -fgraphite-identity -floop-nest-optimize -fdevirtualize-at-ltrans -fipa-pta -fno-semantic-interposition -flto=12 -fno-plt -fno-signed-zeros -fno-trapping-math -fassociative-math -freciprocal-math -fno-math-errno -ffinite-math-only -fno-rounding-math -fno-signaling-nans -fcx-limited-range -fexcess-precision=fast -falign-functions=32 -fno-stack-protector -fno-stack-clash-protection -fstack-check=no -fno-stack-check -fuse-linker-plugin -pipe -g0 -o .libs/jbig2dec jbig2dec.o sha1.o jbig2_image_png.o  -Wl,--as-needed ./.libs/libjbig2dec.so -lpng -lz -lm
libtool: link: x86_64-pc-linux-gnu-gcc -DTEST -march=znver2 -O3 -fgraphite-identity -floop-nest-optimize -fdevirtualize-at-ltrans -fipa-pta -fno-semantic-interposition -flto=12 -fno-plt -fno-signed-zeros -fno-trapping-math -fassociative-math -freciprocal-math -fno-math-errno -ffinite-math-only -fno-rounding-math -fno-signaling-nans -fcx-limited-range -fexcess-precision=fast -falign-functions=32 -fno-stack-protector -fno-stack-clash-protection -fstack-check=no -fno-stack-check -fuse-linker-plugin -pipe -g0 -Wl,-O1 -Wl,-z -Wl,norelro -Wl,-z -Wl,now -Wl,--sort-common -s -Wall -Wl,-O1 -Wl,-z -Wl,norelro -Wl,-z -Wl,now -Wl,--sort-common -s -march=znver2 -O3 -fgraphite-identity -floop-nest-optimize -fdevirtualize-at-ltrans -fipa-pta -fno-semantic-interposition -flto=12 -fno-plt -fno-signed-zeros -fno-trapping-math -fassociative-math -freciprocal-math -fno-math-errno -ffinite-math-only -fno-rounding-math -fno-signaling-nans -fcx-limited-range -fexcess-precision=fast -falign-functions=32 -fno-stack-protector -fno-stack-clash-protection -fstack-check=no -fno-stack-check -fuse-linker-plugin -pipe -g0 -o .libs/test_huffman test_huffman-jbig2_huffman.o  -Wl,--as-needed ./.libs/libjbig2dec.so -lm
libtool: link: x86_64-pc-linux-gnu-gcc -DTEST -march=znver2 -O3 -fgraphite-identity -floop-nest-optimize -fdevirtualize-at-ltrans -fipa-pta -fno-semantic-interposition -flto=12 -fno-plt -fno-signed-zeros -fno-trapping-math -fassociative-math -freciprocal-math -fno-math-errno -ffinite-math-only -fno-rounding-math -fno-signaling-nans -fcx-limited-range -fexcess-precision=fast -falign-functions=32 -fno-stack-protector -fno-stack-clash-protection -fstack-check=no -fno-stack-check -fuse-linker-plugin -pipe -g0 -Wl,-O1 -Wl,-z -Wl,norelro -Wl,-z -Wl,now -Wl,--sort-common -s -Wall -Wl,-O1 -Wl,-z -Wl,norelro -Wl,-z -Wl,now -Wl,--sort-common -s -march=znver2 -O3 -fgraphite-identity -floop-nest-optimize -fdevirtualize-at-ltrans -fipa-pta -fno-semantic-interposition -flto=12 -fno-plt -fno-signed-zeros -fno-trapping-math -fassociative-math -freciprocal-math -fno-math-errno -ffinite-math-only -fno-rounding-math -fno-signaling-nans -fcx-limited-range -fexcess-precision=fast -falign-functions=32 -fno-stack-protector -fno-stack-clash-protection -fstack-check=no -fno-stack-check -fuse-linker-plugin -pipe -g0 -o .libs/test_arith test_arith-jbig2_arith.o  -Wl,--as-needed ./.libs/libjbig2dec.so -lm
[01m[Kjbig2dec.c:[m[K In function '[01m[Kmake_output_filename[m[K':
[01m[Kjbig2dec.c:373:5:[m[K [01;35m[Kwarning: [m[K'[01m[Kstrncpy[m[K' specified bound depends on the length of the source argument [[01;35m[K]8;;https://gcc.gnu.org/onlinedocs/gcc/Warning-Options.html#index-Wstringop-overflow=-Wstringop-overflow=]8;;[m[K]
  373 |     strncpy(output_filename + len, extension, strlen(extension));
      |     [01;35m[K^[m[K
make[1]: Leaving directory '/tmp/portage/media-libs/jbig2dec-0.17-r1/work/jbig2dec-0.17'
>>> Source compiled.
>>> Test phase [not enabled]: media-libs/jbig2dec-0.17-r1

>>> Install media-libs/jbig2dec-0.17-r1 into /tmp/portage/media-libs/jbig2dec-0.17-r1/image
make -j12 -l12 DESTDIR=/tmp/portage/media-libs/jbig2dec-0.17-r1/image install 
make[1]: Entering directory '/tmp/portage/media-libs/jbig2dec-0.17-r1/work/jbig2dec-0.17'
 /bin/mkdir -p '/tmp/portage/media-libs/jbig2dec-0.17-r1/image/usr/lib64'
 /bin/mkdir -p '/tmp/portage/media-libs/jbig2dec-0.17-r1/image/usr/include'
 /bin/mkdir -p '/tmp/portage/media-libs/jbig2dec-0.17-r1/image/usr/lib64/pkgconfig'
 /bin/mkdir -p '/tmp/portage/media-libs/jbig2dec-0.17-r1/image/usr/share/man/man1'
 /bin/sh ./libtool   --mode=install /usr/lib/portage/python3.8/ebuild-helpers/xattr/install -c   libjbig2dec.la '/tmp/portage/media-libs/jbig2dec-0.17-r1/image/usr/lib64'
 /usr/lib/portage/python3.8/ebuild-helpers/xattr/install -c -m 644 jbig2.h '/tmp/portage/media-libs/jbig2dec-0.17-r1/image/usr/include'
 /usr/lib/portage/python3.8/ebuild-helpers/xattr/install -c -m 644 jbig2dec.pc '/tmp/portage/media-libs/jbig2dec-0.17-r1/image/usr/lib64/pkgconfig'
 /usr/lib/portage/python3.8/ebuild-helpers/xattr/install -c -m 644 jbig2dec.1 '/tmp/portage/media-libs/jbig2dec-0.17-r1/image/usr/share/man/man1'
libtool: install: /usr/lib/portage/python3.8/ebuild-helpers/xattr/install -c .libs/libjbig2dec.so.0.0.0 /tmp/portage/media-libs/jbig2dec-0.17-r1/image/usr/lib64/libjbig2dec.so.0.0.0
libtool: install: (cd /tmp/portage/media-libs/jbig2dec-0.17-r1/image/usr/lib64 && { ln -s -f libjbig2dec.so.0.0.0 libjbig2dec.so.0 || { rm -f libjbig2dec.so.0 && ln -s libjbig2dec.so.0.0.0 libjbig2dec.so.0; }; })
libtool: install: (cd /tmp/portage/media-libs/jbig2dec-0.17-r1/image/usr/lib64 && { ln -s -f libjbig2dec.so.0.0.0 libjbig2dec.so || { rm -f libjbig2dec.so && ln -s libjbig2dec.so.0.0.0 libjbig2dec.so; }; })
libtool: install: /usr/lib/portage/python3.8/ebuild-helpers/xattr/install -c .libs/libjbig2dec.lai /tmp/portage/media-libs/jbig2dec-0.17-r1/image/usr/lib64/libjbig2dec.la
libtool: [31mwarning[m: [1mremember to run 'libtool --finish /usr/lib64'[m
 /bin/mkdir -p '/tmp/portage/media-libs/jbig2dec-0.17-r1/image/usr/bin'
  /bin/sh ./libtool   --mode=install /usr/lib/portage/python3.8/ebuild-helpers/xattr/install -c jbig2dec '/tmp/portage/media-libs/jbig2dec-0.17-r1/image/usr/bin'
libtool: [31mwarning[m: [1m'libjbig2dec.la' has not been installed in '/usr/lib64'[m
libtool: install: /usr/lib/portage/python3.8/ebuild-helpers/xattr/install -c .libs/jbig2dec /tmp/portage/media-libs/jbig2dec-0.17-r1/image/usr/bin/jbig2dec
make[1]: Leaving directory '/tmp/portage/media-libs/jbig2dec-0.17-r1/work/jbig2dec-0.17'
>>> Completed installing media-libs/jbig2dec-0.17-r1 into /tmp/portage/media-libs/jbig2dec-0.17-r1/image

 * Final size of build directory: 6932 KiB (6.7 MiB)
 * Final size of installed tree:   228 KiB



 * QA Notice: Pre-stripped files found:
 * /usr/bin/jbig2dec
strip: x86_64-pc-linux-gnu-strip --strip-unneeded -N __gentoo_check_ldflags__ -R .comment -R .GCC.command.line -R .note.gnu.gold-version
   /usr/lib64/libjbig2dec.so.0.0.0
./
./usr/
./usr/bin/
./usr/bin/jbig2dec
./usr/include/
./usr/include/jbig2.h
./usr/share/
./usr/share/man/
./usr/share/man/man1/
./usr/share/man/man1/jbig2dec.1.bz2
./usr/share/doc/
./usr/share/doc/jbig2dec-0.17-r1/
./usr/share/doc/jbig2dec-0.17-r1/README.bz2
./usr/share/doc/jbig2dec-0.17-r1/CHANGES.bz2
./usr/lib64/
./usr/lib64/libjbig2dec.so.0.0.0
./usr/lib64/libjbig2dec.so.0
./usr/lib64/libjbig2dec.so
./usr/lib64/pkgconfig/
./usr/lib64/pkgconfig/jbig2dec.pc
>>> Done.
 * checking 7 files for package collisions
>>> Merging media-libs/jbig2dec-0.17-r1 to /
 * removing unneeded *.la files
--- /usr/
--- /usr/lib64/
--- /usr/lib64/pkgconfig/
>>> /usr/lib64/pkgconfig/jbig2dec.pc
>>> /usr/lib64/libjbig2dec.so -> libjbig2dec.so.0.0.0
>>> /usr/lib64/libjbig2dec.so.0 -> libjbig2dec.so.0.0.0
>>> /usr/lib64/libjbig2dec.so.0.0.0
--- /usr/share/
--- /usr/share/man/
--- /usr/share/man/man1/
>>> /usr/share/man/man1/jbig2dec.1.bz2
--- /usr/include/
>>> /usr/include/jbig2.h
--- /usr/bin/
>>> /usr/bin/jbig2dec
>>> Safely unmerging already-installed instance...
>>> Original instance of package unmerged safely.
>>> media-libs/jbig2dec-0.17-r1 merged.
>>> Regenerating /etc/ld.so.cache...
