 * Package:    media-fonts/cantarell-0.111
 * Repository: gentoo
 * Maintainer: gnome@gentoo.org
 * USE:        X abi_x86_64 amd64 elibc_glibc kernel_linux userland_GNU
 * FEATURES:   network-sandbox preserve-libs sandbox userpriv usersandbox
 * FEATURES='assume-digests binpkg-docompress binpkg-dostrip binpkg-logs binpkg-multi-instance buildpkg cgroup compress-index config-protect-if-modified distlocks downgrade-backup fixlafiles ipc-sandbox merge-sync multilib-strict network-sandbox news nodoc parallel-fetch parallel-install pid-sandbox preserve-libs qa-unresolved-soname-deps sandbox sfperms strict unknown-features-warn unmerge-backup unmerge-logs unmerge-orphans userfetch userpriv usersandbox usersync xattr'
 * CFLAGS='-march=native -O3 -fgraphite-identity -floop-nest-optimize -fdevirtualize-at-ltrans -fipa-pta -fno-semantic-interposition -flto=12 -fno-plt -fno-math-errno -fno-trapping-math -fuse-linker-plugin -pipe -g0 -falign-functions=32 -fno-stack-protector -fno-stack-clash-protection -fstack-check=no -fno-stack-check -Wl,-O4 -Wl,--hash-style=gnu,--sort-common,--as-needed,-lgomp,-lpthread,-z,relro,-z,now'
 * CXXFLAGS='-march=native -O3 -fgraphite-identity -floop-nest-optimize -fdevirtualize-at-ltrans -fipa-pta -fno-semantic-interposition -flto=12 -fno-plt -fno-math-errno -fno-trapping-math -fuse-linker-plugin -pipe -g0 -falign-functions=32 -fno-stack-protector -fno-stack-clash-protection -fstack-check=no -fno-stack-check -Wl,-O4 -Wl,--hash-style=gnu,--sort-common,--as-needed,-lgomp,-lpthread,-z,relro,-z,now'
 * FFLAGS='-march=native -O3 -fgraphite-identity -floop-nest-optimize -fdevirtualize-at-ltrans -fipa-pta -fno-semantic-interposition -flto=12 -fno-plt -fno-math-errno -fno-trapping-math -fuse-linker-plugin -pipe -g0 -falign-functions=32 -fno-stack-protector -fno-stack-clash-protection -fstack-check=no -fno-stack-check -Wl,-O4 -Wl,--hash-style=gnu,--sort-common,--as-needed,-lgomp,-lpthread,-z,relro,-z,now'
 * FCFLAGS='-march=native -O3 -fgraphite-identity -floop-nest-optimize -fdevirtualize-at-ltrans -fipa-pta -fno-semantic-interposition -flto=12 -fno-plt -fno-math-errno -fno-trapping-math -fuse-linker-plugin -pipe -g0 -falign-functions=32 -fno-stack-protector -fno-stack-clash-protection -fstack-check=no -fno-stack-check -Wl,-O4 -Wl,--hash-style=gnu,--sort-common,--as-needed,-lgomp,-lpthread,-z,relro,-z,now'
 * F77FLAGS='-march=native -O3 -fgraphite-identity -floop-nest-optimize -fdevirtualize-at-ltrans -fipa-pta -fno-semantic-interposition -flto=12 -fno-plt -fno-math-errno -fno-trapping-math -fuse-linker-plugin -pipe -g0 -falign-functions=32 -fno-stack-protector -fno-stack-clash-protection -fstack-check=no -fno-stack-check -Wl,-O4 -Wl,--hash-style=gnu,--sort-common,--as-needed,-lgomp,-lpthread,-z,relro,-z,now'
 * LDFLAGS='-Wl,-O4 -Wl,--hash-style=gnu,--sort-common,--as-needed,-lgomp,-lpthread,-z,relro,-z,now -march=native -O3 -fgraphite-identity -floop-nest-optimize -fdevirtualize-at-ltrans -fipa-pta -fno-semantic-interposition -flto=12 -fno-plt -fno-math-errno -fno-trapping-math -fuse-linker-plugin -pipe -g0 -falign-functions=32 -fno-stack-protector -fno-stack-clash-protection -fstack-check=no -fno-stack-check'
 * MAKEOPTS='-j12 -l12'
 * gcc () 11.0.0 20200526 (experimental)
 * g++ () 11.0.0 20200526 (experimental)
 * GNU ld (Gentoo 2.34 p4) 2.34.0
 * Linux ryzen.gnum.org 5.4.36 #1 SMP Thu Apr 30 04:38:28 UTC 2020 x86_64 AMD Ryzen 5 3600 6-Core Processor AuthenticAMD GNU/Linux
]0;emerge 05:58:53 11|129 cantarell (root@ryzen.gnum.org)kemerge 05:58:53 11|129 cantarell (root@ryzen.gnum.org)\>>> Unpacking source...
>>> Unpacking cantarell-fonts-0.111.tar.xz to /tmp/portage/media-fonts/cantarell-0.111/work
>>> Source unpacked in /tmp/portage/media-fonts/cantarell-0.111/work
>>> Preparing source in /tmp/portage/media-fonts/cantarell-0.111/work/cantarell-fonts-0.111 ...
>>> Source prepared.
>>> Configuring source in /tmp/portage/media-fonts/cantarell-0.111/work/cantarell-fonts-0.111 ...
meson setup --buildtype plain --libdir lib64 --localstatedir /var/lib --prefix /usr --sysconfdir /etc --wrap-mode nodownload --build.pkg-config-path /usr/share/pkgconfig --pkg-config-path /usr/share/pkgconfig --native-file /tmp/portage/media-fonts/cantarell-0.111/temp/meson.x86_64-pc-linux-gnu.amd64.ini -Dfontsdir=/usr/share/fonts/cantarell -Duseprebuilt=true -Dbuildappstream=true /tmp/portage/media-fonts/cantarell-0.111/work/cantarell-fonts-0.111 /tmp/portage/media-fonts/cantarell-0.111/work/cantarell-0.111-build
[1mThe Meson build system[0m
Version: 0.54.2
Source dir: [1m/tmp/portage/media-fonts/cantarell-0.111/work/cantarell-fonts-0.111[0m
Build dir: [1m/tmp/portage/media-fonts/cantarell-0.111/work/cantarell-0.111-build[0m
Build type: [1mnative build[0m
Project name: [1mcantarell-fonts[0m
Project version: [1m0.111[0m
Host machine cpu family: [1mx86_64[0m
Host machine cpu: [1mx86_64[0m
Build targets in project: [1m1[0m

Found ninja-1.10.0 at /usr/bin/ninja
>>> Source configured.
>>> Compiling source in /tmp/portage/media-fonts/cantarell-0.111/work/cantarell-fonts-0.111 ...
ninja -v -j12 -l12 -C /tmp/portage/media-fonts/cantarell-0.111/work/cantarell-0.111-build
ninja: Entering directory `/tmp/portage/media-fonts/cantarell-0.111/work/cantarell-0.111-build'
[1/1] /usr/lib/python-exec/python3.8/meson --internal msgfmthelper ../cantarell-fonts-0.111/appstream/org.gnome.cantarell.metainfo.xml.in appstream/org.gnome.cantarell.metainfo.xml xml ../cantarell-fonts-0.111/appstream/./
>>> Source compiled.
>>> Test phase [not enabled]: media-fonts/cantarell-0.111

>>> Install media-fonts/cantarell-0.111 into /tmp/portage/media-fonts/cantarell-0.111/image/
ninja -v -j12 -l12 -C /tmp/portage/media-fonts/cantarell-0.111/work/cantarell-0.111-build install
ninja: Entering directory `/tmp/portage/media-fonts/cantarell-0.111/work/cantarell-0.111-build'
[0/1] /usr/lib/python-exec/python3.8/meson install --no-rebuild
Installing appstream/org.gnome.cantarell.metainfo.xml to /tmp/portage/media-fonts/cantarell-0.111/image//usr/share/metainfo
 * Creating fonts.scale & fonts.dir in cantarell
>>> Completed installing media-fonts/cantarell-0.111 into /tmp/portage/media-fonts/cantarell-0.111/image/

 * Final size of build directory: 2144 KiB (2.0 MiB)
 * Final size of installed tree:   784 KiB

./
./usr/
./usr/share/
./usr/share/fonts/
./usr/share/fonts/cantarell/
./usr/share/fonts/cantarell/Cantarell-Thin.otf
./usr/share/fonts/cantarell/Cantarell-Light.otf
./usr/share/fonts/cantarell/Cantarell-Regular.otf
./usr/share/fonts/cantarell/fonts.scale
./usr/share/fonts/cantarell/fonts.dir
./usr/share/fonts/cantarell/Cantarell-ExtraBold.otf
./usr/share/fonts/cantarell/encodings.dir
./usr/share/fonts/cantarell/Cantarell-Bold.otf
./usr/share/metainfo/
./usr/share/metainfo/org.gnome.cantarell.metainfo.xml
./usr/share/doc/
./usr/share/doc/cantarell-0.111/
./usr/share/doc/cantarell-0.111/README.md.bz2
./usr/share/doc/cantarell-0.111/NEWS.bz2
./etc/
./etc/fonts/
./etc/fonts/conf.avail/
>>> Done.
 * checking 9 files for package collisions
>>> Merging media-fonts/cantarell-0.111 to /
 * removing unneeded *.la files
--- /etc/
--- /etc/fonts/
--- /etc/fonts/conf.avail/
--- /usr/
--- /usr/share/
--- /usr/share/metainfo/
>>> /usr/share/metainfo/org.gnome.cantarell.metainfo.xml
--- /usr/share/fonts/
>>> /usr/share/fonts/cantarell/
>>> /usr/share/fonts/cantarell/Cantarell-Bold.otf
>>> /usr/share/fonts/cantarell/encodings.dir
>>> /usr/share/fonts/cantarell/Cantarell-ExtraBold.otf
>>> /usr/share/fonts/cantarell/fonts.dir
>>> /usr/share/fonts/cantarell/fonts.scale
>>> /usr/share/fonts/cantarell/Cantarell-Regular.otf
>>> /usr/share/fonts/cantarell/Cantarell-Light.otf
>>> /usr/share/fonts/cantarell/Cantarell-Thin.otf
 * The following fontconfig configuration files have been installed:
 * 
 * 
 * Use `eselect fontconfig` to enable/disable them.
 * Updating global fontcache ...
Fontconfig error: Cannot scan config file "infinality/conf.d"
 [ ok ]
>>> media-fonts/cantarell-0.111 merged.
>>> Regenerating /etc/ld.so.cache...
