>>> Extracting info
 * Package:    media-libs/fdk-aac-2.0.1
 * Repository: gentoo
 * USE:        abi_x86_64 userland_GNU examples kernel_linux amd64 elibc_glibc
 * FEATURES:   network-sandbox preserve-libs sandbox userpriv usersandbox
 * FEATURES='assume-digests binpkg-docompress binpkg-dostrip binpkg-logs binpkg-multi-instance buildpkg cgroup compress-index config-protect-if-modified distlocks downgrade-backup fixlafiles ipc-sandbox merge-sync multilib-strict network-sandbox news nodoc parallel-fetch parallel-install pid-sandbox preserve-libs qa-unresolved-soname-deps sandbox sfperms strict strict-keepdir unknown-features-warn unmerge-backup unmerge-logs unmerge-orphans userfetch userpriv usersandbox usersync xattr'
 * CFLAGS='-march=native -O3 -fgraphite-identity -floop-nest-optimize -fdevirtualize-at-ltrans -fipa-pta -fno-semantic-interposition -flto=12 -fno-plt -fno-signed-zeros -fno-trapping-math -fassociative-math -freciprocal-math -fno-math-errno -ffinite-math-only -fno-rounding-math -fno-signaling-nans -fcx-limited-range -fexcess-precision=fast -fuse-linker-plugin -pipe -g0 -falign-functions=32 -fbranch-target-load-optimize2 -fcx-fortran-rules -fno-var-tracking-assignments -freschedule-modulo-scheduled-loops -fsched-pressure -fsched-spec-load -fsched-spec-load-dangerous -fsched-stalled-insns=0 -fsched2-use-superblocks -fselective-scheduling -fselective-scheduling2 -fsel-sched-pipelining -fsel-sched-pipelining-outer-loops -ftree-lrs -maccumulate-outgoing-args -Wl,-O1 -Wl,--as-needed -Wl,-O4,--hash-style=gnu,--sort-common,--as-needed,-z,relro,-z,now,-lgomp,-lpthread'
 * CXXFLAGS='-march=native -O3 -fgraphite-identity -floop-nest-optimize -fdevirtualize-at-ltrans -fipa-pta -fno-semantic-interposition -flto=12 -fno-plt -fno-signed-zeros -fno-trapping-math -fassociative-math -freciprocal-math -fno-math-errno -ffinite-math-only -fno-rounding-math -fno-signaling-nans -fcx-limited-range -fexcess-precision=fast -fuse-linker-plugin -pipe -g0 -falign-functions=32 -fbranch-target-load-optimize2 -fcx-fortran-rules -fno-enforce-eh-specs -fnothrow-opt -fno-var-tracking-assignments -freschedule-modulo-scheduled-loops -fsched-pressure -fsched-spec-load -fsched-spec-load-dangerous -fsched-stalled-insns=0 -fsched2-use-superblocks -fselective-scheduling -fselective-scheduling2 -fsel-sched-pipelining -fsel-sched-pipelining-outer-loops -ftree-lrs -maccumulate-outgoing-args -Wl,-O1 -Wl,--as-needed -Wl,-O4,--hash-style=gnu,--sort-common,--as-needed,-z,relro,-z,now,-lgomp,-lpthread'
 * FFLAGS='-march=native -O3 -fgraphite-identity -floop-nest-optimize -fdevirtualize-at-ltrans -fipa-pta -fno-semantic-interposition -flto=12 -fno-plt -fno-signed-zeros -fno-trapping-math -fassociative-math -freciprocal-math -fno-math-errno -ffinite-math-only -fno-rounding-math -fno-signaling-nans -fcx-limited-range -fexcess-precision=fast -fuse-linker-plugin -pipe -g0 -falign-functions=32 -fbranch-target-load-optimize2 -fcx-fortran-rules -fno-var-tracking-assignments -freschedule-modulo-scheduled-loops -fsched-pressure -fsched-spec-load -fsched-spec-load-dangerous -fsched-stalled-insns=0 -fsched2-use-superblocks -fselective-scheduling -fselective-scheduling2 -fsel-sched-pipelining -fsel-sched-pipelining-outer-loops -ftree-lrs -maccumulate-outgoing-args -Wl,-O1 -Wl,--as-needed -Wl,-O4,--hash-style=gnu,--sort-common,--as-needed,-z,relro,-z,now,-lgomp,-lpthread'
 * FCFLAGS='-march=native -O3 -fgraphite-identity -floop-nest-optimize -fdevirtualize-at-ltrans -fipa-pta -fno-semantic-interposition -flto=12 -fno-plt -fno-signed-zeros -fno-trapping-math -fassociative-math -freciprocal-math -fno-math-errno -ffinite-math-only -fno-rounding-math -fno-signaling-nans -fcx-limited-range -fexcess-precision=fast -fuse-linker-plugin -pipe -g0 -falign-functions=32 -fbranch-target-load-optimize2 -fcx-fortran-rules -fno-var-tracking-assignments -freschedule-modulo-scheduled-loops -fsched-pressure -fsched-spec-load -fsched-spec-load-dangerous -fsched-stalled-insns=0 -fsched2-use-superblocks -fselective-scheduling -fselective-scheduling2 -fsel-sched-pipelining -fsel-sched-pipelining-outer-loops -ftree-lrs -maccumulate-outgoing-args -Wl,-O1 -Wl,--as-needed -Wl,-O4,--hash-style=gnu,--sort-common,--as-needed,-z,relro,-z,now,-lgomp,-lpthread'
 * F77FLAGS='-march=native -O3 -fgraphite-identity -floop-nest-optimize -fdevirtualize-at-ltrans -fipa-pta -fno-semantic-interposition -flto=12 -fno-plt -fno-signed-zeros -fno-trapping-math -fassociative-math -freciprocal-math -fno-math-errno -ffinite-math-only -fno-rounding-math -fno-signaling-nans -fcx-limited-range -fexcess-precision=fast -fuse-linker-plugin -pipe -g0 -falign-functions=32 -fbranch-target-load-optimize2 -fcx-fortran-rules -fno-var-tracking-assignments -freschedule-modulo-scheduled-loops -fsched-pressure -fsched-spec-load -fsched-spec-load-dangerous -fsched-stalled-insns=0 -fsched2-use-superblocks -fselective-scheduling -fselective-scheduling2 -fsel-sched-pipelining -fsel-sched-pipelining-outer-loops -ftree-lrs -maccumulate-outgoing-args -Wl,-O1 -Wl,--as-needed -Wl,-O4,--hash-style=gnu,--sort-common,--as-needed,-z,relro,-z,now,-lgomp,-lpthread -fno-enforce-eh-specs -fnothrow-opt'
 * LDFLAGS='-Wl,-O1 -Wl,--as-needed -Wl,-O4,--hash-style=gnu,--sort-common,--as-needed,-z,relro,-z,now,-lgomp,-lpthread -march=native -O3 -fgraphite-identity -floop-nest-optimize -fdevirtualize-at-ltrans -fipa-pta -fno-semantic-interposition -flto=12 -fno-plt -fno-signed-zeros -fno-trapping-math -fassociative-math -freciprocal-math -fno-math-errno -ffinite-math-only -fno-rounding-math -fno-signaling-nans -fcx-limited-range -fexcess-precision=fast -fuse-linker-plugin -pipe -g0 -falign-functions=32 -fbranch-target-load-optimize2 -fcx-fortran-rules -fno-enforce-eh-specs -fnothrow-opt -fno-var-tracking-assignments -freschedule-modulo-scheduled-loops -fsched-pressure -fsched-spec-load -fsched-spec-load-dangerous -fsched-stalled-insns=0 -fsched2-use-superblocks -fselective-scheduling -fselective-scheduling2 -fsel-sched-pipelining -fsel-sched-pipelining-outer-loops -ftree-lrs -maccumulate-outgoing-args'
 * MAKEOPTS='-j12 -l12'
 * gcc () 11.0.0 20200526 (experimental)
 * g++ () 11.0.0 20200526 (experimental)
 * GNU ld (Gentoo 2.34 p4) 2.34.0
 * Linux ryzen.gnum.org 5.4.36 #1 SMP Thu Apr 30 04:38:28 UTC 2020 x86_64 AMD Ryzen 5 3600 6-Core Processor AuthenticAMD GNU/Linux
media-libs/fdk-aac: 5 minutes, 16 seconds average for 14 merges
2020-05-20T07:30:17 >>> media-libs/fdk-aac: 43 seconds
2020-05-21T05:48:58 >>> media-libs/fdk-aac: 6 seconds
2020-05-22T01:54:13 >>> media-libs/fdk-aac: 7 minutes, 16 seconds
2020-05-22T02:40:48 >>> media-libs/fdk-aac: 3 minutes, 13 seconds
2020-05-22T03:05:29 >>> media-libs/fdk-aac: 8 minutes, 3 seconds
2020-05-22T12:25:01 >>> media-libs/fdk-aac: 7 minutes, 50 seconds
2020-05-23T03:26:56 >>> media-libs/fdk-aac: 7 minutes, 27 seconds
2020-05-24T22:34:59 >>> media-libs/fdk-aac: 8 minutes, 12 seconds
2020-05-24T23:22:45 >>> media-libs/fdk-aac: 9 minutes, 52 seconds
2020-05-25T03:01:52 >>> media-libs/fdk-aac: 3 minutes, 52 seconds
2020-05-25T14:37:25 >>> media-libs/fdk-aac: 4 minutes, 5 seconds
2020-05-25T18:13:16 >>> media-libs/fdk-aac: 7 minutes, 52 seconds
2020-05-25T19:52:04 >>> media-libs/fdk-aac: 4 minutes, 36 seconds
2020-05-26T12:44:12 >>> media-libs/fdk-aac: 50 seconds
]0;emerge 13:46:20 44|980 fdk-aac 04:26 (root@ryzen.gnum.org)kemerge 13:46:20 44|980 fdk-aac 04:26 (root@ryzen.gnum.org)\>>> Extracting media-libs/fdk-aac-2.0.1
 * checking 11 files for package collisions
>>> Merging media-libs/fdk-aac-2.0.1 to /
 * removing unneeded *.la files
--- /usr/
--- /usr/lib64/
>>> /usr/lib64/libfdk-aac.so.2.0.1
--- /usr/lib64/pkgconfig/
>>> /usr/lib64/pkgconfig/fdk-aac.pc
>>> /usr/lib64/libfdk-aac.so -> libfdk-aac.so.2.0.1
>>> /usr/lib64/libfdk-aac.so.2 -> libfdk-aac.so.2.0.1
--- /usr/include/
--- /usr/include/fdk-aac/
>>> /usr/include/fdk-aac/syslib_channelMapDescr.h
>>> /usr/include/fdk-aac/machine_type.h
>>> /usr/include/fdk-aac/FDK_audio.h
>>> /usr/include/fdk-aac/aacenc_lib.h
>>> /usr/include/fdk-aac/aacdecoder_lib.h
>>> /usr/include/fdk-aac/genericStds.h
--- /usr/bin/
>>> /usr/bin/fdk-aac-enc
>>> Safely unmerging already-installed instance...
>>> Original instance of package unmerged safely.
 * aac-enc was renamed to fdk-aac-enc to prevent file collision with other packages
>>> media-libs/fdk-aac-2.0.1 merged.
>>> Regenerating /etc/ld.so.cache...
