No package files given... Grabbing a set.
--- replaced obj /usr/share/vala/vapi/libcanberra.vapi
--- replaced obj /usr/share/vala/vapi/libcanberra-gtk.vapi
--- replaced dir /usr/share/vala/vapi
--- replaced dir /usr/share/vala
--- replaced obj /usr/share/gtk-doc/html/libcanberra/up.png
--- replaced obj /usr/share/gtk-doc/html/libcanberra/style.css
--- replaced obj /usr/share/gtk-doc/html/libcanberra/right.png
--- replaced obj /usr/share/gtk-doc/html/libcanberra/libcanberra.devhelp2
--- replaced obj /usr/share/gtk-doc/html/libcanberra/libcanberra-canberra.html
--- replaced obj /usr/share/gtk-doc/html/libcanberra/libcanberra-canberra-gtk.html
--- replaced obj /usr/share/gtk-doc/html/libcanberra/left.png
--- replaced obj /usr/share/gtk-doc/html/libcanberra/index.sgml
--- replaced obj /usr/share/gtk-doc/html/libcanberra/index.html
--- replaced obj /usr/share/gtk-doc/html/libcanberra/home.png
--- replaced obj /usr/share/gtk-doc/html/libcanberra/ch01.html
--- replaced dir /usr/share/gtk-doc/html/libcanberra
--- replaced dir /usr/share/gtk-doc/html
--- replaced dir /usr/share/gtk-doc
--- replaced obj /usr/share/gnome/shutdown/libcanberra-logout-sound.sh
--- replaced dir /usr/share/gnome/shutdown
--- replaced obj /usr/share/gnome/autostart/libcanberra-login-sound.desktop
--- replaced dir /usr/share/gnome/autostart
--- replaced dir /usr/share/gnome
--- replaced obj /usr/share/gdm/autostart/LoginWindow/libcanberra-ready-sound.desktop
--- replaced dir /usr/share/gdm/autostart/LoginWindow
--- replaced dir /usr/share/gdm/autostart
--- replaced dir /usr/share/gdm
--- replaced dir /usr/share
--- replaced obj /usr/lib64/pkgconfig/libcanberra.pc
--- replaced obj /usr/lib64/pkgconfig/libcanberra-gtk3.pc
--- replaced obj /usr/lib64/pkgconfig/libcanberra-gtk.pc
--- replaced dir /usr/lib64/pkgconfig
--- replaced obj /usr/lib64/libcanberra.so.0.2.5
--- replaced sym /usr/lib64/libcanberra.so.0
--- replaced sym /usr/lib64/libcanberra.so
--- replaced obj /usr/lib64/libcanberra-gtk3.so.0.1.9
--- replaced sym /usr/lib64/libcanberra-gtk3.so.0
--- replaced sym /usr/lib64/libcanberra-gtk3.so
--- replaced obj /usr/lib64/libcanberra-gtk.so.0.1.9
--- replaced sym /usr/lib64/libcanberra-gtk.so.0
--- replaced sym /usr/lib64/libcanberra-gtk.so
--- replaced obj /usr/lib64/libcanberra-0.30/libcanberra-pulse.so
--- replaced obj /usr/lib64/libcanberra-0.30/libcanberra-null.so
--- replaced obj /usr/lib64/libcanberra-0.30/libcanberra-multi.so
--- replaced obj /usr/lib64/libcanberra-0.30/libcanberra-alsa.so
--- replaced dir /usr/lib64/libcanberra-0.30
--- replaced obj /usr/lib64/gtk-3.0/modules/libcanberra-gtk3-module.so
--- replaced sym /usr/lib64/gtk-3.0/modules/libcanberra-gtk-module.so
--- replaced dir /usr/lib64/gtk-3.0/modules
--- replaced dir /usr/lib64/gtk-3.0
--- replaced obj /usr/lib64/gtk-2.0/modules/libcanberra-gtk-module.so
--- replaced dir /usr/lib64/gtk-2.0/modules
--- replaced dir /usr/lib64/gtk-2.0
--- replaced obj /usr/lib64/gnome-settings-daemon-3.0/gtk-modules/canberra-gtk-module.desktop
--- replaced dir /usr/lib64/gnome-settings-daemon-3.0/gtk-modules
--- replaced dir /usr/lib64/gnome-settings-daemon-3.0
--- replaced dir /usr/lib64
--- replaced obj /usr/include/canberra.h
--- replaced obj /usr/include/canberra-gtk.h
--- replaced dir /usr/include
--- replaced obj /usr/bin/canberra-gtk-play
--- replaced obj /usr/bin/canberra-boot
--- replaced dir /usr/bin
--- replaced dir /usr
--- replaced obj /lib/systemd/system/canberra-system-shutdown.service
--- replaced obj /lib/systemd/system/canberra-system-shutdown-reboot.service
--- replaced obj /lib/systemd/system/canberra-system-bootup.service
--- replaced dir /lib/systemd/system
--- replaced dir /lib/systemd
--- replaced dir /lib
--- replaced obj /etc/X11/xinit/xinitrc.d/40-libcanberra-gtk-module
--- replaced dir /etc/X11/xinit/xinitrc.d
--- replaced dir /etc/X11/xinit
--- replaced dir /etc/X11
--- replaced dir /etc
>>> Regenerating /etc/ld.so.cache...
