>>> Extracting info
[32;01m * [39;49;00mPackage:    media-libs/fdk-aac-2.0.1
[32;01m * [39;49;00mRepository: gentoo
[32;01m * [39;49;00mUSE:        userland_GNU abi_x86_64 elibc_glibc kernel_linux examples amd64
[32;01m * [39;49;00mFEATURES:   ccache network-sandbox preserve-libs sandbox userpriv usersandbox
 [32;01m*[0m FEATURES='assume-digests binpkg-docompress binpkg-dostrip binpkg-logs binpkg-multi-instance buildpkg ccache cgroup compress-index config-protect-if-modified distlocks downgrade-backup fixlafiles ipc-sandbox merge-sync multilib-strict network-sandbox news nodoc parallel-fetch parallel-install pid-sandbox preserve-libs qa-unresolved-soname-deps sandbox sfperms strict strict-keepdir unknown-features-warn unmerge-backup unmerge-logs unmerge-orphans userfetch userpriv usersandbox usersync xattr'
 [32;01m*[0m CFLAGS='-march=native -O3 -fdevirtualize-at-ltrans -fipa-pta -fno-semantic-interposition -fno-signed-zeros -fno-trapping-math -fassociative-math -freciprocal-math -fno-math-errno -ffinite-math-only -fno-rounding-math -fno-signaling-nans -fcx-limited-range -fexcess-precision=fast -fno-plt -fno-common -pipe -g0 -fno-stack-protector -fno-stack-clash-protection -fstack-check=no -fno-stack-check -Wl,-O4,--hash-style=gnu,--sort-common,--as-needed,-z,relro,-z,now,-lgomp,-lpthread'
 [32;01m*[0m CXXFLAGS='-march=native -O3 -fdevirtualize-at-ltrans -fipa-pta -fno-semantic-interposition -fno-signed-zeros -fno-trapping-math -fassociative-math -freciprocal-math -fno-math-errno -ffinite-math-only -fno-rounding-math -fno-signaling-nans -fcx-limited-range -fexcess-precision=fast -fno-plt -fno-common -pipe -g0 -fno-stack-protector -fno-stack-clash-protection -fstack-check=no -fno-stack-check -Wl,-O4,--hash-style=gnu,--sort-common,--as-needed,-z,relro,-z,now,-lgomp,-lpthread'
 [32;01m*[0m FFLAGS='-march=native -O3 -fdevirtualize-at-ltrans -fipa-pta -fno-semantic-interposition -fno-signed-zeros -fno-trapping-math -fassociative-math -freciprocal-math -fno-math-errno -ffinite-math-only -fno-rounding-math -fno-signaling-nans -fcx-limited-range -fexcess-precision=fast -fno-plt -fno-common -pipe -g0 -fno-stack-protector -fno-stack-clash-protection -fstack-check=no -fno-stack-check -Wl,-O4,--hash-style=gnu,--sort-common,--as-needed,-z,relro,-z,now,-lgomp,-lpthread'
 [32;01m*[0m FCFLAGS='-march=native -O3 -fdevirtualize-at-ltrans -fipa-pta -fno-semantic-interposition -fno-signed-zeros -fno-trapping-math -fassociative-math -freciprocal-math -fno-math-errno -ffinite-math-only -fno-rounding-math -fno-signaling-nans -fcx-limited-range -fexcess-precision=fast -fno-plt -fno-common -pipe -g0 -fno-stack-protector -fno-stack-clash-protection -fstack-check=no -fno-stack-check -Wl,-O4,--hash-style=gnu,--sort-common,--as-needed,-z,relro,-z,now,-lgomp,-lpthread'
 [32;01m*[0m F77FLAGS='-march=native -O3 -fdevirtualize-at-ltrans -fipa-pta -fno-semantic-interposition -fno-signed-zeros -fno-trapping-math -fassociative-math -freciprocal-math -fno-math-errno -ffinite-math-only -fno-rounding-math -fno-signaling-nans -fcx-limited-range -fexcess-precision=fast -fno-plt -fno-common -pipe -g0 -fno-stack-protector -fno-stack-clash-protection -fstack-check=no -fno-stack-check -Wl,-O4,--hash-style=gnu,--sort-common,--as-needed,-z,relro,-z,now,-lgomp,-lpthread'
 [32;01m*[0m LDFLAGS='-Wl,-O4,--hash-style=gnu,--sort-common,--as-needed,-z,relro,-z,now,-lgomp,-lpthread'
 [32;01m*[0m MAKEOPTS='-j12'
 [32;01m*[0m gcc (Gentoo 10.1.0 p1) 10.1.0
 [32;01m*[0m g++ (Gentoo 10.1.0 p1) 10.1.0
 [32;01m*[0m GNU ld (Gentoo 9999 p5) 2.34.50.20200520
 [32;01m*[0m Linux ryzen.gnum.org 5.4.36 #1 SMP Thu Apr 30 04:38:28 UTC 2020 x86_64 AMD Ryzen 5 3600 6-Core Processor AuthenticAMD GNU/Linux
[00;01mmedia-libs/[00;00m[36;01mfdk-aac[00;00m: [32;01m43[00;00m seconds average for [32;01m1[00;00m merge
2020-05-20T07:30:17 >>> [00;01mmedia-libs/[00;00m[36;01mfdk-aac[00;00m: [32;01m43[00;00m seconds
]0;emerge 05:48:59 36|1170 fdk-aac 00:43 (root@ryzen.gnum.org)>>> Extracting media-libs/fdk-aac-2.0.1
 [32;01m*[39;49;00m checking 11 files for package collisions
>>> Merging media-libs/fdk-aac-2.0.1 to /
 [32;01m*[0m removing unneeded *.la files
--- /usr/
--- /usr/lib64/
>>> /usr/lib64/libfdk-aac.so.2.0.1
--- /usr/lib64/pkgconfig/
>>> /usr/lib64/pkgconfig/fdk-aac.pc
>>> /usr/lib64/libfdk-aac.so -> libfdk-aac.so.2.0.1
>>> /usr/lib64/libfdk-aac.so.2 -> libfdk-aac.so.2.0.1
--- /usr/include/
--- /usr/include/fdk-aac/
>>> /usr/include/fdk-aac/syslib_channelMapDescr.h
>>> /usr/include/fdk-aac/machine_type.h
>>> /usr/include/fdk-aac/FDK_audio.h
>>> /usr/include/fdk-aac/aacenc_lib.h
>>> /usr/include/fdk-aac/aacdecoder_lib.h
>>> /usr/include/fdk-aac/genericStds.h
--- /usr/bin/
>>> /usr/bin/fdk-aac-enc
>>> Safely unmerging already-installed instance...
No package files given... Grabbing a set.
--- replaced obj /usr/lib64/pkgconfig/fdk-aac.pc
--- replaced dir /usr/lib64/pkgconfig
--- replaced obj /usr/lib64/libfdk-aac.so.2.0.1
--- replaced sym /usr/lib64/libfdk-aac.so.2
--- replaced sym /usr/lib64/libfdk-aac.so
--- replaced dir /usr/lib64
--- replaced obj /usr/include/fdk-aac/syslib_channelMapDescr.h
--- replaced obj /usr/include/fdk-aac/machine_type.h
--- replaced obj /usr/include/fdk-aac/genericStds.h
--- replaced obj /usr/include/fdk-aac/aacenc_lib.h
--- replaced obj /usr/include/fdk-aac/aacdecoder_lib.h
--- replaced obj /usr/include/fdk-aac/FDK_audio.h
--- replaced dir /usr/include/fdk-aac
--- replaced dir /usr/include
--- replaced dir /usr
>>> Regenerating /etc/ld.so.cache...
>>> Original instance of package unmerged safely.
 [32;01m*[0m aac-enc was renamed to fdk-aac-enc to prevent file collision with other packages
>>> media-libs/fdk-aac-2.0.1 merged.
>>> Regenerating /etc/ld.so.cache...
