>>> Extracting info
 * Package:    media-libs/libvorbis-1.3.6-r1
 * Repository: gentoo
 * USE:        amd64 userland_GNU abi_x86_64 elibc_glibc kernel_linux
 * FEATURES:   ccache preserve-libs userpriv
 * FEATURES='userpriv ccache distlocks strict fixlafiles nodoc buildpkg config-protect-if-modified xattr strict-keepdir preserve-libs cgroup compress-index qa-unresolved-soname-deps merge-sync binpkg-dostrip multilib-strict news unmerge-orphans assume-digests parallel-fetch sfperms binpkg-logs unmerge-logs ebuild-locks userfetch unknown-features-warn usersync binpkg-docompress'
 * CFLAGS='-march=znver2 -O2 -pipe -g0 -fno-semantic-interposition -fno-plt -falign-functions=32 -fno-stack-protector -fno-stack-clash-protection -fstack-check=no -fno-stack-check -Wl,-O4 -Wl,-O4,--sort-common,--as-needed,-z,norelro,-z,now,-lgomp,-lpthread'
 * CXXFLAGS='-march=znver2 -O2 -pipe -g0 -fno-semantic-interposition -fno-plt -falign-functions=32 -fno-stack-protector -fno-stack-clash-protection -fstack-check=no -fno-stack-check -Wl,-O4 -Wl,-O4,--sort-common,--as-needed,-z,norelro,-z,now,-lgomp,-lpthread'
 * FFLAGS='-march=znver2 -O2 -pipe -g0 -fno-semantic-interposition -fno-plt -falign-functions=32 -fno-stack-protector -fno-stack-clash-protection -fstack-check=no -fno-stack-check -Wl,-O4 -Wl,-O4,--sort-common,--as-needed,-z,norelro,-z,now,-lgomp,-lpthread'
 * FCFLAGS='-march=znver2 -O2 -pipe -g0 -fno-semantic-interposition -fno-plt -falign-functions=32 -fno-stack-protector -fno-stack-clash-protection -fstack-check=no -fno-stack-check -Wl,-O4 -Wl,-O4,--sort-common,--as-needed,-z,norelro,-z,now,-lgomp,-lpthread'
 * F77FLAGS='-march=znver2 -O2 -pipe -g0 -fno-semantic-interposition -fno-plt -falign-functions=32 -fno-stack-protector -fno-stack-clash-protection -fstack-check=no -fno-stack-check -Wl,-O4 -Wl,-O4,--sort-common,--as-needed,-z,norelro,-z,now,-lgomp,-lpthread'
 * LDFLAGS='-march=znver2 -O2 -pipe -g0 -fno-semantic-interposition -fno-plt -falign-functions=32 -fno-stack-protector -fno-stack-clash-protection -fstack-check=no -fno-stack-check -Wl,-O4,--sort-common,--as-needed,-z,norelro,-z,now,-lgomp,-lpthread'
 * MAKEOPTS='-j12 -l12'
 * gcc (Gentoo 11.0.0_pre9999 p1, commit 184c21bf1cd04a108ed9bd04635e7d57ac39f616) 11.0.0 20200611 (experimental)
 * g++ (Gentoo 11.0.0_pre9999 p1, commit 184c21bf1cd04a108ed9bd04635e7d57ac39f616) 11.0.0 20200611 (experimental)
 * GNU ld (Gentoo 2.34 p4) 2.34.0
 * Linux rescue 5.4.36 #1 SMP Thu Apr 30 04:38:28 UTC 2020 x86_64 AMD Ryzen 5 3600 6-Core Processor AuthenticAMD GNU/Linux
media-libs/libvorbis: 14 seconds average for 15 merges
2020-05-16T15:34:31 >>> media-libs/libvorbis: 19 seconds
2020-05-20T01:11:42 >>> media-libs/libvorbis: 5 seconds
2020-05-21T06:06:16 >>> media-libs/libvorbis: 5 seconds
2020-05-25T20:44:56 >>> media-libs/libvorbis: 27 seconds
2020-05-26T13:59:11 >>> media-libs/libvorbis: 7 seconds
2020-05-27T01:39:02 >>> media-libs/libvorbis: 6 seconds
2020-05-28T02:51:08 >>> media-libs/libvorbis: 6 seconds
2020-05-28T14:24:34 >>> media-libs/libvorbis: 6 seconds
2020-05-29T01:47:29 >>> media-libs/libvorbis: 13 seconds
2020-05-29T12:34:13 >>> media-libs/libvorbis: 29 seconds
2020-05-30T13:36:42 >>> media-libs/libvorbis: 29 seconds
2020-05-30T21:46:36 >>> media-libs/libvorbis: 6 seconds
2020-06-01T03:00:07 >>> media-libs/libvorbis: 30 seconds
2020-06-06T11:03:29 >>> media-libs/libvorbis: 30 seconds
2020-06-12T01:33:29 >>> media-libs/libvorbis: 5 seconds
]0;emerge 20:11:15 218|882 libvorbis 00:22 (root@rescue)>>> Extracting media-libs/libvorbis-1.3.6-r1
 * checking 16 files for package collisions
>>> Merging media-libs/libvorbis-1.3.6-r1 to /
 * removing unneeded *.la files
--- /usr/
--- /usr/lib64/
>>> /usr/lib64/libvorbisenc.so.2 -> libvorbisenc.so.2.0.11
--- /usr/lib64/pkgconfig/
>>> /usr/lib64/pkgconfig/vorbis.pc
>>> /usr/lib64/pkgconfig/vorbisfile.pc
>>> /usr/lib64/pkgconfig/vorbisenc.pc
>>> /usr/lib64/libvorbisfile.so -> libvorbisfile.so.3.3.7
>>> /usr/lib64/libvorbis.so.0 -> libvorbis.so.0.4.8
>>> /usr/lib64/libvorbis.so.0.4.8
>>> /usr/lib64/libvorbisfile.so.3.3.7
>>> /usr/lib64/libvorbis.so -> libvorbis.so.0.4.8
>>> /usr/lib64/libvorbisfile.so.3 -> libvorbisfile.so.3.3.7
>>> /usr/lib64/libvorbisenc.so -> libvorbisenc.so.2.0.11
>>> /usr/lib64/libvorbisenc.so.2.0.11
--- /usr/share/
--- /usr/share/aclocal/
>>> /usr/share/aclocal/vorbis.m4
--- /usr/include/
--- /usr/include/vorbis/
>>> /usr/include/vorbis/codec.h
>>> /usr/include/vorbis/vorbisfile.h
>>> /usr/include/vorbis/vorbisenc.h
>>> Safely unmerging already-installed instance...
>>> Original instance of package unmerged safely.
>>> media-libs/libvorbis-1.3.6-r1 merged.
>>> Regenerating /etc/ld.so.cache...
