No package files given... Grabbing a set.
--- replaced obj /usr/share/man/man1/img2txt.1.bz2
--- replaced obj /usr/share/man/man1/cacaview.1.bz2
--- replaced obj /usr/share/man/man1/cacaserver.1.bz2
--- replaced obj /usr/share/man/man1/cacaplay.1.bz2
--- replaced obj /usr/share/man/man1/cacafire.1.bz2
--- replaced sym /usr/share/man/man1/cacademo.1.bz2
--- replaced obj /usr/share/man/man1/caca-config.1.bz2
--- replaced dir /usr/share/man/man1
--- replaced dir /usr/share/man
--- replaced obj /usr/share/libcaca/caca.txt
--- replaced dir /usr/share/libcaca
--- replaced dir /usr/share
--- replaced obj /usr/lib64/python2.7/site-packages/caca/font.pyo
--- replaced obj /usr/lib64/python2.7/site-packages/caca/font.pyc
--- replaced obj /usr/lib64/python2.7/site-packages/caca/font.py
--- replaced obj /usr/lib64/python2.7/site-packages/caca/dither.pyo
--- replaced obj /usr/lib64/python2.7/site-packages/caca/dither.pyc
--- replaced obj /usr/lib64/python2.7/site-packages/caca/dither.py
--- replaced obj /usr/lib64/python2.7/site-packages/caca/display.pyo
--- replaced obj /usr/lib64/python2.7/site-packages/caca/display.pyc
--- replaced obj /usr/lib64/python2.7/site-packages/caca/display.py
--- replaced obj /usr/lib64/python2.7/site-packages/caca/common.pyo
--- replaced obj /usr/lib64/python2.7/site-packages/caca/common.pyc
--- replaced obj /usr/lib64/python2.7/site-packages/caca/common.py
--- replaced obj /usr/lib64/python2.7/site-packages/caca/canvas.pyo
--- replaced obj /usr/lib64/python2.7/site-packages/caca/canvas.pyc
--- replaced obj /usr/lib64/python2.7/site-packages/caca/canvas.py
--- replaced obj /usr/lib64/python2.7/site-packages/caca/__init__.pyo
--- replaced obj /usr/lib64/python2.7/site-packages/caca/__init__.pyc
--- replaced obj /usr/lib64/python2.7/site-packages/caca/__init__.py
--- replaced dir /usr/lib64/python2.7/site-packages/caca
--- replaced dir /usr/lib64/python2.7/site-packages
--- replaced dir /usr/lib64/python2.7
--- replaced obj /usr/lib64/pkgconfig/caca.pc
--- replaced obj /usr/lib64/pkgconfig/caca++.pc
--- replaced dir /usr/lib64/pkgconfig
--- replaced obj /usr/lib64/libcaca.so.0.99.19
--- replaced sym /usr/lib64/libcaca.so.0
--- replaced sym /usr/lib64/libcaca.so
--- replaced obj /usr/lib64/libcaca++.so.0.99.19
--- replaced sym /usr/lib64/libcaca++.so.0
--- replaced sym /usr/lib64/libcaca++.so
--- replaced dir /usr/lib64
--- replaced obj /usr/include/caca_types.h
--- replaced obj /usr/include/caca_conio.h
--- replaced obj /usr/include/caca0.h
--- replaced obj /usr/include/caca.h
--- replaced obj /usr/include/caca++.h
--- replaced dir /usr/include
--- replaced obj /usr/bin/img2txt
--- replaced obj /usr/bin/cacaview
--- replaced obj /usr/bin/cacaserver
--- replaced obj /usr/bin/cacaplay
--- replaced obj /usr/bin/cacafire
--- replaced obj /usr/bin/cacademo
--- replaced obj /usr/bin/cacaclock
--- replaced obj /usr/bin/caca-config
--- replaced dir /usr/bin
--- replaced dir /usr
>>> Regenerating /etc/ld.so.cache...
