No package files given... Grabbing a set.
<<<          obj /usr/lib64/pkgconfig/ftgl.pc
<<<          obj /usr/lib64/libftgl.so.2.1.3
<<<          sym /usr/lib64/libftgl.so.2
<<<          sym /usr/lib64/libftgl.so
<<<          obj /usr/include/FTGL/ftgl.h
<<<          obj /usr/include/FTGL/FTTextureGlyph.h
<<<          obj /usr/include/FTGL/FTSimpleLayout.h
<<<          obj /usr/include/FTGL/FTPolyGlyph.h
<<<          obj /usr/include/FTGL/FTPoint.h
<<<          obj /usr/include/FTGL/FTPixmapGlyph.h
<<<          obj /usr/include/FTGL/FTOutlineGlyph.h
<<<          obj /usr/include/FTGL/FTLayout.h
<<<          obj /usr/include/FTGL/FTGlyph.h
<<<          obj /usr/include/FTGL/FTGLTextureFont.h
<<<          obj /usr/include/FTGL/FTGLPolygonFont.h
<<<          obj /usr/include/FTGL/FTGLPixmapFont.h
<<<          obj /usr/include/FTGL/FTGLOutlineFont.h
<<<          obj /usr/include/FTGL/FTGLExtrdFont.h
<<<          obj /usr/include/FTGL/FTGLBitmapFont.h
<<<          obj /usr/include/FTGL/FTFont.h
<<<          obj /usr/include/FTGL/FTExtrdGlyph.h
<<<          obj /usr/include/FTGL/FTBufferGlyph.h
<<<          obj /usr/include/FTGL/FTBufferFont.h
<<<          obj /usr/include/FTGL/FTBuffer.h
<<<          obj /usr/include/FTGL/FTBitmapGlyph.h
<<<          obj /usr/include/FTGL/FTBBox.h
--- !empty   dir /usr/lib64/pkgconfig
--- !empty   dir /usr/lib64
<<<          dir /usr/include/FTGL
--- !empty   dir /usr/include
--- !empty   dir /usr
>>> Regenerating /etc/ld.so.cache...
