No package files given... Grabbing a set.
<<<          obj /usr/share/pixmaps/org.fontforge.FontForge.xpm
<<<          obj /usr/share/pixmaps/org.fontforge.FontForge.png
<<<          obj /usr/share/mime/packages/fontforge.xml
<<<          obj /usr/share/metainfo/org.fontforge.FontForge.appdata.xml
<<<          obj /usr/share/man/man1/sfddiff.1.bz2
<<<          obj /usr/share/man/man1/fontlint.1.bz2
<<<          obj /usr/share/man/man1/fontimage.1.bz2
<<<          obj /usr/share/man/man1/fontforge.1.bz2
<<<          obj /usr/share/locale/zh_TW/LC_MESSAGES/FontForge.mo
<<<          obj /usr/share/locale/zh_CN/LC_MESSAGES/FontForge.mo
<<<          obj /usr/share/locale/vi/LC_MESSAGES/FontForge.mo
<<<          obj /usr/share/locale/uk/LC_MESSAGES/FontForge.mo
<<<          obj /usr/share/locale/ru/LC_MESSAGES/FontForge.mo
<<<          obj /usr/share/locale/pt/LC_MESSAGES/FontForge.mo
<<<          obj /usr/share/locale/pl/LC_MESSAGES/FontForge.mo
<<<          obj /usr/share/locale/ml/LC_MESSAGES/FontForge.mo
<<<          obj /usr/share/locale/ko/LC_MESSAGES/FontForge.mo
<<<          obj /usr/share/locale/ja/LC_MESSAGES/FontForge.mo
<<<          obj /usr/share/locale/it/LC_MESSAGES/FontForge.mo
<<<          obj /usr/share/locale/hr/LC_MESSAGES/FontForge.mo
<<<          obj /usr/share/locale/fr/LC_MESSAGES/FontForge.mo
<<<          obj /usr/share/locale/es/LC_MESSAGES/FontForge.mo
<<<          obj /usr/share/locale/en_GB/LC_MESSAGES/FontForge.mo
<<<          obj /usr/share/locale/el/LC_MESSAGES/FontForge.mo
<<<          obj /usr/share/locale/de/LC_MESSAGES/FontForge.mo
<<<          obj /usr/share/locale/ca/LC_MESSAGES/FontForge.mo
<<<          obj /usr/share/icons/hicolor/scalable/apps/org.fontforge.FontForge.svg
<<<          obj /usr/share/icons/hicolor/64x64/apps/org.fontforge.FontForge.png
<<<          obj /usr/share/icons/hicolor/512x512/apps/org.fontforge.FontForge.png
<<<          obj /usr/share/icons/hicolor/48x48/apps/org.fontforge.FontForge.png
<<<          obj /usr/share/icons/hicolor/32x32/apps/org.fontforge.FontForge.png
<<<          obj /usr/share/icons/hicolor/256x256/apps/org.fontforge.FontForge.png
<<<          obj /usr/share/icons/hicolor/24x24/apps/org.fontforge.FontForge.png
<<<          obj /usr/share/icons/hicolor/22x22/apps/org.fontforge.FontForge.png
<<<          obj /usr/share/icons/hicolor/16x16/apps/org.fontforge.FontForge.png
<<<          obj /usr/share/icons/hicolor/128x128/apps/org.fontforge.FontForge.png
<<<          obj /usr/share/fontforge/python/excepthook.py
<<<          obj /usr/share/fontforge/prefs
<<<          obj /usr/share/fontforge/pixmaps/wireframe.png
<<<          obj /usr/share/fontforge/pixmaps/viewzoomout.png
<<<          obj /usr/share/fontforge/pixmaps/viewzoomin.png
<<<          obj /usr/share/fontforge/pixmaps/viewsmallersize.png
<<<          obj /usr/share/fontforge/pixmaps/viewreplace.png
<<<          obj /usr/share/fontforge/pixmaps/viewprevdef.png
<<<          obj /usr/share/fontforge/pixmaps/viewprev.png
<<<          obj /usr/share/fontforge/pixmaps/viewpalettes.png
<<<          obj /usr/share/fontforge/pixmaps/viewnextdef.png
<<<          obj /usr/share/fontforge/pixmaps/viewnext.png
<<<          obj /usr/share/fontforge/pixmaps/viewlayers.png
<<<          obj /usr/share/fontforge/pixmaps/viewinsertbefore.png
<<<          obj /usr/share/fontforge/pixmaps/viewinsertafter.png
<<<          obj /usr/share/fontforge/pixmaps/viewgoto.png
<<<          obj /usr/share/fontforge/pixmaps/viewformer.png
<<<          obj /usr/share/fontforge/pixmaps/viewfit.png
<<<          obj /usr/share/fontforge/pixmaps/viewfindinfont.png
<<<          obj /usr/share/fontforge/pixmaps/viewbiggersize.png
<<<          obj /usr/share/fontforge/pixmaps/ttdebugwatchpnt.png
<<<          obj /usr/share/fontforge/pixmaps/ttdebugstopped.png
<<<          obj /usr/share/fontforge/pixmaps/ttdebugstop.png
<<<          obj /usr/share/fontforge/pixmaps/ttdebugstepover.png
<<<          obj /usr/share/fontforge/pixmaps/ttdebugstepout.png
<<<          obj /usr/share/fontforge/pixmaps/ttdebugstepinto.png
<<<          obj /usr/share/fontforge/pixmaps/ttdebugmenudelta.png
<<<          obj /usr/share/fontforge/pixmaps/ttdebugexit.png
<<<          obj /usr/share/fontforge/pixmaps/ttdebugcontinue.png
<<<          obj /usr/share/fontforge/pixmaps/transformskew.png
<<<          obj /usr/share/fontforge/pixmaps/transformrotatecw.png
<<<          obj /usr/share/fontforge/pixmaps/transformrotateccw.png
<<<          obj /usr/share/fontforge/pixmaps/transformrotate180.png
<<<          obj /usr/share/fontforge/pixmaps/transformflipvert.png
<<<          obj /usr/share/fontforge/pixmaps/transformfliphor.png
<<<          obj /usr/share/fontforge/pixmaps/toolsstar.png
<<<          obj /usr/share/fontforge/pixmaps/toolsspiro.png
<<<          obj /usr/share/fontforge/pixmaps/toolsskew.png
<<<          obj /usr/share/fontforge/pixmaps/toolsscroll.png
<<<          obj /usr/share/fontforge/pixmaps/toolsscale.png
<<<          obj /usr/share/fontforge/pixmaps/toolsruler.png
<<<          obj /usr/share/fontforge/pixmaps/toolsrotate.png
<<<          obj /usr/share/fontforge/pixmaps/toolsrect.png
<<<          obj /usr/share/fontforge/pixmaps/toolspolygon.png
<<<          obj /usr/share/fontforge/pixmaps/toolspointer.png
<<<          obj /usr/share/fontforge/pixmaps/toolsperspective.png
<<<          obj /usr/share/fontforge/pixmaps/toolspen.png
<<<          obj /usr/share/fontforge/pixmaps/toolsmagnify.png
<<<          obj /usr/share/fontforge/pixmaps/toolsknife.png
<<<          obj /usr/share/fontforge/pixmaps/toolsfreehand.png
<<<          obj /usr/share/fontforge/pixmaps/toolsflip.png
<<<          obj /usr/share/fontforge/pixmaps/toolselipse.png
<<<          obj /usr/share/fontforge/pixmaps/tools3drotate.png
<<<          obj /usr/share/fontforge/pixmaps/text12210.png
<<<          obj /usr/share/fontforge/pixmaps/styleswireframe.png
<<<          obj /usr/share/fontforge/pixmaps/stylessubsuper.png
<<<          obj /usr/share/fontforge/pixmaps/stylessmallcaps.png
<<<          obj /usr/share/fontforge/pixmaps/stylesshadow.png
<<<          obj /usr/share/fontforge/pixmaps/stylesoutline.png
<<<          obj /usr/share/fontforge/pixmaps/stylesoblique.png
<<<          obj /usr/share/fontforge/pixmaps/stylesitalic.png
<<<          obj /usr/share/fontforge/pixmaps/stylesinline.png
<<<          obj /usr/share/fontforge/pixmaps/stylesextendcondense.png
<<<          obj /usr/share/fontforge/pixmaps/styleschangexheight.png
<<<          obj /usr/share/fontforge/pixmaps/styleschangeweight.png
<<<          obj /usr/share/fontforge/pixmaps/skew.png
<<<          obj /usr/share/fontforge/pixmaps/shadow.png
<<<          obj /usr/share/fontforge/pixmaps/selectyellow.png
<<<          obj /usr/share/fontforge/pixmaps/selectwhite.png
<<<          obj /usr/share/fontforge/pixmaps/selectred.png
<<<          obj /usr/share/fontforge/pixmaps/selectmagenta.png
<<<          obj /usr/share/fontforge/pixmaps/selectgreen.png
<<<          obj /usr/share/fontforge/pixmaps/selectdefault.png
<<<          obj /usr/share/fontforge/pixmaps/selectcyan.png
<<<          obj /usr/share/fontforge/pixmaps/selectblue.png
<<<          obj /usr/share/fontforge/pixmaps/rotatecw.png
<<<          obj /usr/share/fontforge/pixmaps/rotateccw.png
<<<          obj /usr/share/fontforge/pixmaps/rotate180.png
<<<          obj /usr/share/fontforge/pixmaps/rmoverlap.png
<<<          obj /usr/share/fontforge/pixmaps/resources
<<<          obj /usr/share/fontforge/pixmaps/radio_on_disabled.png
<<<          obj /usr/share/fontforge/pixmaps/radio_on.png
<<<          obj /usr/share/fontforge/pixmaps/radio_off_disabled.png
<<<          obj /usr/share/fontforge/pixmaps/radio_off.png
<<<          obj /usr/share/fontforge/pixmaps/python.png
<<<          obj /usr/share/fontforge/pixmaps/ptinfotangent.png
<<<          obj /usr/share/fontforge/pixmaps/ptinfohvcurve.png
<<<          obj /usr/share/fontforge/pixmaps/ptinfocurve.png
<<<          obj /usr/share/fontforge/pixmaps/ptinfocorner.png
<<<          obj /usr/share/fontforge/pixmaps/pointstangent.png
<<<          obj /usr/share/fontforge/pixmaps/pointsspiroprev.png
<<<          obj /usr/share/fontforge/pixmaps/pointsspironext.png
<<<          obj /usr/share/fontforge/pixmaps/pointsnamepoint.png
<<<          obj /usr/share/fontforge/pixmaps/pointsnamecontour.png
<<<          obj /usr/share/fontforge/pixmaps/pointsmakeline.png
<<<          obj /usr/share/fontforge/pixmaps/pointsmakearc.png
<<<          obj /usr/share/fontforge/pixmaps/pointshvcurve.png
<<<          obj /usr/share/fontforge/pixmaps/pointscurve.png
<<<          obj /usr/share/fontforge/pixmaps/pointscorner.png
<<<          obj /usr/share/fontforge/pixmaps/pointsaddanchor.png
<<<          obj /usr/share/fontforge/pixmaps/pointsG2curve.png
<<<          obj /usr/share/fontforge/pixmaps/palettetangent.png
<<<          obj /usr/share/fontforge/pixmaps/palettetangent-selected.png
<<<          obj /usr/share/fontforge/pixmaps/palettestar.png
<<<          obj /usr/share/fontforge/pixmaps/palettestar-selected.png
<<<          obj /usr/share/fontforge/pixmaps/palettespiroup.png
<<<          obj /usr/share/fontforge/pixmaps/palettespiroup-selected.png
<<<          obj /usr/share/fontforge/pixmaps/palettespiroright.png
<<<          obj /usr/share/fontforge/pixmaps/palettespiroright-selected.png
<<<          obj /usr/share/fontforge/pixmaps/palettespiroleft.png
<<<          obj /usr/share/fontforge/pixmaps/palettespiroleft-selected.png
<<<          obj /usr/share/fontforge/pixmaps/palettespirog2curve.png
<<<          obj /usr/share/fontforge/pixmaps/palettespirog2curve-selected.png
<<<          obj /usr/share/fontforge/pixmaps/palettespirodown.png
<<<          obj /usr/share/fontforge/pixmaps/palettespirodisabled.png
<<<          obj /usr/share/fontforge/pixmaps/palettespirocurve.png
<<<          obj /usr/share/fontforge/pixmaps/palettespirocurve-selected.png
<<<          obj /usr/share/fontforge/pixmaps/palettespirocorner.png
<<<          obj /usr/share/fontforge/pixmaps/palettespirocorner-selected.png
<<<          obj /usr/share/fontforge/pixmaps/palettesmalltangent.png
<<<          obj /usr/share/fontforge/pixmaps/palettesmallstar.png
<<<          obj /usr/share/fontforge/pixmaps/palettesmallspiroright.png
<<<          obj /usr/share/fontforge/pixmaps/palettesmallspiroleft.png
<<<          obj /usr/share/fontforge/pixmaps/palettesmallspirog2curve.png
<<<          obj /usr/share/fontforge/pixmaps/palettesmallspirocurve.png
<<<          obj /usr/share/fontforge/pixmaps/palettesmallspirocorner.png
<<<          obj /usr/share/fontforge/pixmaps/palettesmallskew.png
<<<          obj /usr/share/fontforge/pixmaps/palettesmallscale.png
<<<          obj /usr/share/fontforge/pixmaps/palettesmallruler.png
<<<          obj /usr/share/fontforge/pixmaps/palettesmallrotate.png
<<<          obj /usr/share/fontforge/pixmaps/palettesmallrect.png
<<<          obj /usr/share/fontforge/pixmaps/palettesmallpoly.png
<<<          obj /usr/share/fontforge/pixmaps/palettesmallpointer.png
<<<          obj /usr/share/fontforge/pixmaps/palettesmallperspective.png
<<<          obj /usr/share/fontforge/pixmaps/palettesmallpencil.png
<<<          obj /usr/share/fontforge/pixmaps/palettesmallpen.png
<<<          obj /usr/share/fontforge/pixmaps/palettesmallmag.png
<<<          obj /usr/share/fontforge/pixmaps/palettesmallknife.png
<<<          obj /usr/share/fontforge/pixmaps/palettesmallhvcurve.png
<<<          obj /usr/share/fontforge/pixmaps/palettesmallhand.png
<<<          obj /usr/share/fontforge/pixmaps/palettesmallflip.png
<<<          obj /usr/share/fontforge/pixmaps/palettesmallelipse.png
<<<          obj /usr/share/fontforge/pixmaps/palettesmallcurve.png
<<<          obj /usr/share/fontforge/pixmaps/palettesmallcorner.png
<<<          obj /usr/share/fontforge/pixmaps/palettesmall3drotate.png
<<<          obj /usr/share/fontforge/pixmaps/paletteskew.png
<<<          obj /usr/share/fontforge/pixmaps/paletteskew-selected.png
<<<          obj /usr/share/fontforge/pixmaps/paletteshift.png
<<<          obj /usr/share/fontforge/pixmaps/paletteselectedbg.png
<<<          obj /usr/share/fontforge/pixmaps/palettescale.png
<<<          obj /usr/share/fontforge/pixmaps/palettescale-selected.png
<<<          obj /usr/share/fontforge/pixmaps/paletteruler.png
<<<          obj /usr/share/fontforge/pixmaps/paletteruler-selected.png
<<<          obj /usr/share/fontforge/pixmaps/paletterotate.png
<<<          obj /usr/share/fontforge/pixmaps/paletterotate-selected.png
<<<          obj /usr/share/fontforge/pixmaps/paletterect.png
<<<          obj /usr/share/fontforge/pixmaps/paletterect-selected.png
<<<          obj /usr/share/fontforge/pixmaps/palettepoly.png
<<<          obj /usr/share/fontforge/pixmaps/palettepoly-selected.png
<<<          obj /usr/share/fontforge/pixmaps/palettepointer.png
<<<          obj /usr/share/fontforge/pixmaps/palettepointer-selected.png
<<<          obj /usr/share/fontforge/pixmaps/paletteperspective.png
<<<          obj /usr/share/fontforge/pixmaps/paletteperspective-selected.png
<<<          obj /usr/share/fontforge/pixmaps/palettepencil.png
<<<          obj /usr/share/fontforge/pixmaps/palettepen.png
<<<          obj /usr/share/fontforge/pixmaps/palettepen-selected.png
<<<          obj /usr/share/fontforge/pixmaps/palettemagnify.png
<<<          obj /usr/share/fontforge/pixmaps/palettemagnify-selected.png
<<<          obj /usr/share/fontforge/pixmaps/paletteline.png
<<<          obj /usr/share/fontforge/pixmaps/paletteknife.png
<<<          obj /usr/share/fontforge/pixmaps/paletteknife-selected.png
<<<          obj /usr/share/fontforge/pixmaps/palettehvcurve.png
<<<          obj /usr/share/fontforge/pixmaps/palettehvcurve-selected.png
<<<          obj /usr/share/fontforge/pixmaps/palettehand.png
<<<          obj /usr/share/fontforge/pixmaps/palettehand-selected.png
<<<          obj /usr/share/fontforge/pixmaps/palettefreehand.png
<<<          obj /usr/share/fontforge/pixmaps/palettefreehand-selected.png
<<<          obj /usr/share/fontforge/pixmaps/paletteflip.png
<<<          obj /usr/share/fontforge/pixmaps/paletteflip-selected.png
<<<          obj /usr/share/fontforge/pixmaps/paletteelipse.png
<<<          obj /usr/share/fontforge/pixmaps/paletteelipse-selected.png
<<<          obj /usr/share/fontforge/pixmaps/palettecurve.png
<<<          obj /usr/share/fontforge/pixmaps/palettecurve-selected.png
<<<          obj /usr/share/fontforge/pixmaps/palettecorner.png
<<<          obj /usr/share/fontforge/pixmaps/palettecorner-selected.png
<<<          obj /usr/share/fontforge/pixmaps/palette3drotate.png
<<<          obj /usr/share/fontforge/pixmaps/palette3drotate-selected.png
<<<          obj /usr/share/fontforge/pixmaps/overlaprm.png
<<<          obj /usr/share/fontforge/pixmaps/overlapintersection.png
<<<          obj /usr/share/fontforge/pixmaps/overlapfindinter.png
<<<          obj /usr/share/fontforge/pixmaps/overlapexclude.png
<<<          obj /usr/share/fontforge/pixmaps/outline.png
<<<          obj /usr/share/fontforge/pixmaps/oblique.png
<<<          obj /usr/share/fontforge/pixmaps/metricssetwidth.png
<<<          obj /usr/share/fontforge/pixmaps/metricssetvwidth.png
<<<          obj /usr/share/fontforge/pixmaps/metricssetrbearing.png
<<<          obj /usr/share/fontforge/pixmaps/metricssetlbearing.png
<<<          obj /usr/share/fontforge/pixmaps/metricscenter.png
<<<          obj /usr/share/fontforge/pixmaps/menuempty.png
<<<          obj /usr/share/fontforge/pixmaps/logo.xbm
<<<          obj /usr/share/fontforge/pixmaps/intersection.png
<<<          obj /usr/share/fontforge/pixmaps/inline.png
<<<          obj /usr/share/fontforge/pixmaps/hintsreviewhints.png
<<<          obj /usr/share/fontforge/pixmaps/hintsdontautohint.png
<<<          obj /usr/share/fontforge/pixmaps/hintsclearvstems.png
<<<          obj /usr/share/fontforge/pixmaps/hintsclearhstems.png
<<<          obj /usr/share/fontforge/pixmaps/hintscleardstems.png
<<<          obj /usr/share/fontforge/pixmaps/hintsautohint.png
<<<          obj /usr/share/fontforge/pixmaps/hintsaddvstem.png
<<<          obj /usr/share/fontforge/pixmaps/hintsaddhstem.png
<<<          obj /usr/share/fontforge/pixmaps/hintsadddstem.png
<<<          obj /usr/share/fontforge/pixmaps/helpindex.png
<<<          obj /usr/share/fontforge/pixmaps/helphelp.png
<<<          obj /usr/share/fontforge/pixmaps/helpabout.png
<<<          obj /usr/share/fontforge/pixmaps/fontview2.xbm
<<<          obj /usr/share/fontforge/pixmaps/flipvert.png
<<<          obj /usr/share/fontforge/pixmaps/fliphor.png
<<<          obj /usr/share/fontforge/pixmaps/findinter.png
<<<          obj /usr/share/fontforge/pixmaps/filesaveas.png
<<<          obj /usr/share/fontforge/pixmaps/filesaveall.png
<<<          obj /usr/share/fontforge/pixmaps/filesave.png
<<<          obj /usr/share/fontforge/pixmaps/filerevertglyph.png
<<<          obj /usr/share/fontforge/pixmaps/filerevertbackup.png
<<<          obj /usr/share/fontforge/pixmaps/filerevert.png
<<<          obj /usr/share/fontforge/pixmaps/filerecent.png
<<<          obj /usr/share/fontforge/pixmaps/filequit.png
<<<          obj /usr/share/fontforge/pixmaps/fileprint.png
<<<          obj /usr/share/fontforge/pixmaps/fileprefs.png
<<<          obj /usr/share/fontforge/pixmaps/fileopen.png
<<<          obj /usr/share/fontforge/pixmaps/filenew.png
<<<          obj /usr/share/fontforge/pixmaps/filemergefeature.png
<<<          obj /usr/share/fontforge/pixmaps/fileimport.png
<<<          obj /usr/share/fontforge/pixmaps/filegeneratefamily.png
<<<          obj /usr/share/fontforge/pixmaps/filegenerate.png
<<<          obj /usr/share/fontforge/pixmaps/fileexport.png
<<<          obj /usr/share/fontforge/pixmaps/fileexecute.png
<<<          obj /usr/share/fontforge/pixmaps/filedisplay.png
<<<          obj /usr/share/fontforge/pixmaps/fileclose2.png
<<<          obj /usr/share/fontforge/pixmaps/fileclose.png
<<<          obj /usr/share/fontforge/pixmaps/ffsplash3.png
<<<          obj /usr/share/fontforge/pixmaps/ffsplash2.png
<<<          obj /usr/share/fontforge/pixmaps/ffsplash1.png
<<<          obj /usr/share/fontforge/pixmaps/fflogo13.png
<<<          obj /usr/share/fontforge/pixmaps/fflogo.png
<<<          obj /usr/share/fontforge/pixmaps/extendcondense.png
<<<          obj /usr/share/fontforge/pixmaps/exclude.png
<<<          obj /usr/share/fontforge/pixmaps/elementvbaselines.png
<<<          obj /usr/share/fontforge/pixmaps/elementvalidate.png
<<<          obj /usr/share/fontforge/pixmaps/elementtransform.png
<<<          obj /usr/share/fontforge/pixmaps/elementtilepattern.png
<<<          obj /usr/share/fontforge/pixmaps/elementtilepath.png
<<<          obj /usr/share/fontforge/pixmaps/elementstyles.png
<<<          obj /usr/share/fontforge/pixmaps/elementsimplify.png
<<<          obj /usr/share/fontforge/pixmaps/elementshowdep.png
<<<          obj /usr/share/fontforge/pixmaps/elementround.png
<<<          obj /usr/share/fontforge/pixmaps/elementrenameglyph.png
<<<          obj /usr/share/fontforge/pixmaps/elementremovebitmaps.png
<<<          obj /usr/share/fontforge/pixmaps/elementregenbitmaps.png
<<<          obj /usr/share/fontforge/pixmaps/elementotherinfo.png
<<<          obj /usr/share/fontforge/pixmaps/elementorder.png
<<<          obj /usr/share/fontforge/pixmaps/elementmergefonts.png
<<<          obj /usr/share/fontforge/pixmaps/elementmathinfo.png
<<<          obj /usr/share/fontforge/pixmaps/elementinterpolatefonts.png
<<<          obj /usr/share/fontforge/pixmaps/elementhbaselines.png
<<<          obj /usr/share/fontforge/pixmaps/elementglyphinfo.png
<<<          obj /usr/share/fontforge/pixmaps/elementgetinfo.png
<<<          obj /usr/share/fontforge/pixmaps/elementfontinfo.png
<<<          obj /usr/share/fontforge/pixmaps/elementfindprobs.png
<<<          obj /usr/share/fontforge/pixmaps/elementexpandstroke.png
<<<          obj /usr/share/fontforge/pixmaps/elementcorrectdir.png
<<<          obj /usr/share/fontforge/pixmaps/elementcomparelayers.png
<<<          obj /usr/share/fontforge/pixmaps/elementcomparefonts.png
<<<          obj /usr/share/fontforge/pixmaps/elementclockwise.png
<<<          obj /usr/share/fontforge/pixmaps/elementbuildcomposite.png
<<<          obj /usr/share/fontforge/pixmaps/elementbuildaccent.png
<<<          obj /usr/share/fontforge/pixmaps/elementbitmapsavail.png
<<<          obj /usr/share/fontforge/pixmaps/elementbdfinfo.png
<<<          obj /usr/share/fontforge/pixmaps/elementautotrace.png
<<<          obj /usr/share/fontforge/pixmaps/elementanticlock.png
<<<          obj /usr/share/fontforge/pixmaps/elementalign.png
<<<          obj /usr/share/fontforge/pixmaps/elementaddextrema.png
<<<          obj /usr/share/fontforge/pixmaps/editunlink.png
<<<          obj /usr/share/fontforge/pixmaps/editundo.png
<<<          obj /usr/share/fontforge/pixmaps/editselect.png
<<<          obj /usr/share/fontforge/pixmaps/editsameas.png
<<<          obj /usr/share/fontforge/pixmaps/editrplref.png
<<<          obj /usr/share/fontforge/pixmaps/editrmundoes.png
<<<          obj /usr/share/fontforge/pixmaps/editredo.png
<<<          obj /usr/share/fontforge/pixmaps/editpasteinto.png
<<<          obj /usr/share/fontforge/pixmaps/editpasteafter.png
<<<          obj /usr/share/fontforge/pixmaps/editpaste.png
<<<          obj /usr/share/fontforge/pixmaps/editmergetoline.png
<<<          obj /usr/share/fontforge/pixmaps/editmerge.png
<<<          obj /usr/share/fontforge/pixmaps/editjoin.png
<<<          obj /usr/share/fontforge/pixmaps/editfind.png
<<<          obj /usr/share/fontforge/pixmaps/editcut.png
<<<          obj /usr/share/fontforge/pixmaps/editcopywidth.png
<<<          obj /usr/share/fontforge/pixmaps/editcopyvwidth.png
<<<          obj /usr/share/fontforge/pixmaps/editcopyref.png
<<<          obj /usr/share/fontforge/pixmaps/editcopyrbearing.png
<<<          obj /usr/share/fontforge/pixmaps/editcopylookupdata.png
<<<          obj /usr/share/fontforge/pixmaps/editcopylbearing.png
<<<          obj /usr/share/fontforge/pixmaps/editcopylayer2layer.png
<<<          obj /usr/share/fontforge/pixmaps/editcopyfg2bg.png
<<<          obj /usr/share/fontforge/pixmaps/editcopy.png
<<<          obj /usr/share/fontforge/pixmaps/editclearback.png
<<<          obj /usr/share/fontforge/pixmaps/editclear.png
<<<          obj /usr/share/fontforge/pixmaps/downarrow.png
<<<          obj /usr/share/fontforge/pixmaps/colorwheel.png
<<<          obj /usr/share/fontforge/pixmaps/chooservideo.png
<<<          obj /usr/share/fontforge/pixmaps/chooserupdir.png
<<<          obj /usr/share/fontforge/pixmaps/chooserunknown.png
<<<          obj /usr/share/fontforge/pixmaps/chooserttf.png
<<<          obj /usr/share/fontforge/pixmaps/choosertextxml.png
<<<          obj /usr/share/fontforge/pixmaps/choosertextps.png
<<<          obj /usr/share/fontforge/pixmaps/choosertextplain.png
<<<          obj /usr/share/fontforge/pixmaps/choosertextmake.png
<<<          obj /usr/share/fontforge/pixmaps/choosertextjava.png
<<<          obj /usr/share/fontforge/pixmaps/choosertexthtml.png
<<<          obj /usr/share/fontforge/pixmaps/choosertextfontsfd.png
<<<          obj /usr/share/fontforge/pixmaps/choosertextfontps.png
<<<          obj /usr/share/fontforge/pixmaps/choosertextcss.png
<<<          obj /usr/share/fontforge/pixmaps/choosertextc.png
<<<          obj /usr/share/fontforge/pixmaps/choosertextbdf.png
<<<          obj /usr/share/fontforge/pixmaps/choosertar.png
<<<          obj /usr/share/fontforge/pixmaps/choosersfdir.png
<<<          obj /usr/share/fontforge/pixmaps/chooserobject.png
<<<          obj /usr/share/fontforge/pixmaps/choosernobookmark.png
<<<          obj /usr/share/fontforge/pixmaps/choosermacttf.png
<<<          obj /usr/share/fontforge/pixmaps/choosermac.png
<<<          obj /usr/share/fontforge/pixmaps/chooserimage.png
<<<          obj /usr/share/fontforge/pixmaps/chooserhomefolder.png
<<<          obj /usr/share/fontforge/pixmaps/chooserforward.png
<<<          obj /usr/share/fontforge/pixmaps/chooserdir.png
<<<          obj /usr/share/fontforge/pixmaps/choosercore.png
<<<          obj /usr/share/fontforge/pixmaps/chooserconfigtool.png
<<<          obj /usr/share/fontforge/pixmaps/choosercompressed.png
<<<          obj /usr/share/fontforge/pixmaps/choosercid.png
<<<          obj /usr/share/fontforge/pixmaps/chooserbookmark.png
<<<          obj /usr/share/fontforge/pixmaps/chooserback.png
<<<          obj /usr/share/fontforge/pixmaps/chooseraudio.png
<<<          obj /usr/share/fontforge/pixmaps/check_on_disabled.png
<<<          obj /usr/share/fontforge/pixmaps/check_on.png
<<<          obj /usr/share/fontforge/pixmaps/check_off_disabled.png
<<<          obj /usr/share/fontforge/pixmaps/check_off.png
<<<          obj /usr/share/fontforge/pixmaps/charviewicon.xbm
<<<          obj /usr/share/fontforge/pixmaps/changeweight.png
<<<          obj /usr/share/fontforge/pixmaps/OFL.txt
<<<          obj /usr/share/fontforge/pixmaps/Inconsolata-Regular.ttf
<<<          obj /usr/share/fontforge/pixmaps/Inconsolata-Bold.ttf
<<<          obj /usr/share/fontforge/pixmaps/Cantarell-Regular.ttf
<<<          obj /usr/share/fontforge/pixmaps/Cantarell-Oblique.ttf
<<<          obj /usr/share/fontforge/pixmaps/Cantarell-BoldOblique.ttf
<<<          obj /usr/share/fontforge/pixmaps/Cantarell-Bold.ttf
<<<          obj /usr/share/fontforge/hotkeys/default
<<<          obj /usr/share/applications/org.fontforge.FontForge.desktop
<<<          obj /usr/lib64/libfontforge.so.4
<<<          sym /usr/lib64/libfontforge.so
<<<          obj /usr/lib/python3.8/site-packages/psMat.so
<<<          obj /usr/lib/python3.8/site-packages/fontforge.so
<<<          obj /usr/bin/sfddiff
<<<          obj /usr/bin/fontlint
<<<          obj /usr/bin/fontimage
<<<          obj /usr/bin/fontforge
--- !empty   dir /usr/share/pixmaps
--- !empty   dir /usr/share/mime/packages
--- !empty   dir /usr/share/mime
--- !empty   dir /usr/share/metainfo
--- !empty   dir /usr/share/man/man1
--- !empty   dir /usr/share/man
--- !empty   dir /usr/share/locale/zh_TW/LC_MESSAGES
--- !empty   dir /usr/share/locale/zh_TW
--- !empty   dir /usr/share/locale/zh_CN/LC_MESSAGES
--- !empty   dir /usr/share/locale/zh_CN
--- !empty   dir /usr/share/locale/vi/LC_MESSAGES
--- !empty   dir /usr/share/locale/vi
--- !empty   dir /usr/share/locale/uk/LC_MESSAGES
--- !empty   dir /usr/share/locale/uk
--- !empty   dir /usr/share/locale/ru/LC_MESSAGES
--- !empty   dir /usr/share/locale/ru
--- !empty   dir /usr/share/locale/pt/LC_MESSAGES
--- !empty   dir /usr/share/locale/pt
--- !empty   dir /usr/share/locale/pl/LC_MESSAGES
--- !empty   dir /usr/share/locale/pl
--- !empty   dir /usr/share/locale/ml/LC_MESSAGES
--- !empty   dir /usr/share/locale/ml
--- !empty   dir /usr/share/locale/ko/LC_MESSAGES
--- !empty   dir /usr/share/locale/ko
--- !empty   dir /usr/share/locale/ja/LC_MESSAGES
--- !empty   dir /usr/share/locale/ja
--- !empty   dir /usr/share/locale/it/LC_MESSAGES
--- !empty   dir /usr/share/locale/it
--- !empty   dir /usr/share/locale/hr/LC_MESSAGES
--- !empty   dir /usr/share/locale/hr
--- !empty   dir /usr/share/locale/fr/LC_MESSAGES
--- !empty   dir /usr/share/locale/fr
--- !empty   dir /usr/share/locale/es/LC_MESSAGES
--- !empty   dir /usr/share/locale/es
--- !empty   dir /usr/share/locale/en_GB/LC_MESSAGES
--- !empty   dir /usr/share/locale/en_GB
--- !empty   dir /usr/share/locale/el/LC_MESSAGES
--- !empty   dir /usr/share/locale/el
--- !empty   dir /usr/share/locale/de/LC_MESSAGES
--- !empty   dir /usr/share/locale/de
--- !empty   dir /usr/share/locale/ca/LC_MESSAGES
--- !empty   dir /usr/share/locale/ca
--- !empty   dir /usr/share/locale
--- !empty   dir /usr/share/icons/hicolor/scalable/apps
--- !empty   dir /usr/share/icons/hicolor/scalable
--- !empty   dir /usr/share/icons/hicolor/64x64/apps
--- !empty   dir /usr/share/icons/hicolor/64x64
--- !empty   dir /usr/share/icons/hicolor/512x512/apps
--- !empty   dir /usr/share/icons/hicolor/512x512
--- !empty   dir /usr/share/icons/hicolor/48x48/apps
--- !empty   dir /usr/share/icons/hicolor/48x48
--- !empty   dir /usr/share/icons/hicolor/32x32/apps
--- !empty   dir /usr/share/icons/hicolor/32x32
--- !empty   dir /usr/share/icons/hicolor/256x256/apps
--- !empty   dir /usr/share/icons/hicolor/256x256
--- !empty   dir /usr/share/icons/hicolor/24x24/apps
--- !empty   dir /usr/share/icons/hicolor/24x24
--- !empty   dir /usr/share/icons/hicolor/22x22/apps
--- !empty   dir /usr/share/icons/hicolor/22x22
--- !empty   dir /usr/share/icons/hicolor/16x16/apps
--- !empty   dir /usr/share/icons/hicolor/16x16
--- !empty   dir /usr/share/icons/hicolor/128x128/apps
--- !empty   dir /usr/share/icons/hicolor/128x128
--- !empty   dir /usr/share/icons/hicolor
--- !empty   dir /usr/share/icons
<<<          dir /usr/share/fontforge/python
<<<          dir /usr/share/fontforge/pixmaps
<<<          dir /usr/share/fontforge/hotkeys
<<<          dir /usr/share/fontforge
--- !empty   dir /usr/share/applications
--- !empty   dir /usr/share
--- !empty   dir /usr/lib64
--- !empty   dir /usr/lib/python3.8/site-packages
--- !empty   dir /usr/lib/python3.8
--- !empty   dir /usr/lib
--- !empty   dir /usr/bin
--- !empty   dir /usr
 * Updating .desktop files database ...
 [ ok ]
 * Updating icons cache ...
 [ ok ]
 * Updating shared mime info database ...
 [ ok ]
>>> Regenerating /etc/ld.so.cache...
