No package files given... Grabbing a set.
<<<          obj /usr/share/vala/vapi/gsound.vapi
<<<          obj /usr/share/vala/vapi/gsound.deps
<<<          obj /usr/share/gtk-doc/html/gsound/up.png
<<<          obj /usr/share/gtk-doc/html/gsound/up-insensitive.png
<<<          obj /usr/share/gtk-doc/html/gsound/style.css
<<<          obj /usr/share/gtk-doc/html/gsound/right.png
<<<          obj /usr/share/gtk-doc/html/gsound/right-insensitive.png
<<<          obj /usr/share/gtk-doc/html/gsound/object-tree.html
<<<          obj /usr/share/gtk-doc/html/gsound/left.png
<<<          obj /usr/share/gtk-doc/html/gsound/left-insensitive.png
<<<          obj /usr/share/gtk-doc/html/gsound/index.sgml
<<<          obj /usr/share/gtk-doc/html/gsound/index.html
<<<          obj /usr/share/gtk-doc/html/gsound/home.png
<<<          obj /usr/share/gtk-doc/html/gsound/gsound.devhelp2
<<<          obj /usr/share/gtk-doc/html/gsound/gsound-GSound-Attributes.html
<<<          obj /usr/share/gtk-doc/html/gsound/deprecated-api-index.html
<<<          obj /usr/share/gtk-doc/html/gsound/ch01.html
<<<          obj /usr/share/gtk-doc/html/gsound/api-index-full.html
<<<          obj /usr/share/gtk-doc/html/gsound/annotation-glossary.html
<<<          obj /usr/share/gtk-doc/html/gsound/GSoundContext.html
<<<          obj /usr/share/gir-1.0/GSound-1.0.gir
<<<          obj /usr/lib64/pkgconfig/gsound.pc
<<<          obj /usr/lib64/libgsound.so.0.0.2
<<<          sym /usr/lib64/libgsound.so.0
<<<          sym /usr/lib64/libgsound.so
<<<          obj /usr/lib64/girepository-1.0/GSound-1.0.typelib
<<<          obj /usr/include/gsound.h
<<<          obj /usr/include/gsound-context.h
<<<          obj /usr/include/gsound-attr.h
<<<          obj /usr/bin/gsound-play
--- !empty   dir /usr/share/vala/vapi
--- !empty   dir /usr/share/vala
<<<          dir /usr/share/gtk-doc/html/gsound
--- !empty   dir /usr/share/gtk-doc/html
--- !empty   dir /usr/share/gtk-doc
--- !empty   dir /usr/share/gir-1.0
--- !empty   dir /usr/share
--- !empty   dir /usr/lib64/pkgconfig
--- !empty   dir /usr/lib64/girepository-1.0
--- !empty   dir /usr/lib64
--- !empty   dir /usr/include
--- !empty   dir /usr/bin
--- !empty   dir /usr
>>> Regenerating /etc/ld.so.cache...
