>>> Extracting info
[32;01m * [39;49;00mPackage:    media-libs/libv4l-1.18.1
[32;01m * [39;49;00mRepository: gentoo
[32;01m * [39;49;00mUSE:        userland_GNU jpeg abi_x86_64 amd64 kernel_linux elibc_glibc
[32;01m * [39;49;00mFEATURES:   ccache network-sandbox preserve-libs sandbox userpriv usersandbox
 [32;01m*[0m /etc/portage/package.cflags/ltoworkarounds.conf -> media-libs/libv4l: *FLAGS-="${NOCOMMON}"
 [32;01m*[0m FEATURES='assume-digests binpkg-docompress binpkg-dostrip binpkg-logs binpkg-multi-instance buildpkg ccache cgroup compress-index config-protect-if-modified distlocks downgrade-backup fixlafiles ipc-sandbox merge-sync multilib-strict network-sandbox news nodoc parallel-fetch parallel-install pid-sandbox preserve-libs qa-unresolved-soname-deps sandbox sfperms strict strict-keepdir unknown-features-warn unmerge-backup unmerge-logs unmerge-orphans userfetch userpriv usersandbox usersync xattr'
 [32;01m*[0m CFLAGS='-march=native -O3 -fdevirtualize-at-ltrans -fipa-pta -fno-semantic-interposition -fno-signed-zeros -fno-trapping-math -fassociative-math -freciprocal-math -fno-math-errno -ffinite-math-only -fno-rounding-math -fno-signaling-nans -fcx-limited-range -fexcess-precision=fast -fno-plt -pipe -g0 -fno-stack-protector -fno-stack-clash-protection -fstack-check=no -fno-stack-check -Wl,-O4,--hash-style=gnu,--sort-common,--as-needed,-z,relro,-z,now,-lgomp,-lpthread'
 [32;01m*[0m CXXFLAGS='-march=native -O3 -fdevirtualize-at-ltrans -fipa-pta -fno-semantic-interposition -fno-signed-zeros -fno-trapping-math -fassociative-math -freciprocal-math -fno-math-errno -ffinite-math-only -fno-rounding-math -fno-signaling-nans -fcx-limited-range -fexcess-precision=fast -fno-plt -pipe -g0 -fno-stack-protector -fno-stack-clash-protection -fstack-check=no -fno-stack-check -Wl,-O4,--hash-style=gnu,--sort-common,--as-needed,-z,relro,-z,now,-lgomp,-lpthread'
 [32;01m*[0m FFLAGS='-march=native -O3 -fdevirtualize-at-ltrans -fipa-pta -fno-semantic-interposition -fno-signed-zeros -fno-trapping-math -fassociative-math -freciprocal-math -fno-math-errno -ffinite-math-only -fno-rounding-math -fno-signaling-nans -fcx-limited-range -fexcess-precision=fast -fno-plt -pipe -g0 -fno-stack-protector -fno-stack-clash-protection -fstack-check=no -fno-stack-check -Wl,-O4,--hash-style=gnu,--sort-common,--as-needed,-z,relro,-z,now,-lgomp,-lpthread'
 [32;01m*[0m FCFLAGS='-march=native -O3 -fdevirtualize-at-ltrans -fipa-pta -fno-semantic-interposition -fno-signed-zeros -fno-trapping-math -fassociative-math -freciprocal-math -fno-math-errno -ffinite-math-only -fno-rounding-math -fno-signaling-nans -fcx-limited-range -fexcess-precision=fast -fno-plt -pipe -g0 -fno-stack-protector -fno-stack-clash-protection -fstack-check=no -fno-stack-check -Wl,-O4,--hash-style=gnu,--sort-common,--as-needed,-z,relro,-z,now,-lgomp,-lpthread'
 [32;01m*[0m F77FLAGS='-march=native -O3 -fdevirtualize-at-ltrans -fipa-pta -fno-semantic-interposition -fno-signed-zeros -fno-trapping-math -fassociative-math -freciprocal-math -fno-math-errno -ffinite-math-only -fno-rounding-math -fno-signaling-nans -fcx-limited-range -fexcess-precision=fast -fno-plt -pipe -g0 -fno-stack-protector -fno-stack-clash-protection -fstack-check=no -fno-stack-check -Wl,-O4,--hash-style=gnu,--sort-common,--as-needed,-z,relro,-z,now,-lgomp,-lpthread'
 [32;01m*[0m LDFLAGS='-Wl,-O4,--hash-style=gnu,--sort-common,--as-needed,-z,relro,-z,now,-lgomp,-lpthread'
 [32;01m*[0m MAKEOPTS='-j12'
 [32;01m*[0m gcc (Gentoo 10.1.0 p1) 10.1.0
 [32;01m*[0m g++ (Gentoo 10.1.0 p1) 10.1.0
 [32;01m*[0m GNU ld (Gentoo 9999 p5) 2.34.50.20200520
 [32;01m*[0m Linux ryzen.gnum.org 5.4.36 #1 SMP Thu Apr 30 04:38:28 UTC 2020 x86_64 AMD Ryzen 5 3600 6-Core Processor AuthenticAMD GNU/Linux
]0;emerge 12:55:43 21|210 libv4l (root@ryzen.gnum.org) [32;01m*[0m Checking for suitable kernel configuration options...
[A[263C [34;01m[ [32;01mok[34;01m ][0m
>>> Extracting media-libs/libv4l-1.18.1
 [32;01m*[39;49;00m checking 79 files for package collisions
>>> Merging media-libs/libv4l-1.18.1 to /
 [32;01m*[0m removing unneeded *.la files
--- /usr/
--- /usr/lib64/
>>> /usr/lib64/libdvbv5.so.0.0.0
>>> /usr/lib64/libv4lconvert.so.0.0.0
--- /usr/lib64/pkgconfig/
>>> /usr/lib64/pkgconfig/libv4l1.pc
>>> /usr/lib64/pkgconfig/libdvbv5.pc
>>> /usr/lib64/pkgconfig/libv4lconvert.pc
>>> /usr/lib64/pkgconfig/libv4l2.pc
>>> /usr/lib64/pkgconfig/libv4l2rds.pc
>>> /usr/lib64/libv4l1.so.0.0.0
>>> /usr/lib64/libv4l2.so.0.0.0
>>> /usr/lib64/libdvbv5.so.0 -> libdvbv5.so.0.0.0
>>> /usr/lib64/libv4l2rds.so.0.0.0
>>> /usr/lib64/libdvbv5.so -> libdvbv5.so.0.0.0
>>> /usr/lib64/libv4l2.so.0 -> libv4l2.so.0.0.0
>>> /usr/lib64/libv4lconvert.so.0 -> libv4lconvert.so.0.0.0
>>> /usr/lib64/libv4l/
>>> /usr/lib64/libv4l/plugins/
>>> /usr/lib64/libv4l/plugins/libv4l-mplane.so
>>> /usr/lib64/libv4l/v4l1compat.so
>>> /usr/lib64/libv4l/ov518-decomp
>>> /usr/lib64/libv4l/v4l2convert.so
>>> /usr/lib64/libv4l/ov511-decomp
>>> /usr/lib64/libv4l1.so.0 -> libv4l1.so.0.0.0
>>> /usr/lib64/libv4lconvert.so -> libv4lconvert.so.0.0.0
>>> /usr/lib64/libv4l2rds.so -> libv4l2rds.so.0.0.0
>>> /usr/lib64/libv4l2rds.so.0 -> libv4l2rds.so.0.0.0
>>> /usr/lib64/libv4l2.so -> libv4l2.so.0.0.0
--- /usr/include/
>>> /usr/include/libv4l1.h
>>> /usr/include/libv4l1-videodev.h
>>> /usr/include/libv4l2rds.h
>>> /usr/include/libv4l-plugin.h
>>> /usr/include/libv4lconvert.h
>>> /usr/include/libdvbv5/
>>> /usr/include/libdvbv5/dvb-dev.h
>>> /usr/include/libdvbv5/desc_cable_delivery.h
>>> /usr/include/libdvbv5/dvb-fe.h
>>> /usr/include/libdvbv5/desc_extension.h
>>> /usr/include/libdvbv5/eit.h
>>> /usr/include/libdvbv5/desc_t2_delivery.h
>>> /usr/include/libdvbv5/desc_ts_info.h
>>> /usr/include/libdvbv5/desc_ca_identifier.h
>>> /usr/include/libdvbv5/pmt.h
>>> /usr/include/libdvbv5/desc_hierarchy.h
>>> /usr/include/libdvbv5/desc_logical_channel.h
>>> /usr/include/libdvbv5/desc_terrestrial_delivery.h
>>> /usr/include/libdvbv5/descriptors.h
>>> /usr/include/libdvbv5/atsc_header.h
>>> /usr/include/libdvbv5/desc_event_extended.h
>>> /usr/include/libdvbv5/mpeg_ts.h
>>> /usr/include/libdvbv5/dvb-demux.h
>>> /usr/include/libdvbv5/dvb-frontend.h
>>> /usr/include/libdvbv5/sdt.h
>>> /usr/include/libdvbv5/desc_isdbt_delivery.h
>>> /usr/include/libdvbv5/desc_ca.h
>>> /usr/include/libdvbv5/desc_network_name.h
>>> /usr/include/libdvbv5/mpeg_es.h
>>> /usr/include/libdvbv5/pat.h
>>> /usr/include/libdvbv5/header.h
>>> /usr/include/libdvbv5/atsc_eit.h
>>> /usr/include/libdvbv5/desc_service.h
>>> /usr/include/libdvbv5/vct.h
>>> /usr/include/libdvbv5/nit.h
>>> /usr/include/libdvbv5/countries.h
>>> /usr/include/libdvbv5/desc_atsc_service_location.h
>>> /usr/include/libdvbv5/dvb-scan.h
>>> /usr/include/libdvbv5/desc_partial_reception.h
>>> /usr/include/libdvbv5/dvb-v5-std.h
>>> /usr/include/libdvbv5/desc_sat.h
>>> /usr/include/libdvbv5/desc_event_short.h
>>> /usr/include/libdvbv5/dvb-sat.h
>>> /usr/include/libdvbv5/dvb-file.h
>>> /usr/include/libdvbv5/mgt.h
>>> /usr/include/libdvbv5/crc32.h
>>> /usr/include/libdvbv5/libdvb-version.h
>>> /usr/include/libdvbv5/dvb-log.h
>>> /usr/include/libdvbv5/mpeg_pes.h
>>> /usr/include/libdvbv5/desc_frequency_list.h
>>> /usr/include/libdvbv5/cat.h
>>> /usr/include/libdvbv5/desc_language.h
>>> /usr/include/libv4l2.h
>>> /usr/lib64/v4l2convert.so -> libv4l/v4l2convert.so
>>> /usr/lib64/v4l1compat.so -> libv4l/v4l1compat.so
>>> /usr/lib64/libv4l1.so -> libv4l1.so.0.0.0
>>> media-libs/libv4l-1.18.1 merged.
>>> Regenerating /etc/ld.so.cache...
