No package files given... Grabbing a set.
--- replaced obj /usr/share/man/man8/rtmpgw.8.bz2
--- replaced dir /usr/share/man/man8
--- replaced obj /usr/share/man/man3/librtmp.3.bz2
--- replaced dir /usr/share/man/man3
--- replaced obj /usr/share/man/man1/rtmpdump.1.bz2
--- replaced dir /usr/share/man/man1
--- replaced dir /usr/share/man
--- replaced dir /usr/share
--- replaced obj /usr/sbin/rtmpsuck
--- replaced obj /usr/sbin/rtmpsrv
--- replaced obj /usr/sbin/rtmpgw
--- replaced dir /usr/sbin
--- replaced obj /usr/lib64/pkgconfig/librtmp.pc
--- replaced dir /usr/lib64/pkgconfig
--- replaced obj /usr/lib64/librtmp.so.1
--- replaced sym /usr/lib64/librtmp.so
--- replaced dir /usr/lib64
--- replaced obj /usr/include/librtmp/rtmp.h
--- replaced obj /usr/include/librtmp/log.h
--- replaced obj /usr/include/librtmp/http.h
--- replaced obj /usr/include/librtmp/amf.h
--- replaced dir /usr/include/librtmp
--- replaced dir /usr/include
--- replaced obj /usr/bin/rtmpdump
--- replaced dir /usr/bin
--- replaced dir /usr
>>> Regenerating /etc/ld.so.cache...
