 * Package:    media-sound/subsonic-bin-5.2.1-r2
 * Repository: gentoo
 * Maintainer: perfinion@gentoo.org
 * USE:        abi_x86_64 amd64 elibc_glibc ffmpeg kernel_linux lame userland_GNU
 * FEATURES:   ccache network-sandbox preserve-libs sandbox userpriv usersandbox
 * FEATURES='assume-digests binpkg-docompress binpkg-dostrip binpkg-logs binpkg-multi-instance buildpkg ccache cgroup compress-index config-protect-if-modified distlocks downgrade-backup fixlafiles ipc-sandbox merge-sync multilib-strict network-sandbox news nodoc parallel-fetch parallel-install pid-sandbox preserve-libs qa-unresolved-soname-deps sandbox sfperms strict strict-keepdir unknown-features-warn unmerge-backup unmerge-logs unmerge-orphans userfetch userpriv usersandbox usersync xattr'
 * CFLAGS='-march=native -O3 -fgraphite-identity -floop-nest-optimize -fdevirtualize-at-ltrans -fipa-pta -fno-semantic-interposition -flto=12 -fno-signed-zeros -fno-trapping-math -fassociative-math -freciprocal-math -fno-math-errno -ffinite-math-only -fno-rounding-math -fno-signaling-nans -fcx-limited-range -fexcess-precision=fast -fno-plt -fuse-linker-plugin -pipe -g0 -fno-stack-protector -fno-stack-clash-protection -fstack-check=no -fno-stack-check -Wl,-O4,--hash-style=gnu,--sort-common,--as-needed,-z,relro,-z,now,-lgomp,-lpthread'
 * CXXFLAGS='-march=native -O3 -fgraphite-identity -floop-nest-optimize -fdevirtualize-at-ltrans -fipa-pta -fno-semantic-interposition -flto=12 -fno-signed-zeros -fno-trapping-math -fassociative-math -freciprocal-math -fno-math-errno -ffinite-math-only -fno-rounding-math -fno-signaling-nans -fcx-limited-range -fexcess-precision=fast -fno-plt -fuse-linker-plugin -pipe -g0 -fno-stack-protector -fno-stack-clash-protection -fstack-check=no -fno-stack-check -Wl,-O4,--hash-style=gnu,--sort-common,--as-needed,-z,relro,-z,now,-lgomp,-lpthread'
 * FFLAGS='-march=native -O3 -fgraphite-identity -floop-nest-optimize -fdevirtualize-at-ltrans -fipa-pta -fno-semantic-interposition -flto=12 -fno-signed-zeros -fno-trapping-math -fassociative-math -freciprocal-math -fno-math-errno -ffinite-math-only -fno-rounding-math -fno-signaling-nans -fcx-limited-range -fexcess-precision=fast -fno-plt -fuse-linker-plugin -pipe -g0 -fno-stack-protector -fno-stack-clash-protection -fstack-check=no -fno-stack-check -Wl,-O4,--hash-style=gnu,--sort-common,--as-needed,-z,relro,-z,now,-lgomp,-lpthread'
 * FCFLAGS='-march=native -O3 -fgraphite-identity -floop-nest-optimize -fdevirtualize-at-ltrans -fipa-pta -fno-semantic-interposition -flto=12 -fno-signed-zeros -fno-trapping-math -fassociative-math -freciprocal-math -fno-math-errno -ffinite-math-only -fno-rounding-math -fno-signaling-nans -fcx-limited-range -fexcess-precision=fast -fno-plt -fuse-linker-plugin -pipe -g0 -fno-stack-protector -fno-stack-clash-protection -fstack-check=no -fno-stack-check -Wl,-O4,--hash-style=gnu,--sort-common,--as-needed,-z,relro,-z,now,-lgomp,-lpthread'
 * F77FLAGS='-march=native -O3 -fgraphite-identity -floop-nest-optimize -fdevirtualize-at-ltrans -fipa-pta -fno-semantic-interposition -flto=12 -fno-signed-zeros -fno-trapping-math -fassociative-math -freciprocal-math -fno-math-errno -ffinite-math-only -fno-rounding-math -fno-signaling-nans -fcx-limited-range -fexcess-precision=fast -fno-plt -fuse-linker-plugin -pipe -g0 -fno-stack-protector -fno-stack-clash-protection -fstack-check=no -fno-stack-check -Wl,-O4,--hash-style=gnu,--sort-common,--as-needed,-z,relro,-z,now,-lgomp,-lpthread'
 * LDFLAGS='-Wl,-O4,--hash-style=gnu,--sort-common,--as-needed,-z,relro,-z,now,-lgomp,-lpthread -march=native -O3 -fgraphite-identity -floop-nest-optimize -fdevirtualize-at-ltrans -fipa-pta -fno-semantic-interposition -flto=12 -fno-signed-zeros -fno-trapping-math -fassociative-math -freciprocal-math -fno-math-errno -ffinite-math-only -fno-rounding-math -fno-signaling-nans -fcx-limited-range -fexcess-precision=fast -fno-plt -fuse-linker-plugin -pipe -g0 -fno-stack-protector -fno-stack-clash-protection -fstack-check=no -fno-stack-check'
 * MAKEOPTS='-j12'
 * gcc (Gentoo 10.1.0 p1) 10.1.0
 * g++ (Gentoo 10.1.0 p1) 10.1.0
 * GNU ld (Gentoo 9999 p5) 2.34.50.20200520
 * Linux ryzen.gnum.org 5.4.36 #1 SMP Thu Apr 30 04:38:28 UTC 2020 x86_64 AMD Ryzen 5 3600 6-Core Processor AuthenticAMD GNU/Linux
media-sound/subsonic-bin: 14 seconds average for 2 merges
2020-05-20T09:39:29 >>> media-sound/subsonic-bin: 21 seconds
2020-05-20T13:27:36 >>> media-sound/subsonic-bin: 8 seconds
]0;emerge 15:12:11 7|20 subsonic-bin 00:15 (root@ryzen.gnum.org)>>> Unpacking source...
>>> Unpacking subsonic-5.2.1-standalone.tar.gz to /tmp/portage/media-sound/subsonic-bin-5.2.1-r2/work
>>> Source unpacked in /tmp/portage/media-sound/subsonic-bin-5.2.1-r2/work
>>> Preparing source in /tmp/portage/media-sound/subsonic-bin-5.2.1-r2/work ...
>>> Source prepared.
>>> Configuring source in /tmp/portage/media-sound/subsonic-bin-5.2.1-r2/work ...
>>> Source configured.
>>> Compiling source in /tmp/portage/media-sound/subsonic-bin-5.2.1-r2/work ...
>>> Source compiled.
>>> Test phase [not enabled]: media-sound/subsonic-bin-5.2.1-r2

>>> Install media-sound/subsonic-bin-5.2.1-r2 into /tmp/portage/media-sound/subsonic-bin-5.2.1-r2/image/
>>> Completed installing media-sound/subsonic-bin-5.2.1-r2 into /tmp/portage/media-sound/subsonic-bin-5.2.1-r2/image/

 * Final size of build directory: 44268 KiB (43.2 MiB)
 * Final size of installed tree:  44296 KiB (43.2 MiB)

./
./usr/
./usr/libexec/
./usr/libexec/subsonic/
./usr/libexec/subsonic/subsonic-booter-jar-with-dependencies.jar
./usr/libexec/subsonic/subsonic.sh
./usr/libexec/subsonic/subsonic.war
./usr/bin/
./usr/bin/subsonic
./usr/share/
./usr/share/doc/
./usr/share/doc/subsonic-bin-5.2.1-r2/
./usr/share/doc/subsonic-bin-5.2.1-r2/README.TXT.bz2
./usr/share/doc/subsonic-bin-5.2.1-r2/Getting Started.html
./var/
./var/lib/
./var/lib/subsonic/
./var/lib/subsonic/transcode/
./var/lib/subsonic/transcode/lame
./var/lib/subsonic/transcode/ffmpeg
./var/lib/subsonic/.keep_media-sound_subsonic-bin-0
./etc/
./etc/init.d/
./etc/init.d/subsonic
./etc/conf.d/
./etc/conf.d/subsonic
>>> Done.
 * checking 9 files for package collisions
>>> Merging media-sound/subsonic-bin-5.2.1-r2 to /
 * removing unneeded *.la files
--- /etc/
--- /etc/conf.d/
>>> /etc/conf.d/subsonic
--- /etc/init.d/
>>> /etc/init.d/subsonic
--- /var/
--- /var/lib/
--- /var/lib/subsonic/
>>> /var/lib/subsonic/.keep_media-sound_subsonic-bin-0
--- /var/lib/subsonic/transcode/
>>> /var/lib/subsonic/transcode/ffmpeg -> /usr/bin/ffmpeg
>>> /var/lib/subsonic/transcode/lame -> /usr/bin/lame
--- /usr/
--- /usr/bin/
>>> /usr/bin/subsonic
--- /usr/libexec/
--- /usr/libexec/subsonic/
>>> /usr/libexec/subsonic/subsonic.war
>>> /usr/libexec/subsonic/subsonic.sh
>>> /usr/libexec/subsonic/subsonic-booter-jar-with-dependencies.jar
>>> Safely unmerging already-installed instance...
>>> Original instance of package unmerged safely.
>>> media-sound/subsonic-bin-5.2.1-r2 merged.
