>>> Extracting info
 * Package:    media-libs/giflib-5.2.1-r1
 * Repository: gentoo
 * USE:        userland_GNU abi_x86_64 kernel_linux amd64 elibc_glibc
 * FEATURES:   ccache network-sandbox preserve-libs sandbox userpriv usersandbox
 * FEATURES='assume-digests binpkg-docompress binpkg-dostrip binpkg-logs binpkg-multi-instance buildpkg ccache compress-index config-protect-if-modified distlocks downgrade-backup fixlafiles ipc-sandbox merge-sync multilib-strict network-sandbox news nodoc parallel-fetch parallel-install pid-sandbox preserve-libs qa-unresolved-soname-deps sandbox sfperms strict unknown-features-warn unmerge-backup unmerge-logs unmerge-orphans userfetch userpriv usersandbox usersync xattr'
 * CFLAGS='-march=znver2 -O3 -fgraphite-identity -floop-nest-optimize -fdevirtualize-at-ltrans -fipa-pta -fno-semantic-interposition -flto=12 -fno-plt -fno-signed-zeros -fno-trapping-math -fassociative-math -freciprocal-math -fno-math-errno -ffinite-math-only -fno-rounding-math -fno-signaling-nans -fcx-limited-range -fexcess-precision=fast -falign-functions=32 -fno-stack-protector -fno-stack-clash-protection -fstack-check=no -fno-stack-check -fuse-linker-plugin -pipe -g0 -Wl,-O1 -Wl,--as-needed -Wl,-z,norelro -Wl,-z,now -Wl,--sort-common -s'
 * CXXFLAGS='-march=znver2 -O3 -fgraphite-identity -floop-nest-optimize -fdevirtualize-at-ltrans -fipa-pta -fno-semantic-interposition -flto=12 -fno-plt -fno-signed-zeros -fno-trapping-math -fassociative-math -freciprocal-math -fno-math-errno -ffinite-math-only -fno-rounding-math -fno-signaling-nans -fcx-limited-range -fexcess-precision=fast -falign-functions=32 -fno-stack-protector -fno-stack-clash-protection -fstack-check=no -fno-stack-check -fuse-linker-plugin -pipe -g0 -Wl,-O1 -Wl,--as-needed -Wl,-z,norelro -Wl,-z,now -Wl,--sort-common -s'
 * FFLAGS='-march=znver2 -O3 -fgraphite-identity -floop-nest-optimize -fdevirtualize-at-ltrans -fipa-pta -fno-semantic-interposition -flto=12 -fno-plt -fno-signed-zeros -fno-trapping-math -fassociative-math -freciprocal-math -fno-math-errno -ffinite-math-only -fno-rounding-math -fno-signaling-nans -fcx-limited-range -fexcess-precision=fast -falign-functions=32 -fno-stack-protector -fno-stack-clash-protection -fstack-check=no -fno-stack-check -fuse-linker-plugin -pipe -g0 -Wl,-O1 -Wl,--as-needed -Wl,-z,norelro -Wl,-z,now -Wl,--sort-common -s'
 * FCFLAGS='-march=znver2 -O3 -fgraphite-identity -floop-nest-optimize -fdevirtualize-at-ltrans -fipa-pta -fno-semantic-interposition -flto=12 -fno-plt -fno-signed-zeros -fno-trapping-math -fassociative-math -freciprocal-math -fno-math-errno -ffinite-math-only -fno-rounding-math -fno-signaling-nans -fcx-limited-range -fexcess-precision=fast -falign-functions=32 -fno-stack-protector -fno-stack-clash-protection -fstack-check=no -fno-stack-check -fuse-linker-plugin -pipe -g0 -Wl,-O1 -Wl,--as-needed -Wl,-z,norelro -Wl,-z,now -Wl,--sort-common -s'
 * F77FLAGS='-march=znver2 -O3 -fgraphite-identity -floop-nest-optimize -fdevirtualize-at-ltrans -fipa-pta -fno-semantic-interposition -flto=12 -fno-plt -fno-signed-zeros -fno-trapping-math -fassociative-math -freciprocal-math -fno-math-errno -ffinite-math-only -fno-rounding-math -fno-signaling-nans -fcx-limited-range -fexcess-precision=fast -falign-functions=32 -fno-stack-protector -fno-stack-clash-protection -fstack-check=no -fno-stack-check -fuse-linker-plugin -pipe -g0 -Wl,-O1 -Wl,--as-needed -Wl,-z,norelro -Wl,-z,now -Wl,--sort-common -s'
 * LDFLAGS='-Wl,-O1 -Wl,--as-needed -Wl,-z,norelro -Wl,-z,now -Wl,--sort-common -s -march=znver2 -O3 -fgraphite-identity -floop-nest-optimize -fdevirtualize-at-ltrans -fipa-pta -fno-semantic-interposition -flto=12 -fno-plt -fno-signed-zeros -fno-trapping-math -fassociative-math -freciprocal-math -fno-math-errno -ffinite-math-only -fno-rounding-math -fno-signaling-nans -fcx-limited-range -fexcess-precision=fast -falign-functions=32 -fno-stack-protector -fno-stack-clash-protection -fstack-check=no -fno-stack-check -fuse-linker-plugin -pipe -g0'
 * MAKEOPTS='-j12 -l12'
 * gcc () 11.0.0 20200530 (experimental)
 * g++ () 11.0.0 20200530 (experimental)
 * GNU ld (Gentoo 2.34 p4) 2.34.0
 * Linux ryzen.gnum.org 5.4.36 #1 SMP Thu Apr 30 04:38:28 UTC 2020 x86_64 AMD Ryzen 5 3600 6-Core Processor AuthenticAMD GNU/Linux
media-libs/giflib: 3 minutes, 50 seconds average for 22 merges
2020-05-16T15:26:28 >>> media-libs/giflib: 7 seconds
2020-05-16T20:44:18 >>> media-libs/giflib: 9 seconds
2020-05-20T07:28:54 >>> media-libs/giflib: 3 seconds
2020-05-21T05:47:14 >>> media-libs/giflib: 5 seconds
2020-05-22T01:53:20 >>> media-libs/giflib: 6 minutes, 18 seconds
2020-05-22T02:39:40 >>> media-libs/giflib: 2 minutes, 37 seconds
2020-05-22T03:04:27 >>> media-libs/giflib: 6 minutes, 55 seconds
2020-05-22T12:24:03 >>> media-libs/giflib: 6 minutes, 40 seconds
2020-05-23T03:25:45 >>> media-libs/giflib: 6 minutes, 38 seconds
2020-05-24T22:34:31 >>> media-libs/giflib: 8 minutes, 8 seconds
2020-05-24T23:20:41 >>> media-libs/giflib: 9 minutes, 3 seconds
2020-05-25T03:01:28 >>> media-libs/giflib: 2 minutes, 16 seconds
2020-05-25T14:37:22 >>> media-libs/giflib: 3 minutes, 50 seconds
2020-05-25T18:12:06 >>> media-libs/giflib: 7 minutes, 19 seconds
2020-05-25T19:49:43 >>> media-libs/giflib: 4 minutes, 24 seconds
2020-05-26T12:31:05 >>> media-libs/giflib: 4 minutes, 8 seconds
2020-05-26T13:46:02 >>> media-libs/giflib: 3 minutes, 7 seconds
2020-05-27T01:23:58 >>> media-libs/giflib: 3 minutes, 10 seconds
2020-05-27T02:58:28 >>> media-libs/giflib: 8 minutes, 11 seconds
2020-05-28T13:23:25 >>> media-libs/giflib: 18 seconds
2020-05-28T14:12:38 >>> media-libs/giflib: 17 seconds
2020-05-30T12:32:39 >>> media-libs/giflib: 47 seconds
]0;emerge 21:33:47 1590867227:  === Unmerging... (app-misc/fdupes-1.6.1-r1) giflib 00:27 (root@ryzen.gnum.org)kemerge 21:33:47 1590867227:  === Unmerging... (app-misc/fdupes-1.6.1-r1) giflib 00:27 (root@ryzen.gnum.org)\>>> Extracting media-libs/giflib-5.2.1-r1
 * checking 23 files for package collisions
>>> Merging media-libs/giflib-5.2.1-r1 to /
 * removing unneeded *.la files
--- /usr/
--- /usr/lib64/
>>> /usr/lib64/libgif.so -> libgif.so.7
>>> /usr/lib64/libgif.so.7.2.0
>>> /usr/lib64/libgif.so.7 -> libgif.so.7.2.0
--- /usr/share/
--- /usr/share/man/
--- /usr/share/man/man1/
>>> /usr/share/man/man1/giffix.1.bz2
>>> /usr/share/man/man1/gifclrmp.1.bz2
>>> /usr/share/man/man1/gifbg.1.bz2
>>> /usr/share/man/man1/gifcolor.1.bz2
>>> /usr/share/man/man1/gifbuild.1.bz2
>>> /usr/share/man/man1/gifhisto.1.bz2
>>> /usr/share/man/man1/giftext.1.bz2
>>> /usr/share/man/man1/gif2rgb.1.bz2
>>> /usr/share/man/man1/giftool.1.bz2
>>> /usr/share/man/man1/giflib.1.bz2
>>> /usr/share/man/man1/gifwedge.1.bz2
>>> /usr/share/man/man1/gifecho.1.bz2
>>> /usr/share/man/man1/gifinto.1.bz2
--- /usr/include/
>>> /usr/include/gif_lib.h
--- /usr/bin/
>>> /usr/bin/gifbuild
>>> /usr/bin/gifclrmp
>>> /usr/bin/giftool
>>> /usr/bin/giffix
>>> /usr/bin/gif2rgb
>>> /usr/bin/giftext
>>> Safely unmerging already-installed instance...
>>> Original instance of package unmerged safely.
>>> media-libs/giflib-5.2.1-r1 merged.
>>> Regenerating /etc/ld.so.cache...
