 * Package:    net-libs/http-parser-2.9.4
 * Repository: gentoo
 * Maintainer: jer@gentoo.org
 * USE:        abi_x86_64 amd64 elibc_glibc kernel_linux userland_GNU
 * FEATURES:   ccache network-sandbox preserve-libs sandbox userpriv usersandbox
 * /etc/portage/package.cflags/ltoworkarounds.conf -> */*: *FLAGS+=-Wl,-O4 *FLAGS-=-Wl,-O1
 * FEATURES='assume-digests binpkg-docompress binpkg-dostrip binpkg-logs binpkg-multi-instance buildpkg ccache cgroup compress-index config-protect-if-modified distlocks fixlafiles ipc-sandbox merge-sync multilib-strict network-sandbox news nodoc parallel-fetch parallel-install pid-sandbox preserve-libs qa-unresolved-soname-deps sandbox sfperms strict unknown-features-warn unmerge-logs unmerge-orphans userfetch userpriv usersandbox usersync xattr'
 * CFLAGS='-march=znver2 -pipe -g0 -O3 -fgraphite-identity -floop-nest-optimize -fdevirtualize-at-ltrans -fipa-pta -fno-semantic-interposition -flto=12 -fno-plt -fno-signed-zeros -fno-trapping-math -fassociative-math -freciprocal-math -fno-math-errno -ffinite-math-only -fno-rounding-math -fno-signaling-nans -fcx-limited-range -fexcess-precision=fast -falign-functions=32 -fno-stack-protector -fno-stack-clash-protection -fstack-check=no -fno-stack-check -fuse-linker-plugin -Wl,-O4 -Wl,--as-needed -Wl,-lpthread -Wl,-lgomp -Wl,-z,norelro -Wl,-z,now -Wl,--sort-common -s'
 * CXXFLAGS='-march=znver2 -pipe -g0 -O3 -fgraphite-identity -floop-nest-optimize -fdevirtualize-at-ltrans -fipa-pta -fno-semantic-interposition -flto=12 -fno-plt -fno-signed-zeros -fno-trapping-math -fassociative-math -freciprocal-math -fno-math-errno -ffinite-math-only -fno-rounding-math -fno-signaling-nans -fcx-limited-range -fexcess-precision=fast -falign-functions=32 -fno-stack-protector -fno-stack-clash-protection -fstack-check=no -fno-stack-check -fuse-linker-plugin -Wl,-O4 -Wl,--as-needed -Wl,-lpthread -Wl,-lgomp -Wl,-z,norelro -Wl,-z,now -Wl,--sort-common -s'
 * FFLAGS='-march=znver2 -pipe -g0 -O3 -fgraphite-identity -floop-nest-optimize -fdevirtualize-at-ltrans -fipa-pta -fno-semantic-interposition -flto=12 -fno-plt -fno-signed-zeros -fno-trapping-math -fassociative-math -freciprocal-math -fno-math-errno -ffinite-math-only -fno-rounding-math -fno-signaling-nans -fcx-limited-range -fexcess-precision=fast -falign-functions=32 -fno-stack-protector -fno-stack-clash-protection -fstack-check=no -fno-stack-check -fuse-linker-plugin -Wl,-O4 -Wl,--as-needed -Wl,-lpthread -Wl,-lgomp -Wl,-z,norelro -Wl,-z,now -Wl,--sort-common -s'
 * FCFLAGS='-march=znver2 -pipe -g0 -O3 -fgraphite-identity -floop-nest-optimize -fdevirtualize-at-ltrans -fipa-pta -fno-semantic-interposition -flto=12 -fno-plt -fno-signed-zeros -fno-trapping-math -fassociative-math -freciprocal-math -fno-math-errno -ffinite-math-only -fno-rounding-math -fno-signaling-nans -fcx-limited-range -fexcess-precision=fast -falign-functions=32 -fno-stack-protector -fno-stack-clash-protection -fstack-check=no -fno-stack-check -fuse-linker-plugin -Wl,-O4 -Wl,--as-needed -Wl,-lpthread -Wl,-lgomp -Wl,-z,norelro -Wl,-z,now -Wl,--sort-common -s'
 * F77FLAGS='-march=znver2 -pipe -g0 -O3 -fgraphite-identity -floop-nest-optimize -fdevirtualize-at-ltrans -fipa-pta -fno-semantic-interposition -flto=12 -fno-plt -fno-signed-zeros -fno-trapping-math -fassociative-math -freciprocal-math -fno-math-errno -ffinite-math-only -fno-rounding-math -fno-signaling-nans -fcx-limited-range -fexcess-precision=fast -falign-functions=32 -fno-stack-protector -fno-stack-clash-protection -fstack-check=no -fno-stack-check -fuse-linker-plugin -Wl,-O4 -Wl,--as-needed -Wl,-lpthread -Wl,-lgomp -Wl,-z,norelro -Wl,-z,now -Wl,--sort-common -s'
 * LDFLAGS='-march=znver2 -pipe -g0 -O3 -fgraphite-identity -floop-nest-optimize -fdevirtualize-at-ltrans -fipa-pta -fno-semantic-interposition -flto=12 -fno-plt -fno-signed-zeros -fno-trapping-math -fassociative-math -freciprocal-math -fno-math-errno -ffinite-math-only -fno-rounding-math -fno-signaling-nans -fcx-limited-range -fexcess-precision=fast -falign-functions=32 -fno-stack-protector -fno-stack-clash-protection -fstack-check=no -fno-stack-check -fuse-linker-plugin -Wl,-O4 -Wl,--as-needed -Wl,-lpthread -Wl,-lgomp -Wl,-z,norelro -Wl,-z,now -Wl,--sort-common -s'
 * MAKEOPTS='-j12 -l12'
 * gcc () 11.0.0 20200531 (experimental)
 * g++ () 11.0.0 20200531 (experimental)
 * GNU ld (Gentoo 2.34 p4) 2.34.0
 * Linux ryzen.gnum.org 5.4.36 #1 SMP Thu Apr 30 04:38:28 UTC 2020 x86_64 AMD Ryzen 5 3600 6-Core Processor AuthenticAMD GNU/Linux
net-libs/http-parser: 2 minutes, 14 seconds average for 16 merges
2020-05-15T03:29:56 >>> net-libs/http-parser: 14 seconds
2020-05-20T00:56:43 >>> net-libs/http-parser: 18 seconds
2020-05-21T05:52:44 >>> net-libs/http-parser: 6 seconds
2020-05-22T01:56:13 >>> net-libs/http-parser: 7 minutes, 48 seconds
2020-05-22T03:07:40 >>> net-libs/http-parser: 8 minutes, 14 seconds
2020-05-22T12:27:03 >>> net-libs/http-parser: 8 minutes, 8 seconds
2020-05-23T03:29:08 >>> net-libs/http-parser: 7 minutes, 43 seconds
2020-05-24T22:35:17 >>> net-libs/http-parser: 17 seconds
2020-05-25T14:37:26 >>> net-libs/http-parser: 8 seconds
2020-05-25T18:17:13 >>> net-libs/http-parser: 15 seconds
2020-05-26T12:52:09 >>> net-libs/http-parser: 12 seconds
2020-05-26T13:47:13 >>> net-libs/http-parser: 18 seconds
2020-05-27T03:03:42 >>> net-libs/http-parser: 1 minute, 1 second
2020-05-28T13:25:27 >>> net-libs/http-parser: 15 seconds
2020-05-30T12:32:22 >>> net-libs/http-parser: 42 seconds
2020-05-30T21:33:34 >>> net-libs/http-parser: 10 seconds
]0;emerge 01:47:19 1590968840:  === Unmerging... (sys-firmware/ipxe-1.0.0_p20190728) http-parser 00:22 (root@ryzen.gnum.org)kemerge 01:47:19 1590968840:  === Unmerging... (sys-firmware/ipxe-1.0.0_p20190728) http-parser 00:22 (root@ryzen.gnum.org)\>>> Unpacking source...
>>> Unpacking http-parser-2.9.4.tar.gz to /tmp/portage/net-libs/http-parser-2.9.4/work
>>> Source unpacked in /tmp/portage/net-libs/http-parser-2.9.4/work
>>> Preparing source in /tmp/portage/net-libs/http-parser-2.9.4/work/http-parser-2.9.4 ...
 * Will copy sources from /tmp/portage/net-libs/http-parser-2.9.4/work/http-parser-2.9.4
 * abi_x86_64.amd64: copying to /tmp/portage/net-libs/http-parser-2.9.4/work/http-parser-2.9.4-abi_x86_64.amd64
>>> Source prepared.
>>> Configuring source in /tmp/portage/net-libs/http-parser-2.9.4/work/http-parser-2.9.4 ...
 * abi_x86_64.amd64: running multilib-minimal_abi_src_configure
>>> Source configured.
>>> Compiling source in /tmp/portage/net-libs/http-parser-2.9.4/work/http-parser-2.9.4 ...
 * abi_x86_64.amd64: running multilib-minimal_abi_src_compile
make -j12 -l12 PREFIX=/usr LIBDIR=/usr/lib64 'CFLAGS_FAST=-march=znver2 -pipe -g0 -O3 -fgraphite-identity -floop-nest-optimize -fdevirtualize-at-ltrans -fipa-pta -fno-semantic-interposition -flto=12 -fno-plt -fno-signed-zeros -fno-trapping-math -fassociative-math -freciprocal-math -fno-math-errno -ffinite-math-only -fno-rounding-math -fno-signaling-nans -fcx-limited-range -fexcess-precision=fast -falign-functions=32 -fno-stack-protector -fno-stack-clash-protection -fstack-check=no -fno-stack-check -fuse-linker-plugin -Wl,-O4 -Wl,--as-needed -Wl,-lpthread -Wl,-lgomp -Wl,-z,norelro -Wl,-z,now -Wl,--sort-common -s' library 
x86_64-pc-linux-gnu-gcc -I. -DHTTP_PARSER_STRICT=0  -march=znver2 -pipe -g0 -O3 -fgraphite-identity -floop-nest-optimize -fdevirtualize-at-ltrans -fipa-pta -fno-semantic-interposition -flto=12 -fno-plt -fno-signed-zeros -fno-trapping-math -fassociative-math -freciprocal-math -fno-math-errno -ffinite-math-only -fno-rounding-math -fno-signaling-nans -fcx-limited-range -fexcess-precision=fast -falign-functions=32 -fno-stack-protector -fno-stack-clash-protection -fstack-check=no -fno-stack-check -fuse-linker-plugin -Wl,-O4 -Wl,--as-needed -Wl,-lpthread -Wl,-lgomp -Wl,-z,norelro -Wl,-z,now -Wl,--sort-common -s -fPIC -c http_parser.c -o libhttp_parser.o
x86_64-pc-linux-gnu-gcc -march=znver2 -pipe -g0 -O3 -fgraphite-identity -floop-nest-optimize -fdevirtualize-at-ltrans -fipa-pta -fno-semantic-interposition -flto=12 -fno-plt -fno-signed-zeros -fno-trapping-math -fassociative-math -freciprocal-math -fno-math-errno -ffinite-math-only -fno-rounding-math -fno-signaling-nans -fcx-limited-range -fexcess-precision=fast -falign-functions=32 -fno-stack-protector -fno-stack-clash-protection -fstack-check=no -fno-stack-check -fuse-linker-plugin -Wl,-O4 -Wl,--as-needed -Wl,-lpthread -Wl,-lgomp -Wl,-z,norelro -Wl,-z,now -Wl,--sort-common -s -shared -Wl,-soname=libhttp_parser.so.2.9 -o libhttp_parser.so.2.9.4 libhttp_parser.o
>>> Source compiled.
>>> Test phase [not enabled]: net-libs/http-parser-2.9.4

>>> Install net-libs/http-parser-2.9.4 into /tmp/portage/net-libs/http-parser-2.9.4/image
 * abi_x86_64.amd64: running multilib-minimal_abi_src_install
make -j12 -l12 DESTDIR=/tmp/portage/net-libs/http-parser-2.9.4/image PREFIX=/usr LIBDIR=/usr/lib64 install 
x86_64-pc-linux-gnu-gcc -march=znver2 -pipe -g0 -O3 -fgraphite-identity -floop-nest-optimize -fdevirtualize-at-ltrans -fipa-pta -fno-semantic-interposition -flto=12 -fno-plt -fno-signed-zeros -fno-trapping-math -fassociative-math -freciprocal-math -fno-math-errno -ffinite-math-only -fno-rounding-math -fno-signaling-nans -fcx-limited-range -fexcess-precision=fast -falign-functions=32 -fno-stack-protector -fno-stack-clash-protection -fstack-check=no -fno-stack-check -fuse-linker-plugin -Wl,-O4 -Wl,--as-needed -Wl,-lpthread -Wl,-lgomp -Wl,-z,norelro -Wl,-z,now -Wl,--sort-common -s -shared -Wl,-soname=libhttp_parser.so.2.9 -o libhttp_parser.so.2.9.4 libhttp_parser.o
install -D  http_parser.h /tmp/portage/net-libs/http-parser-2.9.4/image/usr/include/http_parser.h
install -D libhttp_parser.so.2.9.4 /tmp/portage/net-libs/http-parser-2.9.4/image/usr/lib64/libhttp_parser.so.2.9.4
ln -sf libhttp_parser.so.2.9.4 /tmp/portage/net-libs/http-parser-2.9.4/image/usr/lib64/libhttp_parser.so.2.9
ln -sf libhttp_parser.so.2.9.4 /tmp/portage/net-libs/http-parser-2.9.4/image/usr/lib64/libhttp_parser.so
>>> Completed installing net-libs/http-parser-2.9.4 into /tmp/portage/net-libs/http-parser-2.9.4/image

 * Final size of build directory: 708 KiB
 * Final size of installed tree:  108 KiB



 * QA Notice: Pre-stripped files found:
 * /usr/lib64/libhttp_parser.so.2.9.4
./
./usr/
./usr/include/
./usr/include/http_parser.h
./usr/share/
./usr/share/doc/
./usr/share/doc/http-parser-2.9.4/
./usr/share/doc/http-parser-2.9.4/README.md.bz2
./usr/share/doc/http-parser-2.9.4/AUTHORS.bz2
./usr/lib64/
./usr/lib64/libhttp_parser.so.2.9.4
./usr/lib64/libhttp_parser.so.2.9
./usr/lib64/libhttp_parser.so
>>> Done.
 * checking 4 files for package collisions
>>> Merging net-libs/http-parser-2.9.4 to /
 * removing unneeded *.la files
--- /usr/
--- /usr/lib64/
>>> /usr/lib64/libhttp_parser.so -> libhttp_parser.so.2.9.4
>>> /usr/lib64/libhttp_parser.so.2.9 -> libhttp_parser.so.2.9.4
>>> /usr/lib64/libhttp_parser.so.2.9.4
--- /usr/include/
>>> /usr/include/http_parser.h
>>> Safely unmerging already-installed instance...
>>> Original instance of package unmerged safely.
>>> net-libs/http-parser-2.9.4 merged.
>>> Regenerating /etc/ld.so.cache...
