 * Package:    net-analyzer/openbsd-netcat-1.195
 * Repository: gentoo
 * Maintainer: heroxbd@gentoo.org
 * USE:        abi_x86_64 amd64 elibc_glibc kernel_linux userland_GNU
 * FEATURES:   ccache network-sandbox preserve-libs userpriv
 * /etc/portage/package.cflags/ltoworkarounds.conf -> */*: *FLAGS+=-Wl,-O4 *FLAGS-=-Wl,-O1
 * FEATURES='assume-digests binpkg-docompress binpkg-dostrip binpkg-logs buildpkg ccache cgroup compress-index config-protect-if-modified distlocks ebuild-locks fixlafiles merge-sync multilib-strict network-sandbox news nodoc parallel-fetch preserve-libs qa-unresolved-soname-deps sfperms strict strict-keepdir unknown-features-warn unmerge-logs unmerge-orphans userfetch userpriv usersync xattr'
 * CFLAGS='-O2 -pipe -Wl,-O4 -Wl,-O4,--sort-common,--as-needed,-z,norelro,-z,now'
 * CXXFLAGS='-O2 -pipe -Wl,-O4 -Wl,-O4,--sort-common,--as-needed,-z,norelro,-z,now'
 * FFLAGS='-O2 -pipe -Wl,-O4 -Wl,-O4,--sort-common,--as-needed,-z,norelro,-z,now'
 * FCFLAGS='-O2 -pipe -Wl,-O4 -Wl,-O4,--sort-common,--as-needed,-z,norelro,-z,now'
 * F77FLAGS='-O2 -pipe -Wl,-O4 -Wl,-O4,--sort-common,--as-needed,-z,norelro,-z,now'
 * LDFLAGS='-Wl,-O4,--sort-common,--as-needed,-z,norelro,-z,now'
 * MAKEOPTS='-j12 -l12'
 * gcc (Gentoo 11.0.0_pre9999 p1, commit 184c21bf1cd04a108ed9bd04635e7d57ac39f616) 11.0.0 20200611 (experimental)
 * g++ (Gentoo 11.0.0_pre9999 p1, commit 184c21bf1cd04a108ed9bd04635e7d57ac39f616) 11.0.0 20200611 (experimental)
 * GNU ld (Gentoo 2.34 p4) 2.34.0
 * Linux rescue 5.4.36 #1 SMP Thu Apr 30 04:38:28 UTC 2020 x86_64 AMD Ryzen 5 3600 6-Core Processor AuthenticAMD GNU/Linux
net-analyzer/openbsd-netcat: 11 seconds average for 9 merges
2020-05-20T08:31:38 >>> net-analyzer/openbsd-netcat: 11 seconds
2020-05-21T06:16:12 >>> net-analyzer/openbsd-netcat: 6 seconds
2020-05-23T11:45:35 >>> net-analyzer/openbsd-netcat: 11 seconds
2020-05-25T18:44:25 >>> net-analyzer/openbsd-netcat: 13 seconds
2020-05-26T14:10:49 >>> net-analyzer/openbsd-netcat: 7 seconds
2020-05-27T03:36:46 >>> net-analyzer/openbsd-netcat: 11 seconds
2020-05-28T14:35:03 >>> net-analyzer/openbsd-netcat: 9 seconds
2020-05-30T13:06:00 >>> net-analyzer/openbsd-netcat: 18 seconds
2020-06-01T02:17:27 >>> net-analyzer/openbsd-netcat: 14 seconds
]0;emerge 03:43:38 261|907 openbsd-netcat 00:14 (root@rescue)kemerge 03:43:38 261|907 openbsd-netcat 00:14 (root@rescue)\>>> Unpacking source...
>>> Unpacking netcat-openbsd_1.195.orig.tar.gz to /tmp/portage/net-analyzer/openbsd-netcat-1.195/work
>>> Unpacking netcat-openbsd_1.195-2.debian.tar.xz to /tmp/portage/net-analyzer/openbsd-netcat-1.195/work
>>> Source unpacked in /tmp/portage/net-analyzer/openbsd-netcat-1.195/work
>>> Preparing source in /tmp/portage/net-analyzer/openbsd-netcat-1.195/work/netcat-openbsd-1.195 ...
 * Applying port-to-linux-with-libsd.patch ...
 [ ok ]
 * Applying build-without-TLS-support.patch ...
 [ ok ]
 * Applying connect-timeout.patch ...
 [ ok ]
 * Applying get-sev-by-name.patch ...
 [ ok ]
 * Applying send-crlf.patch ...
 [ ok ]
 * Applying quit-timer.patch ...
 [ ok ]
 * Applying udp-scan-timeout.patch ...
 [ ok ]
 * Applying verbose-numeric-port.patch ...
 [ ok ]
 * Applying dccp-support.patch ...
 [ ok ]
 * Applying broadcast-support.patch ...
 [ ok ]
 * Applying serialized-handling-multiple-clients.patch ...
 [ ok ]
 * Applying set-TCP-MD5SIG-correctly-for-client-connections.patch ...
 [ ok ]
 * Applying destination-port-list.patch ...
 [ ok ]
 * Applying use-flags-to-specify-listen-address.patch ...
 [ ok ]
 * Applying misc-failures-and-features.patch ...
 [ ok ]
>>> Source prepared.
>>> Configuring source in /tmp/portage/net-analyzer/openbsd-netcat-1.195/work/netcat-openbsd-1.195 ...
>>> Source configured.
>>> Compiling source in /tmp/portage/net-analyzer/openbsd-netcat-1.195/work/netcat-openbsd-1.195 ...
make -j12 -l12 CC=x86_64-pc-linux-gnu-gcc 'CFLAGS=-O2 -pipe -Wl,-O4 -Wl,-O4,--sort-common,--as-needed,-z,norelro,-z,now' LDFLAGS=-Wl,-O4,--sort-common,--as-needed,-z,norelro,-z,now 
x86_64-pc-linux-gnu-gcc -O2 -pipe -Wl,-O4 -Wl,-O4,--sort-common,--as-needed,-z,norelro,-z,now -c netcat.c -o netcat.o
x86_64-pc-linux-gnu-gcc -O2 -pipe -Wl,-O4 -Wl,-O4,--sort-common,--as-needed,-z,norelro,-z,now -c atomicio.c -o atomicio.o
x86_64-pc-linux-gnu-gcc -O2 -pipe -Wl,-O4 -Wl,-O4,--sort-common,--as-needed,-z,norelro,-z,now -c socks.c -o socks.o
x86_64-pc-linux-gnu-gcc -O2 -pipe -Wl,-O4 -Wl,-O4,--sort-common,--as-needed,-z,norelro,-z,now -Wl,-O4,--sort-common,--as-needed,-z,norelro,-z,now netcat.o atomicio.o socks.o `pkg-config --libs libbsd` -lresolv -o nc
>>> Source compiled.
>>> Test phase [not enabled]: net-analyzer/openbsd-netcat-1.195

>>> Install net-analyzer/openbsd-netcat-1.195 into /tmp/portage/net-analyzer/openbsd-netcat-1.195/image
>>> Completed installing net-analyzer/openbsd-netcat-1.195 into /tmp/portage/net-analyzer/openbsd-netcat-1.195/image

 * Final size of build directory: 456 KiB
 * Final size of installed tree:  164 KiB

strip: x86_64-pc-linux-gnu-strip --strip-unneeded -N __gentoo_check_ldflags__ -R .comment -R .GCC.command.line -R .note.gnu.gold-version
   /usr/bin/nc
./
./usr/
./usr/bin/
./usr/bin/nc
./usr/share/
./usr/share/man/
./usr/share/man/man1/
./usr/share/man/man1/nc.1.bz2
./usr/share/doc/
./usr/share/doc/openbsd-netcat-1.195/
./usr/share/doc/openbsd-netcat-1.195/README.bz2
./usr/share/doc/openbsd-netcat-1.195/examples/
./usr/share/doc/openbsd-netcat-1.195/examples/bsh.bz2
./usr/share/doc/openbsd-netcat-1.195/examples/irc.bz2
./usr/share/doc/openbsd-netcat-1.195/examples/README.bz2
./usr/share/doc/openbsd-netcat-1.195/examples/iscan.bz2
./usr/share/doc/openbsd-netcat-1.195/examples/websearch.bz2
./usr/share/doc/openbsd-netcat-1.195/examples/dist.sh.bz2
./usr/share/doc/openbsd-netcat-1.195/examples/alta.bz2
./usr/share/doc/openbsd-netcat-1.195/examples/probe.bz2
./usr/share/doc/openbsd-netcat-1.195/examples/ncp.bz2
./usr/share/doc/openbsd-netcat-1.195/examples/webproxy.bz2
./usr/share/doc/openbsd-netcat-1.195/examples/web.bz2
./usr/share/doc/openbsd-netcat-1.195/examples/webrelay.bz2
./usr/share/doc/openbsd-netcat-1.195/examples/contrib/
./usr/share/doc/openbsd-netcat-1.195/examples/contrib/ncmeter.bz2
>>> Done.
 * checking 2 files for package collisions
>>> Merging net-analyzer/openbsd-netcat-1.195 to /
 * removing unneeded *.la files
--- /usr/
--- /usr/share/
--- /usr/share/man/
--- /usr/share/man/man1/
>>> /usr/share/man/man1/nc.1.bz2
--- /usr/bin/
>>> /usr/bin/nc
>>> Safely unmerging already-installed instance...
>>> Original instance of package unmerged safely.
 * SO_REUSEPORT is introduced in linux 3.9. If your running kernel is older
 * and kernel header is newer, nc will not listen correctly. Matching the header
 * to the running kernel will do. See bug #490246 for details.
>>> net-analyzer/openbsd-netcat-1.195 merged.
