>>> Extracting info
 * Package:    net-libs/libmbim-1.18.0
 * Repository: gentoo
 * USE:        amd64 abi_x86_64 kernel_linux udev userland_GNU elibc_glibc
 * FEATURES:   ccache network-sandbox preserve-libs sandbox userpriv usersandbox
 * /etc/portage/package.cflags/ltoworkarounds.conf -> net-libs/libmbim: *FLAGS-="${NOCOMMON}"
 * FEATURES='assume-digests binpkg-docompress binpkg-dostrip binpkg-logs binpkg-multi-instance buildpkg ccache cgroup compress-index config-protect-if-modified distlocks downgrade-backup fixlafiles ipc-sandbox merge-sync multilib-strict network-sandbox news nodoc parallel-fetch parallel-install pid-sandbox preserve-libs qa-unresolved-soname-deps sandbox sfperms strict unknown-features-warn unmerge-backup unmerge-logs unmerge-orphans userfetch userpriv usersandbox usersync xattr'
 * CFLAGS='-march=native -O3 -fdevirtualize-at-ltrans -fipa-pta -fno-semantic-interposition -fno-signed-zeros -fno-trapping-math -fassociative-math -freciprocal-math -fno-math-errno -ffinite-math-only -fno-rounding-math -fno-signaling-nans -fcx-limited-range -fexcess-precision=fast -fno-plt -pipe -g0 -fno-stack-protector -fno-stack-clash-protection -fstack-check=no -fno-stack-check -Wl,-O4,--hash-style=gnu,--sort-common,--as-needed,-z,relro,-z,now,-lgomp,-lpthread'
 * CXXFLAGS='-march=native -O3 -fdevirtualize-at-ltrans -fipa-pta -fno-semantic-interposition -fno-signed-zeros -fno-trapping-math -fassociative-math -freciprocal-math -fno-math-errno -ffinite-math-only -fno-rounding-math -fno-signaling-nans -fcx-limited-range -fexcess-precision=fast -fno-plt -pipe -g0 -fno-stack-protector -fno-stack-clash-protection -fstack-check=no -fno-stack-check -Wl,-O4,--hash-style=gnu,--sort-common,--as-needed,-z,relro,-z,now,-lgomp,-lpthread'
 * FFLAGS='-march=native -O3 -fdevirtualize-at-ltrans -fipa-pta -fno-semantic-interposition -fno-signed-zeros -fno-trapping-math -fassociative-math -freciprocal-math -fno-math-errno -ffinite-math-only -fno-rounding-math -fno-signaling-nans -fcx-limited-range -fexcess-precision=fast -fno-plt -pipe -g0 -fno-stack-protector -fno-stack-clash-protection -fstack-check=no -fno-stack-check -Wl,-O4,--hash-style=gnu,--sort-common,--as-needed,-z,relro,-z,now,-lgomp,-lpthread'
 * FCFLAGS='-march=native -O3 -fdevirtualize-at-ltrans -fipa-pta -fno-semantic-interposition -fno-signed-zeros -fno-trapping-math -fassociative-math -freciprocal-math -fno-math-errno -ffinite-math-only -fno-rounding-math -fno-signaling-nans -fcx-limited-range -fexcess-precision=fast -fno-plt -pipe -g0 -fno-stack-protector -fno-stack-clash-protection -fstack-check=no -fno-stack-check -Wl,-O4,--hash-style=gnu,--sort-common,--as-needed,-z,relro,-z,now,-lgomp,-lpthread'
 * F77FLAGS='-march=native -O3 -fdevirtualize-at-ltrans -fipa-pta -fno-semantic-interposition -fno-signed-zeros -fno-trapping-math -fassociative-math -freciprocal-math -fno-math-errno -ffinite-math-only -fno-rounding-math -fno-signaling-nans -fcx-limited-range -fexcess-precision=fast -fno-plt -pipe -g0 -fno-stack-protector -fno-stack-clash-protection -fstack-check=no -fno-stack-check -Wl,-O4,--hash-style=gnu,--sort-common,--as-needed,-z,relro,-z,now,-lgomp,-lpthread'
 * LDFLAGS='-Wl,-O4,--hash-style=gnu,--sort-common,--as-needed,-z,relro,-z,now,-lgomp,-lpthread'
 * MAKEOPTS='-j12'
 * gcc (Gentoo 10.1.0 p1) 10.1.0
 * g++ (Gentoo 10.1.0 p1) 10.1.0
 * GNU ld (Gentoo 2.34 p1) 2.34.0
 * Linux ryzen.gnum.org 5.4.36 #1 SMP Thu Apr 30 04:38:28 UTC 2020 x86_64 AMD Ryzen 5 3600 6-Core Processor AuthenticAMD GNU/Linux
]0;emerge 02:18:01 44|209 libmbim (root@ryzen.gnum.org)>>> Extracting net-libs/libmbim-1.18.0
 * checking 80 files for package collisions
>>> Merging net-libs/libmbim-1.18.0 to /
 * removing unneeded *.la files
--- /usr/
--- /usr/lib64/
--- /usr/lib64/pkgconfig/
>>> /usr/lib64/pkgconfig/mbim-glib.pc
>>> /usr/lib64/libmbim-glib.so.4.4.0
>>> /usr/lib64/libmbim-glib.so.4 -> libmbim-glib.so.4.4.0
--- /usr/share/
--- /usr/share/man/
--- /usr/share/man/man1/
>>> /usr/share/man/man1/mbimcli.1.bz2
>>> /usr/share/man/man1/mbim-network.1.bz2
--- /usr/share/bash-completion/
--- /usr/share/bash-completion/completions/
>>> /usr/share/bash-completion/completions/mbimcli
--- /usr/share/gtk-doc/
--- /usr/share/gtk-doc/html/
>>> /usr/share/gtk-doc/html/libmbim-glib/
>>> /usr/share/gtk-doc/html/libmbim-glib/ch06.html
>>> /usr/share/gtk-doc/html/libmbim-glib/libmbim-glib-ATDS.html
>>> /usr/share/gtk-doc/html/libmbim-glib/right.png
>>> /usr/share/gtk-doc/html/libmbim-glib/ch01.html
>>> /usr/share/gtk-doc/html/libmbim-glib/ch05.html
>>> /usr/share/gtk-doc/html/libmbim-glib/object-tree.html
>>> /usr/share/gtk-doc/html/libmbim-glib/libmbim-glib-Enumerations-and-Flags.html
>>> /usr/share/gtk-doc/html/libmbim-glib/api-index-full.html
>>> /usr/share/gtk-doc/html/libmbim-glib/libmbim-glib-USSD.html
>>> /usr/share/gtk-doc/html/libmbim-glib/libmbim-glib-Auth.html
>>> /usr/share/gtk-doc/html/libmbim-glib/ch03.html
>>> /usr/share/gtk-doc/html/libmbim-glib/index.html
>>> /usr/share/gtk-doc/html/libmbim-glib/up-insensitive.png
>>> /usr/share/gtk-doc/html/libmbim-glib/MbimDevice.html
>>> /usr/share/gtk-doc/html/libmbim-glib/MbimProxy.html
>>> /usr/share/gtk-doc/html/libmbim-glib/libmbim-glib-Version-checks.html
>>> /usr/share/gtk-doc/html/libmbim-glib/libmbim-glib-Phonebook.html
>>> /usr/share/gtk-doc/html/libmbim-glib/libmbim-glib-Errors.html
>>> /usr/share/gtk-doc/html/libmbim-glib/right-insensitive.png
>>> /usr/share/gtk-doc/html/libmbim-glib/ch04.html
>>> /usr/share/gtk-doc/html/libmbim-glib/libmbim-glib-Basic-Connect.html
>>> /usr/share/gtk-doc/html/libmbim-glib/libmbim-glib-MS-Firmware-ID.html
>>> /usr/share/gtk-doc/html/libmbim-glib/left-insensitive.png
>>> /usr/share/gtk-doc/html/libmbim-glib/libmbim-glib-Command-IDs.html
>>> /usr/share/gtk-doc/html/libmbim-glib/left.png
>>> /usr/share/gtk-doc/html/libmbim-glib/style.css
>>> /usr/share/gtk-doc/html/libmbim-glib/MbimMessage.html
>>> /usr/share/gtk-doc/html/libmbim-glib/libmbim-glib-QMI.html
>>> /usr/share/gtk-doc/html/libmbim-glib/up.png
>>> /usr/share/gtk-doc/html/libmbim-glib/ch02.html
>>> /usr/share/gtk-doc/html/libmbim-glib/libmbim-glib-STK.html
>>> /usr/share/gtk-doc/html/libmbim-glib/libmbim-glib-Ms-Basic-Connect-Extensions.html
>>> /usr/share/gtk-doc/html/libmbim-glib/libmbim-glib-Deprecated-API.html
>>> /usr/share/gtk-doc/html/libmbim-glib/ch07.html
>>> /usr/share/gtk-doc/html/libmbim-glib/home.png
>>> /usr/share/gtk-doc/html/libmbim-glib/libmbim-glib-DSS.html
>>> /usr/share/gtk-doc/html/libmbim-glib/annotation-glossary.html
>>> /usr/share/gtk-doc/html/libmbim-glib/libmbim-glib-Intel-Firmware-Update.html
>>> /usr/share/gtk-doc/html/libmbim-glib/libmbim-glib.devhelp2
>>> /usr/share/gtk-doc/html/libmbim-glib/libmbim-glib-SMS.html
>>> /usr/share/gtk-doc/html/libmbim-glib/libmbim-glib-UUIDs.html
>>> /usr/share/gtk-doc/html/libmbim-glib/libmbim-glib-Common-utilities.html
>>> /usr/share/gtk-doc/html/libmbim-glib/libmbim-glib-MS-Host-Shutdown.html
--- /usr/include/
>>> /usr/include/libmbim-glib/
>>> /usr/include/libmbim-glib/mbim-ussd.h
>>> /usr/include/libmbim-glib/mbim-ms-basic-connect-extensions.h
>>> /usr/include/libmbim-glib/libmbim-glib.h
>>> /usr/include/libmbim-glib/mbim-ms-firmware-id.h
>>> /usr/include/libmbim-glib/mbim-proxy-control.h
>>> /usr/include/libmbim-glib/mbim-auth.h
>>> /usr/include/libmbim-glib/mbim-device.h
>>> /usr/include/libmbim-glib/mbim-message.h
>>> /usr/include/libmbim-glib/mbim-ms-host-shutdown.h
>>> /usr/include/libmbim-glib/mbim-uuid.h
>>> /usr/include/libmbim-glib/mbim-basic-connect.h
>>> /usr/include/libmbim-glib/mbim-errors.h
>>> /usr/include/libmbim-glib/mbim-qmi.h
>>> /usr/include/libmbim-glib/mbim-phonebook.h
>>> /usr/include/libmbim-glib/mbim-intel-firmware-update.h
>>> /usr/include/libmbim-glib/mbim-dss.h
>>> /usr/include/libmbim-glib/mbim-version.h
>>> /usr/include/libmbim-glib/mbim-error-types.h
>>> /usr/include/libmbim-glib/mbim-sms.h
>>> /usr/include/libmbim-glib/mbim-compat.h
>>> /usr/include/libmbim-glib/mbim-enums.h
>>> /usr/include/libmbim-glib/mbim-stk.h
>>> /usr/include/libmbim-glib/mbim-proxy.h
>>> /usr/include/libmbim-glib/mbim-cid.h
>>> /usr/include/libmbim-glib/mbim-utils.h
>>> /usr/include/libmbim-glib/mbim-atds.h
>>> /usr/include/libmbim-glib/mbim-enum-types.h
--- /usr/bin/
>>> /usr/bin/mbimcli
>>> /usr/bin/mbim-network
--- /usr/libexec/
>>> /usr/libexec/mbim-proxy
>>> /usr/lib64/libmbim-glib.so -> libmbim-glib.so.4.4.0
>>> net-libs/libmbim-1.18.0 merged.
>>> Regenerating /etc/ld.so.cache...
