>>> Extracting info
 * Package:    net-p2p/qbittorrent-4.2.5
 * Repository: gentoo
 * USE:        amd64 webui userland_GNU abi_x86_64 elibc_glibc kernel_linux X
 * FEATURES:   ccache preserve-libs userpriv
 * FEATURES='assume-digests binpkg-docompress binpkg-dostrip binpkg-logs buildpkg ccache cgroup compress-index config-protect-if-modified distlocks ebuild-locks fixlafiles merge-sync multilib-strict news nodoc parallel-fetch preserve-libs qa-unresolved-soname-deps sfperms strict strict-keepdir unknown-features-warn unmerge-logs unmerge-orphans userfetch userpriv usersync xattr'
 * CFLAGS='-O2 -pipe -Wl,-O1,--sort-common,--as-needed,-z,norelro,-z,now'
 * CXXFLAGS='-O2 -pipe -Wl,-O1,--sort-common,--as-needed,-z,norelro,-z,now'
 * FFLAGS='-O2 -pipe -Wl,-O1,--sort-common,--as-needed,-z,norelro,-z,now'
 * FCFLAGS='-O2 -pipe -Wl,-O1,--sort-common,--as-needed,-z,norelro,-z,now'
 * F77FLAGS='-O2 -pipe -Wl,-O1,--sort-common,--as-needed,-z,norelro,-z,now'
 * LDFLAGS='-Wl,-O1,--sort-common,--as-needed,-z,norelro,-z,now'
 * MAKEOPTS='-j12 -l12'
 * gcc (Gentoo 11.0.0_pre9999 p1, commit 184c21bf1cd04a108ed9bd04635e7d57ac39f616) 11.0.0 20200611 (experimental)
 * g++ (Gentoo 11.0.0_pre9999 p1, commit 184c21bf1cd04a108ed9bd04635e7d57ac39f616) 11.0.0 20200611 (experimental)
 * GNU ld (Gentoo 2.34 p4) 2.34.0
 * Linux rescue 5.4.36 #1 SMP Thu Apr 30 04:38:28 UTC 2020 x86_64 AMD Ryzen 5 3600 6-Core Processor AuthenticAMD GNU/Linux
net-p2p/qbittorrent: 3 minutes, 14 seconds average for 5 merges
2020-05-20T08:57:54 >>> net-p2p/qbittorrent: 1 minute, 29 seconds
2020-05-20T13:21:46 >>> net-p2p/qbittorrent: 8 seconds
2020-05-31T00:22:40 >>> net-p2p/qbittorrent: 3 minutes, 12 seconds
2020-06-01T10:30:19 >>> net-p2p/qbittorrent: 4 minutes, 21 seconds
2020-06-12T13:18:33 >>> net-p2p/qbittorrent: 7 minutes, 1 second
]0;emerge 20:55:49 752|882 qbittorrent 04:51 (root@rescue)>>> Extracting net-p2p/qbittorrent-4.2.5
 * checking 30 files for package collisions
>>> Merging net-p2p/qbittorrent-4.2.5 to /
 * removing unneeded *.la files
--- /usr/
--- /usr/share/
--- /usr/share/applications/
>>> /usr/share/applications/org.qbittorrent.qBittorrent.desktop
--- /usr/share/pixmaps/
>>> /usr/share/pixmaps/qbittorrent.png
--- /usr/share/metainfo/
>>> /usr/share/metainfo/org.qbittorrent.qBittorrent.appdata.xml
--- /usr/share/man/
--- /usr/share/man/man1/
>>> /usr/share/man/man1/qbittorrent.1.bz2
--- /usr/share/icons/
--- /usr/share/icons/hicolor/
--- /usr/share/icons/hicolor/36x36/
--- /usr/share/icons/hicolor/36x36/status/
>>> /usr/share/icons/hicolor/36x36/status/qbittorrent-tray.png
--- /usr/share/icons/hicolor/36x36/apps/
>>> /usr/share/icons/hicolor/36x36/apps/qbittorrent.png
--- /usr/share/icons/hicolor/scalable/
--- /usr/share/icons/hicolor/scalable/status/
>>> /usr/share/icons/hicolor/scalable/status/qbittorrent-tray-dark.svg
>>> /usr/share/icons/hicolor/scalable/status/qbittorrent-tray-light.svg
>>> /usr/share/icons/hicolor/scalable/status/qbittorrent-tray.svg
--- /usr/share/icons/hicolor/192x192/
--- /usr/share/icons/hicolor/192x192/status/
>>> /usr/share/icons/hicolor/192x192/status/qbittorrent-tray.png
--- /usr/share/icons/hicolor/192x192/apps/
>>> /usr/share/icons/hicolor/192x192/apps/qbittorrent.png
--- /usr/share/icons/hicolor/48x48/
--- /usr/share/icons/hicolor/48x48/status/
>>> /usr/share/icons/hicolor/48x48/status/qbittorrent-tray.png
--- /usr/share/icons/hicolor/48x48/apps/
>>> /usr/share/icons/hicolor/48x48/apps/qbittorrent.png
--- /usr/share/icons/hicolor/72x72/
--- /usr/share/icons/hicolor/72x72/status/
>>> /usr/share/icons/hicolor/72x72/status/qbittorrent-tray.png
--- /usr/share/icons/hicolor/72x72/apps/
>>> /usr/share/icons/hicolor/72x72/apps/qbittorrent.png
--- /usr/share/icons/hicolor/22x22/
--- /usr/share/icons/hicolor/22x22/status/
>>> /usr/share/icons/hicolor/22x22/status/qbittorrent-tray.png
--- /usr/share/icons/hicolor/22x22/apps/
>>> /usr/share/icons/hicolor/22x22/apps/qbittorrent.png
--- /usr/share/icons/hicolor/32x32/
--- /usr/share/icons/hicolor/32x32/status/
>>> /usr/share/icons/hicolor/32x32/status/qbittorrent-tray.png
--- /usr/share/icons/hicolor/32x32/apps/
>>> /usr/share/icons/hicolor/32x32/apps/qbittorrent.png
--- /usr/share/icons/hicolor/96x96/
--- /usr/share/icons/hicolor/96x96/status/
>>> /usr/share/icons/hicolor/96x96/status/qbittorrent-tray.png
--- /usr/share/icons/hicolor/96x96/apps/
>>> /usr/share/icons/hicolor/96x96/apps/qbittorrent.png
--- /usr/share/icons/hicolor/128x128/
--- /usr/share/icons/hicolor/128x128/status/
>>> /usr/share/icons/hicolor/128x128/status/qbittorrent-tray.png
--- /usr/share/icons/hicolor/128x128/apps/
>>> /usr/share/icons/hicolor/128x128/apps/qbittorrent.png
--- /usr/share/icons/hicolor/24x24/
--- /usr/share/icons/hicolor/24x24/status/
>>> /usr/share/icons/hicolor/24x24/status/qbittorrent-tray.png
--- /usr/share/icons/hicolor/24x24/apps/
>>> /usr/share/icons/hicolor/24x24/apps/qbittorrent.png
--- /usr/share/icons/hicolor/16x16/
--- /usr/share/icons/hicolor/16x16/status/
>>> /usr/share/icons/hicolor/16x16/status/qbittorrent-tray.png
--- /usr/share/icons/hicolor/16x16/apps/
>>> /usr/share/icons/hicolor/16x16/apps/qbittorrent.png
--- /usr/share/icons/hicolor/64x64/
--- /usr/share/icons/hicolor/64x64/status/
>>> /usr/share/icons/hicolor/64x64/status/qbittorrent-tray.png
--- /usr/share/icons/hicolor/64x64/apps/
>>> /usr/share/icons/hicolor/64x64/apps/qbittorrent.png
--- /usr/bin/
>>> /usr/bin/qbittorrent
>>> Safely unmerging already-installed instance...
>>> Original instance of package unmerged safely.
 * Updating icons cache ...
 [ ok ]
 * Updating .desktop files database ...
 [ ok ]
>>> net-p2p/qbittorrent-4.2.5 merged.
