 * Package:    net-libs/serf-1.3.9-r2
 * Repository: gentoo
 * Maintainer: arfrever.fta@gmail.com floppym@gentoo.org
 * USE:        abi_x86_64 amd64 elibc_glibc kernel_linux userland_GNU
 * FEATURES:   ccache network-sandbox preserve-libs sandbox userpriv usersandbox
 * FEATURES='assume-digests binpkg-docompress binpkg-dostrip binpkg-logs binpkg-multi-instance buildpkg ccache compress-index config-protect-if-modified distlocks downgrade-backup fixlafiles ipc-sandbox merge-sync multilib-strict network-sandbox news nodoc parallel-fetch parallel-install pid-sandbox preserve-libs qa-unresolved-soname-deps sandbox sfperms strict unknown-features-warn unmerge-backup unmerge-logs unmerge-orphans userfetch userpriv usersandbox usersync xattr'
 * CFLAGS='-march=znver2 -O3 -fgraphite-identity -floop-nest-optimize -fdevirtualize-at-ltrans -fipa-pta -fno-semantic-interposition -flto=12 -fno-plt -fno-signed-zeros -fno-trapping-math -fassociative-math -freciprocal-math -fno-math-errno -ffinite-math-only -fno-rounding-math -fno-signaling-nans -fcx-limited-range -fexcess-precision=fast -falign-functions=32 -fno-stack-protector -fno-stack-clash-protection -fstack-check=no -fno-stack-check -fuse-linker-plugin -pipe -g0 -Wl,-O1 -Wl,--as-needed -Wl,-z,norelro -Wl,-z,now -Wl,--sort-common -s'
 * CXXFLAGS='-march=znver2 -O3 -fgraphite-identity -floop-nest-optimize -fdevirtualize-at-ltrans -fipa-pta -fno-semantic-interposition -flto=12 -fno-plt -fno-signed-zeros -fno-trapping-math -fassociative-math -freciprocal-math -fno-math-errno -ffinite-math-only -fno-rounding-math -fno-signaling-nans -fcx-limited-range -fexcess-precision=fast -falign-functions=32 -fno-stack-protector -fno-stack-clash-protection -fstack-check=no -fno-stack-check -fuse-linker-plugin -pipe -g0 -Wl,-O1 -Wl,--as-needed -Wl,-z,norelro -Wl,-z,now -Wl,--sort-common -s'
 * FFLAGS='-march=znver2 -O3 -fgraphite-identity -floop-nest-optimize -fdevirtualize-at-ltrans -fipa-pta -fno-semantic-interposition -flto=12 -fno-plt -fno-signed-zeros -fno-trapping-math -fassociative-math -freciprocal-math -fno-math-errno -ffinite-math-only -fno-rounding-math -fno-signaling-nans -fcx-limited-range -fexcess-precision=fast -falign-functions=32 -fno-stack-protector -fno-stack-clash-protection -fstack-check=no -fno-stack-check -fuse-linker-plugin -pipe -g0 -Wl,-O1 -Wl,--as-needed -Wl,-z,norelro -Wl,-z,now -Wl,--sort-common -s'
 * FCFLAGS='-march=znver2 -O3 -fgraphite-identity -floop-nest-optimize -fdevirtualize-at-ltrans -fipa-pta -fno-semantic-interposition -flto=12 -fno-plt -fno-signed-zeros -fno-trapping-math -fassociative-math -freciprocal-math -fno-math-errno -ffinite-math-only -fno-rounding-math -fno-signaling-nans -fcx-limited-range -fexcess-precision=fast -falign-functions=32 -fno-stack-protector -fno-stack-clash-protection -fstack-check=no -fno-stack-check -fuse-linker-plugin -pipe -g0 -Wl,-O1 -Wl,--as-needed -Wl,-z,norelro -Wl,-z,now -Wl,--sort-common -s'
 * F77FLAGS='-march=znver2 -O3 -fgraphite-identity -floop-nest-optimize -fdevirtualize-at-ltrans -fipa-pta -fno-semantic-interposition -flto=12 -fno-plt -fno-signed-zeros -fno-trapping-math -fassociative-math -freciprocal-math -fno-math-errno -ffinite-math-only -fno-rounding-math -fno-signaling-nans -fcx-limited-range -fexcess-precision=fast -falign-functions=32 -fno-stack-protector -fno-stack-clash-protection -fstack-check=no -fno-stack-check -fuse-linker-plugin -pipe -g0 -Wl,-O1 -Wl,--as-needed -Wl,-z,norelro -Wl,-z,now -Wl,--sort-common -s'
 * LDFLAGS='-Wl,-O1 -Wl,--as-needed -Wl,-z,norelro -Wl,-z,now -Wl,--sort-common -s -march=znver2 -O3 -fgraphite-identity -floop-nest-optimize -fdevirtualize-at-ltrans -fipa-pta -fno-semantic-interposition -flto=12 -fno-plt -fno-signed-zeros -fno-trapping-math -fassociative-math -freciprocal-math -fno-math-errno -ffinite-math-only -fno-rounding-math -fno-signaling-nans -fcx-limited-range -fexcess-precision=fast -falign-functions=32 -fno-stack-protector -fno-stack-clash-protection -fstack-check=no -fno-stack-check -fuse-linker-plugin -pipe -g0'
 * MAKEOPTS='-j12 -l12'
 * gcc () 11.0.0 20200530 (experimental)
 * g++ () 11.0.0 20200530 (experimental)
 * GNU ld (Gentoo 2.34 p4) 2.34.0
 * Linux ryzen.gnum.org 5.4.36 #1 SMP Thu Apr 30 04:38:28 UTC 2020 x86_64 AMD Ryzen 5 3600 6-Core Processor AuthenticAMD GNU/Linux
net-libs/serf: 13 seconds average for 3 merges
2020-05-23T22:15:24 >>> net-libs/serf: 12 seconds
2020-05-30T02:13:36 >>> net-libs/serf: 12 seconds
2020-05-31T01:27:16 >>> net-libs/serf: 15 seconds
]0;emerge 14:30:36 19|26 serf 00:13 (root@ryzen.gnum.org)kemerge 14:30:36 19|26 serf 00:13 (root@ryzen.gnum.org)\ * Using python3.8 to build
>>> Unpacking source...
>>> Unpacking serf-1.3.9.tar.bz2 to /tmp/portage/net-libs/serf-1.3.9-r2/work
>>> Source unpacked in /tmp/portage/net-libs/serf-1.3.9-r2/work
>>> Preparing source in /tmp/portage/net-libs/serf-1.3.9-r2/work/serf-1.3.9 ...
 * Applying serf-1.3.8-static-lib.patch ...
 [ ok ]
 * Applying serf-1.3.8-openssl.patch ...
 [ ok ]
 * Applying serf-1.3.9-python3.patch ...
 [ ok ]
 * Applying serf-1.3.9-python3_byte.patch ...
 [ ok ]
 * Applying serf-1.3.9-libressl.patch ...
 [ ok ]
>>> Source prepared.
>>> Configuring source in /tmp/portage/net-libs/serf-1.3.9-r2/work/serf-1.3.9 ...
>>> Source configured.
>>> Compiling source in /tmp/portage/net-libs/serf-1.3.9-r2/work/serf-1.3.9 ...
scons -j12 PREFIX=/usr LIBDIR=/usr/lib64 APR=SYSROOT='' /usr/bin/apr-1-config APU=SYSROOT='' /usr/bin/apu-1-config BUILD_STATIC=no AR=x86_64-pc-linux-gnu-ar RANLIB=x86_64-pc-linux-gnu-ranlib CC=x86_64-pc-linux-gnu-gcc CPPFLAGS= CFLAGS=-march=znver2 -O3 -fgraphite-identity -floop-nest-optimize -fdevirtualize-at-ltrans -fipa-pta -fno-semantic-interposition -flto=12 -fno-plt -fno-signed-zeros -fno-trapping-math -fassociative-math -freciprocal-math -fno-math-errno -ffinite-math-only -fno-rounding-math -fno-signaling-nans -fcx-limited-range -fexcess-precision=fast -falign-functions=32 -fno-stack-protector -fno-stack-clash-protection -fstack-check=no -fno-stack-check -fuse-linker-plugin -pipe -g0 -Wl,-O1 -Wl,--as-needed -Wl,-z,norelro -Wl,-z,now -Wl,--sort-common -s LINKFLAGS=-Wl,-O1 -Wl,--as-needed -Wl,-z,norelro -Wl,-z,now -Wl,--sort-common -s -march=znver2 -O3 -fgraphite-identity -floop-nest-optimize -fdevirtualize-at-ltrans -fipa-pta -fno-semantic-interposition -flto=12 -fno-plt -fno-signed-zeros -fno-trapping-math -fassociative-math -freciprocal-math -fno-math-errno -ffinite-math-only -fno-rounding-math -fno-signaling-nans -fcx-limited-range -fexcess-precision=fast -falign-functions=32 -fno-stack-protector -fno-stack-clash-protection -fstack-check=no -fno-stack-check -fuse-linker-plugin -pipe -g0
scons: Reading SConscript files ...
Checking for GNU-compatible C compiler...yes
scons: done reading SConscript files.
scons: Building targets ...
x86_64-pc-linux-gnu-gcc -o context.os -c -march=znver2 -O3 -fgraphite-identity -floop-nest-optimize -fdevirtualize-at-ltrans -fipa-pta -fno-semantic-interposition -flto=12 -fno-plt -fno-signed-zeros -fno-trapping-math -fassociative-math -freciprocal-math -fno-math-errno -ffinite-math-only -fno-rounding-math -fno-signaling-nans -fcx-limited-range -fexcess-precision=fast -falign-functions=32 -fno-stack-protector -fno-stack-clash-protection -fstack-check=no -fno-stack-check -fuse-linker-plugin -pipe -g0 -Wl,-O1 -Wl,--as-needed -Wl,-z,norelro -Wl,-z,now -Wl,--sort-common -s -std=c89 -Wdeclaration-after-statement -Wmissing-prototypes -Wall -pthread -fPIC -DNDEBUG -DLINUX -D_REENTRANT -D_GNU_SOURCE -I. -I/usr/include/apr-1 -I/usr/include/db6.0 context.c
x86_64-pc-linux-gnu-gcc -o incoming.os -c -march=znver2 -O3 -fgraphite-identity -floop-nest-optimize -fdevirtualize-at-ltrans -fipa-pta -fno-semantic-interposition -flto=12 -fno-plt -fno-signed-zeros -fno-trapping-math -fassociative-math -freciprocal-math -fno-math-errno -ffinite-math-only -fno-rounding-math -fno-signaling-nans -fcx-limited-range -fexcess-precision=fast -falign-functions=32 -fno-stack-protector -fno-stack-clash-protection -fstack-check=no -fno-stack-check -fuse-linker-plugin -pipe -g0 -Wl,-O1 -Wl,--as-needed -Wl,-z,norelro -Wl,-z,now -Wl,--sort-common -s -std=c89 -Wdeclaration-after-statement -Wmissing-prototypes -Wall -pthread -fPIC -DNDEBUG -DLINUX -D_REENTRANT -D_GNU_SOURCE -I. -I/usr/include/apr-1 -I/usr/include/db6.0 incoming.c
x86_64-pc-linux-gnu-gcc -o outgoing.os -c -march=znver2 -O3 -fgraphite-identity -floop-nest-optimize -fdevirtualize-at-ltrans -fipa-pta -fno-semantic-interposition -flto=12 -fno-plt -fno-signed-zeros -fno-trapping-math -fassociative-math -freciprocal-math -fno-math-errno -ffinite-math-only -fno-rounding-math -fno-signaling-nans -fcx-limited-range -fexcess-precision=fast -falign-functions=32 -fno-stack-protector -fno-stack-clash-protection -fstack-check=no -fno-stack-check -fuse-linker-plugin -pipe -g0 -Wl,-O1 -Wl,--as-needed -Wl,-z,norelro -Wl,-z,now -Wl,--sort-common -s -std=c89 -Wdeclaration-after-statement -Wmissing-prototypes -Wall -pthread -fPIC -DNDEBUG -DLINUX -D_REENTRANT -D_GNU_SOURCE -I. -I/usr/include/apr-1 -I/usr/include/db6.0 outgoing.c
x86_64-pc-linux-gnu-gcc -o ssltunnel.os -c -march=znver2 -O3 -fgraphite-identity -floop-nest-optimize -fdevirtualize-at-ltrans -fipa-pta -fno-semantic-interposition -flto=12 -fno-plt -fno-signed-zeros -fno-trapping-math -fassociative-math -freciprocal-math -fno-math-errno -ffinite-math-only -fno-rounding-math -fno-signaling-nans -fcx-limited-range -fexcess-precision=fast -falign-functions=32 -fno-stack-protector -fno-stack-clash-protection -fstack-check=no -fno-stack-check -fuse-linker-plugin -pipe -g0 -Wl,-O1 -Wl,--as-needed -Wl,-z,norelro -Wl,-z,now -Wl,--sort-common -s -std=c89 -Wdeclaration-after-statement -Wmissing-prototypes -Wall -pthread -fPIC -DNDEBUG -DLINUX -D_REENTRANT -D_GNU_SOURCE -I. -I/usr/include/apr-1 -I/usr/include/db6.0 ssltunnel.c
x86_64-pc-linux-gnu-gcc -o buckets/aggregate_buckets.os -c -march=znver2 -O3 -fgraphite-identity -floop-nest-optimize -fdevirtualize-at-ltrans -fipa-pta -fno-semantic-interposition -flto=12 -fno-plt -fno-signed-zeros -fno-trapping-math -fassociative-math -freciprocal-math -fno-math-errno -ffinite-math-only -fno-rounding-math -fno-signaling-nans -fcx-limited-range -fexcess-precision=fast -falign-functions=32 -fno-stack-protector -fno-stack-clash-protection -fstack-check=no -fno-stack-check -fuse-linker-plugin -pipe -g0 -Wl,-O1 -Wl,--as-needed -Wl,-z,norelro -Wl,-z,now -Wl,--sort-common -s -std=c89 -Wdeclaration-after-statement -Wmissing-prototypes -Wall -pthread -fPIC -DNDEBUG -DLINUX -D_REENTRANT -D_GNU_SOURCE -I. -I/usr/include/apr-1 -I/usr/include/db6.0 buckets/aggregate_buckets.c
x86_64-pc-linux-gnu-gcc -o buckets/allocator.os -c -march=znver2 -O3 -fgraphite-identity -floop-nest-optimize -fdevirtualize-at-ltrans -fipa-pta -fno-semantic-interposition -flto=12 -fno-plt -fno-signed-zeros -fno-trapping-math -fassociative-math -freciprocal-math -fno-math-errno -ffinite-math-only -fno-rounding-math -fno-signaling-nans -fcx-limited-range -fexcess-precision=fast -falign-functions=32 -fno-stack-protector -fno-stack-clash-protection -fstack-check=no -fno-stack-check -fuse-linker-plugin -pipe -g0 -Wl,-O1 -Wl,--as-needed -Wl,-z,norelro -Wl,-z,now -Wl,--sort-common -s -std=c89 -Wdeclaration-after-statement -Wmissing-prototypes -Wall -pthread -fPIC -DNDEBUG -DLINUX -D_REENTRANT -D_GNU_SOURCE -I. -I/usr/include/apr-1 -I/usr/include/db6.0 buckets/allocator.c
x86_64-pc-linux-gnu-gcc -o buckets/barrier_buckets.os -c -march=znver2 -O3 -fgraphite-identity -floop-nest-optimize -fdevirtualize-at-ltrans -fipa-pta -fno-semantic-interposition -flto=12 -fno-plt -fno-signed-zeros -fno-trapping-math -fassociative-math -freciprocal-math -fno-math-errno -ffinite-math-only -fno-rounding-math -fno-signaling-nans -fcx-limited-range -fexcess-precision=fast -falign-functions=32 -fno-stack-protector -fno-stack-clash-protection -fstack-check=no -fno-stack-check -fuse-linker-plugin -pipe -g0 -Wl,-O1 -Wl,--as-needed -Wl,-z,norelro -Wl,-z,now -Wl,--sort-common -s -std=c89 -Wdeclaration-after-statement -Wmissing-prototypes -Wall -pthread -fPIC -DNDEBUG -DLINUX -D_REENTRANT -D_GNU_SOURCE -I. -I/usr/include/apr-1 -I/usr/include/db6.0 buckets/barrier_buckets.c
x86_64-pc-linux-gnu-gcc -o buckets/buckets.os -c -march=znver2 -O3 -fgraphite-identity -floop-nest-optimize -fdevirtualize-at-ltrans -fipa-pta -fno-semantic-interposition -flto=12 -fno-plt -fno-signed-zeros -fno-trapping-math -fassociative-math -freciprocal-math -fno-math-errno -ffinite-math-only -fno-rounding-math -fno-signaling-nans -fcx-limited-range -fexcess-precision=fast -falign-functions=32 -fno-stack-protector -fno-stack-clash-protection -fstack-check=no -fno-stack-check -fuse-linker-plugin -pipe -g0 -Wl,-O1 -Wl,--as-needed -Wl,-z,norelro -Wl,-z,now -Wl,--sort-common -s -std=c89 -Wdeclaration-after-statement -Wmissing-prototypes -Wall -pthread -fPIC -DNDEBUG -DLINUX -D_REENTRANT -D_GNU_SOURCE -I. -I/usr/include/apr-1 -I/usr/include/db6.0 buckets/buckets.c
x86_64-pc-linux-gnu-gcc -o buckets/bwtp_buckets.os -c -march=znver2 -O3 -fgraphite-identity -floop-nest-optimize -fdevirtualize-at-ltrans -fipa-pta -fno-semantic-interposition -flto=12 -fno-plt -fno-signed-zeros -fno-trapping-math -fassociative-math -freciprocal-math -fno-math-errno -ffinite-math-only -fno-rounding-math -fno-signaling-nans -fcx-limited-range -fexcess-precision=fast -falign-functions=32 -fno-stack-protector -fno-stack-clash-protection -fstack-check=no -fno-stack-check -fuse-linker-plugin -pipe -g0 -Wl,-O1 -Wl,--as-needed -Wl,-z,norelro -Wl,-z,now -Wl,--sort-common -s -std=c89 -Wdeclaration-after-statement -Wmissing-prototypes -Wall -pthread -fPIC -DNDEBUG -DLINUX -D_REENTRANT -D_GNU_SOURCE -I. -I/usr/include/apr-1 -I/usr/include/db6.0 buckets/bwtp_buckets.c
x86_64-pc-linux-gnu-gcc -o buckets/chunk_buckets.os -c -march=znver2 -O3 -fgraphite-identity -floop-nest-optimize -fdevirtualize-at-ltrans -fipa-pta -fno-semantic-interposition -flto=12 -fno-plt -fno-signed-zeros -fno-trapping-math -fassociative-math -freciprocal-math -fno-math-errno -ffinite-math-only -fno-rounding-math -fno-signaling-nans -fcx-limited-range -fexcess-precision=fast -falign-functions=32 -fno-stack-protector -fno-stack-clash-protection -fstack-check=no -fno-stack-check -fuse-linker-plugin -pipe -g0 -Wl,-O1 -Wl,--as-needed -Wl,-z,norelro -Wl,-z,now -Wl,--sort-common -s -std=c89 -Wdeclaration-after-statement -Wmissing-prototypes -Wall -pthread -fPIC -DNDEBUG -DLINUX -D_REENTRANT -D_GNU_SOURCE -I. -I/usr/include/apr-1 -I/usr/include/db6.0 buckets/chunk_buckets.c
x86_64-pc-linux-gnu-gcc -o buckets/dechunk_buckets.os -c -march=znver2 -O3 -fgraphite-identity -floop-nest-optimize -fdevirtualize-at-ltrans -fipa-pta -fno-semantic-interposition -flto=12 -fno-plt -fno-signed-zeros -fno-trapping-math -fassociative-math -freciprocal-math -fno-math-errno -ffinite-math-only -fno-rounding-math -fno-signaling-nans -fcx-limited-range -fexcess-precision=fast -falign-functions=32 -fno-stack-protector -fno-stack-clash-protection -fstack-check=no -fno-stack-check -fuse-linker-plugin -pipe -g0 -Wl,-O1 -Wl,--as-needed -Wl,-z,norelro -Wl,-z,now -Wl,--sort-common -s -std=c89 -Wdeclaration-after-statement -Wmissing-prototypes -Wall -pthread -fPIC -DNDEBUG -DLINUX -D_REENTRANT -D_GNU_SOURCE -I. -I/usr/include/apr-1 -I/usr/include/db6.0 buckets/dechunk_buckets.c
x86_64-pc-linux-gnu-gcc -o buckets/deflate_buckets.os -c -march=znver2 -O3 -fgraphite-identity -floop-nest-optimize -fdevirtualize-at-ltrans -fipa-pta -fno-semantic-interposition -flto=12 -fno-plt -fno-signed-zeros -fno-trapping-math -fassociative-math -freciprocal-math -fno-math-errno -ffinite-math-only -fno-rounding-math -fno-signaling-nans -fcx-limited-range -fexcess-precision=fast -falign-functions=32 -fno-stack-protector -fno-stack-clash-protection -fstack-check=no -fno-stack-check -fuse-linker-plugin -pipe -g0 -Wl,-O1 -Wl,--as-needed -Wl,-z,norelro -Wl,-z,now -Wl,--sort-common -s -std=c89 -Wdeclaration-after-statement -Wmissing-prototypes -Wall -pthread -fPIC -DNDEBUG -DLINUX -D_REENTRANT -D_GNU_SOURCE -I. -I/usr/include/apr-1 -I/usr/include/db6.0 buckets/deflate_buckets.c
x86_64-pc-linux-gnu-gcc -o buckets/file_buckets.os -c -march=znver2 -O3 -fgraphite-identity -floop-nest-optimize -fdevirtualize-at-ltrans -fipa-pta -fno-semantic-interposition -flto=12 -fno-plt -fno-signed-zeros -fno-trapping-math -fassociative-math -freciprocal-math -fno-math-errno -ffinite-math-only -fno-rounding-math -fno-signaling-nans -fcx-limited-range -fexcess-precision=fast -falign-functions=32 -fno-stack-protector -fno-stack-clash-protection -fstack-check=no -fno-stack-check -fuse-linker-plugin -pipe -g0 -Wl,-O1 -Wl,--as-needed -Wl,-z,norelro -Wl,-z,now -Wl,--sort-common -s -std=c89 -Wdeclaration-after-statement -Wmissing-prototypes -Wall -pthread -fPIC -DNDEBUG -DLINUX -D_REENTRANT -D_GNU_SOURCE -I. -I/usr/include/apr-1 -I/usr/include/db6.0 buckets/file_buckets.c
x86_64-pc-linux-gnu-gcc -o buckets/headers_buckets.os -c -march=znver2 -O3 -fgraphite-identity -floop-nest-optimize -fdevirtualize-at-ltrans -fipa-pta -fno-semantic-interposition -flto=12 -fno-plt -fno-signed-zeros -fno-trapping-math -fassociative-math -freciprocal-math -fno-math-errno -ffinite-math-only -fno-rounding-math -fno-signaling-nans -fcx-limited-range -fexcess-precision=fast -falign-functions=32 -fno-stack-protector -fno-stack-clash-protection -fstack-check=no -fno-stack-check -fuse-linker-plugin -pipe -g0 -Wl,-O1 -Wl,--as-needed -Wl,-z,norelro -Wl,-z,now -Wl,--sort-common -s -std=c89 -Wdeclaration-after-statement -Wmissing-prototypes -Wall -pthread -fPIC -DNDEBUG -DLINUX -D_REENTRANT -D_GNU_SOURCE -I. -I/usr/include/apr-1 -I/usr/include/db6.0 buckets/headers_buckets.c
x86_64-pc-linux-gnu-gcc -o buckets/iovec_buckets.os -c -march=znver2 -O3 -fgraphite-identity -floop-nest-optimize -fdevirtualize-at-ltrans -fipa-pta -fno-semantic-interposition -flto=12 -fno-plt -fno-signed-zeros -fno-trapping-math -fassociative-math -freciprocal-math -fno-math-errno -ffinite-math-only -fno-rounding-math -fno-signaling-nans -fcx-limited-range -fexcess-precision=fast -falign-functions=32 -fno-stack-protector -fno-stack-clash-protection -fstack-check=no -fno-stack-check -fuse-linker-plugin -pipe -g0 -Wl,-O1 -Wl,--as-needed -Wl,-z,norelro -Wl,-z,now -Wl,--sort-common -s -std=c89 -Wdeclaration-after-statement -Wmissing-prototypes -Wall -pthread -fPIC -DNDEBUG -DLINUX -D_REENTRANT -D_GNU_SOURCE -I. -I/usr/include/apr-1 -I/usr/include/db6.0 buckets/iovec_buckets.c
x86_64-pc-linux-gnu-gcc -o buckets/limit_buckets.os -c -march=znver2 -O3 -fgraphite-identity -floop-nest-optimize -fdevirtualize-at-ltrans -fipa-pta -fno-semantic-interposition -flto=12 -fno-plt -fno-signed-zeros -fno-trapping-math -fassociative-math -freciprocal-math -fno-math-errno -ffinite-math-only -fno-rounding-math -fno-signaling-nans -fcx-limited-range -fexcess-precision=fast -falign-functions=32 -fno-stack-protector -fno-stack-clash-protection -fstack-check=no -fno-stack-check -fuse-linker-plugin -pipe -g0 -Wl,-O1 -Wl,--as-needed -Wl,-z,norelro -Wl,-z,now -Wl,--sort-common -s -std=c89 -Wdeclaration-after-statement -Wmissing-prototypes -Wall -pthread -fPIC -DNDEBUG -DLINUX -D_REENTRANT -D_GNU_SOURCE -I. -I/usr/include/apr-1 -I/usr/include/db6.0 buckets/limit_buckets.c
x86_64-pc-linux-gnu-gcc -o buckets/mmap_buckets.os -c -march=znver2 -O3 -fgraphite-identity -floop-nest-optimize -fdevirtualize-at-ltrans -fipa-pta -fno-semantic-interposition -flto=12 -fno-plt -fno-signed-zeros -fno-trapping-math -fassociative-math -freciprocal-math -fno-math-errno -ffinite-math-only -fno-rounding-math -fno-signaling-nans -fcx-limited-range -fexcess-precision=fast -falign-functions=32 -fno-stack-protector -fno-stack-clash-protection -fstack-check=no -fno-stack-check -fuse-linker-plugin -pipe -g0 -Wl,-O1 -Wl,--as-needed -Wl,-z,norelro -Wl,-z,now -Wl,--sort-common -s -std=c89 -Wdeclaration-after-statement -Wmissing-prototypes -Wall -pthread -fPIC -DNDEBUG -DLINUX -D_REENTRANT -D_GNU_SOURCE -I. -I/usr/include/apr-1 -I/usr/include/db6.0 buckets/mmap_buckets.c
x86_64-pc-linux-gnu-gcc -o buckets/request_buckets.os -c -march=znver2 -O3 -fgraphite-identity -floop-nest-optimize -fdevirtualize-at-ltrans -fipa-pta -fno-semantic-interposition -flto=12 -fno-plt -fno-signed-zeros -fno-trapping-math -fassociative-math -freciprocal-math -fno-math-errno -ffinite-math-only -fno-rounding-math -fno-signaling-nans -fcx-limited-range -fexcess-precision=fast -falign-functions=32 -fno-stack-protector -fno-stack-clash-protection -fstack-check=no -fno-stack-check -fuse-linker-plugin -pipe -g0 -Wl,-O1 -Wl,--as-needed -Wl,-z,norelro -Wl,-z,now -Wl,--sort-common -s -std=c89 -Wdeclaration-after-statement -Wmissing-prototypes -Wall -pthread -fPIC -DNDEBUG -DLINUX -D_REENTRANT -D_GNU_SOURCE -I. -I/usr/include/apr-1 -I/usr/include/db6.0 buckets/request_buckets.c
x86_64-pc-linux-gnu-gcc -o buckets/response_body_buckets.os -c -march=znver2 -O3 -fgraphite-identity -floop-nest-optimize -fdevirtualize-at-ltrans -fipa-pta -fno-semantic-interposition -flto=12 -fno-plt -fno-signed-zeros -fno-trapping-math -fassociative-math -freciprocal-math -fno-math-errno -ffinite-math-only -fno-rounding-math -fno-signaling-nans -fcx-limited-range -fexcess-precision=fast -falign-functions=32 -fno-stack-protector -fno-stack-clash-protection -fstack-check=no -fno-stack-check -fuse-linker-plugin -pipe -g0 -Wl,-O1 -Wl,--as-needed -Wl,-z,norelro -Wl,-z,now -Wl,--sort-common -s -std=c89 -Wdeclaration-after-statement -Wmissing-prototypes -Wall -pthread -fPIC -DNDEBUG -DLINUX -D_REENTRANT -D_GNU_SOURCE -I. -I/usr/include/apr-1 -I/usr/include/db6.0 buckets/response_body_buckets.c
x86_64-pc-linux-gnu-gcc -o buckets/response_buckets.os -c -march=znver2 -O3 -fgraphite-identity -floop-nest-optimize -fdevirtualize-at-ltrans -fipa-pta -fno-semantic-interposition -flto=12 -fno-plt -fno-signed-zeros -fno-trapping-math -fassociative-math -freciprocal-math -fno-math-errno -ffinite-math-only -fno-rounding-math -fno-signaling-nans -fcx-limited-range -fexcess-precision=fast -falign-functions=32 -fno-stack-protector -fno-stack-clash-protection -fstack-check=no -fno-stack-check -fuse-linker-plugin -pipe -g0 -Wl,-O1 -Wl,--as-needed -Wl,-z,norelro -Wl,-z,now -Wl,--sort-common -s -std=c89 -Wdeclaration-after-statement -Wmissing-prototypes -Wall -pthread -fPIC -DNDEBUG -DLINUX -D_REENTRANT -D_GNU_SOURCE -I. -I/usr/include/apr-1 -I/usr/include/db6.0 buckets/response_buckets.c
x86_64-pc-linux-gnu-gcc -o buckets/simple_buckets.os -c -march=znver2 -O3 -fgraphite-identity -floop-nest-optimize -fdevirtualize-at-ltrans -fipa-pta -fno-semantic-interposition -flto=12 -fno-plt -fno-signed-zeros -fno-trapping-math -fassociative-math -freciprocal-math -fno-math-errno -ffinite-math-only -fno-rounding-math -fno-signaling-nans -fcx-limited-range -fexcess-precision=fast -falign-functions=32 -fno-stack-protector -fno-stack-clash-protection -fstack-check=no -fno-stack-check -fuse-linker-plugin -pipe -g0 -Wl,-O1 -Wl,--as-needed -Wl,-z,norelro -Wl,-z,now -Wl,--sort-common -s -std=c89 -Wdeclaration-after-statement -Wmissing-prototypes -Wall -pthread -fPIC -DNDEBUG -DLINUX -D_REENTRANT -D_GNU_SOURCE -I. -I/usr/include/apr-1 -I/usr/include/db6.0 buckets/simple_buckets.c
x86_64-pc-linux-gnu-gcc -o buckets/socket_buckets.os -c -march=znver2 -O3 -fgraphite-identity -floop-nest-optimize -fdevirtualize-at-ltrans -fipa-pta -fno-semantic-interposition -flto=12 -fno-plt -fno-signed-zeros -fno-trapping-math -fassociative-math -freciprocal-math -fno-math-errno -ffinite-math-only -fno-rounding-math -fno-signaling-nans -fcx-limited-range -fexcess-precision=fast -falign-functions=32 -fno-stack-protector -fno-stack-clash-protection -fstack-check=no -fno-stack-check -fuse-linker-plugin -pipe -g0 -Wl,-O1 -Wl,--as-needed -Wl,-z,norelro -Wl,-z,now -Wl,--sort-common -s -std=c89 -Wdeclaration-after-statement -Wmissing-prototypes -Wall -pthread -fPIC -DNDEBUG -DLINUX -D_REENTRANT -D_GNU_SOURCE -I. -I/usr/include/apr-1 -I/usr/include/db6.0 buckets/socket_buckets.c
x86_64-pc-linux-gnu-gcc -o buckets/ssl_buckets.os -c -march=znver2 -O3 -fgraphite-identity -floop-nest-optimize -fdevirtualize-at-ltrans -fipa-pta -fno-semantic-interposition -flto=12 -fno-plt -fno-signed-zeros -fno-trapping-math -fassociative-math -freciprocal-math -fno-math-errno -ffinite-math-only -fno-rounding-math -fno-signaling-nans -fcx-limited-range -fexcess-precision=fast -falign-functions=32 -fno-stack-protector -fno-stack-clash-protection -fstack-check=no -fno-stack-check -fuse-linker-plugin -pipe -g0 -Wl,-O1 -Wl,--as-needed -Wl,-z,norelro -Wl,-z,now -Wl,--sort-common -s -std=c89 -Wdeclaration-after-statement -Wmissing-prototypes -Wall -pthread -fPIC -DNDEBUG -DLINUX -D_REENTRANT -D_GNU_SOURCE -I. -I/usr/include/apr-1 -I/usr/include/db6.0 buckets/ssl_buckets.c
x86_64-pc-linux-gnu-gcc -o auth/auth.os -c -march=znver2 -O3 -fgraphite-identity -floop-nest-optimize -fdevirtualize-at-ltrans -fipa-pta -fno-semantic-interposition -flto=12 -fno-plt -fno-signed-zeros -fno-trapping-math -fassociative-math -freciprocal-math -fno-math-errno -ffinite-math-only -fno-rounding-math -fno-signaling-nans -fcx-limited-range -fexcess-precision=fast -falign-functions=32 -fno-stack-protector -fno-stack-clash-protection -fstack-check=no -fno-stack-check -fuse-linker-plugin -pipe -g0 -Wl,-O1 -Wl,--as-needed -Wl,-z,norelro -Wl,-z,now -Wl,--sort-common -s -std=c89 -Wdeclaration-after-statement -Wmissing-prototypes -Wall -pthread -fPIC -DNDEBUG -DLINUX -D_REENTRANT -D_GNU_SOURCE -I. -I/usr/include/apr-1 -I/usr/include/db6.0 auth/auth.c
x86_64-pc-linux-gnu-gcc -o auth/auth_basic.os -c -march=znver2 -O3 -fgraphite-identity -floop-nest-optimize -fdevirtualize-at-ltrans -fipa-pta -fno-semantic-interposition -flto=12 -fno-plt -fno-signed-zeros -fno-trapping-math -fassociative-math -freciprocal-math -fno-math-errno -ffinite-math-only -fno-rounding-math -fno-signaling-nans -fcx-limited-range -fexcess-precision=fast -falign-functions=32 -fno-stack-protector -fno-stack-clash-protection -fstack-check=no -fno-stack-check -fuse-linker-plugin -pipe -g0 -Wl,-O1 -Wl,--as-needed -Wl,-z,norelro -Wl,-z,now -Wl,--sort-common -s -std=c89 -Wdeclaration-after-statement -Wmissing-prototypes -Wall -pthread -fPIC -DNDEBUG -DLINUX -D_REENTRANT -D_GNU_SOURCE -I. -I/usr/include/apr-1 -I/usr/include/db6.0 auth/auth_basic.c
x86_64-pc-linux-gnu-gcc -o auth/auth_digest.os -c -march=znver2 -O3 -fgraphite-identity -floop-nest-optimize -fdevirtualize-at-ltrans -fipa-pta -fno-semantic-interposition -flto=12 -fno-plt -fno-signed-zeros -fno-trapping-math -fassociative-math -freciprocal-math -fno-math-errno -ffinite-math-only -fno-rounding-math -fno-signaling-nans -fcx-limited-range -fexcess-precision=fast -falign-functions=32 -fno-stack-protector -fno-stack-clash-protection -fstack-check=no -fno-stack-check -fuse-linker-plugin -pipe -g0 -Wl,-O1 -Wl,--as-needed -Wl,-z,norelro -Wl,-z,now -Wl,--sort-common -s -std=c89 -Wdeclaration-after-statement -Wmissing-prototypes -Wall -pthread -fPIC -DNDEBUG -DLINUX -D_REENTRANT -D_GNU_SOURCE -I. -I/usr/include/apr-1 -I/usr/include/db6.0 auth/auth_digest.c
buckets/ssl_buckets.c: In function 'get_subject_alt_names':
buckets/ssl_buckets.c:540:41: warning: pointer targets in passing argument 1 of 'strlen' differ in signedness [-Wpointer-sign]
  540 |                         strlen(nm->d.ia5->data) != nm->d.ia5->length)
      |                                ~~~~~~~~~^~~~~~
      |                                         |
      |                                         unsigned char *
In file included from /usr/include/apr-1/apr_want.h:63,
                 from /usr/include/apr-1/apr_pools.h:47,
                 from buckets/ssl_buckets.c:25:
/usr/include/string.h:385:35: note: expected 'const char *' but argument is of type 'unsigned char *'
  385 | extern size_t strlen (const char *__s)
      |                       ~~~~~~~~~~~~^~~
x86_64-pc-linux-gnu-gcc -o auth/auth_spnego.os -c -march=znver2 -O3 -fgraphite-identity -floop-nest-optimize -fdevirtualize-at-ltrans -fipa-pta -fno-semantic-interposition -flto=12 -fno-plt -fno-signed-zeros -fno-trapping-math -fassociative-math -freciprocal-math -fno-math-errno -ffinite-math-only -fno-rounding-math -fno-signaling-nans -fcx-limited-range -fexcess-precision=fast -falign-functions=32 -fno-stack-protector -fno-stack-clash-protection -fstack-check=no -fno-stack-check -fuse-linker-plugin -pipe -g0 -Wl,-O1 -Wl,--as-needed -Wl,-z,norelro -Wl,-z,now -Wl,--sort-common -s -std=c89 -Wdeclaration-after-statement -Wmissing-prototypes -Wall -pthread -fPIC -DNDEBUG -DLINUX -D_REENTRANT -D_GNU_SOURCE -I. -I/usr/include/apr-1 -I/usr/include/db6.0 auth/auth_spnego.c
x86_64-pc-linux-gnu-gcc -o auth/auth_spnego_gss.os -c -march=znver2 -O3 -fgraphite-identity -floop-nest-optimize -fdevirtualize-at-ltrans -fipa-pta -fno-semantic-interposition -flto=12 -fno-plt -fno-signed-zeros -fno-trapping-math -fassociative-math -freciprocal-math -fno-math-errno -ffinite-math-only -fno-rounding-math -fno-signaling-nans -fcx-limited-range -fexcess-precision=fast -falign-functions=32 -fno-stack-protector -fno-stack-clash-protection -fstack-check=no -fno-stack-check -fuse-linker-plugin -pipe -g0 -Wl,-O1 -Wl,--as-needed -Wl,-z,norelro -Wl,-z,now -Wl,--sort-common -s -std=c89 -Wdeclaration-after-statement -Wmissing-prototypes -Wall -pthread -fPIC -DNDEBUG -DLINUX -D_REENTRANT -D_GNU_SOURCE -I. -I/usr/include/apr-1 -I/usr/include/db6.0 auth/auth_spnego_gss.c
x86_64-pc-linux-gnu-gcc -o auth/auth_spnego_sspi.os -c -march=znver2 -O3 -fgraphite-identity -floop-nest-optimize -fdevirtualize-at-ltrans -fipa-pta -fno-semantic-interposition -flto=12 -fno-plt -fno-signed-zeros -fno-trapping-math -fassociative-math -freciprocal-math -fno-math-errno -ffinite-math-only -fno-rounding-math -fno-signaling-nans -fcx-limited-range -fexcess-precision=fast -falign-functions=32 -fno-stack-protector -fno-stack-clash-protection -fstack-check=no -fno-stack-check -fuse-linker-plugin -pipe -g0 -Wl,-O1 -Wl,--as-needed -Wl,-z,norelro -Wl,-z,now -Wl,--sort-common -s -std=c89 -Wdeclaration-after-statement -Wmissing-prototypes -Wall -pthread -fPIC -DNDEBUG -DLINUX -D_REENTRANT -D_GNU_SOURCE -I. -I/usr/include/apr-1 -I/usr/include/db6.0 auth/auth_spnego_sspi.c
Creating 'serf-1.pc'
x86_64-pc-linux-gnu-gcc -o libserf-1.so.1.3.0 -Wl,-O1 -Wl,--as-needed -Wl,-z,norelro -Wl,-z,now -Wl,--sort-common -s -march=znver2 -O3 -fgraphite-identity -floop-nest-optimize -fdevirtualize-at-ltrans -fipa-pta -fno-semantic-interposition -flto=12 -fno-plt -fno-signed-zeros -fno-trapping-math -fassociative-math -freciprocal-math -fno-math-errno -ffinite-math-only -fno-rounding-math -fno-signaling-nans -fcx-limited-range -fexcess-precision=fast -falign-functions=32 -fno-stack-protector -fno-stack-clash-protection -fstack-check=no -fno-stack-check -fuse-linker-plugin -pipe -g0 -pthread -shared -Wl,-Bsymbolic -Wl,-soname=libserf-1.so.1 -Wl,-rpath=/usr/lib64 -Wl,-rpath=/tmp/portage/dev-libs/apr-util-1.6.1-r3/temp context.os incoming.os outgoing.os ssltunnel.os buckets/aggregate_buckets.os buckets/allocator.os buckets/barrier_buckets.os buckets/buckets.os buckets/bwtp_buckets.os buckets/chunk_buckets.os buckets/dechunk_buckets.os buckets/deflate_buckets.os buckets/file_buckets.os buckets/headers_buckets.os buckets/iovec_buckets.os buckets/limit_buckets.os buckets/mmap_buckets.os buckets/request_buckets.os buckets/response_body_buckets.os buckets/response_buckets.os buckets/simple_buckets.os buckets/socket_buckets.os buckets/ssl_buckets.os auth/auth.os auth/auth_basic.os auth/auth_digest.os auth/auth_spnego.os auth/auth_spnego_gss.os auth/auth_spnego_sspi.os -L/tmp/portage/dev-libs/apr-util-1.6.1-r3/temp -lssl -lcrypto -lz -lapr-1 -luuid -lrt -lcrypt -lpthread -ldl -laprutil-1 -ldb-6.0 -lgdbm -lexpat
Create symlinks for: 'libserf-1.so.1.3.0': 'libserf-1.so.1'->'libserf-1.so.1.3.0', 'libserf-1.so'->'libserf-1.so.1.3.0'
scons: done building targets.
>>> Source compiled.
 * Skipping make test/check due to ebuild restriction.
>>> Test phase [disabled because of RESTRICT=test]: net-libs/serf-1.3.9-r2

>>> Install net-libs/serf-1.3.9-r2 into /tmp/portage/net-libs/serf-1.3.9-r2/image
scons -j12 install --install-sandbox=/tmp/portage/net-libs/serf-1.3.9-r2/image
scons: Reading SConscript files ...
Checking for GNU-compatible C compiler...(cached) yes
scons: done reading SConscript files.
scons: Building targets ...
Install file: "libserf-1.so.1.3.0" as "/tmp/portage/net-libs/serf-1.3.9-r2/image/usr/lib64/libserf-1.so.1.3.0"
Install file: "serf.h" as "/tmp/portage/net-libs/serf-1.3.9-r2/image/usr/include/serf-1/serf.h"
Install file: "serf_bucket_util.h" as "/tmp/portage/net-libs/serf-1.3.9-r2/image/usr/include/serf-1/serf_bucket_util.h"
Install file: "serf_bucket_types.h" as "/tmp/portage/net-libs/serf-1.3.9-r2/image/usr/include/serf-1/serf_bucket_types.h"
Install file: "serf-1.pc" as "/tmp/portage/net-libs/serf-1.3.9-r2/image/usr/lib64/pkgconfig/serf-1.pc"
scons: done building targets.
>>> Completed installing net-libs/serf-1.3.9-r2 into /tmp/portage/net-libs/serf-1.3.9-r2/image

 * Final size of build directory: 2004 KiB (1.9 MiB)
 * Final size of installed tree:   244 KiB



 * QA Notice: Pre-stripped files found:
 * /usr/lib64/libserf-1.so.1.3.0
./
./usr/
./usr/include/
./usr/include/serf-1/
./usr/include/serf-1/serf_bucket_types.h
./usr/include/serf-1/serf.h
./usr/include/serf-1/serf_bucket_util.h
./usr/lib64/
./usr/lib64/libserf-1.so.1
./usr/lib64/libserf-1.so
./usr/lib64/pkgconfig/
./usr/lib64/pkgconfig/serf-1.pc
./usr/lib64/libserf-1.so.1.3.0
>>> Done.
 * checking 7 files for package collisions
>>> Merging net-libs/serf-1.3.9-r2 to /
 * removing unneeded *.la files
--- /usr/
--- /usr/lib64/
>>> /usr/lib64/libserf-1.so.1.3.0
--- /usr/lib64/pkgconfig/
>>> /usr/lib64/pkgconfig/serf-1.pc
>>> /usr/lib64/libserf-1.so -> libserf-1.so.1.3.0
>>> /usr/lib64/libserf-1.so.1 -> libserf-1.so.1.3.0
--- /usr/include/
--- /usr/include/serf-1/
>>> /usr/include/serf-1/serf_bucket_util.h
>>> /usr/include/serf-1/serf.h
>>> /usr/include/serf-1/serf_bucket_types.h
>>> Safely unmerging already-installed instance...
>>> Original instance of package unmerged safely.
>>> net-libs/serf-1.3.9-r2 merged.
>>> Regenerating /etc/ld.so.cache...
