[32;01m * [39;49;00mPackage:    net-misc/ssh-askpass-fullscreen-1.0-r1
[32;01m * [39;49;00mRepository: gentoo
[32;01m * [39;49;00mMaintainer: gnome@gentoo.org
[32;01m * [39;49;00mUSE:        abi_x86_64 amd64 elibc_glibc kernel_linux split-usr userland_GNU
[32;01m * [39;49;00mFEATURES:   network-sandbox preserve-libs sandbox userpriv usersandbox
>>> Unpacking source...
>>> Unpacking ssh-askpass-fullscreen-1.0.tar.bz2 to /tmp/portage/net-misc/ssh-askpass-fullscreen-1.0-r1/work
>>> Source unpacked in /tmp/portage/net-misc/ssh-askpass-fullscreen-1.0-r1/work
>>> Preparing source in /tmp/portage/net-misc/ssh-askpass-fullscreen-1.0-r1/work/ssh-askpass-fullscreen-1.0 ...
 [32;01m*[0m Applying ssh-askpass-fullscreen-1.0-libX11.patch ...
[A[263C [34;01m[ [32;01mok[34;01m ][0m
 [32;01m*[0m Running eautoreconf in '/tmp/portage/net-misc/ssh-askpass-fullscreen-1.0-r1/work/ssh-askpass-fullscreen-1.0' ...
 [32;01m*[0m Running aclocal ...
[A[263C [34;01m[ [32;01mok[34;01m ][0m
 [32;01m*[0m Running autoconf --force ...
[A[263C [34;01m[ [32;01mok[34;01m ][0m
 [32;01m*[0m Running autoheader ...
[A[263C [34;01m[ [32;01mok[34;01m ][0m
 [32;01m*[0m Running automake --add-missing --copy --foreign --force-missing ...
[A[263C [34;01m[ [32;01mok[34;01m ][0m
 * Running elibtoolize in: ssh-askpass-fullscreen-1.0/
>>> Source prepared.
>>> Configuring source in /tmp/portage/net-misc/ssh-askpass-fullscreen-1.0-r1/work/ssh-askpass-fullscreen-1.0 ...
./configure --prefix=/usr --build=x86_64-pc-linux-gnu --host=x86_64-pc-linux-gnu --mandir=/usr/share/man --infodir=/usr/share/info --datadir=/usr/share --sysconfdir=/etc --localstatedir=/var/lib --disable-dependency-tracking --libdir=/usr/lib64
checking for a BSD-compatible install... /usr/lib/portage/python3.8/ebuild-helpers/xattr/install -c
checking whether build environment is sane... yes
checking for a thread-safe mkdir -p... /bin/mkdir -p
checking for gawk... gawk
checking whether make sets $(MAKE)... yes
checking whether make supports nested variables... yes
checking for x86_64-pc-linux-gnu-gcc... x86_64-pc-linux-gnu-gcc
checking whether the C compiler works... yes
checking for C compiler default output file name... a.out
checking for suffix of executables... 
checking whether we are cross compiling... no
checking for suffix of object files... o
checking whether we are using the GNU C compiler... yes
checking whether x86_64-pc-linux-gnu-gcc accepts -g... yes
checking for x86_64-pc-linux-gnu-gcc option to accept ISO C89... none needed
checking whether x86_64-pc-linux-gnu-gcc understands -c and -o together... yes
checking whether make supports the include directive... yes (GNU style)
checking dependency style of x86_64-pc-linux-gnu-gcc... none
checking how to run the C preprocessor... x86_64-pc-linux-gnu-gcc -E
checking for grep that handles long lines and -e... /bin/grep
checking for egrep... /bin/grep -E
checking for ANSI C header files... yes
checking for sys/types.h... yes
checking for sys/stat.h... yes
checking for stdlib.h... yes
checking for string.h... yes
checking for memory.h... yes
checking for strings.h... yes
checking for inttypes.h... yes
checking for stdint.h... yes
checking for unistd.h... yes
checking stdio.h usability... yes
checking stdio.h presence... yes
checking for stdio.h... yes
checking for stdlib.h... (cached) yes
checking for string.h... (cached) yes
checking for unistd.h... (cached) yes
checking for memset... yes
checking for x86_64-pc-linux-gnu-pkg-config... /usr/bin/x86_64-pc-linux-gnu-pkg-config
checking pkg-config is at least version 0.9.0... yes
checking for gtk+-2.0 >= 2.10.0 x11... yes
checking that generated files are newer than configure... done
configure: creating ./config.status
config.status: creating Makefile
config.status: creating src/Makefile
config.status: creating src/config.h
config.status: executing depfiles commands

Now run `make' to compile ssh-askpass-fullscreen

>>> Source configured.
>>> Compiling source in /tmp/portage/net-misc/ssh-askpass-fullscreen-1.0-r1/work/ssh-askpass-fullscreen-1.0 ...
make -j12 
Making all in src
make[1]: Entering directory '/tmp/portage/net-misc/ssh-askpass-fullscreen-1.0-r1/work/ssh-askpass-fullscreen-1.0/src'
make  all-am
make[2]: Entering directory '/tmp/portage/net-misc/ssh-askpass-fullscreen-1.0-r1/work/ssh-askpass-fullscreen-1.0/src'
x86_64-pc-linux-gnu-gcc -DHAVE_CONFIG_H -I.    --pedantic -Wall -pthread -I/usr/include/gtk-2.0 -I/usr/lib64/gtk-2.0/include -I/usr/include/pango-1.0 -I/usr/include/atk-1.0 -I/usr/include/cairo -I/usr/include/pixman-1 -I/usr/include/libpng16 -I/usr/include/gdk-pixbuf-2.0 -I/usr/include/libmount -I/usr/include/blkid -I/usr/include/pango-1.0 -I/usr/include/harfbuzz -I/usr/include/pango-1.0 -I/usr/include/fribidi -I/usr/lib64/libffi/include -I/usr/include/glib-2.0 -I/usr/lib64/glib-2.0/include -I/usr/include/uuid -I/usr/include/freetype2 -O3 -march=native -pipe -g0 -fno-stack-protector -fno-stack-clash-protection -fstack-check=no -fno-stack-check -c -o ssh-askpass-fullscreen.o ssh-askpass-fullscreen.c
In file included from [01m[K/usr/include/gtk-2.0/gtk/gtkobject.h:37[m[K,
                 from [01m[K/usr/include/gtk-2.0/gtk/gtkwidget.h:36[m[K,
                 from [01m[K/usr/include/gtk-2.0/gtk/gtkcontainer.h:35[m[K,
                 from [01m[K/usr/include/gtk-2.0/gtk/gtkbin.h:35[m[K,
                 from [01m[K/usr/include/gtk-2.0/gtk/gtkwindow.h:36[m[K,
                 from [01m[K/usr/include/gtk-2.0/gtk/gtkdialog.h:35[m[K,
                 from [01m[K/usr/include/gtk-2.0/gtk/gtkaboutdialog.h:32[m[K,
                 from [01m[K/usr/include/gtk-2.0/gtk/gtk.h:33[m[K,
                 from [01m[Kssh-askpass-fullscreen.c:35[m[K:
[01m[K/usr/include/gtk-2.0/gtk/gtktypeutils.h:236:1:[m[K [01;35m[Kwarning: [m[K'[01m[KGTypeDebugFlags[m[K' is deprecated [[01;35m[K]8;;https://gcc.gnu.org/onlinedocs/gcc/Warning-Options.html#index-Wdeprecated-declarations-Wdeprecated-declarations]8;;[m[K]
  236 | [01;35m[Kvoid[m[K            gtk_type_init   (GTypeDebugFlags    debug_flags);
      | [01;35m[K^~~~[m[K
In file included from [01m[K/usr/include/glib-2.0/gobject/gobject.h:24[m[K,
                 from [01m[K/usr/include/glib-2.0/gobject/gbinding.h:29[m[K,
                 from [01m[K/usr/include/glib-2.0/glib-object.h:22[m[K,
                 from [01m[K/usr/include/glib-2.0/gio/gioenums.h:28[m[K,
                 from [01m[K/usr/include/glib-2.0/gio/giotypes.h:28[m[K,
                 from [01m[K/usr/include/glib-2.0/gio/gio.h:26[m[K,
                 from [01m[K/usr/include/gtk-2.0/gdk/gdkapplaunchcontext.h:30[m[K,
                 from [01m[K/usr/include/gtk-2.0/gdk/gdk.h:32[m[K,
                 from [01m[K/usr/include/gtk-2.0/gdk/gdkprivate.h:30[m[K,
                 from [01m[K/usr/include/gtk-2.0/gdk/gdkx.h:30[m[K,
                 from [01m[Kssh-askpass-fullscreen.c:34[m[K:
[01m[K/usr/include/glib-2.0/gobject/gtype.h:679:1:[m[K [01;36m[Knote: [m[Kdeclared here
  679 | [01;36m[K{[m[K
      | [01;36m[K^[m[K
In file included from [01m[K/usr/include/gtk-2.0/gtk/gtktoolitem.h:31[m[K,
                 from [01m[K/usr/include/gtk-2.0/gtk/gtktoolbutton.h:30[m[K,
                 from [01m[K/usr/include/gtk-2.0/gtk/gtkmenutoolbutton.h:30[m[K,
                 from [01m[K/usr/include/gtk-2.0/gtk/gtk.h:126[m[K,
                 from [01m[Kssh-askpass-fullscreen.c:35[m[K:
[01m[K/usr/include/gtk-2.0/gtk/gtktooltips.h:73:3:[m[K [01;35m[Kwarning: [m[K'[01m[KGTimeVal[m[K' is deprecated: Use 'GDateTime' instead [[01;35m[K]8;;https://gcc.gnu.org/onlinedocs/gcc/Warning-Options.html#index-Wdeprecated-declarations-Wdeprecated-declarations]8;;[m[K]
   73 |   [01;35m[KGTimeVal[m[K last_popdown;
      |   [01;35m[K^~~~~~~~[m[K
In file included from [01m[K/usr/include/glib-2.0/glib/galloca.h:32[m[K,
                 from [01m[K/usr/include/glib-2.0/glib.h:30[m[K,
                 from [01m[K/usr/include/glib-2.0/gobject/gbinding.h:28[m[K,
                 from [01m[K/usr/include/glib-2.0/glib-object.h:22[m[K,
                 from [01m[K/usr/include/glib-2.0/gio/gioenums.h:28[m[K,
                 from [01m[K/usr/include/glib-2.0/gio/giotypes.h:28[m[K,
                 from [01m[K/usr/include/glib-2.0/gio/gio.h:26[m[K,
                 from [01m[K/usr/include/gtk-2.0/gdk/gdkapplaunchcontext.h:30[m[K,
                 from [01m[K/usr/include/gtk-2.0/gdk/gdk.h:32[m[K,
                 from [01m[K/usr/include/gtk-2.0/gdk/gdkprivate.h:30[m[K,
                 from [01m[K/usr/include/gtk-2.0/gdk/gdkx.h:30[m[K,
                 from [01m[Kssh-askpass-fullscreen.c:34[m[K:
[01m[K/usr/include/glib-2.0/glib/gtypes.h:547:8:[m[K [01;36m[Knote: [m[Kdeclared here
  547 | struct [01;36m[K_GTimeVal[m[K
      |        [01;36m[K^~~~~~~~~[m[K
x86_64-pc-linux-gnu-gcc --pedantic -Wall -pthread -I/usr/include/gtk-2.0 -I/usr/lib64/gtk-2.0/include -I/usr/include/pango-1.0 -I/usr/include/atk-1.0 -I/usr/include/cairo -I/usr/include/pixman-1 -I/usr/include/libpng16 -I/usr/include/gdk-pixbuf-2.0 -I/usr/include/libmount -I/usr/include/blkid -I/usr/include/pango-1.0 -I/usr/include/harfbuzz -I/usr/include/pango-1.0 -I/usr/include/fribidi -I/usr/lib64/libffi/include -I/usr/include/glib-2.0 -I/usr/lib64/glib-2.0/include -I/usr/include/uuid -I/usr/include/freetype2 -O3 -march=native -pipe -g0 -fno-stack-protector -fno-stack-clash-protection -fstack-check=no -fno-stack-check  -Wl,-O1 -Wl,--as-needed -Wl,--defsym=__gentoo_check_ldflags__=0 -Wl,--hash-style=gnu -Wl,-z,norelro -o ssh-askpass-fullscreen ssh-askpass-fullscreen.o -lgtk-x11-2.0 -lgdk-x11-2.0 -lpangocairo-1.0 -latk-1.0 -lcairo -lgdk_pixbuf-2.0 -lgio-2.0 -lpangoft2-1.0 -lpango-1.0 -lgobject-2.0 -lglib-2.0 -lfontconfig -lfreetype -lX11 
make[2]: Leaving directory '/tmp/portage/net-misc/ssh-askpass-fullscreen-1.0-r1/work/ssh-askpass-fullscreen-1.0/src'
make[1]: Leaving directory '/tmp/portage/net-misc/ssh-askpass-fullscreen-1.0-r1/work/ssh-askpass-fullscreen-1.0/src'
make[1]: Entering directory '/tmp/portage/net-misc/ssh-askpass-fullscreen-1.0-r1/work/ssh-askpass-fullscreen-1.0'
make[1]: Nothing to be done for 'all-am'.
make[1]: Leaving directory '/tmp/portage/net-misc/ssh-askpass-fullscreen-1.0-r1/work/ssh-askpass-fullscreen-1.0'
>>> Source compiled.
>>> Test phase [not enabled]: net-misc/ssh-askpass-fullscreen-1.0-r1

>>> Install net-misc/ssh-askpass-fullscreen-1.0-r1 into /tmp/portage/net-misc/ssh-askpass-fullscreen-1.0-r1/image/
make -j12 DESTDIR=/tmp/portage/net-misc/ssh-askpass-fullscreen-1.0-r1/image/ install 
Making install in src
make[1]: Entering directory '/tmp/portage/net-misc/ssh-askpass-fullscreen-1.0-r1/work/ssh-askpass-fullscreen-1.0/src'
make[2]: Entering directory '/tmp/portage/net-misc/ssh-askpass-fullscreen-1.0-r1/work/ssh-askpass-fullscreen-1.0/src'
make[2]: Nothing to be done for 'install-data-am'.
 /bin/mkdir -p '/tmp/portage/net-misc/ssh-askpass-fullscreen-1.0-r1/image//usr/bin'
  /usr/lib/portage/python3.8/ebuild-helpers/xattr/install -c ssh-askpass-fullscreen '/tmp/portage/net-misc/ssh-askpass-fullscreen-1.0-r1/image//usr/bin'
make[2]: Leaving directory '/tmp/portage/net-misc/ssh-askpass-fullscreen-1.0-r1/work/ssh-askpass-fullscreen-1.0/src'
make[1]: Leaving directory '/tmp/portage/net-misc/ssh-askpass-fullscreen-1.0-r1/work/ssh-askpass-fullscreen-1.0/src'
make[1]: Entering directory '/tmp/portage/net-misc/ssh-askpass-fullscreen-1.0-r1/work/ssh-askpass-fullscreen-1.0'
make[2]: Entering directory '/tmp/portage/net-misc/ssh-askpass-fullscreen-1.0-r1/work/ssh-askpass-fullscreen-1.0'
make[2]: Nothing to be done for 'install-exec-am'.
make[2]: Nothing to be done for 'install-data-am'.
make[2]: Leaving directory '/tmp/portage/net-misc/ssh-askpass-fullscreen-1.0-r1/work/ssh-askpass-fullscreen-1.0'
make[1]: Leaving directory '/tmp/portage/net-misc/ssh-askpass-fullscreen-1.0-r1/work/ssh-askpass-fullscreen-1.0'
>>> Completed installing net-misc/ssh-askpass-fullscreen-1.0-r1 into /tmp/portage/net-misc/ssh-askpass-fullscreen-1.0-r1/image/

 [32;01m*[0m Final size of build directory: 1000 KiB
 [32;01m*[0m Final size of installed tree:    72 KiB

strip: x86_64-pc-linux-gnu-strip --strip-unneeded -N __gentoo_check_ldflags__ -R .comment -R .GCC.command.line -R .note.gnu.gold-version
   /usr/bin/ssh-askpass-fullscreen
