No package files given... Grabbing a set.
--- replaced obj /usr/share/nghttp2/fetch-ocsp-response
--- replaced dir /usr/share/nghttp2
--- replaced obj /usr/share/man/man1/nghttpx.1.bz2
--- replaced obj /usr/share/man/man1/nghttpd.1.bz2
--- replaced obj /usr/share/man/man1/nghttp.1.bz2
--- replaced obj /usr/share/man/man1/h2load.1.bz2
--- replaced dir /usr/share/man/man1
--- replaced dir /usr/share/man
--- replaced dir /usr/share
--- replaced obj /usr/lib64/pkgconfig/libnghttp2_asio.pc
--- replaced obj /usr/lib64/pkgconfig/libnghttp2.pc
--- replaced dir /usr/lib64/pkgconfig
--- replaced obj /usr/lib64/libnghttp2_asio.so.1.0.0
--- replaced sym /usr/lib64/libnghttp2_asio.so.1
--- replaced sym /usr/lib64/libnghttp2_asio.so
--- replaced obj /usr/lib64/libnghttp2.so.14.20.0
--- replaced sym /usr/lib64/libnghttp2.so.14
--- replaced sym /usr/lib64/libnghttp2.so
--- replaced dir /usr/lib64
--- replaced obj /usr/include/nghttp2/nghttp2ver.h
--- replaced obj /usr/include/nghttp2/nghttp2.h
--- replaced obj /usr/include/nghttp2/asio_http2_server.h
--- replaced obj /usr/include/nghttp2/asio_http2_client.h
--- replaced obj /usr/include/nghttp2/asio_http2.h
--- replaced dir /usr/include/nghttp2
--- replaced dir /usr/include
--- replaced dir /usr
>>> Regenerating /etc/ld.so.cache...
