>>> Extracting info
 * Package:    net-libs/libnsl-1.2.0
 * Repository: gentoo
 * USE:        abi_x86_64 kernel_linux amd64 userland_GNU elibc_glibc
 * FEATURES:   ccache network-sandbox preserve-libs sandbox userpriv usersandbox
 * FEATURES='assume-digests binpkg-docompress binpkg-dostrip binpkg-logs binpkg-multi-instance buildpkg ccache cgroup compress-index config-protect-if-modified distlocks downgrade-backup fixlafiles ipc-sandbox merge-sync multilib-strict network-sandbox news nodoc parallel-fetch parallel-install pid-sandbox preserve-libs qa-unresolved-soname-deps sandbox sfperms strict strict-keepdir unknown-features-warn unmerge-backup unmerge-logs unmerge-orphans userfetch userpriv usersandbox usersync xattr'
 * CFLAGS='-march=native -O3 -fdevirtualize-at-ltrans -fipa-pta -fno-semantic-interposition -fno-signed-zeros -fno-trapping-math -fassociative-math -freciprocal-math -fno-math-errno -ffinite-math-only -fno-rounding-math -fno-signaling-nans -fcx-limited-range -fexcess-precision=fast -fno-plt -fno-common -pipe -g0 -fno-stack-protector -fno-stack-clash-protection -fstack-check=no -fno-stack-check -Wl,-O4,--hash-style=gnu,--sort-common,--as-needed,-z,relro,-z,now,-lgomp,-lpthread'
 * CXXFLAGS='-march=native -O3 -fdevirtualize-at-ltrans -fipa-pta -fno-semantic-interposition -fno-signed-zeros -fno-trapping-math -fassociative-math -freciprocal-math -fno-math-errno -ffinite-math-only -fno-rounding-math -fno-signaling-nans -fcx-limited-range -fexcess-precision=fast -fno-plt -fno-common -pipe -g0 -fno-stack-protector -fno-stack-clash-protection -fstack-check=no -fno-stack-check -Wl,-O4,--hash-style=gnu,--sort-common,--as-needed,-z,relro,-z,now,-lgomp,-lpthread'
 * FFLAGS='-march=native -O3 -fdevirtualize-at-ltrans -fipa-pta -fno-semantic-interposition -fno-signed-zeros -fno-trapping-math -fassociative-math -freciprocal-math -fno-math-errno -ffinite-math-only -fno-rounding-math -fno-signaling-nans -fcx-limited-range -fexcess-precision=fast -fno-plt -fno-common -pipe -g0 -fno-stack-protector -fno-stack-clash-protection -fstack-check=no -fno-stack-check -Wl,-O4,--hash-style=gnu,--sort-common,--as-needed,-z,relro,-z,now,-lgomp,-lpthread'
 * FCFLAGS='-march=native -O3 -fdevirtualize-at-ltrans -fipa-pta -fno-semantic-interposition -fno-signed-zeros -fno-trapping-math -fassociative-math -freciprocal-math -fno-math-errno -ffinite-math-only -fno-rounding-math -fno-signaling-nans -fcx-limited-range -fexcess-precision=fast -fno-plt -fno-common -pipe -g0 -fno-stack-protector -fno-stack-clash-protection -fstack-check=no -fno-stack-check -Wl,-O4,--hash-style=gnu,--sort-common,--as-needed,-z,relro,-z,now,-lgomp,-lpthread'
 * F77FLAGS='-march=native -O3 -fdevirtualize-at-ltrans -fipa-pta -fno-semantic-interposition -fno-signed-zeros -fno-trapping-math -fassociative-math -freciprocal-math -fno-math-errno -ffinite-math-only -fno-rounding-math -fno-signaling-nans -fcx-limited-range -fexcess-precision=fast -fno-plt -fno-common -pipe -g0 -fno-stack-protector -fno-stack-clash-protection -fstack-check=no -fno-stack-check -Wl,-O4,--hash-style=gnu,--sort-common,--as-needed,-z,relro,-z,now,-lgomp,-lpthread'
 * LDFLAGS='-Wl,-O4,--hash-style=gnu,--sort-common,--as-needed,-z,relro,-z,now,-lgomp,-lpthread'
 * MAKEOPTS='-j12'
 * gcc (Gentoo 10.1.0 p1) 10.1.0
 * g++ (Gentoo 10.1.0 p1) 10.1.0
 * GNU ld (Gentoo 9999 p5) 2.34.50.20200520
 * Linux ryzen.gnum.org 5.4.36 #1 SMP Thu Apr 30 04:38:28 UTC 2020 x86_64 AMD Ryzen 5 3600 6-Core Processor AuthenticAMD GNU/Linux
]0;emerge 08:30:18 1|240 libnsl (root@ryzen.gnum.org)>>> Extracting net-libs/libnsl-1.2.0
 * checking 18 files for package collisions
>>> Merging net-libs/libnsl-1.2.0 to /
 * removing unneeded *.la files
--- /usr/
--- /usr/lib64/
>>> /usr/lib64/libnsl.so.2.0.0
--- /usr/lib64/pkgconfig/
>>> /usr/lib64/pkgconfig/libnsl.pc
>>> /usr/lib64/libnsl.so.2 -> libnsl.so.2.0.0
>>> /usr/lib64/libnsl.so -> libnsl.so.2.0.0
--- /usr/include/
--- /usr/include/rpcsvc/
>>> /usr/include/rpcsvc/nislib.h
>>> /usr/include/rpcsvc/nis_tags.h
>>> /usr/include/rpcsvc/ypclnt.h
>>> /usr/include/rpcsvc/yppasswd.x
>>> /usr/include/rpcsvc/yppasswd.h
>>> /usr/include/rpcsvc/nis.x
>>> /usr/include/rpcsvc/yp.x
>>> /usr/include/rpcsvc/nis.h
>>> /usr/include/rpcsvc/ypupd.h
>>> /usr/include/rpcsvc/yp_prot.h
>>> /usr/include/rpcsvc/nis_callback.x
>>> /usr/include/rpcsvc/nis_object.x
>>> /usr/include/rpcsvc/nis_callback.h
>>> /usr/include/rpcsvc/yp.h
>>> net-libs/libnsl-1.2.0 merged.
>>> Regenerating /etc/ld.so.cache...
