No package files given... Grabbing a set.
--- replaced obj /usr/lib64/pkgconfig/libvncserver.pc
--- replaced obj /usr/lib64/pkgconfig/libvncclient.pc
--- replaced dir /usr/lib64/pkgconfig
--- replaced sym /usr/lib64/libvncserver.so.1
--- replaced obj /usr/lib64/libvncserver.so.0.9.12
--- replaced sym /usr/lib64/libvncserver.so
--- replaced sym /usr/lib64/libvncclient.so.1
--- replaced obj /usr/lib64/libvncclient.so.0.9.12
--- replaced sym /usr/lib64/libvncclient.so
--- replaced dir /usr/lib64
--- replaced obj /usr/include/rfb/rfbregion.h
--- replaced obj /usr/include/rfb/rfbproto.h
--- replaced obj /usr/include/rfb/rfbconfig.h
--- replaced obj /usr/include/rfb/rfbclient.h
--- replaced obj /usr/include/rfb/rfb.h
--- replaced obj /usr/include/rfb/keysym.h
--- replaced dir /usr/include/rfb
--- replaced dir /usr/include
--- replaced dir /usr
>>> Regenerating /etc/ld.so.cache...
