No package files given... Grabbing a set.
<<<          obj /usr/share/locale/zh_CN/LC_MESSAGES/WebKit2GTK-4.0.mo
<<<          obj /usr/share/locale/vi/LC_MESSAGES/WebKit2GTK-4.0.mo
<<<          obj /usr/share/locale/uk/LC_MESSAGES/WebKit2GTK-4.0.mo
<<<          obj /usr/share/locale/tr/LC_MESSAGES/WebKit2GTK-4.0.mo
<<<          obj /usr/share/locale/te/LC_MESSAGES/WebKit2GTK-4.0.mo
<<<          obj /usr/share/locale/ta/LC_MESSAGES/WebKit2GTK-4.0.mo
<<<          obj /usr/share/locale/sv/LC_MESSAGES/WebKit2GTK-4.0.mo
<<<          obj /usr/share/locale/sr@latin/LC_MESSAGES/WebKit2GTK-4.0.mo
<<<          obj /usr/share/locale/sr/LC_MESSAGES/WebKit2GTK-4.0.mo
<<<          obj /usr/share/locale/sl/LC_MESSAGES/WebKit2GTK-4.0.mo
<<<          obj /usr/share/locale/ru/LC_MESSAGES/WebKit2GTK-4.0.mo
<<<          obj /usr/share/locale/ro/LC_MESSAGES/WebKit2GTK-4.0.mo
<<<          obj /usr/share/locale/pt_BR/LC_MESSAGES/WebKit2GTK-4.0.mo
<<<          obj /usr/share/locale/pt/LC_MESSAGES/WebKit2GTK-4.0.mo
<<<          obj /usr/share/locale/pl/LC_MESSAGES/WebKit2GTK-4.0.mo
<<<          obj /usr/share/locale/pa/LC_MESSAGES/WebKit2GTK-4.0.mo
<<<          obj /usr/share/locale/or/LC_MESSAGES/WebKit2GTK-4.0.mo
<<<          obj /usr/share/locale/nl/LC_MESSAGES/WebKit2GTK-4.0.mo
<<<          obj /usr/share/locale/nb/LC_MESSAGES/WebKit2GTK-4.0.mo
<<<          obj /usr/share/locale/mr/LC_MESSAGES/WebKit2GTK-4.0.mo
<<<          obj /usr/share/locale/ml/LC_MESSAGES/WebKit2GTK-4.0.mo
<<<          obj /usr/share/locale/lv/LC_MESSAGES/WebKit2GTK-4.0.mo
<<<          obj /usr/share/locale/lt/LC_MESSAGES/WebKit2GTK-4.0.mo
<<<          obj /usr/share/locale/ko/LC_MESSAGES/WebKit2GTK-4.0.mo
<<<          obj /usr/share/locale/kn/LC_MESSAGES/WebKit2GTK-4.0.mo
<<<          obj /usr/share/locale/ja/LC_MESSAGES/WebKit2GTK-4.0.mo
<<<          obj /usr/share/locale/it/LC_MESSAGES/WebKit2GTK-4.0.mo
<<<          obj /usr/share/locale/id/LC_MESSAGES/WebKit2GTK-4.0.mo
<<<          obj /usr/share/locale/hu/LC_MESSAGES/WebKit2GTK-4.0.mo
<<<          obj /usr/share/locale/hi/LC_MESSAGES/WebKit2GTK-4.0.mo
<<<          obj /usr/share/locale/he/LC_MESSAGES/WebKit2GTK-4.0.mo
<<<          obj /usr/share/locale/gu/LC_MESSAGES/WebKit2GTK-4.0.mo
<<<          obj /usr/share/locale/gl/LC_MESSAGES/WebKit2GTK-4.0.mo
<<<          obj /usr/share/locale/fr/LC_MESSAGES/WebKit2GTK-4.0.mo
<<<          obj /usr/share/locale/fi/LC_MESSAGES/WebKit2GTK-4.0.mo
<<<          obj /usr/share/locale/eu/LC_MESSAGES/WebKit2GTK-4.0.mo
<<<          obj /usr/share/locale/et/LC_MESSAGES/WebKit2GTK-4.0.mo
<<<          obj /usr/share/locale/es/LC_MESSAGES/WebKit2GTK-4.0.mo
<<<          obj /usr/share/locale/eo/LC_MESSAGES/WebKit2GTK-4.0.mo
<<<          obj /usr/share/locale/en_GB/LC_MESSAGES/WebKit2GTK-4.0.mo
<<<          obj /usr/share/locale/en_CA/LC_MESSAGES/WebKit2GTK-4.0.mo
<<<          obj /usr/share/locale/el/LC_MESSAGES/WebKit2GTK-4.0.mo
<<<          obj /usr/share/locale/de/LC_MESSAGES/WebKit2GTK-4.0.mo
<<<          obj /usr/share/locale/da/LC_MESSAGES/WebKit2GTK-4.0.mo
<<<          obj /usr/share/locale/cs/LC_MESSAGES/WebKit2GTK-4.0.mo
<<<          obj /usr/share/locale/ca/LC_MESSAGES/WebKit2GTK-4.0.mo
<<<          obj /usr/share/locale/bg/LC_MESSAGES/WebKit2GTK-4.0.mo
<<<          obj /usr/share/locale/as/LC_MESSAGES/WebKit2GTK-4.0.mo
<<<          obj /usr/share/locale/ar/LC_MESSAGES/WebKit2GTK-4.0.mo
<<<          obj /usr/share/gir-1.0/WebKit2WebExtension-4.0.gir
<<<          obj /usr/share/gir-1.0/WebKit2-4.0.gir
<<<          obj /usr/share/gir-1.0/JavaScriptCore-4.0.gir
<<<          obj /usr/libexec/webkit2gtk-4.0/jsc
<<<          obj /usr/libexec/webkit2gtk-4.0/WebKitWebProcess
<<<          obj /usr/libexec/webkit2gtk-4.0/WebKitPluginProcess
<<<          obj /usr/libexec/webkit2gtk-4.0/WebKitNetworkProcess
<<<          obj /usr/lib64/webkit2gtk-4.0/injected-bundle/libwebkit2gtkinjectedbundle.so
<<<          obj /usr/lib64/pkgconfig/webkit2gtk-web-extension-4.0.pc
<<<          obj /usr/lib64/pkgconfig/webkit2gtk-4.0.pc
<<<          obj /usr/lib64/pkgconfig/javascriptcoregtk-4.0.pc
<<<          obj /usr/lib64/libwebkit2gtk-4.0.so.37.44.4
<<<          sym /usr/lib64/libwebkit2gtk-4.0.so.37
<<<          sym /usr/lib64/libwebkit2gtk-4.0.so
<<<          obj /usr/lib64/libjavascriptcoregtk-4.0.so.18.16.5
<<<          sym /usr/lib64/libjavascriptcoregtk-4.0.so.18
<<<          sym /usr/lib64/libjavascriptcoregtk-4.0.so
<<<          obj /usr/lib64/girepository-1.0/WebKit2WebExtension-4.0.typelib
<<<          obj /usr/lib64/girepository-1.0/WebKit2-4.0.typelib
<<<          obj /usr/lib64/girepository-1.0/JavaScriptCore-4.0.typelib
<<<          obj /usr/include/webkitgtk-4.0/webkitdom/webkitdomdefines.h
<<<          obj /usr/include/webkitgtk-4.0/webkitdom/webkitdomautocleanups.h
<<<          obj /usr/include/webkitgtk-4.0/webkitdom/webkitdom.h
<<<          obj /usr/include/webkitgtk-4.0/webkitdom/WebKitDOMXPathResult.h
<<<          obj /usr/include/webkitgtk-4.0/webkitdom/WebKitDOMXPathNSResolver.h
<<<          obj /usr/include/webkitgtk-4.0/webkitdom/WebKitDOMXPathExpression.h
<<<          obj /usr/include/webkitgtk-4.0/webkitdom/WebKitDOMWheelEvent.h
<<<          obj /usr/include/webkitgtk-4.0/webkitdom/WebKitDOMUIEvent.h
<<<          obj /usr/include/webkitgtk-4.0/webkitdom/WebKitDOMTreeWalker.h
<<<          obj /usr/include/webkitgtk-4.0/webkitdom/WebKitDOMText.h
<<<          obj /usr/include/webkitgtk-4.0/webkitdom/WebKitDOMStyleSheetList.h
<<<          obj /usr/include/webkitgtk-4.0/webkitdom/WebKitDOMStyleSheet.h
<<<          obj /usr/include/webkitgtk-4.0/webkitdom/WebKitDOMRangeUnstable.h
<<<          obj /usr/include/webkitgtk-4.0/webkitdom/WebKitDOMRange.h
<<<          obj /usr/include/webkitgtk-4.0/webkitdom/WebKitDOMProcessingInstruction.h
<<<          obj /usr/include/webkitgtk-4.0/webkitdom/WebKitDOMObject.h
<<<          obj /usr/include/webkitgtk-4.0/webkitdom/WebKitDOMNodeList.h
<<<          obj /usr/include/webkitgtk-4.0/webkitdom/WebKitDOMNodeIterator.h
<<<          obj /usr/include/webkitgtk-4.0/webkitdom/WebKitDOMNodeFilter.h
<<<          obj /usr/include/webkitgtk-4.0/webkitdom/WebKitDOMNode.h
<<<          obj /usr/include/webkitgtk-4.0/webkitdom/WebKitDOMNamedNodeMap.h
<<<          obj /usr/include/webkitgtk-4.0/webkitdom/WebKitDOMMouseEvent.h
<<<          obj /usr/include/webkitgtk-4.0/webkitdom/WebKitDOMMediaList.h
<<<          obj /usr/include/webkitgtk-4.0/webkitdom/WebKitDOMKeyboardEvent.h
<<<          obj /usr/include/webkitgtk-4.0/webkitdom/WebKitDOMHTMLUListElement.h
<<<          obj /usr/include/webkitgtk-4.0/webkitdom/WebKitDOMHTMLTitleElement.h
<<<          obj /usr/include/webkitgtk-4.0/webkitdom/WebKitDOMHTMLTextAreaElement.h
<<<          obj /usr/include/webkitgtk-4.0/webkitdom/WebKitDOMHTMLTableSectionElement.h
<<<          obj /usr/include/webkitgtk-4.0/webkitdom/WebKitDOMHTMLTableRowElement.h
<<<          obj /usr/include/webkitgtk-4.0/webkitdom/WebKitDOMHTMLTableElement.h
<<<          obj /usr/include/webkitgtk-4.0/webkitdom/WebKitDOMHTMLTableColElement.h
<<<          obj /usr/include/webkitgtk-4.0/webkitdom/WebKitDOMHTMLTableCellElement.h
<<<          obj /usr/include/webkitgtk-4.0/webkitdom/WebKitDOMHTMLTableCaptionElement.h
<<<          obj /usr/include/webkitgtk-4.0/webkitdom/WebKitDOMHTMLStyleElement.h
<<<          obj /usr/include/webkitgtk-4.0/webkitdom/WebKitDOMHTMLSelectElement.h
<<<          obj /usr/include/webkitgtk-4.0/webkitdom/WebKitDOMHTMLScriptElement.h
<<<          obj /usr/include/webkitgtk-4.0/webkitdom/WebKitDOMHTMLQuoteElement.h
<<<          obj /usr/include/webkitgtk-4.0/webkitdom/WebKitDOMHTMLPreElement.h
<<<          obj /usr/include/webkitgtk-4.0/webkitdom/WebKitDOMHTMLParamElement.h
<<<          obj /usr/include/webkitgtk-4.0/webkitdom/WebKitDOMHTMLParagraphElement.h
<<<          obj /usr/include/webkitgtk-4.0/webkitdom/WebKitDOMHTMLOptionsCollection.h
<<<          obj /usr/include/webkitgtk-4.0/webkitdom/WebKitDOMHTMLOptionElement.h
<<<          obj /usr/include/webkitgtk-4.0/webkitdom/WebKitDOMHTMLOptGroupElement.h
<<<          obj /usr/include/webkitgtk-4.0/webkitdom/WebKitDOMHTMLObjectElement.h
<<<          obj /usr/include/webkitgtk-4.0/webkitdom/WebKitDOMHTMLOListElement.h
<<<          obj /usr/include/webkitgtk-4.0/webkitdom/WebKitDOMHTMLModElement.h
<<<          obj /usr/include/webkitgtk-4.0/webkitdom/WebKitDOMHTMLMetaElement.h
<<<          obj /usr/include/webkitgtk-4.0/webkitdom/WebKitDOMHTMLMenuElement.h
<<<          obj /usr/include/webkitgtk-4.0/webkitdom/WebKitDOMHTMLMarqueeElement.h
<<<          obj /usr/include/webkitgtk-4.0/webkitdom/WebKitDOMHTMLMapElement.h
<<<          obj /usr/include/webkitgtk-4.0/webkitdom/WebKitDOMHTMLLinkElement.h
<<<          obj /usr/include/webkitgtk-4.0/webkitdom/WebKitDOMHTMLLegendElement.h
<<<          obj /usr/include/webkitgtk-4.0/webkitdom/WebKitDOMHTMLLabelElement.h
<<<          obj /usr/include/webkitgtk-4.0/webkitdom/WebKitDOMHTMLLIElement.h
<<<          obj /usr/include/webkitgtk-4.0/webkitdom/WebKitDOMHTMLInputElement.h
<<<          obj /usr/include/webkitgtk-4.0/webkitdom/WebKitDOMHTMLImageElement.h
<<<          obj /usr/include/webkitgtk-4.0/webkitdom/WebKitDOMHTMLIFrameElement.h
<<<          obj /usr/include/webkitgtk-4.0/webkitdom/WebKitDOMHTMLHtmlElement.h
<<<          obj /usr/include/webkitgtk-4.0/webkitdom/WebKitDOMHTMLHeadingElement.h
<<<          obj /usr/include/webkitgtk-4.0/webkitdom/WebKitDOMHTMLHeadElement.h
<<<          obj /usr/include/webkitgtk-4.0/webkitdom/WebKitDOMHTMLHRElement.h
<<<          obj /usr/include/webkitgtk-4.0/webkitdom/WebKitDOMHTMLFrameSetElement.h
<<<          obj /usr/include/webkitgtk-4.0/webkitdom/WebKitDOMHTMLFrameElement.h
<<<          obj /usr/include/webkitgtk-4.0/webkitdom/WebKitDOMHTMLFormElement.h
<<<          obj /usr/include/webkitgtk-4.0/webkitdom/WebKitDOMHTMLFontElement.h
<<<          obj /usr/include/webkitgtk-4.0/webkitdom/WebKitDOMHTMLFieldSetElement.h
<<<          obj /usr/include/webkitgtk-4.0/webkitdom/WebKitDOMHTMLEmbedElement.h
<<<          obj /usr/include/webkitgtk-4.0/webkitdom/WebKitDOMHTMLElementUnstable.h
<<<          obj /usr/include/webkitgtk-4.0/webkitdom/WebKitDOMHTMLElement.h
<<<          obj /usr/include/webkitgtk-4.0/webkitdom/WebKitDOMHTMLDocument.h
<<<          obj /usr/include/webkitgtk-4.0/webkitdom/WebKitDOMHTMLDivElement.h
<<<          obj /usr/include/webkitgtk-4.0/webkitdom/WebKitDOMHTMLDirectoryElement.h
<<<          obj /usr/include/webkitgtk-4.0/webkitdom/WebKitDOMHTMLDListElement.h
<<<          obj /usr/include/webkitgtk-4.0/webkitdom/WebKitDOMHTMLCollection.h
<<<          obj /usr/include/webkitgtk-4.0/webkitdom/WebKitDOMHTMLCanvasElement.h
<<<          obj /usr/include/webkitgtk-4.0/webkitdom/WebKitDOMHTMLButtonElement.h
<<<          obj /usr/include/webkitgtk-4.0/webkitdom/WebKitDOMHTMLBodyElement.h
<<<          obj /usr/include/webkitgtk-4.0/webkitdom/WebKitDOMHTMLBaseElement.h
<<<          obj /usr/include/webkitgtk-4.0/webkitdom/WebKitDOMHTMLBRElement.h
<<<          obj /usr/include/webkitgtk-4.0/webkitdom/WebKitDOMHTMLAreaElement.h
<<<          obj /usr/include/webkitgtk-4.0/webkitdom/WebKitDOMHTMLAppletElement.h
<<<          obj /usr/include/webkitgtk-4.0/webkitdom/WebKitDOMHTMLAnchorElement.h
<<<          obj /usr/include/webkitgtk-4.0/webkitdom/WebKitDOMFileList.h
<<<          obj /usr/include/webkitgtk-4.0/webkitdom/WebKitDOMFile.h
<<<          obj /usr/include/webkitgtk-4.0/webkitdom/WebKitDOMEventTarget.h
<<<          obj /usr/include/webkitgtk-4.0/webkitdom/WebKitDOMEvent.h
<<<          obj /usr/include/webkitgtk-4.0/webkitdom/WebKitDOMElementUnstable.h
<<<          obj /usr/include/webkitgtk-4.0/webkitdom/WebKitDOMElement.h
<<<          obj /usr/include/webkitgtk-4.0/webkitdom/WebKitDOMDocumentUnstable.h
<<<          obj /usr/include/webkitgtk-4.0/webkitdom/WebKitDOMDocumentType.h
<<<          obj /usr/include/webkitgtk-4.0/webkitdom/WebKitDOMDocumentFragmentUnstable.h
<<<          obj /usr/include/webkitgtk-4.0/webkitdom/WebKitDOMDocumentFragment.h
<<<          obj /usr/include/webkitgtk-4.0/webkitdom/WebKitDOMDocument.h
<<<          obj /usr/include/webkitgtk-4.0/webkitdom/WebKitDOMDeprecated.h
<<<          obj /usr/include/webkitgtk-4.0/webkitdom/WebKitDOMDOMWindowUnstable.h
<<<          obj /usr/include/webkitgtk-4.0/webkitdom/WebKitDOMDOMWindow.h
<<<          obj /usr/include/webkitgtk-4.0/webkitdom/WebKitDOMDOMTokenList.h
<<<          obj /usr/include/webkitgtk-4.0/webkitdom/WebKitDOMDOMSelection.h
<<<          obj /usr/include/webkitgtk-4.0/webkitdom/WebKitDOMDOMImplementation.h
<<<          obj /usr/include/webkitgtk-4.0/webkitdom/WebKitDOMCustomUnstable.h
<<<          obj /usr/include/webkitgtk-4.0/webkitdom/WebKitDOMCustom.h
<<<          obj /usr/include/webkitgtk-4.0/webkitdom/WebKitDOMComment.h
<<<          obj /usr/include/webkitgtk-4.0/webkitdom/WebKitDOMClientRectList.h
<<<          obj /usr/include/webkitgtk-4.0/webkitdom/WebKitDOMClientRect.h
<<<          obj /usr/include/webkitgtk-4.0/webkitdom/WebKitDOMCharacterData.h
<<<          obj /usr/include/webkitgtk-4.0/webkitdom/WebKitDOMCSSValue.h
<<<          obj /usr/include/webkitgtk-4.0/webkitdom/WebKitDOMCSSStyleSheet.h
<<<          obj /usr/include/webkitgtk-4.0/webkitdom/WebKitDOMCSSStyleDeclaration.h
<<<          obj /usr/include/webkitgtk-4.0/webkitdom/WebKitDOMCSSRuleList.h
<<<          obj /usr/include/webkitgtk-4.0/webkitdom/WebKitDOMCSSRule.h
<<<          obj /usr/include/webkitgtk-4.0/webkitdom/WebKitDOMCDATASection.h
<<<          obj /usr/include/webkitgtk-4.0/webkitdom/WebKitDOMBlob.h
<<<          obj /usr/include/webkitgtk-4.0/webkitdom/WebKitDOMAttr.h
<<<          obj /usr/include/webkitgtk-4.0/webkit2/webkit2.h
<<<          obj /usr/include/webkitgtk-4.0/webkit2/webkit-web-extension.h
<<<          obj /usr/include/webkitgtk-4.0/webkit2/WebKitWindowProperties.h
<<<          obj /usr/include/webkitgtk-4.0/webkit2/WebKitWebsiteDataManager.h
<<<          obj /usr/include/webkitgtk-4.0/webkit2/WebKitWebsiteData.h
<<<          obj /usr/include/webkitgtk-4.0/webkit2/WebKitWebViewSessionState.h
<<<          obj /usr/include/webkitgtk-4.0/webkit2/WebKitWebViewBase.h
<<<          obj /usr/include/webkitgtk-4.0/webkit2/WebKitWebView.h
<<<          obj /usr/include/webkitgtk-4.0/webkit2/WebKitWebResource.h
<<<          obj /usr/include/webkitgtk-4.0/webkit2/WebKitWebProcessEnumTypes.h
<<<          obj /usr/include/webkitgtk-4.0/webkit2/WebKitWebPage.h
<<<          obj /usr/include/webkitgtk-4.0/webkit2/WebKitWebInspector.h
<<<          obj /usr/include/webkitgtk-4.0/webkit2/WebKitWebHitTestResult.h
<<<          obj /usr/include/webkitgtk-4.0/webkit2/WebKitWebExtensionAutocleanups.h
<<<          obj /usr/include/webkitgtk-4.0/webkit2/WebKitWebExtension.h
<<<          obj /usr/include/webkitgtk-4.0/webkit2/WebKitWebEditor.h
<<<          obj /usr/include/webkitgtk-4.0/webkit2/WebKitWebContext.h
<<<          obj /usr/include/webkitgtk-4.0/webkit2/WebKitVersion.h
<<<          obj /usr/include/webkitgtk-4.0/webkit2/WebKitUserMessage.h
<<<          obj /usr/include/webkitgtk-4.0/webkit2/WebKitUserMediaPermissionRequest.h
<<<          obj /usr/include/webkitgtk-4.0/webkit2/WebKitUserContentManager.h
<<<          obj /usr/include/webkitgtk-4.0/webkit2/WebKitUserContentFilterStore.h
<<<          obj /usr/include/webkitgtk-4.0/webkit2/WebKitUserContent.h
<<<          obj /usr/include/webkitgtk-4.0/webkit2/WebKitURIUtilities.h
<<<          obj /usr/include/webkitgtk-4.0/webkit2/WebKitURISchemeRequest.h
<<<          obj /usr/include/webkitgtk-4.0/webkit2/WebKitURIResponse.h
<<<          obj /usr/include/webkitgtk-4.0/webkit2/WebKitURIRequest.h
<<<          obj /usr/include/webkitgtk-4.0/webkit2/WebKitSettings.h
<<<          obj /usr/include/webkitgtk-4.0/webkit2/WebKitSecurityOrigin.h
<<<          obj /usr/include/webkitgtk-4.0/webkit2/WebKitSecurityManager.h
<<<          obj /usr/include/webkitgtk-4.0/webkit2/WebKitScriptWorld.h
<<<          obj /usr/include/webkitgtk-4.0/webkit2/WebKitScriptDialog.h
<<<          obj /usr/include/webkitgtk-4.0/webkit2/WebKitResponsePolicyDecision.h
<<<          obj /usr/include/webkitgtk-4.0/webkit2/WebKitPrintOperation.h
<<<          obj /usr/include/webkitgtk-4.0/webkit2/WebKitPrintCustomWidget.h
<<<          obj /usr/include/webkitgtk-4.0/webkit2/WebKitPolicyDecision.h
<<<          obj /usr/include/webkitgtk-4.0/webkit2/WebKitPointerLockPermissionRequest.h
<<<          obj /usr/include/webkitgtk-4.0/webkit2/WebKitPlugin.h
<<<          obj /usr/include/webkitgtk-4.0/webkit2/WebKitPermissionRequest.h
<<<          obj /usr/include/webkitgtk-4.0/webkit2/WebKitOptionMenuItem.h
<<<          obj /usr/include/webkitgtk-4.0/webkit2/WebKitOptionMenu.h
<<<          obj /usr/include/webkitgtk-4.0/webkit2/WebKitNotificationPermissionRequest.h
<<<          obj /usr/include/webkitgtk-4.0/webkit2/WebKitNotification.h
<<<          obj /usr/include/webkitgtk-4.0/webkit2/WebKitNetworkProxySettings.h
<<<          obj /usr/include/webkitgtk-4.0/webkit2/WebKitNavigationPolicyDecision.h
<<<          obj /usr/include/webkitgtk-4.0/webkit2/WebKitNavigationAction.h
<<<          obj /usr/include/webkitgtk-4.0/webkit2/WebKitMimeInfo.h
<<<          obj /usr/include/webkitgtk-4.0/webkit2/WebKitJavascriptResult.h
<<<          obj /usr/include/webkitgtk-4.0/webkit2/WebKitInstallMissingMediaPluginsPermissionRequest.h
<<<          obj /usr/include/webkitgtk-4.0/webkit2/WebKitInputMethodContext.h
<<<          obj /usr/include/webkitgtk-4.0/webkit2/WebKitHitTestResult.h
<<<          obj /usr/include/webkitgtk-4.0/webkit2/WebKitGeolocationPermissionRequest.h
<<<          obj /usr/include/webkitgtk-4.0/webkit2/WebKitGeolocationManager.h
<<<          obj /usr/include/webkitgtk-4.0/webkit2/WebKitFrame.h
<<<          obj /usr/include/webkitgtk-4.0/webkit2/WebKitForwardDeclarations.h
<<<          obj /usr/include/webkitgtk-4.0/webkit2/WebKitFormSubmissionRequest.h
<<<          obj /usr/include/webkitgtk-4.0/webkit2/WebKitFindController.h
<<<          obj /usr/include/webkitgtk-4.0/webkit2/WebKitFileChooserRequest.h
<<<          obj /usr/include/webkitgtk-4.0/webkit2/WebKitFaviconDatabase.h
<<<          obj /usr/include/webkitgtk-4.0/webkit2/WebKitError.h
<<<          obj /usr/include/webkitgtk-4.0/webkit2/WebKitEnumTypes.h
<<<          obj /usr/include/webkitgtk-4.0/webkit2/WebKitEditorState.h
<<<          obj /usr/include/webkitgtk-4.0/webkit2/WebKitEditingCommands.h
<<<          obj /usr/include/webkitgtk-4.0/webkit2/WebKitDownload.h
<<<          obj /usr/include/webkitgtk-4.0/webkit2/WebKitDeviceInfoPermissionRequest.h
<<<          obj /usr/include/webkitgtk-4.0/webkit2/WebKitDefines.h
<<<          obj /usr/include/webkitgtk-4.0/webkit2/WebKitCredential.h
<<<          obj /usr/include/webkitgtk-4.0/webkit2/WebKitCookieManager.h
<<<          obj /usr/include/webkitgtk-4.0/webkit2/WebKitContextMenuItem.h
<<<          obj /usr/include/webkitgtk-4.0/webkit2/WebKitContextMenuActions.h
<<<          obj /usr/include/webkitgtk-4.0/webkit2/WebKitContextMenu.h
<<<          obj /usr/include/webkitgtk-4.0/webkit2/WebKitConsoleMessage.h
<<<          obj /usr/include/webkitgtk-4.0/webkit2/WebKitColorChooserRequest.h
<<<          obj /usr/include/webkitgtk-4.0/webkit2/WebKitBackForwardListItem.h
<<<          obj /usr/include/webkitgtk-4.0/webkit2/WebKitBackForwardList.h
<<<          obj /usr/include/webkitgtk-4.0/webkit2/WebKitAutomationSession.h
<<<          obj /usr/include/webkitgtk-4.0/webkit2/WebKitAutocleanups.h
<<<          obj /usr/include/webkitgtk-4.0/webkit2/WebKitAuthenticationRequest.h
<<<          obj /usr/include/webkitgtk-4.0/webkit2/WebKitApplicationInfo.h
<<<          obj /usr/include/webkitgtk-4.0/jsc/jsc.h
<<<          obj /usr/include/webkitgtk-4.0/jsc/JSCWeakValue.h
<<<          obj /usr/include/webkitgtk-4.0/jsc/JSCVirtualMachine.h
<<<          obj /usr/include/webkitgtk-4.0/jsc/JSCVersion.h
<<<          obj /usr/include/webkitgtk-4.0/jsc/JSCValue.h
<<<          obj /usr/include/webkitgtk-4.0/jsc/JSCOptions.h
<<<          obj /usr/include/webkitgtk-4.0/jsc/JSCException.h
<<<          obj /usr/include/webkitgtk-4.0/jsc/JSCDefines.h
<<<          obj /usr/include/webkitgtk-4.0/jsc/JSCContext.h
<<<          obj /usr/include/webkitgtk-4.0/jsc/JSCClass.h
<<<          obj /usr/include/webkitgtk-4.0/jsc/JSCAutocleanups.h
<<<          obj /usr/include/webkitgtk-4.0/JavaScriptCore/WebKitAvailability.h
<<<          obj /usr/include/webkitgtk-4.0/JavaScriptCore/JavaScript.h
<<<          obj /usr/include/webkitgtk-4.0/JavaScriptCore/JSValueRef.h
<<<          obj /usr/include/webkitgtk-4.0/JavaScriptCore/JSTypedArray.h
<<<          obj /usr/include/webkitgtk-4.0/JavaScriptCore/JSStringRef.h
<<<          obj /usr/include/webkitgtk-4.0/JavaScriptCore/JSObjectRef.h
<<<          obj /usr/include/webkitgtk-4.0/JavaScriptCore/JSContextRef.h
<<<          obj /usr/include/webkitgtk-4.0/JavaScriptCore/JSBase.h
<<<          obj /usr/bin/WebKitWebDriver
--- !empty   dir /usr/share/locale/zh_CN/LC_MESSAGES
--- !empty   dir /usr/share/locale/zh_CN
--- !empty   dir /usr/share/locale/vi/LC_MESSAGES
--- !empty   dir /usr/share/locale/vi
--- !empty   dir /usr/share/locale/uk/LC_MESSAGES
--- !empty   dir /usr/share/locale/uk
--- !empty   dir /usr/share/locale/tr/LC_MESSAGES
--- !empty   dir /usr/share/locale/tr
--- !empty   dir /usr/share/locale/te/LC_MESSAGES
--- !empty   dir /usr/share/locale/te
--- !empty   dir /usr/share/locale/ta/LC_MESSAGES
--- !empty   dir /usr/share/locale/ta
--- !empty   dir /usr/share/locale/sv/LC_MESSAGES
--- !empty   dir /usr/share/locale/sv
--- !empty   dir /usr/share/locale/sr@latin/LC_MESSAGES
--- !empty   dir /usr/share/locale/sr@latin
--- !empty   dir /usr/share/locale/sr/LC_MESSAGES
--- !empty   dir /usr/share/locale/sr
--- !empty   dir /usr/share/locale/sl/LC_MESSAGES
--- !empty   dir /usr/share/locale/sl
--- !empty   dir /usr/share/locale/ru/LC_MESSAGES
--- !empty   dir /usr/share/locale/ru
--- !empty   dir /usr/share/locale/ro/LC_MESSAGES
--- !empty   dir /usr/share/locale/ro
--- !empty   dir /usr/share/locale/pt_BR/LC_MESSAGES
--- !empty   dir /usr/share/locale/pt_BR
--- !empty   dir /usr/share/locale/pt/LC_MESSAGES
--- !empty   dir /usr/share/locale/pt
--- !empty   dir /usr/share/locale/pl/LC_MESSAGES
--- !empty   dir /usr/share/locale/pl
--- !empty   dir /usr/share/locale/pa/LC_MESSAGES
--- !empty   dir /usr/share/locale/pa
--- !empty   dir /usr/share/locale/or/LC_MESSAGES
--- !empty   dir /usr/share/locale/or
--- !empty   dir /usr/share/locale/nl/LC_MESSAGES
--- !empty   dir /usr/share/locale/nl
--- !empty   dir /usr/share/locale/nb/LC_MESSAGES
--- !empty   dir /usr/share/locale/nb
--- !empty   dir /usr/share/locale/mr/LC_MESSAGES
--- !empty   dir /usr/share/locale/mr
--- !empty   dir /usr/share/locale/ml/LC_MESSAGES
--- !empty   dir /usr/share/locale/ml
--- !empty   dir /usr/share/locale/lv/LC_MESSAGES
--- !empty   dir /usr/share/locale/lv
--- !empty   dir /usr/share/locale/lt/LC_MESSAGES
--- !empty   dir /usr/share/locale/lt
--- !empty   dir /usr/share/locale/ko/LC_MESSAGES
--- !empty   dir /usr/share/locale/ko
--- !empty   dir /usr/share/locale/kn/LC_MESSAGES
--- !empty   dir /usr/share/locale/kn
--- !empty   dir /usr/share/locale/ja/LC_MESSAGES
--- !empty   dir /usr/share/locale/ja
--- !empty   dir /usr/share/locale/it/LC_MESSAGES
--- !empty   dir /usr/share/locale/it
--- !empty   dir /usr/share/locale/id/LC_MESSAGES
--- !empty   dir /usr/share/locale/id
--- !empty   dir /usr/share/locale/hu/LC_MESSAGES
--- !empty   dir /usr/share/locale/hu
--- !empty   dir /usr/share/locale/hi/LC_MESSAGES
--- !empty   dir /usr/share/locale/hi
--- !empty   dir /usr/share/locale/he/LC_MESSAGES
--- !empty   dir /usr/share/locale/he
--- !empty   dir /usr/share/locale/gu/LC_MESSAGES
--- !empty   dir /usr/share/locale/gu
--- !empty   dir /usr/share/locale/gl/LC_MESSAGES
--- !empty   dir /usr/share/locale/gl
--- !empty   dir /usr/share/locale/fr/LC_MESSAGES
--- !empty   dir /usr/share/locale/fr
--- !empty   dir /usr/share/locale/fi/LC_MESSAGES
--- !empty   dir /usr/share/locale/fi
--- !empty   dir /usr/share/locale/eu/LC_MESSAGES
--- !empty   dir /usr/share/locale/eu
--- !empty   dir /usr/share/locale/et/LC_MESSAGES
--- !empty   dir /usr/share/locale/et
--- !empty   dir /usr/share/locale/es/LC_MESSAGES
--- !empty   dir /usr/share/locale/es
--- !empty   dir /usr/share/locale/eo/LC_MESSAGES
--- !empty   dir /usr/share/locale/eo
--- !empty   dir /usr/share/locale/en_GB/LC_MESSAGES
--- !empty   dir /usr/share/locale/en_GB
--- !empty   dir /usr/share/locale/en_CA/LC_MESSAGES
--- !empty   dir /usr/share/locale/en_CA
--- !empty   dir /usr/share/locale/el/LC_MESSAGES
--- !empty   dir /usr/share/locale/el
--- !empty   dir /usr/share/locale/de/LC_MESSAGES
--- !empty   dir /usr/share/locale/de
--- !empty   dir /usr/share/locale/da/LC_MESSAGES
--- !empty   dir /usr/share/locale/da
--- !empty   dir /usr/share/locale/cs/LC_MESSAGES
--- !empty   dir /usr/share/locale/cs
--- !empty   dir /usr/share/locale/ca/LC_MESSAGES
--- !empty   dir /usr/share/locale/ca
--- !empty   dir /usr/share/locale/bg/LC_MESSAGES
--- !empty   dir /usr/share/locale/bg
--- !empty   dir /usr/share/locale/as/LC_MESSAGES
--- !empty   dir /usr/share/locale/as
--- !empty   dir /usr/share/locale/ar/LC_MESSAGES
--- !empty   dir /usr/share/locale/ar
--- !empty   dir /usr/share/locale
--- !empty   dir /usr/share/gir-1.0
--- !empty   dir /usr/share
<<<          dir /usr/libexec/webkit2gtk-4.0
--- !empty   dir /usr/libexec
<<<          dir /usr/lib64/webkit2gtk-4.0/injected-bundle
<<<          dir /usr/lib64/webkit2gtk-4.0
--- !empty   dir /usr/lib64/pkgconfig
--- !empty   dir /usr/lib64/girepository-1.0
--- !empty   dir /usr/lib64
<<<          dir /usr/include/webkitgtk-4.0/webkitdom
<<<          dir /usr/include/webkitgtk-4.0/webkit2
<<<          dir /usr/include/webkitgtk-4.0/jsc
<<<          dir /usr/include/webkitgtk-4.0/JavaScriptCore
<<<          dir /usr/include/webkitgtk-4.0
--- !empty   dir /usr/include
--- !empty   dir /usr/bin
--- !empty   dir /usr
>>> Regenerating /etc/ld.so.cache...
