>>> Extracting info
 * Package:    net-misc/networkmanager-1.18.6
 * Repository: FireBurn
 * USE:        wext elibc_glibc introspection kernel_linux abi_x86_64 wifi ppp ncurses policykit amd64 userland_GNU systemd nss dhclient modemmanager dhcpcd
 * FEATURES:   ccache network-sandbox preserve-libs sandbox userpriv usersandbox
 * /etc/portage/package.cflags/ltoworkarounds.conf -> net-misc/networkmanager: *FLAGS-=-flto* # Test failure
 * /etc/portage/package.cflags/ltoworkarounds.conf -> net-misc/networkmanager: *FLAGS-="${NOCOMMON}"
 * FEATURES='compress-index unmerge-backup unknown-features-warn xattr parallel-fetch assume-digests ipc-sandbox protect-owned binpkg-dostrip sfperms binpkg-logs ccache merge-sync strict nodoc distlocks collision-protect parallel-install userpriv pid-sandbox cgroup usersync config-protect-if-modified multilib-strict strict-keepdir binpkg-multi-instance userfetch fixlafiles buildpkg sandbox unmerge-orphans qa-unresolved-soname-deps downgrade-backup news unmerge-logs network-sandbox binpkg-docompress usersandbox preserve-libs'
 * CFLAGS='-march=native -O3 -fdevirtualize-at-ltrans -fipa-pta -fno-semantic-interposition -fno-math-errno -fno-trapping-math -fno-plt -fuse-linker-plugin -pipe -g0 -fno-stack-protector -fno-stack-clash-protection -fstack-check=no -fno-stack-check -Wl,-O4,--hash-style=gnu,--sort-common,--as-needed,-z,relro,-z,now,-lgomp,-lpthread'
 * CXXFLAGS='-march=native -O3 -fdevirtualize-at-ltrans -fipa-pta -fno-semantic-interposition -fno-math-errno -fno-trapping-math -fno-plt -fuse-linker-plugin -pipe -g0 -fno-stack-protector -fno-stack-clash-protection -fstack-check=no -fno-stack-check -Wl,-O4,--hash-style=gnu,--sort-common,--as-needed,-z,relro,-z,now,-lgomp,-lpthread'
 * FFLAGS='-march=native -O3 -fdevirtualize-at-ltrans -fipa-pta -fno-semantic-interposition -fno-math-errno -fno-trapping-math -fno-plt -fuse-linker-plugin -pipe -g0 -fno-stack-protector -fno-stack-clash-protection -fstack-check=no -fno-stack-check -Wl,-O4,--hash-style=gnu,--sort-common,--as-needed,-z,relro,-z,now,-lgomp,-lpthread'
 * FCFLAGS='-march=native -O3 -fdevirtualize-at-ltrans -fipa-pta -fno-semantic-interposition -fno-math-errno -fno-trapping-math -fno-plt -fuse-linker-plugin -pipe -g0 -fno-stack-protector -fno-stack-clash-protection -fstack-check=no -fno-stack-check -Wl,-O4,--hash-style=gnu,--sort-common,--as-needed,-z,relro,-z,now,-lgomp,-lpthread'
 * F77FLAGS='-march=native -O3 -fdevirtualize-at-ltrans -fipa-pta -fno-semantic-interposition -fno-math-errno -fno-trapping-math -fno-plt -fuse-linker-plugin -pipe -g0 -fno-stack-protector -fno-stack-clash-protection -fstack-check=no -fno-stack-check -Wl,-O4,--hash-style=gnu,--sort-common,--as-needed,-z,relro,-z,now,-lgomp,-lpthread'
 * LDFLAGS='-Wl,-O4,--hash-style=gnu,--sort-common,--as-needed,-z,relro,-z,now,-lgomp,-lpthread'
 * MAKEOPTS='-j12'
 * gcc (Gentoo 11.0.0_pre9999 p1, commit 584d52b088f9fcf78704b504c3f1f07e17c1cded) 11.0.0 20200523 (experimental)
 * g++ (Gentoo 11.0.0_pre9999 p1, commit 584d52b088f9fcf78704b504c3f1f07e17c1cded) 11.0.0 20200523 (experimental)
 * GNU ld (Gentoo 2.34 p4) 2.34.0
 * Linux ryzen.gnum.org 5.4.36 #1 SMP Thu Apr 30 04:38:28 UTC 2020 x86_64 AMD Ryzen 5 3600 6-Core Processor AuthenticAMD GNU/Linux
net-misc/networkmanager: 4 seconds average for 1 merge
2020-05-20T04:25:36 >>> net-misc/networkmanager: 4 seconds
]0;emerge 16:51:20 5|15 networkmanager 00:04 (root@ryzen.gnum.org)>>> Extracting net-misc/networkmanager-1.18.6
 * checking 649 files for package collisions
>>> Merging net-misc/networkmanager-1.18.6 to /
 * removing unneeded *.la files
--- /etc/
>>> /etc/NetworkManager/
>>> /etc/NetworkManager/system-connections/
>>> /etc/NetworkManager/system-connections/.keep_net-misc_networkmanager-0
>>> /etc/NetworkManager/dispatcher.d/
>>> /etc/NetworkManager/dispatcher.d/10-openrc-status
>>> /etc/NetworkManager/dispatcher.d/.keep_net-misc_networkmanager-0
--- /etc/conf.d/
>>> /etc/conf.d/NetworkManager
--- /etc/dbus-1/
--- /etc/dbus-1/system.d/
>>> /etc/dbus-1/system.d/nm-dispatcher.conf
>>> /etc/dbus-1/system.d/org.freedesktop.NetworkManager.conf
--- /etc/init.d/
>>> /etc/init.d/NetworkManager
--- /usr/
--- /usr/lib64/
>>> /usr/lib64/NetworkManager/
>>> /usr/lib64/NetworkManager/1.18.6/
>>> /usr/lib64/NetworkManager/1.18.6/libnm-device-plugin-bluetooth.so
>>> /usr/lib64/NetworkManager/1.18.6/libnm-wwan.so
>>> /usr/lib64/NetworkManager/1.18.6/libnm-device-plugin-adsl.so
>>> /usr/lib64/NetworkManager/1.18.6/libnm-device-plugin-wwan.so
>>> /usr/lib64/NetworkManager/1.18.6/libnm-ppp-plugin.so
>>> /usr/lib64/NetworkManager/1.18.6/libnm-device-plugin-wifi.so
--- /usr/lib64/pkgconfig/
>>> /usr/lib64/pkgconfig/libnm-util.pc
>>> /usr/lib64/pkgconfig/NetworkManager.pc
>>> /usr/lib64/pkgconfig/libnm-glib-vpn.pc
>>> /usr/lib64/pkgconfig/libnm-glib.pc
>>> /usr/lib64/pkgconfig/libnm.pc
>>> /usr/lib64/libnm-util.so.2.7.0
>>> /usr/lib64/libnm-glib-vpn.so.1.2.0
>>> /usr/lib64/libnm-glib-vpn.so -> libnm-glib-vpn.so.1.2.0
>>> /usr/lib64/libnm-util.so -> libnm-util.so.2.7.0
--- /usr/lib64/pppd/
--- /usr/lib64/pppd/2.4.8/
>>> /usr/lib64/pppd/2.4.8/nm-pppd-plugin.so
--- /usr/lib64/girepository-1.0/
>>> /usr/lib64/girepository-1.0/NetworkManager-1.0.typelib
>>> /usr/lib64/girepository-1.0/NM-1.0.typelib
>>> /usr/lib64/girepository-1.0/NMClient-1.0.typelib
>>> /usr/lib64/libnm-util.so.2 -> libnm-util.so.2.7.0
>>> /usr/lib64/libnm-glib.so.4.9.0
>>> /usr/lib64/libnm.so.0.1.0
--- /usr/share/
--- /usr/share/man/
--- /usr/share/man/man7/
>>> /usr/share/man/man7/nmcli-examples.7.bz2
--- /usr/share/man/man8/
>>> /usr/share/man/man8/nm-initrd-generator.8.bz2
>>> /usr/share/man/man8/NetworkManager.8.bz2
--- /usr/share/man/man5/
>>> /usr/share/man/man5/nm-system-settings.conf.5.bz2
>>> /usr/share/man/man5/nm-settings.5.bz2
>>> /usr/share/man/man5/nm-settings-keyfile.5.bz2
>>> /usr/share/man/man5/NetworkManager.conf.5.bz2
--- /usr/share/man/man1/
>>> /usr/share/man/man1/nmcli.1.bz2
>>> /usr/share/man/man1/nmtui.1.bz2
>>> /usr/share/man/man1/nm-online.1.bz2
>>> /usr/share/man/man1/nmtui-connect.1.bz2
>>> /usr/share/man/man1/nmtui-edit.1.bz2
>>> /usr/share/man/man1/nmtui-hostname.1.bz2
--- /usr/share/dbus-1/
--- /usr/share/dbus-1/interfaces/
>>> /usr/share/dbus-1/interfaces/org.freedesktop.NetworkManager.Device.Lowpan.xml
>>> /usr/share/dbus-1/interfaces/org.freedesktop.NetworkManager.Device.Vxlan.xml
>>> /usr/share/dbus-1/interfaces/org.freedesktop.NetworkManager.Device.Wireless.xml
>>> /usr/share/dbus-1/interfaces/org.freedesktop.NetworkManager.IP4Config.xml
>>> /usr/share/dbus-1/interfaces/org.freedesktop.NetworkManager.Device.OlpcMesh.xml
>>> /usr/share/dbus-1/interfaces/org.freedesktop.NetworkManager.Device.Team.xml
>>> /usr/share/dbus-1/interfaces/org.freedesktop.NetworkManager.AgentManager.xml
>>> /usr/share/dbus-1/interfaces/org.freedesktop.NetworkManager.Connection.Active.xml
>>> /usr/share/dbus-1/interfaces/org.freedesktop.NetworkManager.Device.Bluetooth.xml
>>> /usr/share/dbus-1/interfaces/org.freedesktop.NetworkManager.Device.Bridge.xml
>>> /usr/share/dbus-1/interfaces/org.freedesktop.NetworkManager.Device.Tun.xml
>>> /usr/share/dbus-1/interfaces/org.freedesktop.NetworkManager.Device.Macvlan.xml
>>> /usr/share/dbus-1/interfaces/org.freedesktop.NetworkManager.Device.Ppp.xml
>>> /usr/share/dbus-1/interfaces/org.freedesktop.NetworkManager.Device.IPTunnel.xml
>>> /usr/share/dbus-1/interfaces/org.freedesktop.NetworkManager.Device.OvsInterface.xml
>>> /usr/share/dbus-1/interfaces/org.freedesktop.NetworkManager.PPP.xml
>>> /usr/share/dbus-1/interfaces/org.freedesktop.NetworkManager.Device.Macsec.xml
>>> /usr/share/dbus-1/interfaces/org.freedesktop.NetworkManager.Device.xml
>>> /usr/share/dbus-1/interfaces/org.freedesktop.NetworkManager.Device.OvsBridge.xml
>>> /usr/share/dbus-1/interfaces/org.freedesktop.NetworkManager.Checkpoint.xml
>>> /usr/share/dbus-1/interfaces/org.freedesktop.NetworkManager.Device.Modem.xml
>>> /usr/share/dbus-1/interfaces/org.freedesktop.NetworkManager.Device.Vlan.xml
>>> /usr/share/dbus-1/interfaces/org.freedesktop.NetworkManager.Settings.xml
>>> /usr/share/dbus-1/interfaces/org.freedesktop.NetworkManager.VPN.Connection.xml
>>> /usr/share/dbus-1/interfaces/org.freedesktop.NetworkManager.DHCP6Config.xml
>>> /usr/share/dbus-1/interfaces/org.freedesktop.NetworkManager.AccessPoint.xml
>>> /usr/share/dbus-1/interfaces/org.freedesktop.NetworkManager.Settings.Connection.xml
>>> /usr/share/dbus-1/interfaces/org.freedesktop.NetworkManager.Device.Infiniband.xml
>>> /usr/share/dbus-1/interfaces/org.freedesktop.NetworkManager.Device.Wired.xml
>>> /usr/share/dbus-1/interfaces/org.freedesktop.NetworkManager.WiMax.Nsp.xml
>>> /usr/share/dbus-1/interfaces/org.freedesktop.NetworkManager.SecretAgent.xml
>>> /usr/share/dbus-1/interfaces/org.freedesktop.NetworkManager.Device.WireGuard.xml
>>> /usr/share/dbus-1/interfaces/org.freedesktop.NetworkManager.Device.Adsl.xml
>>> /usr/share/dbus-1/interfaces/org.freedesktop.NetworkManager.Device.WifiP2P.xml
>>> /usr/share/dbus-1/interfaces/org.freedesktop.NetworkManager.Device.Statistics.xml
>>> /usr/share/dbus-1/interfaces/org.freedesktop.NetworkManager.Device.OvsPort.xml
>>> /usr/share/dbus-1/interfaces/org.freedesktop.NetworkManager.DnsManager.xml
>>> /usr/share/dbus-1/interfaces/org.freedesktop.NetworkManager.xml
>>> /usr/share/dbus-1/interfaces/org.freedesktop.NetworkManager.VPN.Plugin.xml
>>> /usr/share/dbus-1/interfaces/org.freedesktop.NetworkManager.Device.Generic.xml
>>> /usr/share/dbus-1/interfaces/org.freedesktop.NetworkManager.Device.Veth.xml
>>> /usr/share/dbus-1/interfaces/org.freedesktop.NetworkManager.WifiP2PPeer.xml
>>> /usr/share/dbus-1/interfaces/org.freedesktop.NetworkManager.Device.Wpan.xml
>>> /usr/share/dbus-1/interfaces/org.freedesktop.NetworkManager.DHCP4Config.xml
>>> /usr/share/dbus-1/interfaces/org.freedesktop.NetworkManager.Device.Bond.xml
>>> /usr/share/dbus-1/interfaces/org.freedesktop.NetworkManager.Device.Dummy.xml
>>> /usr/share/dbus-1/interfaces/org.freedesktop.NetworkManager.Device.WiMax.xml
>>> /usr/share/dbus-1/interfaces/org.freedesktop.NetworkManager.IP6Config.xml
--- /usr/share/dbus-1/system-services/
>>> /usr/share/dbus-1/system-services/org.freedesktop.nm_dispatcher.service
--- /usr/share/gir-1.0/
>>> /usr/share/gir-1.0/NMClient-1.0.gir
>>> /usr/share/gir-1.0/NM-1.0.gir
>>> /usr/share/gir-1.0/NetworkManager-1.0.gir
--- /usr/share/bash-completion/
--- /usr/share/bash-completion/completions/
>>> /usr/share/bash-completion/completions/nmcli
--- /usr/share/gtk-doc/
--- /usr/share/gtk-doc/html/
>>> /usr/share/gtk-doc/html/NetworkManager/
>>> /usr/share/gtk-doc/html/NetworkManager/secret-agents.html
>>> /usr/share/gtk-doc/html/NetworkManager/settings-ethtool.html
>>> /usr/share/gtk-doc/html/NetworkManager/right.png
>>> /usr/share/gtk-doc/html/NetworkManager/gdbus-org.freedesktop.NetworkManager.Device.Infiniband.html
>>> /usr/share/gtk-doc/html/NetworkManager/ch01.html
>>> /usr/share/gtk-doc/html/NetworkManager/settings-wireguard.html
>>> /usr/share/gtk-doc/html/NetworkManager/ix01.html
>>> /usr/share/gtk-doc/html/NetworkManager/settings-adsl.html
>>> /usr/share/gtk-doc/html/NetworkManager/gdbus-org.freedesktop.NetworkManager.Device.html
>>> /usr/share/gtk-doc/html/NetworkManager/gdbus-org.freedesktop.NetworkManager.Device.Macvlan.html
>>> /usr/share/gtk-doc/html/NetworkManager/settings-802-11-wireless.html
>>> /usr/share/gtk-doc/html/NetworkManager/gdbus-org.freedesktop.NetworkManager.Device.OvsBridge.html
>>> /usr/share/gtk-doc/html/NetworkManager/gdbus-org.freedesktop.NetworkManager.html
>>> /usr/share/gtk-doc/html/NetworkManager/ref-dbus-active-connections.html
>>> /usr/share/gtk-doc/html/NetworkManager/ref-dbus-dns-manager.html
>>> /usr/share/gtk-doc/html/NetworkManager/gdbus-org.freedesktop.NetworkManager.Device.Wireless.html
>>> /usr/share/gtk-doc/html/NetworkManager/settings-proxy.html
>>> /usr/share/gtk-doc/html/NetworkManager/gdbus-org.freedesktop.NetworkManager.Device.Wpan.html
>>> /usr/share/gtk-doc/html/NetworkManager/settings-vlan.html
>>> /usr/share/gtk-doc/html/NetworkManager/settings-ipv4.html
>>> /usr/share/gtk-doc/html/NetworkManager/gdbus-org.freedesktop.NetworkManager.Device.IPTunnel.html
>>> /usr/share/gtk-doc/html/NetworkManager/settings-bluetooth.html
>>> /usr/share/gtk-doc/html/NetworkManager/ref-dbus-settings.html
>>> /usr/share/gtk-doc/html/NetworkManager/settings-cdma.html
>>> /usr/share/gtk-doc/html/NetworkManager/settings-macsec.html
>>> /usr/share/gtk-doc/html/NetworkManager/index.html
>>> /usr/share/gtk-doc/html/NetworkManager/up-insensitive.png
>>> /usr/share/gtk-doc/html/NetworkManager/settings-connection.html
>>> /usr/share/gtk-doc/html/NetworkManager/gdbus-org.freedesktop.NetworkManager.Device.Modem.html
>>> /usr/share/gtk-doc/html/NetworkManager/vpn-plugins.html
>>> /usr/share/gtk-doc/html/NetworkManager/nm-settings.html
>>> /usr/share/gtk-doc/html/NetworkManager/ref-dbus-ip6-configs.html
>>> /usr/share/gtk-doc/html/NetworkManager/dbus-vpn-types.html
>>> /usr/share/gtk-doc/html/NetworkManager/settings-generic.html
>>> /usr/share/gtk-doc/html/NetworkManager/ref-dbus-checkpoint.html
>>> /usr/share/gtk-doc/html/NetworkManager/gdbus-org.freedesktop.NetworkManager.Settings.Connection.html
>>> /usr/share/gtk-doc/html/NetworkManager/secrets-flags.html
>>> /usr/share/gtk-doc/html/NetworkManager/settings-tc.html
>>> /usr/share/gtk-doc/html/NetworkManager/settings-team.html
>>> /usr/share/gtk-doc/html/NetworkManager/gdbus-org.freedesktop.NetworkManager.Device.Wired.html
>>> /usr/share/gtk-doc/html/NetworkManager/gdbus-org.freedesktop.NetworkManager.Device.Macsec.html
>>> /usr/share/gtk-doc/html/NetworkManager/ref-dbus-dhcp4-configs.html
>>> /usr/share/gtk-doc/html/NetworkManager/settings-802-3-ethernet.html
>>> /usr/share/gtk-doc/html/NetworkManager/nm-initrd-generator.html
>>> /usr/share/gtk-doc/html/NetworkManager/settings-802-11-wireless-security.html
>>> /usr/share/gtk-doc/html/NetworkManager/settings-wifi-p2p.html
>>> /usr/share/gtk-doc/html/NetworkManager/gdbus-org.freedesktop.NetworkManager.IP6Config.html
>>> /usr/share/gtk-doc/html/NetworkManager/ref-dbus-dhcp6-configs.html
>>> /usr/share/gtk-doc/html/NetworkManager/gdbus-org.freedesktop.NetworkManager.Device.WifiP2P.html
>>> /usr/share/gtk-doc/html/NetworkManager/nm-dbus-types.html
>>> /usr/share/gtk-doc/html/NetworkManager/settings-team-port.html
>>> /usr/share/gtk-doc/html/NetworkManager/spec.html
>>> /usr/share/gtk-doc/html/NetworkManager/gdbus-org.freedesktop.NetworkManager.IP4Config.html
>>> /usr/share/gtk-doc/html/NetworkManager/settings-serial.html
>>> /usr/share/gtk-doc/html/NetworkManager/settings-802-11-olpc-mesh.html
>>> /usr/share/gtk-doc/html/NetworkManager/settings-bridge.html
>>> /usr/share/gtk-doc/html/NetworkManager/nm-settings-keyfile.html
>>> /usr/share/gtk-doc/html/NetworkManager/right-insensitive.png
>>> /usr/share/gtk-doc/html/NetworkManager/ref-dbus-access-points.html
>>> /usr/share/gtk-doc/html/NetworkManager/nmtui.html
>>> /usr/share/gtk-doc/html/NetworkManager/ref-dbus-settings-manager.html
>>> /usr/share/gtk-doc/html/NetworkManager/nm-online.html
>>> /usr/share/gtk-doc/html/NetworkManager/ref-dbus-manager.html
>>> /usr/share/gtk-doc/html/NetworkManager/settings-wimax.html
>>> /usr/share/gtk-doc/html/NetworkManager/settings-802-1x.html
>>> /usr/share/gtk-doc/html/NetworkManager/gdbus-org.freedesktop.NetworkManager.Device.Statistics.html
>>> /usr/share/gtk-doc/html/NetworkManager/gdbus-org.freedesktop.NetworkManager.Device.OvsPort.html
>>> /usr/share/gtk-doc/html/NetworkManager/gdbus-org.freedesktop.NetworkManager.Device.Team.html
>>> /usr/share/gtk-doc/html/NetworkManager/gdbus-org.freedesktop.NetworkManager.Device.Ppp.html
>>> /usr/share/gtk-doc/html/NetworkManager/gdbus-org.freedesktop.NetworkManager.WifiP2PPeer.html
>>> /usr/share/gtk-doc/html/NetworkManager/gdbus-org.freedesktop.NetworkManager.AccessPoint.html
>>> /usr/share/gtk-doc/html/NetworkManager/settings-wpan.html
>>> /usr/share/gtk-doc/html/NetworkManager/gdbus-org.freedesktop.NetworkManager.Device.Bluetooth.html
>>> /usr/share/gtk-doc/html/NetworkManager/gdbus-org.freedesktop.NetworkManager.Device.Bond.html
>>> /usr/share/gtk-doc/html/NetworkManager/settings-bridge-port.html
>>> /usr/share/gtk-doc/html/NetworkManager/settings-user.html
>>> /usr/share/gtk-doc/html/NetworkManager/settings-ppp.html
>>> /usr/share/gtk-doc/html/NetworkManager/gdbus-org.freedesktop.NetworkManager.Device.Bridge.html
>>> /usr/share/gtk-doc/html/NetworkManager/nm-settings-ifcfg-rh.html
>>> /usr/share/gtk-doc/html/NetworkManager/gdbus-org.freedesktop.NetworkManager.Connection.Active.html
>>> /usr/share/gtk-doc/html/NetworkManager/settings-ovs-bridge.html
>>> /usr/share/gtk-doc/html/NetworkManager/gdbus-org.freedesktop.NetworkManager.Device.Vxlan.html
>>> /usr/share/gtk-doc/html/NetworkManager/gdbus-org.freedesktop.NetworkManager.AgentManager.html
>>> /usr/share/gtk-doc/html/NetworkManager/settings-dummy.html
>>> /usr/share/gtk-doc/html/NetworkManager/nmcli-examples.html
>>> /usr/share/gtk-doc/html/NetworkManager/NetworkManager.devhelp2
>>> /usr/share/gtk-doc/html/NetworkManager/nmcli.html
>>> /usr/share/gtk-doc/html/NetworkManager/settings-bond.html
>>> /usr/share/gtk-doc/html/NetworkManager/nm-vpn-dbus-types.html
>>> /usr/share/gtk-doc/html/NetworkManager/gdbus-org.freedesktop.NetworkManager.Device.Dummy.html
>>> /usr/share/gtk-doc/html/NetworkManager/ref-dbus-wifi-p2p-peers.html
>>> /usr/share/gtk-doc/html/NetworkManager/settings-ip-tunnel.html
>>> /usr/share/gtk-doc/html/NetworkManager/settings-macvlan.html
>>> /usr/share/gtk-doc/html/NetworkManager/left-insensitive.png
>>> /usr/share/gtk-doc/html/NetworkManager/gdbus-org.freedesktop.NetworkManager.SecretAgent.html
>>> /usr/share/gtk-doc/html/NetworkManager/gdbus-org.freedesktop.NetworkManager.Device.Adsl.html
>>> /usr/share/gtk-doc/html/NetworkManager/gdbus-org.freedesktop.NetworkManager.Device.OvsInterface.html
>>> /usr/share/gtk-doc/html/NetworkManager/settings-infiniband.html
>>> /usr/share/gtk-doc/html/NetworkManager/settings-tun.html
>>> /usr/share/gtk-doc/html/NetworkManager/license.html
>>> /usr/share/gtk-doc/html/NetworkManager/left.png
>>> /usr/share/gtk-doc/html/NetworkManager/NetworkManager.conf.html
>>> /usr/share/gtk-doc/html/NetworkManager/style.css
>>> /usr/share/gtk-doc/html/NetworkManager/settings-ovs-patch.html
>>> /usr/share/gtk-doc/html/NetworkManager/NetworkManager.html
>>> /usr/share/gtk-doc/html/NetworkManager/gdbus-org.freedesktop.NetworkManager.DnsManager.html
>>> /usr/share/gtk-doc/html/NetworkManager/gdbus-org.freedesktop.NetworkManager.Device.Veth.html
>>> /usr/share/gtk-doc/html/NetworkManager/settings-ovs-interface.html
>>> /usr/share/gtk-doc/html/NetworkManager/settings-vxlan.html
>>> /usr/share/gtk-doc/html/NetworkManager/up.png
>>> /usr/share/gtk-doc/html/NetworkManager/gdbus-org.freedesktop.NetworkManager.Device.Tun.html
>>> /usr/share/gtk-doc/html/NetworkManager/dbus-secret-agent.html
>>> /usr/share/gtk-doc/html/NetworkManager/gdbus-org.freedesktop.NetworkManager.Device.Vlan.html
>>> /usr/share/gtk-doc/html/NetworkManager/settings-match.html
>>> /usr/share/gtk-doc/html/NetworkManager/ref-dbus-ip4-configs.html
>>> /usr/share/gtk-doc/html/NetworkManager/gdbus-org.freedesktop.NetworkManager.DHCP4Config.html
>>> /usr/share/gtk-doc/html/NetworkManager/settings-vpn.html
>>> /usr/share/gtk-doc/html/NetworkManager/settings-dcb.html
>>> /usr/share/gtk-doc/html/NetworkManager/gdbus-org.freedesktop.NetworkManager.Device.WireGuard.html
>>> /usr/share/gtk-doc/html/NetworkManager/gdbus-org.freedesktop.NetworkManager.Settings.html
>>> /usr/share/gtk-doc/html/NetworkManager/dbus-vpn-plugin.html
>>> /usr/share/gtk-doc/html/NetworkManager/settings-ipv6.html
>>> /usr/share/gtk-doc/html/NetworkManager/gdbus-org.freedesktop.NetworkManager.Checkpoint.html
>>> /usr/share/gtk-doc/html/NetworkManager/settings-gsm.html
>>> /usr/share/gtk-doc/html/NetworkManager/gdbus-org.freedesktop.NetworkManager.Device.OlpcMesh.html
>>> /usr/share/gtk-doc/html/NetworkManager/gdbus-org.freedesktop.NetworkManager.PPP.html
>>> /usr/share/gtk-doc/html/NetworkManager/home.png
>>> /usr/share/gtk-doc/html/NetworkManager/gdbus-org.freedesktop.NetworkManager.DHCP6Config.html
>>> /usr/share/gtk-doc/html/NetworkManager/ref-settings.html
>>> /usr/share/gtk-doc/html/NetworkManager/settings-pppoe.html
>>> /usr/share/gtk-doc/html/NetworkManager/ref-dbus-devices.html
>>> /usr/share/gtk-doc/html/NetworkManager/nm-openvswitch.html
>>> /usr/share/gtk-doc/html/NetworkManager/gdbus-org.freedesktop.NetworkManager.Device.Generic.html
>>> /usr/share/gtk-doc/html/NetworkManager/gdbus-org.freedesktop.NetworkManager.VPN.Plugin.html
>>> /usr/share/gtk-doc/html/NetworkManager/settings-6lowpan.html
>>> /usr/share/gtk-doc/html/NetworkManager/ref-dbus-agent-manager.html
>>> /usr/share/gtk-doc/html/NetworkManager/settings-sriov.html
>>> /usr/share/gtk-doc/html/NetworkManager/manpages.html
>>> /usr/share/gtk-doc/html/NetworkManager/settings-ovs-port.html
>>> /usr/share/gtk-doc/html/NetworkManager/gdbus-org.freedesktop.NetworkManager.Device.Lowpan.html
>>> /usr/share/gtk-doc/html/NetworkManager/dbus-types.html
>>> /usr/share/gtk-doc/html/NetworkManager/gdbus-org.freedesktop.NetworkManager.VPN.Connection.html
>>> /usr/share/gtk-doc/html/libnm-glib/
>>> /usr/share/gtk-doc/html/libnm-glib/NMIP6Config.html
>>> /usr/share/gtk-doc/html/libnm-glib/libnm-glib-NMVPNPlugin.html
>>> /usr/share/gtk-doc/html/libnm-glib/NMIP4Config.html
>>> /usr/share/gtk-doc/html/libnm-glib/right.png
>>> /usr/share/gtk-doc/html/libnm-glib/NMSecretAgent.html
>>> /usr/share/gtk-doc/html/libnm-glib/NMDeviceAdsl.html
>>> /usr/share/gtk-doc/html/libnm-glib/NMVPNConnection.html
>>> /usr/share/gtk-doc/html/libnm-glib/NMDeviceEthernet.html
>>> /usr/share/gtk-doc/html/libnm-glib/object-tree.html
>>> /usr/share/gtk-doc/html/libnm-glib/api-index-full.html
>>> /usr/share/gtk-doc/html/libnm-glib/index.html
>>> /usr/share/gtk-doc/html/libnm-glib/up-insensitive.png
>>> /usr/share/gtk-doc/html/libnm-glib/NMDHCP4Config.html
>>> /usr/share/gtk-doc/html/libnm-glib/NMDevice.html
>>> /usr/share/gtk-doc/html/libnm-glib/NMDeviceVlan.html
>>> /usr/share/gtk-doc/html/libnm-glib/NMDeviceTeam.html
>>> /usr/share/gtk-doc/html/libnm-glib/ref-overview.html
>>> /usr/share/gtk-doc/html/libnm-glib/NMDHCP6Config.html
>>> /usr/share/gtk-doc/html/libnm-glib/right-insensitive.png
>>> /usr/share/gtk-doc/html/libnm-glib/libnm-glib-nm-types.html
>>> /usr/share/gtk-doc/html/libnm-glib/libnm-glib-NMVpnPluginUiWidget.html
>>> /usr/share/gtk-doc/html/libnm-glib/NMObject.html
>>> /usr/share/gtk-doc/html/libnm-glib/NMDeviceWimax.html
>>> /usr/share/gtk-doc/html/libnm-glib/NMRemoteConnection.html
>>> /usr/share/gtk-doc/html/libnm-glib/libnm-glib.png
>>> /usr/share/gtk-doc/html/libnm-glib/NMAccessPoint.html
>>> /usr/share/gtk-doc/html/libnm-glib/NMDeviceInfiniband.html
>>> /usr/share/gtk-doc/html/libnm-glib/NMRemoteSettings.html
>>> /usr/share/gtk-doc/html/libnm-glib/left-insensitive.png
>>> /usr/share/gtk-doc/html/libnm-glib/left.png
>>> /usr/share/gtk-doc/html/libnm-glib/NMDeviceOlpcMesh.html
>>> /usr/share/gtk-doc/html/libnm-glib/style.css
>>> /usr/share/gtk-doc/html/libnm-glib/NMWimaxNsp.html
>>> /usr/share/gtk-doc/html/libnm-glib/up.png
>>> /usr/share/gtk-doc/html/libnm-glib/ch02.html
>>> /usr/share/gtk-doc/html/libnm-glib/NMDeviceBond.html
>>> /usr/share/gtk-doc/html/libnm-glib/NMDeviceBt.html
>>> /usr/share/gtk-doc/html/libnm-glib/NMDeviceModem.html
>>> /usr/share/gtk-doc/html/libnm-glib/NMDeviceGeneric.html
>>> /usr/share/gtk-doc/html/libnm-glib/home.png
>>> /usr/share/gtk-doc/html/libnm-glib/NMClient.html
>>> /usr/share/gtk-doc/html/libnm-glib/NMActiveConnection.html
>>> /usr/share/gtk-doc/html/libnm-glib/NMDeviceBridge.html
>>> /usr/share/gtk-doc/html/libnm-glib/NMDeviceWifi.html
>>> /usr/share/gtk-doc/html/libnm-glib/libnm-glib-nm-vpn-plugin-utils.html
>>> /usr/share/gtk-doc/html/libnm-glib/annotation-glossary.html
>>> /usr/share/gtk-doc/html/libnm-glib/libnm-glib.devhelp2
>>> /usr/share/gtk-doc/html/libnm-util/
>>> /usr/share/gtk-doc/html/libnm-util/NMSettingCdma.html
>>> /usr/share/gtk-doc/html/libnm-util/right.png
>>> /usr/share/gtk-doc/html/libnm-util/NMSettingOlpcMesh.html
>>> /usr/share/gtk-doc/html/libnm-util/ch01.html
>>> /usr/share/gtk-doc/html/libnm-util/NMSettingInfiniband.html
>>> /usr/share/gtk-doc/html/libnm-util/NMSettingIP4Config.html
>>> /usr/share/gtk-doc/html/libnm-util/libnm-util-NetworkManagerVPN.html
>>> /usr/share/gtk-doc/html/libnm-util/NMSettingBridgePort.html
>>> /usr/share/gtk-doc/html/libnm-util/object-tree.html
>>> /usr/share/gtk-doc/html/libnm-util/api-index-full.html
>>> /usr/share/gtk-doc/html/libnm-util/NMSettingWimax.html
>>> /usr/share/gtk-doc/html/libnm-util/index.html
>>> /usr/share/gtk-doc/html/libnm-util/up-insensitive.png
>>> /usr/share/gtk-doc/html/libnm-util/NMSettingTeam.html
>>> /usr/share/gtk-doc/html/libnm-util/NMSettingAdsl.html
>>> /usr/share/gtk-doc/html/libnm-util/NMSettingVPN.html
>>> /usr/share/gtk-doc/html/libnm-util/right-insensitive.png
>>> /usr/share/gtk-doc/html/libnm-util/libnm-util.devhelp2
>>> /usr/share/gtk-doc/html/libnm-util/NMSettingDcb.html
>>> /usr/share/gtk-doc/html/libnm-util/NMSettingPPPOE.html
>>> /usr/share/gtk-doc/html/libnm-util/NMConnection.html
>>> /usr/share/gtk-doc/html/libnm-util/NMSettingWired.html
>>> /usr/share/gtk-doc/html/libnm-util/NMSettingSerial.html
>>> /usr/share/gtk-doc/html/libnm-util/NMSettingBridge.html
>>> /usr/share/gtk-doc/html/libnm-util/NMSettingTeamPort.html
>>> /usr/share/gtk-doc/html/libnm-util/libnm-util-NetworkManager.html
>>> /usr/share/gtk-doc/html/libnm-util/NMSettingVlan.html
>>> /usr/share/gtk-doc/html/libnm-util/left-insensitive.png
>>> /usr/share/gtk-doc/html/libnm-util/NMSettingWirelessSecurity.html
>>> /usr/share/gtk-doc/html/libnm-util/NMSetting.html
>>> /usr/share/gtk-doc/html/libnm-util/left.png
>>> /usr/share/gtk-doc/html/libnm-util/style.css
>>> /usr/share/gtk-doc/html/libnm-util/NMSettingBond.html
>>> /usr/share/gtk-doc/html/libnm-util/NMSettingConnection.html
>>> /usr/share/gtk-doc/html/libnm-util/up.png
>>> /usr/share/gtk-doc/html/libnm-util/NMSettingPPP.html
>>> /usr/share/gtk-doc/html/libnm-util/NMSettingWireless.html
>>> /usr/share/gtk-doc/html/libnm-util/NMSettingGsm.html
>>> /usr/share/gtk-doc/html/libnm-util/home.png
>>> /usr/share/gtk-doc/html/libnm-util/NMSettingGeneric.html
>>> /usr/share/gtk-doc/html/libnm-util/annotation-glossary.html
>>> /usr/share/gtk-doc/html/libnm-util/libnm-util-nm-utils.html
>>> /usr/share/gtk-doc/html/libnm-util/NMSettingBluetooth.html
>>> /usr/share/gtk-doc/html/libnm-util/NMSettingIP6Config.html
>>> /usr/share/gtk-doc/html/libnm-util/NMSetting8021x.html
>>> /usr/share/gtk-doc/html/libnm/
>>> /usr/share/gtk-doc/html/libnm/libnm-nm-errors.html
>>> /usr/share/gtk-doc/html/libnm/ch06.html
>>> /usr/share/gtk-doc/html/libnm/NMSettingCdma.html
>>> /usr/share/gtk-doc/html/libnm/NMDeviceVxlan.html
>>> /usr/share/gtk-doc/html/libnm/right.png
>>> /usr/share/gtk-doc/html/libnm/NMSettingMatch.html
>>> /usr/share/gtk-doc/html/libnm/NMSettingOlpcMesh.html
>>> /usr/share/gtk-doc/html/libnm/NMDhcpConfig.html
>>> /usr/share/gtk-doc/html/libnm/ch05.html
>>> /usr/share/gtk-doc/html/libnm/NMSettingInfiniband.html
>>> /usr/share/gtk-doc/html/libnm/NMSettingIP4Config.html
>>> /usr/share/gtk-doc/html/libnm/NMVpnEditor.html
>>> /usr/share/gtk-doc/html/libnm/NMDeviceAdsl.html
>>> /usr/share/gtk-doc/html/libnm/NMSettingBridgePort.html
>>> /usr/share/gtk-doc/html/libnm/NMDeviceWireGuard.html
>>> /usr/share/gtk-doc/html/libnm/NMDeviceEthernet.html
>>> /usr/share/gtk-doc/html/libnm/object-tree.html
>>> /usr/share/gtk-doc/html/libnm/api-index-full.html
>>> /usr/share/gtk-doc/html/libnm/NMSettingWimax.html
>>> /usr/share/gtk-doc/html/libnm/NMSettingPppoe.html
>>> /usr/share/gtk-doc/html/libnm/NMSettingDummy.html
>>> /usr/share/gtk-doc/html/libnm/ch03.html
>>> /usr/share/gtk-doc/html/libnm/NMVpnPluginOld.html
>>> /usr/share/gtk-doc/html/libnm/index.html
>>> /usr/share/gtk-doc/html/libnm/up-insensitive.png
>>> /usr/share/gtk-doc/html/libnm/NMSettingWpan.html
>>> /usr/share/gtk-doc/html/libnm/NMDeviceMacsec.html
>>> /usr/share/gtk-doc/html/libnm/NMSettingTeam.html
>>> /usr/share/gtk-doc/html/libnm/NMIPConfig.html
>>> /usr/share/gtk-doc/html/libnm/NMDevice.html
>>> /usr/share/gtk-doc/html/libnm/NMDeviceVlan.html
>>> /usr/share/gtk-doc/html/libnm/NMDeviceTeam.html
>>> /usr/share/gtk-doc/html/libnm/NMSettingWifiP2P.html
>>> /usr/share/gtk-doc/html/libnm/ref-overview.html
>>> /usr/share/gtk-doc/html/libnm/NMDeviceTun.html
>>> /usr/share/gtk-doc/html/libnm/NMSettingAdsl.html
>>> /usr/share/gtk-doc/html/libnm/libnm.devhelp2
>>> /usr/share/gtk-doc/html/libnm/NMSimpleConnection.html
>>> /usr/share/gtk-doc/html/libnm/NMSettingTun.html
>>> /usr/share/gtk-doc/html/libnm/NMVpnEditorPlugin.html
>>> /usr/share/gtk-doc/html/libnm/libnm-nm-version.html
>>> /usr/share/gtk-doc/html/libnm/NMDeviceMacvlan.html
>>> /usr/share/gtk-doc/html/libnm/NMSettingOvsBridge.html
>>> /usr/share/gtk-doc/html/libnm/right-insensitive.png
>>> /usr/share/gtk-doc/html/libnm/ch04.html
>>> /usr/share/gtk-doc/html/libnm/NMDeviceOvsPort.html
>>> /usr/share/gtk-doc/html/libnm/NMSettingDcb.html
>>> /usr/share/gtk-doc/html/libnm/NMDeviceIPTunnel.html
>>> /usr/share/gtk-doc/html/libnm/NMObject.html
>>> /usr/share/gtk-doc/html/libnm/NMSettingSriov.html
>>> /usr/share/gtk-doc/html/libnm/NMDeviceWimax.html
>>> /usr/share/gtk-doc/html/libnm/NMDeviceDummy.html
>>> /usr/share/gtk-doc/html/libnm/NMRemoteConnection.html
>>> /usr/share/gtk-doc/html/libnm/NMSettingPpp.html
>>> /usr/share/gtk-doc/html/libnm/NMConnection.html
>>> /usr/share/gtk-doc/html/libnm/NMSettingWired.html
>>> /usr/share/gtk-doc/html/libnm/NMSettingSerial.html
>>> /usr/share/gtk-doc/html/libnm/NMSettingBridge.html
>>> /usr/share/gtk-doc/html/libnm/NMSettingEthtool.html
>>> /usr/share/gtk-doc/html/libnm/usage.html
>>> /usr/share/gtk-doc/html/libnm/NMSettingTeamPort.html
>>> /usr/share/gtk-doc/html/libnm/NMAccessPoint.html
>>> /usr/share/gtk-doc/html/libnm/NMDeviceInfiniband.html
>>> /usr/share/gtk-doc/html/libnm/NMSettingVlan.html
>>> /usr/share/gtk-doc/html/libnm/NMDevicePpp.html
>>> /usr/share/gtk-doc/html/libnm/NMSettingVpn.html
>>> /usr/share/gtk-doc/html/libnm/NMSettingTCConfig.html
>>> /usr/share/gtk-doc/html/libnm/NMDeviceOvsInterface.html
>>> /usr/share/gtk-doc/html/libnm/left-insensitive.png
>>> /usr/share/gtk-doc/html/libnm/NMVpnConnection.html
>>> /usr/share/gtk-doc/html/libnm/NMSettingWirelessSecurity.html
>>> /usr/share/gtk-doc/html/libnm/NMSettingIPTunnel.html
>>> /usr/share/gtk-doc/html/libnm/NMCheckpoint.html
>>> /usr/share/gtk-doc/html/libnm/NMSetting.html
>>> /usr/share/gtk-doc/html/libnm/libnm-nm-device-wpan.html
>>> /usr/share/gtk-doc/html/libnm/libnm-nm-dbus-interface.html
>>> /usr/share/gtk-doc/html/libnm/NMDeviceOvsBridge.html
>>> /usr/share/gtk-doc/html/libnm/left.png
>>> /usr/share/gtk-doc/html/libnm/NMDeviceOlpcMesh.html
>>> /usr/share/gtk-doc/html/libnm/style.css
>>> /usr/share/gtk-doc/html/libnm/NMSettingBond.html
>>> /usr/share/gtk-doc/html/libnm/NMSettingConnection.html
>>> /usr/share/gtk-doc/html/libnm/NMWimaxNsp.html
>>> /usr/share/gtk-doc/html/libnm/up.png
>>> /usr/share/gtk-doc/html/libnm/NMSettingProxy.html
>>> /usr/share/gtk-doc/html/libnm/NMSettingOvsPort.html
>>> /usr/share/gtk-doc/html/libnm/ch02.html
>>> /usr/share/gtk-doc/html/libnm/NMSettingMacsec.html
>>> /usr/share/gtk-doc/html/libnm/NMSettingMacvlan.html
>>> /usr/share/gtk-doc/html/libnm/NMSettingWireless.html
>>> /usr/share/gtk-doc/html/libnm/NMSettingOvsPatch.html
>>> /usr/share/gtk-doc/html/libnm/NMSettingVxlan.html
>>> /usr/share/gtk-doc/html/libnm/libnm.png
>>> /usr/share/gtk-doc/html/libnm/NMDeviceBond.html
>>> /usr/share/gtk-doc/html/libnm/NMSettingGsm.html
>>> /usr/share/gtk-doc/html/libnm/NMDeviceBt.html
>>> /usr/share/gtk-doc/html/libnm/NMSecretAgentOld.html
>>> /usr/share/gtk-doc/html/libnm/NMSettingIPConfig.html
>>> /usr/share/gtk-doc/html/libnm/NMDeviceModem.html
>>> /usr/share/gtk-doc/html/libnm/NMVpnPluginInfo.html
>>> /usr/share/gtk-doc/html/libnm/NMDeviceGeneric.html
>>> /usr/share/gtk-doc/html/libnm/NMSettingOvsInterface.html
>>> /usr/share/gtk-doc/html/libnm/home.png
>>> /usr/share/gtk-doc/html/libnm/NMClient.html
>>> /usr/share/gtk-doc/html/libnm/NMActiveConnection.html
>>> /usr/share/gtk-doc/html/libnm/NMVpnServicePlugin.html
>>> /usr/share/gtk-doc/html/libnm/NMSettingGeneric.html
>>> /usr/share/gtk-doc/html/libnm/libnm-nm-device-6lowpan.html
>>> /usr/share/gtk-doc/html/libnm/NMDeviceBridge.html
>>> /usr/share/gtk-doc/html/libnm/NMDeviceWifi.html
>>> /usr/share/gtk-doc/html/libnm/NMSetting6Lowpan.html
>>> /usr/share/gtk-doc/html/libnm/annotation-glossary.html
>>> /usr/share/gtk-doc/html/libnm/NMSettingWireGuard.html
>>> /usr/share/gtk-doc/html/libnm/NMDeviceWifiP2P.html
>>> /usr/share/gtk-doc/html/libnm/libnm-nm-utils.html
>>> /usr/share/gtk-doc/html/libnm/NMSettingBluetooth.html
>>> /usr/share/gtk-doc/html/libnm/NMWifiP2PPeer.html
>>> /usr/share/gtk-doc/html/libnm/NMSettingUser.html
>>> /usr/share/gtk-doc/html/libnm/NMSettingIP6Config.html
>>> /usr/share/gtk-doc/html/libnm/NMSetting8021x.html
--- /usr/share/polkit-1/
--- /usr/share/polkit-1/rules.d/
>>> /usr/share/polkit-1/rules.d/01-org.freedesktop.NetworkManager.settings.modify.system.rules
--- /usr/share/polkit-1/actions/
>>> /usr/share/polkit-1/actions/org.freedesktop.NetworkManager.policy
--- /usr/sbin/
>>> /usr/sbin/NetworkManager
--- /usr/include/
>>> /usr/include/NetworkManager/
>>> /usr/include/NetworkManager/nm-setting-ip6-config.h
>>> /usr/include/NetworkManager/nm-setting-vpn.h
>>> /usr/include/NetworkManager/nm-setting.h
>>> /usr/include/NetworkManager/nm-setting-8021x.h
>>> /usr/include/NetworkManager/NetworkManager.h
>>> /usr/include/NetworkManager/nm-version-macros.h
>>> /usr/include/NetworkManager/nm-version.h
>>> /usr/include/NetworkManager/nm-connection.h
>>> /usr/include/NetworkManager/nm-setting-bridge.h
>>> /usr/include/NetworkManager/nm-setting-cdma.h
>>> /usr/include/NetworkManager/nm-setting-infiniband.h
>>> /usr/include/NetworkManager/NetworkManagerVPN.h
>>> /usr/include/NetworkManager/nm-setting-team-port.h
>>> /usr/include/NetworkManager/nm-setting-generic.h
>>> /usr/include/NetworkManager/nm-setting-wimax.h
>>> /usr/include/NetworkManager/nm-setting-wired.h
>>> /usr/include/NetworkManager/nm-setting-ppp.h
>>> /usr/include/NetworkManager/nm-setting-vlan.h
>>> /usr/include/NetworkManager/nm-setting-team.h
>>> /usr/include/NetworkManager/nm-setting-wireless.h
>>> /usr/include/NetworkManager/nm-setting-pppoe.h
>>> /usr/include/NetworkManager/nm-setting-wireless-security.h
>>> /usr/include/NetworkManager/nm-setting-connection.h
>>> /usr/include/NetworkManager/nm-utils.h
>>> /usr/include/NetworkManager/nm-setting-dcb.h
>>> /usr/include/NetworkManager/nm-setting-olpc-mesh.h
>>> /usr/include/NetworkManager/nm-utils-enum-types.h
>>> /usr/include/NetworkManager/nm-setting-bond.h
>>> /usr/include/NetworkManager/nm-setting-bluetooth.h
>>> /usr/include/NetworkManager/nm-setting-serial.h
>>> /usr/include/NetworkManager/nm-setting-bridge-port.h
>>> /usr/include/NetworkManager/nm-setting-ip4-config.h
>>> /usr/include/NetworkManager/nm-setting-gsm.h
>>> /usr/include/NetworkManager/nm-setting-adsl.h
>>> /usr/include/libnm-glib/
>>> /usr/include/libnm-glib/libnm_glib.h
>>> /usr/include/libnm-glib/nm-ip6-config.h
>>> /usr/include/libnm-glib/nm-active-connection.h
>>> /usr/include/libnm-glib/nm-device-bond.h
>>> /usr/include/libnm-glib/nm-dhcp6-config.h
>>> /usr/include/libnm-glib/nm-glib-enum-types.h
>>> /usr/include/libnm-glib/nm-dhcp4-config.h
>>> /usr/include/libnm-glib/nm-device-wimax.h
>>> /usr/include/libnm-glib/nm-secret-agent.h
>>> /usr/include/libnm-glib/nm-access-point.h
>>> /usr/include/libnm-glib/nm-vpn-plugin.h
>>> /usr/include/libnm-glib/nm-device-team.h
>>> /usr/include/libnm-glib/nm-vpn-plugin-ui-interface.h
>>> /usr/include/libnm-glib/nm-vpn-enum-types.h
>>> /usr/include/libnm-glib/nm-device-wifi.h
>>> /usr/include/libnm-glib/nm-remote-connection.h
>>> /usr/include/libnm-glib/nm-ip4-config.h
>>> /usr/include/libnm-glib/nm-object.h
>>> /usr/include/libnm-glib/nm-wimax-nsp.h
>>> /usr/include/libnm-glib/nm-device-olpc-mesh.h
>>> /usr/include/libnm-glib/nm-device-bridge.h
>>> /usr/include/libnm-glib/nm-device-vlan.h
>>> /usr/include/libnm-glib/nm-device-infiniband.h
>>> /usr/include/libnm-glib/nm-device-adsl.h
>>> /usr/include/libnm-glib/nm-vpn-connection.h
>>> /usr/include/libnm-glib/nm-device-modem.h
>>> /usr/include/libnm-glib/nm-vpn-plugin-utils.h
>>> /usr/include/libnm-glib/nm-remote-settings.h
>>> /usr/include/libnm-glib/nm-device-ethernet.h
>>> /usr/include/libnm-glib/nm-device-generic.h
>>> /usr/include/libnm-glib/nm-device.h
>>> /usr/include/libnm-glib/nm-types.h
>>> /usr/include/libnm-glib/nm-client.h
>>> /usr/include/libnm-glib/nm-device-bt.h
>>> /usr/include/libnm/
>>> /usr/include/libnm/nm-errors.h
>>> /usr/include/libnm/nm-setting-ip6-config.h
>>> /usr/include/libnm/nm-setting-vxlan.h
>>> /usr/include/libnm/nm-setting-ip-config.h
>>> /usr/include/libnm/nm-setting-proxy.h
>>> /usr/include/libnm/nm-device-wireguard.h
>>> /usr/include/libnm/nm-active-connection.h
>>> /usr/include/libnm/nm-setting-ip-tunnel.h
>>> /usr/include/libnm/nm-device-bond.h
>>> /usr/include/libnm/nm-setting-ovs-bridge.h
>>> /usr/include/libnm/nm-secret-agent-old.h
>>> /usr/include/libnm/nm-setting-vpn.h
>>> /usr/include/libnm/nm-setting-user.h
>>> /usr/include/libnm/nm-setting.h
>>> /usr/include/libnm/nm-setting-8021x.h
>>> /usr/include/libnm/nm-device-wimax.h
>>> /usr/include/libnm/nm-ip-config.h
>>> /usr/include/libnm/nm-dbus-interface.h
>>> /usr/include/libnm/NetworkManager.h
>>> /usr/include/libnm/nm-version-macros.h
>>> /usr/include/libnm/nm-device-ip-tunnel.h
>>> /usr/include/libnm/nm-version.h
>>> /usr/include/libnm/nm-setting-macsec.h
>>> /usr/include/libnm/nm-setting-wireguard.h
>>> /usr/include/libnm/nm-setting-match.h
>>> /usr/include/libnm/nm-device-vxlan.h
>>> /usr/include/libnm/nm-access-point.h
>>> /usr/include/libnm/nm-connection.h
>>> /usr/include/libnm/nm-device-6lowpan.h
>>> /usr/include/libnm/nm-device-team.h
>>> /usr/include/libnm/nm-device-ovs-port.h
>>> /usr/include/libnm/nm-vpn-plugin-old.h
>>> /usr/include/libnm/nm-core-types.h
>>> /usr/include/libnm/nm-setting-bridge.h
>>> /usr/include/libnm/nm-vpn-editor.h
>>> /usr/include/libnm/nm-vpn-editor-plugin.h
>>> /usr/include/libnm/nm-device-wifi.h
>>> /usr/include/libnm/nm-setting-sriov.h
>>> /usr/include/libnm/nm-remote-connection.h
>>> /usr/include/libnm/nm-device-macvlan.h
>>> /usr/include/libnm/nm-setting-dummy.h
>>> /usr/include/libnm/nm-object.h
>>> /usr/include/libnm/nm-core-enum-types.h
>>> /usr/include/libnm/nm-wimax-nsp.h
>>> /usr/include/libnm/nm-setting-cdma.h
>>> /usr/include/libnm/nm-device-ovs-interface.h
>>> /usr/include/libnm/nm-setting-infiniband.h
>>> /usr/include/libnm/nm-setting-team-port.h
>>> /usr/include/libnm/nm-setting-generic.h
>>> /usr/include/libnm/nm-setting-wimax.h
>>> /usr/include/libnm/nm-device-olpc-mesh.h
>>> /usr/include/libnm/nm-setting-wired.h
>>> /usr/include/libnm/nm-simple-connection.h
>>> /usr/include/libnm/nm-setting-ppp.h
>>> /usr/include/libnm/nm-setting-vlan.h
>>> /usr/include/libnm/nm-setting-team.h
>>> /usr/include/libnm/nm-setting-wireless.h
>>> /usr/include/libnm/nm-setting-pppoe.h
>>> /usr/include/libnm/nm-device-wpan.h
>>> /usr/include/libnm/nm-setting-ovs-port.h
>>> /usr/include/libnm/nm-device-bridge.h
>>> /usr/include/libnm/nm-dhcp-config.h
>>> /usr/include/libnm/nm-device-wifi-p2p.h
>>> /usr/include/libnm/nm-setting-wireless-security.h
>>> /usr/include/libnm/nm-vpn-dbus-interface.h
>>> /usr/include/libnm/nm-setting-connection.h
>>> /usr/include/libnm/nm-setting-ovs-patch.h
>>> /usr/include/libnm/nm-utils.h
>>> /usr/include/libnm/nm-wifi-p2p-peer.h
>>> /usr/include/libnm/nm-setting-wpan.h
>>> /usr/include/libnm/nm-setting-dcb.h
>>> /usr/include/libnm/nm-vpn-service-plugin.h
>>> /usr/include/libnm/nm-device-vlan.h
>>> /usr/include/libnm/nm-device-infiniband.h
>>> /usr/include/libnm/nm-device-adsl.h
>>> /usr/include/libnm/nm-setting-ovs-interface.h
>>> /usr/include/libnm/nm-setting-wifi-p2p.h
>>> /usr/include/libnm/nm-setting-olpc-mesh.h
>>> /usr/include/libnm/nm-setting-tc-config.h
>>> /usr/include/libnm/nm-vpn-connection.h
>>> /usr/include/libnm/nm-checkpoint.h
>>> /usr/include/libnm/nm-device-ovs-bridge.h
>>> /usr/include/libnm/nm-device-modem.h
>>> /usr/include/libnm/nm-setting-bond.h
>>> /usr/include/libnm/nm-device-ethernet.h
>>> /usr/include/libnm/nm-setting-macvlan.h
>>> /usr/include/libnm/nm-device-generic.h
>>> /usr/include/libnm/nm-device.h
>>> /usr/include/libnm/nm-types.h
>>> /usr/include/libnm/nm-autoptr.h
>>> /usr/include/libnm/nm-device-tun.h
>>> /usr/include/libnm/nm-client.h
>>> /usr/include/libnm/nm-vpn-plugin-info.h
>>> /usr/include/libnm/nm-setting-ethtool.h
>>> /usr/include/libnm/nm-setting-tun.h
>>> /usr/include/libnm/nm-setting-bluetooth.h
>>> /usr/include/libnm/nm-setting-serial.h
>>> /usr/include/libnm/nm-setting-6lowpan.h
>>> /usr/include/libnm/nm-enum-types.h
>>> /usr/include/libnm/nm-device-dummy.h
>>> /usr/include/libnm/nm-setting-bridge-port.h
>>> /usr/include/libnm/nm-setting-ip4-config.h
>>> /usr/include/libnm/nm-device-ppp.h
>>> /usr/include/libnm/nm-setting-gsm.h
>>> /usr/include/libnm/nm-device-bt.h
>>> /usr/include/libnm/nm-device-macsec.h
>>> /usr/include/libnm/nm-setting-adsl.h
--- /usr/bin/
>>> /usr/bin/nmtui
>>> /usr/bin/nm-online
>>> /usr/bin/nmcli
>>> /usr/bin/nmtui-edit -> nmtui
--- /usr/libexec/
>>> /usr/libexec/nm-dispatcher
>>> /usr/libexec/nm-dhcp-helper
>>> /usr/libexec/nm-iface-helper
>>> /usr/libexec/nm-initrd-generator
--- /usr/lib/
>>> /usr/lib/NetworkManager/
>>> /usr/lib/NetworkManager/conf.d/
>>> /usr/lib/NetworkManager/conf.d/31-mac-addr-change.conf
--- /lib/
--- /lib/udev/
--- /lib/udev/rules.d/
>>> /lib/udev/rules.d/85-nm-unmanaged.rules
>>> /lib/udev/rules.d/84-nm-drivers.rules
>>> /lib/udev/rules.d/90-nm-thunderbolt.rules
--- /lib/systemd/
--- /lib/systemd/system/
>>> /lib/systemd/system/NetworkManager.service
>>> /lib/systemd/system/NetworkManager-dispatcher.service
>>> /lib/systemd/system/NetworkManager-wait-online.service
>>> /usr/bin/nmtui-hostname -> nmtui
>>> /usr/bin/nmtui-connect -> nmtui
>>> /usr/lib64/libnm.so -> libnm.so.0.1.0
>>> /usr/lib64/libnm.so.0 -> libnm.so.0.1.0
>>> /usr/lib64/libnm-glib.so.4 -> libnm-glib.so.4.9.0
>>> /usr/lib64/libnm-glib.so -> libnm-glib.so.4.9.0
>>> /usr/lib64/libnm-glib-vpn.so.1 -> libnm-glib-vpn.so.1.2.0
>>> net-misc/networkmanager-1.18.6 merged.
>>> Regenerating /etc/ld.so.cache...
