>>> Extracting info
 * Package:    net-libs/nghttp2-1.41.0
 * Repository: gentoo
 * USE:        kernel_linux cxx xml userland_GNU threads elibc_glibc jemalloc amd64 abi_x86_64 utils
 * FEATURES:   network-sandbox preserve-libs sandbox userpriv usersandbox
 * FEATURES='ebuild-locks usersync nodoc strict-keepdir cgroup compress-index usersandbox unmerge-orphans fixlafiles parallel-fetch unmerge-logs binpkg-dostrip xattr sandbox assume-digests buildpkg merge-sync network-sandbox qa-unresolved-soname-deps ipc-sandbox distlocks userfetch binpkg-docompress userpriv binpkg-logs unknown-features-warn news pid-sandbox sfperms multilib-strict preserve-libs strict config-protect-if-modified'
 * CFLAGS='-march=znver2 -O2 -pipe -fno-stack-protector -fno-stack-clash-protection -fstack-check=no -fno-stack-check -Wl,-O1 -Wl,--as-needed'
 * CXXFLAGS='-march=znver2 -O2 -pipe -fno-stack-protector -fno-stack-clash-protection -fstack-check=no -fno-stack-check -Wl,-O1 -Wl,--as-needed'
 * FFLAGS='-march=znver2 -O2 -pipe -fno-stack-protector -fno-stack-clash-protection -fstack-check=no -fno-stack-check -Wl,-O1 -Wl,--as-needed'
 * FCFLAGS='-march=znver2 -O2 -pipe -fno-stack-protector -fno-stack-clash-protection -fstack-check=no -fno-stack-check -Wl,-O1 -Wl,--as-needed'
 * F77FLAGS='-march=znver2 -O2 -pipe -fno-stack-protector -fno-stack-clash-protection -fstack-check=no -fno-stack-check -Wl,-O1 -Wl,--as-needed'
 * LDFLAGS='-Wl,-O1 -Wl,--as-needed'
 * MAKEOPTS='-j12 -l12'
 * gcc (Gentoo 10.1.0-r1 p2) 10.1.0
 * g++ (Gentoo 10.1.0-r1 p2) 10.1.0
 * GNU gold (Gentoo 2.34 p4 2.34.0) 1.16
 * Linux rescue 5.4.36 #1 SMP Thu Apr 30 04:38:28 UTC 2020 x86_64 AMD Ryzen 5 3600 6-Core Processor AuthenticAMD GNU/Linux
net-libs/nghttp2: 43 seconds average for 13 merges
2020-05-15T10:32:01 >>> net-libs/nghttp2: 22 seconds
2020-05-16T00:56:06 >>> net-libs/nghttp2: 20 seconds
2020-05-16T22:24:59 >>> net-libs/nghttp2: 25 seconds
2020-05-21T14:13:55 >>> net-libs/nghttp2: 3 minutes, 26 seconds
2020-05-28T04:07:57 >>> net-libs/nghttp2: 40 seconds
2020-05-29T05:45:02 >>> net-libs/nghttp2: 9 seconds
2020-05-29T13:07:30 >>> net-libs/nghttp2: 45 seconds
2020-05-30T15:21:13 >>> net-libs/nghttp2: 45 seconds
2020-06-01T06:07:27 >>> net-libs/nghttp2: 47 seconds
2020-06-03T12:23:57 >>> net-libs/nghttp2: 47 seconds
2020-06-06T09:23:43 >>> net-libs/nghttp2: 54 seconds
2020-06-12T02:03:01 >>> net-libs/nghttp2: 5 seconds
2020-06-13T20:42:07 >>> net-libs/nghttp2: 4 seconds
]0;emerge 14:19:51 424|565 nghttp2 00:21 (root@rescue)>>> Extracting net-libs/nghttp2-1.41.0
 * checking 26 files for package collisions
>>> Merging net-libs/nghttp2-1.41.0 to /
 * removing unneeded *.la files
--- /usr/
--- /usr/lib64/
>>> /usr/lib64/libnghttp2.so.14.20.0
--- /usr/lib64/pkgconfig/
>>> /usr/lib64/pkgconfig/libnghttp2.pc
>>> /usr/lib64/pkgconfig/libnghttp2_asio.pc
>>> /usr/lib64/libnghttp2_asio.so.1 -> libnghttp2_asio.so.1.0.0
>>> /usr/lib64/libnghttp2_asio.so.1.0.0
>>> /usr/lib64/libnghttp2.so.14 -> libnghttp2.so.14.20.0
>>> /usr/lib64/libnghttp2.so -> libnghttp2.so.14.20.0
>>> /usr/lib64/libnghttp2_asio.so -> libnghttp2_asio.so.1.0.0
--- /usr/share/
--- /usr/share/man/
--- /usr/share/man/man1/
>>> /usr/share/man/man1/nghttpx.1
>>> /usr/share/man/man1/h2load.1.bz2
>>> /usr/share/man/man1/nghttp.1
>>> /usr/share/man/man1/nghttp.1.bz2
>>> /usr/share/man/man1/h2load.1
>>> /usr/share/man/man1/nghttpd.1.bz2
>>> /usr/share/man/man1/nghttpd.1
>>> /usr/share/man/man1/nghttpx.1.bz2
--- /usr/share/nghttp2/
>>> /usr/share/nghttp2/fetch-ocsp-response
--- /usr/include/
--- /usr/include/nghttp2/
>>> /usr/include/nghttp2/nghttp2ver.h
>>> /usr/include/nghttp2/asio_http2.h
>>> /usr/include/nghttp2/asio_http2_client.h
>>> /usr/include/nghttp2/asio_http2_server.h
>>> /usr/include/nghttp2/nghttp2.h
--- /usr/bin/
>>> /usr/bin/nghttpx
>>> /usr/bin/nghttpd
>>> /usr/bin/h2load
>>> /usr/bin/nghttp
>>> Safely unmerging already-installed instance...
!!! File Not Found: '/etc/env.d/99lcdfilter'
>>> Original instance of package unmerged safely.
>>> net-libs/nghttp2-1.41.0 merged.
!!! File Not Found: '/etc/env.d/99lcdfilter'
>>> Regenerating /etc/ld.so.cache...
