>>> Extracting info
 * Package:    net-misc/rsync-3.1.3
 * Repository: gentoo
 * USE:        amd64 abi_x86_64 kernel_linux elibc_glibc userland_GNU acl iconv examples xattr
 * FEATURES:   ccache network-sandbox preserve-libs sandbox userpriv usersandbox
 * FEATURES='assume-digests binpkg-docompress binpkg-dostrip binpkg-logs binpkg-multi-instance buildpkg ccache cgroup collision-protect compress-index config-protect-if-modified distlocks downgrade-backup fixlafiles ipc-sandbox merge-sync multilib-strict network-sandbox news nodoc parallel-fetch parallel-install pid-sandbox preserve-libs protect-owned qa-unresolved-soname-deps sandbox sfperms strict strict-keepdir unknown-features-warn unmerge-backup unmerge-logs unmerge-orphans userfetch userpriv usersandbox usersync xattr'
 * CFLAGS='-march=native -O3 -fgraphite-identity -floop-nest-optimize -fdevirtualize-at-ltrans -fipa-pta -fno-semantic-interposition -flto=12 -fno-plt -fno-math-errno -fno-trapping-math -fuse-linker-plugin -pipe -g0 -Wl,-O1 -Wl,--as-needed -Wl,--hash-style=gnu,-z,norelro,--as-needed'
 * CXXFLAGS='-march=native -O3 -fgraphite-identity -floop-nest-optimize -fdevirtualize-at-ltrans -fipa-pta -fno-semantic-interposition -flto=12 -fno-plt -fno-math-errno -fno-trapping-math -fuse-linker-plugin -pipe -g0 -Wl,-O1 -Wl,--as-needed -Wl,--hash-style=gnu,-z,norelro,--as-needed'
 * FFLAGS='-march=native -O3 -fgraphite-identity -floop-nest-optimize -fdevirtualize-at-ltrans -fipa-pta -fno-semantic-interposition -flto=12 -fno-plt -fno-math-errno -fno-trapping-math -fuse-linker-plugin -pipe -g0 -Wl,-O1 -Wl,--as-needed -Wl,--hash-style=gnu,-z,norelro,--as-needed'
 * FCFLAGS='-march=native -O3 -fgraphite-identity -floop-nest-optimize -fdevirtualize-at-ltrans -fipa-pta -fno-semantic-interposition -flto=12 -fno-plt -fno-math-errno -fno-trapping-math -fuse-linker-plugin -pipe -g0 -Wl,-O1 -Wl,--as-needed -Wl,--hash-style=gnu,-z,norelro,--as-needed'
 * F77FLAGS='-march=native -O3 -fgraphite-identity -floop-nest-optimize -fdevirtualize-at-ltrans -fipa-pta -fno-semantic-interposition -flto=12 -fno-plt -fno-math-errno -fno-trapping-math -fuse-linker-plugin -pipe -g0 -Wl,-O1 -Wl,--as-needed -Wl,--hash-style=gnu,-z,norelro,--as-needed'
 * LDFLAGS='-Wl,-O1 -Wl,--as-needed -Wl,--hash-style=gnu,-z,norelro,--as-needed -march=native -O3 -fgraphite-identity -floop-nest-optimize -fdevirtualize-at-ltrans -fipa-pta -fno-semantic-interposition -flto=12 -fno-plt -fno-math-errno -fno-trapping-math -fuse-linker-plugin -pipe -g0'
 * MAKEOPTS='-j12 -l12'
 * gcc (Gentoo 11.0.0_pre9999 p1, commit 584d52b088f9fcf78704b504c3f1f07e17c1cded) 11.0.0 20200523 (experimental)
 * g++ (Gentoo 11.0.0_pre9999 p1, commit 584d52b088f9fcf78704b504c3f1f07e17c1cded) 11.0.0 20200523 (experimental)
 * GNU ld (Gentoo 2.34 p4) 2.34.0
 * Linux ryzen.gnum.org 5.4.36 #1 SMP Thu Apr 30 04:38:28 UTC 2020 x86_64 AMD Ryzen 5 3600 6-Core Processor AuthenticAMD GNU/Linux
net-misc/rsync: 30 seconds average for 6 merges
2020-05-16T14:45:41 >>> net-misc/rsync: 23 seconds
2020-05-19T23:39:12 >>> net-misc/rsync: 5 seconds
2020-05-20T01:11:26 >>> net-misc/rsync: 4 seconds
2020-05-21T06:29:17 >>> net-misc/rsync: 38 seconds
2020-05-23T04:05:11 >>> net-misc/rsync: 34 seconds
2020-05-24T23:47:10 >>> net-misc/rsync: 1 minute, 16 seconds
]0;emerge 03:09:19 113|606 rsync 00:49 (root@ryzen.gnum.org)kemerge 03:09:19 113|606 rsync 00:49 (root@ryzen.gnum.org)\>>> Extracting net-misc/rsync-3.1.3
 * checking 27 files for package collisions
>>> Merging net-misc/rsync-3.1.3 to /
 * removing unneeded *.la files
--- /etc/
--- /etc/xinetd.d/
>>> /etc/xinetd.d/rsyncd
>>> /etc/rsyncd.conf
--- /etc/conf.d/
>>> /etc/conf.d/rsyncd
--- /etc/logrotate.d/
>>> /etc/logrotate.d/rsyncd
--- /etc/init.d/
>>> /etc/init.d/rsyncd
--- /usr/
--- /usr/share/
--- /usr/share/rsync/
>>> /usr/share/rsync/rsync-no-vanished
>>> /usr/share/rsync/mapfrom
>>> /usr/share/rsync/deny-rsync
>>> /usr/share/rsync/rsyncstats
>>> /usr/share/rsync/mnt-excl
>>> /usr/share/rsync/lsh
>>> /usr/share/rsync/git-set-file-times
>>> /usr/share/rsync/rrsync
>>> /usr/share/rsync/instant-rsyncd
>>> /usr/share/rsync/atomic-rsync
>>> /usr/share/rsync/logfilter
>>> /usr/share/rsync/lsh.sh
>>> /usr/share/rsync/file-attr-restore
>>> /usr/share/rsync/mapto
>>> /usr/share/rsync/files-to-excludes
>>> /usr/share/rsync/munge-symlinks
>>> /usr/share/rsync/rsync-slash-strip
>>> /usr/share/rsync/cvs2includes
--- /usr/share/man/
--- /usr/share/man/man5/
>>> /usr/share/man/man5/rsyncd.conf.5.bz2
--- /usr/share/man/man1/
>>> /usr/share/man/man1/rsync.1.bz2
--- /usr/bin/
>>> /usr/bin/rsync
--- /lib/
--- /lib/systemd/
--- /lib/systemd/system/
>>> /lib/systemd/system/rsyncd.service
>>> Safely unmerging already-installed instance...
>>> Original instance of package unmerged safely.
>>> net-misc/rsync-3.1.3 merged.
