 * Package:    net-misc/iputils-20190709-r1
 * Repository: gentoo
 * Maintainer: base-system@gentoo.org
 * USE:        abi_x86_64 amd64 arping caps clockdiff elibc_glibc filecaps gcrypt idn kernel_linux nls ssl tftpd tracepath userland_GNU
 * FEATURES:   ccache network-sandbox preserve-libs sandbox userpriv usersandbox
 * /etc/portage/package.cflags/ltoworkarounds.conf -> */*: *FLAGS+=-Wl,-O4 *FLAGS-=-Wl,-O1
 * /etc/portage/package.cflags/ltoworkarounds.conf -> net-misc/iputils: *FLAGS-="${NOCOMMON}"
 * FEATURES='assume-digests binpkg-docompress binpkg-dostrip binpkg-logs binpkg-multi-instance buildpkg ccache cgroup compress-index config-protect-if-modified distlocks fixlafiles ipc-sandbox merge-sync multilib-strict network-sandbox news nodoc parallel-fetch parallel-install pid-sandbox preserve-libs qa-unresolved-soname-deps sandbox sfperms strict unknown-features-warn unmerge-logs unmerge-orphans userfetch userpriv usersandbox usersync xattr'
 * CFLAGS='-march=znver2 -pipe -g0 -O3 -fgraphite-identity -floop-nest-optimize -fdevirtualize-at-ltrans -fipa-pta -fno-semantic-interposition -flto=12 -fno-plt -fno-signed-zeros -fno-trapping-math -fassociative-math -freciprocal-math -fno-math-errno -ffinite-math-only -fno-rounding-math -fno-signaling-nans -fcx-limited-range -fexcess-precision=fast -falign-functions=32 -fno-stack-protector -fno-stack-clash-protection -fstack-check=no -fno-stack-check -fuse-linker-plugin -Wl,-O4 -Wl,--as-needed -Wl,-lpthread -Wl,-lgomp -Wl,-z,norelro -Wl,-z,now -Wl,--sort-common -s'
 * CXXFLAGS='-march=znver2 -pipe -g0 -O3 -fgraphite-identity -floop-nest-optimize -fdevirtualize-at-ltrans -fipa-pta -fno-semantic-interposition -flto=12 -fno-plt -fno-signed-zeros -fno-trapping-math -fassociative-math -freciprocal-math -fno-math-errno -ffinite-math-only -fno-rounding-math -fno-signaling-nans -fcx-limited-range -fexcess-precision=fast -falign-functions=32 -fno-stack-protector -fno-stack-clash-protection -fstack-check=no -fno-stack-check -fuse-linker-plugin -Wl,-O4 -Wl,--as-needed -Wl,-lpthread -Wl,-lgomp -Wl,-z,norelro -Wl,-z,now -Wl,--sort-common -s'
 * FFLAGS='-march=znver2 -pipe -g0 -O3 -fgraphite-identity -floop-nest-optimize -fdevirtualize-at-ltrans -fipa-pta -fno-semantic-interposition -flto=12 -fno-plt -fno-signed-zeros -fno-trapping-math -fassociative-math -freciprocal-math -fno-math-errno -ffinite-math-only -fno-rounding-math -fno-signaling-nans -fcx-limited-range -fexcess-precision=fast -falign-functions=32 -fno-stack-protector -fno-stack-clash-protection -fstack-check=no -fno-stack-check -fuse-linker-plugin -Wl,-O4 -Wl,--as-needed -Wl,-lpthread -Wl,-lgomp -Wl,-z,norelro -Wl,-z,now -Wl,--sort-common -s'
 * FCFLAGS='-march=znver2 -pipe -g0 -O3 -fgraphite-identity -floop-nest-optimize -fdevirtualize-at-ltrans -fipa-pta -fno-semantic-interposition -flto=12 -fno-plt -fno-signed-zeros -fno-trapping-math -fassociative-math -freciprocal-math -fno-math-errno -ffinite-math-only -fno-rounding-math -fno-signaling-nans -fcx-limited-range -fexcess-precision=fast -falign-functions=32 -fno-stack-protector -fno-stack-clash-protection -fstack-check=no -fno-stack-check -fuse-linker-plugin -Wl,-O4 -Wl,--as-needed -Wl,-lpthread -Wl,-lgomp -Wl,-z,norelro -Wl,-z,now -Wl,--sort-common -s'
 * F77FLAGS='-march=znver2 -pipe -g0 -O3 -fgraphite-identity -floop-nest-optimize -fdevirtualize-at-ltrans -fipa-pta -fno-semantic-interposition -flto=12 -fno-plt -fno-signed-zeros -fno-trapping-math -fassociative-math -freciprocal-math -fno-math-errno -ffinite-math-only -fno-rounding-math -fno-signaling-nans -fcx-limited-range -fexcess-precision=fast -falign-functions=32 -fno-stack-protector -fno-stack-clash-protection -fstack-check=no -fno-stack-check -fuse-linker-plugin -Wl,-O4 -Wl,--as-needed -Wl,-lpthread -Wl,-lgomp -Wl,-z,norelro -Wl,-z,now -Wl,--sort-common -s'
 * LDFLAGS='-march=znver2 -pipe -g0 -O3 -fgraphite-identity -floop-nest-optimize -fdevirtualize-at-ltrans -fipa-pta -fno-semantic-interposition -flto=12 -fno-plt -fno-signed-zeros -fno-trapping-math -fassociative-math -freciprocal-math -fno-math-errno -ffinite-math-only -fno-rounding-math -fno-signaling-nans -fcx-limited-range -fexcess-precision=fast -falign-functions=32 -fno-stack-protector -fno-stack-clash-protection -fstack-check=no -fno-stack-check -fuse-linker-plugin -Wl,-O4 -Wl,--as-needed -Wl,-lpthread -Wl,-lgomp -Wl,-z,norelro -Wl,-z,now -Wl,--sort-common -s'
 * MAKEOPTS='-j12 -l12'
 * gcc () 11.0.0 20200531 (experimental)
 * g++ () 11.0.0 20200531 (experimental)
 * GNU ld (Gentoo 2.34 p4) 2.34.0
 * Linux ryzen.gnum.org 5.4.36 #1 SMP Thu Apr 30 04:38:28 UTC 2020 x86_64 AMD Ryzen 5 3600 6-Core Processor AuthenticAMD GNU/Linux
net-misc/iputils: 51 seconds average for 14 merges
2020-05-16T14:54:28 >>> net-misc/iputils: 10 seconds
2020-05-16T15:30:48 >>> net-misc/iputils: 9 seconds
2020-05-19T23:51:49 >>> net-misc/iputils: 9 seconds
2020-05-20T02:15:43 >>> net-misc/iputils: 10 seconds
2020-05-21T13:57:22 >>> net-misc/iputils: 20 seconds
2020-05-23T16:31:28 >>> net-misc/iputils: 1 minute, 13 seconds
2020-05-25T19:30:33 >>> net-misc/iputils: 59 seconds
2020-05-26T00:53:19 >>> net-misc/iputils: 43 seconds
2020-05-26T14:27:09 >>> net-misc/iputils: 11 seconds
2020-05-27T02:04:01 >>> net-misc/iputils: 7 seconds
2020-05-29T01:55:20 >>> net-misc/iputils: 7 seconds
2020-05-31T00:00:18 >>> net-misc/iputils: 2 minutes, 50 seconds
2020-05-31T11:19:56 >>> net-misc/iputils: 3 minutes, 58 seconds
2020-06-01T00:09:58 >>> net-misc/iputils: 58 seconds
]0;emerge 07:53:17 832|1172 iputils 02:35 (root@ryzen.gnum.org)kemerge 07:53:17 832|1172 iputils 02:35 (root@ryzen.gnum.org)\>>> Unpacking source...
>>> Unpacking iputils-20190709.tar.gz to /tmp/portage/net-misc/iputils-20190709-r1/work
>>> Unpacking iputils-manpages-20190709.tar.xz to /tmp/portage/net-misc/iputils-20190709-r1/work
>>> Source unpacked in /tmp/portage/net-misc/iputils-20190709-r1/work
>>> Preparing source in /tmp/portage/net-misc/iputils-20190709-r1/work/iputils-s20190709 ...
 * Applying iputils-20190709-arping-revert-partially-fix-sent-vs-received-package.patch ...
 [ ok ]
 * Applying iputils-20190709-ping-try-next-addrinfo-on-connect-failure.patch ...
 [ ok ]
 * Applying iputils-20190709-ping-fix-main-loop-over-multiple-addrinfo-results.patch ...
 [ ok ]
>>> Source prepared.
>>> Configuring source in /tmp/portage/net-misc/iputils-20190709-r1/work/iputils-s20190709 ...
meson setup --buildtype plain --libdir lib64 --localstatedir /var/lib --prefix /usr --sysconfdir /etc --wrap-mode nodownload --build.pkg-config-path /usr/share/pkgconfig --pkg-config-path /usr/share/pkgconfig --native-file /tmp/portage/net-misc/iputils-20190709-r1/temp/meson.x86_64-pc-linux-gnu.amd64.ini -DUSE_CAP=true -DUSE_IDN=true -DBUILD_ARPING=true -DBUILD_CLOCKDIFF=true -DBUILD_PING=true -DBUILD_RARPD=false -DBUILD_RDISC=false -DENABLE_RDISC_SERVER=false -DBUILD_TFTPD=true -DBUILD_TRACEPATH=true -DBUILD_TRACEROUTE6=false -DBUILD_NINFOD=false -DNINFOD_MESSAGES=false -DNO_SETCAP_OR_SUID=true -Dsystemdunitdir=/lib/systemd/system -DUSE_GETTEXT=true -DUSE_CRYPTO=none -DBUILD_HTML_MANS=false -DBUILD_MANS=false /tmp/portage/net-misc/iputils-20190709-r1/work/iputils-s20190709 /tmp/portage/net-misc/iputils-20190709-r1/work/iputils-20190709-build
The Meson build system
Version: 0.54.2
Source dir: /tmp/portage/net-misc/iputils-20190709-r1/work/iputils-s20190709
Build dir: /tmp/portage/net-misc/iputils-20190709-r1/work/iputils-20190709-build
Build type: native build
Project name: iputils
Project version: s20190709
C compiler for the host machine: x86_64-pc-linux-gnu-gcc (gcc 11.0.0 "x86_64-pc-linux-gnu-gcc () 11.0.0 20200531 (experimental)")
C linker for the host machine: x86_64-pc-linux-gnu-gcc ld.bfd 2.34
Host machine cpu family: x86_64
Host machine cpu: x86_64
Checking for function "__fpending" : YES 
Checking for function "nanosleep" : YES 
Checking if "struct icmp6_nodeinfo" compiles: NO 
Checking if "struct tm time;" compiles: YES 
Library m found: YES
Library resolv found: YES
Checking for function "clock_gettime" : YES 
Library disabler-appears-to-disable-executable-build found: NO
Library cap found: YES
Library intl found: NO
Library idn2 found: YES
Found pkg-config: /usr/bin/x86_64-pc-linux-gnu-pkg-config (0.29.2)
Found CMake: /usr/bin/cmake (3.17.3)
Run-time dependency disabler-appears-to-disable-executable-build found: NO (tried pkgconfig and cmake)
Run-time dependency systemd found: YES 245
Has header "error.h" : YES 
Configuring config.h using configuration
Program setcap found: YES (/sbin/setcap)
Program build-aux/setcap-setuid.sh found: YES (/tmp/portage/net-misc/iputils-20190709-r1/work/iputils-s20190709/build-aux/setcap-setuid.sh)
Build targets in project: 10

Found ninja-1.10.0 at /usr/bin/ninja
>>> Source configured.
>>> Compiling source in /tmp/portage/net-misc/iputils-20190709-r1/work/iputils-s20190709 ...
ninja -v -j12 -l12 -C /tmp/portage/net-misc/iputils-20190709-r1/work/iputils-20190709-build
ninja: Entering directory `/tmp/portage/net-misc/iputils-20190709-r1/work/iputils-20190709-build'
[1/16] /usr/lib/python-exec/python3.8/meson --internal vcstagger ../iputils-s20190709/git-version.h.meson git-version.h s20190709 /tmp/portage/net-misc/iputils-20190709-r1/work/iputils-s20190709 @VCS_TAG@ '(.*)' ' '
[2/16] x86_64-pc-linux-gnu-gcc -Icommon@sta -I. -I../iputils-s20190709 -fdiagnostics-color=always -pipe -D_FILE_OFFSET_BITS=64 -std=c99 -include config.h -include git-version.h '-DGETTEXT_PACKAGE="iputils"' -DUSE_IDN -march=znver2 -g0 -O3 -fgraphite-identity -floop-nest-optimize -fdevirtualize-at-ltrans -fipa-pta -fno-semantic-interposition -flto=12 -fno-plt -fno-signed-zeros -fno-trapping-math -fassociative-math -freciprocal-math -fno-math-errno -ffinite-math-only -fno-rounding-math -fno-signaling-nans -fcx-limited-range -fexcess-precision=fast -falign-functions=32 -fno-stack-protector -fno-stack-clash-protection -fstack-check=no -fno-stack-check -fuse-linker-plugin -Wl,-O4 -Wl,--as-needed -Wl,--start-group -Wl,-lpthread -Wl,-lgomp -Wl,--end-group -Wl,-z,norelro -Wl,-z,now -Wl,--sort-common -s -fPIC -MD -MQ 'common@sta/iputils_common.c.o' -MF 'common@sta/iputils_common.c.o.d' -o 'common@sta/iputils_common.c.o' -c ../iputils-s20190709/iputils_common.c
[3/16] x86_64-pc-linux-gnu-gcc -Iclockdiff@exe -I. -I../iputils-s20190709 -fdiagnostics-color=always -pipe -D_FILE_OFFSET_BITS=64 -std=c99 -include config.h -include git-version.h '-DGETTEXT_PACKAGE="iputils"' -DUSE_IDN -march=znver2 -g0 -O3 -fgraphite-identity -floop-nest-optimize -fdevirtualize-at-ltrans -fipa-pta -fno-semantic-interposition -flto=12 -fno-plt -fno-signed-zeros -fno-trapping-math -fassociative-math -freciprocal-math -fno-math-errno -ffinite-math-only -fno-rounding-math -fno-signaling-nans -fcx-limited-range -fexcess-precision=fast -falign-functions=32 -fno-stack-protector -fno-stack-clash-protection -fstack-check=no -fno-stack-check -fuse-linker-plugin -Wl,-O4 -Wl,--as-needed -Wl,--start-group -Wl,-lpthread -Wl,-lgomp -Wl,--end-group -Wl,-z,norelro -Wl,-z,now -Wl,--sort-common -s -MD -MQ 'clockdiff@exe/clockdiff.c.o' -MF 'clockdiff@exe/clockdiff.c.o.d' -o 'clockdiff@exe/clockdiff.c.o' -c ../iputils-s20190709/clockdiff.c
[4/16] x86_64-pc-linux-gnu-gcc -Itracepath@exe -I. -I../iputils-s20190709 -fdiagnostics-color=always -pipe -D_FILE_OFFSET_BITS=64 -std=c99 -include config.h -include git-version.h '-DGETTEXT_PACKAGE="iputils"' -DUSE_IDN -march=znver2 -g0 -O3 -fgraphite-identity -floop-nest-optimize -fdevirtualize-at-ltrans -fipa-pta -fno-semantic-interposition -flto=12 -fno-plt -fno-signed-zeros -fno-trapping-math -fassociative-math -freciprocal-math -fno-math-errno -ffinite-math-only -fno-rounding-math -fno-signaling-nans -fcx-limited-range -fexcess-precision=fast -falign-functions=32 -fno-stack-protector -fno-stack-clash-protection -fstack-check=no -fno-stack-check -fuse-linker-plugin -Wl,-O4 -Wl,--as-needed -Wl,--start-group -Wl,-lpthread -Wl,-lgomp -Wl,--end-group -Wl,-z,norelro -Wl,-z,now -Wl,--sort-common -s -MD -MQ 'tracepath@exe/tracepath.c.o' -MF 'tracepath@exe/tracepath.c.o.d' -o 'tracepath@exe/tracepath.c.o' -c ../iputils-s20190709/tracepath.c
[5/16] x86_64-pc-linux-gnu-gcc -Itftpd@exe -I. -I../iputils-s20190709 -fdiagnostics-color=always -pipe -D_FILE_OFFSET_BITS=64 -std=c99 -include config.h -include git-version.h '-DGETTEXT_PACKAGE="iputils"' -DUSE_IDN -march=znver2 -g0 -O3 -fgraphite-identity -floop-nest-optimize -fdevirtualize-at-ltrans -fipa-pta -fno-semantic-interposition -flto=12 -fno-plt -fno-signed-zeros -fno-trapping-math -fassociative-math -freciprocal-math -fno-math-errno -ffinite-math-only -fno-rounding-math -fno-signaling-nans -fcx-limited-range -fexcess-precision=fast -falign-functions=32 -fno-stack-protector -fno-stack-clash-protection -fstack-check=no -fno-stack-check -fuse-linker-plugin -Wl,-O4 -Wl,--as-needed -Wl,--start-group -Wl,-lpthread -Wl,-lgomp -Wl,--end-group -Wl,-z,norelro -Wl,-z,now -Wl,--sort-common -s -MD -MQ 'tftpd@exe/tftpsubs.c.o' -MF 'tftpd@exe/tftpsubs.c.o.d' -o 'tftpd@exe/tftpsubs.c.o' -c ../iputils-s20190709/tftpsubs.c
[6/16] x86_64-pc-linux-gnu-gcc -Iping@exe -I. -I../iputils-s20190709 -fdiagnostics-color=always -pipe -D_FILE_OFFSET_BITS=64 -std=c99 -include config.h -include git-version.h '-DGETTEXT_PACKAGE="iputils"' -DUSE_IDN -march=znver2 -g0 -O3 -fgraphite-identity -floop-nest-optimize -fdevirtualize-at-ltrans -fipa-pta -fno-semantic-interposition -flto=12 -fno-plt -fno-signed-zeros -fno-trapping-math -fassociative-math -freciprocal-math -fno-math-errno -ffinite-math-only -fno-rounding-math -fno-signaling-nans -fcx-limited-range -fexcess-precision=fast -falign-functions=32 -fno-stack-protector -fno-stack-clash-protection -fstack-check=no -fno-stack-check -fuse-linker-plugin -Wl,-O4 -Wl,--as-needed -Wl,--start-group -Wl,-lpthread -Wl,-lgomp -Wl,--end-group -Wl,-z,norelro -Wl,-z,now -Wl,--sort-common -s -MD -MQ 'ping@exe/ping_common.c.o' -MF 'ping@exe/ping_common.c.o.d' -o 'ping@exe/ping_common.c.o' -c ../iputils-s20190709/ping_common.c
[7/16] x86_64-pc-linux-gnu-gcc -Iarping@exe -I. -I../iputils-s20190709 -fdiagnostics-color=always -pipe -D_FILE_OFFSET_BITS=64 -std=c99 -include config.h -include git-version.h '-DGETTEXT_PACKAGE="iputils"' -DUSE_IDN -march=znver2 -g0 -O3 -fgraphite-identity -floop-nest-optimize -fdevirtualize-at-ltrans -fipa-pta -fno-semantic-interposition -flto=12 -fno-plt -fno-signed-zeros -fno-trapping-math -fassociative-math -freciprocal-math -fno-math-errno -ffinite-math-only -fno-rounding-math -fno-signaling-nans -fcx-limited-range -fexcess-precision=fast -falign-functions=32 -fno-stack-protector -fno-stack-clash-protection -fstack-check=no -fno-stack-check -fuse-linker-plugin -Wl,-O4 -Wl,--as-needed -Wl,--start-group -Wl,-lpthread -Wl,-lgomp -Wl,--end-group -Wl,-z,norelro -Wl,-z,now -Wl,--sort-common -s -MD -MQ 'arping@exe/arping.c.o' -MF 'arping@exe/arping.c.o.d' -o 'arping@exe/arping.c.o' -c ../iputils-s20190709/arping.c
[8/16] x86_64-pc-linux-gnu-gcc -Iping@exe -I. -I../iputils-s20190709 -fdiagnostics-color=always -pipe -D_FILE_OFFSET_BITS=64 -std=c99 -include config.h -include git-version.h '-DGETTEXT_PACKAGE="iputils"' -DUSE_IDN -march=znver2 -g0 -O3 -fgraphite-identity -floop-nest-optimize -fdevirtualize-at-ltrans -fipa-pta -fno-semantic-interposition -flto=12 -fno-plt -fno-signed-zeros -fno-trapping-math -fassociative-math -freciprocal-math -fno-math-errno -ffinite-math-only -fno-rounding-math -fno-signaling-nans -fcx-limited-range -fexcess-precision=fast -falign-functions=32 -fno-stack-protector -fno-stack-clash-protection -fstack-check=no -fno-stack-check -fuse-linker-plugin -Wl,-O4 -Wl,--as-needed -Wl,--start-group -Wl,-lpthread -Wl,-lgomp -Wl,--end-group -Wl,-z,norelro -Wl,-z,now -Wl,--sort-common -s -MD -MQ 'ping@exe/ping.c.o' -MF 'ping@exe/ping.c.o.d' -o 'ping@exe/ping.c.o' -c ../iputils-s20190709/ping.c
[9/16] x86_64-pc-linux-gnu-gcc -Itftpd@exe -I. -I../iputils-s20190709 -fdiagnostics-color=always -pipe -D_FILE_OFFSET_BITS=64 -std=c99 -include config.h -include git-version.h '-DGETTEXT_PACKAGE="iputils"' -DUSE_IDN -march=znver2 -g0 -O3 -fgraphite-identity -floop-nest-optimize -fdevirtualize-at-ltrans -fipa-pta -fno-semantic-interposition -flto=12 -fno-plt -fno-signed-zeros -fno-trapping-math -fassociative-math -freciprocal-math -fno-math-errno -ffinite-math-only -fno-rounding-math -fno-signaling-nans -fcx-limited-range -fexcess-precision=fast -falign-functions=32 -fno-stack-protector -fno-stack-clash-protection -fstack-check=no -fno-stack-check -fuse-linker-plugin -Wl,-O4 -Wl,--as-needed -Wl,--start-group -Wl,-lpthread -Wl,-lgomp -Wl,--end-group -Wl,-z,norelro -Wl,-z,now -Wl,--sort-common -s -MD -MQ 'tftpd@exe/tftpd.c.o' -MF 'tftpd@exe/tftpd.c.o.d' -o 'tftpd@exe/tftpd.c.o' -c ../iputils-s20190709/tftpd.c
[10/16] x86_64-pc-linux-gnu-gcc -Iping@exe -I. -I../iputils-s20190709 -fdiagnostics-color=always -pipe -D_FILE_OFFSET_BITS=64 -std=c99 -include config.h -include git-version.h '-DGETTEXT_PACKAGE="iputils"' -DUSE_IDN -march=znver2 -g0 -O3 -fgraphite-identity -floop-nest-optimize -fdevirtualize-at-ltrans -fipa-pta -fno-semantic-interposition -flto=12 -fno-plt -fno-signed-zeros -fno-trapping-math -fassociative-math -freciprocal-math -fno-math-errno -ffinite-math-only -fno-rounding-math -fno-signaling-nans -fcx-limited-range -fexcess-precision=fast -falign-functions=32 -fno-stack-protector -fno-stack-clash-protection -fstack-check=no -fno-stack-check -fuse-linker-plugin -Wl,-O4 -Wl,--as-needed -Wl,--start-group -Wl,-lpthread -Wl,-lgomp -Wl,--end-group -Wl,-z,norelro -Wl,-z,now -Wl,--sort-common -s -MD -MQ 'ping@exe/ping6_common.c.o' -MF 'ping@exe/ping6_common.c.o.d' -o 'ping@exe/ping6_common.c.o' -c ../iputils-s20190709/ping6_common.c
[11/16] rm -f libcommon.a && x86_64-pc-linux-gnu-ar csrD libcommon.a 'common@sta/iputils_common.c.o'
[12/16] x86_64-pc-linux-gnu-gcc  -o tftpd 'tftpd@exe/tftpd.c.o' 'tftpd@exe/tftpsubs.c.o' -Wl,--as-needed -Wl,--no-undefined -march=znver2 -pipe -g0 -O3 -fgraphite-identity -floop-nest-optimize -fdevirtualize-at-ltrans -fipa-pta -fno-semantic-interposition -flto=12 -fno-plt -fno-signed-zeros -fno-trapping-math -fassociative-math -freciprocal-math -fno-math-errno -ffinite-math-only -fno-rounding-math -fno-signaling-nans -fcx-limited-range -fexcess-precision=fast -falign-functions=32 -fno-stack-protector -fno-stack-clash-protection -fstack-check=no -fno-stack-check -fuse-linker-plugin -Wl,-O4 -Wl,--as-needed -Wl,--start-group -Wl,-lpthread -Wl,-lgomp -Wl,-z,norelro -Wl,-z,now -Wl,--sort-common -s -march=znver2 -g0 -O3 -fgraphite-identity -floop-nest-optimize -fdevirtualize-at-ltrans -fipa-pta -fno-semantic-interposition -flto=12 -fno-plt -fno-signed-zeros -fno-trapping-math -fassociative-math -freciprocal-math -fno-math-errno -ffinite-math-only -fno-rounding-math -fno-signaling-nans -fcx-limited-range -fexcess-precision=fast -falign-functions=32 -fno-stack-protector -fno-stack-clash-protection -fstack-check=no -fno-stack-check -fuse-linker-plugin -Wl,-O4 -Wl,--as-needed -Wl,-z,norelro -Wl,-z,now -Wl,--sort-common -s libcommon.a -Wl,--end-group '-Wl,-rpath,$ORIGIN/' -Wl,-rpath-link,/tmp/portage/net-misc/iputils-20190709-r1/work/iputils-20190709-build/
[13/16] x86_64-pc-linux-gnu-gcc  -o clockdiff 'clockdiff@exe/clockdiff.c.o' -Wl,--as-needed -Wl,--no-undefined -march=znver2 -pipe -g0 -O3 -fgraphite-identity -floop-nest-optimize -fdevirtualize-at-ltrans -fipa-pta -fno-semantic-interposition -flto=12 -fno-plt -fno-signed-zeros -fno-trapping-math -fassociative-math -freciprocal-math -fno-math-errno -ffinite-math-only -fno-rounding-math -fno-signaling-nans -fcx-limited-range -fexcess-precision=fast -falign-functions=32 -fno-stack-protector -fno-stack-clash-protection -fstack-check=no -fno-stack-check -fuse-linker-plugin -Wl,-O4 -Wl,--as-needed -Wl,--start-group -Wl,-lpthread -Wl,-lgomp -Wl,-z,norelro -Wl,-z,now -Wl,--sort-common -s -march=znver2 -g0 -O3 -fgraphite-identity -floop-nest-optimize -fdevirtualize-at-ltrans -fipa-pta -fno-semantic-interposition -flto=12 -fno-plt -fno-signed-zeros -fno-trapping-math -fassociative-math -freciprocal-math -fno-math-errno -ffinite-math-only -fno-rounding-math -fno-signaling-nans -fcx-limited-range -fexcess-precision=fast -falign-functions=32 -fno-stack-protector -fno-stack-clash-protection -fstack-check=no -fno-stack-check -fuse-linker-plugin -Wl,-O4 -Wl,--as-needed -Wl,-z,norelro -Wl,-z,now -Wl,--sort-common -s libcommon.a -lcap -Wl,--end-group '-Wl,-rpath,$ORIGIN/' -Wl,-rpath-link,/tmp/portage/net-misc/iputils-20190709-r1/work/iputils-20190709-build/
[14/16] x86_64-pc-linux-gnu-gcc  -o tracepath 'tracepath@exe/tracepath.c.o' -Wl,--as-needed -Wl,--no-undefined -march=znver2 -pipe -g0 -O3 -fgraphite-identity -floop-nest-optimize -fdevirtualize-at-ltrans -fipa-pta -fno-semantic-interposition -flto=12 -fno-plt -fno-signed-zeros -fno-trapping-math -fassociative-math -freciprocal-math -fno-math-errno -ffinite-math-only -fno-rounding-math -fno-signaling-nans -fcx-limited-range -fexcess-precision=fast -falign-functions=32 -fno-stack-protector -fno-stack-clash-protection -fstack-check=no -fno-stack-check -fuse-linker-plugin -Wl,-O4 -Wl,--as-needed -Wl,--start-group -Wl,-lpthread -Wl,-lgomp -Wl,-z,norelro -Wl,-z,now -Wl,--sort-common -s -march=znver2 -g0 -O3 -fgraphite-identity -floop-nest-optimize -fdevirtualize-at-ltrans -fipa-pta -fno-semantic-interposition -flto=12 -fno-plt -fno-signed-zeros -fno-trapping-math -fassociative-math -freciprocal-math -fno-math-errno -ffinite-math-only -fno-rounding-math -fno-signaling-nans -fcx-limited-range -fexcess-precision=fast -falign-functions=32 -fno-stack-protector -fno-stack-clash-protection -fstack-check=no -fno-stack-check -fuse-linker-plugin -Wl,-O4 -Wl,--as-needed -Wl,-z,norelro -Wl,-z,now -Wl,--sort-common -s libcommon.a -lidn2 -Wl,--end-group '-Wl,-rpath,$ORIGIN/' -Wl,-rpath-link,/tmp/portage/net-misc/iputils-20190709-r1/work/iputils-20190709-build/
[15/16] x86_64-pc-linux-gnu-gcc  -o arping 'arping@exe/arping.c.o' -Wl,--as-needed -Wl,--no-undefined -march=znver2 -pipe -g0 -O3 -fgraphite-identity -floop-nest-optimize -fdevirtualize-at-ltrans -fipa-pta -fno-semantic-interposition -flto=12 -fno-plt -fno-signed-zeros -fno-trapping-math -fassociative-math -freciprocal-math -fno-math-errno -ffinite-math-only -fno-rounding-math -fno-signaling-nans -fcx-limited-range -fexcess-precision=fast -falign-functions=32 -fno-stack-protector -fno-stack-clash-protection -fstack-check=no -fno-stack-check -fuse-linker-plugin -Wl,-O4 -Wl,--as-needed -Wl,--start-group -Wl,-lpthread -Wl,-lgomp -Wl,-z,norelro -Wl,-z,now -Wl,--sort-common -s -march=znver2 -g0 -O3 -fgraphite-identity -floop-nest-optimize -fdevirtualize-at-ltrans -fipa-pta -fno-semantic-interposition -flto=12 -fno-plt -fno-signed-zeros -fno-trapping-math -fassociative-math -freciprocal-math -fno-math-errno -ffinite-math-only -fno-rounding-math -fno-signaling-nans -fcx-limited-range -fexcess-precision=fast -falign-functions=32 -fno-stack-protector -fno-stack-clash-protection -fstack-check=no -fno-stack-check -fuse-linker-plugin -Wl,-O4 -Wl,--as-needed -Wl,-z,norelro -Wl,-z,now -Wl,--sort-common -s libcommon.a -lcap -lidn2 -Wl,--end-group '-Wl,-rpath,$ORIGIN/' -Wl,-rpath-link,/tmp/portage/net-misc/iputils-20190709-r1/work/iputils-20190709-build/
[16/16] x86_64-pc-linux-gnu-gcc  -o ping 'ping@exe/ping.c.o' 'ping@exe/ping_common.c.o' 'ping@exe/ping6_common.c.o' -Wl,--as-needed -Wl,--no-undefined -march=znver2 -pipe -g0 -O3 -fgraphite-identity -floop-nest-optimize -fdevirtualize-at-ltrans -fipa-pta -fno-semantic-interposition -flto=12 -fno-plt -fno-signed-zeros -fno-trapping-math -fassociative-math -freciprocal-math -fno-math-errno -ffinite-math-only -fno-rounding-math -fno-signaling-nans -fcx-limited-range -fexcess-precision=fast -falign-functions=32 -fno-stack-protector -fno-stack-clash-protection -fstack-check=no -fno-stack-check -fuse-linker-plugin -Wl,-O4 -Wl,--as-needed -Wl,--start-group -Wl,-lpthread -Wl,-lgomp -Wl,-z,norelro -Wl,-z,now -Wl,--sort-common -s -march=znver2 -g0 -O3 -fgraphite-identity -floop-nest-optimize -fdevirtualize-at-ltrans -fipa-pta -fno-semantic-interposition -flto=12 -fno-plt -fno-signed-zeros -fno-trapping-math -fassociative-math -freciprocal-math -fno-math-errno -ffinite-math-only -fno-rounding-math -fno-signaling-nans -fcx-limited-range -fexcess-precision=fast -falign-functions=32 -fno-stack-protector -fno-stack-clash-protection -fstack-check=no -fno-stack-check -fuse-linker-plugin -Wl,-O4 -Wl,--as-needed -Wl,-z,norelro -Wl,-z,now -Wl,--sort-common -s libcommon.a -lm -lcap -lidn2 -lresolv -Wl,--end-group '-Wl,-rpath,$ORIGIN/' -Wl,-rpath-link,/tmp/portage/net-misc/iputils-20190709-r1/work/iputils-20190709-build/
>>> Source compiled.
>>> Test phase [not enabled]: net-misc/iputils-20190709-r1

>>> Install net-misc/iputils-20190709-r1 into /tmp/portage/net-misc/iputils-20190709-r1/image
ninja -v -j12 -l12 -C /tmp/portage/net-misc/iputils-20190709-r1/work/iputils-20190709-build install
ninja: Entering directory `/tmp/portage/net-misc/iputils-20190709-r1/work/iputils-20190709-build'
[1/17] /usr/lib/python-exec/python3.8/meson --internal vcstagger ../iputils-s20190709/git-version.h.meson git-version.h s20190709 /tmp/portage/net-misc/iputils-20190709-r1/work/iputils-s20190709 @VCS_TAG@ '(.*)' ' '
[1/2] /usr/lib/python-exec/python3.8/meson install --no-rebuild
Installing ping to /tmp/portage/net-misc/iputils-20190709-r1/image/usr/bin
Installing tracepath to /tmp/portage/net-misc/iputils-20190709-r1/image/usr/bin
Installing clockdiff to /tmp/portage/net-misc/iputils-20190709-r1/image/usr/bin
Installing arping to /tmp/portage/net-misc/iputils-20190709-r1/image/usr/bin
Installing tftpd to /tmp/portage/net-misc/iputils-20190709-r1/image/usr/bin
Running custom install script '/usr/lib/python-exec/python3.8/meson --internal gettext install --subdir=po --localedir=share/locale --pkgname=iputils'
Running custom install script '/tmp/portage/net-misc/iputils-20190709-r1/work/iputils-s20190709/build-aux/setcap-setuid.sh /usr/bin ping none /dev/null'
Running custom install script '/tmp/portage/net-misc/iputils-20190709-r1/work/iputils-s20190709/build-aux/setcap-setuid.sh /usr/bin clockdiff none /dev/null'
Running custom install script '/tmp/portage/net-misc/iputils-20190709-r1/work/iputils-s20190709/build-aux/setcap-setuid.sh /usr/bin arping none /dev/null'
>>> Completed installing net-misc/iputils-20190709-r1 into /tmp/portage/net-misc/iputils-20190709-r1/image

 * Final size of build directory: 2392 KiB (2.3 MiB)
 * Final size of installed tree:   236 KiB



 * QA Notice: Pre-stripped files found:
 * /bin/arping
 * /bin/ping
 * /usr/bin/tftpd
 * /usr/bin/tracepath
 * /usr/bin/clockdiff
./
./bin/
./bin/arping
./bin/ping4
./bin/ping
./usr/
./usr/bin/
./usr/bin/tftpd
./usr/bin/tracepath4
./usr/bin/tracepath
./usr/bin/clockdiff
./usr/share/
./usr/share/man/
./usr/share/man/man8/
./usr/share/man/man8/clockdiff.8.bz2
./usr/share/man/man8/tracepath.8.bz2
./usr/share/man/man8/tftpd.8.bz2
./usr/share/man/man8/arping.8.bz2
./usr/share/man/man8/ping.8.bz2
./usr/share/doc/
./usr/share/doc/iputils-20190709-r1/
./usr/share/doc/iputils-20190709-r1/README.md.bz2
>>> Done.
 * checking 12 files for package collisions
>>> Merging net-misc/iputils-20190709-r1 to /
 * removing unneeded *.la files
--- /usr/
--- /usr/share/
--- /usr/share/man/
--- /usr/share/man/man8/
>>> /usr/share/man/man8/ping.8.bz2
>>> /usr/share/man/man8/arping.8.bz2
>>> /usr/share/man/man8/tftpd.8.bz2
>>> /usr/share/man/man8/tracepath.8.bz2
>>> /usr/share/man/man8/clockdiff.8.bz2
--- /usr/bin/
>>> /usr/bin/clockdiff
>>> /usr/bin/tracepath
>>> /usr/bin/tracepath4 -> tracepath
>>> /usr/bin/tftpd
--- /bin/
>>> /bin/ping
>>> /bin/ping4 -> ping
>>> /bin/arping
>>> Safely unmerging already-installed instance...
>>> Original instance of package unmerged safely.
>>> net-misc/iputils-20190709-r1 merged.
