>>> Extracting info
 * Package:    net-libs/gnutls-3.6.14
 * Repository: gentoo
 * USE:        amd64 userland_GNU idn sslv3 cxx guile abi_x86_64 seccomp tools elibc_glibc kernel_linux openssl pkcs11
 * FEATURES:   ccache preserve-libs userpriv
 * FEATURES='userpriv ccache distlocks strict fixlafiles nodoc buildpkg config-protect-if-modified xattr strict-keepdir preserve-libs cgroup compress-index qa-unresolved-soname-deps merge-sync binpkg-dostrip multilib-strict news unmerge-orphans assume-digests parallel-fetch sfperms binpkg-logs unmerge-logs ebuild-locks userfetch unknown-features-warn usersync binpkg-docompress'
 * CFLAGS='-O2 -pipe -Wl,-O1,--sort-common,--as-needed,-z,norelro,-z,now'
 * CXXFLAGS='-O2 -pipe -Wl,-O1,--sort-common,--as-needed,-z,norelro,-z,now'
 * FFLAGS='-O2 -pipe -Wl,-O1,--sort-common,--as-needed,-z,norelro,-z,now'
 * FCFLAGS='-O2 -pipe -Wl,-O1,--sort-common,--as-needed,-z,norelro,-z,now'
 * F77FLAGS='-O2 -pipe -Wl,-O1,--sort-common,--as-needed,-z,norelro,-z,now'
 * LDFLAGS='-Wl,-O1,--sort-common,--as-needed,-z,norelro,-z,now'
 * MAKEOPTS='-j12 -l12'
 * gcc (Gentoo 11.0.0_pre9999 p1, commit 184c21bf1cd04a108ed9bd04635e7d57ac39f616) 11.0.0 20200611 (experimental)
 * g++ (Gentoo 11.0.0_pre9999 p1, commit 184c21bf1cd04a108ed9bd04635e7d57ac39f616) 11.0.0 20200611 (experimental)
 * GNU ld (Gentoo 2.34 p4) 2.34.0
 * Linux rescue 5.4.36 #1 SMP Thu Apr 30 04:38:28 UTC 2020 x86_64 AMD Ryzen 5 3600 6-Core Processor AuthenticAMD GNU/Linux
net-libs/gnutls: 1 minute, 17 seconds average for 20 merges
2020-05-15T01:57:23 >>> net-libs/gnutls: 3 minutes, 6 seconds
2020-05-15T10:43:43 >>> net-libs/gnutls: 1 minute, 11 seconds
2020-05-16T13:30:57 >>> net-libs/gnutls: 1 minute, 21 seconds
2020-05-19T21:39:20 >>> net-libs/gnutls: 5 seconds
2020-05-19T23:09:52 >>> net-libs/gnutls: 5 seconds
2020-05-21T04:27:21 >>> net-libs/gnutls: 1 minute, 56 seconds
2020-05-25T22:23:06 >>> net-libs/gnutls: 1 minute, 44 seconds
2020-05-26T12:06:21 >>> net-libs/gnutls: 7 seconds
2020-05-26T23:45:11 >>> net-libs/gnutls: 6 seconds
2020-05-28T01:11:23 >>> net-libs/gnutls: 1 minute, 42 seconds
2020-05-28T12:30:34 >>> net-libs/gnutls: 6 seconds
2020-05-28T23:51:25 >>> net-libs/gnutls: 5 seconds
2020-05-29T10:49:38 >>> net-libs/gnutls: 1 minute, 51 seconds
2020-05-30T12:53:02 >>> net-libs/gnutls: 1 minute, 52 seconds
2020-05-31T21:15:32 >>> net-libs/gnutls: 1 minute, 55 seconds
2020-06-01T03:08:15 >>> net-libs/gnutls: 1 minute, 44 seconds
2020-06-02T23:10:11 >>> net-libs/gnutls: 2 minutes, 16 seconds
2020-06-05T00:28:02 >>> net-libs/gnutls: 2 minutes, 13 seconds
2020-06-06T09:06:40 >>> net-libs/gnutls: 2 minutes, 13 seconds
2020-06-12T00:07:10 >>> net-libs/gnutls: 5 seconds
]0;emerge 18:46:53 646|882 gnutls 01:30 (root@rescue)>>> Extracting net-libs/gnutls-3.6.14
 * checking 53 files for package collisions
>>> Merging net-libs/gnutls-3.6.14 to /
 * removing unneeded *.la files
--- /usr/
--- /usr/lib64/
--- /usr/lib64/pkgconfig/
>>> /usr/lib64/pkgconfig/gnutls.pc
>>> /usr/lib64/libgnutlsxx.so.28.1.0
>>> /usr/lib64/libgnutls.so.30.28.0
>>> /usr/lib64/libgnutlsxx.so.28 -> libgnutlsxx.so.28.1.0
>>> /usr/lib64/libgnutls-openssl.so -> libgnutls-openssl.so.27.0.2
>>> /usr/lib64/libgnutlsxx.so -> libgnutlsxx.so.28.1.0
>>> /usr/lib64/libgnutls-openssl.so.27.0.2
>>> /usr/lib64/libgnutls-openssl.so.27 -> libgnutls-openssl.so.27.0.2
--- /usr/lib64/guile/
--- /usr/lib64/guile/2.2/
--- /usr/lib64/guile/2.2/extensions/
>>> /usr/lib64/guile/2.2/extensions/guile-gnutls-v-2.so -> guile-gnutls-v-2.so.0.0.0
>>> /usr/lib64/guile/2.2/extensions/guile-gnutls-v-2.so.0 -> guile-gnutls-v-2.so.0.0.0
>>> /usr/lib64/guile/2.2/extensions/guile-gnutls-v-2.so.0.0.0
--- /usr/lib64/guile/2.2/site-ccache/
--- /usr/lib64/guile/2.2/site-ccache/gnutls/
>>> /usr/lib64/guile/2.2/site-ccache/gnutls/extra.go
>>> /usr/lib64/guile/2.2/site-ccache/gnutls.go
--- /usr/share/
--- /usr/share/man/
--- /usr/share/man/man1/
>>> /usr/share/man/man1/gnutls-cli.1.bz2
>>> /usr/share/man/man1/ocsptool.1.bz2
>>> /usr/share/man/man1/gnutls-cli-debug.1.bz2
>>> /usr/share/man/man1/certtool.1.bz2
>>> /usr/share/man/man1/srptool.1.bz2
>>> /usr/share/man/man1/gnutls-serv.1.bz2
>>> /usr/share/man/man1/psktool.1.bz2
>>> /usr/share/man/man1/tpmtool.1.bz2
>>> /usr/share/man/man1/p11tool.1.bz2
--- /usr/share/guile/
--- /usr/share/guile/site/
--- /usr/share/guile/site/2.2/
>>> /usr/share/guile/site/2.2/gnutls.scm
--- /usr/share/guile/site/2.2/gnutls/
>>> /usr/share/guile/site/2.2/gnutls/extra.scm
--- /usr/include/
--- /usr/include/gnutls/
>>> /usr/include/gnutls/tpm.h
>>> /usr/include/gnutls/x509.h
>>> /usr/include/gnutls/crypto.h
>>> /usr/include/gnutls/system-keys.h
>>> /usr/include/gnutls/urls.h
>>> /usr/include/gnutls/gnutls.h
>>> /usr/include/gnutls/openssl.h
>>> /usr/include/gnutls/abstract.h
>>> /usr/include/gnutls/pkcs7.h
>>> /usr/include/gnutls/self-test.h
>>> /usr/include/gnutls/openpgp.h
>>> /usr/include/gnutls/x509-ext.h
>>> /usr/include/gnutls/dtls.h
>>> /usr/include/gnutls/pkcs11.h
>>> /usr/include/gnutls/gnutlsxx.h
>>> /usr/include/gnutls/compat.h
>>> /usr/include/gnutls/ocsp.h
>>> /usr/include/gnutls/socket.h
>>> /usr/include/gnutls/pkcs12.h
--- /usr/bin/
>>> /usr/bin/srptool
>>> /usr/bin/gnutls-serv
>>> /usr/bin/certtool
>>> /usr/bin/ocsptool
>>> /usr/bin/gnutls-cli
>>> /usr/bin/gnutls-cli-debug
>>> /usr/bin/psktool
>>> /usr/bin/p11tool
>>> /usr/lib64/libgnutls.so.30 -> libgnutls.so.30.28.0
>>> /usr/lib64/libgnutls.so -> libgnutls.so.30.28.0
>>> Safely unmerging already-installed instance...
>>> Original instance of package unmerged safely.
>>> net-libs/gnutls-3.6.14 merged.
>>> Regenerating /etc/ld.so.cache...
