 * Package:    net-ftp/ftpbase-0.01-r3
 * Repository: gentoo
 * USE:        abi_x86_64 amd64 elibc_glibc kernel_linux pam userland_GNU
 * FEATURES:   network-sandbox preserve-libs sandbox userpriv usersandbox
 * FEATURES='assume-digests binpkg-docompress binpkg-dostrip binpkg-logs buildpkg cgroup compress-index config-protect-if-modified distlocks ebuild-locks fixlafiles ipc-sandbox merge-sync multilib-strict network-sandbox news nodoc parallel-fetch pid-sandbox preserve-libs qa-unresolved-soname-deps sandbox sfperms strict strict-keepdir unknown-features-warn unmerge-logs unmerge-orphans userfetch userpriv usersandbox usersync xattr'
 * CFLAGS='-march=znver2 -Ofast -pipe -g0 -fno-common -fgraphite-identity -floop-interchange -floop-nest-optimize -floop-parallelize-all -ftree-parallelize-loops=12 -ftree-vectorize -fdevirtualize-at-ltrans -fipa-pta -fno-semantic-interposition -flto=12 -fno-plt -falign-functions=32 -fno-stack-protector -fno-stack-clash-protection -fstack-check=no -fno-stack-check -fuse-linker-plugin -Wl,-O1,--sort-common,--as-needed,-z,norelro,-z,now,-lgomp,-lpthread'
 * CXXFLAGS='-march=znver2 -Ofast -pipe -g0 -fno-common -fgraphite-identity -floop-interchange -floop-nest-optimize -floop-parallelize-all -ftree-parallelize-loops=12 -ftree-vectorize -fdevirtualize-at-ltrans -fipa-pta -fno-semantic-interposition -flto=12 -fno-plt -falign-functions=32 -fno-stack-protector -fno-stack-clash-protection -fstack-check=no -fno-stack-check -fuse-linker-plugin -Wl,-O1,--sort-common,--as-needed,-z,norelro,-z,now,-lgomp,-lpthread'
 * FFLAGS='-march=znver2 -Ofast -pipe -g0 -fno-common -fgraphite-identity -floop-interchange -floop-nest-optimize -floop-parallelize-all -ftree-parallelize-loops=12 -ftree-vectorize -fdevirtualize-at-ltrans -fipa-pta -fno-semantic-interposition -flto=12 -fno-plt -falign-functions=32 -fno-stack-protector -fno-stack-clash-protection -fstack-check=no -fno-stack-check -fuse-linker-plugin -Wl,-O1,--sort-common,--as-needed,-z,norelro,-z,now,-lgomp,-lpthread'
 * FCFLAGS='-march=znver2 -Ofast -pipe -g0 -fno-common -fgraphite-identity -floop-interchange -floop-nest-optimize -floop-parallelize-all -ftree-parallelize-loops=12 -ftree-vectorize -fdevirtualize-at-ltrans -fipa-pta -fno-semantic-interposition -flto=12 -fno-plt -falign-functions=32 -fno-stack-protector -fno-stack-clash-protection -fstack-check=no -fno-stack-check -fuse-linker-plugin -Wl,-O1,--sort-common,--as-needed,-z,norelro,-z,now,-lgomp,-lpthread'
 * F77FLAGS='-march=znver2 -Ofast -pipe -g0 -fno-common -fgraphite-identity -floop-interchange -floop-nest-optimize -floop-parallelize-all -ftree-parallelize-loops=12 -ftree-vectorize -fdevirtualize-at-ltrans -fipa-pta -fno-semantic-interposition -flto=12 -fno-plt -falign-functions=32 -fno-stack-protector -fno-stack-clash-protection -fstack-check=no -fno-stack-check -fuse-linker-plugin -Wl,-O1,--sort-common,--as-needed,-z,norelro,-z,now,-lgomp,-lpthread'
 * LDFLAGS='-Wl,-O1,--sort-common,--as-needed,-z,norelro,-z,now,-lgomp,-lpthread -march=znver2 -Ofast -pipe -g0 -fno-common -fgraphite-identity -floop-interchange -floop-nest-optimize -floop-parallelize-all -ftree-parallelize-loops=12 -ftree-vectorize -fdevirtualize-at-ltrans -fipa-pta -fno-semantic-interposition -flto=12 -fno-plt -falign-functions=32 -fno-stack-protector -fno-stack-clash-protection -fstack-check=no -fno-stack-check -fuse-linker-plugin'
 * MAKEOPTS='-j12 -l12'
 * gcc () 11.0.0 20200616 (experimental)
 * g++ () 11.0.0 20200616 (experimental)
 * GNU ld (Gentoo 2.34 p4) 2.34.0
 * Linux rescue 5.4.36 #1 SMP Thu Apr 30 04:38:28 UTC 2020 x86_64 AMD Ryzen 5 3600 6-Core Processor AuthenticAMD GNU/Linux
net-ftp/ftpbase: 24 seconds average for 10 merges
2020-05-20T08:19:38 >>> net-ftp/ftpbase: 16 seconds
2020-05-21T06:14:50 >>> net-ftp/ftpbase: 6 seconds
2020-05-25T19:08:11 >>> net-ftp/ftpbase: 10 seconds
2020-05-26T14:09:58 >>> net-ftp/ftpbase: 15 seconds
2020-05-27T03:57:31 >>> net-ftp/ftpbase: 9 seconds
2020-05-28T14:34:17 >>> net-ftp/ftpbase: 12 seconds
2020-05-30T23:53:20 >>> net-ftp/ftpbase: 18 seconds
2020-06-01T08:11:40 >>> net-ftp/ftpbase: 27 seconds
2020-06-13T20:18:25 >>> net-ftp/ftpbase: 1 minute, 1 second
2020-06-16T17:19:56 >>> net-ftp/ftpbase: 1 minute, 10 seconds
]0;emerge 16:45:44 23|240 ftpbase 00:53 (root@rescue)>>> Unpacking source...
>>> Source unpacked in /tmp/portage/net-ftp/ftpbase-0.01-r3/work
>>> Preparing source in /tmp/portage/net-ftp/ftpbase-0.01-r3/work ...
>>> Source prepared.
>>> Configuring source in /tmp/portage/net-ftp/ftpbase-0.01-r3/work ...
>>> Source configured.
>>> Compiling source in /tmp/portage/net-ftp/ftpbase-0.01-r3/work ...
>>> Source compiled.
>>> Test phase [not enabled]: net-ftp/ftpbase-0.01-r3

>>> Install net-ftp/ftpbase-0.01-r3 into /tmp/portage/net-ftp/ftpbase-0.01-r3/image
>>> Completed installing net-ftp/ftpbase-0.01-r3 into /tmp/portage/net-ftp/ftpbase-0.01-r3/image

 * Final size of build directory:  4 KiB
 * Final size of installed tree:  20 KiB

Parallel BZIP2 v1.1.13 [Dec 18, 2015]
By: Jeff Gilchrist [http://compression.ca]
Major contributions: Yavor Nikolov [http://javornikolov.wordpress.com]
Uses libbzip2 by Julian Seward

         # CPUs: 5
   Load Average: 7.07
 BWT Block Size: 200 KB
File Block Size: 900 KB
 Maximum Memory: 1024 MB
-------------------------------------------
         File #: 1 of 1
     Input Name: compressme
    Output Name: compressme.bz2

     Input Size: 3895 bytes
Compressing data (no threads)...
Completed: 100%                 Output Size: 918 bytes
-------------------------------------------

     Wall Clock: 0.000825 seconds
./
./etc/
./etc/ftpusers
./etc/pam.d/
./etc/pam.d/ftp
>>> Done.
 * checking 2 files for package collisions
>>> Merging net-ftp/ftpbase-0.01-r3 to /
 * removing unneeded *.la files
--- /etc/
--- /etc/pam.d/
>>> /etc/pam.d/ftp
>>> /etc/ftpusers
>>> Safely unmerging already-installed instance...
>>> Original instance of package unmerged safely.
>>> net-ftp/ftpbase-0.01-r3 merged.
