 * Package:    net-mail/mailbase-1.5-r1
 * Repository: gentoo
 * Maintainer: eras@gentoo.org
 * USE:        abi_x86_64 amd64 elibc_glibc kernel_linux pam userland_GNU
 * FEATURES:   ccache network-sandbox preserve-libs userpriv
 * /etc/portage/package.cflags/ltoworkarounds.conf -> */*: *FLAGS+=-Wl,-O4 *FLAGS-=-Wl,-O1
 * FEATURES='assume-digests binpkg-docompress binpkg-dostrip binpkg-logs buildpkg ccache cgroup compress-index config-protect-if-modified distlocks ebuild-locks fixlafiles merge-sync multilib-strict network-sandbox news nodoc parallel-fetch preserve-libs qa-unresolved-soname-deps sfperms strict strict-keepdir unknown-features-warn unmerge-logs unmerge-orphans userfetch userpriv usersync xattr'
 * CFLAGS='-O2 -pipe -Wl,-O4 -Wl,-O4,--sort-common,--as-needed,-z,norelro,-z,now'
 * CXXFLAGS='-O2 -pipe -Wl,-O4 -Wl,-O4,--sort-common,--as-needed,-z,norelro,-z,now'
 * FFLAGS='-O2 -pipe -Wl,-O4 -Wl,-O4,--sort-common,--as-needed,-z,norelro,-z,now'
 * FCFLAGS='-O2 -pipe -Wl,-O4 -Wl,-O4,--sort-common,--as-needed,-z,norelro,-z,now'
 * F77FLAGS='-O2 -pipe -Wl,-O4 -Wl,-O4,--sort-common,--as-needed,-z,norelro,-z,now'
 * LDFLAGS='-Wl,-O4,--sort-common,--as-needed,-z,norelro,-z,now'
 * MAKEOPTS='-j12 -l12'
 * gcc (Gentoo 11.0.0_pre9999 p1, commit 184c21bf1cd04a108ed9bd04635e7d57ac39f616) 11.0.0 20200611 (experimental)
 * g++ (Gentoo 11.0.0_pre9999 p1, commit 184c21bf1cd04a108ed9bd04635e7d57ac39f616) 11.0.0 20200611 (experimental)
 * GNU ld (Gentoo 2.34 p4) 2.34.0
 * Linux rescue 5.4.36 #1 SMP Thu Apr 30 04:38:28 UTC 2020 x86_64 AMD Ryzen 5 3600 6-Core Processor AuthenticAMD GNU/Linux
net-mail/mailbase: 10 seconds average for 14 merges
2020-05-16T15:27:52 >>> net-mail/mailbase: 6 seconds
2020-05-16T20:52:04 >>> net-mail/mailbase: 9 seconds
2020-05-20T01:45:52 >>> net-mail/mailbase: 4 seconds
2020-05-20T08:01:08 >>> net-mail/mailbase: 4 seconds
2020-05-23T11:35:27 >>> net-mail/mailbase: 10 seconds
2020-05-24T23:57:50 >>> net-mail/mailbase: 10 seconds
2020-05-25T18:48:21 >>> net-mail/mailbase: 14 seconds
2020-05-25T20:11:40 >>> net-mail/mailbase: 11 seconds
2020-05-26T14:35:58 >>> net-mail/mailbase: 6 seconds
2020-05-27T02:13:03 >>> net-mail/mailbase: 6 seconds
2020-05-27T03:17:44 >>> net-mail/mailbase: 30 seconds
2020-05-29T01:57:53 >>> net-mail/mailbase: 8 seconds
2020-05-30T12:59:05 >>> net-mail/mailbase: 15 seconds
2020-06-01T02:06:15 >>> net-mail/mailbase: 11 seconds
]0;emerge 03:38:27 220|907 mailbase 00:11 (root@rescue)kemerge 03:38:27 220|907 mailbase 00:11 (root@rescue)\>>> Unpacking source...
>>> Source unpacked in /tmp/portage/net-mail/mailbase-1.5-r1/work
>>> Preparing source in /tmp/portage/net-mail/mailbase-1.5-r1/work ...
>>> Source prepared.
>>> Configuring source in /tmp/portage/net-mail/mailbase-1.5-r1/work ...
>>> Source configured.
>>> Compiling source in /tmp/portage/net-mail/mailbase-1.5-r1/work ...
>>> Source compiled.
>>> Test phase [not enabled]: net-mail/mailbase-1.5-r1

>>> Install net-mail/mailbase-1.5-r1 into /tmp/portage/net-mail/mailbase-1.5-r1/image
>>> Completed installing net-mail/mailbase-1.5-r1 into /tmp/portage/net-mail/mailbase-1.5-r1/image

 * Final size of build directory:  4 KiB
 * Final size of installed tree:  64 KiB

./
./usr/
./usr/share/
./usr/share/man/
./usr/share/man/man5/
./usr/share/man/man5/mailcap.5.bz2
./var/
./var/mail
./etc/
./etc/mail/
./etc/mail/aliases
./etc/pam.d/
./etc/pam.d/pops
./etc/pam.d/pop3s
./etc/pam.d/imap
./etc/pam.d/pop3
./etc/pam.d/pop
./etc/pam.d/imaps
./etc/pam.d/imap4
./etc/pam.d/imap4s
./etc/mailcap
>>> Done.
 * checking 12 files for package collisions
>>> Merging net-mail/mailbase-1.5-r1 to /
 * removing unneeded *.la files
--- /etc/
>>> /etc/mailcap
--- /etc/pam.d/
>>> /etc/pam.d/imap4s -> imap
>>> /etc/pam.d/imap4 -> imap
>>> /etc/pam.d/imaps -> imap
>>> /etc/pam.d/pop
>>> /etc/pam.d/pop3 -> pop
>>> /etc/pam.d/imap
>>> /etc/pam.d/pop3s -> pop
>>> /etc/pam.d/pops -> pop
--- /etc/mail/
>>> /etc/mail/aliases
--- /var/
>>> /var/mail -> spool/mail
--- /usr/
--- /usr/share/
--- /usr/share/man/
--- /usr/share/man/man5/
>>> /usr/share/man/man5/mailcap.5.bz2
>>> Safely unmerging already-installed instance...
>>> Original instance of package unmerged safely.
>>> net-mail/mailbase-1.5-r1 merged.
