>>> Extracting info
 * Package:    net-misc/wget-1.20.3-r3
 * Repository: gentoo
 * USE:        abi_x86_64 userland_GNU pcre zlib amd64 ssl kernel_linux elibc_glibc
 * FEATURES:   network-sandbox preserve-libs sandbox userpriv usersandbox
 * FEATURES='nodoc binpkg-multi-instance usersandbox distlocks sfperms buildpkg strict-keepdir network-sandbox assume-digests unmerge-logs multilib-strict fixlafiles binpkg-logs binpkg-dostrip unknown-features-warn strict compress-index unmerge-orphans sandbox pid-sandbox downgrade-backup ipc-sandbox preserve-libs news userpriv parallel-install cgroup unmerge-backup parallel-fetch usersync binpkg-docompress qa-unresolved-soname-deps merge-sync xattr userfetch config-protect-if-modified'
 * CFLAGS='-march=native -O3 -fgraphite-identity -floop-nest-optimize -fdevirtualize-at-ltrans -fipa-pta -fno-semantic-interposition -flto=12 -fno-plt -fno-math-errno -fno-trapping-math -fuse-linker-plugin -pipe -g0 -falign-functions=32 -Wl,-O1 -Wl,--as-needed -Wl,--hash-style=gnu,-z,norelro,--as-needed'
 * CXXFLAGS='-march=native -O3 -fgraphite-identity -floop-nest-optimize -fdevirtualize-at-ltrans -fipa-pta -fno-semantic-interposition -flto=12 -fno-plt -fno-math-errno -fno-trapping-math -fuse-linker-plugin -pipe -g0 -falign-functions=32 -Wl,-O1 -Wl,--as-needed -Wl,--hash-style=gnu,-z,norelro,--as-needed'
 * FFLAGS='-march=native -O3 -fgraphite-identity -floop-nest-optimize -fdevirtualize-at-ltrans -fipa-pta -fno-semantic-interposition -flto=12 -fno-plt -fno-math-errno -fno-trapping-math -fuse-linker-plugin -pipe -g0 -falign-functions=32 -Wl,-O1 -Wl,--as-needed -Wl,--hash-style=gnu,-z,norelro,--as-needed'
 * FCFLAGS='-march=native -O3 -fgraphite-identity -floop-nest-optimize -fdevirtualize-at-ltrans -fipa-pta -fno-semantic-interposition -flto=12 -fno-plt -fno-math-errno -fno-trapping-math -fuse-linker-plugin -pipe -g0 -falign-functions=32 -Wl,-O1 -Wl,--as-needed -Wl,--hash-style=gnu,-z,norelro,--as-needed'
 * F77FLAGS='-march=native -O3 -fgraphite-identity -floop-nest-optimize -fdevirtualize-at-ltrans -fipa-pta -fno-semantic-interposition -flto=12 -fno-plt -fno-math-errno -fno-trapping-math -fuse-linker-plugin -pipe -g0 -falign-functions=32 -Wl,-O1 -Wl,--as-needed -Wl,--hash-style=gnu,-z,norelro,--as-needed'
 * LDFLAGS='-Wl,-O1 -Wl,--as-needed -Wl,--hash-style=gnu,-z,norelro,--as-needed -march=native -O3 -fgraphite-identity -floop-nest-optimize -fdevirtualize-at-ltrans -fipa-pta -fno-semantic-interposition -flto=12 -fno-plt -fno-math-errno -fno-trapping-math -fuse-linker-plugin -pipe -g0 -falign-functions=32'
 * MAKEOPTS='-j12 -l12'
 * gcc () 11.0.0 20200526 (experimental)
 * g++ () 11.0.0 20200526 (experimental)
 * GNU ld (Gentoo 2.34 p4) 2.34.0
 * Linux ryzen.gnum.org 5.4.36 #1 SMP Thu Apr 30 04:38:28 UTC 2020 x86_64 AMD Ryzen 5 3600 6-Core Processor AuthenticAMD GNU/Linux
net-misc/wget: 35 seconds average for 8 merges
2020-05-15T12:50:02 >>> net-misc/wget: 40 seconds
2020-05-16T14:47:11 >>> net-misc/wget: 40 seconds
2020-05-16T15:32:18 >>> net-misc/wget: 41 seconds
2020-05-19T23:50:12 >>> net-misc/wget: 18 seconds
2020-05-21T06:30:49 >>> net-misc/wget: 6 seconds
2020-05-23T15:35:08 >>> net-misc/wget: 1 minute, 1 second
2020-05-25T22:25:16 >>> net-misc/wget: 1 minute, 4 seconds
2020-05-26T14:26:19 >>> net-misc/wget: 11 seconds
]0;emerge 02:03:29 379|647 wget 00:45 (root@ryzen.gnum.org)kemerge 02:03:29 379|647 wget 00:45 (root@ryzen.gnum.org)\>>> Extracting net-misc/wget-1.20.3-r3
 * checking 4 files for package collisions
>>> Merging net-misc/wget-1.20.3-r3 to /
 * removing unneeded *.la files
--- /etc/
>>> /etc/wgetrc
--- /usr/
--- /usr/share/
--- /usr/share/man/
--- /usr/share/man/man1/
>>> /usr/share/man/man1/wget.1.bz2
--- /usr/share/info/
>>> /usr/share/info/wget.info.bz2
--- /usr/bin/
>>> /usr/bin/wget
>>> Safely unmerging already-installed instance...
>>> Original instance of package unmerged safely.
>>> net-misc/wget-1.20.3-r3 merged.
