 * Package:    net-p2p/qbittorrent-4.2.5
 * Repository: gentoo
 * Maintainer: zlogene@gentoo.org
 * USE:        X abi_x86_64 amd64 dbus elibc_glibc kernel_linux userland_GNU
 * FEATURES:   ccache network-sandbox preserve-libs sandbox userpriv usersandbox
 * /etc/portage/package.cflags/ltoworkarounds.conf -> */*: *FLAGS+=-Wl,-O4 *FLAGS-=-Wl,-O1
 * FEATURES='assume-digests binpkg-docompress binpkg-dostrip binpkg-logs binpkg-multi-instance buildpkg ccache cgroup compress-index config-protect-if-modified distlocks fixlafiles ipc-sandbox merge-sync multilib-strict network-sandbox news nodoc parallel-fetch parallel-install pid-sandbox preserve-libs qa-unresolved-soname-deps sandbox sfperms strict unknown-features-warn unmerge-logs unmerge-orphans userfetch userpriv usersandbox usersync xattr'
 * CFLAGS='-march=znver2 -pipe -g0 -O3 -fgraphite-identity -floop-nest-optimize -fdevirtualize-at-ltrans -fipa-pta -fno-semantic-interposition -flto=12 -fno-plt -fno-signed-zeros -fno-trapping-math -fassociative-math -freciprocal-math -fno-math-errno -ffinite-math-only -fno-rounding-math -fno-signaling-nans -fcx-limited-range -fexcess-precision=fast -falign-functions=32 -fno-stack-protector -fno-stack-clash-protection -fstack-check=no -fno-stack-check -fuse-linker-plugin -Wl,-O4 -Wl,--as-needed -Wl,-lpthread -Wl,-lgomp -Wl,-z,norelro -Wl,-z,now -Wl,--sort-common -s'
 * CXXFLAGS='-march=znver2 -pipe -g0 -O3 -fgraphite-identity -floop-nest-optimize -fdevirtualize-at-ltrans -fipa-pta -fno-semantic-interposition -flto=12 -fno-plt -fno-signed-zeros -fno-trapping-math -fassociative-math -freciprocal-math -fno-math-errno -ffinite-math-only -fno-rounding-math -fno-signaling-nans -fcx-limited-range -fexcess-precision=fast -falign-functions=32 -fno-stack-protector -fno-stack-clash-protection -fstack-check=no -fno-stack-check -fuse-linker-plugin -Wl,-O4 -Wl,--as-needed -Wl,-lpthread -Wl,-lgomp -Wl,-z,norelro -Wl,-z,now -Wl,--sort-common -s'
 * FFLAGS='-march=znver2 -pipe -g0 -O3 -fgraphite-identity -floop-nest-optimize -fdevirtualize-at-ltrans -fipa-pta -fno-semantic-interposition -flto=12 -fno-plt -fno-signed-zeros -fno-trapping-math -fassociative-math -freciprocal-math -fno-math-errno -ffinite-math-only -fno-rounding-math -fno-signaling-nans -fcx-limited-range -fexcess-precision=fast -falign-functions=32 -fno-stack-protector -fno-stack-clash-protection -fstack-check=no -fno-stack-check -fuse-linker-plugin -Wl,-O4 -Wl,--as-needed -Wl,-lpthread -Wl,-lgomp -Wl,-z,norelro -Wl,-z,now -Wl,--sort-common -s'
 * FCFLAGS='-march=znver2 -pipe -g0 -O3 -fgraphite-identity -floop-nest-optimize -fdevirtualize-at-ltrans -fipa-pta -fno-semantic-interposition -flto=12 -fno-plt -fno-signed-zeros -fno-trapping-math -fassociative-math -freciprocal-math -fno-math-errno -ffinite-math-only -fno-rounding-math -fno-signaling-nans -fcx-limited-range -fexcess-precision=fast -falign-functions=32 -fno-stack-protector -fno-stack-clash-protection -fstack-check=no -fno-stack-check -fuse-linker-plugin -Wl,-O4 -Wl,--as-needed -Wl,-lpthread -Wl,-lgomp -Wl,-z,norelro -Wl,-z,now -Wl,--sort-common -s'
 * F77FLAGS='-march=znver2 -pipe -g0 -O3 -fgraphite-identity -floop-nest-optimize -fdevirtualize-at-ltrans -fipa-pta -fno-semantic-interposition -flto=12 -fno-plt -fno-signed-zeros -fno-trapping-math -fassociative-math -freciprocal-math -fno-math-errno -ffinite-math-only -fno-rounding-math -fno-signaling-nans -fcx-limited-range -fexcess-precision=fast -falign-functions=32 -fno-stack-protector -fno-stack-clash-protection -fstack-check=no -fno-stack-check -fuse-linker-plugin -Wl,-O4 -Wl,--as-needed -Wl,-lpthread -Wl,-lgomp -Wl,-z,norelro -Wl,-z,now -Wl,--sort-common -s'
 * LDFLAGS='-march=znver2 -pipe -g0 -O3 -fgraphite-identity -floop-nest-optimize -fdevirtualize-at-ltrans -fipa-pta -fno-semantic-interposition -flto=12 -fno-plt -fno-signed-zeros -fno-trapping-math -fassociative-math -freciprocal-math -fno-math-errno -ffinite-math-only -fno-rounding-math -fno-signaling-nans -fcx-limited-range -fexcess-precision=fast -falign-functions=32 -fno-stack-protector -fno-stack-clash-protection -fstack-check=no -fno-stack-check -fuse-linker-plugin -Wl,-O4 -Wl,--as-needed -Wl,-lpthread -Wl,-lgomp -Wl,-z,norelro -Wl,-z,now -Wl,--sort-common -s'
 * MAKEOPTS='-j12 -l12'
 * gcc () 11.0.0 20200601 (experimental)
 * g++ () 11.0.0 20200601 (experimental)
 * GNU ld (Gentoo 2.34 p4) 2.34.0
 * Linux ryzen.gnum.org 5.4.36 #1 SMP Thu Apr 30 04:38:28 UTC 2020 x86_64 AMD Ryzen 5 3600 6-Core Processor AuthenticAMD GNU/Linux
net-p2p/qbittorrent: 1 minute, 36 seconds average for 3 merges
2020-05-20T08:57:54 >>> net-p2p/qbittorrent: 1 minute, 29 seconds
2020-05-20T13:21:46 >>> net-p2p/qbittorrent: 8 seconds
2020-05-31T00:22:40 >>> net-p2p/qbittorrent: 3 minutes, 12 seconds
]0;emerge 10:30:21 1105|1172 qbittorrent 01:36 (root@ryzen.gnum.org)kemerge 10:30:21 1105|1172 qbittorrent 01:36 (root@ryzen.gnum.org)\>>> Unpacking source...
>>> Unpacking qbittorrent-4.2.5.tar.gz to /tmp/portage/net-p2p/qbittorrent-4.2.5/work
>>> Source unpacked in /tmp/portage/net-p2p/qbittorrent-4.2.5/work
>>> Preparing source in /tmp/portage/net-p2p/qbittorrent-4.2.5/work/qBittorrent-release-4.2.5 ...
>>> Source prepared.
>>> Configuring source in /tmp/portage/net-p2p/qbittorrent-4.2.5/work/qBittorrent-release-4.2.5 ...
 * econf: updating qBittorrent-release-4.2.5/build-aux/config.guess with /usr/share/gnuconfig/config.guess
 * econf: updating qBittorrent-release-4.2.5/build-aux/config.sub with /usr/share/gnuconfig/config.sub
./configure --prefix=/usr --build=x86_64-pc-linux-gnu --host=x86_64-pc-linux-gnu --mandir=/usr/share/man --infodir=/usr/share/info --datadir=/usr/share --sysconfdir=/etc --localstatedir=/var/lib --disable-dependency-tracking --disable-silent-rules --docdir=/usr/share/doc/qbittorrent-4.2.5 --htmldir=/usr/share/doc/qbittorrent-4.2.5/html --libdir=/usr/lib64 --enable-qt-dbus --disable-debug --disable-webui --enable-gui
checking for x86_64-pc-linux-gnu-gcc... x86_64-pc-linux-gnu-gcc
checking whether the C compiler works... yes
checking for C compiler default output file name... a.out
checking for suffix of executables... 
checking whether we are cross compiling... no
checking for suffix of object files... o
checking whether we are using the GNU C compiler... yes
checking whether x86_64-pc-linux-gnu-gcc accepts -g... yes
checking for x86_64-pc-linux-gnu-gcc option to accept ISO C89... none needed
checking whether x86_64-pc-linux-gnu-gcc understands -c and -o together... yes
checking for x86_64-pc-linux-gnu-g++... x86_64-pc-linux-gnu-g++
checking whether we are using the GNU C++ compiler... yes
checking whether x86_64-pc-linux-gnu-g++ accepts -g... yes
checking for a sed that does not truncate output... /bin/sed
checking build system type... x86_64-pc-linux-gnu
checking host system type... x86_64-pc-linux-gnu
checking for a BSD-compatible install... /tmp/portage/._portage_reinstall_.fkxx96qe/bin/ebuild-helpers/xattr/install -c
checking whether build environment is sane... yes
checking for a thread-safe mkdir -p... /bin/mkdir -p
checking for gawk... gawk
checking whether make sets $(MAKE)... yes
checking whether make supports the include directive... yes (GNU style)
checking whether make supports nested variables... yes
checking dependency style of x86_64-pc-linux-gnu-gcc... none
checking dependency style of x86_64-pc-linux-gnu-g++... none
checking whether OS is FreeBSD... no
checking whether OS is macOS... no
checking for x86_64-pc-linux-gnu-pkg-config... /usr/bin/x86_64-pc-linux-gnu-pkg-config
checking pkg-config is at least version 0.23... yes
checking whether to enable the Debug build... no
checking whether to enable the stacktrace feature... yes
checking whether to enable the GUI... yes
checking whether to install the systemd service file... no
checking whether to enable the WebUI... no
checking for Qt5 qmake >= 5.9.0... /usr/lib64/qt5/bin/qmake
checking for Qt5Svg... yes
checking whether QtDBus should be enabled... yes
checking for Qt5DBus >= 5.9.0... found
checking for boostlib >= 1.40 (104000)... yes
configure: Boost CXXFLAGS: "-I/usr/include"
configure: Boost LDFLAGS: "-L/usr/lib64"
checking whether the Boost::System library is available... yes
checking for exit in -lboost_system... yes
configure: Boost.System LIB: "-lboost_system"
checking for libtorrent... yes
checking for openssl... yes
checking for zlib... yes
checking if compiler defaults to C++14 or later mode... yes
checking that generated files are newer than configure... done
configure: creating ./config.status
config.status: creating conf.pri
config.status: executing depfiles commands
configure: Running qmake to generate the makefile...
Info: creating stash file /tmp/portage/net-p2p/qbittorrent-4.2.5/work/qBittorrent-release-4.2.5/.qmake.stash
Reading /tmp/portage/net-p2p/qbittorrent-4.2.5/work/qBittorrent-release-4.2.5/src/src.pro
Project MESSAGE: Project is built in RELEASE mode.
Project MESSAGE: Disabling debug output.

configure: Good, the configure finished.

>>> Source configured.
>>> Compiling source in /tmp/portage/net-p2p/qbittorrent-4.2.5/work/qBittorrent-release-4.2.5 ...
make -j12 -l12 
cd src/ && ( test -e Makefile || /usr/lib64/qt5/bin/qmake -o Makefile /tmp/portage/net-p2p/qbittorrent-4.2.5/work/qBittorrent-release-4.2.5/src/src.pro QMAKE_LRELEASE= ) && make -f Makefile 
make[1]: Entering directory '/tmp/portage/net-p2p/qbittorrent-4.2.5/work/qBittorrent-release-4.2.5/src'
lrelease lang/qbittorrent_ar.ts
lrelease lang/qbittorrent_be.ts
lrelease lang/qbittorrent_bg.ts
lrelease lang/qbittorrent_eo.ts
lrelease lang/qbittorrent_en_GB.ts
lrelease lang/qbittorrent_eu.ts
lrelease lang/qbittorrent_fi.ts
lrelease lang/qbittorrent_es.ts
lrelease lang/qbittorrent_gl.ts
lrelease lang/qbittorrent_hi_IN.ts
lrelease lang/qbittorrent_hr.ts
lrelease lang/qbittorrent_hu.ts
lrelease lang/qbittorrent_hy.ts
lrelease lang/qbittorrent_id.ts
lrelease lang/qbittorrent_is.ts
lrelease lang/qbittorrent_it.ts
lrelease lang/qbittorrent_ja.ts
lrelease lang/qbittorrent_ka.ts
lrelease lang/qbittorrent_ko.ts
lrelease lang/qbittorrent_lt.ts
lrelease lang/qbittorrent_lv_LV.ts
lrelease lang/qbittorrent_ms_MY.ts
lrelease lang/qbittorrent_nb.ts
lrelease lang/qbittorrent_nl.ts
lrelease lang/qbittorrent_oc.ts
lrelease lang/qbittorrent_pl.ts
lrelease lang/qbittorrent_pt_BR.ts
lrelease lang/qbittorrent_pt_PT.ts
lrelease lang/qbittorrent_ro.ts
lrelease lang/qbittorrent_ru.ts
lrelease lang/qbittorrent_sk.ts
lrelease lang/qbittorrent_sl.ts
lrelease lang/qbittorrent_sr.ts
lrelease lang/qbittorrent_sv.ts
lrelease lang/qbittorrent_tr.ts
lrelease lang/qbittorrent_uk.ts
lrelease lang/qbittorrent_uz@Latn.ts
lrelease lang/qbittorrent_vi.ts
lrelease lang/qbittorrent_zh.ts
lrelease lang/qbittorrent_zh_HK.ts
lrelease lang/qbittorrent_zh_TW.ts
uic gui/properties/peersadditiondialog.ui
uic gui/properties/propertieswidget.ui
uic gui/properties/trackersadditiondialog.ui
uic gui/aboutdialog.ui
uic gui/addnewtorrentdialog.ui
uic gui/autoexpandabledialog.ui
uic gui/banlistoptionsdialog.ui
uic gui/cookiesdialog.ui
uic gui/downloadfromurldialog.ui
uic gui/deletionconfirmationdialog.ui
uic gui/executionlogwidget.ui
uic gui/ipsubnetwhitelistoptionsdialog.ui
uic gui/mainwindow.ui
lrelease lang/qbittorrent_he.ts
uic gui/previewselectdialog.ui
uic gui/rss/automatedrssdownloader.ui
uic gui/rss/rsswidget.ui
uic gui/search/pluginselectdialog.ui
uic gui/search/pluginsourcedialog.ui
uic gui/search/searchjobwidget.ui
uic gui/search/searchwidget.ui
uic gui/shutdownconfirmdialog.ui
uic gui/speedlimitdialog.ui
uic gui/statsdialog.ui
uic gui/torrentcategorydialog.ui
uic gui/torrentcreatordialog.ui
uic gui/trackerentriesdialog.ui
uic gui/updownratiodialog.ui
compiling app/application.cpp
compiling app/applicationinstancemanager.cpp
compiling app/cmdoptions.cpp
compiling app/filelogger.cpp
app/cmdoptions.cpp: In function ‘QString makeUsage(const QString&)’:
app/cmdoptions.cpp:568:15: warning: ‘QTextStream& QTextStreamFunctions::flush(QTextStream&)’ is deprecated: Use Qt::flush [-Wdeprecated-declarations]
  568 |     stream << flush;
      |               ^~~~~
In file included from /usr/include/qt5/QtCore/qdebug.h:49,
                 from /usr/include/qt5/QtCore/QDebug:1,
                 from app/cmdoptions.cpp:35:
/usr/include/qt5/QtCore/qtextstream.h:294:76: note: declared here
  294 | Q_CORE_EXPORT QT_DEPRECATED_VERSION_X(5, 15, "Use Qt::flush") QTextStream &flush(QTextStream &s);
      |                                                                            ^~~~~
app/cmdoptions.cpp:568:15: warning: ‘QTextStream& QTextStreamFunctions::flush(QTextStream&)’ is deprecated: Use Qt::flush [-Wdeprecated-declarations]
  568 |     stream << flush;
      |               ^~~~~
In file included from /usr/include/qt5/QtCore/qdebug.h:49,
                 from /usr/include/qt5/QtCore/QDebug:1,
                 from app/cmdoptions.cpp:35:
/usr/include/qt5/QtCore/qtextstream.h:294:76: note: declared here
  294 | Q_CORE_EXPORT QT_DEPRECATED_VERSION_X(5, 15, "Use Qt::flush") QTextStream &flush(QTextStream &s);
      |                                                                            ^~~~~
uic gui/optionsdialog.ui
compiling app/main.cpp
compiling app/qtlocalpeer/qtlocalpeer.cpp
lrelease lang/qbittorrent_fr.ts
compiling app/upgrade.cpp
compiling base/asyncfilestorage.cpp
compiling base/bittorrent/downloadpriority.cpp
app/application.cpp: In member function ‘void Application::processMessage(const QString&)’:
app/application.cpp:302:87: warning: ‘QStringList QString::split(QChar, QString::SplitBehavior, Qt::CaseSensitivity) const’ is deprecated: Use Qt::SplitBehavior variant instead [-Wdeprecated-declarations]
  302 |     const QStringList params = message.split(PARAMS_SEPARATOR, QString::SkipEmptyParts);
      |                                                                                       ^
In file included from /usr/include/qt5/QtCore/qhashfunctions.h:44,
                 from /usr/include/qt5/QtCore/qlist.h:47,
                 from /usr/include/qt5/QtCore/qhash.h:46,
                 from /usr/include/qt5/QtCore/qshareddata.h:46,
                 from /usr/include/qt5/QtCore/qsharedpointer.h:45,
                 from /usr/include/qt5/QtCore/qpointer.h:43,
                 from /usr/include/qt5/QtCore/QPointer:1,
                 from app/application.h:32,
                 from app/application.cpp:30:
/usr/include/qt5/QtCore/qstring.h:610:17: note: declared here
  610 |     QStringList split(QChar sep, SplitBehavior behavior,
      |                 ^~~~~
app/application.cpp: In member function ‘void Application::runExternalProgram(const BitTorrent::TorrentHandle*) const’:
app/application.cpp:390:36: warning: ‘static bool QProcess::startDetached(const QString&)’ is deprecated: Use QProcess::startDetached(const QString &program, const QStringList &arguments) instead [-Wdeprecated-declarations]
  390 |     QProcess::startDetached(program);
      |                                    ^
In file included from /usr/include/qt5/QtCore/QProcess:1,
                 from app/application.cpp:50:
/usr/include/qt5/QtCore/qprocess.h:278:17: note: declared here
  278 |     static bool startDetached(const QString &command);
      |                 ^~~~~~~~~~~~~
compiling base/bittorrent/infohash.cpp
compiling base/bittorrent/magneturi.cpp
compiling base/bittorrent/private/filterparserthread.cpp
compiling base/bittorrent/private/nativesessionextension.cpp
compiling base/bittorrent/private/nativetorrentextension.cpp
compiling base/bittorrent/private/bandwidthscheduler.cpp
compiling base/bittorrent/peerinfo.cpp
compiling base/bittorrent/peeraddress.cpp
lrelease lang/qbittorrent_en_AU.ts
compiling base/bittorrent/private/portforwarderimpl.cpp
compiling base/bittorrent/private/resumedatasavingmanager.cpp
lrelease lang/qbittorrent_en.ts
compiling base/bittorrent/private/speedmonitor.cpp
compiling base/bittorrent/private/statistics.cpp
compiling base/bittorrent/session.cpp
lrelease lang/qbittorrent_el.ts
compiling base/bittorrent/torrentcreatorthread.cpp
compiling base/bittorrent/torrenthandle.cpp
compiling base/bittorrent/torrenthandleimpl.cpp
compiling base/bittorrent/torrentinfo.cpp
lrelease lang/qbittorrent_de.ts
compiling base/bittorrent/tracker.cpp
base/bittorrent/torrenthandleimpl.cpp: In member function ‘void BitTorrent::TorrentHandleImpl::handleFileRenamedAlert(const libtorrent::file_renamed_alert*)’:
base/bittorrent/torrenthandleimpl.cpp:1701:89: warning: ‘QVector<QStringRef> QString::splitRef(QChar, QString::SplitBehavior, Qt::CaseSensitivity) const’ is deprecated: Use Qt::SplitBehavior variant instead [-Wdeprecated-declarations]
 1701 |     QVector<QStringRef> oldPathParts = oldFilePath.splitRef('/', QString::SkipEmptyParts);
      |                                                                                         ^
In file included from /usr/include/qt5/QtCore/qdatetime.h:44,
                 from /usr/include/qt5/QtCore/QDateTime:1,
                 from base/bittorrent/torrenthandleimpl.h:38,
                 from base/bittorrent/torrenthandleimpl.cpp:30:
/usr/include/qt5/QtCore/qstring.h:613:25: note: declared here
  613 |     QVector<QStringRef> splitRef(QChar sep, SplitBehavior behavior,
      |                         ^~~~~~~~
base/bittorrent/torrenthandleimpl.cpp:1703:89: warning: ‘QVector<QStringRef> QString::splitRef(QChar, QString::SplitBehavior, Qt::CaseSensitivity) const’ is deprecated: Use Qt::SplitBehavior variant instead [-Wdeprecated-declarations]
 1703 |     QVector<QStringRef> newPathParts = newFilePath.splitRef('/', QString::SkipEmptyParts);
      |                                                                                         ^
In file included from /usr/include/qt5/QtCore/qdatetime.h:44,
                 from /usr/include/qt5/QtCore/QDateTime:1,
                 from base/bittorrent/torrenthandleimpl.h:38,
                 from base/bittorrent/torrenthandleimpl.cpp:30:
/usr/include/qt5/QtCore/qstring.h:613:25: note: declared here
  613 |     QVector<QStringRef> splitRef(QChar sep, SplitBehavior behavior,
      |                         ^~~~~~~~
base/bittorrent/session.cpp: In constructor ‘BitTorrent::Session::Session(QObject*)’:
base/bittorrent/session.cpp:549:29: warning: ‘QNetworkConfigurationManager’ is deprecated [-Wdeprecated-declarations]
  549 |     , m_networkManager {new QNetworkConfigurationManager {this}}
      |                             ^~~~~~~~~~~~~~~~~~~~~~~~~~~~
In file included from /usr/include/qt5/QtNetwork/QNetworkConfigurationManager:1,
                 from base/bittorrent/session.cpp:67:
/usr/include/qt5/QtNetwork/qnetworkconfigmanager.h:59:56: note: declared here
   59 | class QT_DEPRECATED_BEARER_MANAGEMENT Q_NETWORK_EXPORT QNetworkConfigurationManager : public QObject
      |                                                        ^~~~~~~~~~~~~~~~~~~~~~~~~~~~
base/bittorrent/session.cpp:593:62: warning: ‘QNetworkConfigurationManager’ is deprecated [-Wdeprecated-declarations]
  593 |     connect(m_networkManager, &QNetworkConfigurationManager::onlineStateChanged, this, &Session::networkOnlineStateChanged);
      |                                                              ^~~~~~~~~~~~~~~~~~
In file included from /usr/include/qt5/QtNetwork/QNetworkConfigurationManager:1,
                 from base/bittorrent/session.cpp:67:
/usr/include/qt5/QtNetwork/qnetworkconfigmanager.h:59:56: note: declared here
   59 | class QT_DEPRECATED_BEARER_MANAGEMENT Q_NETWORK_EXPORT QNetworkConfigurationManager : public QObject
      |                                                        ^~~~~~~~~~~~~~~~~~~~~~~~~~~~
base/bittorrent/session.cpp:594:62: warning: ‘QNetworkConfigurationManager’ is deprecated [-Wdeprecated-declarations]
  594 |     connect(m_networkManager, &QNetworkConfigurationManager::configurationAdded, this, &Session::networkConfigurationChange);
      |                                                              ^~~~~~~~~~~~~~~~~~
In file included from /usr/include/qt5/QtNetwork/QNetworkConfigurationManager:1,
                 from base/bittorrent/session.cpp:67:
/usr/include/qt5/QtNetwork/qnetworkconfigmanager.h:59:56: note: declared here
   59 | class QT_DEPRECATED_BEARER_MANAGEMENT Q_NETWORK_EXPORT QNetworkConfigurationManager : public QObject
      |                                                        ^~~~~~~~~~~~~~~~~~~~~~~~~~~~
base/bittorrent/session.cpp:595:62: warning: ‘QNetworkConfigurationManager’ is deprecated [-Wdeprecated-declarations]
  595 |     connect(m_networkManager, &QNetworkConfigurationManager::configurationRemoved, this, &Session::networkConfigurationChange);
      |                                                              ^~~~~~~~~~~~~~~~~~~~
In file included from /usr/include/qt5/QtNetwork/QNetworkConfigurationManager:1,
                 from base/bittorrent/session.cpp:67:
/usr/include/qt5/QtNetwork/qnetworkconfigmanager.h:59:56: note: declared here
   59 | class QT_DEPRECATED_BEARER_MANAGEMENT Q_NETWORK_EXPORT QNetworkConfigurationManager : public QObject
      |                                                        ^~~~~~~~~~~~~~~~~~~~~~~~~~~~
base/bittorrent/session.cpp:596:62: warning: ‘QNetworkConfigurationManager’ is deprecated [-Wdeprecated-declarations]
  596 |     connect(m_networkManager, &QNetworkConfigurationManager::configurationChanged, this, &Session::networkConfigurationChange);
      |                                                              ^~~~~~~~~~~~~~~~~~~~
In file included from /usr/include/qt5/QtNetwork/QNetworkConfigurationManager:1,
                 from base/bittorrent/session.cpp:67:
/usr/include/qt5/QtNetwork/qnetworkconfigmanager.h:59:56: note: declared here
   59 | class QT_DEPRECATED_BEARER_MANAGEMENT Q_NETWORK_EXPORT QNetworkConfigurationManager : public QObject
      |                                                        ^~~~~~~~~~~~~~~~~~~~~~~~~~~~
compiling base/http/responsegenerator.cpp
compiling base/http/server.cpp
compiling base/http/responsebuilder.cpp
compiling base/http/requestparser.cpp
compiling base/http/httperror.cpp
compiling base/iconprovider.cpp
compiling base/http/connection.cpp
compiling base/logger.cpp
In file included from base/http/server.cpp:42:
./base/algorithm.h: In instantiation of ‘void Algorithm::removeIf(T&, UnaryPredicate&&) [with T = QSet<Http::Connection*>; UnaryPredicate = Http::Server::dropTimedOutConnection()::<lambda(Http::Connection*)>; typename std::enable_if<(! Algorithm::HasMappedType<T>::value), int>::type <anonymous> = 0]’:
base/http/server.cpp:129:6:   required from here
./base/algorithm.h:67:48: warning: ‘QSet<T>::iterator QSet<T>::iterator::operator+(int) const [with T = Http::Connection*]’ is deprecated [-Wdeprecated-declarations]
   67 |             it = (p(*it) ? set.erase(it) : (it + 1));
      |                                            ~~~~^~~~
In file included from /usr/include/qt5/QtCore/QSet:1,
                 from base/http/server.h:34,
                 from base/http/server.cpp:31:
/usr/include/qt5/QtCore/qset.h:138:52: note: declared here
  138 |         inline QT_DEPRECATED_VERSION_5_15 iterator operator+(int j) const { return i + j; }
      |                                                    ^~~~~~~~
compiling base/net/dnsupdater.cpp
base/http/requestparser.cpp: In member function ‘bool Http::RequestParser::parseStartLines(const QString&)’:
base/http/requestparser.cpp:142:82: warning: ‘QVector<QStringRef> QString::splitRef(const QString&, QString::SplitBehavior, Qt::CaseSensitivity) const’ is deprecated: Use Qt::SplitBehavior variant instead [-Wdeprecated-declarations]
  142 |     const QVector<QStringRef> lines = data.splitRef(CRLF, QString::SkipEmptyParts);
      |                                                                                  ^
In file included from /usr/include/qt5/QtNetwork/qhostaddress.h:46,
                 from /usr/include/qt5/QtNetwork/QHostAddress:1,
                 from base/http/types.h:33,
                 from base/http/requestparser.h:34,
                 from base/http/requestparser.cpp:31:
/usr/include/qt5/QtCore/qstring.h:607:25: note: declared here
  607 |     QVector<QStringRef> splitRef(const QString &sep, SplitBehavior behavior,
      |                         ^~~~~~~~
base/http/requestparser.cpp: In member function ‘bool Http::RequestParser::parseFormData(const QByteArray&)’:
base/http/requestparser.cpp:291:91: warning: ‘QVector<QStringRef> QString::splitRef(const QString&, QString::SplitBehavior, Qt::CaseSensitivity) const’ is deprecated: Use Qt::SplitBehavior variant instead [-Wdeprecated-declarations]
  291 |     const QVector<QStringRef> headerLines = headers.splitRef(CRLF, QString::SkipEmptyParts);
      |                                                                                           ^
In file included from /usr/include/qt5/QtNetwork/qhostaddress.h:46,
                 from /usr/include/qt5/QtNetwork/QHostAddress:1,
                 from base/http/types.h:33,
                 from base/http/requestparser.h:34,
                 from base/http/requestparser.cpp:31:
/usr/include/qt5/QtCore/qstring.h:607:25: note: declared here
  607 |     QVector<QStringRef> splitRef(const QString &sep, SplitBehavior behavior,
      |                         ^~~~~~~~
base/http/requestparser.cpp:295:91: warning: ‘QVector<QStringRef> QStringRef::split(QChar, QString::SplitBehavior, Qt::CaseSensitivity) const’ is deprecated: Use Qt::SplitBehavior variant instead [-Wdeprecated-declarations]
  295 |             const QVector<QStringRef> directives = line.split(';', QString::SkipEmptyParts);
      |                                                                                           ^
In file included from /usr/include/qt5/QtNetwork/qhostaddress.h:46,
                 from /usr/include/qt5/QtNetwork/QHostAddress:1,
                 from base/http/types.h:33,
                 from base/http/requestparser.h:34,
                 from base/http/requestparser.cpp:31:
/usr/include/qt5/QtCore/qstring.h:1663:25: note: declared here
 1663 |     QVector<QStringRef> split(QChar sep, QString::SplitBehavior behavior,
      |                         ^~~~~
compiling base/net/downloadmanager.cpp
compiling base/net/geoipmanager.cpp
compiling base/filesystemwatcher.cpp
compiling base/exceptions.cpp
base/http/connection.cpp: In static member function ‘static bool Http::Connection::acceptsGzipEncoding(QString)’:
base/http/connection.cpp:157:108: warning: ‘QVector<QStringRef> QString::splitRef(QChar, QString::SplitBehavior, Qt::CaseSensitivity) const’ is deprecated: Use Qt::SplitBehavior variant instead [-Wdeprecated-declarations]
  157 |     const QVector<QStringRef> list = codings.remove(' ').remove('\t').splitRef(',', QString::SkipEmptyParts);
      |                                                                                                            ^
In file included from /usr/include/qt5/QtCore/qobject.h:47,
                 from /usr/include/qt5/QtCore/QObject:1,
                 from base/http/connection.h:35,
                 from base/http/connection.cpp:31:
/usr/include/qt5/QtCore/qstring.h:613:25: note: declared here
  613 |     QVector<QStringRef> splitRef(QChar sep, SplitBehavior behavior,
      |                         ^~~~~~~~
compiling base/net/portforwarder.cpp
compiling base/bittorrent/trackerentry.cpp
compiling base/net/private/geoipdatabase.cpp
compiling base/net/private/downloadhandlerimpl.cpp
compiling base/net/proxyconfigurationmanager.cpp
compiling base/net/reverseresolution.cpp
compiling base/net/smtp.cpp
lrelease lang/qbittorrent_da.ts
lrelease lang/qbittorrent_cs.ts
compiling base/preferences.cpp
compiling base/private/profile_p.cpp
compiling base/profile.cpp
compiling base/rss/private/rss_parser.cpp
compiling base/rss/rss_article.cpp
compiling base/rss/rss_autodownloader.cpp
lrelease lang/qbittorrent_ca.ts
compiling base/rss/rss_autodownloadrule.cpp
compiling base/rss/rss_feed.cpp
compiling base/rss/rss_folder.cpp
compiling base/rss/rss_item.cpp
base/net/smtp.cpp: In constructor ‘Net::Smtp::Smtp(QObject*)’:
base/net/smtp.cpp:116:86: warning: ‘void QAbstractSocket::error(QAbstractSocket::SocketError)’ is deprecated: Use QAbstractSocket::errorOccurred(QAbstractSocket::SocketError) instead [-Wdeprecated-declarations]
  116 |     connect(m_socket, qOverload<QAbstractSocket::SocketError>(&QAbstractSocket::error)
      |                                                                                      ^
In file included from /usr/include/qt5/QtNetwork/QAbstractSocket:1,
                 from base/net/smtp.h:36,
                 from base/net/smtp.cpp:33:
/usr/include/qt5/QtNetwork/qabstractsocket.h:211:10: note: declared here
  211 |     void error(QAbstractSocket::SocketError);
      |          ^~~~~
base/net/smtp.cpp:116:86: warning: ‘void QAbstractSocket::error(QAbstractSocket::SocketError)’ is deprecated: Use QAbstractSocket::errorOccurred(QAbstractSocket::SocketError) instead [-Wdeprecated-declarations]
  116 |     connect(m_socket, qOverload<QAbstractSocket::SocketError>(&QAbstractSocket::error)
      |                                                                                      ^
In file included from /usr/include/qt5/QtNetwork/QAbstractSocket:1,
                 from base/net/smtp.h:36,
                 from base/net/smtp.cpp:33:
/usr/include/qt5/QtNetwork/qabstractsocket.h:211:10: note: declared here
  211 |     void error(QAbstractSocket::SocketError);
      |          ^~~~~
base/net/smtp.cpp: In member function ‘void Net::Smtp::authenticate()’:
base/net/smtp.cpp:412:95: warning: ‘QStringList QString::split(QChar, QString::SplitBehavior, Qt::CaseSensitivity) const’ is deprecated: Use Qt::SplitBehavior variant instead [-Wdeprecated-declarations]
  412 |     const QStringList auth = m_extensions["AUTH"].toUpper().split(' ', QString::SkipEmptyParts);
      |                                                                                               ^
In file included from /usr/include/qt5/QtCore/qobject.h:47,
                 from /usr/include/qt5/QtCore/qiodevice.h:45,
                 from /usr/include/qt5/QtNetwork/qabstractsocket.h:44,
                 from /usr/include/qt5/QtNetwork/QAbstractSocket:1,
                 from base/net/smtp.h:36,
                 from base/net/smtp.cpp:33:
/usr/include/qt5/QtCore/qstring.h:610:17: note: declared here
  610 |     QStringList split(QChar sep, SplitBehavior behavior,
      |                 ^~~~~
In file included from base/filesystemwatcher.cpp:39:
./base/algorithm.h: In instantiation of ‘void Algorithm::removeIf(T&, BinaryPredicate&&) [with T = QHash<QString, int>; BinaryPredicate = FileSystemWatcher::processPartialTorrents()::<lambda(const QString&, int&)>; typename std::enable_if<Algorithm::HasMappedType<T>::value, int>::type <anonymous> = 0]’:
base/filesystemwatcher.cpp:140:6:   required from here
./base/algorithm.h:57:66: warning: ‘QHash<K, V>::iterator QHash<K, V>::iterator::operator+(int) const [with Key = QString; T = int]’ is deprecated [-Wdeprecated-declarations]
   57 |             it = (p(it.key(), it.value()) ? dict.erase(it) : (it + 1));
      |                                                              ~~~~^~~~
In file included from /usr/include/qt5/QtCore/qshareddata.h:46,
                 from /usr/include/qt5/QtCore/qfileinfo.h:45,
                 from /usr/include/qt5/QtCore/qdir.h:44,
                 from /usr/include/qt5/QtCore/QDir:1,
                 from base/filesystemwatcher.h:32,
                 from base/filesystemwatcher.cpp:29:
/usr/include/qt5/QtCore/qhash.h:371:52: note: declared here
  371 |         inline QT_DEPRECATED_VERSION_5_15 iterator operator+(int j) const
      |                                                    ^~~~~~~~
base/rss/rss_autodownloadrule.cpp: In member function ‘bool RSS::AutoDownloadRule::matchesExpression(const QString&, const QString&) const’:
base/rss/rss_autodownloadrule.cpp:227:101: warning: ‘QStringList QString::split(const QRegularExpression&, QString::SplitBehavior) const’ is deprecated: Use Qt::SplitBehavior variant instead [-Wdeprecated-declarations]
  227 |     const QStringList wildcards {expression.split(whitespace, QString::SplitBehavior::SkipEmptyParts)};
      |                                                                                                     ^
In file included from /usr/include/qt5/QtCore/qhashfunctions.h:44,
                 from /usr/include/qt5/QtCore/qlist.h:47,
                 from /usr/include/qt5/QtCore/qhash.h:46,
                 from /usr/include/qt5/QtCore/qshareddata.h:46,
                 from /usr/include/qt5/QtCore/QSharedDataPointer:1,
                 from base/rss/rss_autodownloadrule.h:32,
                 from base/rss/rss_autodownloadrule.cpp:30:
/usr/include/qt5/QtCore/qstring.h:623:17: note: declared here
  623 |     QStringList split(const QRegularExpression &sep, SplitBehavior behavior) const;
      |                 ^~~~~
compiling base/utils/foreignapps.cpp
compiling base/utils/fs.cpp
compiling base/utils/bytearray.cpp
compiling base/utils/gzip.cpp
compiling base/utils/io.cpp
compiling base/utils/misc.cpp
compiling base/utils/net.cpp
base/utils/misc.cpp: In function ‘QString Utils::Misc::opensslVersionString()’:
base/utils/misc.cpp:473:57: warning: ‘QVector<QStringRef> QString::splitRef(QChar, QString::SplitBehavior, Qt::CaseSensitivity) const’ is deprecated: Use Qt::SplitBehavior variant instead [-Wdeprecated-declarations]
  473 |     return version.splitRef(' ', QString::SkipEmptyParts)[1].toString();
      |                                                         ^
In file included from /usr/include/qt5/QtCore/QString:1,
                 from base/utils/misc.h:39,
                 from base/utils/misc.cpp:29:
/usr/include/qt5/QtCore/qstring.h:613:25: note: declared here
  613 |     QVector<QStringRef> splitRef(QChar sep, SplitBehavior behavior,
      |                         ^~~~~~~~
compiling base/utils/password.cpp
compiling base/utils/random.cpp
compiling base/utils/string.cpp
compiling gui/powermanagement/powermanagement.cpp
compiling gui/powermanagement/powermanagement_x11.cpp
compiling gui/properties/downloadedpiecesbar.cpp
compiling base/tristatebool.cpp
compiling gui/properties/peerlistdelegate.cpp
compiling gui/properties/peerlistsortmodel.cpp
compiling gui/properties/peerlistwidget.cpp
compiling gui/properties/peersadditiondialog.cpp
compiling base/torrentfilter.cpp
compiling gui/properties/pieceavailabilitybar.cpp
compiling gui/properties/piecesbar.cpp
compiling base/torrentfileguard.cpp
compiling base/settingsstorage.cpp
compiling gui/properties/propertieswidget.cpp
compiling gui/properties/proplistdelegate.cpp
compiling base/search/searchpluginmanager.cpp
gui/properties/peerlistwidget.cpp: In member function ‘virtual void PeerListWidget::wheelEvent(QWheelEvent*)’:
gui/properties/peerlistwidget.cpp:453:45: warning: ‘QPoint QWheelEvent::pos() const’ is deprecated: Use position() [-Wdeprecated-declarations]
  453 |         QWheelEvent scrollHEvent(event->pos(), event->globalPos(), event->delta(), event->buttons(), event->modifiers(), Qt::Horizontal);
      |                                             ^
In file included from /usr/include/qt5/QtGui/QWheelEvent:1,
                 from gui/properties/peerlistwidget.cpp:44:
/usr/include/qt5/QtGui/qevent.h:225:19: note: declared here
  225 |     inline QPoint pos() const { return p.toPoint(); }
      |                   ^~~
gui/properties/peerlistwidget.cpp:453:65: warning: ‘QPoint QWheelEvent::globalPos() const’ is deprecated: Use globalPosition() [-Wdeprecated-declarations]
  453 |         QWheelEvent scrollHEvent(event->pos(), event->globalPos(), event->delta(), event->buttons(), event->modifiers(), Qt::Horizontal);
      |                                                                 ^
In file included from /usr/include/qt5/QtGui/QWheelEvent:1,
                 from gui/properties/peerlistwidget.cpp:44:
/usr/include/qt5/QtGui/qevent.h:227:19: note: declared here
  227 |     inline QPoint globalPos()   const { return g.toPoint(); }
      |                   ^~~~~~~~~
gui/properties/peerlistwidget.cpp:453:81: warning: ‘int QWheelEvent::delta() const’ is deprecated: Use angleDelta() [-Wdeprecated-declarations]
  453 |         QWheelEvent scrollHEvent(event->pos(), event->globalPos(), event->delta(), event->buttons(), event->modifiers(), Qt::Horizontal);
      |                                                                                 ^
In file included from /usr/include/qt5/QtGui/QWheelEvent:1,
                 from gui/properties/peerlistwidget.cpp:44:
/usr/include/qt5/QtGui/qevent.h:219:16: note: declared here
  219 |     inline int delta() const  { return qt4D; }
      |                ^~~~~
gui/properties/peerlistwidget.cpp:453:136: warning: ‘QWheelEvent::QWheelEvent(const QPointF&, const QPointF&, int, Qt::MouseButtons, Qt::KeyboardModifiers, Qt::Orientation)’ is deprecated: Use the last QWheelEvent constructor taking pixelDelta, angleDelta, phase, and inverted [-Wdeprecated-declarations]
  453 |         QWheelEvent scrollHEvent(event->pos(), event->globalPos(), event->delta(), event->buttons(), event->modifiers(), Qt::Horizontal);
      |                                                                                                                                        ^
In file included from /usr/include/qt5/QtGui/QWheelEvent:1,
                 from gui/properties/peerlistwidget.cpp:44:
/usr/include/qt5/QtGui/qevent.h:186:5: note: declared here
  186 |     QWheelEvent(const QPointF &pos, const QPointF& globalPos, int delta,
      |     ^~~~~~~~~~~
compiling gui/aboutdialog.cpp
compiling gui/addnewtorrentdialog.cpp
compiling gui/advancedsettings.cpp
compiling gui/autoexpandabledialog.cpp
compiling gui/qtnotify/notifications.cpp
compiling gui/properties/trackersadditiondialog.cpp
compiling gui/banlistoptionsdialog.cpp
compiling gui/properties/trackerlistwidget.cpp
compiling gui/properties/speedwidget.cpp
compiling gui/categoryfiltermodel.cpp
compiling gui/categoryfilterproxymodel.cpp
compiling gui/cookiesdialog.cpp
compiling gui/categoryfilterwidget.cpp
compiling gui/downloadfromurldialog.cpp
compiling gui/executionlogwidget.cpp
compiling gui/fspathedit.cpp
compiling gui/hidabletabwidget.cpp
compiling gui/ipsubnetwhitelistoptionsdialog.cpp
compiling gui/lineedit.cpp
compiling gui/log/logfiltermodel.cpp
compiling gui/log/loglistview.cpp
compiling gui/log/logmodel.cpp
compiling gui/mainwindow.cpp
compiling gui/optionsdialog.cpp
compiling gui/deletionconfirmationdialog.cpp
compiling gui/previewlistdelegate.cpp
compiling gui/previewselectdialog.cpp
compiling gui/cookiesmodel.cpp
compiling gui/private/fspathedit_p.cpp
compiling gui/private/tristatewidget.cpp
compiling gui/raisedmessagebox.cpp
gui/private/fspathedit_p.cpp: In member function ‘virtual QValidator::State Private::FileSystemPathValidator::validate(QString&, int&) const’:
gui/private/fspathedit_p.cpp:110:95: warning: ‘QVector<QStringRef> QString::splitRef(QChar, QString::SplitBehavior, Qt::CaseSensitivity) const’ is deprecated: Use Qt::SplitBehavior variant instead [-Wdeprecated-declarations]
  110 |     QVector<QStringRef> components = input.splitRef(QDir::separator(), QString::KeepEmptyParts);
      |                                                                                               ^
In file included from /usr/include/qt5/QtCore/qobject.h:47,
                 from /usr/include/qt5/QtWidgets/qwidget.h:45,
                 from /usr/include/qt5/QtWidgets/qcombobox.h:44,
                 from /usr/include/qt5/QtWidgets/QComboBox:1,
                 from gui/private/fspathedit_p.h:32,
                 from gui/private/fspathedit_p.cpp:29:
/usr/include/qt5/QtCore/qstring.h:613:25: note: declared here
  613 |     QVector<QStringRef> splitRef(QChar sep, SplitBehavior behavior,
      |                         ^~~~~~~~
compiling gui/rss/articlelistwidget.cpp
compiling gui/rss/automatedrssdownloader.cpp
compiling gui/rss/feedlistwidget.cpp
compiling gui/rss/htmlbrowser.cpp
gui/optionsdialog.cpp: In member function ‘void OptionsDialog::saveOptions()’:
gui/optionsdialog.cpp:716:156: warning: ‘QStringList QString::split(QChar, QString::SplitBehavior, Qt::CaseSensitivity) const’ is deprecated: Use Qt::SplitBehavior variant instead [-Wdeprecated-declarations]
  716 |     RSS::AutoDownloader::instance()->setSmartEpisodeFilters(m_ui->textSmartEpisodeFilters->toPlainText().split('\n', QString::SplitBehavior::SkipEmptyParts));
      |                                                                                                                                                            ^
In file included from /usr/include/qt5/QtCore/qobject.h:47,
                 from /usr/include/qt5/QtWidgets/qwidget.h:45,
                 from /usr/include/qt5/QtWidgets/qdialog.h:44,
                 from /usr/include/qt5/QtWidgets/QDialog:1,
                 from gui/optionsdialog.h:32,
                 from gui/optionsdialog.cpp:29:
/usr/include/qt5/QtCore/qstring.h:610:17: note: declared here
  610 |     QStringList split(QChar sep, SplitBehavior behavior,
      |                 ^~~~~
compiling gui/search/searchjobwidget.cpp
compiling gui/search/searchlistdelegate.cpp
compiling gui/search/pluginsourcedialog.cpp
compiling gui/search/pluginselectdialog.cpp
compiling gui/scanfoldersdelegate.cpp
compiling gui/rss/rsswidget.cpp
compiling gui/search/searchsortmodel.cpp
gui/search/searchsortmodel.cpp: In member function ‘void SearchSortModel::setNameFilter(const QString&)’:
gui/search/searchsortmodel.cpp:59:87: warning: ‘QStringList QString::split(QChar, QString::SplitBehavior, Qt::CaseSensitivity) const’ is deprecated: Use Qt::SplitBehavior variant instead [-Wdeprecated-declarations]
   59 |         m_searchTermWords = searchTerm.split(QLatin1Char(' '), QString::SkipEmptyParts);
      |                                                                                       ^
In file included from /usr/include/qt5/QtCore/qhashfunctions.h:44,
                 from /usr/include/qt5/QtCore/qlist.h:47,
                 from /usr/include/qt5/QtCore/qvariant.h:45,
                 from /usr/include/qt5/QtCore/qabstractitemmodel.h:43,
                 from /usr/include/qt5/QtCore/qabstractproxymodel.h:43,
                 from /usr/include/qt5/QtCore/qsortfilterproxymodel.h:43,
                 from /usr/include/qt5/QtCore/QSortFilterProxyModel:1,
                 from gui/search/searchsortmodel.h:32,
                 from gui/search/searchsortmodel.cpp:29:
/usr/include/qt5/QtCore/qstring.h:610:17: note: declared here
  610 |     QStringList split(QChar sep, SplitBehavior behavior,
      |                 ^~~~~
compiling gui/properties/speedplotview.cpp
compiling gui/search/searchwidget.cpp
compiling gui/shutdownconfirmdialog.cpp
compiling gui/speedlimitdialog.cpp
compiling gui/statsdialog.cpp
compiling gui/properties/proptabbar.cpp
compiling gui/statusbar.cpp
gui/search/searchwidget.cpp: In constructor ‘SearchWidget::SearchWidget(MainWindow*)’:
gui/search/searchwidget.cpp:102:39: warning: ‘QTextStream& QTextStreamFunctions::flush(QTextStream&)’ is deprecated: Use Qt::flush [-Wdeprecated-declarations]
  102 |            << "</p></body></html>" << flush;
      |                                       ^~~~~
In file included from /usr/include/qt5/QtCore/qdebug.h:49,
                 from /usr/include/qt5/QtCore/QDebug:1,
                 from gui/search/searchwidget.cpp:38:
/usr/include/qt5/QtCore/qtextstream.h:294:76: note: declared here
  294 | Q_CORE_EXPORT QT_DEPRECATED_VERSION_X(5, 15, "Use Qt::flush") QTextStream &flush(QTextStream &s);
      |                                                                            ^~~~~
gui/search/searchwidget.cpp:102:39: warning: ‘QTextStream& QTextStreamFunctions::flush(QTextStream&)’ is deprecated: Use Qt::flush [-Wdeprecated-declarations]
  102 |            << "</p></body></html>" << flush;
      |                                       ^~~~~
In file included from /usr/include/qt5/QtCore/qdebug.h:49,
                 from /usr/include/qt5/QtCore/QDebug:1,
                 from gui/search/searchwidget.cpp:38:
/usr/include/qt5/QtCore/qtextstream.h:294:76: note: declared here
  294 | Q_CORE_EXPORT QT_DEPRECATED_VERSION_X(5, 15, "Use Qt::flush") QTextStream &flush(QTextStream &s);
      |                                                                            ^~~~~
compiling gui/tagfiltermodel.cpp
compiling base/search/searchhandler.cpp
gui/properties/proptabbar.cpp: In constructor ‘PropTabBar::PropTabBar(QWidget*)’:
gui/properties/proptabbar.cpp:103:68: warning: ‘void QButtonGroup::buttonClicked(int)’ is deprecated: Use QButtonGroup::idClicked(int) instead [-Wdeprecated-declarations]
  103 |     connect(m_btnGroup, qOverload<int>(&QButtonGroup::buttonClicked)
      |                                                                    ^
In file included from /usr/include/qt5/QtWidgets/QButtonGroup:1,
                 from gui/properties/proptabbar.cpp:31:
/usr/include/qt5/QtWidgets/qbuttongroup.h:90:10: note: declared here
   90 |     void buttonClicked(int);
      |          ^~~~~~~~~~~~~
gui/properties/proptabbar.cpp:103:68: warning: ‘void QButtonGroup::buttonClicked(int)’ is deprecated: Use QButtonGroup::idClicked(int) instead [-Wdeprecated-declarations]
  103 |     connect(m_btnGroup, qOverload<int>(&QButtonGroup::buttonClicked)
      |                                                                    ^
In file included from /usr/include/qt5/QtWidgets/QButtonGroup:1,
                 from gui/properties/proptabbar.cpp:31:
/usr/include/qt5/QtWidgets/qbuttongroup.h:90:10: note: declared here
   90 |     void buttonClicked(int);
      |          ^~~~~~~~~~~~~
compiling gui/torrentcontentmodelitem.cpp
compiling gui/torrentcontenttreeview.cpp
compiling gui/torrentcreatordialog.cpp
compiling gui/trackerentriesdialog.cpp
compiling gui/torrentcontentmodelfolder.cpp
compiling gui/torrentcontentmodelfile.cpp
gui/torrentcreatordialog.cpp: In member function ‘void TorrentCreatorDialog::onCreateButtonClicked()’:
gui/torrentcreatordialog.cpp:182:80: warning: ‘QStringList QString::split(QChar, QString::SplitBehavior, Qt::CaseSensitivity) const’ is deprecated: Use Qt::SplitBehavior variant instead [-Wdeprecated-declarations]
  182 |         , m_ui->URLSeedsList->toPlainText().split('\n', QString::SkipEmptyParts)
      |                                                                                ^
In file included from /usr/include/qt5/QtCore/qobject.h:47,
                 from /usr/include/qt5/QtWidgets/qwidget.h:45,
                 from /usr/include/qt5/QtWidgets/qdialog.h:44,
                 from /usr/include/qt5/QtWidgets/QDialog:1,
                 from gui/torrentcreatordialog.h:33,
                 from gui/torrentcreatordialog.cpp:30:
/usr/include/qt5/QtCore/qstring.h:610:17: note: declared here
  610 |     QStringList split(QChar sep, SplitBehavior behavior,
      |                 ^~~~~
compiling gui/transferlistdelegate.cpp
compiling gui/transferlistfilterswidget.cpp
compiling gui/transferlistmodel.cpp
compiling gui/transferlistsortmodel.cpp
compiling gui/torrentcontentmodel.cpp
compiling gui/transferlistwidget.cpp
compiling gui/torrentcontentfiltermodel.cpp
gui/transferlistsortmodel.cpp: In member function ‘bool TransferListSortModel::lessThan_impl(const QModelIndex&, const QModelIndex&) const’:
gui/transferlistsortmodel.cpp:122:32: warning: ‘bool QVariant::operator<(const QVariant&) const’ is deprecated [-Wdeprecated-declarations]
  122 |             return leftValue < rightValue;
      |                                ^~~~~~~~~~
In file included from /usr/include/qt5/QtCore/qabstractitemmodel.h:43,
                 from /usr/include/qt5/QtCore/qabstractproxymodel.h:43,
                 from /usr/include/qt5/QtCore/qsortfilterproxymodel.h:43,
                 from /usr/include/qt5/QtCore/QSortFilterProxyModel:1,
                 from gui/transferlistsortmodel.h:31,
                 from gui/transferlistsortmodel.cpp:29:
/usr/include/qt5/QtCore/qvariant.h:467:31: note: declared here
  467 |     QT_DEPRECATED inline bool operator<(const QVariant &v) const
      |                               ^~~~~~~~
gui/transferlistsortmodel.cpp:146:30: warning: ‘bool QVariant::operator>(const QVariant&) const’ is deprecated [-Wdeprecated-declarations]
  146 |             if ((leftValue > 0) || (rightValue > 0)) {
      |                              ^
In file included from /usr/include/qt5/QtCore/qabstractitemmodel.h:43,
                 from /usr/include/qt5/QtCore/qabstractproxymodel.h:43,
                 from /usr/include/qt5/QtCore/qsortfilterproxymodel.h:43,
                 from /usr/include/qt5/QtCore/QSortFilterProxyModel:1,
                 from gui/transferlistsortmodel.h:31,
                 from gui/transferlistsortmodel.cpp:29:
/usr/include/qt5/QtCore/qvariant.h:471:31: note: declared here
  471 |     QT_DEPRECATED inline bool operator>(const QVariant &v) const
      |                               ^~~~~~~~
gui/transferlistsortmodel.cpp:146:50: warning: ‘bool QVariant::operator>(const QVariant&) const’ is deprecated [-Wdeprecated-declarations]
  146 |             if ((leftValue > 0) || (rightValue > 0)) {
      |                                                  ^
In file included from /usr/include/qt5/QtCore/qabstractitemmodel.h:43,
                 from /usr/include/qt5/QtCore/qabstractproxymodel.h:43,
                 from /usr/include/qt5/QtCore/qsortfilterproxymodel.h:43,
                 from /usr/include/qt5/QtCore/QSortFilterProxyModel:1,
                 from gui/transferlistsortmodel.h:31,
                 from gui/transferlistsortmodel.cpp:29:
/usr/include/qt5/QtCore/qvariant.h:471:31: note: declared here
  471 |     QT_DEPRECATED inline bool operator>(const QVariant &v) const
      |                               ^~~~~~~~
gui/transferlistsortmodel.cpp:147:34: warning: ‘bool QVariant::operator>(const QVariant&) const’ is deprecated [-Wdeprecated-declarations]
  147 |                 if ((leftValue > 0) && (rightValue > 0))
      |                                  ^
In file included from /usr/include/qt5/QtCore/qabstractitemmodel.h:43,
                 from /usr/include/qt5/QtCore/qabstractproxymodel.h:43,
                 from /usr/include/qt5/QtCore/qsortfilterproxymodel.h:43,
                 from /usr/include/qt5/QtCore/QSortFilterProxyModel:1,
                 from gui/transferlistsortmodel.h:31,
                 from gui/transferlistsortmodel.cpp:29:
/usr/include/qt5/QtCore/qvariant.h:471:31: note: declared here
  471 |     QT_DEPRECATED inline bool operator>(const QVariant &v) const
      |                               ^~~~~~~~
gui/transferlistsortmodel.cpp:147:54: warning: ‘bool QVariant::operator>(const QVariant&) const’ is deprecated [-Wdeprecated-declarations]
  147 |                 if ((leftValue > 0) && (rightValue > 0))
      |                                                      ^
In file included from /usr/include/qt5/QtCore/qabstractitemmodel.h:43,
                 from /usr/include/qt5/QtCore/qabstractproxymodel.h:43,
                 from /usr/include/qt5/QtCore/qsortfilterproxymodel.h:43,
                 from /usr/include/qt5/QtCore/QSortFilterProxyModel:1,
                 from gui/transferlistsortmodel.h:31,
                 from gui/transferlistsortmodel.cpp:29:
/usr/include/qt5/QtCore/qvariant.h:471:31: note: declared here
  471 |     QT_DEPRECATED inline bool operator>(const QVariant &v) const
      |                               ^~~~~~~~
gui/transferlistsortmodel.cpp:148:40: warning: ‘bool QVariant::operator<(const QVariant&) const’ is deprecated [-Wdeprecated-declarations]
  148 |                     return leftValue < rightValue;
      |                                        ^~~~~~~~~~
In file included from /usr/include/qt5/QtCore/qabstractitemmodel.h:43,
                 from /usr/include/qt5/QtCore/qabstractproxymodel.h:43,
                 from /usr/include/qt5/QtCore/qsortfilterproxymodel.h:43,
                 from /usr/include/qt5/QtCore/QSortFilterProxyModel:1,
                 from gui/transferlistsortmodel.h:31,
                 from gui/transferlistsortmodel.cpp:29:
/usr/include/qt5/QtCore/qvariant.h:467:31: note: declared here
  467 |     QT_DEPRECATED inline bool operator<(const QVariant &v) const
      |                               ^~~~~~~~
gui/transferlistsortmodel.cpp:177:37: warning: ‘bool QVariant::operator<(const QVariant&) const’ is deprecated [-Wdeprecated-declarations]
  177 |                 return (leftValue < rightValue);
      |                                     ^~~~~~~~~~
In file included from /usr/include/qt5/QtCore/qabstractitemmodel.h:43,
                 from /usr/include/qt5/QtCore/qabstractproxymodel.h:43,
                 from /usr/include/qt5/QtCore/qsortfilterproxymodel.h:43,
                 from /usr/include/qt5/QtCore/QSortFilterProxyModel:1,
                 from gui/transferlistsortmodel.h:31,
                 from gui/transferlistsortmodel.cpp:29:
/usr/include/qt5/QtCore/qvariant.h:467:31: note: declared here
  467 |     QT_DEPRECATED inline bool operator<(const QVariant &v) const
      |                               ^~~~~~~~
gui/transferlistsortmodel.cpp:182:42: warning: ‘bool QVariant::operator<(const QVariant&) const’ is deprecated [-Wdeprecated-declarations]
  182 |                 return (leftValueTotal < rightValueTotal);
      |                                          ^~~~~~~~~~~~~~~
In file included from /usr/include/qt5/QtCore/qabstractitemmodel.h:43,
                 from /usr/include/qt5/QtCore/qabstractproxymodel.h:43,
                 from /usr/include/qt5/QtCore/qsortfilterproxymodel.h:43,
                 from /usr/include/qt5/QtCore/QSortFilterProxyModel:1,
                 from gui/transferlistsortmodel.h:31,
                 from gui/transferlistsortmodel.cpp:29:
/usr/include/qt5/QtCore/qvariant.h:467:31: note: declared here
  467 |     QT_DEPRECATED inline bool operator<(const QVariant &v) const
      |                               ^~~~~~~~
gui/transferlistsortmodel.cpp:236:25: warning: ‘bool QVariant::operator<(const QVariant&) const’ is deprecated [-Wdeprecated-declarations]
  236 |         if (leftValue < 0) return false;
      |                         ^
In file included from /usr/include/qt5/QtCore/qabstractitemmodel.h:43,
                 from /usr/include/qt5/QtCore/qabstractproxymodel.h:43,
                 from /usr/include/qt5/QtCore/qsortfilterproxymodel.h:43,
                 from /usr/include/qt5/QtCore/QSortFilterProxyModel:1,
                 from gui/transferlistsortmodel.h:31,
                 from gui/transferlistsortmodel.cpp:29:
/usr/include/qt5/QtCore/qvariant.h:467:31: note: declared here
  467 |     QT_DEPRECATED inline bool operator<(const QVariant &v) const
      |                               ^~~~~~~~
gui/transferlistsortmodel.cpp:237:26: warning: ‘bool QVariant::operator<(const QVariant&) const’ is deprecated [-Wdeprecated-declarations]
  237 |         if (rightValue < 0) return true;
      |                          ^
In file included from /usr/include/qt5/QtCore/qabstractitemmodel.h:43,
                 from /usr/include/qt5/QtCore/qabstractproxymodel.h:43,
                 from /usr/include/qt5/QtCore/qsortfilterproxymodel.h:43,
                 from /usr/include/qt5/QtCore/QSortFilterProxyModel:1,
                 from gui/transferlistsortmodel.h:31,
                 from gui/transferlistsortmodel.cpp:29:
/usr/include/qt5/QtCore/qvariant.h:467:31: note: declared here
  467 |     QT_DEPRECATED inline bool operator<(const QVariant &v) const
      |                               ^~~~~~~~
gui/transferlistsortmodel.cpp:239:29: warning: ‘bool QVariant::operator<(const QVariant&) const’ is deprecated [-Wdeprecated-declarations]
  239 |         return (leftValue < rightValue);
      |                             ^~~~~~~~~~
In file included from /usr/include/qt5/QtCore/qabstractitemmodel.h:43,
                 from /usr/include/qt5/QtCore/qabstractproxymodel.h:43,
                 from /usr/include/qt5/QtCore/qsortfilterproxymodel.h:43,
                 from /usr/include/qt5/QtCore/QSortFilterProxyModel:1,
                 from gui/transferlistsortmodel.h:31,
                 from gui/transferlistsortmodel.cpp:29:
/usr/include/qt5/QtCore/qvariant.h:467:31: note: declared here
  467 |     QT_DEPRECATED inline bool operator<(const QVariant &v) const
      |                               ^~~~~~~~
compiling gui/torrentcategorydialog.cpp
compiling gui/tristateaction.cpp
compiling gui/tagfilterwidget.cpp
compiling gui/uithememanager.cpp
gui/transferlistfilterswidget.cpp: In member function ‘QString TrackerFiltersList::getHost(const QString&) const’:
gui/transferlistfilterswidget.cpp:604:38: warning: ‘QString QUrl::topLevelDomain(QUrl::ComponentFormattingOptions) const’ is deprecated [-Wdeprecated-declarations]
  604 |     QString tld = url.topLevelDomain();
      |                                      ^
In file included from /usr/include/qt5/QtCore/QUrl:1,
                 from gui/transferlistfilterswidget.cpp:38:
/usr/include/qt5/QtCore/qurl.h:238:27: note: declared here
  238 |     QT_DEPRECATED QString topLevelDomain(ComponentFormattingOptions options = FullyDecoded) const;
      |                           ^~~~~~~~~~~~~~
compiling gui/updownratiodialog.cpp
gui/torrentcontentmodel.cpp: In member function ‘void TorrentContentModel::setupModelData(const BitTorrent::TorrentInfo&)’:
gui/torrentcontentmodel.cpp:457:85: warning: ‘QVector<QStringRef> QString::splitRef(QChar, QString::SplitBehavior, Qt::CaseSensitivity) const’ is deprecated: Use Qt::SplitBehavior variant instead [-Wdeprecated-declarations]
  457 |         QVector<QStringRef> pathFolders = path.splitRef('/', QString::SkipEmptyParts);
      |                                                                                     ^
In file included from /usr/include/qt5/QtCore/qhashfunctions.h:44,
                 from /usr/include/qt5/QtCore/qlist.h:47,
                 from /usr/include/qt5/QtCore/qvariant.h:45,
                 from /usr/include/qt5/QtCore/qabstractitemmodel.h:43,
                 from /usr/include/qt5/QtCore/QAbstractItemModel:1,
                 from gui/torrentcontentmodel.h:32,
                 from gui/torrentcontentmodel.cpp:29:
/usr/include/qt5/QtCore/qstring.h:613:25: note: declared here
  613 |     QVector<QStringRef> splitRef(QChar sep, SplitBehavior behavior,
      |                         ^~~~~~~~
compiling gui/utils.cpp
rcc gui/about.qrc
rcc icons/icons.qrc
rcc lang/lang.qrc
rcc searchengine/searchengine.qrc
compiling gui/tagfilterproxymodel.cpp
compiling base/search/searchdownloadhandler.cpp
generating ./moc_predefs.h
compiling qrc_icons.cpp
compiling qrc_lang.cpp
gui/transferlistwidget.cpp: In member function ‘QStringList TransferListWidget::askTagsForSelection(const QString&)’:
gui/transferlistwidget.cpp:971:60: warning: ‘QStringList QString::split(QChar, QString::SplitBehavior, Qt::CaseSensitivity) const’ is deprecated: Use Qt::SplitBehavior variant instead [-Wdeprecated-declarations]
  971 |         tags = tagsInput.split(',', QString::SkipEmptyParts);
      |                                                            ^
In file included from /usr/include/qt5/QtCore/qobject.h:47,
                 from /usr/include/qt5/QtWidgets/qwidget.h:45,
                 from /usr/include/qt5/QtWidgets/qframe.h:44,
                 from /usr/include/qt5/QtWidgets/qabstractscrollarea.h:44,
                 from /usr/include/qt5/QtWidgets/qabstractitemview.h:44,
                 from /usr/include/qt5/QtWidgets/qtreeview.h:44,
                 from /usr/include/qt5/QtWidgets/QTreeView:1,
                 from gui/transferlistwidget.h:33,
                 from gui/transferlistwidget.cpp:29:
/usr/include/qt5/QtCore/qstring.h:610:17: note: declared here
  610 |     QStringList split(QChar sep, SplitBehavior behavior,
      |                 ^~~~~
gui/transferlistwidget.cpp: In member function ‘virtual void TransferListWidget::wheelEvent(QWheelEvent*)’:
gui/transferlistwidget.cpp:1392:45: warning: ‘QPoint QWheelEvent::pos() const’ is deprecated: Use position() [-Wdeprecated-declarations]
 1392 |         QWheelEvent scrollHEvent(event->pos(), event->globalPos(), event->delta(), event->buttons(), event->modifiers(), Qt::Horizontal);
      |                                             ^
In file included from /usr/include/qt5/QtGui/QWheelEvent:1,
                 from gui/transferlistwidget.cpp:44:
/usr/include/qt5/QtGui/qevent.h:225:19: note: declared here
  225 |     inline QPoint pos() const { return p.toPoint(); }
      |                   ^~~
gui/transferlistwidget.cpp:1392:65: warning: ‘QPoint QWheelEvent::globalPos() const’ is deprecated: Use globalPosition() [-Wdeprecated-declarations]
 1392 |         QWheelEvent scrollHEvent(event->pos(), event->globalPos(), event->delta(), event->buttons(), event->modifiers(), Qt::Horizontal);
      |                                                                 ^
In file included from /usr/include/qt5/QtGui/QWheelEvent:1,
                 from gui/transferlistwidget.cpp:44:
/usr/include/qt5/QtGui/qevent.h:227:19: note: declared here
  227 |     inline QPoint globalPos()   const { return g.toPoint(); }
      |                   ^~~~~~~~~
gui/transferlistwidget.cpp:1392:81: warning: ‘int QWheelEvent::delta() const’ is deprecated: Use angleDelta() [-Wdeprecated-declarations]
 1392 |         QWheelEvent scrollHEvent(event->pos(), event->globalPos(), event->delta(), event->buttons(), event->modifiers(), Qt::Horizontal);
      |                                                                                 ^
In file included from /usr/include/qt5/QtGui/QWheelEvent:1,
                 from gui/transferlistwidget.cpp:44:
/usr/include/qt5/QtGui/qevent.h:219:16: note: declared here
  219 |     inline int delta() const  { return qt4D; }
      |                ^~~~~
gui/transferlistwidget.cpp:1392:136: warning: ‘QWheelEvent::QWheelEvent(const QPointF&, const QPointF&, int, Qt::MouseButtons, Qt::KeyboardModifiers, Qt::Orientation)’ is deprecated: Use the last QWheelEvent constructor taking pixelDelta, angleDelta, phase, and inverted [-Wdeprecated-declarations]
 1392 |         QWheelEvent scrollHEvent(event->pos(), event->globalPos(), event->delta(), event->buttons(), event->modifiers(), Qt::Horizontal);
      |                                                                                                                                        ^
In file included from /usr/include/qt5/QtGui/QWheelEvent:1,
                 from gui/transferlistwidget.cpp:44:
/usr/include/qt5/QtGui/qevent.h:186:5: note: declared here
  186 |     QWheelEvent(const QPointF &pos, const QPointF& globalPos, int delta,
      |     ^~~~~~~~~~~
gui/updownratiodialog.cpp: In constructor ‘UpDownRatioDialog::UpDownRatioDialog(bool, qreal, qreal, int, int, QWidget*)’:
gui/updownratiodialog.cpp:72:75: warning: ‘void QButtonGroup::buttonClicked(int)’ is deprecated: Use QButtonGroup::idClicked(int) instead [-Wdeprecated-declarations]
   72 |     connect(m_ui->buttonGroup, qOverload<int>(&QButtonGroup::buttonClicked)
      |                                                                           ^
In file included from /usr/include/qt5/QtWidgets/QButtonGroup:1,
                 from ./ui_updownratiodialog.h:14,
                 from gui/updownratiodialog.cpp:35:
/usr/include/qt5/QtWidgets/qbuttongroup.h:90:10: note: declared here
   90 |     void buttonClicked(int);
      |          ^~~~~~~~~~~~~
gui/updownratiodialog.cpp:72:75: warning: ‘void QButtonGroup::buttonClicked(int)’ is deprecated: Use QButtonGroup::idClicked(int) instead [-Wdeprecated-declarations]
   72 |     connect(m_ui->buttonGroup, qOverload<int>(&QButtonGroup::buttonClicked)
      |                                                                           ^
In file included from /usr/include/qt5/QtWidgets/QButtonGroup:1,
                 from ./ui_updownratiodialog.h:14,
                 from gui/updownratiodialog.cpp:35:
/usr/include/qt5/QtWidgets/qbuttongroup.h:90:10: note: declared here
   90 |     void buttonClicked(int);
      |          ^~~~~~~~~~~~~
moc base/bittorrent/private/filterparserthread.h
moc base/bittorrent/private/portforwarderimpl.h
moc base/bittorrent/private/resumedatasavingmanager.h
moc base/bittorrent/private/statistics.h
moc base/bittorrent/session.h
moc base/bittorrent/torrentcreatorthread.h
moc base/bittorrent/private/bandwidthscheduler.h
moc base/asyncfilestorage.h
moc base/bittorrent/tracker.h
moc base/filesystemwatcher.h
moc base/http/connection.h
moc base/http/server.h
moc base/logger.h
moc base/net/dnsupdater.h
moc base/net/downloadmanager.h
moc app/qtlocalpeer/qtlocalpeer.h
moc base/net/geoipmanager.h
moc base/net/private/downloadhandlerimpl.h
moc base/net/proxyconfigurationmanager.h
moc base/net/reverseresolution.h
moc base/net/smtp.h
moc base/preferences.h
moc base/rss/private/rss_parser.h
moc base/rss/rss_article.h
moc base/rss/rss_autodownloader.h
moc base/rss/rss_feed.h
moc base/rss/rss_folder.h
moc base/rss/rss_item.h
moc base/rss/rss_session.h
moc base/scanfoldersmodel.h
moc base/search/searchhandler.h
moc base/search/searchdownloadhandler.h
moc base/search/searchpluginmanager.h
moc base/settingsstorage.h
moc base/torrentfileguard.h
moc gui/powermanagement/powermanagement.h
moc gui/powermanagement/powermanagement_x11.h
moc gui/properties/downloadedpiecesbar.h
moc app/filelogger.h
moc gui/properties/peerlistdelegate.h
moc gui/properties/peerlistsortmodel.h
moc gui/properties/peerlistwidget.h
moc gui/properties/peersadditiondialog.h
moc gui/properties/pieceavailabilitybar.h
moc gui/properties/piecesbar.h
moc gui/properties/propertieswidget.h
moc gui/properties/proplistdelegate.h
moc gui/properties/proptabbar.h
moc gui/properties/speedplotview.h
moc gui/properties/speedwidget.h
moc gui/properties/trackerlistwidget.h
moc gui/properties/trackersadditiondialog.h
moc gui/qtnotify/notifications.h
moc gui/aboutdialog.h
moc gui/addnewtorrentdialog.h
moc gui/advancedsettings.h
moc gui/autoexpandabledialog.h
moc gui/banlistoptionsdialog.h
moc gui/categoryfiltermodel.h
moc gui/categoryfilterwidget.h
moc gui/cookiesdialog.h
moc app/applicationinstancemanager.h
moc app/application.h
moc gui/deletionconfirmationdialog.h
moc gui/downloadfromurldialog.h
moc gui/executionlogwidget.h
moc gui/fspathedit.h
moc gui/ipsubnetwhitelistoptionsdialog.h
moc gui/lineedit.h
moc gui/log/logfiltermodel.h
moc gui/log/loglistview.h
moc gui/log/logmodel.h
moc gui/mainwindow.h
moc gui/optionsdialog.h
moc gui/previewlistdelegate.h
moc gui/previewselectdialog.h
moc gui/private/fspathedit_p.h
moc gui/private/tristatewidget.h
moc gui/raisedmessagebox.h
moc gui/rss/articlelistwidget.h
moc gui/rss/automatedrssdownloader.h
moc gui/rss/feedlistwidget.h
moc gui/rss/htmlbrowser.h
moc gui/rss/rsswidget.h
moc gui/scanfoldersdelegate.h
moc gui/search/pluginselectdialog.h
moc gui/cookiesmodel.h
moc gui/search/pluginsourcedialog.h
moc gui/search/searchjobwidget.h
moc gui/search/searchwidget.h
compiling qrc_searchengine.cpp
moc gui/shutdownconfirmdialog.h
moc gui/speedlimitdialog.h
moc gui/statsdialog.h
moc gui/statusbar.h
moc gui/tagfiltermodel.h
moc gui/tagfilterwidget.h
moc gui/search/searchlistdelegate.h
moc gui/torrentcontentfiltermodel.h
moc gui/torrentcontentmodel.h
moc gui/torrentcontenttreeview.h
moc gui/torrentcreatordialog.h
moc gui/torrentcategorydialog.h
moc gui/transferlistdelegate.h
moc gui/trackerentriesdialog.h
moc gui/transferlistmodel.h
moc gui/transferlistfilterswidget.h
moc gui/transferlistwidget.h
moc gui/uithememanager.h
moc gui/transferlistsortmodel.h
moc gui/updownratiodialog.h
compiling moc_applicationinstancemanager.cpp
compiling moc_filelogger.cpp
compiling moc_qtlocalpeer.cpp
compiling moc_asyncfilestorage.cpp
compiling moc_application.cpp
compiling moc_filterparserthread.cpp
compiling moc_portforwarderimpl.cpp
compiling moc_resumedatasavingmanager.cpp
compiling moc_bandwidthscheduler.cpp
compiling moc_session.cpp
compiling moc_torrentcreatorthread.cpp
compiling moc_tracker.cpp
compiling moc_filesystemwatcher.cpp
compiling moc_connection.cpp
compiling moc_server.cpp
compiling moc_logger.cpp
compiling moc_dnsupdater.cpp
compiling moc_downloadmanager.cpp
compiling moc_geoipmanager.cpp
compiling moc_downloadhandlerimpl.cpp
compiling moc_proxyconfigurationmanager.cpp
compiling moc_statistics.cpp
compiling qrc_about.cpp
compiling moc_smtp.cpp
compiling moc_preferences.cpp
compiling moc_rss_parser.cpp
compiling moc_rss_article.cpp
compiling moc_rss_autodownloader.cpp
compiling moc_reverseresolution.cpp
compiling moc_rss_folder.cpp
compiling moc_rss_item.cpp
compiling moc_rss_session.cpp
compiling moc_scanfoldersmodel.cpp
compiling moc_searchhandler.cpp
compiling moc_searchdownloadhandler.cpp
compiling moc_searchpluginmanager.cpp
compiling moc_settingsstorage.cpp
compiling moc_torrentfileguard.cpp
compiling moc_powermanagement.cpp
compiling moc_powermanagement_x11.cpp
compiling moc_downloadedpiecesbar.cpp
compiling moc_peerlistdelegate.cpp
compiling moc_peerlistsortmodel.cpp
compiling moc_peerlistwidget.cpp
compiling moc_peersadditiondialog.cpp
compiling moc_pieceavailabilitybar.cpp
compiling moc_piecesbar.cpp
compiling moc_propertieswidget.cpp
compiling moc_rss_feed.cpp
compiling moc_proptabbar.cpp
compiling moc_speedplotview.cpp
compiling moc_speedwidget.cpp
compiling moc_trackerlistwidget.cpp
compiling moc_trackersadditiondialog.cpp
compiling moc_notifications.cpp
compiling moc_aboutdialog.cpp
compiling moc_addnewtorrentdialog.cpp
compiling moc_deletionconfirmationdialog.cpp
compiling moc_downloadfromurldialog.cpp
compiling moc_executionlogwidget.cpp
compiling moc_fspathedit.cpp
compiling moc_ipsubnetwhitelistoptionsdialog.cpp
compiling moc_lineedit.cpp
compiling moc_logfiltermodel.cpp
compiling moc_loglistview.cpp
compiling moc_logmodel.cpp
compiling moc_mainwindow.cpp
compiling moc_optionsdialog.cpp
compiling moc_previewlistdelegate.cpp
compiling moc_previewselectdialog.cpp
compiling moc_fspathedit_p.cpp
compiling moc_tristatewidget.cpp
compiling moc_raisedmessagebox.cpp
compiling moc_articlelistwidget.cpp
compiling moc_automatedrssdownloader.cpp
compiling moc_feedlistwidget.cpp
compiling moc_htmlbrowser.cpp
compiling moc_rsswidget.cpp
compiling moc_scanfoldersdelegate.cpp
compiling moc_pluginselectdialog.cpp
compiling moc_pluginsourcedialog.cpp
compiling moc_searchjobwidget.cpp
compiling moc_searchlistdelegate.cpp
compiling moc_searchwidget.cpp
compiling moc_shutdownconfirmdialog.cpp
compiling moc_speedlimitdialog.cpp
compiling moc_statsdialog.cpp
compiling moc_statusbar.cpp
compiling moc_tagfiltermodel.cpp
compiling moc_tagfilterwidget.cpp
compiling moc_torrentcategorydialog.cpp
compiling moc_torrentcontentfiltermodel.cpp
compiling moc_torrentcontentmodel.cpp
compiling moc_torrentcontenttreeview.cpp
compiling moc_torrentcreatordialog.cpp
compiling moc_trackerentriesdialog.cpp
compiling moc_transferlistdelegate.cpp
compiling moc_transferlistfilterswidget.cpp
compiling moc_transferlistmodel.cpp
compiling moc_transferlistsortmodel.cpp
compiling moc_transferlistwidget.cpp
compiling moc_uithememanager.cpp
compiling moc_updownratiodialog.cpp
compiling moc_cookiesmodel.cpp
compiling moc_cookiesdialog.cpp
compiling moc_categoryfilterwidget.cpp
compiling moc_categoryfiltermodel.cpp
compiling moc_banlistoptionsdialog.cpp
compiling moc_autoexpandabledialog.cpp
compiling moc_advancedsettings.cpp
compiling moc_proplistdelegate.cpp
compiling base/scanfoldersmodel.cpp
compiling base/rss/rss_session.cpp
linking qbittorrent
make[1]: Leaving directory '/tmp/portage/net-p2p/qbittorrent-4.2.5/work/qBittorrent-release-4.2.5/src'
>>> Source compiled.
>>> Test phase [not enabled]: net-p2p/qbittorrent-4.2.5

>>> Install net-p2p/qbittorrent-4.2.5 into /tmp/portage/net-p2p/qbittorrent-4.2.5/image
make -j12 -l12 STRIP=/bin/false INSTALL_ROOT=/tmp/portage/net-p2p/qbittorrent-4.2.5/image install 
cd src/ && ( test -e Makefile || /usr/lib64/qt5/bin/qmake -o Makefile /tmp/portage/net-p2p/qbittorrent-4.2.5/work/qBittorrent-release-4.2.5/src/src.pro QMAKE_LRELEASE= ) && make -f Makefile install
make[1]: Entering directory '/tmp/portage/net-p2p/qbittorrent-4.2.5/work/qBittorrent-release-4.2.5/src'
/usr/lib64/qt5/bin/qmake -install qinstall /tmp/portage/net-p2p/qbittorrent-4.2.5/work/qBittorrent-release-4.2.5/doc/qbittorrent.1 /tmp/portage/net-p2p/qbittorrent-4.2.5/image/usr/share/man/man1/qbittorrent.1
/usr/lib64/qt5/bin/qmake -install qinstall /tmp/portage/net-p2p/qbittorrent-4.2.5/work/qBittorrent-release-4.2.5/dist/unix/org.qbittorrent.qBittorrent.appdata.xml /tmp/portage/net-p2p/qbittorrent-4.2.5/image/usr/share/metainfo/org.qbittorrent.qBittorrent.appdata.xml
/usr/lib64/qt5/bin/qmake -install qinstall /tmp/portage/net-p2p/qbittorrent-4.2.5/work/qBittorrent-release-4.2.5/dist/unix/org.qbittorrent.qBittorrent.desktop /tmp/portage/net-p2p/qbittorrent-4.2.5/image/usr/share/applications/org.qbittorrent.qBittorrent.desktop
/usr/lib64/qt5/bin/qmake -install qinstall /tmp/portage/net-p2p/qbittorrent-4.2.5/work/qBittorrent-release-4.2.5/dist/unix/menuicons/16x16/apps/qbittorrent.png /tmp/portage/net-p2p/qbittorrent-4.2.5/image/usr/share/icons/hicolor/16x16/apps/qbittorrent.png
/usr/lib64/qt5/bin/qmake -install qinstall /tmp/portage/net-p2p/qbittorrent-4.2.5/work/qBittorrent-release-4.2.5/dist/unix/menuicons/16x16/status/qbittorrent-tray.png /tmp/portage/net-p2p/qbittorrent-4.2.5/image/usr/share/icons/hicolor/16x16/status/qbittorrent-tray.png
/usr/lib64/qt5/bin/qmake -install qinstall /tmp/portage/net-p2p/qbittorrent-4.2.5/work/qBittorrent-release-4.2.5/dist/unix/menuicons/96x96/apps/qbittorrent.png /tmp/portage/net-p2p/qbittorrent-4.2.5/image/usr/share/icons/hicolor/96x96/apps/qbittorrent.png
/usr/lib64/qt5/bin/qmake -install qinstall /tmp/portage/net-p2p/qbittorrent-4.2.5/work/qBittorrent-release-4.2.5/dist/unix/menuicons/72x72/apps/qbittorrent.png /tmp/portage/net-p2p/qbittorrent-4.2.5/image/usr/share/icons/hicolor/72x72/apps/qbittorrent.png
/usr/lib64/qt5/bin/qmake -install qinstall /tmp/portage/net-p2p/qbittorrent-4.2.5/work/qBittorrent-release-4.2.5/dist/unix/menuicons/192x192/apps/qbittorrent.png /tmp/portage/net-p2p/qbittorrent-4.2.5/image/usr/share/icons/hicolor/192x192/apps/qbittorrent.png
/usr/lib64/qt5/bin/qmake -install qinstall /tmp/portage/net-p2p/qbittorrent-4.2.5/work/qBittorrent-release-4.2.5/dist/unix/menuicons/22x22/status/qbittorrent-tray.png /tmp/portage/net-p2p/qbittorrent-4.2.5/image/usr/share/icons/hicolor/22x22/status/qbittorrent-tray.png
/usr/lib64/qt5/bin/qmake -install qinstall /tmp/portage/net-p2p/qbittorrent-4.2.5/work/qBittorrent-release-4.2.5/dist/unix/menuicons/24x24/status/qbittorrent-tray.png /tmp/portage/net-p2p/qbittorrent-4.2.5/image/usr/share/icons/hicolor/24x24/status/qbittorrent-tray.png
/usr/lib64/qt5/bin/qmake -install qinstall /tmp/portage/net-p2p/qbittorrent-4.2.5/work/qBittorrent-release-4.2.5/dist/unix/menuicons/128x128/apps/qbittorrent.png /tmp/portage/net-p2p/qbittorrent-4.2.5/image/usr/share/icons/hicolor/128x128/apps/qbittorrent.png
/usr/lib64/qt5/bin/qmake -install qinstall /tmp/portage/net-p2p/qbittorrent-4.2.5/work/qBittorrent-release-4.2.5/dist/unix/menuicons/64x64/apps/qbittorrent.png /tmp/portage/net-p2p/qbittorrent-4.2.5/image/usr/share/icons/hicolor/64x64/apps/qbittorrent.png
/usr/lib64/qt5/bin/qmake -install qinstall /tmp/portage/net-p2p/qbittorrent-4.2.5/work/qBittorrent-release-4.2.5/dist/unix/menuicons/48x48/status/qbittorrent-tray.png /tmp/portage/net-p2p/qbittorrent-4.2.5/image/usr/share/icons/hicolor/48x48/status/qbittorrent-tray.png
/usr/lib64/qt5/bin/qmake -install qinstall /tmp/portage/net-p2p/qbittorrent-4.2.5/work/qBittorrent-release-4.2.5/dist/unix/menuicons/64x64/status/qbittorrent-tray.png /tmp/portage/net-p2p/qbittorrent-4.2.5/image/usr/share/icons/hicolor/64x64/status/qbittorrent-tray.png
/usr/lib64/qt5/bin/qmake -install qinstall /tmp/portage/net-p2p/qbittorrent-4.2.5/work/qBittorrent-release-4.2.5/dist/unix/menuicons/36x36/status/qbittorrent-tray.png /tmp/portage/net-p2p/qbittorrent-4.2.5/image/usr/share/icons/hicolor/36x36/status/qbittorrent-tray.png
/usr/lib64/qt5/bin/qmake -install qinstall /tmp/portage/net-p2p/qbittorrent-4.2.5/work/qBittorrent-release-4.2.5/dist/unix/menuicons/96x96/status/qbittorrent-tray.png /tmp/portage/net-p2p/qbittorrent-4.2.5/image/usr/share/icons/hicolor/96x96/status/qbittorrent-tray.png
/usr/lib64/qt5/bin/qmake -install qinstall /tmp/portage/net-p2p/qbittorrent-4.2.5/work/qBittorrent-release-4.2.5/dist/unix/menuicons/128x128/status/qbittorrent-tray.png /tmp/portage/net-p2p/qbittorrent-4.2.5/image/usr/share/icons/hicolor/128x128/status/qbittorrent-tray.png
/usr/lib64/qt5/bin/qmake -install qinstall /tmp/portage/net-p2p/qbittorrent-4.2.5/work/qBittorrent-release-4.2.5/dist/unix/menuicons/192x192/status/qbittorrent-tray.png /tmp/portage/net-p2p/qbittorrent-4.2.5/image/usr/share/icons/hicolor/192x192/status/qbittorrent-tray.png
/usr/lib64/qt5/bin/qmake -install qinstall /tmp/portage/net-p2p/qbittorrent-4.2.5/work/qBittorrent-release-4.2.5/dist/unix/menuicons/32x32/status/qbittorrent-tray.png /tmp/portage/net-p2p/qbittorrent-4.2.5/image/usr/share/icons/hicolor/32x32/status/qbittorrent-tray.png
/usr/lib64/qt5/bin/qmake -install qinstall /tmp/portage/net-p2p/qbittorrent-4.2.5/work/qBittorrent-release-4.2.5/dist/unix/menuicons/72x72/status/qbittorrent-tray.png /tmp/portage/net-p2p/qbittorrent-4.2.5/image/usr/share/icons/hicolor/72x72/status/qbittorrent-tray.png
/usr/lib64/qt5/bin/qmake -install qinstall -exe qbittorrent /tmp/portage/net-p2p/qbittorrent-4.2.5/image/usr/bin/qbittorrent
/usr/lib64/qt5/bin/qmake -install qinstall /tmp/portage/net-p2p/qbittorrent-4.2.5/work/qBittorrent-release-4.2.5/src/icons/skin/qbittorrent-tray.svg /tmp/portage/net-p2p/qbittorrent-4.2.5/image/usr/share/icons/hicolor/scalable/status/qbittorrent-tray.svg
/usr/lib64/qt5/bin/qmake -install qinstall /tmp/portage/net-p2p/qbittorrent-4.2.5/work/qBittorrent-release-4.2.5/dist/unix/menuicons/128x128/apps/qbittorrent.png /tmp/portage/net-p2p/qbittorrent-4.2.5/image/usr/share/pixmaps/qbittorrent.png
/usr/lib64/qt5/bin/qmake -install qinstall /tmp/portage/net-p2p/qbittorrent-4.2.5/work/qBittorrent-release-4.2.5/src/icons/skin/qbittorrent-tray-dark.svg /tmp/portage/net-p2p/qbittorrent-4.2.5/image/usr/share/icons/hicolor/scalable/status/qbittorrent-tray-dark.svg
/usr/lib64/qt5/bin/qmake -install qinstall /tmp/portage/net-p2p/qbittorrent-4.2.5/work/qBittorrent-release-4.2.5/dist/unix/menuicons/48x48/apps/qbittorrent.png /tmp/portage/net-p2p/qbittorrent-4.2.5/image/usr/share/icons/hicolor/48x48/apps/qbittorrent.png
/usr/lib64/qt5/bin/qmake -install qinstall /tmp/portage/net-p2p/qbittorrent-4.2.5/work/qBittorrent-release-4.2.5/src/icons/skin/qbittorrent-tray-light.svg /tmp/portage/net-p2p/qbittorrent-4.2.5/image/usr/share/icons/hicolor/scalable/status/qbittorrent-tray-light.svg
/bin/false /tmp/portage/net-p2p/qbittorrent-4.2.5/image/usr/bin/qbittorrent
make[1]: [Makefile:5004: install_target] Error 1 (ignored)
/usr/lib64/qt5/bin/qmake -install qinstall /tmp/portage/net-p2p/qbittorrent-4.2.5/work/qBittorrent-release-4.2.5/dist/unix/menuicons/36x36/apps/qbittorrent.png /tmp/portage/net-p2p/qbittorrent-4.2.5/image/usr/share/icons/hicolor/36x36/apps/qbittorrent.png
/usr/lib64/qt5/bin/qmake -install qinstall /tmp/portage/net-p2p/qbittorrent-4.2.5/work/qBittorrent-release-4.2.5/dist/unix/menuicons/32x32/apps/qbittorrent.png /tmp/portage/net-p2p/qbittorrent-4.2.5/image/usr/share/icons/hicolor/32x32/apps/qbittorrent.png
/usr/lib64/qt5/bin/qmake -install qinstall /tmp/portage/net-p2p/qbittorrent-4.2.5/work/qBittorrent-release-4.2.5/dist/unix/menuicons/24x24/apps/qbittorrent.png /tmp/portage/net-p2p/qbittorrent-4.2.5/image/usr/share/icons/hicolor/24x24/apps/qbittorrent.png
/usr/lib64/qt5/bin/qmake -install qinstall /tmp/portage/net-p2p/qbittorrent-4.2.5/work/qBittorrent-release-4.2.5/dist/unix/menuicons/22x22/apps/qbittorrent.png /tmp/portage/net-p2p/qbittorrent-4.2.5/image/usr/share/icons/hicolor/22x22/apps/qbittorrent.png
make[1]: Leaving directory '/tmp/portage/net-p2p/qbittorrent-4.2.5/work/qBittorrent-release-4.2.5/src'
>>> Completed installing net-p2p/qbittorrent-4.2.5 into /tmp/portage/net-p2p/qbittorrent-4.2.5/image

 * Final size of build directory: 127252 KiB (124.2 MiB)
 * Final size of installed tree:    7656 KiB (  7.4 MiB)



 * QA Notice: Pre-stripped files found:
 * /usr/bin/qbittorrent
./
./usr/
./usr/bin/
./usr/bin/qbittorrent
./usr/share/
./usr/share/icons/
./usr/share/icons/hicolor/
./usr/share/icons/hicolor/64x64/
./usr/share/icons/hicolor/64x64/apps/
./usr/share/icons/hicolor/64x64/apps/qbittorrent.png
./usr/share/icons/hicolor/64x64/status/
./usr/share/icons/hicolor/64x64/status/qbittorrent-tray.png
./usr/share/icons/hicolor/16x16/
./usr/share/icons/hicolor/16x16/apps/
./usr/share/icons/hicolor/16x16/apps/qbittorrent.png
./usr/share/icons/hicolor/16x16/status/
./usr/share/icons/hicolor/16x16/status/qbittorrent-tray.png
./usr/share/icons/hicolor/24x24/
./usr/share/icons/hicolor/24x24/apps/
./usr/share/icons/hicolor/24x24/apps/qbittorrent.png
./usr/share/icons/hicolor/24x24/status/
./usr/share/icons/hicolor/24x24/status/qbittorrent-tray.png
./usr/share/icons/hicolor/128x128/
./usr/share/icons/hicolor/128x128/apps/
./usr/share/icons/hicolor/128x128/apps/qbittorrent.png
./usr/share/icons/hicolor/128x128/status/
./usr/share/icons/hicolor/128x128/status/qbittorrent-tray.png
./usr/share/icons/hicolor/96x96/
./usr/share/icons/hicolor/96x96/apps/
./usr/share/icons/hicolor/96x96/apps/qbittorrent.png
./usr/share/icons/hicolor/96x96/status/
./usr/share/icons/hicolor/96x96/status/qbittorrent-tray.png
./usr/share/icons/hicolor/32x32/
./usr/share/icons/hicolor/32x32/apps/
./usr/share/icons/hicolor/32x32/apps/qbittorrent.png
./usr/share/icons/hicolor/32x32/status/
./usr/share/icons/hicolor/32x32/status/qbittorrent-tray.png
./usr/share/icons/hicolor/22x22/
./usr/share/icons/hicolor/22x22/apps/
./usr/share/icons/hicolor/22x22/apps/qbittorrent.png
./usr/share/icons/hicolor/22x22/status/
./usr/share/icons/hicolor/22x22/status/qbittorrent-tray.png
./usr/share/icons/hicolor/72x72/
./usr/share/icons/hicolor/72x72/apps/
./usr/share/icons/hicolor/72x72/apps/qbittorrent.png
./usr/share/icons/hicolor/72x72/status/
./usr/share/icons/hicolor/72x72/status/qbittorrent-tray.png
./usr/share/icons/hicolor/48x48/
./usr/share/icons/hicolor/48x48/apps/
./usr/share/icons/hicolor/48x48/apps/qbittorrent.png
./usr/share/icons/hicolor/48x48/status/
./usr/share/icons/hicolor/48x48/status/qbittorrent-tray.png
./usr/share/icons/hicolor/192x192/
./usr/share/icons/hicolor/192x192/apps/
./usr/share/icons/hicolor/192x192/apps/qbittorrent.png
./usr/share/icons/hicolor/192x192/status/
./usr/share/icons/hicolor/192x192/status/qbittorrent-tray.png
./usr/share/icons/hicolor/scalable/
./usr/share/icons/hicolor/scalable/status/
./usr/share/icons/hicolor/scalable/status/qbittorrent-tray.svg
./usr/share/icons/hicolor/scalable/status/qbittorrent-tray-light.svg
./usr/share/icons/hicolor/scalable/status/qbittorrent-tray-dark.svg
./usr/share/icons/hicolor/36x36/
./usr/share/icons/hicolor/36x36/apps/
./usr/share/icons/hicolor/36x36/apps/qbittorrent.png
./usr/share/icons/hicolor/36x36/status/
./usr/share/icons/hicolor/36x36/status/qbittorrent-tray.png
./usr/share/man/
./usr/share/man/man1/
./usr/share/man/man1/qbittorrent.1.bz2
./usr/share/metainfo/
./usr/share/metainfo/org.qbittorrent.qBittorrent.appdata.xml
./usr/share/pixmaps/
./usr/share/pixmaps/qbittorrent.png
./usr/share/applications/
./usr/share/applications/org.qbittorrent.qBittorrent.desktop
./usr/share/doc/
./usr/share/doc/qbittorrent-4.2.5/
./usr/share/doc/qbittorrent-4.2.5/README.md.bz2
./usr/share/doc/qbittorrent-4.2.5/CONTRIBUTING.md.bz2
./usr/share/doc/qbittorrent-4.2.5/AUTHORS.bz2
./usr/share/doc/qbittorrent-4.2.5/Changelog.bz2
./usr/share/doc/qbittorrent-4.2.5/TODO
>>> Done.
 * checking 30 files for package collisions
>>> Merging net-p2p/qbittorrent-4.2.5 to /
 * removing unneeded *.la files
--- /usr/
--- /usr/share/
--- /usr/share/applications/
>>> /usr/share/applications/org.qbittorrent.qBittorrent.desktop
--- /usr/share/pixmaps/
>>> /usr/share/pixmaps/qbittorrent.png
--- /usr/share/metainfo/
>>> /usr/share/metainfo/org.qbittorrent.qBittorrent.appdata.xml
--- /usr/share/man/
--- /usr/share/man/man1/
>>> /usr/share/man/man1/qbittorrent.1.bz2
--- /usr/share/icons/
--- /usr/share/icons/hicolor/
--- /usr/share/icons/hicolor/36x36/
--- /usr/share/icons/hicolor/36x36/status/
>>> /usr/share/icons/hicolor/36x36/status/qbittorrent-tray.png
--- /usr/share/icons/hicolor/36x36/apps/
>>> /usr/share/icons/hicolor/36x36/apps/qbittorrent.png
--- /usr/share/icons/hicolor/scalable/
--- /usr/share/icons/hicolor/scalable/status/
>>> /usr/share/icons/hicolor/scalable/status/qbittorrent-tray-dark.svg
>>> /usr/share/icons/hicolor/scalable/status/qbittorrent-tray-light.svg
>>> /usr/share/icons/hicolor/scalable/status/qbittorrent-tray.svg
--- /usr/share/icons/hicolor/192x192/
--- /usr/share/icons/hicolor/192x192/status/
>>> /usr/share/icons/hicolor/192x192/status/qbittorrent-tray.png
--- /usr/share/icons/hicolor/192x192/apps/
>>> /usr/share/icons/hicolor/192x192/apps/qbittorrent.png
--- /usr/share/icons/hicolor/48x48/
--- /usr/share/icons/hicolor/48x48/status/
>>> /usr/share/icons/hicolor/48x48/status/qbittorrent-tray.png
--- /usr/share/icons/hicolor/48x48/apps/
>>> /usr/share/icons/hicolor/48x48/apps/qbittorrent.png
--- /usr/share/icons/hicolor/72x72/
--- /usr/share/icons/hicolor/72x72/status/
>>> /usr/share/icons/hicolor/72x72/status/qbittorrent-tray.png
--- /usr/share/icons/hicolor/72x72/apps/
>>> /usr/share/icons/hicolor/72x72/apps/qbittorrent.png
--- /usr/share/icons/hicolor/22x22/
--- /usr/share/icons/hicolor/22x22/status/
>>> /usr/share/icons/hicolor/22x22/status/qbittorrent-tray.png
--- /usr/share/icons/hicolor/22x22/apps/
>>> /usr/share/icons/hicolor/22x22/apps/qbittorrent.png
--- /usr/share/icons/hicolor/32x32/
--- /usr/share/icons/hicolor/32x32/status/
>>> /usr/share/icons/hicolor/32x32/status/qbittorrent-tray.png
--- /usr/share/icons/hicolor/32x32/apps/
>>> /usr/share/icons/hicolor/32x32/apps/qbittorrent.png
--- /usr/share/icons/hicolor/96x96/
--- /usr/share/icons/hicolor/96x96/status/
>>> /usr/share/icons/hicolor/96x96/status/qbittorrent-tray.png
--- /usr/share/icons/hicolor/96x96/apps/
>>> /usr/share/icons/hicolor/96x96/apps/qbittorrent.png
--- /usr/share/icons/hicolor/128x128/
--- /usr/share/icons/hicolor/128x128/status/
>>> /usr/share/icons/hicolor/128x128/status/qbittorrent-tray.png
--- /usr/share/icons/hicolor/128x128/apps/
>>> /usr/share/icons/hicolor/128x128/apps/qbittorrent.png
--- /usr/share/icons/hicolor/24x24/
--- /usr/share/icons/hicolor/24x24/status/
>>> /usr/share/icons/hicolor/24x24/status/qbittorrent-tray.png
--- /usr/share/icons/hicolor/24x24/apps/
>>> /usr/share/icons/hicolor/24x24/apps/qbittorrent.png
--- /usr/share/icons/hicolor/16x16/
--- /usr/share/icons/hicolor/16x16/status/
>>> /usr/share/icons/hicolor/16x16/status/qbittorrent-tray.png
--- /usr/share/icons/hicolor/16x16/apps/
>>> /usr/share/icons/hicolor/16x16/apps/qbittorrent.png
--- /usr/share/icons/hicolor/64x64/
--- /usr/share/icons/hicolor/64x64/status/
>>> /usr/share/icons/hicolor/64x64/status/qbittorrent-tray.png
--- /usr/share/icons/hicolor/64x64/apps/
>>> /usr/share/icons/hicolor/64x64/apps/qbittorrent.png
--- /usr/bin/
>>> /usr/bin/qbittorrent
>>> Safely unmerging already-installed instance...
>>> Original instance of package unmerged safely.
 * Updating icons cache ...
 [ ok ]
 * Updating .desktop files database ...
 [ ok ]
>>> net-p2p/qbittorrent-4.2.5 merged.
