No package files given... Grabbing a set.
--- replaced obj /usr/share/man/man8/regdbdump.8.bz2
--- replaced obj /usr/share/man/man8/crda.8.bz2
--- replaced dir /usr/share/man/man8
--- replaced dir /usr/share/man
--- replaced dir /usr/share
--- replaced obj /usr/sbin/regdbdump
--- replaced obj /usr/sbin/crda
--- replaced dir /usr/sbin
--- replaced obj /usr/lib64/libreg.so
--- replaced dir /usr/lib64
--- replaced obj /usr/include/reglib/reglib.h
--- replaced obj /usr/include/reglib/regdb.h
--- replaced obj /usr/include/reglib/nl80211.h
--- replaced dir /usr/include/reglib
--- replaced dir /usr/include
--- replaced dir /usr
--- replaced obj /lib/udev/rules.d/85-regulatory.rules
--- replaced dir /lib/udev/rules.d
--- replaced dir /lib/udev
--- replaced dir /lib
--- replaced obj /etc/wireless-regdb/pubkeys/.keep_net-wireless_crda-0
--- replaced dir /etc/wireless-regdb/pubkeys
--- replaced dir /etc/wireless-regdb
--- replaced dir /etc
>>> Regenerating /etc/ld.so.cache...
