 * Package:    sci-geosciences/geocode-glib-3.26.2
 * Repository: gentoo
 * Maintainer: gnome@gentoo.org
 * USE:        abi_x86_64 amd64 elibc_glibc introspection kernel_linux userland_GNU
 * FEATURES:   network-sandbox preserve-libs sandbox userpriv usersandbox
 * FEATURES='strict parallel-fetch binpkg-docompress userpriv preserve-libs binpkg-dostrip usersandbox downgrade-backup qa-unresolved-soname-deps multilib-strict userfetch news cgroup xattr unknown-features-warn distlocks network-sandbox buildpkg fixlafiles sfperms pid-sandbox config-protect-if-modified unmerge-logs assume-digests binpkg-multi-instance sandbox strict-keepdir unmerge-backup binpkg-logs parallel-install compress-index nodoc usersync unmerge-orphans merge-sync ipc-sandbox'
 * CFLAGS='-march=native -O3 -fgraphite-identity -floop-nest-optimize -fdevirtualize-at-ltrans -fipa-pta -fno-semantic-interposition -flto=12 -fno-plt -fno-signed-zeros -fno-trapping-math -fassociative-math -freciprocal-math -fno-math-errno -ffinite-math-only -fno-rounding-math -fno-signaling-nans -fcx-limited-range -fexcess-precision=fast -fuse-linker-plugin -pipe -g0 -falign-functions=32 -Wl,-O1 -Wl,--as-needed -Wl,-O4,--hash-style=gnu,--sort-common,--as-needed,-z,relro,-z,now,-lgomp,-lpthread'
 * CXXFLAGS='-march=native -O3 -fgraphite-identity -floop-nest-optimize -fdevirtualize-at-ltrans -fipa-pta -fno-semantic-interposition -flto=12 -fno-plt -fno-signed-zeros -fno-trapping-math -fassociative-math -freciprocal-math -fno-math-errno -ffinite-math-only -fno-rounding-math -fno-signaling-nans -fcx-limited-range -fexcess-precision=fast -fuse-linker-plugin -pipe -g0 -falign-functions=32 -Wl,-O1 -Wl,--as-needed -Wl,-O4,--hash-style=gnu,--sort-common,--as-needed,-z,relro,-z,now,-lgomp,-lpthread'
 * FFLAGS='-march=native -O3 -fgraphite-identity -floop-nest-optimize -fdevirtualize-at-ltrans -fipa-pta -fno-semantic-interposition -flto=12 -fno-plt -fno-signed-zeros -fno-trapping-math -fassociative-math -freciprocal-math -fno-math-errno -ffinite-math-only -fno-rounding-math -fno-signaling-nans -fcx-limited-range -fexcess-precision=fast -fuse-linker-plugin -pipe -g0 -falign-functions=32 -Wl,-O1 -Wl,--as-needed -Wl,-O4,--hash-style=gnu,--sort-common,--as-needed,-z,relro,-z,now,-lgomp,-lpthread'
 * FCFLAGS='-march=native -O3 -fgraphite-identity -floop-nest-optimize -fdevirtualize-at-ltrans -fipa-pta -fno-semantic-interposition -flto=12 -fno-plt -fno-signed-zeros -fno-trapping-math -fassociative-math -freciprocal-math -fno-math-errno -ffinite-math-only -fno-rounding-math -fno-signaling-nans -fcx-limited-range -fexcess-precision=fast -fuse-linker-plugin -pipe -g0 -falign-functions=32 -Wl,-O1 -Wl,--as-needed -Wl,-O4,--hash-style=gnu,--sort-common,--as-needed,-z,relro,-z,now,-lgomp,-lpthread'
 * F77FLAGS='-march=native -O3 -fgraphite-identity -floop-nest-optimize -fdevirtualize-at-ltrans -fipa-pta -fno-semantic-interposition -flto=12 -fno-plt -fno-signed-zeros -fno-trapping-math -fassociative-math -freciprocal-math -fno-math-errno -ffinite-math-only -fno-rounding-math -fno-signaling-nans -fcx-limited-range -fexcess-precision=fast -fuse-linker-plugin -pipe -g0 -falign-functions=32 -Wl,-O1 -Wl,--as-needed -Wl,-O4,--hash-style=gnu,--sort-common,--as-needed,-z,relro,-z,now,-lgomp,-lpthread'
 * LDFLAGS='-Wl,-O1 -Wl,--as-needed -Wl,-O4,--hash-style=gnu,--sort-common,--as-needed,-z,relro,-z,now,-lgomp,-lpthread -march=native -O3 -fgraphite-identity -floop-nest-optimize -fdevirtualize-at-ltrans -fipa-pta -fno-semantic-interposition -flto=12 -fno-plt -fno-signed-zeros -fno-trapping-math -fassociative-math -freciprocal-math -fno-math-errno -ffinite-math-only -fno-rounding-math -fno-signaling-nans -fcx-limited-range -fexcess-precision=fast -fuse-linker-plugin -pipe -g0 -falign-functions=32'
 * MAKEOPTS='-j12 -l12'
 * gcc () 11.0.0 20200526 (experimental)
 * g++ () 11.0.0 20200526 (experimental)
 * GNU ld (Gentoo 2.34 p4) 2.34.0
 * Linux ryzen.gnum.org 5.4.36 #1 SMP Thu Apr 30 04:38:28 UTC 2020 x86_64 AMD Ryzen 5 3600 6-Core Processor AuthenticAMD GNU/Linux
sci-geosciences/geocode-glib: 19 seconds average for 1 merge
2020-05-20T09:31:31 >>> sci-geosciences/geocode-glib: 19 seconds
]0;emerge 14:05:14 1590581113:  >>> AUTOCLEAN: media-plugins/gst-plugins-vpx:1.0 geocode-glib 00:19 (root@ryzen.gnum.org)kemerge 14:05:14 1590581113:  >>> AUTOCLEAN: media-plugins/gst-plugins-vpx:1.0 geocode-glib 00:19 (root@ryzen.gnum.org)\>>> Unpacking source...
>>> Unpacking geocode-glib-3.26.2.tar.xz to /tmp/portage/sci-geosciences/geocode-glib-3.26.2/work
>>> Source unpacked in /tmp/portage/sci-geosciences/geocode-glib-3.26.2/work
>>> Preparing source in /tmp/portage/sci-geosciences/geocode-glib-3.26.2/work/geocode-glib-3.26.2 ...
 * Applying disable-installed-tests.patch ...
 [ ok ]
>>> Source prepared.
>>> Configuring source in /tmp/portage/sci-geosciences/geocode-glib-3.26.2/work/geocode-glib-3.26.2 ...
meson setup --buildtype plain --libdir lib64 --localstatedir /var/lib --prefix /usr --sysconfdir /etc --wrap-mode nodownload --build.pkg-config-path /usr/share/pkgconfig --pkg-config-path /usr/share/pkgconfig --native-file /tmp/portage/sci-geosciences/geocode-glib-3.26.2/temp/meson.x86_64-pc-linux-gnu.amd64.ini -Denable-installed-tests=false -Denable-introspection=true -Denable-gtk-doc=false /tmp/portage/sci-geosciences/geocode-glib-3.26.2/work/geocode-glib-3.26.2 /tmp/portage/sci-geosciences/geocode-glib-3.26.2/work/geocode-glib-3.26.2-build
[1mThe Meson build system[0m
Version: 0.54.2
Source dir: [1m/tmp/portage/sci-geosciences/geocode-glib-3.26.2/work/geocode-glib-3.26.2[0m
Build dir: [1m/tmp/portage/sci-geosciences/geocode-glib-3.26.2/work/geocode-glib-3.26.2-build[0m
Build type: [1mnative build[0m
Project name: [1mgeocode-glib[0m
Project version: [1m3.26.2[0m
C compiler for the host machine: [1mx86_64-pc-linux-gnu-gcc[0m (gcc 11.0.0 "x86_64-pc-linux-gnu-gcc () 11.0.0 20200526 (experimental)")
C linker for the host machine: [1mx86_64-pc-linux-gnu-gcc[0m ld.bfd 2.34
Host machine cpu family: [1mx86_64[0m
Host machine cpu: [1mx86_64[0m
Configuring [1mconfig.h[0m using configuration
meson.build:29: [1;33mWARNING:[0m Consider using the built-in warning_level option instead of using "-Wall".
Found pkg-config: [1m/usr/bin/x86_64-pc-linux-gnu-pkg-config[0m (0.29.2)
Run-time dependency [1mgio-2.0[0m found: [1;32mYES[0m [36m2.64.3[0m
Run-time dependency [1mjson-glib-1.0[0m found: [1;32mYES[0m [36m1.4.4[0m
Run-time dependency [1mlibsoup-2.4[0m found: [1;32mYES[0m [36m2.70.0[0m
Library [1mm[0m found: [1;32mYES[0m
Compiler for C supports link arguments -Wl,--version-script,/tmp/portage/sci-geosciences/geocode-glib-3.26.2/work/geocode-glib-3.26.2/geocode-glib/geocode-glib.map: [1;32mYES[0m 
Program [1mg-ir-scanner[0m found: [1;32mYES[0m (/usr/bin/g-ir-scanner)
Found pkg-config: [1m/usr/bin/x86_64-pc-linux-gnu-pkg-config[0m (0.29.2)
Build targets in project: [1m8[0m

Found ninja-1.10.0 at /usr/bin/ninja
>>> Source configured.
>>> Compiling source in /tmp/portage/sci-geosciences/geocode-glib-3.26.2/work/geocode-glib-3.26.2 ...
ninja -v -j12 -l12 -C /tmp/portage/sci-geosciences/geocode-glib-3.26.2/work/geocode-glib-3.26.2-build
ninja: Entering directory `/tmp/portage/sci-geosciences/geocode-glib-3.26.2/work/geocode-glib-3.26.2-build'
[1/16] /usr/lib/python-exec/python3.8/meson --internal exe --capture geocode-glib/geocode-enum-types.h -- /usr/bin/glib-mkenums --template /tmp/portage/sci-geosciences/geocode-glib-3.26.2/work/geocode-glib-3.26.2-build/../geocode-glib-3.26.2/geocode-glib/geocode-enum-types.h.in /tmp/portage/sci-geosciences/geocode-glib-3.26.2/work/geocode-glib-3.26.2-build/../geocode-glib-3.26.2/geocode-glib/geocode-glib.h /tmp/portage/sci-geosciences/geocode-glib-3.26.2/work/geocode-glib-3.26.2-build/../geocode-glib-3.26.2/geocode-glib/geocode-location.h /tmp/portage/sci-geosciences/geocode-glib-3.26.2/work/geocode-glib-3.26.2-build/../geocode-glib-3.26.2/geocode-glib/geocode-forward.h /tmp/portage/sci-geosciences/geocode-glib-3.26.2/work/geocode-glib-3.26.2-build/../geocode-glib-3.26.2/geocode-glib/geocode-reverse.h /tmp/portage/sci-geosciences/geocode-glib-3.26.2/work/geocode-glib-3.26.2-build/../geocode-glib-3.26.2/geocode-glib/geocode-error.h /tmp/portage/sci-geosciences/geocode-glib-3.26.2/work/geocode-glib-3.26.2-build/../geocode-glib-3.26.2/geocode-glib/geocode-place.h /tmp/portage/sci-geosciences/geocode-glib-3.26.2/work/geocode-glib-3.26.2-build/../geocode-glib-3.26.2/geocode-glib/geocode-bounding-box.h /tmp/portage/sci-geosciences/geocode-glib-3.26.2/work/geocode-glib-3.26.2-build/../geocode-glib-3.26.2/geocode-glib/geocode-backend.h /tmp/portage/sci-geosciences/geocode-glib-3.26.2/work/geocode-glib-3.26.2-build/../geocode-glib-3.26.2/geocode-glib/geocode-mock-backend.h /tmp/portage/sci-geosciences/geocode-glib-3.26.2/work/geocode-glib-3.26.2-build/../geocode-glib-3.26.2/geocode-glib/geocode-nominatim.h
[2/16] x86_64-pc-linux-gnu-gcc -Igeocode-glib/cd61181@@geocode-glib@sha -Igeocode-glib -I../geocode-glib-3.26.2/geocode-glib -I. -I../geocode-glib-3.26.2 -I/usr/include/libmount -I/usr/include/blkid -I/usr/lib64/libffi/include -I/usr/include/glib-2.0 -I/usr/lib64/glib-2.0/include -I/usr/include/json-glib-1.0 -I/usr/include/libsoup-2.4 -I/usr/include/libxml2 -fdiagnostics-color=always -pipe -D_FILE_OFFSET_BITS=64 -Wall -Wchar-subscripts -Wmissing-declarations -Wmissing-prototypes -Wnested-externs -Wpointer-arith -Wcast-align -Wsign-compare -Wredundant-decls -fno-strict-aliasing -march=native -O3 -fgraphite-identity -floop-nest-optimize -fdevirtualize-at-ltrans -fipa-pta -fno-semantic-interposition -flto=12 -fno-plt -fno-signed-zeros -fno-trapping-math -fassociative-math -freciprocal-math -fno-math-errno -ffinite-math-only -fno-rounding-math -fno-signaling-nans -fcx-limited-range -fexcess-precision=fast -fuse-linker-plugin -g0 -falign-functions=32 -Wl,-O1 -Wl,--as-needed -Wl,-O4,--hash-style=gnu,--sort-common,--as-needed,-z,relro,-z,now,-lgomp,-lpthread -fPIC -pthread -MD -MQ 'geocode-glib/cd61181@@geocode-glib@sha/geocode-error.c.o' -MF 'geocode-glib/cd61181@@geocode-glib@sha/geocode-error.c.o.d' -o 'geocode-glib/cd61181@@geocode-glib@sha/geocode-error.c.o' -c ../geocode-glib-3.26.2/geocode-glib/geocode-error.c
[3/16] x86_64-pc-linux-gnu-gcc -Igeocode-glib/cd61181@@geocode-glib@sha -Igeocode-glib -I../geocode-glib-3.26.2/geocode-glib -I. -I../geocode-glib-3.26.2 -I/usr/include/libmount -I/usr/include/blkid -I/usr/lib64/libffi/include -I/usr/include/glib-2.0 -I/usr/lib64/glib-2.0/include -I/usr/include/json-glib-1.0 -I/usr/include/libsoup-2.4 -I/usr/include/libxml2 -fdiagnostics-color=always -pipe -D_FILE_OFFSET_BITS=64 -Wall -Wchar-subscripts -Wmissing-declarations -Wmissing-prototypes -Wnested-externs -Wpointer-arith -Wcast-align -Wsign-compare -Wredundant-decls -fno-strict-aliasing -march=native -O3 -fgraphite-identity -floop-nest-optimize -fdevirtualize-at-ltrans -fipa-pta -fno-semantic-interposition -flto=12 -fno-plt -fno-signed-zeros -fno-trapping-math -fassociative-math -freciprocal-math -fno-math-errno -ffinite-math-only -fno-rounding-math -fno-signaling-nans -fcx-limited-range -fexcess-precision=fast -fuse-linker-plugin -g0 -falign-functions=32 -Wl,-O1 -Wl,--as-needed -Wl,-O4,--hash-style=gnu,--sort-common,--as-needed,-z,relro,-z,now,-lgomp,-lpthread -fPIC -pthread -MD -MQ 'geocode-glib/cd61181@@geocode-glib@sha/geocode-bounding-box.c.o' -MF 'geocode-glib/cd61181@@geocode-glib@sha/geocode-bounding-box.c.o.d' -o 'geocode-glib/cd61181@@geocode-glib@sha/geocode-bounding-box.c.o' -c ../geocode-glib-3.26.2/geocode-glib/geocode-bounding-box.c
[01m[K../geocode-glib-3.26.2/geocode-glib/geocode-bounding-box.c:[m[K In function '[01m[Kgeocode_bounding_box_class_init[m[K':
[01m[K../geocode-glib-3.26.2/geocode-glib/geocode-bounding-box.c:176:9:[m[K [01;35m[Kwarning: [m[K'[01m[Kg_type_class_add_private[m[K' is deprecated [[01;35m[K-Wdeprecated-declarations[m[K]
  176 |         [01;35m[Kg_type_class_add_private[m[K (klass, sizeof (GeocodeBoundingBoxPrivate));
      |         [01;35m[K^~~~~~~~~~~~~~~~~~~~~~~~[m[K
In file included from [01m[K/usr/include/glib-2.0/gobject/gobject.h:24[m[K,
                 from [01m[K/usr/include/glib-2.0/gobject/gbinding.h:29[m[K,
                 from [01m[K/usr/include/glib-2.0/glib-object.h:22[m[K,
                 from [01m[K../geocode-glib-3.26.2/geocode-glib/geocode-bounding-box.h:26[m[K,
                 from [01m[K../geocode-glib-3.26.2/geocode-glib/geocode-bounding-box.c:23[m[K:
[01m[K/usr/include/glib-2.0/gobject/gtype.h:1308:10:[m[K [01;36m[Knote: [m[Kdeclared here
 1308 | void     [01;36m[Kg_type_class_add_private[m[K       (gpointer                    g_class,
      |          [01;36m[K^~~~~~~~~~~~~~~~~~~~~~~~[m[K
[01m[K../geocode-glib-3.26.2/geocode-glib/geocode-bounding-box.c:[m[K In function '[01m[Kgeocode_bounding_box_init[m[K':
[01m[K../geocode-glib-3.26.2/geocode-glib/geocode-bounding-box.c:249:13:[m[K [01;35m[Kwarning: [m[KDeprecated pre-processor symbol, replace with 
  249 |             [01;35m[K                                      GeocodeBou[m[KndingBoxPrivate);
      |             [01;35m[K^[m[K                                     [01;35m[K~~~~~~~~~~[m[K
[4/16] x86_64-pc-linux-gnu-gcc -Igeocode-glib/cd61181@@geocode-glib@sha -Igeocode-glib -I../geocode-glib-3.26.2/geocode-glib -I. -I../geocode-glib-3.26.2 -I/usr/include/libmount -I/usr/include/blkid -I/usr/lib64/libffi/include -I/usr/include/glib-2.0 -I/usr/lib64/glib-2.0/include -I/usr/include/json-glib-1.0 -I/usr/include/libsoup-2.4 -I/usr/include/libxml2 -fdiagnostics-color=always -pipe -D_FILE_OFFSET_BITS=64 -Wall -Wchar-subscripts -Wmissing-declarations -Wmissing-prototypes -Wnested-externs -Wpointer-arith -Wcast-align -Wsign-compare -Wredundant-decls -fno-strict-aliasing -march=native -O3 -fgraphite-identity -floop-nest-optimize -fdevirtualize-at-ltrans -fipa-pta -fno-semantic-interposition -flto=12 -fno-plt -fno-signed-zeros -fno-trapping-math -fassociative-math -freciprocal-math -fno-math-errno -ffinite-math-only -fno-rounding-math -fno-signaling-nans -fcx-limited-range -fexcess-precision=fast -fuse-linker-plugin -g0 -falign-functions=32 -Wl,-O1 -Wl,--as-needed -Wl,-O4,--hash-style=gnu,--sort-common,--as-needed,-z,relro,-z,now,-lgomp,-lpthread -fPIC -pthread -MD -MQ 'geocode-glib/cd61181@@geocode-glib@sha/geocode-location.c.o' -MF 'geocode-glib/cd61181@@geocode-glib@sha/geocode-location.c.o.d' -o 'geocode-glib/cd61181@@geocode-glib@sha/geocode-location.c.o' -c ../geocode-glib-3.26.2/geocode-glib/geocode-location.c
[01m[K../geocode-glib-3.26.2/geocode-glib/geocode-location.c:[m[K In function '[01m[Kgeocode_location_constructed[m[K':
[01m[K../geocode-glib-3.26.2/geocode-glib/geocode-location.c:209:9:[m[K [01;35m[Kwarning: [m[K'[01m[KGTimeVal[m[K' is deprecated: Use 'GDateTime' instead [[01;35m[K-Wdeprecated-declarations[m[K]
  209 |         [01;35m[KGTimeVal[m[K tv;
      |         [01;35m[K^~~~~~~~[m[K
In file included from [01m[K/usr/include/glib-2.0/glib/galloca.h:32[m[K,
                 from [01m[K/usr/include/glib-2.0/glib.h:30[m[K,
                 from [01m[K../geocode-glib-3.26.2/geocode-glib/geocode-error.h:26[m[K,
                 from [01m[K../geocode-glib-3.26.2/geocode-glib/geocode-location.c:24[m[K:
[01m[K/usr/include/glib-2.0/glib/gtypes.h:547:8:[m[K [01;36m[Knote: [m[Kdeclared here
  547 | struct [01;36m[K_GTimeVal[m[K
      |        [01;36m[K^~~~~~~~~[m[K
[01m[K../geocode-glib-3.26.2/geocode-glib/geocode-location.c:214:9:[m[K [01;35m[Kwarning: [m[K'[01m[Kg_get_current_time[m[K' is deprecated: Use 'g_get_real_time' instead [[01;35m[K-Wdeprecated-declarations[m[K]
  214 |         [01;35m[Kg_get_current_time[m[K (&tv);
      |         [01;35m[K^~~~~~~~~~~~~~~~~~[m[K
In file included from [01m[K/usr/include/glib-2.0/glib/giochannel.h:33[m[K,
                 from [01m[K/usr/include/glib-2.0/glib.h:54[m[K,
                 from [01m[K../geocode-glib-3.26.2/geocode-glib/geocode-error.h:26[m[K,
                 from [01m[K../geocode-glib-3.26.2/geocode-glib/geocode-location.c:24[m[K:
[01m[K/usr/include/glib-2.0/glib/gmain.h:679:8:[m[K [01;36m[Knote: [m[Kdeclared here
  679 | void   [01;36m[Kg_get_current_time[m[K                 (GTimeVal       *result);
      |        [01;36m[K^~~~~~~~~~~~~~~~~~[m[K
[01m[K../geocode-glib-3.26.2/geocode-glib/geocode-location.c:[m[K In function '[01m[Kgeocode_location_class_init[m[K':
[01m[K../geocode-glib-3.26.2/geocode-glib/geocode-location.c:546:9:[m[K [01;35m[Kwarning: [m[K'[01m[Kg_type_class_add_private[m[K' is deprecated [[01;35m[K-Wdeprecated-declarations[m[K]
  546 |         [01;35m[Kg_type_class_add_private[m[K (klass, sizeof (GeocodeLocationPrivate));
      |         [01;35m[K^~~~~~~~~~~~~~~~~~~~~~~~[m[K
In file included from [01m[K/usr/include/glib-2.0/gobject/gobject.h:24[m[K,
                 from [01m[K/usr/include/glib-2.0/gobject/gbinding.h:29[m[K,
                 from [01m[K/usr/include/glib-2.0/glib-object.h:22[m[K,
                 from [01m[K./geocode-glib/geocode-enum-types.h:7[m[K,
                 from [01m[K../geocode-glib-3.26.2/geocode-glib/geocode-location.c:25[m[K:
[01m[K/usr/include/glib-2.0/gobject/gtype.h:1308:10:[m[K [01;36m[Knote: [m[Kdeclared here
 1308 | void     [01;36m[Kg_type_class_add_private[m[K       (gpointer                    g_class,
      |          [01;36m[K^~~~~~~~~~~~~~~~~~~~~~~~[m[K
[01m[K../geocode-glib-3.26.2/geocode-glib/geocode-location.c:[m[K In function '[01m[Kgeocode_location_init[m[K':
[01m[K../geocode-glib-3.26.2/geocode-glib/geocode-location.c:665:13:[m[K [01;35m[Kwarning: [m[KDeprecated pre-processor symbol, replace with 
  665 |             [01;35m[K                                          Geocod[m[KeLocationPrivate);
      |             [01;35m[K^[m[K                                         [01;35m[K~~~~~~[m[K
[5/16] x86_64-pc-linux-gnu-gcc -Igeocode-glib/cd61181@@geocode-glib@sha -Igeocode-glib -I../geocode-glib-3.26.2/geocode-glib -I. -I../geocode-glib-3.26.2 -I/usr/include/libmount -I/usr/include/blkid -I/usr/lib64/libffi/include -I/usr/include/glib-2.0 -I/usr/lib64/glib-2.0/include -I/usr/include/json-glib-1.0 -I/usr/include/libsoup-2.4 -I/usr/include/libxml2 -fdiagnostics-color=always -pipe -D_FILE_OFFSET_BITS=64 -Wall -Wchar-subscripts -Wmissing-declarations -Wmissing-prototypes -Wnested-externs -Wpointer-arith -Wcast-align -Wsign-compare -Wredundant-decls -fno-strict-aliasing -march=native -O3 -fgraphite-identity -floop-nest-optimize -fdevirtualize-at-ltrans -fipa-pta -fno-semantic-interposition -flto=12 -fno-plt -fno-signed-zeros -fno-trapping-math -fassociative-math -freciprocal-math -fno-math-errno -ffinite-math-only -fno-rounding-math -fno-signaling-nans -fcx-limited-range -fexcess-precision=fast -fuse-linker-plugin -g0 -falign-functions=32 -Wl,-O1 -Wl,--as-needed -Wl,-O4,--hash-style=gnu,--sort-common,--as-needed,-z,relro,-z,now,-lgomp,-lpthread -fPIC -pthread -MD -MQ 'geocode-glib/cd61181@@geocode-glib@sha/geocode-backend.c.o' -MF 'geocode-glib/cd61181@@geocode-glib@sha/geocode-backend.c.o.d' -o 'geocode-glib/cd61181@@geocode-glib@sha/geocode-backend.c.o' -c ../geocode-glib-3.26.2/geocode-glib/geocode-backend.c
[6/16] x86_64-pc-linux-gnu-gcc -Igeocode-glib/cd61181@@geocode-glib@sha -Igeocode-glib -I../geocode-glib-3.26.2/geocode-glib -I. -I../geocode-glib-3.26.2 -I/usr/include/libmount -I/usr/include/blkid -I/usr/lib64/libffi/include -I/usr/include/glib-2.0 -I/usr/lib64/glib-2.0/include -I/usr/include/json-glib-1.0 -I/usr/include/libsoup-2.4 -I/usr/include/libxml2 -fdiagnostics-color=always -pipe -D_FILE_OFFSET_BITS=64 -Wall -Wchar-subscripts -Wmissing-declarations -Wmissing-prototypes -Wnested-externs -Wpointer-arith -Wcast-align -Wsign-compare -Wredundant-decls -fno-strict-aliasing -march=native -O3 -fgraphite-identity -floop-nest-optimize -fdevirtualize-at-ltrans -fipa-pta -fno-semantic-interposition -flto=12 -fno-plt -fno-signed-zeros -fno-trapping-math -fassociative-math -freciprocal-math -fno-math-errno -ffinite-math-only -fno-rounding-math -fno-signaling-nans -fcx-limited-range -fexcess-precision=fast -fuse-linker-plugin -g0 -falign-functions=32 -Wl,-O1 -Wl,--as-needed -Wl,-O4,--hash-style=gnu,--sort-common,--as-needed,-z,relro,-z,now,-lgomp,-lpthread -fPIC -pthread -MD -MQ 'geocode-glib/cd61181@@geocode-glib@sha/geocode-reverse.c.o' -MF 'geocode-glib/cd61181@@geocode-glib@sha/geocode-reverse.c.o.d' -o 'geocode-glib/cd61181@@geocode-glib@sha/geocode-reverse.c.o' -c ../geocode-glib-3.26.2/geocode-glib/geocode-reverse.c
[01m[K../geocode-glib-3.26.2/geocode-glib/geocode-reverse.c:[m[K In function '[01m[Kgeocode_reverse_class_init[m[K':
[01m[K../geocode-glib-3.26.2/geocode-glib/geocode-reverse.c:73:2:[m[K [01;35m[Kwarning: [m[K'[01m[Kg_type_class_add_private[m[K' is deprecated [[01;35m[K-Wdeprecated-declarations[m[K]
   73 |  [01;35m[Kg_type_class_add_private[m[K (klass, sizeof (GeocodeReversePrivate));
      |  [01;35m[K^~~~~~~~~~~~~~~~~~~~~~~~[m[K
In file included from [01m[K/usr/include/glib-2.0/gobject/gobject.h:24[m[K,
                 from [01m[K/usr/include/glib-2.0/gobject/gbinding.h:29[m[K,
                 from [01m[K/usr/include/glib-2.0/glib-object.h:22[m[K,
                 from [01m[K/usr/include/glib-2.0/gio/gioenums.h:28[m[K,
                 from [01m[K/usr/include/glib-2.0/gio/giotypes.h:28[m[K,
                 from [01m[K/usr/include/glib-2.0/gio/gio.h:26[m[K,
                 from [01m[K../geocode-glib-3.26.2/geocode-glib/geocode-reverse.c:27[m[K:
[01m[K/usr/include/glib-2.0/gobject/gtype.h:1308:10:[m[K [01;36m[Knote: [m[Kdeclared here
 1308 | void     [01;36m[Kg_type_class_add_private[m[K       (gpointer                    g_class,
      |          [01;36m[K^~~~~~~~~~~~~~~~~~~~~~~~[m[K
[01m[K../geocode-glib-3.26.2/geocode-glib/geocode-reverse.c:[m[K In function '[01m[Kgeocode_reverse_init[m[K':
[01m[K../geocode-glib-3.26.2/geocode-glib/geocode-reverse.c:79:13:[m[K [01;35m[Kwarning: [m[KDeprecated pre-processor symbol, replace with 
   79 |  object->pri[01;35m[Kv = G_TYPE_INSTANCE_GET_PRIVATE ((object), GEOCO[m[KDE_TYPE_REVERSE, GeocodeReversePrivate);
      |             [01;35m[K^~~~~~~~~~~~~~~~~~~~~~~~~~~~~~~~~~~~~~~~~~~~~~~~[m[K
[7/16] x86_64-pc-linux-gnu-gcc -Igeocode-glib/cd61181@@geocode-glib@sha -Igeocode-glib -I../geocode-glib-3.26.2/geocode-glib -I. -I../geocode-glib-3.26.2 -I/usr/include/libmount -I/usr/include/blkid -I/usr/lib64/libffi/include -I/usr/include/glib-2.0 -I/usr/lib64/glib-2.0/include -I/usr/include/json-glib-1.0 -I/usr/include/libsoup-2.4 -I/usr/include/libxml2 -fdiagnostics-color=always -pipe -D_FILE_OFFSET_BITS=64 -Wall -Wchar-subscripts -Wmissing-declarations -Wmissing-prototypes -Wnested-externs -Wpointer-arith -Wcast-align -Wsign-compare -Wredundant-decls -fno-strict-aliasing -march=native -O3 -fgraphite-identity -floop-nest-optimize -fdevirtualize-at-ltrans -fipa-pta -fno-semantic-interposition -flto=12 -fno-plt -fno-signed-zeros -fno-trapping-math -fassociative-math -freciprocal-math -fno-math-errno -ffinite-math-only -fno-rounding-math -fno-signaling-nans -fcx-limited-range -fexcess-precision=fast -fuse-linker-plugin -g0 -falign-functions=32 -Wl,-O1 -Wl,--as-needed -Wl,-O4,--hash-style=gnu,--sort-common,--as-needed,-z,relro,-z,now,-lgomp,-lpthread -fPIC -pthread -MD -MQ 'geocode-glib/cd61181@@geocode-glib@sha/geocode-forward.c.o' -MF 'geocode-glib/cd61181@@geocode-glib@sha/geocode-forward.c.o.d' -o 'geocode-glib/cd61181@@geocode-glib@sha/geocode-forward.c.o' -c ../geocode-glib-3.26.2/geocode-glib/geocode-forward.c
[01m[K../geocode-glib-3.26.2/geocode-glib/geocode-forward.c:[m[K In function '[01m[Kgeocode_forward_class_init[m[K':
[01m[K../geocode-glib-3.26.2/geocode-glib/geocode-forward.c:147:2:[m[K [01;35m[Kwarning: [m[K'[01m[Kg_type_class_add_private[m[K' is deprecated [[01;35m[K-Wdeprecated-declarations[m[K]
  147 |  [01;35m[Kg_type_class_add_private[m[K (klass, sizeof (GeocodeForwardPrivate));
      |  [01;35m[K^~~~~~~~~~~~~~~~~~~~~~~~[m[K
In file included from [01m[K/usr/include/glib-2.0/gobject/gobject.h:24[m[K,
                 from [01m[K/usr/include/glib-2.0/gobject/gbinding.h:29[m[K,
                 from [01m[K/usr/include/glib-2.0/glib-object.h:22[m[K,
                 from [01m[K/usr/include/glib-2.0/gio/gioenums.h:28[m[K,
                 from [01m[K/usr/include/glib-2.0/gio/giotypes.h:28[m[K,
                 from [01m[K/usr/include/glib-2.0/gio/gio.h:26[m[K,
                 from [01m[K../geocode-glib-3.26.2/geocode-glib/geocode-forward.c:27[m[K:
[01m[K/usr/include/glib-2.0/gobject/gtype.h:1308:10:[m[K [01;36m[Knote: [m[Kdeclared here
 1308 | void     [01;36m[Kg_type_class_add_private[m[K       (gpointer                    g_class,
      |          [01;36m[K^~~~~~~~~~~~~~~~~~~~~~~~[m[K
[01m[K../geocode-glib-3.26.2/geocode-glib/geocode-forward.c:[m[K In function '[01m[Kgeocode_forward_init[m[K':
[01m[K../geocode-glib-3.26.2/geocode-glib/geocode-forward.c:206:13:[m[K [01;35m[Kwarning: [m[KDeprecated pre-processor symbol, replace with 
  206 |  forward->pr[01;35m[Kiv = G_TYPE_INSTANCE_GET_PRIVATE ((forward), GEO[m[KCODE_TYPE_FORWARD, GeocodeForwardPrivate);
      |             [01;35m[K^~~~~~~~~~~~~~~~~~~~~~~~~~~~~~~~~~~~~~~~~~~~~~~~[m[K
[8/16] x86_64-pc-linux-gnu-gcc -Igeocode-glib/cd61181@@geocode-glib@sha -Igeocode-glib -I../geocode-glib-3.26.2/geocode-glib -I. -I../geocode-glib-3.26.2 -I/usr/include/libmount -I/usr/include/blkid -I/usr/lib64/libffi/include -I/usr/include/glib-2.0 -I/usr/lib64/glib-2.0/include -I/usr/include/json-glib-1.0 -I/usr/include/libsoup-2.4 -I/usr/include/libxml2 -fdiagnostics-color=always -pipe -D_FILE_OFFSET_BITS=64 -Wall -Wchar-subscripts -Wmissing-declarations -Wmissing-prototypes -Wnested-externs -Wpointer-arith -Wcast-align -Wsign-compare -Wredundant-decls -fno-strict-aliasing -march=native -O3 -fgraphite-identity -floop-nest-optimize -fdevirtualize-at-ltrans -fipa-pta -fno-semantic-interposition -flto=12 -fno-plt -fno-signed-zeros -fno-trapping-math -fassociative-math -freciprocal-math -fno-math-errno -ffinite-math-only -fno-rounding-math -fno-signaling-nans -fcx-limited-range -fexcess-precision=fast -fuse-linker-plugin -g0 -falign-functions=32 -Wl,-O1 -Wl,--as-needed -Wl,-O4,--hash-style=gnu,--sort-common,--as-needed,-z,relro,-z,now,-lgomp,-lpthread -fPIC -pthread -MD -MQ 'geocode-glib/cd61181@@geocode-glib@sha/geocode-glib.c.o' -MF 'geocode-glib/cd61181@@geocode-glib@sha/geocode-glib.c.o.d' -o 'geocode-glib/cd61181@@geocode-glib@sha/geocode-glib.c.o' -c ../geocode-glib-3.26.2/geocode-glib/geocode-glib.c
[9/16] x86_64-pc-linux-gnu-gcc -Igeocode-glib/cd61181@@geocode-glib@sha -Igeocode-glib -I../geocode-glib-3.26.2/geocode-glib -I. -I../geocode-glib-3.26.2 -I/usr/include/libmount -I/usr/include/blkid -I/usr/lib64/libffi/include -I/usr/include/glib-2.0 -I/usr/lib64/glib-2.0/include -I/usr/include/json-glib-1.0 -I/usr/include/libsoup-2.4 -I/usr/include/libxml2 -fdiagnostics-color=always -pipe -D_FILE_OFFSET_BITS=64 -Wall -Wchar-subscripts -Wmissing-declarations -Wmissing-prototypes -Wnested-externs -Wpointer-arith -Wcast-align -Wsign-compare -Wredundant-decls -fno-strict-aliasing -march=native -O3 -fgraphite-identity -floop-nest-optimize -fdevirtualize-at-ltrans -fipa-pta -fno-semantic-interposition -flto=12 -fno-plt -fno-signed-zeros -fno-trapping-math -fassociative-math -freciprocal-math -fno-math-errno -ffinite-math-only -fno-rounding-math -fno-signaling-nans -fcx-limited-range -fexcess-precision=fast -fuse-linker-plugin -g0 -falign-functions=32 -Wl,-O1 -Wl,--as-needed -Wl,-O4,--hash-style=gnu,--sort-common,--as-needed,-z,relro,-z,now,-lgomp,-lpthread -fPIC -pthread -MD -MQ 'geocode-glib/cd61181@@geocode-glib@sha/geocode-mock-backend.c.o' -MF 'geocode-glib/cd61181@@geocode-glib@sha/geocode-mock-backend.c.o.d' -o 'geocode-glib/cd61181@@geocode-glib@sha/geocode-mock-backend.c.o' -c ../geocode-glib-3.26.2/geocode-glib/geocode-mock-backend.c
[10/16] x86_64-pc-linux-gnu-gcc -Igeocode-glib/cd61181@@geocode-glib@sha -Igeocode-glib -I../geocode-glib-3.26.2/geocode-glib -I. -I../geocode-glib-3.26.2 -I/usr/include/libmount -I/usr/include/blkid -I/usr/lib64/libffi/include -I/usr/include/glib-2.0 -I/usr/lib64/glib-2.0/include -I/usr/include/json-glib-1.0 -I/usr/include/libsoup-2.4 -I/usr/include/libxml2 -fdiagnostics-color=always -pipe -D_FILE_OFFSET_BITS=64 -Wall -Wchar-subscripts -Wmissing-declarations -Wmissing-prototypes -Wnested-externs -Wpointer-arith -Wcast-align -Wsign-compare -Wredundant-decls -fno-strict-aliasing -march=native -O3 -fgraphite-identity -floop-nest-optimize -fdevirtualize-at-ltrans -fipa-pta -fno-semantic-interposition -flto=12 -fno-plt -fno-signed-zeros -fno-trapping-math -fassociative-math -freciprocal-math -fno-math-errno -ffinite-math-only -fno-rounding-math -fno-signaling-nans -fcx-limited-range -fexcess-precision=fast -fuse-linker-plugin -g0 -falign-functions=32 -Wl,-O1 -Wl,--as-needed -Wl,-O4,--hash-style=gnu,--sort-common,--as-needed,-z,relro,-z,now,-lgomp,-lpthread -fPIC -pthread -MD -MQ 'geocode-glib/cd61181@@geocode-glib@sha/geocode-place.c.o' -MF 'geocode-glib/cd61181@@geocode-glib@sha/geocode-place.c.o.d' -o 'geocode-glib/cd61181@@geocode-glib@sha/geocode-place.c.o' -c ../geocode-glib-3.26.2/geocode-glib/geocode-place.c
[01m[K../geocode-glib-3.26.2/geocode-glib/geocode-place.c:[m[K In function '[01m[Kgeocode_place_class_init[m[K':
[01m[K../geocode-glib-3.26.2/geocode-glib/geocode-place.c:327:9:[m[K [01;35m[Kwarning: [m[K'[01m[Kg_type_class_add_private[m[K' is deprecated [[01;35m[K-Wdeprecated-declarations[m[K]
  327 |         [01;35m[Kg_type_class_add_private[m[K (klass, sizeof (GeocodePlacePrivate));
      |         [01;35m[K^~~~~~~~~~~~~~~~~~~~~~~~[m[K
In file included from [01m[K/usr/include/glib-2.0/gobject/gobject.h:24[m[K,
                 from [01m[K/usr/include/glib-2.0/gobject/gbinding.h:29[m[K,
                 from [01m[K/usr/include/glib-2.0/glib-object.h:22[m[K,
                 from [01m[K/usr/include/glib-2.0/gio/gioenums.h:28[m[K,
                 from [01m[K/usr/include/glib-2.0/gio/giotypes.h:28[m[K,
                 from [01m[K/usr/include/glib-2.0/gio/gio.h:26[m[K,
                 from [01m[K../geocode-glib-3.26.2/geocode-glib/geocode-place.c:24[m[K:
[01m[K/usr/include/glib-2.0/gobject/gtype.h:1308:10:[m[K [01;36m[Knote: [m[Kdeclared here
 1308 | void     [01;36m[Kg_type_class_add_private[m[K       (gpointer                    g_class,
      |          [01;36m[K^~~~~~~~~~~~~~~~~~~~~~~~[m[K
[01m[K../geocode-glib-3.26.2/geocode-glib/geocode-place.c:[m[K In function '[01m[Kgeocode_place_init[m[K':
[01m[K../geocode-glib-3.26.2/geocode-glib/geocode-place.c:585:13:[m[K [01;35m[Kwarning: [m[KDeprecated pre-processor symbol, replace with 
  585 |             [01;35m[K                                          Geocod[m[KePlacePrivate);
      |             [01;35m[K^[m[K                                         [01;35m[K~~~~~~[m[K
[11/16] x86_64-pc-linux-gnu-gcc -Igeocode-glib/cd61181@@geocode-glib@sha -Igeocode-glib -I../geocode-glib-3.26.2/geocode-glib -I. -I../geocode-glib-3.26.2 -I/usr/include/libmount -I/usr/include/blkid -I/usr/lib64/libffi/include -I/usr/include/glib-2.0 -I/usr/lib64/glib-2.0/include -I/usr/include/json-glib-1.0 -I/usr/include/libsoup-2.4 -I/usr/include/libxml2 -fdiagnostics-color=always -pipe -D_FILE_OFFSET_BITS=64 -Wall -Wchar-subscripts -Wmissing-declarations -Wmissing-prototypes -Wnested-externs -Wpointer-arith -Wcast-align -Wsign-compare -Wredundant-decls -fno-strict-aliasing -march=native -O3 -fgraphite-identity -floop-nest-optimize -fdevirtualize-at-ltrans -fipa-pta -fno-semantic-interposition -flto=12 -fno-plt -fno-signed-zeros -fno-trapping-math -fassociative-math -freciprocal-math -fno-math-errno -ffinite-math-only -fno-rounding-math -fno-signaling-nans -fcx-limited-range -fexcess-precision=fast -fuse-linker-plugin -g0 -falign-functions=32 -Wl,-O1 -Wl,--as-needed -Wl,-O4,--hash-style=gnu,--sort-common,--as-needed,-z,relro,-z,now,-lgomp,-lpthread -fPIC -pthread -MD -MQ 'geocode-glib/cd61181@@geocode-glib@sha/geocode-nominatim.c.o' -MF 'geocode-glib/cd61181@@geocode-glib@sha/geocode-nominatim.c.o.d' -o 'geocode-glib/cd61181@@geocode-glib@sha/geocode-nominatim.c.o' -c ../geocode-glib-3.26.2/geocode-glib/geocode-nominatim.c
[12/16] /usr/lib/python-exec/python3.8/meson --internal exe --capture geocode-glib/geocode-enum-types.c -- /usr/bin/glib-mkenums --template /tmp/portage/sci-geosciences/geocode-glib-3.26.2/work/geocode-glib-3.26.2-build/../geocode-glib-3.26.2/geocode-glib/geocode-enum-types.c.in /tmp/portage/sci-geosciences/geocode-glib-3.26.2/work/geocode-glib-3.26.2-build/../geocode-glib-3.26.2/geocode-glib/geocode-glib.h /tmp/portage/sci-geosciences/geocode-glib-3.26.2/work/geocode-glib-3.26.2-build/../geocode-glib-3.26.2/geocode-glib/geocode-location.h /tmp/portage/sci-geosciences/geocode-glib-3.26.2/work/geocode-glib-3.26.2-build/../geocode-glib-3.26.2/geocode-glib/geocode-forward.h /tmp/portage/sci-geosciences/geocode-glib-3.26.2/work/geocode-glib-3.26.2-build/../geocode-glib-3.26.2/geocode-glib/geocode-reverse.h /tmp/portage/sci-geosciences/geocode-glib-3.26.2/work/geocode-glib-3.26.2-build/../geocode-glib-3.26.2/geocode-glib/geocode-error.h /tmp/portage/sci-geosciences/geocode-glib-3.26.2/work/geocode-glib-3.26.2-build/../geocode-glib-3.26.2/geocode-glib/geocode-place.h /tmp/portage/sci-geosciences/geocode-glib-3.26.2/work/geocode-glib-3.26.2-build/../geocode-glib-3.26.2/geocode-glib/geocode-bounding-box.h /tmp/portage/sci-geosciences/geocode-glib-3.26.2/work/geocode-glib-3.26.2-build/../geocode-glib-3.26.2/geocode-glib/geocode-backend.h /tmp/portage/sci-geosciences/geocode-glib-3.26.2/work/geocode-glib-3.26.2-build/../geocode-glib-3.26.2/geocode-glib/geocode-mock-backend.h /tmp/portage/sci-geosciences/geocode-glib-3.26.2/work/geocode-glib-3.26.2-build/../geocode-glib-3.26.2/geocode-glib/geocode-nominatim.h
[13/16] x86_64-pc-linux-gnu-gcc -Igeocode-glib/cd61181@@geocode-glib@sha -Igeocode-glib -I../geocode-glib-3.26.2/geocode-glib -I. -I../geocode-glib-3.26.2 -I/usr/include/libmount -I/usr/include/blkid -I/usr/lib64/libffi/include -I/usr/include/glib-2.0 -I/usr/lib64/glib-2.0/include -I/usr/include/json-glib-1.0 -I/usr/include/libsoup-2.4 -I/usr/include/libxml2 -fdiagnostics-color=always -pipe -D_FILE_OFFSET_BITS=64 -Wall -Wchar-subscripts -Wmissing-declarations -Wmissing-prototypes -Wnested-externs -Wpointer-arith -Wcast-align -Wsign-compare -Wredundant-decls -fno-strict-aliasing -march=native -O3 -fgraphite-identity -floop-nest-optimize -fdevirtualize-at-ltrans -fipa-pta -fno-semantic-interposition -flto=12 -fno-plt -fno-signed-zeros -fno-trapping-math -fassociative-math -freciprocal-math -fno-math-errno -ffinite-math-only -fno-rounding-math -fno-signaling-nans -fcx-limited-range -fexcess-precision=fast -fuse-linker-plugin -g0 -falign-functions=32 -Wl,-O1 -Wl,--as-needed -Wl,-O4,--hash-style=gnu,--sort-common,--as-needed,-z,relro,-z,now,-lgomp,-lpthread -fPIC -pthread -MD -MQ 'geocode-glib/cd61181@@geocode-glib@sha/meson-generated_.._geocode-enum-types.c.o' -MF 'geocode-glib/cd61181@@geocode-glib@sha/meson-generated_.._geocode-enum-types.c.o.d' -o 'geocode-glib/cd61181@@geocode-glib@sha/meson-generated_.._geocode-enum-types.c.o' -c geocode-glib/geocode-enum-types.c
[14/16] x86_64-pc-linux-gnu-gcc  -o geocode-glib/libgeocode-glib.so.0.0.0 'geocode-glib/cd61181@@geocode-glib@sha/meson-generated_.._geocode-enum-types.c.o' 'geocode-glib/cd61181@@geocode-glib@sha/geocode-location.c.o' 'geocode-glib/cd61181@@geocode-glib@sha/geocode-forward.c.o' 'geocode-glib/cd61181@@geocode-glib@sha/geocode-reverse.c.o' 'geocode-glib/cd61181@@geocode-glib@sha/geocode-glib.c.o' 'geocode-glib/cd61181@@geocode-glib@sha/geocode-error.c.o' 'geocode-glib/cd61181@@geocode-glib@sha/geocode-place.c.o' 'geocode-glib/cd61181@@geocode-glib@sha/geocode-bounding-box.c.o' 'geocode-glib/cd61181@@geocode-glib@sha/geocode-backend.c.o' 'geocode-glib/cd61181@@geocode-glib@sha/geocode-mock-backend.c.o' 'geocode-glib/cd61181@@geocode-glib@sha/geocode-nominatim.c.o' -Wl,--as-needed -Wl,--no-undefined -shared -fPIC -Wl,--start-group -Wl,-soname,libgeocode-glib.so.0 -march=native -O3 -fgraphite-identity -floop-nest-optimize -fdevirtualize-at-ltrans -fipa-pta -fno-semantic-interposition -flto=12 -fno-plt -fno-signed-zeros -fno-trapping-math -fassociative-math -freciprocal-math -fno-math-errno -ffinite-math-only -fno-rounding-math -fno-signaling-nans -fcx-limited-range -fexcess-precision=fast -fuse-linker-plugin -pipe -g0 -falign-functions=32 -Wl,-O1 -Wl,--as-needed -Wl,-O4,--hash-style=gnu,--sort-common,--as-needed,-z,relro,-z,now,-lgomp,-lpthread -Wl,-O1 -Wl,--as-needed -Wl,-O4,--hash-style=gnu,--sort-common,--as-needed,-z,relro,-z,now,-lgomp,-lpthread -march=native -O3 -fgraphite-identity -floop-nest-optimize -fdevirtualize-at-ltrans -fipa-pta -fno-semantic-interposition -flto=12 -fno-plt -fno-signed-zeros -fno-trapping-math -fassociative-math -freciprocal-math -fno-math-errno -ffinite-math-only -fno-rounding-math -fno-signaling-nans -fcx-limited-range -fexcess-precision=fast -fuse-linker-plugin -g0 -falign-functions=32 -Wl,--version-script,/tmp/portage/sci-geosciences/geocode-glib-3.26.2/work/geocode-glib-3.26.2/geocode-glib/geocode-glib.map /usr/lib64/libgio-2.0.so /usr/lib64/libgobject-2.0.so /usr/lib64/libglib-2.0.so /usr/lib64/libjson-glib-1.0.so /usr/lib64/libsoup-2.4.so -lm -Wl,--end-group
[15/16] /usr/bin/g-ir-scanner -pthread -I/usr/include/gobject-introspection-1.0 -I/usr/lib64/libffi/include -I/usr/include/glib-2.0 -I/usr/lib64/glib-2.0/include --no-libtool --namespace=GeocodeGlib --nsversion=1.0 --warn-all --output geocode-glib/GeocodeGlib-1.0.gir --quiet --c-include=geocode-glib/geocode-glib.h -I/tmp/portage/sci-geosciences/geocode-glib-3.26.2/work/geocode-glib-3.26.2/geocode-glib -I/tmp/portage/sci-geosciences/geocode-glib-3.26.2/work/geocode-glib-3.26.2-build/geocode-glib -I./geocode-glib/.. -I../geocode-glib-3.26.2/geocode-glib/.. --filelist=/tmp/portage/sci-geosciences/geocode-glib-3.26.2/work/geocode-glib-3.26.2-build/geocode-glib/cd61181@@geocode-glib@sha/GeocodeGlib_1.0_gir_filelist --include=GObject-2.0 --include=Gio-2.0 --include=Json-1.0 --include=Soup-2.4 --symbol-prefix=geocode --identifier-prefix=Geocode --pkg-export=geocode-glib-1.0 --cflags-begin -Wall -Wchar-subscripts -Wmissing-declarations -Wmissing-prototypes -Wnested-externs -Wpointer-arith -Wcast-align -Wsign-compare -Wredundant-decls -fno-strict-aliasing -I./geocode-glib/.. -I../geocode-glib-3.26.2/geocode-glib/.. -I/usr/include/libmount -I/usr/include/blkid -I/usr/lib64/libffi/include -I/usr/include/glib-2.0 -I/usr/lib64/glib-2.0/include -I/usr/include/json-glib-1.0 -I/usr/include/libsoup-2.4 -I/usr/include/libxml2 --cflags-end --library geocode-glib -L/tmp/portage/sci-geosciences/geocode-glib-3.26.2/work/geocode-glib-3.26.2-build/geocode-glib --extra-library=gio-2.0 --extra-library=gobject-2.0 --extra-library=glib-2.0 --extra-library=json-glib-1.0 --extra-library=soup-2.4 --extra-library=m --sources-top-dirs /tmp/portage/sci-geosciences/geocode-glib-3.26.2/work/geocode-glib-3.26.2/subprojects/ --sources-top-dirs /tmp/portage/sci-geosciences/geocode-glib-3.26.2/work/geocode-glib-3.26.2-build/subprojects/
[16/16] /usr/bin/g-ir-compiler geocode-glib/GeocodeGlib-1.0.gir --output geocode-glib/GeocodeGlib-1.0.typelib
>>> Source compiled.
 * Skipping make test/check due to ebuild restriction.
>>> Test phase [disabled because of RESTRICT=test]: sci-geosciences/geocode-glib-3.26.2

>>> Install sci-geosciences/geocode-glib-3.26.2 into /tmp/portage/sci-geosciences/geocode-glib-3.26.2/image
ninja -v -j12 -l12 -C /tmp/portage/sci-geosciences/geocode-glib-3.26.2/work/geocode-glib-3.26.2-build install
ninja: Entering directory `/tmp/portage/sci-geosciences/geocode-glib-3.26.2/work/geocode-glib-3.26.2-build'
[0/1] /usr/lib/python-exec/python3.8/meson install --no-rebuild
Installing geocode-glib/geocode-enum-types.h to /tmp/portage/sci-geosciences/geocode-glib-3.26.2/image/usr/include/geocode-glib-1.0/geocode-glib
Installing geocode-glib/libgeocode-glib.so.0.0.0 to /tmp/portage/sci-geosciences/geocode-glib-3.26.2/image/usr/lib64
Installing geocode-glib/GeocodeGlib-1.0.gir to /tmp/portage/sci-geosciences/geocode-glib-3.26.2/image/usr/share/gir-1.0
Installing geocode-glib/GeocodeGlib-1.0.typelib to /tmp/portage/sci-geosciences/geocode-glib-3.26.2/image/usr/lib64/girepository-1.0
Installing /tmp/portage/sci-geosciences/geocode-glib-3.26.2/work/geocode-glib-3.26.2/geocode-glib/geocode-glib.h to /tmp/portage/sci-geosciences/geocode-glib-3.26.2/image/usr/include/geocode-glib-1.0/geocode-glib
Installing /tmp/portage/sci-geosciences/geocode-glib-3.26.2/work/geocode-glib-3.26.2/geocode-glib/geocode-location.h to /tmp/portage/sci-geosciences/geocode-glib-3.26.2/image/usr/include/geocode-glib-1.0/geocode-glib
Installing /tmp/portage/sci-geosciences/geocode-glib-3.26.2/work/geocode-glib-3.26.2/geocode-glib/geocode-forward.h to /tmp/portage/sci-geosciences/geocode-glib-3.26.2/image/usr/include/geocode-glib-1.0/geocode-glib
Installing /tmp/portage/sci-geosciences/geocode-glib-3.26.2/work/geocode-glib-3.26.2/geocode-glib/geocode-reverse.h to /tmp/portage/sci-geosciences/geocode-glib-3.26.2/image/usr/include/geocode-glib-1.0/geocode-glib
Installing /tmp/portage/sci-geosciences/geocode-glib-3.26.2/work/geocode-glib-3.26.2/geocode-glib/geocode-error.h to /tmp/portage/sci-geosciences/geocode-glib-3.26.2/image/usr/include/geocode-glib-1.0/geocode-glib
Installing /tmp/portage/sci-geosciences/geocode-glib-3.26.2/work/geocode-glib-3.26.2/geocode-glib/geocode-place.h to /tmp/portage/sci-geosciences/geocode-glib-3.26.2/image/usr/include/geocode-glib-1.0/geocode-glib
Installing /tmp/portage/sci-geosciences/geocode-glib-3.26.2/work/geocode-glib-3.26.2/geocode-glib/geocode-bounding-box.h to /tmp/portage/sci-geosciences/geocode-glib-3.26.2/image/usr/include/geocode-glib-1.0/geocode-glib
Installing /tmp/portage/sci-geosciences/geocode-glib-3.26.2/work/geocode-glib-3.26.2/geocode-glib/geocode-backend.h to /tmp/portage/sci-geosciences/geocode-glib-3.26.2/image/usr/include/geocode-glib-1.0/geocode-glib
Installing /tmp/portage/sci-geosciences/geocode-glib-3.26.2/work/geocode-glib-3.26.2/geocode-glib/geocode-mock-backend.h to /tmp/portage/sci-geosciences/geocode-glib-3.26.2/image/usr/include/geocode-glib-1.0/geocode-glib
Installing /tmp/portage/sci-geosciences/geocode-glib-3.26.2/work/geocode-glib-3.26.2/geocode-glib/geocode-nominatim.h to /tmp/portage/sci-geosciences/geocode-glib-3.26.2/image/usr/include/geocode-glib-1.0/geocode-glib
Installing /tmp/portage/sci-geosciences/geocode-glib-3.26.2/work/geocode-glib-3.26.2-build/meson-private/geocode-glib-1.0.pc to /tmp/portage/sci-geosciences/geocode-glib-3.26.2/image/usr/lib64/pkgconfig
Installing /tmp/portage/sci-geosciences/geocode-glib-3.26.2/work/geocode-glib-3.26.2/icons/maki/poi-airport.svg to /tmp/portage/sci-geosciences/geocode-glib-3.26.2/image/usr/share/icons/gnome/scalable/places
Installing /tmp/portage/sci-geosciences/geocode-glib-3.26.2/work/geocode-glib-3.26.2/icons/maki/poi-building.svg to /tmp/portage/sci-geosciences/geocode-glib-3.26.2/image/usr/share/icons/gnome/scalable/places
Installing /tmp/portage/sci-geosciences/geocode-glib-3.26.2/work/geocode-glib-3.26.2/icons/maki/poi-bus-stop.svg to /tmp/portage/sci-geosciences/geocode-glib-3.26.2/image/usr/share/icons/gnome/scalable/places
Installing /tmp/portage/sci-geosciences/geocode-glib-3.26.2/work/geocode-glib-3.26.2/icons/maki/poi-car.svg to /tmp/portage/sci-geosciences/geocode-glib-3.26.2/image/usr/share/icons/gnome/scalable/places
Installing /tmp/portage/sci-geosciences/geocode-glib-3.26.2/work/geocode-glib-3.26.2/icons/maki/poi-marker.svg to /tmp/portage/sci-geosciences/geocode-glib-3.26.2/image/usr/share/icons/gnome/scalable/places
Installing /tmp/portage/sci-geosciences/geocode-glib-3.26.2/work/geocode-glib-3.26.2/icons/maki/poi-railway-station.svg to /tmp/portage/sci-geosciences/geocode-glib-3.26.2/image/usr/share/icons/gnome/scalable/places
Installing /tmp/portage/sci-geosciences/geocode-glib-3.26.2/work/geocode-glib-3.26.2/icons/maki/poi-town.svg to /tmp/portage/sci-geosciences/geocode-glib-3.26.2/image/usr/share/icons/gnome/scalable/places
Installing /tmp/portage/sci-geosciences/geocode-glib-3.26.2/work/geocode-glib-3.26.2/icons/maki/poi-school.svg to /tmp/portage/sci-geosciences/geocode-glib-3.26.2/image/usr/share/icons/gnome/scalable/places
Installing /tmp/portage/sci-geosciences/geocode-glib-3.26.2/work/geocode-glib-3.26.2/icons/maki/poi-place-of-worship.svg to /tmp/portage/sci-geosciences/geocode-glib-3.26.2/image/usr/share/icons/gnome/scalable/places
Installing /tmp/portage/sci-geosciences/geocode-glib-3.26.2/work/geocode-glib-3.26.2/icons/maki/poi-restaurant.svg to /tmp/portage/sci-geosciences/geocode-glib-3.26.2/image/usr/share/icons/gnome/scalable/places
Installing /tmp/portage/sci-geosciences/geocode-glib-3.26.2/work/geocode-glib-3.26.2/icons/maki/poi-bar.svg to /tmp/portage/sci-geosciences/geocode-glib-3.26.2/image/usr/share/icons/gnome/scalable/places
Installing /tmp/portage/sci-geosciences/geocode-glib-3.26.2/work/geocode-glib-3.26.2/icons/maki/poi-light-rail-station.svg to /tmp/portage/sci-geosciences/geocode-glib-3.26.2/image/usr/share/icons/gnome/scalable/places
Running custom install script '/usr/lib/python-exec/python3.8/meson --internal gettext install --subdir=po --localedir=share/locale --pkgname=geocode-glib-1.0'
Could not find file LINGUAS in /tmp/portage/sci-geosciences/geocode-glib-3.26.2/work/geocode-glib-3.26.2/po
>>> Completed installing sci-geosciences/geocode-glib-3.26.2 into /tmp/portage/sci-geosciences/geocode-glib-3.26.2/image

 * Final size of build directory: 2060 KiB (2.0 MiB)
 * Final size of installed tree:   632 KiB

strip: x86_64-pc-linux-gnu-strip --strip-unneeded -N __gentoo_check_ldflags__ -R .comment -R .GCC.command.line -R .note.gnu.gold-version
   /usr/lib64/libgeocode-glib.so.0.0.0
./
./usr/
./usr/include/
./usr/include/geocode-glib-1.0/
./usr/include/geocode-glib-1.0/geocode-glib/
./usr/include/geocode-glib-1.0/geocode-glib/geocode-error.h
./usr/include/geocode-glib-1.0/geocode-glib/geocode-location.h
./usr/include/geocode-glib-1.0/geocode-glib/geocode-enum-types.h
./usr/include/geocode-glib-1.0/geocode-glib/geocode-forward.h
./usr/include/geocode-glib-1.0/geocode-glib/geocode-backend.h
./usr/include/geocode-glib-1.0/geocode-glib/geocode-bounding-box.h
./usr/include/geocode-glib-1.0/geocode-glib/geocode-reverse.h
./usr/include/geocode-glib-1.0/geocode-glib/geocode-mock-backend.h
./usr/include/geocode-glib-1.0/geocode-glib/geocode-glib.h
./usr/include/geocode-glib-1.0/geocode-glib/geocode-place.h
./usr/include/geocode-glib-1.0/geocode-glib/geocode-nominatim.h
./usr/share/
./usr/share/icons/
./usr/share/icons/gnome/
./usr/share/icons/gnome/scalable/
./usr/share/icons/gnome/scalable/places/
./usr/share/icons/gnome/scalable/places/poi-car.svg
./usr/share/icons/gnome/scalable/places/poi-airport.svg
./usr/share/icons/gnome/scalable/places/poi-bus-stop.svg
./usr/share/icons/gnome/scalable/places/poi-restaurant.svg
./usr/share/icons/gnome/scalable/places/poi-railway-station.svg
./usr/share/icons/gnome/scalable/places/poi-school.svg
./usr/share/icons/gnome/scalable/places/poi-building.svg
./usr/share/icons/gnome/scalable/places/poi-marker.svg
./usr/share/icons/gnome/scalable/places/poi-bar.svg
./usr/share/icons/gnome/scalable/places/poi-town.svg
./usr/share/icons/gnome/scalable/places/poi-place-of-worship.svg
./usr/share/icons/gnome/scalable/places/poi-light-rail-station.svg
./usr/share/gir-1.0/
./usr/share/gir-1.0/GeocodeGlib-1.0.gir
./usr/share/doc/
./usr/share/doc/geocode-glib-3.26.2/
./usr/share/doc/geocode-glib-3.26.2/ChangeLog
./usr/share/doc/geocode-glib-3.26.2/TODO.bz2
./usr/share/doc/geocode-glib-3.26.2/README.bz2
./usr/share/doc/geocode-glib-3.26.2/AUTHORS
./usr/share/doc/geocode-glib-3.26.2/NEWS.bz2
./usr/lib64/
./usr/lib64/libgeocode-glib.so.0.0.0
./usr/lib64/libgeocode-glib.so.0
./usr/lib64/girepository-1.0/
./usr/lib64/girepository-1.0/GeocodeGlib-1.0.typelib
./usr/lib64/pkgconfig/
./usr/lib64/pkgconfig/geocode-glib-1.0.pc
./usr/lib64/libgeocode-glib.so
>>> Done.
 * checking 29 files for package collisions
>>> Merging sci-geosciences/geocode-glib-3.26.2 to /
 * removing unneeded *.la files
--- /usr/
--- /usr/lib64/
--- /usr/lib64/pkgconfig/
>>> /usr/lib64/pkgconfig/geocode-glib-1.0.pc
--- /usr/lib64/girepository-1.0/
>>> /usr/lib64/girepository-1.0/GeocodeGlib-1.0.typelib
>>> /usr/lib64/libgeocode-glib.so.0.0.0
--- /usr/share/
--- /usr/share/gir-1.0/
>>> /usr/share/gir-1.0/GeocodeGlib-1.0.gir
--- /usr/share/icons/
>>> /usr/share/icons/gnome/
>>> /usr/share/icons/gnome/scalable/
>>> /usr/share/icons/gnome/scalable/places/
>>> /usr/share/icons/gnome/scalable/places/poi-light-rail-station.svg
>>> /usr/share/icons/gnome/scalable/places/poi-place-of-worship.svg
>>> /usr/share/icons/gnome/scalable/places/poi-town.svg
>>> /usr/share/icons/gnome/scalable/places/poi-bar.svg
>>> /usr/share/icons/gnome/scalable/places/poi-marker.svg
>>> /usr/share/icons/gnome/scalable/places/poi-building.svg
>>> /usr/share/icons/gnome/scalable/places/poi-school.svg
>>> /usr/share/icons/gnome/scalable/places/poi-railway-station.svg
>>> /usr/share/icons/gnome/scalable/places/poi-restaurant.svg
>>> /usr/share/icons/gnome/scalable/places/poi-bus-stop.svg
>>> /usr/share/icons/gnome/scalable/places/poi-airport.svg
>>> /usr/share/icons/gnome/scalable/places/poi-car.svg
--- /usr/include/
>>> /usr/include/geocode-glib-1.0/
>>> /usr/include/geocode-glib-1.0/geocode-glib/
>>> /usr/include/geocode-glib-1.0/geocode-glib/geocode-nominatim.h
>>> /usr/include/geocode-glib-1.0/geocode-glib/geocode-place.h
>>> /usr/include/geocode-glib-1.0/geocode-glib/geocode-glib.h
>>> /usr/include/geocode-glib-1.0/geocode-glib/geocode-mock-backend.h
>>> /usr/include/geocode-glib-1.0/geocode-glib/geocode-reverse.h
>>> /usr/include/geocode-glib-1.0/geocode-glib/geocode-bounding-box.h
>>> /usr/include/geocode-glib-1.0/geocode-glib/geocode-backend.h
>>> /usr/include/geocode-glib-1.0/geocode-glib/geocode-forward.h
>>> /usr/include/geocode-glib-1.0/geocode-glib/geocode-enum-types.h
>>> /usr/include/geocode-glib-1.0/geocode-glib/geocode-location.h
>>> /usr/include/geocode-glib-1.0/geocode-glib/geocode-error.h
>>> /usr/lib64/libgeocode-glib.so.0 -> libgeocode-glib.so.0.0.0
>>> /usr/lib64/libgeocode-glib.so -> libgeocode-glib.so.0
 * Updating icons cache ...
 [ ok ]
>>> sci-geosciences/geocode-glib-3.26.2 merged.
>>> Regenerating /etc/ld.so.cache...
