No package files given... Grabbing a set.
--- replaced obj /usr/lib64/R/site-library/vctrs/libs/vctrs.so
--- replaced dir /usr/lib64/R/site-library/vctrs/libs
--- replaced obj /usr/lib64/R/site-library/vctrs/include/vctrs.h
--- replaced obj /usr/lib64/R/site-library/vctrs/include/vctrs.c
--- replaced dir /usr/lib64/R/site-library/vctrs/include
--- replaced obj /usr/lib64/R/site-library/vctrs/html/00Index.html
--- replaced dir /usr/lib64/R/site-library/vctrs/html
--- replaced obj /usr/lib64/R/site-library/vctrs/help/vctrs.rdx
--- replaced obj /usr/lib64/R/site-library/vctrs/help/vctrs.rdb
--- replaced obj /usr/lib64/R/site-library/vctrs/help/paths.rds
--- replaced obj /usr/lib64/R/site-library/vctrs/help/figures/sizes-recycling.png
--- replaced obj /usr/lib64/R/site-library/vctrs/help/figures/logo.png
--- replaced obj /usr/lib64/R/site-library/vctrs/help/figures/lifecycle-stable.svg
--- replaced obj /usr/lib64/R/site-library/vctrs/help/figures/lifecycle-soft-deprecated.svg
--- replaced obj /usr/lib64/R/site-library/vctrs/help/figures/lifecycle-questioning.svg
--- replaced obj /usr/lib64/R/site-library/vctrs/help/figures/lifecycle-maturing.svg
--- replaced obj /usr/lib64/R/site-library/vctrs/help/figures/lifecycle-experimental.svg
--- replaced obj /usr/lib64/R/site-library/vctrs/help/figures/lifecycle-deprecated.svg
--- replaced obj /usr/lib64/R/site-library/vctrs/help/figures/lifecycle-defunct.svg
--- replaced obj /usr/lib64/R/site-library/vctrs/help/figures/lifecycle-archived.svg
--- replaced obj /usr/lib64/R/site-library/vctrs/help/figures/combined.png
--- replaced obj /usr/lib64/R/site-library/vctrs/help/figures/coerce.png
--- replaced obj /usr/lib64/R/site-library/vctrs/help/figures/cast.png
--- replaced dir /usr/lib64/R/site-library/vctrs/help/figures
--- replaced obj /usr/lib64/R/site-library/vctrs/help/aliases.rds
--- replaced obj /usr/lib64/R/site-library/vctrs/help/AnIndex
--- replaced dir /usr/lib64/R/site-library/vctrs/help
--- replaced obj /usr/lib64/R/site-library/vctrs/doc/type-size.html
--- replaced obj /usr/lib64/R/site-library/vctrs/doc/type-size.Rmd
--- replaced obj /usr/lib64/R/site-library/vctrs/doc/type-size.R
--- replaced obj /usr/lib64/R/site-library/vctrs/doc/stability.html
--- replaced obj /usr/lib64/R/site-library/vctrs/doc/stability.Rmd
--- replaced obj /usr/lib64/R/site-library/vctrs/doc/stability.R
--- replaced obj /usr/lib64/R/site-library/vctrs/doc/s3-vector.html
--- replaced obj /usr/lib64/R/site-library/vctrs/doc/s3-vector.Rmd
--- replaced obj /usr/lib64/R/site-library/vctrs/doc/s3-vector.R
--- replaced obj /usr/lib64/R/site-library/vctrs/doc/pillar.html
--- replaced obj /usr/lib64/R/site-library/vctrs/doc/pillar.Rmd
--- replaced obj /usr/lib64/R/site-library/vctrs/doc/pillar.R
--- replaced obj /usr/lib64/R/site-library/vctrs/doc/index.html
--- replaced dir /usr/lib64/R/site-library/vctrs/doc
--- replaced obj /usr/lib64/R/site-library/vctrs/WORDLIST
--- replaced obj /usr/lib64/R/site-library/vctrs/R/vctrs.rdx
--- replaced obj /usr/lib64/R/site-library/vctrs/R/vctrs.rdb
--- replaced obj /usr/lib64/R/site-library/vctrs/R/vctrs
--- replaced dir /usr/lib64/R/site-library/vctrs/R
--- replaced obj /usr/lib64/R/site-library/vctrs/NEWS.md
--- replaced obj /usr/lib64/R/site-library/vctrs/NAMESPACE
--- replaced obj /usr/lib64/R/site-library/vctrs/Meta/vignette.rds
--- replaced obj /usr/lib64/R/site-library/vctrs/Meta/package.rds
--- replaced obj /usr/lib64/R/site-library/vctrs/Meta/nsInfo.rds
--- replaced obj /usr/lib64/R/site-library/vctrs/Meta/links.rds
--- replaced obj /usr/lib64/R/site-library/vctrs/Meta/hsearch.rds
--- replaced obj /usr/lib64/R/site-library/vctrs/Meta/features.rds
--- replaced obj /usr/lib64/R/site-library/vctrs/Meta/Rd.rds
--- replaced dir /usr/lib64/R/site-library/vctrs/Meta
--- replaced obj /usr/lib64/R/site-library/vctrs/INDEX
--- replaced obj /usr/lib64/R/site-library/vctrs/DESCRIPTION
--- replaced dir /usr/lib64/R/site-library/vctrs
--- replaced dir /usr/lib64/R/site-library
--- replaced dir /usr/lib64/R
--- replaced dir /usr/lib64
--- replaced dir /usr
>>> Regenerating /etc/ld.so.cache...
