 * Package:    sci-CRAN/dplyr-0.8.5
 * Repository: R_Overlay
 * USE:        abi_x86_64 amd64 elibc_glibc kernel_linux userland_GNU
 * FEATURES:   ccache network-sandbox preserve-libs sandbox userpriv usersandbox
 * FEATURES='assume-digests binpkg-docompress binpkg-dostrip binpkg-logs binpkg-multi-instance buildpkg ccache cgroup compress-index config-protect-if-modified distlocks downgrade-backup fixlafiles ipc-sandbox merge-sync multilib-strict network-sandbox news nodoc parallel-fetch parallel-install pid-sandbox preserve-libs qa-unresolved-soname-deps sandbox sfperms strict strict-keepdir unknown-features-warn unmerge-backup unmerge-logs unmerge-orphans userfetch userpriv usersandbox usersync xattr'
 * CFLAGS='-march=native -O3 -fgraphite-identity -floop-nest-optimize -fdevirtualize-at-ltrans -fipa-pta -fno-semantic-interposition -flto=12 -fno-signed-zeros -fno-trapping-math -fassociative-math -freciprocal-math -fno-math-errno -ffinite-math-only -fno-rounding-math -fno-signaling-nans -fcx-limited-range -fexcess-precision=fast -fno-plt -fno-common -fuse-linker-plugin -pipe -g0 -fno-stack-protector -fno-stack-clash-protection -fstack-check=no -fno-stack-check -Wl,-O4,--hash-style=gnu,--sort-common,--as-needed,-z,relro,-z,now,-lgomp,-lpthread'
 * CXXFLAGS='-march=native -O3 -fgraphite-identity -floop-nest-optimize -fdevirtualize-at-ltrans -fipa-pta -fno-semantic-interposition -flto=12 -fno-signed-zeros -fno-trapping-math -fassociative-math -freciprocal-math -fno-math-errno -ffinite-math-only -fno-rounding-math -fno-signaling-nans -fcx-limited-range -fexcess-precision=fast -fno-plt -fno-common -fuse-linker-plugin -pipe -g0 -fno-stack-protector -fno-stack-clash-protection -fstack-check=no -fno-stack-check -Wl,-O4,--hash-style=gnu,--sort-common,--as-needed,-z,relro,-z,now,-lgomp,-lpthread'
 * FFLAGS='-march=native -O3 -fgraphite-identity -floop-nest-optimize -fdevirtualize-at-ltrans -fipa-pta -fno-semantic-interposition -flto=12 -fno-signed-zeros -fno-trapping-math -fassociative-math -freciprocal-math -fno-math-errno -ffinite-math-only -fno-rounding-math -fno-signaling-nans -fcx-limited-range -fexcess-precision=fast -fno-plt -fno-common -fuse-linker-plugin -pipe -g0 -fno-stack-protector -fno-stack-clash-protection -fstack-check=no -fno-stack-check -Wl,-O4,--hash-style=gnu,--sort-common,--as-needed,-z,relro,-z,now,-lgomp,-lpthread'
 * FCFLAGS='-march=native -O3 -fgraphite-identity -floop-nest-optimize -fdevirtualize-at-ltrans -fipa-pta -fno-semantic-interposition -flto=12 -fno-signed-zeros -fno-trapping-math -fassociative-math -freciprocal-math -fno-math-errno -ffinite-math-only -fno-rounding-math -fno-signaling-nans -fcx-limited-range -fexcess-precision=fast -fno-plt -fno-common -fuse-linker-plugin -pipe -g0 -fno-stack-protector -fno-stack-clash-protection -fstack-check=no -fno-stack-check -Wl,-O4,--hash-style=gnu,--sort-common,--as-needed,-z,relro,-z,now,-lgomp,-lpthread'
 * F77FLAGS='-march=native -O3 -fgraphite-identity -floop-nest-optimize -fdevirtualize-at-ltrans -fipa-pta -fno-semantic-interposition -flto=12 -fno-signed-zeros -fno-trapping-math -fassociative-math -freciprocal-math -fno-math-errno -ffinite-math-only -fno-rounding-math -fno-signaling-nans -fcx-limited-range -fexcess-precision=fast -fno-plt -fno-common -fuse-linker-plugin -pipe -g0 -fno-stack-protector -fno-stack-clash-protection -fstack-check=no -fno-stack-check -Wl,-O4,--hash-style=gnu,--sort-common,--as-needed,-z,relro,-z,now,-lgomp,-lpthread'
 * LDFLAGS='-Wl,-O4,--hash-style=gnu,--sort-common,--as-needed,-z,relro,-z,now,-lgomp,-lpthread -march=native -O3 -fgraphite-identity -floop-nest-optimize -fdevirtualize-at-ltrans -fipa-pta -fno-semantic-interposition -flto=12 -fno-signed-zeros -fno-trapping-math -fassociative-math -freciprocal-math -fno-math-errno -ffinite-math-only -fno-rounding-math -fno-signaling-nans -fcx-limited-range -fexcess-precision=fast -fno-plt -fno-common -fuse-linker-plugin -pipe -g0 -fno-stack-protector -fno-stack-clash-protection -fstack-check=no -fno-stack-check'
 * MAKEOPTS='-j12'
 * gcc (Gentoo 10.1.0 p1) 10.1.0
 * g++ (Gentoo 10.1.0 p1) 10.1.0
 * GNU ld (Gentoo 9999 p5) 2.34.50.20200520
 * Linux ryzen.gnum.org 5.4.36 #1 SMP Thu Apr 30 04:38:28 UTC 2020 x86_64 AMD Ryzen 5 3600 6-Core Processor AuthenticAMD GNU/Linux
]0;emerge 09:29:08 5|58 dplyr (root@ryzen.gnum.org)>>> Unpacking source...
>>> Unpacking dplyr_0.8.5.tar.gz to /tmp/portage/sci-CRAN/dplyr-0.8.5/work
>>> Source unpacked in /tmp/portage/sci-CRAN/dplyr-0.8.5/work
>>> Preparing source in /tmp/portage/sci-CRAN/dplyr-0.8.5/work/dplyr-0.8.5 ...
>>> Source prepared.
>>> Configuring source in /tmp/portage/sci-CRAN/dplyr-0.8.5/work/dplyr-0.8.5 ...
>>> Source configured.
>>> Compiling source in /tmp/portage/sci-CRAN/dplyr-0.8.5/work/dplyr-0.8.5 ...
* installing *source* package ‘dplyr’ ...
** package ‘dplyr’ successfully unpacked and MD5 sums checked
** using staged installation
** libs
x86_64-pc-linux-gnu-g++ -std=gnu++11 -I"/usr/lib64/R/include" -DNDEBUG -I../inst/include -DRCPP_DEFAULT_INCLUDE_CALL=false -DCOMPILING_DPLYR -DRCPP_USING_UTF8_ERROR_STRING -DRCPP_USE_UNWIND_PROTECT -DBOOST_NO_AUTO_PTR  -I"/usr/lib64/R/site-library/BH/include" -I"/usr/lib64/R/site-library/plogr/include" -I"/usr/lib64/R/site-library/Rcpp/include"   -fpic  -march=native -O3 -fgraphite-identity -floop-nest-optimize -fdevirtualize-at-ltrans -fipa-pta -fno-semantic-interposition -flto=12 -fno-signed-zeros -fno-trapping-math -fassociative-math -freciprocal-math -fno-math-errno -ffinite-math-only -fno-rounding-math -fno-signaling-nans -fcx-limited-range -fexcess-precision=fast -fno-plt -fno-common -fuse-linker-plugin -pipe -g0 -fno-stack-protector -fno-stack-clash-protection -fstack-check=no -fno-stack-check -Wl,-O4,--hash-style=gnu,--sort-common,--as-needed,-z,relro,-z,now,-lgomp,-lpthread -c RcppExports.cpp -o RcppExports.o
x86_64-pc-linux-gnu-g++ -std=gnu++11 -I"/usr/lib64/R/include" -DNDEBUG -I../inst/include -DRCPP_DEFAULT_INCLUDE_CALL=false -DCOMPILING_DPLYR -DRCPP_USING_UTF8_ERROR_STRING -DRCPP_USE_UNWIND_PROTECT -DBOOST_NO_AUTO_PTR  -I"/usr/lib64/R/site-library/BH/include" -I"/usr/lib64/R/site-library/plogr/include" -I"/usr/lib64/R/site-library/Rcpp/include"   -fpic  -march=native -O3 -fgraphite-identity -floop-nest-optimize -fdevirtualize-at-ltrans -fipa-pta -fno-semantic-interposition -flto=12 -fno-signed-zeros -fno-trapping-math -fassociative-math -freciprocal-math -fno-math-errno -ffinite-math-only -fno-rounding-math -fno-signaling-nans -fcx-limited-range -fexcess-precision=fast -fno-plt -fno-common -fuse-linker-plugin -pipe -g0 -fno-stack-protector -fno-stack-clash-protection -fstack-check=no -fno-stack-check -Wl,-O4,--hash-style=gnu,--sort-common,--as-needed,-z,relro,-z,now,-lgomp,-lpthread -c address.cpp -o address.o
x86_64-pc-linux-gnu-g++ -std=gnu++11 -I"/usr/lib64/R/include" -DNDEBUG -I../inst/include -DRCPP_DEFAULT_INCLUDE_CALL=false -DCOMPILING_DPLYR -DRCPP_USING_UTF8_ERROR_STRING -DRCPP_USE_UNWIND_PROTECT -DBOOST_NO_AUTO_PTR  -I"/usr/lib64/R/site-library/BH/include" -I"/usr/lib64/R/site-library/plogr/include" -I"/usr/lib64/R/site-library/Rcpp/include"   -fpic  -march=native -O3 -fgraphite-identity -floop-nest-optimize -fdevirtualize-at-ltrans -fipa-pta -fno-semantic-interposition -flto=12 -fno-signed-zeros -fno-trapping-math -fassociative-math -freciprocal-math -fno-math-errno -ffinite-math-only -fno-rounding-math -fno-signaling-nans -fcx-limited-range -fexcess-precision=fast -fno-plt -fno-common -fuse-linker-plugin -pipe -g0 -fno-stack-protector -fno-stack-clash-protection -fstack-check=no -fno-stack-check -Wl,-O4,--hash-style=gnu,--sort-common,--as-needed,-z,relro,-z,now,-lgomp,-lpthread -c api.cpp -o api.o
x86_64-pc-linux-gnu-g++ -std=gnu++11 -I"/usr/lib64/R/include" -DNDEBUG -I../inst/include -DRCPP_DEFAULT_INCLUDE_CALL=false -DCOMPILING_DPLYR -DRCPP_USING_UTF8_ERROR_STRING -DRCPP_USE_UNWIND_PROTECT -DBOOST_NO_AUTO_PTR  -I"/usr/lib64/R/site-library/BH/include" -I"/usr/lib64/R/site-library/plogr/include" -I"/usr/lib64/R/site-library/Rcpp/include"   -fpic  -march=native -O3 -fgraphite-identity -floop-nest-optimize -fdevirtualize-at-ltrans -fipa-pta -fno-semantic-interposition -flto=12 -fno-signed-zeros -fno-trapping-math -fassociative-math -freciprocal-math -fno-math-errno -ffinite-math-only -fno-rounding-math -fno-signaling-nans -fcx-limited-range -fexcess-precision=fast -fno-plt -fno-common -fuse-linker-plugin -pipe -g0 -fno-stack-protector -fno-stack-clash-protection -fstack-check=no -fno-stack-check -Wl,-O4,--hash-style=gnu,--sort-common,--as-needed,-z,relro,-z,now,-lgomp,-lpthread -c arrange.cpp -o arrange.o
x86_64-pc-linux-gnu-g++ -std=gnu++11 -I"/usr/lib64/R/include" -DNDEBUG -I../inst/include -DRCPP_DEFAULT_INCLUDE_CALL=false -DCOMPILING_DPLYR -DRCPP_USING_UTF8_ERROR_STRING -DRCPP_USE_UNWIND_PROTECT -DBOOST_NO_AUTO_PTR  -I"/usr/lib64/R/site-library/BH/include" -I"/usr/lib64/R/site-library/plogr/include" -I"/usr/lib64/R/site-library/Rcpp/include"   -fpic  -march=native -O3 -fgraphite-identity -floop-nest-optimize -fdevirtualize-at-ltrans -fipa-pta -fno-semantic-interposition -flto=12 -fno-signed-zeros -fno-trapping-math -fassociative-math -freciprocal-math -fno-math-errno -ffinite-math-only -fno-rounding-math -fno-signaling-nans -fcx-limited-range -fexcess-precision=fast -fno-plt -fno-common -fuse-linker-plugin -pipe -g0 -fno-stack-protector -fno-stack-clash-protection -fstack-check=no -fno-stack-check -Wl,-O4,--hash-style=gnu,--sort-common,--as-needed,-z,relro,-z,now,-lgomp,-lpthread -c between.cpp -o between.o
x86_64-pc-linux-gnu-g++ -std=gnu++11 -I"/usr/lib64/R/include" -DNDEBUG -I../inst/include -DRCPP_DEFAULT_INCLUDE_CALL=false -DCOMPILING_DPLYR -DRCPP_USING_UTF8_ERROR_STRING -DRCPP_USE_UNWIND_PROTECT -DBOOST_NO_AUTO_PTR  -I"/usr/lib64/R/site-library/BH/include" -I"/usr/lib64/R/site-library/plogr/include" -I"/usr/lib64/R/site-library/Rcpp/include"   -fpic  -march=native -O3 -fgraphite-identity -floop-nest-optimize -fdevirtualize-at-ltrans -fipa-pta -fno-semantic-interposition -flto=12 -fno-signed-zeros -fno-trapping-math -fassociative-math -freciprocal-math -fno-math-errno -ffinite-math-only -fno-rounding-math -fno-signaling-nans -fcx-limited-range -fexcess-precision=fast -fno-plt -fno-common -fuse-linker-plugin -pipe -g0 -fno-stack-protector -fno-stack-clash-protection -fstack-check=no -fno-stack-check -Wl,-O4,--hash-style=gnu,--sort-common,--as-needed,-z,relro,-z,now,-lgomp,-lpthread -c bind.cpp -o bind.o
x86_64-pc-linux-gnu-g++ -std=gnu++11 -I"/usr/lib64/R/include" -DNDEBUG -I../inst/include -DRCPP_DEFAULT_INCLUDE_CALL=false -DCOMPILING_DPLYR -DRCPP_USING_UTF8_ERROR_STRING -DRCPP_USE_UNWIND_PROTECT -DBOOST_NO_AUTO_PTR  -I"/usr/lib64/R/site-library/BH/include" -I"/usr/lib64/R/site-library/plogr/include" -I"/usr/lib64/R/site-library/Rcpp/include"   -fpic  -march=native -O3 -fgraphite-identity -floop-nest-optimize -fdevirtualize-at-ltrans -fipa-pta -fno-semantic-interposition -flto=12 -fno-signed-zeros -fno-trapping-math -fassociative-math -freciprocal-math -fno-math-errno -ffinite-math-only -fno-rounding-math -fno-signaling-nans -fcx-limited-range -fexcess-precision=fast -fno-plt -fno-common -fuse-linker-plugin -pipe -g0 -fno-stack-protector -fno-stack-clash-protection -fstack-check=no -fno-stack-check -Wl,-O4,--hash-style=gnu,--sort-common,--as-needed,-z,relro,-z,now,-lgomp,-lpthread -c distinct.cpp -o distinct.o
x86_64-pc-linux-gnu-g++ -std=gnu++11 -I"/usr/lib64/R/include" -DNDEBUG -I../inst/include -DRCPP_DEFAULT_INCLUDE_CALL=false -DCOMPILING_DPLYR -DRCPP_USING_UTF8_ERROR_STRING -DRCPP_USE_UNWIND_PROTECT -DBOOST_NO_AUTO_PTR  -I"/usr/lib64/R/site-library/BH/include" -I"/usr/lib64/R/site-library/plogr/include" -I"/usr/lib64/R/site-library/Rcpp/include"   -fpic  -march=native -O3 -fgraphite-identity -floop-nest-optimize -fdevirtualize-at-ltrans -fipa-pta -fno-semantic-interposition -flto=12 -fno-signed-zeros -fno-trapping-math -fassociative-math -freciprocal-math -fno-math-errno -ffinite-math-only -fno-rounding-math -fno-signaling-nans -fcx-limited-range -fexcess-precision=fast -fno-plt -fno-common -fuse-linker-plugin -pipe -g0 -fno-stack-protector -fno-stack-clash-protection -fstack-check=no -fno-stack-check -Wl,-O4,--hash-style=gnu,--sort-common,--as-needed,-z,relro,-z,now,-lgomp,-lpthread -c encoding.cpp -o encoding.o
x86_64-pc-linux-gnu-g++ -std=gnu++11 -I"/usr/lib64/R/include" -DNDEBUG -I../inst/include -DRCPP_DEFAULT_INCLUDE_CALL=false -DCOMPILING_DPLYR -DRCPP_USING_UTF8_ERROR_STRING -DRCPP_USE_UNWIND_PROTECT -DBOOST_NO_AUTO_PTR  -I"/usr/lib64/R/site-library/BH/include" -I"/usr/lib64/R/site-library/plogr/include" -I"/usr/lib64/R/site-library/Rcpp/include"   -fpic  -march=native -O3 -fgraphite-identity -floop-nest-optimize -fdevirtualize-at-ltrans -fipa-pta -fno-semantic-interposition -flto=12 -fno-signed-zeros -fno-trapping-math -fassociative-math -freciprocal-math -fno-math-errno -ffinite-math-only -fno-rounding-math -fno-signaling-nans -fcx-limited-range -fexcess-precision=fast -fno-plt -fno-common -fuse-linker-plugin -pipe -g0 -fno-stack-protector -fno-stack-clash-protection -fstack-check=no -fno-stack-check -Wl,-O4,--hash-style=gnu,--sort-common,--as-needed,-z,relro,-z,now,-lgomp,-lpthread -c filter.cpp -o filter.o
x86_64-pc-linux-gnu-g++ -std=gnu++11 -I"/usr/lib64/R/include" -DNDEBUG -I../inst/include -DRCPP_DEFAULT_INCLUDE_CALL=false -DCOMPILING_DPLYR -DRCPP_USING_UTF8_ERROR_STRING -DRCPP_USE_UNWIND_PROTECT -DBOOST_NO_AUTO_PTR  -I"/usr/lib64/R/site-library/BH/include" -I"/usr/lib64/R/site-library/plogr/include" -I"/usr/lib64/R/site-library/Rcpp/include"   -fpic  -march=native -O3 -fgraphite-identity -floop-nest-optimize -fdevirtualize-at-ltrans -fipa-pta -fno-semantic-interposition -flto=12 -fno-signed-zeros -fno-trapping-math -fassociative-math -freciprocal-math -fno-math-errno -ffinite-math-only -fno-rounding-math -fno-signaling-nans -fcx-limited-range -fexcess-precision=fast -fno-plt -fno-common -fuse-linker-plugin -pipe -g0 -fno-stack-protector -fno-stack-clash-protection -fstack-check=no -fno-stack-check -Wl,-O4,--hash-style=gnu,--sort-common,--as-needed,-z,relro,-z,now,-lgomp,-lpthread -c group_indices.cpp -o group_indices.o
x86_64-pc-linux-gnu-g++ -std=gnu++11 -I"/usr/lib64/R/include" -DNDEBUG -I../inst/include -DRCPP_DEFAULT_INCLUDE_CALL=false -DCOMPILING_DPLYR -DRCPP_USING_UTF8_ERROR_STRING -DRCPP_USE_UNWIND_PROTECT -DBOOST_NO_AUTO_PTR  -I"/usr/lib64/R/site-library/BH/include" -I"/usr/lib64/R/site-library/plogr/include" -I"/usr/lib64/R/site-library/Rcpp/include"   -fpic  -march=native -O3 -fgraphite-identity -floop-nest-optimize -fdevirtualize-at-ltrans -fipa-pta -fno-semantic-interposition -flto=12 -fno-signed-zeros -fno-trapping-math -fassociative-math -freciprocal-math -fno-math-errno -ffinite-math-only -fno-rounding-math -fno-signaling-nans -fcx-limited-range -fexcess-precision=fast -fno-plt -fno-common -fuse-linker-plugin -pipe -g0 -fno-stack-protector -fno-stack-clash-protection -fstack-check=no -fno-stack-check -Wl,-O4,--hash-style=gnu,--sort-common,--as-needed,-z,relro,-z,now,-lgomp,-lpthread -c hybrid.cpp -o hybrid.o
x86_64-pc-linux-gnu-g++ -std=gnu++11 -I"/usr/lib64/R/include" -DNDEBUG -I../inst/include -DRCPP_DEFAULT_INCLUDE_CALL=false -DCOMPILING_DPLYR -DRCPP_USING_UTF8_ERROR_STRING -DRCPP_USE_UNWIND_PROTECT -DBOOST_NO_AUTO_PTR  -I"/usr/lib64/R/site-library/BH/include" -I"/usr/lib64/R/site-library/plogr/include" -I"/usr/lib64/R/site-library/Rcpp/include"   -fpic  -march=native -O3 -fgraphite-identity -floop-nest-optimize -fdevirtualize-at-ltrans -fipa-pta -fno-semantic-interposition -flto=12 -fno-signed-zeros -fno-trapping-math -fassociative-math -freciprocal-math -fno-math-errno -ffinite-math-only -fno-rounding-math -fno-signaling-nans -fcx-limited-range -fexcess-precision=fast -fno-plt -fno-common -fuse-linker-plugin -pipe -g0 -fno-stack-protector -fno-stack-clash-protection -fstack-check=no -fno-stack-check -Wl,-O4,--hash-style=gnu,--sort-common,--as-needed,-z,relro,-z,now,-lgomp,-lpthread -c init.cpp -o init.o
x86_64-pc-linux-gnu-g++ -std=gnu++11 -I"/usr/lib64/R/include" -DNDEBUG -I../inst/include -DRCPP_DEFAULT_INCLUDE_CALL=false -DCOMPILING_DPLYR -DRCPP_USING_UTF8_ERROR_STRING -DRCPP_USE_UNWIND_PROTECT -DBOOST_NO_AUTO_PTR  -I"/usr/lib64/R/site-library/BH/include" -I"/usr/lib64/R/site-library/plogr/include" -I"/usr/lib64/R/site-library/Rcpp/include"   -fpic  -march=native -O3 -fgraphite-identity -floop-nest-optimize -fdevirtualize-at-ltrans -fipa-pta -fno-semantic-interposition -flto=12 -fno-signed-zeros -fno-trapping-math -fassociative-math -freciprocal-math -fno-math-errno -ffinite-math-only -fno-rounding-math -fno-signaling-nans -fcx-limited-range -fexcess-precision=fast -fno-plt -fno-common -fuse-linker-plugin -pipe -g0 -fno-stack-protector -fno-stack-clash-protection -fstack-check=no -fno-stack-check -Wl,-O4,--hash-style=gnu,--sort-common,--as-needed,-z,relro,-z,now,-lgomp,-lpthread -c join.cpp -o join.o
x86_64-pc-linux-gnu-g++ -std=gnu++11 -I"/usr/lib64/R/include" -DNDEBUG -I../inst/include -DRCPP_DEFAULT_INCLUDE_CALL=false -DCOMPILING_DPLYR -DRCPP_USING_UTF8_ERROR_STRING -DRCPP_USE_UNWIND_PROTECT -DBOOST_NO_AUTO_PTR  -I"/usr/lib64/R/site-library/BH/include" -I"/usr/lib64/R/site-library/plogr/include" -I"/usr/lib64/R/site-library/Rcpp/include"   -fpic  -march=native -O3 -fgraphite-identity -floop-nest-optimize -fdevirtualize-at-ltrans -fipa-pta -fno-semantic-interposition -flto=12 -fno-signed-zeros -fno-trapping-math -fassociative-math -freciprocal-math -fno-math-errno -ffinite-math-only -fno-rounding-math -fno-signaling-nans -fcx-limited-range -fexcess-precision=fast -fno-plt -fno-common -fuse-linker-plugin -pipe -g0 -fno-stack-protector -fno-stack-clash-protection -fstack-check=no -fno-stack-check -Wl,-O4,--hash-style=gnu,--sort-common,--as-needed,-z,relro,-z,now,-lgomp,-lpthread -c join_exports.cpp -o join_exports.o
x86_64-pc-linux-gnu-g++ -std=gnu++11 -I"/usr/lib64/R/include" -DNDEBUG -I../inst/include -DRCPP_DEFAULT_INCLUDE_CALL=false -DCOMPILING_DPLYR -DRCPP_USING_UTF8_ERROR_STRING -DRCPP_USE_UNWIND_PROTECT -DBOOST_NO_AUTO_PTR  -I"/usr/lib64/R/site-library/BH/include" -I"/usr/lib64/R/site-library/plogr/include" -I"/usr/lib64/R/site-library/Rcpp/include"   -fpic  -march=native -O3 -fgraphite-identity -floop-nest-optimize -fdevirtualize-at-ltrans -fipa-pta -fno-semantic-interposition -flto=12 -fno-signed-zeros -fno-trapping-math -fassociative-math -freciprocal-math -fno-math-errno -ffinite-math-only -fno-rounding-math -fno-signaling-nans -fcx-limited-range -fexcess-precision=fast -fno-plt -fno-common -fuse-linker-plugin -pipe -g0 -fno-stack-protector -fno-stack-clash-protection -fstack-check=no -fno-stack-check -Wl,-O4,--hash-style=gnu,--sort-common,--as-needed,-z,relro,-z,now,-lgomp,-lpthread -c mutate.cpp -o mutate.o
x86_64-pc-linux-gnu-gcc -I"/usr/lib64/R/include" -DNDEBUG -I../inst/include -DRCPP_DEFAULT_INCLUDE_CALL=false -DCOMPILING_DPLYR -DRCPP_USING_UTF8_ERROR_STRING -DRCPP_USE_UNWIND_PROTECT -DBOOST_NO_AUTO_PTR  -I"/usr/lib64/R/site-library/BH/include" -I"/usr/lib64/R/site-library/plogr/include" -I"/usr/lib64/R/site-library/Rcpp/include"   -fpic  -march=native -O3 -fgraphite-identity -floop-nest-optimize -fdevirtualize-at-ltrans -fipa-pta -fno-semantic-interposition -flto=12 -fno-signed-zeros -fno-trapping-math -fassociative-math -freciprocal-math -fno-math-errno -ffinite-math-only -fno-rounding-math -fno-signaling-nans -fcx-limited-range -fexcess-precision=fast -fno-plt -fno-common -fuse-linker-plugin -pipe -g0 -fno-stack-protector -fno-stack-clash-protection -fstack-check=no -fno-stack-check -Wl,-O4,--hash-style=gnu,--sort-common,--as-needed,-z,relro,-z,now,-lgomp,-lpthread -c rlang-export.c -o rlang-export.o
x86_64-pc-linux-gnu-g++ -std=gnu++11 -I"/usr/lib64/R/include" -DNDEBUG -I../inst/include -DRCPP_DEFAULT_INCLUDE_CALL=false -DCOMPILING_DPLYR -DRCPP_USING_UTF8_ERROR_STRING -DRCPP_USE_UNWIND_PROTECT -DBOOST_NO_AUTO_PTR  -I"/usr/lib64/R/site-library/BH/include" -I"/usr/lib64/R/site-library/plogr/include" -I"/usr/lib64/R/site-library/Rcpp/include"   -fpic  -march=native -O3 -fgraphite-identity -floop-nest-optimize -fdevirtualize-at-ltrans -fipa-pta -fno-semantic-interposition -flto=12 -fno-signed-zeros -fno-trapping-math -fassociative-math -freciprocal-math -fno-math-errno -ffinite-math-only -fno-rounding-math -fno-signaling-nans -fcx-limited-range -fexcess-precision=fast -fno-plt -fno-common -fuse-linker-plugin -pipe -g0 -fno-stack-protector -fno-stack-clash-protection -fstack-check=no -fno-stack-check -Wl,-O4,--hash-style=gnu,--sort-common,--as-needed,-z,relro,-z,now,-lgomp,-lpthread -c rlang.cpp -o rlang.o
x86_64-pc-linux-gnu-g++ -std=gnu++11 -I"/usr/lib64/R/include" -DNDEBUG -I../inst/include -DRCPP_DEFAULT_INCLUDE_CALL=false -DCOMPILING_DPLYR -DRCPP_USING_UTF8_ERROR_STRING -DRCPP_USE_UNWIND_PROTECT -DBOOST_NO_AUTO_PTR  -I"/usr/lib64/R/site-library/BH/include" -I"/usr/lib64/R/site-library/plogr/include" -I"/usr/lib64/R/site-library/Rcpp/include"   -fpic  -march=native -O3 -fgraphite-identity -floop-nest-optimize -fdevirtualize-at-ltrans -fipa-pta -fno-semantic-interposition -flto=12 -fno-signed-zeros -fno-trapping-math -fassociative-math -freciprocal-math -fno-math-errno -ffinite-math-only -fno-rounding-math -fno-signaling-nans -fcx-limited-range -fexcess-precision=fast -fno-plt -fno-common -fuse-linker-plugin -pipe -g0 -fno-stack-protector -fno-stack-clash-protection -fstack-check=no -fno-stack-check -Wl,-O4,--hash-style=gnu,--sort-common,--as-needed,-z,relro,-z,now,-lgomp,-lpthread -c select.cpp -o select.o
x86_64-pc-linux-gnu-g++ -std=gnu++11 -I"/usr/lib64/R/include" -DNDEBUG -I../inst/include -DRCPP_DEFAULT_INCLUDE_CALL=false -DCOMPILING_DPLYR -DRCPP_USING_UTF8_ERROR_STRING -DRCPP_USE_UNWIND_PROTECT -DBOOST_NO_AUTO_PTR  -I"/usr/lib64/R/site-library/BH/include" -I"/usr/lib64/R/site-library/plogr/include" -I"/usr/lib64/R/site-library/Rcpp/include"   -fpic  -march=native -O3 -fgraphite-identity -floop-nest-optimize -fdevirtualize-at-ltrans -fipa-pta -fno-semantic-interposition -flto=12 -fno-signed-zeros -fno-trapping-math -fassociative-math -freciprocal-math -fno-math-errno -ffinite-math-only -fno-rounding-math -fno-signaling-nans -fcx-limited-range -fexcess-precision=fast -fno-plt -fno-common -fuse-linker-plugin -pipe -g0 -fno-stack-protector -fno-stack-clash-protection -fstack-check=no -fno-stack-check -Wl,-O4,--hash-style=gnu,--sort-common,--as-needed,-z,relro,-z,now,-lgomp,-lpthread -c set.cpp -o set.o
x86_64-pc-linux-gnu-g++ -std=gnu++11 -I"/usr/lib64/R/include" -DNDEBUG -I../inst/include -DRCPP_DEFAULT_INCLUDE_CALL=false -DCOMPILING_DPLYR -DRCPP_USING_UTF8_ERROR_STRING -DRCPP_USE_UNWIND_PROTECT -DBOOST_NO_AUTO_PTR  -I"/usr/lib64/R/site-library/BH/include" -I"/usr/lib64/R/site-library/plogr/include" -I"/usr/lib64/R/site-library/Rcpp/include"   -fpic  -march=native -O3 -fgraphite-identity -floop-nest-optimize -fdevirtualize-at-ltrans -fipa-pta -fno-semantic-interposition -flto=12 -fno-signed-zeros -fno-trapping-math -fassociative-math -freciprocal-math -fno-math-errno -ffinite-math-only -fno-rounding-math -fno-signaling-nans -fcx-limited-range -fexcess-precision=fast -fno-plt -fno-common -fuse-linker-plugin -pipe -g0 -fno-stack-protector -fno-stack-clash-protection -fstack-check=no -fno-stack-check -Wl,-O4,--hash-style=gnu,--sort-common,--as-needed,-z,relro,-z,now,-lgomp,-lpthread -c summarise.cpp -o summarise.o
x86_64-pc-linux-gnu-g++ -std=gnu++11 -I"/usr/lib64/R/include" -DNDEBUG -I../inst/include -DRCPP_DEFAULT_INCLUDE_CALL=false -DCOMPILING_DPLYR -DRCPP_USING_UTF8_ERROR_STRING -DRCPP_USE_UNWIND_PROTECT -DBOOST_NO_AUTO_PTR  -I"/usr/lib64/R/site-library/BH/include" -I"/usr/lib64/R/site-library/plogr/include" -I"/usr/lib64/R/site-library/Rcpp/include"   -fpic  -march=native -O3 -fgraphite-identity -floop-nest-optimize -fdevirtualize-at-ltrans -fipa-pta -fno-semantic-interposition -flto=12 -fno-signed-zeros -fno-trapping-math -fassociative-math -freciprocal-math -fno-math-errno -ffinite-math-only -fno-rounding-math -fno-signaling-nans -fcx-limited-range -fexcess-precision=fast -fno-plt -fno-common -fuse-linker-plugin -pipe -g0 -fno-stack-protector -fno-stack-clash-protection -fstack-check=no -fno-stack-check -Wl,-O4,--hash-style=gnu,--sort-common,--as-needed,-z,relro,-z,now,-lgomp,-lpthread -c test.cpp -o test.o
x86_64-pc-linux-gnu-g++ -std=gnu++11 -I"/usr/lib64/R/include" -DNDEBUG -I../inst/include -DRCPP_DEFAULT_INCLUDE_CALL=false -DCOMPILING_DPLYR -DRCPP_USING_UTF8_ERROR_STRING -DRCPP_USE_UNWIND_PROTECT -DBOOST_NO_AUTO_PTR  -I"/usr/lib64/R/site-library/BH/include" -I"/usr/lib64/R/site-library/plogr/include" -I"/usr/lib64/R/site-library/Rcpp/include"   -fpic  -march=native -O3 -fgraphite-identity -floop-nest-optimize -fdevirtualize-at-ltrans -fipa-pta -fno-semantic-interposition -flto=12 -fno-signed-zeros -fno-trapping-math -fassociative-math -freciprocal-math -fno-math-errno -ffinite-math-only -fno-rounding-math -fno-signaling-nans -fcx-limited-range -fexcess-precision=fast -fno-plt -fno-common -fuse-linker-plugin -pipe -g0 -fno-stack-protector -fno-stack-clash-protection -fstack-check=no -fno-stack-check -Wl,-O4,--hash-style=gnu,--sort-common,--as-needed,-z,relro,-z,now,-lgomp,-lpthread -c utils-bindings.cpp -o utils-bindings.o
x86_64-pc-linux-gnu-g++ -std=gnu++11 -I"/usr/lib64/R/include" -DNDEBUG -I../inst/include -DRCPP_DEFAULT_INCLUDE_CALL=false -DCOMPILING_DPLYR -DRCPP_USING_UTF8_ERROR_STRING -DRCPP_USE_UNWIND_PROTECT -DBOOST_NO_AUTO_PTR  -I"/usr/lib64/R/site-library/BH/include" -I"/usr/lib64/R/site-library/plogr/include" -I"/usr/lib64/R/site-library/Rcpp/include"   -fpic  -march=native -O3 -fgraphite-identity -floop-nest-optimize -fdevirtualize-at-ltrans -fipa-pta -fno-semantic-interposition -flto=12 -fno-signed-zeros -fno-trapping-math -fassociative-math -freciprocal-math -fno-math-errno -ffinite-math-only -fno-rounding-math -fno-signaling-nans -fcx-limited-range -fexcess-precision=fast -fno-plt -fno-common -fuse-linker-plugin -pipe -g0 -fno-stack-protector -fno-stack-clash-protection -fstack-check=no -fno-stack-check -Wl,-O4,--hash-style=gnu,--sort-common,--as-needed,-z,relro,-z,now,-lgomp,-lpthread -c utils.cpp -o utils.o
x86_64-pc-linux-gnu-g++ -std=gnu++11 -I"/usr/lib64/R/include" -DNDEBUG -I../inst/include -DRCPP_DEFAULT_INCLUDE_CALL=false -DCOMPILING_DPLYR -DRCPP_USING_UTF8_ERROR_STRING -DRCPP_USE_UNWIND_PROTECT -DBOOST_NO_AUTO_PTR  -I"/usr/lib64/R/site-library/BH/include" -I"/usr/lib64/R/site-library/plogr/include" -I"/usr/lib64/R/site-library/Rcpp/include"   -fpic  -march=native -O3 -fgraphite-identity -floop-nest-optimize -fdevirtualize-at-ltrans -fipa-pta -fno-semantic-interposition -flto=12 -fno-signed-zeros -fno-trapping-math -fassociative-math -freciprocal-math -fno-math-errno -ffinite-math-only -fno-rounding-math -fno-signaling-nans -fcx-limited-range -fexcess-precision=fast -fno-plt -fno-common -fuse-linker-plugin -pipe -g0 -fno-stack-protector -fno-stack-clash-protection -fstack-check=no -fno-stack-check -Wl,-O4,--hash-style=gnu,--sort-common,--as-needed,-z,relro,-z,now,-lgomp,-lpthread -c window.cpp -o window.o
x86_64-pc-linux-gnu-g++ -std=gnu++11 -shared -L/usr/lib64/R/lib -Wl,-O4,--hash-style=gnu,--sort-common,--as-needed,-z,relro,-z,now,-lgomp,-lpthread -march=native -O3 -fgraphite-identity -floop-nest-optimize -fdevirtualize-at-ltrans -fipa-pta -fno-semantic-interposition -flto=12 -fno-signed-zeros -fno-trapping-math -fassociative-math -freciprocal-math -fno-math-errno -ffinite-math-only -fno-rounding-math -fno-signaling-nans -fcx-limited-range -fexcess-precision=fast -fno-plt -fno-common -fuse-linker-plugin -pipe -g0 -fno-stack-protector -fno-stack-clash-protection -fstack-check=no -fno-stack-check -o dplyr.so RcppExports.o address.o api.o arrange.o between.o bind.o distinct.o encoding.o filter.o group_indices.o hybrid.o init.o join.o join_exports.o mutate.o rlang-export.o rlang.o select.o set.o summarise.o test.o utils-bindings.o utils.o window.o -L/usr/lib64/R/lib -lR
installing to /tmp/portage/sci-CRAN/dplyr-0.8.5/work/00LOCK-dplyr-0.8.5/00new/dplyr/libs
** R
** data
*** moving datasets to lazyload DB
** inst
** byte-compile and prepare package for lazy loading
** help
*** installing help indices
Warning in file.copy(file.path(R.home("doc"), "html", "R.css"), outman) :
  problem copying /usr/share/doc/R-3.6.3-r1/html/R.css to /tmp/portage/sci-CRAN/dplyr-0.8.5/work/00LOCK-dplyr-0.8.5/00new/dplyr/html/R.css: No such file or directory
*** copying figures
** building package indices
** installing vignettes
** testing if installed package can be loaded from temporary location
** checking absolute paths in shared objects and dynamic libraries
** testing if installed package can be loaded from final location
** testing if installed package keeps a record of temporary installation path
* DONE (dplyr)
>>> Source compiled.
>>> Test phase [not enabled]: sci-CRAN/dplyr-0.8.5

>>> Install sci-CRAN/dplyr-0.8.5 into /tmp/portage/sci-CRAN/dplyr-0.8.5/image/
>>> Completed installing sci-CRAN/dplyr-0.8.5 into /tmp/portage/sci-CRAN/dplyr-0.8.5/image/

 * Final size of build directory: 37960 KiB (37.0 MiB)
 * Final size of installed tree:   4440 KiB ( 4.3 MiB)

strip: x86_64-pc-linux-gnu-strip --strip-unneeded -N __gentoo_check_ldflags__ -R .comment -R .GCC.command.line -R .note.gnu.gold-version
   /usr/lib64/R/site-library/dplyr/libs/dplyr.so
./
./usr/
./usr/lib64/
./usr/lib64/R/
./usr/lib64/R/site-library/
./usr/lib64/R/site-library/dplyr/
./usr/lib64/R/site-library/dplyr/help/
./usr/lib64/R/site-library/dplyr/help/dplyr.rdb
./usr/lib64/R/site-library/dplyr/help/figures/
./usr/lib64/R/site-library/dplyr/help/figures/logo.png
./usr/lib64/R/site-library/dplyr/help/figures/lifecycle-questioning.svg
./usr/lib64/R/site-library/dplyr/help/figures/lifecycle-defunct.svg
./usr/lib64/R/site-library/dplyr/help/figures/lifecycle-soft-deprecated.svg
./usr/lib64/R/site-library/dplyr/help/figures/lifecycle-maturing.svg
./usr/lib64/R/site-library/dplyr/help/figures/lifecycle-stable.svg
./usr/lib64/R/site-library/dplyr/help/figures/lifecycle-retired.svg
./usr/lib64/R/site-library/dplyr/help/figures/lifecycle-archived.svg
./usr/lib64/R/site-library/dplyr/help/figures/lifecycle-experimental.svg
./usr/lib64/R/site-library/dplyr/help/figures/lifecycle-deprecated.svg
./usr/lib64/R/site-library/dplyr/help/aliases.rds
./usr/lib64/R/site-library/dplyr/help/dplyr.rdx
./usr/lib64/R/site-library/dplyr/help/AnIndex
./usr/lib64/R/site-library/dplyr/help/paths.rds
./usr/lib64/R/site-library/dplyr/include/
./usr/lib64/R/site-library/dplyr/include/dplyr.h
./usr/lib64/R/site-library/dplyr/include/tools/
./usr/lib64/R/site-library/dplyr/include/tools/encoding.h
./usr/lib64/R/site-library/dplyr/include/tools/scalar_type.h
./usr/lib64/R/site-library/dplyr/include/tools/default_value.h
./usr/lib64/R/site-library/dplyr/include/tools/train.h
./usr/lib64/R/site-library/dplyr/include/tools/debug.h
./usr/lib64/R/site-library/dplyr/include/tools/SymbolVector.h
./usr/lib64/R/site-library/dplyr/include/tools/tools.h
./usr/lib64/R/site-library/dplyr/include/tools/comparisons.h
./usr/lib64/R/site-library/dplyr/include/tools/BoolResult.h
./usr/lib64/R/site-library/dplyr/include/tools/SymbolMap.h
./usr/lib64/R/site-library/dplyr/include/tools/VectorView.h
./usr/lib64/R/site-library/dplyr/include/tools/hash.h
./usr/lib64/R/site-library/dplyr/include/tools/utils.h
./usr/lib64/R/site-library/dplyr/include/tools/bad.h
./usr/lib64/R/site-library/dplyr/include/tools/collapse.h
./usr/lib64/R/site-library/dplyr/include/tools/set_rownames.h
./usr/lib64/R/site-library/dplyr/include/tools/pointer_vector.h
./usr/lib64/R/site-library/dplyr/include/tools/rlang-export.h
./usr/lib64/R/site-library/dplyr/include/tools/SlicingIndex.h
./usr/lib64/R/site-library/dplyr/include/tools/Quosure.h
./usr/lib64/R/site-library/dplyr/include/tools/vector_class.h
./usr/lib64/R/site-library/dplyr/include/tools/SymbolString.h
./usr/lib64/R/site-library/dplyr/include/tools/match.h
./usr/lib64/R/site-library/dplyr/include/tools/all_na.h
./usr/lib64/R/site-library/dplyr/include/dplyr_types.h
./usr/lib64/R/site-library/dplyr/include/solaris/
./usr/lib64/R/site-library/dplyr/include/solaris/solaris.h
./usr/lib64/R/site-library/dplyr/include/dplyr/
./usr/lib64/R/site-library/dplyr/include/dplyr/main.h
./usr/lib64/R/site-library/dplyr/include/dplyr/config.h
./usr/lib64/R/site-library/dplyr/include/dplyr/symbols.h
./usr/lib64/R/site-library/dplyr/include/dplyr/visitors/
./usr/lib64/R/site-library/dplyr/include/dplyr/visitors/CharacterVectorOrderer.h
./usr/lib64/R/site-library/dplyr/include/dplyr/visitors/join/
./usr/lib64/R/site-library/dplyr/include/dplyr/visitors/join/DataFrameJoinVisitors.h
./usr/lib64/R/site-library/dplyr/include/dplyr/visitors/join/JoinVisitor.h
./usr/lib64/R/site-library/dplyr/include/dplyr/visitors/join/Column.h
./usr/lib64/R/site-library/dplyr/include/dplyr/visitors/join/JoinVisitorImpl.h
./usr/lib64/R/site-library/dplyr/include/dplyr/visitors/join/join_match.h
./usr/lib64/R/site-library/dplyr/include/dplyr/visitors/Comparer.h
./usr/lib64/R/site-library/dplyr/include/dplyr/visitors/order/
./usr/lib64/R/site-library/dplyr/include/dplyr/visitors/order/Order.h
./usr/lib64/R/site-library/dplyr/include/dplyr/visitors/order/OrderVisitor.h
./usr/lib64/R/site-library/dplyr/include/dplyr/visitors/order/OrderVisitorImpl.h
./usr/lib64/R/site-library/dplyr/include/dplyr/visitors/vector/
./usr/lib64/R/site-library/dplyr/include/dplyr/visitors/vector/DataFrameColumnVisitor.h
./usr/lib64/R/site-library/dplyr/include/dplyr/visitors/vector/visitor_impl.h
./usr/lib64/R/site-library/dplyr/include/dplyr/visitors/vector/VectorVisitor.h
./usr/lib64/R/site-library/dplyr/include/dplyr/visitors/vector/MatrixColumnVisitor.h
./usr/lib64/R/site-library/dplyr/include/dplyr/visitors/vector/VectorVisitorImpl.h
./usr/lib64/R/site-library/dplyr/include/dplyr/visitors/vector/DataFrameVisitors.h
./usr/lib64/R/site-library/dplyr/include/dplyr/visitors/vector/MultipleVectorVisitors.h
./usr/lib64/R/site-library/dplyr/include/dplyr/visitors/subset/
./usr/lib64/R/site-library/dplyr/include/dplyr/visitors/subset/DataFrameSubsetVisitors.h
./usr/lib64/R/site-library/dplyr/include/dplyr/visitors/subset/column_subset.h
./usr/lib64/R/site-library/dplyr/include/dplyr/visitors/subset/DataFrameSelect.h
./usr/lib64/R/site-library/dplyr/include/dplyr/visitors/SliceVisitor.h
./usr/lib64/R/site-library/dplyr/include/dplyr/dplyr.h
./usr/lib64/R/site-library/dplyr/include/dplyr/allow_list.h
./usr/lib64/R/site-library/dplyr/include/dplyr/checks.h
./usr/lib64/R/site-library/dplyr/include/dplyr/hybrid/
./usr/lib64/R/site-library/dplyr/include/dplyr/hybrid/HybridVectorSummaryRecycleResult.h
./usr/lib64/R/site-library/dplyr/include/dplyr/hybrid/scalar_result/
./usr/lib64/R/site-library/dplyr/include/dplyr/hybrid/scalar_result/min_max.h
./usr/lib64/R/site-library/dplyr/include/dplyr/hybrid/scalar_result/mean_sd_var.h
./usr/lib64/R/site-library/dplyr/include/dplyr/hybrid/scalar_result/n_distinct.h
./usr/lib64/R/site-library/dplyr/include/dplyr/hybrid/scalar_result/sum.h
./usr/lib64/R/site-library/dplyr/include/dplyr/hybrid/scalar_result/n.h
./usr/lib64/R/site-library/dplyr/include/dplyr/hybrid/scalar_result/first_last.h
./usr/lib64/R/site-library/dplyr/include/dplyr/hybrid/scalar_result/group_indices.h
./usr/lib64/R/site-library/dplyr/include/dplyr/hybrid/Dispatch.h
./usr/lib64/R/site-library/dplyr/include/dplyr/hybrid/Column.h
./usr/lib64/R/site-library/dplyr/include/dplyr/hybrid/vector_result/
./usr/lib64/R/site-library/dplyr/include/dplyr/hybrid/vector_result/echo.h
./usr/lib64/R/site-library/dplyr/include/dplyr/hybrid/vector_result/lead_lag.h
./usr/lib64/R/site-library/dplyr/include/dplyr/hybrid/vector_result/row_number.h
./usr/lib64/R/site-library/dplyr/include/dplyr/hybrid/vector_result/ntile.h
./usr/lib64/R/site-library/dplyr/include/dplyr/hybrid/vector_result/rank.h
./usr/lib64/R/site-library/dplyr/include/dplyr/hybrid/vector_result/in.h
./usr/lib64/R/site-library/dplyr/include/dplyr/hybrid/HybridVectorScalarResult.h
./usr/lib64/R/site-library/dplyr/include/dplyr/hybrid/Expression.h
./usr/lib64/R/site-library/dplyr/include/dplyr/hybrid/HybridVectorVectorResult.h
./usr/lib64/R/site-library/dplyr/include/dplyr/hybrid/hybrid.h
./usr/lib64/R/site-library/dplyr/include/dplyr/lifecycle.h
./usr/lib64/R/site-library/dplyr/include/dplyr/NamedListAccumulator.h
./usr/lib64/R/site-library/dplyr/include/dplyr/visitor_set/
./usr/lib64/R/site-library/dplyr/include/dplyr/visitor_set/visitor_set.h
./usr/lib64/R/site-library/dplyr/include/dplyr/visitor_set/VisitorHash.h
./usr/lib64/R/site-library/dplyr/include/dplyr/visitor_set/VisitorSetIndexSet.h
./usr/lib64/R/site-library/dplyr/include/dplyr/visitor_set/VisitorSetHasher.h
./usr/lib64/R/site-library/dplyr/include/dplyr/visitor_set/VisitorSetEqual.h
./usr/lib64/R/site-library/dplyr/include/dplyr/visitor_set/VisitorSetLess.h
./usr/lib64/R/site-library/dplyr/include/dplyr/visitor_set/VisitorSetIndexMap.h
./usr/lib64/R/site-library/dplyr/include/dplyr/visitor_set/VisitorSetHash.h
./usr/lib64/R/site-library/dplyr/include/dplyr/visitor_set/VisitorEqualPredicate.h
./usr/lib64/R/site-library/dplyr/include/dplyr/visitor_set/VisitorSetEqualPredicate.h
./usr/lib64/R/site-library/dplyr/include/dplyr/visitor_set/VisitorSetGreater.h
./usr/lib64/R/site-library/dplyr/include/dplyr/Collecter.h
./usr/lib64/R/site-library/dplyr/include/dplyr/standard/
./usr/lib64/R/site-library/dplyr/include/dplyr/standard/GroupedCallReducer.h
./usr/lib64/R/site-library/dplyr/include/dplyr/workarounds/
./usr/lib64/R/site-library/dplyr/include/dplyr/workarounds/static_assert.h
./usr/lib64/R/site-library/dplyr/include/dplyr/workarounds/installChar.h
./usr/lib64/R/site-library/dplyr/include/dplyr/workarounds/xlen.h
./usr/lib64/R/site-library/dplyr/include/dplyr/data/
./usr/lib64/R/site-library/dplyr/include/dplyr/data/RowwiseDataFrame.h
./usr/lib64/R/site-library/dplyr/include/dplyr/data/GroupedDataFrame.h
./usr/lib64/R/site-library/dplyr/include/dplyr/data/NaturalDataFrame.h
./usr/lib64/R/site-library/dplyr/include/dplyr/data/DataMask.h
./usr/lib64/R/site-library/dplyr/NEWS.md
./usr/lib64/R/site-library/dplyr/Meta/
./usr/lib64/R/site-library/dplyr/Meta/Rd.rds
./usr/lib64/R/site-library/dplyr/Meta/links.rds
./usr/lib64/R/site-library/dplyr/Meta/nsInfo.rds
./usr/lib64/R/site-library/dplyr/Meta/vignette.rds
./usr/lib64/R/site-library/dplyr/Meta/data.rds
./usr/lib64/R/site-library/dplyr/Meta/package.rds
./usr/lib64/R/site-library/dplyr/Meta/features.rds
./usr/lib64/R/site-library/dplyr/Meta/hsearch.rds
./usr/lib64/R/site-library/dplyr/libs/
./usr/lib64/R/site-library/dplyr/libs/dplyr.so
./usr/lib64/R/site-library/dplyr/LICENSE
./usr/lib64/R/site-library/dplyr/INDEX
./usr/lib64/R/site-library/dplyr/DESCRIPTION
./usr/lib64/R/site-library/dplyr/NAMESPACE
./usr/lib64/R/site-library/dplyr/R/
./usr/lib64/R/site-library/dplyr/R/dplyr.rdb
./usr/lib64/R/site-library/dplyr/R/dplyr.rdx
./usr/lib64/R/site-library/dplyr/R/dplyr
./usr/lib64/R/site-library/dplyr/data/
./usr/lib64/R/site-library/dplyr/data/Rdata.rds
./usr/lib64/R/site-library/dplyr/data/Rdata.rdb
./usr/lib64/R/site-library/dplyr/data/Rdata.rdx
./usr/lib64/R/site-library/dplyr/html/
./usr/lib64/R/site-library/dplyr/html/00Index.html
./usr/lib64/R/site-library/dplyr/doc/
./usr/lib64/R/site-library/dplyr/doc/programming.Rmd
./usr/lib64/R/site-library/dplyr/doc/window-functions.R
./usr/lib64/R/site-library/dplyr/doc/dplyr.Rmd
./usr/lib64/R/site-library/dplyr/doc/two-table.html
./usr/lib64/R/site-library/dplyr/doc/two-table.Rmd
./usr/lib64/R/site-library/dplyr/doc/compatibility.Rmd
./usr/lib64/R/site-library/dplyr/doc/window-functions.Rmd
./usr/lib64/R/site-library/dplyr/doc/programming.R
./usr/lib64/R/site-library/dplyr/doc/programming.html
./usr/lib64/R/site-library/dplyr/doc/window-functions.html
./usr/lib64/R/site-library/dplyr/doc/two-table.R
./usr/lib64/R/site-library/dplyr/doc/dplyr.html
./usr/lib64/R/site-library/dplyr/doc/dplyr.R
./usr/lib64/R/site-library/dplyr/doc/compatibility.html
./usr/lib64/R/site-library/dplyr/doc/index.html
./usr/lib64/R/site-library/dplyr/doc/compatibility.R
>>> Done.
 * checking 148 files for package collisions
>>> Merging sci-CRAN/dplyr-0.8.5 to /
 * removing unneeded *.la files
--- /usr/
--- /usr/lib64/
--- /usr/lib64/R/
--- /usr/lib64/R/site-library/
>>> /usr/lib64/R/site-library/dplyr/
>>> /usr/lib64/R/site-library/dplyr/doc/
>>> /usr/lib64/R/site-library/dplyr/doc/compatibility.R
>>> /usr/lib64/R/site-library/dplyr/doc/index.html
>>> /usr/lib64/R/site-library/dplyr/doc/compatibility.html
>>> /usr/lib64/R/site-library/dplyr/doc/dplyr.R
>>> /usr/lib64/R/site-library/dplyr/doc/dplyr.html
>>> /usr/lib64/R/site-library/dplyr/doc/two-table.R
>>> /usr/lib64/R/site-library/dplyr/doc/window-functions.html
>>> /usr/lib64/R/site-library/dplyr/doc/programming.html
>>> /usr/lib64/R/site-library/dplyr/doc/programming.R
>>> /usr/lib64/R/site-library/dplyr/doc/window-functions.Rmd
>>> /usr/lib64/R/site-library/dplyr/doc/compatibility.Rmd
>>> /usr/lib64/R/site-library/dplyr/doc/two-table.Rmd
>>> /usr/lib64/R/site-library/dplyr/doc/two-table.html
>>> /usr/lib64/R/site-library/dplyr/doc/dplyr.Rmd
>>> /usr/lib64/R/site-library/dplyr/doc/window-functions.R
>>> /usr/lib64/R/site-library/dplyr/doc/programming.Rmd
>>> /usr/lib64/R/site-library/dplyr/html/
>>> /usr/lib64/R/site-library/dplyr/html/00Index.html
>>> /usr/lib64/R/site-library/dplyr/data/
>>> /usr/lib64/R/site-library/dplyr/data/Rdata.rdx
>>> /usr/lib64/R/site-library/dplyr/data/Rdata.rdb
>>> /usr/lib64/R/site-library/dplyr/data/Rdata.rds
>>> /usr/lib64/R/site-library/dplyr/R/
>>> /usr/lib64/R/site-library/dplyr/R/dplyr
>>> /usr/lib64/R/site-library/dplyr/R/dplyr.rdx
>>> /usr/lib64/R/site-library/dplyr/R/dplyr.rdb
>>> /usr/lib64/R/site-library/dplyr/NAMESPACE
>>> /usr/lib64/R/site-library/dplyr/DESCRIPTION
>>> /usr/lib64/R/site-library/dplyr/INDEX
>>> /usr/lib64/R/site-library/dplyr/LICENSE
>>> /usr/lib64/R/site-library/dplyr/libs/
>>> /usr/lib64/R/site-library/dplyr/libs/dplyr.so
>>> /usr/lib64/R/site-library/dplyr/Meta/
>>> /usr/lib64/R/site-library/dplyr/Meta/hsearch.rds
>>> /usr/lib64/R/site-library/dplyr/Meta/features.rds
>>> /usr/lib64/R/site-library/dplyr/Meta/package.rds
>>> /usr/lib64/R/site-library/dplyr/Meta/data.rds
>>> /usr/lib64/R/site-library/dplyr/Meta/vignette.rds
>>> /usr/lib64/R/site-library/dplyr/Meta/nsInfo.rds
>>> /usr/lib64/R/site-library/dplyr/Meta/links.rds
>>> /usr/lib64/R/site-library/dplyr/Meta/Rd.rds
>>> /usr/lib64/R/site-library/dplyr/NEWS.md
>>> /usr/lib64/R/site-library/dplyr/include/
>>> /usr/lib64/R/site-library/dplyr/include/dplyr/
>>> /usr/lib64/R/site-library/dplyr/include/dplyr/data/
>>> /usr/lib64/R/site-library/dplyr/include/dplyr/data/DataMask.h
>>> /usr/lib64/R/site-library/dplyr/include/dplyr/data/NaturalDataFrame.h
>>> /usr/lib64/R/site-library/dplyr/include/dplyr/data/GroupedDataFrame.h
>>> /usr/lib64/R/site-library/dplyr/include/dplyr/data/RowwiseDataFrame.h
>>> /usr/lib64/R/site-library/dplyr/include/dplyr/workarounds/
>>> /usr/lib64/R/site-library/dplyr/include/dplyr/workarounds/xlen.h
>>> /usr/lib64/R/site-library/dplyr/include/dplyr/workarounds/installChar.h
>>> /usr/lib64/R/site-library/dplyr/include/dplyr/workarounds/static_assert.h
>>> /usr/lib64/R/site-library/dplyr/include/dplyr/standard/
>>> /usr/lib64/R/site-library/dplyr/include/dplyr/standard/GroupedCallReducer.h
>>> /usr/lib64/R/site-library/dplyr/include/dplyr/Collecter.h
>>> /usr/lib64/R/site-library/dplyr/include/dplyr/visitor_set/
>>> /usr/lib64/R/site-library/dplyr/include/dplyr/visitor_set/VisitorSetGreater.h
>>> /usr/lib64/R/site-library/dplyr/include/dplyr/visitor_set/VisitorSetEqualPredicate.h
>>> /usr/lib64/R/site-library/dplyr/include/dplyr/visitor_set/VisitorEqualPredicate.h
>>> /usr/lib64/R/site-library/dplyr/include/dplyr/visitor_set/VisitorSetHash.h
>>> /usr/lib64/R/site-library/dplyr/include/dplyr/visitor_set/VisitorSetIndexMap.h
>>> /usr/lib64/R/site-library/dplyr/include/dplyr/visitor_set/VisitorSetLess.h
>>> /usr/lib64/R/site-library/dplyr/include/dplyr/visitor_set/VisitorSetEqual.h
>>> /usr/lib64/R/site-library/dplyr/include/dplyr/visitor_set/VisitorSetHasher.h
>>> /usr/lib64/R/site-library/dplyr/include/dplyr/visitor_set/VisitorSetIndexSet.h
>>> /usr/lib64/R/site-library/dplyr/include/dplyr/visitor_set/VisitorHash.h
>>> /usr/lib64/R/site-library/dplyr/include/dplyr/visitor_set/visitor_set.h
>>> /usr/lib64/R/site-library/dplyr/include/dplyr/NamedListAccumulator.h
>>> /usr/lib64/R/site-library/dplyr/include/dplyr/lifecycle.h
>>> /usr/lib64/R/site-library/dplyr/include/dplyr/hybrid/
>>> /usr/lib64/R/site-library/dplyr/include/dplyr/hybrid/hybrid.h
>>> /usr/lib64/R/site-library/dplyr/include/dplyr/hybrid/HybridVectorVectorResult.h
>>> /usr/lib64/R/site-library/dplyr/include/dplyr/hybrid/Expression.h
>>> /usr/lib64/R/site-library/dplyr/include/dplyr/hybrid/HybridVectorScalarResult.h
>>> /usr/lib64/R/site-library/dplyr/include/dplyr/hybrid/vector_result/
>>> /usr/lib64/R/site-library/dplyr/include/dplyr/hybrid/vector_result/in.h
>>> /usr/lib64/R/site-library/dplyr/include/dplyr/hybrid/vector_result/rank.h
>>> /usr/lib64/R/site-library/dplyr/include/dplyr/hybrid/vector_result/ntile.h
>>> /usr/lib64/R/site-library/dplyr/include/dplyr/hybrid/vector_result/row_number.h
>>> /usr/lib64/R/site-library/dplyr/include/dplyr/hybrid/vector_result/lead_lag.h
>>> /usr/lib64/R/site-library/dplyr/include/dplyr/hybrid/vector_result/echo.h
>>> /usr/lib64/R/site-library/dplyr/include/dplyr/hybrid/Column.h
>>> /usr/lib64/R/site-library/dplyr/include/dplyr/hybrid/Dispatch.h
>>> /usr/lib64/R/site-library/dplyr/include/dplyr/hybrid/scalar_result/
>>> /usr/lib64/R/site-library/dplyr/include/dplyr/hybrid/scalar_result/group_indices.h
>>> /usr/lib64/R/site-library/dplyr/include/dplyr/hybrid/scalar_result/first_last.h
>>> /usr/lib64/R/site-library/dplyr/include/dplyr/hybrid/scalar_result/n.h
>>> /usr/lib64/R/site-library/dplyr/include/dplyr/hybrid/scalar_result/sum.h
>>> /usr/lib64/R/site-library/dplyr/include/dplyr/hybrid/scalar_result/n_distinct.h
>>> /usr/lib64/R/site-library/dplyr/include/dplyr/hybrid/scalar_result/mean_sd_var.h
>>> /usr/lib64/R/site-library/dplyr/include/dplyr/hybrid/scalar_result/min_max.h
>>> /usr/lib64/R/site-library/dplyr/include/dplyr/hybrid/HybridVectorSummaryRecycleResult.h
>>> /usr/lib64/R/site-library/dplyr/include/dplyr/checks.h
>>> /usr/lib64/R/site-library/dplyr/include/dplyr/allow_list.h
>>> /usr/lib64/R/site-library/dplyr/include/dplyr/dplyr.h
>>> /usr/lib64/R/site-library/dplyr/include/dplyr/visitors/
>>> /usr/lib64/R/site-library/dplyr/include/dplyr/visitors/SliceVisitor.h
>>> /usr/lib64/R/site-library/dplyr/include/dplyr/visitors/subset/
>>> /usr/lib64/R/site-library/dplyr/include/dplyr/visitors/subset/DataFrameSelect.h
>>> /usr/lib64/R/site-library/dplyr/include/dplyr/visitors/subset/column_subset.h
>>> /usr/lib64/R/site-library/dplyr/include/dplyr/visitors/subset/DataFrameSubsetVisitors.h
>>> /usr/lib64/R/site-library/dplyr/include/dplyr/visitors/vector/
>>> /usr/lib64/R/site-library/dplyr/include/dplyr/visitors/vector/MultipleVectorVisitors.h
>>> /usr/lib64/R/site-library/dplyr/include/dplyr/visitors/vector/DataFrameVisitors.h
>>> /usr/lib64/R/site-library/dplyr/include/dplyr/visitors/vector/VectorVisitorImpl.h
>>> /usr/lib64/R/site-library/dplyr/include/dplyr/visitors/vector/MatrixColumnVisitor.h
>>> /usr/lib64/R/site-library/dplyr/include/dplyr/visitors/vector/VectorVisitor.h
>>> /usr/lib64/R/site-library/dplyr/include/dplyr/visitors/vector/visitor_impl.h
>>> /usr/lib64/R/site-library/dplyr/include/dplyr/visitors/vector/DataFrameColumnVisitor.h
>>> /usr/lib64/R/site-library/dplyr/include/dplyr/visitors/order/
>>> /usr/lib64/R/site-library/dplyr/include/dplyr/visitors/order/OrderVisitorImpl.h
>>> /usr/lib64/R/site-library/dplyr/include/dplyr/visitors/order/OrderVisitor.h
>>> /usr/lib64/R/site-library/dplyr/include/dplyr/visitors/order/Order.h
>>> /usr/lib64/R/site-library/dplyr/include/dplyr/visitors/Comparer.h
>>> /usr/lib64/R/site-library/dplyr/include/dplyr/visitors/join/
>>> /usr/lib64/R/site-library/dplyr/include/dplyr/visitors/join/join_match.h
>>> /usr/lib64/R/site-library/dplyr/include/dplyr/visitors/join/JoinVisitorImpl.h
>>> /usr/lib64/R/site-library/dplyr/include/dplyr/visitors/join/Column.h
>>> /usr/lib64/R/site-library/dplyr/include/dplyr/visitors/join/JoinVisitor.h
>>> /usr/lib64/R/site-library/dplyr/include/dplyr/visitors/join/DataFrameJoinVisitors.h
>>> /usr/lib64/R/site-library/dplyr/include/dplyr/visitors/CharacterVectorOrderer.h
>>> /usr/lib64/R/site-library/dplyr/include/dplyr/symbols.h
>>> /usr/lib64/R/site-library/dplyr/include/dplyr/config.h
>>> /usr/lib64/R/site-library/dplyr/include/dplyr/main.h
>>> /usr/lib64/R/site-library/dplyr/include/solaris/
>>> /usr/lib64/R/site-library/dplyr/include/solaris/solaris.h
>>> /usr/lib64/R/site-library/dplyr/include/dplyr_types.h
>>> /usr/lib64/R/site-library/dplyr/include/tools/
>>> /usr/lib64/R/site-library/dplyr/include/tools/all_na.h
>>> /usr/lib64/R/site-library/dplyr/include/tools/match.h
>>> /usr/lib64/R/site-library/dplyr/include/tools/SymbolString.h
>>> /usr/lib64/R/site-library/dplyr/include/tools/vector_class.h
>>> /usr/lib64/R/site-library/dplyr/include/tools/Quosure.h
>>> /usr/lib64/R/site-library/dplyr/include/tools/SlicingIndex.h
>>> /usr/lib64/R/site-library/dplyr/include/tools/rlang-export.h
>>> /usr/lib64/R/site-library/dplyr/include/tools/pointer_vector.h
>>> /usr/lib64/R/site-library/dplyr/include/tools/set_rownames.h
>>> /usr/lib64/R/site-library/dplyr/include/tools/collapse.h
>>> /usr/lib64/R/site-library/dplyr/include/tools/bad.h
>>> /usr/lib64/R/site-library/dplyr/include/tools/utils.h
>>> /usr/lib64/R/site-library/dplyr/include/tools/hash.h
>>> /usr/lib64/R/site-library/dplyr/include/tools/VectorView.h
>>> /usr/lib64/R/site-library/dplyr/include/tools/SymbolMap.h
>>> /usr/lib64/R/site-library/dplyr/include/tools/BoolResult.h
>>> /usr/lib64/R/site-library/dplyr/include/tools/comparisons.h
>>> /usr/lib64/R/site-library/dplyr/include/tools/tools.h
>>> /usr/lib64/R/site-library/dplyr/include/tools/SymbolVector.h
>>> /usr/lib64/R/site-library/dplyr/include/tools/debug.h
>>> /usr/lib64/R/site-library/dplyr/include/tools/train.h
>>> /usr/lib64/R/site-library/dplyr/include/tools/default_value.h
>>> /usr/lib64/R/site-library/dplyr/include/tools/scalar_type.h
>>> /usr/lib64/R/site-library/dplyr/include/tools/encoding.h
>>> /usr/lib64/R/site-library/dplyr/include/dplyr.h
>>> /usr/lib64/R/site-library/dplyr/help/
>>> /usr/lib64/R/site-library/dplyr/help/paths.rds
>>> /usr/lib64/R/site-library/dplyr/help/AnIndex
>>> /usr/lib64/R/site-library/dplyr/help/dplyr.rdx
>>> /usr/lib64/R/site-library/dplyr/help/aliases.rds
>>> /usr/lib64/R/site-library/dplyr/help/figures/
>>> /usr/lib64/R/site-library/dplyr/help/figures/lifecycle-deprecated.svg
>>> /usr/lib64/R/site-library/dplyr/help/figures/lifecycle-experimental.svg
>>> /usr/lib64/R/site-library/dplyr/help/figures/lifecycle-archived.svg
>>> /usr/lib64/R/site-library/dplyr/help/figures/lifecycle-retired.svg
>>> /usr/lib64/R/site-library/dplyr/help/figures/lifecycle-stable.svg
>>> /usr/lib64/R/site-library/dplyr/help/figures/lifecycle-maturing.svg
>>> /usr/lib64/R/site-library/dplyr/help/figures/lifecycle-soft-deprecated.svg
>>> /usr/lib64/R/site-library/dplyr/help/figures/lifecycle-defunct.svg
>>> /usr/lib64/R/site-library/dplyr/help/figures/lifecycle-questioning.svg
>>> /usr/lib64/R/site-library/dplyr/help/figures/logo.png
>>> /usr/lib64/R/site-library/dplyr/help/dplyr.rdb
>>> sci-CRAN/dplyr-0.8.5 merged.
>>> Regenerating /etc/ld.so.cache...
