No package files given... Grabbing a set.
--- replaced obj /usr/lib64/R/site-library/crayon/logo.svg.gz
--- replaced obj /usr/lib64/R/site-library/crayon/logo.png
--- replaced obj /usr/lib64/R/site-library/crayon/html/00Index.html
--- replaced dir /usr/lib64/R/site-library/crayon/html
--- replaced obj /usr/lib64/R/site-library/crayon/help/paths.rds
--- replaced obj /usr/lib64/R/site-library/crayon/help/crayon.rdx
--- replaced obj /usr/lib64/R/site-library/crayon/help/crayon.rdb
--- replaced obj /usr/lib64/R/site-library/crayon/help/aliases.rds
--- replaced obj /usr/lib64/R/site-library/crayon/help/AnIndex
--- replaced dir /usr/lib64/R/site-library/crayon/help
--- replaced obj /usr/lib64/R/site-library/crayon/README.markdown
--- replaced obj /usr/lib64/R/site-library/crayon/R/crayon.rdx
--- replaced obj /usr/lib64/R/site-library/crayon/R/crayon.rdb
--- replaced obj /usr/lib64/R/site-library/crayon/R/crayon
--- replaced dir /usr/lib64/R/site-library/crayon/R
--- replaced obj /usr/lib64/R/site-library/crayon/NEWS.md
--- replaced obj /usr/lib64/R/site-library/crayon/NAMESPACE
--- replaced obj /usr/lib64/R/site-library/crayon/Meta/package.rds
--- replaced obj /usr/lib64/R/site-library/crayon/Meta/nsInfo.rds
--- replaced obj /usr/lib64/R/site-library/crayon/Meta/links.rds
--- replaced obj /usr/lib64/R/site-library/crayon/Meta/hsearch.rds
--- replaced obj /usr/lib64/R/site-library/crayon/Meta/features.rds
--- replaced obj /usr/lib64/R/site-library/crayon/Meta/Rd.rds
--- replaced dir /usr/lib64/R/site-library/crayon/Meta
--- replaced obj /usr/lib64/R/site-library/crayon/LICENSE
--- replaced obj /usr/lib64/R/site-library/crayon/INDEX
--- replaced obj /usr/lib64/R/site-library/crayon/DESCRIPTION
--- replaced obj /usr/lib64/R/site-library/crayon/ANSI-8-OSX.png
--- replaced obj /usr/lib64/R/site-library/crayon/ANSI-256-OSX.png
--- replaced dir /usr/lib64/R/site-library/crayon
--- replaced dir /usr/lib64/R/site-library
--- replaced dir /usr/lib64/R
--- replaced dir /usr/lib64
--- replaced dir /usr
>>> Regenerating /etc/ld.so.cache...
