No package files given... Grabbing a set.
<<<          obj /usr/lib64/R/site-library/pkgconfig/html/00Index.html
<<<          obj /usr/lib64/R/site-library/pkgconfig/help/pkgconfig.rdx
<<<          obj /usr/lib64/R/site-library/pkgconfig/help/pkgconfig.rdb
<<<          obj /usr/lib64/R/site-library/pkgconfig/help/paths.rds
<<<          obj /usr/lib64/R/site-library/pkgconfig/help/aliases.rds
<<<          obj /usr/lib64/R/site-library/pkgconfig/help/AnIndex
<<<          obj /usr/lib64/R/site-library/pkgconfig/README.markdown
<<<          obj /usr/lib64/R/site-library/pkgconfig/README.Rmd
<<<          obj /usr/lib64/R/site-library/pkgconfig/R/pkgconfig.rdx
<<<          obj /usr/lib64/R/site-library/pkgconfig/R/pkgconfig.rdb
<<<          obj /usr/lib64/R/site-library/pkgconfig/R/pkgconfig
<<<          obj /usr/lib64/R/site-library/pkgconfig/NEWS.markdown
<<<          obj /usr/lib64/R/site-library/pkgconfig/NAMESPACE
<<<          obj /usr/lib64/R/site-library/pkgconfig/Meta/package.rds
<<<          obj /usr/lib64/R/site-library/pkgconfig/Meta/nsInfo.rds
<<<          obj /usr/lib64/R/site-library/pkgconfig/Meta/links.rds
<<<          obj /usr/lib64/R/site-library/pkgconfig/Meta/hsearch.rds
<<<          obj /usr/lib64/R/site-library/pkgconfig/Meta/features.rds
<<<          obj /usr/lib64/R/site-library/pkgconfig/Meta/Rd.rds
<<<          obj /usr/lib64/R/site-library/pkgconfig/LICENSE
<<<          obj /usr/lib64/R/site-library/pkgconfig/INDEX
<<<          obj /usr/lib64/R/site-library/pkgconfig/DESCRIPTION
<<<          dir /usr/lib64/R/site-library/pkgconfig/html
<<<          dir /usr/lib64/R/site-library/pkgconfig/help
<<<          dir /usr/lib64/R/site-library/pkgconfig/R
<<<          dir /usr/lib64/R/site-library/pkgconfig/Meta
<<<          dir /usr/lib64/R/site-library/pkgconfig
--- !empty   dir /usr/lib64/R/site-library
--- !empty   dir /usr/lib64/R
--- !empty   dir /usr/lib64
--- !empty   dir /usr
