No package files given... Grabbing a set.
--- !found   obj /usr/share/man/man3/netcdf.3.bz2
--- !found   obj /usr/share/man/man1/ncgen3.1.bz2
--- !found   obj /usr/share/man/man1/ncgen.1.bz2
--- !found   obj /usr/share/man/man1/ncdump.1.bz2
--- !found   obj /usr/share/man/man1/nccopy.1.bz2
--- !found   obj /usr/lib64/pkgconfig/netcdf.pc
--- !found   obj /usr/lib64/libnetcdf.so.13.1.1
--- !found   sym /usr/lib64/libnetcdf.so.13
--- !found   sym /usr/lib64/libnetcdf.so
--- !found   obj /usr/lib64/libnetcdf.settings
--- !found   obj /usr/lib64/libmisc.so
--- !found   obj /usr/lib64/libmisc.la
--- !found   obj /usr/lib64/libbzip2.so
--- !found   obj /usr/lib64/libbzip2.la
--- !found   obj /usr/include/netcdf_meta.h
--- !found   obj /usr/include/netcdf_mem.h
--- !found   obj /usr/include/netcdf.h
--- !found   obj /usr/bin/ocprint
--- !found   obj /usr/bin/ncgen3
--- !found   obj /usr/bin/ncgen
--- !found   obj /usr/bin/ncdump
--- !found   obj /usr/bin/nccopy
--- !found   obj /usr/bin/nc-config
--- !empty   dir /usr/share/man/man3
--- !empty   dir /usr/share/man/man1
--- !empty   dir /usr/share/man
--- !empty   dir /usr/share
--- !empty   dir /usr/lib64/pkgconfig
--- !empty   dir /usr/lib64
--- !empty   dir /usr/include
--- !empty   dir /usr/bin
--- !empty   dir /usr
>>> Regenerating /etc/ld.so.cache...
