 * Package:    sci-geosciences/gpsd-3.19
 * Repository: gentoo
 * Maintainer: sci-geosciences@gentoo.org
 * USE:        X abi_x86_64 amd64 cxx dbus elibc_glibc gpsd_protocols_aivdm gpsd_protocols_ashtech gpsd_protocols_earthmate gpsd_protocols_evermore gpsd_protocols_fury gpsd_protocols_fv18 gpsd_protocols_garmin gpsd_protocols_garmintxt gpsd_protocols_geostar gpsd_protocols_gpsclock gpsd_protocols_greis gpsd_protocols_isync gpsd_protocols_itrax gpsd_protocols_mtk3301 gpsd_protocols_navcom gpsd_protocols_nmea0183 gpsd_protocols_nmea2000 gpsd_protocols_ntrip gpsd_protocols_oceanserver gpsd_protocols_oncore gpsd_protocols_passthrough gpsd_protocols_rtcm104v2 gpsd_protocols_rtcm104v3 gpsd_protocols_sirf gpsd_protocols_skytraq gpsd_protocols_superstar2 gpsd_protocols_tnt gpsd_protocols_tripmate gpsd_protocols_tsip gpsd_protocols_ublox kernel_linux ncurses python python_targets_python3_6 python_targets_python3_7 python_targets_python3_8 qt5 shm sockets udev userland_GNU
 * FEATURES:   ccache network-sandbox preserve-libs sandbox userpriv usersandbox
 * FEATURES='strict unknown-features-warn qa-unresolved-soname-deps unmerge-logs preserve-libs strict-keepdir multilib-strict binpkg-logs downgrade-backup buildpkg unmerge-backup binpkg-docompress parallel-install compress-index sandbox unmerge-orphans merge-sync usersandbox network-sandbox config-protect-if-modified ccache parallel-fetch binpkg-dostrip ipc-sandbox usersync distlocks assume-digests userfetch fixlafiles nodoc pid-sandbox sfperms news userpriv binpkg-multi-instance xattr cgroup'
 * CFLAGS='-march=native -O3 -fgraphite-identity -floop-nest-optimize -fdevirtualize-at-ltrans -fipa-pta -fno-semantic-interposition -flto=12 -fno-signed-zeros -fno-trapping-math -fassociative-math -freciprocal-math -fno-math-errno -ffinite-math-only -fno-rounding-math -fno-signaling-nans -fcx-limited-range -fexcess-precision=fast -fno-plt -fuse-linker-plugin -pipe -g0 -fno-stack-protector -fno-stack-clash-protection -fstack-check=no -fno-stack-check -Wl,-O4,--hash-style=gnu,--sort-common,--as-needed,-z,relro,-z,now,-lgomp,-lpthread'
 * CXXFLAGS='-march=native -O3 -fgraphite-identity -floop-nest-optimize -fdevirtualize-at-ltrans -fipa-pta -fno-semantic-interposition -flto=12 -fno-signed-zeros -fno-trapping-math -fassociative-math -freciprocal-math -fno-math-errno -ffinite-math-only -fno-rounding-math -fno-signaling-nans -fcx-limited-range -fexcess-precision=fast -fno-plt -fuse-linker-plugin -pipe -g0 -fno-stack-protector -fno-stack-clash-protection -fstack-check=no -fno-stack-check -Wl,-O4,--hash-style=gnu,--sort-common,--as-needed,-z,relro,-z,now,-lgomp,-lpthread'
 * FFLAGS='-march=native -O3 -fgraphite-identity -floop-nest-optimize -fdevirtualize-at-ltrans -fipa-pta -fno-semantic-interposition -flto=12 -fno-signed-zeros -fno-trapping-math -fassociative-math -freciprocal-math -fno-math-errno -ffinite-math-only -fno-rounding-math -fno-signaling-nans -fcx-limited-range -fexcess-precision=fast -fno-plt -fuse-linker-plugin -pipe -g0 -fno-stack-protector -fno-stack-clash-protection -fstack-check=no -fno-stack-check -Wl,-O4,--hash-style=gnu,--sort-common,--as-needed,-z,relro,-z,now,-lgomp,-lpthread'
 * FCFLAGS='-march=native -O3 -fgraphite-identity -floop-nest-optimize -fdevirtualize-at-ltrans -fipa-pta -fno-semantic-interposition -flto=12 -fno-signed-zeros -fno-trapping-math -fassociative-math -freciprocal-math -fno-math-errno -ffinite-math-only -fno-rounding-math -fno-signaling-nans -fcx-limited-range -fexcess-precision=fast -fno-plt -fuse-linker-plugin -pipe -g0 -fno-stack-protector -fno-stack-clash-protection -fstack-check=no -fno-stack-check -Wl,-O4,--hash-style=gnu,--sort-common,--as-needed,-z,relro,-z,now,-lgomp,-lpthread'
 * F77FLAGS='-march=native -O3 -fgraphite-identity -floop-nest-optimize -fdevirtualize-at-ltrans -fipa-pta -fno-semantic-interposition -flto=12 -fno-signed-zeros -fno-trapping-math -fassociative-math -freciprocal-math -fno-math-errno -ffinite-math-only -fno-rounding-math -fno-signaling-nans -fcx-limited-range -fexcess-precision=fast -fno-plt -fuse-linker-plugin -pipe -g0 -fno-stack-protector -fno-stack-clash-protection -fstack-check=no -fno-stack-check -Wl,-O4,--hash-style=gnu,--sort-common,--as-needed,-z,relro,-z,now,-lgomp,-lpthread'
 * LDFLAGS='-Wl,-O4,--hash-style=gnu,--sort-common,--as-needed,-z,relro,-z,now,-lgomp,-lpthread -march=native -O3 -fgraphite-identity -floop-nest-optimize -fdevirtualize-at-ltrans -fipa-pta -fno-semantic-interposition -flto=12 -fno-signed-zeros -fno-trapping-math -fassociative-math -freciprocal-math -fno-math-errno -ffinite-math-only -fno-rounding-math -fno-signaling-nans -fcx-limited-range -fexcess-precision=fast -fno-plt -fuse-linker-plugin -pipe -g0 -fno-stack-protector -fno-stack-clash-protection -fstack-check=no -fno-stack-check'
 * MAKEOPTS='-j12'
 * gcc (Gentoo 10.1.0 p1) 10.1.0
 * g++ (Gentoo 10.1.0 p1) 10.1.0
 * GNU ld (Gentoo 9999 p5) 2.34.50.20200520
 * Linux ryzen.gnum.org 5.4.36 #1 SMP Thu Apr 30 04:38:28 UTC 2020 x86_64 AMD Ryzen 5 3600 6-Core Processor AuthenticAMD GNU/Linux
]0;emerge 14:56:10 6|39 gpsd (root@ryzen.gnum.org)>>> Unpacking source...
>>> Unpacking gpsd-3.19.tar.gz to /tmp/portage/sci-geosciences/gpsd-3.19/work
>>> Source unpacked in /tmp/portage/sci-geosciences/gpsd-3.19/work
>>> Preparing source in /tmp/portage/sci-geosciences/gpsd-3.19/work/gpsd-3.19 ...
 * Applying gpsd-3.19-do_not_rm_library.patch ...
 [ ok ]
 * Using python3.8 in global scope
 * python_export() is part of private eclass API.
 * Please call python_get*() instead.
>>> Source prepared.
>>> Configuring source in /tmp/portage/sci-geosciences/gpsd-3.19/work/gpsd-3.19 ...
>>> Source configured.
>>> Compiling source in /tmp/portage/sci-geosciences/gpsd-3.19/work/gpsd-3.19 ...
scons -j12 prefix=/usr libdir=$prefix/lib64 udevdir=/lib/udev chrpath=False gpsd_user=gpsd gpsd_group=uucp nostrip=True manbuild=False shared=True bluez=0 libgpsmm=1 clientdebug=0 dbus_export=1 ipv6=0 timing=0 ncurses=1 ntpshm=0 pps=0 python=1 qt=1 shm_export=1 socket_export=1 usb=0 xgps=1 xgpsspeed=1 qt_versioned=5 aivdm=1 ashtech=1 earthmate=1 evermore=1 fury=1 fv18=1 garmin=1 garmintxt=1 geostar=1 gpsclock=1 greis=1 isync=1 itrax=1 mtk3301=1 navcom=1 nmea0183=1 nmea2000=1 ntrip=1 oceanserver=1 oncore=1 passthrough=1 rtcm104v2=1 rtcm104v3=1 sirf=1 skytraq=1 superstar2=1 tnt=1 tripmate=1 tsip=1 ublox=1
scons: Reading SConscript files ...
/tmp/portage/sci-geosciences/gpsd-3.19/work/gpsd-3.19/SConstruct:339: SyntaxWarning: "is" with a literal. Did you mean "=="?
  not (name is "gpsd" or name is "gpsdclients"))):
/tmp/portage/sci-geosciences/gpsd-3.19/work/gpsd-3.19/SConstruct:339: SyntaxWarning: "is" with a literal. Did you mean "=="?
  not (name is "gpsd" or name is "gpsdclients"))):
This system is: linux
Checking if compiler accepts -pthread... yes
Checking whether the C++ compiler works... yes
Checking pkg-config for ncurses... yes
Checking pkg-config for tinfo... yes
Checking for C library librt... yes
Checking for C library libthr... no
Checking pkg-config for dbus-1... yes
Checking for C type in_port_t... yes
Checking whether SUN_LEN is declared... yes
Checking for C header file linux/can.h... yes
You have kernel CANbus available.
Checking if compiler is C11... yes
Checking if compiler supplies __STDC_NO_ATOMICS__... no
Checking for C header file stdatomic.h... yes
Checking if compiler supplies __ORDER_BIG_ENDIAN__... yes
Checking if compiler supplies __ORDER_LITTLE_ENDIAN__... yes
Checking if compiler supplies __BYTE_ORDER__... yes
Your compiler has built-in endianness support.
Checking for C header file arpa/inet.h... yes
Checking for C header file netdb.h... yes
Checking for C header file netinet/in.h... yes
Checking for C header file netinet/ip.h... yes
Checking for C header file sys/socket.h... yes
Checking for C header file sys/un.h... yes
Checking for C header file syslog.h... yes
Checking for C header file termios.h... yes
Checking for C header file winsock2.h... no
Checking for C function daemon()... yes
Checking for C function strlcpy()... no
Checking for C function strlcat()... no
Checking for C function clock_gettime()... yes
Checking for C function strptime()... yes
Checking for C function gmtime_r()... yes
Checking for C function inet_ntop()... yes
Checking for C function fcntl()... yes
Checking for C function fork()... yes
Checking for C header file sys/timepps.h... yes
Checking if sys/ioctl.h supplies TIOCMIWAIT... yes
Checking for C library libdbus-1... yes
Build of man and HTML documentation is disabled.
Checking pkg-config for Qt5Network... yes
Checking if compiler accepts -Wall... yes
Checking if compiler accepts -Wcast-align... yes
Checking if compiler accepts -Wextra... yes
Checking if compiler accepts -Wimplicit-fallthrough... yes
Checking if compiler accepts -Wmissing-declarations... yes
Checking if compiler accepts -Wmissing-prototypes... yes
Checking if compiler accepts -Wno-missing-field-initializers... yes
Checking if compiler accepts -Wno-uninitialized... yes
Checking if compiler accepts -Wpointer-arith... yes
Checking if compiler accepts -Wreturn-type... yes
Checking if compiler accepts -Wstrict-prototypes... yes
Checking if compiler accepts -Wvla... yes
Checking whether python program exists.../tmp/portage/sci-geosciences/gpsd-3.19/temp/python3.8/bin/python
Obtaining Python exe path... yes
Obtaining Python lib dir... yes
Obtaining Python config vars... ok
Altered configuration variables:
ntpshm = False (default True): NTP time hinting via shared memory
pps = False (default True): PPS time syncing support
bluez = False (default True): BlueZ support for Bluetooth devices
ipv6 = False (default True): build IPv6 support
usb = False (default True): libusb support for USB devices
clientdebug = False (default True): client debugging support
manbuild = False (default True): build help in man and HTML formats
nostrip = True (default False): don't symbol-strip binaries at link time
gpsd_user = gpsd (default nobody): privilege revocation user
prefix = /usr (default /usr/local): installation directory prefix
qt_versioned = 5 (default ): version for versioned Qt
libdir = /usr/lib64 (default lib): system libraries
This is a Gentoo system.
Adjust your PYTHONPATH to see library directories under /usr/local/lib
scons: done reading SConscript files.
scons: Building targets ...
rm -f ais_json.i && /usr/bin/python3.8 jsongen.py --ais --target=parser > ais_json.i && chmod a-w ais_json.i
Creating 'gpsd_config.h'
Creating 'revision.h'
rm -f packet_names.h && sed -e '/^ *\([A-Z][A-Z0-9_]*\),/s// "\1",/' < packet_states.h > packet_names.h && chmod a-w packet_names.h
timebase_h(["timebase.h"], ["leapseconds.cache"])
Creating 'gps-3.19.egg-info'
substituter(["gpsd.php"], ["gpsd.php.in"])
substituter(["libgps.pc"], ["libgps.pc.in"])
substituter(["gpsd.rules"], ["gpsd.rules.in"])
chmod -w libgps.pc
chmod -w gpsd.php
chmod -w gpsd.rules
x86_64-pc-linux-gnu-gcc -o timebase.o -c -march=native -O3 -fgraphite-identity -floop-nest-optimize -fdevirtualize-at-ltrans -fipa-pta -fno-semantic-interposition -flto=12 -fno-signed-zeros -fno-trapping-math -fassociative-math -freciprocal-math -fno-math-errno -ffinite-math-only -fno-rounding-math -fno-signaling-nans -fcx-limited-range -fexcess-precision=fast -fno-plt -fuse-linker-plugin -pipe -g0 -fno-stack-protector -fno-stack-clash-protection -fstack-check=no -fno-stack-check -Wl,-O4,--hash-style=gnu,--sort-common,--as-needed,-z,relro,-z,now,-lgomp,-lpthread -pthread -Wall -Wcast-align -Wextra -Wimplicit-fallthrough -Wmissing-declarations -Wmissing-prototypes -Wno-missing-field-initializers -Wno-uninitialized -Wpointer-arith -Wreturn-type -Wstrict-prototypes -Wvla -O2 -pthread -I/usr/include/dbus-1.0 -I/usr/lib64/dbus-1.0/include timebase.c
x86_64-pc-linux-gnu-gcc -pthread -o packet-py_3_8_3_final_0.cpython-38-x86_64-linux-gnu.so -c -Wno-unused-result -Wsign-compare -O2 -pthread -fPIC -DNDEBUG -I/usr/include/python3.8 packet.c
x86_64-pc-linux-gnu-gcc -o packet.o -c -march=native -O3 -fgraphite-identity -floop-nest-optimize -fdevirtualize-at-ltrans -fipa-pta -fno-semantic-interposition -flto=12 -fno-signed-zeros -fno-trapping-math -fassociative-math -freciprocal-math -fno-math-errno -ffinite-math-only -fno-rounding-math -fno-signaling-nans -fcx-limited-range -fexcess-precision=fast -fno-plt -fuse-linker-plugin -pipe -g0 -fno-stack-protector -fno-stack-clash-protection -fstack-check=no -fno-stack-check -Wl,-O4,--hash-style=gnu,--sort-common,--as-needed,-z,relro,-z,now,-lgomp,-lpthread -pthread -Wall -Wcast-align -Wextra -Wimplicit-fallthrough -Wmissing-declarations -Wmissing-prototypes -Wno-missing-field-initializers -Wno-uninitialized -Wpointer-arith -Wreturn-type -Wstrict-prototypes -Wvla -O2 -pthread -I/usr/include/dbus-1.0 -I/usr/lib64/dbus-1.0/include packet.c
x86_64-pc-linux-gnu-gcc -o gps2udp.o -c -march=native -O3 -fgraphite-identity -floop-nest-optimize -fdevirtualize-at-ltrans -fipa-pta -fno-semantic-interposition -flto=12 -fno-signed-zeros -fno-trapping-math -fassociative-math -freciprocal-math -fno-math-errno -ffinite-math-only -fno-rounding-math -fno-signaling-nans -fcx-limited-range -fexcess-precision=fast -fno-plt -fuse-linker-plugin -pipe -g0 -fno-stack-protector -fno-stack-clash-protection -fstack-check=no -fno-stack-check -Wl,-O4,--hash-style=gnu,--sort-common,--as-needed,-z,relro,-z,now,-lgomp,-lpthread -pthread -Wall -Wcast-align -Wextra -Wimplicit-fallthrough -Wmissing-declarations -Wmissing-prototypes -Wno-missing-field-initializers -Wno-uninitialized -Wpointer-arith -Wreturn-type -Wstrict-prototypes -Wvla -O2 -pthread -I/usr/include/dbus-1.0 -I/usr/lib64/dbus-1.0/include gps2udp.c
x86_64-pc-linux-gnu-gcc -o gpsctl.o -c -march=native -O3 -fgraphite-identity -floop-nest-optimize -fdevirtualize-at-ltrans -fipa-pta -fno-semantic-interposition -flto=12 -fno-signed-zeros -fno-trapping-math -fassociative-math -freciprocal-math -fno-math-errno -ffinite-math-only -fno-rounding-math -fno-signaling-nans -fcx-limited-range -fexcess-precision=fast -fno-plt -fuse-linker-plugin -pipe -g0 -fno-stack-protector -fno-stack-clash-protection -fstack-check=no -fno-stack-check -Wl,-O4,--hash-style=gnu,--sort-common,--as-needed,-z,relro,-z,now,-lgomp,-lpthread -pthread -Wall -Wcast-align -Wextra -Wimplicit-fallthrough -Wmissing-declarations -Wmissing-prototypes -Wno-missing-field-initializers -Wno-uninitialized -Wpointer-arith -Wreturn-type -Wstrict-prototypes -Wvla -O2 -pthread -I/usr/include/dbus-1.0 -I/usr/lib64/dbus-1.0/include gpsctl.c
x86_64-pc-linux-gnu-gcc -o gpsd.o -c -march=native -O3 -fgraphite-identity -floop-nest-optimize -fdevirtualize-at-ltrans -fipa-pta -fno-semantic-interposition -flto=12 -fno-signed-zeros -fno-trapping-math -fassociative-math -freciprocal-math -fno-math-errno -ffinite-math-only -fno-rounding-math -fno-signaling-nans -fcx-limited-range -fexcess-precision=fast -fno-plt -fuse-linker-plugin -pipe -g0 -fno-stack-protector -fno-stack-clash-protection -fstack-check=no -fno-stack-check -Wl,-O4,--hash-style=gnu,--sort-common,--as-needed,-z,relro,-z,now,-lgomp,-lpthread -pthread -Wall -Wcast-align -Wextra -Wimplicit-fallthrough -Wmissing-declarations -Wmissing-prototypes -Wno-missing-field-initializers -Wno-uninitialized -Wpointer-arith -Wreturn-type -Wstrict-prototypes -Wvla -O2 -pthread -I/usr/include/dbus-1.0 -I/usr/lib64/dbus-1.0/include gpsd.c
x86_64-pc-linux-gnu-gcc -o gpxlogger.o -c -march=native -O3 -fgraphite-identity -floop-nest-optimize -fdevirtualize-at-ltrans -fipa-pta -fno-semantic-interposition -flto=12 -fno-signed-zeros -fno-trapping-math -fassociative-math -freciprocal-math -fno-math-errno -ffinite-math-only -fno-rounding-math -fno-signaling-nans -fcx-limited-range -fexcess-precision=fast -fno-plt -fuse-linker-plugin -pipe -g0 -fno-stack-protector -fno-stack-clash-protection -fstack-check=no -fno-stack-check -Wl,-O4,--hash-style=gnu,--sort-common,--as-needed,-z,relro,-z,now,-lgomp,-lpthread -pthread -Wall -Wcast-align -Wextra -Wimplicit-fallthrough -Wmissing-declarations -Wmissing-prototypes -Wno-missing-field-initializers -Wno-uninitialized -Wpointer-arith -Wreturn-type -Wstrict-prototypes -Wvla -O2 -pthread -I/usr/include/dbus-1.0 -I/usr/lib64/dbus-1.0/include gpxlogger.c
x86_64-pc-linux-gnu-gcc -o cgps.o -c -march=native -O3 -fgraphite-identity -floop-nest-optimize -fdevirtualize-at-ltrans -fipa-pta -fno-semantic-interposition -flto=12 -fno-signed-zeros -fno-trapping-math -fassociative-math -freciprocal-math -fno-math-errno -ffinite-math-only -fno-rounding-math -fno-signaling-nans -fcx-limited-range -fexcess-precision=fast -fno-plt -fuse-linker-plugin -pipe -g0 -fno-stack-protector -fno-stack-clash-protection -fstack-check=no -fno-stack-check -Wl,-O4,--hash-style=gnu,--sort-common,--as-needed,-z,relro,-z,now,-lgomp,-lpthread -pthread -Wall -Wcast-align -Wextra -Wimplicit-fallthrough -Wmissing-declarations -Wmissing-prototypes -Wno-missing-field-initializers -Wno-uninitialized -Wpointer-arith -Wreturn-type -Wstrict-prototypes -Wvla -O2 -pthread -D_DEFAULT_SOURCE -D_XOPEN_SOURCE=600 -I/usr/include/dbus-1.0 -I/usr/lib64/dbus-1.0/include cgps.c
x86_64-pc-linux-gnu-gcc -o gpsrinex.o -c -march=native -O3 -fgraphite-identity -floop-nest-optimize -fdevirtualize-at-ltrans -fipa-pta -fno-semantic-interposition -flto=12 -fno-signed-zeros -fno-trapping-math -fassociative-math -freciprocal-math -fno-math-errno -ffinite-math-only -fno-rounding-math -fno-signaling-nans -fcx-limited-range -fexcess-precision=fast -fno-plt -fuse-linker-plugin -pipe -g0 -fno-stack-protector -fno-stack-clash-protection -fstack-check=no -fno-stack-check -Wl,-O4,--hash-style=gnu,--sort-common,--as-needed,-z,relro,-z,now,-lgomp,-lpthread -pthread -Wall -Wcast-align -Wextra -Wimplicit-fallthrough -Wmissing-declarations -Wmissing-prototypes -Wno-missing-field-initializers -Wno-uninitialized -Wpointer-arith -Wreturn-type -Wstrict-prototypes -Wvla -O2 -pthread -I/usr/include/dbus-1.0 -I/usr/lib64/dbus-1.0/include gpsrinex.c
x86_64-pc-linux-gnu-gcc -o lcdgps.o -c -march=native -O3 -fgraphite-identity -floop-nest-optimize -fdevirtualize-at-ltrans -fipa-pta -fno-semantic-interposition -flto=12 -fno-signed-zeros -fno-trapping-math -fassociative-math -freciprocal-math -fno-math-errno -ffinite-math-only -fno-rounding-math -fno-signaling-nans -fcx-limited-range -fexcess-precision=fast -fno-plt -fuse-linker-plugin -pipe -g0 -fno-stack-protector -fno-stack-clash-protection -fstack-check=no -fno-stack-check -Wl,-O4,--hash-style=gnu,--sort-common,--as-needed,-z,relro,-z,now,-lgomp,-lpthread -pthread -Wall -Wcast-align -Wextra -Wimplicit-fallthrough -Wmissing-declarations -Wmissing-prototypes -Wno-missing-field-initializers -Wno-uninitialized -Wpointer-arith -Wreturn-type -Wstrict-prototypes -Wvla -O2 -pthread -I/usr/include/dbus-1.0 -I/usr/lib64/dbus-1.0/include lcdgps.c
x86_64-pc-linux-gnu-gcc -o gpspipe.o -c -march=native -O3 -fgraphite-identity -floop-nest-optimize -fdevirtualize-at-ltrans -fipa-pta -fno-semantic-interposition -flto=12 -fno-signed-zeros -fno-trapping-math -fassociative-math -freciprocal-math -fno-math-errno -ffinite-math-only -fno-rounding-math -fno-signaling-nans -fcx-limited-range -fexcess-precision=fast -fno-plt -fuse-linker-plugin -pipe -g0 -fno-stack-protector -fno-stack-clash-protection -fstack-check=no -fno-stack-check -Wl,-O4,--hash-style=gnu,--sort-common,--as-needed,-z,relro,-z,now,-lgomp,-lpthread -pthread -Wall -Wcast-align -Wextra -Wimplicit-fallthrough -Wmissing-declarations -Wmissing-prototypes -Wno-missing-field-initializers -Wno-uninitialized -Wpointer-arith -Wreturn-type -Wstrict-prototypes -Wvla -O2 -pthread -I/usr/include/dbus-1.0 -I/usr/lib64/dbus-1.0/include gpspipe.c
x86_64-pc-linux-gnu-gcc -o gpsmon.o -c -march=native -O3 -fgraphite-identity -floop-nest-optimize -fdevirtualize-at-ltrans -fipa-pta -fno-semantic-interposition -flto=12 -fno-signed-zeros -fno-trapping-math -fassociative-math -freciprocal-math -fno-math-errno -ffinite-math-only -fno-rounding-math -fno-signaling-nans -fcx-limited-range -fexcess-precision=fast -fno-plt -fuse-linker-plugin -pipe -g0 -fno-stack-protector -fno-stack-clash-protection -fstack-check=no -fno-stack-check -Wl,-O4,--hash-style=gnu,--sort-common,--as-needed,-z,relro,-z,now,-lgomp,-lpthread -pthread -Wall -Wcast-align -Wextra -Wimplicit-fallthrough -Wmissing-declarations -Wmissing-prototypes -Wno-missing-field-initializers -Wno-uninitialized -Wpointer-arith -Wreturn-type -Wstrict-prototypes -Wvla -O2 -pthread -D_DEFAULT_SOURCE -D_XOPEN_SOURCE=600 -I/usr/include/dbus-1.0 -I/usr/lib64/dbus-1.0/include gpsmon.c
x86_64-pc-linux-gnu-gcc -o gpsd_json.o -c -march=native -O3 -fgraphite-identity -floop-nest-optimize -fdevirtualize-at-ltrans -fipa-pta -fno-semantic-interposition -flto=12 -fno-signed-zeros -fno-trapping-math -fassociative-math -freciprocal-math -fno-math-errno -ffinite-math-only -fno-rounding-math -fno-signaling-nans -fcx-limited-range -fexcess-precision=fast -fno-plt -fuse-linker-plugin -pipe -g0 -fno-stack-protector -fno-stack-clash-protection -fstack-check=no -fno-stack-check -Wl,-O4,--hash-style=gnu,--sort-common,--as-needed,-z,relro,-z,now,-lgomp,-lpthread -pthread -Wall -Wcast-align -Wextra -Wimplicit-fallthrough -Wmissing-declarations -Wmissing-prototypes -Wno-missing-field-initializers -Wno-uninitialized -Wpointer-arith -Wreturn-type -Wstrict-prototypes -Wvla -O2 -pthread -I/usr/include/dbus-1.0 -I/usr/lib64/dbus-1.0/include gpsd_json.c
x86_64-pc-linux-gnu-gcc -o qt-ais_json.os -c -march=native -O3 -fgraphite-identity -floop-nest-optimize -fdevirtualize-at-ltrans -fipa-pta -fno-semantic-interposition -flto=12 -fno-signed-zeros -fno-trapping-math -fassociative-math -freciprocal-math -fno-math-errno -ffinite-math-only -fno-rounding-math -fno-signaling-nans -fcx-limited-range -fexcess-precision=fast -fno-plt -fuse-linker-plugin -pipe -g0 -fno-stack-protector -fno-stack-clash-protection -fstack-check=no -fno-stack-check -Wl,-O4,--hash-style=gnu,--sort-common,--as-needed,-z,relro,-z,now,-lgomp,-lpthread -pthread -Wall -Wcast-align -Wextra -Wimplicit-fallthrough -Wmissing-declarations -Wno-missing-field-initializers -Wno-uninitialized -Wpointer-arith -Wreturn-type -Wvla -O2 -pthread -fPIC -DUSE_QT -DQT_NETWORK_LIB -DQT_CORE_LIB -I/usr/include/dbus-1.0 -I/usr/lib64/dbus-1.0/include -I/usr/include/qt5/QtNetwork -I/usr/include/qt5 -I/usr/include/qt5/QtCore ais_json.c
x86_64-pc-linux-gnu-gcc -o ais_json.o -c -march=native -O3 -fgraphite-identity -floop-nest-optimize -fdevirtualize-at-ltrans -fipa-pta -fno-semantic-interposition -flto=12 -fno-signed-zeros -fno-trapping-math -fassociative-math -freciprocal-math -fno-math-errno -ffinite-math-only -fno-rounding-math -fno-signaling-nans -fcx-limited-range -fexcess-precision=fast -fno-plt -fuse-linker-plugin -pipe -g0 -fno-stack-protector -fno-stack-clash-protection -fstack-check=no -fno-stack-check -Wl,-O4,--hash-style=gnu,--sort-common,--as-needed,-z,relro,-z,now,-lgomp,-lpthread -pthread -Wall -Wcast-align -Wextra -Wimplicit-fallthrough -Wmissing-declarations -Wmissing-prototypes -Wno-missing-field-initializers -Wno-uninitialized -Wpointer-arith -Wreturn-type -Wstrict-prototypes -Wvla -O2 -pthread -I/usr/include/dbus-1.0 -I/usr/lib64/dbus-1.0/include ais_json.c
x86_64-pc-linux-gnu-gcc -o ais_json.os -c -march=native -O3 -fgraphite-identity -floop-nest-optimize -fdevirtualize-at-ltrans -fipa-pta -fno-semantic-interposition -flto=12 -fno-signed-zeros -fno-trapping-math -fassociative-math -freciprocal-math -fno-math-errno -ffinite-math-only -fno-rounding-math -fno-signaling-nans -fcx-limited-range -fexcess-precision=fast -fno-plt -fuse-linker-plugin -pipe -g0 -fno-stack-protector -fno-stack-clash-protection -fstack-check=no -fno-stack-check -Wl,-O4,--hash-style=gnu,--sort-common,--as-needed,-z,relro,-z,now,-lgomp,-lpthread -pthread -Wall -Wcast-align -Wextra -Wimplicit-fallthrough -Wmissing-declarations -Wmissing-prototypes -Wno-missing-field-initializers -Wno-uninitialized -Wpointer-arith -Wreturn-type -Wstrict-prototypes -Wvla -O2 -pthread -fPIC -I/usr/include/dbus-1.0 -I/usr/lib64/dbus-1.0/include ais_json.c
x86_64-pc-linux-gnu-g++ -o libgpsmm.o -c -march=native -O3 -fgraphite-identity -floop-nest-optimize -fdevirtualize-at-ltrans -fipa-pta -fno-semantic-interposition -flto=12 -fno-signed-zeros -fno-trapping-math -fassociative-math -freciprocal-math -fno-math-errno -ffinite-math-only -fno-rounding-math -fno-signaling-nans -fcx-limited-range -fexcess-precision=fast -fno-plt -fuse-linker-plugin -pipe -g0 -fno-stack-protector -fno-stack-clash-protection -fstack-check=no -fno-stack-check -Wl,-O4,--hash-style=gnu,--sort-common,--as-needed,-z,relro,-z,now,-lgomp,-lpthread -O2 -pthread -I/usr/include/dbus-1.0 -I/usr/lib64/dbus-1.0/include libgpsmm.cpp
x86_64-pc-linux-gnu-gcc -o qt-rtcm3_json.os -c -march=native -O3 -fgraphite-identity -floop-nest-optimize -fdevirtualize-at-ltrans -fipa-pta -fno-semantic-interposition -flto=12 -fno-signed-zeros -fno-trapping-math -fassociative-math -freciprocal-math -fno-math-errno -ffinite-math-only -fno-rounding-math -fno-signaling-nans -fcx-limited-range -fexcess-precision=fast -fno-plt -fuse-linker-plugin -pipe -g0 -fno-stack-protector -fno-stack-clash-protection -fstack-check=no -fno-stack-check -Wl,-O4,--hash-style=gnu,--sort-common,--as-needed,-z,relro,-z,now,-lgomp,-lpthread -pthread -Wall -Wcast-align -Wextra -Wimplicit-fallthrough -Wmissing-declarations -Wno-missing-field-initializers -Wno-uninitialized -Wpointer-arith -Wreturn-type -Wvla -O2 -pthread -fPIC -DUSE_QT -DQT_NETWORK_LIB -DQT_CORE_LIB -I/usr/include/dbus-1.0 -I/usr/lib64/dbus-1.0/include -I/usr/include/qt5/QtNetwork -I/usr/include/qt5 -I/usr/include/qt5/QtCore rtcm3_json.c
x86_64-pc-linux-gnu-gcc -o rtcm3_json.o -c -march=native -O3 -fgraphite-identity -floop-nest-optimize -fdevirtualize-at-ltrans -fipa-pta -fno-semantic-interposition -flto=12 -fno-signed-zeros -fno-trapping-math -fassociative-math -freciprocal-math -fno-math-errno -ffinite-math-only -fno-rounding-math -fno-signaling-nans -fcx-limited-range -fexcess-precision=fast -fno-plt -fuse-linker-plugin -pipe -g0 -fno-stack-protector -fno-stack-clash-protection -fstack-check=no -fno-stack-check -Wl,-O4,--hash-style=gnu,--sort-common,--as-needed,-z,relro,-z,now,-lgomp,-lpthread -pthread -Wall -Wcast-align -Wextra -Wimplicit-fallthrough -Wmissing-declarations -Wmissing-prototypes -Wno-missing-field-initializers -Wno-uninitialized -Wpointer-arith -Wreturn-type -Wstrict-prototypes -Wvla -O2 -pthread -I/usr/include/dbus-1.0 -I/usr/lib64/dbus-1.0/include rtcm3_json.c
x86_64-pc-linux-gnu-gcc -o libgps_json.o -c -march=native -O3 -fgraphite-identity -floop-nest-optimize -fdevirtualize-at-ltrans -fipa-pta -fno-semantic-interposition -flto=12 -fno-signed-zeros -fno-trapping-math -fassociative-math -freciprocal-math -fno-math-errno -ffinite-math-only -fno-rounding-math -fno-signaling-nans -fcx-limited-range -fexcess-precision=fast -fno-plt -fuse-linker-plugin -pipe -g0 -fno-stack-protector -fno-stack-clash-protection -fstack-check=no -fno-stack-check -Wl,-O4,--hash-style=gnu,--sort-common,--as-needed,-z,relro,-z,now,-lgomp,-lpthread -pthread -Wall -Wcast-align -Wextra -Wimplicit-fallthrough -Wmissing-declarations -Wmissing-prototypes -Wno-missing-field-initializers -Wno-uninitialized -Wpointer-arith -Wreturn-type -Wstrict-prototypes -Wvla -O2 -pthread -I/usr/include/dbus-1.0 -I/usr/lib64/dbus-1.0/include libgps_json.c
x86_64-pc-linux-gnu-gcc -o bits.os -c -march=native -O3 -fgraphite-identity -floop-nest-optimize -fdevirtualize-at-ltrans -fipa-pta -fno-semantic-interposition -flto=12 -fno-signed-zeros -fno-trapping-math -fassociative-math -freciprocal-math -fno-math-errno -ffinite-math-only -fno-rounding-math -fno-signaling-nans -fcx-limited-range -fexcess-precision=fast -fno-plt -fuse-linker-plugin -pipe -g0 -fno-stack-protector -fno-stack-clash-protection -fstack-check=no -fno-stack-check -Wl,-O4,--hash-style=gnu,--sort-common,--as-needed,-z,relro,-z,now,-lgomp,-lpthread -pthread -Wall -Wcast-align -Wextra -Wimplicit-fallthrough -Wmissing-declarations -Wmissing-prototypes -Wno-missing-field-initializers -Wno-uninitialized -Wpointer-arith -Wreturn-type -Wstrict-prototypes -Wvla -O2 -pthread -fPIC -I/usr/include/dbus-1.0 -I/usr/lib64/dbus-1.0/include bits.c
rm -f gps_maskdump.c && /usr/bin/python3.8 maskaudit.py -c /tmp/portage/sci-geosciences/gpsd-3.19/work/gpsd-3.19 > gps_maskdump.c && chmod a-w gps_maskdump.c
x86_64-pc-linux-gnu-gcc -o shared_json.o -c -march=native -O3 -fgraphite-identity -floop-nest-optimize -fdevirtualize-at-ltrans -fipa-pta -fno-semantic-interposition -flto=12 -fno-signed-zeros -fno-trapping-math -fassociative-math -freciprocal-math -fno-math-errno -ffinite-math-only -fno-rounding-math -fno-signaling-nans -fcx-limited-range -fexcess-precision=fast -fno-plt -fuse-linker-plugin -pipe -g0 -fno-stack-protector -fno-stack-clash-protection -fstack-check=no -fno-stack-check -Wl,-O4,--hash-style=gnu,--sort-common,--as-needed,-z,relro,-z,now,-lgomp,-lpthread -pthread -Wall -Wcast-align -Wextra -Wimplicit-fallthrough -Wmissing-declarations -Wmissing-prototypes -Wno-missing-field-initializers -Wno-uninitialized -Wpointer-arith -Wreturn-type -Wstrict-prototypes -Wvla -O2 -pthread -I/usr/include/dbus-1.0 -I/usr/lib64/dbus-1.0/include shared_json.c
x86_64-pc-linux-gnu-gcc -o crc24q.o -c -march=native -O3 -fgraphite-identity -floop-nest-optimize -fdevirtualize-at-ltrans -fipa-pta -fno-semantic-interposition -flto=12 -fno-signed-zeros -fno-trapping-math -fassociative-math -freciprocal-math -fno-math-errno -ffinite-math-only -fno-rounding-math -fno-signaling-nans -fcx-limited-range -fexcess-precision=fast -fno-plt -fuse-linker-plugin -pipe -g0 -fno-stack-protector -fno-stack-clash-protection -fstack-check=no -fno-stack-check -Wl,-O4,--hash-style=gnu,--sort-common,--as-needed,-z,relro,-z,now,-lgomp,-lpthread -pthread -Wall -Wcast-align -Wextra -Wimplicit-fallthrough -Wmissing-declarations -Wmissing-prototypes -Wno-missing-field-initializers -Wno-uninitialized -Wpointer-arith -Wreturn-type -Wstrict-prototypes -Wvla -O2 -pthread -I/usr/include/dbus-1.0 -I/usr/lib64/dbus-1.0/include crc24q.c
x86_64-pc-linux-gnu-g++ -o qt-os_compat.os -c -march=native -O3 -fgraphite-identity -floop-nest-optimize -fdevirtualize-at-ltrans -fipa-pta -fno-semantic-interposition -flto=12 -fno-signed-zeros -fno-trapping-math -fassociative-math -freciprocal-math -fno-math-errno -ffinite-math-only -fno-rounding-math -fno-signaling-nans -fcx-limited-range -fexcess-precision=fast -fno-plt -fuse-linker-plugin -pipe -g0 -fno-stack-protector -fno-stack-clash-protection -fstack-check=no -fno-stack-check -Wl,-O4,--hash-style=gnu,--sort-common,--as-needed,-z,relro,-z,now,-lgomp,-lpthread -pthread -Wall -Wcast-align -Wextra -Wimplicit-fallthrough -Wmissing-declarations -Wno-missing-field-initializers -Wno-uninitialized -Wpointer-arith -Wreturn-type -Wvla -O2 -pthread -fPIC -DUSE_QT -DQT_NETWORK_LIB -DQT_CORE_LIB -I/usr/include/dbus-1.0 -I/usr/lib64/dbus-1.0/include -I/usr/include/qt5/QtNetwork -I/usr/include/qt5 -I/usr/include/qt5/QtCore os_compat.c
x86_64-pc-linux-gnu-gcc -o driver_greis.o -c -march=native -O3 -fgraphite-identity -floop-nest-optimize -fdevirtualize-at-ltrans -fipa-pta -fno-semantic-interposition -flto=12 -fno-signed-zeros -fno-trapping-math -fassociative-math -freciprocal-math -fno-math-errno -ffinite-math-only -fno-rounding-math -fno-signaling-nans -fcx-limited-range -fexcess-precision=fast -fno-plt -fuse-linker-plugin -pipe -g0 -fno-stack-protector -fno-stack-clash-protection -fstack-check=no -fno-stack-check -Wl,-O4,--hash-style=gnu,--sort-common,--as-needed,-z,relro,-z,now,-lgomp,-lpthread -pthread -Wall -Wcast-align -Wextra -Wimplicit-fallthrough -Wmissing-declarations -Wmissing-prototypes -Wno-missing-field-initializers -Wno-uninitialized -Wpointer-arith -Wreturn-type -Wstrict-prototypes -Wvla -O2 -pthread -I/usr/include/dbus-1.0 -I/usr/lib64/dbus-1.0/include driver_greis.c
x86_64-pc-linux-gnu-gcc -pthread -o hex-py_3_8_3_final_0.cpython-38-x86_64-linux-gnu.so -c -Wno-unused-result -Wsign-compare -O2 -pthread -fPIC -DNDEBUG -I/usr/include/python3.8 hex.c
x86_64-pc-linux-gnu-gcc -o monitor_nmea0183.o -c -march=native -O3 -fgraphite-identity -floop-nest-optimize -fdevirtualize-at-ltrans -fipa-pta -fno-semantic-interposition -flto=12 -fno-signed-zeros -fno-trapping-math -fassociative-math -freciprocal-math -fno-math-errno -ffinite-math-only -fno-rounding-math -fno-signaling-nans -fcx-limited-range -fexcess-precision=fast -fno-plt -fuse-linker-plugin -pipe -g0 -fno-stack-protector -fno-stack-clash-protection -fstack-check=no -fno-stack-check -Wl,-O4,--hash-style=gnu,--sort-common,--as-needed,-z,relro,-z,now,-lgomp,-lpthread -pthread -Wall -Wcast-align -Wextra -Wimplicit-fallthrough -Wmissing-declarations -Wmissing-prototypes -Wno-missing-field-initializers -Wno-uninitialized -Wpointer-arith -Wreturn-type -Wstrict-prototypes -Wvla -O2 -pthread -D_DEFAULT_SOURCE -D_XOPEN_SOURCE=600 -I/usr/include/dbus-1.0 -I/usr/lib64/dbus-1.0/include monitor_nmea0183.c
x86_64-pc-linux-gnu-gcc -o ntpshmread.o -c -march=native -O3 -fgraphite-identity -floop-nest-optimize -fdevirtualize-at-ltrans -fipa-pta -fno-semantic-interposition -flto=12 -fno-signed-zeros -fno-trapping-math -fassociative-math -freciprocal-math -fno-math-errno -ffinite-math-only -fno-rounding-math -fno-signaling-nans -fcx-limited-range -fexcess-precision=fast -fno-plt -fuse-linker-plugin -pipe -g0 -fno-stack-protector -fno-stack-clash-protection -fstack-check=no -fno-stack-check -Wl,-O4,--hash-style=gnu,--sort-common,--as-needed,-z,relro,-z,now,-lgomp,-lpthread -pthread -Wall -Wcast-align -Wextra -Wimplicit-fallthrough -Wmissing-declarations -Wmissing-prototypes -Wno-missing-field-initializers -Wno-uninitialized -Wpointer-arith -Wreturn-type -Wstrict-prototypes -Wvla -O2 -pthread -I/usr/include/dbus-1.0 -I/usr/lib64/dbus-1.0/include ntpshmread.c
x86_64-pc-linux-gnu-gcc -o pseudonmea.o -c -march=native -O3 -fgraphite-identity -floop-nest-optimize -fdevirtualize-at-ltrans -fipa-pta -fno-semantic-interposition -flto=12 -fno-signed-zeros -fno-trapping-math -fassociative-math -freciprocal-math -fno-math-errno -ffinite-math-only -fno-rounding-math -fno-signaling-nans -fcx-limited-range -fexcess-precision=fast -fno-plt -fuse-linker-plugin -pipe -g0 -fno-stack-protector -fno-stack-clash-protection -fstack-check=no -fno-stack-check -Wl,-O4,--hash-style=gnu,--sort-common,--as-needed,-z,relro,-z,now,-lgomp,-lpthread -pthread -Wall -Wcast-align -Wextra -Wimplicit-fallthrough -Wmissing-declarations -Wmissing-prototypes -Wno-missing-field-initializers -Wno-uninitialized -Wpointer-arith -Wreturn-type -Wstrict-prototypes -Wvla -O2 -pthread -I/usr/include/dbus-1.0 -I/usr/lib64/dbus-1.0/include pseudonmea.c
x86_64-pc-linux-gnu-gcc -o driver_sirf.o -c -march=native -O3 -fgraphite-identity -floop-nest-optimize -fdevirtualize-at-ltrans -fipa-pta -fno-semantic-interposition -flto=12 -fno-signed-zeros -fno-trapping-math -fassociative-math -freciprocal-math -fno-math-errno -ffinite-math-only -fno-rounding-math -fno-signaling-nans -fcx-limited-range -fexcess-precision=fast -fno-plt -fuse-linker-plugin -pipe -g0 -fno-stack-protector -fno-stack-clash-protection -fstack-check=no -fno-stack-check -Wl,-O4,--hash-style=gnu,--sort-common,--as-needed,-z,relro,-z,now,-lgomp,-lpthread -pthread -Wall -Wcast-align -Wextra -Wimplicit-fallthrough -Wmissing-declarations -Wmissing-prototypes -Wno-missing-field-initializers -Wno-uninitialized -Wpointer-arith -Wreturn-type -Wstrict-prototypes -Wvla -O2 -pthread -I/usr/include/dbus-1.0 -I/usr/lib64/dbus-1.0/include driver_sirf.c
x86_64-pc-linux-gnu-gcc -o netlib.os -c -march=native -O3 -fgraphite-identity -floop-nest-optimize -fdevirtualize-at-ltrans -fipa-pta -fno-semantic-interposition -flto=12 -fno-signed-zeros -fno-trapping-math -fassociative-math -freciprocal-math -fno-math-errno -ffinite-math-only -fno-rounding-math -fno-signaling-nans -fcx-limited-range -fexcess-precision=fast -fno-plt -fuse-linker-plugin -pipe -g0 -fno-stack-protector -fno-stack-clash-protection -fstack-check=no -fno-stack-check -Wl,-O4,--hash-style=gnu,--sort-common,--as-needed,-z,relro,-z,now,-lgomp,-lpthread -pthread -Wall -Wcast-align -Wextra -Wimplicit-fallthrough -Wmissing-declarations -Wmissing-prototypes -Wno-missing-field-initializers -Wno-uninitialized -Wpointer-arith -Wreturn-type -Wstrict-prototypes -Wvla -O2 -pthread -fPIC -I/usr/include/dbus-1.0 -I/usr/lib64/dbus-1.0/include netlib.c
x86_64-pc-linux-gnu-gcc -o netlib.o -c -march=native -O3 -fgraphite-identity -floop-nest-optimize -fdevirtualize-at-ltrans -fipa-pta -fno-semantic-interposition -flto=12 -fno-signed-zeros -fno-trapping-math -fassociative-math -freciprocal-math -fno-math-errno -ffinite-math-only -fno-rounding-math -fno-signaling-nans -fcx-limited-range -fexcess-precision=fast -fno-plt -fuse-linker-plugin -pipe -g0 -fno-stack-protector -fno-stack-clash-protection -fstack-check=no -fno-stack-check -Wl,-O4,--hash-style=gnu,--sort-common,--as-needed,-z,relro,-z,now,-lgomp,-lpthread -pthread -Wall -Wcast-align -Wextra -Wimplicit-fallthrough -Wmissing-declarations -Wmissing-prototypes -Wno-missing-field-initializers -Wno-uninitialized -Wpointer-arith -Wreturn-type -Wstrict-prototypes -Wvla -O2 -pthread -I/usr/include/dbus-1.0 -I/usr/lib64/dbus-1.0/include netlib.c
x86_64-pc-linux-gnu-gcc -o driver_geostar.o -c -march=native -O3 -fgraphite-identity -floop-nest-optimize -fdevirtualize-at-ltrans -fipa-pta -fno-semantic-interposition -flto=12 -fno-signed-zeros -fno-trapping-math -fassociative-math -freciprocal-math -fno-math-errno -ffinite-math-only -fno-rounding-math -fno-signaling-nans -fcx-limited-range -fexcess-precision=fast -fno-plt -fuse-linker-plugin -pipe -g0 -fno-stack-protector -fno-stack-clash-protection -fstack-check=no -fno-stack-check -Wl,-O4,--hash-style=gnu,--sort-common,--as-needed,-z,relro,-z,now,-lgomp,-lpthread -pthread -Wall -Wcast-align -Wextra -Wimplicit-fallthrough -Wmissing-declarations -Wmissing-prototypes -Wno-missing-field-initializers -Wno-uninitialized -Wpointer-arith -Wreturn-type -Wstrict-prototypes -Wvla -O2 -pthread -I/usr/include/dbus-1.0 -I/usr/lib64/dbus-1.0/include driver_geostar.c
x86_64-pc-linux-gnu-gcc -o rtcm2_json.o -c -march=native -O3 -fgraphite-identity -floop-nest-optimize -fdevirtualize-at-ltrans -fipa-pta -fno-semantic-interposition -flto=12 -fno-signed-zeros -fno-trapping-math -fassociative-math -freciprocal-math -fno-math-errno -ffinite-math-only -fno-rounding-math -fno-signaling-nans -fcx-limited-range -fexcess-precision=fast -fno-plt -fuse-linker-plugin -pipe -g0 -fno-stack-protector -fno-stack-clash-protection -fstack-check=no -fno-stack-check -Wl,-O4,--hash-style=gnu,--sort-common,--as-needed,-z,relro,-z,now,-lgomp,-lpthread -pthread -Wall -Wcast-align -Wextra -Wimplicit-fallthrough -Wmissing-declarations -Wmissing-prototypes -Wno-missing-field-initializers -Wno-uninitialized -Wpointer-arith -Wreturn-type -Wstrict-prototypes -Wvla -O2 -pthread -I/usr/include/dbus-1.0 -I/usr/lib64/dbus-1.0/include rtcm2_json.c
x86_64-pc-linux-gnu-gcc -o gps_maskdump.os -c -march=native -O3 -fgraphite-identity -floop-nest-optimize -fdevirtualize-at-ltrans -fipa-pta -fno-semantic-interposition -flto=12 -fno-signed-zeros -fno-trapping-math -fassociative-math -freciprocal-math -fno-math-errno -ffinite-math-only -fno-rounding-math -fno-signaling-nans -fcx-limited-range -fexcess-precision=fast -fno-plt -fuse-linker-plugin -pipe -g0 -fno-stack-protector -fno-stack-clash-protection -fstack-check=no -fno-stack-check -Wl,-O4,--hash-style=gnu,--sort-common,--as-needed,-z,relro,-z,now,-lgomp,-lpthread -pthread -Wall -Wcast-align -Wextra -Wimplicit-fallthrough -Wmissing-declarations -Wmissing-prototypes -Wno-missing-field-initializers -Wno-uninitialized -Wpointer-arith -Wreturn-type -Wstrict-prototypes -Wvla -O2 -pthread -fPIC -I/usr/include/dbus-1.0 -I/usr/lib64/dbus-1.0/include gps_maskdump.c
x86_64-pc-linux-gnu-gcc -o gps_maskdump.o -c -march=native -O3 -fgraphite-identity -floop-nest-optimize -fdevirtualize-at-ltrans -fipa-pta -fno-semantic-interposition -flto=12 -fno-signed-zeros -fno-trapping-math -fassociative-math -freciprocal-math -fno-math-errno -ffinite-math-only -fno-rounding-math -fno-signaling-nans -fcx-limited-range -fexcess-precision=fast -fno-plt -fuse-linker-plugin -pipe -g0 -fno-stack-protector -fno-stack-clash-protection -fstack-check=no -fno-stack-check -Wl,-O4,--hash-style=gnu,--sort-common,--as-needed,-z,relro,-z,now,-lgomp,-lpthread -pthread -Wall -Wcast-align -Wextra -Wimplicit-fallthrough -Wmissing-declarations -Wmissing-prototypes -Wno-missing-field-initializers -Wno-uninitialized -Wpointer-arith -Wreturn-type -Wstrict-prototypes -Wvla -O2 -pthread -I/usr/include/dbus-1.0 -I/usr/lib64/dbus-1.0/include gps_maskdump.c
x86_64-pc-linux-gnu-g++ -o qt-gps_maskdump.os -c -march=native -O3 -fgraphite-identity -floop-nest-optimize -fdevirtualize-at-ltrans -fipa-pta -fno-semantic-interposition -flto=12 -fno-signed-zeros -fno-trapping-math -fassociative-math -freciprocal-math -fno-math-errno -ffinite-math-only -fno-rounding-math -fno-signaling-nans -fcx-limited-range -fexcess-precision=fast -fno-plt -fuse-linker-plugin -pipe -g0 -fno-stack-protector -fno-stack-clash-protection -fstack-check=no -fno-stack-check -Wl,-O4,--hash-style=gnu,--sort-common,--as-needed,-z,relro,-z,now,-lgomp,-lpthread -pthread -Wall -Wcast-align -Wextra -Wimplicit-fallthrough -Wmissing-declarations -Wno-missing-field-initializers -Wno-uninitialized -Wpointer-arith -Wreturn-type -Wvla -O2 -pthread -fPIC -DUSE_QT -DQT_NETWORK_LIB -DQT_CORE_LIB -I/usr/include/dbus-1.0 -I/usr/lib64/dbus-1.0/include -I/usr/include/qt5/QtNetwork -I/usr/include/qt5 -I/usr/include/qt5/QtCore gps_maskdump.c
x86_64-pc-linux-gnu-gcc -o libgpsd_core.o -c -march=native -O3 -fgraphite-identity -floop-nest-optimize -fdevirtualize-at-ltrans -fipa-pta -fno-semantic-interposition -flto=12 -fno-signed-zeros -fno-trapping-math -fassociative-math -freciprocal-math -fno-math-errno -ffinite-math-only -fno-rounding-math -fno-signaling-nans -fcx-limited-range -fexcess-precision=fast -fno-plt -fuse-linker-plugin -pipe -g0 -fno-stack-protector -fno-stack-clash-protection -fstack-check=no -fno-stack-check -Wl,-O4,--hash-style=gnu,--sort-common,--as-needed,-z,relro,-z,now,-lgomp,-lpthread -pthread -Wall -Wcast-align -Wextra -Wimplicit-fallthrough -Wmissing-declarations -Wmissing-prototypes -Wno-missing-field-initializers -Wno-uninitialized -Wpointer-arith -Wreturn-type -Wstrict-prototypes -Wvla -O2 -pthread -I/usr/include/dbus-1.0 -I/usr/lib64/dbus-1.0/include libgpsd_core.c
x86_64-pc-linux-gnu-gcc -o driver_nmea0183.o -c -march=native -O3 -fgraphite-identity -floop-nest-optimize -fdevirtualize-at-ltrans -fipa-pta -fno-semantic-interposition -flto=12 -fno-signed-zeros -fno-trapping-math -fassociative-math -freciprocal-math -fno-math-errno -ffinite-math-only -fno-rounding-math -fno-signaling-nans -fcx-limited-range -fexcess-precision=fast -fno-plt -fuse-linker-plugin -pipe -g0 -fno-stack-protector -fno-stack-clash-protection -fstack-check=no -fno-stack-check -Wl,-O4,--hash-style=gnu,--sort-common,--as-needed,-z,relro,-z,now,-lgomp,-lpthread -pthread -Wall -Wcast-align -Wextra -Wimplicit-fallthrough -Wmissing-declarations -Wmissing-prototypes -Wno-missing-field-initializers -Wno-uninitialized -Wpointer-arith -Wreturn-type -Wstrict-prototypes -Wvla -O2 -pthread -I/usr/include/dbus-1.0 -I/usr/lib64/dbus-1.0/include driver_nmea0183.c
x86_64-pc-linux-gnu-gcc -o monitor_oncore.o -c -march=native -O3 -fgraphite-identity -floop-nest-optimize -fdevirtualize-at-ltrans -fipa-pta -fno-semantic-interposition -flto=12 -fno-signed-zeros -fno-trapping-math -fassociative-math -freciprocal-math -fno-math-errno -ffinite-math-only -fno-rounding-math -fno-signaling-nans -fcx-limited-range -fexcess-precision=fast -fno-plt -fuse-linker-plugin -pipe -g0 -fno-stack-protector -fno-stack-clash-protection -fstack-check=no -fno-stack-check -Wl,-O4,--hash-style=gnu,--sort-common,--as-needed,-z,relro,-z,now,-lgomp,-lpthread -pthread -Wall -Wcast-align -Wextra -Wimplicit-fallthrough -Wmissing-declarations -Wmissing-prototypes -Wno-missing-field-initializers -Wno-uninitialized -Wpointer-arith -Wreturn-type -Wstrict-prototypes -Wvla -O2 -pthread -D_DEFAULT_SOURCE -D_XOPEN_SOURCE=600 -I/usr/include/dbus-1.0 -I/usr/lib64/dbus-1.0/include monitor_oncore.c
x86_64-pc-linux-gnu-gcc -o gpsutils.o -c -march=native -O3 -fgraphite-identity -floop-nest-optimize -fdevirtualize-at-ltrans -fipa-pta -fno-semantic-interposition -flto=12 -fno-signed-zeros -fno-trapping-math -fassociative-math -freciprocal-math -fno-math-errno -ffinite-math-only -fno-rounding-math -fno-signaling-nans -fcx-limited-range -fexcess-precision=fast -fno-plt -fuse-linker-plugin -pipe -g0 -fno-stack-protector -fno-stack-clash-protection -fstack-check=no -fno-stack-check -Wl,-O4,--hash-style=gnu,--sort-common,--as-needed,-z,relro,-z,now,-lgomp,-lpthread -pthread -Wall -Wcast-align -Wextra -Wimplicit-fallthrough -Wmissing-declarations -Wmissing-prototypes -Wno-missing-field-initializers -Wno-uninitialized -Wpointer-arith -Wreturn-type -Wstrict-prototypes -Wvla -O2 -pthread -I/usr/include/dbus-1.0 -I/usr/lib64/dbus-1.0/include gpsutils.c
x86_64-pc-linux-gnu-gcc -o bits.o -c -march=native -O3 -fgraphite-identity -floop-nest-optimize -fdevirtualize-at-ltrans -fipa-pta -fno-semantic-interposition -flto=12 -fno-signed-zeros -fno-trapping-math -fassociative-math -freciprocal-math -fno-math-errno -ffinite-math-only -fno-rounding-math -fno-signaling-nans -fcx-limited-range -fexcess-precision=fast -fno-plt -fuse-linker-plugin -pipe -g0 -fno-stack-protector -fno-stack-clash-protection -fstack-check=no -fno-stack-check -Wl,-O4,--hash-style=gnu,--sort-common,--as-needed,-z,relro,-z,now,-lgomp,-lpthread -pthread -Wall -Wcast-align -Wextra -Wimplicit-fallthrough -Wmissing-declarations -Wmissing-prototypes -Wno-missing-field-initializers -Wno-uninitialized -Wpointer-arith -Wreturn-type -Wstrict-prototypes -Wvla -O2 -pthread -I/usr/include/dbus-1.0 -I/usr/lib64/dbus-1.0/include bits.c
x86_64-pc-linux-gnu-g++ -o libgpsmm.os -c -march=native -O3 -fgraphite-identity -floop-nest-optimize -fdevirtualize-at-ltrans -fipa-pta -fno-semantic-interposition -flto=12 -fno-signed-zeros -fno-trapping-math -fassociative-math -freciprocal-math -fno-math-errno -ffinite-math-only -fno-rounding-math -fno-signaling-nans -fcx-limited-range -fexcess-precision=fast -fno-plt -fuse-linker-plugin -pipe -g0 -fno-stack-protector -fno-stack-clash-protection -fstack-check=no -fno-stack-check -Wl,-O4,--hash-style=gnu,--sort-common,--as-needed,-z,relro,-z,now,-lgomp,-lpthread -O2 -pthread -fPIC -I/usr/include/dbus-1.0 -I/usr/lib64/dbus-1.0/include libgpsmm.cpp
x86_64-pc-linux-gnu-gcc -pthread -o driver_rtcm2-py_3_8_3_final_0.cpython-38-x86_64-linux-gnu.so -c -Wno-unused-result -Wsign-compare -O2 -pthread -fPIC -DNDEBUG -I/usr/include/python3.8 driver_rtcm2.c
driver_sirf.c: In function 'sirf_msg_navsol':
driver_sirf.c:1487:20: warning: variable 'nav_mode2' set but not used [-Wunused-but-set-variable]
 1487 |     unsigned short nav_mode2;
      |                    ^~~~~~~~~
x86_64-pc-linux-gnu-gcc -o ppsthread.o -c -march=native -O3 -fgraphite-identity -floop-nest-optimize -fdevirtualize-at-ltrans -fipa-pta -fno-semantic-interposition -flto=12 -fno-signed-zeros -fno-trapping-math -fassociative-math -freciprocal-math -fno-math-errno -ffinite-math-only -fno-rounding-math -fno-signaling-nans -fcx-limited-range -fexcess-precision=fast -fno-plt -fuse-linker-plugin -pipe -g0 -fno-stack-protector -fno-stack-clash-protection -fstack-check=no -fno-stack-check -Wl,-O4,--hash-style=gnu,--sort-common,--as-needed,-z,relro,-z,now,-lgomp,-lpthread -pthread -Wall -Wcast-align -Wextra -Wimplicit-fallthrough -Wmissing-declarations -Wmissing-prototypes -Wno-missing-field-initializers -Wno-uninitialized -Wpointer-arith -Wreturn-type -Wstrict-prototypes -Wvla -O2 -pthread -I/usr/include/dbus-1.0 -I/usr/lib64/dbus-1.0/include ppsthread.c
x86_64-pc-linux-gnu-gcc -o qt-libgps_json.os -c -march=native -O3 -fgraphite-identity -floop-nest-optimize -fdevirtualize-at-ltrans -fipa-pta -fno-semantic-interposition -flto=12 -fno-signed-zeros -fno-trapping-math -fassociative-math -freciprocal-math -fno-math-errno -ffinite-math-only -fno-rounding-math -fno-signaling-nans -fcx-limited-range -fexcess-precision=fast -fno-plt -fuse-linker-plugin -pipe -g0 -fno-stack-protector -fno-stack-clash-protection -fstack-check=no -fno-stack-check -Wl,-O4,--hash-style=gnu,--sort-common,--as-needed,-z,relro,-z,now,-lgomp,-lpthread -pthread -Wall -Wcast-align -Wextra -Wimplicit-fallthrough -Wmissing-declarations -Wno-missing-field-initializers -Wno-uninitialized -Wpointer-arith -Wreturn-type -Wvla -O2 -pthread -fPIC -DUSE_QT -DQT_NETWORK_LIB -DQT_CORE_LIB -I/usr/include/dbus-1.0 -I/usr/lib64/dbus-1.0/include -I/usr/include/qt5/QtNetwork -I/usr/include/qt5 -I/usr/include/qt5/QtCore libgps_json.c
x86_64-pc-linux-gnu-gcc -o monitor_tnt.o -c -march=native -O3 -fgraphite-identity -floop-nest-optimize -fdevirtualize-at-ltrans -fipa-pta -fno-semantic-interposition -flto=12 -fno-signed-zeros -fno-trapping-math -fassociative-math -freciprocal-math -fno-math-errno -ffinite-math-only -fno-rounding-math -fno-signaling-nans -fcx-limited-range -fexcess-precision=fast -fno-plt -fuse-linker-plugin -pipe -g0 -fno-stack-protector -fno-stack-clash-protection -fstack-check=no -fno-stack-check -Wl,-O4,--hash-style=gnu,--sort-common,--as-needed,-z,relro,-z,now,-lgomp,-lpthread -pthread -Wall -Wcast-align -Wextra -Wimplicit-fallthrough -Wmissing-declarations -Wmissing-prototypes -Wno-missing-field-initializers -Wno-uninitialized -Wpointer-arith -Wreturn-type -Wstrict-prototypes -Wvla -O2 -pthread -D_DEFAULT_SOURCE -D_XOPEN_SOURCE=600 -I/usr/include/dbus-1.0 -I/usr/lib64/dbus-1.0/include monitor_tnt.c
x86_64-pc-linux-gnu-gcc -pthread -o gpspacket-py_3_8_3_final_0.cpython-38-x86_64-linux-gnu.so -c -Wno-unused-result -Wsign-compare -O2 -pthread -fPIC -DNDEBUG -I/usr/include/python3.8 gpspacket.c
x86_64-pc-linux-gnu-gcc -o geoid.o -c -march=native -O3 -fgraphite-identity -floop-nest-optimize -fdevirtualize-at-ltrans -fipa-pta -fno-semantic-interposition -flto=12 -fno-signed-zeros -fno-trapping-math -fassociative-math -freciprocal-math -fno-math-errno -ffinite-math-only -fno-rounding-math -fno-signaling-nans -fcx-limited-range -fexcess-precision=fast -fno-plt -fuse-linker-plugin -pipe -g0 -fno-stack-protector -fno-stack-clash-protection -fstack-check=no -fno-stack-check -Wl,-O4,--hash-style=gnu,--sort-common,--as-needed,-z,relro,-z,now,-lgomp,-lpthread -pthread -Wall -Wcast-align -Wextra -Wimplicit-fallthrough -Wmissing-declarations -Wmissing-prototypes -Wno-missing-field-initializers -Wno-uninitialized -Wpointer-arith -Wreturn-type -Wstrict-prototypes -Wvla -O2 -pthread -I/usr/include/dbus-1.0 -I/usr/lib64/dbus-1.0/include geoid.c
x86_64-pc-linux-gnu-gcc -o driver_evermore.o -c -march=native -O3 -fgraphite-identity -floop-nest-optimize -fdevirtualize-at-ltrans -fipa-pta -fno-semantic-interposition -flto=12 -fno-signed-zeros -fno-trapping-math -fassociative-math -freciprocal-math -fno-math-errno -ffinite-math-only -fno-rounding-math -fno-signaling-nans -fcx-limited-range -fexcess-precision=fast -fno-plt -fuse-linker-plugin -pipe -g0 -fno-stack-protector -fno-stack-clash-protection -fstack-check=no -fno-stack-check -Wl,-O4,--hash-style=gnu,--sort-common,--as-needed,-z,relro,-z,now,-lgomp,-lpthread -pthread -Wall -Wcast-align -Wextra -Wimplicit-fallthrough -Wmissing-declarations -Wmissing-prototypes -Wno-missing-field-initializers -Wno-uninitialized -Wpointer-arith -Wreturn-type -Wstrict-prototypes -Wvla -O2 -pthread -I/usr/include/dbus-1.0 -I/usr/lib64/dbus-1.0/include driver_evermore.c
x86_64-pc-linux-gnu-gcc -o libgps_shm.os -c -march=native -O3 -fgraphite-identity -floop-nest-optimize -fdevirtualize-at-ltrans -fipa-pta -fno-semantic-interposition -flto=12 -fno-signed-zeros -fno-trapping-math -fassociative-math -freciprocal-math -fno-math-errno -ffinite-math-only -fno-rounding-math -fno-signaling-nans -fcx-limited-range -fexcess-precision=fast -fno-plt -fuse-linker-plugin -pipe -g0 -fno-stack-protector -fno-stack-clash-protection -fstack-check=no -fno-stack-check -Wl,-O4,--hash-style=gnu,--sort-common,--as-needed,-z,relro,-z,now,-lgomp,-lpthread -pthread -Wall -Wcast-align -Wextra -Wimplicit-fallthrough -Wmissing-declarations -Wmissing-prototypes -Wno-missing-field-initializers -Wno-uninitialized -Wpointer-arith -Wreturn-type -Wstrict-prototypes -Wvla -O2 -pthread -fPIC -I/usr/include/dbus-1.0 -I/usr/lib64/dbus-1.0/include libgps_shm.c
x86_64-pc-linux-gnu-gcc -o json.o -c -march=native -O3 -fgraphite-identity -floop-nest-optimize -fdevirtualize-at-ltrans -fipa-pta -fno-semantic-interposition -flto=12 -fno-signed-zeros -fno-trapping-math -fassociative-math -freciprocal-math -fno-math-errno -ffinite-math-only -fno-rounding-math -fno-signaling-nans -fcx-limited-range -fexcess-precision=fast -fno-plt -fuse-linker-plugin -pipe -g0 -fno-stack-protector -fno-stack-clash-protection -fstack-check=no -fno-stack-check -Wl,-O4,--hash-style=gnu,--sort-common,--as-needed,-z,relro,-z,now,-lgomp,-lpthread -pthread -Wall -Wcast-align -Wextra -Wimplicit-fallthrough -Wmissing-declarations -Wmissing-prototypes -Wno-missing-field-initializers -Wno-uninitialized -Wpointer-arith -Wreturn-type -Wstrict-prototypes -Wvla -O2 -pthread -I/usr/include/dbus-1.0 -I/usr/lib64/dbus-1.0/include json.c
x86_64-pc-linux-gnu-gcc -o libgps_shm.o -c -march=native -O3 -fgraphite-identity -floop-nest-optimize -fdevirtualize-at-ltrans -fipa-pta -fno-semantic-interposition -flto=12 -fno-signed-zeros -fno-trapping-math -fassociative-math -freciprocal-math -fno-math-errno -ffinite-math-only -fno-rounding-math -fno-signaling-nans -fcx-limited-range -fexcess-precision=fast -fno-plt -fuse-linker-plugin -pipe -g0 -fno-stack-protector -fno-stack-clash-protection -fstack-check=no -fno-stack-check -Wl,-O4,--hash-style=gnu,--sort-common,--as-needed,-z,relro,-z,now,-lgomp,-lpthread -pthread -Wall -Wcast-align -Wextra -Wimplicit-fallthrough -Wmissing-declarations -Wmissing-prototypes -Wno-missing-field-initializers -Wno-uninitialized -Wpointer-arith -Wreturn-type -Wstrict-prototypes -Wvla -O2 -pthread -I/usr/include/dbus-1.0 -I/usr/lib64/dbus-1.0/include libgps_shm.c
x86_64-pc-linux-gnu-gcc -pthread -o driver_greis_checksum-py_3_8_3_final_0.cpython-38-x86_64-linux-gnu.so -c -Wno-unused-result -Wsign-compare -O2 -pthread -fPIC -DNDEBUG -I/usr/include/python3.8 driver_greis_checksum.c
x86_64-pc-linux-gnu-gcc -o qt-json.os -c -march=native -O3 -fgraphite-identity -floop-nest-optimize -fdevirtualize-at-ltrans -fipa-pta -fno-semantic-interposition -flto=12 -fno-signed-zeros -fno-trapping-math -fassociative-math -freciprocal-math -fno-math-errno -ffinite-math-only -fno-rounding-math -fno-signaling-nans -fcx-limited-range -fexcess-precision=fast -fno-plt -fuse-linker-plugin -pipe -g0 -fno-stack-protector -fno-stack-clash-protection -fstack-check=no -fno-stack-check -Wl,-O4,--hash-style=gnu,--sort-common,--as-needed,-z,relro,-z,now,-lgomp,-lpthread -pthread -Wall -Wcast-align -Wextra -Wimplicit-fallthrough -Wmissing-declarations -Wno-missing-field-initializers -Wno-uninitialized -Wpointer-arith -Wreturn-type -Wvla -O2 -pthread -fPIC -DUSE_QT -DQT_NETWORK_LIB -DQT_CORE_LIB -I/usr/include/dbus-1.0 -I/usr/lib64/dbus-1.0/include -I/usr/include/qt5/QtNetwork -I/usr/include/qt5 -I/usr/include/qt5/QtCore json.c
x86_64-pc-linux-gnu-gcc -o os_compat.o -c -march=native -O3 -fgraphite-identity -floop-nest-optimize -fdevirtualize-at-ltrans -fipa-pta -fno-semantic-interposition -flto=12 -fno-signed-zeros -fno-trapping-math -fassociative-math -freciprocal-math -fno-math-errno -ffinite-math-only -fno-rounding-math -fno-signaling-nans -fcx-limited-range -fexcess-precision=fast -fno-plt -fuse-linker-plugin -pipe -g0 -fno-stack-protector -fno-stack-clash-protection -fstack-check=no -fno-stack-check -Wl,-O4,--hash-style=gnu,--sort-common,--as-needed,-z,relro,-z,now,-lgomp,-lpthread -pthread -Wall -Wcast-align -Wextra -Wimplicit-fallthrough -Wmissing-declarations -Wmissing-prototypes -Wno-missing-field-initializers -Wno-uninitialized -Wpointer-arith -Wreturn-type -Wstrict-prototypes -Wvla -O2 -pthread -I/usr/include/dbus-1.0 -I/usr/lib64/dbus-1.0/include os_compat.c
x86_64-pc-linux-gnu-g++ -o tests/qt-test_gpsmm.o -c -march=native -O3 -fgraphite-identity -floop-nest-optimize -fdevirtualize-at-ltrans -fipa-pta -fno-semantic-interposition -flto=12 -fno-signed-zeros -fno-trapping-math -fassociative-math -freciprocal-math -fno-math-errno -ffinite-math-only -fno-rounding-math -fno-signaling-nans -fcx-limited-range -fexcess-precision=fast -fno-plt -fuse-linker-plugin -pipe -g0 -fno-stack-protector -fno-stack-clash-protection -fstack-check=no -fno-stack-check -Wl,-O4,--hash-style=gnu,--sort-common,--as-needed,-z,relro,-z,now,-lgomp,-lpthread -O2 -pthread -I/usr/include/dbus-1.0 -I/usr/lib64/dbus-1.0/include tests/test_gpsmm.cpp
x86_64-pc-linux-gnu-gcc -o libgps_core.os -c -march=native -O3 -fgraphite-identity -floop-nest-optimize -fdevirtualize-at-ltrans -fipa-pta -fno-semantic-interposition -flto=12 -fno-signed-zeros -fno-trapping-math -fassociative-math -freciprocal-math -fno-math-errno -ffinite-math-only -fno-rounding-math -fno-signaling-nans -fcx-limited-range -fexcess-precision=fast -fno-plt -fuse-linker-plugin -pipe -g0 -fno-stack-protector -fno-stack-clash-protection -fstack-check=no -fno-stack-check -Wl,-O4,--hash-style=gnu,--sort-common,--as-needed,-z,relro,-z,now,-lgomp,-lpthread -pthread -Wall -Wcast-align -Wextra -Wimplicit-fallthrough -Wmissing-declarations -Wmissing-prototypes -Wno-missing-field-initializers -Wno-uninitialized -Wpointer-arith -Wreturn-type -Wstrict-prototypes -Wvla -O2 -pthread -fPIC -I/usr/include/dbus-1.0 -I/usr/lib64/dbus-1.0/include libgps_core.c
x86_64-pc-linux-gnu-gcc -o subframe.o -c -march=native -O3 -fgraphite-identity -floop-nest-optimize -fdevirtualize-at-ltrans -fipa-pta -fno-semantic-interposition -flto=12 -fno-signed-zeros -fno-trapping-math -fassociative-math -freciprocal-math -fno-math-errno -ffinite-math-only -fno-rounding-math -fno-signaling-nans -fcx-limited-range -fexcess-precision=fast -fno-plt -fuse-linker-plugin -pipe -g0 -fno-stack-protector -fno-stack-clash-protection -fstack-check=no -fno-stack-check -Wl,-O4,--hash-style=gnu,--sort-common,--as-needed,-z,relro,-z,now,-lgomp,-lpthread -pthread -Wall -Wcast-align -Wextra -Wimplicit-fallthrough -Wmissing-declarations -Wmissing-prototypes -Wno-missing-field-initializers -Wno-uninitialized -Wpointer-arith -Wreturn-type -Wstrict-prototypes -Wvla -O2 -pthread -I/usr/include/dbus-1.0 -I/usr/lib64/dbus-1.0/include subframe.c
x86_64-pc-linux-gnu-gcc -o libgps_core.o -c -march=native -O3 -fgraphite-identity -floop-nest-optimize -fdevirtualize-at-ltrans -fipa-pta -fno-semantic-interposition -flto=12 -fno-signed-zeros -fno-trapping-math -fassociative-math -freciprocal-math -fno-math-errno -ffinite-math-only -fno-rounding-math -fno-signaling-nans -fcx-limited-range -fexcess-precision=fast -fno-plt -fuse-linker-plugin -pipe -g0 -fno-stack-protector -fno-stack-clash-protection -fstack-check=no -fno-stack-check -Wl,-O4,--hash-style=gnu,--sort-common,--as-needed,-z,relro,-z,now,-lgomp,-lpthread -pthread -Wall -Wcast-align -Wextra -Wimplicit-fallthrough -Wmissing-declarations -Wmissing-prototypes -Wno-missing-field-initializers -Wno-uninitialized -Wpointer-arith -Wreturn-type -Wstrict-prototypes -Wvla -O2 -pthread -I/usr/include/dbus-1.0 -I/usr/lib64/dbus-1.0/include libgps_core.c
x86_64-pc-linux-gnu-gcc -o drivers.o -c -march=native -O3 -fgraphite-identity -floop-nest-optimize -fdevirtualize-at-ltrans -fipa-pta -fno-semantic-interposition -flto=12 -fno-signed-zeros -fno-trapping-math -fassociative-math -freciprocal-math -fno-math-errno -ffinite-math-only -fno-rounding-math -fno-signaling-nans -fcx-limited-range -fexcess-precision=fast -fno-plt -fuse-linker-plugin -pipe -g0 -fno-stack-protector -fno-stack-clash-protection -fstack-check=no -fno-stack-check -Wl,-O4,--hash-style=gnu,--sort-common,--as-needed,-z,relro,-z,now,-lgomp,-lpthread -pthread -Wall -Wcast-align -Wextra -Wimplicit-fallthrough -Wmissing-declarations -Wmissing-prototypes -Wno-missing-field-initializers -Wno-uninitialized -Wpointer-arith -Wreturn-type -Wstrict-prototypes -Wvla -O2 -pthread -I/usr/include/dbus-1.0 -I/usr/lib64/dbus-1.0/include drivers.c
x86_64-pc-linux-gnu-gcc -o sd_socket.o -c -march=native -O3 -fgraphite-identity -floop-nest-optimize -fdevirtualize-at-ltrans -fipa-pta -fno-semantic-interposition -flto=12 -fno-signed-zeros -fno-trapping-math -fassociative-math -freciprocal-math -fno-math-errno -ffinite-math-only -fno-rounding-math -fno-signaling-nans -fcx-limited-range -fexcess-precision=fast -fno-plt -fuse-linker-plugin -pipe -g0 -fno-stack-protector -fno-stack-clash-protection -fstack-check=no -fno-stack-check -Wl,-O4,--hash-style=gnu,--sort-common,--as-needed,-z,relro,-z,now,-lgomp,-lpthread -pthread -Wall -Wcast-align -Wextra -Wimplicit-fallthrough -Wmissing-declarations -Wmissing-prototypes -Wno-missing-field-initializers -Wno-uninitialized -Wpointer-arith -Wreturn-type -Wstrict-prototypes -Wvla -O2 -pthread -I/usr/include/dbus-1.0 -I/usr/lib64/dbus-1.0/include sd_socket.c
x86_64-pc-linux-gnu-g++ -o qt-netlib.os -c -march=native -O3 -fgraphite-identity -floop-nest-optimize -fdevirtualize-at-ltrans -fipa-pta -fno-semantic-interposition -flto=12 -fno-signed-zeros -fno-trapping-math -fassociative-math -freciprocal-math -fno-math-errno -ffinite-math-only -fno-rounding-math -fno-signaling-nans -fcx-limited-range -fexcess-precision=fast -fno-plt -fuse-linker-plugin -pipe -g0 -fno-stack-protector -fno-stack-clash-protection -fstack-check=no -fno-stack-check -Wl,-O4,--hash-style=gnu,--sort-common,--as-needed,-z,relro,-z,now,-lgomp,-lpthread -pthread -Wall -Wcast-align -Wextra -Wimplicit-fallthrough -Wmissing-declarations -Wno-missing-field-initializers -Wno-uninitialized -Wpointer-arith -Wreturn-type -Wvla -O2 -pthread -fPIC -DUSE_QT -DQT_NETWORK_LIB -DQT_CORE_LIB -I/usr/include/dbus-1.0 -I/usr/lib64/dbus-1.0/include -I/usr/include/qt5/QtNetwork -I/usr/include/qt5 -I/usr/include/qt5/QtCore netlib.c
x86_64-pc-linux-gnu-gcc -o timespec_str.o -c -march=native -O3 -fgraphite-identity -floop-nest-optimize -fdevirtualize-at-ltrans -fipa-pta -fno-semantic-interposition -flto=12 -fno-signed-zeros -fno-trapping-math -fassociative-math -freciprocal-math -fno-math-errno -ffinite-math-only -fno-rounding-math -fno-signaling-nans -fcx-limited-range -fexcess-precision=fast -fno-plt -fuse-linker-plugin -pipe -g0 -fno-stack-protector -fno-stack-clash-protection -fstack-check=no -fno-stack-check -Wl,-O4,--hash-style=gnu,--sort-common,--as-needed,-z,relro,-z,now,-lgomp,-lpthread -pthread -Wall -Wcast-align -Wextra -Wimplicit-fallthrough -Wmissing-declarations -Wmissing-prototypes -Wno-missing-field-initializers -Wno-uninitialized -Wpointer-arith -Wreturn-type -Wstrict-prototypes -Wvla -O2 -pthread -I/usr/include/dbus-1.0 -I/usr/lib64/dbus-1.0/include timespec_str.c
x86_64-pc-linux-gnu-gcc -pthread -o gpsdclient-py_3_8_3_final_0.cpython-38-x86_64-linux-gnu.so -c -Wno-unused-result -Wsign-compare -O2 -pthread -fPIC -DNDEBUG -I/usr/include/python3.8 gpsdclient.c
x86_64-pc-linux-gnu-gcc -pthread -o gpsclient-py_3_8_3_final_0.cpython-38-x86_64-linux-gnu.so -c -Wno-unused-result -Wsign-compare -O2 -pthread -fPIC -DNDEBUG -I/usr/include/python3.8 gpsclient.c
x86_64-pc-linux-gnu-gcc -o rtcm3_json.os -c -march=native -O3 -fgraphite-identity -floop-nest-optimize -fdevirtualize-at-ltrans -fipa-pta -fno-semantic-interposition -flto=12 -fno-signed-zeros -fno-trapping-math -fassociative-math -freciprocal-math -fno-math-errno -ffinite-math-only -fno-rounding-math -fno-signaling-nans -fcx-limited-range -fexcess-precision=fast -fno-plt -fuse-linker-plugin -pipe -g0 -fno-stack-protector -fno-stack-clash-protection -fstack-check=no -fno-stack-check -Wl,-O4,--hash-style=gnu,--sort-common,--as-needed,-z,relro,-z,now,-lgomp,-lpthread -pthread -Wall -Wcast-align -Wextra -Wimplicit-fallthrough -Wmissing-declarations -Wmissing-prototypes -Wno-missing-field-initializers -Wno-uninitialized -Wpointer-arith -Wreturn-type -Wstrict-prototypes -Wvla -O2 -pthread -fPIC -I/usr/include/dbus-1.0 -I/usr/lib64/dbus-1.0/include rtcm3_json.c
x86_64-pc-linux-gnu-gcc -o pseudoais.o -c -march=native -O3 -fgraphite-identity -floop-nest-optimize -fdevirtualize-at-ltrans -fipa-pta -fno-semantic-interposition -flto=12 -fno-signed-zeros -fno-trapping-math -fassociative-math -freciprocal-math -fno-math-errno -ffinite-math-only -fno-rounding-math -fno-signaling-nans -fcx-limited-range -fexcess-precision=fast -fno-plt -fuse-linker-plugin -pipe -g0 -fno-stack-protector -fno-stack-clash-protection -fstack-check=no -fno-stack-check -Wl,-O4,--hash-style=gnu,--sort-common,--as-needed,-z,relro,-z,now,-lgomp,-lpthread -pthread -Wall -Wcast-align -Wextra -Wimplicit-fallthrough -Wmissing-declarations -Wmissing-prototypes -Wno-missing-field-initializers -Wno-uninitialized -Wpointer-arith -Wreturn-type -Wstrict-prototypes -Wvla -O2 -pthread -I/usr/include/dbus-1.0 -I/usr/lib64/dbus-1.0/include pseudoais.c
x86_64-pc-linux-gnu-gcc -o driver_zodiac.o -c -march=native -O3 -fgraphite-identity -floop-nest-optimize -fdevirtualize-at-ltrans -fipa-pta -fno-semantic-interposition -flto=12 -fno-signed-zeros -fno-trapping-math -fassociative-math -freciprocal-math -fno-math-errno -ffinite-math-only -fno-rounding-math -fno-signaling-nans -fcx-limited-range -fexcess-precision=fast -fno-plt -fuse-linker-plugin -pipe -g0 -fno-stack-protector -fno-stack-clash-protection -fstack-check=no -fno-stack-check -Wl,-O4,--hash-style=gnu,--sort-common,--as-needed,-z,relro,-z,now,-lgomp,-lpthread -pthread -Wall -Wcast-align -Wextra -Wimplicit-fallthrough -Wmissing-declarations -Wmissing-prototypes -Wno-missing-field-initializers -Wno-uninitialized -Wpointer-arith -Wreturn-type -Wstrict-prototypes -Wvla -O2 -pthread -I/usr/include/dbus-1.0 -I/usr/lib64/dbus-1.0/include driver_zodiac.c
x86_64-pc-linux-gnu-gcc -o monitor_superstar2.o -c -march=native -O3 -fgraphite-identity -floop-nest-optimize -fdevirtualize-at-ltrans -fipa-pta -fno-semantic-interposition -flto=12 -fno-signed-zeros -fno-trapping-math -fassociative-math -freciprocal-math -fno-math-errno -ffinite-math-only -fno-rounding-math -fno-signaling-nans -fcx-limited-range -fexcess-precision=fast -fno-plt -fuse-linker-plugin -pipe -g0 -fno-stack-protector -fno-stack-clash-protection -fstack-check=no -fno-stack-check -Wl,-O4,--hash-style=gnu,--sort-common,--as-needed,-z,relro,-z,now,-lgomp,-lpthread -pthread -Wall -Wcast-align -Wextra -Wimplicit-fallthrough -Wmissing-declarations -Wmissing-prototypes -Wno-missing-field-initializers -Wno-uninitialized -Wpointer-arith -Wreturn-type -Wstrict-prototypes -Wvla -O2 -pthread -D_DEFAULT_SOURCE -D_XOPEN_SOURCE=600 -I/usr/include/dbus-1.0 -I/usr/lib64/dbus-1.0/include monitor_superstar2.c
x86_64-pc-linux-gnu-gcc -o dbusexport.o -c -march=native -O3 -fgraphite-identity -floop-nest-optimize -fdevirtualize-at-ltrans -fipa-pta -fno-semantic-interposition -flto=12 -fno-signed-zeros -fno-trapping-math -fassociative-math -freciprocal-math -fno-math-errno -ffinite-math-only -fno-rounding-math -fno-signaling-nans -fcx-limited-range -fexcess-precision=fast -fno-plt -fuse-linker-plugin -pipe -g0 -fno-stack-protector -fno-stack-clash-protection -fstack-check=no -fno-stack-check -Wl,-O4,--hash-style=gnu,--sort-common,--as-needed,-z,relro,-z,now,-lgomp,-lpthread -pthread -Wall -Wcast-align -Wextra -Wimplicit-fallthrough -Wmissing-declarations -Wmissing-prototypes -Wno-missing-field-initializers -Wno-uninitialized -Wpointer-arith -Wreturn-type -Wstrict-prototypes -Wvla -O2 -pthread -I/usr/include/dbus-1.0 -I/usr/lib64/dbus-1.0/include dbusexport.c
x86_64-pc-linux-gnu-gcc -o driver_rtcm2.o -c -march=native -O3 -fgraphite-identity -floop-nest-optimize -fdevirtualize-at-ltrans -fipa-pta -fno-semantic-interposition -flto=12 -fno-signed-zeros -fno-trapping-math -fassociative-math -freciprocal-math -fno-math-errno -ffinite-math-only -fno-rounding-math -fno-signaling-nans -fcx-limited-range -fexcess-precision=fast -fno-plt -fuse-linker-plugin -pipe -g0 -fno-stack-protector -fno-stack-clash-protection -fstack-check=no -fno-stack-check -Wl,-O4,--hash-style=gnu,--sort-common,--as-needed,-z,relro,-z,now,-lgomp,-lpthread -pthread -Wall -Wcast-align -Wextra -Wimplicit-fallthrough -Wmissing-declarations -Wmissing-prototypes -Wno-missing-field-initializers -Wno-uninitialized -Wpointer-arith -Wreturn-type -Wstrict-prototypes -Wvla -O2 -pthread -I/usr/include/dbus-1.0 -I/usr/lib64/dbus-1.0/include driver_rtcm2.c
x86_64-pc-linux-gnu-gcc -o bsd_base64.o -c -march=native -O3 -fgraphite-identity -floop-nest-optimize -fdevirtualize-at-ltrans -fipa-pta -fno-semantic-interposition -flto=12 -fno-signed-zeros -fno-trapping-math -fassociative-math -freciprocal-math -fno-math-errno -ffinite-math-only -fno-rounding-math -fno-signaling-nans -fcx-limited-range -fexcess-precision=fast -fno-plt -fuse-linker-plugin -pipe -g0 -fno-stack-protector -fno-stack-clash-protection -fstack-check=no -fno-stack-check -Wl,-O4,--hash-style=gnu,--sort-common,--as-needed,-z,relro,-z,now,-lgomp,-lpthread -pthread -Wall -Wcast-align -Wextra -Wimplicit-fallthrough -Wmissing-declarations -Wmissing-prototypes -Wno-missing-field-initializers -Wno-uninitialized -Wpointer-arith -Wreturn-type -Wstrict-prototypes -Wvla -O2 -pthread -I/usr/include/dbus-1.0 -I/usr/lib64/dbus-1.0/include bsd_base64.c
x86_64-pc-linux-gnu-gcc -o libgps_dbus.o -c -march=native -O3 -fgraphite-identity -floop-nest-optimize -fdevirtualize-at-ltrans -fipa-pta -fno-semantic-interposition -flto=12 -fno-signed-zeros -fno-trapping-math -fassociative-math -freciprocal-math -fno-math-errno -ffinite-math-only -fno-rounding-math -fno-signaling-nans -fcx-limited-range -fexcess-precision=fast -fno-plt -fuse-linker-plugin -pipe -g0 -fno-stack-protector -fno-stack-clash-protection -fstack-check=no -fno-stack-check -Wl,-O4,--hash-style=gnu,--sort-common,--as-needed,-z,relro,-z,now,-lgomp,-lpthread -pthread -Wall -Wcast-align -Wextra -Wimplicit-fallthrough -Wmissing-declarations -Wmissing-prototypes -Wno-missing-field-initializers -Wno-uninitialized -Wpointer-arith -Wreturn-type -Wstrict-prototypes -Wvla -O2 -pthread -I/usr/include/dbus-1.0 -I/usr/lib64/dbus-1.0/include libgps_dbus.c
x86_64-pc-linux-gnu-gcc -o gpsdctl.o -c -march=native -O3 -fgraphite-identity -floop-nest-optimize -fdevirtualize-at-ltrans -fipa-pta -fno-semantic-interposition -flto=12 -fno-signed-zeros -fno-trapping-math -fassociative-math -freciprocal-math -fno-math-errno -ffinite-math-only -fno-rounding-math -fno-signaling-nans -fcx-limited-range -fexcess-precision=fast -fno-plt -fuse-linker-plugin -pipe -g0 -fno-stack-protector -fno-stack-clash-protection -fstack-check=no -fno-stack-check -Wl,-O4,--hash-style=gnu,--sort-common,--as-needed,-z,relro,-z,now,-lgomp,-lpthread -pthread -Wall -Wcast-align -Wextra -Wimplicit-fallthrough -Wmissing-declarations -Wmissing-prototypes -Wno-missing-field-initializers -Wno-uninitialized -Wpointer-arith -Wreturn-type -Wstrict-prototypes -Wvla -O2 -pthread -I/usr/include/dbus-1.0 -I/usr/lib64/dbus-1.0/include gpsdctl.c
x86_64-pc-linux-gnu-gcc -o gpsdecode.o -c -march=native -O3 -fgraphite-identity -floop-nest-optimize -fdevirtualize-at-ltrans -fipa-pta -fno-semantic-interposition -flto=12 -fno-signed-zeros -fno-trapping-math -fassociative-math -freciprocal-math -fno-math-errno -ffinite-math-only -fno-rounding-math -fno-signaling-nans -fcx-limited-range -fexcess-precision=fast -fno-plt -fuse-linker-plugin -pipe -g0 -fno-stack-protector -fno-stack-clash-protection -fstack-check=no -fno-stack-check -Wl,-O4,--hash-style=gnu,--sort-common,--as-needed,-z,relro,-z,now,-lgomp,-lpthread -pthread -Wall -Wcast-align -Wextra -Wimplicit-fallthrough -Wmissing-declarations -Wmissing-prototypes -Wno-missing-field-initializers -Wno-uninitialized -Wpointer-arith -Wreturn-type -Wstrict-prototypes -Wvla -O2 -pthread -I/usr/include/dbus-1.0 -I/usr/lib64/dbus-1.0/include gpsdecode.c
x86_64-pc-linux-gnu-gcc -o libgps_sock.os -c -march=native -O3 -fgraphite-identity -floop-nest-optimize -fdevirtualize-at-ltrans -fipa-pta -fno-semantic-interposition -flto=12 -fno-signed-zeros -fno-trapping-math -fassociative-math -freciprocal-math -fno-math-errno -ffinite-math-only -fno-rounding-math -fno-signaling-nans -fcx-limited-range -fexcess-precision=fast -fno-plt -fuse-linker-plugin -pipe -g0 -fno-stack-protector -fno-stack-clash-protection -fstack-check=no -fno-stack-check -Wl,-O4,--hash-style=gnu,--sort-common,--as-needed,-z,relro,-z,now,-lgomp,-lpthread -pthread -Wall -Wcast-align -Wextra -Wimplicit-fallthrough -Wmissing-declarations -Wmissing-prototypes -Wno-missing-field-initializers -Wno-uninitialized -Wpointer-arith -Wreturn-type -Wstrict-prototypes -Wvla -O2 -pthread -fPIC -I/usr/include/dbus-1.0 -I/usr/lib64/dbus-1.0/include libgps_sock.c
x86_64-pc-linux-gnu-gcc -o driver_tsip.o -c -march=native -O3 -fgraphite-identity -floop-nest-optimize -fdevirtualize-at-ltrans -fipa-pta -fno-semantic-interposition -flto=12 -fno-signed-zeros -fno-trapping-math -fassociative-math -freciprocal-math -fno-math-errno -ffinite-math-only -fno-rounding-math -fno-signaling-nans -fcx-limited-range -fexcess-precision=fast -fno-plt -fuse-linker-plugin -pipe -g0 -fno-stack-protector -fno-stack-clash-protection -fstack-check=no -fno-stack-check -Wl,-O4,--hash-style=gnu,--sort-common,--as-needed,-z,relro,-z,now,-lgomp,-lpthread -pthread -Wall -Wcast-align -Wextra -Wimplicit-fallthrough -Wmissing-declarations -Wmissing-prototypes -Wno-missing-field-initializers -Wno-uninitialized -Wpointer-arith -Wreturn-type -Wstrict-prototypes -Wvla -O2 -pthread -I/usr/include/dbus-1.0 -I/usr/lib64/dbus-1.0/include driver_tsip.c
x86_64-pc-linux-gnu-gcc -o driver_superstar2.o -c -march=native -O3 -fgraphite-identity -floop-nest-optimize -fdevirtualize-at-ltrans -fipa-pta -fno-semantic-interposition -flto=12 -fno-signed-zeros -fno-trapping-math -fassociative-math -freciprocal-math -fno-math-errno -ffinite-math-only -fno-rounding-math -fno-signaling-nans -fcx-limited-range -fexcess-precision=fast -fno-plt -fuse-linker-plugin -pipe -g0 -fno-stack-protector -fno-stack-clash-protection -fstack-check=no -fno-stack-check -Wl,-O4,--hash-style=gnu,--sort-common,--as-needed,-z,relro,-z,now,-lgomp,-lpthread -pthread -Wall -Wcast-align -Wextra -Wimplicit-fallthrough -Wmissing-declarations -Wmissing-prototypes -Wno-missing-field-initializers -Wno-uninitialized -Wpointer-arith -Wreturn-type -Wstrict-prototypes -Wvla -O2 -pthread -I/usr/include/dbus-1.0 -I/usr/lib64/dbus-1.0/include driver_superstar2.c
x86_64-pc-linux-gnu-g++ -o qt-gpsutils.os -c -march=native -O3 -fgraphite-identity -floop-nest-optimize -fdevirtualize-at-ltrans -fipa-pta -fno-semantic-interposition -flto=12 -fno-signed-zeros -fno-trapping-math -fassociative-math -freciprocal-math -fno-math-errno -ffinite-math-only -fno-rounding-math -fno-signaling-nans -fcx-limited-range -fexcess-precision=fast -fno-plt -fuse-linker-plugin -pipe -g0 -fno-stack-protector -fno-stack-clash-protection -fstack-check=no -fno-stack-check -Wl,-O4,--hash-style=gnu,--sort-common,--as-needed,-z,relro,-z,now,-lgomp,-lpthread -pthread -Wall -Wcast-align -Wextra -Wimplicit-fallthrough -Wmissing-declarations -Wno-missing-field-initializers -Wno-uninitialized -Wpointer-arith -Wreturn-type -Wvla -O2 -pthread -fPIC -DUSE_QT -DQT_NETWORK_LIB -DQT_CORE_LIB -I/usr/include/dbus-1.0 -I/usr/lib64/dbus-1.0/include -I/usr/include/qt5/QtNetwork -I/usr/include/qt5 -I/usr/include/qt5/QtCore gpsutils.c
x86_64-pc-linux-gnu-gcc -o isgps.o -c -march=native -O3 -fgraphite-identity -floop-nest-optimize -fdevirtualize-at-ltrans -fipa-pta -fno-semantic-interposition -flto=12 -fno-signed-zeros -fno-trapping-math -fassociative-math -freciprocal-math -fno-math-errno -ffinite-math-only -fno-rounding-math -fno-signaling-nans -fcx-limited-range -fexcess-precision=fast -fno-plt -fuse-linker-plugin -pipe -g0 -fno-stack-protector -fno-stack-clash-protection -fstack-check=no -fno-stack-check -Wl,-O4,--hash-style=gnu,--sort-common,--as-needed,-z,relro,-z,now,-lgomp,-lpthread -pthread -Wall -Wcast-align -Wextra -Wimplicit-fallthrough -Wmissing-declarations -Wmissing-prototypes -Wno-missing-field-initializers -Wno-uninitialized -Wpointer-arith -Wreturn-type -Wstrict-prototypes -Wvla -O2 -pthread -I/usr/include/dbus-1.0 -I/usr/lib64/dbus-1.0/include isgps.c
x86_64-pc-linux-gnu-gcc -o driver_ubx.o -c -march=native -O3 -fgraphite-identity -floop-nest-optimize -fdevirtualize-at-ltrans -fipa-pta -fno-semantic-interposition -flto=12 -fno-signed-zeros -fno-trapping-math -fassociative-math -freciprocal-math -fno-math-errno -ffinite-math-only -fno-rounding-math -fno-signaling-nans -fcx-limited-range -fexcess-precision=fast -fno-plt -fuse-linker-plugin -pipe -g0 -fno-stack-protector -fno-stack-clash-protection -fstack-check=no -fno-stack-check -Wl,-O4,--hash-style=gnu,--sort-common,--as-needed,-z,relro,-z,now,-lgomp,-lpthread -pthread -Wall -Wcast-align -Wextra -Wimplicit-fallthrough -Wmissing-declarations -Wmissing-prototypes -Wno-missing-field-initializers -Wno-uninitialized -Wpointer-arith -Wreturn-type -Wstrict-prototypes -Wvla -O2 -pthread -I/usr/include/dbus-1.0 -I/usr/lib64/dbus-1.0/include driver_ubx.c
x86_64-pc-linux-gnu-gcc -o libgps_json.os -c -march=native -O3 -fgraphite-identity -floop-nest-optimize -fdevirtualize-at-ltrans -fipa-pta -fno-semantic-interposition -flto=12 -fno-signed-zeros -fno-trapping-math -fassociative-math -freciprocal-math -fno-math-errno -ffinite-math-only -fno-rounding-math -fno-signaling-nans -fcx-limited-range -fexcess-precision=fast -fno-plt -fuse-linker-plugin -pipe -g0 -fno-stack-protector -fno-stack-clash-protection -fstack-check=no -fno-stack-check -Wl,-O4,--hash-style=gnu,--sort-common,--as-needed,-z,relro,-z,now,-lgomp,-lpthread -pthread -Wall -Wcast-align -Wextra -Wimplicit-fallthrough -Wmissing-declarations -Wmissing-prototypes -Wno-missing-field-initializers -Wno-uninitialized -Wpointer-arith -Wreturn-type -Wstrict-prototypes -Wvla -O2 -pthread -fPIC -I/usr/include/dbus-1.0 -I/usr/lib64/dbus-1.0/include libgps_json.c
x86_64-pc-linux-gnu-gcc -pthread -o crc24q-py_3_8_3_final_0.cpython-38-x86_64-linux-gnu.so -c -Wno-unused-result -Wsign-compare -O2 -pthread -fPIC -DNDEBUG -I/usr/include/python3.8 crc24q.c
x86_64-pc-linux-gnu-gcc -o shared_json.os -c -march=native -O3 -fgraphite-identity -floop-nest-optimize -fdevirtualize-at-ltrans -fipa-pta -fno-semantic-interposition -flto=12 -fno-signed-zeros -fno-trapping-math -fassociative-math -freciprocal-math -fno-math-errno -ffinite-math-only -fno-rounding-math -fno-signaling-nans -fcx-limited-range -fexcess-precision=fast -fno-plt -fuse-linker-plugin -pipe -g0 -fno-stack-protector -fno-stack-clash-protection -fstack-check=no -fno-stack-check -Wl,-O4,--hash-style=gnu,--sort-common,--as-needed,-z,relro,-z,now,-lgomp,-lpthread -pthread -Wall -Wcast-align -Wextra -Wimplicit-fallthrough -Wmissing-declarations -Wmissing-prototypes -Wno-missing-field-initializers -Wno-uninitialized -Wpointer-arith -Wreturn-type -Wstrict-prototypes -Wvla -O2 -pthread -fPIC -I/usr/include/dbus-1.0 -I/usr/lib64/dbus-1.0/include shared_json.c
x86_64-pc-linux-gnu-g++ -o qt-libgps_dbus.os -c -march=native -O3 -fgraphite-identity -floop-nest-optimize -fdevirtualize-at-ltrans -fipa-pta -fno-semantic-interposition -flto=12 -fno-signed-zeros -fno-trapping-math -fassociative-math -freciprocal-math -fno-math-errno -ffinite-math-only -fno-rounding-math -fno-signaling-nans -fcx-limited-range -fexcess-precision=fast -fno-plt -fuse-linker-plugin -pipe -g0 -fno-stack-protector -fno-stack-clash-protection -fstack-check=no -fno-stack-check -Wl,-O4,--hash-style=gnu,--sort-common,--as-needed,-z,relro,-z,now,-lgomp,-lpthread -pthread -Wall -Wcast-align -Wextra -Wimplicit-fallthrough -Wmissing-declarations -Wno-missing-field-initializers -Wno-uninitialized -Wpointer-arith -Wreturn-type -Wvla -O2 -pthread -fPIC -DUSE_QT -DQT_NETWORK_LIB -DQT_CORE_LIB -I/usr/include/dbus-1.0 -I/usr/lib64/dbus-1.0/include -I/usr/include/qt5/QtNetwork -I/usr/include/qt5 -I/usr/include/qt5/QtCore libgps_dbus.c
x86_64-pc-linux-gnu-gcc -o json.os -c -march=native -O3 -fgraphite-identity -floop-nest-optimize -fdevirtualize-at-ltrans -fipa-pta -fno-semantic-interposition -flto=12 -fno-signed-zeros -fno-trapping-math -fassociative-math -freciprocal-math -fno-math-errno -ffinite-math-only -fno-rounding-math -fno-signaling-nans -fcx-limited-range -fexcess-precision=fast -fno-plt -fuse-linker-plugin -pipe -g0 -fno-stack-protector -fno-stack-clash-protection -fstack-check=no -fno-stack-check -Wl,-O4,--hash-style=gnu,--sort-common,--as-needed,-z,relro,-z,now,-lgomp,-lpthread -pthread -Wall -Wcast-align -Wextra -Wimplicit-fallthrough -Wmissing-declarations -Wmissing-prototypes -Wno-missing-field-initializers -Wno-uninitialized -Wpointer-arith -Wreturn-type -Wstrict-prototypes -Wvla -O2 -pthread -fPIC -I/usr/include/dbus-1.0 -I/usr/lib64/dbus-1.0/include json.c
x86_64-pc-linux-gnu-gcc -pthread -o os_compat-py_3_8_3_final_0.cpython-38-x86_64-linux-gnu.so -c -Wno-unused-result -Wsign-compare -O2 -pthread -fPIC -DNDEBUG -I/usr/include/python3.8 os_compat.c
x86_64-pc-linux-gnu-gcc -o driver_navcom.o -c -march=native -O3 -fgraphite-identity -floop-nest-optimize -fdevirtualize-at-ltrans -fipa-pta -fno-semantic-interposition -flto=12 -fno-signed-zeros -fno-trapping-math -fassociative-math -freciprocal-math -fno-math-errno -ffinite-math-only -fno-rounding-math -fno-signaling-nans -fcx-limited-range -fexcess-precision=fast -fno-plt -fuse-linker-plugin -pipe -g0 -fno-stack-protector -fno-stack-clash-protection -fstack-check=no -fno-stack-check -Wl,-O4,--hash-style=gnu,--sort-common,--as-needed,-z,relro,-z,now,-lgomp,-lpthread -pthread -Wall -Wcast-align -Wextra -Wimplicit-fallthrough -Wmissing-declarations -Wmissing-prototypes -Wno-missing-field-initializers -Wno-uninitialized -Wpointer-arith -Wreturn-type -Wstrict-prototypes -Wvla -O2 -pthread -I/usr/include/dbus-1.0 -I/usr/lib64/dbus-1.0/include driver_navcom.c
x86_64-pc-linux-gnu-gcc -o gpsdclient.os -c -march=native -O3 -fgraphite-identity -floop-nest-optimize -fdevirtualize-at-ltrans -fipa-pta -fno-semantic-interposition -flto=12 -fno-signed-zeros -fno-trapping-math -fassociative-math -freciprocal-math -fno-math-errno -ffinite-math-only -fno-rounding-math -fno-signaling-nans -fcx-limited-range -fexcess-precision=fast -fno-plt -fuse-linker-plugin -pipe -g0 -fno-stack-protector -fno-stack-clash-protection -fstack-check=no -fno-stack-check -Wl,-O4,--hash-style=gnu,--sort-common,--as-needed,-z,relro,-z,now,-lgomp,-lpthread -pthread -Wall -Wcast-align -Wextra -Wimplicit-fallthrough -Wmissing-declarations -Wmissing-prototypes -Wno-missing-field-initializers -Wno-uninitialized -Wpointer-arith -Wreturn-type -Wstrict-prototypes -Wvla -O2 -pthread -fPIC -I/usr/include/dbus-1.0 -I/usr/lib64/dbus-1.0/include gpsdclient.c
x86_64-pc-linux-gnu-gcc -o net_gnss_dispatch.o -c -march=native -O3 -fgraphite-identity -floop-nest-optimize -fdevirtualize-at-ltrans -fipa-pta -fno-semantic-interposition -flto=12 -fno-signed-zeros -fno-trapping-math -fassociative-math -freciprocal-math -fno-math-errno -ffinite-math-only -fno-rounding-math -fno-signaling-nans -fcx-limited-range -fexcess-precision=fast -fno-plt -fuse-linker-plugin -pipe -g0 -fno-stack-protector -fno-stack-clash-protection -fstack-check=no -fno-stack-check -Wl,-O4,--hash-style=gnu,--sort-common,--as-needed,-z,relro,-z,now,-lgomp,-lpthread -pthread -Wall -Wcast-align -Wextra -Wimplicit-fallthrough -Wmissing-declarations -Wmissing-prototypes -Wno-missing-field-initializers -Wno-uninitialized -Wpointer-arith -Wreturn-type -Wstrict-prototypes -Wvla -O2 -pthread -I/usr/include/dbus-1.0 -I/usr/lib64/dbus-1.0/include net_gnss_dispatch.c
x86_64-pc-linux-gnu-gcc -o gpsutils.os -c -march=native -O3 -fgraphite-identity -floop-nest-optimize -fdevirtualize-at-ltrans -fipa-pta -fno-semantic-interposition -flto=12 -fno-signed-zeros -fno-trapping-math -fassociative-math -freciprocal-math -fno-math-errno -ffinite-math-only -fno-rounding-math -fno-signaling-nans -fcx-limited-range -fexcess-precision=fast -fno-plt -fuse-linker-plugin -pipe -g0 -fno-stack-protector -fno-stack-clash-protection -fstack-check=no -fno-stack-check -Wl,-O4,--hash-style=gnu,--sort-common,--as-needed,-z,relro,-z,now,-lgomp,-lpthread -pthread -Wall -Wcast-align -Wextra -Wimplicit-fallthrough -Wmissing-declarations -Wmissing-prototypes -Wno-missing-field-initializers -Wno-uninitialized -Wpointer-arith -Wreturn-type -Wstrict-prototypes -Wvla -O2 -pthread -fPIC -I/usr/include/dbus-1.0 -I/usr/lib64/dbus-1.0/include gpsutils.c
x86_64-pc-linux-gnu-gcc -o libgps_sock.o -c -march=native -O3 -fgraphite-identity -floop-nest-optimize -fdevirtualize-at-ltrans -fipa-pta -fno-semantic-interposition -flto=12 -fno-signed-zeros -fno-trapping-math -fassociative-math -freciprocal-math -fno-math-errno -ffinite-math-only -fno-rounding-math -fno-signaling-nans -fcx-limited-range -fexcess-precision=fast -fno-plt -fuse-linker-plugin -pipe -g0 -fno-stack-protector -fno-stack-clash-protection -fstack-check=no -fno-stack-check -Wl,-O4,--hash-style=gnu,--sort-common,--as-needed,-z,relro,-z,now,-lgomp,-lpthread -pthread -Wall -Wcast-align -Wextra -Wimplicit-fallthrough -Wmissing-declarations -Wmissing-prototypes -Wno-missing-field-initializers -Wno-uninitialized -Wpointer-arith -Wreturn-type -Wstrict-prototypes -Wvla -O2 -pthread -I/usr/include/dbus-1.0 -I/usr/lib64/dbus-1.0/include libgps_sock.c
driver_ubx.c: In function 'ubx_msg_nav_timels':
driver_ubx.c:796:33: error: 'struct gps_context_t' has no member named 'leap_notify'
  796 |                 session->context->leap_notify = LEAP_ADDSECOND;
      |                                 ^~
driver_ubx.c:796:49: error: 'LEAP_ADDSECOND' undeclared (first use in this function)
  796 |                 session->context->leap_notify = LEAP_ADDSECOND;
      |                                                 ^~~~~~~~~~~~~~
driver_ubx.c:796:49: note: each undeclared identifier is reported only once for each function it appears in
driver_ubx.c:800:33: error: 'struct gps_context_t' has no member named 'leap_notify'
  800 |                 session->context->leap_notify = LEAP_DELSECOND;
      |                                 ^~
driver_ubx.c:800:49: error: 'LEAP_DELSECOND' undeclared (first use in this function)
  800 |                 session->context->leap_notify = LEAP_DELSECOND;
      |                                                 ^~~~~~~~~~~~~~
driver_ubx.c:805:29: error: 'struct gps_context_t' has no member named 'leap_notify'
  805 |             session->context->leap_notify = LEAP_NOWARNING;
      |                             ^~
driver_ubx.c:805:45: error: 'LEAP_NOWARNING' undeclared (first use in this function); did you mean 'LOG_WARNING'?
  805 |             session->context->leap_notify = LEAP_NOWARNING;
      |                                             ^~~~~~~~~~~~~~
      |                                             LOG_WARNING
driver_ubx.c:808:38: error: 'struct gps_context_t' has no member named 'leap_notify'
  808 |                      session->context->leap_notify);
      |                                      ^~
scons: *** [driver_ubx.o] Error 1
scons: building terminated because of errors.
 * ERROR: sci-geosciences/gpsd-3.19::gentoo failed (compile phase):
 *   escons failed.
 * 
 * Call stack:
 *     ebuild.sh, line  125:  Called src_compile
 *   environment, line 5624:  Called escons
 *   environment, line 3474:  Called die
 * The specific snippet of code:
 *                   die "escons failed."
 * 
 * If you need support, post the output of `emerge --info '=sci-geosciences/gpsd-3.19::gentoo'`,
 * the complete build log and the output of `emerge -pqv '=sci-geosciences/gpsd-3.19::gentoo'`.
 * The complete build log is located at '/var/log/emerge-log/sci-geosciences:gpsd-3.19:20200521-125609.log'.
 * For convenience, a symlink to the build log is located at '/tmp/portage/sci-geosciences/gpsd-3.19/temp/build.log'.
 * The ebuild environment file is located at '/tmp/portage/sci-geosciences/gpsd-3.19/temp/environment'.
 * Working directory: '/tmp/portage/sci-geosciences/gpsd-3.19/work/gpsd-3.19'
 * S: '/tmp/portage/sci-geosciences/gpsd-3.19/work/gpsd-3.19'
