 * Package:    sci-CRAN/utf8-1.1.4
 * Repository: R_Overlay
 * USE:        abi_x86_64 amd64 elibc_glibc kernel_linux userland_GNU
 * FEATURES:   ccache network-sandbox preserve-libs sandbox userpriv usersandbox
 * FEATURES='assume-digests binpkg-docompress binpkg-dostrip binpkg-logs binpkg-multi-instance buildpkg ccache cgroup compress-index config-protect-if-modified distlocks downgrade-backup fixlafiles ipc-sandbox merge-sync multilib-strict network-sandbox news nodoc parallel-fetch parallel-install pid-sandbox preserve-libs qa-unresolved-soname-deps sandbox sfperms strict strict-keepdir unknown-features-warn unmerge-backup unmerge-logs unmerge-orphans userfetch userpriv usersandbox usersync xattr'
 * CFLAGS='-march=native -O3 -fgraphite-identity -floop-nest-optimize -fdevirtualize-at-ltrans -fipa-pta -fno-semantic-interposition -flto=12 -fno-signed-zeros -fno-trapping-math -fassociative-math -freciprocal-math -fno-math-errno -ffinite-math-only -fno-rounding-math -fno-signaling-nans -fcx-limited-range -fexcess-precision=fast -fno-plt -fno-common -fuse-linker-plugin -pipe -g0 -fno-stack-protector -fno-stack-clash-protection -fstack-check=no -fno-stack-check -Wl,-O4,--hash-style=gnu,--sort-common,--as-needed,-z,relro,-z,now,-lgomp,-lpthread'
 * CXXFLAGS='-march=native -O3 -fgraphite-identity -floop-nest-optimize -fdevirtualize-at-ltrans -fipa-pta -fno-semantic-interposition -flto=12 -fno-signed-zeros -fno-trapping-math -fassociative-math -freciprocal-math -fno-math-errno -ffinite-math-only -fno-rounding-math -fno-signaling-nans -fcx-limited-range -fexcess-precision=fast -fno-plt -fno-common -fuse-linker-plugin -pipe -g0 -fno-stack-protector -fno-stack-clash-protection -fstack-check=no -fno-stack-check -Wl,-O4,--hash-style=gnu,--sort-common,--as-needed,-z,relro,-z,now,-lgomp,-lpthread'
 * FFLAGS='-march=native -O3 -fgraphite-identity -floop-nest-optimize -fdevirtualize-at-ltrans -fipa-pta -fno-semantic-interposition -flto=12 -fno-signed-zeros -fno-trapping-math -fassociative-math -freciprocal-math -fno-math-errno -ffinite-math-only -fno-rounding-math -fno-signaling-nans -fcx-limited-range -fexcess-precision=fast -fno-plt -fno-common -fuse-linker-plugin -pipe -g0 -fno-stack-protector -fno-stack-clash-protection -fstack-check=no -fno-stack-check -Wl,-O4,--hash-style=gnu,--sort-common,--as-needed,-z,relro,-z,now,-lgomp,-lpthread'
 * FCFLAGS='-march=native -O3 -fgraphite-identity -floop-nest-optimize -fdevirtualize-at-ltrans -fipa-pta -fno-semantic-interposition -flto=12 -fno-signed-zeros -fno-trapping-math -fassociative-math -freciprocal-math -fno-math-errno -ffinite-math-only -fno-rounding-math -fno-signaling-nans -fcx-limited-range -fexcess-precision=fast -fno-plt -fno-common -fuse-linker-plugin -pipe -g0 -fno-stack-protector -fno-stack-clash-protection -fstack-check=no -fno-stack-check -Wl,-O4,--hash-style=gnu,--sort-common,--as-needed,-z,relro,-z,now,-lgomp,-lpthread'
 * F77FLAGS='-march=native -O3 -fgraphite-identity -floop-nest-optimize -fdevirtualize-at-ltrans -fipa-pta -fno-semantic-interposition -flto=12 -fno-signed-zeros -fno-trapping-math -fassociative-math -freciprocal-math -fno-math-errno -ffinite-math-only -fno-rounding-math -fno-signaling-nans -fcx-limited-range -fexcess-precision=fast -fno-plt -fno-common -fuse-linker-plugin -pipe -g0 -fno-stack-protector -fno-stack-clash-protection -fstack-check=no -fno-stack-check -Wl,-O4,--hash-style=gnu,--sort-common,--as-needed,-z,relro,-z,now,-lgomp,-lpthread'
 * LDFLAGS='-Wl,-O4,--hash-style=gnu,--sort-common,--as-needed,-z,relro,-z,now,-lgomp,-lpthread -march=native -O3 -fgraphite-identity -floop-nest-optimize -fdevirtualize-at-ltrans -fipa-pta -fno-semantic-interposition -flto=12 -fno-signed-zeros -fno-trapping-math -fassociative-math -freciprocal-math -fno-math-errno -ffinite-math-only -fno-rounding-math -fno-signaling-nans -fcx-limited-range -fexcess-precision=fast -fno-plt -fno-common -fuse-linker-plugin -pipe -g0 -fno-stack-protector -fno-stack-clash-protection -fstack-check=no -fno-stack-check'
 * MAKEOPTS='-j12'
 * gcc (Gentoo 10.1.0 p1) 10.1.0
 * g++ (Gentoo 10.1.0 p1) 10.1.0
 * GNU ld (Gentoo 9999 p5) 2.34.50.20200520
 * Linux ryzen.gnum.org 5.4.36 #1 SMP Thu Apr 30 04:38:28 UTC 2020 x86_64 AMD Ryzen 5 3600 6-Core Processor AuthenticAMD GNU/Linux
]0;emerge 09:26:37 1589959597:  >>> AUTOCLEAN: sci-CRAN/pkgconfig:0 utf8 (root@ryzen.gnum.org)>>> Unpacking source...
>>> Unpacking utf8_1.1.4.tar.gz to /tmp/portage/sci-CRAN/utf8-1.1.4/work
>>> Source unpacked in /tmp/portage/sci-CRAN/utf8-1.1.4/work
>>> Preparing source in /tmp/portage/sci-CRAN/utf8-1.1.4/work/utf8-1.1.4 ...
>>> Source prepared.
>>> Configuring source in /tmp/portage/sci-CRAN/utf8-1.1.4/work/utf8-1.1.4 ...
>>> Source configured.
>>> Compiling source in /tmp/portage/sci-CRAN/utf8-1.1.4/work/utf8-1.1.4 ...
* installing *source* package ‘utf8’ ...
** package ‘utf8’ successfully unpacked and MD5 sums checked
** using staged installation
** libs
x86_64-pc-linux-gnu-gcc -I"/usr/lib64/R/include" -DNDEBUG    -Iutf8lite/src -fpic  -march=native -O3 -fgraphite-identity -floop-nest-optimize -fdevirtualize-at-ltrans -fipa-pta -fno-semantic-interposition -flto=12 -fno-signed-zeros -fno-trapping-math -fassociative-math -freciprocal-math -fno-math-errno -ffinite-math-only -fno-rounding-math -fno-signaling-nans -fcx-limited-range -fexcess-precision=fast -fno-plt -fno-common -fuse-linker-plugin -pipe -g0 -fno-stack-protector -fno-stack-clash-protection -fstack-check=no -fno-stack-check -Wl,-O4,--hash-style=gnu,--sort-common,--as-needed,-z,relro,-z,now,-lgomp,-lpthread -c as_utf8.c -o as_utf8.o
x86_64-pc-linux-gnu-gcc -I"/usr/lib64/R/include" -DNDEBUG    -Iutf8lite/src -fpic  -march=native -O3 -fgraphite-identity -floop-nest-optimize -fdevirtualize-at-ltrans -fipa-pta -fno-semantic-interposition -flto=12 -fno-signed-zeros -fno-trapping-math -fassociative-math -freciprocal-math -fno-math-errno -ffinite-math-only -fno-rounding-math -fno-signaling-nans -fcx-limited-range -fexcess-precision=fast -fno-plt -fno-common -fuse-linker-plugin -pipe -g0 -fno-stack-protector -fno-stack-clash-protection -fstack-check=no -fno-stack-check -Wl,-O4,--hash-style=gnu,--sort-common,--as-needed,-z,relro,-z,now,-lgomp,-lpthread -c bytes.c -o bytes.o
x86_64-pc-linux-gnu-gcc -I"/usr/lib64/R/include" -DNDEBUG    -Iutf8lite/src -fpic  -march=native -O3 -fgraphite-identity -floop-nest-optimize -fdevirtualize-at-ltrans -fipa-pta -fno-semantic-interposition -flto=12 -fno-signed-zeros -fno-trapping-math -fassociative-math -freciprocal-math -fno-math-errno -ffinite-math-only -fno-rounding-math -fno-signaling-nans -fcx-limited-range -fexcess-precision=fast -fno-plt -fno-common -fuse-linker-plugin -pipe -g0 -fno-stack-protector -fno-stack-clash-protection -fstack-check=no -fno-stack-check -Wl,-O4,--hash-style=gnu,--sort-common,--as-needed,-z,relro,-z,now,-lgomp,-lpthread -c context.c -o context.o
x86_64-pc-linux-gnu-gcc -I"/usr/lib64/R/include" -DNDEBUG    -Iutf8lite/src -fpic  -march=native -O3 -fgraphite-identity -floop-nest-optimize -fdevirtualize-at-ltrans -fipa-pta -fno-semantic-interposition -flto=12 -fno-signed-zeros -fno-trapping-math -fassociative-math -freciprocal-math -fno-math-errno -ffinite-math-only -fno-rounding-math -fno-signaling-nans -fcx-limited-range -fexcess-precision=fast -fno-plt -fno-common -fuse-linker-plugin -pipe -g0 -fno-stack-protector -fno-stack-clash-protection -fstack-check=no -fno-stack-check -Wl,-O4,--hash-style=gnu,--sort-common,--as-needed,-z,relro,-z,now,-lgomp,-lpthread -c init.c -o init.o
x86_64-pc-linux-gnu-gcc -I"/usr/lib64/R/include" -DNDEBUG    -Iutf8lite/src -fpic  -march=native -O3 -fgraphite-identity -floop-nest-optimize -fdevirtualize-at-ltrans -fipa-pta -fno-semantic-interposition -flto=12 -fno-signed-zeros -fno-trapping-math -fassociative-math -freciprocal-math -fno-math-errno -ffinite-math-only -fno-rounding-math -fno-signaling-nans -fcx-limited-range -fexcess-precision=fast -fno-plt -fno-common -fuse-linker-plugin -pipe -g0 -fno-stack-protector -fno-stack-clash-protection -fstack-check=no -fno-stack-check -Wl,-O4,--hash-style=gnu,--sort-common,--as-needed,-z,relro,-z,now,-lgomp,-lpthread -c render.c -o render.o
x86_64-pc-linux-gnu-gcc -I"/usr/lib64/R/include" -DNDEBUG    -Iutf8lite/src -fpic  -march=native -O3 -fgraphite-identity -floop-nest-optimize -fdevirtualize-at-ltrans -fipa-pta -fno-semantic-interposition -flto=12 -fno-signed-zeros -fno-trapping-math -fassociative-math -freciprocal-math -fno-math-errno -ffinite-math-only -fno-rounding-math -fno-signaling-nans -fcx-limited-range -fexcess-precision=fast -fno-plt -fno-common -fuse-linker-plugin -pipe -g0 -fno-stack-protector -fno-stack-clash-protection -fstack-check=no -fno-stack-check -Wl,-O4,--hash-style=gnu,--sort-common,--as-needed,-z,relro,-z,now,-lgomp,-lpthread -c render_table.c -o render_table.o
x86_64-pc-linux-gnu-gcc -I"/usr/lib64/R/include" -DNDEBUG    -Iutf8lite/src -fpic  -march=native -O3 -fgraphite-identity -floop-nest-optimize -fdevirtualize-at-ltrans -fipa-pta -fno-semantic-interposition -flto=12 -fno-signed-zeros -fno-trapping-math -fassociative-math -freciprocal-math -fno-math-errno -ffinite-math-only -fno-rounding-math -fno-signaling-nans -fcx-limited-range -fexcess-precision=fast -fno-plt -fno-common -fuse-linker-plugin -pipe -g0 -fno-stack-protector -fno-stack-clash-protection -fstack-check=no -fno-stack-check -Wl,-O4,--hash-style=gnu,--sort-common,--as-needed,-z,relro,-z,now,-lgomp,-lpthread -c string.c -o string.o
x86_64-pc-linux-gnu-gcc -I"/usr/lib64/R/include" -DNDEBUG    -Iutf8lite/src -fpic  -march=native -O3 -fgraphite-identity -floop-nest-optimize -fdevirtualize-at-ltrans -fipa-pta -fno-semantic-interposition -flto=12 -fno-signed-zeros -fno-trapping-math -fassociative-math -freciprocal-math -fno-math-errno -ffinite-math-only -fno-rounding-math -fno-signaling-nans -fcx-limited-range -fexcess-precision=fast -fno-plt -fno-common -fuse-linker-plugin -pipe -g0 -fno-stack-protector -fno-stack-clash-protection -fstack-check=no -fno-stack-check -Wl,-O4,--hash-style=gnu,--sort-common,--as-needed,-z,relro,-z,now,-lgomp,-lpthread -c text.c -o text.o
x86_64-pc-linux-gnu-gcc -I"/usr/lib64/R/include" -DNDEBUG    -Iutf8lite/src -fpic  -march=native -O3 -fgraphite-identity -floop-nest-optimize -fdevirtualize-at-ltrans -fipa-pta -fno-semantic-interposition -flto=12 -fno-signed-zeros -fno-trapping-math -fassociative-math -freciprocal-math -fno-math-errno -ffinite-math-only -fno-rounding-math -fno-signaling-nans -fcx-limited-range -fexcess-precision=fast -fno-plt -fno-common -fuse-linker-plugin -pipe -g0 -fno-stack-protector -fno-stack-clash-protection -fstack-check=no -fno-stack-check -Wl,-O4,--hash-style=gnu,--sort-common,--as-needed,-z,relro,-z,now,-lgomp,-lpthread -c utf8_encode.c -o utf8_encode.o
x86_64-pc-linux-gnu-gcc -I"/usr/lib64/R/include" -DNDEBUG    -Iutf8lite/src -fpic  -march=native -O3 -fgraphite-identity -floop-nest-optimize -fdevirtualize-at-ltrans -fipa-pta -fno-semantic-interposition -flto=12 -fno-signed-zeros -fno-trapping-math -fassociative-math -freciprocal-math -fno-math-errno -ffinite-math-only -fno-rounding-math -fno-signaling-nans -fcx-limited-range -fexcess-precision=fast -fno-plt -fno-common -fuse-linker-plugin -pipe -g0 -fno-stack-protector -fno-stack-clash-protection -fstack-check=no -fno-stack-check -Wl,-O4,--hash-style=gnu,--sort-common,--as-needed,-z,relro,-z,now,-lgomp,-lpthread -c utf8_format.c -o utf8_format.o
x86_64-pc-linux-gnu-gcc -I"/usr/lib64/R/include" -DNDEBUG    -Iutf8lite/src -fpic  -march=native -O3 -fgraphite-identity -floop-nest-optimize -fdevirtualize-at-ltrans -fipa-pta -fno-semantic-interposition -flto=12 -fno-signed-zeros -fno-trapping-math -fassociative-math -freciprocal-math -fno-math-errno -ffinite-math-only -fno-rounding-math -fno-signaling-nans -fcx-limited-range -fexcess-precision=fast -fno-plt -fno-common -fuse-linker-plugin -pipe -g0 -fno-stack-protector -fno-stack-clash-protection -fstack-check=no -fno-stack-check -Wl,-O4,--hash-style=gnu,--sort-common,--as-needed,-z,relro,-z,now,-lgomp,-lpthread -c utf8_normalize.c -o utf8_normalize.o
x86_64-pc-linux-gnu-gcc -I"/usr/lib64/R/include" -DNDEBUG    -Iutf8lite/src -fpic  -march=native -O3 -fgraphite-identity -floop-nest-optimize -fdevirtualize-at-ltrans -fipa-pta -fno-semantic-interposition -flto=12 -fno-signed-zeros -fno-trapping-math -fassociative-math -freciprocal-math -fno-math-errno -ffinite-math-only -fno-rounding-math -fno-signaling-nans -fcx-limited-range -fexcess-precision=fast -fno-plt -fno-common -fuse-linker-plugin -pipe -g0 -fno-stack-protector -fno-stack-clash-protection -fstack-check=no -fno-stack-check -Wl,-O4,--hash-style=gnu,--sort-common,--as-needed,-z,relro,-z,now,-lgomp,-lpthread -c utf8_valid.c -o utf8_valid.o
x86_64-pc-linux-gnu-gcc -I"/usr/lib64/R/include" -DNDEBUG    -Iutf8lite/src -fpic  -march=native -O3 -fgraphite-identity -floop-nest-optimize -fdevirtualize-at-ltrans -fipa-pta -fno-semantic-interposition -flto=12 -fno-signed-zeros -fno-trapping-math -fassociative-math -freciprocal-math -fno-math-errno -ffinite-math-only -fno-rounding-math -fno-signaling-nans -fcx-limited-range -fexcess-precision=fast -fno-plt -fno-common -fuse-linker-plugin -pipe -g0 -fno-stack-protector -fno-stack-clash-protection -fstack-check=no -fno-stack-check -Wl,-O4,--hash-style=gnu,--sort-common,--as-needed,-z,relro,-z,now,-lgomp,-lpthread -c utf8_width.c -o utf8_width.o
x86_64-pc-linux-gnu-gcc -I"/usr/lib64/R/include" -DNDEBUG    -Iutf8lite/src -fpic  -march=native -O3 -fgraphite-identity -floop-nest-optimize -fdevirtualize-at-ltrans -fipa-pta -fno-semantic-interposition -flto=12 -fno-signed-zeros -fno-trapping-math -fassociative-math -freciprocal-math -fno-math-errno -ffinite-math-only -fno-rounding-math -fno-signaling-nans -fcx-limited-range -fexcess-precision=fast -fno-plt -fno-common -fuse-linker-plugin -pipe -g0 -fno-stack-protector -fno-stack-clash-protection -fstack-check=no -fno-stack-check -Wl,-O4,--hash-style=gnu,--sort-common,--as-needed,-z,relro,-z,now,-lgomp,-lpthread -c util.c -o util.o
x86_64-pc-linux-gnu-gcc -I"/usr/lib64/R/include" -DNDEBUG    -Iutf8lite/src -fpic  -march=native -O3 -fgraphite-identity -floop-nest-optimize -fdevirtualize-at-ltrans -fipa-pta -fno-semantic-interposition -flto=12 -fno-signed-zeros -fno-trapping-math -fassociative-math -freciprocal-math -fno-math-errno -ffinite-math-only -fno-rounding-math -fno-signaling-nans -fcx-limited-range -fexcess-precision=fast -fno-plt -fno-common -fuse-linker-plugin -pipe -g0 -fno-stack-protector -fno-stack-clash-protection -fstack-check=no -fno-stack-check -Wl,-O4,--hash-style=gnu,--sort-common,--as-needed,-z,relro,-z,now,-lgomp,-lpthread -c utf8lite/src/array.c -o utf8lite/src/array.o
x86_64-pc-linux-gnu-gcc -I"/usr/lib64/R/include" -DNDEBUG    -Iutf8lite/src -fpic  -march=native -O3 -fgraphite-identity -floop-nest-optimize -fdevirtualize-at-ltrans -fipa-pta -fno-semantic-interposition -flto=12 -fno-signed-zeros -fno-trapping-math -fassociative-math -freciprocal-math -fno-math-errno -ffinite-math-only -fno-rounding-math -fno-signaling-nans -fcx-limited-range -fexcess-precision=fast -fno-plt -fno-common -fuse-linker-plugin -pipe -g0 -fno-stack-protector -fno-stack-clash-protection -fstack-check=no -fno-stack-check -Wl,-O4,--hash-style=gnu,--sort-common,--as-needed,-z,relro,-z,now,-lgomp,-lpthread -c utf8lite/src/char.c -o utf8lite/src/char.o
x86_64-pc-linux-gnu-gcc -I"/usr/lib64/R/include" -DNDEBUG    -Iutf8lite/src -fpic  -march=native -O3 -fgraphite-identity -floop-nest-optimize -fdevirtualize-at-ltrans -fipa-pta -fno-semantic-interposition -flto=12 -fno-signed-zeros -fno-trapping-math -fassociative-math -freciprocal-math -fno-math-errno -ffinite-math-only -fno-rounding-math -fno-signaling-nans -fcx-limited-range -fexcess-precision=fast -fno-plt -fno-common -fuse-linker-plugin -pipe -g0 -fno-stack-protector -fno-stack-clash-protection -fstack-check=no -fno-stack-check -Wl,-O4,--hash-style=gnu,--sort-common,--as-needed,-z,relro,-z,now,-lgomp,-lpthread -c utf8lite/src/encode.c -o utf8lite/src/encode.o
x86_64-pc-linux-gnu-gcc -I"/usr/lib64/R/include" -DNDEBUG    -Iutf8lite/src -fpic  -march=native -O3 -fgraphite-identity -floop-nest-optimize -fdevirtualize-at-ltrans -fipa-pta -fno-semantic-interposition -flto=12 -fno-signed-zeros -fno-trapping-math -fassociative-math -freciprocal-math -fno-math-errno -ffinite-math-only -fno-rounding-math -fno-signaling-nans -fcx-limited-range -fexcess-precision=fast -fno-plt -fno-common -fuse-linker-plugin -pipe -g0 -fno-stack-protector -fno-stack-clash-protection -fstack-check=no -fno-stack-check -Wl,-O4,--hash-style=gnu,--sort-common,--as-needed,-z,relro,-z,now,-lgomp,-lpthread -c utf8lite/src/error.c -o utf8lite/src/error.o
x86_64-pc-linux-gnu-gcc -I"/usr/lib64/R/include" -DNDEBUG    -Iutf8lite/src -fpic  -march=native -O3 -fgraphite-identity -floop-nest-optimize -fdevirtualize-at-ltrans -fipa-pta -fno-semantic-interposition -flto=12 -fno-signed-zeros -fno-trapping-math -fassociative-math -freciprocal-math -fno-math-errno -ffinite-math-only -fno-rounding-math -fno-signaling-nans -fcx-limited-range -fexcess-precision=fast -fno-plt -fno-common -fuse-linker-plugin -pipe -g0 -fno-stack-protector -fno-stack-clash-protection -fstack-check=no -fno-stack-check -Wl,-O4,--hash-style=gnu,--sort-common,--as-needed,-z,relro,-z,now,-lgomp,-lpthread -c utf8lite/src/escape.c -o utf8lite/src/escape.o
x86_64-pc-linux-gnu-gcc -I"/usr/lib64/R/include" -DNDEBUG    -Iutf8lite/src -fpic  -march=native -O3 -fgraphite-identity -floop-nest-optimize -fdevirtualize-at-ltrans -fipa-pta -fno-semantic-interposition -flto=12 -fno-signed-zeros -fno-trapping-math -fassociative-math -freciprocal-math -fno-math-errno -ffinite-math-only -fno-rounding-math -fno-signaling-nans -fcx-limited-range -fexcess-precision=fast -fno-plt -fno-common -fuse-linker-plugin -pipe -g0 -fno-stack-protector -fno-stack-clash-protection -fstack-check=no -fno-stack-check -Wl,-O4,--hash-style=gnu,--sort-common,--as-needed,-z,relro,-z,now,-lgomp,-lpthread -c utf8lite/src/graph.c -o utf8lite/src/graph.o
x86_64-pc-linux-gnu-gcc -I"/usr/lib64/R/include" -DNDEBUG    -Iutf8lite/src -fpic  -march=native -O3 -fgraphite-identity -floop-nest-optimize -fdevirtualize-at-ltrans -fipa-pta -fno-semantic-interposition -flto=12 -fno-signed-zeros -fno-trapping-math -fassociative-math -freciprocal-math -fno-math-errno -ffinite-math-only -fno-rounding-math -fno-signaling-nans -fcx-limited-range -fexcess-precision=fast -fno-plt -fno-common -fuse-linker-plugin -pipe -g0 -fno-stack-protector -fno-stack-clash-protection -fstack-check=no -fno-stack-check -Wl,-O4,--hash-style=gnu,--sort-common,--as-needed,-z,relro,-z,now,-lgomp,-lpthread -c utf8lite/src/graphscan.c -o utf8lite/src/graphscan.o
x86_64-pc-linux-gnu-gcc -I"/usr/lib64/R/include" -DNDEBUG    -Iutf8lite/src -fpic  -march=native -O3 -fgraphite-identity -floop-nest-optimize -fdevirtualize-at-ltrans -fipa-pta -fno-semantic-interposition -flto=12 -fno-signed-zeros -fno-trapping-math -fassociative-math -freciprocal-math -fno-math-errno -ffinite-math-only -fno-rounding-math -fno-signaling-nans -fcx-limited-range -fexcess-precision=fast -fno-plt -fno-common -fuse-linker-plugin -pipe -g0 -fno-stack-protector -fno-stack-clash-protection -fstack-check=no -fno-stack-check -Wl,-O4,--hash-style=gnu,--sort-common,--as-needed,-z,relro,-z,now,-lgomp,-lpthread -c utf8lite/src/normalize.c -o utf8lite/src/normalize.o
x86_64-pc-linux-gnu-gcc -I"/usr/lib64/R/include" -DNDEBUG    -Iutf8lite/src -fpic  -march=native -O3 -fgraphite-identity -floop-nest-optimize -fdevirtualize-at-ltrans -fipa-pta -fno-semantic-interposition -flto=12 -fno-signed-zeros -fno-trapping-math -fassociative-math -freciprocal-math -fno-math-errno -ffinite-math-only -fno-rounding-math -fno-signaling-nans -fcx-limited-range -fexcess-precision=fast -fno-plt -fno-common -fuse-linker-plugin -pipe -g0 -fno-stack-protector -fno-stack-clash-protection -fstack-check=no -fno-stack-check -Wl,-O4,--hash-style=gnu,--sort-common,--as-needed,-z,relro,-z,now,-lgomp,-lpthread -c utf8lite/src/render.c -o utf8lite/src/render.o
x86_64-pc-linux-gnu-gcc -I"/usr/lib64/R/include" -DNDEBUG    -Iutf8lite/src -fpic  -march=native -O3 -fgraphite-identity -floop-nest-optimize -fdevirtualize-at-ltrans -fipa-pta -fno-semantic-interposition -flto=12 -fno-signed-zeros -fno-trapping-math -fassociative-math -freciprocal-math -fno-math-errno -ffinite-math-only -fno-rounding-math -fno-signaling-nans -fcx-limited-range -fexcess-precision=fast -fno-plt -fno-common -fuse-linker-plugin -pipe -g0 -fno-stack-protector -fno-stack-clash-protection -fstack-check=no -fno-stack-check -Wl,-O4,--hash-style=gnu,--sort-common,--as-needed,-z,relro,-z,now,-lgomp,-lpthread -c utf8lite/src/text.c -o utf8lite/src/text.o
x86_64-pc-linux-gnu-gcc -I"/usr/lib64/R/include" -DNDEBUG    -Iutf8lite/src -fpic  -march=native -O3 -fgraphite-identity -floop-nest-optimize -fdevirtualize-at-ltrans -fipa-pta -fno-semantic-interposition -flto=12 -fno-signed-zeros -fno-trapping-math -fassociative-math -freciprocal-math -fno-math-errno -ffinite-math-only -fno-rounding-math -fno-signaling-nans -fcx-limited-range -fexcess-precision=fast -fno-plt -fno-common -fuse-linker-plugin -pipe -g0 -fno-stack-protector -fno-stack-clash-protection -fstack-check=no -fno-stack-check -Wl,-O4,--hash-style=gnu,--sort-common,--as-needed,-z,relro,-z,now,-lgomp,-lpthread -c utf8lite/src/textassign.c -o utf8lite/src/textassign.o
x86_64-pc-linux-gnu-gcc -I"/usr/lib64/R/include" -DNDEBUG    -Iutf8lite/src -fpic  -march=native -O3 -fgraphite-identity -floop-nest-optimize -fdevirtualize-at-ltrans -fipa-pta -fno-semantic-interposition -flto=12 -fno-signed-zeros -fno-trapping-math -fassociative-math -freciprocal-math -fno-math-errno -ffinite-math-only -fno-rounding-math -fno-signaling-nans -fcx-limited-range -fexcess-precision=fast -fno-plt -fno-common -fuse-linker-plugin -pipe -g0 -fno-stack-protector -fno-stack-clash-protection -fstack-check=no -fno-stack-check -Wl,-O4,--hash-style=gnu,--sort-common,--as-needed,-z,relro,-z,now,-lgomp,-lpthread -c utf8lite/src/textiter.c -o utf8lite/src/textiter.o
x86_64-pc-linux-gnu-gcc -I"/usr/lib64/R/include" -DNDEBUG    -Iutf8lite/src -fpic  -march=native -O3 -fgraphite-identity -floop-nest-optimize -fdevirtualize-at-ltrans -fipa-pta -fno-semantic-interposition -flto=12 -fno-signed-zeros -fno-trapping-math -fassociative-math -freciprocal-math -fno-math-errno -ffinite-math-only -fno-rounding-math -fno-signaling-nans -fcx-limited-range -fexcess-precision=fast -fno-plt -fno-common -fuse-linker-plugin -pipe -g0 -fno-stack-protector -fno-stack-clash-protection -fstack-check=no -fno-stack-check -Wl,-O4,--hash-style=gnu,--sort-common,--as-needed,-z,relro,-z,now,-lgomp,-lpthread -c utf8lite/src/textmap.c -o utf8lite/src/textmap.o
ar rcs libcutf8lite.a utf8lite/src/array.o utf8lite/src/char.o utf8lite/src/encode.o utf8lite/src/error.o utf8lite/src/escape.o utf8lite/src/graph.o utf8lite/src/graphscan.o utf8lite/src/normalize.o utf8lite/src/render.o utf8lite/src/text.o utf8lite/src/textassign.o utf8lite/src/textiter.o utf8lite/src/textmap.o
x86_64-pc-linux-gnu-gcc -shared -L/usr/lib64/R/lib -Wl,-O4,--hash-style=gnu,--sort-common,--as-needed,-z,relro,-z,now,-lgomp,-lpthread -march=native -O3 -fgraphite-identity -floop-nest-optimize -fdevirtualize-at-ltrans -fipa-pta -fno-semantic-interposition -flto=12 -fno-signed-zeros -fno-trapping-math -fassociative-math -freciprocal-math -fno-math-errno -ffinite-math-only -fno-rounding-math -fno-signaling-nans -fcx-limited-range -fexcess-precision=fast -fno-plt -fno-common -fuse-linker-plugin -pipe -g0 -fno-stack-protector -fno-stack-clash-protection -fstack-check=no -fno-stack-check -o utf8.so as_utf8.o bytes.o context.o init.o render.o render_table.o string.o text.o utf8_encode.o utf8_format.o utf8_normalize.o utf8_valid.o utf8_width.o util.o -L. -lcutf8lite -L/usr/lib64/R/lib -lR
installing to /tmp/portage/sci-CRAN/utf8-1.1.4/work/00LOCK-utf8-1.1.4/00new/utf8/libs
** R
** inst
** byte-compile and prepare package for lazy loading
** help
*** installing help indices
Warning in file.copy(file.path(R.home("doc"), "html", "R.css"), outman) :
  problem copying /usr/share/doc/R-3.6.3-r1/html/R.css to /tmp/portage/sci-CRAN/utf8-1.1.4/work/00LOCK-utf8-1.1.4/00new/utf8/html/R.css: No such file or directory
** building package indices
** installing vignettes
** testing if installed package can be loaded from temporary location
** checking absolute paths in shared objects and dynamic libraries
** testing if installed package can be loaded from final location
** testing if installed package keeps a record of temporary installation path
* DONE (utf8)
>>> Source compiled.
>>> Test phase [not enabled]: sci-CRAN/utf8-1.1.4

>>> Install sci-CRAN/utf8-1.1.4 into /tmp/portage/sci-CRAN/utf8-1.1.4/image/
>>> Completed installing sci-CRAN/utf8-1.1.4 into /tmp/portage/sci-CRAN/utf8-1.1.4/image/

 * Final size of build directory: 4296 KiB (4.1 MiB)
 * Final size of installed tree:   584 KiB

strip: x86_64-pc-linux-gnu-strip --strip-unneeded -N __gentoo_check_ldflags__ -R .comment -R .GCC.command.line -R .note.gnu.gold-version
   /usr/lib64/R/site-library/utf8/libs/utf8.so
./
./usr/
./usr/lib64/
./usr/lib64/R/
./usr/lib64/R/site-library/
./usr/lib64/R/site-library/utf8/
./usr/lib64/R/site-library/utf8/help/
./usr/lib64/R/site-library/utf8/help/utf8.rdb
./usr/lib64/R/site-library/utf8/help/utf8.rdx
./usr/lib64/R/site-library/utf8/help/aliases.rds
./usr/lib64/R/site-library/utf8/help/AnIndex
./usr/lib64/R/site-library/utf8/help/paths.rds
./usr/lib64/R/site-library/utf8/NEWS
./usr/lib64/R/site-library/utf8/Meta/
./usr/lib64/R/site-library/utf8/Meta/Rd.rds
./usr/lib64/R/site-library/utf8/Meta/links.rds
./usr/lib64/R/site-library/utf8/Meta/nsInfo.rds
./usr/lib64/R/site-library/utf8/Meta/vignette.rds
./usr/lib64/R/site-library/utf8/Meta/package.rds
./usr/lib64/R/site-library/utf8/Meta/features.rds
./usr/lib64/R/site-library/utf8/Meta/hsearch.rds
./usr/lib64/R/site-library/utf8/libs/
./usr/lib64/R/site-library/utf8/libs/utf8.so
./usr/lib64/R/site-library/utf8/LICENSE
./usr/lib64/R/site-library/utf8/INDEX
./usr/lib64/R/site-library/utf8/DESCRIPTION
./usr/lib64/R/site-library/utf8/NAMESPACE
./usr/lib64/R/site-library/utf8/R/
./usr/lib64/R/site-library/utf8/R/utf8.rdb
./usr/lib64/R/site-library/utf8/R/utf8.rdx
./usr/lib64/R/site-library/utf8/R/utf8
./usr/lib64/R/site-library/utf8/html/
./usr/lib64/R/site-library/utf8/html/00Index.html
./usr/lib64/R/site-library/utf8/doc/
./usr/lib64/R/site-library/utf8/doc/utf8.Rmd
./usr/lib64/R/site-library/utf8/doc/utf8.html
./usr/lib64/R/site-library/utf8/doc/index.html
>>> Done.
 * checking 25 files for package collisions
>>> Merging sci-CRAN/utf8-1.1.4 to /
 * removing unneeded *.la files
--- /usr/
--- /usr/lib64/
--- /usr/lib64/R/
--- /usr/lib64/R/site-library/
>>> /usr/lib64/R/site-library/utf8/
>>> /usr/lib64/R/site-library/utf8/doc/
>>> /usr/lib64/R/site-library/utf8/doc/index.html
>>> /usr/lib64/R/site-library/utf8/doc/utf8.html
>>> /usr/lib64/R/site-library/utf8/doc/utf8.Rmd
>>> /usr/lib64/R/site-library/utf8/html/
>>> /usr/lib64/R/site-library/utf8/html/00Index.html
>>> /usr/lib64/R/site-library/utf8/R/
>>> /usr/lib64/R/site-library/utf8/R/utf8
>>> /usr/lib64/R/site-library/utf8/R/utf8.rdx
>>> /usr/lib64/R/site-library/utf8/R/utf8.rdb
>>> /usr/lib64/R/site-library/utf8/NAMESPACE
>>> /usr/lib64/R/site-library/utf8/DESCRIPTION
>>> /usr/lib64/R/site-library/utf8/INDEX
>>> /usr/lib64/R/site-library/utf8/LICENSE
>>> /usr/lib64/R/site-library/utf8/libs/
>>> /usr/lib64/R/site-library/utf8/libs/utf8.so
>>> /usr/lib64/R/site-library/utf8/Meta/
>>> /usr/lib64/R/site-library/utf8/Meta/hsearch.rds
>>> /usr/lib64/R/site-library/utf8/Meta/features.rds
>>> /usr/lib64/R/site-library/utf8/Meta/package.rds
>>> /usr/lib64/R/site-library/utf8/Meta/vignette.rds
>>> /usr/lib64/R/site-library/utf8/Meta/nsInfo.rds
>>> /usr/lib64/R/site-library/utf8/Meta/links.rds
>>> /usr/lib64/R/site-library/utf8/Meta/Rd.rds
>>> /usr/lib64/R/site-library/utf8/NEWS
>>> /usr/lib64/R/site-library/utf8/help/
>>> /usr/lib64/R/site-library/utf8/help/paths.rds
>>> /usr/lib64/R/site-library/utf8/help/AnIndex
>>> /usr/lib64/R/site-library/utf8/help/aliases.rds
>>> /usr/lib64/R/site-library/utf8/help/utf8.rdx
>>> /usr/lib64/R/site-library/utf8/help/utf8.rdb
>>> sci-CRAN/utf8-1.1.4 merged.
>>> Regenerating /etc/ld.so.cache...
