 * Package:    sci-CRAN/crayon-1.3.4
 * Repository: R_Overlay
 * USE:        abi_x86_64 amd64 elibc_glibc kernel_linux userland_GNU
 * FEATURES:   ccache network-sandbox preserve-libs sandbox userpriv usersandbox
 * FEATURES='assume-digests binpkg-docompress binpkg-dostrip binpkg-logs binpkg-multi-instance buildpkg ccache cgroup compress-index config-protect-if-modified distlocks downgrade-backup fixlafiles ipc-sandbox merge-sync multilib-strict network-sandbox news nodoc parallel-fetch parallel-install pid-sandbox preserve-libs qa-unresolved-soname-deps sandbox sfperms strict strict-keepdir unknown-features-warn unmerge-backup unmerge-logs unmerge-orphans userfetch userpriv usersandbox usersync xattr'
 * CFLAGS='-march=native -O3 -fgraphite-identity -floop-nest-optimize -fdevirtualize-at-ltrans -fipa-pta -fno-semantic-interposition -flto=12 -fno-signed-zeros -fno-trapping-math -fassociative-math -freciprocal-math -fno-math-errno -ffinite-math-only -fno-rounding-math -fno-signaling-nans -fcx-limited-range -fexcess-precision=fast -fno-plt -fno-common -fuse-linker-plugin -pipe -g0 -fno-stack-protector -fno-stack-clash-protection -fstack-check=no -fno-stack-check -Wl,-O4,--hash-style=gnu,--sort-common,--as-needed,-z,relro,-z,now,-lgomp,-lpthread'
 * CXXFLAGS='-march=native -O3 -fgraphite-identity -floop-nest-optimize -fdevirtualize-at-ltrans -fipa-pta -fno-semantic-interposition -flto=12 -fno-signed-zeros -fno-trapping-math -fassociative-math -freciprocal-math -fno-math-errno -ffinite-math-only -fno-rounding-math -fno-signaling-nans -fcx-limited-range -fexcess-precision=fast -fno-plt -fno-common -fuse-linker-plugin -pipe -g0 -fno-stack-protector -fno-stack-clash-protection -fstack-check=no -fno-stack-check -Wl,-O4,--hash-style=gnu,--sort-common,--as-needed,-z,relro,-z,now,-lgomp,-lpthread'
 * FFLAGS='-march=native -O3 -fgraphite-identity -floop-nest-optimize -fdevirtualize-at-ltrans -fipa-pta -fno-semantic-interposition -flto=12 -fno-signed-zeros -fno-trapping-math -fassociative-math -freciprocal-math -fno-math-errno -ffinite-math-only -fno-rounding-math -fno-signaling-nans -fcx-limited-range -fexcess-precision=fast -fno-plt -fno-common -fuse-linker-plugin -pipe -g0 -fno-stack-protector -fno-stack-clash-protection -fstack-check=no -fno-stack-check -Wl,-O4,--hash-style=gnu,--sort-common,--as-needed,-z,relro,-z,now,-lgomp,-lpthread'
 * FCFLAGS='-march=native -O3 -fgraphite-identity -floop-nest-optimize -fdevirtualize-at-ltrans -fipa-pta -fno-semantic-interposition -flto=12 -fno-signed-zeros -fno-trapping-math -fassociative-math -freciprocal-math -fno-math-errno -ffinite-math-only -fno-rounding-math -fno-signaling-nans -fcx-limited-range -fexcess-precision=fast -fno-plt -fno-common -fuse-linker-plugin -pipe -g0 -fno-stack-protector -fno-stack-clash-protection -fstack-check=no -fno-stack-check -Wl,-O4,--hash-style=gnu,--sort-common,--as-needed,-z,relro,-z,now,-lgomp,-lpthread'
 * F77FLAGS='-march=native -O3 -fgraphite-identity -floop-nest-optimize -fdevirtualize-at-ltrans -fipa-pta -fno-semantic-interposition -flto=12 -fno-signed-zeros -fno-trapping-math -fassociative-math -freciprocal-math -fno-math-errno -ffinite-math-only -fno-rounding-math -fno-signaling-nans -fcx-limited-range -fexcess-precision=fast -fno-plt -fno-common -fuse-linker-plugin -pipe -g0 -fno-stack-protector -fno-stack-clash-protection -fstack-check=no -fno-stack-check -Wl,-O4,--hash-style=gnu,--sort-common,--as-needed,-z,relro,-z,now,-lgomp,-lpthread'
 * LDFLAGS='-Wl,-O4,--hash-style=gnu,--sort-common,--as-needed,-z,relro,-z,now,-lgomp,-lpthread -march=native -O3 -fgraphite-identity -floop-nest-optimize -fdevirtualize-at-ltrans -fipa-pta -fno-semantic-interposition -flto=12 -fno-signed-zeros -fno-trapping-math -fassociative-math -freciprocal-math -fno-math-errno -ffinite-math-only -fno-rounding-math -fno-signaling-nans -fcx-limited-range -fexcess-precision=fast -fno-plt -fno-common -fuse-linker-plugin -pipe -g0 -fno-stack-protector -fno-stack-clash-protection -fstack-check=no -fno-stack-check'
 * MAKEOPTS='-j12'
 * gcc (Gentoo 10.1.0 p1) 10.1.0
 * g++ (Gentoo 10.1.0 p1) 10.1.0
 * GNU ld (Gentoo 9999 p5) 2.34.50.20200520
 * Linux ryzen.gnum.org 5.4.36 #1 SMP Thu Apr 30 04:38:28 UTC 2020 x86_64 AMD Ryzen 5 3600 6-Core Processor AuthenticAMD GNU/Linux
]0;emerge 09:26:22 5|90 crayon (root@ryzen.gnum.org)>>> Unpacking source...
>>> Unpacking crayon_1.3.4.tar.gz to /tmp/portage/sci-CRAN/crayon-1.3.4/work
>>> Source unpacked in /tmp/portage/sci-CRAN/crayon-1.3.4/work
>>> Preparing source in /tmp/portage/sci-CRAN/crayon-1.3.4/work/crayon-1.3.4 ...
>>> Source prepared.
>>> Configuring source in /tmp/portage/sci-CRAN/crayon-1.3.4/work/crayon-1.3.4 ...
>>> Source configured.
>>> Compiling source in /tmp/portage/sci-CRAN/crayon-1.3.4/work/crayon-1.3.4 ...
* installing *source* package ‘crayon’ ...
** package ‘crayon’ successfully unpacked and MD5 sums checked
** using staged installation
** R
** inst
** byte-compile and prepare package for lazy loading
** help
*** installing help indices
Warning in file.copy(file.path(R.home("doc"), "html", "R.css"), outman) :
  problem copying /usr/share/doc/R-3.6.3-r1/html/R.css to /tmp/portage/sci-CRAN/crayon-1.3.4/work/00LOCK-crayon-1.3.4/00new/crayon/html/R.css: No such file or directory
** building package indices
** testing if installed package can be loaded from temporary location
** testing if installed package can be loaded from final location
** testing if installed package keeps a record of temporary installation path
* DONE (crayon)
>>> Source compiled.
>>> Test phase [not enabled]: sci-CRAN/crayon-1.3.4

>>> Install sci-CRAN/crayon-1.3.4 into /tmp/portage/sci-CRAN/crayon-1.3.4/image/
>>> Completed installing sci-CRAN/crayon-1.3.4 into /tmp/portage/sci-CRAN/crayon-1.3.4/image/

 * Final size of build directory: 1736 KiB (1.6 MiB)
 * Final size of installed tree:   864 KiB

./
./usr/
./usr/lib64/
./usr/lib64/R/
./usr/lib64/R/site-library/
./usr/lib64/R/site-library/crayon/
./usr/lib64/R/site-library/crayon/ANSI-256-OSX.png
./usr/lib64/R/site-library/crayon/logo.png
./usr/lib64/R/site-library/crayon/help/
./usr/lib64/R/site-library/crayon/help/crayon.rdb
./usr/lib64/R/site-library/crayon/help/crayon.rdx
./usr/lib64/R/site-library/crayon/help/aliases.rds
./usr/lib64/R/site-library/crayon/help/AnIndex
./usr/lib64/R/site-library/crayon/help/paths.rds
./usr/lib64/R/site-library/crayon/NEWS.md
./usr/lib64/R/site-library/crayon/Meta/
./usr/lib64/R/site-library/crayon/Meta/Rd.rds
./usr/lib64/R/site-library/crayon/Meta/links.rds
./usr/lib64/R/site-library/crayon/Meta/nsInfo.rds
./usr/lib64/R/site-library/crayon/Meta/package.rds
./usr/lib64/R/site-library/crayon/Meta/features.rds
./usr/lib64/R/site-library/crayon/Meta/hsearch.rds
./usr/lib64/R/site-library/crayon/LICENSE
./usr/lib64/R/site-library/crayon/README.markdown
./usr/lib64/R/site-library/crayon/INDEX
./usr/lib64/R/site-library/crayon/DESCRIPTION
./usr/lib64/R/site-library/crayon/NAMESPACE
./usr/lib64/R/site-library/crayon/R/
./usr/lib64/R/site-library/crayon/R/crayon.rdb
./usr/lib64/R/site-library/crayon/R/crayon
./usr/lib64/R/site-library/crayon/R/crayon.rdx
./usr/lib64/R/site-library/crayon/ANSI-8-OSX.png
./usr/lib64/R/site-library/crayon/html/
./usr/lib64/R/site-library/crayon/html/00Index.html
./usr/lib64/R/site-library/crayon/logo.svg.gz
>>> Done.
 * checking 25 files for package collisions
>>> Merging sci-CRAN/crayon-1.3.4 to /
 * removing unneeded *.la files
--- /usr/
--- /usr/lib64/
--- /usr/lib64/R/
--- /usr/lib64/R/site-library/
>>> /usr/lib64/R/site-library/crayon/
>>> /usr/lib64/R/site-library/crayon/logo.svg.gz
>>> /usr/lib64/R/site-library/crayon/html/
>>> /usr/lib64/R/site-library/crayon/html/00Index.html
>>> /usr/lib64/R/site-library/crayon/ANSI-8-OSX.png
>>> /usr/lib64/R/site-library/crayon/R/
>>> /usr/lib64/R/site-library/crayon/R/crayon.rdx
>>> /usr/lib64/R/site-library/crayon/R/crayon
>>> /usr/lib64/R/site-library/crayon/R/crayon.rdb
>>> /usr/lib64/R/site-library/crayon/NAMESPACE
>>> /usr/lib64/R/site-library/crayon/DESCRIPTION
>>> /usr/lib64/R/site-library/crayon/INDEX
>>> /usr/lib64/R/site-library/crayon/README.markdown
>>> /usr/lib64/R/site-library/crayon/LICENSE
>>> /usr/lib64/R/site-library/crayon/Meta/
>>> /usr/lib64/R/site-library/crayon/Meta/hsearch.rds
>>> /usr/lib64/R/site-library/crayon/Meta/features.rds
>>> /usr/lib64/R/site-library/crayon/Meta/package.rds
>>> /usr/lib64/R/site-library/crayon/Meta/nsInfo.rds
>>> /usr/lib64/R/site-library/crayon/Meta/links.rds
>>> /usr/lib64/R/site-library/crayon/Meta/Rd.rds
>>> /usr/lib64/R/site-library/crayon/NEWS.md
>>> /usr/lib64/R/site-library/crayon/help/
>>> /usr/lib64/R/site-library/crayon/help/paths.rds
>>> /usr/lib64/R/site-library/crayon/help/AnIndex
>>> /usr/lib64/R/site-library/crayon/help/aliases.rds
>>> /usr/lib64/R/site-library/crayon/help/crayon.rdx
>>> /usr/lib64/R/site-library/crayon/help/crayon.rdb
>>> /usr/lib64/R/site-library/crayon/logo.png
>>> /usr/lib64/R/site-library/crayon/ANSI-256-OSX.png
>>> sci-CRAN/crayon-1.3.4 merged.
>>> Regenerating /etc/ld.so.cache...
