>>> Extracting info
 * Package:    sys-auth/pambase-20200304
 * Repository: gentoo
 * USE:        abi_x86_64 userland_GNU caps amd64 cracklib nullok systemd kernel_linux elibc_glibc sha512
 * FEATURES:   network-sandbox preserve-libs sandbox userpriv usersandbox
 * FEATURES='assume-digests binpkg-docompress binpkg-dostrip binpkg-logs binpkg-multi-instance buildpkg cgroup compress-index config-protect-if-modified distlocks downgrade-backup fixlafiles ipc-sandbox merge-sync multilib-strict network-sandbox news nodoc parallel-fetch parallel-install pid-sandbox preserve-libs qa-unresolved-soname-deps sandbox sfperms strict strict-keepdir unknown-features-warn unmerge-backup unmerge-logs unmerge-orphans userfetch userpriv usersandbox usersync xattr'
 * CFLAGS='-march=native -O3 -fgraphite-identity -floop-nest-optimize -fdevirtualize-at-ltrans -fipa-pta -fno-semantic-interposition -flto=12 -fno-plt -fno-math-errno -fno-trapping-math -fuse-linker-plugin -pipe -g0 -falign-functions=32 -Wl,-O1 -Wl,--as-needed -Wl,--hash-style=gnu,-z,norelro,--as-needed'
 * CXXFLAGS='-march=native -O3 -fgraphite-identity -floop-nest-optimize -fdevirtualize-at-ltrans -fipa-pta -fno-semantic-interposition -flto=12 -fno-plt -fno-math-errno -fno-trapping-math -fuse-linker-plugin -pipe -g0 -falign-functions=32 -Wl,-O1 -Wl,--as-needed -Wl,--hash-style=gnu,-z,norelro,--as-needed'
 * FFLAGS='-march=native -O3 -fgraphite-identity -floop-nest-optimize -fdevirtualize-at-ltrans -fipa-pta -fno-semantic-interposition -flto=12 -fno-plt -fno-math-errno -fno-trapping-math -fuse-linker-plugin -pipe -g0 -falign-functions=32 -Wl,-O1 -Wl,--as-needed -Wl,--hash-style=gnu,-z,norelro,--as-needed'
 * FCFLAGS='-march=native -O3 -fgraphite-identity -floop-nest-optimize -fdevirtualize-at-ltrans -fipa-pta -fno-semantic-interposition -flto=12 -fno-plt -fno-math-errno -fno-trapping-math -fuse-linker-plugin -pipe -g0 -falign-functions=32 -Wl,-O1 -Wl,--as-needed -Wl,--hash-style=gnu,-z,norelro,--as-needed'
 * F77FLAGS='-march=native -O3 -fgraphite-identity -floop-nest-optimize -fdevirtualize-at-ltrans -fipa-pta -fno-semantic-interposition -flto=12 -fno-plt -fno-math-errno -fno-trapping-math -fuse-linker-plugin -pipe -g0 -falign-functions=32 -Wl,-O1 -Wl,--as-needed -Wl,--hash-style=gnu,-z,norelro,--as-needed'
 * LDFLAGS='-Wl,-O1 -Wl,--as-needed -Wl,--hash-style=gnu,-z,norelro,--as-needed -march=native -O3 -fgraphite-identity -floop-nest-optimize -fdevirtualize-at-ltrans -fipa-pta -fno-semantic-interposition -flto=12 -fno-plt -fno-math-errno -fno-trapping-math -fuse-linker-plugin -pipe -g0 -falign-functions=32'
 * MAKEOPTS='-j12 -l12'
 * gcc () 11.0.0 20200526 (experimental)
 * g++ () 11.0.0 20200526 (experimental)
 * GNU ld (Gentoo 2.34 p4) 2.34.0
 * Linux ryzen.gnum.org 5.4.36 #1 SMP Thu Apr 30 04:38:28 UTC 2020 x86_64 AMD Ryzen 5 3600 6-Core Processor AuthenticAMD GNU/Linux
sys-auth/pambase: 7 seconds average for 7 merges
2020-05-15T07:22:48 >>> sys-auth/pambase: 6 seconds
2020-05-20T01:26:22 >>> sys-auth/pambase: 4 seconds
2020-05-21T12:58:51 >>> sys-auth/pambase: 5 seconds
2020-05-22T00:36:20 >>> sys-auth/pambase: 10 seconds
2020-05-22T13:33:08 >>> sys-auth/pambase: 10 seconds
2020-05-26T04:00:33 >>> sys-auth/pambase: 10 seconds
2020-05-26T14:33:17 >>> sys-auth/pambase: 6 seconds
]0;emerge 02:10:53 447|647 pambase 00:09 (root@ryzen.gnum.org)kemerge 02:10:53 447|647 pambase 00:09 (root@ryzen.gnum.org)\>>> Extracting sys-auth/pambase-20200304
 * checking 9 files for package collisions
>>> Merging sys-auth/pambase-20200304 to /
 * removing unneeded *.la files
--- /etc/
--- /etc/pam.d/
>>> /etc/pam.d/su
>>> /etc/pam.d/system-auth
>>> /etc/pam.d/passwd
>>> /etc/pam.d/system-local-login
>>> /etc/pam.d/other
>>> /etc/pam.d/system-services
>>> /etc/pam.d/system-remote-login
>>> /etc/pam.d/login
>>> /etc/pam.d/system-login
>>> Safely unmerging already-installed instance...
>>> Original instance of package unmerged safely.
>>> sys-auth/pambase-20200304 merged.
