>>> Extracting info
[32;01m * [39;49;00mPackage:    sys-apps/keyutils-1.6.1
[32;01m * [39;49;00mRepository: gentoo
[32;01m * [39;49;00mUSE:        split-usr userland_GNU abi_x86_64 elibc_glibc kernel_linux amd64
[32;01m * [39;49;00mFEATURES:   ccache network-sandbox preserve-libs sandbox userpriv usersandbox
 [32;01m*[0m FEATURES='downgrade-backup unmerge-orphans usersync distlocks binpkg-dostrip strict-keepdir binpkg-logs assume-digests buildpkg news fixlafiles cgroup binpkg-docompress preserve-libs ipc-sandbox userfetch binpkg-multi-instance sandbox parallel-fetch nodoc compress-index xattr unmerge-backup usersandbox multilib-strict pid-sandbox config-protect-if-modified strict userpriv sfperms unknown-features-warn unmerge-logs qa-unresolved-soname-deps parallel-install network-sandbox merge-sync ccache'
 [32;01m*[0m CFLAGS='-march=native -O3 -fdevirtualize-at-ltrans -fipa-pta -fno-semantic-interposition -fno-signed-zeros -fno-trapping-math -fassociative-math -freciprocal-math -fno-math-errno -ffinite-math-only -fno-rounding-math -fno-signaling-nans -fcx-limited-range -fexcess-precision=fast -fno-plt -fno-common -pipe -g0 -fno-stack-protector -fno-stack-clash-protection -fstack-check=no -fno-stack-check -Wl,-O1 -Wl,--as-needed -Wl,--defsym=__gentoo_check_ldflags__=0 -Wl,--hash-style=gnu -Wl,-z,norelro'
 [32;01m*[0m CXXFLAGS='-march=native -O3 -fdevirtualize-at-ltrans -fipa-pta -fno-semantic-interposition -fno-signed-zeros -fno-trapping-math -fassociative-math -freciprocal-math -fno-math-errno -ffinite-math-only -fno-rounding-math -fno-signaling-nans -fcx-limited-range -fexcess-precision=fast -fno-plt -fno-common -pipe -g0 -fno-stack-protector -fno-stack-clash-protection -fstack-check=no -fno-stack-check -Wl,-O1 -Wl,--as-needed -Wl,--defsym=__gentoo_check_ldflags__=0 -Wl,--hash-style=gnu -Wl,-z,norelro'
 [32;01m*[0m FFLAGS='-march=native -O3 -fdevirtualize-at-ltrans -fipa-pta -fno-semantic-interposition -fno-signed-zeros -fno-trapping-math -fassociative-math -freciprocal-math -fno-math-errno -ffinite-math-only -fno-rounding-math -fno-signaling-nans -fcx-limited-range -fexcess-precision=fast -fno-plt -fno-common -pipe -g0 -fno-stack-protector -fno-stack-clash-protection -fstack-check=no -fno-stack-check -Wl,-O1 -Wl,--as-needed -Wl,--defsym=__gentoo_check_ldflags__=0 -Wl,--hash-style=gnu -Wl,-z,norelro'
 [32;01m*[0m FCFLAGS='-march=native -O3 -fdevirtualize-at-ltrans -fipa-pta -fno-semantic-interposition -fno-signed-zeros -fno-trapping-math -fassociative-math -freciprocal-math -fno-math-errno -ffinite-math-only -fno-rounding-math -fno-signaling-nans -fcx-limited-range -fexcess-precision=fast -fno-plt -fno-common -pipe -g0 -fno-stack-protector -fno-stack-clash-protection -fstack-check=no -fno-stack-check -Wl,-O1 -Wl,--as-needed -Wl,--defsym=__gentoo_check_ldflags__=0 -Wl,--hash-style=gnu -Wl,-z,norelro'
 [32;01m*[0m F77FLAGS='-march=native -O3 -fdevirtualize-at-ltrans -fipa-pta -fno-semantic-interposition -fno-signed-zeros -fno-trapping-math -fassociative-math -freciprocal-math -fno-math-errno -ffinite-math-only -fno-rounding-math -fno-signaling-nans -fcx-limited-range -fexcess-precision=fast -fno-plt -fno-common -pipe -g0 -fno-stack-protector -fno-stack-clash-protection -fstack-check=no -fno-stack-check -Wl,-O1 -Wl,--as-needed -Wl,--defsym=__gentoo_check_ldflags__=0 -Wl,--hash-style=gnu -Wl,-z,norelro'
 [32;01m*[0m LDFLAGS='-Wl,-O1 -Wl,--as-needed -Wl,--defsym=__gentoo_check_ldflags__=0 -Wl,--hash-style=gnu -Wl,-z,norelro'
 [32;01m*[0m MAKEOPTS='-j12'
 [32;01m*[0m x86_64-pc-linux-gnu-gcc (Gentoo 10.1.0 p1) 10.1.0
 [32;01m*[0m g++ (Gentoo 10.1.0 p1) 10.1.0
 [32;01m*[0m GNU ld (Gentoo 9999 p5) 2.34.50.20200520
 [32;01m*[0m Linux ryzen.gnum.org 5.4.36 #1 SMP Thu Apr 30 04:38:28 UTC 2020 x86_64 AMD Ryzen 5 3600 6-Core Processor AuthenticAMD GNU/Linux
[00;01msys-apps/[00;00m[36;01mkeyutils[00;00m: [32;01m6[00;00m seconds average for [32;01m2[00;00m merges
2020-05-16T15:27:08 >>> [00;01msys-apps/[00;00m[36;01mkeyutils[00;00m: [32;01m9[00;00m seconds
2020-05-20T07:34:05 >>> [00;01msys-apps/[00;00m[36;01mkeyutils[00;00m: [32;01m4[00;00m seconds
]0;emerge 06:05:36 172|1170 keyutils 00:07 (root@ryzen.gnum.org) [32;01m*[0m Checking for suitable kernel configuration options...
[A[263C [34;01m[ [32;01mok[34;01m ][0m
>>> Extracting sys-apps/keyutils-1.6.1
 [32;01m*[39;49;00m checking 57 files for package collisions
>>> Merging sys-apps/keyutils-1.6.1 to /
 [32;01m*[0m removing unneeded *.la files
--- /etc/
--- /etc/request-key.d/
>>> /etc/request-key.conf
--- /lib64/
>>> /lib64/libkeyutils.so.1 -> libkeyutils.so.1.9
>>> /lib64/libkeyutils.so.1.9
--- /usr/
--- /usr/lib64/
--- /usr/lib64/pkgconfig/
>>> /usr/lib64/pkgconfig/libkeyutils.pc
>>> /usr/lib64/libkeyutils.so
--- /usr/share/
--- /usr/share/keyutils/
>>> /usr/share/keyutils/request-key-debug.sh
--- /usr/share/man/
--- /usr/share/man/man3/
>>> /usr/share/man/man3/keyctl_restrict_keyring.3.bz2
>>> /usr/share/man/man3/keyctl_get_persistent.3.bz2
>>> /usr/share/man/man3/keyctl_set_timeout.3.bz2
>>> /usr/share/man/man3/keyctl_get_keyring_ID.3.bz2
>>> /usr/share/man/man3/keyctl_chown.3.bz2
>>> /usr/share/man/man3/keyctl_clear.3.bz2
>>> /usr/share/man/man3/recursive_key_scan.3.bz2
>>> /usr/share/man/man3/keyctl_assume_authority.3.bz2 -> keyctl_instantiate.3.bz2
>>> /usr/share/man/man3/keyctl_instantiate.3.bz2
>>> /usr/share/man/man3/keyctl_instantiate_iov.3.bz2 -> keyctl_instantiate.3.bz2
>>> /usr/share/man/man3/find_key_by_type_and_name.3.bz2
>>> /usr/share/man/man3/keyctl_update.3.bz2
>>> /usr/share/man/man3/keyctl_invalidate.3.bz2
>>> /usr/share/man/man3/keyctl_get_security_alloc.3.bz2 -> keyctl_get_security.3.bz2
>>> /usr/share/man/man3/keyctl_pkey_encrypt.3.bz2
>>> /usr/share/man/man3/keyctl_pkey_query.3.bz2
>>> /usr/share/man/man3/keyctl_dh_compute_alloc.3.bz2 -> keyctl_dh_compute.3.bz2
>>> /usr/share/man/man3/keyctl_revoke.3.bz2
>>> /usr/share/man/man3/keyctl_setperm.3.bz2
>>> /usr/share/man/man3/keyctl_negate.3.bz2 -> keyctl_instantiate.3.bz2
>>> /usr/share/man/man3/keyctl_dh_compute.3.bz2
>>> /usr/share/man/man3/keyctl_read.3.bz2
>>> /usr/share/man/man3/keyctl_link.3.bz2
>>> /usr/share/man/man3/keyctl_session_to_parent.3.bz2
>>> /usr/share/man/man3/keyctl_search.3.bz2
>>> /usr/share/man/man3/keyctl_move.3.bz2
>>> /usr/share/man/man3/keyctl_describe_alloc.3.bz2 -> keyctl_describe.3.bz2
>>> /usr/share/man/man3/keyctl_get_security.3.bz2
>>> /usr/share/man/man3/keyctl_capabilities.3.bz2
>>> /usr/share/man/man3/recursive_session_key_scan.3.bz2 -> recursive_key_scan.3.bz2
>>> /usr/share/man/man3/keyctl_pkey_decrypt.3
>>> /usr/share/man/man3/keyctl.3.bz2
>>> /usr/share/man/man3/keyctl_unlink.3.bz2 -> keyctl_link.3.bz2
>>> /usr/share/man/man3/keyctl_dh_compute_kdf.3.bz2 -> keyctl_dh_compute.3.bz2
>>> /usr/share/man/man3/keyctl_join_session_keyring.3.bz2
>>> /usr/share/man/man3/keyctl_set_reqkey_keyring.3.bz2
>>> /usr/share/man/man3/keyctl_reject.3.bz2 -> keyctl_instantiate.3.bz2
>>> /usr/share/man/man3/keyctl_pkey_sign.3.bz2
>>> /usr/share/man/man3/keyctl_pkey_verify.3
>>> /usr/share/man/man3/keyctl_describe.3.bz2
>>> /usr/share/man/man3/keyctl_read_alloc.3.bz2 -> keyctl_read.3.bz2
--- /usr/share/man/man7/
>>> /usr/share/man/man7/asymmetric-key.7.bz2
>>> /usr/share/man/man7/keyutils.7.bz2
--- /usr/share/man/man8/
>>> /usr/share/man/man8/key.dns_resolver.8.bz2
>>> /usr/share/man/man8/request-key.8.bz2
--- /usr/share/man/man5/
>>> /usr/share/man/man5/request-key.conf.5.bz2
--- /usr/share/man/man1/
>>> /usr/share/man/man1/keyctl.1.bz2
--- /usr/include/
>>> /usr/include/keyutils.h
--- /sbin/
>>> /sbin/key.dns_resolver
>>> /sbin/request-key
--- /bin/
>>> /bin/keyctl
>>> Safely unmerging already-installed instance...
No package files given... Grabbing a set.
--- replaced obj /usr/share/man/man8/request-key.8.bz2
--- replaced obj /usr/share/man/man8/key.dns_resolver.8.bz2
--- replaced dir /usr/share/man/man8
--- replaced obj /usr/share/man/man7/keyutils.7.bz2
--- replaced obj /usr/share/man/man7/asymmetric-key.7.bz2
--- replaced dir /usr/share/man/man7
--- replaced obj /usr/share/man/man5/request-key.conf.5.bz2
--- replaced dir /usr/share/man/man5
--- replaced sym /usr/share/man/man3/recursive_session_key_scan.3.bz2
--- replaced obj /usr/share/man/man3/recursive_key_scan.3.bz2
--- replaced obj /usr/share/man/man3/keyctl_update.3.bz2
--- replaced sym /usr/share/man/man3/keyctl_unlink.3.bz2
--- replaced obj /usr/share/man/man3/keyctl_setperm.3.bz2
--- replaced obj /usr/share/man/man3/keyctl_set_timeout.3.bz2
--- replaced obj /usr/share/man/man3/keyctl_set_reqkey_keyring.3.bz2
--- replaced obj /usr/share/man/man3/keyctl_session_to_parent.3.bz2
--- replaced obj /usr/share/man/man3/keyctl_search.3.bz2
--- replaced obj /usr/share/man/man3/keyctl_revoke.3.bz2
--- replaced obj /usr/share/man/man3/keyctl_restrict_keyring.3.bz2
--- replaced sym /usr/share/man/man3/keyctl_reject.3.bz2
--- replaced sym /usr/share/man/man3/keyctl_read_alloc.3.bz2
--- replaced obj /usr/share/man/man3/keyctl_read.3.bz2
--- replaced obj /usr/share/man/man3/keyctl_pkey_verify.3
--- replaced obj /usr/share/man/man3/keyctl_pkey_sign.3.bz2
--- replaced obj /usr/share/man/man3/keyctl_pkey_query.3.bz2
--- replaced obj /usr/share/man/man3/keyctl_pkey_encrypt.3.bz2
--- replaced obj /usr/share/man/man3/keyctl_pkey_decrypt.3
--- replaced sym /usr/share/man/man3/keyctl_negate.3.bz2
--- replaced obj /usr/share/man/man3/keyctl_move.3.bz2
--- replaced obj /usr/share/man/man3/keyctl_link.3.bz2
--- replaced obj /usr/share/man/man3/keyctl_join_session_keyring.3.bz2
--- replaced obj /usr/share/man/man3/keyctl_invalidate.3.bz2
--- replaced sym /usr/share/man/man3/keyctl_instantiate_iov.3.bz2
--- replaced obj /usr/share/man/man3/keyctl_instantiate.3.bz2
--- replaced sym /usr/share/man/man3/keyctl_get_security_alloc.3.bz2
--- replaced obj /usr/share/man/man3/keyctl_get_security.3.bz2
--- replaced obj /usr/share/man/man3/keyctl_get_persistent.3.bz2
--- replaced obj /usr/share/man/man3/keyctl_get_keyring_ID.3.bz2
--- replaced sym /usr/share/man/man3/keyctl_dh_compute_kdf.3.bz2
--- replaced sym /usr/share/man/man3/keyctl_dh_compute_alloc.3.bz2
--- replaced obj /usr/share/man/man3/keyctl_dh_compute.3.bz2
--- replaced sym /usr/share/man/man3/keyctl_describe_alloc.3.bz2
--- replaced obj /usr/share/man/man3/keyctl_describe.3.bz2
--- replaced obj /usr/share/man/man3/keyctl_clear.3.bz2
--- replaced obj /usr/share/man/man3/keyctl_chown.3.bz2
--- replaced obj /usr/share/man/man3/keyctl_capabilities.3.bz2
--- replaced sym /usr/share/man/man3/keyctl_assume_authority.3.bz2
--- replaced obj /usr/share/man/man3/keyctl.3.bz2
--- replaced obj /usr/share/man/man3/find_key_by_type_and_name.3.bz2
--- replaced dir /usr/share/man/man3
--- replaced obj /usr/share/man/man1/keyctl.1.bz2
--- replaced dir /usr/share/man/man1
--- replaced dir /usr/share/man
--- replaced obj /usr/share/keyutils/request-key-debug.sh
--- replaced dir /usr/share/keyutils
--- replaced dir /usr/share
--- replaced obj /usr/lib64/pkgconfig/libkeyutils.pc
--- replaced dir /usr/lib64/pkgconfig
--- replaced obj /usr/lib64/libkeyutils.so
--- replaced dir /usr/lib64
--- replaced obj /usr/include/keyutils.h
--- replaced dir /usr/include
--- replaced dir /usr
--- replaced obj /sbin/request-key
--- replaced obj /sbin/key.dns_resolver
--- replaced dir /sbin
--- replaced obj /lib64/libkeyutils.so.1.9
--- replaced sym /lib64/libkeyutils.so.1
--- replaced dir /lib64
--- replaced dir /etc/request-key.d
--- replaced obj /etc/request-key.conf
--- replaced dir /etc
--- replaced obj /bin/keyctl
--- replaced dir /bin
>>> Regenerating /etc/ld.so.cache...
>>> Original instance of package unmerged safely.
>>> sys-apps/keyutils-1.6.1 merged.
>>> Regenerating /etc/ld.so.cache...
