>>> Extracting info
 * Package:    sys-fs/lvm2-2.02.187-r2
 * Repository: gentoo
 * USE:        amd64 systemd abi_x86_64 kernel_linux thin udev userland_GNU readline elibc_glibc
 * FEATURES:   ccache network-sandbox preserve-libs sandbox userpriv usersandbox
 * FEATURES='assume-digests binpkg-docompress binpkg-dostrip binpkg-logs binpkg-multi-instance buildpkg ccache cgroup compress-index config-protect-if-modified distlocks downgrade-backup fixlafiles ipc-sandbox merge-sync multilib-strict network-sandbox news nodoc parallel-fetch parallel-install pid-sandbox preserve-libs qa-unresolved-soname-deps sandbox sfperms strict unknown-features-warn unmerge-backup unmerge-logs unmerge-orphans userfetch userpriv usersandbox usersync xattr'
 * CFLAGS='-march=native -O3 -fgraphite-identity -floop-nest-optimize -fdevirtualize-at-ltrans -fipa-pta -fno-semantic-interposition -flto=12 -fno-signed-zeros -fno-trapping-math -fassociative-math -freciprocal-math -fno-math-errno -ffinite-math-only -fno-rounding-math -fno-signaling-nans -fcx-limited-range -fexcess-precision=fast -fno-plt -fno-common -fuse-linker-plugin -pipe -g0 -fno-stack-protector -fno-stack-clash-protection -fstack-check=no -fno-stack-check -Wl,-O4,--hash-style=gnu,--sort-common,--as-needed,-z,relro,-z,now,-lgomp,-lpthread'
 * CXXFLAGS='-march=native -O3 -fgraphite-identity -floop-nest-optimize -fdevirtualize-at-ltrans -fipa-pta -fno-semantic-interposition -flto=12 -fno-signed-zeros -fno-trapping-math -fassociative-math -freciprocal-math -fno-math-errno -ffinite-math-only -fno-rounding-math -fno-signaling-nans -fcx-limited-range -fexcess-precision=fast -fno-plt -fno-common -fuse-linker-plugin -pipe -g0 -fno-stack-protector -fno-stack-clash-protection -fstack-check=no -fno-stack-check -Wl,-O4,--hash-style=gnu,--sort-common,--as-needed,-z,relro,-z,now,-lgomp,-lpthread'
 * FFLAGS='-march=native -O3 -fgraphite-identity -floop-nest-optimize -fdevirtualize-at-ltrans -fipa-pta -fno-semantic-interposition -flto=12 -fno-signed-zeros -fno-trapping-math -fassociative-math -freciprocal-math -fno-math-errno -ffinite-math-only -fno-rounding-math -fno-signaling-nans -fcx-limited-range -fexcess-precision=fast -fno-plt -fno-common -fuse-linker-plugin -pipe -g0 -fno-stack-protector -fno-stack-clash-protection -fstack-check=no -fno-stack-check -Wl,-O4,--hash-style=gnu,--sort-common,--as-needed,-z,relro,-z,now,-lgomp,-lpthread'
 * FCFLAGS='-march=native -O3 -fgraphite-identity -floop-nest-optimize -fdevirtualize-at-ltrans -fipa-pta -fno-semantic-interposition -flto=12 -fno-signed-zeros -fno-trapping-math -fassociative-math -freciprocal-math -fno-math-errno -ffinite-math-only -fno-rounding-math -fno-signaling-nans -fcx-limited-range -fexcess-precision=fast -fno-plt -fno-common -fuse-linker-plugin -pipe -g0 -fno-stack-protector -fno-stack-clash-protection -fstack-check=no -fno-stack-check -Wl,-O4,--hash-style=gnu,--sort-common,--as-needed,-z,relro,-z,now,-lgomp,-lpthread'
 * F77FLAGS='-march=native -O3 -fgraphite-identity -floop-nest-optimize -fdevirtualize-at-ltrans -fipa-pta -fno-semantic-interposition -flto=12 -fno-signed-zeros -fno-trapping-math -fassociative-math -freciprocal-math -fno-math-errno -ffinite-math-only -fno-rounding-math -fno-signaling-nans -fcx-limited-range -fexcess-precision=fast -fno-plt -fno-common -fuse-linker-plugin -pipe -g0 -fno-stack-protector -fno-stack-clash-protection -fstack-check=no -fno-stack-check -Wl,-O4,--hash-style=gnu,--sort-common,--as-needed,-z,relro,-z,now,-lgomp,-lpthread'
 * LDFLAGS='-Wl,-O4,--hash-style=gnu,--sort-common,--as-needed,-z,relro,-z,now,-lgomp,-lpthread -march=native -O3 -fgraphite-identity -floop-nest-optimize -fdevirtualize-at-ltrans -fipa-pta -fno-semantic-interposition -flto=12 -fno-signed-zeros -fno-trapping-math -fassociative-math -freciprocal-math -fno-math-errno -ffinite-math-only -fno-rounding-math -fno-signaling-nans -fcx-limited-range -fexcess-precision=fast -fno-plt -fno-common -fuse-linker-plugin -pipe -g0 -fno-stack-protector -fno-stack-clash-protection -fstack-check=no -fno-stack-check'
 * MAKEOPTS='-j12'
 * gcc (Gentoo 10.1.0 p1) 10.1.0
 * g++ (Gentoo 10.1.0 p1) 10.1.0
 * GNU ld (Gentoo 2.34 p1) 2.34.0
 * Linux ryzen.gnum.org 5.4.36 #1 SMP Thu Apr 30 04:38:28 UTC 2020 x86_64 AMD Ryzen 5 3600 6-Core Processor AuthenticAMD GNU/Linux
sys-fs/lvm2: 1 minute, 29 seconds average for 1 merge
2020-05-19T23:59:33 >>> sys-fs/lvm2: 1 minute, 29 seconds
]0;emerge 01:36:06 82|371 lvm2 01:29 (root@ryzen.gnum.org) * Checking for suitable kernel configuration options...
 [ ok ]
>>> Extracting sys-fs/lvm2-2.02.187-r2
 * checking 180 files for package collisions
>>> Merging sys-fs/lvm2-2.02.187-r2 to /
 * removing unneeded *.la files
--- /etc/
--- /etc/lvm/
>>> /etc/lvm/lvmlocal.conf
--- /etc/lvm/profile/
>>> /etc/lvm/profile/lvmdbusd.profile
>>> /etc/lvm/profile/cache-smq.profile
>>> /etc/lvm/profile/thin-performance.profile
>>> /etc/lvm/profile/metadata_profile_template.profile
>>> /etc/lvm/profile/thin-generic.profile
>>> /etc/lvm/profile/cache-mq.profile
>>> /etc/lvm/profile/command_profile_template.profile
>>> /etc/lvm/lvm.conf
--- /etc/conf.d/
>>> /etc/conf.d/lvm
>>> /etc/conf.d/device-mapper
--- /etc/init.d/
>>> /etc/init.d/dmeventd
>>> /etc/init.d/lvm
>>> /etc/init.d/lvmpolld
>>> /etc/init.d/lvmetad
>>> /etc/init.d/device-mapper
>>> /etc/init.d/lvm-monitoring
>>> /etc/dmtab
--- /lib64/
>>> /lib64/libdevmapper-event-lvm2thin.so -> device-mapper/libdevmapper-event-lvm2thin.so
>>> /lib64/libdevmapper-event-lvm2.so.2.02
>>> /lib64/libdevmapper-event-lvm2raid.so -> device-mapper/libdevmapper-event-lvm2raid.so
>>> /lib64/liblvm2cmd.so.2.02
>>> /lib64/libdevmapper-event-lvm2mirror.so -> device-mapper/libdevmapper-event-lvm2mirror.so
>>> /lib64/libdevmapper-event-lvm2snapshot.so -> device-mapper/libdevmapper-event-lvm2snapshot.so
>>> /lib64/libdevmapper-event-lvm2vdo.so -> device-mapper/libdevmapper-event-lvm2vdo.so
>>> /lib64/liblvm2app.so.2.2
>>> /lib64/libdevmapper-event.so.1.02
>>> /lib64/libdevmapper.so.1.02
--- /lib64/device-mapper/
>>> /lib64/device-mapper/libdevmapper-event-lvm2thin.so
>>> /lib64/device-mapper/libdevmapper-event-lvm2raid.so
>>> /lib64/device-mapper/libdevmapper-event-lvm2mirror.so
>>> /lib64/device-mapper/libdevmapper-event-lvm2snapshot.so
>>> /lib64/device-mapper/libdevmapper-event-lvm2vdo.so
--- /usr/
--- /usr/lib64/
>>> /usr/lib64/liblvm2app.so -> ../../lib64/liblvm2app.so.2.2
--- /usr/lib64/pkgconfig/
>>> /usr/lib64/pkgconfig/devmapper-event.pc
>>> /usr/lib64/pkgconfig/lvm2app.pc
>>> /usr/lib64/pkgconfig/devmapper.pc
>>> /usr/lib64/liblvm2cmd.so -> ../../lib64/liblvm2cmd.so.2.02
>>> /usr/lib64/libdevmapper-event.so -> ../../lib64/libdevmapper-event.so.1.02
>>> /usr/lib64/libdevmapper.so -> ../../lib64/libdevmapper.so.1.02
>>> /usr/lib64/libdevmapper-event-lvm2.so -> ../../lib64/libdevmapper-event-lvm2.so.2.02
--- /usr/share/
--- /usr/share/man/
--- /usr/share/man/man7/
>>> /usr/share/man/man7/lvmthin.7.bz2
>>> /usr/share/man/man7/lvmraid.7.bz2
>>> /usr/share/man/man7/lvmcache.7.bz2
>>> /usr/share/man/man7/lvmreport.7.bz2
>>> /usr/share/man/man7/lvmsystemid.7.bz2
--- /usr/share/man/man8/
>>> /usr/share/man/man8/lvresize.8.bz2
>>> /usr/share/man/man8/dmfilemapd.8.bz2
>>> /usr/share/man/man8/lvdisplay.8.bz2
>>> /usr/share/man/man8/pvdisplay.8.bz2
>>> /usr/share/man/man8/vgreduce.8.bz2
>>> /usr/share/man/man8/dmsetup.8.bz2
>>> /usr/share/man/man8/lvcreate.8.bz2
>>> /usr/share/man/man8/vgimportclone.8.bz2
>>> /usr/share/man/man8/vgs.8.bz2
>>> /usr/share/man/man8/lvmsadc.8.bz2
>>> /usr/share/man/man8/vgcreate.8.bz2
>>> /usr/share/man/man8/lvm-dumpconfig.8
>>> /usr/share/man/man8/lvchange.8.bz2
>>> /usr/share/man/man8/lvmsar.8.bz2
>>> /usr/share/man/man8/lvm.8.bz2
>>> /usr/share/man/man8/vgremove.8.bz2
>>> /usr/share/man/man8/lvmconfig.8.bz2
>>> /usr/share/man/man8/lvs.8.bz2
>>> /usr/share/man/man8/pvs.8.bz2
>>> /usr/share/man/man8/vgexport.8.bz2
>>> /usr/share/man/man8/lvm-lvpoll.8.bz2
>>> /usr/share/man/man8/pvremove.8.bz2
>>> /usr/share/man/man8/vgimport.8.bz2
>>> /usr/share/man/man8/pvresize.8.bz2
>>> /usr/share/man/man8/vgsplit.8.bz2
>>> /usr/share/man/man8/lvremove.8.bz2
>>> /usr/share/man/man8/lvmdiskscan.8.bz2
>>> /usr/share/man/man8/lvmpolld.8.bz2
>>> /usr/share/man/man8/vgrename.8.bz2
>>> /usr/share/man/man8/lvreduce.8.bz2
>>> /usr/share/man/man8/lvrename.8.bz2
>>> /usr/share/man/man8/lvextend.8.bz2
>>> /usr/share/man/man8/pvscan.8.bz2
>>> /usr/share/man/man8/dmeventd.8.bz2
>>> /usr/share/man/man8/vgdisplay.8.bz2
>>> /usr/share/man/man8/lvmconf.8.bz2
>>> /usr/share/man/man8/lvm-config.8
>>> /usr/share/man/man8/vgscan.8.bz2
>>> /usr/share/man/man8/vgmerge.8.bz2
>>> /usr/share/man/man8/lvconvert.8.bz2
>>> /usr/share/man/man8/fsadm.8.bz2
>>> /usr/share/man/man8/pvcreate.8.bz2
>>> /usr/share/man/man8/vgextend.8.bz2
>>> /usr/share/man/man8/lvmdump.8.bz2
>>> /usr/share/man/man8/vgchange.8.bz2
>>> /usr/share/man/man8/vgcfgbackup.8.bz2
>>> /usr/share/man/man8/lvmetad.8.bz2
>>> /usr/share/man/man8/pvck.8.bz2
>>> /usr/share/man/man8/vgck.8.bz2
>>> /usr/share/man/man8/lvm2-activation-generator.8.bz2
>>> /usr/share/man/man8/vgconvert.8.bz2
>>> /usr/share/man/man8/lvm-fullreport.8.bz2
>>> /usr/share/man/man8/dmstats.8.bz2
>>> /usr/share/man/man8/pvchange.8.bz2
>>> /usr/share/man/man8/pvmove.8.bz2
>>> /usr/share/man/man8/lvscan.8.bz2
>>> /usr/share/man/man8/vgmknodes.8.bz2
>>> /usr/share/man/man8/vgcfgrestore.8.bz2
>>> /usr/share/man/man8/blkdeactivate.8.bz2
--- /usr/share/man/man5/
>>> /usr/share/man/man5/lvm.conf.5.bz2
--- /usr/include/
>>> /usr/include/lvm2cmd.h
>>> /usr/include/libdevmapper-event.h
>>> /usr/include/lvm2app.h
>>> /usr/include/libdevmapper.h
--- /usr/lib/
--- /usr/lib/tmpfiles.d/
>>> /usr/lib/tmpfiles.d/lvm2.conf
--- /sbin/
>>> /sbin/vgcfgrestore -> lvm
>>> /sbin/dmstats -> dmsetup
>>> /sbin/lvmsadc -> lvm
>>> /sbin/vgmknodes -> lvm
>>> /sbin/vgreduce -> lvm
>>> /sbin/vgscan -> lvm
>>> /sbin/dmfilemapd
>>> /sbin/lvcreate -> lvm
>>> /sbin/dmeventd
>>> /sbin/pvdisplay -> lvm
>>> /sbin/vgconvert -> lvm
>>> /sbin/vgcreate -> lvm
>>> /sbin/vgcfgbackup -> lvm
>>> /sbin/lvm
>>> /sbin/vgimportclone -> lvm
>>> /sbin/pvresize -> lvm
>>> /sbin/lvmdump
>>> /sbin/lvmdiskscan -> lvm
>>> /sbin/lvmsar -> lvm
>>> /sbin/vgremove -> lvm
>>> /sbin/vgrename -> lvm
>>> /sbin/pvremove -> lvm
>>> /sbin/vgsplit -> lvm
>>> /sbin/pvs -> lvm
>>> /sbin/fsadm
>>> /sbin/lvmconf
>>> /sbin/vgextend -> lvm
>>> /sbin/lvreduce -> lvm
>>> /sbin/pvcreate -> lvm
>>> /sbin/lvmpolld
>>> /sbin/lvresize -> lvm
>>> /sbin/pvscan -> lvm
>>> /sbin/lvmconfig -> lvm
>>> /sbin/vgchange -> lvm
>>> /sbin/lvchange -> lvm
>>> /sbin/lvmetad
>>> /sbin/vgmerge -> lvm
>>> /sbin/lvscan -> lvm
>>> /sbin/vgdisplay -> lvm
>>> /sbin/lvconvert -> lvm
>>> /sbin/lvremove -> lvm
>>> /sbin/pvmove -> lvm
>>> /sbin/dmsetup
>>> /sbin/vgimport -> lvm
>>> /sbin/pvck -> lvm
>>> /sbin/lvrename -> lvm
>>> /sbin/blkdeactivate
>>> /sbin/vgck -> lvm
>>> /sbin/lvs -> lvm
>>> /sbin/vgexport -> lvm
>>> /sbin/pvchange -> lvm
>>> /sbin/lvextend -> lvm
>>> /sbin/vgs -> lvm
>>> /sbin/lvdisplay -> lvm
--- /lib/
--- /lib/udev/
--- /lib/udev/rules.d/
>>> /lib/udev/rules.d/13-dm-disk.rules
>>> /lib/udev/rules.d/11-dm-lvm.rules
>>> /lib/udev/rules.d/10-dm.rules
>>> /lib/udev/rules.d/95-dm-notify.rules
>>> /lib/udev/rules.d/69-dm-lvm-metad.rules
--- /lib/systemd/
--- /lib/systemd/system/
>>> /lib/systemd/system/lvm2-lvmetad.socket
>>> /lib/systemd/system/lvm2-lvmpolld.service
>>> /lib/systemd/system/dm-event.socket
>>> /lib/systemd/system/lvm2-lvmetad.service
>>> /lib/systemd/system/blk-availability.service
>>> /lib/systemd/system/lvm2-monitor.service
>>> /lib/systemd/system/lvm2-lvmpolld.socket
>>> /lib/systemd/system/lvm2-pvscan@.service
>>> /lib/systemd/system/dm-event.service
--- /lib/systemd/system-generators/
>>> /lib/systemd/system-generators/lvm2-activation-generator
>>> Safely unmerging already-installed instance...
>>> Original instance of package unmerged safely.
 * Make sure the "lvm" init script is in the runlevels:
 * # rc-update add lvm boot
 * 
 * Make sure to enable lvmetad in /etc/lvm/lvm.conf if you want
 * to enable lvm autoactivation and metadata caching.
>>> sys-fs/lvm2-2.02.187-r2 merged.
>>> Regenerating /etc/ld.so.cache...
