>>> Extracting info
 * Package:    sys-devel/llvm-common-10.0.0
 * Repository: gentoo
 * USE:        abi_x86_64 userland_GNU kernel_linux amd64 elibc_glibc
 * FEATURES:   network-sandbox preserve-libs sandbox userpriv usersandbox
 * FEATURES='assume-digests binpkg-docompress binpkg-dostrip binpkg-logs binpkg-multi-instance buildpkg cgroup compress-index config-protect-if-modified distlocks downgrade-backup fixlafiles ipc-sandbox merge-sync multilib-strict network-sandbox news nodoc parallel-fetch parallel-install pid-sandbox preserve-libs qa-unresolved-soname-deps sandbox sfperms strict strict-keepdir unknown-features-warn unmerge-backup unmerge-logs unmerge-orphans userfetch userpriv usersandbox usersync xattr'
 * CFLAGS='-march=native -O3 -fgraphite-identity -floop-nest-optimize -fdevirtualize-at-ltrans -fipa-pta -fno-semantic-interposition -flto=12 -fno-plt -fno-signed-zeros -fno-trapping-math -fassociative-math -freciprocal-math -fno-math-errno -ffinite-math-only -fno-rounding-math -fno-signaling-nans -fcx-limited-range -fexcess-precision=fast -fuse-linker-plugin -pipe -g0 -falign-functions=32 -fbranch-target-load-optimize2 -fcx-fortran-rules -fipa-pta -fno-var-tracking-assignments -freschedule-modulo-scheduled-loops -fsched-pressure -fsched-spec-load -fsched-spec-load-dangerous -fsched-stalled-insns=0 -fsched2-use-superblocks -fselective-scheduling -fselective-scheduling2 -fsel-sched-pipelining -fsel-sched-pipelining-outer-loops -ftree-lrs -maccumulate-outgoing-args -Wl,-O1 -Wl,--as-needed -Wl,-O4,--hash-style=gnu,--sort-common,--as-needed,-z,relro,-z,now,-lgomp,-lpthread'
 * CXXFLAGS='-march=native -O3 -fgraphite-identity -floop-nest-optimize -fdevirtualize-at-ltrans -fipa-pta -fno-semantic-interposition -flto=12 -fno-plt -fno-signed-zeros -fno-trapping-math -fassociative-math -freciprocal-math -fno-math-errno -ffinite-math-only -fno-rounding-math -fno-signaling-nans -fcx-limited-range -fexcess-precision=fast -fuse-linker-plugin -pipe -g0 -falign-functions=32 -fbranch-target-load-optimize2 -fcx-fortran-rules -fipa-pta -fno-enforce-eh-specs -fnothrow-opt -fno-var-tracking-assignments -freschedule-modulo-scheduled-loops -fsched-pressure -fsched-spec-load -fsched-spec-load-dangerous -fsched-stalled-insns=0 -fsched2-use-superblocks -fselective-scheduling -fselective-scheduling2 -fsel-sched-pipelining -fsel-sched-pipelining-outer-loops -ftree-lrs -maccumulate-outgoing-args -Wl,-O1 -Wl,--as-needed -Wl,-O4,--hash-style=gnu,--sort-common,--as-needed,-z,relro,-z,now,-lgomp,-lpthread'
 * FFLAGS='-march=native -O3 -fgraphite-identity -floop-nest-optimize -fdevirtualize-at-ltrans -fipa-pta -fno-semantic-interposition -flto=12 -fno-plt -fno-signed-zeros -fno-trapping-math -fassociative-math -freciprocal-math -fno-math-errno -ffinite-math-only -fno-rounding-math -fno-signaling-nans -fcx-limited-range -fexcess-precision=fast -fuse-linker-plugin -pipe -g0 -falign-functions=32 -fbranch-target-load-optimize2 -fcx-fortran-rules -fipa-pta -fno-var-tracking-assignments -freschedule-modulo-scheduled-loops -fsched-pressure -fsched-spec-load -fsched-spec-load-dangerous -fsched-stalled-insns=0 -fsched2-use-superblocks -fselective-scheduling -fselective-scheduling2 -fsel-sched-pipelining -fsel-sched-pipelining-outer-loops -ftree-lrs -maccumulate-outgoing-args -Wl,-O1 -Wl,--as-needed -Wl,-O4,--hash-style=gnu,--sort-common,--as-needed,-z,relro,-z,now,-lgomp,-lpthread'
 * FCFLAGS='-march=native -O3 -fgraphite-identity -floop-nest-optimize -fdevirtualize-at-ltrans -fipa-pta -fno-semantic-interposition -flto=12 -fno-plt -fno-signed-zeros -fno-trapping-math -fassociative-math -freciprocal-math -fno-math-errno -ffinite-math-only -fno-rounding-math -fno-signaling-nans -fcx-limited-range -fexcess-precision=fast -fuse-linker-plugin -pipe -g0 -falign-functions=32 -fbranch-target-load-optimize2 -fcx-fortran-rules -fipa-pta -fno-var-tracking-assignments -freschedule-modulo-scheduled-loops -fsched-pressure -fsched-spec-load -fsched-spec-load-dangerous -fsched-stalled-insns=0 -fsched2-use-superblocks -fselective-scheduling -fselective-scheduling2 -fsel-sched-pipelining -fsel-sched-pipelining-outer-loops -ftree-lrs -maccumulate-outgoing-args -Wl,-O1 -Wl,--as-needed -Wl,-O4,--hash-style=gnu,--sort-common,--as-needed,-z,relro,-z,now,-lgomp,-lpthread'
 * F77FLAGS='-march=native -O3 -fgraphite-identity -floop-nest-optimize -fdevirtualize-at-ltrans -fipa-pta -fno-semantic-interposition -flto=12 -fno-plt -fno-signed-zeros -fno-trapping-math -fassociative-math -freciprocal-math -fno-math-errno -ffinite-math-only -fno-rounding-math -fno-signaling-nans -fcx-limited-range -fexcess-precision=fast -fuse-linker-plugin -pipe -g0 -falign-functions=32 -fbranch-target-load-optimize2 -fcx-fortran-rules -fipa-pta -fno-var-tracking-assignments -freschedule-modulo-scheduled-loops -fsched-pressure -fsched-spec-load -fsched-spec-load-dangerous -fsched-stalled-insns=0 -fsched2-use-superblocks -fselective-scheduling -fselective-scheduling2 -fsel-sched-pipelining -fsel-sched-pipelining-outer-loops -ftree-lrs -maccumulate-outgoing-args -Wl,-O1 -Wl,--as-needed -Wl,-O4,--hash-style=gnu,--sort-common,--as-needed,-z,relro,-z,now,-lgomp,-lpthread -fno-enforce-eh-specs -fnothrow-opt'
 * LDFLAGS='-Wl,-O1 -Wl,--as-needed -Wl,-O4,--hash-style=gnu,--sort-common,--as-needed,-z,relro,-z,now,-lgomp,-lpthread -march=native -O3 -fgraphite-identity -floop-nest-optimize -fdevirtualize-at-ltrans -fipa-pta -fno-semantic-interposition -flto=12 -fno-plt -fno-signed-zeros -fno-trapping-math -fassociative-math -freciprocal-math -fno-math-errno -ffinite-math-only -fno-rounding-math -fno-signaling-nans -fcx-limited-range -fexcess-precision=fast -fuse-linker-plugin -pipe -g0 -falign-functions=32 -fbranch-target-load-optimize2 -fcx-fortran-rules -fno-enforce-eh-specs -fnothrow-opt -fno-var-tracking-assignments -freschedule-modulo-scheduled-loops -fsched-pressure -fsched-spec-load -fsched-spec-load-dangerous -fsched-stalled-insns=0 -fsched2-use-superblocks -fselective-scheduling -fselective-scheduling2 -fsel-sched-pipelining -fsel-sched-pipelining-outer-loops -ftree-lrs -maccumulate-outgoing-args'
 * MAKEOPTS='-j12 -l12'
 * gcc () 11.0.0 20200526 (experimental)
 * g++ () 11.0.0 20200526 (experimental)
 * GNU ld (Gentoo 2.34 p4) 2.34.0
 * Linux ryzen.gnum.org 5.4.36 #1 SMP Thu Apr 30 04:38:28 UTC 2020 x86_64 AMD Ryzen 5 3600 6-Core Processor AuthenticAMD GNU/Linux
sys-devel/llvm-common: 4 minutes, 39 seconds average for 13 merges
2020-05-15T03:27:01 >>> sys-devel/llvm-common: 9 seconds
2020-05-16T20:39:40 >>> sys-devel/llvm-common: 10 seconds
2020-05-20T00:56:05 >>> sys-devel/llvm-common: 3 minutes, 1 second
2020-05-21T05:49:40 >>> sys-devel/llvm-common: 6 seconds
2020-05-22T01:54:36 >>> sys-devel/llvm-common: 6 minutes, 57 seconds
2020-05-22T03:05:46 >>> sys-devel/llvm-common: 7 minutes, 38 seconds
2020-05-22T12:25:21 >>> sys-devel/llvm-common: 7 minutes, 22 seconds
2020-05-23T03:27:20 >>> sys-devel/llvm-common: 7 minutes, 12 seconds
2020-05-24T23:21:12 >>> sys-devel/llvm-common: 9 minutes, 10 seconds
2020-05-25T03:01:32 >>> sys-devel/llvm-common: 2 minutes, 31 seconds
2020-05-25T18:12:56 >>> sys-devel/llvm-common: 7 minutes, 30 seconds
2020-05-25T19:50:15 >>> sys-devel/llvm-common: 4 minutes, 31 seconds
2020-05-26T12:32:00 >>> sys-devel/llvm-common: 4 minutes, 12 seconds
]0;emerge 13:46:16 39|980 llvm-common 05:24 (root@ryzen.gnum.org)kemerge 13:46:16 39|980 llvm-common 05:24 (root@ryzen.gnum.org)\>>> Extracting sys-devel/llvm-common-10.0.0
 * checking 8 files for package collisions
>>> Merging sys-devel/llvm-common-10.0.0 to /
 * removing unneeded *.la files
--- /usr/
--- /usr/share/
--- /usr/share/vim/
--- /usr/share/vim/vimfiles/
--- /usr/share/vim/vimfiles/ftdetect/
>>> /usr/share/vim/vimfiles/ftdetect/llvm.vim
>>> /usr/share/vim/vimfiles/ftdetect/llvm-lit.vim
>>> /usr/share/vim/vimfiles/ftdetect/tablegen.vim
--- /usr/share/vim/vimfiles/indent/
>>> /usr/share/vim/vimfiles/indent/llvm.vim
--- /usr/share/vim/vimfiles/ftplugin/
>>> /usr/share/vim/vimfiles/ftplugin/llvm.vim
>>> /usr/share/vim/vimfiles/ftplugin/tablegen.vim
--- /usr/share/vim/vimfiles/syntax/
>>> /usr/share/vim/vimfiles/syntax/llvm.vim
>>> /usr/share/vim/vimfiles/syntax/tablegen.vim
>>> Safely unmerging already-installed instance...
>>> Original instance of package unmerged safely.
>>> sys-devel/llvm-common-10.0.0 merged.
