No package files given... Grabbing a set.
<<<          obj /usr/share/man/man2/io_uring_setup.2.bz2
<<<          obj /usr/share/man/man2/io_uring_register.2.bz2
<<<          obj /usr/share/man/man2/io_uring_enter.2.bz2
<<<          obj /usr/lib64/pkgconfig/liburing.pc
<<<          obj /usr/lib64/liburing.so.1.0.6
<<<          sym /usr/lib64/liburing.so.1
<<<          sym /usr/lib64/liburing.so
<<<          obj /usr/include/liburing/io_uring.h
<<<          obj /usr/include/liburing/compat.h
<<<          obj /usr/include/liburing/barrier.h
<<<          obj /usr/include/liburing.h
--- !empty   dir /usr/share/man/man2
--- !empty   dir /usr/share/man
--- !empty   dir /usr/share
--- !empty   dir /usr/lib64/pkgconfig
--- !empty   dir /usr/lib64
<<<          dir /usr/include/liburing
--- !empty   dir /usr/include
--- !empty   dir /usr
>>> Regenerating /etc/ld.so.cache...
