 * Package:    sys-fabric/libibcm-1.0.5-r3
 * Repository: gentoo
 * Maintainer: cluster@gentoo.org
 * USE:        abi_x86_64 amd64 elibc_glibc kernel_linux userland_GNU
 * FEATURES:   network-sandbox preserve-libs sandbox userpriv usersandbox
 * FEATURES='assume-digests binpkg-docompress binpkg-dostrip binpkg-logs buildpkg cgroup compress-index config-protect-if-modified distlocks ebuild-locks fixlafiles ipc-sandbox merge-sync multilib-strict network-sandbox news nodoc parallel-fetch pid-sandbox preserve-libs qa-unresolved-soname-deps sandbox sfperms strict strict-keepdir unknown-features-warn unmerge-logs unmerge-orphans userfetch userpriv usersandbox usersync xattr'
 * CFLAGS='-march=znver2 -Ofast -pipe -g0 -fno-common -fgraphite-identity -floop-interchange -floop-nest-optimize -floop-parallelize-all -ftree-parallelize-loops=12 -ftree-vectorize -fdevirtualize-at-ltrans -fipa-pta -fno-semantic-interposition -flto=12 -fno-plt -falign-functions=32 -fno-stack-protector -fno-stack-clash-protection -fstack-check=no -fno-stack-check -fuse-linker-plugin -Wl,-O1,--sort-common,--as-needed,-z,norelro,-z,now,-lgomp,-lpthread'
 * CXXFLAGS='-march=znver2 -Ofast -pipe -g0 -fno-common -fgraphite-identity -floop-interchange -floop-nest-optimize -floop-parallelize-all -ftree-parallelize-loops=12 -ftree-vectorize -fdevirtualize-at-ltrans -fipa-pta -fno-semantic-interposition -flto=12 -fno-plt -falign-functions=32 -fno-stack-protector -fno-stack-clash-protection -fstack-check=no -fno-stack-check -fuse-linker-plugin -Wl,-O1,--sort-common,--as-needed,-z,norelro,-z,now,-lgomp,-lpthread'
 * FFLAGS='-march=znver2 -Ofast -pipe -g0 -fno-common -fgraphite-identity -floop-interchange -floop-nest-optimize -floop-parallelize-all -ftree-parallelize-loops=12 -ftree-vectorize -fdevirtualize-at-ltrans -fipa-pta -fno-semantic-interposition -flto=12 -fno-plt -falign-functions=32 -fno-stack-protector -fno-stack-clash-protection -fstack-check=no -fno-stack-check -fuse-linker-plugin -Wl,-O1,--sort-common,--as-needed,-z,norelro,-z,now,-lgomp,-lpthread'
 * FCFLAGS='-march=znver2 -Ofast -pipe -g0 -fno-common -fgraphite-identity -floop-interchange -floop-nest-optimize -floop-parallelize-all -ftree-parallelize-loops=12 -ftree-vectorize -fdevirtualize-at-ltrans -fipa-pta -fno-semantic-interposition -flto=12 -fno-plt -falign-functions=32 -fno-stack-protector -fno-stack-clash-protection -fstack-check=no -fno-stack-check -fuse-linker-plugin -Wl,-O1,--sort-common,--as-needed,-z,norelro,-z,now,-lgomp,-lpthread'
 * F77FLAGS='-march=znver2 -Ofast -pipe -g0 -fno-common -fgraphite-identity -floop-interchange -floop-nest-optimize -floop-parallelize-all -ftree-parallelize-loops=12 -ftree-vectorize -fdevirtualize-at-ltrans -fipa-pta -fno-semantic-interposition -flto=12 -fno-plt -falign-functions=32 -fno-stack-protector -fno-stack-clash-protection -fstack-check=no -fno-stack-check -fuse-linker-plugin -Wl,-O1,--sort-common,--as-needed,-z,norelro,-z,now,-lgomp,-lpthread'
 * LDFLAGS='-Wl,-O1,--sort-common,--as-needed,-z,norelro,-z,now,-lgomp,-lpthread -march=znver2 -Ofast -pipe -g0 -fno-common -fgraphite-identity -floop-interchange -floop-nest-optimize -floop-parallelize-all -ftree-parallelize-loops=12 -ftree-vectorize -fdevirtualize-at-ltrans -fipa-pta -fno-semantic-interposition -flto=12 -fno-plt -falign-functions=32 -fno-stack-protector -fno-stack-clash-protection -fstack-check=no -fno-stack-check -fuse-linker-plugin'
 * MAKEOPTS='-j12 -l12'
 * gcc () 11.0.0 20200616 (experimental)
 * g++ () 11.0.0 20200616 (experimental)
 * GNU ld (Gentoo 2.34 p4) 2.34.0
 * Linux rescue 5.4.36 #1 SMP Thu Apr 30 04:38:28 UTC 2020 x86_64 AMD Ryzen 5 3600 6-Core Processor AuthenticAMD GNU/Linux
sys-fabric/libibcm: 25 seconds average for 6 merges
2020-05-31T15:48:13 >>> sys-fabric/libibcm: 23 seconds
2020-06-01T02:08:27 >>> sys-fabric/libibcm: 26 seconds
2020-06-13T03:38:22 >>> sys-fabric/libibcm: 32 seconds
2020-06-13T20:09:39 >>> sys-fabric/libibcm: 15 seconds
2020-06-14T04:54:42 >>> sys-fabric/libibcm: 30 seconds
2020-06-16T13:56:29 >>> sys-fabric/libibcm: 27 seconds
]0;emerge 13:51:45 202|895 libibcm 00:24 (root@rescue)>>> Unpacking source...
>>> Unpacking OFED-3.12-rc1.tgz to /tmp/portage/sys-fabric/libibcm-1.0.5-r3/work
>>> Unpacking ./OFED-3.12-rc1/SRPMS/libibcm-1.0.5-1.src.rpm to /tmp/portage/sys-fabric/libibcm-1.0.5-r3/work
>>> Unpacking ./libibcm-1.0.5.tar.gz to /tmp/portage/sys-fabric/libibcm-1.0.5-r3/work
>>> Source unpacked in /tmp/portage/sys-fabric/libibcm-1.0.5-r3/work
>>> Preparing source in /tmp/portage/sys-fabric/libibcm-1.0.5-r3/work/libibcm-1.0.5 ...
>>> Source prepared.
>>> Configuring source in /tmp/portage/sys-fabric/libibcm-1.0.5-r3/work/libibcm-1.0.5 ...
 * econf: updating libibcm-1.0.5/config/config.guess with /usr/share/gnuconfig/config.guess
 * econf: updating libibcm-1.0.5/config/config.sub with /usr/share/gnuconfig/config.sub
./configure --prefix=/usr --build=x86_64-pc-linux-gnu --host=x86_64-pc-linux-gnu --mandir=/usr/share/man --infodir=/usr/share/info --datadir=/usr/share --sysconfdir=/etc --localstatedir=/var/lib --disable-dependency-tracking --libdir=/usr/lib64
checking for a BSD-compatible install... /tmp/portage/._portage_reinstall_.z8sq2nh6/bin/ebuild-helpers/xattr/install -c
checking whether build environment is sane... yes
checking for gawk... gawk
checking whether make sets $(MAKE)... yes
checking build system type... x86_64-pc-linux-gnu
checking host system type... x86_64-pc-linux-gnu
checking for style of include used by make... GNU
checking for x86_64-pc-linux-gnu-gcc... x86_64-pc-linux-gnu-gcc
checking for C compiler default output file name... a.out
checking whether the C compiler works... yes
checking whether we are cross compiling... no
checking for suffix of executables... 
checking for suffix of object files... o
checking whether we are using the GNU C compiler... yes
checking whether x86_64-pc-linux-gnu-gcc accepts -g... yes
checking for x86_64-pc-linux-gnu-gcc option to accept ANSI C... none needed
checking dependency style of x86_64-pc-linux-gnu-gcc... none
checking for a sed that does not truncate output... /bin/sed
checking for egrep... grep -E
checking for ld used by x86_64-pc-linux-gnu-gcc... /usr/x86_64-pc-linux-gnu/bin/ld
checking if the linker (/usr/x86_64-pc-linux-gnu/bin/ld) is GNU ld... yes
checking for /usr/x86_64-pc-linux-gnu/bin/ld option to reload object files... -r
checking for BSD-compatible nm... /usr/bin/nm -B
checking whether ln -s works... yes
checking how to recognise dependent libraries... pass_all
checking how to run the C preprocessor... x86_64-pc-linux-gnu-gcc -E
checking for ANSI C header files... yes
checking for sys/types.h... yes
checking for sys/stat.h... yes
checking for stdlib.h... yes
checking for string.h... yes
checking for memory.h... yes
checking for strings.h... yes
checking for inttypes.h... yes
checking for stdint.h... yes
checking for unistd.h... yes
checking dlfcn.h usability... yes
checking dlfcn.h presence... yes
checking for dlfcn.h... yes
checking for x86_64-pc-linux-gnu-g++... x86_64-pc-linux-gnu-g++
checking whether we are using the GNU C++ compiler... yes
checking whether x86_64-pc-linux-gnu-g++ accepts -g... yes
checking dependency style of x86_64-pc-linux-gnu-g++... none
checking how to run the C++ preprocessor... x86_64-pc-linux-gnu-g++ -E
checking for x86_64-pc-linux-gnu-g77... no
checking for x86_64-pc-linux-gnu-f77... no
checking for x86_64-pc-linux-gnu-xlf... no
checking for x86_64-pc-linux-gnu-frt... no
checking for x86_64-pc-linux-gnu-pgf77... no
checking for x86_64-pc-linux-gnu-fort77... no
checking for x86_64-pc-linux-gnu-fl32... no
checking for x86_64-pc-linux-gnu-af77... no
checking for x86_64-pc-linux-gnu-f90... no
checking for x86_64-pc-linux-gnu-xlf90... no
checking for x86_64-pc-linux-gnu-pgf90... no
checking for x86_64-pc-linux-gnu-epcf90... no
checking for x86_64-pc-linux-gnu-f95... no
checking for x86_64-pc-linux-gnu-fort... no
checking for x86_64-pc-linux-gnu-xlf95... no
checking for x86_64-pc-linux-gnu-ifc... no
checking for x86_64-pc-linux-gnu-efc... no
checking for x86_64-pc-linux-gnu-pgf95... no
checking for x86_64-pc-linux-gnu-lf95... no
checking for x86_64-pc-linux-gnu-gfortran... x86_64-pc-linux-gnu-gfortran
checking whether we are using the GNU Fortran 77 compiler... yes
checking whether x86_64-pc-linux-gnu-gfortran accepts -g... yes
checking the maximum length of command line arguments... 32768
checking command to parse /usr/bin/nm -B output from x86_64-pc-linux-gnu-gcc object... failed
checking for objdir... .libs
checking for x86_64-pc-linux-gnu-ar... x86_64-pc-linux-gnu-ar
checking for x86_64-pc-linux-gnu-ranlib... x86_64-pc-linux-gnu-ranlib
checking for x86_64-pc-linux-gnu-strip... x86_64-pc-linux-gnu-strip
checking if x86_64-pc-linux-gnu-gcc supports -fno-rtti -fno-exceptions... no
checking for x86_64-pc-linux-gnu-gcc option to produce PIC... -fPIC
checking if x86_64-pc-linux-gnu-gcc PIC flag -fPIC works... yes
checking if x86_64-pc-linux-gnu-gcc static flag -static works... yes
checking if x86_64-pc-linux-gnu-gcc supports -c -o file.o... yes
checking whether the x86_64-pc-linux-gnu-gcc linker (/usr/x86_64-pc-linux-gnu/bin/ld -m elf_x86_64) supports shared libraries... yes
checking whether -lc should be explicitly linked in... no
checking dynamic linker characteristics... GNU/Linux ld.so
checking how to hardcode library paths into programs... immediate
checking whether stripping libraries is possible... yes
checking if libtool supports shared libraries... yes
checking whether to build shared libraries... yes
checking whether to build static libraries... yes
configure: creating libtool
appending configuration tag "CXX" to libtool
checking for ld used by x86_64-pc-linux-gnu-g++... /usr/x86_64-pc-linux-gnu/bin/ld -m elf_x86_64
checking if the linker (/usr/x86_64-pc-linux-gnu/bin/ld -m elf_x86_64) is GNU ld... yes
checking whether the x86_64-pc-linux-gnu-g++ linker (/usr/x86_64-pc-linux-gnu/bin/ld -m elf_x86_64) supports shared libraries... yes
checking for x86_64-pc-linux-gnu-g++ option to produce PIC... -fPIC
checking if x86_64-pc-linux-gnu-g++ PIC flag -fPIC works... yes
checking if x86_64-pc-linux-gnu-g++ static flag -static works... yes
checking if x86_64-pc-linux-gnu-g++ supports -c -o file.o... yes
checking whether the x86_64-pc-linux-gnu-g++ linker (/usr/x86_64-pc-linux-gnu/bin/ld -m elf_x86_64) supports shared libraries... yes
checking dynamic linker characteristics... GNU/Linux ld.so
checking how to hardcode library paths into programs... immediate
appending configuration tag "F77" to libtool
checking if libtool supports shared libraries... yes
checking whether to build shared libraries... yes
checking whether to build static libraries... yes
checking for x86_64-pc-linux-gnu-gfortran option to produce PIC... -fPIC
checking if x86_64-pc-linux-gnu-gfortran PIC flag -fPIC works... yes
checking if x86_64-pc-linux-gnu-gfortran static flag -static works... yes
checking if x86_64-pc-linux-gnu-gfortran supports -c -o file.o... yes
checking whether the x86_64-pc-linux-gnu-gfortran linker (/usr/x86_64-pc-linux-gnu/bin/ld -m elf_x86_64) supports shared libraries... yes
checking dynamic linker characteristics... GNU/Linux ld.so
checking how to hardcode library paths into programs... immediate
checking for x86_64-pc-linux-gnu-gcc... (cached) x86_64-pc-linux-gnu-gcc
checking whether we are using the GNU C compiler... (cached) yes
checking whether x86_64-pc-linux-gnu-gcc accepts -g... (cached) yes
checking for x86_64-pc-linux-gnu-gcc option to accept ANSI C... (cached) none needed
checking dependency style of x86_64-pc-linux-gnu-gcc... (cached) none
checking for an ANSI C-conforming const... yes
checking for long... yes
checking size of long... 8
checking for ibv_get_device_list in -libverbs... yes
checking for ANSI C header files... (cached) yes
checking infiniband/verbs.h usability... yes
checking infiniband/verbs.h presence... yes
checking for infiniband/verbs.h... yes
checking infiniband/marshall.h usability... yes
checking infiniband/marshall.h presence... yes
checking for infiniband/marshall.h... yes
checking whether ld accepts --version-script... yes
configure: creating ./config.status
config.status: creating Makefile
config.status: creating libibcm.spec
config.status: creating config.h
config.status: executing depfiles commands
>>> Source configured.
>>> Compiling source in /tmp/portage/sys-fabric/libibcm-1.0.5-r3/work/libibcm-1.0.5 ...
make -j12 -l12 
make  all-am
make[1]: Entering directory '/tmp/portage/sys-fabric/libibcm-1.0.5-r3/work/libibcm-1.0.5'
/bin/sh ./libtool --tag=CC --mode=compile x86_64-pc-linux-gnu-gcc -DHAVE_CONFIG_H -I. -I. -I. -I./include   -g -Wall -D_GNU_SOURCE -march=znver2 -Ofast -pipe -g0 -fno-common -fgraphite-identity -floop-interchange -floop-nest-optimize -floop-parallelize-all -ftree-parallelize-loops=12 -ftree-vectorize -fdevirtualize-at-ltrans -fipa-pta -fno-semantic-interposition -flto=12 -fno-plt -falign-functions=32 -fno-stack-protector -fno-stack-clash-protection -fstack-check=no -fno-stack-check -fuse-linker-plugin -Wl,-O1,--sort-common,--as-needed,-z,norelro,-z,now,-lgomp,-lpthread -c -o src_libibcm_la-cm.lo `test -f 'src/cm.c' || echo './'`src/cm.c
mkdir .libs
 x86_64-pc-linux-gnu-gcc -DHAVE_CONFIG_H -I. -I. -I. -I./include -g -Wall -D_GNU_SOURCE -march=znver2 -Ofast -pipe -g0 -fno-common -fgraphite-identity -floop-interchange -floop-nest-optimize -floop-parallelize-all -ftree-parallelize-loops=12 -ftree-vectorize -fdevirtualize-at-ltrans -fipa-pta -fno-semantic-interposition -flto=12 -fno-plt -falign-functions=32 -fno-stack-protector -fno-stack-clash-protection -fstack-check=no -fno-stack-check -fuse-linker-plugin -Wl,-O1,--sort-common,--as-needed,-z,norelro,-z,now,-lgomp,-lpthread -c src/cm.c  -fPIC -DPIC -o .libs/src_libibcm_la-cm.o
[01m[Ksrc/cm.c:124:[m[K [01;35m[Kwarning: [m[K"container_of" redefined
  124 | #define container_of(ptr, type, field) \
      | 
In file included from [01m[K./include/infiniband/cm.h:39[m[K,
                 from [01m[Ksrc/cm.c:49[m[K:
[01m[K/usr/include/infiniband/verbs.h:76:[m[K [01;36m[Knote: [m[Kthis is the location of the previous definition
   76 | #define container_of(ptr, type, member) \
      | 
 x86_64-pc-linux-gnu-gcc -DHAVE_CONFIG_H -I. -I. -I. -I./include -g -Wall -D_GNU_SOURCE -march=znver2 -Ofast -pipe -g0 -fno-common -fgraphite-identity -floop-interchange -floop-nest-optimize -floop-parallelize-all -ftree-parallelize-loops=12 -ftree-vectorize -fdevirtualize-at-ltrans -fipa-pta -fno-semantic-interposition -flto=12 -fno-plt -falign-functions=32 -fno-stack-protector -fno-stack-clash-protection -fstack-check=no -fno-stack-check -fuse-linker-plugin -Wl,-O1,--sort-common,--as-needed,-z,norelro,-z,now,-lgomp,-lpthread -c src/cm.c -o src_libibcm_la-cm.o >/dev/null 2>&1
/bin/sh ./libtool --tag=CC --mode=link x86_64-pc-linux-gnu-gcc -g -Wall -D_GNU_SOURCE -march=znver2 -Ofast -pipe -g0 -fno-common -fgraphite-identity -floop-interchange -floop-nest-optimize -floop-parallelize-all -ftree-parallelize-loops=12 -ftree-vectorize -fdevirtualize-at-ltrans -fipa-pta -fno-semantic-interposition -flto=12 -fno-plt -falign-functions=32 -fno-stack-protector -fno-stack-clash-protection -fstack-check=no -fno-stack-check -fuse-linker-plugin -Wl,-O1,--sort-common,--as-needed,-z,norelro,-z,now,-lgomp,-lpthread  -Wl,-O1,--sort-common,--as-needed,-z,norelro,-z,now,-lgomp,-lpthread -march=znver2 -Ofast -pipe -g0 -fno-common -fgraphite-identity -floop-interchange -floop-nest-optimize -floop-parallelize-all -ftree-parallelize-loops=12 -ftree-vectorize -fdevirtualize-at-ltrans -fipa-pta -fno-semantic-interposition -flto=12 -fno-plt -falign-functions=32 -fno-stack-protector -fno-stack-clash-protection -fstack-check=no -fno-stack-check -fuse-linker-plugin -o src/libibcm.la -rpath /usr/lib64 -version-info 1 -export-dynamic  src_libibcm_la-cm.lo  -libverbs 
mkdir src/.libs
x86_64-pc-linux-gnu-gcc -shared  .libs/src_libibcm_la-cm.o  -libverbs  -march=znver2 -Wl,-O1 -Wl,--sort-common -Wl,--as-needed -Wl,-z -Wl,norelro -Wl,-z -Wl,now -Wl,-lgomp -Wl,-lpthread -Wl,-O1 -Wl,--sort-common -Wl,--as-needed -Wl,-z -Wl,norelro -Wl,-z -Wl,now -Wl,-lgomp -Wl,-lpthread -march=znver2 -Wl,-soname -Wl,libibcm.so.1 -o src/.libs/libibcm.so.1.0.0
(cd src/.libs && rm -f libibcm.so.1 && ln -s libibcm.so.1.0.0 libibcm.so.1)
(cd src/.libs && rm -f libibcm.so && ln -s libibcm.so.1.0.0 libibcm.so)
x86_64-pc-linux-gnu-ar cru src/.libs/libibcm.a  src_libibcm_la-cm.o
x86_64-pc-linux-gnu-ranlib src/.libs/libibcm.a
creating src/libibcm.la
(cd src/.libs && rm -f libibcm.la && ln -s ../libibcm.la libibcm.la)
make[1]: Leaving directory '/tmp/portage/sys-fabric/libibcm-1.0.5-r3/work/libibcm-1.0.5'
>>> Source compiled.
>>> Test phase [not enabled]: sys-fabric/libibcm-1.0.5-r3

>>> Install sys-fabric/libibcm-1.0.5-r3 into /tmp/portage/sys-fabric/libibcm-1.0.5-r3/image/
make -j12 -l12 DESTDIR=/tmp/portage/sys-fabric/libibcm-1.0.5-r3/image/ install 
make[1]: Entering directory '/tmp/portage/sys-fabric/libibcm-1.0.5-r3/work/libibcm-1.0.5'
test -z "/usr/lib64" || mkdir -p -- "/tmp/portage/sys-fabric/libibcm-1.0.5-r3/image//usr/lib64"
test -z "/usr/include/infiniband" || mkdir -p -- "/tmp/portage/sys-fabric/libibcm-1.0.5-r3/image//usr/include/infiniband"
 /tmp/portage/._portage_reinstall_.z8sq2nh6/bin/ebuild-helpers/xattr/install -c -m 644 'include/infiniband/cm_abi.h' '/tmp/portage/sys-fabric/libibcm-1.0.5-r3/image//usr/include/infiniband/cm_abi.h'
 /bin/sh ./libtool --mode=install /tmp/portage/._portage_reinstall_.z8sq2nh6/bin/ebuild-helpers/xattr/install -c  'src/libibcm.la' '/tmp/portage/sys-fabric/libibcm-1.0.5-r3/image//usr/lib64/libibcm.la'
 /tmp/portage/._portage_reinstall_.z8sq2nh6/bin/ebuild-helpers/xattr/install -c -m 644 'include/infiniband/cm.h' '/tmp/portage/sys-fabric/libibcm-1.0.5-r3/image//usr/include/infiniband/cm.h'
/tmp/portage/._portage_reinstall_.z8sq2nh6/bin/ebuild-helpers/xattr/install -c src/.libs/libibcm.so.1.0.0 /tmp/portage/sys-fabric/libibcm-1.0.5-r3/image//usr/lib64/libibcm.so.1.0.0
(cd /tmp/portage/sys-fabric/libibcm-1.0.5-r3/image//usr/lib64 && { ln -s -f libibcm.so.1.0.0 libibcm.so.1 || { rm -f libibcm.so.1 && ln -s libibcm.so.1.0.0 libibcm.so.1; }; })
(cd /tmp/portage/sys-fabric/libibcm-1.0.5-r3/image//usr/lib64 && { ln -s -f libibcm.so.1.0.0 libibcm.so || { rm -f libibcm.so && ln -s libibcm.so.1.0.0 libibcm.so; }; })
/tmp/portage/._portage_reinstall_.z8sq2nh6/bin/ebuild-helpers/xattr/install -c src/.libs/libibcm.lai /tmp/portage/sys-fabric/libibcm-1.0.5-r3/image//usr/lib64/libibcm.la
/tmp/portage/._portage_reinstall_.z8sq2nh6/bin/ebuild-helpers/xattr/install -c src/.libs/libibcm.a /tmp/portage/sys-fabric/libibcm-1.0.5-r3/image//usr/lib64/libibcm.a
chmod 644 /tmp/portage/sys-fabric/libibcm-1.0.5-r3/image//usr/lib64/libibcm.a
x86_64-pc-linux-gnu-ranlib /tmp/portage/sys-fabric/libibcm-1.0.5-r3/image//usr/lib64/libibcm.a
libtool: install: warning: remember to run `libtool --finish /usr/lib64'
make[1]: Leaving directory '/tmp/portage/sys-fabric/libibcm-1.0.5-r3/work/libibcm-1.0.5'
>>> Completed installing sys-fabric/libibcm-1.0.5-r3 into /tmp/portage/sys-fabric/libibcm-1.0.5-r3/image/

 * Final size of build directory: 24844 KiB (24.2 MiB)
 * Final size of installed tree:    160 KiB

removing executable bit: /usr/lib64/libibcm.la
Parallel BZIP2 v1.1.13 [Dec 18, 2015]
By: Jeff Gilchrist [http://compression.ca]
Major contributions: Yavor Nikolov [http://javornikolov.wordpress.com]
Uses libbzip2 by Julian Seward

         # CPUs: 9
   Load Average: 2.59
 BWT Block Size: 200 KB
File Block Size: 900 KB
 Maximum Memory: 1024 MB
-------------------------------------------
         File #: 1 of 1
     Input Name: compressme
    Output Name: compressme.bz2

     Input Size: 3895 bytes
Compressing data (no threads)...
Completed: 100%                 Output Size: 918 bytes
-------------------------------------------

     Wall Clock: 0.000890 seconds
Parallel BZIP2 v1.1.13 [Dec 18, 2015]
By: Jeff Gilchrist [http://compression.ca]
Major contributions: Yavor Nikolov [http://javornikolov.wordpress.com]
Uses libbzip2 by Julian Seward

         # CPUs: 9
   Load Average: 2.59
 BWT Block Size: 200 KB
File Block Size: 900 KB
 Maximum Memory: 1024 MB
-------------------------------------------
         File #: 1 of 1
     Input Name: /tmp/portage/sys-fabric/libibcm-1.0.5-r3/image/usr/share/doc/libibcm-1.0.5-r3/README
    Output Name: /tmp/portage/sys-fabric/libibcm-1.0.5-r3/image/usr/share/doc/libibcm-1.0.5-r3/README.bz2

     Input Size: 704 bytes
Compressing data (no threads)...
Completed: 100%                 Output Size: 478 bytes
-------------------------------------------

     Wall Clock: 0.000597 seconds
strip: x86_64-pc-linux-gnu-strip --strip-unneeded -N __gentoo_check_ldflags__ -R .comment -R .GCC.command.line -R .note.gnu.gold-version
   /usr/lib64/libibcm.so.1.0.0
   /usr/lib64/libibcm.a
x86_64-pc-linux-gnu-strip: /tmp/portage/sys-fabric/libibcm-1.0.5-r3/image/usr/lib64/stqIY2RW/src_libibcm_la-cm.o: plugin needed to handle lto object
./
./usr/
./usr/include/
./usr/include/infiniband/
./usr/include/infiniband/cm.h
./usr/include/infiniband/cm_abi.h
./usr/share/
./usr/share/doc/
./usr/share/doc/libibcm-1.0.5-r3/
./usr/share/doc/libibcm-1.0.5-r3/README
./usr/share/doc/libibcm-1.0.5-r3/README.bz2
./usr/share/doc/libibcm-1.0.5-r3/AUTHORS
./usr/lib64/
./usr/lib64/libibcm.so
./usr/lib64/libibcm.so.1
./usr/lib64/libibcm.a
./usr/lib64/libibcm.la
./usr/lib64/libibcm.so.1.0.0
>>> Done.
 * checking 7 files for package collisions
>>> Merging sys-fabric/libibcm-1.0.5-r3 to /
 * removing unneeded *.la files
	usr/lib64/libibcm.la
--- /usr/
--- /usr/lib64/
>>> /usr/lib64/libibcm.so.1.0.0
>>> /usr/lib64/libibcm.a
>>> /usr/lib64/libibcm.so.1 -> libibcm.so.1.0.0
>>> /usr/lib64/libibcm.so -> libibcm.so.1.0.0
--- /usr/include/
--- /usr/include/infiniband/
>>> /usr/include/infiniband/cm_abi.h
>>> /usr/include/infiniband/cm.h
>>> Safely unmerging already-installed instance...
>>> Original instance of package unmerged safely.
>>> sys-fabric/libibcm-1.0.5-r3 merged.
>>> Regenerating /etc/ld.so.cache...
