 * Package:    sys-firmware/seabios-1.12.0
 * Repository: gentoo
 * Maintainer: tamiko@gentoo.org virtualization@gentoo.org
 * USE:        abi_x86_64 amd64 binary elibc_glibc kernel_linux seavgabios userland_GNU
 * FEATURES:   ccache network-sandbox preserve-libs sandbox userpriv usersandbox
 * /etc/portage/package.cflags/ltoworkarounds.conf -> */*: *FLAGS+=-Wl,-O4 *FLAGS-=-Wl,-O1
 * FEATURES='assume-digests binpkg-docompress binpkg-dostrip binpkg-logs binpkg-multi-instance buildpkg ccache cgroup compress-index config-protect-if-modified distlocks fixlafiles ipc-sandbox merge-sync multilib-strict network-sandbox news nodoc parallel-fetch parallel-install pid-sandbox preserve-libs qa-unresolved-soname-deps sandbox sfperms strict unknown-features-warn unmerge-logs unmerge-orphans userfetch userpriv usersandbox usersync xattr'
 * CFLAGS='-march=znver2 -pipe -g0 -O3 -fgraphite-identity -floop-nest-optimize -fdevirtualize-at-ltrans -fipa-pta -fno-semantic-interposition -flto=12 -fno-plt -fno-signed-zeros -fno-trapping-math -fassociative-math -freciprocal-math -fno-math-errno -ffinite-math-only -fno-rounding-math -fno-signaling-nans -fcx-limited-range -fexcess-precision=fast -falign-functions=32 -fno-stack-protector -fno-stack-clash-protection -fstack-check=no -fno-stack-check -fuse-linker-plugin -Wl,-O4 -Wl,--as-needed -Wl,-lpthread -Wl,-lgomp -Wl,-z,norelro -Wl,-z,now -Wl,--sort-common -s'
 * CXXFLAGS='-march=znver2 -pipe -g0 -O3 -fgraphite-identity -floop-nest-optimize -fdevirtualize-at-ltrans -fipa-pta -fno-semantic-interposition -flto=12 -fno-plt -fno-signed-zeros -fno-trapping-math -fassociative-math -freciprocal-math -fno-math-errno -ffinite-math-only -fno-rounding-math -fno-signaling-nans -fcx-limited-range -fexcess-precision=fast -falign-functions=32 -fno-stack-protector -fno-stack-clash-protection -fstack-check=no -fno-stack-check -fuse-linker-plugin -Wl,-O4 -Wl,--as-needed -Wl,-lpthread -Wl,-lgomp -Wl,-z,norelro -Wl,-z,now -Wl,--sort-common -s'
 * FFLAGS='-march=znver2 -pipe -g0 -O3 -fgraphite-identity -floop-nest-optimize -fdevirtualize-at-ltrans -fipa-pta -fno-semantic-interposition -flto=12 -fno-plt -fno-signed-zeros -fno-trapping-math -fassociative-math -freciprocal-math -fno-math-errno -ffinite-math-only -fno-rounding-math -fno-signaling-nans -fcx-limited-range -fexcess-precision=fast -falign-functions=32 -fno-stack-protector -fno-stack-clash-protection -fstack-check=no -fno-stack-check -fuse-linker-plugin -Wl,-O4 -Wl,--as-needed -Wl,-lpthread -Wl,-lgomp -Wl,-z,norelro -Wl,-z,now -Wl,--sort-common -s'
 * FCFLAGS='-march=znver2 -pipe -g0 -O3 -fgraphite-identity -floop-nest-optimize -fdevirtualize-at-ltrans -fipa-pta -fno-semantic-interposition -flto=12 -fno-plt -fno-signed-zeros -fno-trapping-math -fassociative-math -freciprocal-math -fno-math-errno -ffinite-math-only -fno-rounding-math -fno-signaling-nans -fcx-limited-range -fexcess-precision=fast -falign-functions=32 -fno-stack-protector -fno-stack-clash-protection -fstack-check=no -fno-stack-check -fuse-linker-plugin -Wl,-O4 -Wl,--as-needed -Wl,-lpthread -Wl,-lgomp -Wl,-z,norelro -Wl,-z,now -Wl,--sort-common -s'
 * F77FLAGS='-march=znver2 -pipe -g0 -O3 -fgraphite-identity -floop-nest-optimize -fdevirtualize-at-ltrans -fipa-pta -fno-semantic-interposition -flto=12 -fno-plt -fno-signed-zeros -fno-trapping-math -fassociative-math -freciprocal-math -fno-math-errno -ffinite-math-only -fno-rounding-math -fno-signaling-nans -fcx-limited-range -fexcess-precision=fast -falign-functions=32 -fno-stack-protector -fno-stack-clash-protection -fstack-check=no -fno-stack-check -fuse-linker-plugin -Wl,-O4 -Wl,--as-needed -Wl,-lpthread -Wl,-lgomp -Wl,-z,norelro -Wl,-z,now -Wl,--sort-common -s'
 * LDFLAGS='-march=znver2 -pipe -g0 -O3 -fgraphite-identity -floop-nest-optimize -fdevirtualize-at-ltrans -fipa-pta -fno-semantic-interposition -flto=12 -fno-plt -fno-signed-zeros -fno-trapping-math -fassociative-math -freciprocal-math -fno-math-errno -ffinite-math-only -fno-rounding-math -fno-signaling-nans -fcx-limited-range -fexcess-precision=fast -falign-functions=32 -fno-stack-protector -fno-stack-clash-protection -fstack-check=no -fno-stack-check -fuse-linker-plugin -Wl,-O4 -Wl,--as-needed -Wl,-lpthread -Wl,-lgomp -Wl,-z,norelro -Wl,-z,now -Wl,--sort-common -s'
 * MAKEOPTS='-j12 -l12'
 * gcc () 11.0.0 20200531 (experimental)
 * g++ () 11.0.0 20200531 (experimental)
 * GNU ld (Gentoo 2.34 p4) 2.34.0
 * Linux ryzen.gnum.org 5.4.36 #1 SMP Thu Apr 30 04:38:28 UTC 2020 x86_64 AMD Ryzen 5 3600 6-Core Processor AuthenticAMD GNU/Linux
sys-firmware/seabios: 15 seconds average for 1 merge
2020-05-30T23:01:50 >>> sys-firmware/seabios: 15 seconds
]0;emerge 01:47:13 88|1172 seabios 00:15 (root@ryzen.gnum.org)kemerge 01:47:13 88|1172 seabios 00:15 (root@ryzen.gnum.org)\>>> Unpacking source...
>>> Unpacking seabios-1.12.0-bin.tar.xz to /tmp/portage/sys-firmware/seabios-1.12.0/work
>>> Source unpacked in /tmp/portage/sys-firmware/seabios-1.12.0/work
>>> Preparing source in /tmp/portage/sys-firmware/seabios-1.12.0/work/seabios-1.12.0 ...
>>> Source prepared.
>>> Configuring source in /tmp/portage/sys-firmware/seabios-1.12.0/work/seabios-1.12.0 ...
>>> Source configured.
>>> Compiling source in /tmp/portage/sys-firmware/seabios-1.12.0/work/seabios-1.12.0 ...
>>> Source compiled.
>>> Test phase [not enabled]: sys-firmware/seabios-1.12.0

>>> Install sys-firmware/seabios-1.12.0 into /tmp/portage/sys-firmware/seabios-1.12.0/image
>>> Completed installing sys-firmware/seabios-1.12.0 into /tmp/portage/sys-firmware/seabios-1.12.0/image

 * Final size of build directory: 1092 KiB (1.0 MiB)
 * Final size of installed tree:   700 KiB

./
./usr/
./usr/share/
./usr/share/seavgabios/
./usr/share/seavgabios/vgabios-bochs-display.bin
./usr/share/seavgabios/vgabios-cirrus.bin
./usr/share/seavgabios/vgabios-vmware.bin
./usr/share/seavgabios/vgabios-stdvga.bin
./usr/share/seavgabios/vgabios-virtio.bin
./usr/share/seavgabios/vgabios-qxl.bin
./usr/share/seavgabios/vgabios-isavga.bin
./usr/share/seavgabios/vgabios-ramfb.bin
./usr/share/seabios/
./usr/share/seabios/bios-256k.bin
./usr/share/seabios/bios.bin
>>> Done.
 * checking 10 files for package collisions
>>> Merging sys-firmware/seabios-1.12.0 to /
 * removing unneeded *.la files
--- /usr/
--- /usr/share/
--- /usr/share/seabios/
>>> /usr/share/seabios/bios.bin
>>> /usr/share/seabios/bios-256k.bin
--- /usr/share/seavgabios/
>>> /usr/share/seavgabios/vgabios-ramfb.bin
>>> /usr/share/seavgabios/vgabios-isavga.bin
>>> /usr/share/seavgabios/vgabios-qxl.bin
>>> /usr/share/seavgabios/vgabios-virtio.bin
>>> /usr/share/seavgabios/vgabios-stdvga.bin
>>> /usr/share/seavgabios/vgabios-vmware.bin
>>> /usr/share/seavgabios/vgabios-cirrus.bin
>>> /usr/share/seavgabios/vgabios-bochs-display.bin
>>> Safely unmerging already-installed instance...
>>> Original instance of package unmerged safely.
>>> sys-firmware/seabios-1.12.0 merged.
