 * Package:    sys-devel/automake-wrapper-11
 * Repository: gentoo
 * Maintainer: base-system@gentoo.org
 * USE:        abi_x86_64 amd64 elibc_glibc kernel_linux userland_GNU
 * FEATURES:   network-sandbox preserve-libs sandbox userpriv usersandbox
 * FEATURES='assume-digests binpkg-docompress binpkg-dostrip binpkg-logs buildpkg cgroup compress-index config-protect-if-modified distlocks ebuild-locks fixlafiles ipc-sandbox merge-sync multilib-strict network-sandbox news nodoc parallel-fetch pid-sandbox preserve-libs qa-unresolved-soname-deps sandbox sfperms strict strict-keepdir unknown-features-warn unmerge-logs unmerge-orphans userfetch userpriv usersandbox usersync xattr'
 * CFLAGS='-march=native -Ofast -pipe -g0 -fno-common -fgraphite-identity -floop-interchange -floop-nest-optimize -floop-parallelize-all -ftree-parallelize-loops=12 -ftree-vectorize -fdevirtualize-at-ltrans -fipa-pta -fno-semantic-interposition -flto=12 -fno-plt -fbranch-target-load-optimize2 -fcx-fortran-rules -fno-var-tracking-assignments -freschedule-modulo-scheduled-loops -fsched-pressure -fsched-spec-load -fsched-spec-load-dangerous -fsched-stalled-insns=0 -fsched2-use-superblocks -fselective-scheduling -fselective-scheduling2 -fsel-sched-pipelining -fsel-sched-pipelining-outer-loops -ftree-lrs -maccumulate-outgoing-args -fmerge-all-constants -falign-functions=32 -fno-stack-protector -fno-stack-clash-protection -fstack-check=no -fno-stack-check -fuse-linker-plugin -Wl,-O1 -Wl,--as-needed -Wl,--sort-common -Wl,-z -Wl,norelro -Wl,-z,max-page-size=0x1000 -lgomp -lpthread -s'
 * CXXFLAGS='-march=native -Ofast -pipe -g0 -fno-common -fgraphite-identity -floop-interchange -floop-nest-optimize -floop-parallelize-all -ftree-parallelize-loops=12 -ftree-vectorize -fdevirtualize-at-ltrans -fipa-pta -fno-semantic-interposition -flto=12 -fno-plt -fbranch-target-load-optimize2 -fcx-fortran-rules -fno-enforce-eh-specs -fnothrow-opt -fno-var-tracking-assignments -freschedule-modulo-scheduled-loops -fsched-pressure -fsched-spec-load -fsched-spec-load-dangerous -fsched-stalled-insns=0 -fsched2-use-superblocks -fselective-scheduling -fselective-scheduling2 -fsel-sched-pipelining -fsel-sched-pipelining-outer-loops -ftree-lrs -maccumulate-outgoing-args -fmerge-all-constants -falign-functions=32 -fno-stack-protector -fno-stack-clash-protection -fstack-check=no -fno-stack-check -fuse-linker-plugin -Wl,-O1 -Wl,--as-needed -Wl,--sort-common -Wl,-z -Wl,norelro -Wl,-z,max-page-size=0x1000 -lgomp -lpthread -s'
 * FFLAGS='-march=native -Ofast -pipe -g0 -fno-common -fgraphite-identity -floop-interchange -floop-nest-optimize -floop-parallelize-all -ftree-parallelize-loops=12 -ftree-vectorize -fdevirtualize-at-ltrans -fipa-pta -fno-semantic-interposition -flto=12 -fno-plt -fbranch-target-load-optimize2 -fcx-fortran-rules -fno-var-tracking-assignments -freschedule-modulo-scheduled-loops -fsched-pressure -fsched-spec-load -fsched-spec-load-dangerous -fsched-stalled-insns=0 -fsched2-use-superblocks -fselective-scheduling -fselective-scheduling2 -fsel-sched-pipelining -fsel-sched-pipelining-outer-loops -ftree-lrs -maccumulate-outgoing-args -fmerge-all-constants -falign-functions=32 -fno-stack-protector -fno-stack-clash-protection -fstack-check=no -fno-stack-check -fuse-linker-plugin -Wl,-O1 -Wl,--as-needed -Wl,--sort-common -Wl,-z -Wl,norelro -Wl,-z,max-page-size=0x1000 -lgomp -lpthread -s'
 * FCFLAGS='-march=native -Ofast -pipe -g0 -fno-common -fgraphite-identity -floop-interchange -floop-nest-optimize -floop-parallelize-all -ftree-parallelize-loops=12 -ftree-vectorize -fdevirtualize-at-ltrans -fipa-pta -fno-semantic-interposition -flto=12 -fno-plt -fbranch-target-load-optimize2 -fcx-fortran-rules -fno-var-tracking-assignments -freschedule-modulo-scheduled-loops -fsched-pressure -fsched-spec-load -fsched-spec-load-dangerous -fsched-stalled-insns=0 -fsched2-use-superblocks -fselective-scheduling -fselective-scheduling2 -fsel-sched-pipelining -fsel-sched-pipelining-outer-loops -ftree-lrs -maccumulate-outgoing-args -fmerge-all-constants -falign-functions=32 -fno-stack-protector -fno-stack-clash-protection -fstack-check=no -fno-stack-check -fuse-linker-plugin -Wl,-O1 -Wl,--as-needed -Wl,--sort-common -Wl,-z -Wl,norelro -Wl,-z,max-page-size=0x1000 -lgomp -lpthread -s'
 * F77FLAGS='-march=native -Ofast -pipe -g0 -fno-common -fgraphite-identity -floop-interchange -floop-nest-optimize -floop-parallelize-all -ftree-parallelize-loops=12 -ftree-vectorize -fdevirtualize-at-ltrans -fipa-pta -fno-semantic-interposition -flto=12 -fno-plt -fbranch-target-load-optimize2 -fcx-fortran-rules -fno-enforce-eh-specs -fnothrow-opt -fno-var-tracking-assignments -freschedule-modulo-scheduled-loops -fsched-pressure -fsched-spec-load -fsched-spec-load-dangerous -fsched-stalled-insns=0 -fsched2-use-superblocks -fselective-scheduling -fselective-scheduling2 -fsel-sched-pipelining -fsel-sched-pipelining-outer-loops -ftree-lrs -maccumulate-outgoing-args -fmerge-all-constants -falign-functions=32 -fno-stack-protector -fno-stack-clash-protection -fstack-check=no -fno-stack-check -fuse-linker-plugin -Wl,-O1 -Wl,--as-needed -Wl,--sort-common -Wl,-z -Wl,norelro -Wl,-z,max-page-size=0x1000 -lgomp -lpthread -s'
 * LDFLAGS='-march=native -Ofast -pipe -g0 -fno-common -fgraphite-identity -floop-interchange -floop-nest-optimize -floop-parallelize-all -ftree-parallelize-loops=12 -ftree-vectorize -fdevirtualize-at-ltrans -fipa-pta -fno-semantic-interposition -flto=12 -fno-plt -fbranch-target-load-optimize2 -fcx-fortran-rules -fno-enforce-eh-specs -fnothrow-opt -fno-var-tracking-assignments -freschedule-modulo-scheduled-loops -fsched-pressure -fsched-spec-load -fsched-spec-load-dangerous -fsched-stalled-insns=0 -fsched2-use-superblocks -fselective-scheduling -fselective-scheduling2 -fsel-sched-pipelining -fsel-sched-pipelining-outer-loops -ftree-lrs -maccumulate-outgoing-args -fmerge-all-constants -falign-functions=32 -fno-stack-protector -fno-stack-clash-protection -fstack-check=no -fno-stack-check -fuse-linker-plugin -Wl,-O1 -Wl,--as-needed -Wl,--sort-common -Wl,-z -Wl,norelro -Wl,-z,max-page-size=0x1000 -lgomp -lpthread -s'
 * MAKEOPTS='-j12 -l12'
 * gcc () 11.0.0 20200618 (experimental)
 * g++ () 11.0.0 20200618 (experimental)
 * GNU ld (Gentoo 2.34 p4) 2.34.0
 * Linux rescue 5.4.36 #1 SMP Thu Apr 30 04:38:28 UTC 2020 x86_64 AMD Ryzen 5 3600 6-Core Processor AuthenticAMD GNU/Linux
sys-devel/automake-wrapper: 3 minutes, 57 seconds average for 30 merges
2020-05-16T20:38:56 >>> sys-devel/automake-wrapper: 8 seconds
2020-05-20T00:56:03 >>> sys-devel/automake-wrapper: 2 minutes, 54 seconds
2020-05-21T05:50:19 >>> sys-devel/automake-wrapper: 6 seconds
2020-05-22T01:55:00 >>> sys-devel/automake-wrapper: 6 minutes, 58 seconds
2020-05-22T03:06:16 >>> sys-devel/automake-wrapper: 7 minutes, 37 seconds
2020-05-22T12:25:49 >>> sys-devel/automake-wrapper: 7 minutes, 23 seconds
2020-05-23T03:27:52 >>> sys-devel/automake-wrapper: 7 minutes
2020-05-24T23:21:05 >>> sys-devel/automake-wrapper: 9 minutes, 2 seconds
2020-05-25T03:01:31 >>> sys-devel/automake-wrapper: 2 minutes, 29 seconds
2020-05-25T18:13:12 >>> sys-devel/automake-wrapper: 7 minutes, 24 seconds
2020-05-25T19:50:09 >>> sys-devel/automake-wrapper: 4 minutes, 26 seconds
2020-05-26T12:44:12 >>> sys-devel/automake-wrapper: 43 seconds
2020-05-26T13:46:17 >>> sys-devel/automake-wrapper: 4 minutes, 7 seconds
2020-05-27T01:24:04 >>> sys-devel/automake-wrapper: 3 minutes, 50 seconds
2020-05-27T02:59:38 >>> sys-devel/automake-wrapper: 8 minutes, 13 seconds
2020-05-28T13:21:59 >>> sys-devel/automake-wrapper: 6 minutes, 56 seconds
2020-05-28T14:11:28 >>> sys-devel/automake-wrapper: 4 minutes, 4 seconds
2020-05-29T01:31:36 >>> sys-devel/automake-wrapper: 3 minutes, 42 seconds
2020-05-30T12:30:39 >>> sys-devel/automake-wrapper: 34 seconds
2020-05-30T21:32:53 >>> sys-devel/automake-wrapper: 18 seconds
2020-06-01T01:44:02 >>> sys-devel/automake-wrapper: 6 minutes, 59 seconds
2020-06-04T11:49:40 >>> sys-devel/automake-wrapper: 17 minutes, 39 seconds
2020-06-12T01:22:43 >>> sys-devel/automake-wrapper: 32 seconds
2020-06-13T03:22:20 >>> sys-devel/automake-wrapper: 1 minute, 7 seconds
2020-06-13T19:55:22 >>> sys-devel/automake-wrapper: 1 minute, 41 seconds
2020-06-14T04:34:38 >>> sys-devel/automake-wrapper: 17 seconds
2020-06-15T13:44:48 >>> sys-devel/automake-wrapper: 32 seconds
2020-06-16T13:36:01 >>> sys-devel/automake-wrapper: 1 minute, 1 second
2020-06-17T03:09:03 >>> sys-devel/automake-wrapper: 21 seconds
2020-06-17T13:34:31 >>> sys-devel/automake-wrapper: 31 seconds
]0;emerge 08:22:59 67|738 automake-wrapper 00:38 (root@rescue)kemerge 08:22:59 67|738 automake-wrapper 00:38 (root@rescue)\>>> Unpacking source...
>>> Source unpacked in /tmp/portage/sys-devel/automake-wrapper-11/work
>>> Preparing source in /tmp/portage/sys-devel/automake-wrapper-11/work ...
>>> Source prepared.
>>> Configuring source in /tmp/portage/sys-devel/automake-wrapper-11/work ...
>>> Source configured.
>>> Compiling source in /tmp/portage/sys-devel/automake-wrapper-11/work ...
>>> Source compiled.
>>> Test phase [not enabled]: sys-devel/automake-wrapper-11

>>> Install sys-devel/automake-wrapper-11 into /tmp/portage/sys-devel/automake-wrapper-11/image/
>>> Completed installing sys-devel/automake-wrapper-11 into /tmp/portage/sys-devel/automake-wrapper-11/image/

 * Final size of build directory: 12 KiB
 * Final size of installed tree:  28 KiB

Parallel BZIP2 v1.1.13 [Dec 18, 2015]
By: Jeff Gilchrist [http://compression.ca]
Major contributions: Yavor Nikolov [http://javornikolov.wordpress.com]
Uses libbzip2 by Julian Seward

         # CPUs: 4
   Load Average: 8.30
 BWT Block Size: 200 KB
File Block Size: 900 KB
 Maximum Memory: 1024 MB
-------------------------------------------
         File #: 1 of 1
     Input Name: compressme
    Output Name: compressme.bz2

     Input Size: 3895 bytes
Compressing data (no threads)...
Completed: 100%                 Output Size: 918 bytes
-------------------------------------------

     Wall Clock: 0.000829 seconds
./
./usr/
./usr/bin/
./usr/bin/automake
./usr/bin/aclocal
./usr/share/
./usr/share/aclocal/
./usr/share/aclocal/.keep_sys-devel_automake-wrapper-0
>>> Done.
 * checking 3 files for package collisions
>>> Merging sys-devel/automake-wrapper-11 to /
 * removing unneeded *.la files
--- /usr/
--- /usr/share/
--- /usr/share/aclocal/
>>> /usr/share/aclocal/.keep_sys-devel_automake-wrapper-0
--- /usr/bin/
>>> /usr/bin/aclocal -> automake
>>> /usr/bin/automake
>>> Safely unmerging already-installed instance...
>>> Original instance of package unmerged safely.
>>> sys-devel/automake-wrapper-11 merged.
