>>> Extracting info
 * Package:    sys-apps/ucspi-tcp-0.88-r18
 * Repository: gentoo
 * USE:        userland_GNU split-usr ipv6 abi_x86_64 kernel_linux amd64 elibc_glibc
 * FEATURES:   ccache network-sandbox preserve-libs sandbox userpriv usersandbox
 * FEATURES='assume-digests binpkg-docompress binpkg-dostrip binpkg-logs binpkg-multi-instance buildpkg ccache compress-index config-protect-if-modified distlocks downgrade-backup fixlafiles ipc-sandbox merge-sync multilib-strict network-sandbox news nodoc parallel-fetch parallel-install pid-sandbox preserve-libs qa-unresolved-soname-deps sandbox sfperms strict unknown-features-warn unmerge-backup unmerge-logs unmerge-orphans userfetch userpriv usersandbox usersync xattr'
 * CFLAGS='-march=znver2 -O3 -fgraphite-identity -floop-nest-optimize -fdevirtualize-at-ltrans -fipa-pta -fno-semantic-interposition -flto=12 -fno-plt -fno-signed-zeros -fno-trapping-math -fassociative-math -freciprocal-math -fno-math-errno -ffinite-math-only -fno-rounding-math -fno-signaling-nans -fcx-limited-range -fexcess-precision=fast -falign-functions=32 -fno-stack-protector -fno-stack-clash-protection -fstack-check=no -fno-stack-check -fuse-linker-plugin -pipe -g0 -Wl,-O1 -Wl,--as-needed -Wl,-z,norelro -Wl,-z,now -Wl,--sort-common -s'
 * CXXFLAGS='-march=znver2 -O3 -fgraphite-identity -floop-nest-optimize -fdevirtualize-at-ltrans -fipa-pta -fno-semantic-interposition -flto=12 -fno-plt -fno-signed-zeros -fno-trapping-math -fassociative-math -freciprocal-math -fno-math-errno -ffinite-math-only -fno-rounding-math -fno-signaling-nans -fcx-limited-range -fexcess-precision=fast -falign-functions=32 -fno-stack-protector -fno-stack-clash-protection -fstack-check=no -fno-stack-check -fuse-linker-plugin -pipe -g0 -Wl,-O1 -Wl,--as-needed -Wl,-z,norelro -Wl,-z,now -Wl,--sort-common -s'
 * FFLAGS='-march=znver2 -O3 -fgraphite-identity -floop-nest-optimize -fdevirtualize-at-ltrans -fipa-pta -fno-semantic-interposition -flto=12 -fno-plt -fno-signed-zeros -fno-trapping-math -fassociative-math -freciprocal-math -fno-math-errno -ffinite-math-only -fno-rounding-math -fno-signaling-nans -fcx-limited-range -fexcess-precision=fast -falign-functions=32 -fno-stack-protector -fno-stack-clash-protection -fstack-check=no -fno-stack-check -fuse-linker-plugin -pipe -g0 -Wl,-O1 -Wl,--as-needed -Wl,-z,norelro -Wl,-z,now -Wl,--sort-common -s'
 * FCFLAGS='-march=znver2 -O3 -fgraphite-identity -floop-nest-optimize -fdevirtualize-at-ltrans -fipa-pta -fno-semantic-interposition -flto=12 -fno-plt -fno-signed-zeros -fno-trapping-math -fassociative-math -freciprocal-math -fno-math-errno -ffinite-math-only -fno-rounding-math -fno-signaling-nans -fcx-limited-range -fexcess-precision=fast -falign-functions=32 -fno-stack-protector -fno-stack-clash-protection -fstack-check=no -fno-stack-check -fuse-linker-plugin -pipe -g0 -Wl,-O1 -Wl,--as-needed -Wl,-z,norelro -Wl,-z,now -Wl,--sort-common -s'
 * F77FLAGS='-march=znver2 -O3 -fgraphite-identity -floop-nest-optimize -fdevirtualize-at-ltrans -fipa-pta -fno-semantic-interposition -flto=12 -fno-plt -fno-signed-zeros -fno-trapping-math -fassociative-math -freciprocal-math -fno-math-errno -ffinite-math-only -fno-rounding-math -fno-signaling-nans -fcx-limited-range -fexcess-precision=fast -falign-functions=32 -fno-stack-protector -fno-stack-clash-protection -fstack-check=no -fno-stack-check -fuse-linker-plugin -pipe -g0 -Wl,-O1 -Wl,--as-needed -Wl,-z,norelro -Wl,-z,now -Wl,--sort-common -s'
 * LDFLAGS='-Wl,-O1 -Wl,--as-needed -Wl,-z,norelro -Wl,-z,now -Wl,--sort-common -s -march=znver2 -O3 -fgraphite-identity -floop-nest-optimize -fdevirtualize-at-ltrans -fipa-pta -fno-semantic-interposition -flto=12 -fno-plt -fno-signed-zeros -fno-trapping-math -fassociative-math -freciprocal-math -fno-math-errno -ffinite-math-only -fno-rounding-math -fno-signaling-nans -fcx-limited-range -fexcess-precision=fast -falign-functions=32 -fno-stack-protector -fno-stack-clash-protection -fstack-check=no -fno-stack-check -fuse-linker-plugin -pipe -g0'
 * MAKEOPTS='-j12 -l12'
 * gcc () 11.0.0 20200530 (experimental)
 * g++ () 11.0.0 20200530 (experimental)
 * GNU ld (Gentoo 2.34 p4) 2.34.0
 * Linux ryzen.gnum.org 5.4.36 #1 SMP Thu Apr 30 04:38:28 UTC 2020 x86_64 AMD Ryzen 5 3600 6-Core Processor AuthenticAMD GNU/Linux
sys-apps/ucspi-tcp: 26 seconds average for 3 merges
2020-05-28T02:49:03 >>> sys-apps/ucspi-tcp: 7 seconds
2020-05-28T13:25:34 >>> sys-apps/ucspi-tcp: 16 seconds
2020-05-30T12:32:28 >>> sys-apps/ucspi-tcp: 55 seconds
]0;emerge 21:33:40 1590867220:  >>> unmerge success: app-shells/quoter-4.1-r1 ucspi-tcp 00:26 (root@ryzen.gnum.org)kemerge 21:33:40 1590867220:  >>> unmerge success: app-shells/quoter-4.1-r1 ucspi-tcp 00:26 (root@ryzen.gnum.org)\>>> Extracting sys-apps/ucspi-tcp-0.88-r18
 * checking 34 files for package collisions
>>> Merging sys-apps/ucspi-tcp-0.88-r18 to /
 * removing unneeded *.la files
--- /etc/
--- /etc/tcprules.d/
>>> /etc/tcprules.d/Makefile
--- /usr/
--- /usr/share/
--- /usr/share/man/
--- /usr/share/man/man1/
>>> /usr/share/man/man1/http@.1.bz2
>>> /usr/share/man/man1/addcr.1.bz2
>>> /usr/share/man/man1/tcpserver.1.bz2
>>> /usr/share/man/man1/tcprules.1.bz2
>>> /usr/share/man/man1/finger@.1.bz2
>>> /usr/share/man/man1/date@.1.bz2
>>> /usr/share/man/man1/mconnect.1.bz2
>>> /usr/share/man/man1/argv0.1.bz2
>>> /usr/share/man/man1/tcpclient.1.bz2
>>> /usr/share/man/man1/tcpcat.1.bz2
>>> /usr/share/man/man1/recordio.1.bz2
>>> /usr/share/man/man1/who@.1.bz2
>>> /usr/share/man/man1/delcr.1.bz2
>>> /usr/share/man/man1/fixcrio.1.bz2
>>> /usr/share/man/man1/tcprulescheck.1.bz2
>>> /usr/share/man/man1/rblsmtpd.1.bz2
--- /usr/bin/
>>> /usr/bin/addcr
>>> /usr/bin/tcpcat
>>> /usr/bin/recordio
>>> /usr/bin/mconnect-io
>>> /usr/bin/rblsmtpd
>>> /usr/bin/fixcrio
>>> /usr/bin/http@
>>> /usr/bin/tcpclient
>>> /usr/bin/delcr
>>> /usr/bin/mconnect
>>> /usr/bin/tcprules
>>> /usr/bin/date@
>>> /usr/bin/tcpserver
>>> /usr/bin/who@
>>> /usr/bin/tcprulescheck
>>> /usr/bin/argv0
>>> /usr/bin/finger@
>>> Safely unmerging already-installed instance...
>>> Original instance of package unmerged safely.
>>> sys-apps/ucspi-tcp-0.88-r18 merged.
