>>> Extracting info
[32;01m * [39;49;00mPackage:    sys-apps/less-562
[32;01m * [39;49;00mRepository: mv
[32;01m * [39;49;00mUSE:        amd64 unicode elibc_glibc lesspipe userland_GNU less-select pcre kernel_linux source abi_x86_64
[32;01m * [39;49;00mFEATURES:   network-sandbox preserve-libs sandbox userpriv usersandbox
 [32;01m*[0m /etc/portage/package.cflags/ltoworkarounds.conf -> */*: *FLAGS+=-Wl,-O4 *FLAGS-=-Wl,-O1
 [32;01m*[0m FEATURES='assume-digests binpkg-docompress binpkg-dostrip binpkg-logs binpkg-multi-instance cgroup compress-index config-protect-if-modified distlocks fixlafiles ipc-sandbox merge-sync multilib-strict network-sandbox news nodoc parallel-fetch parallel-install pid-sandbox preserve-libs qa-unresolved-soname-deps sandbox sfperms strict strict-keepdir unknown-features-warn unmerge-logs unmerge-orphans userfetch userpriv usersandbox usersync xattr'
 [32;01m*[0m CFLAGS='-march=znver2 -pipe -g0 -O3 -fgraphite-identity -floop-nest-optimize -fdevirtualize-at-ltrans -fipa-pta -fno-semantic-interposition -flto=12 -fno-plt -fno-signed-zeros -fno-trapping-math -fassociative-math -freciprocal-math -fno-math-errno -ffinite-math-only -fno-rounding-math -fno-signaling-nans -fcx-limited-range -fexcess-precision=fast -falign-functions=32 -fno-stack-protector -fno-stack-clash-protection -fstack-check=no -fno-stack-check -fuse-linker-plugin -Wl,-O4 -Wl,--as-needed -Wl,-lpthread -Wl,-lgomp -Wl,-z,norelro -Wl,-z,now -Wl,--sort-common -s'
 [32;01m*[0m CXXFLAGS='-march=znver2 -pipe -g0 -O3 -fgraphite-identity -floop-nest-optimize -fdevirtualize-at-ltrans -fipa-pta -fno-semantic-interposition -flto=12 -fno-plt -fno-signed-zeros -fno-trapping-math -fassociative-math -freciprocal-math -fno-math-errno -ffinite-math-only -fno-rounding-math -fno-signaling-nans -fcx-limited-range -fexcess-precision=fast -falign-functions=32 -fno-stack-protector -fno-stack-clash-protection -fstack-check=no -fno-stack-check -fuse-linker-plugin -Wl,-O4 -Wl,--as-needed -Wl,-lpthread -Wl,-lgomp -Wl,-z,norelro -Wl,-z,now -Wl,--sort-common -s'
 [32;01m*[0m FFLAGS='-march=znver2 -pipe -g0 -O3 -fgraphite-identity -floop-nest-optimize -fdevirtualize-at-ltrans -fipa-pta -fno-semantic-interposition -flto=12 -fno-plt -fno-signed-zeros -fno-trapping-math -fassociative-math -freciprocal-math -fno-math-errno -ffinite-math-only -fno-rounding-math -fno-signaling-nans -fcx-limited-range -fexcess-precision=fast -falign-functions=32 -fno-stack-protector -fno-stack-clash-protection -fstack-check=no -fno-stack-check -fuse-linker-plugin -Wl,-O4 -Wl,--as-needed -Wl,-lpthread -Wl,-lgomp -Wl,-z,norelro -Wl,-z,now -Wl,--sort-common -s'
 [32;01m*[0m FCFLAGS='-march=znver2 -pipe -g0 -O3 -fgraphite-identity -floop-nest-optimize -fdevirtualize-at-ltrans -fipa-pta -fno-semantic-interposition -flto=12 -fno-plt -fno-signed-zeros -fno-trapping-math -fassociative-math -freciprocal-math -fno-math-errno -ffinite-math-only -fno-rounding-math -fno-signaling-nans -fcx-limited-range -fexcess-precision=fast -falign-functions=32 -fno-stack-protector -fno-stack-clash-protection -fstack-check=no -fno-stack-check -fuse-linker-plugin -Wl,-O4 -Wl,--as-needed -Wl,-lpthread -Wl,-lgomp -Wl,-z,norelro -Wl,-z,now -Wl,--sort-common -s'
 [32;01m*[0m F77FLAGS='-march=znver2 -pipe -g0 -O3 -fgraphite-identity -floop-nest-optimize -fdevirtualize-at-ltrans -fipa-pta -fno-semantic-interposition -flto=12 -fno-plt -fno-signed-zeros -fno-trapping-math -fassociative-math -freciprocal-math -fno-math-errno -ffinite-math-only -fno-rounding-math -fno-signaling-nans -fcx-limited-range -fexcess-precision=fast -falign-functions=32 -fno-stack-protector -fno-stack-clash-protection -fstack-check=no -fno-stack-check -fuse-linker-plugin -Wl,-O4 -Wl,--as-needed -Wl,-lpthread -Wl,-lgomp -Wl,-z,norelro -Wl,-z,now -Wl,--sort-common -s'
 [32;01m*[0m LDFLAGS='-march=znver2 -pipe -g0 -O3 -fgraphite-identity -floop-nest-optimize -fdevirtualize-at-ltrans -fipa-pta -fno-semantic-interposition -flto=12 -fno-plt -fno-signed-zeros -fno-trapping-math -fassociative-math -freciprocal-math -fno-math-errno -ffinite-math-only -fno-rounding-math -fno-signaling-nans -fcx-limited-range -fexcess-precision=fast -falign-functions=32 -fno-stack-protector -fno-stack-clash-protection -fstack-check=no -fno-stack-check -fuse-linker-plugin -Wl,-O4 -Wl,--as-needed -Wl,-lpthread -Wl,-lgomp -Wl,-z,norelro -Wl,-z,now -Wl,--sort-common -s'
 [32;01m*[0m MAKEOPTS='-j12 -l12'
 [32;01m*[0m gcc () 11.0.0 20200606 (experimental)
 [32;01m*[0m g++ () 11.0.0 20200606 (experimental)
 [32;01m*[0m GNU ld (Gentoo 2.34 p4) 2.34.0
 [32;01m*[0m Linux rescue 5.4.36 #1 SMP Thu Apr 30 04:38:28 UTC 2020 x86_64 AMD Ryzen 5 3600 6-Core Processor AuthenticAMD GNU/Linux
[00;01msys-apps/[00;00m[36;01mless[00;00m: [32;01m1[00;00m minute, [32;01m39[00;00m seconds average for [32;01m10[00;00m merges
2020-05-19T23:50:11 >>> [00;01msys-apps/[00;00m[36;01mless[00;00m: [32;01m12[00;00m seconds
2020-05-21T06:23:20 >>> [00;01msys-apps/[00;00m[36;01mless[00;00m: [32;01m21[00;00m seconds
2020-05-22T01:34:00 >>> [00;01msys-apps/[00;00m[36;01mless[00;00m: [32;01m18[00;00m seconds
2020-05-23T15:09:03 >>> [00;01msys-apps/[00;00m[36;01mless[00;00m: [32;01m1[00;00m minute, [32;01m17[00;00m seconds
2020-05-25T22:26:55 >>> [00;01msys-apps/[00;00m[36;01mless[00;00m: [32;01m22[00;00m seconds
2020-05-26T14:28:15 >>> [00;01msys-apps/[00;00m[36;01mless[00;00m: [32;01m8[00;00m seconds
2020-05-27T02:04:24 >>> [00;01msys-apps/[00;00m[36;01mless[00;00m: [32;01m6[00;00m seconds
2020-05-27T04:31:23 >>> [00;01msys-apps/[00;00m[36;01mless[00;00m: [32;01m36[00;00m seconds
2020-05-30T23:43:22 >>> [00;01msys-apps/[00;00m[36;01mless[00;00m: [32;01m30[00;00m seconds
2020-06-01T10:37:58 >>> [00;01msys-apps/[00;00m[36;01mless[00;00m: [32;01m12[00;00m minutes, [32;01m44[00;00m seconds
]0;emerge 04:04:36 22|43 less 04:37 (root@rescue)kemerge 04:04:36 22|43 less 04:37 (root@rescue)\>>> Extracting sys-apps/less-562
 [32;01m*[39;49;00m checking 13 files for package collisions
>>> Merging sys-apps/less-562 to /
 [32;01m*[0m removing unneeded *.la files
--- /etc/
--- /etc/less/
>>> /etc/less/normal-key.src
>>> /etc/less/normal-key.bin
>>> /etc/less/select-key.src
>>> /etc/less/select-key.bin
--- /etc/env.d/
>>> /etc/env.d/70less
--- /usr/
--- /usr/share/
--- /usr/share/man/
--- /usr/share/man/man1/
>>> /usr/share/man/man1/less.1.bz2
>>> /usr/share/man/man1/lesskey.1.bz2
>>> /usr/share/man/man1/lessecho.1.bz2
--- /usr/bin/
>>> /usr/bin/lessecho
>>> /usr/bin/lesskey
>>> /usr/bin/less
>>> /usr/bin/less-select
>>> /usr/bin/lesspipe
>>> Safely unmerging already-installed instance...
No package files given... Grabbing a set.
--- replaced obj /usr/share/man/man1/lesskey.1.bz2
--- replaced obj /usr/share/man/man1/lessecho.1.bz2
--- replaced obj /usr/share/man/man1/less.1.bz2
--- replaced dir /usr/share/man/man1
--- replaced dir /usr/share/man
--- replaced dir /usr/share
--- replaced obj /usr/bin/lesspipe
--- replaced obj /usr/bin/lesskey
--- replaced obj /usr/bin/lessecho
--- replaced obj /usr/bin/less-select
--- replaced obj /usr/bin/less
--- replaced dir /usr/bin
--- replaced dir /usr
--- replaced obj /etc/less/select-key.src
--- replaced obj /etc/less/select-key.bin
--- replaced obj /etc/less/normal-key.src
--- replaced obj /etc/less/normal-key.bin
--- replaced dir /etc/less
--- replaced obj /etc/env.d/70less
--- replaced dir /etc/env.d
--- replaced dir /etc
>>> Regenerating /etc/ld.so.cache...
>>> Original instance of package unmerged safely.
>>> sys-apps/less-562 merged.
