>>> Extracting info
 * Package:    sys-libs/readline-8.0_p4
 * Repository: gentoo
 * USE:        kernel_linux split-usr userland_GNU elibc_glibc amd64 abi_x86_64 utils unicode
 * FEATURES:   network-sandbox preserve-libs sandbox userpriv usersandbox
 * FEATURES='assume-digests binpkg-docompress binpkg-dostrip binpkg-logs buildpkg cgroup compress-index config-protect-if-modified distlocks ebuild-locks fixlafiles ipc-sandbox merge-sync multilib-strict network-sandbox news nodoc parallel-fetch pid-sandbox preserve-libs qa-unresolved-soname-deps sandbox sfperms strict strict-keepdir unknown-features-warn unmerge-logs unmerge-orphans userfetch userpriv usersandbox usersync xattr'
 * CFLAGS='-march=znver2 -O2 -pipe -fno-stack-protector -fno-stack-clash-protection -fstack-check=no -fno-stack-check -Wl,-O1 -Wl,--as-needed -L.'
 * CXXFLAGS='-march=znver2 -O2 -pipe -fno-stack-protector -fno-stack-clash-protection -fstack-check=no -fno-stack-check -Wl,-O1 -Wl,--as-needed -L.'
 * CPPFLAGS='-D_GNU_SOURCE -Dxrealloc=_rl_realloc -Dxmalloc=_rl_malloc -Dxfree=_rl_free'
 * FFLAGS='-march=znver2 -O2 -pipe -fno-stack-protector -fno-stack-clash-protection -fstack-check=no -fno-stack-check -Wl,-O1 -Wl,--as-needed -L.'
 * FCFLAGS='-march=znver2 -O2 -pipe -fno-stack-protector -fno-stack-clash-protection -fstack-check=no -fno-stack-check -Wl,-O1 -Wl,--as-needed -L.'
 * F77FLAGS='-march=znver2 -O2 -pipe -fno-stack-protector -fno-stack-clash-protection -fstack-check=no -fno-stack-check -Wl,-O1 -Wl,--as-needed -L.'
 * LDFLAGS='-Wl,-O1 -Wl,--as-needed -L.'
 * MAKEOPTS='-j12 -l12'
 * gcc (Gentoo 10.1.0-r1 p2) 10.1.0
 * g++ (Gentoo 10.1.0-r1 p2) 10.1.0
 * GNU gold (Gentoo 2.34 p4 2.34.0) 1.16
 * Linux rescue 5.4.36 #1 SMP Thu Apr 30 04:38:28 UTC 2020 x86_64 AMD Ryzen 5 3600 6-Core Processor AuthenticAMD GNU/Linux
sys-libs/readline: 41 seconds average for 24 merges
2020-05-16T21:35:13 >>> sys-libs/readline: 23 seconds
2020-05-20T01:14:16 >>> sys-libs/readline: 6 seconds
2020-05-21T06:19:38 >>> sys-libs/readline: 6 seconds
2020-05-23T13:59:48 >>> sys-libs/readline: 24 seconds
2020-05-24T22:43:26 >>> sys-libs/readline: 4 minutes, 35 seconds
2020-05-24T23:38:44 >>> sys-libs/readline: 3 minutes, 24 seconds
2020-05-25T03:08:34 >>> sys-libs/readline: 17 seconds
2020-05-25T14:43:17 >>> sys-libs/readline: 10 seconds
2020-05-25T18:25:05 >>> sys-libs/readline: 2 minutes, 51 seconds
2020-05-25T20:03:46 >>> sys-libs/readline: 28 seconds
2020-05-26T13:56:01 >>> sys-libs/readline: 21 seconds
2020-05-27T01:36:12 >>> sys-libs/readline: 6 seconds
2020-05-27T03:33:47 >>> sys-libs/readline: 24 seconds
2020-05-28T14:37:48 >>> sys-libs/readline: 6 seconds
2020-05-29T01:56:40 >>> sys-libs/readline: 9 seconds
2020-05-30T12:49:15 >>> sys-libs/readline: 27 seconds
2020-05-30T21:41:39 >>> sys-libs/readline: 7 seconds
2020-06-01T04:26:19 >>> sys-libs/readline: 27 seconds
2020-06-04T13:38:41 >>> sys-libs/readline: 32 seconds
2020-06-12T01:28:51 >>> sys-libs/readline: 5 seconds
2020-06-13T02:52:23 >>> sys-libs/readline: 18 seconds
2020-06-13T03:40:35 >>> sys-libs/readline: 17 seconds
2020-06-13T20:07:38 >>> sys-libs/readline: 9 seconds
2020-06-14T05:00:16 >>> sys-libs/readline: 25 seconds
]0;emerge 13:51:27 102|565 readline 00:17 (root@rescue)>>> Extracting sys-libs/readline-8.0_p4
 * checking 27 files for package collisions
>>> Merging sys-libs/readline-8.0_p4 to /
 * removing unneeded *.la files
--- /lib64/
>>> /lib64/libhistory.so.8.0
>>> /lib64/libreadline.so.8 -> libreadline.so.8.0
>>> /lib64/libhistory.so.8 -> libhistory.so.8.0
>>> /lib64/libreadline.so.8.0
--- /usr/
--- /usr/lib64/
>>> /usr/lib64/libhistory.so
--- /usr/lib64/pkgconfig/
>>> /usr/lib64/pkgconfig/readline.pc
>>> /usr/lib64/libreadline.so
--- /usr/share/
--- /usr/share/man/
--- /usr/share/man/man3/
>>> /usr/share/man/man3/history.3.bz2
>>> /usr/share/man/man3/readline.3
>>> /usr/share/man/man3/history.3
>>> /usr/share/man/man3/readline.3.bz2
--- /usr/share/info/
>>> /usr/share/info/readline.info
>>> /usr/share/info/history.info
>>> /usr/share/info/rluserman.info.bz2
>>> /usr/share/info/history.info.bz2
>>> /usr/share/info/readline.info.bz2
>>> /usr/share/info/rluserman.info
--- /usr/include/
--- /usr/include/readline/
>>> /usr/include/readline/rlmbutil.h
>>> /usr/include/readline/rltypedefs.h
>>> /usr/include/readline/history.h
>>> /usr/include/readline/rlstdc.h
>>> /usr/include/readline/keymaps.h
>>> /usr/include/readline/chardefs.h
>>> /usr/include/readline/rlconf.h
>>> /usr/include/readline/tilde.h
>>> /usr/include/readline/readline.h
--- /usr/bin/
>>> /usr/bin/rlfe
>>> Safely unmerging already-installed instance...
!!! File Not Found: '/etc/env.d/99lcdfilter'
>>> Original instance of package unmerged safely.
>>> sys-libs/readline-8.0_p4 merged.
!!! File Not Found: '/etc/env.d/99lcdfilter'
>>> Regenerating /etc/ld.so.cache...
