>>> Extracting info
[32;01m * [39;49;00mPackage:    sys-apps/shadow-4.8.1-r2
[32;01m * [39;49;00mRepository: gentoo
[32;01m * [39;49;00mUSE:        su amd64 pam elibc_glibc userland_GNU cracklib nls xattr split-usr acl kernel_linux bcrypt abi_x86_64
[32;01m * [39;49;00mFEATURES:   network-sandbox preserve-libs sandbox userpriv usersandbox
 [32;01m*[0m /etc/portage/package.cflags/ltoworkarounds.conf -> */*: *FLAGS+=-Wl,-O4 *FLAGS-=-Wl,-O1
 [32;01m*[0m FEATURES='assume-digests binpkg-docompress binpkg-dostrip binpkg-logs binpkg-multi-instance cgroup compress-index config-protect-if-modified distlocks fixlafiles ipc-sandbox merge-sync multilib-strict network-sandbox news nodoc parallel-fetch parallel-install pid-sandbox preserve-libs qa-unresolved-soname-deps sandbox sfperms strict strict-keepdir unknown-features-warn unmerge-logs unmerge-orphans userfetch userpriv usersandbox usersync xattr'
 [32;01m*[0m CFLAGS='-march=znver2 -pipe -g0 -O3 -fgraphite-identity -floop-nest-optimize -fdevirtualize-at-ltrans -fipa-pta -fno-semantic-interposition -flto=12 -fno-plt -fno-signed-zeros -fno-trapping-math -fassociative-math -freciprocal-math -fno-math-errno -ffinite-math-only -fno-rounding-math -fno-signaling-nans -fcx-limited-range -fexcess-precision=fast -falign-functions=32 -fno-stack-protector -fno-stack-clash-protection -fstack-check=no -fno-stack-check -fuse-linker-plugin -Wl,-O4 -Wl,--as-needed -Wl,-lpthread -Wl,-lgomp -Wl,-z,norelro -Wl,-z,now -Wl,--sort-common -s'
 [32;01m*[0m CXXFLAGS='-march=znver2 -pipe -g0 -O3 -fgraphite-identity -floop-nest-optimize -fdevirtualize-at-ltrans -fipa-pta -fno-semantic-interposition -flto=12 -fno-plt -fno-signed-zeros -fno-trapping-math -fassociative-math -freciprocal-math -fno-math-errno -ffinite-math-only -fno-rounding-math -fno-signaling-nans -fcx-limited-range -fexcess-precision=fast -falign-functions=32 -fno-stack-protector -fno-stack-clash-protection -fstack-check=no -fno-stack-check -fuse-linker-plugin -Wl,-O4 -Wl,--as-needed -Wl,-lpthread -Wl,-lgomp -Wl,-z,norelro -Wl,-z,now -Wl,--sort-common -s'
 [32;01m*[0m FFLAGS='-march=znver2 -pipe -g0 -O3 -fgraphite-identity -floop-nest-optimize -fdevirtualize-at-ltrans -fipa-pta -fno-semantic-interposition -flto=12 -fno-plt -fno-signed-zeros -fno-trapping-math -fassociative-math -freciprocal-math -fno-math-errno -ffinite-math-only -fno-rounding-math -fno-signaling-nans -fcx-limited-range -fexcess-precision=fast -falign-functions=32 -fno-stack-protector -fno-stack-clash-protection -fstack-check=no -fno-stack-check -fuse-linker-plugin -Wl,-O4 -Wl,--as-needed -Wl,-lpthread -Wl,-lgomp -Wl,-z,norelro -Wl,-z,now -Wl,--sort-common -s'
 [32;01m*[0m FCFLAGS='-march=znver2 -pipe -g0 -O3 -fgraphite-identity -floop-nest-optimize -fdevirtualize-at-ltrans -fipa-pta -fno-semantic-interposition -flto=12 -fno-plt -fno-signed-zeros -fno-trapping-math -fassociative-math -freciprocal-math -fno-math-errno -ffinite-math-only -fno-rounding-math -fno-signaling-nans -fcx-limited-range -fexcess-precision=fast -falign-functions=32 -fno-stack-protector -fno-stack-clash-protection -fstack-check=no -fno-stack-check -fuse-linker-plugin -Wl,-O4 -Wl,--as-needed -Wl,-lpthread -Wl,-lgomp -Wl,-z,norelro -Wl,-z,now -Wl,--sort-common -s'
 [32;01m*[0m F77FLAGS='-march=znver2 -pipe -g0 -O3 -fgraphite-identity -floop-nest-optimize -fdevirtualize-at-ltrans -fipa-pta -fno-semantic-interposition -flto=12 -fno-plt -fno-signed-zeros -fno-trapping-math -fassociative-math -freciprocal-math -fno-math-errno -ffinite-math-only -fno-rounding-math -fno-signaling-nans -fcx-limited-range -fexcess-precision=fast -falign-functions=32 -fno-stack-protector -fno-stack-clash-protection -fstack-check=no -fno-stack-check -fuse-linker-plugin -Wl,-O4 -Wl,--as-needed -Wl,-lpthread -Wl,-lgomp -Wl,-z,norelro -Wl,-z,now -Wl,--sort-common -s'
 [32;01m*[0m LDFLAGS='-march=znver2 -pipe -g0 -O3 -fgraphite-identity -floop-nest-optimize -fdevirtualize-at-ltrans -fipa-pta -fno-semantic-interposition -flto=12 -fno-plt -fno-signed-zeros -fno-trapping-math -fassociative-math -freciprocal-math -fno-math-errno -ffinite-math-only -fno-rounding-math -fno-signaling-nans -fcx-limited-range -fexcess-precision=fast -falign-functions=32 -fno-stack-protector -fno-stack-clash-protection -fstack-check=no -fno-stack-check -fuse-linker-plugin -Wl,-O4 -Wl,--as-needed -Wl,-lpthread -Wl,-lgomp -Wl,-z,norelro -Wl,-z,now -Wl,--sort-common -s'
 [32;01m*[0m MAKEOPTS='-j12 -l12'
 [32;01m*[0m gcc () 11.0.0 20200606 (experimental)
 [32;01m*[0m g++ () 11.0.0 20200606 (experimental)
 [32;01m*[0m GNU ld (Gentoo 2.34 p4) 2.34.0
 [32;01m*[0m Linux rescue 5.4.36 #1 SMP Thu Apr 30 04:38:28 UTC 2020 x86_64 AMD Ryzen 5 3600 6-Core Processor AuthenticAMD GNU/Linux
[00;01msys-apps/[00;00m[36;01mshadow[00;00m: [32;01m2[00;00m minutes, [32;01m37[00;00m seconds average for [32;01m9[00;00m merges
2020-05-23T23:09:06 >>> [00;01msys-apps/[00;00m[36;01mshadow[00;00m: [32;01m33[00;00m seconds
2020-05-26T01:38:15 >>> [00;01msys-apps/[00;00m[36;01mshadow[00;00m: [32;01m44[00;00m seconds
2020-05-27T02:20:13 >>> [00;01msys-apps/[00;00m[36;01mshadow[00;00m: [32;01m7[00;00m seconds
2020-05-29T02:14:03 >>> [00;01msys-apps/[00;00m[36;01mshadow[00;00m: [32;01m7[00;00m seconds
2020-05-30T23:58:58 >>> [00;01msys-apps/[00;00m[36;01mshadow[00;00m: [32;01m4[00;00m minutes, [32;01m4[00;00m seconds
2020-05-31T11:38:54 >>> [00;01msys-apps/[00;00m[36;01mshadow[00;00m: [32;01m11[00;00m minutes, [32;01m54[00;00m seconds
2020-06-01T00:14:11 >>> [00;01msys-apps/[00;00m[36;01mshadow[00;00m: [32;01m4[00;00m minutes, [32;01m47[00;00m seconds
2020-06-01T10:35:17 >>> [00;01msys-apps/[00;00m[36;01mshadow[00;00m: [32;01m1[00;00m minute, [32;01m7[00;00m seconds
2020-06-05T02:08:33 >>> [00;01msys-apps/[00;00m[36;01mshadow[00;00m: [32;01m13[00;00m seconds
]0;emerge 04:05:34 31|43 shadow 02:02 (root@rescue)kemerge 04:05:34 31|43 shadow 02:02 (root@rescue)\>>> Extracting sys-apps/shadow-4.8.1-r2
 [32;01m*[39;49;00m checking 87 files for package collisions
>>> Merging sys-apps/shadow-4.8.1-r2 to /
 [32;01m*[0m removing unneeded *.la files
 [32;01m*[0m >>> SetUID: [chmod go-r] /bin/passwd ...
[A[263C [34;01m[ [32;01mok[34;01m ][0m
 [32;01m*[0m >>> SetUID: [chmod go-r] /bin/su ...
[A[263C [34;01m[ [32;01mok[34;01m ][0m
 [32;01m*[0m >>> SetUID: [chmod go-r] /usr/bin/expiry ...
[A[263C [34;01m[ [32;01mok[34;01m ][0m
 [32;01m*[0m >>> SetUID: [chmod go-r] /usr/bin/newgidmap ...
[A[263C [34;01m[ [32;01mok[34;01m ][0m
 [32;01m*[0m >>> SetUID: [chmod go-r] /usr/bin/gpasswd ...
[A[263C [34;01m[ [32;01mok[34;01m ][0m
 [32;01m*[0m >>> SetUID: [chmod go-r] /usr/bin/chfn ...
[A[263C [34;01m[ [32;01mok[34;01m ][0m
 [32;01m*[0m >>> SetUID: [chmod go-r] /usr/bin/newgrp ...
[A[263C [34;01m[ [32;01mok[34;01m ][0m
 [32;01m*[0m >>> SetUID: [chmod go-r] /usr/bin/newuidmap ...
[A[263C [34;01m[ [32;01mok[34;01m ][0m
 [32;01m*[0m >>> SetUID: [chmod go-r] /usr/bin/chage ...
[A[263C [34;01m[ [32;01mok[34;01m ][0m
 [32;01m*[0m >>> SetUID: [chmod go-r] /usr/bin/chsh ...
[A[263C [34;01m[ [32;01mok[34;01m ][0m
--- /etc/
--- /etc/default/
>>> /etc/default/useradd
--- /etc/pam.d/
>>> /etc/pam.d/chsh
>>> /etc/pam.d/chpasswd
>>> /etc/pam.d/newusers
>>> /etc/pam.d/shadow
>>> /etc/pam.d/chfn
>>> /etc/pam.d/shfn
>>> /etc/pam.d/groupmems
>>> /etc/login.defs
--- /usr/
--- /usr/share/
--- /usr/share/man/
--- /usr/share/man/man3/
>>> /usr/share/man/man3/shadow.3.bz2
--- /usr/share/man/man8/
>>> /usr/share/man/man8/usermod.8.bz2
>>> /usr/share/man/man8/groupdel.8.bz2
>>> /usr/share/man/man8/nologin.8.bz2
>>> /usr/share/man/man8/pwunconv.8
>>> /usr/share/man/man8/logoutd.8.bz2
>>> /usr/share/man/man8/lastlog.8.bz2
>>> /usr/share/man/man8/groupmems.8.bz2
>>> /usr/share/man/man8/useradd.8.bz2
>>> /usr/share/man/man8/grpconv.8
>>> /usr/share/man/man8/pwconv.8.bz2
>>> /usr/share/man/man8/grpck.8.bz2
>>> /usr/share/man/man8/pwck.8.bz2
>>> /usr/share/man/man8/groupmod.8.bz2
>>> /usr/share/man/man8/vipw.8.bz2
>>> /usr/share/man/man8/groupadd.8.bz2
>>> /usr/share/man/man8/chpasswd.8.bz2
>>> /usr/share/man/man8/grpunconv.8
>>> /usr/share/man/man8/userdel.8.bz2
>>> /usr/share/man/man8/chgpasswd.8.bz2
>>> /usr/share/man/man8/vigr.8
>>> /usr/share/man/man8/faillog.8.bz2
>>> /usr/share/man/man8/newusers.8.bz2
--- /usr/share/man/man5/
>>> /usr/share/man/man5/login.defs.5.bz2
>>> /usr/share/man/man5/subuid.5.bz2
>>> /usr/share/man/man5/faillog.5.bz2
>>> /usr/share/man/man5/subgid.5.bz2
>>> /usr/share/man/man5/gshadow.5.bz2
>>> /usr/share/man/man5/shadow.5.bz2
--- /usr/share/man/man1/
>>> /usr/share/man/man1/passwd.1.bz2
>>> /usr/share/man/man1/newgidmap.1.bz2
>>> /usr/share/man/man1/groups.1.bz2
>>> /usr/share/man/man1/su.1.bz2
>>> /usr/share/man/man1/chage.1.bz2
>>> /usr/share/man/man1/chsh.1.bz2
>>> /usr/share/man/man1/sg.1.bz2
>>> /usr/share/man/man1/gpasswd.1.bz2
>>> /usr/share/man/man1/newuidmap.1.bz2
>>> /usr/share/man/man1/newgrp.1.bz2
>>> /usr/share/man/man1/login.1.bz2
>>> /usr/share/man/man1/chfn.1.bz2
>>> /usr/share/man/man1/expiry.1.bz2
--- /usr/sbin/
>>> /usr/sbin/userdel
>>> /usr/sbin/groupdel
>>> /usr/sbin/pwunconv
>>> /usr/sbin/useradd
>>> /usr/sbin/grpunconv
>>> /usr/sbin/logoutd
>>> /usr/sbin/vigr -> vipw
>>> /usr/sbin/chgpasswd
>>> /usr/sbin/groupmod
>>> /usr/sbin/pwconv
>>> /usr/sbin/chpasswd
>>> /usr/sbin/grpconv
>>> /usr/sbin/pwck
>>> /usr/sbin/newusers
>>> /usr/sbin/vipw
>>> /usr/sbin/usermod
>>> /usr/sbin/grpck
>>> /usr/sbin/groupadd
>>> /usr/sbin/groupmems
--- /usr/bin/
>>> /usr/bin/chsh
>>> /usr/bin/chage
>>> /usr/bin/newuidmap
>>> /usr/bin/passwd -> ../../bin/passwd
>>> /usr/bin/newgrp
>>> /usr/bin/sg -> newgrp
>>> /usr/bin/chfn
>>> /usr/bin/faillog
>>> /usr/bin/lastlog
>>> /usr/bin/gpasswd
>>> /usr/bin/newgidmap
>>> /usr/bin/expiry
--- /sbin/
>>> /sbin/nologin
--- /bin/
>>> /bin/su
>>> /bin/passwd
>>> /bin/login
>>> /bin/groups
>>> Safely unmerging already-installed instance...
No package files given... Grabbing a set.
--- replaced obj /usr/share/man/man8/vipw.8.bz2
--- replaced obj /usr/share/man/man8/vigr.8
--- replaced obj /usr/share/man/man8/usermod.8.bz2
--- replaced obj /usr/share/man/man8/userdel.8.bz2
--- replaced obj /usr/share/man/man8/useradd.8.bz2
--- replaced obj /usr/share/man/man8/pwunconv.8
--- replaced obj /usr/share/man/man8/pwconv.8.bz2
--- replaced obj /usr/share/man/man8/pwck.8.bz2
--- replaced obj /usr/share/man/man8/nologin.8.bz2
--- replaced obj /usr/share/man/man8/newusers.8.bz2
--- replaced obj /usr/share/man/man8/logoutd.8.bz2
--- replaced obj /usr/share/man/man8/lastlog.8.bz2
--- replaced obj /usr/share/man/man8/grpunconv.8
--- replaced obj /usr/share/man/man8/grpconv.8
--- replaced obj /usr/share/man/man8/grpck.8.bz2
--- replaced obj /usr/share/man/man8/groupmod.8.bz2
--- replaced obj /usr/share/man/man8/groupmems.8.bz2
--- replaced obj /usr/share/man/man8/groupdel.8.bz2
--- replaced obj /usr/share/man/man8/groupadd.8.bz2
--- replaced obj /usr/share/man/man8/faillog.8.bz2
--- replaced obj /usr/share/man/man8/chpasswd.8.bz2
--- replaced obj /usr/share/man/man8/chgpasswd.8.bz2
--- replaced dir /usr/share/man/man8
--- replaced obj /usr/share/man/man5/subuid.5.bz2
--- replaced obj /usr/share/man/man5/subgid.5.bz2
--- replaced obj /usr/share/man/man5/shadow.5.bz2
--- replaced obj /usr/share/man/man5/login.defs.5.bz2
--- replaced obj /usr/share/man/man5/gshadow.5.bz2
--- replaced obj /usr/share/man/man5/faillog.5.bz2
--- replaced dir /usr/share/man/man5
--- replaced obj /usr/share/man/man3/shadow.3.bz2
--- replaced dir /usr/share/man/man3
--- replaced obj /usr/share/man/man1/su.1.bz2
--- replaced obj /usr/share/man/man1/sg.1.bz2
--- replaced obj /usr/share/man/man1/passwd.1.bz2
--- replaced obj /usr/share/man/man1/newuidmap.1.bz2
--- replaced obj /usr/share/man/man1/newgrp.1.bz2
--- replaced obj /usr/share/man/man1/newgidmap.1.bz2
--- replaced obj /usr/share/man/man1/login.1.bz2
--- replaced obj /usr/share/man/man1/groups.1.bz2
--- replaced obj /usr/share/man/man1/gpasswd.1.bz2
--- replaced obj /usr/share/man/man1/expiry.1.bz2
--- replaced obj /usr/share/man/man1/chsh.1.bz2
--- replaced obj /usr/share/man/man1/chfn.1.bz2
--- replaced obj /usr/share/man/man1/chage.1.bz2
--- replaced dir /usr/share/man/man1
--- replaced dir /usr/share/man
--- replaced dir /usr/share
--- replaced obj /usr/sbin/vipw
--- replaced sym /usr/sbin/vigr
--- replaced obj /usr/sbin/usermod
--- replaced obj /usr/sbin/userdel
--- replaced obj /usr/sbin/useradd
--- replaced obj /usr/sbin/pwunconv
--- replaced obj /usr/sbin/pwconv
--- replaced obj /usr/sbin/pwck
--- replaced obj /usr/sbin/newusers
--- replaced obj /usr/sbin/logoutd
--- replaced obj /usr/sbin/grpunconv
--- replaced obj /usr/sbin/grpconv
--- replaced obj /usr/sbin/grpck
--- replaced obj /usr/sbin/groupmod
--- replaced obj /usr/sbin/groupmems
--- replaced obj /usr/sbin/groupdel
--- replaced obj /usr/sbin/groupadd
--- replaced obj /usr/sbin/chpasswd
--- replaced obj /usr/sbin/chgpasswd
--- replaced dir /usr/sbin
--- replaced sym /usr/bin/sg
--- replaced sym /usr/bin/passwd
--- replaced obj /usr/bin/newuidmap
--- replaced obj /usr/bin/newgrp
--- replaced obj /usr/bin/newgidmap
--- replaced obj /usr/bin/lastlog
--- replaced obj /usr/bin/gpasswd
--- replaced obj /usr/bin/faillog
--- replaced obj /usr/bin/expiry
--- replaced obj /usr/bin/chsh
--- replaced obj /usr/bin/chfn
--- replaced obj /usr/bin/chage
--- replaced dir /usr/bin
--- replaced dir /usr
--- replaced obj /sbin/nologin
--- replaced dir /sbin
--- replaced obj /etc/pam.d/shfn
--- replaced obj /etc/pam.d/shadow
--- replaced obj /etc/pam.d/newusers
--- replaced obj /etc/pam.d/groupmems
--- replaced obj /etc/pam.d/chsh
--- replaced obj /etc/pam.d/chpasswd
--- replaced obj /etc/pam.d/chfn
--- replaced dir /etc/pam.d
--- replaced obj /etc/login.defs
--- replaced obj /etc/default/useradd
--- replaced dir /etc/default
--- replaced dir /etc
--- replaced obj /bin/su
--- replaced obj /bin/passwd
--- replaced obj /bin/login
--- replaced obj /bin/groups
--- replaced dir /bin
>>> Regenerating /etc/ld.so.cache...
>>> Original instance of package unmerged safely.
 [32;01m*[0m The 'adduser' symlink to 'useradd' has been dropped.
>>> sys-apps/shadow-4.8.1-r2 merged.
