>>> Extracting info
 * Package:    sys-fs/fuse-2.9.9-r1
 * Repository: gentoo
 * USE:        elibc_glibc amd64 userland_GNU kernel_linux abi_x86_64
 * FEATURES:   preserve-libs
 * /etc/portage/package.cflags/ltoworkarounds.conf -> */*: *FLAGS+=-Wl,-O4 *FLAGS-=-Wl,-O1
 * /etc/portage/package.cflags/ltoworkarounds.conf -> sys-fs/fuse: *FLAGS-=-flto* # Issue #139 and #142, it appears the symbol __fuse_read_cmd goes missing if LTO is enabled, causing linking problems on some systems.  Using gold seems to help.
 * FEATURES='assume-digests binpkg-dostrip binpkg-logs buildpkg config-protect-if-modified distlocks ebuild-locks fixlafiles merge-sync multilib-strict news nodoc parallel-fetch preserve-libs qa-unresolved-soname-deps sfperms strict strict-keepdir unknown-features-warn unmerge-logs unmerge-orphans xattr'
 * CFLAGS='-march=znver2 -O2 -pipe -g0 -fno-semantic-interposition -fno-plt -falign-functions=32 -fno-stack-protector -fno-stack-clash-protection -fstack-check=no -fno-stack-check -Wl,-O4 -Wl,-O4,--sort-common,--as-needed,-z,norelro,-z,now,-lgomp,-lpthread'
 * CXXFLAGS='-march=znver2 -O2 -pipe -g0 -fno-semantic-interposition -fno-plt -falign-functions=32 -fno-stack-protector -fno-stack-clash-protection -fstack-check=no -fno-stack-check -Wl,-O4 -Wl,-O4,--sort-common,--as-needed,-z,norelro,-z,now,-lgomp,-lpthread'
 * FFLAGS='-march=znver2 -O2 -pipe -g0 -fno-semantic-interposition -fno-plt -falign-functions=32 -fno-stack-protector -fno-stack-clash-protection -fstack-check=no -fno-stack-check -Wl,-O4 -Wl,-O4,--sort-common,--as-needed,-z,norelro,-z,now,-lgomp,-lpthread'
 * FCFLAGS='-march=znver2 -O2 -pipe -g0 -fno-semantic-interposition -fno-plt -falign-functions=32 -fno-stack-protector -fno-stack-clash-protection -fstack-check=no -fno-stack-check -Wl,-O4 -Wl,-O4,--sort-common,--as-needed,-z,norelro,-z,now,-lgomp,-lpthread'
 * F77FLAGS='-march=znver2 -O2 -pipe -g0 -fno-semantic-interposition -fno-plt -falign-functions=32 -fno-stack-protector -fno-stack-clash-protection -fstack-check=no -fno-stack-check -Wl,-O4 -Wl,-O4,--sort-common,--as-needed,-z,norelro,-z,now,-lgomp,-lpthread'
 * LDFLAGS='-march=znver2 -O2 -pipe -g0 -fno-semantic-interposition -fno-plt -falign-functions=32 -fno-stack-protector -fno-stack-clash-protection -fstack-check=no -fno-stack-check -Wl,-O4,--sort-common,--as-needed,-z,norelro,-z,now,-lgomp,-lpthread'
 * MAKEOPTS='-j12 -l12'
 * gcc () 11.0.0 20200606 (experimental)
 * g++ () 11.0.0 20200606 (experimental)
 * GNU ld (Gentoo 2.34 p4) 2.34.0
 * Linux rescue 5.4.36 #1 SMP Thu Apr 30 04:38:28 UTC 2020 x86_64 AMD Ryzen 5 3600 6-Core Processor AuthenticAMD GNU/Linux
sys-fs/fuse: 25 seconds average for 3 merges
2020-05-31T11:18:14 >>> sys-fs/fuse: 31 seconds
2020-06-01T02:19:46 >>> sys-fs/fuse: 23 seconds
2020-06-04T13:42:34 >>> sys-fs/fuse: 23 seconds
]0;emerge 01:36:58 170|626 fuse 00:26 (root@rescue) * Checking for suitable kernel configuration options...
 [ ok ]
>>> Extracting sys-fs/fuse-2.9.9-r1
 * One or more compressed files were found in docompress-ed directories.
 * Please fix the ebuild not to install compressed files (manpages,
 * documentation) when automatic compression is used:
 * 
 *   /usr/share/man/man8/mount.fuse.8.bz2
 *   /usr/share/man/man1/ulockmgr_server.1.bz2
 *   /usr/share/man/man1/fusermount.1.bz2
 * checking 23 files for package collisions
>>> Merging sys-fs/fuse-2.9.9-r1 to /
 * removing unneeded *.la files
 * >>> SetUID: [chmod go-r] /usr/bin/fusermount ...
 [ ok ]
--- /sbin/
>>> /sbin/mount.fuse
--- /usr/
--- /usr/bin/
>>> /usr/bin/fusermount
>>> /usr/bin/ulockmgr_server
--- /usr/include/
--- /usr/include/fuse/
>>> /usr/include/fuse/cuse_lowlevel.h
>>> /usr/include/fuse/fuse.h
>>> /usr/include/fuse/fuse_common.h
>>> /usr/include/fuse/fuse_common_compat.h
>>> /usr/include/fuse/fuse_compat.h
>>> /usr/include/fuse/fuse_lowlevel.h
>>> /usr/include/fuse/fuse_lowlevel_compat.h
>>> /usr/include/fuse/fuse_opt.h
>>> /usr/include/fuse.h
>>> /usr/include/ulockmgr.h
--- /usr/lib64/
>>> /usr/lib64/libfuse.so -> libfuse.so.2.9.9
>>> /usr/lib64/libfuse.so.2 -> libfuse.so.2.9.9
>>> /usr/lib64/libfuse.so.2.9.9
>>> /usr/lib64/libulockmgr.so -> libulockmgr.so.1.0.1
>>> /usr/lib64/libulockmgr.so.1 -> libulockmgr.so.1.0.1
>>> /usr/lib64/libulockmgr.so.1.0.1
--- /usr/lib64/pkgconfig/
>>> /usr/lib64/pkgconfig/fuse.pc
--- /usr/share/
--- /usr/share/man/
--- /usr/share/man/man1/
>>> /usr/share/man/man1/fusermount.1.bz2
>>> /usr/share/man/man1/ulockmgr_server.1.bz2
--- /usr/share/man/man8/
>>> /usr/share/man/man8/mount.fuse.8.bz2
>>> Safely unmerging already-installed instance...
>>> Original instance of package unmerged safely.
>>> sys-fs/fuse-2.9.9-r1 merged.
>>> Regenerating /etc/ld.so.cache...
