>>> Extracting info
 * Package:    sys-libs/libseccomp-2.4.3
 * Repository: gentoo
 * USE:        amd64 abi_x86_64 kernel_linux userland_GNU elibc_glibc
 * FEATURES:   ccache network-sandbox preserve-libs sandbox userpriv usersandbox
 * FEATURES='assume-digests binpkg-docompress binpkg-dostrip binpkg-logs binpkg-multi-instance buildpkg ccache cgroup compress-index config-protect-if-modified distlocks downgrade-backup fixlafiles ipc-sandbox merge-sync multilib-strict network-sandbox news nodoc parallel-fetch parallel-install pid-sandbox preserve-libs qa-unresolved-soname-deps sandbox sfperms strict unknown-features-warn unmerge-backup unmerge-logs unmerge-orphans userfetch userpriv usersandbox usersync xattr'
 * CFLAGS='-march=native -O3 -fdevirtualize-at-ltrans -fipa-pta -fno-semantic-interposition -fno-signed-zeros -fno-trapping-math -fassociative-math -freciprocal-math -fno-math-errno -ffinite-math-only -fno-rounding-math -fno-signaling-nans -fcx-limited-range -fexcess-precision=fast -fno-plt -fno-common -pipe -g0 -fno-stack-protector -fno-stack-clash-protection -fstack-check=no -fno-stack-check -Wl,-O4,--hash-style=gnu,--sort-common,--as-needed,-z,relro,-z,now,-lgomp,-lpthread'
 * CXXFLAGS='-march=native -O3 -fdevirtualize-at-ltrans -fipa-pta -fno-semantic-interposition -fno-signed-zeros -fno-trapping-math -fassociative-math -freciprocal-math -fno-math-errno -ffinite-math-only -fno-rounding-math -fno-signaling-nans -fcx-limited-range -fexcess-precision=fast -fno-plt -fno-common -pipe -g0 -fno-stack-protector -fno-stack-clash-protection -fstack-check=no -fno-stack-check -Wl,-O4,--hash-style=gnu,--sort-common,--as-needed,-z,relro,-z,now,-lgomp,-lpthread'
 * FFLAGS='-march=native -O3 -fdevirtualize-at-ltrans -fipa-pta -fno-semantic-interposition -fno-signed-zeros -fno-trapping-math -fassociative-math -freciprocal-math -fno-math-errno -ffinite-math-only -fno-rounding-math -fno-signaling-nans -fcx-limited-range -fexcess-precision=fast -fno-plt -fno-common -pipe -g0 -fno-stack-protector -fno-stack-clash-protection -fstack-check=no -fno-stack-check -Wl,-O4,--hash-style=gnu,--sort-common,--as-needed,-z,relro,-z,now,-lgomp,-lpthread'
 * FCFLAGS='-march=native -O3 -fdevirtualize-at-ltrans -fipa-pta -fno-semantic-interposition -fno-signed-zeros -fno-trapping-math -fassociative-math -freciprocal-math -fno-math-errno -ffinite-math-only -fno-rounding-math -fno-signaling-nans -fcx-limited-range -fexcess-precision=fast -fno-plt -fno-common -pipe -g0 -fno-stack-protector -fno-stack-clash-protection -fstack-check=no -fno-stack-check -Wl,-O4,--hash-style=gnu,--sort-common,--as-needed,-z,relro,-z,now,-lgomp,-lpthread'
 * F77FLAGS='-march=native -O3 -fdevirtualize-at-ltrans -fipa-pta -fno-semantic-interposition -fno-signed-zeros -fno-trapping-math -fassociative-math -freciprocal-math -fno-math-errno -ffinite-math-only -fno-rounding-math -fno-signaling-nans -fcx-limited-range -fexcess-precision=fast -fno-plt -fno-common -pipe -g0 -fno-stack-protector -fno-stack-clash-protection -fstack-check=no -fno-stack-check -Wl,-O4,--hash-style=gnu,--sort-common,--as-needed,-z,relro,-z,now,-lgomp,-lpthread'
 * LDFLAGS='-Wl,-O4,--hash-style=gnu,--sort-common,--as-needed,-z,relro,-z,now,-lgomp,-lpthread'
 * MAKEOPTS='-j12'
 * gcc (Gentoo 10.1.0 p1) 10.1.0
 * g++ (Gentoo 10.1.0 p1) 10.1.0
 * GNU ld (Gentoo 2.34 p1) 2.34.0
 * Linux ryzen.gnum.org 5.4.36 #1 SMP Thu Apr 30 04:38:28 UTC 2020 x86_64 AMD Ryzen 5 3600 6-Core Processor AuthenticAMD GNU/Linux
]0;emerge 01:06:00 134|738 libseccomp (root@ryzen.gnum.org)>>> Extracting sys-libs/libseccomp-2.4.3
 * checking 34 files for package collisions
[32;01m * [39;49;00mBuilding package for sys-libs/libseccomp-2.4.2-r1 ...                 [34;01m[ [39;49;00m[32;01mok[39;49;00m[34;01m ][39;49;00m
[32;01m * [39;49;00mPackages now in '/usr/portage/packages':
[32;01m * [39;49;00msys-libs/libseccomp-2.4.2-r1: 127K

>>> Merging sys-libs/libseccomp-2.4.3 to /
 * removing unneeded *.la files
--- /usr/
--- /usr/lib64/
--- /usr/lib64/pkgconfig/
>>> /usr/lib64/pkgconfig/libseccomp.pc
>>> /usr/lib64/libseccomp.so.2.4.3
>>> /usr/lib64/libseccomp.so.2 -> libseccomp.so.2.4.3
--- /usr/share/
--- /usr/share/man/
--- /usr/share/man/man3/
>>> /usr/share/man/man3/seccomp_reset.3
>>> /usr/share/man/man3/seccomp_attr_get.3
>>> /usr/share/man/man3/seccomp_arch_remove.3
>>> /usr/share/man/man3/seccomp_arch_native.3
>>> /usr/share/man/man3/seccomp_api_set.3
>>> /usr/share/man/man3/seccomp_arch_exist.3
>>> /usr/share/man/man3/seccomp_load.3.bz2
>>> /usr/share/man/man3/seccomp_export_bpf.3.bz2
>>> /usr/share/man/man3/seccomp_arch_resolve_name.3
>>> /usr/share/man/man3/seccomp_version.3.bz2
>>> /usr/share/man/man3/seccomp_syscall_resolve_num_arch.3
>>> /usr/share/man/man3/seccomp_export_pfc.3
>>> /usr/share/man/man3/seccomp_rule_add_exact.3
>>> /usr/share/man/man3/seccomp_release.3.bz2
>>> /usr/share/man/man3/seccomp_rule_add.3.bz2
>>> /usr/share/man/man3/seccomp_syscall_resolve_name_rewrite.3
>>> /usr/share/man/man3/seccomp_api_get.3.bz2
>>> /usr/share/man/man3/seccomp_merge.3.bz2
>>> /usr/share/man/man3/seccomp_syscall_resolve_name_arch.3
>>> /usr/share/man/man3/seccomp_syscall_priority.3.bz2
>>> /usr/share/man/man3/seccomp_syscall_resolve_name.3.bz2
>>> /usr/share/man/man3/seccomp_rule_add_exact_array.3
>>> /usr/share/man/man3/seccomp_arch_add.3.bz2
>>> /usr/share/man/man3/seccomp_attr_set.3.bz2
>>> /usr/share/man/man3/seccomp_rule_add_array.3
>>> /usr/share/man/man3/seccomp_init.3.bz2
--- /usr/share/man/man1/
>>> /usr/share/man/man1/scmp_sys_resolver.1.bz2
--- /usr/include/
>>> /usr/include/seccomp-syscalls.h
>>> /usr/include/seccomp.h
--- /usr/bin/
>>> /usr/bin/scmp_sys_resolver
>>> /usr/lib64/libseccomp.so -> libseccomp.so.2.4.3
>>> Safely unmerging already-installed instance...
>>> Original instance of package unmerged safely.
>>> sys-libs/libseccomp-2.4.3 merged.
>>> Regenerating /etc/ld.so.cache...
