No package files given... Grabbing a set.
<<<          obj /usr/share/slsh/zlib.sl
<<<          obj /usr/share/slsh/varray.sl
<<<          obj /usr/share/slsh/termios.sl
<<<          obj /usr/share/slsh/sysconf.sl
<<<          obj /usr/share/slsh/structfuns.sl
<<<          obj /usr/share/slsh/stkcheck.sl
<<<          obj /usr/share/slsh/statslib/kuiper.sl
<<<          obj /usr/share/slsh/statslib/ks_test.sl
<<<          obj /usr/share/slsh/statslib/ad_test.sl
<<<          obj /usr/share/slsh/stats.sl
<<<          obj /usr/share/slsh/socket.sl
<<<          obj /usr/share/slsh/slsmg.sl
<<<          obj /usr/share/slsh/slshrl.sl
<<<          obj /usr/share/slsh/slshhelp.sl
<<<          obj /usr/share/slsh/sldbsock.sl
<<<          obj /usr/share/slsh/sldbcore.sl
<<<          obj /usr/share/slsh/sldb.sl
<<<          obj /usr/share/slsh/setfuns.sl
<<<          obj /usr/share/slsh/select.sl
<<<          obj /usr/share/slsh/scripts/svnsh
<<<          obj /usr/share/slsh/scripts/slstkchk
<<<          obj /usr/share/slsh/scripts/slprof
<<<          obj /usr/share/slsh/scripts/sldb
<<<          obj /usr/share/slsh/scripts/lsrpm
<<<          obj /usr/share/slsh/scripts/jpegsize
<<<          obj /usr/share/slsh/rline/vikeys.sl
<<<          obj /usr/share/slsh/rline/slrline.rc
<<<          obj /usr/share/slsh/rline/histsrch.sl
<<<          obj /usr/share/slsh/rline/history.sl
<<<          obj /usr/share/slsh/rline/emacskeys.sl
<<<          obj /usr/share/slsh/rline/editor.sl
<<<          obj /usr/share/slsh/rline/editfuns.sl
<<<          obj /usr/share/slsh/rline/complete.sl
<<<          obj /usr/share/slsh/require.sl
<<<          obj /usr/share/slsh/readascii.sl
<<<          obj /usr/share/slsh/rand.sl
<<<          obj /usr/share/slsh/profile.sl
<<<          obj /usr/share/slsh/process.sl
<<<          obj /usr/share/slsh/print.sl
<<<          obj /usr/share/slsh/png.sl
<<<          obj /usr/share/slsh/pcre.sl
<<<          obj /usr/share/slsh/onig.sl
<<<          obj /usr/share/slsh/listfuns.sl
<<<          obj /usr/share/slsh/json.sl
<<<          obj /usr/share/slsh/iconv.sl
<<<          obj /usr/share/slsh/histogram.sl
<<<          obj /usr/share/slsh/help/structfuns.hlp
<<<          obj /usr/share/slsh/help/statsfuns.hlp
<<<          obj /usr/share/slsh/help/sockfuns.hlp
<<<          obj /usr/share/slsh/help/slsmg.hlp
<<<          obj /usr/share/slsh/help/setfuns.hlp
<<<          obj /usr/share/slsh/help/require.hlp
<<<          obj /usr/share/slsh/help/readascii.hlp
<<<          obj /usr/share/slsh/help/randfuns.hlp
<<<          obj /usr/share/slsh/help/profile.hlp
<<<          obj /usr/share/slsh/help/process.hlp
<<<          obj /usr/share/slsh/help/print.hlp
<<<          obj /usr/share/slsh/help/pngfuns.hlp
<<<          obj /usr/share/slsh/help/pcrefuns.hlp
<<<          obj /usr/share/slsh/help/onigfuns.hlp
<<<          obj /usr/share/slsh/help/listfuns.hlp
<<<          obj /usr/share/slsh/help/jsonfuns.hlp
<<<          obj /usr/share/slsh/help/histfuns.hlp
<<<          obj /usr/share/slsh/help/glob.hlp
<<<          obj /usr/share/slsh/help/fswalk.hlp
<<<          obj /usr/share/slsh/help/forkfuns.hlp
<<<          obj /usr/share/slsh/help/csvfuns.hlp
<<<          obj /usr/share/slsh/help/cmdopt.hlp
<<<          obj /usr/share/slsh/help/chksumfuns.hlp
<<<          obj /usr/share/slsh/help/base64funs.hlp
<<<          obj /usr/share/slsh/help/arrayfuns.hlp
<<<          obj /usr/share/slsh/glob.sl
<<<          obj /usr/share/slsh/fswalk.sl
<<<          obj /usr/share/slsh/fork.sl
<<<          obj /usr/share/slsh/fcntl.sl
<<<          obj /usr/share/slsh/csv.sl
<<<          obj /usr/share/slsh/cmdopt.sl
<<<          obj /usr/share/slsh/cmaps/wysiwyg.map
<<<          obj /usr/share/slsh/cmaps/topo.map
<<<          obj /usr/share/slsh/cmaps/split.map
<<<          obj /usr/share/slsh/cmaps/seis.map
<<<          obj /usr/share/slsh/cmaps/sealand.map
<<<          obj /usr/share/slsh/cmaps/relief.map
<<<          obj /usr/share/slsh/cmaps/red2green.map
<<<          obj /usr/share/slsh/cmaps/rainbow.map
<<<          obj /usr/share/slsh/cmaps/polar.map
<<<          obj /usr/share/slsh/cmaps/ocean.map
<<<          obj /usr/share/slsh/cmaps/no_green.map
<<<          obj /usr/share/slsh/cmaps/jet.map
<<<          obj /usr/share/slsh/cmaps/hot.map
<<<          obj /usr/share/slsh/cmaps/haxby.map
<<<          obj /usr/share/slsh/cmaps/gray.map
<<<          obj /usr/share/slsh/cmaps/globe.map
<<<          obj /usr/share/slsh/cmaps/gebco.map
<<<          obj /usr/share/slsh/cmaps/edge.map
<<<          obj /usr/share/slsh/cmaps/ds9sls.map
<<<          obj /usr/share/slsh/cmaps/ds9b.map
<<<          obj /usr/share/slsh/cmaps/drywet.map
<<<          obj /usr/share/slsh/cmaps/cubicyf.map
<<<          obj /usr/share/slsh/cmaps/cubicl.map
<<<          obj /usr/share/slsh/cmaps/copper.map
<<<          obj /usr/share/slsh/cmaps/coolwarm.map
<<<          obj /usr/share/slsh/cmaps/cool.map
<<<          obj /usr/share/slsh/chksum.sl
<<<          obj /usr/share/slsh/base64.sl
<<<          obj /usr/share/slsh/autoload.sl
<<<          obj /usr/share/slsh/arrayfuns.sl
<<<          obj /usr/share/man/man1/slsh.1.bz2
<<<          obj /usr/lib64/slang/v2/modules/zlib-module.so
<<<          obj /usr/lib64/slang/v2/modules/varray-module.so
<<<          obj /usr/lib64/slang/v2/modules/termios-module.so
<<<          obj /usr/lib64/slang/v2/modules/sysconf-module.so
<<<          obj /usr/lib64/slang/v2/modules/stats-module.so
<<<          obj /usr/lib64/slang/v2/modules/socket-module.so
<<<          obj /usr/lib64/slang/v2/modules/slsmg-module.so
<<<          obj /usr/lib64/slang/v2/modules/select-module.so
<<<          obj /usr/lib64/slang/v2/modules/rand-module.so
<<<          obj /usr/lib64/slang/v2/modules/png-module.so
<<<          obj /usr/lib64/slang/v2/modules/pcre-module.so
<<<          obj /usr/lib64/slang/v2/modules/json-module.so
<<<          obj /usr/lib64/slang/v2/modules/iconv-module.so
<<<          obj /usr/lib64/slang/v2/modules/histogram-module.so
<<<          obj /usr/lib64/slang/v2/modules/fork-module.so
<<<          obj /usr/lib64/slang/v2/modules/fcntl-module.so
<<<          obj /usr/lib64/slang/v2/modules/csv-module.so
<<<          obj /usr/lib64/slang/v2/modules/chksum-module.so
<<<          obj /usr/lib64/slang/v2/modules/base64-module.so
<<<          obj /usr/lib64/pkgconfig/slang.pc
<<<          obj /usr/lib64/libslang.so.2.3.2
<<<          sym /usr/lib64/libslang.so.2
<<<          sym /usr/lib64/libslang.so
<<<          obj /usr/include/slcurses.h
<<<          obj /usr/include/slang.h
<<<          obj /usr/bin/slsh
<<<          obj /etc/slsh.rc
<<<          dir /usr/share/slsh/statslib
<<<          dir /usr/share/slsh/scripts
<<<          dir /usr/share/slsh/rline
<<<          dir /usr/share/slsh/help
<<<          dir /usr/share/slsh/cmaps
<<<          dir /usr/share/slsh
--- !empty   dir /usr/share/man/man1
--- !empty   dir /usr/share/man
--- !empty   dir /usr/share
<<<          dir /usr/lib64/slang/v2/modules
<<<          dir /usr/lib64/slang/v2
<<<          dir /usr/lib64/slang
--- !empty   dir /usr/lib64/pkgconfig
--- !empty   dir /usr/lib64
--- !empty   dir /usr/include
--- !empty   dir /usr/bin
--- !empty   dir /usr
--- !empty   dir /etc
>>> Regenerating /etc/ld.so.cache...
