 * Package:    sys-apps/gentoo-functions-0.13
 * Repository: gentoo
 * Maintainer: williamh@gentoo.org blueness@gentoo.org,base-system@gentoo.org
 * USE:        abi_x86_64 amd64 elibc_glibc kernel_linux userland_GNU
 * FEATURES:   ccache network-sandbox preserve-libs sandbox userpriv usersandbox
 * FEATURES='assume-digests binpkg-docompress binpkg-dostrip binpkg-logs binpkg-multi-instance buildpkg ccache cgroup collision-protect compress-index config-protect-if-modified distlocks downgrade-backup fixlafiles ipc-sandbox merge-sync multilib-strict network-sandbox news nodoc parallel-fetch parallel-install pid-sandbox preserve-libs protect-owned qa-unresolved-soname-deps sandbox sfperms strict strict-keepdir unknown-features-warn unmerge-backup unmerge-logs unmerge-orphans userfetch userpriv usersandbox usersync xattr'
 * CFLAGS='-march=native -O3 -fgraphite-identity -floop-nest-optimize -fdevirtualize-at-ltrans -fipa-pta -fno-semantic-interposition -flto=12 -fno-plt -fno-math-errno -fno-trapping-math -fuse-linker-plugin -pipe -g0 -Wl,-O1 -Wl,--as-needed -Wl,--hash-style=gnu,-z,norelro,--as-needed'
 * CXXFLAGS='-march=native -O3 -fgraphite-identity -floop-nest-optimize -fdevirtualize-at-ltrans -fipa-pta -fno-semantic-interposition -flto=12 -fno-plt -fno-math-errno -fno-trapping-math -fuse-linker-plugin -pipe -g0 -Wl,-O1 -Wl,--as-needed -Wl,--hash-style=gnu,-z,norelro,--as-needed'
 * FFLAGS='-march=native -O3 -fgraphite-identity -floop-nest-optimize -fdevirtualize-at-ltrans -fipa-pta -fno-semantic-interposition -flto=12 -fno-plt -fno-math-errno -fno-trapping-math -fuse-linker-plugin -pipe -g0 -Wl,-O1 -Wl,--as-needed -Wl,--hash-style=gnu,-z,norelro,--as-needed'
 * FCFLAGS='-march=native -O3 -fgraphite-identity -floop-nest-optimize -fdevirtualize-at-ltrans -fipa-pta -fno-semantic-interposition -flto=12 -fno-plt -fno-math-errno -fno-trapping-math -fuse-linker-plugin -pipe -g0 -Wl,-O1 -Wl,--as-needed -Wl,--hash-style=gnu,-z,norelro,--as-needed'
 * F77FLAGS='-march=native -O3 -fgraphite-identity -floop-nest-optimize -fdevirtualize-at-ltrans -fipa-pta -fno-semantic-interposition -flto=12 -fno-plt -fno-math-errno -fno-trapping-math -fuse-linker-plugin -pipe -g0 -Wl,-O1 -Wl,--as-needed -Wl,--hash-style=gnu,-z,norelro,--as-needed'
 * LDFLAGS='-Wl,-O1 -Wl,--as-needed -Wl,--hash-style=gnu,-z,norelro,--as-needed -march=native -O3 -fgraphite-identity -floop-nest-optimize -fdevirtualize-at-ltrans -fipa-pta -fno-semantic-interposition -flto=12 -fno-plt -fno-math-errno -fno-trapping-math -fuse-linker-plugin -pipe -g0'
 * MAKEOPTS='-j12 -l12'
 * gcc (Gentoo 11.0.0_pre9999 p1, commit 584d52b088f9fcf78704b504c3f1f07e17c1cded) 11.0.0 20200523 (experimental)
 * g++ (Gentoo 11.0.0_pre9999 p1, commit 584d52b088f9fcf78704b504c3f1f07e17c1cded) 11.0.0 20200523 (experimental)
 * GNU ld (Gentoo 2.34 p4) 2.34.0
 * Linux ryzen.gnum.org 5.4.36 #1 SMP Thu Apr 30 04:38:28 UTC 2020 x86_64 AMD Ryzen 5 3600 6-Core Processor AuthenticAMD GNU/Linux
sys-apps/gentoo-functions: 3 minutes, 22 seconds average for 9 merges
2020-05-16T18:57:56 >>> sys-apps/gentoo-functions: 8 seconds
2020-05-16T20:33:39 >>> sys-apps/gentoo-functions: 8 seconds
2020-05-20T00:55:56 >>> sys-apps/gentoo-functions: 1 minute, 55 seconds
2020-05-21T05:46:17 >>> sys-apps/gentoo-functions: 6 seconds
2020-05-22T01:52:55 >>> sys-apps/gentoo-functions: 6 minutes, 1 second
2020-05-22T02:39:13 >>> sys-apps/gentoo-functions: 2 minutes, 31 seconds
2020-05-22T03:04:02 >>> sys-apps/gentoo-functions: 6 minutes, 46 seconds
2020-05-22T12:23:37 >>> sys-apps/gentoo-functions: 6 minutes, 24 seconds
2020-05-23T03:25:19 >>> sys-apps/gentoo-functions: 6 minutes, 26 seconds
]0;emerge 23:19:36 9|645 gentoo-functions 06:32 (root@ryzen.gnum.org)>>> Unpacking source...
>>> Unpacking gentoo-functions-0.13.tar.gz to /tmp/portage/sys-apps/gentoo-functions-0.13/work
>>> Source unpacked in /tmp/portage/sys-apps/gentoo-functions-0.13/work
>>> Preparing source in /tmp/portage/sys-apps/gentoo-functions-0.13/work/gentoo-functions-0.13 ...
>>> Source prepared.
>>> Configuring source in /tmp/portage/sys-apps/gentoo-functions-0.13/work/gentoo-functions-0.13 ...
>>> Source configured.
>>> Compiling source in /tmp/portage/sys-apps/gentoo-functions-0.13/work/gentoo-functions-0.13 ...
make -j12 -l12 
x86_64-pc-linux-gnu-gcc -march=native -O3 -fgraphite-identity -floop-nest-optimize -fdevirtualize-at-ltrans -fipa-pta -fno-semantic-interposition -flto=12 -fno-plt -fno-math-errno -fno-trapping-math -fuse-linker-plugin -pipe -g0 -Wl,-O1 -Wl,--as-needed -Wl,--hash-style=gnu,-z,norelro,--as-needed  -D_FILE_OFFSET_BITS=64 -D_LARGEFILE_SOURCE -D_LARGEFILE64_SOURCE -Wl,-O1 -Wl,--as-needed -Wl,--hash-style=gnu,-z,norelro,--as-needed -march=native -O3 -fgraphite-identity -floop-nest-optimize -fdevirtualize-at-ltrans -fipa-pta -fno-semantic-interposition -flto=12 -fno-plt -fno-math-errno -fno-trapping-math -fuse-linker-plugin -pipe -g0  consoletype.c   -o consoletype
>>> Source compiled.
>>> Test phase [not enabled]: sys-apps/gentoo-functions-0.13

>>> Install sys-apps/gentoo-functions-0.13 into /tmp/portage/sys-apps/gentoo-functions-0.13/image
make -j12 -l12 DESTDIR=/tmp/portage/sys-apps/gentoo-functions-0.13/image install 
install -m 0755 -d /tmp/portage/sys-apps/gentoo-functions-0.13/image/sbin
install -m 0755 consoletype /tmp/portage/sys-apps/gentoo-functions-0.13/image/sbin
install -m 0755 -d /tmp/portage/sys-apps/gentoo-functions-0.13/image/lib/gentoo
install -m 0644 functions.sh /tmp/portage/sys-apps/gentoo-functions-0.13/image/lib/gentoo
install -m 0755 -d /tmp/portage/sys-apps/gentoo-functions-0.13/image/usr/share/man/man1
install -m 0644 consoletype.1 /tmp/portage/sys-apps/gentoo-functions-0.13/image/usr/share/man/man1
>>> Completed installing sys-apps/gentoo-functions-0.13 into /tmp/portage/sys-apps/gentoo-functions-0.13/image

 * Final size of build directory: 72 KiB
 * Final size of installed tree:  64 KiB

strip: x86_64-pc-linux-gnu-strip --strip-unneeded -N __gentoo_check_ldflags__ -R .comment -R .GCC.command.line -R .note.gnu.gold-version
   /sbin/consoletype
./
./lib/
./lib/gentoo/
./lib/gentoo/functions.sh
./sbin/
./sbin/consoletype
./usr/
./usr/share/
./usr/share/man/
./usr/share/man/man1/
./usr/share/man/man1/consoletype.1.bz2
>>> Done.
 * checking 3 files for package collisions
>>> Merging sys-apps/gentoo-functions-0.13 to /
 * removing unneeded *.la files
--- /usr/
--- /usr/share/
--- /usr/share/man/
--- /usr/share/man/man1/
>>> /usr/share/man/man1/consoletype.1.bz2
--- /sbin/
>>> /sbin/consoletype
--- /lib/
--- /lib/gentoo/
>>> /lib/gentoo/functions.sh
>>> Safely unmerging already-installed instance...
>>> Original instance of package unmerged safely.
>>> sys-apps/gentoo-functions-0.13 merged.
