 * Package:    sys-libs/libutempter-1.2.0
 * Repository: gentoo
 * Maintainer: base-system@gentoo.org
 * USE:        abi_x86_64 amd64 elibc_glibc kernel_linux userland_GNU
 * FEATURES:   ccache network-sandbox preserve-libs userpriv
 * /etc/portage/package.cflags/ltoworkarounds.conf -> */*: *FLAGS+=-Wl,-O4 *FLAGS-=-Wl,-O1
 * FEATURES='assume-digests binpkg-docompress binpkg-dostrip binpkg-logs buildpkg ccache cgroup compress-index config-protect-if-modified distlocks ebuild-locks fixlafiles merge-sync multilib-strict network-sandbox news nodoc parallel-fetch preserve-libs qa-unresolved-soname-deps sfperms strict strict-keepdir unknown-features-warn unmerge-logs unmerge-orphans userfetch userpriv usersync xattr'
 * CFLAGS='-O2 -pipe -Wl,-O4 -Wl,-O4,--sort-common,--as-needed,-z,norelro,-z,now'
 * CXXFLAGS='-O2 -pipe -Wl,-O4 -Wl,-O4,--sort-common,--as-needed,-z,norelro,-z,now'
 * FFLAGS='-O2 -pipe -Wl,-O4 -Wl,-O4,--sort-common,--as-needed,-z,norelro,-z,now'
 * FCFLAGS='-O2 -pipe -Wl,-O4 -Wl,-O4,--sort-common,--as-needed,-z,norelro,-z,now'
 * F77FLAGS='-O2 -pipe -Wl,-O4 -Wl,-O4,--sort-common,--as-needed,-z,norelro,-z,now'
 * LDFLAGS='-Wl,-O4,--sort-common,--as-needed,-z,norelro,-z,now'
 * MAKEOPTS='-j12 -l12'
 * gcc (Gentoo 11.0.0_pre9999 p1, commit 184c21bf1cd04a108ed9bd04635e7d57ac39f616) 11.0.0 20200611 (experimental)
 * g++ (Gentoo 11.0.0_pre9999 p1, commit 184c21bf1cd04a108ed9bd04635e7d57ac39f616) 11.0.0 20200611 (experimental)
 * GNU ld (Gentoo 2.34 p4) 2.34.0
 * Linux rescue 5.4.36 #1 SMP Thu Apr 30 04:38:28 UTC 2020 x86_64 AMD Ryzen 5 3600 6-Core Processor AuthenticAMD GNU/Linux
sys-libs/libutempter: 49 seconds average for 16 merges
2020-05-20T01:01:18 >>> sys-libs/libutempter: 4 seconds
2020-05-21T05:59:21 >>> sys-libs/libutempter: 5 seconds
2020-05-22T02:04:21 >>> sys-libs/libutempter: 3 minutes, 17 seconds
2020-05-22T03:16:15 >>> sys-libs/libutempter: 2 minutes, 29 seconds
2020-05-22T12:35:34 >>> sys-libs/libutempter: 2 minutes, 25 seconds
2020-05-23T03:37:14 >>> sys-libs/libutempter: 2 minutes, 23 seconds
2020-05-25T18:22:39 >>> sys-libs/libutempter: 15 seconds
2020-05-26T12:53:22 >>> sys-libs/libutempter: 13 seconds
2020-05-26T13:52:13 >>> sys-libs/libutempter: 7 seconds
2020-05-27T03:10:00 >>> sys-libs/libutempter: 19 seconds
2020-05-28T13:31:03 >>> sys-libs/libutempter: 18 seconds
2020-05-28T14:17:39 >>> sys-libs/libutempter: 9 seconds
2020-05-30T12:37:49 >>> sys-libs/libutempter: 21 seconds
2020-05-30T21:37:49 >>> sys-libs/libutempter: 8 seconds
2020-06-01T01:53:18 >>> sys-libs/libutempter: 17 seconds
2020-06-04T12:09:42 >>> sys-libs/libutempter: 18 seconds
]0;emerge 03:25:01 111|907 libutempter 00:14 (root@rescue)kemerge 03:25:01 111|907 libutempter 00:14 (root@rescue)\>>> Unpacking source...
>>> Unpacking libutempter-1.2.0.tar.gz to /tmp/portage/sys-libs/libutempter-1.2.0/work
>>> Source unpacked in /tmp/portage/sys-libs/libutempter-1.2.0/work
>>> Preparing source in /tmp/portage/sys-libs/libutempter-1.2.0/work/libutempter-1.2.0 ...
>>> Source prepared.
>>> Configuring source in /tmp/portage/sys-libs/libutempter-1.2.0/work/libutempter-1.2.0 ...
>>> Source configured.
>>> Compiling source in /tmp/portage/sys-libs/libutempter-1.2.0/work/libutempter-1.2.0 ...
make -j12 -l12 LDLIBS= 
x86_64-pc-linux-gnu-gcc -W -Wall -Waggregate-return -Wcast-align -Wconversion -Wdisabled-optimization -Wmissing-declarations -Wmissing-format-attribute -Wmissing-noreturn -Wmissing-prototypes -Wpointer-arith -Wredundant-decls -Wshadow -Wstrict-prototypes -Wwrite-strings -O2 -pipe -Wl,-O4 -Wl,-O4,--sort-common,--as-needed,-z,norelro,-z,now  -std=gnu99  -DLIBEXECDIR=\"/usr/lib64/misc\"  -Wl,-z,relro  -Wl,-O4,--sort-common,--as-needed,-z,norelro,-z,now  -fPIE -pie -Wl,-z,now  utempter.c -o utempter
x86_64-pc-linux-gnu-gcc -W -Wall -Waggregate-return -Wcast-align -Wconversion -Wdisabled-optimization -Wmissing-declarations -Wmissing-format-attribute -Wmissing-noreturn -Wmissing-prototypes -Wpointer-arith -Wredundant-decls -Wshadow -Wstrict-prototypes -Wwrite-strings -O2 -pipe -Wl,-O4 -Wl,-O4,--sort-common,--as-needed,-z,norelro,-z,now  -std=gnu99  -DLIBEXECDIR=\"/usr/lib64/misc\"   -c -fPIC iface.c -o iface.os
x86_64-pc-linux-gnu-gcc -Wl,-z,relro  -Wl,-O4,--sort-common,--as-needed,-z,norelro,-z,now  -shared \
	-Wl,-soname,libutempter.so.0,--version-script=libutempter.map,-z,defs \
	-lc iface.os -o libutempter.so
>>> Source compiled.
>>> Test phase [not enabled]: sys-libs/libutempter-1.2.0

>>> Install sys-libs/libutempter-1.2.0 into /tmp/portage/sys-libs/libutempter-1.2.0/image
make -j12 -l12 DESTDIR=/tmp/portage/sys-libs/libutempter-1.2.0/image install 
mkdir -p /tmp/portage/sys-libs/libutempter-1.2.0/image/usr/lib64 /tmp/portage/sys-libs/libutempter-1.2.0/image/usr/lib64/misc/utempter \
	/tmp/portage/sys-libs/libutempter-1.2.0/image/usr/include /tmp/portage/sys-libs/libutempter-1.2.0/image/usr/share/man/man3
install -p -m2711 utempter /tmp/portage/sys-libs/libutempter-1.2.0/image/usr/lib64/misc/utempter/
install -p -m644 utempter.h /tmp/portage/sys-libs/libutempter-1.2.0/image/usr/include/
install -p -m755 libutempter.so /tmp/portage/sys-libs/libutempter-1.2.0/image/usr/lib64/libutempter.so.1.2.0
ln -s libutempter.so.1.2.0 /tmp/portage/sys-libs/libutempter-1.2.0/image/usr/lib64/libutempter.so.0
ln -s libutempter.so.0 /tmp/portage/sys-libs/libutempter-1.2.0/image/usr/lib64/libutempter.so
install -p -m644 utempter.3 /tmp/portage/sys-libs/libutempter-1.2.0/image/usr/share/man/man3/
for n in libutempter utempter_add_record utempter_remove_record \
    utempter_remove_added_record utempter_set_helper; do \
	ln -s utempter.3 /tmp/portage/sys-libs/libutempter-1.2.0/image/usr/share/man/man3/$n.3; \
done
>>> Completed installing sys-libs/libutempter-1.2.0 into /tmp/portage/sys-libs/libutempter-1.2.0/image

 * Final size of build directory: 124 KiB
 * Final size of installed tree:   92 KiB

strip: x86_64-pc-linux-gnu-strip --strip-unneeded -N __gentoo_check_ldflags__ -R .comment -R .GCC.command.line -R .note.gnu.gold-version
   /usr/lib64/misc/utempter/utempter
   /usr/lib64/libutempter.so.1.2.0
./
./usr/
./usr/include/
./usr/include/utempter.h
./usr/sbin/
./usr/sbin/utempter
./usr/share/
./usr/share/man/
./usr/share/man/man3/
./usr/share/man/man3/utempter.3.bz2
./usr/share/man/man3/utempter_remove_added_record.3.bz2
./usr/share/man/man3/utempter_remove_record.3.bz2
./usr/share/man/man3/utempter_add_record.3.bz2
./usr/share/man/man3/libutempter.3.bz2
./usr/share/man/man3/utempter_set_helper.3.bz2
./usr/share/doc/
./usr/share/doc/libutempter-1.2.0/
./usr/share/doc/libutempter-1.2.0/README.bz2
./usr/lib64/
./usr/lib64/libutempter.so.0
./usr/lib64/libutempter.so
./usr/lib64/misc/
./usr/lib64/misc/utempter/
./usr/lib64/misc/utempter/utempter
./usr/lib64/libutempter.so.1.2.0
>>> Done.
 * checking 12 files for package collisions
>>> Merging sys-libs/libutempter-1.2.0 to /
 * removing unneeded *.la files
 * >>> SetGID: [chmod o-r] /usr/lib64/misc/utempter/utempter ...
 [ ok ]
--- /usr/
--- /usr/lib64/
>>> /usr/lib64/libutempter.so.1.2.0
--- /usr/lib64/misc/
--- /usr/lib64/misc/utempter/
>>> /usr/lib64/misc/utempter/utempter
>>> /usr/lib64/libutempter.so -> libutempter.so.0
>>> /usr/lib64/libutempter.so.0 -> libutempter.so.1.2.0
--- /usr/share/
--- /usr/share/man/
--- /usr/share/man/man3/
>>> /usr/share/man/man3/utempter_set_helper.3.bz2 -> utempter.3.bz2
>>> /usr/share/man/man3/libutempter.3.bz2 -> utempter.3.bz2
>>> /usr/share/man/man3/utempter_add_record.3.bz2 -> utempter.3.bz2
>>> /usr/share/man/man3/utempter_remove_record.3.bz2 -> utempter.3.bz2
>>> /usr/share/man/man3/utempter_remove_added_record.3.bz2 -> utempter.3.bz2
>>> /usr/share/man/man3/utempter.3.bz2
--- /usr/sbin/
>>> /usr/sbin/utempter -> ../lib64/misc/utempter/utempter
--- /usr/include/
>>> /usr/include/utempter.h
>>> Safely unmerging already-installed instance...
>>> Original instance of package unmerged safely.
>>> sys-libs/libutempter-1.2.0 merged.
>>> Regenerating /etc/ld.so.cache...
