>>> Extracting info
 * Package:    sys-libs/cracklib-2.9.7
 * Repository: gentoo
 * USE:        python userland_GNU kernel_linux abi_x86_64 split-usr elibc_glibc python_targets_python3_7 amd64 python_targets_python3_6 python_targets_python3_8 zlib
 * FEATURES:   ccache network-sandbox preserve-libs sandbox userpriv usersandbox
 * FEATURES='assume-digests binpkg-docompress binpkg-dostrip binpkg-logs binpkg-multi-instance buildpkg ccache cgroup compress-index config-protect-if-modified distlocks downgrade-backup fixlafiles ipc-sandbox merge-sync multilib-strict network-sandbox news nodoc parallel-fetch parallel-install pid-sandbox preserve-libs qa-unresolved-soname-deps sandbox sfperms strict unknown-features-warn unmerge-backup unmerge-logs unmerge-orphans userfetch userpriv usersandbox usersync xattr'
 * CFLAGS='-march=native -O3 -fdevirtualize-at-ltrans -fipa-pta -fno-semantic-interposition -fno-math-errno -fno-trapping-math -fno-plt -fuse-linker-plugin -pipe -g0 -fno-stack-protector -fno-stack-clash-protection -fstack-check=no -fno-stack-check -Wl,-O4,--hash-style=gnu,--sort-common,--as-needed,-z,relro,-z,now,-lgomp,-lpthread'
 * CXXFLAGS='-march=native -O3 -fdevirtualize-at-ltrans -fipa-pta -fno-semantic-interposition -fno-math-errno -fno-trapping-math -fno-plt -fuse-linker-plugin -pipe -g0 -fno-stack-protector -fno-stack-clash-protection -fstack-check=no -fno-stack-check -Wl,-O4,--hash-style=gnu,--sort-common,--as-needed,-z,relro,-z,now,-lgomp,-lpthread'
 * FFLAGS='-march=native -O3 -fdevirtualize-at-ltrans -fipa-pta -fno-semantic-interposition -fno-math-errno -fno-trapping-math -fno-plt -fuse-linker-plugin -pipe -g0 -fno-stack-protector -fno-stack-clash-protection -fstack-check=no -fno-stack-check -Wl,-O4,--hash-style=gnu,--sort-common,--as-needed,-z,relro,-z,now,-lgomp,-lpthread'
 * FCFLAGS='-march=native -O3 -fdevirtualize-at-ltrans -fipa-pta -fno-semantic-interposition -fno-math-errno -fno-trapping-math -fno-plt -fuse-linker-plugin -pipe -g0 -fno-stack-protector -fno-stack-clash-protection -fstack-check=no -fno-stack-check -Wl,-O4,--hash-style=gnu,--sort-common,--as-needed,-z,relro,-z,now,-lgomp,-lpthread'
 * F77FLAGS='-march=native -O3 -fdevirtualize-at-ltrans -fipa-pta -fno-semantic-interposition -fno-math-errno -fno-trapping-math -fno-plt -fuse-linker-plugin -pipe -g0 -fno-stack-protector -fno-stack-clash-protection -fstack-check=no -fno-stack-check -Wl,-O4,--hash-style=gnu,--sort-common,--as-needed,-z,relro,-z,now,-lgomp,-lpthread'
 * LDFLAGS='-Wl,-O4,--hash-style=gnu,--sort-common,--as-needed,-z,relro,-z,now,-lgomp,-lpthread'
 * MAKEOPTS='-j12'
 * gcc (Gentoo 10.1.0 p1) 10.1.0
 * g++ (Gentoo 10.1.0 p1) 10.1.0
 * GNU ld (Gentoo 2.34 p1) 2.34.0
 * Linux ryzen.gnum.org 5.4.36 #1 SMP Thu Apr 30 04:38:28 UTC 2020 x86_64 AMD Ryzen 5 3600 6-Core Processor AuthenticAMD GNU/Linux
sys-libs/cracklib: 15 seconds average for 2 merges
2020-05-15T03:34:59 >>> sys-libs/cracklib: 14 seconds
2020-05-16T16:43:49 >>> sys-libs/cracklib: 17 seconds
]0;emerge 23:59:04 80|162 cracklib 00:16 (root@ryzen.gnum.org)>>> Extracting sys-libs/cracklib-2.9.7
 * checking 53 files for package collisions
>>> Merging sys-libs/cracklib-2.9.7 to /
 * removing unneeded *.la files
--- /lib64/
>>> /lib64/libcrack.so.2 -> libcrack.so.2.9.0
>>> /lib64/libcrack.so.2.9.0
--- /usr/
--- /usr/lib64/
>>> /usr/lib64/libcrack.so
--- /usr/lib64/python3.6/
--- /usr/lib64/python3.6/site-packages/
--- /usr/lib64/python3.6/site-packages/__pycache__/
>>> /usr/lib64/python3.6/site-packages/__pycache__/cracklib.cpython-36.pyc
>>> /usr/lib64/python3.6/site-packages/__pycache__/test_cracklib.cpython-36.pyc
>>> /usr/lib64/python3.6/site-packages/__pycache__/cracklib.cpython-36.opt-2.pyc
>>> /usr/lib64/python3.6/site-packages/__pycache__/cracklib.cpython-36.opt-1.pyc
>>> /usr/lib64/python3.6/site-packages/__pycache__/test_cracklib.cpython-36.opt-2.pyc
>>> /usr/lib64/python3.6/site-packages/__pycache__/test_cracklib.cpython-36.opt-1.pyc
>>> /usr/lib64/python3.6/site-packages/cracklib-2.9.7-py3.6.egg-info/
>>> /usr/lib64/python3.6/site-packages/cracklib-2.9.7-py3.6.egg-info/PKG-INFO
>>> /usr/lib64/python3.6/site-packages/cracklib-2.9.7-py3.6.egg-info/dependency_links.txt
>>> /usr/lib64/python3.6/site-packages/cracklib-2.9.7-py3.6.egg-info/not-zip-safe
>>> /usr/lib64/python3.6/site-packages/cracklib-2.9.7-py3.6.egg-info/SOURCES.txt
>>> /usr/lib64/python3.6/site-packages/cracklib-2.9.7-py3.6.egg-info/top_level.txt
>>> /usr/lib64/python3.6/site-packages/_cracklib.cpython-36m-x86_64-linux-gnu.so
>>> /usr/lib64/python3.6/site-packages/cracklib.py
>>> /usr/lib64/python3.6/site-packages/test_cracklib.py
--- /usr/share/
--- /usr/share/dict/
>>> /usr/share/dict/cracklib-small
--- /usr/sbin/
>>> /usr/sbin/cracklib-format
>>> /usr/sbin/cracklib-check
>>> /usr/sbin/cracklib-unpacker
>>> /usr/sbin/create-cracklib-dict
>>> /usr/sbin/cracklib-packer
--- /usr/include/
>>> /usr/include/packer.h
>>> /usr/include/crack.h
--- /usr/lib/
--- /usr/lib/python3.7/
--- /usr/lib/python3.7/site-packages/
>>> /usr/lib/python3.7/site-packages/_cracklib.cpython-37m-x86_64-linux-gnu.so
--- /usr/lib/python3.7/site-packages/__pycache__/
>>> /usr/lib/python3.7/site-packages/__pycache__/cracklib.cpython-37.opt-2.pyc
>>> /usr/lib/python3.7/site-packages/__pycache__/test_cracklib.cpython-37.pyc
>>> /usr/lib/python3.7/site-packages/__pycache__/cracklib.cpython-37.pyc
>>> /usr/lib/python3.7/site-packages/__pycache__/test_cracklib.cpython-37.opt-1.pyc
>>> /usr/lib/python3.7/site-packages/__pycache__/test_cracklib.cpython-37.opt-2.pyc
>>> /usr/lib/python3.7/site-packages/__pycache__/cracklib.cpython-37.opt-1.pyc
--- /usr/lib/python3.7/site-packages/cracklib-2.9.7-py3.7.egg-info/
>>> /usr/lib/python3.7/site-packages/cracklib-2.9.7-py3.7.egg-info/PKG-INFO
>>> /usr/lib/python3.7/site-packages/cracklib-2.9.7-py3.7.egg-info/dependency_links.txt
>>> /usr/lib/python3.7/site-packages/cracklib-2.9.7-py3.7.egg-info/not-zip-safe
>>> /usr/lib/python3.7/site-packages/cracklib-2.9.7-py3.7.egg-info/SOURCES.txt
>>> /usr/lib/python3.7/site-packages/cracklib-2.9.7-py3.7.egg-info/top_level.txt
>>> /usr/lib/python3.7/site-packages/cracklib.py
>>> /usr/lib/python3.7/site-packages/test_cracklib.py
--- /usr/lib/python3.8/
--- /usr/lib/python3.8/site-packages/
--- /usr/lib/python3.8/site-packages/__pycache__/
>>> /usr/lib/python3.8/site-packages/__pycache__/test_cracklib.cpython-38.opt-2.pyc
>>> /usr/lib/python3.8/site-packages/__pycache__/test_cracklib.cpython-38.pyc
>>> /usr/lib/python3.8/site-packages/__pycache__/cracklib.cpython-38.opt-1.pyc
>>> /usr/lib/python3.8/site-packages/__pycache__/cracklib.cpython-38.pyc
>>> /usr/lib/python3.8/site-packages/__pycache__/cracklib.cpython-38.opt-2.pyc
>>> /usr/lib/python3.8/site-packages/__pycache__/test_cracklib.cpython-38.opt-1.pyc
>>> /usr/lib/python3.8/site-packages/_cracklib.cpython-38-x86_64-linux-gnu.so
--- /usr/lib/python3.8/site-packages/cracklib-2.9.7-py3.8.egg-info/
>>> /usr/lib/python3.8/site-packages/cracklib-2.9.7-py3.8.egg-info/PKG-INFO
>>> /usr/lib/python3.8/site-packages/cracklib-2.9.7-py3.8.egg-info/dependency_links.txt
>>> /usr/lib/python3.8/site-packages/cracklib-2.9.7-py3.8.egg-info/not-zip-safe
>>> /usr/lib/python3.8/site-packages/cracklib-2.9.7-py3.8.egg-info/SOURCES.txt
>>> /usr/lib/python3.8/site-packages/cracklib-2.9.7-py3.8.egg-info/top_level.txt
>>> /usr/lib/python3.8/site-packages/cracklib.py
>>> /usr/lib/python3.8/site-packages/test_cracklib.py
>>> Safely unmerging already-installed instance...
>>> Original instance of package unmerged safely.
 * Regenerating cracklib dictionary ...
 [ ok ]
>>> sys-libs/cracklib-2.9.7 merged.
>>> Regenerating /etc/ld.so.cache...
