>>> Extracting info
 * Package:    sys-devel/patch-2.7.6-r4
 * Repository: gentoo
 * USE:        elibc_glibc amd64 xattr userland_GNU kernel_linux abi_x86_64
 * FEATURES:   preserve-libs
 * /etc/portage/package.cflags/ltoworkarounds.conf -> */*: *FLAGS+=-Wl,-O4 *FLAGS-=-Wl,-O1
 * FEATURES='multilib-strict unmerge-logs unmerge-orphans ebuild-locks qa-unresolved-soname-deps merge-sync distlocks news nodoc binpkg-dostrip xattr assume-digests strict unknown-features-warn binpkg-logs config-protect-if-modified parallel-fetch strict-keepdir sfperms buildpkg fixlafiles preserve-libs'
 * CFLAGS='-march=znver2 -O2 -pipe -g0 -fno-semantic-interposition -fno-plt -falign-functions=32 -fno-stack-protector -fno-stack-clash-protection -fstack-check=no -fno-stack-check -Wl,-O4 -Wl,-O4,--sort-common,--as-needed,-z,norelro,-z,now'
 * CXXFLAGS='-march=znver2 -O2 -pipe -g0 -fno-semantic-interposition -fno-plt -falign-functions=32 -fno-stack-protector -fno-stack-clash-protection -fstack-check=no -fno-stack-check -Wl,-O4 -Wl,-O4,--sort-common,--as-needed,-z,norelro,-z,now'
 * FFLAGS='-march=znver2 -O2 -pipe -g0 -fno-semantic-interposition -fno-plt -falign-functions=32 -fno-stack-protector -fno-stack-clash-protection -fstack-check=no -fno-stack-check -Wl,-O4 -Wl,-O4,--sort-common,--as-needed,-z,norelro,-z,now'
 * FCFLAGS='-march=znver2 -O2 -pipe -g0 -fno-semantic-interposition -fno-plt -falign-functions=32 -fno-stack-protector -fno-stack-clash-protection -fstack-check=no -fno-stack-check -Wl,-O4 -Wl,-O4,--sort-common,--as-needed,-z,norelro,-z,now'
 * F77FLAGS='-march=znver2 -O2 -pipe -g0 -fno-semantic-interposition -fno-plt -falign-functions=32 -fno-stack-protector -fno-stack-clash-protection -fstack-check=no -fno-stack-check -Wl,-O4 -Wl,-O4,--sort-common,--as-needed,-z,norelro,-z,now'
 * LDFLAGS='-Wl,-O4,--sort-common,--as-needed,-z,norelro,-z,now'
 * MAKEOPTS='-j12 -l12'
 * gcc () 11.0.0 20200606 (experimental)
 * g++ () 11.0.0 20200606 (experimental)
 * GNU ld (Gentoo 2.34 p4) 2.34.0
 * Linux rescue 5.4.36 #1 SMP Thu Apr 30 04:38:28 UTC 2020 x86_64 AMD Ryzen 5 3600 6-Core Processor AuthenticAMD GNU/Linux
sys-devel/patch: 45 seconds average for 25 merges
2020-05-15T07:08:26 >>> sys-devel/patch: 38 seconds
2020-05-15T12:05:02 >>> sys-devel/patch: 36 seconds
2020-05-20T01:04:05 >>> sys-devel/patch: 21 seconds
2020-05-21T06:02:50 >>> sys-devel/patch: 5 seconds
2020-05-23T03:42:45 >>> sys-devel/patch: 1 minute, 43 seconds
2020-05-24T23:44:26 >>> sys-devel/patch: 2 minutes, 34 seconds
2020-05-25T03:08:16 >>> sys-devel/patch: 18 seconds
2020-05-25T18:29:04 >>> sys-devel/patch: 1 minute, 50 seconds
2020-05-25T20:01:24 >>> sys-devel/patch: 1 minute, 1 second
2020-05-26T13:00:00 >>> sys-devel/patch: 1 minute, 6 seconds
2020-05-26T13:55:00 >>> sys-devel/patch: 17 seconds
2020-05-27T00:48:33 >>> sys-devel/patch: 6 seconds
2020-05-27T01:34:51 >>> sys-devel/patch: 18 seconds
2020-05-27T03:16:19 >>> sys-devel/patch: 1 minute, 21 seconds
2020-05-28T02:51:19 >>> sys-devel/patch: 5 seconds
2020-05-28T14:20:37 >>> sys-devel/patch: 19 seconds
2020-05-29T01:42:52 >>> sys-devel/patch: 28 seconds
2020-05-29T03:03:17 >>> sys-devel/patch: 1 minute, 1 second
2020-05-29T03:16:05 >>> sys-devel/patch: 10 seconds
2020-05-29T12:19:40 >>> sys-devel/patch: 1 minute
2020-05-30T17:35:46 >>> sys-devel/patch: 1 minute, 1 second
2020-05-30T21:49:11 >>> sys-devel/patch: 6 seconds
2020-06-01T07:52:14 >>> sys-devel/patch: 1 minute, 2 seconds
2020-06-06T10:38:33 >>> sys-devel/patch: 1 minute, 36 seconds
2020-06-09T04:02:47 >>> sys-devel/patch: 6 seconds
]0;emerge 01:27:30 69|626 patch 00:55 (root@rescue)>>> Extracting sys-devel/patch-2.7.6-r4
 * One or more compressed files were found in docompress-ed directories.
 * Please fix the ebuild not to install compressed files (manpages,
 * documentation) when automatic compression is used:
 * 
 *   /usr/share/man/man1/patch.1.bz2
 * checking 2 files for package collisions
>>> Merging sys-devel/patch-2.7.6-r4 to /
 * removing unneeded *.la files
--- /usr/
--- /usr/bin/
>>> /usr/bin/patch
--- /usr/share/
--- /usr/share/man/
--- /usr/share/man/man1/
>>> /usr/share/man/man1/patch.1.bz2
>>> Safely unmerging already-installed instance...
>>> Original instance of package unmerged safely.
>>> sys-devel/patch-2.7.6-r4 merged.
