>>> Extracting info
 * Package:    sys-libs/libcap-ng-0.7.10
 * Repository: gentoo
 * USE:        elibc_glibc amd64 python userland_GNU kernel_linux abi_x86_64 python_targets_python3_8 python_targets_python3_7 python_targets_python3_6
 * FEATURES:   preserve-libs
 * /etc/portage/package.cflags/ltoworkarounds.conf -> */*: *FLAGS+=-Wl,-O4 *FLAGS-=-Wl,-O1
 * FEATURES='assume-digests binpkg-dostrip binpkg-logs buildpkg config-protect-if-modified distlocks ebuild-locks fixlafiles merge-sync multilib-strict news nodoc parallel-fetch preserve-libs qa-unresolved-soname-deps sfperms strict strict-keepdir unknown-features-warn unmerge-logs unmerge-orphans xattr'
 * CFLAGS='-march=znver2 -O2 -pipe -g0 -fno-semantic-interposition -fno-plt -falign-functions=32 -fno-stack-protector -fno-stack-clash-protection -fstack-check=no -fno-stack-check -Wl,-O4 -Wl,-O4,--sort-common,--as-needed,-z,norelro,-z,now,-lgomp,-lpthread'
 * CXXFLAGS='-march=znver2 -O2 -pipe -g0 -fno-semantic-interposition -fno-plt -falign-functions=32 -fno-stack-protector -fno-stack-clash-protection -fstack-check=no -fno-stack-check -Wl,-O4 -Wl,-O4,--sort-common,--as-needed,-z,norelro,-z,now,-lgomp,-lpthread'
 * FFLAGS='-march=znver2 -O2 -pipe -g0 -fno-semantic-interposition -fno-plt -falign-functions=32 -fno-stack-protector -fno-stack-clash-protection -fstack-check=no -fno-stack-check -Wl,-O4 -Wl,-O4,--sort-common,--as-needed,-z,norelro,-z,now,-lgomp,-lpthread'
 * FCFLAGS='-march=znver2 -O2 -pipe -g0 -fno-semantic-interposition -fno-plt -falign-functions=32 -fno-stack-protector -fno-stack-clash-protection -fstack-check=no -fno-stack-check -Wl,-O4 -Wl,-O4,--sort-common,--as-needed,-z,norelro,-z,now,-lgomp,-lpthread'
 * F77FLAGS='-march=znver2 -O2 -pipe -g0 -fno-semantic-interposition -fno-plt -falign-functions=32 -fno-stack-protector -fno-stack-clash-protection -fstack-check=no -fno-stack-check -Wl,-O4 -Wl,-O4,--sort-common,--as-needed,-z,norelro,-z,now,-lgomp,-lpthread'
 * LDFLAGS='-march=znver2 -O2 -pipe -g0 -fno-semantic-interposition -fno-plt -falign-functions=32 -fno-stack-protector -fno-stack-clash-protection -fstack-check=no -fno-stack-check -Wl,-O4,--sort-common,--as-needed,-z,norelro,-z,now,-lgomp,-lpthread'
 * MAKEOPTS='-j12 -l12'
 * gcc (Gentoo 11.0.0_pre9999 p1, commit 184c21bf1cd04a108ed9bd04635e7d57ac39f616) 11.0.0 20200611 (experimental)
 * g++ (Gentoo 11.0.0_pre9999 p1, commit 184c21bf1cd04a108ed9bd04635e7d57ac39f616) 11.0.0 20200611 (experimental)
 * GNU ld (Gentoo 2.34 p4) 2.34.0
 * Linux rescue 5.4.36 #1 SMP Thu Apr 30 04:38:28 UTC 2020 x86_64 AMD Ryzen 5 3600 6-Core Processor AuthenticAMD GNU/Linux
sys-libs/libcap-ng: 23 seconds average for 17 merges
2020-05-16T16:37:16 >>> sys-libs/libcap-ng: 19 seconds
2020-05-16T22:25:42 >>> sys-libs/libcap-ng: 24 seconds
2020-05-19T23:59:17 >>> sys-libs/libcap-ng: 5 seconds
2020-05-20T02:25:30 >>> sys-libs/libcap-ng: 5 seconds
2020-05-22T13:22:01 >>> sys-libs/libcap-ng: 1 minute, 54 seconds
2020-05-25T00:52:08 >>> sys-libs/libcap-ng: 27 seconds
2020-05-26T00:42:07 >>> sys-libs/libcap-ng: 27 seconds
2020-05-26T14:35:52 >>> sys-libs/libcap-ng: 6 seconds
2020-05-27T02:12:20 >>> sys-libs/libcap-ng: 6 seconds
2020-05-28T02:57:53 >>> sys-libs/libcap-ng: 17 seconds
2020-05-28T14:28:33 >>> sys-libs/libcap-ng: 6 seconds
2020-05-29T02:23:54 >>> sys-libs/libcap-ng: 19 seconds
2020-05-30T13:51:57 >>> sys-libs/libcap-ng: 17 seconds
2020-05-30T21:49:04 >>> sys-libs/libcap-ng: 7 seconds
2020-05-31T11:34:59 >>> sys-libs/libcap-ng: 27 seconds
2020-06-01T03:17:40 >>> sys-libs/libcap-ng: 29 seconds
2020-06-05T03:36:09 >>> sys-libs/libcap-ng: 39 seconds
]0;emerge 02:03:28 436|626 libcap-ng 00:32 (root@rescue)>>> Extracting sys-libs/libcap-ng-0.7.10
 * One or more compressed files were found in docompress-ed directories.
 * Please fix the ebuild not to install compressed files (manpages,
 * documentation) when automatic compression is used:
 * 
 *   /usr/share/man/man8/pscap.8.bz2
 *   /usr/share/man/man8/netcap.8.bz2
 *   /usr/share/man/man8/filecap.8.bz2
 *   /usr/share/man/man8/captest.8.bz2
 *   /usr/share/man/man3/capng_updatev.3.bz2
 *   /usr/share/man/man3/capng_update.3.bz2
 *   /usr/share/man/man3/capng_setpid.3.bz2
 *   /usr/share/man/man3/capng_set_caps_fd.3.bz2
 *   /usr/share/man/man3/capng_save_state.3.bz2
 *   /usr/share/man/man3/capng_restore_state.3.bz2
 *   /usr/share/man/man3/capng_print_caps_text.3.bz2
 *   ...
 * checking 45 files for package collisions
>>> Merging sys-libs/libcap-ng-0.7.10 to /
 * removing unneeded *.la files
--- /usr/
--- /usr/bin/
>>> /usr/bin/captest
>>> /usr/bin/filecap
>>> /usr/bin/netcap
>>> /usr/bin/pscap
--- /usr/include/
>>> /usr/include/cap-ng.h
--- /usr/lib/
--- /usr/lib/python3.7/
--- /usr/lib/python3.7/site-packages/
--- /usr/lib/python3.7/site-packages/__pycache__/
>>> /usr/lib/python3.7/site-packages/__pycache__/capng.cpython-37.opt-1.pyc
>>> /usr/lib/python3.7/site-packages/__pycache__/capng.cpython-37.pyc
>>> /usr/lib/python3.7/site-packages/_capng.so
>>> /usr/lib/python3.7/site-packages/capng.py
--- /usr/lib/python3.8/
--- /usr/lib/python3.8/site-packages/
--- /usr/lib/python3.8/site-packages/__pycache__/
>>> /usr/lib/python3.8/site-packages/__pycache__/capng.cpython-38.opt-1.pyc
>>> /usr/lib/python3.8/site-packages/__pycache__/capng.cpython-38.pyc
>>> /usr/lib/python3.8/site-packages/_capng.so
>>> /usr/lib/python3.8/site-packages/capng.py
--- /usr/lib64/
>>> /usr/lib64/libcap-ng.so -> libcap-ng.so.0.0.0
>>> /usr/lib64/libcap-ng.so.0 -> libcap-ng.so.0.0.0
>>> /usr/lib64/libcap-ng.so.0.0.0
--- /usr/lib64/pkgconfig/
>>> /usr/lib64/pkgconfig/libcap-ng.pc
--- /usr/lib64/python3.6/
--- /usr/lib64/python3.6/site-packages/
--- /usr/lib64/python3.6/site-packages/__pycache__/
>>> /usr/lib64/python3.6/site-packages/__pycache__/capng.cpython-36.opt-1.pyc
>>> /usr/lib64/python3.6/site-packages/__pycache__/capng.cpython-36.pyc
>>> /usr/lib64/python3.6/site-packages/_capng.so
>>> /usr/lib64/python3.6/site-packages/capng.py
--- /usr/share/
--- /usr/share/aclocal/
>>> /usr/share/aclocal/cap-ng.m4
--- /usr/share/man/
--- /usr/share/man/man3/
>>> /usr/share/man/man3/capng_capability_to_name.3.bz2
>>> /usr/share/man/man3/capng_apply.3.bz2
>>> /usr/share/man/man3/capng_change_id.3.bz2
>>> /usr/share/man/man3/capng_get_caps_fd.3.bz2
>>> /usr/share/man/man3/capng_clear.3.bz2
>>> /usr/share/man/man3/capng_fill.3.bz2
>>> /usr/share/man/man3/capng_get_caps_process.3.bz2
>>> /usr/share/man/man3/capng_have_capabilities.3.bz2
>>> /usr/share/man/man3/capng_have_capability.3.bz2
>>> /usr/share/man/man3/capng_print_caps_numeric.3.bz2
>>> /usr/share/man/man3/capng_name_to_capability.3.bz2
>>> /usr/share/man/man3/capng_lock.3.bz2
>>> /usr/share/man/man3/capng_restore_state.3.bz2
>>> /usr/share/man/man3/capng_print_caps_text.3.bz2
>>> /usr/share/man/man3/capng_save_state.3.bz2
>>> /usr/share/man/man3/capng_setpid.3.bz2
>>> /usr/share/man/man3/capng_set_caps_fd.3.bz2
>>> /usr/share/man/man3/capng_updatev.3.bz2
>>> /usr/share/man/man3/capng_update.3.bz2
--- /usr/share/man/man8/
>>> /usr/share/man/man8/captest.8.bz2
>>> /usr/share/man/man8/filecap.8.bz2
>>> /usr/share/man/man8/netcap.8.bz2
>>> /usr/share/man/man8/pscap.8.bz2
>>> Safely unmerging already-installed instance...
>>> Original instance of package unmerged safely.
>>> sys-libs/libcap-ng-0.7.10 merged.
>>> Regenerating /etc/ld.so.cache...
