>>> Extracting info
 * Package:    sys-apps/diffutils-3.7
 * Repository: gentoo
 * USE:        abi_x86_64 userland_GNU amd64 kernel_linux elibc_glibc
 * FEATURES:   network-sandbox preserve-libs sandbox userpriv usersandbox
 * FEATURES='assume-digests binpkg-docompress binpkg-dostrip binpkg-logs binpkg-multi-instance buildpkg cgroup compress-index config-protect-if-modified distlocks downgrade-backup fixlafiles ipc-sandbox merge-sync multilib-strict network-sandbox news nodoc parallel-fetch parallel-install pid-sandbox preserve-libs qa-unresolved-soname-deps sandbox sfperms strict strict-keepdir unknown-features-warn unmerge-backup unmerge-logs unmerge-orphans userfetch userpriv usersandbox usersync xattr'
 * CFLAGS='-march=native -O3 -fgraphite-identity -floop-nest-optimize -fdevirtualize-at-ltrans -fipa-pta -fno-semantic-interposition -flto=12 -fno-plt -fno-math-errno -fno-trapping-math -fuse-linker-plugin -pipe -g0 -falign-functions=32 -Wl,-O1 -Wl,--as-needed -Wl,--hash-style=gnu,-z,norelro,--as-needed'
 * CXXFLAGS='-march=native -O3 -fgraphite-identity -floop-nest-optimize -fdevirtualize-at-ltrans -fipa-pta -fno-semantic-interposition -flto=12 -fno-plt -fno-math-errno -fno-trapping-math -fuse-linker-plugin -pipe -g0 -falign-functions=32 -Wl,-O1 -Wl,--as-needed -Wl,--hash-style=gnu,-z,norelro,--as-needed'
 * FFLAGS='-march=native -O3 -fgraphite-identity -floop-nest-optimize -fdevirtualize-at-ltrans -fipa-pta -fno-semantic-interposition -flto=12 -fno-plt -fno-math-errno -fno-trapping-math -fuse-linker-plugin -pipe -g0 -falign-functions=32 -Wl,-O1 -Wl,--as-needed -Wl,--hash-style=gnu,-z,norelro,--as-needed'
 * FCFLAGS='-march=native -O3 -fgraphite-identity -floop-nest-optimize -fdevirtualize-at-ltrans -fipa-pta -fno-semantic-interposition -flto=12 -fno-plt -fno-math-errno -fno-trapping-math -fuse-linker-plugin -pipe -g0 -falign-functions=32 -Wl,-O1 -Wl,--as-needed -Wl,--hash-style=gnu,-z,norelro,--as-needed'
 * F77FLAGS='-march=native -O3 -fgraphite-identity -floop-nest-optimize -fdevirtualize-at-ltrans -fipa-pta -fno-semantic-interposition -flto=12 -fno-plt -fno-math-errno -fno-trapping-math -fuse-linker-plugin -pipe -g0 -falign-functions=32 -Wl,-O1 -Wl,--as-needed -Wl,--hash-style=gnu,-z,norelro,--as-needed'
 * LDFLAGS='-Wl,-O1 -Wl,--as-needed -Wl,--hash-style=gnu,-z,norelro,--as-needed -march=native -O3 -fgraphite-identity -floop-nest-optimize -fdevirtualize-at-ltrans -fipa-pta -fno-semantic-interposition -flto=12 -fno-plt -fno-math-errno -fno-trapping-math -fuse-linker-plugin -pipe -g0 -falign-functions=32'
 * MAKEOPTS='-j12 -l12'
 * gcc () 11.0.0 20200526 (experimental)
 * g++ () 11.0.0 20200526 (experimental)
 * GNU ld (Gentoo 2.34 p4) 2.34.0
 * Linux ryzen.gnum.org 5.4.36 #1 SMP Thu Apr 30 04:38:28 UTC 2020 x86_64 AMD Ryzen 5 3600 6-Core Processor AuthenticAMD GNU/Linux
sys-apps/diffutils: 1 minute, 31 seconds average for 9 merges
2020-05-20T14:20:06 >>> sys-apps/diffutils: 51 seconds
2020-05-21T06:01:19 >>> sys-apps/diffutils: 6 seconds
2020-05-21T12:38:37 >>> sys-apps/diffutils: 49 seconds
2020-05-23T03:40:55 >>> sys-apps/diffutils: 1 minute, 46 seconds
2020-05-24T23:40:24 >>> sys-apps/diffutils: 2 minutes, 35 seconds
2020-05-25T18:25:44 >>> sys-apps/diffutils: 2 minutes, 53 seconds
2020-05-25T19:59:23 >>> sys-apps/diffutils: 1 minute, 53 seconds
2020-05-26T12:57:37 >>> sys-apps/diffutils: 2 minutes, 16 seconds
2020-05-26T13:53:42 >>> sys-apps/diffutils: 33 seconds
]0;emerge 01:33:11 95|647 diffutils 01:34 (root@ryzen.gnum.org)kemerge 01:33:11 95|647 diffutils 01:34 (root@ryzen.gnum.org)\>>> Extracting sys-apps/diffutils-3.7
 * checking 9 files for package collisions
[32;01m * [39;49;00mBuilding package for sys-apps/diffutils-3.7 ...                       [34;01m[ [39;49;00m[32;01mok[39;49;00m[34;01m ][39;49;00m
[32;01m * [39;49;00mPackages now in '/usr/portage/packages':
[32;01m * [39;49;00msys-apps/diffutils-3.7: 220K

>>> Merging sys-apps/diffutils-3.7 to /
 * removing unneeded *.la files
--- /usr/
--- /usr/share/
--- /usr/share/man/
--- /usr/share/man/man1/
>>> /usr/share/man/man1/sdiff.1.bz2
>>> /usr/share/man/man1/diff3.1.bz2
>>> /usr/share/man/man1/cmp.1.bz2
>>> /usr/share/man/man1/diff.1.bz2
--- /usr/share/info/
>>> /usr/share/info/diffutils.info.bz2
--- /usr/bin/
>>> /usr/bin/sdiff
>>> /usr/bin/cmp
>>> /usr/bin/diff
>>> /usr/bin/diff3
>>> Safely unmerging already-installed instance...
>>> Original instance of package unmerged safely.
>>> sys-apps/diffutils-3.7 merged.
