No package files given... Grabbing a set.
<<<          obj /var/spool/cron/lastrun/.keep_sys-process_cronbase-0
--- replaced dir /var/spool/cron/lastrun
<<<          obj /var/spool/cron/.keep_sys-process_cronbase-0
--- replaced dir /var/spool/cron
--- replaced dir /var/spool
--- replaced dir /var
--- replaced obj /usr/sbin/run-crons
--- replaced dir /usr/sbin
--- replaced dir /usr
<<<          obj /etc/cron.weekly/.keep_sys-process_cronbase-0
--- replaced dir /etc/cron.weekly
<<<          obj /etc/cron.monthly/.keep_sys-process_cronbase-0
--- replaced dir /etc/cron.monthly
<<<          obj /etc/cron.hourly/.keep_sys-process_cronbase-0
--- replaced dir /etc/cron.hourly
<<<          obj /etc/cron.daily/.keep_sys-process_cronbase-0
--- replaced dir /etc/cron.daily
--- replaced dir /etc
>>> Regenerating /etc/ld.so.cache...
