 * Package:    sys-devel/binutils-config-5.3.1
 * Repository: gentoo
 * Maintainer: toolchain@gentoo.org
 * USE:        abi_x86_64 amd64 elibc_glibc kernel_linux native-symlinks userland_GNU
 * FEATURES:   network-sandbox preserve-libs sandbox userpriv usersandbox
 * FEATURES='assume-digests binpkg-docompress binpkg-dostrip binpkg-logs buildpkg cgroup compress-index config-protect-if-modified distlocks ebuild-locks fixlafiles ipc-sandbox merge-sync multilib-strict network-sandbox news nodoc parallel-fetch pid-sandbox preserve-libs qa-unresolved-soname-deps sandbox sfperms strict strict-keepdir unknown-features-warn unmerge-logs unmerge-orphans userfetch userpriv usersandbox usersync xattr'
 * CFLAGS='-march=znver2 -Ofast -pipe -g0 -fno-common -fgraphite-identity -floop-interchange -floop-nest-optimize -floop-parallelize-all -ftree-parallelize-loops=12 -ftree-vectorize -fdevirtualize-at-ltrans -fipa-pta -fno-semantic-interposition -flto=12 -fno-plt -falign-functions=32 -fno-stack-protector -fno-stack-clash-protection -fstack-check=no -fno-stack-check -fuse-linker-plugin -Wl,-O4,--sort-common,--as-needed,-z,norelro,-z,now,-lgomp,-lpthread -s'
 * CXXFLAGS='-march=znver2 -Ofast -pipe -g0 -fno-common -fgraphite-identity -floop-interchange -floop-nest-optimize -floop-parallelize-all -ftree-parallelize-loops=12 -ftree-vectorize -fdevirtualize-at-ltrans -fipa-pta -fno-semantic-interposition -flto=12 -fno-plt -falign-functions=32 -fno-stack-protector -fno-stack-clash-protection -fstack-check=no -fno-stack-check -fuse-linker-plugin -Wl,-O4,--sort-common,--as-needed,-z,norelro,-z,now,-lgomp,-lpthread -s'
 * FFLAGS='-march=znver2 -Ofast -pipe -g0 -fno-common -fgraphite-identity -floop-interchange -floop-nest-optimize -floop-parallelize-all -ftree-parallelize-loops=12 -ftree-vectorize -fdevirtualize-at-ltrans -fipa-pta -fno-semantic-interposition -flto=12 -fno-plt -falign-functions=32 -fno-stack-protector -fno-stack-clash-protection -fstack-check=no -fno-stack-check -fuse-linker-plugin -Wl,-O4,--sort-common,--as-needed,-z,norelro,-z,now,-lgomp,-lpthread -s'
 * FCFLAGS='-march=znver2 -Ofast -pipe -g0 -fno-common -fgraphite-identity -floop-interchange -floop-nest-optimize -floop-parallelize-all -ftree-parallelize-loops=12 -ftree-vectorize -fdevirtualize-at-ltrans -fipa-pta -fno-semantic-interposition -flto=12 -fno-plt -falign-functions=32 -fno-stack-protector -fno-stack-clash-protection -fstack-check=no -fno-stack-check -fuse-linker-plugin -Wl,-O4,--sort-common,--as-needed,-z,norelro,-z,now,-lgomp,-lpthread -s'
 * F77FLAGS='-march=znver2 -Ofast -pipe -g0 -fno-common -fgraphite-identity -floop-interchange -floop-nest-optimize -floop-parallelize-all -ftree-parallelize-loops=12 -ftree-vectorize -fdevirtualize-at-ltrans -fipa-pta -fno-semantic-interposition -flto=12 -fno-plt -falign-functions=32 -fno-stack-protector -fno-stack-clash-protection -fstack-check=no -fno-stack-check -fuse-linker-plugin -Wl,-O4,--sort-common,--as-needed,-z,norelro,-z,now,-lgomp,-lpthread -s'
 * LDFLAGS='-Wl,-O4,--sort-common,--as-needed,-z,norelro,-z,now,-lgomp,-lpthread -s -march=znver2 -Ofast -pipe -g0 -fno-common -fgraphite-identity -floop-interchange -floop-nest-optimize -floop-parallelize-all -ftree-parallelize-loops=12 -ftree-vectorize -fdevirtualize-at-ltrans -fipa-pta -fno-semantic-interposition -flto=12 -fno-plt -falign-functions=32 -fno-stack-protector -fno-stack-clash-protection -fstack-check=no -fno-stack-check -fuse-linker-plugin'
 * MAKEOPTS='-j12 -l12'
 * gcc () 11.0.0 20200616 (experimental)
 * g++ () 11.0.0 20200616 (experimental)
 * GNU ld (Gentoo 2.34 p4) 2.34.0
 * Linux rescue 5.4.36 #1 SMP Thu Apr 30 04:38:28 UTC 2020 x86_64 AMD Ryzen 5 3600 6-Core Processor AuthenticAMD GNU/Linux
sys-devel/binutils-config: 1 minute, 49 seconds average for 30 merges
2020-05-16T18:58:04 >>> sys-devel/binutils-config: 8 seconds
2020-05-16T20:47:36 >>> sys-devel/binutils-config: 8 seconds
2020-05-20T01:01:11 >>> sys-devel/binutils-config: 40 seconds
2020-05-21T05:58:08 >>> sys-devel/binutils-config: 6 seconds
2020-05-22T02:04:06 >>> sys-devel/binutils-config: 2 minutes, 37 seconds
2020-05-22T03:15:59 >>> sys-devel/binutils-config: 1 minute, 55 seconds
2020-05-22T12:35:20 >>> sys-devel/binutils-config: 1 minute, 40 seconds
2020-05-23T03:36:59 >>> sys-devel/binutils-config: 1 minute, 44 seconds
2020-05-23T21:44:21 >>> sys-devel/binutils-config: 11 seconds
2020-05-24T23:32:43 >>> sys-devel/binutils-config: 4 minutes, 33 seconds
2020-05-25T03:06:01 >>> sys-devel/binutils-config: 18 seconds
2020-05-25T18:22:20 >>> sys-devel/binutils-config: 1 minute, 44 seconds
2020-05-25T19:56:49 >>> sys-devel/binutils-config: 57 seconds
2020-05-26T12:52:42 >>> sys-devel/binutils-config: 3 minutes, 23 seconds
2020-05-26T13:52:02 >>> sys-devel/binutils-config: 42 seconds
2020-05-27T01:31:23 >>> sys-devel/binutils-config: 23 seconds
2020-05-27T03:09:39 >>> sys-devel/binutils-config: 2 minutes, 34 seconds
2020-05-28T13:30:41 >>> sys-devel/binutils-config: 1 minute, 47 seconds
2020-05-28T14:17:30 >>> sys-devel/binutils-config: 45 seconds
2020-05-29T01:39:09 >>> sys-devel/binutils-config: 29 seconds
2020-05-30T12:37:30 >>> sys-devel/binutils-config: 2 minutes, 35 seconds
2020-05-30T21:37:39 >>> sys-devel/binutils-config: 44 seconds
2020-06-01T01:52:55 >>> sys-devel/binutils-config: 1 minute, 47 seconds
2020-06-04T12:09:16 >>> sys-devel/binutils-config: 11 minutes, 38 seconds
2020-06-12T01:22:49 >>> sys-devel/binutils-config: 2 minutes, 25 seconds
2020-06-13T03:21:21 >>> sys-devel/binutils-config: 5 minutes, 47 seconds
2020-06-13T20:03:24 >>> sys-devel/binutils-config: 41 seconds
2020-06-14T04:41:51 >>> sys-devel/binutils-config: 59 seconds
2020-06-15T13:48:53 >>> sys-devel/binutils-config: 23 seconds
2020-06-16T13:43:29 >>> sys-devel/binutils-config: 59 seconds
]0;emerge 03:14:09 71|566 binutils-config 00:47 (root@rescue)>>> Unpacking source...
>>> Unpacking binutils-config-5.3.1.tar.xz to /tmp/portage/sys-devel/binutils-config-5.3.1/work
>>> Source unpacked in /tmp/portage/sys-devel/binutils-config-5.3.1/work
>>> Preparing source in /tmp/portage/sys-devel/binutils-config-5.3.1/work/binutils-config-5.3.1 ...
>>> Source prepared.
>>> Configuring source in /tmp/portage/sys-devel/binutils-config-5.3.1/work/binutils-config-5.3.1 ...
>>> Source configured.
>>> Compiling source in /tmp/portage/sys-devel/binutils-config-5.3.1/work/binutils-config-5.3.1 ...
make -j12 -l12 DESTDIR=/tmp/portage/sys-devel/binutils-config-5.3.1/image PV=5.3.1 USE_NATIVE_LINKS=yes 
sed \
	-e 's:@GENTOO_EPREFIX@::g' \
	-e 's:@PV@:5.3.1:g' \
	-e 's:@USE_NATIVE_LINKS@:yes:g' \
	src/binutils-config > .binutils-config
chmod a+rx .binutils-config
>>> Source compiled.
>>> Test phase [not enabled]: sys-devel/binutils-config-5.3.1

>>> Install sys-devel/binutils-config-5.3.1 into /tmp/portage/sys-devel/binutils-config-5.3.1/image
make -j12 -l12 DESTDIR=/tmp/portage/sys-devel/binutils-config-5.3.1/image PV=5.3.1 install 
mkdir -p -m 755 /tmp/portage/sys-devel/binutils-config-5.3.1/image/usr/bin /tmp/portage/sys-devel/binutils-config-5.3.1/image/usr/share/doc/binutils-config-5.3.1 /tmp/portage/sys-devel/binutils-config-5.3.1/image/usr/share/eselect/modules /tmp/portage/sys-devel/binutils-config-5.3.1/image/usr/share/man/man8
install -m 755  .binutils-config /tmp/portage/sys-devel/binutils-config-5.3.1/image/usr/bin/binutils-config
install -m 644 README /tmp/portage/sys-devel/binutils-config-5.3.1/image/usr/share/doc/binutils-config-5.3.1
install -m 644 src/binutils.eselect /tmp/portage/sys-devel/binutils-config-5.3.1/image/usr/share/eselect/modules
install -m 644 src/binutils-config.8 /tmp/portage/sys-devel/binutils-config-5.3.1/image/usr/share/man/man8
>>> Completed installing sys-devel/binutils-config-5.3.1 into /tmp/portage/sys-devel/binutils-config-5.3.1/image

 * Final size of build directory: 60 KiB
 * Final size of installed tree:  68 KiB

Parallel BZIP2 v1.1.13 [Dec 18, 2015]
By: Jeff Gilchrist [http://compression.ca]
Major contributions: Yavor Nikolov [http://javornikolov.wordpress.com]
Uses libbzip2 by Julian Seward

         # CPUs: 11
   Load Average: 1.18
 BWT Block Size: 200 KB
File Block Size: 900 KB
 Maximum Memory: 1024 MB
-------------------------------------------
         File #: 1 of 1
     Input Name: compressme
    Output Name: compressme.bz2

     Input Size: 3895 bytes
Compressing data (no threads)...
Completed: 100%                 Output Size: 918 bytes
-------------------------------------------

     Wall Clock: 0.001078 seconds
Parallel BZIP2 v1.1.13 [Dec 18, 2015]
By: Jeff Gilchrist [http://compression.ca]
Major contributions: Yavor Nikolov [http://javornikolov.wordpress.com]
Uses libbzip2 by Julian Seward

         # CPUs: 10
   Load Average: 1.64
 BWT Block Size: 200 KB
File Block Size: 900 KB
 Maximum Memory: 1024 MB
-------------------------------------------
         File #: 1 of 1
     Input Name: /tmp/portage/sys-devel/binutils-config-5.3.1/image/usr/share/man/man8/binutils-config.8
    Output Name: /tmp/portage/sys-devel/binutils-config-5.3.1/image/usr/share/man/man8/binutils-config.8.bz2

     Input Size: 2422 bytes
Compressing data (no threads)...
Completed: 100%                 Output Size: 1142 bytes
-------------------------------------------

     Wall Clock: 0.001177 seconds
Parallel BZIP2 v1.1.13 [Dec 18, 2015]
By: Jeff Gilchrist [http://compression.ca]
Major contributions: Yavor Nikolov [http://javornikolov.wordpress.com]
Uses libbzip2 by Julian Seward

         # CPUs: 10
   Load Average: 1.64
 BWT Block Size: 200 KB
File Block Size: 900 KB
 Maximum Memory: 1024 MB
-------------------------------------------
         File #: 1 of 1
     Input Name: /tmp/portage/sys-devel/binutils-config-5.3.1/image/usr/share/doc/binutils-config-5.3.1/README
    Output Name: /tmp/portage/sys-devel/binutils-config-5.3.1/image/usr/share/doc/binutils-config-5.3.1/README.bz2

     Input Size: 151 bytes
Compressing data (no threads)...
Completed: 100%                 Output Size: 147 bytes
-------------------------------------------

     Wall Clock: 0.000615 seconds
./
./usr/
./usr/bin/
./usr/bin/binutils-config
./usr/share/
./usr/share/man/
./usr/share/man/man8/
./usr/share/man/man8/binutils-config.8.bz2
./usr/share/man/man8/binutils-config.8
./usr/share/eselect/
./usr/share/eselect/modules/
./usr/share/eselect/modules/binutils.eselect
./usr/share/doc/
./usr/share/doc/binutils-config-5.3.1/
./usr/share/doc/binutils-config-5.3.1/README
./usr/share/doc/binutils-config-5.3.1/README.bz2
>>> Done.
 * checking 4 files for package collisions
>>> Merging sys-devel/binutils-config-5.3.1 to /
 * removing unneeded *.la files
--- /usr/
--- /usr/share/
--- /usr/share/eselect/
--- /usr/share/eselect/modules/
>>> /usr/share/eselect/modules/binutils.eselect
--- /usr/share/man/
--- /usr/share/man/man8/
>>> /usr/share/man/man8/binutils-config.8
>>> /usr/share/man/man8/binutils-config.8.bz2
--- /usr/bin/
>>> /usr/bin/binutils-config
>>> Safely unmerging already-installed instance...
>>> Original instance of package unmerged safely.
 * Switching to x86_64-pc-linux-gnu-2.34 ...                                                                                                                                                                                           [ ok ]

 * Please remember to run:

 *   # . /etc/profile

>>> sys-devel/binutils-config-5.3.1 merged.
