 * Package:    sys-devel/llvm-common-10.0.0
 * Repository: gentoo
 * Maintainer: llvm@gentoo.org
 * USE:        abi_x86_64 amd64 elibc_glibc kernel_linux userland_GNU
 * FEATURES:   ccache network-sandbox preserve-libs sandbox userpriv usersandbox
 * FEATURES='assume-digests binpkg-docompress binpkg-dostrip binpkg-logs buildpkg ccache cgroup compress-index config-protect-if-modified distlocks ebuild-locks fixlafiles ipc-sandbox merge-sync multilib-strict network-sandbox news nodoc parallel-fetch pid-sandbox preserve-libs qa-unresolved-soname-deps sandbox sfperms strict strict-keepdir unknown-features-warn unmerge-logs unmerge-orphans userfetch userpriv usersandbox usersync xattr'
 * CFLAGS='-march=znver2 -O2 -pipe -g0 -falign-functions=32 -fno-stack-protector -fno-stack-clash-protection -fstack-check=no -fno-stack-check -Wl,-O1,--sort-common,--as-needed,-z,norelro,-z,now'
 * CXXFLAGS='-march=znver2 -O2 -pipe -g0 -falign-functions=32 -fno-stack-protector -fno-stack-clash-protection -fstack-check=no -fno-stack-check -Wl,-O1,--sort-common,--as-needed,-z,norelro,-z,now'
 * FFLAGS='-march=znver2 -O2 -pipe -g0 -falign-functions=32 -fno-stack-protector -fno-stack-clash-protection -fstack-check=no -fno-stack-check -Wl,-O1,--sort-common,--as-needed,-z,norelro,-z,now'
 * FCFLAGS='-march=znver2 -O2 -pipe -g0 -falign-functions=32 -fno-stack-protector -fno-stack-clash-protection -fstack-check=no -fno-stack-check -Wl,-O1,--sort-common,--as-needed,-z,norelro,-z,now'
 * F77FLAGS='-march=znver2 -O2 -pipe -g0 -falign-functions=32 -fno-stack-protector -fno-stack-clash-protection -fstack-check=no -fno-stack-check -Wl,-O1,--sort-common,--as-needed,-z,norelro,-z,now'
 * LDFLAGS='-Wl,-O1,--sort-common,--as-needed,-z,norelro,-z,now'
 * MAKEOPTS='-j12 -l12'
 * gcc (Gentoo 11.0.0_pre9999 p1, commit 184c21bf1cd04a108ed9bd04635e7d57ac39f616) 11.0.0 20200611 (experimental)
 * g++ (Gentoo 11.0.0_pre9999 p1, commit 184c21bf1cd04a108ed9bd04635e7d57ac39f616) 11.0.0 20200611 (experimental)
 * GNU ld (Gentoo 2.34 p4) 2.34.0
 * Linux rescue 5.4.36 #1 SMP Thu Apr 30 04:38:28 UTC 2020 x86_64 AMD Ryzen 5 3600 6-Core Processor AuthenticAMD GNU/Linux
sys-devel/llvm-common: 5 minutes, 35 seconds average for 25 merges
2020-05-15T03:27:01 >>> sys-devel/llvm-common: 9 seconds
2020-05-16T20:39:40 >>> sys-devel/llvm-common: 10 seconds
2020-05-20T00:56:05 >>> sys-devel/llvm-common: 3 minutes, 1 second
2020-05-21T05:49:40 >>> sys-devel/llvm-common: 6 seconds
2020-05-22T01:54:36 >>> sys-devel/llvm-common: 6 minutes, 57 seconds
2020-05-22T03:05:46 >>> sys-devel/llvm-common: 7 minutes, 38 seconds
2020-05-22T12:25:21 >>> sys-devel/llvm-common: 7 minutes, 22 seconds
2020-05-23T03:27:20 >>> sys-devel/llvm-common: 7 minutes, 12 seconds
2020-05-24T23:21:12 >>> sys-devel/llvm-common: 9 minutes, 10 seconds
2020-05-25T03:01:32 >>> sys-devel/llvm-common: 2 minutes, 31 seconds
2020-05-25T18:12:56 >>> sys-devel/llvm-common: 7 minutes, 30 seconds
2020-05-25T19:50:15 >>> sys-devel/llvm-common: 4 minutes, 31 seconds
2020-05-26T12:32:00 >>> sys-devel/llvm-common: 4 minutes, 12 seconds
2020-05-26T13:46:14 >>> sys-devel/llvm-common: 3 minutes, 55 seconds
2020-05-27T01:24:05 >>> sys-devel/llvm-common: 4 minutes, 1 second
2020-05-27T02:59:19 >>> sys-devel/llvm-common: 8 minutes, 22 seconds
2020-05-28T13:21:52 >>> sys-devel/llvm-common: 6 minutes, 59 seconds
2020-05-28T14:11:25 >>> sys-devel/llvm-common: 3 minutes, 50 seconds
2020-05-29T01:31:37 >>> sys-devel/llvm-common: 3 minutes, 47 seconds
2020-05-30T12:26:26 >>> sys-devel/llvm-common: 9 minutes, 9 seconds
2020-05-30T21:31:57 >>> sys-devel/llvm-common: 3 minutes, 53 seconds
2020-06-01T01:43:53 >>> sys-devel/llvm-common: 7 minutes
2020-06-04T11:49:35 >>> sys-devel/llvm-common: 17 minutes, 35 seconds
2020-06-13T03:16:09 >>> sys-devel/llvm-common: 3 minutes, 32 seconds
2020-06-13T19:54:27 >>> sys-devel/llvm-common: 7 minutes, 19 seconds
]0;emerge 04:30:57 34|887 llvm-common 09:29 (root@rescue)>>> Unpacking source...
 * Unpacking from llvmorg-10.0.0.tar.gz ...
 [ ok ]
>>> Source unpacked in /tmp/portage/sys-devel/llvm-common-10.0.0/work
>>> Preparing source in /tmp/portage/sys-devel/llvm-common-10.0.0/work/llvm/utils/vim ...
>>> Source prepared.
>>> Configuring source in /tmp/portage/sys-devel/llvm-common-10.0.0/work/llvm/utils/vim ...
>>> Source configured.
>>> Compiling source in /tmp/portage/sys-devel/llvm-common-10.0.0/work/llvm/utils/vim ...
>>> Source compiled.
>>> Test phase [not enabled]: sys-devel/llvm-common-10.0.0

>>> Install sys-devel/llvm-common-10.0.0 into /tmp/portage/sys-devel/llvm-common-10.0.0/image
>>> Completed installing sys-devel/llvm-common-10.0.0 into /tmp/portage/sys-devel/llvm-common-10.0.0/image

 * Final size of build directory: 80 KiB
 * Final size of installed tree:  92 KiB

Parallel BZIP2 v1.1.13 [Dec 18, 2015]
By: Jeff Gilchrist [http://compression.ca]
Major contributions: Yavor Nikolov [http://javornikolov.wordpress.com]
Uses libbzip2 by Julian Seward

         # CPUs: 5
   Load Average: 7.33
 BWT Block Size: 200 KB
File Block Size: 900 KB
 Maximum Memory: 1024 MB
-------------------------------------------
         File #: 1 of 1
     Input Name: compressme
    Output Name: compressme.bz2

     Input Size: 3895 bytes
Compressing data (no threads)...
Completed: 100%                 Output Size: 918 bytes
-------------------------------------------

     Wall Clock: 0.000745 seconds
Parallel BZIP2 v1.1.13 [Dec 18, 2015]
By: Jeff Gilchrist [http://compression.ca]
Major contributions: Yavor Nikolov [http://javornikolov.wordpress.com]
Uses libbzip2 by Julian Seward

         # CPUs: 5
   Load Average: 7.33
 BWT Block Size: 200 KB
File Block Size: 900 KB
 Maximum Memory: 1024 MB
-------------------------------------------
         File #: 1 of 1
     Input Name: /tmp/portage/sys-devel/llvm-common-10.0.0/image/usr/share/doc/llvm-common-10.0.0/vimrc
    Output Name: /tmp/portage/sys-devel/llvm-common-10.0.0/image/usr/share/doc/llvm-common-10.0.0/vimrc.bz2

     Input Size: 7205 bytes
Compressing data (no threads)...
Parallel BZIP2 v1.1.13 [Dec 18, 2015]
By: Jeff Gilchrist [http://compression.ca]
Major contributions: Yavor Nikolov [http://javornikolov.wordpress.com]
Uses libbzip2 by Julian Seward

         # CPUs: 5
   Load Average: 7.33
 BWT Block Size: 200 KB
File Block Size: 900 KB
 Maximum Memory: 1024 MB
-------------------------------------------
         File #: 1 of 1
     Input Name: /tmp/portage/sys-devel/llvm-common-10.0.0/image/usr/share/doc/llvm-common-10.0.0/README.vim
    Output Name: /tmp/portage/sys-devel/llvm-common-10.0.0/image/usr/share/doc/llvm-common-10.0.0/README.vim.bz2

     Input Size: 1083 bytes
Compressing data (no threads)...
Completed: 100%                 Output Size: 2910 bytes
Completed: 100%                 Output Size: 668 bytes
-------------------------------------------
-------------------------------------------

     Wall Clock: 0.001629 seconds

     Wall Clock: 0.000639 seconds
./
./usr/
./usr/share/
./usr/share/vim/
./usr/share/vim/vimfiles/
./usr/share/vim/vimfiles/syntax/
./usr/share/vim/vimfiles/syntax/tablegen.vim
./usr/share/vim/vimfiles/syntax/llvm.vim
./usr/share/vim/vimfiles/ftplugin/
./usr/share/vim/vimfiles/ftplugin/tablegen.vim
./usr/share/vim/vimfiles/ftplugin/llvm.vim
./usr/share/vim/vimfiles/indent/
./usr/share/vim/vimfiles/indent/llvm.vim
./usr/share/vim/vimfiles/ftdetect/
./usr/share/vim/vimfiles/ftdetect/tablegen.vim
./usr/share/vim/vimfiles/ftdetect/llvm-lit.vim
./usr/share/vim/vimfiles/ftdetect/llvm.vim
./usr/share/doc/
./usr/share/doc/llvm-common-10.0.0/
./usr/share/doc/llvm-common-10.0.0/README.vim
./usr/share/doc/llvm-common-10.0.0/README.vim.bz2
./usr/share/doc/llvm-common-10.0.0/vimrc.bz2
./usr/share/doc/llvm-common-10.0.0/vimrc
>>> Done.
 * checking 8 files for package collisions
>>> Merging sys-devel/llvm-common-10.0.0 to /
 * removing unneeded *.la files
--- /usr/
--- /usr/share/
--- /usr/share/vim/
--- /usr/share/vim/vimfiles/
--- /usr/share/vim/vimfiles/ftdetect/
>>> /usr/share/vim/vimfiles/ftdetect/llvm.vim
>>> /usr/share/vim/vimfiles/ftdetect/llvm-lit.vim
>>> /usr/share/vim/vimfiles/ftdetect/tablegen.vim
--- /usr/share/vim/vimfiles/indent/
>>> /usr/share/vim/vimfiles/indent/llvm.vim
--- /usr/share/vim/vimfiles/ftplugin/
>>> /usr/share/vim/vimfiles/ftplugin/llvm.vim
>>> /usr/share/vim/vimfiles/ftplugin/tablegen.vim
--- /usr/share/vim/vimfiles/syntax/
>>> /usr/share/vim/vimfiles/syntax/llvm.vim
>>> /usr/share/vim/vimfiles/syntax/tablegen.vim
>>> Safely unmerging already-installed instance...
!!! File Not Found: '/etc/env.d/99lcdfilter'
>>> Original instance of package unmerged safely.
>>> sys-devel/llvm-common-10.0.0 merged.
!!! File Not Found: '/etc/env.d/99lcdfilter'
