 * Package:    sys-fabric/ofed-3.12_rc1
 * Repository: gentoo
 * Maintainer: cluster@gentoo.org
 * USE:        abi_x86_64 amd64 dapl diags elibc_glibc kernel_linux opensm perftest qperf rds srp userland_GNU
 * FEATURES:   ccache network-sandbox preserve-libs sandbox userpriv usersandbox
 * /etc/portage/package.cflags/ltoworkarounds.conf -> */*: *FLAGS+=-Wl,-O4 *FLAGS-=-Wl,-O1
 * FEATURES='assume-digests binpkg-docompress binpkg-dostrip binpkg-logs binpkg-multi-instance buildpkg ccache cgroup compress-index config-protect-if-modified distlocks fixlafiles ipc-sandbox merge-sync multilib-strict network-sandbox news nodoc parallel-fetch parallel-install pid-sandbox preserve-libs qa-unresolved-soname-deps sandbox sfperms strict unknown-features-warn unmerge-logs unmerge-orphans userfetch userpriv usersandbox usersync xattr'
 * CFLAGS='-march=znver2 -pipe -g0 -O3 -fgraphite-identity -floop-nest-optimize -fdevirtualize-at-ltrans -fipa-pta -fno-semantic-interposition -flto=12 -fno-plt -fno-signed-zeros -fno-trapping-math -fassociative-math -freciprocal-math -fno-math-errno -ffinite-math-only -fno-rounding-math -fno-signaling-nans -fcx-limited-range -fexcess-precision=fast -falign-functions=32 -fno-stack-protector -fno-stack-clash-protection -fstack-check=no -fno-stack-check -fuse-linker-plugin -Wl,-O4 -Wl,--as-needed -Wl,-lpthread -Wl,-lgomp -Wl,-z,norelro -Wl,-z,now -Wl,--sort-common -s'
 * CXXFLAGS='-march=znver2 -pipe -g0 -O3 -fgraphite-identity -floop-nest-optimize -fdevirtualize-at-ltrans -fipa-pta -fno-semantic-interposition -flto=12 -fno-plt -fno-signed-zeros -fno-trapping-math -fassociative-math -freciprocal-math -fno-math-errno -ffinite-math-only -fno-rounding-math -fno-signaling-nans -fcx-limited-range -fexcess-precision=fast -falign-functions=32 -fno-stack-protector -fno-stack-clash-protection -fstack-check=no -fno-stack-check -fuse-linker-plugin -Wl,-O4 -Wl,--as-needed -Wl,-lpthread -Wl,-lgomp -Wl,-z,norelro -Wl,-z,now -Wl,--sort-common -s'
 * FFLAGS='-march=znver2 -pipe -g0 -O3 -fgraphite-identity -floop-nest-optimize -fdevirtualize-at-ltrans -fipa-pta -fno-semantic-interposition -flto=12 -fno-plt -fno-signed-zeros -fno-trapping-math -fassociative-math -freciprocal-math -fno-math-errno -ffinite-math-only -fno-rounding-math -fno-signaling-nans -fcx-limited-range -fexcess-precision=fast -falign-functions=32 -fno-stack-protector -fno-stack-clash-protection -fstack-check=no -fno-stack-check -fuse-linker-plugin -Wl,-O4 -Wl,--as-needed -Wl,-lpthread -Wl,-lgomp -Wl,-z,norelro -Wl,-z,now -Wl,--sort-common -s'
 * FCFLAGS='-march=znver2 -pipe -g0 -O3 -fgraphite-identity -floop-nest-optimize -fdevirtualize-at-ltrans -fipa-pta -fno-semantic-interposition -flto=12 -fno-plt -fno-signed-zeros -fno-trapping-math -fassociative-math -freciprocal-math -fno-math-errno -ffinite-math-only -fno-rounding-math -fno-signaling-nans -fcx-limited-range -fexcess-precision=fast -falign-functions=32 -fno-stack-protector -fno-stack-clash-protection -fstack-check=no -fno-stack-check -fuse-linker-plugin -Wl,-O4 -Wl,--as-needed -Wl,-lpthread -Wl,-lgomp -Wl,-z,norelro -Wl,-z,now -Wl,--sort-common -s'
 * F77FLAGS='-march=znver2 -pipe -g0 -O3 -fgraphite-identity -floop-nest-optimize -fdevirtualize-at-ltrans -fipa-pta -fno-semantic-interposition -flto=12 -fno-plt -fno-signed-zeros -fno-trapping-math -fassociative-math -freciprocal-math -fno-math-errno -ffinite-math-only -fno-rounding-math -fno-signaling-nans -fcx-limited-range -fexcess-precision=fast -falign-functions=32 -fno-stack-protector -fno-stack-clash-protection -fstack-check=no -fno-stack-check -fuse-linker-plugin -Wl,-O4 -Wl,--as-needed -Wl,-lpthread -Wl,-lgomp -Wl,-z,norelro -Wl,-z,now -Wl,--sort-common -s'
 * LDFLAGS='-march=znver2 -pipe -g0 -O3 -fgraphite-identity -floop-nest-optimize -fdevirtualize-at-ltrans -fipa-pta -fno-semantic-interposition -flto=12 -fno-plt -fno-signed-zeros -fno-trapping-math -fassociative-math -freciprocal-math -fno-math-errno -ffinite-math-only -fno-rounding-math -fno-signaling-nans -fcx-limited-range -fexcess-precision=fast -falign-functions=32 -fno-stack-protector -fno-stack-clash-protection -fstack-check=no -fno-stack-check -fuse-linker-plugin -Wl,-O4 -Wl,--as-needed -Wl,-lpthread -Wl,-lgomp -Wl,-z,norelro -Wl,-z,now -Wl,--sort-common -s'
 * MAKEOPTS='-j12 -l12'
 * gcc () 11.0.0 20200601 (experimental)
 * g++ () 11.0.0 20200601 (experimental)
 * GNU ld (Gentoo 2.34 p4) 2.34.0
 * Linux ryzen.gnum.org 5.4.36 #1 SMP Thu Apr 30 04:38:28 UTC 2020 x86_64 AMD Ryzen 5 3600 6-Core Processor AuthenticAMD GNU/Linux
sys-fabric/ofed: 10 seconds average for 1 merge
2020-05-31T15:53:19 >>> sys-fabric/ofed: 10 seconds
]0;emerge 10:39:44 1143|1172 ofed 00:10 (root@ryzen.gnum.org)kemerge 10:39:44 1143|1172 ofed 00:10 (root@ryzen.gnum.org)\>>> Unpacking source...
>>> Unpacking OFED-3.12-rc1.tgz to /tmp/portage/sys-fabric/ofed-3.12_rc1/work
>>> Unpacking ./OFED-3.12-rc1/SRPMS/compat-rdma-3.12-1.g8336567.src.rpm to /tmp/portage/sys-fabric/ofed-3.12_rc1/work
>>> Unpacking ./compat-rdma-3.12.tgz to /tmp/portage/sys-fabric/ofed-3.12_rc1/work
>>> Source unpacked in /tmp/portage/sys-fabric/ofed-3.12_rc1/work
>>> Preparing source in /tmp/portage/sys-fabric/ofed-3.12_rc1/work/compat-rdma-3.12 ...
>>> Source prepared.
>>> Configuring source in /tmp/portage/sys-fabric/ofed-3.12_rc1/work/compat-rdma-3.12 ...
>>> Source configured.
>>> Compiling source in /tmp/portage/sys-fabric/ofed-3.12_rc1/work/compat-rdma-3.12 ...
>>> Source compiled.
>>> Test phase [not enabled]: sys-fabric/ofed-3.12_rc1

>>> Install sys-fabric/ofed-3.12_rc1 into /tmp/portage/sys-fabric/ofed-3.12_rc1/image/
>>> Completed installing sys-fabric/ofed-3.12_rc1 into /tmp/portage/sys-fabric/ofed-3.12_rc1/image/

 * Final size of build directory: 53568 KiB (52.3 MiB)
 * Final size of installed tree:     60 KiB

./
./lib/
./lib/udev/
./lib/udev/rules.d/
./lib/udev/rules.d/40-ib.rules
./etc/
./etc/env.d/
./etc/env.d/02openib
./etc/init.d/
./etc/init.d/openib
./etc/modprobe.d/
./etc/modprobe.d/openib.conf
./etc/infiniband/
./etc/infiniband/openib.conf
>>> Done.
 * checking 5 files for package collisions
>>> Merging sys-fabric/ofed-3.12_rc1 to /
 * removing unneeded *.la files
--- /etc/
--- /etc/infiniband/
>>> /etc/infiniband/openib.conf
--- /etc/modprobe.d/
>>> /etc/modprobe.d/openib.conf
--- /etc/init.d/
>>> /etc/init.d/openib
--- /etc/env.d/
>>> /etc/env.d/02openib
--- /lib/
--- /lib/udev/
--- /lib/udev/rules.d/
>>> /lib/udev/rules.d/40-ib.rules
>>> Safely unmerging already-installed instance...
>>> Original instance of package unmerged safely.
 * Configuration file installed in /etc/infiniband/openib.conf
 * To automatically initialize infiniband on boot, add openib to your
 * start-up scripts, like so:
 * `rc-update add openib default`
>>> sys-fabric/ofed-3.12_rc1 merged.
