 * Package:    sys-apps/miscfiles-1.5-r3
 * Repository: gentoo
 * Maintainer: base-system@gentoo.org
 * USE:        abi_x86_64 amd64 elibc_glibc kernel_linux userland_GNU
 * FEATURES:   ccache network-sandbox preserve-libs sandbox userpriv usersandbox
 * FEATURES='assume-digests binpkg-docompress binpkg-dostrip binpkg-logs binpkg-multi-instance buildpkg ccache compress-index config-protect-if-modified distlocks downgrade-backup fixlafiles ipc-sandbox merge-sync multilib-strict network-sandbox news nodoc parallel-fetch parallel-install pid-sandbox preserve-libs qa-unresolved-soname-deps sandbox sfperms strict unknown-features-warn unmerge-backup unmerge-logs unmerge-orphans userfetch userpriv usersandbox usersync xattr'
 * CFLAGS='-march=znver2 -O3 -fgraphite-identity -floop-nest-optimize -fdevirtualize-at-ltrans -fipa-pta -fno-semantic-interposition -flto=12 -fno-plt -fno-signed-zeros -fno-trapping-math -fassociative-math -freciprocal-math -fno-math-errno -ffinite-math-only -fno-rounding-math -fno-signaling-nans -fcx-limited-range -fexcess-precision=fast -falign-functions=32 -fno-stack-protector -fno-stack-clash-protection -fstack-check=no -fno-stack-check -fuse-linker-plugin -pipe -g0 -Wl,-O1 -Wl,--as-needed -Wl,-z,norelro -Wl,-z,now -Wl,--sort-common -s'
 * CXXFLAGS='-march=znver2 -O3 -fgraphite-identity -floop-nest-optimize -fdevirtualize-at-ltrans -fipa-pta -fno-semantic-interposition -flto=12 -fno-plt -fno-signed-zeros -fno-trapping-math -fassociative-math -freciprocal-math -fno-math-errno -ffinite-math-only -fno-rounding-math -fno-signaling-nans -fcx-limited-range -fexcess-precision=fast -falign-functions=32 -fno-stack-protector -fno-stack-clash-protection -fstack-check=no -fno-stack-check -fuse-linker-plugin -pipe -g0 -Wl,-O1 -Wl,--as-needed -Wl,-z,norelro -Wl,-z,now -Wl,--sort-common -s'
 * FFLAGS='-march=znver2 -O3 -fgraphite-identity -floop-nest-optimize -fdevirtualize-at-ltrans -fipa-pta -fno-semantic-interposition -flto=12 -fno-plt -fno-signed-zeros -fno-trapping-math -fassociative-math -freciprocal-math -fno-math-errno -ffinite-math-only -fno-rounding-math -fno-signaling-nans -fcx-limited-range -fexcess-precision=fast -falign-functions=32 -fno-stack-protector -fno-stack-clash-protection -fstack-check=no -fno-stack-check -fuse-linker-plugin -pipe -g0 -Wl,-O1 -Wl,--as-needed -Wl,-z,norelro -Wl,-z,now -Wl,--sort-common -s'
 * FCFLAGS='-march=znver2 -O3 -fgraphite-identity -floop-nest-optimize -fdevirtualize-at-ltrans -fipa-pta -fno-semantic-interposition -flto=12 -fno-plt -fno-signed-zeros -fno-trapping-math -fassociative-math -freciprocal-math -fno-math-errno -ffinite-math-only -fno-rounding-math -fno-signaling-nans -fcx-limited-range -fexcess-precision=fast -falign-functions=32 -fno-stack-protector -fno-stack-clash-protection -fstack-check=no -fno-stack-check -fuse-linker-plugin -pipe -g0 -Wl,-O1 -Wl,--as-needed -Wl,-z,norelro -Wl,-z,now -Wl,--sort-common -s'
 * F77FLAGS='-march=znver2 -O3 -fgraphite-identity -floop-nest-optimize -fdevirtualize-at-ltrans -fipa-pta -fno-semantic-interposition -flto=12 -fno-plt -fno-signed-zeros -fno-trapping-math -fassociative-math -freciprocal-math -fno-math-errno -ffinite-math-only -fno-rounding-math -fno-signaling-nans -fcx-limited-range -fexcess-precision=fast -falign-functions=32 -fno-stack-protector -fno-stack-clash-protection -fstack-check=no -fno-stack-check -fuse-linker-plugin -pipe -g0 -Wl,-O1 -Wl,--as-needed -Wl,-z,norelro -Wl,-z,now -Wl,--sort-common -s'
 * LDFLAGS='-Wl,-O1 -Wl,--as-needed -Wl,-z,norelro -Wl,-z,now -Wl,--sort-common -s -march=znver2 -O3 -fgraphite-identity -floop-nest-optimize -fdevirtualize-at-ltrans -fipa-pta -fno-semantic-interposition -flto=12 -fno-plt -fno-signed-zeros -fno-trapping-math -fassociative-math -freciprocal-math -fno-math-errno -ffinite-math-only -fno-rounding-math -fno-signaling-nans -fcx-limited-range -fexcess-precision=fast -falign-functions=32 -fno-stack-protector -fno-stack-clash-protection -fstack-check=no -fno-stack-check -fuse-linker-plugin -pipe -g0'
 * MAKEOPTS='-j12 -l12'
 * gcc () 11.0.0 20200530 (experimental)
 * g++ () 11.0.0 20200530 (experimental)
 * GNU ld (Gentoo 2.34 p4) 2.34.0
 * Linux ryzen.gnum.org 5.4.36 #1 SMP Thu Apr 30 04:38:28 UTC 2020 x86_64 AMD Ryzen 5 3600 6-Core Processor AuthenticAMD GNU/Linux
sys-apps/miscfiles: 19 seconds average for 12 merges
2020-05-20T00:56:36 >>> sys-apps/miscfiles: 19 seconds
2020-05-21T05:54:57 >>> sys-apps/miscfiles: 7 seconds
2020-05-22T01:57:02 >>> sys-apps/miscfiles: 23 seconds
2020-05-22T03:08:36 >>> sys-apps/miscfiles: 19 seconds
2020-05-22T12:27:51 >>> sys-apps/miscfiles: 23 seconds
2020-05-23T03:29:59 >>> sys-apps/miscfiles: 19 seconds
2020-05-25T18:16:53 >>> sys-apps/miscfiles: 13 seconds
2020-05-26T12:51:48 >>> sys-apps/miscfiles: 13 seconds
2020-05-26T13:47:05 >>> sys-apps/miscfiles: 16 seconds
2020-05-27T03:03:21 >>> sys-apps/miscfiles: 49 seconds
2020-05-28T13:25:02 >>> sys-apps/miscfiles: 16 seconds
2020-05-28T14:12:29 >>> sys-apps/miscfiles: 21 seconds
]0;emerge 12:31:56 86|1110 miscfiles 00:29 (root@ryzen.gnum.org)kemerge 12:31:56 86|1110 miscfiles 00:29 (root@ryzen.gnum.org)\>>> Unpacking source...
>>> Unpacking miscfiles-1.5.tar.gz to /tmp/portage/sys-apps/miscfiles-1.5-r3/work
>>> Unpacking UnicodeData-10.0.0.txt.xz to /tmp/portage/sys-apps/miscfiles-1.5-r3/work
>>> Source unpacked in /tmp/portage/sys-apps/miscfiles-1.5-r3/work
>>> Preparing source in /tmp/portage/sys-apps/miscfiles-1.5-r3/work/miscfiles-1.5 ...
>>> Source prepared.
>>> Configuring source in /tmp/portage/sys-apps/miscfiles-1.5-r3/work/miscfiles-1.5 ...
./configure --prefix=/usr --build=x86_64-pc-linux-gnu --host=x86_64-pc-linux-gnu --mandir=/usr/share/man --infodir=/usr/share/info --datadir=/usr/share --sysconfdir=/etc --localstatedir=/var/lib --docdir=/usr/share/doc/miscfiles-1.5-r3 --htmldir=/usr/share/doc/miscfiles-1.5-r3/html --libdir=/usr/lib64 --datadir=/usr/share/misc
checking for a BSD-compatible install... /tmp/portage/._portage_reinstall_.xm3okdmq/bin/ebuild-helpers/xattr/install -c
checking whether build environment is sane... yes
checking for a thread-safe mkdir -p... /bin/mkdir -p
checking for gawk... gawk
checking whether make sets $(MAKE)... yes
configure: creating ./config.status
config.status: creating Makefile
>>> Source configured.
>>> Compiling source in /tmp/portage/sys-apps/miscfiles-1.5-r3/work/miscfiles-1.5 ...
make -j12 -l12 
make: Nothing to be done for 'all'.
>>> Source compiled.
>>> Test phase [not enabled]: sys-apps/miscfiles-1.5-r3

>>> Install sys-apps/miscfiles-1.5-r3 into /tmp/portage/sys-apps/miscfiles-1.5-r3/image/
make -j12 -l12 install DESTDIR=/tmp/portage/sys-apps/miscfiles-1.5-r3/image/ 
make[1]: Entering directory '/tmp/portage/sys-apps/miscfiles-1.5-r3/work/miscfiles-1.5'
make[1]: Nothing to be done for 'install-exec-am'.
test -z "/usr/share/misc" || /bin/mkdir -p "/tmp/portage/sys-apps/miscfiles-1.5-r3/image//usr/share/misc"
 /tmp/portage/._portage_reinstall_.xm3okdmq/bin/ebuild-helpers/xattr/install -c -m 644 connectives web2 web2a propernames airport ascii birthtoken inter.phone na.phone operator abbrevs.talk abbrevs.gen cities.dat na.postalcodes GNU-manifesto mailinglists languages latin1 currency countries top-level.domains unicode rfc-index.txt std-index.txt fyi-index.txt bcp-index.txt '/tmp/portage/sys-apps/miscfiles-1.5-r3/image//usr/share/misc'
make[1]: Leaving directory '/tmp/portage/sys-apps/miscfiles-1.5-r3/work/miscfiles-1.5'
>>> Completed installing sys-apps/miscfiles-1.5-r3 into /tmp/portage/sys-apps/miscfiles-1.5-r3/image/

 * Final size of build directory: 6528 KiB (6.3 MiB)
 * Final size of installed tree:  6248 KiB (6.1 MiB)

./
./usr/
./usr/share/
./usr/share/misc/
./usr/share/misc/birthtoken
./usr/share/misc/bcp-index.txt
./usr/share/misc/currency
./usr/share/misc/na.postalcodes
./usr/share/misc/operator
./usr/share/misc/std-index.txt
./usr/share/misc/cities.dat
./usr/share/misc/airport
./usr/share/misc/ascii
./usr/share/misc/abbrevs.talk
./usr/share/misc/unicode
./usr/share/misc/mailinglists
./usr/share/misc/na.phone
./usr/share/misc/abbrevs.gen
./usr/share/misc/GNU-manifesto
./usr/share/misc/fyi-index.txt
./usr/share/misc/latin1
./usr/share/misc/inter.phone
./usr/share/misc/languages
./usr/share/misc/countries
./usr/share/misc/rfc-index.txt
./usr/share/misc/top-level.domains
./usr/share/dict/
./usr/share/dict/web2
./usr/share/dict/web2a
./usr/share/dict/words
./usr/share/dict/extra.words
./usr/share/dict/connectives
./usr/share/dict/propernames
./usr/share/doc/
./usr/share/doc/miscfiles-1.5-r3/
./usr/share/doc/miscfiles-1.5-r3/ORIGIN.bz2
./usr/share/doc/miscfiles-1.5-r3/README.bz2
./usr/share/doc/miscfiles-1.5-r3/dict-README.bz2
./usr/share/doc/miscfiles-1.5-r3/NEWS.bz2
>>> Done.
 * checking 28 files for package collisions
[32;01m * [39;49;00mBuilding package for sys-apps/miscfiles-1.5-r3 ...                    [34;01m[ [39;49;00m[32;01mok[39;49;00m[34;01m ][39;49;00m
[32;01m * [39;49;00mPackages now in '/usr/portage/packages':
[32;01m * [39;49;00msys-apps/miscfiles-1.5-r3: 1.6M

>>> Merging sys-apps/miscfiles-1.5-r3 to /
 * removing unneeded *.la files
--- /usr/
--- /usr/share/
--- /usr/share/dict/
>>> /usr/share/dict/propernames
>>> /usr/share/dict/connectives
>>> /usr/share/dict/extra.words -> web2a
>>> /usr/share/dict/words -> web2
>>> /usr/share/dict/web2a
>>> /usr/share/dict/web2
--- /usr/share/misc/
>>> /usr/share/misc/top-level.domains
>>> /usr/share/misc/rfc-index.txt
>>> /usr/share/misc/countries
>>> /usr/share/misc/languages
>>> /usr/share/misc/inter.phone
>>> /usr/share/misc/latin1
>>> /usr/share/misc/fyi-index.txt
>>> /usr/share/misc/GNU-manifesto
>>> /usr/share/misc/abbrevs.gen
>>> /usr/share/misc/na.phone
>>> /usr/share/misc/mailinglists
>>> /usr/share/misc/unicode
>>> /usr/share/misc/abbrevs.talk
>>> /usr/share/misc/ascii
>>> /usr/share/misc/airport
>>> /usr/share/misc/cities.dat
>>> /usr/share/misc/std-index.txt
>>> /usr/share/misc/operator
>>> /usr/share/misc/na.postalcodes
>>> /usr/share/misc/currency
>>> /usr/share/misc/bcp-index.txt
>>> /usr/share/misc/birthtoken
>>> Safely unmerging already-installed instance...
>>> Original instance of package unmerged safely.
 * Regenerating cracklib dictionary ...
 [ ok ]
>>> sys-apps/miscfiles-1.5-r3 merged.
>>> Regenerating /etc/ld.so.cache...
