 * Package:    sys-apps/install-xattr-0.8
 * Repository: gentoo
 * Maintainer: blueness@gentoo.org base-system@gentoo.org
 * USE:        abi_x86_64 amd64 elibc_glibc kernel_linux userland_GNU
 * FEATURES:   ccache network-sandbox preserve-libs userpriv
 * /etc/portage/package.cflags/ltoworkarounds.conf -> */*: *FLAGS+=-Wl,-O4 *FLAGS-=-Wl,-O1
 * FEATURES='assume-digests binpkg-docompress binpkg-dostrip binpkg-logs buildpkg ccache cgroup compress-index config-protect-if-modified distlocks ebuild-locks fixlafiles merge-sync multilib-strict network-sandbox news nodoc parallel-fetch preserve-libs qa-unresolved-soname-deps sfperms strict strict-keepdir unknown-features-warn unmerge-logs unmerge-orphans userfetch userpriv usersync xattr'
 * CFLAGS='-O2 -pipe -Wl,-O4 -Wl,-O4,--sort-common,--as-needed,-z,norelro,-z,now'
 * CXXFLAGS='-O2 -pipe -Wl,-O4 -Wl,-O4,--sort-common,--as-needed,-z,norelro,-z,now'
 * FFLAGS='-O2 -pipe -Wl,-O4 -Wl,-O4,--sort-common,--as-needed,-z,norelro,-z,now'
 * FCFLAGS='-O2 -pipe -Wl,-O4 -Wl,-O4,--sort-common,--as-needed,-z,norelro,-z,now'
 * F77FLAGS='-O2 -pipe -Wl,-O4 -Wl,-O4,--sort-common,--as-needed,-z,norelro,-z,now'
 * LDFLAGS='-Wl,-O4,--sort-common,--as-needed,-z,norelro,-z,now'
 * MAKEOPTS='-j12 -l12'
 * gcc (Gentoo 11.0.0_pre9999 p1, commit 184c21bf1cd04a108ed9bd04635e7d57ac39f616) 11.0.0 20200611 (experimental)
 * g++ (Gentoo 11.0.0_pre9999 p1, commit 184c21bf1cd04a108ed9bd04635e7d57ac39f616) 11.0.0 20200611 (experimental)
 * GNU ld (Gentoo 2.34 p4) 2.34.0
 * Linux rescue 5.4.36 #1 SMP Thu Apr 30 04:38:28 UTC 2020 x86_64 AMD Ryzen 5 3600 6-Core Processor AuthenticAMD GNU/Linux
sys-apps/install-xattr: 6 minutes, 24 seconds average for 23 merges
2020-05-16T20:43:14 >>> sys-apps/install-xattr: 8 seconds
2020-05-20T00:56:23 >>> sys-apps/install-xattr: 4 minutes, 43 seconds
2020-05-21T05:52:15 >>> sys-apps/install-xattr: 6 seconds
2020-05-22T01:55:57 >>> sys-apps/install-xattr: 7 minutes, 32 seconds
2020-05-22T03:07:20 >>> sys-apps/install-xattr: 8 minutes, 5 seconds
2020-05-22T12:26:45 >>> sys-apps/install-xattr: 7 minutes, 53 seconds
2020-05-23T03:28:49 >>> sys-apps/install-xattr: 7 minutes, 29 seconds
2020-05-24T23:22:57 >>> sys-apps/install-xattr: 9 minutes, 28 seconds
2020-05-25T03:01:55 >>> sys-apps/install-xattr: 4 minutes, 1 second
2020-05-25T18:15:10 >>> sys-apps/install-xattr: 6 minutes, 44 seconds
2020-05-25T19:52:10 >>> sys-apps/install-xattr: 4 minutes, 26 seconds
2020-05-26T12:50:17 >>> sys-apps/install-xattr: 5 minutes, 23 seconds
2020-05-26T13:46:35 >>> sys-apps/install-xattr: 5 minutes, 3 seconds
2020-05-27T01:24:32 >>> sys-apps/install-xattr: 6 minutes, 45 seconds
2020-05-27T03:01:30 >>> sys-apps/install-xattr: 7 minutes, 41 seconds
2020-05-28T13:22:55 >>> sys-apps/install-xattr: 7 minutes, 23 seconds
2020-05-28T14:11:48 >>> sys-apps/install-xattr: 5 minutes, 13 seconds
2020-05-29T01:32:11 >>> sys-apps/install-xattr: 6 minutes, 51 seconds
2020-05-30T12:27:48 >>> sys-apps/install-xattr: 9 minutes, 14 seconds
2020-05-30T21:32:19 >>> sys-apps/install-xattr: 4 minutes, 57 seconds
2020-06-01T01:44:50 >>> sys-apps/install-xattr: 7 minutes, 44 seconds
2020-06-04T11:50:25 >>> sys-apps/install-xattr: 18 minutes, 9 seconds
2020-06-12T01:22:38 >>> sys-apps/install-xattr: 2 minutes, 32 seconds
]0;emerge 03:17:14 54|907 install-xattr 09:28 (root@rescue)kemerge 03:17:14 54|907 install-xattr 09:28 (root@rescue)\>>> Unpacking source...
>>> Unpacking install-xattr-0.8.tar.bz2 to /tmp/portage/sys-apps/install-xattr-0.8/work
>>> Source unpacked in /tmp/portage/sys-apps/install-xattr-0.8/work
>>> Preparing source in /tmp/portage/sys-apps/install-xattr-0.8/work/install-xattr ...
>>> Source prepared.
>>> Configuring source in /tmp/portage/sys-apps/install-xattr-0.8/work/install-xattr ...
>>> Source configured.
>>> Compiling source in /tmp/portage/sys-apps/install-xattr-0.8/work/install-xattr ...
make -j12 -l12 
x86_64-pc-linux-gnu-gcc -O2 -pipe -Wl,-O4 -Wl,-O4,--sort-common,--as-needed,-z,norelro,-z,now -Wall  -D_FILE_OFFSET_BITS=64 -Wl,-O4,--sort-common,--as-needed,-z,norelro,-z,now -o install-xattr install-xattr.c 
>>> Source compiled.
>>> Test phase [not enabled]: sys-apps/install-xattr-0.8

>>> Install sys-apps/install-xattr-0.8 into /tmp/portage/sys-apps/install-xattr-0.8/image
make -j12 -l12 install 
install -m 755 -D install-xattr /tmp/portage/sys-apps/install-xattr-0.8/image/usr/bin/install-xattr
>>> Completed installing sys-apps/install-xattr-0.8 into /tmp/portage/sys-apps/install-xattr-0.8/image

 * Final size of build directory: 88 KiB
 * Final size of installed tree:  28 KiB

strip: x86_64-pc-linux-gnu-strip --strip-unneeded -N __gentoo_check_ldflags__ -R .comment -R .GCC.command.line -R .note.gnu.gold-version
   /usr/bin/install-xattr
./
./usr/
./usr/bin/
./usr/bin/install-xattr
>>> Done.
 * checking 1 files for package collisions
>>> Merging sys-apps/install-xattr-0.8 to /
 * removing unneeded *.la files
--- /usr/
--- /usr/bin/
>>> /usr/bin/install-xattr
>>> Safely unmerging already-installed instance...
>>> Original instance of package unmerged safely.
>>> sys-apps/install-xattr-0.8 merged.
