>>> Extracting info
 * Package:    sys-process/procps-3.3.16-r2
 * Repository: gentoo
 * USE:        kill abi_x86_64 userland_GNU split-usr unicode kernel_linux systemd amd64 elibc_glibc ncurses
 * FEATURES:   network-sandbox preserve-libs sandbox userpriv usersandbox
 * FEATURES='nodoc news qa-unresolved-soname-deps strict-keepdir unmerge-backup binpkg-dostrip unmerge-logs cgroup binpkg-logs downgrade-backup buildpkg binpkg-multi-instance binpkg-docompress userpriv compress-index sfperms ipc-sandbox parallel-fetch merge-sync strict network-sandbox multilib-strict xattr preserve-libs unknown-features-warn usersync parallel-install unmerge-orphans sandbox config-protect-if-modified distlocks usersandbox fixlafiles pid-sandbox userfetch assume-digests'
 * CFLAGS='-march=native -O3 -fgraphite-identity -floop-nest-optimize -fdevirtualize-at-ltrans -fipa-pta -fno-semantic-interposition -flto=12 -fno-plt -fno-math-errno -fno-trapping-math -fuse-linker-plugin -pipe -g0 -falign-functions=32 -Wl,-O1 -Wl,--as-needed -Wl,--hash-style=gnu,-z,norelro,--as-needed'
 * CXXFLAGS='-march=native -O3 -fgraphite-identity -floop-nest-optimize -fdevirtualize-at-ltrans -fipa-pta -fno-semantic-interposition -flto=12 -fno-plt -fno-math-errno -fno-trapping-math -fuse-linker-plugin -pipe -g0 -falign-functions=32 -Wl,-O1 -Wl,--as-needed -Wl,--hash-style=gnu,-z,norelro,--as-needed'
 * CPPFLAGS='-D_FILE_OFFSET_BITS=64 -D_LARGEFILE_SOURCE -D_LARGEFILE64_SOURCE'
 * FFLAGS='-march=native -O3 -fgraphite-identity -floop-nest-optimize -fdevirtualize-at-ltrans -fipa-pta -fno-semantic-interposition -flto=12 -fno-plt -fno-math-errno -fno-trapping-math -fuse-linker-plugin -pipe -g0 -falign-functions=32 -Wl,-O1 -Wl,--as-needed -Wl,--hash-style=gnu,-z,norelro,--as-needed'
 * FCFLAGS='-march=native -O3 -fgraphite-identity -floop-nest-optimize -fdevirtualize-at-ltrans -fipa-pta -fno-semantic-interposition -flto=12 -fno-plt -fno-math-errno -fno-trapping-math -fuse-linker-plugin -pipe -g0 -falign-functions=32 -Wl,-O1 -Wl,--as-needed -Wl,--hash-style=gnu,-z,norelro,--as-needed'
 * F77FLAGS='-march=native -O3 -fgraphite-identity -floop-nest-optimize -fdevirtualize-at-ltrans -fipa-pta -fno-semantic-interposition -flto=12 -fno-plt -fno-math-errno -fno-trapping-math -fuse-linker-plugin -pipe -g0 -falign-functions=32 -Wl,-O1 -Wl,--as-needed -Wl,--hash-style=gnu,-z,norelro,--as-needed'
 * LDFLAGS='-Wl,-O1 -Wl,--as-needed -Wl,--hash-style=gnu,-z,norelro,--as-needed -march=native -O3 -fgraphite-identity -floop-nest-optimize -fdevirtualize-at-ltrans -fipa-pta -fno-semantic-interposition -flto=12 -fno-plt -fno-math-errno -fno-trapping-math -fuse-linker-plugin -pipe -g0 -falign-functions=32'
 * MAKEOPTS='-j12 -l12'
 * gcc () 11.0.0 20200526 (experimental)
 * g++ () 11.0.0 20200526 (experimental)
 * GNU ld (Gentoo 2.34 p4) 2.34.0
 * Linux ryzen.gnum.org 5.4.36 #1 SMP Thu Apr 30 04:38:28 UTC 2020 x86_64 AMD Ryzen 5 3600 6-Core Processor AuthenticAMD GNU/Linux
sys-process/procps: 16 seconds average for 7 merges
2020-05-15T13:02:25 >>> sys-process/procps: 19 seconds
2020-05-19T23:54:58 >>> sys-process/procps: 5 seconds
2020-05-20T02:19:14 >>> sys-process/procps: 5 seconds
2020-05-20T04:57:59 >>> sys-process/procps: 4 seconds
2020-05-21T12:39:45 >>> sys-process/procps: 29 seconds
2020-05-25T19:06:44 >>> sys-process/procps: 28 seconds
2020-05-26T04:16:49 >>> sys-process/procps: 27 seconds
]0;emerge 14:36:24 568|980 procps 00:28 (root@ryzen.gnum.org)kemerge 14:36:24 568|980 procps 00:28 (root@ryzen.gnum.org)\>>> Extracting sys-process/procps-3.3.16-r2
 * checking 54 files for package collisions
>>> Merging sys-process/procps-3.3.16-r2 to /
 * removing unneeded *.la files
--- /lib64/
>>> /lib64/libprocps.so.8 -> libprocps.so.8.0.2
>>> /lib64/libprocps.so.8.0.2
--- /usr/
--- /usr/lib64/
--- /usr/lib64/pkgconfig/
>>> /usr/lib64/pkgconfig/libprocps.pc
>>> /usr/lib64/libprocps.so
--- /usr/share/
--- /usr/share/man/
--- /usr/share/man/man3/
>>> /usr/share/man/man3/readproctab.3.bz2
>>> /usr/share/man/man3/openproc.3.bz2
>>> /usr/share/man/man3/readproc.3.bz2
--- /usr/share/man/man8/
>>> /usr/share/man/man8/sysctl.8.bz2
>>> /usr/share/man/man8/vmstat.8.bz2
--- /usr/share/man/man5/
>>> /usr/share/man/man5/sysctl.conf.5.bz2
--- /usr/share/man/man1/
>>> /usr/share/man/man1/ps.1.bz2
>>> /usr/share/man/man1/pidof.1.bz2
>>> /usr/share/man/man1/free.1.bz2
>>> /usr/share/man/man1/procps.1.bz2
>>> /usr/share/man/man1/pmap.1.bz2
>>> /usr/share/man/man1/tload.1.bz2
>>> /usr/share/man/man1/uptime.1.bz2
>>> /usr/share/man/man1/watch.1.bz2
>>> /usr/share/man/man1/slabtop.1.bz2
>>> /usr/share/man/man1/pgrep.1.bz2
>>> /usr/share/man/man1/kill.1.bz2
>>> /usr/share/man/man1/top.1.bz2
>>> /usr/share/man/man1/pwdx.1.bz2
>>> /usr/share/man/man1/pkill.1
>>> /usr/share/man/man1/w.1.bz2
--- /usr/sbin/
>>> /usr/sbin/sysctl
--- /usr/include/
--- /usr/include/proc/
>>> /usr/include/proc/numa.h
>>> /usr/include/proc/sig.h
>>> /usr/include/proc/alloc.h
>>> /usr/include/proc/version.h
>>> /usr/include/proc/procps.h
>>> /usr/include/proc/readproc.h
>>> /usr/include/proc/sysinfo.h
>>> /usr/include/proc/devname.h
>>> /usr/include/proc/pwcache.h
>>> /usr/include/proc/escape.h
>>> /usr/include/proc/wchan.h
>>> /usr/include/proc/slab.h
>>> /usr/include/proc/whattime.h
--- /usr/bin/
>>> /usr/bin/watch
>>> /usr/bin/pwdx
>>> /usr/bin/slabtop
>>> /usr/bin/pidof
>>> /usr/bin/pmap
>>> /usr/bin/pgrep
>>> /usr/bin/tload
>>> /usr/bin/free
>>> /usr/bin/w
>>> /usr/bin/uptime
>>> /usr/bin/pkill
>>> /usr/bin/vmstat
>>> /usr/bin/top
--- /bin/
>>> /bin/ps
>>> /bin/kill
>>> Safely unmerging already-installed instance...
>>> Original instance of package unmerged safely.
>>> sys-process/procps-3.3.16-r2 merged.
>>> Regenerating /etc/ld.so.cache...
