>>> Extracting info
 * Package:    sys-fs/udisks-2.8.4
 * Repository: gentoo
 * USE:        kernel_linux systemd amd64 abi_x86_64 userland_GNU acl elibc_glibc introspection
 * FEATURES:   ccache network-sandbox preserve-libs sandbox userpriv usersandbox
 * /etc/portage/package.cflags/ltoworkarounds.conf -> */*: *FLAGS+=-Wl,-O4 *FLAGS-=-Wl,-O1
 * FEATURES='assume-digests binpkg-docompress binpkg-dostrip binpkg-logs binpkg-multi-instance buildpkg ccache cgroup compress-index config-protect-if-modified distlocks fixlafiles ipc-sandbox merge-sync multilib-strict network-sandbox news nodoc parallel-fetch parallel-install pid-sandbox preserve-libs qa-unresolved-soname-deps sandbox sfperms strict strict-keepdir unknown-features-warn unmerge-logs unmerge-orphans userfetch userpriv usersandbox usersync xattr'
 * CFLAGS='-march=znver2 -O3 -fgraphite-identity -floop-nest-optimize -fdevirtualize-at-ltrans -fipa-pta -fno-semantic-interposition -flto=12 -fno-plt -fno-signed-zeros -fno-trapping-math -fassociative-math -freciprocal-math -fno-math-errno -ffinite-math-only -fno-rounding-math -fno-signaling-nans -fcx-limited-range -fexcess-precision=fast -falign-functions=32 -fno-stack-protector -fno-stack-clash-protection -fstack-check=no -fno-stack-check -fuse-linker-plugin -pipe -g0 -Wl,--as-needed -Wl,-z,norelro -Wl,-z,now -Wl,--sort-common -s -Wl,-O4'
 * CXXFLAGS='-march=znver2 -O3 -fgraphite-identity -floop-nest-optimize -fdevirtualize-at-ltrans -fipa-pta -fno-semantic-interposition -flto=12 -fno-plt -fno-signed-zeros -fno-trapping-math -fassociative-math -freciprocal-math -fno-math-errno -ffinite-math-only -fno-rounding-math -fno-signaling-nans -fcx-limited-range -fexcess-precision=fast -falign-functions=32 -fno-stack-protector -fno-stack-clash-protection -fstack-check=no -fno-stack-check -fuse-linker-plugin -pipe -g0 -Wl,--as-needed -Wl,-z,norelro -Wl,-z,now -Wl,--sort-common -s -Wl,-O4'
 * FFLAGS='-march=znver2 -O3 -fgraphite-identity -floop-nest-optimize -fdevirtualize-at-ltrans -fipa-pta -fno-semantic-interposition -flto=12 -fno-plt -fno-signed-zeros -fno-trapping-math -fassociative-math -freciprocal-math -fno-math-errno -ffinite-math-only -fno-rounding-math -fno-signaling-nans -fcx-limited-range -fexcess-precision=fast -falign-functions=32 -fno-stack-protector -fno-stack-clash-protection -fstack-check=no -fno-stack-check -fuse-linker-plugin -pipe -g0 -Wl,--as-needed -Wl,-z,norelro -Wl,-z,now -Wl,--sort-common -s -Wl,-O4'
 * FCFLAGS='-march=znver2 -O3 -fgraphite-identity -floop-nest-optimize -fdevirtualize-at-ltrans -fipa-pta -fno-semantic-interposition -flto=12 -fno-plt -fno-signed-zeros -fno-trapping-math -fassociative-math -freciprocal-math -fno-math-errno -ffinite-math-only -fno-rounding-math -fno-signaling-nans -fcx-limited-range -fexcess-precision=fast -falign-functions=32 -fno-stack-protector -fno-stack-clash-protection -fstack-check=no -fno-stack-check -fuse-linker-plugin -pipe -g0 -Wl,--as-needed -Wl,-z,norelro -Wl,-z,now -Wl,--sort-common -s -Wl,-O4'
 * F77FLAGS='-march=znver2 -O3 -fgraphite-identity -floop-nest-optimize -fdevirtualize-at-ltrans -fipa-pta -fno-semantic-interposition -flto=12 -fno-plt -fno-signed-zeros -fno-trapping-math -fassociative-math -freciprocal-math -fno-math-errno -ffinite-math-only -fno-rounding-math -fno-signaling-nans -fcx-limited-range -fexcess-precision=fast -falign-functions=32 -fno-stack-protector -fno-stack-clash-protection -fstack-check=no -fno-stack-check -fuse-linker-plugin -pipe -g0 -Wl,--as-needed -Wl,-z,norelro -Wl,-z,now -Wl,--sort-common -s -Wl,-O4'
 * LDFLAGS='-Wl,--as-needed -Wl,-z,norelro -Wl,-z,now -Wl,--sort-common -s -march=znver2 -O3 -fgraphite-identity -floop-nest-optimize -fdevirtualize-at-ltrans -fipa-pta -fno-semantic-interposition -flto=12 -fno-plt -fno-signed-zeros -fno-trapping-math -fassociative-math -freciprocal-math -fno-math-errno -ffinite-math-only -fno-rounding-math -fno-signaling-nans -fcx-limited-range -fexcess-precision=fast -falign-functions=32 -fno-stack-protector -fno-stack-clash-protection -fstack-check=no -fno-stack-check -fuse-linker-plugin -pipe -g0 -Wl,-O4'
 * MAKEOPTS='-j12 -l12'
 * gcc () 11.0.0 20200601 (experimental)
 * g++ () 11.0.0 20200601 (experimental)
 * GNU ld (Gentoo 2.34 p4) 2.34.0
 * Linux ryzen.gnum.org 5.4.36 #1 SMP Thu Apr 30 04:38:28 UTC 2020 x86_64 AMD Ryzen 5 3600 6-Core Processor AuthenticAMD GNU/Linux
sys-fs/udisks: 51 seconds average for 4 merges
2020-05-20T06:05:23 >>> sys-fs/udisks: 43 seconds
2020-05-31T00:38:55 >>> sys-fs/udisks: 50 seconds
2020-05-31T23:15:26 >>> sys-fs/udisks: 48 seconds
2020-06-01T10:37:56 >>> sys-fs/udisks: 1 minute, 5 seconds
]0;emerge 03:30:14 3|421 udisks 00:54 (root@ryzen.gnum.org)kemerge 03:30:14 3|421 udisks 00:54 (root@ryzen.gnum.org)\ * Checking for suitable kernel configuration options...
 [ ok ]
>>> Extracting sys-fs/udisks-2.8.4
 * checking 176 files for package collisions
>>> Merging sys-fs/udisks-2.8.4 to /
 * removing unneeded *.la files
--- /etc/
--- /etc/udisks2/
>>> /etc/udisks2/udisks2.conf
--- /var/
--- /var/lib/
--- /var/lib/udisks2/
>>> /var/lib/udisks2/.keep_sys-fs_udisks-2
--- /usr/
--- /usr/lib64/
--- /usr/lib64/udisks2/
--- /usr/lib64/udisks2/modules/
>>> /usr/lib64/udisks2/modules/libudisks2_btrfs.so
--- /usr/lib64/pkgconfig/
>>> /usr/lib64/pkgconfig/udisks2.pc
>>> /usr/lib64/libudisks2.so.0.0.0
>>> /usr/lib64/libudisks2.so.0 -> libudisks2.so.0.0.0
--- /usr/lib64/girepository-1.0/
>>> /usr/lib64/girepository-1.0/UDisks-2.0.typelib
>>> /usr/lib64/libudisks2.so -> libudisks2.so.0.0.0
--- /usr/share/
--- /usr/share/man/
--- /usr/share/man/man8/
>>> /usr/share/man/man8/udisksd.8.bz2
>>> /usr/share/man/man8/udisks.8.bz2
>>> /usr/share/man/man8/umount.udisks2.8.bz2
--- /usr/share/man/man5/
>>> /usr/share/man/man5/udisks2.conf.5.bz2
--- /usr/share/man/man1/
>>> /usr/share/man/man1/udisksctl.1.bz2
--- /usr/share/dbus-1/
--- /usr/share/dbus-1/system.d/
>>> /usr/share/dbus-1/system.d/org.freedesktop.UDisks2.conf
--- /usr/share/dbus-1/system-services/
>>> /usr/share/dbus-1/system-services/org.freedesktop.UDisks2.service
--- /usr/share/gir-1.0/
>>> /usr/share/gir-1.0/UDisks-2.0.gir
--- /usr/share/bash-completion/
--- /usr/share/bash-completion/completions/
>>> /usr/share/bash-completion/completions/udisksctl
--- /usr/share/gtk-doc/
--- /usr/share/gtk-doc/html/
--- /usr/share/gtk-doc/html/udisks2/
>>> /usr/share/gtk-doc/html/udisks2/gdbus-org.freedesktop.UDisks2.Manager.Bcache.html
>>> /usr/share/gtk-doc/html/udisks2/UDisksLinuxProvider.html
>>> /usr/share/gtk-doc/html/udisks2/right.png
>>> /usr/share/gtk-doc/html/udisks2/gdbus-org.freedesktop.UDisks2.Job.html
>>> /usr/share/gtk-doc/html/udisks2/ref-daemon-linux-types.html
>>> /usr/share/gtk-doc/html/udisks2/UDisksLinuxSwapspace.html
>>> /usr/share/gtk-doc/html/udisks2/ref-library-generated.html
>>> /usr/share/gtk-doc/html/udisks2/UDisksLinuxMDRaidObject.html
>>> /usr/share/gtk-doc/html/udisks2/UDisksSimpleJob.html
>>> /usr/share/gtk-doc/html/udisks2/UDisksLinuxLoop.html
>>> /usr/share/gtk-doc/html/udisks2/ref-dbus-jobs.html
>>> /usr/share/gtk-doc/html/udisks2/UDisksLinuxDrive.html
>>> /usr/share/gtk-doc/html/udisks2/udisks-std-options.html
>>> /usr/share/gtk-doc/html/udisks2/ref-library.html
>>> /usr/share/gtk-doc/html/udisks2/UDisksObjectManagerClient.html
>>> /usr/share/gtk-doc/html/udisks2/udisks2-UDisksManagerBcache.html
>>> /usr/share/gtk-doc/html/udisks2/UDisksISCSISession.html
>>> /usr/share/gtk-doc/html/udisks2/udisks2_lsm.conf.5.html
>>> /usr/share/gtk-doc/html/udisks2/UDisksManager.html
>>> /usr/share/gtk-doc/html/udisks2/index.html
>>> /usr/share/gtk-doc/html/udisks2/gdbus-org.freedesktop.UDisks2.Drive.html
>>> /usr/share/gtk-doc/html/udisks2/up-insensitive.png
>>> /usr/share/gtk-doc/html/udisks2/gdbus-org.freedesktop.UDisks2.VolumeGroup.html
>>> /usr/share/gtk-doc/html/udisks2/ref-dbus-drives.html
>>> /usr/share/gtk-doc/html/udisks2/UDisksLinuxMDRaid.html
>>> /usr/share/gtk-doc/html/udisks2/UDisksLinuxFilesystem.html
>>> /usr/share/gtk-doc/html/udisks2/UDisksCrypttabMonitor.html
>>> /usr/share/gtk-doc/html/udisks2/gdbus-org.freedesktop.UDisks2.Partition.html
>>> /usr/share/gtk-doc/html/udisks2/UDisksProvider.html
>>> /usr/share/gtk-doc/html/udisks2/UDisksManagerBTRFS.html
>>> /usr/share/gtk-doc/html/udisks2/udisks2-UDisksManagerLSM.html
>>> /usr/share/gtk-doc/html/udisks2/ref-dbus-manager-well-known-object.html
>>> /usr/share/gtk-doc/html/udisks2/gdbus-org.freedesktop.UDisks2.Encrypted.html
>>> /usr/share/gtk-doc/html/udisks2/UDisksDrive.html
>>> /usr/share/gtk-doc/html/udisks2/ref-dbus-md-raid.html
>>> /usr/share/gtk-doc/html/udisks2/udisks2-UDisksDriveLSM.html
>>> /usr/share/gtk-doc/html/udisks2/udisks2-UDisksBlockBcache.html
>>> /usr/share/gtk-doc/html/udisks2/UDisksBlock.html
>>> /usr/share/gtk-doc/html/udisks2/UDisksState.html
>>> /usr/share/gtk-doc/html/udisks2/UDisksFstabMonitor.html
>>> /usr/share/gtk-doc/html/udisks2/UDisksDriveAta.html
>>> /usr/share/gtk-doc/html/udisks2/UDisksObjectInfo.html
>>> /usr/share/gtk-doc/html/udisks2/UDisksLinuxManager.html
>>> /usr/share/gtk-doc/html/udisks2/UDisksLinuxDriveAta.html
>>> /usr/share/gtk-doc/html/udisks2/gdbus-org.freedesktop.UDisks2.Block.html
>>> /usr/share/gtk-doc/html/udisks2/gdbus-org.freedesktop.UDisks2.Manager.VDO.html
>>> /usr/share/gtk-doc/html/udisks2/udisks2-Logging.html
>>> /usr/share/gtk-doc/html/udisks2/ref-daemon-core.html
>>> /usr/share/gtk-doc/html/udisks2/api-index.html
>>> /usr/share/gtk-doc/html/udisks2/gio-hierarchy.html
>>> /usr/share/gtk-doc/html/udisks2/UDisksManagerLVM2.html
>>> /usr/share/gtk-doc/html/udisks2/ref-daemon-drives.html
>>> /usr/share/gtk-doc/html/udisks2/right-insensitive.png
>>> /usr/share/gtk-doc/html/udisks2/ref-daemon-mdraid.html
>>> /usr/share/gtk-doc/html/udisks2/udisks2.devhelp2
>>> /usr/share/gtk-doc/html/udisks2/udisks2-UDisksModuleManager.html
>>> /usr/share/gtk-doc/html/udisks2/UDisksMountMonitor.html
>>> /usr/share/gtk-doc/html/udisks2/UDisksMDRaid.html
>>> /usr/share/gtk-doc/html/udisks2/udiskd.8.html
>>> /usr/share/gtk-doc/html/udisks2/udisks2-Utilities.html
>>> /usr/share/gtk-doc/html/udisks2/udisks2-UDisksManagerVDO.html
>>> /usr/share/gtk-doc/html/udisks2/UDisksFilesystem.html
>>> /usr/share/gtk-doc/html/udisks2/gdbus-org.freedesktop.UDisks2.Manager.BTRFS.html
>>> /usr/share/gtk-doc/html/udisks2/UDisksLinuxBlock.html
>>> /usr/share/gtk-doc/html/udisks2/udisks2-UDisksBlockVDO.html
>>> /usr/share/gtk-doc/html/udisks2/udisks2-UDisksVolumeGroup.html
>>> /usr/share/gtk-doc/html/udisks2/gdbus-org.freedesktop.UDisks2.Manager.LVM2.html
>>> /usr/share/gtk-doc/html/udisks2/gdbus-org.freedesktop.UDisks2.Drive.Ata.html
>>> /usr/share/gtk-doc/html/udisks2/UDisksJob.html
>>> /usr/share/gtk-doc/html/udisks2/UDisksThreadedJob.html
>>> /usr/share/gtk-doc/html/udisks2/udisks2-UDisksUtabMonitor.html
>>> /usr/share/gtk-doc/html/udisks2/gdbus-org.freedesktop.UDisks2.Manager.html
>>> /usr/share/gtk-doc/html/udisks2/ref-daemon-monitoring.html
>>> /usr/share/gtk-doc/html/udisks2/UDisksSpawnedJob.html
>>> /usr/share/gtk-doc/html/udisks2/UDisksPartitionTable.html
>>> /usr/share/gtk-doc/html/udisks2/udisks.8.html
>>> /usr/share/gtk-doc/html/udisks2/UDisksLinuxPartition.html
>>> /usr/share/gtk-doc/html/udisks2/udisks2-UDisksPhysicalVolume.html
>>> /usr/share/gtk-doc/html/udisks2/UDisksPartition.html
>>> /usr/share/gtk-doc/html/udisks2/UDisksLinuxDriveObject.html
>>> /usr/share/gtk-doc/html/udisks2/gdbus-org.freedesktop.UDisks2.ISCSI.Session.html
>>> /usr/share/gtk-doc/html/udisks2/udisks2-UDisksBlockLVM2.html
>>> /usr/share/gtk-doc/html/udisks2/left-insensitive.png
>>> /usr/share/gtk-doc/html/udisks2/UDisksObject.html
>>> /usr/share/gtk-doc/html/udisks2/udisks-polkit-actions.html
>>> /usr/share/gtk-doc/html/udisks2/UDisksClient.html
>>> /usr/share/gtk-doc/html/udisks2/ref-daemon-block-devices.html
>>> /usr/share/gtk-doc/html/udisks2/left.png
>>> /usr/share/gtk-doc/html/udisks2/ref-dbus-udisks2-well-known-object.html
>>> /usr/share/gtk-doc/html/udisks2/style.css
>>> /usr/share/gtk-doc/html/udisks2/udisks2-ATA-commands.html
>>> /usr/share/gtk-doc/html/udisks2/gdbus-org.freedesktop.UDisks2.PartitionTable.html
>>> /usr/share/gtk-doc/html/udisks2/gdbus-org.freedesktop.UDisks2.Block.VDO.html
>>> /usr/share/gtk-doc/html/udisks2/gdbus-org.freedesktop.UDisks2.LogicalVolume.html
>>> /usr/share/gtk-doc/html/udisks2/gdbus-org.freedesktop.UDisks2.Drive.LSM.html
>>> /usr/share/gtk-doc/html/udisks2/gdbus-org.freedesktop.UDisks2.Filesystem.BTRFS.html
>>> /usr/share/gtk-doc/html/udisks2/up.png
>>> /usr/share/gtk-doc/html/udisks2/ref-dbus.html
>>> /usr/share/gtk-doc/html/udisks2/umount.udisks2.8.html
>>> /usr/share/gtk-doc/html/udisks2/udisks2-UDisksError.html
>>> /usr/share/gtk-doc/html/udisks2/UDisksLinuxBlockObject.html
>>> /usr/share/gtk-doc/html/udisks2/ch02.html
>>> /usr/share/gtk-doc/html/udisks2/gdbus-org.freedesktop.UDisks2.Manager.ISCSI.Initiator.html
>>> /usr/share/gtk-doc/html/udisks2/gdbus-org.freedesktop.UDisks2.Drive.LsmLocal.html
>>> /usr/share/gtk-doc/html/udisks2/gdbus-org.freedesktop.UDisks2.Swapspace.html
>>> /usr/share/gtk-doc/html/udisks2/UDisksManagerZRAM.html
>>> /usr/share/gtk-doc/html/udisks2/ref-daemon.html
>>> /usr/share/gtk-doc/html/udisks2/udisks2-UDisksLogicalVolume.html
>>> /usr/share/gtk-doc/html/udisks2/UDisksSwapspace.html
>>> /usr/share/gtk-doc/html/udisks2/ref-dbus-overview.html
>>> /usr/share/gtk-doc/html/udisks2/udisksctl.1.html
>>> /usr/share/gtk-doc/html/udisks2/overview.html
>>> /usr/share/gtk-doc/html/udisks2/UDisksLinuxDevice.html
>>> /usr/share/gtk-doc/html/udisks2/UDisksLoop.html
>>> /usr/share/gtk-doc/html/udisks2/UDisksLinuxPartitionTable.html
>>> /usr/share/gtk-doc/html/udisks2/gdbus-org.freedesktop.UDisks2.Block.LVM2.html
>>> /usr/share/gtk-doc/html/udisks2/UDisksDaemon.html
>>> /usr/share/gtk-doc/html/udisks2/gdbus-org.freedesktop.UDisks2.Loop.html
>>> /usr/share/gtk-doc/html/udisks2/UDisksBaseJob.html
>>> /usr/share/gtk-doc/html/udisks2/UDisksEncrypted.html
>>> /usr/share/gtk-doc/html/udisks2/gdbus-org.freedesktop.UDisks2.Manager.ZRAM.html
>>> /usr/share/gtk-doc/html/udisks2/gdbus-org.freedesktop.UDisks2.Block.Bcache.html
>>> /usr/share/gtk-doc/html/udisks2/gdbus-org.freedesktop.UDisks2.Block.ZRAM.html
>>> /usr/share/gtk-doc/html/udisks2/UDisksLinuxEncrypted.html
>>> /usr/share/gtk-doc/html/udisks2/home.png
>>> /usr/share/gtk-doc/html/udisks2/ref-iscsi-session.html
>>> /usr/share/gtk-doc/html/udisks2/gdbus-org.freedesktop.UDisks2.Manager.LSM.html
>>> /usr/share/gtk-doc/html/udisks2/annotation-glossary.html
>>> /usr/share/gtk-doc/html/udisks2/ref-daemon-jobs.html
>>> /usr/share/gtk-doc/html/udisks2/UDisksBlockZRAM.html
>>> /usr/share/gtk-doc/html/udisks2/UDisksManagerISCSIInitiator.html
>>> /usr/share/gtk-doc/html/udisks2/udisks2-UDisksDriveLsmLocal.html
>>> /usr/share/gtk-doc/html/udisks2/ref-dbus-block-devices.html
>>> /usr/share/gtk-doc/html/udisks2/gdbus-org.freedesktop.UDisks2.PhysicalVolume.html
>>> /usr/share/gtk-doc/html/udisks2/UDisksFilesystemBTRFS.html
>>> /usr/share/gtk-doc/html/udisks2/gdbus-org.freedesktop.UDisks2.MDRaid.html
>>> /usr/share/gtk-doc/html/udisks2/udisks2.conf.5.html
>>> /usr/share/gtk-doc/html/udisks2/gdbus-org.freedesktop.UDisks2.Filesystem.html
--- /usr/share/polkit-1/
--- /usr/share/polkit-1/actions/
>>> /usr/share/polkit-1/actions/org.freedesktop.UDisks2.btrfs.policy
>>> /usr/share/polkit-1/actions/org.freedesktop.UDisks2.policy
--- /usr/sbin/
>>> /usr/sbin/umount.udisks2
--- /usr/include/
--- /usr/include/udisks2/
--- /usr/include/udisks2/udisks/
>>> /usr/include/udisks2/udisks/udisksmoduleifacetypes.h
>>> /usr/include/udisks2/udisks/udisksversion.h
>>> /usr/include/udisks2/udisks/udisksenums.h
>>> /usr/include/udisks2/udisks/udisksmoduleobject.h
>>> /usr/include/udisks2/udisks/udisksenumtypes.h
>>> /usr/include/udisks2/udisks/udisksmoduleiface.h
>>> /usr/include/udisks2/udisks/udiskserror.h
>>> /usr/include/udisks2/udisks/udisks-generated.h
>>> /usr/include/udisks2/udisks/udisks.h
>>> /usr/include/udisks2/udisks/udisksobjectinfo.h
>>> /usr/include/udisks2/udisks/udisksclient.h
>>> /usr/include/udisks2/udisks/udiskstypes.h
--- /usr/bin/
>>> /usr/bin/udisksctl
--- /usr/libexec/
--- /usr/libexec/udisks2/
>>> /usr/libexec/udisks2/udisksd
--- /usr/lib/
--- /usr/lib/tmpfiles.d/
>>> /usr/lib/tmpfiles.d/udisks2.conf
--- /lib/
--- /lib/udev/
--- /lib/udev/rules.d/
>>> /lib/udev/rules.d/80-udisks2.rules
--- /lib/systemd/
--- /lib/systemd/system/
>>> /lib/systemd/system/clean-mount-point@.service
>>> /lib/systemd/system/udisks2.service
>>> Safely unmerging already-installed instance...
>>> Original instance of package unmerged safely.
>>> sys-fs/udisks-2.8.4 merged.
>>> Regenerating /etc/ld.so.cache...
