>>> Extracting info
 * Package:    sys-apps/debianutils-4.9.3
 * Repository: gentoo
 * USE:        abi_x86_64 userland_GNU amd64 installkernel kernel_linux elibc_glibc
 * FEATURES:   network-sandbox preserve-libs sandbox userpriv usersandbox
 * FEATURES='assume-digests binpkg-docompress binpkg-dostrip binpkg-logs binpkg-multi-instance buildpkg cgroup compress-index config-protect-if-modified distlocks downgrade-backup fixlafiles ipc-sandbox merge-sync multilib-strict network-sandbox news nodoc parallel-fetch parallel-install pid-sandbox preserve-libs qa-unresolved-soname-deps sandbox sfperms strict strict-keepdir unknown-features-warn unmerge-backup unmerge-logs unmerge-orphans userfetch userpriv usersandbox usersync xattr'
 * CFLAGS='-march=native -O3 -fgraphite-identity -floop-nest-optimize -fdevirtualize-at-ltrans -fipa-pta -fno-semantic-interposition -flto=12 -fno-plt -fno-math-errno -fno-trapping-math -fuse-linker-plugin -pipe -g0 -falign-functions=32 -Wl,-O1 -Wl,--as-needed -Wl,--hash-style=gnu,-z,norelro,--as-needed'
 * CXXFLAGS='-march=native -O3 -fgraphite-identity -floop-nest-optimize -fdevirtualize-at-ltrans -fipa-pta -fno-semantic-interposition -flto=12 -fno-plt -fno-math-errno -fno-trapping-math -fuse-linker-plugin -pipe -g0 -falign-functions=32 -Wl,-O1 -Wl,--as-needed -Wl,--hash-style=gnu,-z,norelro,--as-needed'
 * FFLAGS='-march=native -O3 -fgraphite-identity -floop-nest-optimize -fdevirtualize-at-ltrans -fipa-pta -fno-semantic-interposition -flto=12 -fno-plt -fno-math-errno -fno-trapping-math -fuse-linker-plugin -pipe -g0 -falign-functions=32 -Wl,-O1 -Wl,--as-needed -Wl,--hash-style=gnu,-z,norelro,--as-needed'
 * FCFLAGS='-march=native -O3 -fgraphite-identity -floop-nest-optimize -fdevirtualize-at-ltrans -fipa-pta -fno-semantic-interposition -flto=12 -fno-plt -fno-math-errno -fno-trapping-math -fuse-linker-plugin -pipe -g0 -falign-functions=32 -Wl,-O1 -Wl,--as-needed -Wl,--hash-style=gnu,-z,norelro,--as-needed'
 * F77FLAGS='-march=native -O3 -fgraphite-identity -floop-nest-optimize -fdevirtualize-at-ltrans -fipa-pta -fno-semantic-interposition -flto=12 -fno-plt -fno-math-errno -fno-trapping-math -fuse-linker-plugin -pipe -g0 -falign-functions=32 -Wl,-O1 -Wl,--as-needed -Wl,--hash-style=gnu,-z,norelro,--as-needed'
 * LDFLAGS='-Wl,-O1 -Wl,--as-needed -Wl,--hash-style=gnu,-z,norelro,--as-needed -march=native -O3 -fgraphite-identity -floop-nest-optimize -fdevirtualize-at-ltrans -fipa-pta -fno-semantic-interposition -flto=12 -fno-plt -fno-math-errno -fno-trapping-math -fuse-linker-plugin -pipe -g0 -falign-functions=32'
 * MAKEOPTS='-j12 -l12'
 * gcc () 11.0.0 20200526 (experimental)
 * g++ () 11.0.0 20200526 (experimental)
 * GNU ld (Gentoo 2.34 p4) 2.34.0
 * Linux ryzen.gnum.org 5.4.36 #1 SMP Thu Apr 30 04:38:28 UTC 2020 x86_64 AMD Ryzen 5 3600 6-Core Processor AuthenticAMD GNU/Linux
sys-apps/debianutils: 4 minutes, 5 seconds average for 14 merges
2020-05-16T20:50:31 >>> sys-apps/debianutils: 11 seconds
2020-05-20T00:56:58 >>> sys-apps/debianutils: 4 minutes, 13 seconds
2020-05-21T06:18:42 >>> sys-apps/debianutils: 5 seconds
2020-05-22T01:58:09 >>> sys-apps/debianutils: 5 minutes, 56 seconds
2020-05-22T03:10:00 >>> sys-apps/debianutils: 5 minutes, 58 seconds
2020-05-22T12:29:34 >>> sys-apps/debianutils: 5 minutes, 46 seconds
2020-05-23T03:31:13 >>> sys-apps/debianutils: 5 minutes, 46 seconds
2020-05-24T18:46:37 >>> sys-apps/debianutils: 13 seconds
2020-05-24T23:23:28 >>> sys-apps/debianutils: 9 minutes, 5 seconds
2020-05-25T03:02:00 >>> sys-apps/debianutils: 4 minutes
2020-05-25T18:17:57 >>> sys-apps/debianutils: 4 minutes, 23 seconds
2020-05-25T19:52:35 >>> sys-apps/debianutils: 4 minutes, 14 seconds
2020-05-26T12:53:35 >>> sys-apps/debianutils: 3 minutes, 2 seconds
2020-05-26T13:47:38 >>> sys-apps/debianutils: 4 minutes, 23 seconds
]0;emerge 01:24:42 1590535481:  === Unmerging... (app-text/sgml-common-0.6.3-r7) debianutils 03:53 (root@ryzen.gnum.org)kemerge 01:24:42 1590535481:  === Unmerging... (app-text/sgml-common-0.6.3-r7) debianutils 03:53 (root@ryzen.gnum.org)\>>> Extracting sys-apps/debianutils-4.9.3
 * checking 8 files for package collisions
[32;01m * [39;49;00mBuilding package for sys-apps/debianutils-4.9.3 ...                   [34;01m[ [39;49;00m[32;01mok[39;49;00m[34;01m ][39;49;00m
[32;01m * [39;49;00mPackages now in '/usr/portage/packages':
[32;01m * [39;49;00msys-apps/debianutils-4.9.3: 50.9K

>>> Merging sys-apps/debianutils-4.9.3 to /
 * removing unneeded *.la files
--- /usr/
--- /usr/share/
--- /usr/share/man/
--- /usr/share/man/man8/
>>> /usr/share/man/man8/savelog.8.bz2
>>> /usr/share/man/man8/run-parts.8.bz2
--- /usr/share/man/man1/
>>> /usr/share/man/man1/tempfile.1.bz2
>>> /usr/share/man/man1/ischroot.1.bz2
--- /usr/sbin/
>>> /usr/sbin/savelog
--- /usr/bin/
>>> /usr/bin/ischroot
--- /bin/
>>> /bin/run-parts
>>> /bin/tempfile
>>> Safely unmerging already-installed instance...
>>> Original instance of package unmerged safely.
>>> sys-apps/debianutils-4.9.3 merged.
