No package files given... Grabbing a set.
<<<          obj /usr/lib64/libgnuefi.a
<<<          obj /usr/lib64/libefi.a
<<<          obj /usr/lib64/elf_x86_64_efi.lds
<<<          obj /usr/lib64/crt0-efi-x86_64.o
<<<          obj /usr/include/efi/x86_64/pe.h
<<<          obj /usr/include/efi/x86_64/efisetjmp_arch.h
<<<          obj /usr/include/efi/x86_64/efilibplat.h
<<<          obj /usr/include/efi/x86_64/efibind.h
<<<          obj /usr/include/efi/romload.h
<<<          obj /usr/include/efi/protocol/vgaclass.h
<<<          obj /usr/include/efi/protocol/piflash64.h
<<<          obj /usr/include/efi/protocol/legacyboot.h
<<<          obj /usr/include/efi/protocol/intload.h
<<<          obj /usr/include/efi/protocol/efivar.h
<<<          obj /usr/include/efi/protocol/efidbg.h
<<<          obj /usr/include/efi/protocol/eficonsplit.h
<<<          obj /usr/include/efi/protocol/adapterdebug.h
<<<          obj /usr/include/efi/pci22.h
<<<          obj /usr/include/efi/libsmbios.h
<<<          obj /usr/include/efi/efiui.h
<<<          obj /usr/include/efi/efiudp.h
<<<          obj /usr/include/efi/efitcp.h
<<<          obj /usr/include/efi/efistdarg.h
<<<          obj /usr/include/efi/efishellparm.h
<<<          obj /usr/include/efi/efishellintf.h
<<<          obj /usr/include/efi/efisetjmp.h
<<<          obj /usr/include/efi/efiser.h
<<<          obj /usr/include/efi/efirtlib.h
<<<          obj /usr/include/efi/efipxebc.h
<<<          obj /usr/include/efi/efiprot.h
<<<          obj /usr/include/efi/efipoint.h
<<<          obj /usr/include/efi/efipciio.h
<<<          obj /usr/include/efi/efipart.h
<<<          obj /usr/include/efi/efinet.h
<<<          obj /usr/include/efi/efilink.h
<<<          obj /usr/include/efi/efilib.h
<<<          obj /usr/include/efi/efiip.h
<<<          obj /usr/include/efi/efigpt.h
<<<          obj /usr/include/efi/efifs.h
<<<          obj /usr/include/efi/efierr.h
<<<          obj /usr/include/efi/efidevp.h
<<<          obj /usr/include/efi/efidef.h
<<<          obj /usr/include/efi/efidebug.h
<<<          obj /usr/include/efi/eficon.h
<<<          obj /usr/include/efi/eficompiler.h
<<<          obj /usr/include/efi/efiapi.h
<<<          obj /usr/include/efi/efi_pxe.h
<<<          obj /usr/include/efi/efi_nii.h
<<<          obj /usr/include/efi/efi.h
--- !empty   dir /usr/lib64
<<<          dir /usr/include/efi/x86_64
<<<          dir /usr/include/efi/protocol
<<<          dir /usr/include/efi
--- !empty   dir /usr/include
--- !empty   dir /usr
>>> Regenerating /etc/ld.so.cache...
