 * Package:    sys-devel/clang-common-10.0.0
 * Repository: gentoo
 * Maintainer: llvm@gentoo.org
 * USE:        abi_x86_64 amd64 elibc_glibc kernel_linux userland_GNU
 * FEATURES:   network-sandbox preserve-libs sandbox userpriv usersandbox
 * FEATURES='assume-digests binpkg-docompress binpkg-dostrip binpkg-logs buildpkg cgroup compress-index config-protect-if-modified distlocks ebuild-locks fixlafiles ipc-sandbox merge-sync multilib-strict network-sandbox news nodoc parallel-fetch pid-sandbox preserve-libs qa-unresolved-soname-deps sandbox sfperms strict strict-keepdir unknown-features-warn unmerge-logs unmerge-orphans userfetch userpriv usersandbox usersync xattr'
 * CFLAGS='-march=native -Ofast -pipe -g0 -fno-common -fgraphite-identity -floop-interchange -floop-nest-optimize -floop-parallelize-all -ftree-parallelize-loops=12 -ftree-vectorize -fdevirtualize-at-ltrans -fipa-pta -fno-semantic-interposition -flto=12 -fno-plt -fbranch-target-load-optimize2 -fcx-fortran-rules -fno-var-tracking-assignments -freschedule-modulo-scheduled-loops -fsched-pressure -fsched-spec-load -fsched-spec-load-dangerous -fsched-stalled-insns=0 -fsched2-use-superblocks -fselective-scheduling -fselective-scheduling2 -fsel-sched-pipelining -fsel-sched-pipelining-outer-loops -ftree-lrs -maccumulate-outgoing-args -fmerge-all-constants -falign-functions=32 -fno-stack-protector -fno-stack-clash-protection -fstack-check=no -fno-stack-check -fuse-linker-plugin -Wl,-O1 -Wl,--as-needed -Wl,--sort-common -Wl,-z -Wl,norelro -Wl,-z,max-page-size=0x1000 -lgomp -lpthread -s'
 * CXXFLAGS='-march=native -Ofast -pipe -g0 -fno-common -fgraphite-identity -floop-interchange -floop-nest-optimize -floop-parallelize-all -ftree-parallelize-loops=12 -ftree-vectorize -fdevirtualize-at-ltrans -fipa-pta -fno-semantic-interposition -flto=12 -fno-plt -fbranch-target-load-optimize2 -fcx-fortran-rules -fno-enforce-eh-specs -fnothrow-opt -fno-var-tracking-assignments -freschedule-modulo-scheduled-loops -fsched-pressure -fsched-spec-load -fsched-spec-load-dangerous -fsched-stalled-insns=0 -fsched2-use-superblocks -fselective-scheduling -fselective-scheduling2 -fsel-sched-pipelining -fsel-sched-pipelining-outer-loops -ftree-lrs -maccumulate-outgoing-args -fmerge-all-constants -falign-functions=32 -fno-stack-protector -fno-stack-clash-protection -fstack-check=no -fno-stack-check -fuse-linker-plugin -Wl,-O1 -Wl,--as-needed -Wl,--sort-common -Wl,-z -Wl,norelro -Wl,-z,max-page-size=0x1000 -lgomp -lpthread -s'
 * FFLAGS='-march=native -Ofast -pipe -g0 -fno-common -fgraphite-identity -floop-interchange -floop-nest-optimize -floop-parallelize-all -ftree-parallelize-loops=12 -ftree-vectorize -fdevirtualize-at-ltrans -fipa-pta -fno-semantic-interposition -flto=12 -fno-plt -fbranch-target-load-optimize2 -fcx-fortran-rules -fno-var-tracking-assignments -freschedule-modulo-scheduled-loops -fsched-pressure -fsched-spec-load -fsched-spec-load-dangerous -fsched-stalled-insns=0 -fsched2-use-superblocks -fselective-scheduling -fselective-scheduling2 -fsel-sched-pipelining -fsel-sched-pipelining-outer-loops -ftree-lrs -maccumulate-outgoing-args -fmerge-all-constants -falign-functions=32 -fno-stack-protector -fno-stack-clash-protection -fstack-check=no -fno-stack-check -fuse-linker-plugin -Wl,-O1 -Wl,--as-needed -Wl,--sort-common -Wl,-z -Wl,norelro -Wl,-z,max-page-size=0x1000 -lgomp -lpthread -s'
 * FCFLAGS='-march=native -Ofast -pipe -g0 -fno-common -fgraphite-identity -floop-interchange -floop-nest-optimize -floop-parallelize-all -ftree-parallelize-loops=12 -ftree-vectorize -fdevirtualize-at-ltrans -fipa-pta -fno-semantic-interposition -flto=12 -fno-plt -fbranch-target-load-optimize2 -fcx-fortran-rules -fno-var-tracking-assignments -freschedule-modulo-scheduled-loops -fsched-pressure -fsched-spec-load -fsched-spec-load-dangerous -fsched-stalled-insns=0 -fsched2-use-superblocks -fselective-scheduling -fselective-scheduling2 -fsel-sched-pipelining -fsel-sched-pipelining-outer-loops -ftree-lrs -maccumulate-outgoing-args -fmerge-all-constants -falign-functions=32 -fno-stack-protector -fno-stack-clash-protection -fstack-check=no -fno-stack-check -fuse-linker-plugin -Wl,-O1 -Wl,--as-needed -Wl,--sort-common -Wl,-z -Wl,norelro -Wl,-z,max-page-size=0x1000 -lgomp -lpthread -s'
 * F77FLAGS='-march=native -Ofast -pipe -g0 -fno-common -fgraphite-identity -floop-interchange -floop-nest-optimize -floop-parallelize-all -ftree-parallelize-loops=12 -ftree-vectorize -fdevirtualize-at-ltrans -fipa-pta -fno-semantic-interposition -flto=12 -fno-plt -fbranch-target-load-optimize2 -fcx-fortran-rules -fno-enforce-eh-specs -fnothrow-opt -fno-var-tracking-assignments -freschedule-modulo-scheduled-loops -fsched-pressure -fsched-spec-load -fsched-spec-load-dangerous -fsched-stalled-insns=0 -fsched2-use-superblocks -fselective-scheduling -fselective-scheduling2 -fsel-sched-pipelining -fsel-sched-pipelining-outer-loops -ftree-lrs -maccumulate-outgoing-args -fmerge-all-constants -falign-functions=32 -fno-stack-protector -fno-stack-clash-protection -fstack-check=no -fno-stack-check -fuse-linker-plugin -Wl,-O1 -Wl,--as-needed -Wl,--sort-common -Wl,-z -Wl,norelro -Wl,-z,max-page-size=0x1000 -lgomp -lpthread -s'
 * LDFLAGS='-march=native -Ofast -pipe -g0 -fno-common -fgraphite-identity -floop-interchange -floop-nest-optimize -floop-parallelize-all -ftree-parallelize-loops=12 -ftree-vectorize -fdevirtualize-at-ltrans -fipa-pta -fno-semantic-interposition -flto=12 -fno-plt -fbranch-target-load-optimize2 -fcx-fortran-rules -fno-enforce-eh-specs -fnothrow-opt -fno-var-tracking-assignments -freschedule-modulo-scheduled-loops -fsched-pressure -fsched-spec-load -fsched-spec-load-dangerous -fsched-stalled-insns=0 -fsched2-use-superblocks -fselective-scheduling -fselective-scheduling2 -fsel-sched-pipelining -fsel-sched-pipelining-outer-loops -ftree-lrs -maccumulate-outgoing-args -fmerge-all-constants -falign-functions=32 -fno-stack-protector -fno-stack-clash-protection -fstack-check=no -fno-stack-check -fuse-linker-plugin -Wl,-O1 -Wl,--as-needed -Wl,--sort-common -Wl,-z -Wl,norelro -Wl,-z,max-page-size=0x1000 -lgomp -lpthread -s'
 * MAKEOPTS='-j12 -l12'
 * gcc () 11.0.0 20200618 (experimental)
 * g++ () 11.0.0 20200618 (experimental)
 * GNU ld (Gentoo 2.34 p4) 2.34.0
 * Linux rescue 5.4.36 #1 SMP Thu Apr 30 04:38:28 UTC 2020 x86_64 AMD Ryzen 5 3600 6-Core Processor AuthenticAMD GNU/Linux
sys-devel/clang-common: 33 seconds average for 11 merges
2020-05-15T03:37:41 >>> sys-devel/clang-common: 8 seconds
2020-05-16T20:50:50 >>> sys-devel/clang-common: 11 seconds
2020-05-20T07:35:14 >>> sys-devel/clang-common: 3 seconds
2020-06-03T01:19:30 >>> sys-devel/clang-common: 13 seconds
2020-06-13T03:28:02 >>> sys-devel/clang-common: 1 minute, 58 seconds
2020-06-13T20:36:57 >>> sys-devel/clang-common: 9 seconds
2020-06-14T04:43:40 >>> sys-devel/clang-common: 2 minutes, 38 seconds
2020-06-15T14:13:53 >>> sys-devel/clang-common: 5 seconds
2020-06-16T13:45:17 >>> sys-devel/clang-common: 15 seconds
2020-06-17T03:15:49 >>> sys-devel/clang-common: 15 seconds
2020-06-17T13:43:39 >>> sys-devel/clang-common: 15 seconds
]0;emerge 08:32:10 14|649 clang-common 00:15 (root@rescue)kemerge 08:32:10 14|649 clang-common 00:15 (root@rescue)\>>> Unpacking source...
 * Unpacking from llvmorg-10.0.0.tar.gz ...
 [ ok ]
>>> Source unpacked in /tmp/portage/sys-devel/clang-common-10.0.0/work
>>> Preparing source in /tmp/portage/sys-devel/clang-common-10.0.0/work/clang/utils ...
>>> Source prepared.
>>> Configuring source in /tmp/portage/sys-devel/clang-common-10.0.0/work/clang/utils ...
>>> Source configured.
>>> Compiling source in /tmp/portage/sys-devel/clang-common-10.0.0/work/clang/utils ...
>>> Source compiled.
>>> Test phase [not enabled]: sys-devel/clang-common-10.0.0

>>> Install sys-devel/clang-common-10.0.0 into /tmp/portage/sys-devel/clang-common-10.0.0/image
>>> Completed installing sys-devel/clang-common-10.0.0 into /tmp/portage/sys-devel/clang-common-10.0.0/image

 * Final size of build directory: 16 KiB
 * Final size of installed tree:  24 KiB

Parallel BZIP2 v1.1.13 [Dec 18, 2015]
By: Jeff Gilchrist [http://compression.ca]
Major contributions: Yavor Nikolov [http://javornikolov.wordpress.com]
Uses libbzip2 by Julian Seward

         # CPUs: 8
   Load Average: 3.56
 BWT Block Size: 200 KB
File Block Size: 900 KB
 Maximum Memory: 1024 MB
-------------------------------------------
         File #: 1 of 1
     Input Name: compressme
    Output Name: compressme.bz2

     Input Size: 3895 bytes
Compressing data (no threads)...
Completed: 100%                 Output Size: 918 bytes
-------------------------------------------

     Wall Clock: 0.000774 seconds
./
./usr/
./usr/share/
./usr/share/bash-completion/
./usr/share/bash-completion/completions/
./usr/share/bash-completion/completions/clang
>>> Done.
 * checking 1 files for package collisions
>>> Merging sys-devel/clang-common-10.0.0 to /
 * removing unneeded *.la files
--- /usr/
--- /usr/share/
--- /usr/share/bash-completion/
--- /usr/share/bash-completion/completions/
>>> /usr/share/bash-completion/completions/clang
>>> Safely unmerging already-installed instance...
>>> Original instance of package unmerged safely.
>>> sys-devel/clang-common-10.0.0 merged.
