 * Package:    sys-apps/gentoo-systemd-integration-8
 * Repository: gentoo
 * Maintainer: systemd@gentoo.org
 * USE:        abi_x86_64 amd64 elibc_glibc kernel_linux userland_GNU
 * FEATURES:   network-sandbox preserve-libs sandbox userpriv usersandbox
 * FEATURES='assume-digests binpkg-docompress binpkg-dostrip binpkg-logs buildpkg cgroup compress-index config-protect-if-modified distlocks ebuild-locks fixlafiles ipc-sandbox merge-sync multilib-strict network-sandbox news nodoc parallel-fetch pid-sandbox preserve-libs qa-unresolved-soname-deps sandbox sfperms strict strict-keepdir unknown-features-warn unmerge-logs unmerge-orphans userfetch userpriv usersandbox usersync xattr'
 * CFLAGS='-march=znver2 -Ofast -pipe -g0 -fno-common -fgraphite-identity -floop-interchange -floop-nest-optimize -floop-parallelize-all -ftree-parallelize-loops=12 -ftree-vectorize -fdevirtualize-at-ltrans -fipa-pta -fno-semantic-interposition -flto=12 -fno-plt -falign-functions=32 -fno-stack-protector -fno-stack-clash-protection -fstack-check=no -fno-stack-check -fuse-linker-plugin -Wl,-O1,--sort-common,--as-needed,-z,norelro,-z,now,-lgomp,-lpthread'
 * CXXFLAGS='-march=znver2 -Ofast -pipe -g0 -fno-common -fgraphite-identity -floop-interchange -floop-nest-optimize -floop-parallelize-all -ftree-parallelize-loops=12 -ftree-vectorize -fdevirtualize-at-ltrans -fipa-pta -fno-semantic-interposition -flto=12 -fno-plt -falign-functions=32 -fno-stack-protector -fno-stack-clash-protection -fstack-check=no -fno-stack-check -fuse-linker-plugin -Wl,-O1,--sort-common,--as-needed,-z,norelro,-z,now,-lgomp,-lpthread'
 * FFLAGS='-march=znver2 -Ofast -pipe -g0 -fno-common -fgraphite-identity -floop-interchange -floop-nest-optimize -floop-parallelize-all -ftree-parallelize-loops=12 -ftree-vectorize -fdevirtualize-at-ltrans -fipa-pta -fno-semantic-interposition -flto=12 -fno-plt -falign-functions=32 -fno-stack-protector -fno-stack-clash-protection -fstack-check=no -fno-stack-check -fuse-linker-plugin -Wl,-O1,--sort-common,--as-needed,-z,norelro,-z,now,-lgomp,-lpthread'
 * FCFLAGS='-march=znver2 -Ofast -pipe -g0 -fno-common -fgraphite-identity -floop-interchange -floop-nest-optimize -floop-parallelize-all -ftree-parallelize-loops=12 -ftree-vectorize -fdevirtualize-at-ltrans -fipa-pta -fno-semantic-interposition -flto=12 -fno-plt -falign-functions=32 -fno-stack-protector -fno-stack-clash-protection -fstack-check=no -fno-stack-check -fuse-linker-plugin -Wl,-O1,--sort-common,--as-needed,-z,norelro,-z,now,-lgomp,-lpthread'
 * F77FLAGS='-march=znver2 -Ofast -pipe -g0 -fno-common -fgraphite-identity -floop-interchange -floop-nest-optimize -floop-parallelize-all -ftree-parallelize-loops=12 -ftree-vectorize -fdevirtualize-at-ltrans -fipa-pta -fno-semantic-interposition -flto=12 -fno-plt -falign-functions=32 -fno-stack-protector -fno-stack-clash-protection -fstack-check=no -fno-stack-check -fuse-linker-plugin -Wl,-O1,--sort-common,--as-needed,-z,norelro,-z,now,-lgomp,-lpthread'
 * LDFLAGS='-Wl,-O1,--sort-common,--as-needed,-z,norelro,-z,now,-lgomp,-lpthread -march=znver2 -Ofast -pipe -g0 -fno-common -fgraphite-identity -floop-interchange -floop-nest-optimize -floop-parallelize-all -ftree-parallelize-loops=12 -ftree-vectorize -fdevirtualize-at-ltrans -fipa-pta -fno-semantic-interposition -flto=12 -fno-plt -falign-functions=32 -fno-stack-protector -fno-stack-clash-protection -fstack-check=no -fno-stack-check -fuse-linker-plugin'
 * MAKEOPTS='-j12 -l12'
 * gcc () 11.0.0 20200616 (experimental)
 * g++ () 11.0.0 20200616 (experimental)
 * GNU ld (Gentoo 2.34 p4) 2.34.0
 * Linux rescue 5.4.36 #1 SMP Thu Apr 30 04:38:28 UTC 2020 x86_64 AMD Ryzen 5 3600 6-Core Processor AuthenticAMD GNU/Linux
sys-apps/gentoo-systemd-integration: 12 seconds average for 14 merges
2020-05-19T23:56:29 >>> sys-apps/gentoo-systemd-integration: 5 seconds
2020-05-20T02:17:49 >>> sys-apps/gentoo-systemd-integration: 5 seconds
2020-05-25T00:00:15 >>> sys-apps/gentoo-systemd-integration: 11 seconds
2020-05-25T19:07:12 >>> sys-apps/gentoo-systemd-integration: 11 seconds
2020-05-26T04:59:02 >>> sys-apps/gentoo-systemd-integration: 11 seconds
2020-05-26T14:38:50 >>> sys-apps/gentoo-systemd-integration: 6 seconds
2020-05-27T02:15:02 >>> sys-apps/gentoo-systemd-integration: 6 seconds
2020-05-27T03:56:51 >>> sys-apps/gentoo-systemd-integration: 11 seconds
2020-05-30T23:54:46 >>> sys-apps/gentoo-systemd-integration: 1 minute, 8 seconds
2020-06-01T07:58:16 >>> sys-apps/gentoo-systemd-integration: 13 seconds
2020-06-12T02:05:16 >>> sys-apps/gentoo-systemd-integration: 5 seconds
2020-06-13T20:43:33 >>> sys-apps/gentoo-systemd-integration: 4 seconds
2020-06-15T14:21:04 >>> sys-apps/gentoo-systemd-integration: 5 seconds
2020-06-16T17:13:26 >>> sys-apps/gentoo-systemd-integration: 10 seconds
]0;emerge 16:38:58 4|240 gentoo-systemd-integration 00:06 (root@rescue)>>> Unpacking source...
>>> Unpacking gentoo-systemd-integration-8.tar.bz2 to /tmp/portage/sys-apps/gentoo-systemd-integration-8/work
>>> Source unpacked in /tmp/portage/sys-apps/gentoo-systemd-integration-8/work
>>> Preparing source in /tmp/portage/sys-apps/gentoo-systemd-integration-8/work/gentoo-systemd-integration-8 ...
>>> Source prepared.
>>> Configuring source in /tmp/portage/sys-apps/gentoo-systemd-integration-8/work/gentoo-systemd-integration-8 ...
./configure --prefix=/usr --build=x86_64-pc-linux-gnu --host=x86_64-pc-linux-gnu --mandir=/usr/share/man --infodir=/usr/share/info --datadir=/usr/share --sysconfdir=/etc --localstatedir=/var/lib --disable-silent-rules --docdir=/usr/share/doc/gentoo-systemd-integration-8 --htmldir=/usr/share/doc/gentoo-systemd-integration-8/html --libdir=/usr/lib64
checking for a BSD-compatible install... /tmp/portage/._portage_reinstall_.z8sq2nh6/bin/ebuild-helpers/xattr/install -c
checking whether build environment is sane... yes
checking for a thread-safe mkdir -p... /bin/mkdir -p
checking for gawk... gawk
checking whether make sets $(MAKE)... yes
checking whether make supports nested variables... yes
checking whether ln -s works... yes
checking for a sed that does not truncate output... /bin/sed
checking for x86_64-pc-linux-gnu-pkg-config... /usr/bin/x86_64-pc-linux-gnu-pkg-config
checking pkg-config is at least version 0.9.0... yes
checking systemd system generator directory... /lib/systemd/system-generators
checking systemd system preset directory... /lib/systemd/system-preset
checking that generated files are newer than configure... done
configure: creating ./config.status
config.status: creating Makefile
>>> Source configured.
>>> Compiling source in /tmp/portage/sys-apps/gentoo-systemd-integration-8/work/gentoo-systemd-integration-8 ...
make -j12 -l12 
make: Nothing to be done for 'all'.
>>> Source compiled.
>>> Test phase [not enabled]: sys-apps/gentoo-systemd-integration-8

>>> Install sys-apps/gentoo-systemd-integration-8 into /tmp/portage/sys-apps/gentoo-systemd-integration-8/image
make -j12 -l12 DESTDIR=/tmp/portage/sys-apps/gentoo-systemd-integration-8/image install 
make[1]: Entering directory '/tmp/portage/sys-apps/gentoo-systemd-integration-8/work/gentoo-systemd-integration-8'
make[1]: Nothing to be done for 'install-exec-am'.
 /bin/mkdir -p '/tmp/portage/sys-apps/gentoo-systemd-integration-8/image/usr/lib/sysctl.d'
 /bin/mkdir -p '/tmp/portage/sys-apps/gentoo-systemd-integration-8/image/usr/lib/systemd/system-environment-generators'
 /bin/mkdir -p '/tmp/portage/sys-apps/gentoo-systemd-integration-8/image/lib/systemd/system-generators'
 /bin/mkdir -p '/tmp/portage/sys-apps/gentoo-systemd-integration-8/image/lib/systemd/system-preset'
 /bin/mkdir -p '/tmp/portage/sys-apps/gentoo-systemd-integration-8/image/usr/lib/tmpfiles.d'
 /bin/mkdir -p '/tmp/portage/sys-apps/gentoo-systemd-integration-8/image/lib/udev/rules.d'
 /tmp/portage/._portage_reinstall_.z8sq2nh6/bin/ebuild-helpers/xattr/install -c -m 644 sysctl.d/60-gentoo.conf '/tmp/portage/sys-apps/gentoo-systemd-integration-8/image/usr/lib/sysctl.d'
 /tmp/portage/._portage_reinstall_.z8sq2nh6/bin/ebuild-helpers/xattr/install -c system-environment-generators/10-gentoo-path '/tmp/portage/sys-apps/gentoo-systemd-integration-8/image/usr/lib/systemd/system-environment-generators'
 /tmp/portage/._portage_reinstall_.z8sq2nh6/bin/ebuild-helpers/xattr/install -c -m 644 udev/40-gentoo.rules '/tmp/portage/sys-apps/gentoo-systemd-integration-8/image/lib/udev/rules.d'
 /tmp/portage/._portage_reinstall_.z8sq2nh6/bin/ebuild-helpers/xattr/install -c -m 644 tmpfiles.d/gentoo-run.conf '/tmp/portage/sys-apps/gentoo-systemd-integration-8/image/usr/lib/tmpfiles.d'
 /tmp/portage/._portage_reinstall_.z8sq2nh6/bin/ebuild-helpers/xattr/install -c -m 644 system-preset/99-default.preset '/tmp/portage/sys-apps/gentoo-systemd-integration-8/image/lib/systemd/system-preset'
 /tmp/portage/._portage_reinstall_.z8sq2nh6/bin/ebuild-helpers/xattr/install -c system-generators/gentoo-local-generator '/tmp/portage/sys-apps/gentoo-systemd-integration-8/image/lib/systemd/system-generators'
make[1]: Leaving directory '/tmp/portage/sys-apps/gentoo-systemd-integration-8/work/gentoo-systemd-integration-8'
>>> Completed installing sys-apps/gentoo-systemd-integration-8 into /tmp/portage/sys-apps/gentoo-systemd-integration-8/image

 * Final size of build directory: 372 KiB
 * Final size of installed tree:   92 KiB

Parallel BZIP2 v1.1.13 [Dec 18, 2015]
By: Jeff Gilchrist [http://compression.ca]
Major contributions: Yavor Nikolov [http://javornikolov.wordpress.com]
Uses libbzip2 by Julian Seward

         # CPUs: 10
   Load Average: 2.13
 BWT Block Size: 200 KB
File Block Size: 900 KB
 Maximum Memory: 1024 MB
-------------------------------------------
         File #: 1 of 1
     Input Name: compressme
    Output Name: compressme.bz2

     Input Size: 3895 bytes
Compressing data (no threads)...
Completed: 100%                 Output Size: 918 bytes
-------------------------------------------

     Wall Clock: 0.000795 seconds
Parallel BZIP2 v1.1.13 [Dec 18, 2015]
By: Jeff Gilchrist [http://compression.ca]
Major contributions: Yavor Nikolov [http://javornikolov.wordpress.com]
Uses libbzip2 by Julian Seward

         # CPUs: 10
   Load Average: 2.13
 BWT Block Size: 200 KB
File Block Size: 900 KB
 Maximum Memory: 1024 MB
-------------------------------------------
         File #: 1 of 1
     Input Name: /tmp/portage/sys-apps/gentoo-systemd-integration-8/image/usr/share/doc/gentoo-systemd-integration-8/NEWS
    Output Name: /tmp/portage/sys-apps/gentoo-systemd-integration-8/image/usr/share/doc/gentoo-systemd-integration-8/NEWS.bz2

     Input Size: 712 bytes
Compressing data (no threads)...
Completed: 100%                 Output Size: 461 bytes
-------------------------------------------

     Wall Clock: 0.000690 seconds
./
./lib/
./lib/systemd/
./lib/systemd/system-generators/
./lib/systemd/system-generators/gentoo-local-generator
./lib/systemd/system-preset/
./lib/systemd/system-preset/99-default.preset
./lib/udev/
./lib/udev/rules.d/
./lib/udev/rules.d/40-gentoo.rules
./usr/
./usr/lib/
./usr/lib/systemd/
./usr/lib/systemd/system-environment-generators/
./usr/lib/systemd/system-environment-generators/10-gentoo-path
./usr/lib/sysctl.d/
./usr/lib/sysctl.d/60-gentoo.conf
./usr/lib/tmpfiles.d/
./usr/lib/tmpfiles.d/gentoo-run.conf
./usr/share/
./usr/share/doc/
./usr/share/doc/gentoo-systemd-integration-8/
./usr/share/doc/gentoo-systemd-integration-8/NEWS
./usr/share/doc/gentoo-systemd-integration-8/NEWS.bz2
>>> Done.
 * checking 6 files for package collisions
>>> Merging sys-apps/gentoo-systemd-integration-8 to /
 * removing unneeded *.la files
--- /usr/
--- /usr/lib/
--- /usr/lib/tmpfiles.d/
>>> /usr/lib/tmpfiles.d/gentoo-run.conf
--- /usr/lib/sysctl.d/
>>> /usr/lib/sysctl.d/60-gentoo.conf
--- /usr/lib/systemd/
--- /usr/lib/systemd/system-environment-generators/
>>> /usr/lib/systemd/system-environment-generators/10-gentoo-path
--- /lib/
--- /lib/udev/
--- /lib/udev/rules.d/
>>> /lib/udev/rules.d/40-gentoo.rules
--- /lib/systemd/
--- /lib/systemd/system-preset/
>>> /lib/systemd/system-preset/99-default.preset
--- /lib/systemd/system-generators/
>>> /lib/systemd/system-generators/gentoo-local-generator
>>> Safely unmerging already-installed instance...
>>> Original instance of package unmerged safely.
>>> sys-apps/gentoo-systemd-integration-8 merged.
