>>> Extracting info
[32;01m * [39;49;00mPackage:    sys-apps/miscfiles-1.5-r3
[32;01m * [39;49;00mRepository: gentoo
[32;01m * [39;49;00mUSE:        userland_GNU abi_x86_64 elibc_glibc kernel_linux amd64
[32;01m * [39;49;00mFEATURES:   ccache network-sandbox preserve-libs sandbox userpriv usersandbox
 [32;01m*[0m FEATURES='assume-digests binpkg-docompress binpkg-dostrip binpkg-logs binpkg-multi-instance buildpkg ccache cgroup compress-index config-protect-if-modified distlocks downgrade-backup fixlafiles ipc-sandbox merge-sync multilib-strict network-sandbox news nodoc parallel-fetch parallel-install pid-sandbox preserve-libs qa-unresolved-soname-deps sandbox sfperms strict strict-keepdir unknown-features-warn unmerge-backup unmerge-logs unmerge-orphans userfetch userpriv usersandbox usersync xattr'
 [32;01m*[0m CFLAGS='-march=native -O3 -fgraphite-identity -floop-nest-optimize -fdevirtualize-at-ltrans -fipa-pta -fno-semantic-interposition -flto=12 -fno-signed-zeros -fno-trapping-math -fassociative-math -freciprocal-math -fno-math-errno -ffinite-math-only -fno-rounding-math -fno-signaling-nans -fcx-limited-range -fexcess-precision=fast -fno-plt -fno-common -fuse-linker-plugin -pipe -g0 -fno-stack-protector -fno-stack-clash-protection -fstack-check=no -fno-stack-check -Wl,-O4,--hash-style=gnu,--sort-common,--as-needed,-z,relro,-z,now,-lgomp,-lpthread'
 [32;01m*[0m CXXFLAGS='-march=native -O3 -fgraphite-identity -floop-nest-optimize -fdevirtualize-at-ltrans -fipa-pta -fno-semantic-interposition -flto=12 -fno-signed-zeros -fno-trapping-math -fassociative-math -freciprocal-math -fno-math-errno -ffinite-math-only -fno-rounding-math -fno-signaling-nans -fcx-limited-range -fexcess-precision=fast -fno-plt -fno-common -fuse-linker-plugin -pipe -g0 -fno-stack-protector -fno-stack-clash-protection -fstack-check=no -fno-stack-check -Wl,-O4,--hash-style=gnu,--sort-common,--as-needed,-z,relro,-z,now,-lgomp,-lpthread'
 [32;01m*[0m FFLAGS='-march=native -O3 -fgraphite-identity -floop-nest-optimize -fdevirtualize-at-ltrans -fipa-pta -fno-semantic-interposition -flto=12 -fno-signed-zeros -fno-trapping-math -fassociative-math -freciprocal-math -fno-math-errno -ffinite-math-only -fno-rounding-math -fno-signaling-nans -fcx-limited-range -fexcess-precision=fast -fno-plt -fno-common -fuse-linker-plugin -pipe -g0 -fno-stack-protector -fno-stack-clash-protection -fstack-check=no -fno-stack-check -Wl,-O4,--hash-style=gnu,--sort-common,--as-needed,-z,relro,-z,now,-lgomp,-lpthread'
 [32;01m*[0m FCFLAGS='-march=native -O3 -fgraphite-identity -floop-nest-optimize -fdevirtualize-at-ltrans -fipa-pta -fno-semantic-interposition -flto=12 -fno-signed-zeros -fno-trapping-math -fassociative-math -freciprocal-math -fno-math-errno -ffinite-math-only -fno-rounding-math -fno-signaling-nans -fcx-limited-range -fexcess-precision=fast -fno-plt -fno-common -fuse-linker-plugin -pipe -g0 -fno-stack-protector -fno-stack-clash-protection -fstack-check=no -fno-stack-check -Wl,-O4,--hash-style=gnu,--sort-common,--as-needed,-z,relro,-z,now,-lgomp,-lpthread'
 [32;01m*[0m F77FLAGS='-march=native -O3 -fgraphite-identity -floop-nest-optimize -fdevirtualize-at-ltrans -fipa-pta -fno-semantic-interposition -flto=12 -fno-signed-zeros -fno-trapping-math -fassociative-math -freciprocal-math -fno-math-errno -ffinite-math-only -fno-rounding-math -fno-signaling-nans -fcx-limited-range -fexcess-precision=fast -fno-plt -fno-common -fuse-linker-plugin -pipe -g0 -fno-stack-protector -fno-stack-clash-protection -fstack-check=no -fno-stack-check -Wl,-O4,--hash-style=gnu,--sort-common,--as-needed,-z,relro,-z,now,-lgomp,-lpthread'
 [32;01m*[0m LDFLAGS='-Wl,-O4,--hash-style=gnu,--sort-common,--as-needed,-z,relro,-z,now,-lgomp,-lpthread -march=native -O3 -fgraphite-identity -floop-nest-optimize -fdevirtualize-at-ltrans -fipa-pta -fno-semantic-interposition -flto=12 -fno-signed-zeros -fno-trapping-math -fassociative-math -freciprocal-math -fno-math-errno -ffinite-math-only -fno-rounding-math -fno-signaling-nans -fcx-limited-range -fexcess-precision=fast -fno-plt -fno-common -fuse-linker-plugin -pipe -g0 -fno-stack-protector -fno-stack-clash-protection -fstack-check=no -fno-stack-check'
 [32;01m*[0m MAKEOPTS='-j12'
 [32;01m*[0m gcc (Gentoo 10.1.0 p1) 10.1.0
 [32;01m*[0m g++ (Gentoo 10.1.0 p1) 10.1.0
 [32;01m*[0m GNU ld (Gentoo 9999 p5) 2.34.50.20200520
 [32;01m*[0m Linux ryzen.gnum.org 5.4.36 #1 SMP Thu Apr 30 04:38:28 UTC 2020 x86_64 AMD Ryzen 5 3600 6-Core Processor AuthenticAMD GNU/Linux
[00;01msys-apps/[00;00m[36;01mmiscfiles[00;00m: [32;01m19[00;00m seconds average for [32;01m1[00;00m merge
2020-05-20T00:56:36 >>> [00;01msys-apps/[00;00m[36;01mmiscfiles[00;00m: [32;01m19[00;00m seconds
]0;emerge 05:54:58 95|1170 miscfiles 00:19 (root@ryzen.gnum.org)>>> Extracting sys-apps/miscfiles-1.5-r3
 [32;01m*[39;49;00m checking 28 files for package collisions
>>> Merging sys-apps/miscfiles-1.5-r3 to /
 [32;01m*[0m removing unneeded *.la files
--- /usr/
--- /usr/share/
--- /usr/share/dict/
>>> /usr/share/dict/propernames
>>> /usr/share/dict/connectives
>>> /usr/share/dict/extra.words -> web2a
>>> /usr/share/dict/words -> web2
>>> /usr/share/dict/web2a
>>> /usr/share/dict/web2
--- /usr/share/misc/
>>> /usr/share/misc/top-level.domains
>>> /usr/share/misc/rfc-index.txt
>>> /usr/share/misc/countries
>>> /usr/share/misc/languages
>>> /usr/share/misc/inter.phone
>>> /usr/share/misc/latin1
>>> /usr/share/misc/fyi-index.txt
>>> /usr/share/misc/GNU-manifesto
>>> /usr/share/misc/abbrevs.gen
>>> /usr/share/misc/na.phone
>>> /usr/share/misc/mailinglists
>>> /usr/share/misc/unicode
>>> /usr/share/misc/abbrevs.talk
>>> /usr/share/misc/ascii
>>> /usr/share/misc/airport
>>> /usr/share/misc/cities.dat
>>> /usr/share/misc/std-index.txt
>>> /usr/share/misc/operator
>>> /usr/share/misc/na.postalcodes
>>> /usr/share/misc/currency
>>> /usr/share/misc/bcp-index.txt
>>> /usr/share/misc/birthtoken
>>> Safely unmerging already-installed instance...
No package files given... Grabbing a set.
--- replaced obj /usr/share/misc/unicode
--- replaced obj /usr/share/misc/top-level.domains
--- replaced obj /usr/share/misc/std-index.txt
--- replaced obj /usr/share/misc/rfc-index.txt
--- replaced obj /usr/share/misc/operator
--- replaced obj /usr/share/misc/na.postalcodes
--- replaced obj /usr/share/misc/na.phone
--- replaced obj /usr/share/misc/mailinglists
--- replaced obj /usr/share/misc/latin1
--- replaced obj /usr/share/misc/languages
--- replaced obj /usr/share/misc/inter.phone
--- replaced obj /usr/share/misc/fyi-index.txt
--- replaced obj /usr/share/misc/currency
--- replaced obj /usr/share/misc/countries
--- replaced obj /usr/share/misc/cities.dat
--- replaced obj /usr/share/misc/birthtoken
--- replaced obj /usr/share/misc/bcp-index.txt
--- replaced obj /usr/share/misc/ascii
--- replaced obj /usr/share/misc/airport
--- replaced obj /usr/share/misc/abbrevs.talk
--- replaced obj /usr/share/misc/abbrevs.gen
--- replaced obj /usr/share/misc/GNU-manifesto
--- replaced dir /usr/share/misc
--- replaced sym /usr/share/dict/words
--- replaced obj /usr/share/dict/web2a
--- replaced obj /usr/share/dict/web2
--- replaced obj /usr/share/dict/propernames
--- replaced sym /usr/share/dict/extra.words
--- replaced obj /usr/share/dict/connectives
--- replaced dir /usr/share/dict
--- replaced dir /usr/share
--- replaced dir /usr
>>> Regenerating /etc/ld.so.cache...
>>> Original instance of package unmerged safely.
 [32;01m*[0m Regenerating cracklib dictionary ...
[A[263C [34;01m[ [32;01mok[34;01m ][0m
>>> sys-apps/miscfiles-1.5-r3 merged.
