[32;01m * [39;49;00mPackage:    sys-firmware/nvidia-firmware-340.32
[32;01m * [39;49;00mRepository: gentoo
[32;01m * [39;49;00mMaintainer: idl0r@gentoo.org
[32;01m * [39;49;00mUSE:        abi_x86_64 amd64 elibc_glibc kernel_linux userland_GNU
[32;01m * [39;49;00mFEATURES:   network-sandbox preserve-libs sandbox userpriv usersandbox
 [32;01m*[0m Using python2.7 to build
>>> Unpacking source...
>>> Unpacking NVIDIA-Linux-x86-340.32.run to /tmp/portage/sys-firmware/nvidia-firmware-340.32/work/NVIDIA-Linux-x86-340.32
>>> Source unpacked in /tmp/portage/sys-firmware/nvidia-firmware-340.32/work
>>> Preparing source in /tmp/portage/sys-firmware/nvidia-firmware-340.32/work ...
>>> Source prepared.
>>> Configuring source in /tmp/portage/sys-firmware/nvidia-firmware-340.32/work ...
>>> Source configured.
>>> Compiling source in /tmp/portage/sys-firmware/nvidia-firmware-340.32/work ...
Unknown PGRAPH archive order in this version.
>>> Source compiled.
>>> Test phase [not enabled]: sys-firmware/nvidia-firmware-340.32

>>> Install sys-firmware/nvidia-firmware-340.32 into /tmp/portage/sys-firmware/nvidia-firmware-340.32/image/
>>> Completed installing sys-firmware/nvidia-firmware-340.32 into /tmp/portage/sys-firmware/nvidia-firmware-340.32/image/

 [32;01m*[0m Final size of build directory: 168188 KiB (164.2 MiB)
 [32;01m*[0m Final size of installed tree:    1616 KiB (  1.5 MiB)

