>>> Extracting info
 * Package:    sys-auth/polkit-0.116-r1
 * Repository: pentoo
 * USE:        kernel_linux userland_GNU elibc_glibc amd64 abi_x86_64 pam systemd nls
 * FEATURES:   network-sandbox preserve-libs sandbox userpriv usersandbox
 * FEATURES='ebuild-locks usersync nodoc strict-keepdir cgroup compress-index usersandbox unmerge-orphans fixlafiles parallel-fetch unmerge-logs binpkg-dostrip xattr sandbox assume-digests buildpkg merge-sync network-sandbox qa-unresolved-soname-deps ipc-sandbox distlocks userfetch binpkg-docompress userpriv binpkg-logs unknown-features-warn news pid-sandbox sfperms multilib-strict preserve-libs strict config-protect-if-modified'
 * CFLAGS='-march=znver2 -O2 -pipe -fno-stack-protector -fno-stack-clash-protection -fstack-check=no -fno-stack-check -Wl,-O1 -Wl,--as-needed'
 * CXXFLAGS='-march=znver2 -O2 -pipe -fno-stack-protector -fno-stack-clash-protection -fstack-check=no -fno-stack-check -Wl,-O1 -Wl,--as-needed'
 * FFLAGS='-march=znver2 -O2 -pipe -fno-stack-protector -fno-stack-clash-protection -fstack-check=no -fno-stack-check -Wl,-O1 -Wl,--as-needed'
 * FCFLAGS='-march=znver2 -O2 -pipe -fno-stack-protector -fno-stack-clash-protection -fstack-check=no -fno-stack-check -Wl,-O1 -Wl,--as-needed'
 * F77FLAGS='-march=znver2 -O2 -pipe -fno-stack-protector -fno-stack-clash-protection -fstack-check=no -fno-stack-check -Wl,-O1 -Wl,--as-needed'
 * LDFLAGS='-Wl,-O1 -Wl,--as-needed'
 * MAKEOPTS='-j12 -l12'
 * gcc (Gentoo 10.1.0-r1 p2) 10.1.0
 * g++ (Gentoo 10.1.0-r1 p2) 10.1.0
 * GNU gold (Gentoo 2.34 p4 2.34.0) 1.16
 * Linux rescue 5.4.36 #1 SMP Thu Apr 30 04:38:28 UTC 2020 x86_64 AMD Ryzen 5 3600 6-Core Processor AuthenticAMD GNU/Linux
sys-auth/polkit: 42 seconds average for 16 merges
2020-05-16T00:53:59 >>> sys-auth/polkit: 36 seconds
2020-05-20T02:16:06 >>> sys-auth/polkit: 5 seconds
2020-05-21T15:02:08 >>> sys-auth/polkit: 51 seconds
2020-05-26T04:29:02 >>> sys-auth/polkit: 49 seconds
2020-05-26T14:32:59 >>> sys-auth/polkit: 6 seconds
2020-05-27T02:09:31 >>> sys-auth/polkit: 6 seconds
2020-05-28T06:09:10 >>> sys-auth/polkit: 52 seconds
2020-05-29T06:04:15 >>> sys-auth/polkit: 56 seconds
2020-05-30T01:29:56 >>> sys-auth/polkit: 1 minute, 35 seconds
2020-05-31T01:26:01 >>> sys-auth/polkit: 53 seconds
2020-05-31T14:21:30 >>> sys-auth/polkit: 59 seconds
2020-06-01T00:08:10 >>> sys-auth/polkit: 54 seconds
2020-06-01T10:35:22 >>> sys-auth/polkit: 1 minute, 6 seconds
2020-06-06T01:41:27 >>> sys-auth/polkit: 58 seconds
2020-06-12T02:20:06 >>> sys-auth/polkit: 5 seconds
2020-06-13T21:02:04 >>> sys-auth/polkit: 26 seconds
]0;emerge 14:29:31 540|565 polkit 00:30 (root@rescue)>>> Extracting sys-auth/polkit-0.116-r1
 * checking 63 files for package collisions
>>> Merging sys-auth/polkit-0.116-r1 to /
 * removing unneeded *.la files
 * >>> SetUID: [chmod go-r] /usr/lib/polkit-1/polkit-agent-helper-1 ...
 [ ok ]
 * >>> SetUID: [chmod go-r] /usr/bin/pkexec ...
 [ ok ]
--- /etc/
--- /etc/pam.d/
>>> /etc/pam.d/polkit-1
--- /etc/dbus-1/
--- /etc/dbus-1/system.d/
>>> /etc/dbus-1/system.d/org.freedesktop.PolicyKit1.conf
--- /etc/polkit-1/
--- /etc/polkit-1/rules.d/
>>> /etc/polkit-1/rules.d/50-default.rules
--- /usr/
--- /usr/lib64/
--- /usr/lib64/pkgconfig/
>>> /usr/lib64/pkgconfig/polkit-agent-1.pc
>>> /usr/lib64/pkgconfig/polkit-gobject-1.pc
>>> /usr/lib64/libpolkit-gobject-1.so.0 -> libpolkit-gobject-1.so.0.0.0
>>> /usr/lib64/libpolkit-gobject-1.so.0.0.0
>>> /usr/lib64/libpolkit-agent-1.so.0.0.0
>>> /usr/lib64/libpolkit-gobject-1.so -> libpolkit-gobject-1.so.0.0.0
>>> /usr/lib64/libpolkit-agent-1.so -> libpolkit-agent-1.so.0.0.0
>>> /usr/lib64/libpolkit-agent-1.so.0 -> libpolkit-agent-1.so.0.0.0
--- /usr/share/
--- /usr/share/man/
--- /usr/share/man/man8/
>>> /usr/share/man/man8/polkitd.8
>>> /usr/share/man/man8/polkitd.8.bz2
>>> /usr/share/man/man8/polkit.8.bz2
>>> /usr/share/man/man8/polkit.8
--- /usr/share/man/man1/
>>> /usr/share/man/man1/pkaction.1.bz2
>>> /usr/share/man/man1/pkcheck.1.bz2
>>> /usr/share/man/man1/pkexec.1.bz2
>>> /usr/share/man/man1/pkttyagent.1.bz2
>>> /usr/share/man/man1/pkexec.1
>>> /usr/share/man/man1/pkaction.1
>>> /usr/share/man/man1/pkcheck.1
>>> /usr/share/man/man1/pkttyagent.1
--- /usr/share/dbus-1/
--- /usr/share/dbus-1/system-services/
>>> /usr/share/dbus-1/system-services/org.freedesktop.PolicyKit1.service
--- /usr/share/gettext/
--- /usr/share/gettext/its/
>>> /usr/share/gettext/its/polkit.loc
>>> /usr/share/gettext/its/polkit.its
--- /usr/share/polkit-1/
--- /usr/share/polkit-1/rules.d/
>>> /usr/share/polkit-1/rules.d/.keep_sys-auth_polkit-0
--- /usr/share/polkit-1/actions/
>>> /usr/share/polkit-1/actions/org.freedesktop.policykit.policy
--- /usr/include/
--- /usr/include/polkit-1/
--- /usr/include/polkit-1/polkit/
>>> /usr/include/polkit-1/polkit/polkitpermission.h
>>> /usr/include/polkit-1/polkit/polkitunixprocess.h
>>> /usr/include/polkit-1/polkit/polkitauthorityfeatures.h
>>> /usr/include/polkit-1/polkit/polkitunixsession.h
>>> /usr/include/polkit-1/polkit/polkitidentity.h
>>> /usr/include/polkit-1/polkit/polkitauthority.h
>>> /usr/include/polkit-1/polkit/polkitactiondescription.h
>>> /usr/include/polkit-1/polkit/polkitimplicitauthorization.h
>>> /usr/include/polkit-1/polkit/polkitsystembusname.h
>>> /usr/include/polkit-1/polkit/polkitunixuser.h
>>> /usr/include/polkit-1/polkit/polkitcheckauthorizationflags.h
>>> /usr/include/polkit-1/polkit/polkitenumtypes.h
>>> /usr/include/polkit-1/polkit/polkitunixgroup.h
>>> /usr/include/polkit-1/polkit/polkit.h
>>> /usr/include/polkit-1/polkit/polkitsubject.h
>>> /usr/include/polkit-1/polkit/polkitprivate.h
>>> /usr/include/polkit-1/polkit/polkitunixnetgroup.h
>>> /usr/include/polkit-1/polkit/polkittemporaryauthorization.h
>>> /usr/include/polkit-1/polkit/polkittypes.h
>>> /usr/include/polkit-1/polkit/polkiterror.h
>>> /usr/include/polkit-1/polkit/polkitauthorizationresult.h
>>> /usr/include/polkit-1/polkit/polkitdetails.h
--- /usr/include/polkit-1/polkitagent/
>>> /usr/include/polkit-1/polkitagent/polkitagentsession.h
>>> /usr/include/polkit-1/polkitagent/polkitagenttextlistener.h
>>> /usr/include/polkit-1/polkitagent/polkitagentlistener.h
>>> /usr/include/polkit-1/polkitagent/polkitagenttypes.h
>>> /usr/include/polkit-1/polkitagent/polkitagentenumtypes.h
>>> /usr/include/polkit-1/polkitagent/polkitagent.h
--- /usr/bin/
>>> /usr/bin/pkttyagent
>>> /usr/bin/pkexec
>>> /usr/bin/pkcheck
>>> /usr/bin/pkaction
--- /usr/lib/
--- /usr/lib/polkit-1/
>>> /usr/lib/polkit-1/polkitd
>>> /usr/lib/polkit-1/polkit-agent-helper-1
--- /lib/
--- /lib/systemd/
--- /lib/systemd/system/
>>> /lib/systemd/system/polkit.service
>>> Safely unmerging already-installed instance...
!!! File Not Found: '/etc/env.d/99lcdfilter'
>>> Original instance of package unmerged safely.
>>> sys-auth/polkit-0.116-r1 merged.
!!! File Not Found: '/etc/env.d/99lcdfilter'
>>> Regenerating /etc/ld.so.cache...
