>>> Extracting info
[32;01m * [39;49;00mPackage:    sys-apps/haveged-1.9.8c
[32;01m * [39;49;00mRepository: gentoo
[32;01m * [39;49;00mUSE:        threads userland_GNU abi_x86_64 elibc_glibc kernel_linux amd64
[32;01m * [39;49;00mFEATURES:   ccache network-sandbox preserve-libs sandbox userpriv usersandbox
 [32;01m*[0m FEATURES='assume-digests binpkg-docompress binpkg-dostrip binpkg-logs binpkg-multi-instance buildpkg ccache cgroup compress-index config-protect-if-modified distlocks downgrade-backup fixlafiles ipc-sandbox merge-sync multilib-strict network-sandbox news nodoc parallel-fetch parallel-install pid-sandbox preserve-libs qa-unresolved-soname-deps sandbox sfperms strict strict-keepdir unknown-features-warn unmerge-backup unmerge-logs unmerge-orphans userfetch userpriv usersandbox usersync xattr'
 [32;01m*[0m CFLAGS='-march=native -O3 -fgraphite-identity -floop-nest-optimize -fdevirtualize-at-ltrans -fipa-pta -fno-semantic-interposition -flto=12 -fno-signed-zeros -fno-trapping-math -fassociative-math -freciprocal-math -fno-math-errno -ffinite-math-only -fno-rounding-math -fno-signaling-nans -fcx-limited-range -fexcess-precision=fast -fno-plt -fno-common -fuse-linker-plugin -pipe -g0 -fno-stack-protector -fno-stack-clash-protection -fstack-check=no -fno-stack-check -Wl,-O1 -Wl,--as-needed -Wl,--defsym=__gentoo_check_ldflags__=0 -Wl,--hash-style=gnu -Wl,-z,norelro'
 [32;01m*[0m CXXFLAGS='-march=native -O3 -fgraphite-identity -floop-nest-optimize -fdevirtualize-at-ltrans -fipa-pta -fno-semantic-interposition -flto=12 -fno-signed-zeros -fno-trapping-math -fassociative-math -freciprocal-math -fno-math-errno -ffinite-math-only -fno-rounding-math -fno-signaling-nans -fcx-limited-range -fexcess-precision=fast -fno-plt -fno-common -fuse-linker-plugin -pipe -g0 -fno-stack-protector -fno-stack-clash-protection -fstack-check=no -fno-stack-check -Wl,-O1 -Wl,--as-needed -Wl,--defsym=__gentoo_check_ldflags__=0 -Wl,--hash-style=gnu -Wl,-z,norelro'
 [32;01m*[0m FFLAGS='-march=native -O3 -fgraphite-identity -floop-nest-optimize -fdevirtualize-at-ltrans -fipa-pta -fno-semantic-interposition -flto=12 -fno-signed-zeros -fno-trapping-math -fassociative-math -freciprocal-math -fno-math-errno -ffinite-math-only -fno-rounding-math -fno-signaling-nans -fcx-limited-range -fexcess-precision=fast -fno-plt -fno-common -fuse-linker-plugin -pipe -g0 -fno-stack-protector -fno-stack-clash-protection -fstack-check=no -fno-stack-check -Wl,-O1 -Wl,--as-needed -Wl,--defsym=__gentoo_check_ldflags__=0 -Wl,--hash-style=gnu -Wl,-z,norelro'
 [32;01m*[0m FCFLAGS='-march=native -O3 -fgraphite-identity -floop-nest-optimize -fdevirtualize-at-ltrans -fipa-pta -fno-semantic-interposition -flto=12 -fno-signed-zeros -fno-trapping-math -fassociative-math -freciprocal-math -fno-math-errno -ffinite-math-only -fno-rounding-math -fno-signaling-nans -fcx-limited-range -fexcess-precision=fast -fno-plt -fno-common -fuse-linker-plugin -pipe -g0 -fno-stack-protector -fno-stack-clash-protection -fstack-check=no -fno-stack-check -Wl,-O1 -Wl,--as-needed -Wl,--defsym=__gentoo_check_ldflags__=0 -Wl,--hash-style=gnu -Wl,-z,norelro'
 [32;01m*[0m F77FLAGS='-march=native -O3 -fgraphite-identity -floop-nest-optimize -fdevirtualize-at-ltrans -fipa-pta -fno-semantic-interposition -flto=12 -fno-signed-zeros -fno-trapping-math -fassociative-math -freciprocal-math -fno-math-errno -ffinite-math-only -fno-rounding-math -fno-signaling-nans -fcx-limited-range -fexcess-precision=fast -fno-plt -fno-common -fuse-linker-plugin -pipe -g0 -fno-stack-protector -fno-stack-clash-protection -fstack-check=no -fno-stack-check -Wl,-O1 -Wl,--as-needed -Wl,--defsym=__gentoo_check_ldflags__=0 -Wl,--hash-style=gnu -Wl,-z,norelro'
 [32;01m*[0m LDFLAGS='-Wl,-O1 -Wl,--as-needed -Wl,--defsym=__gentoo_check_ldflags__=0 -Wl,--hash-style=gnu -Wl,-z,norelro -march=native -O3 -fgraphite-identity -floop-nest-optimize -fdevirtualize-at-ltrans -fipa-pta -fno-semantic-interposition -flto=12 -fno-signed-zeros -fno-trapping-math -fassociative-math -freciprocal-math -fno-math-errno -ffinite-math-only -fno-rounding-math -fno-signaling-nans -fcx-limited-range -fexcess-precision=fast -fno-plt -fno-common -fuse-linker-plugin -pipe -g0 -fno-stack-protector -fno-stack-clash-protection -fstack-check=no -fno-stack-check'
 [32;01m*[0m MAKEOPTS='-j12'
 [32;01m*[0m gcc (Gentoo 10.1.0 p1) 10.1.0
 [32;01m*[0m g++ (Gentoo 10.1.0 p1) 10.1.0
 [32;01m*[0m GNU ld (Gentoo 9999 p5) 2.34.50.20200520
 [32;01m*[0m Linux ryzen.gnum.org 5.4.36 #1 SMP Thu Apr 30 04:38:28 UTC 2020 x86_64 AMD Ryzen 5 3600 6-Core Processor AuthenticAMD GNU/Linux
[00;01msys-apps/[00;00m[36;01mhaveged[00;00m: [32;01m18[00;00m seconds average for [32;01m2[00;00m merges
2020-05-16T15:26:52 >>> [00;01msys-apps/[00;00m[36;01mhaveged[00;00m: [32;01m16[00;00m seconds
2020-05-16T21:23:15 >>> [00;01msys-apps/[00;00m[36;01mhaveged[00;00m: [32;01m20[00;00m seconds
]0;emerge 06:30:12 342|1170 haveged 00:18 (root@ryzen.gnum.org)>>> Extracting sys-apps/haveged-1.9.8c
 [32;01m*[39;49;00m checking 12 files for package collisions
>>> Merging sys-apps/haveged-1.9.8c to /
 [32;01m*[0m removing unneeded *.la files
	/usr/lib64/libhavege.la
--- /etc/
--- /etc/conf.d/
>>> /etc/conf.d/haveged
>>> /etc/haveged.conf
--- /etc/init.d/
>>> /etc/init.d/haveged
--- /usr/
--- /usr/lib64/
>>> /usr/lib64/libhavege.so.1 -> libhavege.so.1.1.0
>>> /usr/lib64/libhavege.so.1.1.0
>>> /usr/lib64/libhavege.so -> libhavege.so.1.1.0
--- /usr/share/
--- /usr/share/man/
--- /usr/share/man/man3/
>>> /usr/share/man/man3/libhavege.3.bz2
--- /usr/share/man/man8/
>>> /usr/share/man/man8/haveged.8.bz2
--- /usr/sbin/
>>> /usr/sbin/haveged
--- /usr/include/
--- /usr/include/haveged/
>>> /usr/include/haveged/havege.h
--- /lib/
--- /lib/systemd/
--- /lib/systemd/system/
>>> /lib/systemd/system/haveged.service
>>> Safely unmerging already-installed instance...
No package files given... Grabbing a set.
--- replaced obj /usr/share/man/man8/haveged.8.bz2
--- replaced dir /usr/share/man/man8
--- replaced obj /usr/share/man/man3/libhavege.3.bz2
--- replaced dir /usr/share/man/man3
--- replaced dir /usr/share/man
<<<          obj /usr/share/doc/haveged-1.9.8c/README.bz2
<<<          obj /usr/share/doc/haveged-1.9.8c/NEWS.bz2
<<<          obj /usr/share/doc/haveged-1.9.8c/ChangeLog.bz2
<<<          obj /usr/share/doc/haveged-1.9.8c/AUTHORS
--- replaced dir /usr/share
--- replaced obj /usr/sbin/haveged
--- replaced dir /usr/sbin
--- replaced obj /usr/lib64/libhavege.so.1.1.0
--- replaced sym /usr/lib64/libhavege.so.1
--- replaced sym /usr/lib64/libhavege.so
--- replaced dir /usr/lib64
--- replaced obj /usr/include/haveged/havege.h
--- replaced dir /usr/include/haveged
--- replaced dir /usr/include
--- replaced dir /usr
--- replaced obj /lib/systemd/system/haveged.service
--- replaced dir /lib/systemd/system
--- replaced dir /lib/systemd
--- replaced dir /lib
--- replaced obj /etc/init.d/haveged
--- replaced dir /etc/init.d
--- replaced obj /etc/haveged.conf
--- replaced obj /etc/conf.d/haveged
--- replaced dir /etc/conf.d
--- replaced dir /etc
<<<          dir /usr/share/doc/haveged-1.9.8c
--- !empty   dir /usr/share/doc
>>> Regenerating /etc/ld.so.cache...
>>> Original instance of package unmerged safely.
>>> sys-apps/haveged-1.9.8c merged.
>>> Regenerating /etc/ld.so.cache...
