>>> Extracting info
 * Package:    sys-libs/binutils-libs-2.34
 * Repository: gentoo
 * USE:        amd64 multitarget abi_x86_64 kernel_linux userland_GNU elibc_glibc
 * FEATURES:   ccache network-sandbox preserve-libs sandbox userpriv usersandbox
 * FEATURES='assume-digests binpkg-docompress binpkg-dostrip binpkg-logs binpkg-multi-instance buildpkg ccache cgroup compress-index config-protect-if-modified distlocks downgrade-backup fixlafiles ipc-sandbox merge-sync multilib-strict network-sandbox news nodoc parallel-fetch parallel-install pid-sandbox preserve-libs qa-unresolved-soname-deps sandbox sfperms strict unknown-features-warn unmerge-backup unmerge-logs unmerge-orphans userfetch userpriv usersandbox usersync xattr'
 * CFLAGS='-march=native -O3 -fgraphite-identity -floop-nest-optimize -fdevirtualize-at-ltrans -fipa-pta -fno-semantic-interposition -flto=12 -fno-signed-zeros -fno-trapping-math -fassociative-math -freciprocal-math -fno-math-errno -ffinite-math-only -fno-rounding-math -fno-signaling-nans -fcx-limited-range -fexcess-precision=fast -fno-plt -fno-common -fuse-linker-plugin -pipe -g0 -fno-stack-protector -fno-stack-clash-protection -fstack-check=no -fno-stack-check -Wl,-O4,--hash-style=gnu,--sort-common,--as-needed,-z,relro,-z,now,-lgomp,-lpthread'
 * CXXFLAGS='-march=native -O3 -fgraphite-identity -floop-nest-optimize -fdevirtualize-at-ltrans -fipa-pta -fno-semantic-interposition -flto=12 -fno-signed-zeros -fno-trapping-math -fassociative-math -freciprocal-math -fno-math-errno -ffinite-math-only -fno-rounding-math -fno-signaling-nans -fcx-limited-range -fexcess-precision=fast -fno-plt -fno-common -fuse-linker-plugin -pipe -g0 -fno-stack-protector -fno-stack-clash-protection -fstack-check=no -fno-stack-check -Wl,-O4,--hash-style=gnu,--sort-common,--as-needed,-z,relro,-z,now,-lgomp,-lpthread'
 * FFLAGS='-march=native -O3 -fgraphite-identity -floop-nest-optimize -fdevirtualize-at-ltrans -fipa-pta -fno-semantic-interposition -flto=12 -fno-signed-zeros -fno-trapping-math -fassociative-math -freciprocal-math -fno-math-errno -ffinite-math-only -fno-rounding-math -fno-signaling-nans -fcx-limited-range -fexcess-precision=fast -fno-plt -fno-common -fuse-linker-plugin -pipe -g0 -fno-stack-protector -fno-stack-clash-protection -fstack-check=no -fno-stack-check -Wl,-O4,--hash-style=gnu,--sort-common,--as-needed,-z,relro,-z,now,-lgomp,-lpthread'
 * FCFLAGS='-march=native -O3 -fgraphite-identity -floop-nest-optimize -fdevirtualize-at-ltrans -fipa-pta -fno-semantic-interposition -flto=12 -fno-signed-zeros -fno-trapping-math -fassociative-math -freciprocal-math -fno-math-errno -ffinite-math-only -fno-rounding-math -fno-signaling-nans -fcx-limited-range -fexcess-precision=fast -fno-plt -fno-common -fuse-linker-plugin -pipe -g0 -fno-stack-protector -fno-stack-clash-protection -fstack-check=no -fno-stack-check -Wl,-O4,--hash-style=gnu,--sort-common,--as-needed,-z,relro,-z,now,-lgomp,-lpthread'
 * F77FLAGS='-march=native -O3 -fgraphite-identity -floop-nest-optimize -fdevirtualize-at-ltrans -fipa-pta -fno-semantic-interposition -flto=12 -fno-signed-zeros -fno-trapping-math -fassociative-math -freciprocal-math -fno-math-errno -ffinite-math-only -fno-rounding-math -fno-signaling-nans -fcx-limited-range -fexcess-precision=fast -fno-plt -fno-common -fuse-linker-plugin -pipe -g0 -fno-stack-protector -fno-stack-clash-protection -fstack-check=no -fno-stack-check -Wl,-O4,--hash-style=gnu,--sort-common,--as-needed,-z,relro,-z,now,-lgomp,-lpthread'
 * LDFLAGS='-Wl,-O4,--hash-style=gnu,--sort-common,--as-needed,-z,relro,-z,now,-lgomp,-lpthread -march=native -O3 -fgraphite-identity -floop-nest-optimize -fdevirtualize-at-ltrans -fipa-pta -fno-semantic-interposition -flto=12 -fno-signed-zeros -fno-trapping-math -fassociative-math -freciprocal-math -fno-math-errno -ffinite-math-only -fno-rounding-math -fno-signaling-nans -fcx-limited-range -fexcess-precision=fast -fno-plt -fno-common -fuse-linker-plugin -pipe -g0 -fno-stack-protector -fno-stack-clash-protection -fstack-check=no -fno-stack-check'
 * MAKEOPTS='-j12'
 * gcc (Gentoo 10.1.0 p1) 10.1.0
 * g++ (Gentoo 10.1.0 p1) 10.1.0
 * GNU ld (Gentoo 2.34 p1) 2.34.0
 * Linux ryzen.gnum.org 5.4.36 #1 SMP Thu Apr 30 04:38:28 UTC 2020 x86_64 AMD Ryzen 5 3600 6-Core Processor AuthenticAMD GNU/Linux
sys-libs/binutils-libs: 27 seconds average for 2 merges
2020-05-15T03:35:32 >>> sys-libs/binutils-libs: 48 seconds
2020-05-19T23:38:12 >>> sys-libs/binutils-libs: 6 seconds
]0;emerge 01:04:27 122|738 binutils-libs 00:27 (root@ryzen.gnum.org)>>> Extracting sys-libs/binutils-libs-2.34
 * checking 37 files for package collisions
>>> Merging sys-libs/binutils-libs-2.34 to /
 * removing unneeded *.la files
--- /usr/
--- /usr/lib64/
>>> /usr/lib64/libctf.so.0 -> libctf.so.0.0.0
>>> /usr/lib64/libopcodes.so -> libopcodes-2.34.0.gentoo-sys-libs-binutils-libs-mt-def.so
>>> /usr/lib64/libctf.so -> libctf.so.0.0.0
>>> /usr/lib64/libiberty.a
>>> /usr/lib64/libctf-nobfd.so.0.0.0
>>> /usr/lib64/libctf-nobfd.so -> libctf-nobfd.so.0.0.0
>>> /usr/lib64/libctf.so.0.0.0
>>> /usr/lib64/libopcodes-2.34.0.gentoo-sys-libs-binutils-libs-mt-def.so
>>> /usr/lib64/libbfd-2.34.0.gentoo-sys-libs-binutils-libs-mt-def.so
>>> /usr/lib64/libctf-nobfd.so.0 -> libctf-nobfd.so.0.0.0
>>> /usr/lib64/libbfd.so -> libbfd-2.34.0.gentoo-sys-libs-binutils-libs-mt-def.so
--- /usr/share/
--- /usr/share/info/
>>> /usr/share/info/bfd.info.bz2
--- /usr/include/
>>> /usr/include/bfdlink.h
--- /usr/include/libiberty/
>>> /usr/include/libiberty/fibheap.h
>>> /usr/include/libiberty/libiberty.h
>>> /usr/include/libiberty/timeval-utils.h
>>> /usr/include/libiberty/floatformat.h
>>> /usr/include/libiberty/ansidecl.h
>>> /usr/include/libiberty/objalloc.h
>>> /usr/include/libiberty/demangle.h
>>> /usr/include/libiberty/safe-ctype.h
>>> /usr/include/libiberty/splay-tree.h
>>> /usr/include/libiberty/partition.h
>>> /usr/include/libiberty/hashtab.h
>>> /usr/include/libiberty/dyn-string.h
>>> /usr/include/libiberty/sort.h
>>> /usr/include/bfd_stdint.h
>>> /usr/include/libiberty.h -> libiberty/libiberty.h
>>> /usr/include/symcat.h
>>> /usr/include/bfd.h
>>> /usr/include/plugin-api.h
>>> /usr/include/ansidecl.h
>>> /usr/include/diagnostics.h
>>> /usr/include/dis-asm.h
--- /usr/include/x86_64-pc-linux-gnu/
>>> /usr/include/x86_64-pc-linux-gnu/bfd.h
>>> /usr/include/ctf.h
>>> /usr/include/ctf-api.h
>>> Safely unmerging already-installed instance...
>>> Original instance of package unmerged safely.
>>> sys-libs/binutils-libs-2.34 merged.
>>> Regenerating /etc/ld.so.cache...
