>>> Extracting info
 * Package:    sys-libs/cracklib-2.9.7
 * Repository: gentoo
 * USE:        kernel_linux split-usr userland_GNU python elibc_glibc amd64 abi_x86_64 zlib python_targets_python3_8 nls
 * FEATURES:   network-sandbox preserve-libs sandbox userpriv usersandbox
 * FEATURES='assume-digests binpkg-docompress binpkg-dostrip binpkg-logs buildpkg cgroup compress-index config-protect-if-modified distlocks ebuild-locks fixlafiles ipc-sandbox merge-sync multilib-strict network-sandbox news nodoc parallel-fetch pid-sandbox preserve-libs qa-unresolved-soname-deps sandbox sfperms strict strict-keepdir unknown-features-warn unmerge-logs unmerge-orphans userfetch userpriv usersandbox usersync xattr'
 * CFLAGS='-march=znver2 -O2 -pipe -fno-stack-protector -fno-stack-clash-protection -fstack-check=no -fno-stack-check -Wl,-O1 -Wl,--as-needed'
 * CXXFLAGS='-march=znver2 -O2 -pipe -fno-stack-protector -fno-stack-clash-protection -fstack-check=no -fno-stack-check -Wl,-O1 -Wl,--as-needed'
 * FFLAGS='-march=znver2 -O2 -pipe -fno-stack-protector -fno-stack-clash-protection -fstack-check=no -fno-stack-check -Wl,-O1 -Wl,--as-needed'
 * FCFLAGS='-march=znver2 -O2 -pipe -fno-stack-protector -fno-stack-clash-protection -fstack-check=no -fno-stack-check -Wl,-O1 -Wl,--as-needed'
 * F77FLAGS='-march=znver2 -O2 -pipe -fno-stack-protector -fno-stack-clash-protection -fstack-check=no -fno-stack-check -Wl,-O1 -Wl,--as-needed'
 * LDFLAGS='-Wl,-O1 -Wl,--as-needed'
 * MAKEOPTS='-j12 -l12'
 * gcc (Gentoo 10.1.0-r1 p2) 10.1.0
 * g++ (Gentoo 10.1.0-r1 p2) 10.1.0
 * GNU gold (Gentoo 2.34 p4 2.34.0) 1.16
 * Linux rescue 5.4.36 #1 SMP Thu Apr 30 04:38:28 UTC 2020 x86_64 AMD Ryzen 5 3600 6-Core Processor AuthenticAMD GNU/Linux
sys-libs/cracklib: 14 seconds average for 20 merges
2020-05-15T03:34:59 >>> sys-libs/cracklib: 14 seconds
2020-05-16T16:43:49 >>> sys-libs/cracklib: 17 seconds
2020-05-19T23:59:04 >>> sys-libs/cracklib: 5 seconds
2020-05-20T01:26:00 >>> sys-libs/cracklib: 5 seconds
2020-05-23T20:48:00 >>> sys-libs/cracklib: 22 seconds
2020-05-25T14:57:20 >>> sys-libs/cracklib: 5 seconds
2020-05-26T00:46:30 >>> sys-libs/cracklib: 21 seconds
2020-05-26T14:35:28 >>> sys-libs/cracklib: 6 seconds
2020-05-27T02:12:01 >>> sys-libs/cracklib: 7 seconds
2020-05-28T03:03:21 >>> sys-libs/cracklib: 20 seconds
2020-05-28T14:21:39 >>> sys-libs/cracklib: 7 seconds
2020-05-29T02:28:03 >>> sys-libs/cracklib: 22 seconds
2020-05-30T14:55:32 >>> sys-libs/cracklib: 20 seconds
2020-05-30T21:41:20 >>> sys-libs/cracklib: 6 seconds
2020-05-31T11:35:26 >>> sys-libs/cracklib: 24 seconds
2020-05-31T23:45:37 >>> sys-libs/cracklib: 24 seconds
2020-06-01T05:16:39 >>> sys-libs/cracklib: 25 seconds
2020-06-05T03:42:56 >>> sys-libs/cracklib: 27 seconds
2020-06-12T02:02:24 >>> sys-libs/cracklib: 5 seconds
2020-06-13T20:41:20 >>> sys-libs/cracklib: 5 seconds
]0;emerge 14:18:51 412|565 cracklib 00:12 (root@rescue)>>> Extracting sys-libs/cracklib-2.9.7
 * checking 25 files for package collisions
>>> Merging sys-libs/cracklib-2.9.7 to /
 * removing unneeded *.la files
--- /lib64/
>>> /lib64/libcrack.so.2 -> libcrack.so.2.9.0
>>> /lib64/libcrack.so.2.9.0
--- /usr/
--- /usr/lib64/
>>> /usr/lib64/libcrack.so
--- /usr/share/
--- /usr/share/dict/
>>> /usr/share/dict/cracklib-small
--- /usr/sbin/
>>> /usr/sbin/cracklib-format
>>> /usr/sbin/cracklib-check
>>> /usr/sbin/cracklib-unpacker
>>> /usr/sbin/create-cracklib-dict
>>> /usr/sbin/cracklib-packer
--- /usr/include/
>>> /usr/include/packer.h
>>> /usr/include/crack.h
--- /usr/lib/
--- /usr/lib/python3.8/
--- /usr/lib/python3.8/site-packages/
--- /usr/lib/python3.8/site-packages/__pycache__/
>>> /usr/lib/python3.8/site-packages/__pycache__/test_cracklib.cpython-38.opt-2.pyc
>>> /usr/lib/python3.8/site-packages/__pycache__/test_cracklib.cpython-38.pyc
>>> /usr/lib/python3.8/site-packages/__pycache__/cracklib.cpython-38.opt-1.pyc
>>> /usr/lib/python3.8/site-packages/__pycache__/cracklib.cpython-38.pyc
>>> /usr/lib/python3.8/site-packages/__pycache__/cracklib.cpython-38.opt-2.pyc
>>> /usr/lib/python3.8/site-packages/__pycache__/test_cracklib.cpython-38.opt-1.pyc
>>> /usr/lib/python3.8/site-packages/_cracklib.cpython-38-x86_64-linux-gnu.so
--- /usr/lib/python3.8/site-packages/cracklib-2.9.7-py3.8.egg-info/
>>> /usr/lib/python3.8/site-packages/cracklib-2.9.7-py3.8.egg-info/PKG-INFO
>>> /usr/lib/python3.8/site-packages/cracklib-2.9.7-py3.8.egg-info/dependency_links.txt
>>> /usr/lib/python3.8/site-packages/cracklib-2.9.7-py3.8.egg-info/not-zip-safe
>>> /usr/lib/python3.8/site-packages/cracklib-2.9.7-py3.8.egg-info/SOURCES.txt
>>> /usr/lib/python3.8/site-packages/cracklib-2.9.7-py3.8.egg-info/top_level.txt
>>> /usr/lib/python3.8/site-packages/cracklib.py
>>> /usr/lib/python3.8/site-packages/test_cracklib.py
>>> Safely unmerging already-installed instance...
!!! File Not Found: '/etc/env.d/99lcdfilter'
>>> Original instance of package unmerged safely.
 * Regenerating cracklib dictionary ...
 [ ok ]
>>> sys-libs/cracklib-2.9.7 merged.
!!! File Not Found: '/etc/env.d/99lcdfilter'
>>> Regenerating /etc/ld.so.cache...
