>>> Extracting info
 * Package:    sys-libs/compiler-rt-10.0.0
 * Repository: gentoo
 * USE:        amd64 clang userland_GNU abi_x86_64 elibc_glibc kernel_linux
 * FEATURES:   ccache preserve-libs userpriv
 * FEATURES='userpriv ccache distlocks strict fixlafiles nodoc buildpkg config-protect-if-modified xattr strict-keepdir preserve-libs cgroup compress-index qa-unresolved-soname-deps merge-sync binpkg-dostrip multilib-strict news unmerge-orphans assume-digests parallel-fetch sfperms binpkg-logs unmerge-logs ebuild-locks userfetch unknown-features-warn usersync binpkg-docompress'
 * CFLAGS='-O2 -pipe -Wl,-O1,--sort-common,--as-needed,-z,norelro,-z,now'
 * CXXFLAGS='-O2 -pipe -Wl,-O1,--sort-common,--as-needed,-z,norelro,-z,now'
 * FFLAGS='-O2 -pipe -Wl,-O1,--sort-common,--as-needed,-z,norelro,-z,now'
 * FCFLAGS='-O2 -pipe -Wl,-O1,--sort-common,--as-needed,-z,norelro,-z,now'
 * F77FLAGS='-O2 -pipe -Wl,-O1,--sort-common,--as-needed,-z,norelro,-z,now'
 * LDFLAGS='-Wl,-O1,--sort-common,--as-needed,-z,norelro,-z,now'
 * MAKEOPTS='-j12 -l12'
 * gcc (Gentoo 11.0.0_pre9999 p1, commit 184c21bf1cd04a108ed9bd04635e7d57ac39f616) 11.0.0 20200611 (experimental)
 * g++ (Gentoo 11.0.0_pre9999 p1, commit 184c21bf1cd04a108ed9bd04635e7d57ac39f616) 11.0.0 20200611 (experimental)
 * GNU ld (Gentoo 2.34 p4) 2.34.0
 * Linux rescue 5.4.36 #1 SMP Thu Apr 30 04:38:28 UTC 2020 x86_64 AMD Ryzen 5 3600 6-Core Processor AuthenticAMD GNU/Linux
sys-libs/compiler-rt: 24 seconds average for 4 merges
2020-05-16T00:55:41 >>> sys-libs/compiler-rt: 19 seconds
2020-05-20T07:34:57 >>> sys-libs/compiler-rt: 5 seconds
2020-06-03T12:11:47 >>> sys-libs/compiler-rt: 43 seconds
2020-06-12T12:04:18 >>> sys-libs/compiler-rt: 32 seconds
]0;emerge 20:14:55 262|882 compiler-rt 00:27 (root@rescue)>>> Extracting sys-libs/compiler-rt-10.0.0
 * checking 6 files for package collisions
>>> Merging sys-libs/compiler-rt-10.0.0 to /
 * removing unneeded *.la files
--- /usr/
--- /usr/lib/
--- /usr/lib/clang/
--- /usr/lib/clang/10.0.0/
--- /usr/lib/clang/10.0.0/lib/
--- /usr/lib/clang/10.0.0/lib/linux/
>>> /usr/lib/clang/10.0.0/lib/linux/libclang_rt.builtins-x86_64.a
>>> /usr/lib/clang/10.0.0/lib/linux/libclang_rt.builtins-i386.a
>>> /usr/lib/clang/10.0.0/lib/linux/clang_rt.crtbegin-i386.o
>>> /usr/lib/clang/10.0.0/lib/linux/clang_rt.crtend-i386.o
>>> /usr/lib/clang/10.0.0/lib/linux/clang_rt.crtend-x86_64.o
>>> /usr/lib/clang/10.0.0/lib/linux/clang_rt.crtbegin-x86_64.o
>>> Safely unmerging already-installed instance...
>>> Original instance of package unmerged safely.
>>> sys-libs/compiler-rt-10.0.0 merged.
