>>> Extracting info
 * Package:    sys-libs/db-6.0.35-r2
 * Repository: gentoo
 * USE:        amd64 userland_GNU cxx abi_x86_64 tcl elibc_glibc kernel_linux
 * FEATURES:   ccache preserve-libs userpriv
 * FEATURES='userpriv ccache distlocks strict fixlafiles nodoc buildpkg config-protect-if-modified xattr strict-keepdir preserve-libs cgroup compress-index qa-unresolved-soname-deps merge-sync binpkg-dostrip multilib-strict news unmerge-orphans assume-digests parallel-fetch sfperms binpkg-logs unmerge-logs ebuild-locks userfetch unknown-features-warn usersync binpkg-docompress'
 * CFLAGS='-march=znver2 -O2 -pipe -g0 -fno-semantic-interposition -fno-plt -falign-functions=32 -fno-stack-protector -fno-stack-clash-protection -fstack-check=no -fno-stack-check -Wl,-O4 -Wl,-O4,--sort-common,--as-needed,-z,norelro,-z,now,-lgomp,-lpthread -Wl,--default-symver'
 * CXXFLAGS='-march=znver2 -O2 -pipe -g0 -fno-semantic-interposition -fno-plt -falign-functions=32 -fno-stack-protector -fno-stack-clash-protection -fstack-check=no -fno-stack-check -Wl,-O4 -Wl,-O4,--sort-common,--as-needed,-z,norelro,-z,now,-lgomp,-lpthread -Wl,--default-symver'
 * FFLAGS='-march=znver2 -O2 -pipe -g0 -fno-semantic-interposition -fno-plt -falign-functions=32 -fno-stack-protector -fno-stack-clash-protection -fstack-check=no -fno-stack-check -Wl,-O4 -Wl,-O4,--sort-common,--as-needed,-z,norelro,-z,now,-lgomp,-lpthread -Wl,--default-symver'
 * FCFLAGS='-march=znver2 -O2 -pipe -g0 -fno-semantic-interposition -fno-plt -falign-functions=32 -fno-stack-protector -fno-stack-clash-protection -fstack-check=no -fno-stack-check -Wl,-O4 -Wl,-O4,--sort-common,--as-needed,-z,norelro,-z,now,-lgomp,-lpthread -Wl,--default-symver'
 * F77FLAGS='-march=znver2 -O2 -pipe -g0 -fno-semantic-interposition -fno-plt -falign-functions=32 -fno-stack-protector -fno-stack-clash-protection -fstack-check=no -fno-stack-check -Wl,-O4 -Wl,-O4,--sort-common,--as-needed,-z,norelro,-z,now,-lgomp,-lpthread -Wl,--default-symver'
 * LDFLAGS='-march=znver2 -O2 -pipe -g0 -fno-semantic-interposition -fno-plt -falign-functions=32 -fno-stack-protector -fno-stack-clash-protection -fstack-check=no -fno-stack-check -Wl,-O4,--sort-common,--as-needed,-z,norelro,-z,now,-lgomp,-lpthread -Wl,--default-symver'
 * MAKEOPTS='-j12 -l12'
 * gcc (Gentoo 11.0.0_pre9999 p1, commit 184c21bf1cd04a108ed9bd04635e7d57ac39f616) 11.0.0 20200611 (experimental)
 * g++ (Gentoo 11.0.0_pre9999 p1, commit 184c21bf1cd04a108ed9bd04635e7d57ac39f616) 11.0.0 20200611 (experimental)
 * GNU ld (Gentoo 2.34 p4) 2.34.0
 * Linux rescue 5.4.36 #1 SMP Thu Apr 30 04:38:28 UTC 2020 x86_64 AMD Ryzen 5 3600 6-Core Processor AuthenticAMD GNU/Linux
sys-libs/db: 8 minutes, 39 seconds average for 41 merges
2020-05-15T04:19:53 >>> sys-libs/db: 2 hours, 41 minutes, 39 seconds
2020-05-15T07:47:52 >>> sys-libs/db: 2 hours, 35 minutes, 15 seconds
2020-05-15T12:41:36 >>> sys-libs/db: 43 seconds
2020-05-15T12:46:30 >>> sys-libs/db: 44 seconds
2020-05-16T16:03:45 >>> sys-libs/db: 52 seconds
2020-05-16T16:08:14 >>> sys-libs/db: 51 seconds
2020-05-19T23:39:02 >>> sys-libs/db: 5 seconds
2020-05-19T23:39:07 >>> sys-libs/db: 5 seconds
2020-05-20T01:06:39 >>> sys-libs/db: 5 seconds
2020-05-20T01:10:00 >>> sys-libs/db: 6 seconds
2020-05-21T13:05:49 >>> sys-libs/db: 1 minute, 33 seconds
2020-05-21T13:20:06 >>> sys-libs/db: 1 minute, 31 seconds
2020-05-23T13:57:00 >>> sys-libs/db: 1 minute, 36 seconds
2020-05-23T23:12:07 >>> sys-libs/db: 7 seconds
2020-05-23T23:12:14 >>> sys-libs/db: 6 seconds
2020-05-25T17:29:16 >>> sys-libs/db: 1 minute, 20 seconds
2020-05-25T17:30:36 >>> sys-libs/db: 1 minute, 17 seconds
2020-05-25T22:29:50 >>> sys-libs/db: 1 minute, 14 seconds
2020-05-25T22:37:49 >>> sys-libs/db: 1 minute, 12 seconds
2020-05-26T13:59:02 >>> sys-libs/db: 9 seconds
2020-05-26T14:04:05 >>> sys-libs/db: 9 seconds
2020-05-27T01:38:34 >>> sys-libs/db: 10 seconds
2020-05-27T01:45:17 >>> sys-libs/db: 9 seconds
2020-05-27T03:51:33 >>> sys-libs/db: 1 minute, 14 seconds
2020-05-28T07:29:02 >>> sys-libs/db: 1 minute, 26 seconds
2020-05-28T07:30:28 >>> sys-libs/db: 1 minute, 24 seconds
2020-05-29T02:31:35 >>> sys-libs/db: 1 minute, 27 seconds
2020-05-29T03:16:28 >>> sys-libs/db: 1 minute, 36 seconds
2020-05-29T13:22:10 >>> sys-libs/db: 1 minute, 23 seconds
2020-05-29T13:23:33 >>> sys-libs/db: 1 minute, 25 seconds
2020-05-30T14:48:04 >>> sys-libs/db: 1 minute, 21 seconds
2020-05-30T21:43:12 >>> sys-libs/db: 10 seconds
2020-05-30T23:38:40 >>> sys-libs/db: 2 minutes, 39 seconds
2020-06-01T04:27:51 >>> sys-libs/db: 1 minute, 23 seconds
2020-06-01T04:31:07 >>> sys-libs/db: 1 minute, 20 seconds
2020-06-06T00:30:35 >>> sys-libs/db: 1 minute, 43 seconds
2020-06-06T01:01:43 >>> sys-libs/db: 1 minute, 40 seconds
2020-06-06T16:22:41 >>> sys-libs/db: 1 minute, 51 seconds
2020-06-06T16:24:32 >>> sys-libs/db: 1 minute, 48 seconds
2020-06-12T01:30:48 >>> sys-libs/db: 6 seconds
2020-06-12T01:34:21 >>> sys-libs/db: 6 seconds
]0;emerge 20:08:54 189|882 db 00:40 (root@rescue)>>> Extracting sys-libs/db-6.0.35-r2
 * checking 40 files for package collisions
>>> Merging sys-libs/db-6.0.35-r2 to /
 * removing unneeded *.la files
--- /usr/
--- /usr/lib64/
>>> /usr/lib64/libdb_tcl-6.0.a
>>> /usr/lib64/libdb_cxx-6.0.so
>>> /usr/lib64/libdb_stl-6.0.a
>>> /usr/lib64/libdb_tcl-6.0.so
>>> /usr/lib64/libdb-6.0.so
>>> /usr/lib64/libdb_cxx-6.0.a
>>> /usr/lib64/libdb_tcl-6.0.la
>>> /usr/lib64/libdb-6.0.a
>>> /usr/lib64/libdb_stl-6.0.so
--- /usr/include/
--- /usr/include/db6.0/
>>> /usr/include/db6.0/dbstl_set.h
>>> /usr/include/db6.0/dbstl_utility.h
>>> /usr/include/db6.0/db_185.h
>>> /usr/include/db6.0/dbstl_common.h
>>> /usr/include/db6.0/dbstl_element_ref.h
>>> /usr/include/db6.0/dbstl_exception.h
>>> /usr/include/db6.0/dbstl_dbc.h
>>> /usr/include/db6.0/db_cxx.h
>>> /usr/include/db6.0/dbstl_container.h
>>> /usr/include/db6.0/dbstl_map.h
>>> /usr/include/db6.0/db.h
>>> /usr/include/db6.0/dbstl_dbt.h
>>> /usr/include/db6.0/dbstl_vector.h
>>> /usr/include/db6.0/dbstl_base_iterator.h
>>> /usr/include/db6.0/dbstl_inner_utility.h
>>> /usr/include/db6.0/dbstl_resource_manager.h
--- /usr/include/x86_64-pc-linux-gnu/
--- /usr/include/x86_64-pc-linux-gnu/db6.0/
>>> /usr/include/x86_64-pc-linux-gnu/db6.0/db.h
--- /usr/bin/
>>> /usr/bin/db6.0_recover
>>> /usr/bin/db6.0_deadlock
>>> /usr/bin/db6.0_verify
>>> /usr/bin/db6.0_replicate
>>> /usr/bin/db6.0_log_verify
>>> /usr/bin/db6.0_stat
>>> /usr/bin/db6.0_hotbackup
>>> /usr/bin/db6.0_upgrade
>>> /usr/bin/db6.0_load
>>> /usr/bin/db6.0_dump
>>> /usr/bin/db6.0_tuner
>>> /usr/bin/db6.0_printlog
>>> /usr/bin/db6.0_checkpoint
>>> /usr/bin/db6.0_archive
>>> Safely unmerging already-installed instance...
>>> Original instance of package unmerged safely.
 * abi_x86_64.amd64: running db_fix_so
 * Creating db.h symlinks to db6.0
>>> sys-libs/db-6.0.35-r2 merged.
>>> Regenerating /etc/ld.so.cache...
