 * Package:    sys-libs/cracklib-2.9.7
 * Repository: gentoo
 * Maintainer: base-system@gentoo.org
 * USE:        abi_x86_64 amd64 elibc_glibc kernel_linux nls python python_targets_python3_8 split-usr userland_GNU zlib
 * FEATURES:   network-sandbox preserve-libs sandbox userpriv usersandbox
 * FEATURES='assume-digests binpkg-docompress binpkg-dostrip binpkg-logs buildpkg cgroup compress-index config-protect-if-modified distlocks ebuild-locks fixlafiles ipc-sandbox merge-sync multilib-strict network-sandbox news nodoc parallel-fetch pid-sandbox preserve-libs qa-unresolved-soname-deps sandbox sfperms strict strict-keepdir unknown-features-warn unmerge-logs unmerge-orphans userfetch userpriv usersandbox usersync xattr'
 * CFLAGS='-march=znver2 -O2 -pipe -fno-stack-protector -fno-stack-clash-protection -fstack-check=no -fno-stack-check -Wl,-O1 -Wl,--as-needed'
 * CXXFLAGS='-march=znver2 -O2 -pipe -fno-stack-protector -fno-stack-clash-protection -fstack-check=no -fno-stack-check -Wl,-O1 -Wl,--as-needed'
 * FFLAGS='-march=znver2 -O2 -pipe -fno-stack-protector -fno-stack-clash-protection -fstack-check=no -fno-stack-check -Wl,-O1 -Wl,--as-needed'
 * FCFLAGS='-march=znver2 -O2 -pipe -fno-stack-protector -fno-stack-clash-protection -fstack-check=no -fno-stack-check -Wl,-O1 -Wl,--as-needed'
 * F77FLAGS='-march=znver2 -O2 -pipe -fno-stack-protector -fno-stack-clash-protection -fstack-check=no -fno-stack-check -Wl,-O1 -Wl,--as-needed'
 * LDFLAGS='-Wl,-O1 -Wl,--as-needed'
 * MAKEOPTS='-j12 -l12'
 * gcc (Gentoo 10.1.0-r1 p2) 10.1.0
 * g++ (Gentoo 10.1.0-r1 p2) 10.1.0
 * GNU gold (Gentoo 2.34 p4 2.34.0) 1.16
 * Linux rescue 5.4.36 #1 SMP Thu Apr 30 04:38:28 UTC 2020 x86_64 AMD Ryzen 5 3600 6-Core Processor AuthenticAMD GNU/Linux
sys-libs/cracklib: 13 seconds average for 21 merges
2020-05-15T03:34:59 >>> sys-libs/cracklib: 14 seconds
2020-05-16T16:43:49 >>> sys-libs/cracklib: 17 seconds
2020-05-19T23:59:04 >>> sys-libs/cracklib: 5 seconds
2020-05-20T01:26:00 >>> sys-libs/cracklib: 5 seconds
2020-05-23T20:48:00 >>> sys-libs/cracklib: 22 seconds
2020-05-25T14:57:20 >>> sys-libs/cracklib: 5 seconds
2020-05-26T00:46:30 >>> sys-libs/cracklib: 21 seconds
2020-05-26T14:35:28 >>> sys-libs/cracklib: 6 seconds
2020-05-27T02:12:01 >>> sys-libs/cracklib: 7 seconds
2020-05-28T03:03:21 >>> sys-libs/cracklib: 20 seconds
2020-05-28T14:21:39 >>> sys-libs/cracklib: 7 seconds
2020-05-29T02:28:03 >>> sys-libs/cracklib: 22 seconds
2020-05-30T14:55:32 >>> sys-libs/cracklib: 20 seconds
2020-05-30T21:41:20 >>> sys-libs/cracklib: 6 seconds
2020-05-31T11:35:26 >>> sys-libs/cracklib: 24 seconds
2020-05-31T23:45:37 >>> sys-libs/cracklib: 24 seconds
2020-06-01T05:16:39 >>> sys-libs/cracklib: 25 seconds
2020-06-05T03:42:56 >>> sys-libs/cracklib: 27 seconds
2020-06-12T02:02:24 >>> sys-libs/cracklib: 5 seconds
2020-06-13T20:41:20 >>> sys-libs/cracklib: 5 seconds
2020-06-15T14:18:50 >>> sys-libs/cracklib: 5 seconds
]0;emerge 16:14:23 524|895 cracklib 00:05 (root@rescue)>>> Unpacking source...
>>> Unpacking cracklib-2.9.7.tar.bz2 to /tmp/portage/sys-libs/cracklib-2.9.7/work
>>> Source unpacked in /tmp/portage/sys-libs/cracklib-2.9.7/work
>>> Preparing source in /tmp/portage/sys-libs/cracklib-2.9.7/work/cracklib-2.9.7 ...
 * Running elibtoolize in: cracklib-2.9.7/
 *   Applying portage/1.2.0 patch ...
 *   Applying sed/1.5.6 patch ...
 *   Applying as-needed/2.4.3 patch ...
 *   Applying ppc64le/2.4.4 patch ...
>>> Source prepared.
>>> Configuring source in /tmp/portage/sys-libs/cracklib-2.9.7/work/cracklib-2.9.7 ...
 * abi_x86_64.amd64: running multilib-minimal_abi_src_configure
 * econf: updating cracklib-2.9.7/config.guess with /usr/share/gnuconfig/config.guess
 * econf: updating cracklib-2.9.7/config.sub with /usr/share/gnuconfig/config.sub
/tmp/portage/sys-libs/cracklib-2.9.7/work/cracklib-2.9.7/configure --prefix=/usr --build=x86_64-pc-linux-gnu --host=x86_64-pc-linux-gnu --mandir=/usr/share/man --infodir=/usr/share/info --datadir=/usr/share --sysconfdir=/etc --localstatedir=/var/lib --disable-dependency-tracking --disable-silent-rules --docdir=/usr/share/doc/cracklib-2.9.7 --htmldir=/usr/share/doc/cracklib-2.9.7/html --libdir=/usr/lib64 --with-default-dict=/usr/lib/cracklib_dict --without-python --enable-nls --disable-static
checking for a BSD-compatible install... /tmp/portage/._portage_reinstall_.lpy24s1t/bin/ebuild-helpers/xattr/install -c
checking whether build environment is sane... yes
checking for a thread-safe mkdir -p... /bin/mkdir -p
checking for gawk... gawk
checking whether make sets $(MAKE)... yes
checking whether make supports nested variables... yes
checking build system type... x86_64-pc-linux-gnu
checking host system type... x86_64-pc-linux-gnu
checking how to print strings... printf
checking for style of include used by make... GNU
checking for x86_64-pc-linux-gnu-gcc... x86_64-pc-linux-gnu-gcc
checking whether the C compiler works... yes
checking for C compiler default output file name... a.out
checking for suffix of executables... 
checking whether we are cross compiling... no
checking for suffix of object files... o
checking whether we are using the GNU C compiler... yes
checking whether x86_64-pc-linux-gnu-gcc accepts -g... yes
checking for x86_64-pc-linux-gnu-gcc option to accept ISO C89... none needed
checking whether x86_64-pc-linux-gnu-gcc understands -c and -o together... yes
checking dependency style of x86_64-pc-linux-gnu-gcc... none
checking for a sed that does not truncate output... /bin/sed
checking for grep that handles long lines and -e... /bin/grep
checking for egrep... /bin/grep -E
checking for fgrep... /bin/grep -F
checking for ld used by x86_64-pc-linux-gnu-gcc... /usr/x86_64-pc-linux-gnu/bin/ld
checking if the linker (/usr/x86_64-pc-linux-gnu/bin/ld) is GNU ld... yes
checking for BSD- or MS-compatible name lister (nm)... /usr/bin/x86_64-pc-linux-gnu-nm -B
checking the name lister (/usr/bin/x86_64-pc-linux-gnu-nm -B) interface... BSD nm
checking whether ln -s works... yes
checking the maximum length of command line arguments... 1572864
checking how to convert x86_64-pc-linux-gnu file names to x86_64-pc-linux-gnu format... func_convert_file_noop
checking how to convert x86_64-pc-linux-gnu file names to toolchain format... func_convert_file_noop
checking for /usr/x86_64-pc-linux-gnu/bin/ld option to reload object files... -r
checking for x86_64-pc-linux-gnu-objdump... x86_64-pc-linux-gnu-objdump
checking how to recognize dependent libraries... pass_all
checking for x86_64-pc-linux-gnu-dlltool... x86_64-pc-linux-gnu-dlltool
checking how to associate runtime and link libraries... printf %s\n
checking for x86_64-pc-linux-gnu-ar... x86_64-pc-linux-gnu-ar
checking for archiver @FILE support... @
checking for x86_64-pc-linux-gnu-strip... x86_64-pc-linux-gnu-strip
checking for x86_64-pc-linux-gnu-ranlib... x86_64-pc-linux-gnu-ranlib
checking command to parse /usr/bin/x86_64-pc-linux-gnu-nm -B output from x86_64-pc-linux-gnu-gcc object... ok
checking for sysroot... no
checking for a working dd... /bin/dd
checking how to truncate binary pipes... /bin/dd bs=4096 count=1
checking for x86_64-pc-linux-gnu-mt... no
checking for mt... no
checking if : is a manifest tool... no
checking how to run the C preprocessor... x86_64-pc-linux-gnu-gcc -E
checking for ANSI C header files... yes
checking for sys/types.h... yes
checking for sys/stat.h... yes
checking for stdlib.h... yes
checking for string.h... yes
checking for memory.h... yes
checking for strings.h... yes
checking for inttypes.h... yes
checking for stdint.h... yes
checking for unistd.h... yes
checking for dlfcn.h... yes
checking for objdir... .libs
checking if x86_64-pc-linux-gnu-gcc supports -fno-rtti -fno-exceptions... no
checking for x86_64-pc-linux-gnu-gcc option to produce PIC... -fPIC -DPIC
checking if x86_64-pc-linux-gnu-gcc PIC flag -fPIC -DPIC works... yes
checking if x86_64-pc-linux-gnu-gcc static flag -static works... yes
checking if x86_64-pc-linux-gnu-gcc supports -c -o file.o... yes
checking if x86_64-pc-linux-gnu-gcc supports -c -o file.o... (cached) yes
checking whether the x86_64-pc-linux-gnu-gcc linker (/usr/x86_64-pc-linux-gnu/bin/ld -m elf_x86_64) supports shared libraries... yes
checking whether -lc should be explicitly linked in... no
checking dynamic linker characteristics... GNU/Linux ld.so
checking how to hardcode library paths into programs... immediate
checking whether stripping libraries is possible... yes
checking if libtool supports shared libraries... yes
checking whether to build shared libraries... yes
checking whether to build static libraries... no
checking for x86_64-pc-linux-gnu-gcc... (cached) x86_64-pc-linux-gnu-gcc
checking whether we are using the GNU C compiler... (cached) yes
checking whether x86_64-pc-linux-gnu-gcc accepts -g... (cached) yes
checking for x86_64-pc-linux-gnu-gcc option to accept ISO C89... (cached) none needed
checking whether x86_64-pc-linux-gnu-gcc understands -c and -o together... (cached) yes
checking dependency style of x86_64-pc-linux-gnu-gcc... (cached) none
checking how to run the C preprocessor... x86_64-pc-linux-gnu-gcc -E
checking whether ln -s works... yes
checking whether make sets $(MAKE)... (cached) yes
checking for unistd.h... (cached) yes
checking fcntl.h usability... yes
checking fcntl.h presence... yes
checking for fcntl.h... yes
checking for inttypes.h... (cached) yes
checking for stdint.h... (cached) yes
checking pthread.h usability... yes
checking pthread.h presence... yes
checking for pthread.h... yes
checking for zlib.h... (cached) yes
checking for library containing gzopen... (cached) -lz
checking if LINE_MAX is defined... yes
checking for an ANSI C-conforming const... yes
checking for strdup... yes
checking for getpwuid_r... yes
checking whether NLS is requested... yes
checking for msgfmt... /usr/bin/msgfmt
checking for gmsgfmt... /usr/bin/gmsgfmt
checking for xgettext... /usr/bin/xgettext
checking for msgmerge... /usr/bin/msgmerge
checking for ld used by GCC... /usr/x86_64-pc-linux-gnu/bin/ld -m elf_x86_64
checking if the linker (/usr/x86_64-pc-linux-gnu/bin/ld -m elf_x86_64) is GNU ld... yes
checking for shared library run path origin... done
checking for CFPreferencesCopyAppValue... no
checking for CFLocaleCopyCurrent... no
checking for GNU gettext in libc... yes
checking whether to use NLS... yes
checking where the gettext function comes from... libc
checking default dict filename... /usr/lib/cracklib_dict
checking that generated files are newer than configure... done
configure: creating ./config.status
config.status: creating util/Makefile
config.status: creating lib/Makefile
config.status: creating doc/Makefile
config.status: creating python/Makefile
config.status: creating Makefile
config.status: creating python/setup.py
config.status: creating po/Makefile.in
config.status: creating m4/Makefile
config.status: creating dicts/Makefile
config.status: creating cracklib.spec
config.status: creating config.h
config.status: executing depfiles commands
config.status: executing libtool commands
config.status: executing po-directories commands
config.status: creating po/POTFILES
config.status: creating po/Makefile
>>> Source configured.
>>> Compiling source in /tmp/portage/sys-libs/cracklib-2.9.7/work/cracklib-2.9.7 ...
 * abi_x86_64.amd64: running multilib-minimal_abi_src_compile
make -j12 -l12 
make  all-recursive
make[1]: Entering directory '/tmp/portage/sys-libs/cracklib-2.9.7/work/cracklib-2.9.7-abi_x86_64.amd64'
Making all in m4
make[2]: Entering directory '/tmp/portage/sys-libs/cracklib-2.9.7/work/cracklib-2.9.7-abi_x86_64.amd64/m4'
make[2]: Nothing to be done for 'all'.
make[2]: Leaving directory '/tmp/portage/sys-libs/cracklib-2.9.7/work/cracklib-2.9.7-abi_x86_64.amd64/m4'
Making all in lib
make[2]: Entering directory '/tmp/portage/sys-libs/cracklib-2.9.7/work/cracklib-2.9.7-abi_x86_64.amd64/lib'
/bin/sh ../libtool  --tag=CC   --mode=compile x86_64-pc-linux-gnu-gcc -DHAVE_CONFIG_H -I. -I/tmp/portage/sys-libs/cracklib-2.9.7/work/cracklib-2.9.7/lib -I..  -I. -I.. -I/tmp/portage/sys-libs/cracklib-2.9.7/work/cracklib-2.9.7/lib -DIN_CRACKLIB '-DDEFAULT_CRACKLIB_DICT="/usr/lib/cracklib_dict"' -Wall   -march=znver2 -O2 -pipe -fno-stack-protector -fno-stack-clash-protection -fstack-check=no -fno-stack-check -Wl,-O1 -Wl,--as-needed -c -o fascist.lo /tmp/portage/sys-libs/cracklib-2.9.7/work/cracklib-2.9.7/lib/fascist.c
/bin/sh ../libtool  --tag=CC   --mode=compile x86_64-pc-linux-gnu-gcc -DHAVE_CONFIG_H -I. -I/tmp/portage/sys-libs/cracklib-2.9.7/work/cracklib-2.9.7/lib -I..  -I. -I.. -I/tmp/portage/sys-libs/cracklib-2.9.7/work/cracklib-2.9.7/lib -DIN_CRACKLIB '-DDEFAULT_CRACKLIB_DICT="/usr/lib/cracklib_dict"' -Wall   -march=znver2 -O2 -pipe -fno-stack-protector -fno-stack-clash-protection -fstack-check=no -fno-stack-check -Wl,-O1 -Wl,--as-needed -c -o packlib.lo /tmp/portage/sys-libs/cracklib-2.9.7/work/cracklib-2.9.7/lib/packlib.c
/bin/sh ../libtool  --tag=CC   --mode=compile x86_64-pc-linux-gnu-gcc -DHAVE_CONFIG_H -I. -I/tmp/portage/sys-libs/cracklib-2.9.7/work/cracklib-2.9.7/lib -I..  -I. -I.. -I/tmp/portage/sys-libs/cracklib-2.9.7/work/cracklib-2.9.7/lib -DIN_CRACKLIB '-DDEFAULT_CRACKLIB_DICT="/usr/lib/cracklib_dict"' -Wall   -march=znver2 -O2 -pipe -fno-stack-protector -fno-stack-clash-protection -fstack-check=no -fno-stack-check -Wl,-O1 -Wl,--as-needed -c -o rules.lo /tmp/portage/sys-libs/cracklib-2.9.7/work/cracklib-2.9.7/lib/rules.c
/bin/sh ../libtool  --tag=CC   --mode=compile x86_64-pc-linux-gnu-gcc -DHAVE_CONFIG_H -I. -I/tmp/portage/sys-libs/cracklib-2.9.7/work/cracklib-2.9.7/lib -I..  -I. -I.. -I/tmp/portage/sys-libs/cracklib-2.9.7/work/cracklib-2.9.7/lib -DIN_CRACKLIB '-DDEFAULT_CRACKLIB_DICT="/usr/lib/cracklib_dict"' -Wall   -march=znver2 -O2 -pipe -fno-stack-protector -fno-stack-clash-protection -fstack-check=no -fno-stack-check -Wl,-O1 -Wl,--as-needed -c -o stringlib.lo /tmp/portage/sys-libs/cracklib-2.9.7/work/cracklib-2.9.7/lib/stringlib.c
libtool: compile:  x86_64-pc-linux-gnu-gcc -DHAVE_CONFIG_H -I. -I/tmp/portage/sys-libs/cracklib-2.9.7/work/cracklib-2.9.7/lib -I.. -I. -I.. -I/tmp/portage/sys-libs/cracklib-2.9.7/work/cracklib-2.9.7/lib -DIN_CRACKLIB -DDEFAULT_CRACKLIB_DICT=\"/usr/lib/cracklib_dict\" -Wall -march=znver2 -O2 -pipe -fno-stack-protector -fno-stack-clash-protection -fstack-check=no -fno-stack-check -Wl,-O1 -Wl,--as-needed -c /tmp/portage/sys-libs/cracklib-2.9.7/work/cracklib-2.9.7/lib/packlib.c  -fPIC -DPIC -o .libs/packlib.o
libtool: compile:  x86_64-pc-linux-gnu-gcc -DHAVE_CONFIG_H -I. -I/tmp/portage/sys-libs/cracklib-2.9.7/work/cracklib-2.9.7/lib -I.. -I. -I.. -I/tmp/portage/sys-libs/cracklib-2.9.7/work/cracklib-2.9.7/lib -DIN_CRACKLIB -DDEFAULT_CRACKLIB_DICT=\"/usr/lib/cracklib_dict\" -Wall -march=znver2 -O2 -pipe -fno-stack-protector -fno-stack-clash-protection -fstack-check=no -fno-stack-check -Wl,-O1 -Wl,--as-needed -c /tmp/portage/sys-libs/cracklib-2.9.7/work/cracklib-2.9.7/lib/rules.c  -fPIC -DPIC -o .libs/rules.o
libtool: compile:  x86_64-pc-linux-gnu-gcc -DHAVE_CONFIG_H -I. -I/tmp/portage/sys-libs/cracklib-2.9.7/work/cracklib-2.9.7/lib -I.. -I. -I.. -I/tmp/portage/sys-libs/cracklib-2.9.7/work/cracklib-2.9.7/lib -DIN_CRACKLIB -DDEFAULT_CRACKLIB_DICT=\"/usr/lib/cracklib_dict\" -Wall -march=znver2 -O2 -pipe -fno-stack-protector -fno-stack-clash-protection -fstack-check=no -fno-stack-check -Wl,-O1 -Wl,--as-needed -c /tmp/portage/sys-libs/cracklib-2.9.7/work/cracklib-2.9.7/lib/stringlib.c  -fPIC -DPIC -o .libs/stringlib.o
libtool: compile:  x86_64-pc-linux-gnu-gcc -DHAVE_CONFIG_H -I. -I/tmp/portage/sys-libs/cracklib-2.9.7/work/cracklib-2.9.7/lib -I.. -I. -I.. -I/tmp/portage/sys-libs/cracklib-2.9.7/work/cracklib-2.9.7/lib -DIN_CRACKLIB -DDEFAULT_CRACKLIB_DICT=\"/usr/lib/cracklib_dict\" -Wall -march=znver2 -O2 -pipe -fno-stack-protector -fno-stack-clash-protection -fstack-check=no -fno-stack-check -Wl,-O1 -Wl,--as-needed -c /tmp/portage/sys-libs/cracklib-2.9.7/work/cracklib-2.9.7/lib/fascist.c  -fPIC -DPIC -o .libs/fascist.o
/tmp/portage/sys-libs/cracklib-2.9.7/work/cracklib-2.9.7/lib/stringlib.c:15:19: warning: ‘vers_id’ defined but not used [-Wunused-const-variable=]
   15 | static const char vers_id[] = "stringlib.c : v2.3p2 Alec Muffett 18 May 1993";
      |                   ^~~~~~~
/tmp/portage/sys-libs/cracklib-2.9.7/work/cracklib-2.9.7/lib/rules.c:7:19: warning: ‘vers_id’ defined but not used [-Wunused-const-variable=]
    7 | static const char vers_id[] = "rules.c : v5.0p3 Alec Muffett 20 May 1993";
      |                   ^~~~~~~
/tmp/portage/sys-libs/cracklib-2.9.7/work/cracklib-2.9.7/lib/packlib.c:21:19: warning: ‘vers_id’ defined but not used [-Wunused-const-variable=]
   21 | static const char vers_id[] = "packlib.c : v2.3p2 Alec Muffett 18 May 1993";
      |                   ^~~~~~~
/bin/sh ../libtool  --tag=CC   --mode=link x86_64-pc-linux-gnu-gcc  -march=znver2 -O2 -pipe -fno-stack-protector -fno-stack-clash-protection -fstack-check=no -fno-stack-check -Wl,-O1 -Wl,--as-needed -version-info 11:0:9 -Wl,-O1 -Wl,--as-needed -o libcrack.la -rpath /usr/lib64 fascist.lo packlib.lo rules.lo stringlib.lo  -lz 
libtool: link: x86_64-pc-linux-gnu-gcc -shared  -fPIC -DPIC  .libs/fascist.o .libs/packlib.o .libs/rules.o .libs/stringlib.o   -Wl,--as-needed -lz  -march=znver2 -O2 -Wl,-O1 -Wl,-O1   -Wl,-soname -Wl,libcrack.so.2 -o .libs/libcrack.so.2.9.0
libtool: link: (cd ".libs" && rm -f "libcrack.so.2" && ln -s "libcrack.so.2.9.0" "libcrack.so.2")
libtool: link: (cd ".libs" && rm -f "libcrack.so" && ln -s "libcrack.so.2.9.0" "libcrack.so")
libtool: link: ( cd ".libs" && rm -f "libcrack.la" && ln -s "../libcrack.la" "libcrack.la" )
make[2]: Leaving directory '/tmp/portage/sys-libs/cracklib-2.9.7/work/cracklib-2.9.7-abi_x86_64.amd64/lib'
Making all in util
make[2]: Entering directory '/tmp/portage/sys-libs/cracklib-2.9.7/work/cracklib-2.9.7-abi_x86_64.amd64/util'
x86_64-pc-linux-gnu-gcc -DHAVE_CONFIG_H -I. -I/tmp/portage/sys-libs/cracklib-2.9.7/work/cracklib-2.9.7/util -I..  -I. -I.. -I/tmp/portage/sys-libs/cracklib-2.9.7/work/cracklib-2.9.7/lib '-DDEFAULT_CRACKLIB_DICT="/usr/lib/cracklib_dict"' -Wall   -march=znver2 -O2 -pipe -fno-stack-protector -fno-stack-clash-protection -fstack-check=no -fno-stack-check -Wl,-O1 -Wl,--as-needed -c -o packer.o /tmp/portage/sys-libs/cracklib-2.9.7/work/cracklib-2.9.7/util/packer.c
x86_64-pc-linux-gnu-gcc -DHAVE_CONFIG_H -I. -I/tmp/portage/sys-libs/cracklib-2.9.7/work/cracklib-2.9.7/util -I..  -I. -I.. -I/tmp/portage/sys-libs/cracklib-2.9.7/work/cracklib-2.9.7/lib '-DDEFAULT_CRACKLIB_DICT="/usr/lib/cracklib_dict"' -Wall   -march=znver2 -O2 -pipe -fno-stack-protector -fno-stack-clash-protection -fstack-check=no -fno-stack-check -Wl,-O1 -Wl,--as-needed -c -o unpacker.o /tmp/portage/sys-libs/cracklib-2.9.7/work/cracklib-2.9.7/util/unpacker.c
x86_64-pc-linux-gnu-gcc -DHAVE_CONFIG_H -I. -I/tmp/portage/sys-libs/cracklib-2.9.7/work/cracklib-2.9.7/util -I..  -I. -I.. -I/tmp/portage/sys-libs/cracklib-2.9.7/work/cracklib-2.9.7/lib '-DDEFAULT_CRACKLIB_DICT="/usr/lib/cracklib_dict"' -Wall   -march=znver2 -O2 -pipe -fno-stack-protector -fno-stack-clash-protection -fstack-check=no -fno-stack-check -Wl,-O1 -Wl,--as-needed -c -o check.o /tmp/portage/sys-libs/cracklib-2.9.7/work/cracklib-2.9.7/util/check.c
/bin/sh ../libtool  --tag=CC   --mode=link x86_64-pc-linux-gnu-gcc  -march=znver2 -O2 -pipe -fno-stack-protector -fno-stack-clash-protection -fstack-check=no -fno-stack-check -Wl,-O1 -Wl,--as-needed  -Wl,-O1 -Wl,--as-needed -o cracklib-unpacker unpacker.o ../lib/libcrack.la -lz 
/bin/sh ../libtool  --tag=CC   --mode=link x86_64-pc-linux-gnu-gcc  -march=znver2 -O2 -pipe -fno-stack-protector -fno-stack-clash-protection -fstack-check=no -fno-stack-check -Wl,-O1 -Wl,--as-needed  -Wl,-O1 -Wl,--as-needed -o cracklib-check check.o ../lib/libcrack.la -lz 
/bin/sh ../libtool  --tag=CC   --mode=link x86_64-pc-linux-gnu-gcc  -march=znver2 -O2 -pipe -fno-stack-protector -fno-stack-clash-protection -fstack-check=no -fno-stack-check -Wl,-O1 -Wl,--as-needed  -Wl,-O1 -Wl,--as-needed -o cracklib-packer packer.o ../lib/libcrack.la -lz 
libtool: link: x86_64-pc-linux-gnu-gcc -march=znver2 -O2 -pipe -fno-stack-protector -fno-stack-clash-protection -fstack-check=no -fno-stack-check -Wl,-O1 -Wl,-O1 -o .libs/cracklib-check check.o  -Wl,--as-needed ../lib/.libs/libcrack.so -lz
libtool: link: x86_64-pc-linux-gnu-gcc -march=znver2 -O2 -pipe -fno-stack-protector -fno-stack-clash-protection -fstack-check=no -fno-stack-check -Wl,-O1 -Wl,-O1 -o .libs/cracklib-packer packer.o  -Wl,--as-needed ../lib/.libs/libcrack.so -lz
libtool: link: x86_64-pc-linux-gnu-gcc -march=znver2 -O2 -pipe -fno-stack-protector -fno-stack-clash-protection -fstack-check=no -fno-stack-check -Wl,-O1 -Wl,-O1 -o .libs/cracklib-unpacker unpacker.o  -Wl,--as-needed ../lib/.libs/libcrack.so -lz
make[2]: Leaving directory '/tmp/portage/sys-libs/cracklib-2.9.7/work/cracklib-2.9.7-abi_x86_64.amd64/util'
Making all in po
make[2]: Entering directory '/tmp/portage/sys-libs/cracklib-2.9.7/work/cracklib-2.9.7-abi_x86_64.amd64/po'
make[2]: Leaving directory '/tmp/portage/sys-libs/cracklib-2.9.7/work/cracklib-2.9.7-abi_x86_64.amd64/po'
Making all in doc
make[2]: Entering directory '/tmp/portage/sys-libs/cracklib-2.9.7/work/cracklib-2.9.7-abi_x86_64.amd64/doc'
make[2]: Nothing to be done for 'all'.
make[2]: Leaving directory '/tmp/portage/sys-libs/cracklib-2.9.7/work/cracklib-2.9.7-abi_x86_64.amd64/doc'
Making all in python
make[2]: Entering directory '/tmp/portage/sys-libs/cracklib-2.9.7/work/cracklib-2.9.7-abi_x86_64.amd64/python'
make[2]: Nothing to be done for 'all'.
make[2]: Leaving directory '/tmp/portage/sys-libs/cracklib-2.9.7/work/cracklib-2.9.7-abi_x86_64.amd64/python'
Making all in dicts
make[2]: Entering directory '/tmp/portage/sys-libs/cracklib-2.9.7/work/cracklib-2.9.7-abi_x86_64.amd64/dicts'
make[2]: Nothing to be done for 'all'.
make[2]: Leaving directory '/tmp/portage/sys-libs/cracklib-2.9.7/work/cracklib-2.9.7-abi_x86_64.amd64/dicts'
make[2]: Entering directory '/tmp/portage/sys-libs/cracklib-2.9.7/work/cracklib-2.9.7-abi_x86_64.amd64'

=======================================================
Be sure and obtain a large wordlist file and run
make install and make dict to generate the word
list index file. See the README file for more details.
=======================================================

make[2]: Leaving directory '/tmp/portage/sys-libs/cracklib-2.9.7/work/cracklib-2.9.7-abi_x86_64.amd64'
make[1]: Leaving directory '/tmp/portage/sys-libs/cracklib-2.9.7/work/cracklib-2.9.7-abi_x86_64.amd64'
 * python3_8: running distutils-r1_run_phase distutils-r1_python_compile
python3.8 setup.py build -j 12
running build
running build_py
copying /tmp/portage/sys-libs/cracklib-2.9.7/work/cracklib-2.9.7/python/cracklib.py -> /tmp/portage/sys-libs/cracklib-2.9.7/work/cracklib-2.9.7-abi_x86_64.amd64-python3_8/lib
copying /tmp/portage/sys-libs/cracklib-2.9.7/work/cracklib-2.9.7/python/test_cracklib.py -> /tmp/portage/sys-libs/cracklib-2.9.7/work/cracklib-2.9.7-abi_x86_64.amd64-python3_8/lib
warning: build_py: byte-compiling is disabled, skipping.

running build_ext
building '_cracklib' extension
creating /tmp/portage/sys-libs/cracklib-2.9.7/work/cracklib-2.9.7-abi_x86_64.amd64-python3_8/temp.linux-x86_64-3.8
creating /tmp/portage/sys-libs/cracklib-2.9.7/work/cracklib-2.9.7-abi_x86_64.amd64-python3_8/temp.linux-x86_64-3.8/tmp
creating /tmp/portage/sys-libs/cracklib-2.9.7/work/cracklib-2.9.7-abi_x86_64.amd64-python3_8/temp.linux-x86_64-3.8/tmp/portage
creating /tmp/portage/sys-libs/cracklib-2.9.7/work/cracklib-2.9.7-abi_x86_64.amd64-python3_8/temp.linux-x86_64-3.8/tmp/portage/sys-libs
creating /tmp/portage/sys-libs/cracklib-2.9.7/work/cracklib-2.9.7-abi_x86_64.amd64-python3_8/temp.linux-x86_64-3.8/tmp/portage/sys-libs/cracklib-2.9.7
creating /tmp/portage/sys-libs/cracklib-2.9.7/work/cracklib-2.9.7-abi_x86_64.amd64-python3_8/temp.linux-x86_64-3.8/tmp/portage/sys-libs/cracklib-2.9.7/work
creating /tmp/portage/sys-libs/cracklib-2.9.7/work/cracklib-2.9.7-abi_x86_64.amd64-python3_8/temp.linux-x86_64-3.8/tmp/portage/sys-libs/cracklib-2.9.7/work/cracklib-2.9.7
creating /tmp/portage/sys-libs/cracklib-2.9.7/work/cracklib-2.9.7-abi_x86_64.amd64-python3_8/temp.linux-x86_64-3.8/tmp/portage/sys-libs/cracklib-2.9.7/work/cracklib-2.9.7/python
x86_64-pc-linux-gnu-gcc -march=znver2 -O2 -pipe -fno-stack-protector -fno-stack-clash-protection -fstack-check=no -fno-stack-check -Wl,-O1 -Wl,--as-needed -fPIC -I/tmp/portage/sys-libs/cracklib-2.9.7/work/cracklib-2.9.7/lib -I/usr/include/python3.8 -c /tmp/portage/sys-libs/cracklib-2.9.7/work/cracklib-2.9.7/python/_cracklib.c -o /tmp/portage/sys-libs/cracklib-2.9.7/work/cracklib-2.9.7-abi_x86_64.amd64-python3_8/temp.linux-x86_64-3.8/tmp/portage/sys-libs/cracklib-2.9.7/work/cracklib-2.9.7/python/_cracklib.o
x86_64-pc-linux-gnu-gcc -shared -Wl,-O1 -Wl,--as-needed -march=znver2 -O2 -pipe -fno-stack-protector -fno-stack-clash-protection -fstack-check=no -fno-stack-check -Wl,-O1 -Wl,--as-needed /tmp/portage/sys-libs/cracklib-2.9.7/work/cracklib-2.9.7-abi_x86_64.amd64-python3_8/temp.linux-x86_64-3.8/tmp/portage/sys-libs/cracklib-2.9.7/work/cracklib-2.9.7/python/_cracklib.o -L../lib/.libs -L/usr/lib64 -lcrack -o /tmp/portage/sys-libs/cracklib-2.9.7/work/cracklib-2.9.7-abi_x86_64.amd64-python3_8/lib/_cracklib.cpython-38-x86_64-linux-gnu.so
>>> Source compiled.
>>> Test phase [not enabled]: sys-libs/cracklib-2.9.7

>>> Install sys-libs/cracklib-2.9.7 into /tmp/portage/sys-libs/cracklib-2.9.7/image/
 * abi_x86_64.amd64: running multilib-minimal_abi_src_install
make -j12 -l12 DESTDIR=/tmp/portage/sys-libs/cracklib-2.9.7/image/ install 
Making install in m4
make[1]: Entering directory '/tmp/portage/sys-libs/cracklib-2.9.7/work/cracklib-2.9.7-abi_x86_64.amd64/m4'
make[2]: Entering directory '/tmp/portage/sys-libs/cracklib-2.9.7/work/cracklib-2.9.7-abi_x86_64.amd64/m4'
make[2]: Nothing to be done for 'install-exec-am'.
make[2]: Nothing to be done for 'install-data-am'.
make[2]: Leaving directory '/tmp/portage/sys-libs/cracklib-2.9.7/work/cracklib-2.9.7-abi_x86_64.amd64/m4'
make[1]: Leaving directory '/tmp/portage/sys-libs/cracklib-2.9.7/work/cracklib-2.9.7-abi_x86_64.amd64/m4'
Making install in lib
make[1]: Entering directory '/tmp/portage/sys-libs/cracklib-2.9.7/work/cracklib-2.9.7-abi_x86_64.amd64/lib'
make[2]: Entering directory '/tmp/portage/sys-libs/cracklib-2.9.7/work/cracklib-2.9.7-abi_x86_64.amd64/lib'
 /bin/mkdir -p '/tmp/portage/sys-libs/cracklib-2.9.7/image//usr/lib64'
 /bin/mkdir -p '/tmp/portage/sys-libs/cracklib-2.9.7/image//usr/include'
 /bin/sh ../libtool   --mode=install /tmp/portage/._portage_reinstall_.lpy24s1t/bin/ebuild-helpers/xattr/install -c   libcrack.la '/tmp/portage/sys-libs/cracklib-2.9.7/image//usr/lib64'
 /tmp/portage/._portage_reinstall_.lpy24s1t/bin/ebuild-helpers/xattr/install -c -m 644 /tmp/portage/sys-libs/cracklib-2.9.7/work/cracklib-2.9.7/lib/crack.h /tmp/portage/sys-libs/cracklib-2.9.7/work/cracklib-2.9.7/lib/packer.h '/tmp/portage/sys-libs/cracklib-2.9.7/image//usr/include'
libtool: install: /tmp/portage/._portage_reinstall_.lpy24s1t/bin/ebuild-helpers/xattr/install -c .libs/libcrack.so.2.9.0 /tmp/portage/sys-libs/cracklib-2.9.7/image//usr/lib64/libcrack.so.2.9.0
libtool: install: (cd /tmp/portage/sys-libs/cracklib-2.9.7/image//usr/lib64 && { ln -s -f libcrack.so.2.9.0 libcrack.so.2 || { rm -f libcrack.so.2 && ln -s libcrack.so.2.9.0 libcrack.so.2; }; })
libtool: install: (cd /tmp/portage/sys-libs/cracklib-2.9.7/image//usr/lib64 && { ln -s -f libcrack.so.2.9.0 libcrack.so || { rm -f libcrack.so && ln -s libcrack.so.2.9.0 libcrack.so; }; })
libtool: install: /tmp/portage/._portage_reinstall_.lpy24s1t/bin/ebuild-helpers/xattr/install -c .libs/libcrack.lai /tmp/portage/sys-libs/cracklib-2.9.7/image//usr/lib64/libcrack.la
libtool: warning: remember to run 'libtool --finish /usr/lib64'
make[2]: Leaving directory '/tmp/portage/sys-libs/cracklib-2.9.7/work/cracklib-2.9.7-abi_x86_64.amd64/lib'
make[1]: Leaving directory '/tmp/portage/sys-libs/cracklib-2.9.7/work/cracklib-2.9.7-abi_x86_64.amd64/lib'
Making install in util
make[1]: Entering directory '/tmp/portage/sys-libs/cracklib-2.9.7/work/cracklib-2.9.7-abi_x86_64.amd64/util'
make[2]: Entering directory '/tmp/portage/sys-libs/cracklib-2.9.7/work/cracklib-2.9.7-abi_x86_64.amd64/util'
make[2]: Nothing to be done for 'install-data-am'.
 /bin/mkdir -p '/tmp/portage/sys-libs/cracklib-2.9.7/image//usr/sbin'
 /bin/mkdir -p '/tmp/portage/sys-libs/cracklib-2.9.7/image//usr/sbin'
 /tmp/portage/._portage_reinstall_.lpy24s1t/bin/ebuild-helpers/xattr/install -c /tmp/portage/sys-libs/cracklib-2.9.7/work/cracklib-2.9.7/util/create-cracklib-dict /tmp/portage/sys-libs/cracklib-2.9.7/work/cracklib-2.9.7/util/cracklib-format '/tmp/portage/sys-libs/cracklib-2.9.7/image//usr/sbin'
  /bin/sh ../libtool   --mode=install /tmp/portage/._portage_reinstall_.lpy24s1t/bin/ebuild-helpers/xattr/install -c cracklib-packer cracklib-unpacker cracklib-check '/tmp/portage/sys-libs/cracklib-2.9.7/image//usr/sbin'
libtool: warning: '../lib/libcrack.la' has not been installed in '/usr/lib64'
libtool: install: /tmp/portage/._portage_reinstall_.lpy24s1t/bin/ebuild-helpers/xattr/install -c .libs/cracklib-packer /tmp/portage/sys-libs/cracklib-2.9.7/image//usr/sbin/cracklib-packer
libtool: warning: '../lib/libcrack.la' has not been installed in '/usr/lib64'
libtool: install: /tmp/portage/._portage_reinstall_.lpy24s1t/bin/ebuild-helpers/xattr/install -c .libs/cracklib-unpacker /tmp/portage/sys-libs/cracklib-2.9.7/image//usr/sbin/cracklib-unpacker
libtool: warning: '../lib/libcrack.la' has not been installed in '/usr/lib64'
libtool: install: /tmp/portage/._portage_reinstall_.lpy24s1t/bin/ebuild-helpers/xattr/install -c .libs/cracklib-check /tmp/portage/sys-libs/cracklib-2.9.7/image//usr/sbin/cracklib-check
make[2]: Leaving directory '/tmp/portage/sys-libs/cracklib-2.9.7/work/cracklib-2.9.7-abi_x86_64.amd64/util'
make[1]: Leaving directory '/tmp/portage/sys-libs/cracklib-2.9.7/work/cracklib-2.9.7-abi_x86_64.amd64/util'
Making install in po
make[1]: Entering directory '/tmp/portage/sys-libs/cracklib-2.9.7/work/cracklib-2.9.7-abi_x86_64.amd64/po'
/bin/mkdir -p /tmp/portage/sys-libs/cracklib-2.9.7/image//usr/share
if test "cracklib" = "gettext-tools"; then \
  /bin/mkdir -p /tmp/portage/sys-libs/cracklib-2.9.7/image//usr/share/gettext/po; \
  for file in Makefile.in.in remove-potcdate.sin quot.sed boldquot.sed en@quot.header en@boldquot.header insert-header.sin Rules-quot   Makevars.template; do \
    /tmp/portage/._portage_reinstall_.lpy24s1t/bin/ebuild-helpers/xattr/install -c -m 644 /tmp/portage/sys-libs/cracklib-2.9.7/work/cracklib-2.9.7/po/$file \
		    /tmp/portage/sys-libs/cracklib-2.9.7/image//usr/share/gettext/po/$file; \
  done; \
  for file in Makevars; do \
    rm -f /tmp/portage/sys-libs/cracklib-2.9.7/image//usr/share/gettext/po/$file; \
  done; \
else \
  : ; \
fi
make[1]: Leaving directory '/tmp/portage/sys-libs/cracklib-2.9.7/work/cracklib-2.9.7-abi_x86_64.amd64/po'
Making install in doc
make[1]: Entering directory '/tmp/portage/sys-libs/cracklib-2.9.7/work/cracklib-2.9.7-abi_x86_64.amd64/doc'
make[2]: Entering directory '/tmp/portage/sys-libs/cracklib-2.9.7/work/cracklib-2.9.7-abi_x86_64.amd64/doc'
make[2]: Nothing to be done for 'install-exec-am'.
 /bin/mkdir -p '/tmp/portage/sys-libs/cracklib-2.9.7/image//usr/share/cracklib'
 /tmp/portage/._portage_reinstall_.lpy24s1t/bin/ebuild-helpers/xattr/install -c -m 644 /tmp/portage/sys-libs/cracklib-2.9.7/work/cracklib-2.9.7/doc/cracklib.magic '/tmp/portage/sys-libs/cracklib-2.9.7/image//usr/share/cracklib'
make[2]: Leaving directory '/tmp/portage/sys-libs/cracklib-2.9.7/work/cracklib-2.9.7-abi_x86_64.amd64/doc'
make[1]: Leaving directory '/tmp/portage/sys-libs/cracklib-2.9.7/work/cracklib-2.9.7-abi_x86_64.amd64/doc'
Making install in python
make[1]: Entering directory '/tmp/portage/sys-libs/cracklib-2.9.7/work/cracklib-2.9.7-abi_x86_64.amd64/python'
make[2]: Entering directory '/tmp/portage/sys-libs/cracklib-2.9.7/work/cracklib-2.9.7-abi_x86_64.amd64/python'
make[2]: Leaving directory '/tmp/portage/sys-libs/cracklib-2.9.7/work/cracklib-2.9.7-abi_x86_64.amd64/python'
make[1]: Leaving directory '/tmp/portage/sys-libs/cracklib-2.9.7/work/cracklib-2.9.7-abi_x86_64.amd64/python'
Making install in dicts
make[1]: Entering directory '/tmp/portage/sys-libs/cracklib-2.9.7/work/cracklib-2.9.7-abi_x86_64.amd64/dicts'
make[2]: Entering directory '/tmp/portage/sys-libs/cracklib-2.9.7/work/cracklib-2.9.7-abi_x86_64.amd64/dicts'
make[2]: Nothing to be done for 'install-exec-am'.
 /bin/mkdir -p '/tmp/portage/sys-libs/cracklib-2.9.7/image//usr/share/cracklib'
 /tmp/portage/._portage_reinstall_.lpy24s1t/bin/ebuild-helpers/xattr/install -c -m 644 /tmp/portage/sys-libs/cracklib-2.9.7/work/cracklib-2.9.7/dicts/cracklib-small '/tmp/portage/sys-libs/cracklib-2.9.7/image//usr/share/cracklib'
make[2]: Leaving directory '/tmp/portage/sys-libs/cracklib-2.9.7/work/cracklib-2.9.7-abi_x86_64.amd64/dicts'
make[1]: Leaving directory '/tmp/portage/sys-libs/cracklib-2.9.7/work/cracklib-2.9.7-abi_x86_64.amd64/dicts'
make[1]: Entering directory '/tmp/portage/sys-libs/cracklib-2.9.7/work/cracklib-2.9.7-abi_x86_64.amd64'

=======================================================
Be sure and obtain a large wordlist file and run
make install and make dict to generate the word
list index file. See the README file for more details.
=======================================================

make[2]: Entering directory '/tmp/portage/sys-libs/cracklib-2.9.7/work/cracklib-2.9.7-abi_x86_64.amd64'
make[2]: Nothing to be done for 'install-exec-am'.
make[2]: Nothing to be done for 'install-data-am'.
make[2]: Leaving directory '/tmp/portage/sys-libs/cracklib-2.9.7/work/cracklib-2.9.7-abi_x86_64.amd64'
make[1]: Leaving directory '/tmp/portage/sys-libs/cracklib-2.9.7/work/cracklib-2.9.7-abi_x86_64.amd64'
 * python3_8: running distutils-r1_run_phase distutils-r1_python_install
python3.8 setup.py install --skip-build --root=/tmp/portage/sys-libs/cracklib-2.9.7/image/_python3.8
running install
running install_lib
creating /tmp/portage/sys-libs/cracklib-2.9.7/image/_python3.8
creating /tmp/portage/sys-libs/cracklib-2.9.7/image/_python3.8/usr
creating /tmp/portage/sys-libs/cracklib-2.9.7/image/_python3.8/usr/lib
creating /tmp/portage/sys-libs/cracklib-2.9.7/image/_python3.8/usr/lib/python3.8
creating /tmp/portage/sys-libs/cracklib-2.9.7/image/_python3.8/usr/lib/python3.8/site-packages
copying /tmp/portage/sys-libs/cracklib-2.9.7/work/cracklib-2.9.7-abi_x86_64.amd64-python3_8/lib/test_cracklib.py -> /tmp/portage/sys-libs/cracklib-2.9.7/image/_python3.8/usr/lib/python3.8/site-packages
copying /tmp/portage/sys-libs/cracklib-2.9.7/work/cracklib-2.9.7-abi_x86_64.amd64-python3_8/lib/cracklib.py -> /tmp/portage/sys-libs/cracklib-2.9.7/image/_python3.8/usr/lib/python3.8/site-packages
copying /tmp/portage/sys-libs/cracklib-2.9.7/work/cracklib-2.9.7-abi_x86_64.amd64-python3_8/lib/_cracklib.cpython-38-x86_64-linux-gnu.so -> /tmp/portage/sys-libs/cracklib-2.9.7/image/_python3.8/usr/lib/python3.8/site-packages
byte-compiling /tmp/portage/sys-libs/cracklib-2.9.7/image/_python3.8/usr/lib/python3.8/site-packages/test_cracklib.py to test_cracklib.cpython-38.pyc
byte-compiling /tmp/portage/sys-libs/cracklib-2.9.7/image/_python3.8/usr/lib/python3.8/site-packages/cracklib.py to cracklib.cpython-38.pyc
writing byte-compilation script '/tmp/portage/sys-libs/cracklib-2.9.7/temp/tmpnb4b6j_k.py'
/usr/bin/python3.8 /tmp/portage/sys-libs/cracklib-2.9.7/temp/tmpnb4b6j_k.py
removing /tmp/portage/sys-libs/cracklib-2.9.7/temp/tmpnb4b6j_k.py
writing byte-compilation script '/tmp/portage/sys-libs/cracklib-2.9.7/temp/tmpg2ke_mb_.py'
/usr/bin/python3.8 /tmp/portage/sys-libs/cracklib-2.9.7/temp/tmpg2ke_mb_.py
removing /tmp/portage/sys-libs/cracklib-2.9.7/temp/tmpg2ke_mb_.py
running install_egg_info
running egg_info
creating /tmp/portage/sys-libs/cracklib-2.9.7/work/cracklib-2.9.7/python/cracklib.egg-info
writing /tmp/portage/sys-libs/cracklib-2.9.7/work/cracklib-2.9.7/python/cracklib.egg-info/PKG-INFO
writing dependency_links to /tmp/portage/sys-libs/cracklib-2.9.7/work/cracklib-2.9.7/python/cracklib.egg-info/dependency_links.txt
writing top-level names to /tmp/portage/sys-libs/cracklib-2.9.7/work/cracklib-2.9.7/python/cracklib.egg-info/top_level.txt
writing manifest file '/tmp/portage/sys-libs/cracklib-2.9.7/work/cracklib-2.9.7/python/cracklib.egg-info/SOURCES.txt'
reading manifest file '/tmp/portage/sys-libs/cracklib-2.9.7/work/cracklib-2.9.7/python/cracklib.egg-info/SOURCES.txt'
writing manifest file '/tmp/portage/sys-libs/cracklib-2.9.7/work/cracklib-2.9.7/python/cracklib.egg-info/SOURCES.txt'
Copying /tmp/portage/sys-libs/cracklib-2.9.7/work/cracklib-2.9.7/python/cracklib.egg-info to /tmp/portage/sys-libs/cracklib-2.9.7/image/_python3.8/usr/lib/python3.8/site-packages/cracklib-2.9.7-py3.8.egg-info
running install_scripts
 * Using python3.8 in global scope
 * python3_8: running distutils-r1_run_phase distutils-r1_python_install_all
>>> Completed installing sys-libs/cracklib-2.9.7 into /tmp/portage/sys-libs/cracklib-2.9.7/image/

 * Final size of build directory: 4028 KiB (3.9 MiB)
 * Final size of installed tree:   772 KiB

 * Verifying compiled files in /usr/lib/python3.8/site-packages
Parallel BZIP2 v1.1.13 [Dec 18, 2015]
By: Jeff Gilchrist [http://compression.ca]
Major contributions: Yavor Nikolov [http://javornikolov.wordpress.com]
Uses libbzip2 by Julian Seward

         # CPUs: 10
   Load Average: 1.87
 BWT Block Size: 200 KB
File Block Size: 900 KB
 Maximum Memory: 1024 MB
-------------------------------------------
         File #: 1 of 1
     Input Name: compressme
    Output Name: compressme.bz2

     Input Size: 3895 bytes
Compressing data (no threads)...
Completed: 100%                 Output Size: 918 bytes
-------------------------------------------

     Wall Clock: 0.001134 seconds
Parallel BZIP2 v1.1.13 [Dec 18, 2015]
By: Jeff Gilchrist [http://compression.ca]
Major contributions: Yavor Nikolov [http://javornikolov.wordpress.com]
Uses libbzip2 by Julian Seward

         # CPUs: 10
   Load Average: 1.87
 BWT Block Size: 200 KB
File Block Size: 900 KB
 Maximum Memory: 1024 MB
-------------------------------------------
         File #: 1 of 1
     Input Name: /tmp/portage/sys-libs/cracklib-2.9.7/image/usr/share/doc/cracklib-2.9.7/README-WORDS
    Output Name: /tmp/portage/sys-libs/cracklib-2.9.7/image/usr/share/doc/cracklib-2.9.7/README-WORDS.bz2

     Input Size: 1130 bytes
Compressing data (no threads)...
Completed: 100%                 Output Size: 640 bytes
-------------------------------------------

     Wall Clock: 0.000801 seconds
Parallel BZIP2 v1.1.13 [Dec 18, 2015]
By: Jeff Gilchrist [http://compression.ca]
Major contributions: Yavor Nikolov [http://javornikolov.wordpress.com]
Uses libbzip2 by Julian Seward

         # CPUs: 10
   Load Average: 1.87
 BWT Block Size: 200 KB
File Block Size: 900 KB
 Maximum Memory: 1024 MB
-------------------------------------------
         File #: 1 of 1
     Input Name: /tmp/portage/sys-libs/cracklib-2.9.7/image/usr/share/doc/cracklib-2.9.7/AUTHORS
    Output Name: /tmp/portage/sys-libs/cracklib-2.9.7/image/usr/share/doc/cracklib-2.9.7/AUTHORS.bz2

     Input Size: 341 bytes
Compressing data (no threads)...
Completed: 100%                 Output Size: 280 bytes
-------------------------------------------

     Wall Clock: 0.000431 seconds
Parallel BZIP2 v1.1.13 [Dec 18, 2015]
By: Jeff Gilchrist [http://compression.ca]
Major contributions: Yavor Nikolov [http://javornikolov.wordpress.com]
Uses libbzip2 by Julian Seward

         # CPUs: 10
   Load Average: 1.87
 BWT Block Size: 200 KB
File Block Size: 900 KB
 Maximum Memory: 1024 MB
-------------------------------------------
         File #: 1 of 1
     Input Name: /tmp/portage/sys-libs/cracklib-2.9.7/image/usr/share/doc/cracklib-2.9.7/README-DAWG
    Output Name: /tmp/portage/sys-libs/cracklib-2.9.7/image/usr/share/doc/cracklib-2.9.7/README-DAWG.bz2

     Input Size: 1811 bytes
Compressing data (no threads)...
Completed: 100%                 Output Size: 1048 bytes
-------------------------------------------

     Wall Clock: 0.000566 seconds
Parallel BZIP2 v1.1.13 [Dec 18, 2015]
By: Jeff Gilchrist [http://compression.ca]
Major contributions: Yavor Nikolov [http://javornikolov.wordpress.com]
Uses libbzip2 by Julian Seward

         # CPUs: 10
   Load Average: 1.87
 BWT Block Size: 200 KB
File Block Size: 900 KB
 Maximum Memory: 1024 MB
-------------------------------------------
         File #: 1 of 1
     Input Name: /tmp/portage/sys-libs/cracklib-2.9.7/image/usr/share/doc/cracklib-2.9.7/NEWS
    Output Name: /tmp/portage/sys-libs/cracklib-2.9.7/image/usr/share/doc/cracklib-2.9.7/NEWS.bz2

     Input Size: 6148 bytes
Compressing data (no threads)...
Parallel BZIP2 v1.1.13 [Dec 18, 2015]
By: Jeff Gilchrist [http://compression.ca]
Major contributions: Yavor Nikolov [http://javornikolov.wordpress.com]
Uses libbzip2 by Julian Seward

         # CPUs: 10
   Load Average: 1.87
 BWT Block Size: 200 KB
File Block Size: 900 KB
 Maximum Memory: 1024 MB
-------------------------------------------
Completed: 100%                 Output Size: 2636 bytes
         File #: 1 of 1
     Input Name: /tmp/portage/sys-libs/cracklib-2.9.7/image/usr/share/doc/cracklib-2.9.7/README
    Output Name: /tmp/portage/sys-libs/cracklib-2.9.7/image/usr/share/doc/cracklib-2.9.7/README.bz2

     Input Size: 9981 bytes
Compressing data (no threads)...
-------------------------------------------

     Wall Clock: 0.001028 seconds
Completed: 100%                 Output Size: 4550 bytes
-------------------------------------------

     Wall Clock: 0.001450 seconds
Parallel BZIP2 v1.1.13 [Dec 18, 2015]
By: Jeff Gilchrist [http://compression.ca]
Major contributions: Yavor Nikolov [http://javornikolov.wordpress.com]
Uses libbzip2 by Julian Seward

         # CPUs: 10
   Load Average: 1.87
 BWT Block Size: 200 KB
File Block Size: 900 KB
 Maximum Memory: 1024 MB
-------------------------------------------
         File #: 1 of 1
     Input Name: /tmp/portage/sys-libs/cracklib-2.9.7/image/usr/share/doc/cracklib-2.9.7/README-LICENSE
    Output Name: /tmp/portage/sys-libs/cracklib-2.9.7/image/usr/share/doc/cracklib-2.9.7/README-LICENSE.bz2

     Input Size: 13613 bytes
Compressing data (no threads)...
Completed: 100%                 Output Size: 4305 bytes
-------------------------------------------

     Wall Clock: 0.001749 seconds
strip: x86_64-pc-linux-gnu-strip --strip-unneeded -N __gentoo_check_ldflags__ -R .comment -R .GCC.command.line -R .note.gnu.gold-version
   /lib64/libcrack.so.2.9.0
   /usr/lib/python3.8/site-packages/_cracklib.cpython-38-x86_64-linux-gnu.so
   /usr/sbin/cracklib-packer
   /usr/sbin/cracklib-unpacker
   /usr/sbin/cracklib-check
./
./usr/
./usr/lib/
./usr/lib/python3.8/
./usr/lib/python3.8/site-packages/
./usr/lib/python3.8/site-packages/test_cracklib.py
./usr/lib/python3.8/site-packages/cracklib.py
./usr/lib/python3.8/site-packages/cracklib-2.9.7-py3.8.egg-info/
./usr/lib/python3.8/site-packages/cracklib-2.9.7-py3.8.egg-info/top_level.txt
./usr/lib/python3.8/site-packages/cracklib-2.9.7-py3.8.egg-info/SOURCES.txt
./usr/lib/python3.8/site-packages/cracklib-2.9.7-py3.8.egg-info/not-zip-safe
./usr/lib/python3.8/site-packages/cracklib-2.9.7-py3.8.egg-info/dependency_links.txt
./usr/lib/python3.8/site-packages/cracklib-2.9.7-py3.8.egg-info/PKG-INFO
./usr/lib/python3.8/site-packages/_cracklib.cpython-38-x86_64-linux-gnu.so
./usr/lib/python3.8/site-packages/__pycache__/
./usr/lib/python3.8/site-packages/__pycache__/test_cracklib.cpython-38.opt-1.pyc
./usr/lib/python3.8/site-packages/__pycache__/cracklib.cpython-38.opt-2.pyc
./usr/lib/python3.8/site-packages/__pycache__/cracklib.cpython-38.pyc
./usr/lib/python3.8/site-packages/__pycache__/cracklib.cpython-38.opt-1.pyc
./usr/lib/python3.8/site-packages/__pycache__/test_cracklib.cpython-38.pyc
./usr/lib/python3.8/site-packages/__pycache__/test_cracklib.cpython-38.opt-2.pyc
./usr/include/
./usr/include/crack.h
./usr/include/packer.h
./usr/sbin/
./usr/sbin/cracklib-packer
./usr/sbin/create-cracklib-dict
./usr/sbin/cracklib-unpacker
./usr/sbin/cracklib-check
./usr/sbin/cracklib-format
./usr/share/
./usr/share/dict/
./usr/share/dict/cracklib-small
./usr/share/doc/
./usr/share/doc/cracklib-2.9.7/
./usr/share/doc/cracklib-2.9.7/README-WORDS
./usr/share/doc/cracklib-2.9.7/README
./usr/share/doc/cracklib-2.9.7/README-LICENSE
./usr/share/doc/cracklib-2.9.7/README.bz2
./usr/share/doc/cracklib-2.9.7/NEWS
./usr/share/doc/cracklib-2.9.7/AUTHORS
./usr/share/doc/cracklib-2.9.7/AUTHORS.bz2
./usr/share/doc/cracklib-2.9.7/README-WORDS.bz2
./usr/share/doc/cracklib-2.9.7/README-DAWG.bz2
./usr/share/doc/cracklib-2.9.7/NEWS.bz2
./usr/share/doc/cracklib-2.9.7/README-DAWG
./usr/share/doc/cracklib-2.9.7/README-LICENSE.bz2
./usr/lib64/
./usr/lib64/libcrack.so
./lib64/
./lib64/libcrack.so.2.9.0
./lib64/libcrack.so.2
>>> Done.
 * checking 25 files for package collisions
>>> Merging sys-libs/cracklib-2.9.7 to /
 * removing unneeded *.la files
--- /lib64/
>>> /lib64/libcrack.so.2 -> libcrack.so.2.9.0
>>> /lib64/libcrack.so.2.9.0
--- /usr/
--- /usr/lib64/
>>> /usr/lib64/libcrack.so
--- /usr/share/
--- /usr/share/dict/
>>> /usr/share/dict/cracklib-small
--- /usr/sbin/
>>> /usr/sbin/cracklib-format
>>> /usr/sbin/cracklib-check
>>> /usr/sbin/cracklib-unpacker
>>> /usr/sbin/create-cracklib-dict
>>> /usr/sbin/cracklib-packer
--- /usr/include/
>>> /usr/include/packer.h
>>> /usr/include/crack.h
--- /usr/lib/
--- /usr/lib/python3.8/
--- /usr/lib/python3.8/site-packages/
--- /usr/lib/python3.8/site-packages/__pycache__/
>>> /usr/lib/python3.8/site-packages/__pycache__/test_cracklib.cpython-38.opt-2.pyc
>>> /usr/lib/python3.8/site-packages/__pycache__/test_cracklib.cpython-38.pyc
>>> /usr/lib/python3.8/site-packages/__pycache__/cracklib.cpython-38.opt-1.pyc
>>> /usr/lib/python3.8/site-packages/__pycache__/cracklib.cpython-38.pyc
>>> /usr/lib/python3.8/site-packages/__pycache__/cracklib.cpython-38.opt-2.pyc
>>> /usr/lib/python3.8/site-packages/__pycache__/test_cracklib.cpython-38.opt-1.pyc
>>> /usr/lib/python3.8/site-packages/_cracklib.cpython-38-x86_64-linux-gnu.so
--- /usr/lib/python3.8/site-packages/cracklib-2.9.7-py3.8.egg-info/
>>> /usr/lib/python3.8/site-packages/cracklib-2.9.7-py3.8.egg-info/PKG-INFO
>>> /usr/lib/python3.8/site-packages/cracklib-2.9.7-py3.8.egg-info/dependency_links.txt
>>> /usr/lib/python3.8/site-packages/cracklib-2.9.7-py3.8.egg-info/not-zip-safe
>>> /usr/lib/python3.8/site-packages/cracklib-2.9.7-py3.8.egg-info/SOURCES.txt
>>> /usr/lib/python3.8/site-packages/cracklib-2.9.7-py3.8.egg-info/top_level.txt
>>> /usr/lib/python3.8/site-packages/cracklib.py
>>> /usr/lib/python3.8/site-packages/test_cracklib.py
>>> Safely unmerging already-installed instance...
!!! File Not Found: '/etc/env.d/99lcdfilter'
>>> Original instance of package unmerged safely.
 * Regenerating cracklib dictionary ...
 [ ok ]
>>> sys-libs/cracklib-2.9.7 merged.
!!! File Not Found: '/etc/env.d/99lcdfilter'
>>> Regenerating /etc/ld.so.cache...
