[32;01m * [39;49;00mPackage:    sys-libs/glibc-2.31-r3
[32;01m * [39;49;00mRepository: gentoo
[32;01m * [39;49;00mMaintainer: toolchain@gentoo.org
[32;01m * [39;49;00mUSE:        abi_x86_64 amd64 caps crypt elibc_glibc gd kernel_linux multiarch multilib nscd profile static-libs systemtap test userland_GNU
[32;01m * [39;49;00mFEATURES:   network-sandbox preserve-libs sandbox userpriv usersandbox
 [32;01m*[0m Checking general environment sanity.
make -j12 -l12 glibc-test 
cc -march=native -O3 -fgraphite-identity -floop-nest-optimize -fdevirtualize-at-ltrans -fipa-pta -fno-semantic-interposition -flto=12 -fno-plt -fno-signed-zeros -fno-trapping-math -fassociative-math -freciprocal-math -fno-math-errno -ffinite-math-only -fno-rounding-math -fno-signaling-nans -fcx-limited-range -fexcess-precision=fast -fuse-linker-plugin -pipe -g0 -falign-functions=32 -fno-stack-protector -fno-stack-clash-protection -fstack-check=no -fno-stack-check -fprofile-use -fprofile-correction -fprofile-dir=pgo -fbranch-target-load-optimize2 -freschedule-modulo-scheduled-loops -fsched-pressure -fsched-spec-load -fsched-stalled-insns=0 -fsched2-use-superblocks -fselective-scheduling -fselective-scheduling2 -fsel-sched-pipelining -fsel-sched-pipelining-outer-loops   -march=native -O3 -fgraphite-identity -floop-nest-optimize -fdevirtualize-at-ltrans -fipa-pta -fno-semantic-interposition -flto=12 -fno-plt -fno-signed-zeros -fno-trapping-math -fassociative-math -freciprocal-math -fno-math-errno -ffinite-math-only -fno-rounding-math -fno-signaling-nans -fcx-limited-range -fexcess-precision=fast -fuse-linker-plugin -pipe -g0 -falign-functions=32 -fno-stack-protector -fno-stack-clash-protection -fstack-check=no -fno-stack-check -fprofile-use -fprofile-correction -fprofile-dir=pgo -fbranch-target-load-optimize2 -freschedule-modulo-scheduled-loops -fsched-pressure -fsched-spec-load -fsched-stalled-insns=0 -fsched2-use-superblocks -fselective-scheduling -fselective-scheduling2 -fsel-sched-pipelining -fsel-sched-pipelining-outer-loops -Wl,-O4 -Wl,--hash-style=gnu,--sort-common,--as-needed,-lgomp,-lpthread,-z,relro,-z,now  glibc-test.c   -o glibc-test
[01m[Kglibc-test.c:[m[K In function '[01m[Kmain[m[K':
[01m[Kglibc-test.c:3:1:[m[K [01;35m[Kwarning: [m[K'[01m[Kpgo/#tmp#portage#sys-libs#glibc-2.31-r3#temp#glibc-test.gcda[m[K' profile count data file not found [[01;35m[K]8;;https://gcc.gnu.org/onlinedocs/gcc/Warning-Options.html#index-Wmissing-profile-Wmissing-profile]8;;[m[K]
    3 | [01;35m[Kint[m[K main(){return syscall(1000)!=-1;}
      | [01;35m[K^~~[m[K
 [32;01m*[0m Checking that IA32 emulation is enabled in the running kernel ...
[A[263C [34;01m[ [32;01mok[34;01m ][0m
 [32;01m*[0m Checking gcc for __thread support ...
[A[263C [34;01m[ [32;01mok[34;01m ][0m
 [32;01m*[0m Checking running kernel version (5.4.36 >= 3.2.0) ...
[A[263C [34;01m[ [32;01mok[34;01m ][0m
 [32;01m*[0m Checking linux-headers version (5.6.0 >= 3.2.0) ...
[A[263C [34;01m[ [32;01mok[34;01m ][0m
