>>> Extracting info
[32;01m * [39;49;00mPackage:    sys-libs/binutils-libs-2.34-r1
[32;01m * [39;49;00mRepository: gentoo
[32;01m * [39;49;00mUSE:        userland_GNU abi_x86_64 elibc_glibc kernel_linux multitarget amd64
[32;01m * [39;49;00mFEATURES:   ccache network-sandbox preserve-libs sandbox userpriv usersandbox
 [32;01m*[0m FEATURES='assume-digests binpkg-docompress binpkg-dostrip binpkg-logs binpkg-multi-instance buildpkg ccache cgroup compress-index config-protect-if-modified distlocks downgrade-backup fixlafiles ipc-sandbox merge-sync multilib-strict network-sandbox news nodoc parallel-fetch parallel-install pid-sandbox preserve-libs qa-unresolved-soname-deps sandbox sfperms strict strict-keepdir unknown-features-warn unmerge-backup unmerge-logs unmerge-orphans userfetch userpriv usersandbox usersync xattr'
 [32;01m*[0m CFLAGS='-march=native -O3 -fgraphite-identity -floop-nest-optimize -fdevirtualize-at-ltrans -fipa-pta -fno-semantic-interposition -flto=12 -fno-signed-zeros -fno-trapping-math -fassociative-math -freciprocal-math -fno-math-errno -ffinite-math-only -fno-rounding-math -fno-signaling-nans -fcx-limited-range -fexcess-precision=fast -fno-plt -fno-common -fuse-linker-plugin -pipe -g0 -fno-stack-protector -fno-stack-clash-protection -fstack-check=no -fno-stack-check -Wl,-O4,--hash-style=gnu,--sort-common,--as-needed,-z,relro,-z,now,-lgomp,-lpthread'
 [32;01m*[0m CXXFLAGS='-march=native -O3 -fgraphite-identity -floop-nest-optimize -fdevirtualize-at-ltrans -fipa-pta -fno-semantic-interposition -flto=12 -fno-signed-zeros -fno-trapping-math -fassociative-math -freciprocal-math -fno-math-errno -ffinite-math-only -fno-rounding-math -fno-signaling-nans -fcx-limited-range -fexcess-precision=fast -fno-plt -fno-common -fuse-linker-plugin -pipe -g0 -fno-stack-protector -fno-stack-clash-protection -fstack-check=no -fno-stack-check -Wl,-O4,--hash-style=gnu,--sort-common,--as-needed,-z,relro,-z,now,-lgomp,-lpthread'
 [32;01m*[0m FFLAGS='-march=native -O3 -fgraphite-identity -floop-nest-optimize -fdevirtualize-at-ltrans -fipa-pta -fno-semantic-interposition -flto=12 -fno-signed-zeros -fno-trapping-math -fassociative-math -freciprocal-math -fno-math-errno -ffinite-math-only -fno-rounding-math -fno-signaling-nans -fcx-limited-range -fexcess-precision=fast -fno-plt -fno-common -fuse-linker-plugin -pipe -g0 -fno-stack-protector -fno-stack-clash-protection -fstack-check=no -fno-stack-check -Wl,-O4,--hash-style=gnu,--sort-common,--as-needed,-z,relro,-z,now,-lgomp,-lpthread'
 [32;01m*[0m FCFLAGS='-march=native -O3 -fgraphite-identity -floop-nest-optimize -fdevirtualize-at-ltrans -fipa-pta -fno-semantic-interposition -flto=12 -fno-signed-zeros -fno-trapping-math -fassociative-math -freciprocal-math -fno-math-errno -ffinite-math-only -fno-rounding-math -fno-signaling-nans -fcx-limited-range -fexcess-precision=fast -fno-plt -fno-common -fuse-linker-plugin -pipe -g0 -fno-stack-protector -fno-stack-clash-protection -fstack-check=no -fno-stack-check -Wl,-O4,--hash-style=gnu,--sort-common,--as-needed,-z,relro,-z,now,-lgomp,-lpthread'
 [32;01m*[0m F77FLAGS='-march=native -O3 -fgraphite-identity -floop-nest-optimize -fdevirtualize-at-ltrans -fipa-pta -fno-semantic-interposition -flto=12 -fno-signed-zeros -fno-trapping-math -fassociative-math -freciprocal-math -fno-math-errno -ffinite-math-only -fno-rounding-math -fno-signaling-nans -fcx-limited-range -fexcess-precision=fast -fno-plt -fno-common -fuse-linker-plugin -pipe -g0 -fno-stack-protector -fno-stack-clash-protection -fstack-check=no -fno-stack-check -Wl,-O4,--hash-style=gnu,--sort-common,--as-needed,-z,relro,-z,now,-lgomp,-lpthread'
 [32;01m*[0m LDFLAGS='-Wl,-O4,--hash-style=gnu,--sort-common,--as-needed,-z,relro,-z,now,-lgomp,-lpthread -march=native -O3 -fgraphite-identity -floop-nest-optimize -fdevirtualize-at-ltrans -fipa-pta -fno-semantic-interposition -flto=12 -fno-signed-zeros -fno-trapping-math -fassociative-math -freciprocal-math -fno-math-errno -ffinite-math-only -fno-rounding-math -fno-signaling-nans -fcx-limited-range -fexcess-precision=fast -fno-plt -fno-common -fuse-linker-plugin -pipe -g0 -fno-stack-protector -fno-stack-clash-protection -fstack-check=no -fno-stack-check'
 [32;01m*[0m MAKEOPTS='-j12'
 [32;01m*[0m gcc (Gentoo 10.1.0 p1) 10.1.0
 [32;01m*[0m g++ (Gentoo 10.1.0 p1) 10.1.0
 [32;01m*[0m GNU ld (Gentoo 9999 p5) 2.34.50.20200520
 [32;01m*[0m Linux ryzen.gnum.org 5.4.36 #1 SMP Thu Apr 30 04:38:28 UTC 2020 x86_64 AMD Ryzen 5 3600 6-Core Processor AuthenticAMD GNU/Linux
[00;01msys-libs/[00;00m[36;01mbinutils-libs[00;00m: [32;01m1[00;00m minute, [32;01m2[00;00m seconds average for [32;01m4[00;00m merges
2020-05-15T03:35:32 >>> [00;01msys-libs/[00;00m[36;01mbinutils-libs[00;00m: [32;01m48[00;00m seconds
2020-05-19T23:38:12 >>> [00;01msys-libs/[00;00m[36;01mbinutils-libs[00;00m: [32;01m6[00;00m seconds
2020-05-20T01:04:26 >>> [00;01msys-libs/[00;00m[36;01mbinutils-libs[00;00m: [32;01m16[00;00m seconds
2020-05-20T14:20:57 >>> [00;01msys-libs/[00;00m[36;01mbinutils-libs[00;00m: [32;01m2[00;00m minutes, [32;01m59[00;00m seconds
]0;emerge 06:02:02 148|1170 binutils-libs 01:07 (root@ryzen.gnum.org)>>> Extracting sys-libs/binutils-libs-2.34-r1
 [32;01m*[39;49;00m checking 37 files for package collisions
>>> Merging sys-libs/binutils-libs-2.34-r1 to /
 [32;01m*[0m removing unneeded *.la files
--- /usr/
--- /usr/lib64/
>>> /usr/lib64/libctf.so.0 -> libctf.so.0.0.0
>>> /usr/lib64/libopcodes.so -> libopcodes-2.34.0.gentoo-sys-libs-binutils-libs-mt-def.so
>>> /usr/lib64/libctf.so -> libctf.so.0.0.0
>>> /usr/lib64/libiberty.a
>>> /usr/lib64/libctf-nobfd.so.0.0.0
>>> /usr/lib64/libctf-nobfd.so -> libctf-nobfd.so.0.0.0
>>> /usr/lib64/libctf.so.0.0.0
>>> /usr/lib64/libopcodes-2.34.0.gentoo-sys-libs-binutils-libs-mt-def.so
>>> /usr/lib64/libbfd-2.34.0.gentoo-sys-libs-binutils-libs-mt-def.so
>>> /usr/lib64/libctf-nobfd.so.0 -> libctf-nobfd.so.0.0.0
>>> /usr/lib64/libbfd.so -> libbfd-2.34.0.gentoo-sys-libs-binutils-libs-mt-def.so
--- /usr/share/
--- /usr/share/info/
>>> /usr/share/info/bfd.info.bz2
--- /usr/include/
>>> /usr/include/bfdlink.h
--- /usr/include/libiberty/
>>> /usr/include/libiberty/fibheap.h
>>> /usr/include/libiberty/libiberty.h
>>> /usr/include/libiberty/timeval-utils.h
>>> /usr/include/libiberty/floatformat.h
>>> /usr/include/libiberty/ansidecl.h
>>> /usr/include/libiberty/objalloc.h
>>> /usr/include/libiberty/demangle.h
>>> /usr/include/libiberty/safe-ctype.h
>>> /usr/include/libiberty/splay-tree.h
>>> /usr/include/libiberty/partition.h
>>> /usr/include/libiberty/hashtab.h
>>> /usr/include/libiberty/dyn-string.h
>>> /usr/include/libiberty/sort.h
>>> /usr/include/bfd_stdint.h
>>> /usr/include/libiberty.h -> libiberty/libiberty.h
>>> /usr/include/symcat.h
>>> /usr/include/bfd.h
>>> /usr/include/plugin-api.h
>>> /usr/include/ansidecl.h
>>> /usr/include/diagnostics.h
>>> /usr/include/dis-asm.h
--- /usr/include/x86_64-pc-linux-gnu/
>>> /usr/include/x86_64-pc-linux-gnu/bfd.h
>>> /usr/include/ctf.h
>>> /usr/include/ctf-api.h
>>> Safely unmerging already-installed instance...
No package files given... Grabbing a set.
--- replaced obj /usr/share/info/bfd.info.bz2
--- replaced dir /usr/share/info
--- replaced dir /usr/share
--- replaced sym /usr/lib64/libopcodes.so
--- replaced obj /usr/lib64/libopcodes-2.34.0.gentoo-sys-libs-binutils-libs-mt-def.so
--- replaced obj /usr/lib64/libiberty.a
--- replaced obj /usr/lib64/libctf.so.0.0.0
--- replaced sym /usr/lib64/libctf.so.0
--- replaced sym /usr/lib64/libctf.so
--- replaced obj /usr/lib64/libctf-nobfd.so.0.0.0
--- replaced sym /usr/lib64/libctf-nobfd.so.0
--- replaced sym /usr/lib64/libctf-nobfd.so
--- replaced sym /usr/lib64/libbfd.so
--- replaced obj /usr/lib64/libbfd-2.34.0.gentoo-sys-libs-binutils-libs-mt-def.so
--- replaced dir /usr/lib64
--- replaced obj /usr/include/x86_64-pc-linux-gnu/bfd.h
--- replaced dir /usr/include/x86_64-pc-linux-gnu
--- replaced obj /usr/include/symcat.h
--- replaced obj /usr/include/plugin-api.h
--- replaced obj /usr/include/libiberty/timeval-utils.h
--- replaced obj /usr/include/libiberty/splay-tree.h
--- replaced obj /usr/include/libiberty/sort.h
--- replaced obj /usr/include/libiberty/safe-ctype.h
--- replaced obj /usr/include/libiberty/partition.h
--- replaced obj /usr/include/libiberty/objalloc.h
--- replaced obj /usr/include/libiberty/libiberty.h
--- replaced obj /usr/include/libiberty/hashtab.h
--- replaced obj /usr/include/libiberty/floatformat.h
--- replaced obj /usr/include/libiberty/fibheap.h
--- replaced obj /usr/include/libiberty/dyn-string.h
--- replaced obj /usr/include/libiberty/demangle.h
--- replaced obj /usr/include/libiberty/ansidecl.h
--- replaced sym /usr/include/libiberty.h
--- replaced dir /usr/include/libiberty
--- replaced obj /usr/include/dis-asm.h
--- replaced obj /usr/include/diagnostics.h
--- replaced obj /usr/include/ctf.h
--- replaced obj /usr/include/ctf-api.h
--- replaced obj /usr/include/bfdlink.h
--- replaced obj /usr/include/bfd_stdint.h
--- replaced obj /usr/include/bfd.h
--- replaced obj /usr/include/ansidecl.h
--- replaced dir /usr/include
--- replaced dir /usr
>>> Regenerating /etc/ld.so.cache...
>>> Original instance of package unmerged safely.
>>> sys-libs/binutils-libs-2.34-r1 merged.
>>> Regenerating /etc/ld.so.cache...
