>>> Extracting info
 * Package:    sys-libs/libutempter-1.2.0
 * Repository: gentoo
 * USE:        amd64 userland_GNU abi_x86_64 elibc_glibc kernel_linux
 * FEATURES:   ccache preserve-libs userpriv
 * FEATURES='assume-digests binpkg-docompress binpkg-dostrip binpkg-logs buildpkg ccache cgroup compress-index config-protect-if-modified distlocks ebuild-locks fixlafiles merge-sync multilib-strict news nodoc parallel-fetch preserve-libs qa-unresolved-soname-deps sfperms strict strict-keepdir unknown-features-warn unmerge-logs unmerge-orphans userfetch userpriv usersync xattr'
 * CFLAGS='-march=znver2 -O2 -pipe -g0 -fno-semantic-interposition -fno-plt -falign-functions=32 -fno-stack-protector -fno-stack-clash-protection -fstack-check=no -fno-stack-check -Wl,-O4 -Wl,-O4,--sort-common,--as-needed,-z,norelro,-z,now,-lgomp,-lpthread'
 * CXXFLAGS='-march=znver2 -O2 -pipe -g0 -fno-semantic-interposition -fno-plt -falign-functions=32 -fno-stack-protector -fno-stack-clash-protection -fstack-check=no -fno-stack-check -Wl,-O4 -Wl,-O4,--sort-common,--as-needed,-z,norelro,-z,now,-lgomp,-lpthread'
 * FFLAGS='-march=znver2 -O2 -pipe -g0 -fno-semantic-interposition -fno-plt -falign-functions=32 -fno-stack-protector -fno-stack-clash-protection -fstack-check=no -fno-stack-check -Wl,-O4 -Wl,-O4,--sort-common,--as-needed,-z,norelro,-z,now,-lgomp,-lpthread'
 * FCFLAGS='-march=znver2 -O2 -pipe -g0 -fno-semantic-interposition -fno-plt -falign-functions=32 -fno-stack-protector -fno-stack-clash-protection -fstack-check=no -fno-stack-check -Wl,-O4 -Wl,-O4,--sort-common,--as-needed,-z,norelro,-z,now,-lgomp,-lpthread'
 * F77FLAGS='-march=znver2 -O2 -pipe -g0 -fno-semantic-interposition -fno-plt -falign-functions=32 -fno-stack-protector -fno-stack-clash-protection -fstack-check=no -fno-stack-check -Wl,-O4 -Wl,-O4,--sort-common,--as-needed,-z,norelro,-z,now,-lgomp,-lpthread'
 * LDFLAGS='-march=znver2 -O2 -pipe -g0 -fno-semantic-interposition -fno-plt -falign-functions=32 -fno-stack-protector -fno-stack-clash-protection -fstack-check=no -fno-stack-check -Wl,-O4,--sort-common,--as-needed,-z,norelro,-z,now,-lgomp,-lpthread'
 * MAKEOPTS='-j12 -l12'
 * x86_64-pc-linux-gnu-gcc (Gentoo 11.0.0_pre9999 p1, commit 184c21bf1cd04a108ed9bd04635e7d57ac39f616) 11.0.0 20200611 (experimental)
 * g++ (Gentoo 11.0.0_pre9999 p1, commit 184c21bf1cd04a108ed9bd04635e7d57ac39f616) 11.0.0 20200611 (experimental)
 * GNU ld (Gentoo 2.34 p4) 2.34.0
 * Linux rescue 5.4.36 #1 SMP Thu Apr 30 04:38:28 UTC 2020 x86_64 AMD Ryzen 5 3600 6-Core Processor AuthenticAMD GNU/Linux
sys-libs/libutempter: 50 seconds average for 17 merges
2020-05-20T01:01:18 >>> sys-libs/libutempter: 4 seconds
2020-05-21T05:59:21 >>> sys-libs/libutempter: 5 seconds
2020-05-22T02:04:21 >>> sys-libs/libutempter: 3 minutes, 17 seconds
2020-05-22T03:16:15 >>> sys-libs/libutempter: 2 minutes, 29 seconds
2020-05-22T12:35:34 >>> sys-libs/libutempter: 2 minutes, 25 seconds
2020-05-23T03:37:14 >>> sys-libs/libutempter: 2 minutes, 23 seconds
2020-05-25T18:22:39 >>> sys-libs/libutempter: 15 seconds
2020-05-26T12:53:22 >>> sys-libs/libutempter: 13 seconds
2020-05-26T13:52:13 >>> sys-libs/libutempter: 7 seconds
2020-05-27T03:10:00 >>> sys-libs/libutempter: 19 seconds
2020-05-28T13:31:03 >>> sys-libs/libutempter: 18 seconds
2020-05-28T14:17:39 >>> sys-libs/libutempter: 9 seconds
2020-05-30T12:37:49 >>> sys-libs/libutempter: 21 seconds
2020-05-30T21:37:49 >>> sys-libs/libutempter: 8 seconds
2020-06-01T01:53:18 >>> sys-libs/libutempter: 17 seconds
2020-06-04T12:09:42 >>> sys-libs/libutempter: 18 seconds
2020-06-13T03:24:29 >>> sys-libs/libutempter: 1 minute, 10 seconds
]0;emerge 20:03:40 136|882 libutempter 00:35 (root@rescue)>>> Extracting sys-libs/libutempter-1.2.0
 * checking 12 files for package collisions
>>> Merging sys-libs/libutempter-1.2.0 to /
 * removing unneeded *.la files
 * >>> SetGID: [chmod o-r] /usr/lib64/misc/utempter/utempter ...
 [ ok ]
--- /usr/
--- /usr/lib64/
>>> /usr/lib64/libutempter.so.1.2.0
--- /usr/lib64/misc/
--- /usr/lib64/misc/utempter/
>>> /usr/lib64/misc/utempter/utempter
>>> /usr/lib64/libutempter.so -> libutempter.so.0
>>> /usr/lib64/libutempter.so.0 -> libutempter.so.1.2.0
--- /usr/share/
--- /usr/share/man/
--- /usr/share/man/man3/
>>> /usr/share/man/man3/utempter_set_helper.3.bz2 -> utempter.3.bz2
>>> /usr/share/man/man3/libutempter.3.bz2 -> utempter.3.bz2
>>> /usr/share/man/man3/utempter_add_record.3.bz2 -> utempter.3.bz2
>>> /usr/share/man/man3/utempter_remove_record.3.bz2 -> utempter.3.bz2
>>> /usr/share/man/man3/utempter_remove_added_record.3.bz2 -> utempter.3.bz2
>>> /usr/share/man/man3/utempter.3.bz2
--- /usr/sbin/
>>> /usr/sbin/utempter -> ../lib64/misc/utempter/utempter
--- /usr/include/
>>> /usr/include/utempter.h
>>> Safely unmerging already-installed instance...
>>> Original instance of package unmerged safely.
>>> sys-libs/libutempter-1.2.0 merged.
>>> Regenerating /etc/ld.so.cache...
