No package files given... Grabbing a set.
--- replaced obj /usr/share/info/standards-2.1.info.bz2
--- replaced obj /usr/share/info/autoconf-2.1.info.bz2
--- replaced dir /usr/share/info
--- replaced obj /usr/share/autoconf/autoheader.m4f
--- replaced obj /usr/share/autoconf/autoheader.m4
--- replaced obj /usr/share/autoconf/autoconf.m4f
--- replaced obj /usr/share/autoconf/autoconf.m4
--- replaced obj /usr/share/autoconf/acspecific.m4
--- replaced obj /usr/share/autoconf/acprograms
--- replaced obj /usr/share/autoconf/acoldnames.m4
--- replaced obj /usr/share/autoconf/acmakevars
--- replaced obj /usr/share/autoconf/acidentifiers
--- replaced obj /usr/share/autoconf/acheaders
--- replaced obj /usr/share/autoconf/acgeneral.m4
--- replaced obj /usr/share/autoconf/acfunctions
--- replaced obj /usr/share/autoconf/acconfig.h
--- replaced dir /usr/share/autoconf
--- replaced dir /usr/share
--- replaced obj /usr/bin/ifnames-2.13
--- replaced obj /usr/bin/autoupdate-2.13
--- replaced obj /usr/bin/autoscan-2.13
--- replaced obj /usr/bin/autoreconf-2.13
--- replaced obj /usr/bin/autoheader-2.13
--- replaced obj /usr/bin/autoconf-2.13
--- replaced dir /usr/bin
--- replaced dir /usr
>>> Regenerating /etc/ld.so.cache...
