 * Package:    sys-devel/binutils-config-5.3.1
 * Repository: gentoo
 * Maintainer: toolchain@gentoo.org
 * USE:        abi_x86_64 amd64 elibc_glibc kernel_linux native-symlinks userland_GNU
 * FEATURES:   ccache network-sandbox preserve-libs userpriv
 * /etc/portage/package.cflags/ltoworkarounds.conf -> */*: *FLAGS+=-Wl,-O4 *FLAGS-=-Wl,-O1
 * FEATURES='assume-digests binpkg-docompress binpkg-dostrip binpkg-logs buildpkg ccache cgroup compress-index config-protect-if-modified distlocks ebuild-locks fixlafiles merge-sync multilib-strict network-sandbox news nodoc parallel-fetch preserve-libs qa-unresolved-soname-deps sfperms strict strict-keepdir unknown-features-warn unmerge-logs unmerge-orphans userfetch userpriv usersync xattr'
 * CFLAGS='-O2 -pipe -Wl,-O4 -Wl,-O4,--sort-common,--as-needed,-z,norelro,-z,now'
 * CXXFLAGS='-O2 -pipe -Wl,-O4 -Wl,-O4,--sort-common,--as-needed,-z,norelro,-z,now'
 * FFLAGS='-O2 -pipe -Wl,-O4 -Wl,-O4,--sort-common,--as-needed,-z,norelro,-z,now'
 * FCFLAGS='-O2 -pipe -Wl,-O4 -Wl,-O4,--sort-common,--as-needed,-z,norelro,-z,now'
 * F77FLAGS='-O2 -pipe -Wl,-O4 -Wl,-O4,--sort-common,--as-needed,-z,norelro,-z,now'
 * LDFLAGS='-Wl,-O4,--sort-common,--as-needed,-z,norelro,-z,now'
 * MAKEOPTS='-j12 -l12'
 * gcc (Gentoo 11.0.0_pre9999 p1, commit 184c21bf1cd04a108ed9bd04635e7d57ac39f616) 11.0.0 20200611 (experimental)
 * g++ (Gentoo 11.0.0_pre9999 p1, commit 184c21bf1cd04a108ed9bd04635e7d57ac39f616) 11.0.0 20200611 (experimental)
 * GNU ld (Gentoo 2.34 p4) 2.34.0
 * Linux rescue 5.4.36 #1 SMP Thu Apr 30 04:38:28 UTC 2020 x86_64 AMD Ryzen 5 3600 6-Core Processor AuthenticAMD GNU/Linux
sys-devel/binutils-config: 1 minute, 50 seconds average for 25 merges
2020-05-16T18:58:04 >>> sys-devel/binutils-config: 8 seconds
2020-05-16T20:47:36 >>> sys-devel/binutils-config: 8 seconds
2020-05-20T01:01:11 >>> sys-devel/binutils-config: 40 seconds
2020-05-21T05:58:08 >>> sys-devel/binutils-config: 6 seconds
2020-05-22T02:04:06 >>> sys-devel/binutils-config: 2 minutes, 37 seconds
2020-05-22T03:15:59 >>> sys-devel/binutils-config: 1 minute, 55 seconds
2020-05-22T12:35:20 >>> sys-devel/binutils-config: 1 minute, 40 seconds
2020-05-23T03:36:59 >>> sys-devel/binutils-config: 1 minute, 44 seconds
2020-05-23T21:44:21 >>> sys-devel/binutils-config: 11 seconds
2020-05-24T23:32:43 >>> sys-devel/binutils-config: 4 minutes, 33 seconds
2020-05-25T03:06:01 >>> sys-devel/binutils-config: 18 seconds
2020-05-25T18:22:20 >>> sys-devel/binutils-config: 1 minute, 44 seconds
2020-05-25T19:56:49 >>> sys-devel/binutils-config: 57 seconds
2020-05-26T12:52:42 >>> sys-devel/binutils-config: 3 minutes, 23 seconds
2020-05-26T13:52:02 >>> sys-devel/binutils-config: 42 seconds
2020-05-27T01:31:23 >>> sys-devel/binutils-config: 23 seconds
2020-05-27T03:09:39 >>> sys-devel/binutils-config: 2 minutes, 34 seconds
2020-05-28T13:30:41 >>> sys-devel/binutils-config: 1 minute, 47 seconds
2020-05-28T14:17:30 >>> sys-devel/binutils-config: 45 seconds
2020-05-29T01:39:09 >>> sys-devel/binutils-config: 29 seconds
2020-05-30T12:37:30 >>> sys-devel/binutils-config: 2 minutes, 35 seconds
2020-05-30T21:37:39 >>> sys-devel/binutils-config: 44 seconds
2020-06-01T01:52:55 >>> sys-devel/binutils-config: 1 minute, 47 seconds
2020-06-04T12:09:16 >>> sys-devel/binutils-config: 11 minutes, 38 seconds
2020-06-12T01:22:49 >>> sys-devel/binutils-config: 2 minutes, 25 seconds
]0;emerge 03:21:21 63|907 binutils-config 05:17 (root@rescue)kemerge 03:21:21 63|907 binutils-config 05:17 (root@rescue)\>>> Unpacking source...
>>> Unpacking binutils-config-5.3.1.tar.xz to /tmp/portage/sys-devel/binutils-config-5.3.1/work
>>> Source unpacked in /tmp/portage/sys-devel/binutils-config-5.3.1/work
>>> Preparing source in /tmp/portage/sys-devel/binutils-config-5.3.1/work/binutils-config-5.3.1 ...
>>> Source prepared.
>>> Configuring source in /tmp/portage/sys-devel/binutils-config-5.3.1/work/binutils-config-5.3.1 ...
>>> Source configured.
>>> Compiling source in /tmp/portage/sys-devel/binutils-config-5.3.1/work/binutils-config-5.3.1 ...
make -j12 -l12 DESTDIR=/tmp/portage/sys-devel/binutils-config-5.3.1/image PV=5.3.1 USE_NATIVE_LINKS=yes 
sed \
	-e 's:@GENTOO_EPREFIX@::g' \
	-e 's:@PV@:5.3.1:g' \
	-e 's:@USE_NATIVE_LINKS@:yes:g' \
	src/binutils-config > .binutils-config
chmod a+rx .binutils-config
>>> Source compiled.
>>> Test phase [not enabled]: sys-devel/binutils-config-5.3.1

>>> Install sys-devel/binutils-config-5.3.1 into /tmp/portage/sys-devel/binutils-config-5.3.1/image
make -j12 -l12 DESTDIR=/tmp/portage/sys-devel/binutils-config-5.3.1/image PV=5.3.1 install 
mkdir -p -m 755 /tmp/portage/sys-devel/binutils-config-5.3.1/image/usr/bin /tmp/portage/sys-devel/binutils-config-5.3.1/image/usr/share/doc/binutils-config-5.3.1 /tmp/portage/sys-devel/binutils-config-5.3.1/image/usr/share/eselect/modules /tmp/portage/sys-devel/binutils-config-5.3.1/image/usr/share/man/man8
install -m 755  .binutils-config /tmp/portage/sys-devel/binutils-config-5.3.1/image/usr/bin/binutils-config
install -m 644 README /tmp/portage/sys-devel/binutils-config-5.3.1/image/usr/share/doc/binutils-config-5.3.1
install -m 644 src/binutils.eselect /tmp/portage/sys-devel/binutils-config-5.3.1/image/usr/share/eselect/modules
install -m 644 src/binutils-config.8 /tmp/portage/sys-devel/binutils-config-5.3.1/image/usr/share/man/man8
>>> Completed installing sys-devel/binutils-config-5.3.1 into /tmp/portage/sys-devel/binutils-config-5.3.1/image

 * Final size of build directory: 60 KiB
 * Final size of installed tree:  68 KiB

./
./usr/
./usr/bin/
./usr/bin/binutils-config
./usr/share/
./usr/share/man/
./usr/share/man/man8/
./usr/share/man/man8/binutils-config.8.bz2
./usr/share/eselect/
./usr/share/eselect/modules/
./usr/share/eselect/modules/binutils.eselect
./usr/share/doc/
./usr/share/doc/binutils-config-5.3.1/
./usr/share/doc/binutils-config-5.3.1/README.bz2
>>> Done.
 * checking 3 files for package collisions
>>> Merging sys-devel/binutils-config-5.3.1 to /
 * removing unneeded *.la files
--- /usr/
--- /usr/share/
--- /usr/share/eselect/
--- /usr/share/eselect/modules/
>>> /usr/share/eselect/modules/binutils.eselect
--- /usr/share/man/
--- /usr/share/man/man8/
>>> /usr/share/man/man8/binutils-config.8.bz2
--- /usr/bin/
>>> /usr/bin/binutils-config
>>> Safely unmerging already-installed instance...
>>> Original instance of package unmerged safely.
 * Switching to x86_64-pc-linux-gnu-2.34 ...                                                                                                                                                                                           [ ok ]
!!! Repository 'R_Overlay' is missing masters attribute in '/var/db/repos/R_Overlay/metadata/layout.conf'
!!! Set 'masters = gentoo' in this file for future compatibility
!!! Repository 'graaff' is missing masters attribute in '/var/db/repos/graaff/metadata/layout.conf'
!!! Set 'masters = gentoo' in this file for future compatibility

 * Please remember to run:

 *   # . /etc/profile

>>> sys-devel/binutils-config-5.3.1 merged.
