>>> Extracting info
 * Package:    sys-devel/automake-1.16.2
 * Repository: gentoo
 * USE:        amd64 abi_x86_64 kernel_linux userland_GNU elibc_glibc
 * FEATURES:   ccache network-sandbox preserve-libs sandbox userpriv usersandbox
 * FEATURES='buildpkg unmerge-backup ipc-sandbox binpkg-dostrip pid-sandbox unmerge-logs downgrade-backup usersandbox usersync sfperms distlocks config-protect-if-modified merge-sync strict news parallel-fetch qa-unresolved-soname-deps unmerge-orphans userpriv fixlafiles unknown-features-warn ccache multilib-strict nodoc parallel-install binpkg-logs assume-digests compress-index sandbox network-sandbox xattr userfetch binpkg-docompress preserve-libs cgroup binpkg-multi-instance'
 * CFLAGS='-march=native -O3 -fgraphite-identity -floop-nest-optimize -fdevirtualize-at-ltrans -fipa-pta -fno-semantic-interposition -flto=12 -fno-signed-zeros -fno-trapping-math -fassociative-math -freciprocal-math -fno-math-errno -ffinite-math-only -fno-rounding-math -fno-signaling-nans -fcx-limited-range -fexcess-precision=fast -fno-plt -fno-common -fuse-linker-plugin -pipe -g0 -fno-stack-protector -fno-stack-clash-protection -fstack-check=no -fno-stack-check -Wl,-O4,--hash-style=gnu,--sort-common,--as-needed,-z,relro,-z,now,-lgomp,-lpthread'
 * CXXFLAGS='-march=native -O3 -fgraphite-identity -floop-nest-optimize -fdevirtualize-at-ltrans -fipa-pta -fno-semantic-interposition -flto=12 -fno-signed-zeros -fno-trapping-math -fassociative-math -freciprocal-math -fno-math-errno -ffinite-math-only -fno-rounding-math -fno-signaling-nans -fcx-limited-range -fexcess-precision=fast -fno-plt -fno-common -fuse-linker-plugin -pipe -g0 -fno-stack-protector -fno-stack-clash-protection -fstack-check=no -fno-stack-check -Wl,-O4,--hash-style=gnu,--sort-common,--as-needed,-z,relro,-z,now,-lgomp,-lpthread'
 * FFLAGS='-march=native -O3 -fgraphite-identity -floop-nest-optimize -fdevirtualize-at-ltrans -fipa-pta -fno-semantic-interposition -flto=12 -fno-signed-zeros -fno-trapping-math -fassociative-math -freciprocal-math -fno-math-errno -ffinite-math-only -fno-rounding-math -fno-signaling-nans -fcx-limited-range -fexcess-precision=fast -fno-plt -fno-common -fuse-linker-plugin -pipe -g0 -fno-stack-protector -fno-stack-clash-protection -fstack-check=no -fno-stack-check -Wl,-O4,--hash-style=gnu,--sort-common,--as-needed,-z,relro,-z,now,-lgomp,-lpthread'
 * FCFLAGS='-march=native -O3 -fgraphite-identity -floop-nest-optimize -fdevirtualize-at-ltrans -fipa-pta -fno-semantic-interposition -flto=12 -fno-signed-zeros -fno-trapping-math -fassociative-math -freciprocal-math -fno-math-errno -ffinite-math-only -fno-rounding-math -fno-signaling-nans -fcx-limited-range -fexcess-precision=fast -fno-plt -fno-common -fuse-linker-plugin -pipe -g0 -fno-stack-protector -fno-stack-clash-protection -fstack-check=no -fno-stack-check -Wl,-O4,--hash-style=gnu,--sort-common,--as-needed,-z,relro,-z,now,-lgomp,-lpthread'
 * F77FLAGS='-march=native -O3 -fgraphite-identity -floop-nest-optimize -fdevirtualize-at-ltrans -fipa-pta -fno-semantic-interposition -flto=12 -fno-signed-zeros -fno-trapping-math -fassociative-math -freciprocal-math -fno-math-errno -ffinite-math-only -fno-rounding-math -fno-signaling-nans -fcx-limited-range -fexcess-precision=fast -fno-plt -fno-common -fuse-linker-plugin -pipe -g0 -fno-stack-protector -fno-stack-clash-protection -fstack-check=no -fno-stack-check -Wl,-O4,--hash-style=gnu,--sort-common,--as-needed,-z,relro,-z,now,-lgomp,-lpthread'
 * LDFLAGS='-Wl,-O4,--hash-style=gnu,--sort-common,--as-needed,-z,relro,-z,now,-lgomp,-lpthread -march=native -O3 -fgraphite-identity -floop-nest-optimize -fdevirtualize-at-ltrans -fipa-pta -fno-semantic-interposition -flto=12 -fno-signed-zeros -fno-trapping-math -fassociative-math -freciprocal-math -fno-math-errno -ffinite-math-only -fno-rounding-math -fno-signaling-nans -fcx-limited-range -fexcess-precision=fast -fno-plt -fno-common -fuse-linker-plugin -pipe -g0 -fno-stack-protector -fno-stack-clash-protection -fstack-check=no -fno-stack-check'
 * MAKEOPTS='-j12'
 * gcc (Gentoo 10.1.0 p1) 10.1.0
 * g++ (Gentoo 10.1.0 p1) 10.1.0
 * GNU ld (Gentoo 2.34 p1) 2.34.0
 * Linux ryzen.gnum.org 5.4.36 #1 SMP Thu Apr 30 04:38:28 UTC 2020 x86_64 AMD Ryzen 5 3600 6-Core Processor AuthenticAMD GNU/Linux
]0;emerge 01:20:19 324|738 automake (root@ryzen.gnum.org)>>> Extracting sys-devel/automake-1.16.2
 * checking 117 files for package collisions
[32;01m * [39;49;00mBuilding package for sys-devel/automake-1.16.1-r1 ...                 [34;01m[ [39;49;00m[32;01mok[39;49;00m[34;01m ][39;49;00m
[32;01m * [39;49;00mPackages now in '/usr/portage/packages':
[32;01m * [39;49;00msys-devel/automake-1.16.1-r1: 768K

>>> Merging sys-devel/automake-1.16.2 to /
 * removing unneeded *.la files
--- /usr/
--- /usr/share/
--- /usr/share/automake-1.16/
>>> /usr/share/automake-1.16/config.sub -> ../gnuconfig/config.sub
>>> /usr/share/automake-1.16/install-sh
--- /usr/share/automake-1.16/am/
>>> /usr/share/automake-1.16/am/data.am
>>> /usr/share/automake-1.16/am/check2.am
>>> /usr/share/automake-1.16/am/subdirs.am
>>> /usr/share/automake-1.16/am/lex.am
>>> /usr/share/automake-1.16/am/java.am
>>> /usr/share/automake-1.16/am/ltlibrary.am
>>> /usr/share/automake-1.16/am/tags.am
>>> /usr/share/automake-1.16/am/dejagnu.am
>>> /usr/share/automake-1.16/am/yacc.am
>>> /usr/share/automake-1.16/am/inst-vars.am
>>> /usr/share/automake-1.16/am/texinfos.am
>>> /usr/share/automake-1.16/am/lang-compile.am
>>> /usr/share/automake-1.16/am/header.am
>>> /usr/share/automake-1.16/am/library.am
>>> /usr/share/automake-1.16/am/compile.am
>>> /usr/share/automake-1.16/am/clean.am
>>> /usr/share/automake-1.16/am/progs.am
>>> /usr/share/automake-1.16/am/texibuild.am
>>> /usr/share/automake-1.16/am/check.am
>>> /usr/share/automake-1.16/am/mans.am
>>> /usr/share/automake-1.16/am/install.am
>>> /usr/share/automake-1.16/am/ltlib.am
>>> /usr/share/automake-1.16/am/configure.am
>>> /usr/share/automake-1.16/am/mans-vars.am
>>> /usr/share/automake-1.16/am/libs.am
>>> /usr/share/automake-1.16/am/distdir.am
>>> /usr/share/automake-1.16/am/depend.am
>>> /usr/share/automake-1.16/am/python.am
>>> /usr/share/automake-1.16/am/libtool.am
>>> /usr/share/automake-1.16/am/texi-vers.am
>>> /usr/share/automake-1.16/am/program.am
>>> /usr/share/automake-1.16/am/depend2.am
>>> /usr/share/automake-1.16/am/scripts.am
>>> /usr/share/automake-1.16/am/clean-hdr.am
>>> /usr/share/automake-1.16/am/remake-hdr.am
>>> /usr/share/automake-1.16/am/header-vars.am
>>> /usr/share/automake-1.16/am/lisp.am
>>> /usr/share/automake-1.16/am/vala.am
>>> /usr/share/automake-1.16/am/footer.am
>>> /usr/share/automake-1.16/INSTALL
>>> /usr/share/automake-1.16/config.guess -> ../gnuconfig/config.guess
>>> /usr/share/automake-1.16/missing
>>> /usr/share/automake-1.16/test-driver
>>> /usr/share/automake-1.16/COPYING
>>> /usr/share/automake-1.16/texinfo.tex
--- /usr/share/automake-1.16/Automake/
>>> /usr/share/automake-1.16/Automake/XFile.pm
>>> /usr/share/automake-1.16/Automake/DisjConditions.pm
>>> /usr/share/automake-1.16/Automake/VarDef.pm
>>> /usr/share/automake-1.16/Automake/General.pm
>>> /usr/share/automake-1.16/Automake/ChannelDefs.pm
>>> /usr/share/automake-1.16/Automake/Getopt.pm
>>> /usr/share/automake-1.16/Automake/ItemDef.pm
>>> /usr/share/automake-1.16/Automake/Condition.pm
>>> /usr/share/automake-1.16/Automake/Item.pm
>>> /usr/share/automake-1.16/Automake/FileUtils.pm
>>> /usr/share/automake-1.16/Automake/Location.pm
>>> /usr/share/automake-1.16/Automake/Variable.pm
>>> /usr/share/automake-1.16/Automake/Rule.pm
>>> /usr/share/automake-1.16/Automake/Version.pm
>>> /usr/share/automake-1.16/Automake/Language.pm
>>> /usr/share/automake-1.16/Automake/RuleDef.pm
>>> /usr/share/automake-1.16/Automake/Wrap.pm
>>> /usr/share/automake-1.16/Automake/Options.pm
>>> /usr/share/automake-1.16/Automake/Config.pm
>>> /usr/share/automake-1.16/Automake/Configure_ac.pm
>>> /usr/share/automake-1.16/Automake/Channels.pm
>>> /usr/share/automake-1.16/depcomp
>>> /usr/share/automake-1.16/ylwrap
>>> /usr/share/automake-1.16/tap-driver.sh
>>> /usr/share/automake-1.16/mkinstalldirs
>>> /usr/share/automake-1.16/ar-lib
>>> /usr/share/automake-1.16/compile
>>> /usr/share/automake-1.16/mdate-sh
>>> /usr/share/automake-1.16/py-compile
--- /usr/share/man/
--- /usr/share/man/man1/
>>> /usr/share/man/man1/automake-1.16.1.bz2
>>> /usr/share/man/man1/aclocal-1.16.1.bz2
--- /usr/share/aclocal-1.16/
>>> /usr/share/aclocal-1.16/lispdir.m4
>>> /usr/share/aclocal-1.16/strip.m4
>>> /usr/share/aclocal-1.16/runlog.m4
>>> /usr/share/aclocal-1.16/depout.m4
>>> /usr/share/aclocal-1.16/maintainer.m4
>>> /usr/share/aclocal-1.16/extra-recurs.m4
>>> /usr/share/aclocal-1.16/make.m4
>>> /usr/share/aclocal-1.16/prog-cc-c-o.m4
>>> /usr/share/aclocal-1.16/dmalloc.m4
>>> /usr/share/aclocal-1.16/upc.m4
>>> /usr/share/aclocal-1.16/lex.m4
--- /usr/share/aclocal-1.16/internal/
>>> /usr/share/aclocal-1.16/internal/ac-config-macro-dirs.m4
>>> /usr/share/aclocal-1.16/ar-lib.m4
>>> /usr/share/aclocal-1.16/python.m4
>>> /usr/share/aclocal-1.16/mkdirp.m4
>>> /usr/share/aclocal-1.16/vala.m4
>>> /usr/share/aclocal-1.16/lead-dot.m4
>>> /usr/share/aclocal-1.16/install-sh.m4
>>> /usr/share/aclocal-1.16/amversion.m4
>>> /usr/share/aclocal-1.16/options.m4
>>> /usr/share/aclocal-1.16/auxdir.m4
>>> /usr/share/aclocal-1.16/init.m4
>>> /usr/share/aclocal-1.16/gcj.m4
>>> /usr/share/aclocal-1.16/missing.m4
>>> /usr/share/aclocal-1.16/cond.m4
>>> /usr/share/aclocal-1.16/depend.m4
>>> /usr/share/aclocal-1.16/cond-if.m4
>>> /usr/share/aclocal-1.16/substnot.m4
>>> /usr/share/aclocal-1.16/as.m4
>>> /usr/share/aclocal-1.16/tar.m4
>>> /usr/share/aclocal-1.16/obsolete.m4
>>> /usr/share/aclocal-1.16/silent.m4
>>> /usr/share/aclocal-1.16/sanity.m4
--- /usr/share/info/
>>> /usr/share/info/automake-1.16.info.bz2
>>> /usr/share/info/automake-1.16.info-1.bz2
>>> /usr/share/info/automake-history-1.16.info.bz2
>>> /usr/share/info/automake-1.16.info-2.bz2
--- /usr/bin/
>>> /usr/bin/automake-1.16
>>> /usr/bin/aclocal-1.16
>>> Safely unmerging already-installed instance...
>>> Original instance of package unmerged safely.
>>> sys-devel/automake-1.16.2 merged.
