 * Package:    sys-apps/net-tools-1.60_p20180626073013
 * Repository: gentoo
 * Maintainer: base-system@gentoo.org
 * USE:        abi_x86_64 amd64 arp elibc_glibc hostname kernel_linux userland_GNU
 * FEATURES:   ccache network-sandbox preserve-libs sandbox userpriv usersandbox
 * FEATURES='assume-digests binpkg-docompress binpkg-dostrip binpkg-logs binpkg-multi-instance buildpkg ccache cgroup compress-index config-protect-if-modified distlocks downgrade-backup fixlafiles ipc-sandbox merge-sync multilib-strict network-sandbox news nodoc parallel-fetch parallel-install pid-sandbox preserve-libs qa-unresolved-soname-deps sandbox sfperms strict strict-keepdir unknown-features-warn unmerge-backup unmerge-logs unmerge-orphans userfetch userpriv usersandbox usersync xattr'
 * CFLAGS='-march=native -O3 -fgraphite-identity -floop-nest-optimize -fdevirtualize-at-ltrans -fipa-pta -fno-semantic-interposition -flto=12 -fno-plt -fno-signed-zeros -fno-trapping-math -fassociative-math -freciprocal-math -fno-math-errno -ffinite-math-only -fno-rounding-math -fno-signaling-nans -fcx-limited-range -fexcess-precision=fast -fno-signed-zeros -fno-trapping-math -fassociative-math -freciprocal-math -fno-math-errno -ffinite-math-only -fno-rounding-math -fno-signaling-nans -fcx-limited-range -fexcess-precision=fast -fuse-linker-plugin -pipe -g0 -fno-stack-protector -fno-stack-clash-protection -fstack-check=no -fno-stack-check -Wl,-O1 -Wl,--as-needed -Wl,-O4,--hash-style=gnu,--sort-common,--as-needed,-z,relro,-z,now,-lgomp,-lpthread'
 * CXXFLAGS='-march=native -O3 -fgraphite-identity -floop-nest-optimize -fdevirtualize-at-ltrans -fipa-pta -fno-semantic-interposition -flto=12 -fno-plt -fno-signed-zeros -fno-trapping-math -fassociative-math -freciprocal-math -fno-math-errno -ffinite-math-only -fno-rounding-math -fno-signaling-nans -fcx-limited-range -fexcess-precision=fast -fno-signed-zeros -fno-trapping-math -fassociative-math -freciprocal-math -fno-math-errno -ffinite-math-only -fno-rounding-math -fno-signaling-nans -fcx-limited-range -fexcess-precision=fast -fuse-linker-plugin -pipe -g0 -fno-stack-protector -fno-stack-clash-protection -fstack-check=no -fno-stack-check -Wl,-O1 -Wl,--as-needed -Wl,-O4,--hash-style=gnu,--sort-common,--as-needed,-z,relro,-z,now,-lgomp,-lpthread'
 * FFLAGS='-march=native -O3 -fgraphite-identity -floop-nest-optimize -fdevirtualize-at-ltrans -fipa-pta -fno-semantic-interposition -flto=12 -fno-plt -fno-signed-zeros -fno-trapping-math -fassociative-math -freciprocal-math -fno-math-errno -ffinite-math-only -fno-rounding-math -fno-signaling-nans -fcx-limited-range -fexcess-precision=fast -fno-signed-zeros -fno-trapping-math -fassociative-math -freciprocal-math -fno-math-errno -ffinite-math-only -fno-rounding-math -fno-signaling-nans -fcx-limited-range -fexcess-precision=fast -fuse-linker-plugin -pipe -g0 -fno-stack-protector -fno-stack-clash-protection -fstack-check=no -fno-stack-check -Wl,-O1 -Wl,--as-needed -Wl,-O4,--hash-style=gnu,--sort-common,--as-needed,-z,relro,-z,now,-lgomp,-lpthread'
 * FCFLAGS='-march=native -O3 -fgraphite-identity -floop-nest-optimize -fdevirtualize-at-ltrans -fipa-pta -fno-semantic-interposition -flto=12 -fno-plt -fno-signed-zeros -fno-trapping-math -fassociative-math -freciprocal-math -fno-math-errno -ffinite-math-only -fno-rounding-math -fno-signaling-nans -fcx-limited-range -fexcess-precision=fast -fno-signed-zeros -fno-trapping-math -fassociative-math -freciprocal-math -fno-math-errno -ffinite-math-only -fno-rounding-math -fno-signaling-nans -fcx-limited-range -fexcess-precision=fast -fuse-linker-plugin -pipe -g0 -fno-stack-protector -fno-stack-clash-protection -fstack-check=no -fno-stack-check -Wl,-O1 -Wl,--as-needed -Wl,-O4,--hash-style=gnu,--sort-common,--as-needed,-z,relro,-z,now,-lgomp,-lpthread'
 * F77FLAGS='-march=native -O3 -fgraphite-identity -floop-nest-optimize -fdevirtualize-at-ltrans -fipa-pta -fno-semantic-interposition -flto=12 -fno-plt -fno-signed-zeros -fno-trapping-math -fassociative-math -freciprocal-math -fno-math-errno -ffinite-math-only -fno-rounding-math -fno-signaling-nans -fcx-limited-range -fexcess-precision=fast -fno-signed-zeros -fno-trapping-math -fassociative-math -freciprocal-math -fno-math-errno -ffinite-math-only -fno-rounding-math -fno-signaling-nans -fcx-limited-range -fexcess-precision=fast -fuse-linker-plugin -pipe -g0 -fno-stack-protector -fno-stack-clash-protection -fstack-check=no -fno-stack-check -Wl,-O1 -Wl,--as-needed -Wl,-O4,--hash-style=gnu,--sort-common,--as-needed,-z,relro,-z,now,-lgomp,-lpthread'
 * LDFLAGS='-Wl,-O1 -Wl,--as-needed -Wl,-O4,--hash-style=gnu,--sort-common,--as-needed,-z,relro,-z,now,-lgomp,-lpthread -march=native -O3 -fgraphite-identity -floop-nest-optimize -fdevirtualize-at-ltrans -fipa-pta -fno-semantic-interposition -flto=12 -fno-plt -fno-signed-zeros -fno-trapping-math -fassociative-math -freciprocal-math -fno-math-errno -ffinite-math-only -fno-rounding-math -fno-signaling-nans -fcx-limited-range -fexcess-precision=fast -fuse-linker-plugin -pipe -g0 -fno-stack-protector -fno-stack-clash-protection -fstack-check=no -fno-stack-check'
 * MAKEOPTS='-j12'
 * gcc (Gentoo 10.1.0 p1) 10.1.0
 * g++ (Gentoo 10.1.0 p1) 10.1.0
 * GNU ld (Gentoo 2.34 p1) 2.34.0
 * Linux ryzen.gnum.org 5.4.36 #1 SMP Thu Apr 30 04:38:28 UTC 2020 x86_64 AMD Ryzen 5 3600 6-Core Processor AuthenticAMD GNU/Linux
sys-apps/net-tools: 10 seconds average for 5 merges
2020-05-16T03:29:32 >>> sys-apps/net-tools: 8 seconds
2020-05-16T14:45:20 >>> sys-apps/net-tools: 7 seconds
2020-05-19T23:38:08 >>> sys-apps/net-tools: 4 seconds
2020-05-20T01:02:49 >>> sys-apps/net-tools: 29 seconds
2020-05-21T06:01:14 >>> sys-apps/net-tools: 5 seconds
]0;emerge 03:19:22 145|1177 net-tools 00:13 (root@ryzen.gnum.org)>>> Unpacking source...
>>> Unpacking net-tools-1.60_p20180626073013.tar.xz to /tmp/portage/sys-apps/net-tools-1.60_p20180626073013/work
>>> Source unpacked in /tmp/portage/sys-apps/net-tools-1.60_p20180626073013/work
>>> Preparing source in /tmp/portage/sys-apps/net-tools-1.60_p20180626073013/work/net-tools-1.60_p20180626073013 ...
>>> Source prepared.
>>> Configuring source in /tmp/portage/sys-apps/net-tools-1.60_p20180626073013/work/net-tools-1.60_p20180626073013 ...
 * Setting option I18N to n
 * Setting option HAVE_AFINET6 to n
 * Setting option HAVE_HWIB to y
 * Setting option HAVE_HWTR to n
 * Setting option HAVE_HWSTRIP to n
 * Setting option HAVE_SELINUX to n
 * Setting option HAVE_ARP_TOOLS to y
 * Setting option HAVE_HOSTNAME_TOOLS to y
 * Setting option HAVE_HOSTNAME_SYMLINKS to n
 * Setting option HAVE_PLIP_TOOLS to n
 * Setting option HAVE_SERIAL_TOOLS to n

######################################################
Notice: ifconfig and route are now installed into /bin
######################################################

*
*
*              Internationalization
*
* The net-tools package has currently been translated to French,
* German and Brazilian Portugese.  Other translations are, of
* course, welcome.  Answer `n' here if you have no support for
* internationalization on your system.
*
Does your system support GNU gettext? (I18N) [n] *
*
*             Protocol Families.
*
UNIX protocol family (HAVE_AFUNIX) [y] INET (TCP/IP) protocol family (HAVE_AFINET) [y] INET6 (IPv6) protocol family (HAVE_AFINET6) [n] Novell IPX/SPX protocol family (HAVE_AFIPX) [y] Appletalk DDP protocol family (HAVE_AFATALK) [y] AX25 (packet radio) protocol family (HAVE_AFAX25) [y] NET/ROM (packet radio) protocol family (HAVE_AFNETROM) [y] Rose (packet radio) protocol family (HAVE_AFROSE) [y] X.25 (CCITT) protocol family (HAVE_AFX25) [y] Econet protocol family (HAVE_AFECONET) [n] DECnet protocol family (HAVE_AFDECnet) [n] Ash protocol family (HAVE_AFASH) [y] Bluetooth protocol family (HAVE_AFBLUETOOTH) [n] *
*
*            Device Hardware types.
*
Ethernet (generic) support (HAVE_HWETHER) [y] ARCnet support (HAVE_HWARC) [y] SLIP (serial line) support (HAVE_HWSLIP) [y] PPP (serial line) support (HAVE_HWPPP) [y] IPIP Tunnel support (HAVE_HWTUNNEL) [y] STRIP (Metricom radio) support (HAVE_HWSTRIP) [n] Token ring (generic) support (HAVE_HWTR) [n] AX25 (packet radio) support (HAVE_HWAX25) [y] Rose (packet radio) support (HAVE_HWROSE) [y] NET/ROM (packet radio) support (HAVE_HWNETROM) [y] X.25 (generic) support (HAVE_HWX25) [y] DLCI/FRAD (frame relay) support (HAVE_HWFR) [y] SIT (IPv6-in-IPv4) support (HAVE_HWSIT) [y] FDDI (generic) support (HAVE_HWFDDI) [y] HIPPI (generic) support (HAVE_HWHIPPI) [y] Ash hardware support (HAVE_HWASH) [y] (Cisco)-HDLC/LAPB support (HAVE_HWHDLCLAPB) [y] IrDA support (HAVE_HWIRDA) [y] Econet hardware support (HAVE_HWEC) [n] Generic EUI-64 hardware support (HAVE_HWEUI64) [y] InfiniBand hardware support (HAVE_HWIB) [y] *
*
*           Other Features.
*
IP Masquerading support (HAVE_FW_MASQUERADE) [y] Build arp and rarp (HAVE_ARP_TOOLS) [y] Build hostname (HAVE_HOSTNAME_TOOLS) [y] Install hostname NIS/YP symlinks (HAVE_HOSTNAME_SYMLINKS) [n] Build iptunnel and ipmaddr (HAVE_IP_TOOLS) [y] Build mii-tool (HAVE_MII) [y] Build plipconfig (HAVE_PLIP_TOOLS) [n] Build slattach (HAVE_SERIAL_TOOLS) [n] SELinux support (HAVE_SELINUX) [n] >>> Source configured.
>>> Compiling source in /tmp/portage/sys-apps/net-tools-1.60_p20180626073013/work/net-tools-1.60_p20180626073013 ...
make -j12 
make: symbol lookup error: //usr/lib64/libltdl.so.7: undefined symbol: lt_libltdl_LTX_preloaded_symbols
 * ERROR: sys-apps/net-tools-1.60_p20180626073013::gentoo failed (compile phase):
 *   emake failed
 * 
 * If you need support, post the output of `emerge --info '=sys-apps/net-tools-1.60_p20180626073013::gentoo'`,
 * the complete build log and the output of `emerge -pqv '=sys-apps/net-tools-1.60_p20180626073013::gentoo'`.
 * The complete build log is located at '/var/log/emerge-log/sys-apps:net-tools-1.60_p20180626073013:20200522-011921.log'.
 * For convenience, a symlink to the build log is located at '/tmp/portage/sys-apps/net-tools-1.60_p20180626073013/temp/build.log'.
 * The ebuild environment file is located at '/tmp/portage/sys-apps/net-tools-1.60_p20180626073013/temp/environment'.
 * Working directory: '/tmp/portage/sys-apps/net-tools-1.60_p20180626073013/work/net-tools-1.60_p20180626073013'
 * S: '/tmp/portage/sys-apps/net-tools-1.60_p20180626073013/work/net-tools-1.60_p20180626073013'
