>>> Extracting info
 * Package:    sys-apps/shadow-4.8.1-r2
 * Repository: gentoo
 * USE:        bcrypt acl elibc_glibc cracklib amd64 abi_x86_64 su pam kernel_linux userland_GNU xattr split-usr
 * FEATURES:   ccache network-sandbox preserve-libs sandbox userpriv usersandbox
 * /etc/portage/package.cflags/ltoworkarounds.conf -> */*: *FLAGS+=-Wl,-O4 *FLAGS-=-Wl,-O1
 * FEATURES='assume-digests binpkg-docompress binpkg-dostrip binpkg-logs binpkg-multi-instance buildpkg ccache cgroup compress-index config-protect-if-modified distlocks fixlafiles ipc-sandbox merge-sync multilib-strict network-sandbox news nodoc parallel-fetch parallel-install pid-sandbox preserve-libs qa-unresolved-soname-deps sandbox sfperms strict strict-keepdir unknown-features-warn unmerge-logs unmerge-orphans userfetch userpriv usersandbox usersync xattr'
 * CFLAGS='-march=znver2 -O3 -fgraphite-identity -floop-nest-optimize -fdevirtualize-at-ltrans -fipa-pta -fno-semantic-interposition -flto=12 -fno-plt -fno-signed-zeros -fno-trapping-math -fassociative-math -freciprocal-math -fno-math-errno -ffinite-math-only -fno-rounding-math -fno-signaling-nans -fcx-limited-range -fexcess-precision=fast -falign-functions=32 -fno-stack-protector -fno-stack-clash-protection -fstack-check=no -fno-stack-check -fuse-linker-plugin -pipe -g0 -Wl,--as-needed -Wl,-z,norelro -Wl,-z,now -Wl,--sort-common -s -Wl,-O4'
 * CXXFLAGS='-march=znver2 -O3 -fgraphite-identity -floop-nest-optimize -fdevirtualize-at-ltrans -fipa-pta -fno-semantic-interposition -flto=12 -fno-plt -fno-signed-zeros -fno-trapping-math -fassociative-math -freciprocal-math -fno-math-errno -ffinite-math-only -fno-rounding-math -fno-signaling-nans -fcx-limited-range -fexcess-precision=fast -falign-functions=32 -fno-stack-protector -fno-stack-clash-protection -fstack-check=no -fno-stack-check -fuse-linker-plugin -pipe -g0 -Wl,--as-needed -Wl,-z,norelro -Wl,-z,now -Wl,--sort-common -s -Wl,-O4'
 * FFLAGS='-march=znver2 -O3 -fgraphite-identity -floop-nest-optimize -fdevirtualize-at-ltrans -fipa-pta -fno-semantic-interposition -flto=12 -fno-plt -fno-signed-zeros -fno-trapping-math -fassociative-math -freciprocal-math -fno-math-errno -ffinite-math-only -fno-rounding-math -fno-signaling-nans -fcx-limited-range -fexcess-precision=fast -falign-functions=32 -fno-stack-protector -fno-stack-clash-protection -fstack-check=no -fno-stack-check -fuse-linker-plugin -pipe -g0 -Wl,--as-needed -Wl,-z,norelro -Wl,-z,now -Wl,--sort-common -s -Wl,-O4'
 * FCFLAGS='-march=znver2 -O3 -fgraphite-identity -floop-nest-optimize -fdevirtualize-at-ltrans -fipa-pta -fno-semantic-interposition -flto=12 -fno-plt -fno-signed-zeros -fno-trapping-math -fassociative-math -freciprocal-math -fno-math-errno -ffinite-math-only -fno-rounding-math -fno-signaling-nans -fcx-limited-range -fexcess-precision=fast -falign-functions=32 -fno-stack-protector -fno-stack-clash-protection -fstack-check=no -fno-stack-check -fuse-linker-plugin -pipe -g0 -Wl,--as-needed -Wl,-z,norelro -Wl,-z,now -Wl,--sort-common -s -Wl,-O4'
 * F77FLAGS='-march=znver2 -O3 -fgraphite-identity -floop-nest-optimize -fdevirtualize-at-ltrans -fipa-pta -fno-semantic-interposition -flto=12 -fno-plt -fno-signed-zeros -fno-trapping-math -fassociative-math -freciprocal-math -fno-math-errno -ffinite-math-only -fno-rounding-math -fno-signaling-nans -fcx-limited-range -fexcess-precision=fast -falign-functions=32 -fno-stack-protector -fno-stack-clash-protection -fstack-check=no -fno-stack-check -fuse-linker-plugin -pipe -g0 -Wl,--as-needed -Wl,-z,norelro -Wl,-z,now -Wl,--sort-common -s -Wl,-O4'
 * LDFLAGS='-Wl,--as-needed -Wl,-z,norelro -Wl,-z,now -Wl,--sort-common -s -march=znver2 -O3 -fgraphite-identity -floop-nest-optimize -fdevirtualize-at-ltrans -fipa-pta -fno-semantic-interposition -flto=12 -fno-plt -fno-signed-zeros -fno-trapping-math -fassociative-math -freciprocal-math -fno-math-errno -ffinite-math-only -fno-rounding-math -fno-signaling-nans -fcx-limited-range -fexcess-precision=fast -falign-functions=32 -fno-stack-protector -fno-stack-clash-protection -fstack-check=no -fno-stack-check -fuse-linker-plugin -pipe -g0 -Wl,-O4'
 * MAKEOPTS='-j12 -l12'
 * gcc () 11.0.0 20200601 (experimental)
 * g++ () 11.0.0 20200601 (experimental)
 * GNU ld (Gentoo 2.34 p4) 2.34.0
 * Linux ryzen.gnum.org 5.4.36 #1 SMP Thu Apr 30 04:38:28 UTC 2020 x86_64 AMD Ryzen 5 3600 6-Core Processor AuthenticAMD GNU/Linux
sys-apps/shadow: 2 minutes, 55 seconds average for 8 merges
2020-05-23T23:09:06 >>> sys-apps/shadow: 33 seconds
2020-05-26T01:38:15 >>> sys-apps/shadow: 44 seconds
2020-05-27T02:20:13 >>> sys-apps/shadow: 7 seconds
2020-05-29T02:14:03 >>> sys-apps/shadow: 7 seconds
2020-05-30T23:58:58 >>> sys-apps/shadow: 4 minutes, 4 seconds
2020-05-31T11:38:54 >>> sys-apps/shadow: 11 minutes, 54 seconds
2020-06-01T00:14:11 >>> sys-apps/shadow: 4 minutes, 47 seconds
2020-06-01T10:35:17 >>> sys-apps/shadow: 1 minute, 7 seconds
]0;emerge 02:08:35 4|484 shadow 05:56 (root@ryzen.gnum.org)kemerge 02:08:35 4|484 shadow 05:56 (root@ryzen.gnum.org)\>>> Extracting sys-apps/shadow-4.8.1-r2
 * checking 87 files for package collisions
>>> Merging sys-apps/shadow-4.8.1-r2 to /
 * removing unneeded *.la files
 * >>> SetUID: [chmod go-r] /bin/passwd ...
 [ ok ]
 * >>> SetUID: [chmod go-r] /bin/su ...
 [ ok ]
 * >>> SetUID: [chmod go-r] /usr/bin/expiry ...
 [ ok ]
 * >>> SetUID: [chmod go-r] /usr/bin/newgidmap ...
 [ ok ]
 * >>> SetUID: [chmod go-r] /usr/bin/gpasswd ...
 [ ok ]
 * >>> SetUID: [chmod go-r] /usr/bin/chfn ...
 [ ok ]
 * >>> SetUID: [chmod go-r] /usr/bin/newgrp ...
 [ ok ]
 * >>> SetUID: [chmod go-r] /usr/bin/newuidmap ...
 [ ok ]
 * >>> SetUID: [chmod go-r] /usr/bin/chage ...
 [ ok ]
 * >>> SetUID: [chmod go-r] /usr/bin/chsh ...
 [ ok ]
--- /etc/
--- /etc/default/
>>> /etc/default/useradd
--- /etc/pam.d/
>>> /etc/pam.d/chsh
>>> /etc/pam.d/chpasswd
>>> /etc/pam.d/newusers
>>> /etc/pam.d/shadow
>>> /etc/pam.d/chfn
>>> /etc/pam.d/shfn
>>> /etc/pam.d/groupmems
>>> /etc/login.defs
--- /usr/
--- /usr/share/
--- /usr/share/man/
--- /usr/share/man/man3/
>>> /usr/share/man/man3/shadow.3.bz2
--- /usr/share/man/man8/
>>> /usr/share/man/man8/usermod.8.bz2
>>> /usr/share/man/man8/groupdel.8.bz2
>>> /usr/share/man/man8/nologin.8.bz2
>>> /usr/share/man/man8/pwunconv.8
>>> /usr/share/man/man8/logoutd.8.bz2
>>> /usr/share/man/man8/lastlog.8.bz2
>>> /usr/share/man/man8/groupmems.8.bz2
>>> /usr/share/man/man8/useradd.8.bz2
>>> /usr/share/man/man8/grpconv.8
>>> /usr/share/man/man8/pwconv.8.bz2
>>> /usr/share/man/man8/grpck.8.bz2
>>> /usr/share/man/man8/pwck.8.bz2
>>> /usr/share/man/man8/groupmod.8.bz2
>>> /usr/share/man/man8/vipw.8.bz2
>>> /usr/share/man/man8/groupadd.8.bz2
>>> /usr/share/man/man8/chpasswd.8.bz2
>>> /usr/share/man/man8/grpunconv.8
>>> /usr/share/man/man8/userdel.8.bz2
>>> /usr/share/man/man8/chgpasswd.8.bz2
>>> /usr/share/man/man8/vigr.8
>>> /usr/share/man/man8/faillog.8.bz2
>>> /usr/share/man/man8/newusers.8.bz2
--- /usr/share/man/man5/
>>> /usr/share/man/man5/login.defs.5.bz2
>>> /usr/share/man/man5/subuid.5.bz2
>>> /usr/share/man/man5/faillog.5.bz2
>>> /usr/share/man/man5/subgid.5.bz2
>>> /usr/share/man/man5/gshadow.5.bz2
>>> /usr/share/man/man5/shadow.5.bz2
--- /usr/share/man/man1/
>>> /usr/share/man/man1/passwd.1.bz2
>>> /usr/share/man/man1/newgidmap.1.bz2
>>> /usr/share/man/man1/groups.1.bz2
>>> /usr/share/man/man1/su.1.bz2
>>> /usr/share/man/man1/chage.1.bz2
>>> /usr/share/man/man1/chsh.1.bz2
>>> /usr/share/man/man1/sg.1.bz2
>>> /usr/share/man/man1/gpasswd.1.bz2
>>> /usr/share/man/man1/newuidmap.1.bz2
>>> /usr/share/man/man1/newgrp.1.bz2
>>> /usr/share/man/man1/login.1.bz2
>>> /usr/share/man/man1/chfn.1.bz2
>>> /usr/share/man/man1/expiry.1.bz2
--- /usr/sbin/
>>> /usr/sbin/userdel
>>> /usr/sbin/groupdel
>>> /usr/sbin/pwunconv
>>> /usr/sbin/useradd
>>> /usr/sbin/grpunconv
>>> /usr/sbin/logoutd
>>> /usr/sbin/vigr -> vipw
>>> /usr/sbin/chgpasswd
>>> /usr/sbin/groupmod
>>> /usr/sbin/pwconv
>>> /usr/sbin/chpasswd
>>> /usr/sbin/grpconv
>>> /usr/sbin/pwck
>>> /usr/sbin/newusers
>>> /usr/sbin/vipw
>>> /usr/sbin/usermod
>>> /usr/sbin/grpck
>>> /usr/sbin/groupadd
>>> /usr/sbin/groupmems
--- /usr/bin/
>>> /usr/bin/chsh
>>> /usr/bin/chage
>>> /usr/bin/newuidmap
>>> /usr/bin/passwd -> ../../bin/passwd
>>> /usr/bin/newgrp
>>> /usr/bin/sg -> newgrp
>>> /usr/bin/chfn
>>> /usr/bin/faillog
>>> /usr/bin/lastlog
>>> /usr/bin/gpasswd
>>> /usr/bin/newgidmap
>>> /usr/bin/expiry
--- /sbin/
>>> /sbin/nologin
--- /bin/
>>> /bin/su
>>> /bin/passwd
>>> /bin/login
>>> /bin/groups
>>> Safely unmerging already-installed instance...
>>> Original instance of package unmerged safely.
 * The 'adduser' symlink to 'useradd' has been dropped.
>>> sys-apps/shadow-4.8.1-r2 merged.
