>>> Extracting info
 * Package:    sys-apps/gawk-5.1.0
 * Repository: gentoo
 * USE:        abi_x86_64 elibc_glibc kernel_linux userland_GNU amd64 readline
 * FEATURES:   network-sandbox preserve-libs sandbox userpriv usersandbox
 * FEATURES='assume-digests binpkg-docompress binpkg-dostrip binpkg-logs binpkg-multi-instance buildpkg cgroup compress-index config-protect-if-modified distlocks downgrade-backup fixlafiles ipc-sandbox merge-sync multilib-strict network-sandbox news nodoc parallel-fetch parallel-install pid-sandbox preserve-libs qa-unresolved-soname-deps sandbox sfperms strict unknown-features-warn unmerge-backup unmerge-logs unmerge-orphans userfetch userpriv usersandbox usersync xattr'
 * CFLAGS='-march=native -O3 -fgraphite-identity -floop-nest-optimize -fdevirtualize-at-ltrans -fipa-pta -fno-semantic-interposition -flto=12 -fno-plt -fno-signed-zeros -fno-trapping-math -fassociative-math -freciprocal-math -fno-math-errno -ffinite-math-only -fno-rounding-math -fno-signaling-nans -fcx-limited-range -fexcess-precision=fast -fuse-linker-plugin -pipe -g0 -falign-functions=32 -Wl,-O1 -Wl,--as-needed -Wl,-O4,--hash-style=gnu,--sort-common,--as-needed,-z,relro,-z,now,-lgomp,-lpthread'
 * CXXFLAGS='-march=native -O3 -fgraphite-identity -floop-nest-optimize -fdevirtualize-at-ltrans -fipa-pta -fno-semantic-interposition -flto=12 -fno-plt -fno-signed-zeros -fno-trapping-math -fassociative-math -freciprocal-math -fno-math-errno -ffinite-math-only -fno-rounding-math -fno-signaling-nans -fcx-limited-range -fexcess-precision=fast -fuse-linker-plugin -pipe -g0 -falign-functions=32 -Wl,-O1 -Wl,--as-needed -Wl,-O4,--hash-style=gnu,--sort-common,--as-needed,-z,relro,-z,now,-lgomp,-lpthread'
 * FFLAGS='-march=native -O3 -fgraphite-identity -floop-nest-optimize -fdevirtualize-at-ltrans -fipa-pta -fno-semantic-interposition -flto=12 -fno-plt -fno-signed-zeros -fno-trapping-math -fassociative-math -freciprocal-math -fno-math-errno -ffinite-math-only -fno-rounding-math -fno-signaling-nans -fcx-limited-range -fexcess-precision=fast -fuse-linker-plugin -pipe -g0 -falign-functions=32 -Wl,-O1 -Wl,--as-needed -Wl,-O4,--hash-style=gnu,--sort-common,--as-needed,-z,relro,-z,now,-lgomp,-lpthread'
 * FCFLAGS='-march=native -O3 -fgraphite-identity -floop-nest-optimize -fdevirtualize-at-ltrans -fipa-pta -fno-semantic-interposition -flto=12 -fno-plt -fno-signed-zeros -fno-trapping-math -fassociative-math -freciprocal-math -fno-math-errno -ffinite-math-only -fno-rounding-math -fno-signaling-nans -fcx-limited-range -fexcess-precision=fast -fuse-linker-plugin -pipe -g0 -falign-functions=32 -Wl,-O1 -Wl,--as-needed -Wl,-O4,--hash-style=gnu,--sort-common,--as-needed,-z,relro,-z,now,-lgomp,-lpthread'
 * F77FLAGS='-march=native -O3 -fgraphite-identity -floop-nest-optimize -fdevirtualize-at-ltrans -fipa-pta -fno-semantic-interposition -flto=12 -fno-plt -fno-signed-zeros -fno-trapping-math -fassociative-math -freciprocal-math -fno-math-errno -ffinite-math-only -fno-rounding-math -fno-signaling-nans -fcx-limited-range -fexcess-precision=fast -fuse-linker-plugin -pipe -g0 -falign-functions=32 -Wl,-O1 -Wl,--as-needed -Wl,-O4,--hash-style=gnu,--sort-common,--as-needed,-z,relro,-z,now,-lgomp,-lpthread'
 * LDFLAGS='-Wl,-O1 -Wl,--as-needed -Wl,-O4,--hash-style=gnu,--sort-common,--as-needed,-z,relro,-z,now,-lgomp,-lpthread -march=native -O3 -fgraphite-identity -floop-nest-optimize -fdevirtualize-at-ltrans -fipa-pta -fno-semantic-interposition -flto=12 -fno-plt -fno-signed-zeros -fno-trapping-math -fassociative-math -freciprocal-math -fno-math-errno -ffinite-math-only -fno-rounding-math -fno-signaling-nans -fcx-limited-range -fexcess-precision=fast -fuse-linker-plugin -pipe -g0 -falign-functions=32'
 * MAKEOPTS='-j12 -l12'
 * gcc () 11.0.0 20200526 (experimental)
 * g++ () 11.0.0 20200526 (experimental)
 * GNU ld (Gentoo 2.34 p4) 2.34.0
 * Linux ryzen.gnum.org 5.4.36 #1 SMP Thu Apr 30 04:38:28 UTC 2020 x86_64 AMD Ryzen 5 3600 6-Core Processor AuthenticAMD GNU/Linux
sys-apps/gawk: 37 seconds average for 9 merges
2020-05-16T21:34:38 >>> sys-apps/gawk: 35 seconds
2020-05-19T23:49:06 >>> sys-apps/gawk: 18 seconds
2020-05-21T06:24:30 >>> sys-apps/gawk: 6 seconds
2020-05-23T14:18:03 >>> sys-apps/gawk: 39 seconds
2020-05-25T00:43:18 >>> sys-apps/gawk: 2 minutes, 13 seconds
2020-05-25T23:04:56 >>> sys-apps/gawk: 43 seconds
2020-05-26T14:03:00 >>> sys-apps/gawk: 10 seconds
2020-05-27T01:56:28 >>> sys-apps/gawk: 10 seconds
2020-05-27T04:27:13 >>> sys-apps/gawk: 42 seconds
]0;emerge 14:38:33 332|889 gawk 00:21 (root@ryzen.gnum.org)kemerge 14:38:33 332|889 gawk 00:21 (root@ryzen.gnum.org)\>>> Extracting sys-apps/gawk-5.1.0
 * checking 70 files for package collisions
>>> Merging sys-apps/gawk-5.1.0 to /
 * removing unneeded *.la files
--- /etc/
--- /etc/profile.d/
>>> /etc/profile.d/gawk.csh
>>> /etc/profile.d/gawk.sh
--- /usr/
--- /usr/lib64/
--- /usr/lib64/misc/
--- /usr/lib64/misc/awk/
>>> /usr/lib64/misc/awk/pwcat
>>> /usr/lib64/misc/awk/grcat
--- /usr/lib64/gawk/
>>> /usr/lib64/gawk/readfile.so
>>> /usr/lib64/gawk/time.so
>>> /usr/lib64/gawk/revoutput.so
>>> /usr/lib64/gawk/rwarray.so
>>> /usr/lib64/gawk/readdir.so
>>> /usr/lib64/gawk/filefuncs.so
>>> /usr/lib64/gawk/ordchr.so
>>> /usr/lib64/gawk/fork.so
>>> /usr/lib64/gawk/intdiv.so
>>> /usr/lib64/gawk/inplace.so
>>> /usr/lib64/gawk/fnmatch.so
>>> /usr/lib64/gawk/revtwoway.so
--- /usr/share/
--- /usr/share/man/
--- /usr/share/man/man3/
>>> /usr/share/man/man3/time.3am.bz2
>>> /usr/share/man/man3/fnmatch.3am.bz2
>>> /usr/share/man/man3/filefuncs.3am.bz2
>>> /usr/share/man/man3/revtwoway.3am.bz2
>>> /usr/share/man/man3/inplace.3am.bz2
>>> /usr/share/man/man3/revoutput.3am.bz2
>>> /usr/share/man/man3/readdir.3am.bz2
>>> /usr/share/man/man3/readfile.3am.bz2
>>> /usr/share/man/man3/ordchr.3am.bz2
>>> /usr/share/man/man3/fork.3am.bz2
>>> /usr/share/man/man3/rwarray.3am.bz2
--- /usr/share/man/man1/
>>> /usr/share/man/man1/gawk.1.bz2
--- /usr/share/awk/
>>> /usr/share/awk/join.awk
>>> /usr/share/awk/strtonum.awk
>>> /usr/share/awk/group.awk
>>> /usr/share/awk/quicksort.awk
>>> /usr/share/awk/getopt.awk
>>> /usr/share/awk/round.awk
>>> /usr/share/awk/inplace.awk
>>> /usr/share/awk/walkarray.awk
>>> /usr/share/awk/assert.awk
>>> /usr/share/awk/shellquote.awk
>>> /usr/share/awk/have_mpfr.awk
>>> /usr/share/awk/ord.awk
>>> /usr/share/awk/intdiv0.awk
>>> /usr/share/awk/bits2str.awk
>>> /usr/share/awk/noassign.awk
>>> /usr/share/awk/readfile.awk
>>> /usr/share/awk/ns_passwd.awk
>>> /usr/share/awk/readable.awk
>>> /usr/share/awk/gettime.awk
>>> /usr/share/awk/ftrans.awk
>>> /usr/share/awk/processarray.awk
>>> /usr/share/awk/zerofile.awk
>>> /usr/share/awk/ctime.awk
>>> /usr/share/awk/libintl.awk
>>> /usr/share/awk/rewind.awk
>>> /usr/share/awk/cliff_rand.awk
>>> /usr/share/awk/passwd.awk
--- /usr/share/info/
>>> /usr/share/info/gawk.info.bz2
>>> /usr/share/info/gawkworkflow.info.bz2
>>> /usr/share/info/gawkinet.info.bz2
--- /usr/include/
--- /usr/include/awk/
>>> /usr/include/awk/floatmagic.h
>>> /usr/include/awk/protos.h
>>> /usr/include/awk/gettext.h
>>> /usr/include/awk/mbsupport.h
>>> /usr/include/awk/cmd.h
>>> /usr/include/awk/nonposix.h
>>> /usr/include/awk/custom.h
>>> /usr/include/awk/awk.h
>>> /usr/include/awk/gawkapi.h
>>> /usr/include/awk/interpret.h
>>> /usr/include/gawkapi.h
--- /usr/bin/
>>> /usr/bin/gawk
>>> Safely unmerging already-installed instance...
>>> Original instance of package unmerged safely.
>>> sys-apps/gawk-5.1.0 merged.
