No package files given... Grabbing a set.
<<<          obj /usr/share/db-6.0/package.env
<<<          obj /usr/share/db-6.0/lib/db-6.0.jar
<<<          obj /usr/lib64/libdb_tcl-6.0.so
<<<          obj /usr/lib64/libdb_tcl-6.0.la
<<<          obj /usr/lib64/libdb_tcl-6.0.a
<<<          obj /usr/lib64/libdb_java-6.0.so
<<<          obj /usr/lib64/libdb_java-6.0.la
<<<          obj /usr/lib64/libdb_java-6.0.a
--- replaced obj /usr/lib64/libdb-6.0.so
<<<          obj /usr/lib64/libdb-6.0.la
--- replaced obj /usr/lib64/libdb-6.0.a
--- replaced dir /usr/lib64
--- replaced obj /usr/include/x86_64-pc-linux-gnu/db6.0/db.h
--- replaced dir /usr/include/x86_64-pc-linux-gnu/db6.0
--- replaced dir /usr/include/x86_64-pc-linux-gnu
--- replaced obj /usr/include/db6.0/db_cxx.h
--- replaced obj /usr/include/db6.0/db_185.h
--- replaced obj /usr/include/db6.0/db.h
--- replaced dir /usr/include/db6.0
--- replaced dir /usr/include
--- replaced obj /usr/bin/db6.0_verify
--- replaced obj /usr/bin/db6.0_upgrade
--- replaced obj /usr/bin/db6.0_tuner
--- replaced obj /usr/bin/db6.0_stat
--- replaced obj /usr/bin/db6.0_replicate
--- replaced obj /usr/bin/db6.0_recover
--- replaced obj /usr/bin/db6.0_printlog
--- replaced obj /usr/bin/db6.0_log_verify
--- replaced obj /usr/bin/db6.0_load
--- replaced obj /usr/bin/db6.0_hotbackup
--- replaced obj /usr/bin/db6.0_dump
--- replaced obj /usr/bin/db6.0_deadlock
--- replaced obj /usr/bin/db6.0_checkpoint
--- replaced obj /usr/bin/db6.0_archive
--- replaced dir /usr/bin
--- replaced dir /usr
<<<          dir /usr/share/db-6.0/lib
<<<          dir /usr/share/db-6.0
--- !empty   dir /usr/share
--- !empty   dir /usr/sbin
 [32;01m*[0m abi_x86_64.amd64: running db_fix_so
 [32;01m*[0m Creating db.h symlinks to db6.0
>>> Regenerating /etc/ld.so.cache...
