 * Package:    sys-apps/tcp-wrappers-7.6.28
 * Repository: gentoo
 * Maintainer: base-system@gentoo.org
 * USE:        abi_x86_64 amd64 elibc_glibc kernel_linux split-usr userland_GNU
 * FEATURES:   ccache network-sandbox preserve-libs sandbox userpriv usersandbox
 * FEATURES='assume-digests binpkg-docompress binpkg-dostrip binpkg-logs binpkg-multi-instance buildpkg ccache cgroup compress-index config-protect-if-modified distlocks downgrade-backup fixlafiles ipc-sandbox merge-sync multilib-strict network-sandbox news nodoc parallel-fetch parallel-install pid-sandbox preserve-libs qa-unresolved-soname-deps sandbox sfperms strict strict-keepdir unknown-features-warn unmerge-backup unmerge-logs unmerge-orphans userfetch userpriv usersandbox usersync xattr'
 * CFLAGS='-O2 -march=native -pipe -g0 -fno-stack-protector -fno-stack-clash-protection -fstack-check=no -fno-stack-check -Wl,-O1 -Wl,--as-needed -Wl,-O4,--hash-style=gnu,--sort-common,--as-needed,-z,relro,-z,now,-lgomp,-lpthread'
 * CXXFLAGS='-O2 -march=native -pipe -g0 -fno-stack-protector -fno-stack-clash-protection -fstack-check=no -fno-stack-check -Wl,-O1 -Wl,--as-needed -Wl,-O4,--hash-style=gnu,--sort-common,--as-needed,-z,relro,-z,now,-lgomp,-lpthread'
 * FFLAGS='-O2 -march=native -pipe -g0 -fno-stack-protector -fno-stack-clash-protection -fstack-check=no -fno-stack-check -Wl,-O1 -Wl,--as-needed -Wl,-O4,--hash-style=gnu,--sort-common,--as-needed,-z,relro,-z,now,-lgomp,-lpthread'
 * FCFLAGS='-O2 -march=native -pipe -g0 -fno-stack-protector -fno-stack-clash-protection -fstack-check=no -fno-stack-check -Wl,-O1 -Wl,--as-needed -Wl,-O4,--hash-style=gnu,--sort-common,--as-needed,-z,relro,-z,now,-lgomp,-lpthread'
 * F77FLAGS='-O2 -march=native -pipe -g0 -fno-stack-protector -fno-stack-clash-protection -fstack-check=no -fno-stack-check -Wl,-O1 -Wl,--as-needed -Wl,-O4,--hash-style=gnu,--sort-common,--as-needed,-z,relro,-z,now,-lgomp,-lpthread'
 * LDFLAGS='-Wl,-O1 -Wl,--as-needed -Wl,-O4,--hash-style=gnu,--sort-common,--as-needed,-z,relro,-z,now,-lgomp,-lpthread'
 * MAKEOPTS='-j12'
 * gcc (Gentoo 10.1.0 p1) 10.1.0
 * g++ (Gentoo 10.1.0 p1) 10.1.0
 * GNU ld (Gentoo 2.34 p1) 2.34.0
 * Linux ryzen.gnum.org 5.4.36 #1 SMP Thu Apr 30 04:38:28 UTC 2020 x86_64 AMD Ryzen 5 3600 6-Core Processor AuthenticAMD GNU/Linux
sys-apps/tcp-wrappers: 2 minutes, 17 seconds average for 8 merges
2020-05-16T14:42:21 >>> sys-apps/tcp-wrappers: 9 seconds
2020-05-16T20:33:47 >>> sys-apps/tcp-wrappers: 10 seconds
2020-05-19T23:37:37 >>> sys-apps/tcp-wrappers: 7 seconds
2020-05-20T00:55:58 >>> sys-apps/tcp-wrappers: 2 minutes, 20 seconds
2020-05-21T05:46:23 >>> sys-apps/tcp-wrappers: 6 seconds
2020-05-22T01:52:57 >>> sys-apps/tcp-wrappers: 6 minutes, 3 seconds
2020-05-22T02:39:14 >>> sys-apps/tcp-wrappers: 2 minutes, 34 seconds
2020-05-22T03:04:03 >>> sys-apps/tcp-wrappers: 6 minutes, 50 seconds
]0;emerge 12:01:45 6|1104 tcp-wrappers 05:09 (root@ryzen.gnum.org)>>> Unpacking source...
>>> Unpacking tcp_wrappers_7.6.tar.gz to /tmp/portage/sys-apps/tcp-wrappers-7.6.28/work
>>> Unpacking tcp-wrappers_7.6.q-28.debian.tar.xz to /tmp/portage/sys-apps/tcp-wrappers-7.6.28/work
>>> Source unpacked in /tmp/portage/sys-apps/tcp-wrappers-7.6.28/work
>>> Preparing source in /tmp/portage/sys-apps/tcp-wrappers-7.6.28/work/tcp_wrappers_7.6 ...
 * Applying 00_man_quoting.diff ...
 [ ok ]
 * Applying 00_man_typos ...
 [ ok ]
 * Applying 01_man_portability ...
 [ ok ]
 * Applying 05_wildcard_matching ...
 [ ok ]
 * Applying 06_fix_gethostbyname ...
 [ ok ]
 * Applying 10_usagi-ipv6 ...
 [ ok ]
 * Applying 11_tcpd_blacklist ...
 [ ok ]
 * Applying 11_usagi_fix ...
 [ ok ]
 * Applying 12_makefile_config ...
 [ ok ]
 * Applying 13_shlib_weaksym ...
 [ ok ]
 * Applying 14_cidr_support ...
 [ ok ]
 * Applying 15_match_clarify ...
 [ ok ]
 * Applying aclexec ...
 [ ok ]
 * Applying expand_remote_port ...
 [ ok ]
 * Applying catch-sigchld ...
 [ ok ]
 * Applying fix_warnings ...
 [ ok ]
 * Applying have_strerror ...
 [ ok ]
 * Applying man_fromhost ...
 [ ok ]
 * Applying more_man_pages ...
 [ ok ]
 * Applying match_port ...
 [ ok ]
 * Applying restore_sigalarm ...
 [ ok ]
 * Applying rfc931.diff ...
 [ ok ]
 * Applying safe_finger ...
 [ ok ]
 * Applying sig_fix ...
 [ ok ]
 * Applying siglongjmp ...
 [ ok ]
 * Applying size_t ...
 [ ok ]
 * Applying tcpdchk_libwrapped ...
 [ ok ]
 * Applying fix_static ...
 [ ok ]
 * Applying fix_parsing_long_lines ...
 [ ok ]
 * Applying initgroups ...
 [ ok ]
 * Applying ignore_missing_inetdconf ...
 [ ok ]
 * Applying fix_warnings2 ...
 [ ok ]
 * Applying tcp-wrappers-7.6-redhat-bug11881.patch ...
 [ ok ]
 * Applying tcp-wrappers-7.6.28-no-external-malloc.patch ...
 [ ok ]
 * Will copy sources from /tmp/portage/sys-apps/tcp-wrappers-7.6.28/work/tcp_wrappers_7.6
 * abi_x86_64.amd64: copying to /tmp/portage/sys-apps/tcp-wrappers-7.6.28/work/tcp_wrappers_7.6-abi_x86_64.amd64
>>> Source prepared.
>>> Configuring source in /tmp/portage/sys-apps/tcp-wrappers-7.6.28/work/tcp_wrappers_7.6 ...
 * abi_x86_64.amd64: running multilib-minimal_abi_src_configure
make -j12 REAL_DAEMON_DIR=/usr/sbin TLI= VSYSLOG= PARANOID= BUGS= AUTH=-DALWAYS_RFC931 AUX_OBJ=weak_symbols.o DOT=-DAPPEND_DOT HOSTNAME=-DALWAYS_HOSTNAME NETGROUP= STYLE=-DPROCESS_OPTIONS LIBS= LIB= AR=x86_64-pc-linux-gnu-ar ARFLAGS=rc CC=x86_64-pc-linux-gnu-gcc RANLIB=x86_64-pc-linux-gnu-ranlib 'COPTS=-O2 -march=native -pipe -g0 -fno-stack-protector -fno-stack-clash-protection -fstack-check=no -fno-stack-check -Wl,-O1 -Wl,--as-needed -Wl,-O4,--hash-style=gnu,--sort-common,--as-needed,-z,relro,-z,now,-lgomp,-lpthread  -DHAVE_WEAKSYMS -DHAVE_STRERROR -DSYS_ERRLIST_DEFINED' 'LDFLAGS=-Wl,-O1 -Wl,--as-needed -Wl,-O4,--hash-style=gnu,--sort-common,--as-needed,-z,relro,-z,now,-lgomp,-lpthread' config-check 
make: symbol lookup error: //usr/lib64/libltdl.so.7: undefined symbol: lt_libltdl_LTX_preloaded_symbols
 * ERROR: sys-apps/tcp-wrappers-7.6.28::gentoo failed (configure phase):
 *   emake failed
 * 
 * If you need support, post the output of `emerge --info '=sys-apps/tcp-wrappers-7.6.28::gentoo'`,
 * the complete build log and the output of `emerge -pqv '=sys-apps/tcp-wrappers-7.6.28::gentoo'`.
 * The complete build log is located at '/var/log/emerge-log/sys-apps:tcp-wrappers-7.6.28:20200522-100144.log'.
 * For convenience, a symlink to the build log is located at '/tmp/portage/sys-apps/tcp-wrappers-7.6.28/temp/build.log'.
 * The ebuild environment file is located at '/tmp/portage/sys-apps/tcp-wrappers-7.6.28/temp/environment'.
 * Working directory: '/tmp/portage/sys-apps/tcp-wrappers-7.6.28/work/tcp_wrappers_7.6-abi_x86_64.amd64'
 * S: '/tmp/portage/sys-apps/tcp-wrappers-7.6.28/work/tcp_wrappers_7.6'
