 * Package:    sys-firmware/ipxe-1.0.0_p20190728
 * Repository: gentoo
 * Maintainer: tamiko@gentoo.org virtualization@gentoo.org
 * USE:        abi_x86_64 amd64 binary elibc_glibc kernel_linux qemu userland_GNU
 * FEATURES:   ccache network-sandbox preserve-libs userpriv
 * /etc/portage/package.cflags/ltoworkarounds.conf -> */*: *FLAGS+=-Wl,-O4 *FLAGS-=-Wl,-O1
 * FEATURES='assume-digests binpkg-docompress binpkg-dostrip binpkg-logs buildpkg ccache cgroup compress-index config-protect-if-modified distlocks ebuild-locks fixlafiles merge-sync multilib-strict network-sandbox news nodoc parallel-fetch preserve-libs qa-unresolved-soname-deps sfperms strict strict-keepdir unknown-features-warn unmerge-logs unmerge-orphans userfetch userpriv usersync xattr'
 * CFLAGS='-march=znver2 -Ofast -pipe -g0 -fgraphite-identity -floop-interchange -floop-nest-optimize -floop-parallelize-all -ftree-parallelize-loops=12 -ftree-vectorize -fdevirtualize-at-ltrans -fipa-pta -fno-semantic-interposition -flto=12 -fno-plt -falign-functions=32 -fno-stack-protector -fno-stack-clash-protection -fstack-check=no -fno-stack-check -fuse-linker-plugin -Wl,-O4 -Wl,-O4,--sort-common,--as-needed,-z,norelro,-z,now'
 * CXXFLAGS='-march=znver2 -Ofast -pipe -g0 -fgraphite-identity -floop-interchange -floop-nest-optimize -floop-parallelize-all -ftree-parallelize-loops=12 -ftree-vectorize -fdevirtualize-at-ltrans -fipa-pta -fno-semantic-interposition -flto=12 -fno-plt -falign-functions=32 -fno-stack-protector -fno-stack-clash-protection -fstack-check=no -fno-stack-check -fuse-linker-plugin -Wl,-O4 -Wl,-O4,--sort-common,--as-needed,-z,norelro,-z,now'
 * FFLAGS='-march=znver2 -Ofast -pipe -g0 -fgraphite-identity -floop-interchange -floop-nest-optimize -floop-parallelize-all -ftree-parallelize-loops=12 -ftree-vectorize -fdevirtualize-at-ltrans -fipa-pta -fno-semantic-interposition -flto=12 -fno-plt -falign-functions=32 -fno-stack-protector -fno-stack-clash-protection -fstack-check=no -fno-stack-check -fuse-linker-plugin -Wl,-O4 -Wl,-O4,--sort-common,--as-needed,-z,norelro,-z,now'
 * FCFLAGS='-march=znver2 -Ofast -pipe -g0 -fgraphite-identity -floop-interchange -floop-nest-optimize -floop-parallelize-all -ftree-parallelize-loops=12 -ftree-vectorize -fdevirtualize-at-ltrans -fipa-pta -fno-semantic-interposition -flto=12 -fno-plt -falign-functions=32 -fno-stack-protector -fno-stack-clash-protection -fstack-check=no -fno-stack-check -fuse-linker-plugin -Wl,-O4 -Wl,-O4,--sort-common,--as-needed,-z,norelro,-z,now'
 * F77FLAGS='-march=znver2 -Ofast -pipe -g0 -fgraphite-identity -floop-interchange -floop-nest-optimize -floop-parallelize-all -ftree-parallelize-loops=12 -ftree-vectorize -fdevirtualize-at-ltrans -fipa-pta -fno-semantic-interposition -flto=12 -fno-plt -falign-functions=32 -fno-stack-protector -fno-stack-clash-protection -fstack-check=no -fno-stack-check -fuse-linker-plugin -Wl,-O4 -Wl,-O4,--sort-common,--as-needed,-z,norelro,-z,now'
 * LDFLAGS='-Wl,-O4,--sort-common,--as-needed,-z,norelro,-z,now -march=znver2 -Ofast -pipe -g0 -fgraphite-identity -floop-interchange -floop-nest-optimize -floop-parallelize-all -ftree-parallelize-loops=12 -ftree-vectorize -fdevirtualize-at-ltrans -fipa-pta -fno-semantic-interposition -flto=12 -fno-plt -falign-functions=32 -fno-stack-protector -fno-stack-clash-protection -fstack-check=no -fno-stack-check -fuse-linker-plugin -Wl,-O4'
 * MAKEOPTS='-j12 -l12'
 * gcc (Gentoo 11.0.0_pre9999 p1, commit 184c21bf1cd04a108ed9bd04635e7d57ac39f616) 11.0.0 20200611 (experimental)
 * g++ (Gentoo 11.0.0_pre9999 p1, commit 184c21bf1cd04a108ed9bd04635e7d57ac39f616) 11.0.0 20200611 (experimental)
 * GNU ld (Gentoo 2.34 p4) 2.34.0
 * Linux rescue 5.4.36 #1 SMP Thu Apr 30 04:38:28 UTC 2020 x86_64 AMD Ryzen 5 3600 6-Core Processor AuthenticAMD GNU/Linux
sys-firmware/ipxe: 14 seconds average for 5 merges
2020-05-30T23:01:49 >>> sys-firmware/ipxe: 12 seconds
2020-05-31T22:50:19 >>> sys-firmware/ipxe: 14 seconds
2020-06-01T01:47:08 >>> sys-firmware/ipxe: 14 seconds
2020-06-04T12:02:14 >>> sys-firmware/ipxe: 16 seconds
2020-06-07T04:15:23 >>> sys-firmware/ipxe: 14 seconds
]0;emerge 03:07:06 6|262 ipxe 00:15 (root@rescue)>>> Unpacking source...
>>> Unpacking ipxe-1.0.0_p20190728-a4f8c6e-bin.tar.xz to /tmp/portage/sys-firmware/ipxe-1.0.0_p20190728/work
>>> Source unpacked in /tmp/portage/sys-firmware/ipxe-1.0.0_p20190728/work
>>> Preparing source in /tmp/portage/sys-firmware/ipxe-1.0.0_p20190728/work/ipxe-a4f8c6e/src ...
>>> Source prepared.
>>> Configuring source in /tmp/portage/sys-firmware/ipxe-1.0.0_p20190728/work/ipxe-a4f8c6e/src ...
>>> Source configured.
>>> Compiling source in /tmp/portage/sys-firmware/ipxe-1.0.0_p20190728/work/ipxe-a4f8c6e/src ...
>>> Source compiled.
>>> Test phase [not enabled]: sys-firmware/ipxe-1.0.0_p20190728

>>> Install sys-firmware/ipxe-1.0.0_p20190728 into /tmp/portage/sys-firmware/ipxe-1.0.0_p20190728/image/
 * Your configuration for sys-firmware/ipxe-1.0.0_p20190728 has been saved in 
 * "/etc/portage/savedconfig/sys-firmware/ipxe-1.0.0_p20190728" for your editing pleasure.
 * You can edit these files by hand and remerge this package with
 * USE=savedconfig to customise the configuration.
 * You can rename this file/directory to one of the following for
 * its configuration to apply to multiple versions:
 * ${PORTAGE_CONFIGROOT}/etc/portage/savedconfig/
 * [${CTARGET}|${CHOST}|""]/${CATEGORY}/[${PF}|${P}|${PN}]
>>> Completed installing sys-firmware/ipxe-1.0.0_p20190728 into /tmp/portage/sys-firmware/ipxe-1.0.0_p20190728/image/

 * Final size of build directory: 4544 KiB (4.4 MiB)
 * Final size of installed tree:   620 KiB

./
./usr/
./usr/share/
./usr/share/ipxe/
./usr/share/ipxe/1af41000.rom
./usr/share/ipxe/10500940.rom
./usr/share/ipxe/808610de.rom
./usr/share/ipxe/15ad07b0.rom
./usr/share/ipxe/8086100e.rom
./usr/share/ipxe/10ec8139.rom
./usr/share/ipxe/80861209.rom
./usr/share/ipxe/10222000.rom
./etc/
./etc/portage/
./etc/portage/savedconfig/
./etc/portage/savedconfig/sys-firmware/
./etc/portage/savedconfig/sys-firmware/ipxe-1.0.0_p20190728
>>> Done.
 * checking 9 files for package collisions
>>> Merging sys-firmware/ipxe-1.0.0_p20190728 to /
 * removing unneeded *.la files
--- /etc/
--- /etc/portage/
--- /etc/portage/savedconfig/
--- /etc/portage/savedconfig/sys-firmware/
>>> /etc/portage/savedconfig/sys-firmware/ipxe-1.0.0_p20190728
--- /usr/
--- /usr/share/
--- /usr/share/ipxe/
>>> /usr/share/ipxe/10222000.rom
>>> /usr/share/ipxe/80861209.rom
>>> /usr/share/ipxe/10ec8139.rom
>>> /usr/share/ipxe/8086100e.rom
>>> /usr/share/ipxe/15ad07b0.rom
>>> /usr/share/ipxe/808610de.rom
>>> /usr/share/ipxe/10500940.rom
>>> /usr/share/ipxe/1af41000.rom
>>> Safely unmerging already-installed instance...
>>> Original instance of package unmerged safely.
>>> sys-firmware/ipxe-1.0.0_p20190728 merged.
