No package files given... Grabbing a set.
--- replaced obj /usr/share/man/man8/partprobe.8.bz2
--- replaced obj /usr/share/man/man8/parted.8.bz2
--- replaced dir /usr/share/man/man8
--- replaced dir /usr/share/man
--- replaced obj /usr/share/info/parted.info.bz2
--- replaced dir /usr/share/info
--- replaced dir /usr/share
--- replaced obj /usr/sbin/partprobe
--- replaced obj /usr/sbin/parted
--- replaced dir /usr/sbin
--- replaced obj /usr/lib64/pkgconfig/libparted.pc
--- replaced obj /usr/lib64/pkgconfig/libparted-fs-resize.pc
--- replaced dir /usr/lib64/pkgconfig
--- replaced obj /usr/lib64/libparted.so.2.0.2
--- replaced sym /usr/lib64/libparted.so.2
--- replaced sym /usr/lib64/libparted.so
--- replaced obj /usr/lib64/libparted-fs-resize.so.0.0.2
--- replaced sym /usr/lib64/libparted-fs-resize.so.0
--- replaced sym /usr/lib64/libparted-fs-resize.so
--- replaced dir /usr/lib64
--- replaced obj /usr/include/parted/unit.h
--- replaced obj /usr/include/parted/timer.h
--- replaced obj /usr/include/parted/parted.h
--- replaced obj /usr/include/parted/natmath.h
--- replaced obj /usr/include/parted/geom.h
--- replaced obj /usr/include/parted/filesys.h
--- replaced obj /usr/include/parted/exception.h
--- replaced obj /usr/include/parted/disk.h
--- replaced obj /usr/include/parted/device.h
--- replaced obj /usr/include/parted/debug.h
--- replaced obj /usr/include/parted/constraint.h
--- replaced dir /usr/include/parted
--- replaced dir /usr/include
--- replaced dir /usr
>>> Regenerating /etc/ld.so.cache...
