>>> Extracting info
[32;01m * [39;49;00mPackage:    sys-apps/baselayout-2.7
[32;01m * [39;49;00mRepository: gentoo
[32;01m * [39;49;00mUSE:        split-usr userland_GNU abi_x86_64 elibc_glibc kernel_linux amd64
[32;01m * [39;49;00mFEATURES:   ccache network-sandbox preserve-libs sandbox userpriv usersandbox
 [32;01m*[0m FEATURES='assume-digests binpkg-docompress binpkg-dostrip binpkg-logs binpkg-multi-instance buildpkg ccache cgroup compress-index config-protect-if-modified distlocks downgrade-backup fixlafiles ipc-sandbox merge-sync multilib-strict network-sandbox news nodoc parallel-fetch parallel-install pid-sandbox preserve-libs qa-unresolved-soname-deps sandbox sfperms strict strict-keepdir unknown-features-warn unmerge-backup unmerge-logs unmerge-orphans userfetch userpriv usersandbox usersync xattr'
 [32;01m*[0m CFLAGS='-march=native -O3 -fgraphite-identity -floop-nest-optimize -fdevirtualize-at-ltrans -fipa-pta -fno-semantic-interposition -flto=12 -fno-signed-zeros -fno-trapping-math -fassociative-math -freciprocal-math -fno-math-errno -ffinite-math-only -fno-rounding-math -fno-signaling-nans -fcx-limited-range -fexcess-precision=fast -fno-plt -fno-common -fuse-linker-plugin -pipe -g0 -fno-stack-protector -fno-stack-clash-protection -fstack-check=no -fno-stack-check -Wl,-O4,--hash-style=gnu,--sort-common,--as-needed,-z,relro,-z,now,-lgomp,-lpthread'
 [32;01m*[0m CXXFLAGS='-march=native -O3 -fgraphite-identity -floop-nest-optimize -fdevirtualize-at-ltrans -fipa-pta -fno-semantic-interposition -flto=12 -fno-signed-zeros -fno-trapping-math -fassociative-math -freciprocal-math -fno-math-errno -ffinite-math-only -fno-rounding-math -fno-signaling-nans -fcx-limited-range -fexcess-precision=fast -fno-plt -fno-common -fuse-linker-plugin -pipe -g0 -fno-stack-protector -fno-stack-clash-protection -fstack-check=no -fno-stack-check -Wl,-O4,--hash-style=gnu,--sort-common,--as-needed,-z,relro,-z,now,-lgomp,-lpthread'
 [32;01m*[0m FFLAGS='-march=native -O3 -fgraphite-identity -floop-nest-optimize -fdevirtualize-at-ltrans -fipa-pta -fno-semantic-interposition -flto=12 -fno-signed-zeros -fno-trapping-math -fassociative-math -freciprocal-math -fno-math-errno -ffinite-math-only -fno-rounding-math -fno-signaling-nans -fcx-limited-range -fexcess-precision=fast -fno-plt -fno-common -fuse-linker-plugin -pipe -g0 -fno-stack-protector -fno-stack-clash-protection -fstack-check=no -fno-stack-check -Wl,-O4,--hash-style=gnu,--sort-common,--as-needed,-z,relro,-z,now,-lgomp,-lpthread'
 [32;01m*[0m FCFLAGS='-march=native -O3 -fgraphite-identity -floop-nest-optimize -fdevirtualize-at-ltrans -fipa-pta -fno-semantic-interposition -flto=12 -fno-signed-zeros -fno-trapping-math -fassociative-math -freciprocal-math -fno-math-errno -ffinite-math-only -fno-rounding-math -fno-signaling-nans -fcx-limited-range -fexcess-precision=fast -fno-plt -fno-common -fuse-linker-plugin -pipe -g0 -fno-stack-protector -fno-stack-clash-protection -fstack-check=no -fno-stack-check -Wl,-O4,--hash-style=gnu,--sort-common,--as-needed,-z,relro,-z,now,-lgomp,-lpthread'
 [32;01m*[0m F77FLAGS='-march=native -O3 -fgraphite-identity -floop-nest-optimize -fdevirtualize-at-ltrans -fipa-pta -fno-semantic-interposition -flto=12 -fno-signed-zeros -fno-trapping-math -fassociative-math -freciprocal-math -fno-math-errno -ffinite-math-only -fno-rounding-math -fno-signaling-nans -fcx-limited-range -fexcess-precision=fast -fno-plt -fno-common -fuse-linker-plugin -pipe -g0 -fno-stack-protector -fno-stack-clash-protection -fstack-check=no -fno-stack-check -Wl,-O4,--hash-style=gnu,--sort-common,--as-needed,-z,relro,-z,now,-lgomp,-lpthread'
 [32;01m*[0m LDFLAGS='-Wl,-O4,--hash-style=gnu,--sort-common,--as-needed,-z,relro,-z,now,-lgomp,-lpthread -march=native -O3 -fgraphite-identity -floop-nest-optimize -fdevirtualize-at-ltrans -fipa-pta -fno-semantic-interposition -flto=12 -fno-signed-zeros -fno-trapping-math -fassociative-math -freciprocal-math -fno-math-errno -ffinite-math-only -fno-rounding-math -fno-signaling-nans -fcx-limited-range -fexcess-precision=fast -fno-plt -fno-common -fuse-linker-plugin -pipe -g0 -fno-stack-protector -fno-stack-clash-protection -fstack-check=no -fno-stack-check'
 [32;01m*[0m MAKEOPTS='-j12'
 [32;01m*[0m gcc (Gentoo 10.1.0 p1) 10.1.0
 [32;01m*[0m g++ (Gentoo 10.1.0 p1) 10.1.0
 [32;01m*[0m GNU ld (Gentoo 9999 p5) 2.34.50.20200520
 [32;01m*[0m Linux ryzen.gnum.org 5.4.36 #1 SMP Thu Apr 30 04:38:28 UTC 2020 x86_64 AMD Ryzen 5 3600 6-Core Processor AuthenticAMD GNU/Linux
[00;01msys-apps/[00;00m[36;01mbaselayout[00;00m: [32;01m1[00;00m minute, [32;01m29[00;00m seconds average for [32;01m2[00;00m merges
2020-05-16T20:36:27 >>> [00;01msys-apps/[00;00m[36;01mbaselayout[00;00m: [32;01m9[00;00m seconds
2020-05-20T00:56:02 >>> [00;01msys-apps/[00;00m[36;01mbaselayout[00;00m: [32;01m2[00;00m minutes, [32;01m50[00;00m seconds
]0;emerge 05:47:41 23|1170 baselayout 01:30 (root@ryzen.gnum.org)>>> Extracting sys-apps/baselayout-2.7
 [32;01m*[39;49;00m checking 23 files for package collisions
>>> Merging sys-apps/baselayout-2.7 to /
 [32;01m*[0m removing unneeded *.la files
--- /etc/
>>> /etc/networks
>>> /etc/services
>>> /etc/inputrc
>>> /etc/os-release
>>> /etc/profile
>>> /etc/gentoo-release
>>> /etc/protocols
--- /etc/hosts
--- /etc/sysctl.d/
>>> /etc/sysctl.d/00protected-links.conf
>>> /etc/filesystems
>>> /etc/sysctl.conf
--- /etc/modprobe.d/
>>> /etc/modprobe.d/i386.conf
>>> /etc/modprobe.d/aliases.conf
>>> /etc/issue.logo
>>> /etc/shells
>>> /etc/issue
--- /etc/env.d/
>>> /etc/env.d/50baselayout
--- /usr/
--- /usr/share/
--- /usr/share/baselayout/
>>> /usr/share/baselayout/fstab
>>> /usr/share/baselayout/issue.devfix
>>> /usr/share/baselayout/group
>>> /usr/share/baselayout/passwd
>>> /usr/share/baselayout/shadow
>>> Safely unmerging already-installed instance...
No package files given... Grabbing a set.
--- replaced obj /usr/share/baselayout/shadow
--- replaced obj /usr/share/baselayout/passwd
--- replaced obj /usr/share/baselayout/issue.devfix
--- replaced obj /usr/share/baselayout/group
--- replaced obj /usr/share/baselayout/fstab
--- replaced dir /usr/share/baselayout
--- replaced dir /usr/share
--- replaced dir /usr
--- replaced obj /etc/sysctl.d/00protected-links.conf
--- replaced dir /etc/sysctl.d
--- replaced obj /etc/sysctl.conf
--- replaced obj /etc/shells
--- replaced obj /etc/services
--- replaced obj /etc/protocols
--- replaced obj /etc/profile
--- replaced obj /etc/os-release
--- replaced obj /etc/networks
--- replaced obj /etc/modprobe.d/i386.conf
--- replaced obj /etc/modprobe.d/aliases.conf
--- replaced dir /etc/modprobe.d
--- replaced obj /etc/issue.logo
--- replaced obj /etc/issue
--- replaced obj /etc/inputrc
--- replaced obj /etc/hosts
--- replaced obj /etc/gentoo-release
--- replaced obj /etc/filesystems
--- replaced obj /etc/env.d/50baselayout
--- replaced dir /etc/env.d
--- replaced dir /etc
>>> Regenerating /etc/ld.so.cache...
>>> Original instance of package unmerged safely.
>>> sys-apps/baselayout-2.7 merged.
