>>> Extracting info
 * Package:    sys-fs/fuse-common-3.9.2
 * Repository: gentoo
 * USE:        kernel_linux userland_GNU elibc_glibc amd64 abi_x86_64
 * FEATURES:   network-sandbox preserve-libs sandbox userpriv usersandbox
 * /etc/portage/package.cflags/ltoworkarounds.conf -> sys-fs/fuse-common: *FLAGS-=-flto*
 * FEATURES='assume-digests binpkg-docompress binpkg-dostrip binpkg-logs buildpkg cgroup compress-index config-protect-if-modified distlocks ebuild-locks fixlafiles ipc-sandbox merge-sync multilib-strict network-sandbox news nodoc parallel-fetch pid-sandbox preserve-libs qa-unresolved-soname-deps sandbox sfperms strict strict-keepdir unknown-features-warn unmerge-logs unmerge-orphans userfetch userpriv usersandbox usersync xattr'
 * CFLAGS='-march=znver2 -O2 -pipe -fno-stack-protector -fno-stack-clash-protection -fstack-check=no -fno-stack-check -Wl,-O1 -Wl,--as-needed'
 * CXXFLAGS='-march=znver2 -O2 -pipe -fno-stack-protector -fno-stack-clash-protection -fstack-check=no -fno-stack-check -Wl,-O1 -Wl,--as-needed'
 * FFLAGS='-march=znver2 -O2 -pipe -fno-stack-protector -fno-stack-clash-protection -fstack-check=no -fno-stack-check -Wl,-O1 -Wl,--as-needed'
 * FCFLAGS='-march=znver2 -O2 -pipe -fno-stack-protector -fno-stack-clash-protection -fstack-check=no -fno-stack-check -Wl,-O1 -Wl,--as-needed'
 * F77FLAGS='-march=znver2 -O2 -pipe -fno-stack-protector -fno-stack-clash-protection -fstack-check=no -fno-stack-check -Wl,-O1 -Wl,--as-needed'
 * LDFLAGS='-Wl,-O1 -Wl,--as-needed'
 * MAKEOPTS='-j12 -l12'
 * gcc (Gentoo 10.1.0-r1 p2) 10.1.0
 * g++ (Gentoo 10.1.0-r1 p2) 10.1.0
 * GNU gold (Gentoo 2.34 p4 2.34.0) 1.16
 * Linux rescue 5.4.36 #1 SMP Thu Apr 30 04:38:28 UTC 2020 x86_64 AMD Ryzen 5 3600 6-Core Processor AuthenticAMD GNU/Linux
sys-fs/fuse-common: 25 seconds average for 6 merges
2020-05-31T11:16:16 >>> sys-fs/fuse-common: 1 minute, 57 seconds
2020-06-01T02:16:45 >>> sys-fs/fuse-common: 11 seconds
2020-06-12T01:36:53 >>> sys-fs/fuse-common: 5 seconds
2020-06-13T03:41:58 >>> sys-fs/fuse-common: 7 seconds
2020-06-13T20:15:33 >>> sys-fs/fuse-common: 4 seconds
2020-06-14T05:01:17 >>> sys-fs/fuse-common: 9 seconds
]0;emerge 13:58:03 181|565 fuse-common 00:07 (root@rescue)>>> Extracting sys-fs/fuse-common-3.9.2
 * checking 3 files for package collisions
>>> Merging sys-fs/fuse-common-3.9.2 to /
 * removing unneeded *.la files
--- /etc/
--- /etc/init.d/
>>> /etc/init.d/fuse
>>> /etc/fuse.conf
--- /lib/
--- /lib/udev/
--- /lib/udev/rules.d/
>>> /lib/udev/rules.d/99-fuse.rules
>>> Safely unmerging already-installed instance...
!!! File Not Found: '/etc/env.d/99lcdfilter'
>>> Original instance of package unmerged safely.
>>> sys-fs/fuse-common-3.9.2 merged.
!!! File Not Found: '/etc/env.d/99lcdfilter'
