>>> Extracting info
 * Package:    sys-apps/kmod-27-r1
 * Repository: gentoo
 * USE:        abi_x86_64 zlib elibc_glibc python_targets_python3_7 python_targets_python3_8 kernel_linux userland_GNU amd64 tools lzma
 * FEATURES:   network-sandbox preserve-libs sandbox userpriv usersandbox
 * FEATURES='assume-digests binpkg-docompress binpkg-dostrip binpkg-logs binpkg-multi-instance buildpkg cgroup compress-index config-protect-if-modified distlocks downgrade-backup fixlafiles ipc-sandbox merge-sync multilib-strict network-sandbox news nodoc parallel-fetch parallel-install pid-sandbox preserve-libs qa-unresolved-soname-deps sandbox sfperms strict unknown-features-warn unmerge-backup unmerge-logs unmerge-orphans userfetch userpriv usersandbox usersync xattr'
 * CFLAGS='-march=native -O3 -fgraphite-identity -floop-nest-optimize -fdevirtualize-at-ltrans -fipa-pta -fno-semantic-interposition -flto=12 -fno-plt -fno-math-errno -fno-trapping-math -fuse-linker-plugin -pipe -g0 -falign-functions=32 -Wl,-O1 -Wl,--as-needed'
 * CXXFLAGS='-march=native -O3 -fgraphite-identity -floop-nest-optimize -fdevirtualize-at-ltrans -fipa-pta -fno-semantic-interposition -flto=12 -fno-plt -fno-math-errno -fno-trapping-math -fuse-linker-plugin -pipe -g0 -falign-functions=32 -Wl,-O1 -Wl,--as-needed'
 * FFLAGS='-march=native -O3 -fgraphite-identity -floop-nest-optimize -fdevirtualize-at-ltrans -fipa-pta -fno-semantic-interposition -flto=12 -fno-plt -fno-math-errno -fno-trapping-math -fuse-linker-plugin -pipe -g0 -falign-functions=32 -Wl,-O1 -Wl,--as-needed'
 * FCFLAGS='-march=native -O3 -fgraphite-identity -floop-nest-optimize -fdevirtualize-at-ltrans -fipa-pta -fno-semantic-interposition -flto=12 -fno-plt -fno-math-errno -fno-trapping-math -fuse-linker-plugin -pipe -g0 -falign-functions=32 -Wl,-O1 -Wl,--as-needed'
 * F77FLAGS='-march=native -O3 -fgraphite-identity -floop-nest-optimize -fdevirtualize-at-ltrans -fipa-pta -fno-semantic-interposition -flto=12 -fno-plt -fno-math-errno -fno-trapping-math -fuse-linker-plugin -pipe -g0 -falign-functions=32 -Wl,-O1 -Wl,--as-needed'
 * LDFLAGS='-Wl,-O1 -Wl,--as-needed -march=native -O3 -fgraphite-identity -floop-nest-optimize -fdevirtualize-at-ltrans -fipa-pta -fno-semantic-interposition -flto=12 -fno-plt -fno-math-errno -fno-trapping-math -fuse-linker-plugin -pipe -g0 -falign-functions=32'
 * MAKEOPTS='-j12 -l12'
 * gcc () 11.0.0 20200528 (experimental)
 * g++ () 11.0.0 20200528 (experimental)
 * GNU ld (Gentoo 2.34 p4) 2.34.0
 * Linux ryzen.gnum.org 5.4.36 #1 SMP Thu Apr 30 04:38:28 UTC 2020 x86_64 AMD Ryzen 5 3600 6-Core Processor AuthenticAMD GNU/Linux
sys-apps/kmod: 31 seconds average for 12 merges
2020-05-15T07:07:01 >>> sys-apps/kmod: 17 seconds
2020-05-16T16:43:10 >>> sys-apps/kmod: 39 seconds
2020-05-19T23:53:34 >>> sys-apps/kmod: 5 seconds
2020-05-20T02:15:38 >>> sys-apps/kmod: 4 seconds
2020-05-23T23:04:58 >>> sys-apps/kmod: 34 seconds
2020-05-25T15:13:01 >>> sys-apps/kmod: 1 minute
2020-05-25T18:57:57 >>> sys-apps/kmod: 1 minute
2020-05-26T00:49:55 >>> sys-apps/kmod: 1 minute
2020-05-26T14:34:57 >>> sys-apps/kmod: 6 seconds
2020-05-27T02:10:39 >>> sys-apps/kmod: 6 seconds
2020-05-27T03:49:15 >>> sys-apps/kmod: 1 minute
2020-05-28T03:02:55 >>> sys-apps/kmod: 26 seconds
]0;emerge 14:24:49 182|889 kmod 00:31 (root@ryzen.gnum.org)kemerge 14:24:49 182|889 kmod 00:31 (root@ryzen.gnum.org)\>>> Extracting sys-apps/kmod-27-r1
 * checking 26 files for package collisions
>>> Merging sys-apps/kmod-27-r1 to /
 * removing unneeded *.la files
--- /etc/
--- /etc/init.d/
>>> /etc/init.d/kmod-static-nodes
--- /lib64/
>>> /lib64/libkmod.so.2 -> libkmod.so.2.3.5
>>> /lib64/libkmod.so.2.3.5
--- /usr/
--- /usr/lib64/
>>> /usr/lib64/libkmod.so -> ../../lib64/libkmod.so.2.3.5
--- /usr/lib64/pkgconfig/
>>> /usr/lib64/pkgconfig/libkmod.pc
--- /usr/share/
--- /usr/share/man/
--- /usr/share/man/man8/
>>> /usr/share/man/man8/modinfo.8.bz2
>>> /usr/share/man/man8/rmmod.8.bz2
>>> /usr/share/man/man8/modprobe.8.bz2
>>> /usr/share/man/man8/depmod.8.bz2
>>> /usr/share/man/man8/insmod.8.bz2
>>> /usr/share/man/man8/lsmod.8.bz2
>>> /usr/share/man/man8/kmod.8.bz2
--- /usr/share/man/man5/
>>> /usr/share/man/man5/modprobe.d.5.bz2
>>> /usr/share/man/man5/modules.dep.5.bz2
>>> /usr/share/man/man5/modules.dep.bin.5
>>> /usr/share/man/man5/depmod.d.5.bz2
--- /usr/share/bash-completion/
--- /usr/share/bash-completion/completions/
>>> /usr/share/bash-completion/completions/kmod
--- /usr/include/
>>> /usr/include/libkmod.h
--- /sbin/
>>> /sbin/depmod -> ../bin/kmod
>>> /sbin/modprobe -> ../bin/kmod
>>> /sbin/rmmod -> ../bin/kmod
>>> /sbin/insmod -> ../bin/kmod
--- /bin/
>>> /bin/kmod
>>> /bin/lsmod -> kmod
>>> /bin/modinfo -> kmod
--- /lib/
--- /lib/modprobe.d/
>>> /lib/modprobe.d/usb-load-ehci-first.conf
>>> Safely unmerging already-installed instance...
>>> Original instance of package unmerged safely.
>>> sys-apps/kmod-27-r1 merged.
>>> Regenerating /etc/ld.so.cache...
