[32;01m * [39;49;00mPackage:    sys-libs/glibc-2.31-r3
[32;01m * [39;49;00mRepository: gentoo
[32;01m * [39;49;00mMaintainer: toolchain@gentoo.org
[32;01m * [39;49;00mUSE:        abi_x86_64 amd64 caps crypt custom-cflags elibc_glibc gd kernel_linux multiarch multilib nscd profile static-libs systemtap userland_GNU
[32;01m * [39;49;00mFEATURES:   ccache network-sandbox preserve-libs sandbox userpriv usersandbox
 [32;01m*[0m /etc/portage/package.cflags/ltoworkarounds.conf -> */*: *FLAGS+=-Wl,-O4 *FLAGS-=-Wl,-O1
 [32;01m*[0m /etc/portage/package.cflags/ltoworkarounds.conf -> sys-libs/glibc: *FLAGS-=-flto* #Alternative: *FLAGS+=-ffat-lto-objects *FLAGS-="${IPAPTA}" Fails in configure stage with LTO enabled, checking for builtin redirect.  With -ffat-lto-objects, and no -fipa-pta, we get further, but get multiple definition errors  Forcing past that yields undefined symbol errors.
 [32;01m*[0m /etc/portage/package.cflags/ltoworkarounds.conf -> >=sys-libs/glibc-2.30: /-Ofast/'-O3 ${SAFEST_FAST_MATH}' /-ffast-math/'${SAFEST_FAST_MATH}' # preprocessor in the source throws an error if ffast-math is enabled
 [32;01m*[0m /etc/portage/package.cflags/ltoworkarounds.conf -> sys-libs/glibc: *FLAGS-="-mtls-dialect=gnu2"
 [32;01m*[0m /etc/portage/package.cflags/ltoworkarounds.conf -> sys-libs/glibc: *FLAGS-="${SEMINTERPOS}"
 [32;01m*[0m /etc/portage/package.cflags/ltoworkarounds.conf -> sys-libs/glibc: *FLAGS-="-fno-plt" #When using prelink, will cause a bunch of segfaults.
 [32;01m*[0m FEATURES='assume-digests nodoc merge-sync fixlafiles unknown-features-warn userpriv usersandbox distlocks multilib-strict binpkg-docompress buildpkg ccache sfperms ipc-sandbox news strict usersync pid-sandbox binpkg-dostrip binpkg-logs cgroup unmerge-orphans compress-index xattr strict-keepdir network-sandbox sandbox parallel-fetch userfetch parallel-install qa-unresolved-soname-deps binpkg-multi-instance config-protect-if-modified unmerge-logs preserve-libs'
 [32;01m*[0m CFLAGS='-march=znver2 -O3 -fipa-pta -fgraphite-identity -floop-nest-optimize -fdevirtualize-at-ltrans -fno-math-errno -fno-trapping-math -falign-functions=32 -fno-stack-protector -fno-stack-clash-protection -fstack-check=no -fno-stack-check -pipe -g0 -fuse-linker-plugin -Wl,-O4 -Wl,-O4,--sort-common,--as-needed,-z,norelro,-z,now,-lgomp,-lpthread'
 [32;01m*[0m CXXFLAGS='-march=znver2 -O3 -fno-math-errno -fno-trapping-math -pipe -g0 -fgraphite-identity -floop-interchange -floop-nest-optimize -floop-parallelize-all -ftree-parallelize-loops=12 -ftree-vectorize -fdevirtualize-at-ltrans -fipa-pta -falign-functions=32 -fno-stack-protector -fno-stack-clash-protection -fstack-check=no -fno-stack-check -Wl,-O4 -fuse-linker-plugin -Wl,-O4,--sort-common,--as-needed,-z,norelro,-z,now,-lgomp,-lpthread'
 [32;01m*[0m FFLAGS='-march=znver2 -O3 -fipa-pta -fgraphite-identity -floop-nest-optimize -fdevirtualize-at-ltrans -fno-math-errno -fno-trapping-math -falign-functions=32 -fno-stack-protector -fno-stack-clash-protection -fstack-check=no -fno-stack-check -pipe -g0 -fuse-linker-plugin -Wl,-O4 -Wl,-O4,--sort-common,--as-needed,-z,norelro,-z,now,-lgomp,-lpthread'
 [32;01m*[0m FCFLAGS='-march=znver2 -O3 -fipa-pta -fgraphite-identity -floop-nest-optimize -fdevirtualize-at-ltrans -fno-math-errno -fno-trapping-math -falign-functions=32 -fno-stack-protector -fno-stack-clash-protection -fstack-check=no -fno-stack-check -pipe -g0 -fuse-linker-plugin -Wl,-O4 -Wl,-O4,--sort-common,--as-needed,-z,norelro,-z,now,-lgomp,-lpthread'
 [32;01m*[0m F77FLAGS='-march=znver2 -O3 -fipa-pta -fgraphite-identity -floop-nest-optimize -fdevirtualize-at-ltrans -fno-math-errno -fno-trapping-math -falign-functions=32 -fno-stack-protector -fno-stack-clash-protection -fstack-check=no -fno-stack-check -pipe -g0 -fuse-linker-plugin -Wl,-O4 -Wl,-O4,--sort-common,--as-needed,-z,norelro,-z,now,-lgomp,-lpthread'
 [32;01m*[0m LDFLAGS='-march=znver2 -O3 -fipa-pta -fgraphite-identity -floop-nest-optimize -fdevirtualize-at-ltrans -fno-math-errno -fno-trapping-math -falign-functions=32 -fno-stack-protector -fno-stack-clash-protection -fstack-check=no -fno-stack-check -pipe -g0 -fuse-linker-plugin -Wl,-O4,--sort-common,--as-needed,-z,norelro,-z,now,-lgomp,-lpthread'
 [32;01m*[0m MAKEOPTS='-j12 -l12'
 [32;01m*[0m gcc () 11.0.0 20200605 (experimental)
 [32;01m*[0m g++ () 11.0.0 20200605 (experimental)
 [32;01m*[0m GNU ld (Gentoo 2.34 p4) 2.34.0
 [32;01m*[0m Linux rescue 5.4.36 #1 SMP Thu Apr 30 04:38:28 UTC 2020 x86_64 AMD Ryzen 5 3600 6-Core Processor AuthenticAMD GNU/Linux
[00;01msys-libs/[00;00m[36;01mglibc[00;00m: [32;01m5[00;00m minutes, [32;01m40[00;00m seconds average for [32;01m22[00;00m merges
2020-05-15T03:10:02 >>> [00;01msys-libs/[00;00m[36;01mglibc[00;00m: [32;01m16[00;00m minutes, [32;01m34[00;00m seconds
2020-05-16T01:15:07 >>> [00;01msys-libs/[00;00m[36;01mglibc[00;00m: [32;01m4[00;00m minutes, [32;01m48[00;00m seconds
2020-05-16T16:44:06 >>> [00;01msys-libs/[00;00m[36;01mglibc[00;00m: [32;01m4[00;00m minutes, [32;01m53[00;00m seconds
2020-05-19T23:52:06 >>> [00;01msys-libs/[00;00m[36;01mglibc[00;00m: [32;01m16[00;00m seconds
2020-05-20T01:46:08 >>> [00;01msys-libs/[00;00m[36;01mglibc[00;00m: [32;01m7[00;00m minutes, [32;01m15[00;00m seconds
2020-05-20T04:31:22 >>> [00;01msys-libs/[00;00m[36;01mglibc[00;00m: [32;01m9[00;00m seconds
2020-05-20T04:57:49 >>> [00;01msys-libs/[00;00m[36;01mglibc[00;00m: [32;01m10[00;00m seconds
2020-05-21T00:11:21 >>> [00;01msys-libs/[00;00m[36;01mglibc[00;00m: [32;01m7[00;00m minutes, [32;01m14[00;00m seconds
2020-05-24T13:37:55 >>> [00;01msys-libs/[00;00m[36;01mglibc[00;00m: [32;01m7[00;00m minutes
2020-05-25T15:04:17 >>> [00;01msys-libs/[00;00m[36;01mglibc[00;00m: [32;01m7[00;00m minutes, [32;01m38[00;00m seconds
2020-05-26T05:07:26 >>> [00;01msys-libs/[00;00m[36;01mglibc[00;00m: [32;01m5[00;00m minutes, [32;01m56[00;00m seconds
2020-05-26T14:34:02 >>> [00;01msys-libs/[00;00m[36;01mglibc[00;00m: [32;01m10[00;00m seconds
2020-05-27T02:11:03 >>> [00;01msys-libs/[00;00m[36;01mglibc[00;00m: [32;01m10[00;00m seconds
2020-05-27T02:49:24 >>> [00;01msys-libs/[00;00m[36;01mglibc[00;00m: [32;01m6[00;00m minutes
2020-05-28T06:48:11 >>> [00;01msys-libs/[00;00m[36;01mglibc[00;00m: [32;01m5[00;00m minutes, [32;01m37[00;00m seconds
2020-05-28T07:04:18 >>> [00;01msys-libs/[00;00m[36;01mglibc[00;00m: [32;01m5[00;00m minutes, [32;01m47[00;00m seconds
2020-05-29T03:21:23 >>> [00;01msys-libs/[00;00m[36;01mglibc[00;00m: [32;01m25[00;00m seconds
2020-05-30T04:57:48 >>> [00;01msys-libs/[00;00m[36;01mglibc[00;00m: [32;01m7[00;00m minutes, [32;01m23[00;00m seconds
2020-05-30T20:44:21 >>> [00;01msys-libs/[00;00m[36;01mglibc[00;00m: [32;01m7[00;00m minutes, [32;01m24[00;00m seconds
2020-05-31T11:39:01 >>> [00;01msys-libs/[00;00m[36;01mglibc[00;00m: [32;01m11[00;00m minutes, [32;01m54[00;00m seconds
2020-05-31T16:24:48 >>> [00;01msys-libs/[00;00m[36;01mglibc[00;00m: [32;01m8[00;00m minutes
2020-06-01T10:03:36 >>> [00;01msys-libs/[00;00m[36;01mglibc[00;00m: [32;01m10[00;00m minutes, [32;01m1[00;00m second
]0;emerge 13:50:31 1|1 glibc 09:58 (root@rescue) [32;01m*[0m Using python3.8 to build
>>> Unpacking source...
profiling:/tmp/portage/app-arch/bzip2-1.0.8-r1/work/bzip2-1.0.8-abi_x86_64.amd64/blocksort.gcda:Cannot open
profiling:/tmp/portage/app-arch/bzip2-1.0.8-r1/work/bzip2-1.0.8-abi_x86_64.amd64/huffman.gcda:Cannot open
profiling:/tmp/portage/app-arch/bzip2-1.0.8-r1/work/bzip2-1.0.8-abi_x86_64.amd64/compress.gcda:Cannot open
profiling:/tmp/portage/app-arch/bzip2-1.0.8-r1/work/bzip2-1.0.8-abi_x86_64.amd64/decompress.gcda:Cannot open
profiling:/tmp/portage/app-arch/bzip2-1.0.8-r1/work/bzip2-1.0.8-abi_x86_64.amd64/bzlib.gcda:Cannot open
make -j12 -l12 glibc-test 
cc -march=znver2 -O3 -fipa-pta -fgraphite-identity -floop-nest-optimize -fdevirtualize-at-ltrans -fno-math-errno -fno-trapping-math -falign-functions=32 -fno-stack-protector -fno-stack-clash-protection -fstack-check=no -fno-stack-check -pipe -g0 -fuse-linker-plugin -Wl,-O4 -Wl,-O4,--sort-common,--as-needed,-z,norelro,-z,now,-lgomp,-lpthread   -march=znver2 -O3 -fipa-pta -fgraphite-identity -floop-nest-optimize -fdevirtualize-at-ltrans -fno-math-errno -fno-trapping-math -falign-functions=32 -fno-stack-protector -fno-stack-clash-protection -fstack-check=no -fno-stack-check -pipe -g0 -fuse-linker-plugin -Wl,-O4,--sort-common,--as-needed,-z,norelro,-z,now,-lgomp,-lpthread  glibc-test.c   -o glibc-test
profiling:/tmp/portage/dev-libs/libffi-3.3-r1/work/libffi-3.3-abi_x86_64.amd64/src/.libs/prep_cif.gcda:Cannot open
profiling:/tmp/portage/dev-libs/libffi-3.3-r1/work/libffi-3.3-abi_x86_64.amd64/src/.libs/raw_api.gcda:Cannot open
profiling:/tmp/portage/dev-libs/libffi-3.3-r1/work/libffi-3.3-abi_x86_64.amd64/src/.libs/java_raw_api.gcda:Cannot open
profiling:/tmp/portage/dev-libs/libffi-3.3-r1/work/libffi-3.3-abi_x86_64.amd64/src/.libs/closures.gcda:Cannot open
profiling:/tmp/portage/dev-libs/libffi-3.3-r1/work/libffi-3.3-abi_x86_64.amd64/src/x86/.libs/ffi64.gcda:Cannot open
profiling:/tmp/portage/dev-libs/libffi-3.3-r1/work/libffi-3.3-abi_x86_64.amd64/src/x86/.libs/ffiw64.gcda:Cannot open
 [32;01m*[0m Checking that IA32 emulation is enabled in the running kernel ...
[A[263C [34;01m[ [32;01mok[34;01m ][0m
 [32;01m*[0m Checking gcc for __thread support ...
[A[263C [34;01m[ [32;01mok[34;01m ][0m
 [32;01m*[0m Checking running kernel version (5.4.36 >= 3.2.0) ...
[A[263C [34;01m[ [32;01mok[34;01m ][0m
 [32;01m*[0m Checking linux-headers version (5.7.0 >= 3.2.0) ...
[A[263C [34;01m[ [32;01mok[34;01m ][0m
>>> Unpacking gcc-multilib-bootstrap-20180511.tar.xz to /tmp/portage/sys-libs/glibc-2.31-r3/work
profiling:/tmp/portage/app-arch/bzip2-1.0.8-r1/work/bzip2-1.0.8-abi_x86_64.amd64/blocksort.gcda:Cannot open
profiling:/tmp/portage/app-arch/bzip2-1.0.8-r1/work/bzip2-1.0.8-abi_x86_64.amd64/huffman.gcda:Cannot open
profiling:/tmp/portage/app-arch/bzip2-1.0.8-r1/work/bzip2-1.0.8-abi_x86_64.amd64/compress.gcda:Cannot open
profiling:/tmp/portage/app-arch/bzip2-1.0.8-r1/work/bzip2-1.0.8-abi_x86_64.amd64/decompress.gcda:Cannot open
profiling:/tmp/portage/app-arch/bzip2-1.0.8-r1/work/bzip2-1.0.8-abi_x86_64.amd64/bzlib.gcda:Cannot open
[31;01m * [39;49;00mFailed to kill pid(s) in '/sys/fs/cgroup/portage/sys-libs:glibc-2.31-r3._xtcnktt/cgroup.procs': 11946 11949 11954
sandbox:stop  caught signal 2 in pid 4
sandbox:stop  Send signal 4 more times to force SIGKILL
[31;01m * [39;49;00mFailed to kill pid(s) in '/sys/fs/cgroup/portage/sys-libs:glibc-2.31-r3._xtcnktt/cgroup.procs': 11949
