>>> Extracting info
 * Package:    sys-apps/dbus-1.12.16
 * Repository: gentoo
 * USE:        abi_x86_64 userland_GNU X amd64 user-session systemd kernel_linux elibc_glibc
 * FEATURES:   network-sandbox preserve-libs sandbox userpriv usersandbox
 * FEATURES='nodoc binpkg-multi-instance usersandbox distlocks sfperms buildpkg strict-keepdir network-sandbox assume-digests unmerge-logs multilib-strict fixlafiles binpkg-logs binpkg-dostrip unknown-features-warn strict compress-index unmerge-orphans sandbox pid-sandbox downgrade-backup ipc-sandbox preserve-libs news userpriv parallel-install cgroup unmerge-backup parallel-fetch usersync binpkg-docompress qa-unresolved-soname-deps merge-sync xattr userfetch config-protect-if-modified'
 * CFLAGS='-march=native -O3 -fgraphite-identity -floop-nest-optimize -fdevirtualize-at-ltrans -fipa-pta -fno-semantic-interposition -flto=12 -fno-plt -fno-math-errno -fno-trapping-math -fuse-linker-plugin -pipe -g0 -falign-functions=32 -Wl,-O1 -Wl,--as-needed -Wl,--hash-style=gnu,-z,norelro,--as-needed -rdynamic'
 * CXXFLAGS='-march=native -O3 -fgraphite-identity -floop-nest-optimize -fdevirtualize-at-ltrans -fipa-pta -fno-semantic-interposition -flto=12 -fno-plt -fno-math-errno -fno-trapping-math -fuse-linker-plugin -pipe -g0 -falign-functions=32 -Wl,-O1 -Wl,--as-needed -Wl,--hash-style=gnu,-z,norelro,--as-needed -rdynamic'
 * FFLAGS='-march=native -O3 -fgraphite-identity -floop-nest-optimize -fdevirtualize-at-ltrans -fipa-pta -fno-semantic-interposition -flto=12 -fno-plt -fno-math-errno -fno-trapping-math -fuse-linker-plugin -pipe -g0 -falign-functions=32 -Wl,-O1 -Wl,--as-needed -Wl,--hash-style=gnu,-z,norelro,--as-needed -rdynamic'
 * FCFLAGS='-march=native -O3 -fgraphite-identity -floop-nest-optimize -fdevirtualize-at-ltrans -fipa-pta -fno-semantic-interposition -flto=12 -fno-plt -fno-math-errno -fno-trapping-math -fuse-linker-plugin -pipe -g0 -falign-functions=32 -Wl,-O1 -Wl,--as-needed -Wl,--hash-style=gnu,-z,norelro,--as-needed -rdynamic'
 * F77FLAGS='-march=native -O3 -fgraphite-identity -floop-nest-optimize -fdevirtualize-at-ltrans -fipa-pta -fno-semantic-interposition -flto=12 -fno-plt -fno-math-errno -fno-trapping-math -fuse-linker-plugin -pipe -g0 -falign-functions=32 -Wl,-O1 -Wl,--as-needed -Wl,--hash-style=gnu,-z,norelro,--as-needed -rdynamic'
 * LDFLAGS='-Wl,-O1 -Wl,--as-needed -Wl,--hash-style=gnu,-z,norelro,--as-needed -march=native -O3 -fgraphite-identity -floop-nest-optimize -fdevirtualize-at-ltrans -fipa-pta -fno-semantic-interposition -flto=12 -fno-plt -fno-math-errno -fno-trapping-math -fuse-linker-plugin -pipe -g0 -falign-functions=32 -rdynamic'
 * MAKEOPTS='-j12 -l12'
 * gcc () 11.0.0 20200526 (experimental)
 * g++ () 11.0.0 20200526 (experimental)
 * GNU ld (Gentoo 2.34 p4) 2.34.0
 * Linux ryzen.gnum.org 5.4.36 #1 SMP Thu Apr 30 04:38:28 UTC 2020 x86_64 AMD Ryzen 5 3600 6-Core Processor AuthenticAMD GNU/Linux
sys-apps/dbus: 25 seconds average for 7 merges
2020-05-15T13:01:25 >>> sys-apps/dbus: 39 seconds
2020-05-19T23:58:07 >>> sys-apps/dbus: 9 seconds
2020-05-20T01:53:38 >>> sys-apps/dbus: 16 seconds
2020-05-25T14:48:49 >>> sys-apps/dbus: 4 seconds
2020-05-25T19:14:28 >>> sys-apps/dbus: 53 seconds
2020-05-26T04:28:09 >>> sys-apps/dbus: 53 seconds
2020-05-26T14:31:06 >>> sys-apps/dbus: 6 seconds
]0;emerge 02:07:14 413|647 dbus 00:37 (root@ryzen.gnum.org)kemerge 02:07:14 413|647 dbus 00:37 (root@ryzen.gnum.org)\ * Checking for suitable kernel configuration options...
 [ ok ]
>>> Extracting sys-apps/dbus-1.12.16
 * checking 64 files for package collisions
>>> Merging sys-apps/dbus-1.12.16 to /
 * removing unneeded *.la files
 * >>> SetUID: [chmod go-r] /usr/libexec/dbus-daemon-launch-helper ...
 [ ok ]
--- /etc/
--- /etc/X11/
--- /etc/X11/xinit/
--- /etc/X11/xinit/xinitrc.d/
>>> /etc/X11/xinit/xinitrc.d/80-dbus
--- /etc/dbus-1/
--- /etc/dbus-1/session.d/
>>> /etc/dbus-1/session.d/.keep_sys-apps_dbus-0
--- /etc/dbus-1/system.d/
>>> /etc/dbus-1/system.d/.keep_sys-apps_dbus-0
>>> /etc/dbus-1/system.conf
>>> /etc/dbus-1/session.conf
--- /etc/init.d/
>>> /etc/init.d/dbus
--- /var/
--- /var/lib/
--- /var/lib/dbus/
>>> /var/lib/dbus/.keep_sys-apps_dbus-0
--- /usr/
--- /usr/lib64/
--- /usr/lib64/pkgconfig/
>>> /usr/lib64/pkgconfig/dbus-1.pc
--- /usr/lib64/dbus-1.0/
--- /usr/lib64/dbus-1.0/include/
--- /usr/lib64/dbus-1.0/include/dbus/
>>> /usr/lib64/dbus-1.0/include/dbus/dbus-arch-deps.h
--- /usr/lib64/cmake/
--- /usr/lib64/cmake/DBus1/
>>> /usr/lib64/cmake/DBus1/DBus1ConfigVersion.cmake
>>> /usr/lib64/cmake/DBus1/DBus1Config.cmake
>>> /usr/lib64/libdbus-1.so.3.19.11
>>> /usr/lib64/libdbus-1.so.3 -> libdbus-1.so.3.19.11
>>> /usr/lib64/libdbus-1.so -> libdbus-1.so.3.19.11
--- /usr/share/
--- /usr/share/xml/
--- /usr/share/xml/dbus-1/
>>> /usr/share/xml/dbus-1/introspect.dtd
>>> /usr/share/xml/dbus-1/busconfig.dtd
--- /usr/share/man/
--- /usr/share/man/man1/
>>> /usr/share/man/man1/dbus-monitor.1.bz2
>>> /usr/share/man/man1/dbus-update-activation-environment.1.bz2
>>> /usr/share/man/man1/dbus-daemon.1.bz2
>>> /usr/share/man/man1/dbus-send.1.bz2
>>> /usr/share/man/man1/dbus-cleanup-sockets.1.bz2
>>> /usr/share/man/man1/dbus-run-session.1.bz2
>>> /usr/share/man/man1/dbus-uuidgen.1.bz2
>>> /usr/share/man/man1/dbus-launch.1.bz2
>>> /usr/share/man/man1/dbus-test-tool.1.bz2
--- /usr/share/dbus-1/
--- /usr/share/dbus-1/services/
>>> /usr/share/dbus-1/services/.keep_sys-apps_dbus-0
>>> /usr/share/dbus-1/system.conf
>>> /usr/share/dbus-1/session.conf
--- /usr/include/
--- /usr/include/dbus-1.0/
--- /usr/include/dbus-1.0/dbus/
>>> /usr/include/dbus-1.0/dbus/dbus-protocol.h
>>> /usr/include/dbus-1.0/dbus/dbus-pending-call.h
>>> /usr/include/dbus-1.0/dbus/dbus-errors.h
>>> /usr/include/dbus-1.0/dbus/dbus-syntax.h
>>> /usr/include/dbus-1.0/dbus/dbus-signature.h
>>> /usr/include/dbus-1.0/dbus/dbus-shared.h
>>> /usr/include/dbus-1.0/dbus/dbus.h
>>> /usr/include/dbus-1.0/dbus/dbus-threads.h
>>> /usr/include/dbus-1.0/dbus/dbus-server.h
>>> /usr/include/dbus-1.0/dbus/dbus-address.h
>>> /usr/include/dbus-1.0/dbus/dbus-macros.h
>>> /usr/include/dbus-1.0/dbus/dbus-misc.h
>>> /usr/include/dbus-1.0/dbus/dbus-connection.h
>>> /usr/include/dbus-1.0/dbus/dbus-bus.h
>>> /usr/include/dbus-1.0/dbus/dbus-memory.h
>>> /usr/include/dbus-1.0/dbus/dbus-types.h
>>> /usr/include/dbus-1.0/dbus/dbus-message.h
--- /usr/bin/
>>> /usr/bin/dbus-monitor
>>> /usr/bin/dbus-daemon
>>> /usr/bin/dbus-cleanup-sockets
>>> /usr/bin/dbus-launch
>>> /usr/bin/dbus-test-tool
>>> /usr/bin/dbus-run-session
>>> /usr/bin/dbus-uuidgen
>>> /usr/bin/dbus-update-activation-environment
>>> /usr/bin/dbus-send
--- /usr/libexec/
>>> /usr/libexec/dbus-daemon-launch-helper
--- /usr/lib/
--- /usr/lib/tmpfiles.d/
>>> /usr/lib/tmpfiles.d/dbus.conf
--- /usr/lib/sysusers.d/
>>> /usr/lib/sysusers.d/dbus.conf
--- /usr/lib/systemd/
--- /usr/lib/systemd/user/
>>> /usr/lib/systemd/user/dbus.service
>>> /usr/lib/systemd/user/dbus.socket
--- /usr/lib/systemd/user/sockets.target.wants/
>>> /usr/lib/systemd/user/sockets.target.wants/dbus.socket -> ../dbus.socket
--- /lib/
--- /lib/systemd/
--- /lib/systemd/system/
>>> /lib/systemd/system/dbus.service
--- /lib/systemd/system/multi-user.target.wants/
>>> /lib/systemd/system/multi-user.target.wants/dbus.service -> ../dbus.service
>>> /lib/systemd/system/dbus.socket
--- /lib/systemd/system/sockets.target.wants/
>>> /lib/systemd/system/sockets.target.wants/dbus.socket -> ../dbus.socket
>>> Safely unmerging already-installed instance...
>>> Original instance of package unmerged safely.
>>> sys-apps/dbus-1.12.16 merged.
>>> Regenerating /etc/ld.so.cache...
