No package files given... Grabbing a set.
--- replaced obj /var/lib/dbus/.keep_sys-apps_dbus-0
--- replaced dir /var/lib/dbus
--- replaced dir /var/lib
--- replaced dir /var
--- replaced obj /usr/share/xml/dbus-1/introspect.dtd
--- replaced obj /usr/share/xml/dbus-1/busconfig.dtd
--- replaced dir /usr/share/xml/dbus-1
--- replaced dir /usr/share/xml
--- replaced obj /usr/share/man/man1/dbus-uuidgen.1.bz2
--- replaced obj /usr/share/man/man1/dbus-update-activation-environment.1.bz2
--- replaced obj /usr/share/man/man1/dbus-test-tool.1.bz2
--- replaced obj /usr/share/man/man1/dbus-send.1.bz2
--- replaced obj /usr/share/man/man1/dbus-run-session.1.bz2
--- replaced obj /usr/share/man/man1/dbus-monitor.1.bz2
--- replaced obj /usr/share/man/man1/dbus-launch.1.bz2
--- replaced obj /usr/share/man/man1/dbus-daemon.1.bz2
--- replaced obj /usr/share/man/man1/dbus-cleanup-sockets.1.bz2
--- replaced dir /usr/share/man/man1
--- replaced dir /usr/share/man
--- replaced obj /usr/share/dbus-1/system.conf
--- !found   dir /usr/share/dbus-1/session.d
--- replaced obj /usr/share/dbus-1/session.conf
--- replaced obj /usr/share/dbus-1/services/.keep_sys-apps_dbus-0
--- replaced dir /usr/share/dbus-1/services
--- replaced dir /usr/share/dbus-1
--- replaced dir /usr/share
--- replaced obj /usr/libexec/dbus-daemon-launch-helper
--- replaced dir /usr/libexec
--- replaced obj /usr/lib64/pkgconfig/dbus-1.pc
--- replaced dir /usr/lib64/pkgconfig
<<<          obj /usr/lib64/libdbus-1.so.3.19.11
--- replaced sym /usr/lib64/libdbus-1.so.3
--- replaced sym /usr/lib64/libdbus-1.so
--- replaced obj /usr/lib64/dbus-1.0/include/dbus/dbus-arch-deps.h
--- replaced dir /usr/lib64/dbus-1.0/include/dbus
--- replaced dir /usr/lib64/dbus-1.0/include
--- replaced dir /usr/lib64/dbus-1.0
--- replaced obj /usr/lib64/cmake/DBus1/DBus1ConfigVersion.cmake
--- replaced obj /usr/lib64/cmake/DBus1/DBus1Config.cmake
--- replaced dir /usr/lib64/cmake/DBus1
--- replaced dir /usr/lib64/cmake
--- replaced dir /usr/lib64
--- replaced obj /usr/lib/tmpfiles.d/dbus.conf
--- replaced dir /usr/lib/tmpfiles.d
--- replaced obj /usr/lib/sysusers.d/dbus.conf
--- replaced dir /usr/lib/sysusers.d
--- replaced sym /usr/lib/systemd/user/sockets.target.wants/dbus.socket
--- replaced dir /usr/lib/systemd/user/sockets.target.wants
--- replaced obj /usr/lib/systemd/user/dbus.socket
--- replaced obj /usr/lib/systemd/user/dbus.service
--- replaced dir /usr/lib/systemd/user
--- replaced dir /usr/lib/systemd
--- replaced dir /usr/lib
--- replaced obj /usr/include/dbus-1.0/dbus/dbus.h
--- replaced obj /usr/include/dbus-1.0/dbus/dbus-types.h
--- replaced obj /usr/include/dbus-1.0/dbus/dbus-threads.h
--- replaced obj /usr/include/dbus-1.0/dbus/dbus-syntax.h
--- replaced obj /usr/include/dbus-1.0/dbus/dbus-signature.h
--- replaced obj /usr/include/dbus-1.0/dbus/dbus-shared.h
--- replaced obj /usr/include/dbus-1.0/dbus/dbus-server.h
--- replaced obj /usr/include/dbus-1.0/dbus/dbus-protocol.h
--- replaced obj /usr/include/dbus-1.0/dbus/dbus-pending-call.h
--- replaced obj /usr/include/dbus-1.0/dbus/dbus-misc.h
--- replaced obj /usr/include/dbus-1.0/dbus/dbus-message.h
--- replaced obj /usr/include/dbus-1.0/dbus/dbus-memory.h
--- replaced obj /usr/include/dbus-1.0/dbus/dbus-macros.h
--- replaced obj /usr/include/dbus-1.0/dbus/dbus-errors.h
--- replaced obj /usr/include/dbus-1.0/dbus/dbus-connection.h
--- replaced obj /usr/include/dbus-1.0/dbus/dbus-bus.h
--- replaced obj /usr/include/dbus-1.0/dbus/dbus-address.h
--- replaced dir /usr/include/dbus-1.0/dbus
--- replaced dir /usr/include/dbus-1.0
--- replaced dir /usr/include
--- replaced obj /usr/bin/dbus-uuidgen
--- replaced obj /usr/bin/dbus-update-activation-environment
--- replaced obj /usr/bin/dbus-test-tool
--- replaced obj /usr/bin/dbus-send
--- replaced obj /usr/bin/dbus-run-session
--- replaced obj /usr/bin/dbus-monitor
--- replaced obj /usr/bin/dbus-launch
--- replaced obj /usr/bin/dbus-daemon
--- replaced obj /usr/bin/dbus-cleanup-sockets
--- replaced dir /usr/bin
--- replaced dir /usr
--- replaced sym /lib/systemd/system/sockets.target.wants/dbus.socket
--- replaced dir /lib/systemd/system/sockets.target.wants
--- replaced sym /lib/systemd/system/multi-user.target.wants/dbus.service
--- replaced dir /lib/systemd/system/multi-user.target.wants
--- replaced obj /lib/systemd/system/dbus.socket
--- replaced obj /lib/systemd/system/dbus.service
--- replaced dir /lib/systemd/system
--- replaced dir /lib/systemd
--- replaced dir /lib
--- replaced obj /etc/init.d/dbus
--- replaced dir /etc/init.d
--- replaced obj /etc/dbus-1/system.d/.keep_sys-apps_dbus-0
--- replaced dir /etc/dbus-1/system.d
--- replaced obj /etc/dbus-1/system.conf
--- replaced obj /etc/dbus-1/session.d/.keep_sys-apps_dbus-0
--- replaced dir /etc/dbus-1/session.d
--- replaced obj /etc/dbus-1/session.conf
--- replaced dir /etc/dbus-1
--- replaced obj /etc/X11/xinit/xinitrc.d/80-dbus
--- replaced dir /etc/X11/xinit/xinitrc.d
--- replaced dir /etc/X11/xinit
--- replaced dir /etc/X11
--- replaced dir /etc
--- !empty   dir /usr/share/dbus-1/system.d
--- !empty   dir /usr/share/dbus-1/system-services
>>> Regenerating /etc/ld.so.cache...
