>>> Extracting info
 * Package:    sys-fs/udev-init-scripts-33
 * Repository: gentoo
 * USE:        amd64 userland_GNU abi_x86_64 elibc_glibc kernel_linux
 * FEATURES:   ccache preserve-libs userpriv
 * FEATURES='assume-digests binpkg-docompress binpkg-dostrip binpkg-logs buildpkg ccache cgroup compress-index config-protect-if-modified distlocks ebuild-locks fixlafiles merge-sync multilib-strict news nodoc parallel-fetch preserve-libs qa-unresolved-soname-deps sfperms strict strict-keepdir unknown-features-warn unmerge-logs unmerge-orphans userfetch userpriv usersync xattr'
 * CFLAGS='-march=znver2 -O2 -pipe -g0 -fno-semantic-interposition -fno-plt -falign-functions=32 -fno-stack-protector -fno-stack-clash-protection -fstack-check=no -fno-stack-check -Wl,-O4 -Wl,-O4,--sort-common,--as-needed,-z,norelro,-z,now'
 * CXXFLAGS='-march=znver2 -O2 -pipe -g0 -fno-semantic-interposition -fno-plt -falign-functions=32 -fno-stack-protector -fno-stack-clash-protection -fstack-check=no -fno-stack-check -Wl,-O4 -Wl,-O4,--sort-common,--as-needed,-z,norelro,-z,now'
 * FFLAGS='-march=znver2 -O2 -pipe -g0 -fno-semantic-interposition -fno-plt -falign-functions=32 -fno-stack-protector -fno-stack-clash-protection -fstack-check=no -fno-stack-check -Wl,-O4 -Wl,-O4,--sort-common,--as-needed,-z,norelro,-z,now'
 * FCFLAGS='-march=znver2 -O2 -pipe -g0 -fno-semantic-interposition -fno-plt -falign-functions=32 -fno-stack-protector -fno-stack-clash-protection -fstack-check=no -fno-stack-check -Wl,-O4 -Wl,-O4,--sort-common,--as-needed,-z,norelro,-z,now'
 * F77FLAGS='-march=znver2 -O2 -pipe -g0 -fno-semantic-interposition -fno-plt -falign-functions=32 -fno-stack-protector -fno-stack-clash-protection -fstack-check=no -fno-stack-check -Wl,-O4 -Wl,-O4,--sort-common,--as-needed,-z,norelro,-z,now'
 * LDFLAGS='-Wl,-O4,--sort-common,--as-needed,-z,norelro,-z,now'
 * MAKEOPTS='-j12 -l12'
 * gcc (Gentoo 11.0.0_pre9999 p1, commit 184c21bf1cd04a108ed9bd04635e7d57ac39f616) 11.0.0 20200611 (experimental)
 * g++ (Gentoo 11.0.0_pre9999 p1, commit 184c21bf1cd04a108ed9bd04635e7d57ac39f616) 11.0.0 20200611 (experimental)
 * GNU ld (Gentoo 2.34 p4) 2.34.0
 * Linux rescue 5.4.36 #1 SMP Thu Apr 30 04:38:28 UTC 2020 x86_64 AMD Ryzen 5 3600 6-Core Processor AuthenticAMD GNU/Linux
sys-fs/udev-init-scripts: 8 seconds average for 14 merges
2020-05-16T20:56:37 >>> sys-fs/udev-init-scripts: 8 seconds
2020-05-20T02:14:51 >>> sys-fs/udev-init-scripts: 5 seconds
2020-05-23T11:38:43 >>> sys-fs/udev-init-scripts: 10 seconds
2020-05-24T23:54:24 >>> sys-fs/udev-init-scripts: 10 seconds
2020-05-25T18:39:32 >>> sys-fs/udev-init-scripts: 10 seconds
2020-05-25T20:12:36 >>> sys-fs/udev-init-scripts: 10 seconds
2020-05-26T14:38:44 >>> sys-fs/udev-init-scripts: 6 seconds
2020-05-27T02:14:56 >>> sys-fs/udev-init-scripts: 6 seconds
2020-05-27T03:26:39 >>> sys-fs/udev-init-scripts: 12 seconds
2020-05-29T02:15:57 >>> sys-fs/udev-init-scripts: 8 seconds
2020-05-30T13:00:56 >>> sys-fs/udev-init-scripts: 10 seconds
2020-06-01T02:04:16 >>> sys-fs/udev-init-scripts: 11 seconds
2020-06-12T02:05:11 >>> sys-fs/udev-init-scripts: 5 seconds
2020-06-13T03:33:32 >>> sys-fs/udev-init-scripts: 7 seconds
]0;emerge 20:43:28 604|882 udev-init-scripts 00:08 (root@rescue)>>> Extracting sys-fs/udev-init-scripts-33
 * checking 6 files for package collisions
>>> Merging sys-fs/udev-init-scripts-33 to /
 * removing unneeded *.la files
--- /etc/
--- /etc/conf.d/
>>> /etc/conf.d/udev-trigger
>>> /etc/conf.d/udev
>>> /etc/conf.d/udev-settle
--- /etc/init.d/
>>> /etc/init.d/udev-trigger
>>> /etc/init.d/udev
>>> /etc/init.d/udev-settle
--- /usr/
>>> Safely unmerging already-installed instance...
>>> Original instance of package unmerged safely.
>>> sys-fs/udev-init-scripts-33 merged.
