 * Package:    sys-devel/gnuconfig-99999999
 * Repository: gentoo
 * Maintainer: base-system@gentoo.org
 * USE:        abi_x86_64 amd64 elibc_glibc kernel_linux userland_GNU
 * FEATURES:   ccache network-sandbox preserve-libs sandbox userpriv usersandbox
 * /etc/portage/package.cflags/ltoworkarounds.conf -> */*: *FLAGS+=-Wl,-O4 *FLAGS-=-Wl,-O1
 * FEATURES='assume-digests binpkg-docompress binpkg-dostrip binpkg-logs binpkg-multi-instance buildpkg ccache cgroup compress-index config-protect-if-modified distlocks fixlafiles ipc-sandbox merge-sync multilib-strict network-sandbox news nodoc parallel-fetch parallel-install pid-sandbox preserve-libs qa-unresolved-soname-deps sandbox sfperms strict unknown-features-warn unmerge-logs unmerge-orphans userfetch userpriv usersandbox usersync xattr'
 * CFLAGS='-march=znver2 -pipe -g0 -O3 -fgraphite-identity -floop-nest-optimize -fdevirtualize-at-ltrans -fipa-pta -fno-semantic-interposition -flto=12 -fno-plt -fno-signed-zeros -fno-trapping-math -fassociative-math -freciprocal-math -fno-math-errno -ffinite-math-only -fno-rounding-math -fno-signaling-nans -fcx-limited-range -fexcess-precision=fast -falign-functions=32 -fno-stack-protector -fno-stack-clash-protection -fstack-check=no -fno-stack-check -fuse-linker-plugin -Wl,-O4 -Wl,--as-needed -Wl,-lpthread -Wl,-lgomp -Wl,-z,norelro -Wl,-z,now -Wl,--sort-common -s'
 * CXXFLAGS='-march=znver2 -pipe -g0 -O3 -fgraphite-identity -floop-nest-optimize -fdevirtualize-at-ltrans -fipa-pta -fno-semantic-interposition -flto=12 -fno-plt -fno-signed-zeros -fno-trapping-math -fassociative-math -freciprocal-math -fno-math-errno -ffinite-math-only -fno-rounding-math -fno-signaling-nans -fcx-limited-range -fexcess-precision=fast -falign-functions=32 -fno-stack-protector -fno-stack-clash-protection -fstack-check=no -fno-stack-check -fuse-linker-plugin -Wl,-O4 -Wl,--as-needed -Wl,-lpthread -Wl,-lgomp -Wl,-z,norelro -Wl,-z,now -Wl,--sort-common -s'
 * FFLAGS='-march=znver2 -pipe -g0 -O3 -fgraphite-identity -floop-nest-optimize -fdevirtualize-at-ltrans -fipa-pta -fno-semantic-interposition -flto=12 -fno-plt -fno-signed-zeros -fno-trapping-math -fassociative-math -freciprocal-math -fno-math-errno -ffinite-math-only -fno-rounding-math -fno-signaling-nans -fcx-limited-range -fexcess-precision=fast -falign-functions=32 -fno-stack-protector -fno-stack-clash-protection -fstack-check=no -fno-stack-check -fuse-linker-plugin -Wl,-O4 -Wl,--as-needed -Wl,-lpthread -Wl,-lgomp -Wl,-z,norelro -Wl,-z,now -Wl,--sort-common -s'
 * FCFLAGS='-march=znver2 -pipe -g0 -O3 -fgraphite-identity -floop-nest-optimize -fdevirtualize-at-ltrans -fipa-pta -fno-semantic-interposition -flto=12 -fno-plt -fno-signed-zeros -fno-trapping-math -fassociative-math -freciprocal-math -fno-math-errno -ffinite-math-only -fno-rounding-math -fno-signaling-nans -fcx-limited-range -fexcess-precision=fast -falign-functions=32 -fno-stack-protector -fno-stack-clash-protection -fstack-check=no -fno-stack-check -fuse-linker-plugin -Wl,-O4 -Wl,--as-needed -Wl,-lpthread -Wl,-lgomp -Wl,-z,norelro -Wl,-z,now -Wl,--sort-common -s'
 * F77FLAGS='-march=znver2 -pipe -g0 -O3 -fgraphite-identity -floop-nest-optimize -fdevirtualize-at-ltrans -fipa-pta -fno-semantic-interposition -flto=12 -fno-plt -fno-signed-zeros -fno-trapping-math -fassociative-math -freciprocal-math -fno-math-errno -ffinite-math-only -fno-rounding-math -fno-signaling-nans -fcx-limited-range -fexcess-precision=fast -falign-functions=32 -fno-stack-protector -fno-stack-clash-protection -fstack-check=no -fno-stack-check -fuse-linker-plugin -Wl,-O4 -Wl,--as-needed -Wl,-lpthread -Wl,-lgomp -Wl,-z,norelro -Wl,-z,now -Wl,--sort-common -s'
 * LDFLAGS='-march=znver2 -pipe -g0 -O3 -fgraphite-identity -floop-nest-optimize -fdevirtualize-at-ltrans -fipa-pta -fno-semantic-interposition -flto=12 -fno-plt -fno-signed-zeros -fno-trapping-math -fassociative-math -freciprocal-math -fno-math-errno -ffinite-math-only -fno-rounding-math -fno-signaling-nans -fcx-limited-range -fexcess-precision=fast -falign-functions=32 -fno-stack-protector -fno-stack-clash-protection -fstack-check=no -fno-stack-check -fuse-linker-plugin -Wl,-O4 -Wl,--as-needed -Wl,-lpthread -Wl,-lgomp -Wl,-z,norelro -Wl,-z,now -Wl,--sort-common -s'
 * MAKEOPTS='-j12 -l12'
 * gcc () 11.0.0 20200531 (experimental)
 * g++ () 11.0.0 20200531 (experimental)
 * GNU ld (Gentoo 2.34 p4) 2.34.0
 * Linux ryzen.gnum.org 5.4.36 #1 SMP Thu Apr 30 04:38:28 UTC 2020 x86_64 AMD Ryzen 5 3600 6-Core Processor AuthenticAMD GNU/Linux
sys-devel/gnuconfig: 15 seconds average for 13 merges
2020-05-16T18:57:40 >>> sys-devel/gnuconfig: 8 seconds
2020-05-16T20:33:31 >>> sys-devel/gnuconfig: 7 seconds
2020-05-20T00:55:55 >>> sys-devel/gnuconfig: 1 minute, 47 seconds
2020-05-21T05:46:29 >>> sys-devel/gnuconfig: 6 seconds
2020-05-21T14:31:55 >>> sys-devel/gnuconfig: 12 seconds
2020-05-25T03:12:21 >>> sys-devel/gnuconfig: 6 seconds
2020-05-25T20:43:00 >>> sys-devel/gnuconfig: 10 seconds
2020-05-26T13:58:50 >>> sys-devel/gnuconfig: 6 seconds
2020-05-27T01:38:16 >>> sys-devel/gnuconfig: 6 seconds
2020-05-28T14:23:41 >>> sys-devel/gnuconfig: 6 seconds
2020-05-29T01:45:20 >>> sys-devel/gnuconfig: 7 seconds
2020-05-30T13:29:00 >>> sys-devel/gnuconfig: 12 seconds
2020-05-30T21:44:01 >>> sys-devel/gnuconfig: 6 seconds
]0;emerge 02:49:26 330|1172 gnuconfig 00:08 (root@ryzen.gnum.org)kemerge 02:49:26 330|1172 gnuconfig 00:08 (root@ryzen.gnum.org)\>>> Unpacking source...
 * Repository id: r_config.git
 * To override fetched repository properties, use:
 *   EGIT_OVERRIDE_REPO_R_CONFIG
 *   EGIT_OVERRIDE_BRANCH_R_CONFIG
 *   EGIT_OVERRIDE_COMMIT_R_CONFIG
 *   EGIT_OVERRIDE_COMMIT_DATE_R_CONFIG
 * 
 * Fetching https://git.savannah.gnu.org/r/config.git ...
git fetch https://git.savannah.gnu.org/r/config.git +HEAD:refs/git-r3/HEAD
git symbolic-ref refs/git-r3/sys-devel/gnuconfig/0/__main__ refs/git-r3/HEAD
 * Checking out https://git.savannah.gnu.org/r/config.git to /tmp/portage/sys-devel/gnuconfig-99999999/work/gnuconfig-99999999 ...
git checkout --quiet refs/git-r3/HEAD
GIT update -->
   repository:               https://git.savannah.gnu.org/r/config.git
   at the commit:            e78c96e5288993aaea3ec44e5c6ee755c668da79
 * Packaged tar now available:
 * 59048	/tmp/portage/sys-devel/gnuconfig-99999999/temp/gnuconfig-20200504.tar.bz2
>>> Source unpacked in /tmp/portage/sys-devel/gnuconfig-99999999/work
>>> Preparing source in /tmp/portage/sys-devel/gnuconfig-99999999/work/gnuconfig-99999999 ...
 * Applying 0001-add-ps2-targets-to-config.sub.patch ...
 [ ok ]
 * Applying 0002-Add-x32-support-to-config.guess.patch ...
 [ ok ]
>>> Source prepared.
>>> Configuring source in /tmp/portage/sys-devel/gnuconfig-99999999/work/gnuconfig-99999999 ...
>>> Source configured.
>>> Compiling source in /tmp/portage/sys-devel/gnuconfig-99999999/work/gnuconfig-99999999 ...
>>> Source compiled.
>>> Test phase [not enabled]: sys-devel/gnuconfig-99999999

>>> Install sys-devel/gnuconfig-99999999 into /tmp/portage/sys-devel/gnuconfig-99999999/image
>>> Completed installing sys-devel/gnuconfig-99999999 into /tmp/portage/sys-devel/gnuconfig-99999999/image

 * Final size of build directory: 444 KiB
 * Final size of installed tree:  228 KiB

./
./usr/
./usr/share/
./usr/share/gnuconfig/
./usr/share/gnuconfig/config.guess
./usr/share/gnuconfig/config.sub
./usr/share/doc/
./usr/share/doc/gnuconfig-99999999/
./usr/share/doc/gnuconfig-99999999/ChangeLog.bz2
>>> Done.
 * checking 2 files for package collisions
>>> Merging sys-devel/gnuconfig-99999999 to /
 * removing unneeded *.la files
--- /usr/
--- /usr/share/
--- /usr/share/gnuconfig/
>>> /usr/share/gnuconfig/config.sub
>>> /usr/share/gnuconfig/config.guess
>>> Safely unmerging already-installed instance...
>>> Original instance of package unmerged safely.
>>> sys-devel/gnuconfig-99999999 merged.
