 * Package:    sys-firmware/edk2-ovmf-201905
 * Repository: gentoo
 * Maintainer: tamiko@gentoo.org virtualization@gentoo.org
 * USE:        abi_x86_64 amd64 binary elibc_glibc kernel_linux userland_GNU
 * FEATURES:   network-sandbox preserve-libs sandbox userpriv usersandbox
 * FEATURES='assume-digests binpkg-docompress binpkg-dostrip binpkg-logs buildpkg cgroup compress-index config-protect-if-modified distlocks ebuild-locks fixlafiles ipc-sandbox merge-sync multilib-strict network-sandbox news nodoc parallel-fetch pid-sandbox preserve-libs qa-unresolved-soname-deps sandbox sfperms strict strict-keepdir unknown-features-warn unmerge-logs unmerge-orphans userfetch userpriv usersandbox usersync xattr'
 * CFLAGS='-march=znver2 -O2 -pipe -fno-stack-protector -fno-stack-clash-protection -fstack-check=no -fno-stack-check -Wl,-O1 -Wl,--as-needed'
 * CXXFLAGS='-march=znver2 -O2 -pipe -fno-stack-protector -fno-stack-clash-protection -fstack-check=no -fno-stack-check -Wl,-O1 -Wl,--as-needed'
 * FFLAGS='-march=znver2 -O2 -pipe -fno-stack-protector -fno-stack-clash-protection -fstack-check=no -fno-stack-check -Wl,-O1 -Wl,--as-needed'
 * FCFLAGS='-march=znver2 -O2 -pipe -fno-stack-protector -fno-stack-clash-protection -fstack-check=no -fno-stack-check -Wl,-O1 -Wl,--as-needed'
 * F77FLAGS='-march=znver2 -O2 -pipe -fno-stack-protector -fno-stack-clash-protection -fstack-check=no -fno-stack-check -Wl,-O1 -Wl,--as-needed'
 * LDFLAGS='-Wl,-O1 -Wl,--as-needed'
 * MAKEOPTS='-j12 -l12'
 * gcc (Gentoo 10.1.0-r1 p2) 10.1.0
 * g++ (Gentoo 10.1.0-r1 p2) 10.1.0
 * GNU gold (Gentoo 2.34 p4 2.34.0) 1.16
 * Linux rescue 5.4.36 #1 SMP Thu Apr 30 04:38:28 UTC 2020 x86_64 AMD Ryzen 5 3600 6-Core Processor AuthenticAMD GNU/Linux
sys-firmware/edk2-ovmf: 48 seconds average for 6 merges
2020-05-30T23:01:49 >>> sys-firmware/edk2-ovmf: 15 seconds
2020-06-01T01:47:04 >>> sys-firmware/edk2-ovmf: 15 seconds
2020-06-04T12:02:11 >>> sys-firmware/edk2-ovmf: 22 seconds
2020-06-13T03:24:32 >>> sys-firmware/edk2-ovmf: 1 minute, 11 seconds
2020-06-13T19:56:32 >>> sys-firmware/edk2-ovmf: 1 minute, 51 seconds
2020-06-14T04:35:42 >>> sys-firmware/edk2-ovmf: 56 seconds
]0;emerge 13:37:29 87|895 edk2-ovmf 01:19 (root@rescue)>>> Unpacking source...
>>> Unpacking edk2-ovmf-201905-bin.tar.xz to /tmp/portage/sys-firmware/edk2-ovmf-201905/work
>>> Source unpacked in /tmp/portage/sys-firmware/edk2-ovmf-201905/work
>>> Preparing source in /tmp/portage/sys-firmware/edk2-ovmf-201905/work/edk2-edk2-stable201905 ...
>>> Source prepared.
>>> Configuring source in /tmp/portage/sys-firmware/edk2-ovmf-201905/work/edk2-edk2-stable201905 ...
>>> Source configured.
>>> Compiling source in /tmp/portage/sys-firmware/edk2-ovmf-201905/work/edk2-edk2-stable201905 ...
>>> Source compiled.
>>> Test phase [not enabled]: sys-firmware/edk2-ovmf-201905

>>> Install sys-firmware/edk2-ovmf-201905 into /tmp/portage/sys-firmware/edk2-ovmf-201905/image
>>> Completed installing sys-firmware/edk2-ovmf-201905 into /tmp/portage/sys-firmware/edk2-ovmf-201905/image

 * Final size of build directory: 6856 KiB (6.6 MiB)
 * Final size of installed tree:  6872 KiB (6.7 MiB)

Parallel BZIP2 v1.1.13 [Dec 18, 2015]
By: Jeff Gilchrist [http://compression.ca]
Major contributions: Yavor Nikolov [http://javornikolov.wordpress.com]
Uses libbzip2 by Julian Seward

         # CPUs: 3
   Load Average: 8.58
 BWT Block Size: 200 KB
File Block Size: 900 KB
 Maximum Memory: 1024 MB
-------------------------------------------
         File #: 1 of 1
     Input Name: compressme
    Output Name: compressme.bz2

     Input Size: 3895 bytes
Compressing data (no threads)...
Completed: 100%                 Output Size: 918 bytes
-------------------------------------------

     Wall Clock: 0.001110 seconds
Parallel BZIP2 v1.1.13 [Dec 18, 2015]
By: Jeff Gilchrist [http://compression.ca]
Major contributions: Yavor Nikolov [http://javornikolov.wordpress.com]
Uses libbzip2 by Julian Seward

         # CPUs: 3
   Load Average: 8.58
 BWT Block Size: 200 KB
File Block Size: 900 KB
 Maximum Memory: 1024 MB
-------------------------------------------
         File #: 1 of 1
     Input Name: /tmp/portage/sys-firmware/edk2-ovmf-201905/image/usr/share/doc/edk2-ovmf-201905/README.gentoo
    Output Name: /tmp/portage/sys-firmware/edk2-ovmf-201905/image/usr/share/doc/edk2-ovmf-201905/README.gentoo.bz2

     Input Size: 1314 bytes
Compressing data (no threads)...
Completed: 100%                 Output Size: 728 bytes
-------------------------------------------

     Wall Clock: 0.000878 seconds
./
./usr/
./usr/share/
./usr/share/edk2-ovmf/
./usr/share/edk2-ovmf/EnrollDefaultKeys.efi
./usr/share/edk2-ovmf/OVMF_VARS.secboot.fd
./usr/share/edk2-ovmf/OVMF_CODE.fd
./usr/share/edk2-ovmf/Shell.efi
./usr/share/edk2-ovmf/OVMF_VARS.fd
./usr/share/edk2-ovmf/UefiShell.iso
./usr/share/edk2-ovmf/OVMF_CODE.secboot.fd
./usr/share/doc/
./usr/share/doc/edk2-ovmf-201905/
./usr/share/doc/edk2-ovmf-201905/README.gentoo.bz2
./usr/share/doc/edk2-ovmf-201905/README.gentoo
>>> Done.
 * checking 7 files for package collisions
>>> Merging sys-firmware/edk2-ovmf-201905 to /
 * removing unneeded *.la files
--- /usr/
--- /usr/share/
--- /usr/share/edk2-ovmf/
>>> /usr/share/edk2-ovmf/OVMF_CODE.secboot.fd
>>> /usr/share/edk2-ovmf/UefiShell.iso
>>> /usr/share/edk2-ovmf/OVMF_VARS.fd
>>> /usr/share/edk2-ovmf/Shell.efi
>>> /usr/share/edk2-ovmf/OVMF_CODE.fd
>>> /usr/share/edk2-ovmf/OVMF_VARS.secboot.fd
>>> /usr/share/edk2-ovmf/EnrollDefaultKeys.efi
>>> Safely unmerging already-installed instance...
!!! File Not Found: '/etc/env.d/99lcdfilter'
>>> Original instance of package unmerged safely.
>>> sys-firmware/edk2-ovmf-201905 merged.
!!! File Not Found: '/etc/env.d/99lcdfilter'
