No package files given... Grabbing a set.
--- replaced obj /usr/share/doc/cracklib-2.9.7/README.bz2
--- replaced obj /usr/share/doc/cracklib-2.9.7/README-WORDS.bz2
--- replaced obj /usr/share/doc/cracklib-2.9.7/README-LICENSE.bz2
--- replaced obj /usr/share/doc/cracklib-2.9.7/README-DAWG.bz2
--- replaced obj /usr/share/doc/cracklib-2.9.7/NEWS.bz2
--- replaced obj /usr/share/doc/cracklib-2.9.7/AUTHORS.bz2
--- replaced dir /usr/share/doc/cracklib-2.9.7
--- replaced dir /usr/share/doc
--- replaced obj /usr/share/dict/cracklib-small
--- replaced dir /usr/share/dict
--- replaced dir /usr/share
--- replaced obj /usr/sbin/create-cracklib-dict
--- replaced obj /usr/sbin/cracklib-unpacker
--- replaced obj /usr/sbin/cracklib-packer
--- replaced obj /usr/sbin/cracklib-format
--- replaced obj /usr/sbin/cracklib-check
--- replaced dir /usr/sbin
--- replaced obj /usr/lib64/libcrack.so
--- replaced dir /usr/lib64
<<<          obj /usr/lib/debug/usr/sbin/cracklib-unpacker.debug
<<<          obj /usr/lib/debug/usr/sbin/cracklib-packer.debug
<<<          obj /usr/lib/debug/usr/sbin/cracklib-check.debug
<<<          obj /usr/lib/debug/lib64/libcrack.so.2.9.0.debug
--- replaced dir /usr/lib
--- replaced obj /usr/include/packer.h
--- replaced obj /usr/include/crack.h
--- replaced dir /usr/include
--- replaced dir /usr
--- replaced obj /lib64/libcrack.so.2.9.0
--- replaced sym /lib64/libcrack.so.2
--- replaced dir /lib64
--- !empty   dir /usr/lib/debug/usr/sbin
--- !empty   dir /usr/lib/debug/usr
--- !empty   dir /usr/lib/debug/lib64
--- !empty   dir /usr/lib/debug
>>> Regenerating /etc/ld.so.cache...
