No package files given... Grabbing a set.
--- replaced obj /usr/share/man/man1/srp_daemon.1.bz2
--- replaced obj /usr/share/man/man1/ibsrpdm.1.bz2
--- replaced dir /usr/share/man/man1
--- replaced dir /usr/share/man
--- replaced dir /usr/share
--- replaced obj /usr/sbin/srp_daemon.sh
--- replaced obj /usr/sbin/srp_daemon
--- replaced sym /usr/sbin/run_srp_daemon
--- replaced sym /usr/sbin/ibsrpdm
--- replaced dir /usr/sbin
--- replaced dir /usr
--- replaced obj /etc/srp_daemon.conf
--- replaced obj /etc/rsyslog.d/srp_daemon.conf
--- replaced dir /etc/rsyslog.d
--- replaced obj /etc/logrotate.d/srp_daemon
--- replaced dir /etc/logrotate.d
--- replaced obj /etc/init.d/srpd
--- replaced dir /etc/init.d
--- replaced dir /etc
>>> Regenerating /etc/ld.so.cache...
