 * Package:    sys-fs/lsscsi-0.31
 * Repository: gentoo
 * Maintainer: base-system@gentoo.org
 * USE:        abi_x86_64 amd64 elibc_glibc kernel_linux userland_GNU
 * FEATURES:   network-sandbox preserve-libs sandbox userpriv usersandbox
 * FEATURES='assume-digests binpkg-docompress binpkg-dostrip binpkg-logs buildpkg cgroup compress-index config-protect-if-modified distlocks ebuild-locks fixlafiles ipc-sandbox merge-sync multilib-strict network-sandbox news nodoc parallel-fetch pid-sandbox preserve-libs qa-unresolved-soname-deps sandbox sfperms strict strict-keepdir unknown-features-warn unmerge-logs unmerge-orphans userfetch userpriv usersandbox usersync xattr'
 * CFLAGS='-march=znver2 -O2 -pipe -fno-stack-protector -fno-stack-clash-protection -fstack-check=no -fno-stack-check -Wl,-O1 -Wl,--as-needed'
 * CXXFLAGS='-march=znver2 -O2 -pipe -fno-stack-protector -fno-stack-clash-protection -fstack-check=no -fno-stack-check -Wl,-O1 -Wl,--as-needed'
 * FFLAGS='-march=znver2 -O2 -pipe -fno-stack-protector -fno-stack-clash-protection -fstack-check=no -fno-stack-check -Wl,-O1 -Wl,--as-needed'
 * FCFLAGS='-march=znver2 -O2 -pipe -fno-stack-protector -fno-stack-clash-protection -fstack-check=no -fno-stack-check -Wl,-O1 -Wl,--as-needed'
 * F77FLAGS='-march=znver2 -O2 -pipe -fno-stack-protector -fno-stack-clash-protection -fstack-check=no -fno-stack-check -Wl,-O1 -Wl,--as-needed'
 * LDFLAGS='-Wl,-O1 -Wl,--as-needed'
 * MAKEOPTS='-j12 -l12'
 * gcc (Gentoo 10.1.0-r1 p2) 10.1.0
 * g++ (Gentoo 10.1.0-r1 p2) 10.1.0
 * GNU gold (Gentoo 2.34 p4 2.34.0) 1.16
 * Linux rescue 5.4.36 #1 SMP Thu Apr 30 04:38:28 UTC 2020 x86_64 AMD Ryzen 5 3600 6-Core Processor AuthenticAMD GNU/Linux
sys-fs/lsscsi: 42 seconds average for 6 merges
2020-05-31T15:47:52 >>> sys-fs/lsscsi: 15 seconds
2020-06-01T01:46:08 >>> sys-fs/lsscsi: 22 seconds
2020-06-04T12:01:34 >>> sys-fs/lsscsi: 22 seconds
2020-06-13T03:22:15 >>> sys-fs/lsscsi: 1 minute, 6 seconds
2020-06-13T19:55:21 >>> sys-fs/lsscsi: 1 minute, 38 seconds
2020-06-14T04:34:34 >>> sys-fs/lsscsi: 29 seconds
]0;emerge 13:36:25 88|895 lsscsi 01:04 (root@rescue)>>> Unpacking source...
>>> Unpacking lsscsi-0.31.tgz to /tmp/portage/sys-fs/lsscsi-0.31/work
>>> Source unpacked in /tmp/portage/sys-fs/lsscsi-0.31/work
>>> Preparing source in /tmp/portage/sys-fs/lsscsi-0.31/work/lsscsi-0.31 ...
>>> Source prepared.
>>> Configuring source in /tmp/portage/sys-fs/lsscsi-0.31/work/lsscsi-0.31 ...
 * econf: updating lsscsi-0.31/config.guess with /usr/share/gnuconfig/config.guess
 * econf: updating lsscsi-0.31/config.sub with /usr/share/gnuconfig/config.sub
./configure --prefix=/usr --build=x86_64-pc-linux-gnu --host=x86_64-pc-linux-gnu --mandir=/usr/share/man --infodir=/usr/share/info --datadir=/usr/share --sysconfdir=/etc --localstatedir=/var/lib --disable-dependency-tracking --disable-silent-rules --docdir=/usr/share/doc/lsscsi-0.31 --htmldir=/usr/share/doc/lsscsi-0.31/html --libdir=/usr/lib64
checking for a BSD-compatible install... /tmp/portage/._portage_reinstall_.lpy24s1t/bin/ebuild-helpers/xattr/install -c
checking whether build environment is sane... yes
checking for a thread-safe mkdir -p... /bin/mkdir -p
checking for gawk... gawk
checking whether make sets $(MAKE)... yes
checking whether make supports nested variables... yes
checking whether to enable maintainer-specific portions of Makefiles... no
checking for x86_64-pc-linux-gnu-gcc... x86_64-pc-linux-gnu-gcc
checking whether the C compiler works... yes
checking for C compiler default output file name... a.out
checking for suffix of executables... 
checking whether we are cross compiling... no
checking for suffix of object files... o
checking whether we are using the GNU C compiler... yes
checking whether x86_64-pc-linux-gnu-gcc accepts -g... yes
checking for x86_64-pc-linux-gnu-gcc option to accept ISO C89... none needed
checking whether x86_64-pc-linux-gnu-gcc understands -c and -o together... yes
checking for style of include used by make... GNU
checking dependency style of x86_64-pc-linux-gnu-gcc... none
checking build system type... x86_64-pc-linux-gnu
checking host system type... x86_64-pc-linux-gnu
checking for x86_64-pc-linux-gnu-ar... x86_64-pc-linux-gnu-ar
checking the archiver (x86_64-pc-linux-gnu-ar) interface... ar
checking how to run the C preprocessor... x86_64-pc-linux-gnu-gcc -E
checking for grep that handles long lines and -e... /bin/grep
checking for egrep... /bin/grep -E
checking for ANSI C header files... yes
checking for sys/types.h... yes
checking for sys/stat.h... yes
checking for stdlib.h... yes
checking for string.h... yes
checking for memory.h... yes
checking for strings.h... yes
checking for inttypes.h... yes
checking for stdint.h... yes
checking for unistd.h... yes
checking linux/nvme_ioctl.h usability... yes
checking linux/nvme_ioctl.h presence... yes
checking for linux/nvme_ioctl.h... yes
checking byteswap.h usability... yes
checking byteswap.h presence... yes
checking for byteswap.h... yes
checking that generated files are newer than configure... done
configure: creating ./config.status
config.status: creating Makefile
config.status: creating src/Makefile
config.status: creating doc/Makefile
config.status: creating config.h
config.status: executing depfiles commands
>>> Source configured.
>>> Compiling source in /tmp/portage/sys-fs/lsscsi-0.31/work/lsscsi-0.31 ...
make -j12 -l12 
make  all-recursive
make[1]: Entering directory '/tmp/portage/sys-fs/lsscsi-0.31/work/lsscsi-0.31'
Making all in src
make[2]: Entering directory '/tmp/portage/sys-fs/lsscsi-0.31/work/lsscsi-0.31/src'
x86_64-pc-linux-gnu-gcc -DHAVE_CONFIG_H -I. -I..    -D_LARGEFILE64_SOURCE -D_FILE_OFFSET_BITS=64 -Wall -W -march=znver2 -O2 -pipe -fno-stack-protector -fno-stack-clash-protection -fstack-check=no -fno-stack-check -Wl,-O1 -Wl,--as-needed -c -o lsscsi.o lsscsi.c
[01m[Klsscsi.c:[m[K In function ‘[01m[Kone_host_entry[m[K’:
[01m[Klsscsi.c:2129:41:[m[K [01;35m[Kwarning: [m[K‘[01m[K%s[m[K’ directive output may be truncated writing up to 381 bytes into a region of size 252 [[01;35m[K]8;;https://gcc.gnu.org/onlinedocs/gcc/Warning-Options.html#index-Wformat-truncation=-Wformat-truncation=]8;;[m[K]
 2129 |                 [32m[Ksnprintf(b, b_len, "sbp:[m[K[01;35m[K%s[m[K[32m[K", buff2 + 2)[m[K;
      |                 [32m[K~~~~~~~~~~~~~~~~~~~~~~~~[m[K[01;35m[K^~[m[K[32m[K~~~~~~~~~~~~~[m[K
In file included from [01m[K/usr/include/stdio.h:867[m[K,
                 from [01m[Klsscsi.c:18[m[K:
[01m[K/usr/include/bits/stdio2.h:67:10:[m[K [01;36m[Knote: [m[K‘[01m[K__builtin___snprintf_chk[m[K’ output between 5 and 386 bytes into a destination of size 256
   67 |   return [01;36m[K__builtin___snprintf_chk (__s, __n, __USE_FORTIFY_LEVEL - 1,[m[K
      |          [01;36m[K^~~~~~~~~~~~~~~~~~~~~~~~~~~~~~~~~~~~~~~~~~~~~~~~~~~~~~~~~~~~[m[K
   68 | [01;36m[K       __bos (__s), __fmt, __va_arg_pack ())[m[K;
      |        [01;36m[K~~~~~~~~~~~~~~~~~~~~~~~~~~~~~~~~~~~~~[m[K
[01m[Klsscsi.c:[m[K In function ‘[01m[Klist_nhosts[m[K’:
[01m[Klsscsi.c:3916:41:[m[K [01;35m[Kwarning: [m[K‘[01m[K%s[m[K’ directive output may be truncated writing up to 255 bytes into a region of size between 1 and 384 [[01;35m[K]8;;https://gcc.gnu.org/onlinedocs/gcc/Warning-Options.html#index-Wformat-truncation=-Wformat-truncation=]8;;[m[K]
 3916 |         snprintf(buff, sizeof(buff), "%s[01;35m[K%s[m[K", dir_name, nvme_ctl_rel);
      |                                         [01;35m[K^~[m[K
In file included from [01m[K/usr/include/stdio.h:867[m[K,
                 from [01m[Klsscsi.c:18[m[K:
[01m[K/usr/include/bits/stdio2.h:67:10:[m[K [01;36m[Knote: [m[K‘[01m[K__builtin___snprintf_chk[m[K’ output between 1 and 639 bytes into a destination of size 384
   67 |   return [01;36m[K__builtin___snprintf_chk (__s, __n, __USE_FORTIFY_LEVEL - 1,[m[K
      |          [01;36m[K^~~~~~~~~~~~~~~~~~~~~~~~~~~~~~~~~~~~~~~~~~~~~~~~~~~~~~~~~~~~[m[K
   68 | [01;36m[K       __bos (__s), __fmt, __va_arg_pack ())[m[K;
      |        [01;36m[K~~~~~~~~~~~~~~~~~~~~~~~~~~~~~~~~~~~~~[m[K
x86_64-pc-linux-gnu-gcc -D_LARGEFILE64_SOURCE -D_FILE_OFFSET_BITS=64 -Wall -W -march=znver2 -O2 -pipe -fno-stack-protector -fno-stack-clash-protection -fstack-check=no -fno-stack-check -Wl,-O1 -Wl,--as-needed  -Wl,-O1 -Wl,--as-needed -o lsscsi lsscsi.o  
make[2]: Leaving directory '/tmp/portage/sys-fs/lsscsi-0.31/work/lsscsi-0.31/src'
Making all in doc
make[2]: Entering directory '/tmp/portage/sys-fs/lsscsi-0.31/work/lsscsi-0.31/doc'
make[2]: Nothing to be done for 'all'.
make[2]: Leaving directory '/tmp/portage/sys-fs/lsscsi-0.31/work/lsscsi-0.31/doc'
make[2]: Entering directory '/tmp/portage/sys-fs/lsscsi-0.31/work/lsscsi-0.31'
make[2]: Leaving directory '/tmp/portage/sys-fs/lsscsi-0.31/work/lsscsi-0.31'
make[1]: Leaving directory '/tmp/portage/sys-fs/lsscsi-0.31/work/lsscsi-0.31'
>>> Source compiled.
>>> Test phase [not enabled]: sys-fs/lsscsi-0.31

>>> Install sys-fs/lsscsi-0.31 into /tmp/portage/sys-fs/lsscsi-0.31/image
make -j12 -l12 DESTDIR=/tmp/portage/sys-fs/lsscsi-0.31/image install 
Making install in src
make[1]: Entering directory '/tmp/portage/sys-fs/lsscsi-0.31/work/lsscsi-0.31/src'
make[2]: Entering directory '/tmp/portage/sys-fs/lsscsi-0.31/work/lsscsi-0.31/src'
make[2]: Nothing to be done for 'install-data-am'.
 /bin/mkdir -p '/tmp/portage/sys-fs/lsscsi-0.31/image/usr/bin'
  /tmp/portage/._portage_reinstall_.lpy24s1t/bin/ebuild-helpers/xattr/install -c lsscsi '/tmp/portage/sys-fs/lsscsi-0.31/image/usr/bin'
make[2]: Leaving directory '/tmp/portage/sys-fs/lsscsi-0.31/work/lsscsi-0.31/src'
make[1]: Leaving directory '/tmp/portage/sys-fs/lsscsi-0.31/work/lsscsi-0.31/src'
Making install in doc
make[1]: Entering directory '/tmp/portage/sys-fs/lsscsi-0.31/work/lsscsi-0.31/doc'
make[2]: Entering directory '/tmp/portage/sys-fs/lsscsi-0.31/work/lsscsi-0.31/doc'
make[2]: Nothing to be done for 'install-exec-am'.
 /bin/mkdir -p '/tmp/portage/sys-fs/lsscsi-0.31/image/usr/share/man/man8'
 /tmp/portage/._portage_reinstall_.lpy24s1t/bin/ebuild-helpers/xattr/install -c -m 644 lsscsi.8 '/tmp/portage/sys-fs/lsscsi-0.31/image/usr/share/man/man8'
make[2]: Leaving directory '/tmp/portage/sys-fs/lsscsi-0.31/work/lsscsi-0.31/doc'
make[1]: Leaving directory '/tmp/portage/sys-fs/lsscsi-0.31/work/lsscsi-0.31/doc'
make[1]: Entering directory '/tmp/portage/sys-fs/lsscsi-0.31/work/lsscsi-0.31'
make[2]: Entering directory '/tmp/portage/sys-fs/lsscsi-0.31/work/lsscsi-0.31'
make[2]: Nothing to be done for 'install-exec-am'.
make[2]: Nothing to be done for 'install-data-am'.
make[2]: Leaving directory '/tmp/portage/sys-fs/lsscsi-0.31/work/lsscsi-0.31'
make[1]: Leaving directory '/tmp/portage/sys-fs/lsscsi-0.31/work/lsscsi-0.31'
>>> Completed installing sys-fs/lsscsi-0.31 into /tmp/portage/sys-fs/lsscsi-0.31/image

 * Final size of build directory: 1188 KiB (1.1 MiB)
 * Final size of installed tree:   172 KiB

Parallel BZIP2 v1.1.13 [Dec 18, 2015]
By: Jeff Gilchrist [http://compression.ca]
Major contributions: Yavor Nikolov [http://javornikolov.wordpress.com]
Uses libbzip2 by Julian Seward

         # CPUs: 5
   Load Average: 6.76
 BWT Block Size: 200 KB
File Block Size: 900 KB
 Maximum Memory: 1024 MB
-------------------------------------------
         File #: 1 of 1
     Input Name: compressme
    Output Name: compressme.bz2

     Input Size: 3895 bytes
Compressing data (no threads)...
Completed: 100%                 Output Size: 918 bytes
-------------------------------------------

     Wall Clock: 0.000688 seconds
Parallel BZIP2 v1.1.13 [Dec 18, 2015]
By: Jeff Gilchrist [http://compression.ca]
Major contributions: Yavor Nikolov [http://javornikolov.wordpress.com]
Uses libbzip2 by Julian Seward

         # CPUs: 5
   Load Average: 6.76
 BWT Block Size: 200 KB
File Block Size: 900 KB
 Maximum Memory: 1024 MB
-------------------------------------------
         File #: 1 of 1
     Input Name: /tmp/portage/sys-fs/lsscsi-0.31/image/usr/share/man/man8/lsscsi.8
    Output Name: /tmp/portage/sys-fs/lsscsi-0.31/image/usr/share/man/man8/lsscsi.8.bz2

     Input Size: 26262 bytes
Compressing data (no threads)...
Parallel BZIP2 v1.1.13 [Dec 18, 2015]
By: Jeff Gilchrist [http://compression.ca]
Major contributions: Yavor Nikolov [http://javornikolov.wordpress.com]
Uses libbzip2 by Julian Seward

         # CPUs: 5
   Load Average: 6.76
 BWT Block Size: 200 KB
File Block Size: 900 KB
 Maximum Memory: 1024 MB
-------------------------------------------
         File #: 1 of 1
     Input Name: /tmp/portage/sys-fs/lsscsi-0.31/image/usr/share/doc/lsscsi-0.31/ChangeLog
    Output Name: /tmp/portage/sys-fs/lsscsi-0.31/image/usr/share/doc/lsscsi-0.31/ChangeLog.bz2

     Input Size: 6977 bytes
Compressing data (no threads)...
Completed: 100%                 Output Size: 8887 bytes
Completed: 100%                 Output Size: 3033 bytes
-------------------------------------------

     Wall Clock: 0.002787 seconds
-------------------------------------------

     Wall Clock: 0.001254 seconds
Parallel BZIP2 v1.1.13 [Dec 18, 2015]
By: Jeff Gilchrist [http://compression.ca]
Major contributions: Yavor Nikolov [http://javornikolov.wordpress.com]
Uses libbzip2 by Julian Seward

         # CPUs: 5
   Load Average: 6.76
 BWT Block Size: 200 KB
File Block Size: 900 KB
 Maximum Memory: 1024 MB
-------------------------------------------
         File #: 1 of 1
     Input Name: /tmp/portage/sys-fs/lsscsi-0.31/image/usr/share/doc/lsscsi-0.31/TODO
    Output Name: /tmp/portage/sys-fs/lsscsi-0.31/image/usr/share/doc/lsscsi-0.31/TODO.bz2

     Input Size: 358 bytes
Compressing data (no threads)...
Completed: 100%                 Output Size: 304 bytes
Parallel BZIP2 v1.1.13 [Dec 18, 2015]
By: Jeff Gilchrist [http://compression.ca]
Major contributions: Yavor Nikolov [http://javornikolov.wordpress.com]
Uses libbzip2 by Julian Seward
-------------------------------------------

         # CPUs: 5
   Load Average: 6.76
 BWT Block Size: 200 KB
File Block Size: 900 KB
 Maximum Memory: 1024 MB
-------------------------------------------

     Wall Clock: 0.000488 seconds
         File #: 1 of 1
     Input Name: /tmp/portage/sys-fs/lsscsi-0.31/image/usr/share/doc/lsscsi-0.31/CREDITS
    Output Name: /tmp/portage/sys-fs/lsscsi-0.31/image/usr/share/doc/lsscsi-0.31/CREDITS.bz2

     Input Size: 1875 bytes
Compressing data (no threads)...
Completed: 100%                 Output Size: 1058 bytes
-------------------------------------------

     Wall Clock: 0.000687 seconds
Parallel BZIP2 v1.1.13 [Dec 18, 2015]
By: Jeff Gilchrist [http://compression.ca]
Major contributions: Yavor Nikolov [http://javornikolov.wordpress.com]
Uses libbzip2 by Julian Seward

         # CPUs: 5
   Load Average: 6.76
 BWT Block Size: 200 KB
File Block Size: 900 KB
 Maximum Memory: 1024 MB
-------------------------------------------
         File #: 1 of 1
     Input Name: /tmp/portage/sys-fs/lsscsi-0.31/image/usr/share/doc/lsscsi-0.31/README
    Output Name: /tmp/portage/sys-fs/lsscsi-0.31/image/usr/share/doc/lsscsi-0.31/README.bz2

     Input Size: 421 bytes
Compressing data (no threads)...
Completed: 100%                 Output Size: 352 bytes
-------------------------------------------

     Wall Clock: 0.000540 seconds
strip: x86_64-pc-linux-gnu-strip --strip-unneeded -N __gentoo_check_ldflags__ -R .comment -R .GCC.command.line -R .note.gnu.gold-version
   /usr/bin/lsscsi
./
./usr/
./usr/bin/
./usr/bin/lsscsi
./usr/share/
./usr/share/man/
./usr/share/man/man8/
./usr/share/man/man8/lsscsi.8.bz2
./usr/share/man/man8/lsscsi.8
./usr/share/doc/
./usr/share/doc/lsscsi-0.31/
./usr/share/doc/lsscsi-0.31/CREDITS.bz2
./usr/share/doc/lsscsi-0.31/README
./usr/share/doc/lsscsi-0.31/ChangeLog
./usr/share/doc/lsscsi-0.31/TODO.bz2
./usr/share/doc/lsscsi-0.31/README.bz2
./usr/share/doc/lsscsi-0.31/ChangeLog.bz2
./usr/share/doc/lsscsi-0.31/AUTHORS
./usr/share/doc/lsscsi-0.31/TODO
./usr/share/doc/lsscsi-0.31/CREDITS
>>> Done.
 * checking 3 files for package collisions
>>> Merging sys-fs/lsscsi-0.31 to /
 * removing unneeded *.la files
--- /usr/
--- /usr/share/
--- /usr/share/man/
--- /usr/share/man/man8/
>>> /usr/share/man/man8/lsscsi.8
>>> /usr/share/man/man8/lsscsi.8.bz2
--- /usr/bin/
>>> /usr/bin/lsscsi
>>> Safely unmerging already-installed instance...
!!! File Not Found: '/etc/env.d/99lcdfilter'
>>> Original instance of package unmerged safely.
>>> sys-fs/lsscsi-0.31 merged.
!!! File Not Found: '/etc/env.d/99lcdfilter'
