[32;01m * [39;49;00mPackage:    sys-devel/autoconf-2.13-r1
[32;01m * [39;49;00mRepository: gentoo
[32;01m * [39;49;00mMaintainer: base-system@gentoo.org
[32;01m * [39;49;00mUSE:        abi_x86_64 amd64 elibc_glibc kernel_linux userland_GNU
[32;01m * [39;49;00mFEATURES:   network-sandbox preserve-libs sandbox splitdebug test userpriv usersandbox
>>> Unpacking source...
>>> Unpacking autoconf-2.13.tar.gz to /tmp/portage/sys-devel/autoconf-2.13-r1/work
>>> Source unpacked in /tmp/portage/sys-devel/autoconf-2.13-r1/work
>>> Preparing source in /tmp/portage/sys-devel/autoconf-2.13-r1/work/autoconf-2.13 ...
 [32;01m*[0m Applying autoconf-2.13-gentoo.patch ...
[A[263C [34;01m[ [32;01mok[34;01m ][0m
 [32;01m*[0m Applying autoconf-2.13-destdir.patch ...
[A[263C [34;01m[ [32;01mok[34;01m ][0m
 [32;01m*[0m Applying autoconf-2.13-test-fixes.patch ...
[A[263C [34;01m[ [32;01mok[34;01m ][0m
 [32;01m*[0m Applying autoconf-2.13-perl-5.26.patch ...
[A[263C [34;01m[ [32;01mok[34;01m ][0m
>>> Source prepared.
>>> Configuring source in /tmp/portage/sys-devel/autoconf-2.13-r1/work/autoconf-2.13 ...
 * econf: updating autoconf-2.13/config.guess with /usr/share/gnuconfig/config.guess
 * econf: updating autoconf-2.13/config.sub with /usr/share/gnuconfig/config.sub
./configure --prefix=/usr --build=x86_64-pc-linux-gnu --host=x86_64-pc-linux-gnu --mandir=/usr/share/man --infodir=/usr/share/info --datadir=/usr/share --sysconfdir=/etc --localstatedir=/var/lib --libdir=/usr/lib64 --exec-prefix=/usr --bindir=/usr/bin --program-suffix=-2.13
creating cache ./config.cache
checking for gm4... (cached) m4
checking for mawk... (cached) awk
checking for perl... /usr/bin/perl
checking for a BSD compatible install... /tmp/portage/._portage_reinstall_.mi8935l4/bin/ebuild-helpers/xattr/install -c
updating cache ./config.cache
creating ./config.status
creating Makefile
creating testsuite/Makefile
>>> Source configured.
>>> Compiling source in /tmp/portage/sys-devel/autoconf-2.13-r1/work/autoconf-2.13 ...
make -j12 
rm -f autoconf autoconf.tmp
rm -f autoheader autoheader.tmp
rm -f autoreconf autoreconf.tmp
sed -e 's,@''datadir''@,/usr/share/autoconf,g' -e 's,@''M4''@,m4,g'  -e 's,@''AWK''@,awk,g' -e 's,@''SHELL''@,/bin/sh,g' autoconf.sh > autoconf.tmp && chmod +x autoconf.tmp && mv autoconf.tmp autoconf
rm -f autoupdate autoupdate.tmp
sed -e 's,@''datadir''@,/usr/share/autoconf,g' -e 's,@''M4''@,m4,g'  -e 's,@''AWK''@,awk,g' -e 's,@''SHELL''@,/bin/sh,g' autoheader.sh > autoheader.tmp && chmod +x autoheader.tmp && mv autoheader.tmp autoheader
rm -f ifnames ifnames.tmp
sed -e 's,@''datadir''@,/usr/share/autoconf,g' -e 's,@''M4''@,m4,g'  -e 's,@''AWK''@,awk,g' -e 's,@''SHELL''@,/bin/sh,g' autoreconf.sh > autoreconf.tmp && chmod +x autoreconf.tmp && mv autoreconf.tmp autoreconf
rm -f autoscan autoscan.tmp
sed -e 's,@''datadir''@,/usr/share/autoconf,g' -e 's,@''M4''@,m4,g'  -e 's,@''AWK''@,awk,g' -e 's,@''SHELL''@,/bin/sh,g' autoupdate.sh > autoupdate.tmp && chmod +x autoupdate.tmp && mv autoupdate.tmp autoupdate
sed -e 's,@''datadir''@,/usr/share/autoconf,g' -e 's,@''M4''@,m4,g'  -e 's,@''AWK''@,awk,g' -e 's,@''SHELL''@,/bin/sh,g' ifnames.sh > ifnames.tmp && chmod +x ifnames.tmp && mv ifnames.tmp ifnames
sed -e 's,@''datadir''@,/usr/share/autoconf,g' -e 's,@''PERL''@,/usr/bin/perl,g' autoscan.pl > autoscan.tmp && chmod +x autoscan.tmp && mv autoscan.tmp autoscan
freezing autoheader.m4
freezing autoconf.m4
>>> Source compiled.
>>> Test phase: sys-devel/autoconf-2.13-r1
make -j12   check
rootme=`pwd`; srcrootme=`cd .; pwd`; \
test -r install-sh || cp ./install-sh .; \
cd testsuite && make check AUTOCONF=$rootme/autoconf \
AUTOCONFFLAGS="-m $srcrootme"
make[1]: Entering directory '/tmp/portage/sys-devel/autoconf-2.13-r1/work/autoconf-2.13/testsuite'
Making a new site.exp file...
runtest
WARNING: Couldn't find the global config file.
WARNING: Couldn't find tool init file
Test run by portage on Fri May 15 07:20:36 2020
Native configuration is x86_64-pc-linux-gnu

		=== autoconf tests ===

Schedule of variations:
    unix

Running target unix
Using /usr/share/dejagnu/baseboards/unix.exp as board description file for target.
Using /usr/share/dejagnu/config/unix.exp as generic interface file for target.
Using ./config/unix.exp as tool-and-target-specific interface file.
Running ./autoconf.g/init.exp ...
Running ./autoconf.g/sizeof.exp ...
Running ./autoconf.s/defines.exp ...
Checking acspecific.m4 for definitions of symbols in acconfig.h...
_ALL_SOURCE
C_ALLOCA
__CHAR_UNSIGNED__
CLOSEDIR_VOID
const
CRAY_STACKSEG_END
DGUX
DIRENT
GETGROUPS_T
GETLOADAVG_PRIVILEGED
GETPGRP_VOID
gid_t
HAVE_ALLOCA
HAVE_ALLOCA_H
HAVE_DOPRNT
HAVE_FNMATCH
HAVE_GETLOADAVG
HAVE_GETMNTENT
HAVE_LONG_DOUBLE
HAVE_LONG_FILE_NAMES
HAVE_MMAP
HAVE_RESTARTABLE_SYSCALLS
HAVE_ST_BLKSIZE
HAVE_ST_BLOCKS
HAVE_STRCOLL
HAVE_ST_RDEV
HAVE_STRFTIME
HAVE_STRINGIZE
HAVE_SYS_WAIT_H
HAVE_TM_ZONE
HAVE_TZNAME
HAVE_UNISTD_H
HAVE_UTIME_NULL
HAVE_VFORK_H
HAVE_VPRINTF
HAVE_WAIT3
inline
INT_16_BITS
LONG_64_BITS
MAJOR_IN_MKDEV
MAJOR_IN_SYSMACROS
_MINIX
mode_t
NDIR
NEED_MEMORY_H
NLIST_NAME_UNION
NLIST_STRUCT
NO_MINUS_C_MINUS_O
F77_NO_MINUS_C_MINUS_O
off_t
pid_t
_POSIX_1_SOURCE
_POSIX_SOURCE
RETSIGTYPE
SELECT_TYPE_ARG1
SELECT_TYPE_ARG234
SELECT_TYPE_ARG5
SETPGRP_VOID
SETVBUF_REVERSED
size_t
STACK_DIRECTION
STAT_MACROS_BROKEN
STDC_HEADERS
SVR4
SYSDIR
SYSNDIR
SYS_SIGLIST_DECLARED
TIME_WITH_SYS_TIME
TM_IN_SYS_TIME
uid_t
UMAX
UMAX4_3
USG
vfork
VOID_CLOSEDIR
WORDS_BIGENDIAN
X_DISPLAY_MISSING
YYTEXT_POINTER
Checking acconfig.h for symbols defined in acspecific.m4...
NO_MINUS_C_MINUS_O
F77_NO_MINUS_C_MINUS_O
YYTEXT_POINTER
STDC_HEADERS
HAVE_UNISTD_H
USG
NEED_MEMORY_H
MAJOR_IN_MKDEV
MAJOR_IN_SYSMACROS
DIRENT
SYSNDIR
SYSDIR
NDIR
VOID_CLOSEDIR
STAT_MACROS_BROKEN
SYS_SIGLIST_DECLARED
HAVE_SYS_WAIT_H
GETGROUPS_T
uid_t
gid_t
size_t
pid_t
off_t
mode_t
RETSIGTYPE
CLOSEDIR_VOID
HAVE_FNMATCH
HAVE_MMAP
GETPGRP_VOID
SETPGRP_VOID
HAVE_VPRINTF
HAVE_DOPRNT
HAVE_VFORK_H
vfork
HAVE_WAIT3
HAVE_ALLOCA_H
HAVE_ALLOCA
C_ALLOCA
CRAY_STACKSEG_END
STACK_DIRECTION
HAVE_GETLOADAVG
DGUX
SVR4
UMAX
UMAX4_3
UMAX
NLIST_STRUCT
NLIST_NAME_UNION
GETLOADAVG_PRIVILEGED
HAVE_UTIME_NULL
HAVE_STRCOLL
SETVBUF_REVERSED
HAVE_GETMNTENT
HAVE_STRFTIME
HAVE_STRFTIME
SELECT_TYPE_ARG1
SELECT_TYPE_ARG234
SELECT_TYPE_ARG5
TIME_WITH_SYS_TIME
TM_IN_SYS_TIME
HAVE_TM_ZONE
HAVE_TZNAME
HAVE_ST_BLOCKS
HAVE_ST_BLKSIZE
HAVE_ST_RDEV
__CHAR_UNSIGNED__
HAVE_LONG_DOUBLE
INT_16_BITS
LONG_64_BITS
WORDS_BIGENDIAN
inline
inline
const
HAVE_STRINGIZE
HAVE_LONG_FILE_NAMES
HAVE_RESTARTABLE_SYSCALLS
X_DISPLAY_MISSING
_ALL_SOURCE
_POSIX_SOURCE
_POSIX_1_SOURCE
_MINIX
_POSIX_SOURCE
Running ./autoconf.s/syntax.exp ...
Checking for syntax errors in the specific tests...
AC_PROG_ECHO_N
AC_PROG_CC
AC_PROG_CXX
XFAIL: AC_PROG_F77
AC_PROG_CC_WORKS
AC_PROG_CXX_WORKS
XFAIL: AC_PROG_F77_WORKS
AC_PROG_CC_GNU
AC_PROG_CXX_GNU
XFAIL: AC_PROG_F77_GNU
AC_PROG_CC_G
AC_PROG_CXX_G
XFAIL: AC_PROG_F77_G
AC_PROG_GCC_TRADITIONAL
AC_PROG_CC_C_O
XFAIL: AC_PROG_F77_C_O
AC_PROG_MAKE_SET
AC_PROG_RANLIB
AC_PROG_AWK
AC_PROG_YACC
AC_PROG_CPP
AC_PROG_CXXCPP
AC_REQUIRE_CPP
AC_PROG_LEX
AC_DECL_YYTEXT
AC_PROG_INSTALL
AC_PROG_LN_S
AC_HEADER_STDC
AC_UNISTD_H
AC_USG
AC_MEMORY_H
AC_HEADER_MAJOR
AC_HEADER_DIRENT
AC_CHECK_HEADER_DIRENT
AC_DIR_HEADER
AC_HEADER_STAT
AC_DECL_SYS_SIGLIST
AC_HEADER_SYS_WAIT
AC_TYPE_GETGROUPS
AC_TYPE_UID_T
AC_TYPE_SIZE_T
AC_TYPE_PID_T
AC_TYPE_OFF_T
AC_TYPE_MODE_T
AC_TYPE_SIGNAL
AC_FUNC_CLOSEDIR_VOID
AC_FUNC_FNMATCH
AC_FUNC_MMAP
AC_FUNC_GETPGRP
AC_FUNC_SETPGRP
AC_FUNC_VPRINTF
AC_FUNC_VFORK
AC_FUNC_WAIT3
AC_FUNC_ALLOCA
AC_FUNC_GETLOADAVG
AC_FUNC_UTIME_NULL
AC_FUNC_STRCOLL
AC_FUNC_SETVBUF_REVERSED
AC_FUNC_GETMNTENT
AC_FUNC_STRFTIME
AC_FUNC_MEMCMP
AC_FUNC_SELECT_ARGTYPES
AC_HEADER_TIME
AC_STRUCT_TM
AC_STRUCT_TIMEZONE
AC_STRUCT_ST_BLOCKS
AC_STRUCT_ST_BLKSIZE
AC_STRUCT_ST_RDEV
AC_C_CROSS
AC_C_CHAR_UNSIGNED
AC_C_LONG_DOUBLE
AC_INT_16_BITS
AC_LONG_64_BITS
AC_C_BIGENDIAN
AC_C_INLINE
AC_C_CONST
AC_C_STRINGIZE
AC_OBJEXT
XFAIL: AC_F77_LIBRARY_LDFLAGS
AC_SYS_INTERPRETER
AC_SYS_LONG_FILE_NAMES
AC_SYS_RESTARTABLE_SYSCALLS
AC_PATH_X
AC_PATH_X_XMKMF
AC_PATH_X_DIRECT
AC_PATH_XTRA
AC_CYGWIN32
AC_CYGWIN
AC_MINGW32
AC_EXEEXT
AC_AIX
AC_MINIX
AC_ISC_POSIX
AC_XENIX_DIR
AC_DYNIX_SEQ
AC_IRIX_SUN
AC_SCO_INTL

		=== autoconf Summary ===

# of expected passes		253
/tmp/portage/sys-devel/autoconf-2.13-r1/work/autoconf-2.13/autoconf version 2.13

make[1]: Leaving directory '/tmp/portage/sys-devel/autoconf-2.13-r1/work/autoconf-2.13/testsuite'
>>> Completed testing sys-devel/autoconf-2.13-r1

>>> Install sys-devel/autoconf-2.13-r1 into /tmp/portage/sys-devel/autoconf-2.13-r1/image/
make -j12 DESTDIR=/tmp/portage/sys-devel/autoconf-2.13-r1/image/ install 
/bin/sh ./mkinstalldirs /tmp/portage/sys-devel/autoconf-2.13-r1/image//usr/bin /tmp/portage/sys-devel/autoconf-2.13-r1/image//usr/share/info /tmp/portage/sys-devel/autoconf-2.13-r1/image//usr/share/autoconf
mkdir /tmp/portage/sys-devel/autoconf-2.13-r1/image/usr
mkdir /tmp/portage/sys-devel/autoconf-2.13-r1/image/usr/bin
mkdir /tmp/portage/sys-devel/autoconf-2.13-r1/image/usr/share
mkdir /tmp/portage/sys-devel/autoconf-2.13-r1/image/usr/share/info
mkdir /tmp/portage/sys-devel/autoconf-2.13-r1/image/usr/share/autoconf
if test -f autoconf.info; then \
  for i in *.info*; do \
    /tmp/portage/._portage_reinstall_.mi8935l4/bin/ebuild-helpers/xattr/install -c -m 644 $i /tmp/portage/sys-devel/autoconf-2.13-r1/image//usr/share/info/$i; \
  done; \
else \
  for i in ./*.info*; do \
    /tmp/portage/._portage_reinstall_.mi8935l4/bin/ebuild-helpers/xattr/install -c -m 644 $i /tmp/portage/sys-devel/autoconf-2.13-r1/image//usr/share/info/`echo $i | sed 's|^./||'`; \
  done; \
fi
for p in autoconf autoheader autoreconf autoupdate ifnames ; do \
  /tmp/portage/._portage_reinstall_.mi8935l4/bin/ebuild-helpers/xattr/install -c $p /tmp/portage/sys-devel/autoconf-2.13-r1/image//usr/bin/`echo $p|sed 's,$,-2.13,; '`; \
done
for i in autoconf.m4f autoheader.m4f; do \
  /tmp/portage/._portage_reinstall_.mi8935l4/bin/ebuild-helpers/xattr/install -c -m 644 $i /tmp/portage/sys-devel/autoconf-2.13-r1/image//usr/share/autoconf/$i; \
done
for i in autoconf.m4 acgeneral.m4 acoldnames.m4 acspecific.m4 autoheader.m4 acconfig.h; do \
  /tmp/portage/._portage_reinstall_.mi8935l4/bin/ebuild-helpers/xattr/install -c -m 644 ./$i /tmp/portage/sys-devel/autoconf-2.13-r1/image//usr/share/autoconf/$i; \
done
if test -f autoscan; then \
/tmp/portage/._portage_reinstall_.mi8935l4/bin/ebuild-helpers/xattr/install -c autoscan /tmp/portage/sys-devel/autoconf-2.13-r1/image//usr/bin/`echo autoscan|sed 's,$,-2.13,; '`; \
for i in acfunctions acheaders acidentifiers acprograms \
  acmakevars; do \
/tmp/portage/._portage_reinstall_.mi8935l4/bin/ebuild-helpers/xattr/install -c -m 644 ./$i /tmp/portage/sys-devel/autoconf-2.13-r1/image//usr/share/autoconf/$i; \
done; \
else :; fi
>>> Completed installing sys-devel/autoconf-2.13-r1 into /tmp/portage/sys-devel/autoconf-2.13-r1/image/

 [32;01m*[0m Final size of build directory: 2036 KiB (1.9 MiB)
 [32;01m*[0m Final size of installed tree:  1096 KiB (1.0 MiB)

./
./usr/
./usr/bin/
./usr/bin/autoupdate-2.13
./usr/bin/autoreconf-2.13
./usr/bin/ifnames-2.13
./usr/bin/autoconf-2.13
./usr/bin/autoheader-2.13
./usr/bin/autoscan-2.13
./usr/share/
./usr/share/info/
./usr/share/info/autoconf-2.1.info.bz2
./usr/share/info/standards-2.1.info.bz2
./usr/share/autoconf/
./usr/share/autoconf/acmakevars
./usr/share/autoconf/acgeneral.m4
./usr/share/autoconf/acspecific.m4
./usr/share/autoconf/autoconf.m4f
./usr/share/autoconf/acoldnames.m4
./usr/share/autoconf/acconfig.h
./usr/share/autoconf/acidentifiers
./usr/share/autoconf/autoconf.m4
./usr/share/autoconf/acprograms
./usr/share/autoconf/autoheader.m4
./usr/share/autoconf/acheaders
./usr/share/autoconf/autoheader.m4f
./usr/share/autoconf/acfunctions
./usr/share/doc/
./usr/share/doc/autoconf-2.13-r1/
./usr/share/doc/autoconf-2.13-r1/TODO.bz2
./usr/share/doc/autoconf-2.13-r1/README.bz2
./usr/share/doc/autoconf-2.13-r1/ChangeLog.bz2
./usr/share/doc/autoconf-2.13-r1/AUTHORS.bz2
./usr/share/doc/autoconf-2.13-r1/NEWS.bz2
>>> Done.
 [32;01m*[39;49;00m checking 26 files for package collisions
>>> Merging sys-devel/autoconf-2.13-r1 to /
--- /usr/
--- /usr/share/
--- /usr/share/doc/
>>> /usr/share/doc/autoconf-2.13-r1/
>>> /usr/share/doc/autoconf-2.13-r1/NEWS.bz2
>>> /usr/share/doc/autoconf-2.13-r1/AUTHORS.bz2
>>> /usr/share/doc/autoconf-2.13-r1/ChangeLog.bz2
>>> /usr/share/doc/autoconf-2.13-r1/README.bz2
>>> /usr/share/doc/autoconf-2.13-r1/TODO.bz2
>>> /usr/share/autoconf/
>>> /usr/share/autoconf/acfunctions
>>> /usr/share/autoconf/autoheader.m4f
>>> /usr/share/autoconf/acheaders
>>> /usr/share/autoconf/autoheader.m4
>>> /usr/share/autoconf/acprograms
>>> /usr/share/autoconf/autoconf.m4
>>> /usr/share/autoconf/acidentifiers
>>> /usr/share/autoconf/acconfig.h
>>> /usr/share/autoconf/acoldnames.m4
>>> /usr/share/autoconf/autoconf.m4f
>>> /usr/share/autoconf/acspecific.m4
>>> /usr/share/autoconf/acgeneral.m4
>>> /usr/share/autoconf/acmakevars
--- /usr/share/info/
>>> /usr/share/info/standards-2.1.info.bz2
>>> /usr/share/info/autoconf-2.1.info.bz2
--- /usr/bin/
>>> /usr/bin/autoscan-2.13
>>> /usr/bin/autoheader-2.13
>>> /usr/bin/autoconf-2.13
>>> /usr/bin/ifnames-2.13
>>> /usr/bin/autoreconf-2.13
>>> /usr/bin/autoupdate-2.13
>>> sys-devel/autoconf-2.13-r1 merged.
>>> Regenerating /etc/ld.so.cache...
