No package files given... Grabbing a set.
<<<          obj /usr/share/doc/compiler-rt-sanitizers-10.0.0/README.txt.bz2
<<<          obj /usr/lib/clang/10.0.0/share/msan_blacklist.txt
<<<          obj /usr/lib/clang/10.0.0/share/hwasan_blacklist.txt
<<<          obj /usr/lib/clang/10.0.0/share/dfsan_abilist.txt
<<<          obj /usr/lib/clang/10.0.0/share/cfi_blacklist.txt
<<<          obj /usr/lib/clang/10.0.0/share/asan_blacklist.txt
<<<          obj /usr/lib/clang/10.0.0/lib/linux/libclang_rt.xray-x86_64.a
<<<          obj /usr/lib/clang/10.0.0/lib/linux/libclang_rt.xray-profiling-x86_64.a
<<<          obj /usr/lib/clang/10.0.0/lib/linux/libclang_rt.xray-fdr-x86_64.a
<<<          obj /usr/lib/clang/10.0.0/lib/linux/libclang_rt.xray-basic-x86_64.a
<<<          obj /usr/lib/clang/10.0.0/lib/linux/libclang_rt.ubsan_standalone_cxx-x86_64.a.syms
<<<          obj /usr/lib/clang/10.0.0/lib/linux/libclang_rt.ubsan_standalone_cxx-x86_64.a
<<<          obj /usr/lib/clang/10.0.0/lib/linux/libclang_rt.ubsan_standalone_cxx-i386.a
<<<          obj /usr/lib/clang/10.0.0/lib/linux/libclang_rt.ubsan_standalone-x86_64.so
<<<          obj /usr/lib/clang/10.0.0/lib/linux/libclang_rt.ubsan_standalone-x86_64.a.syms
<<<          obj /usr/lib/clang/10.0.0/lib/linux/libclang_rt.ubsan_standalone-x86_64.a
<<<          obj /usr/lib/clang/10.0.0/lib/linux/libclang_rt.ubsan_standalone-i386.so
<<<          obj /usr/lib/clang/10.0.0/lib/linux/libclang_rt.ubsan_standalone-i386.a
<<<          obj /usr/lib/clang/10.0.0/lib/linux/libclang_rt.ubsan_minimal-x86_64.so
<<<          obj /usr/lib/clang/10.0.0/lib/linux/libclang_rt.ubsan_minimal-x86_64.a.syms
<<<          obj /usr/lib/clang/10.0.0/lib/linux/libclang_rt.ubsan_minimal-x86_64.a
<<<          obj /usr/lib/clang/10.0.0/lib/linux/libclang_rt.ubsan_minimal-i386.so
<<<          obj /usr/lib/clang/10.0.0/lib/linux/libclang_rt.ubsan_minimal-i386.a
<<<          obj /usr/lib/clang/10.0.0/lib/linux/libclang_rt.tsan_cxx-x86_64.a.syms
<<<          obj /usr/lib/clang/10.0.0/lib/linux/libclang_rt.tsan_cxx-x86_64.a
<<<          obj /usr/lib/clang/10.0.0/lib/linux/libclang_rt.tsan-x86_64.a.syms
<<<          obj /usr/lib/clang/10.0.0/lib/linux/libclang_rt.tsan-x86_64.a
<<<          obj /usr/lib/clang/10.0.0/lib/linux/libclang_rt.stats_client-x86_64.a
<<<          obj /usr/lib/clang/10.0.0/lib/linux/libclang_rt.stats_client-i386.a
<<<          obj /usr/lib/clang/10.0.0/lib/linux/libclang_rt.stats-x86_64.a
<<<          obj /usr/lib/clang/10.0.0/lib/linux/libclang_rt.stats-i386.a
<<<          obj /usr/lib/clang/10.0.0/lib/linux/libclang_rt.scudo_standalone_cxx-x86_64.a
<<<          obj /usr/lib/clang/10.0.0/lib/linux/libclang_rt.scudo_standalone_cxx-i386.a
<<<          obj /usr/lib/clang/10.0.0/lib/linux/libclang_rt.scudo_standalone-x86_64.a
<<<          obj /usr/lib/clang/10.0.0/lib/linux/libclang_rt.scudo_standalone-i386.a
<<<          obj /usr/lib/clang/10.0.0/lib/linux/libclang_rt.scudo_minimal-x86_64.so
<<<          obj /usr/lib/clang/10.0.0/lib/linux/libclang_rt.scudo_minimal-x86_64.a
<<<          obj /usr/lib/clang/10.0.0/lib/linux/libclang_rt.scudo_minimal-i386.so
<<<          obj /usr/lib/clang/10.0.0/lib/linux/libclang_rt.scudo_minimal-i386.a
<<<          obj /usr/lib/clang/10.0.0/lib/linux/libclang_rt.scudo_cxx_minimal-x86_64.a
<<<          obj /usr/lib/clang/10.0.0/lib/linux/libclang_rt.scudo_cxx_minimal-i386.a
<<<          obj /usr/lib/clang/10.0.0/lib/linux/libclang_rt.scudo_cxx-x86_64.a
<<<          obj /usr/lib/clang/10.0.0/lib/linux/libclang_rt.scudo_cxx-i386.a
<<<          obj /usr/lib/clang/10.0.0/lib/linux/libclang_rt.scudo-x86_64.so
<<<          obj /usr/lib/clang/10.0.0/lib/linux/libclang_rt.scudo-x86_64.a
<<<          obj /usr/lib/clang/10.0.0/lib/linux/libclang_rt.scudo-i386.so
<<<          obj /usr/lib/clang/10.0.0/lib/linux/libclang_rt.scudo-i386.a
<<<          obj /usr/lib/clang/10.0.0/lib/linux/libclang_rt.safestack-x86_64.a
<<<          obj /usr/lib/clang/10.0.0/lib/linux/libclang_rt.safestack-i386.a
<<<          obj /usr/lib/clang/10.0.0/lib/linux/libclang_rt.profile-x86_64.a
<<<          obj /usr/lib/clang/10.0.0/lib/linux/libclang_rt.profile-i386.a
<<<          obj /usr/lib/clang/10.0.0/lib/linux/libclang_rt.msan_cxx-x86_64.a.syms
<<<          obj /usr/lib/clang/10.0.0/lib/linux/libclang_rt.msan_cxx-x86_64.a
<<<          obj /usr/lib/clang/10.0.0/lib/linux/libclang_rt.msan-x86_64.a.syms
<<<          obj /usr/lib/clang/10.0.0/lib/linux/libclang_rt.msan-x86_64.a
<<<          obj /usr/lib/clang/10.0.0/lib/linux/libclang_rt.lsan-x86_64.a
<<<          obj /usr/lib/clang/10.0.0/lib/linux/libclang_rt.lsan-i386.a
<<<          obj /usr/lib/clang/10.0.0/lib/linux/libclang_rt.hwasan_cxx-x86_64.a.syms
<<<          obj /usr/lib/clang/10.0.0/lib/linux/libclang_rt.hwasan_cxx-x86_64.a
<<<          obj /usr/lib/clang/10.0.0/lib/linux/libclang_rt.hwasan-x86_64.so
<<<          obj /usr/lib/clang/10.0.0/lib/linux/libclang_rt.hwasan-x86_64.a.syms
<<<          obj /usr/lib/clang/10.0.0/lib/linux/libclang_rt.hwasan-x86_64.a
<<<          obj /usr/lib/clang/10.0.0/lib/linux/libclang_rt.gwp_asan-x86_64.a
<<<          obj /usr/lib/clang/10.0.0/lib/linux/libclang_rt.gwp_asan-i386.a
<<<          obj /usr/lib/clang/10.0.0/lib/linux/libclang_rt.fuzzer_no_main-x86_64.a
<<<          obj /usr/lib/clang/10.0.0/lib/linux/libclang_rt.fuzzer_no_main-i386.a
<<<          obj /usr/lib/clang/10.0.0/lib/linux/libclang_rt.fuzzer-x86_64.a
<<<          obj /usr/lib/clang/10.0.0/lib/linux/libclang_rt.fuzzer-i386.a
<<<          obj /usr/lib/clang/10.0.0/lib/linux/libclang_rt.dyndd-x86_64.so
<<<          obj /usr/lib/clang/10.0.0/lib/linux/libclang_rt.dfsan-x86_64.a.syms
<<<          obj /usr/lib/clang/10.0.0/lib/linux/libclang_rt.dfsan-x86_64.a
<<<          obj /usr/lib/clang/10.0.0/lib/linux/libclang_rt.dd-x86_64.a
<<<          obj /usr/lib/clang/10.0.0/lib/linux/libclang_rt.cfi_diag-x86_64.a
<<<          obj /usr/lib/clang/10.0.0/lib/linux/libclang_rt.cfi_diag-i386.a
<<<          obj /usr/lib/clang/10.0.0/lib/linux/libclang_rt.cfi-x86_64.a
<<<          obj /usr/lib/clang/10.0.0/lib/linux/libclang_rt.cfi-i386.a
<<<          obj /usr/lib/clang/10.0.0/lib/linux/libclang_rt.asan_cxx-x86_64.a.syms
<<<          obj /usr/lib/clang/10.0.0/lib/linux/libclang_rt.asan_cxx-x86_64.a
<<<          obj /usr/lib/clang/10.0.0/lib/linux/libclang_rt.asan_cxx-i386.a
<<<          obj /usr/lib/clang/10.0.0/lib/linux/libclang_rt.asan-x86_64.so
<<<          obj /usr/lib/clang/10.0.0/lib/linux/libclang_rt.asan-x86_64.a.syms
<<<          obj /usr/lib/clang/10.0.0/lib/linux/libclang_rt.asan-x86_64.a
<<<          obj /usr/lib/clang/10.0.0/lib/linux/libclang_rt.asan-preinit-x86_64.a
<<<          obj /usr/lib/clang/10.0.0/lib/linux/libclang_rt.asan-preinit-i386.a
<<<          obj /usr/lib/clang/10.0.0/lib/linux/libclang_rt.asan-i386.so
<<<          obj /usr/lib/clang/10.0.0/lib/linux/libclang_rt.asan-i386.a
<<<          obj /usr/lib/clang/10.0.0/include/xray/xray_records.h
<<<          obj /usr/lib/clang/10.0.0/include/xray/xray_log_interface.h
<<<          obj /usr/lib/clang/10.0.0/include/xray/xray_interface.h
<<<          obj /usr/lib/clang/10.0.0/include/sanitizer/ubsan_interface.h
<<<          obj /usr/lib/clang/10.0.0/include/sanitizer/tsan_interface_atomic.h
<<<          obj /usr/lib/clang/10.0.0/include/sanitizer/tsan_interface.h
<<<          obj /usr/lib/clang/10.0.0/include/sanitizer/scudo_interface.h
<<<          obj /usr/lib/clang/10.0.0/include/sanitizer/netbsd_syscall_hooks.h
<<<          obj /usr/lib/clang/10.0.0/include/sanitizer/msan_interface.h
<<<          obj /usr/lib/clang/10.0.0/include/sanitizer/lsan_interface.h
<<<          obj /usr/lib/clang/10.0.0/include/sanitizer/linux_syscall_hooks.h
<<<          obj /usr/lib/clang/10.0.0/include/sanitizer/hwasan_interface.h
<<<          obj /usr/lib/clang/10.0.0/include/sanitizer/dfsan_interface.h
<<<          obj /usr/lib/clang/10.0.0/include/sanitizer/coverage_interface.h
<<<          obj /usr/lib/clang/10.0.0/include/sanitizer/common_interface_defs.h
<<<          obj /usr/lib/clang/10.0.0/include/sanitizer/asan_interface.h
<<<          obj /usr/lib/clang/10.0.0/include/sanitizer/allocator_interface.h
<<<          obj /usr/lib/clang/10.0.0/include/profile/InstrProfData.inc
<<<          obj /usr/lib/clang/10.0.0/include/fuzzer/FuzzedDataProvider.h
<<<          obj /usr/lib/clang/10.0.0/bin/hwasan_symbolize
<<<          dir /usr/share/doc/compiler-rt-sanitizers-10.0.0
--- !empty   dir /usr/share/doc
--- !empty   dir /usr/share
<<<          dir /usr/lib/clang/10.0.0/share
<<<          dir /usr/lib/clang/10.0.0/lib/linux
<<<          dir /usr/lib/clang/10.0.0/lib
<<<          dir /usr/lib/clang/10.0.0/include/xray
<<<          dir /usr/lib/clang/10.0.0/include/sanitizer
<<<          dir /usr/lib/clang/10.0.0/include/profile
<<<          dir /usr/lib/clang/10.0.0/include/fuzzer
<<<          dir /usr/lib/clang/10.0.0/include
<<<          dir /usr/lib/clang/10.0.0/bin
<<<          dir /usr/lib/clang/10.0.0
<<<          dir /usr/lib/clang
--- !empty   dir /usr/lib
--- !empty   dir /usr
>>> Regenerating /etc/ld.so.cache...
