 * Package:    sys-process/numactl-2.0.13
 * Repository: gentoo
 * Maintainer: base-system@gentoo.org
 * USE:        abi_x86_64 amd64 elibc_glibc kernel_linux userland_GNU
 * FEATURES:   ccache network-sandbox preserve-libs sandbox userpriv usersandbox
 * /etc/portage/package.cflags/ltoworkarounds.conf -> */*: *FLAGS+=-Wl,-O4 *FLAGS-=-Wl,-O1
 * /etc/portage/package.cflags/ltoworkarounds.conf -> sys-process/numactl: *FLAGS-=-flto* # Undefined references
 * FEATURES='assume-digests binpkg-docompress binpkg-dostrip binpkg-logs binpkg-multi-instance buildpkg ccache cgroup compress-index config-protect-if-modified distlocks fixlafiles ipc-sandbox merge-sync multilib-strict network-sandbox news nodoc parallel-fetch parallel-install pid-sandbox preserve-libs qa-unresolved-soname-deps sandbox sfperms strict strict-keepdir unknown-features-warn unmerge-logs unmerge-orphans userfetch userpriv usersandbox usersync xattr'
 * CFLAGS='-march=znver2 -pipe -g0 -O3 -fgraphite-identity -floop-nest-optimize -fdevirtualize-at-ltrans -fipa-pta -fno-semantic-interposition -fno-plt -fno-signed-zeros -fno-trapping-math -fassociative-math -freciprocal-math -fno-math-errno -ffinite-math-only -fno-rounding-math -fno-signaling-nans -fcx-limited-range -fexcess-precision=fast -falign-functions=32 -fno-stack-protector -fno-stack-clash-protection -fstack-check=no -fno-stack-check -fuse-linker-plugin -Wl,-O4 -Wl,--as-needed -Wl,-lpthread -Wl,-lgomp -Wl,-z,norelro -Wl,-z,now -Wl,--sort-common -s'
 * CXXFLAGS='-march=znver2 -pipe -g0 -O3 -fgraphite-identity -floop-nest-optimize -fdevirtualize-at-ltrans -fipa-pta -fno-semantic-interposition -fno-plt -fno-signed-zeros -fno-trapping-math -fassociative-math -freciprocal-math -fno-math-errno -ffinite-math-only -fno-rounding-math -fno-signaling-nans -fcx-limited-range -fexcess-precision=fast -falign-functions=32 -fno-stack-protector -fno-stack-clash-protection -fstack-check=no -fno-stack-check -fuse-linker-plugin -Wl,-O4 -Wl,--as-needed -Wl,-lpthread -Wl,-lgomp -Wl,-z,norelro -Wl,-z,now -Wl,--sort-common -s'
 * FFLAGS='-march=znver2 -pipe -g0 -O3 -fgraphite-identity -floop-nest-optimize -fdevirtualize-at-ltrans -fipa-pta -fno-semantic-interposition -fno-plt -fno-signed-zeros -fno-trapping-math -fassociative-math -freciprocal-math -fno-math-errno -ffinite-math-only -fno-rounding-math -fno-signaling-nans -fcx-limited-range -fexcess-precision=fast -falign-functions=32 -fno-stack-protector -fno-stack-clash-protection -fstack-check=no -fno-stack-check -fuse-linker-plugin -Wl,-O4 -Wl,--as-needed -Wl,-lpthread -Wl,-lgomp -Wl,-z,norelro -Wl,-z,now -Wl,--sort-common -s'
 * FCFLAGS='-march=znver2 -pipe -g0 -O3 -fgraphite-identity -floop-nest-optimize -fdevirtualize-at-ltrans -fipa-pta -fno-semantic-interposition -fno-plt -fno-signed-zeros -fno-trapping-math -fassociative-math -freciprocal-math -fno-math-errno -ffinite-math-only -fno-rounding-math -fno-signaling-nans -fcx-limited-range -fexcess-precision=fast -falign-functions=32 -fno-stack-protector -fno-stack-clash-protection -fstack-check=no -fno-stack-check -fuse-linker-plugin -Wl,-O4 -Wl,--as-needed -Wl,-lpthread -Wl,-lgomp -Wl,-z,norelro -Wl,-z,now -Wl,--sort-common -s'
 * F77FLAGS='-march=znver2 -pipe -g0 -O3 -fgraphite-identity -floop-nest-optimize -fdevirtualize-at-ltrans -fipa-pta -fno-semantic-interposition -fno-plt -fno-signed-zeros -fno-trapping-math -fassociative-math -freciprocal-math -fno-math-errno -ffinite-math-only -fno-rounding-math -fno-signaling-nans -fcx-limited-range -fexcess-precision=fast -falign-functions=32 -fno-stack-protector -fno-stack-clash-protection -fstack-check=no -fno-stack-check -fuse-linker-plugin -Wl,-O4 -Wl,--as-needed -Wl,-lpthread -Wl,-lgomp -Wl,-z,norelro -Wl,-z,now -Wl,--sort-common -s'
 * LDFLAGS='-march=znver2 -pipe -g0 -O3 -fgraphite-identity -floop-nest-optimize -fdevirtualize-at-ltrans -fipa-pta -fno-semantic-interposition -fno-plt -fno-signed-zeros -fno-trapping-math -fassociative-math -freciprocal-math -fno-math-errno -ffinite-math-only -fno-rounding-math -fno-signaling-nans -fcx-limited-range -fexcess-precision=fast -falign-functions=32 -fno-stack-protector -fno-stack-clash-protection -fstack-check=no -fno-stack-check -fuse-linker-plugin -Wl,-O4 -Wl,--as-needed -Wl,-lpthread -Wl,-lgomp -Wl,-z,norelro -Wl,-z,now -Wl,--sort-common -s'
 * MAKEOPTS='-j12 -l12'
 * gcc () 11.0.0 20200601 (experimental)
 * g++ () 11.0.0 20200601 (experimental)
 * GNU ld (Gentoo 2.34 p4) 2.34.0
 * Linux ryzen.gnum.org 5.4.36 #1 SMP Thu Apr 30 04:38:28 UTC 2020 x86_64 AMD Ryzen 5 3600 6-Core Processor AuthenticAMD GNU/Linux
]0;emerge 14:12:39 36|586 numactl (root@ryzen.gnum.org)kemerge 14:12:39 36|586 numactl (root@ryzen.gnum.org)\>>> Unpacking source...
>>> Unpacking numactl-2.0.13.tar.gz to /tmp/portage/sys-process/numactl-2.0.13/work
>>> Source unpacked in /tmp/portage/sys-process/numactl-2.0.13/work
>>> Preparing source in /tmp/portage/sys-process/numactl-2.0.13/work/numactl-2.0.13 ...
 * Applying numactl-2.0.10-numademo-cflags.patch ...
 [ ok ]
 * Running eautoreconf in '/tmp/portage/sys-process/numactl-2.0.13/work/numactl-2.0.13' ...
 * Running libtoolize --install --copy --force --automake ...
 [ ok ]
 * Running aclocal -I m4 ...
 [ ok ]
 * Running autoconf --force ...
 [ ok ]
 * Running autoheader ...
 [ ok ]
 * Running automake --add-missing --copy --foreign --force-missing ...
 [ ok ]
 * Running elibtoolize in: numactl-2.0.13/
 * Running elibtoolize in: numactl-2.0.13/build-aux/
 *   Applying portage/1.2.0 patch ...
 *   Applying sed/1.5.6 patch ...
 *   Applying as-needed/2.4.3 patch ...
 * Will copy sources from /tmp/portage/sys-process/numactl-2.0.13/work/numactl-2.0.13
 * abi_x86_64.amd64: copying to /tmp/portage/sys-process/numactl-2.0.13/work/numactl-2.0.13-abi_x86_64.amd64
>>> Source prepared.
>>> Configuring source in /tmp/portage/sys-process/numactl-2.0.13/work/numactl-2.0.13 ...
 * abi_x86_64.amd64: running multilib-minimal_abi_src_configure
 * econf: updating numactl-2.0.13/build-aux/config.guess with /usr/share/gnuconfig/config.guess
 * econf: updating numactl-2.0.13/build-aux/config.sub with /usr/share/gnuconfig/config.sub
 * econf: updating numactl-2.0.13-abi_x86_64.amd64/build-aux/config.guess with /usr/share/gnuconfig/config.guess
 * econf: updating numactl-2.0.13-abi_x86_64.amd64/build-aux/config.sub with /usr/share/gnuconfig/config.sub
/tmp/portage/sys-process/numactl-2.0.13/work/numactl-2.0.13/configure --prefix=/usr --build=x86_64-pc-linux-gnu --host=x86_64-pc-linux-gnu --mandir=/usr/share/man --infodir=/usr/share/info --datadir=/usr/share --sysconfdir=/etc --localstatedir=/var/lib --disable-dependency-tracking --disable-silent-rules --docdir=/usr/share/doc/numactl-2.0.13 --htmldir=/usr/share/doc/numactl-2.0.13/html --with-sysroot=/ --libdir=/usr/lib64 --disable-static
checking for a BSD-compatible install... /tmp/portage/._portage_reinstall_.iin460r7/bin/ebuild-helpers/xattr/install -c
checking whether build environment is sane... yes
checking for a thread-safe mkdir -p... /bin/mkdir -p
checking for gawk... gawk
checking whether make sets $(MAKE)... yes
checking whether make supports nested variables... yes
checking whether make supports nested variables... (cached) yes
checking build system type... x86_64-pc-linux-gnu
checking host system type... x86_64-pc-linux-gnu
checking how to print strings... printf
checking whether make supports the include directive... yes (GNU style)
checking for x86_64-pc-linux-gnu-gcc... x86_64-pc-linux-gnu-gcc
checking whether the C compiler works... yes
checking for C compiler default output file name... a.out
checking for suffix of executables... 
checking whether we are cross compiling... no
checking for suffix of object files... o
checking whether we are using the GNU C compiler... yes
checking whether x86_64-pc-linux-gnu-gcc accepts -g... yes
checking for x86_64-pc-linux-gnu-gcc option to accept ISO C89... none needed
checking whether x86_64-pc-linux-gnu-gcc understands -c and -o together... yes
checking dependency style of x86_64-pc-linux-gnu-gcc... none
checking for a sed that does not truncate output... /bin/sed
checking for grep that handles long lines and -e... /bin/grep
checking for egrep... /bin/grep -E
checking for fgrep... /bin/grep -F
checking for ld used by x86_64-pc-linux-gnu-gcc... /usr/x86_64-pc-linux-gnu/bin/ld
checking if the linker (/usr/x86_64-pc-linux-gnu/bin/ld) is GNU ld... yes
checking for BSD- or MS-compatible name lister (nm)... /usr/bin/x86_64-pc-linux-gnu-nm -B
checking the name lister (/usr/bin/x86_64-pc-linux-gnu-nm -B) interface... BSD nm
checking whether ln -s works... yes
checking the maximum length of command line arguments... 1572864
checking how to convert x86_64-pc-linux-gnu file names to x86_64-pc-linux-gnu format... func_convert_file_noop
checking how to convert x86_64-pc-linux-gnu file names to toolchain format... func_convert_file_noop
checking for /usr/x86_64-pc-linux-gnu/bin/ld option to reload object files... -r
checking for x86_64-pc-linux-gnu-objdump... x86_64-pc-linux-gnu-objdump
checking how to recognize dependent libraries... pass_all
checking for x86_64-pc-linux-gnu-dlltool... x86_64-pc-linux-gnu-dlltool
checking how to associate runtime and link libraries... printf %s\n
checking for x86_64-pc-linux-gnu-ar... x86_64-pc-linux-gnu-ar
checking for archiver @FILE support... @
checking for x86_64-pc-linux-gnu-strip... x86_64-pc-linux-gnu-strip
checking for x86_64-pc-linux-gnu-ranlib... x86_64-pc-linux-gnu-ranlib
checking command to parse /usr/bin/x86_64-pc-linux-gnu-nm -B output from x86_64-pc-linux-gnu-gcc object... ok
checking for sysroot... /
checking for a working dd... /bin/dd
checking how to truncate binary pipes... /bin/dd bs=4096 count=1
checking for x86_64-pc-linux-gnu-mt... no
checking for mt... no
checking if : is a manifest tool... no
checking how to run the C preprocessor... x86_64-pc-linux-gnu-gcc -E
checking for ANSI C header files... yes
checking for sys/types.h... yes
checking for sys/stat.h... yes
checking for stdlib.h... yes
checking for string.h... yes
checking for memory.h... yes
checking for strings.h... yes
checking for inttypes.h... yes
checking for stdint.h... yes
checking for unistd.h... yes
checking for dlfcn.h... yes
checking for objdir... .libs
checking if x86_64-pc-linux-gnu-gcc supports -fno-rtti -fno-exceptions... no
checking for x86_64-pc-linux-gnu-gcc option to produce PIC... -fPIC -DPIC
checking if x86_64-pc-linux-gnu-gcc PIC flag -fPIC -DPIC works... yes
checking if x86_64-pc-linux-gnu-gcc static flag -static works... yes
checking if x86_64-pc-linux-gnu-gcc supports -c -o file.o... yes
checking if x86_64-pc-linux-gnu-gcc supports -c -o file.o... (cached) yes
checking whether the x86_64-pc-linux-gnu-gcc linker (/usr/x86_64-pc-linux-gnu/bin/ld -m elf_x86_64) supports shared libraries... yes
checking whether -lc should be explicitly linked in... no
checking dynamic linker characteristics... GNU/Linux ld.so
checking how to hardcode library paths into programs... immediate
checking whether stripping libraries is possible... yes
checking if libtool supports shared libraries... yes
checking whether to build shared libraries... yes
checking whether to build static libraries... no
checking for x86_64-pc-linux-gnu-gcc... (cached) x86_64-pc-linux-gnu-gcc
checking whether we are using the GNU C compiler... (cached) yes
checking whether x86_64-pc-linux-gnu-gcc accepts -g... (cached) yes
checking for x86_64-pc-linux-gnu-gcc option to accept ISO C89... (cached) none needed
checking whether x86_64-pc-linux-gnu-gcc understands -c and -o together... (cached) yes
checking dependency style of x86_64-pc-linux-gnu-gcc... (cached) none
checking for thread local storage (TLS) class... __thread
checking whether C compiler accepts -ftree-vectorize... yes
checking that generated files are newer than configure... done
configure: creating ./config.status
config.status: creating Makefile
config.status: creating config.h
config.status: executing depfiles commands
config.status: executing libtool commands
>>> Source configured.
>>> Compiling source in /tmp/portage/sys-process/numactl-2.0.13/work/numactl-2.0.13 ...
 * abi_x86_64.amd64: running multilib-minimal_abi_src_compile
make -j12 -l12 
(CDPATH="${ZSH_VERSION+.}:" && cd /tmp/portage/sys-process/numactl-2.0.13/work/numactl-2.0.13 && /bin/sh /tmp/portage/sys-process/numactl-2.0.13/work/numactl-2.0.13-abi_x86_64.amd64/build-aux/missing autoheader)
rm -f stamp-h1
touch /tmp/portage/sys-process/numactl-2.0.13/work/numactl-2.0.13/config.h.in
cd . && /bin/sh ./config.status config.h
config.status: creating config.h
config.status: config.h is unchanged
make  all-am
make[1]: Entering directory '/tmp/portage/sys-process/numactl-2.0.13/work/numactl-2.0.13-abi_x86_64.amd64'
x86_64-pc-linux-gnu-gcc -DHAVE_CONFIG_H -I. -I/tmp/portage/sys-process/numactl-2.0.13/work/numactl-2.0.13  -Wall  -march=znver2 -pipe -g0 -O3 -fgraphite-identity -floop-nest-optimize -fdevirtualize-at-ltrans -fipa-pta -fno-semantic-interposition -fno-plt -fno-signed-zeros -fno-trapping-math -fassociative-math -freciprocal-math -fno-math-errno -ffinite-math-only -fno-rounding-math -fno-signaling-nans -fcx-limited-range -fexcess-precision=fast -falign-functions=32 -fno-stack-protector -fno-stack-clash-protection -fstack-check=no -fno-stack-check -fuse-linker-plugin -Wl,-O4 -Wl,--as-needed -Wl,-lpthread -Wl,-lgomp -Wl,-z,norelro -Wl,-z,now -Wl,--sort-common -s  -c -o numactl.o numactl.c
x86_64-pc-linux-gnu-gcc -DHAVE_CONFIG_H -I. -I/tmp/portage/sys-process/numactl-2.0.13/work/numactl-2.0.13  -Wall  -march=znver2 -pipe -g0 -O3 -fgraphite-identity -floop-nest-optimize -fdevirtualize-at-ltrans -fipa-pta -fno-semantic-interposition -fno-plt -fno-signed-zeros -fno-trapping-math -fassociative-math -freciprocal-math -fno-math-errno -ffinite-math-only -fno-rounding-math -fno-signaling-nans -fcx-limited-range -fexcess-precision=fast -falign-functions=32 -fno-stack-protector -fno-stack-clash-protection -fstack-check=no -fno-stack-check -fuse-linker-plugin -Wl,-O4 -Wl,--as-needed -Wl,-lpthread -Wl,-lgomp -Wl,-z,norelro -Wl,-z,now -Wl,--sort-common -s  -c -o util.o util.c
x86_64-pc-linux-gnu-gcc -DHAVE_CONFIG_H -I. -I/tmp/portage/sys-process/numactl-2.0.13/work/numactl-2.0.13  -Wall  -march=znver2 -pipe -g0 -O3 -fgraphite-identity -floop-nest-optimize -fdevirtualize-at-ltrans -fipa-pta -fno-semantic-interposition -fno-plt -fno-signed-zeros -fno-trapping-math -fassociative-math -freciprocal-math -fno-math-errno -ffinite-math-only -fno-rounding-math -fno-signaling-nans -fcx-limited-range -fexcess-precision=fast -falign-functions=32 -fno-stack-protector -fno-stack-clash-protection -fstack-check=no -fno-stack-check -fuse-linker-plugin -Wl,-O4 -Wl,--as-needed -Wl,-lpthread -Wl,-lgomp -Wl,-z,norelro -Wl,-z,now -Wl,--sort-common -s  -c -o shm.o shm.c
/bin/sh ./libtool  --tag=CC   --mode=compile x86_64-pc-linux-gnu-gcc -DHAVE_CONFIG_H -I. -I/tmp/portage/sys-process/numactl-2.0.13/work/numactl-2.0.13  -Wall  -march=znver2 -pipe -g0 -O3 -fgraphite-identity -floop-nest-optimize -fdevirtualize-at-ltrans -fipa-pta -fno-semantic-interposition -fno-plt -fno-signed-zeros -fno-trapping-math -fassociative-math -freciprocal-math -fno-math-errno -ffinite-math-only -fno-rounding-math -fno-signaling-nans -fcx-limited-range -fexcess-precision=fast -falign-functions=32 -fno-stack-protector -fno-stack-clash-protection -fstack-check=no -fno-stack-check -fuse-linker-plugin -Wl,-O4 -Wl,--as-needed -Wl,-lpthread -Wl,-lgomp -Wl,-z,norelro -Wl,-z,now -Wl,--sort-common -s  -c -o libnuma.lo libnuma.c
/bin/sh ./libtool  --tag=CC   --mode=compile x86_64-pc-linux-gnu-gcc -DHAVE_CONFIG_H -I. -I/tmp/portage/sys-process/numactl-2.0.13/work/numactl-2.0.13  -Wall  -march=znver2 -pipe -g0 -O3 -fgraphite-identity -floop-nest-optimize -fdevirtualize-at-ltrans -fipa-pta -fno-semantic-interposition -fno-plt -fno-signed-zeros -fno-trapping-math -fassociative-math -freciprocal-math -fno-math-errno -ffinite-math-only -fno-rounding-math -fno-signaling-nans -fcx-limited-range -fexcess-precision=fast -falign-functions=32 -fno-stack-protector -fno-stack-clash-protection -fstack-check=no -fno-stack-check -fuse-linker-plugin -Wl,-O4 -Wl,--as-needed -Wl,-lpthread -Wl,-lgomp -Wl,-z,norelro -Wl,-z,now -Wl,--sort-common -s  -c -o syscall.lo syscall.c
/bin/sh ./libtool  --tag=CC   --mode=compile x86_64-pc-linux-gnu-gcc -DHAVE_CONFIG_H -I. -I/tmp/portage/sys-process/numactl-2.0.13/work/numactl-2.0.13  -Wall  -march=znver2 -pipe -g0 -O3 -fgraphite-identity -floop-nest-optimize -fdevirtualize-at-ltrans -fipa-pta -fno-semantic-interposition -fno-plt -fno-signed-zeros -fno-trapping-math -fassociative-math -freciprocal-math -fno-math-errno -ffinite-math-only -fno-rounding-math -fno-signaling-nans -fcx-limited-range -fexcess-precision=fast -falign-functions=32 -fno-stack-protector -fno-stack-clash-protection -fstack-check=no -fno-stack-check -fuse-linker-plugin -Wl,-O4 -Wl,--as-needed -Wl,-lpthread -Wl,-lgomp -Wl,-z,norelro -Wl,-z,now -Wl,--sort-common -s  -c -o distance.lo distance.c
/bin/sh ./libtool  --tag=CC   --mode=compile x86_64-pc-linux-gnu-gcc -DHAVE_CONFIG_H -I. -I/tmp/portage/sys-process/numactl-2.0.13/work/numactl-2.0.13  -Wall  -march=znver2 -pipe -g0 -O3 -fgraphite-identity -floop-nest-optimize -fdevirtualize-at-ltrans -fipa-pta -fno-semantic-interposition -fno-plt -fno-signed-zeros -fno-trapping-math -fassociative-math -freciprocal-math -fno-math-errno -ffinite-math-only -fno-rounding-math -fno-signaling-nans -fcx-limited-range -fexcess-precision=fast -falign-functions=32 -fno-stack-protector -fno-stack-clash-protection -fstack-check=no -fno-stack-check -fuse-linker-plugin -Wl,-O4 -Wl,--as-needed -Wl,-lpthread -Wl,-lgomp -Wl,-z,norelro -Wl,-z,now -Wl,--sort-common -s  -c -o affinity.lo affinity.c
/bin/sh ./libtool  --tag=CC   --mode=compile x86_64-pc-linux-gnu-gcc -DHAVE_CONFIG_H -I. -I/tmp/portage/sys-process/numactl-2.0.13/work/numactl-2.0.13  -Wall  -march=znver2 -pipe -g0 -O3 -fgraphite-identity -floop-nest-optimize -fdevirtualize-at-ltrans -fipa-pta -fno-semantic-interposition -fno-plt -fno-signed-zeros -fno-trapping-math -fassociative-math -freciprocal-math -fno-math-errno -ffinite-math-only -fno-rounding-math -fno-signaling-nans -fcx-limited-range -fexcess-precision=fast -falign-functions=32 -fno-stack-protector -fno-stack-clash-protection -fstack-check=no -fno-stack-check -fuse-linker-plugin -Wl,-O4 -Wl,--as-needed -Wl,-lpthread -Wl,-lgomp -Wl,-z,norelro -Wl,-z,now -Wl,--sort-common -s  -c -o sysfs.lo sysfs.c
/bin/sh ./libtool  --tag=CC   --mode=compile x86_64-pc-linux-gnu-gcc -DHAVE_CONFIG_H -I. -I/tmp/portage/sys-process/numactl-2.0.13/work/numactl-2.0.13  -Wall  -march=znver2 -pipe -g0 -O3 -fgraphite-identity -floop-nest-optimize -fdevirtualize-at-ltrans -fipa-pta -fno-semantic-interposition -fno-plt -fno-signed-zeros -fno-trapping-math -fassociative-math -freciprocal-math -fno-math-errno -ffinite-math-only -fno-rounding-math -fno-signaling-nans -fcx-limited-range -fexcess-precision=fast -falign-functions=32 -fno-stack-protector -fno-stack-clash-protection -fstack-check=no -fno-stack-check -fuse-linker-plugin -Wl,-O4 -Wl,--as-needed -Wl,-lpthread -Wl,-lgomp -Wl,-z,norelro -Wl,-z,now -Wl,--sort-common -s  -c -o rtnetlink.lo rtnetlink.c
x86_64-pc-linux-gnu-gcc -DHAVE_CONFIG_H -I. -I/tmp/portage/sys-process/numactl-2.0.13/work/numactl-2.0.13  -Wall  -march=znver2 -pipe -g0 -O3 -fgraphite-identity -floop-nest-optimize -fdevirtualize-at-ltrans -fipa-pta -fno-semantic-interposition -fno-plt -fno-signed-zeros -fno-trapping-math -fassociative-math -freciprocal-math -fno-math-errno -ffinite-math-only -fno-rounding-math -fno-signaling-nans -fcx-limited-range -fexcess-precision=fast -falign-functions=32 -fno-stack-protector -fno-stack-clash-protection -fstack-check=no -fno-stack-check -fuse-linker-plugin -Wl,-O4 -Wl,--as-needed -Wl,-lpthread -Wl,-lgomp -Wl,-z,norelro -Wl,-z,now -Wl,--sort-common -s -std=gnu99  -c -o numastat-numastat.o `test -f 'numastat.c' || echo '/tmp/portage/sys-process/numactl-2.0.13/work/numactl-2.0.13/'`numastat.c
x86_64-pc-linux-gnu-gcc -DHAVE_CONFIG_H -I. -I/tmp/portage/sys-process/numactl-2.0.13/work/numactl-2.0.13  -Wall -DHAVE_STREAM_LIB -DHAVE_MT -DHAVE_CLEAR_CACHE  -march=znver2 -pipe -g0 -O3 -fgraphite-identity -floop-nest-optimize -fdevirtualize-at-ltrans -fipa-pta -fno-semantic-interposition -fno-plt -fno-signed-zeros -fno-trapping-math -fassociative-math -freciprocal-math -fno-math-errno -ffinite-math-only -fno-rounding-math -fno-signaling-nans -fcx-limited-range -fexcess-precision=fast -falign-functions=32 -fno-stack-protector -fno-stack-clash-protection -fstack-check=no -fno-stack-check -fuse-linker-plugin -Wl,-O4 -Wl,--as-needed -Wl,-lpthread -Wl,-lgomp -Wl,-z,norelro -Wl,-z,now -Wl,--sort-common -s -ffast-math -funroll-loops -ftree-vectorize  -c -o numademo-numademo.o `test -f 'numademo.c' || echo '/tmp/portage/sys-process/numactl-2.0.13/work/numactl-2.0.13/'`numademo.c
x86_64-pc-linux-gnu-gcc -DHAVE_CONFIG_H -I. -I/tmp/portage/sys-process/numactl-2.0.13/work/numactl-2.0.13  -Wall -DHAVE_STREAM_LIB -DHAVE_MT -DHAVE_CLEAR_CACHE  -march=znver2 -pipe -g0 -O3 -fgraphite-identity -floop-nest-optimize -fdevirtualize-at-ltrans -fipa-pta -fno-semantic-interposition -fno-plt -fno-signed-zeros -fno-trapping-math -fassociative-math -freciprocal-math -fno-math-errno -ffinite-math-only -fno-rounding-math -fno-signaling-nans -fcx-limited-range -fexcess-precision=fast -falign-functions=32 -fno-stack-protector -fno-stack-clash-protection -fstack-check=no -fno-stack-check -fuse-linker-plugin -Wl,-O4 -Wl,--as-needed -Wl,-lpthread -Wl,-lgomp -Wl,-z,norelro -Wl,-z,now -Wl,--sort-common -s -ffast-math -funroll-loops -ftree-vectorize  -c -o numademo-stream_lib.o `test -f 'stream_lib.c' || echo '/tmp/portage/sys-process/numactl-2.0.13/work/numactl-2.0.13/'`stream_lib.c
libtool: compile:  x86_64-pc-linux-gnu-gcc -DHAVE_CONFIG_H -I. -I/tmp/portage/sys-process/numactl-2.0.13/work/numactl-2.0.13 -Wall -march=znver2 -pipe -g0 -O3 -fgraphite-identity -floop-nest-optimize -fdevirtualize-at-ltrans -fipa-pta -fno-semantic-interposition -fno-plt -fno-signed-zeros -fno-trapping-math -fassociative-math -freciprocal-math -fno-math-errno -ffinite-math-only -fno-rounding-math -fno-signaling-nans -fcx-limited-range -fexcess-precision=fast -falign-functions=32 -fno-stack-protector -fno-stack-clash-protection -fstack-check=no -fno-stack-check -fuse-linker-plugin -Wl,-O4 -Wl,--as-needed -Wl,-lpthread -Wl,-lgomp -Wl,-z,norelro -Wl,-z,now -Wl,--sort-common -s -c libnuma.c  -fPIC -DPIC -o .libs/libnuma.o
libtool: compile:  x86_64-pc-linux-gnu-gcc -DHAVE_CONFIG_H -I. -I/tmp/portage/sys-process/numactl-2.0.13/work/numactl-2.0.13 -Wall -march=znver2 -pipe -g0 -O3 -fgraphite-identity -floop-nest-optimize -fdevirtualize-at-ltrans -fipa-pta -fno-semantic-interposition -fno-plt -fno-signed-zeros -fno-trapping-math -fassociative-math -freciprocal-math -fno-math-errno -ffinite-math-only -fno-rounding-math -fno-signaling-nans -fcx-limited-range -fexcess-precision=fast -falign-functions=32 -fno-stack-protector -fno-stack-clash-protection -fstack-check=no -fno-stack-check -fuse-linker-plugin -Wl,-O4 -Wl,--as-needed -Wl,-lpthread -Wl,-lgomp -Wl,-z,norelro -Wl,-z,now -Wl,--sort-common -s -c affinity.c  -fPIC -DPIC -o .libs/affinity.o
libtool: compile:  x86_64-pc-linux-gnu-gcc -DHAVE_CONFIG_H -I. -I/tmp/portage/sys-process/numactl-2.0.13/work/numactl-2.0.13 -Wall -march=znver2 -pipe -g0 -O3 -fgraphite-identity -floop-nest-optimize -fdevirtualize-at-ltrans -fipa-pta -fno-semantic-interposition -fno-plt -fno-signed-zeros -fno-trapping-math -fassociative-math -freciprocal-math -fno-math-errno -ffinite-math-only -fno-rounding-math -fno-signaling-nans -fcx-limited-range -fexcess-precision=fast -falign-functions=32 -fno-stack-protector -fno-stack-clash-protection -fstack-check=no -fno-stack-check -fuse-linker-plugin -Wl,-O4 -Wl,--as-needed -Wl,-lpthread -Wl,-lgomp -Wl,-z,norelro -Wl,-z,now -Wl,--sort-common -s -c rtnetlink.c  -fPIC -DPIC -o .libs/rtnetlink.o
libtool: compile:  x86_64-pc-linux-gnu-gcc -DHAVE_CONFIG_H -I. -I/tmp/portage/sys-process/numactl-2.0.13/work/numactl-2.0.13 -Wall -march=znver2 -pipe -g0 -O3 -fgraphite-identity -floop-nest-optimize -fdevirtualize-at-ltrans -fipa-pta -fno-semantic-interposition -fno-plt -fno-signed-zeros -fno-trapping-math -fassociative-math -freciprocal-math -fno-math-errno -ffinite-math-only -fno-rounding-math -fno-signaling-nans -fcx-limited-range -fexcess-precision=fast -falign-functions=32 -fno-stack-protector -fno-stack-clash-protection -fstack-check=no -fno-stack-check -fuse-linker-plugin -Wl,-O4 -Wl,--as-needed -Wl,-lpthread -Wl,-lgomp -Wl,-z,norelro -Wl,-z,now -Wl,--sort-common -s -c distance.c  -fPIC -DPIC -o .libs/distance.o
libtool: compile:  x86_64-pc-linux-gnu-gcc -DHAVE_CONFIG_H -I. -I/tmp/portage/sys-process/numactl-2.0.13/work/numactl-2.0.13 -Wall -march=znver2 -pipe -g0 -O3 -fgraphite-identity -floop-nest-optimize -fdevirtualize-at-ltrans -fipa-pta -fno-semantic-interposition -fno-plt -fno-signed-zeros -fno-trapping-math -fassociative-math -freciprocal-math -fno-math-errno -ffinite-math-only -fno-rounding-math -fno-signaling-nans -fcx-limited-range -fexcess-precision=fast -falign-functions=32 -fno-stack-protector -fno-stack-clash-protection -fstack-check=no -fno-stack-check -fuse-linker-plugin -Wl,-O4 -Wl,--as-needed -Wl,-lpthread -Wl,-lgomp -Wl,-z,norelro -Wl,-z,now -Wl,--sort-common -s -c sysfs.c  -fPIC -DPIC -o .libs/sysfs.o
libtool: compile:  x86_64-pc-linux-gnu-gcc -DHAVE_CONFIG_H -I. -I/tmp/portage/sys-process/numactl-2.0.13/work/numactl-2.0.13 -Wall -march=znver2 -pipe -g0 -O3 -fgraphite-identity -floop-nest-optimize -fdevirtualize-at-ltrans -fipa-pta -fno-semantic-interposition -fno-plt -fno-signed-zeros -fno-trapping-math -fassociative-math -freciprocal-math -fno-math-errno -ffinite-math-only -fno-rounding-math -fno-signaling-nans -fcx-limited-range -fexcess-precision=fast -falign-functions=32 -fno-stack-protector -fno-stack-clash-protection -fstack-check=no -fno-stack-check -fuse-linker-plugin -Wl,-O4 -Wl,--as-needed -Wl,-lpthread -Wl,-lgomp -Wl,-z,norelro -Wl,-z,now -Wl,--sort-common -s -c syscall.c  -fPIC -DPIC -o .libs/syscall.o
x86_64-pc-linux-gnu-gcc -DHAVE_CONFIG_H -I. -I/tmp/portage/sys-process/numactl-2.0.13/work/numactl-2.0.13  -Wall -DHAVE_STREAM_LIB -DHAVE_MT -DHAVE_CLEAR_CACHE  -march=znver2 -pipe -g0 -O3 -fgraphite-identity -floop-nest-optimize -fdevirtualize-at-ltrans -fipa-pta -fno-semantic-interposition -fno-plt -fno-signed-zeros -fno-trapping-math -fassociative-math -freciprocal-math -fno-math-errno -ffinite-math-only -fno-rounding-math -fno-signaling-nans -fcx-limited-range -fexcess-precision=fast -falign-functions=32 -fno-stack-protector -fno-stack-clash-protection -fstack-check=no -fno-stack-check -fuse-linker-plugin -Wl,-O4 -Wl,--as-needed -Wl,-lpthread -Wl,-lgomp -Wl,-z,norelro -Wl,-z,now -Wl,--sort-common -s -ffast-math -funroll-loops -ftree-vectorize  -c -o numademo-mt.o `test -f 'mt.c' || echo '/tmp/portage/sys-process/numactl-2.0.13/work/numactl-2.0.13/'`mt.c
x86_64-pc-linux-gnu-gcc -DHAVE_CONFIG_H -I. -I/tmp/portage/sys-process/numactl-2.0.13/work/numactl-2.0.13  -Wall -DHAVE_STREAM_LIB -DHAVE_MT -DHAVE_CLEAR_CACHE  -march=znver2 -pipe -g0 -O3 -fgraphite-identity -floop-nest-optimize -fdevirtualize-at-ltrans -fipa-pta -fno-semantic-interposition -fno-plt -fno-signed-zeros -fno-trapping-math -fassociative-math -freciprocal-math -fno-math-errno -ffinite-math-only -fno-rounding-math -fno-signaling-nans -fcx-limited-range -fexcess-precision=fast -falign-functions=32 -fno-stack-protector -fno-stack-clash-protection -fstack-check=no -fno-stack-check -fuse-linker-plugin -Wl,-O4 -Wl,--as-needed -Wl,-lpthread -Wl,-lgomp -Wl,-z,norelro -Wl,-z,now -Wl,--sort-common -s -ffast-math -funroll-loops -ftree-vectorize  -c -o numademo-clearcache.o `test -f 'clearcache.c' || echo '/tmp/portage/sys-process/numactl-2.0.13/work/numactl-2.0.13/'`clearcache.c
x86_64-pc-linux-gnu-gcc -DHAVE_CONFIG_H -I. -I/tmp/portage/sys-process/numactl-2.0.13/work/numactl-2.0.13  -Wall  -march=znver2 -pipe -g0 -O3 -fgraphite-identity -floop-nest-optimize -fdevirtualize-at-ltrans -fipa-pta -fno-semantic-interposition -fno-plt -fno-signed-zeros -fno-trapping-math -fassociative-math -freciprocal-math -fno-math-errno -ffinite-math-only -fno-rounding-math -fno-signaling-nans -fcx-limited-range -fexcess-precision=fast -falign-functions=32 -fno-stack-protector -fno-stack-clash-protection -fstack-check=no -fno-stack-check -fuse-linker-plugin -Wl,-O4 -Wl,--as-needed -Wl,-lpthread -Wl,-lgomp -Wl,-z,norelro -Wl,-z,now -Wl,--sort-common -s  -c -o migratepages.o migratepages.c
x86_64-pc-linux-gnu-gcc -DHAVE_CONFIG_H -I. -I/tmp/portage/sys-process/numactl-2.0.13/work/numactl-2.0.13  -Wall  -march=znver2 -pipe -g0 -O3 -fgraphite-identity -floop-nest-optimize -fdevirtualize-at-ltrans -fipa-pta -fno-semantic-interposition -fno-plt -fno-signed-zeros -fno-trapping-math -fassociative-math -freciprocal-math -fno-math-errno -ffinite-math-only -fno-rounding-math -fno-signaling-nans -fcx-limited-range -fexcess-precision=fast -falign-functions=32 -fno-stack-protector -fno-stack-clash-protection -fstack-check=no -fno-stack-check -fuse-linker-plugin -Wl,-O4 -Wl,--as-needed -Wl,-lpthread -Wl,-lgomp -Wl,-z,norelro -Wl,-z,now -Wl,--sort-common -s  -c -o migspeed.o migspeed.c
x86_64-pc-linux-gnu-gcc -DHAVE_CONFIG_H -I. -I/tmp/portage/sys-process/numactl-2.0.13/work/numactl-2.0.13  -Wall  -march=znver2 -pipe -g0 -O3 -fgraphite-identity -floop-nest-optimize -fdevirtualize-at-ltrans -fipa-pta -fno-semantic-interposition -fno-plt -fno-signed-zeros -fno-trapping-math -fassociative-math -freciprocal-math -fno-math-errno -ffinite-math-only -fno-rounding-math -fno-signaling-nans -fcx-limited-range -fexcess-precision=fast -falign-functions=32 -fno-stack-protector -fno-stack-clash-protection -fstack-check=no -fno-stack-check -fuse-linker-plugin -Wl,-O4 -Wl,--as-needed -Wl,-lpthread -Wl,-lgomp -Wl,-z,norelro -Wl,-z,now -Wl,--sort-common -s  -c -o memhog.o memhog.c
/bin/sed -e 's,@VERSION\@,2.0.13,g' -e 's,@prefix\@,/usr,g' -e 's,@exec_prefix\@,/usr,g' -e 's,@libdir\@,/usr/lib64,g' -e 's,@includedir\@,/usr/include,g' < numa.pc.in > numa.pc || rm numa.pc
/bin/sh ./libtool  --tag=CC   --mode=link x86_64-pc-linux-gnu-gcc -march=znver2 -pipe -g0 -O3 -fgraphite-identity -floop-nest-optimize -fdevirtualize-at-ltrans -fipa-pta -fno-semantic-interposition -fno-plt -fno-signed-zeros -fno-trapping-math -fassociative-math -freciprocal-math -fno-math-errno -ffinite-math-only -fno-rounding-math -fno-signaling-nans -fcx-limited-range -fexcess-precision=fast -falign-functions=32 -fno-stack-protector -fno-stack-clash-protection -fstack-check=no -fno-stack-check -fuse-linker-plugin -Wl,-O4 -Wl,--as-needed -Wl,-lpthread -Wl,-lgomp -Wl,-z,norelro -Wl,-z,now -Wl,--sort-common -s -std=gnu99   -march=znver2 -pipe -g0 -O3 -fgraphite-identity -floop-nest-optimize -fdevirtualize-at-ltrans -fipa-pta -fno-semantic-interposition -fno-plt -fno-signed-zeros -fno-trapping-math -fassociative-math -freciprocal-math -fno-math-errno -ffinite-math-only -fno-rounding-math -fno-signaling-nans -fcx-limited-range -fexcess-precision=fast -falign-functions=32 -fno-stack-protector -fno-stack-clash-protection -fstack-check=no -fno-stack-check -fuse-linker-plugin -Wl,-O4 -Wl,--as-needed -Wl,-lpthread -Wl,-lgomp -Wl,-z,norelro -Wl,-z,now -Wl,--sort-common -s -o numastat numastat-numastat.o  
/bin/sh ./libtool  --tag=CC   --mode=link x86_64-pc-linux-gnu-gcc -march=znver2 -pipe -g0 -O3 -fgraphite-identity -floop-nest-optimize -fdevirtualize-at-ltrans -fipa-pta -fno-semantic-interposition -fno-plt -fno-signed-zeros -fno-trapping-math -fassociative-math -freciprocal-math -fno-math-errno -ffinite-math-only -fno-rounding-math -fno-signaling-nans -fcx-limited-range -fexcess-precision=fast -falign-functions=32 -fno-stack-protector -fno-stack-clash-protection -fstack-check=no -fno-stack-check -fuse-linker-plugin -Wl,-O4 -Wl,--as-needed -Wl,-lpthread -Wl,-lgomp -Wl,-z,norelro -Wl,-z,now -Wl,--sort-common -s  -version-info 1:0:0 -Wl,--version-script,/tmp/portage/sys-process/numactl-2.0.13/work/numactl-2.0.13/versions.ldscript -Wl,-init,numa_init -Wl,-fini,numa_fini -march=znver2 -pipe -g0 -O3 -fgraphite-identity -floop-nest-optimize -fdevirtualize-at-ltrans -fipa-pta -fno-semantic-interposition -fno-plt -fno-signed-zeros -fno-trapping-math -fassociative-math -freciprocal-math -fno-math-errno -ffinite-math-only -fno-rounding-math -fno-signaling-nans -fcx-limited-range -fexcess-precision=fast -falign-functions=32 -fno-stack-protector -fno-stack-clash-protection -fstack-check=no -fno-stack-check -fuse-linker-plugin -Wl,-O4 -Wl,--as-needed -Wl,-lpthread -Wl,-lgomp -Wl,-z,norelro -Wl,-z,now -Wl,--sort-common -s -o libnuma.la -rpath /usr/lib64 libnuma.lo syscall.lo distance.lo affinity.lo sysfs.lo rtnetlink.lo  
libtool: link: x86_64-pc-linux-gnu-gcc -march=znver2 -pipe -g0 -O3 -fgraphite-identity -floop-nest-optimize -fdevirtualize-at-ltrans -fipa-pta -fno-semantic-interposition -fno-plt -fno-signed-zeros -fno-trapping-math -fassociative-math -freciprocal-math -fno-math-errno -ffinite-math-only -fno-rounding-math -fno-signaling-nans -fcx-limited-range -fexcess-precision=fast -falign-functions=32 -fno-stack-protector -fno-stack-clash-protection -fstack-check=no -fno-stack-check -fuse-linker-plugin -Wl,-O4 -Wl,-lpthread -Wl,-lgomp -Wl,-z -Wl,norelro -Wl,-z -Wl,now -Wl,--sort-common -s -std=gnu99 -march=znver2 -pipe -g0 -O3 -fgraphite-identity -floop-nest-optimize -fdevirtualize-at-ltrans -fipa-pta -fno-semantic-interposition -fno-plt -fno-signed-zeros -fno-trapping-math -fassociative-math -freciprocal-math -fno-math-errno -ffinite-math-only -fno-rounding-math -fno-signaling-nans -fcx-limited-range -fexcess-precision=fast -falign-functions=32 -fno-stack-protector -fno-stack-clash-protection -fstack-check=no -fno-stack-check -fuse-linker-plugin -Wl,-O4 -Wl,-lpthread -Wl,-lgomp -Wl,-z -Wl,norelro -Wl,-z -Wl,now -Wl,--sort-common -s -o numastat numastat-numastat.o  -Wl,--as-needed
libtool: link: x86_64-pc-linux-gnu-gcc -shared  -fPIC -DPIC  .libs/libnuma.o .libs/syscall.o .libs/distance.o .libs/affinity.o .libs/sysfs.o .libs/rtnetlink.o   -Wl,--as-needed  -march=znver2 -g0 -O3 -fuse-linker-plugin -Wl,-O4 -Wl,-lpthread -Wl,-lgomp -Wl,-z -Wl,norelro -Wl,-z -Wl,now -Wl,--sort-common -Wl,--version-script -Wl,/tmp/portage/sys-process/numactl-2.0.13/work/numactl-2.0.13/versions.ldscript -Wl,-init -Wl,numa_init -Wl,-fini -Wl,numa_fini -march=znver2 -g0 -O3 -fuse-linker-plugin -Wl,-O4 -Wl,-lpthread -Wl,-lgomp -Wl,-z -Wl,norelro -Wl,-z -Wl,now -Wl,--sort-common   -Wl,-soname -Wl,libnuma.so.1 -o .libs/libnuma.so.1.0.0
libtool: link: (cd ".libs" && rm -f "libnuma.so.1" && ln -s "libnuma.so.1.0.0" "libnuma.so.1")
libtool: link: (cd ".libs" && rm -f "libnuma.so" && ln -s "libnuma.so.1.0.0" "libnuma.so")
libtool: link: ( cd ".libs" && rm -f "libnuma.la" && ln -s "../libnuma.la" "libnuma.la" )
/bin/sh ./libtool  --tag=CC   --mode=link x86_64-pc-linux-gnu-gcc -march=znver2 -pipe -g0 -O3 -fgraphite-identity -floop-nest-optimize -fdevirtualize-at-ltrans -fipa-pta -fno-semantic-interposition -fno-plt -fno-signed-zeros -fno-trapping-math -fassociative-math -freciprocal-math -fno-math-errno -ffinite-math-only -fno-rounding-math -fno-signaling-nans -fcx-limited-range -fexcess-precision=fast -falign-functions=32 -fno-stack-protector -fno-stack-clash-protection -fstack-check=no -fno-stack-check -fuse-linker-plugin -Wl,-O4 -Wl,--as-needed -Wl,-lpthread -Wl,-lgomp -Wl,-z,norelro -Wl,-z,now -Wl,--sort-common -s   -march=znver2 -pipe -g0 -O3 -fgraphite-identity -floop-nest-optimize -fdevirtualize-at-ltrans -fipa-pta -fno-semantic-interposition -fno-plt -fno-signed-zeros -fno-trapping-math -fassociative-math -freciprocal-math -fno-math-errno -ffinite-math-only -fno-rounding-math -fno-signaling-nans -fcx-limited-range -fexcess-precision=fast -falign-functions=32 -fno-stack-protector -fno-stack-clash-protection -fstack-check=no -fno-stack-check -fuse-linker-plugin -Wl,-O4 -Wl,--as-needed -Wl,-lpthread -Wl,-lgomp -Wl,-z,norelro -Wl,-z,now -Wl,--sort-common -s -o numactl numactl.o util.o shm.o libnuma.la 
/bin/sh ./libtool  --tag=CC   --mode=link x86_64-pc-linux-gnu-gcc -march=znver2 -pipe -g0 -O3 -fgraphite-identity -floop-nest-optimize -fdevirtualize-at-ltrans -fipa-pta -fno-semantic-interposition -fno-plt -fno-signed-zeros -fno-trapping-math -fassociative-math -freciprocal-math -fno-math-errno -ffinite-math-only -fno-rounding-math -fno-signaling-nans -fcx-limited-range -fexcess-precision=fast -falign-functions=32 -fno-stack-protector -fno-stack-clash-protection -fstack-check=no -fno-stack-check -fuse-linker-plugin -Wl,-O4 -Wl,--as-needed -Wl,-lpthread -Wl,-lgomp -Wl,-z,norelro -Wl,-z,now -Wl,--sort-common -s -ffast-math -funroll-loops -ftree-vectorize   -march=znver2 -pipe -g0 -O3 -fgraphite-identity -floop-nest-optimize -fdevirtualize-at-ltrans -fipa-pta -fno-semantic-interposition -fno-plt -fno-signed-zeros -fno-trapping-math -fassociative-math -freciprocal-math -fno-math-errno -ffinite-math-only -fno-rounding-math -fno-signaling-nans -fcx-limited-range -fexcess-precision=fast -falign-functions=32 -fno-stack-protector -fno-stack-clash-protection -fstack-check=no -fno-stack-check -fuse-linker-plugin -Wl,-O4 -Wl,--as-needed -Wl,-lpthread -Wl,-lgomp -Wl,-z,norelro -Wl,-z,now -Wl,--sort-common -s -o numademo numademo-numademo.o numademo-stream_lib.o numademo-mt.o numademo-clearcache.o libnuma.la -lm 
/bin/sh ./libtool  --tag=CC   --mode=link x86_64-pc-linux-gnu-gcc -march=znver2 -pipe -g0 -O3 -fgraphite-identity -floop-nest-optimize -fdevirtualize-at-ltrans -fipa-pta -fno-semantic-interposition -fno-plt -fno-signed-zeros -fno-trapping-math -fassociative-math -freciprocal-math -fno-math-errno -ffinite-math-only -fno-rounding-math -fno-signaling-nans -fcx-limited-range -fexcess-precision=fast -falign-functions=32 -fno-stack-protector -fno-stack-clash-protection -fstack-check=no -fno-stack-check -fuse-linker-plugin -Wl,-O4 -Wl,--as-needed -Wl,-lpthread -Wl,-lgomp -Wl,-z,norelro -Wl,-z,now -Wl,--sort-common -s   -march=znver2 -pipe -g0 -O3 -fgraphite-identity -floop-nest-optimize -fdevirtualize-at-ltrans -fipa-pta -fno-semantic-interposition -fno-plt -fno-signed-zeros -fno-trapping-math -fassociative-math -freciprocal-math -fno-math-errno -ffinite-math-only -fno-rounding-math -fno-signaling-nans -fcx-limited-range -fexcess-precision=fast -falign-functions=32 -fno-stack-protector -fno-stack-clash-protection -fstack-check=no -fno-stack-check -fuse-linker-plugin -Wl,-O4 -Wl,--as-needed -Wl,-lpthread -Wl,-lgomp -Wl,-z,norelro -Wl,-z,now -Wl,--sort-common -s -o migratepages migratepages.o util.o libnuma.la 
/bin/sh ./libtool  --tag=CC   --mode=link x86_64-pc-linux-gnu-gcc -march=znver2 -pipe -g0 -O3 -fgraphite-identity -floop-nest-optimize -fdevirtualize-at-ltrans -fipa-pta -fno-semantic-interposition -fno-plt -fno-signed-zeros -fno-trapping-math -fassociative-math -freciprocal-math -fno-math-errno -ffinite-math-only -fno-rounding-math -fno-signaling-nans -fcx-limited-range -fexcess-precision=fast -falign-functions=32 -fno-stack-protector -fno-stack-clash-protection -fstack-check=no -fno-stack-check -fuse-linker-plugin -Wl,-O4 -Wl,--as-needed -Wl,-lpthread -Wl,-lgomp -Wl,-z,norelro -Wl,-z,now -Wl,--sort-common -s   -march=znver2 -pipe -g0 -O3 -fgraphite-identity -floop-nest-optimize -fdevirtualize-at-ltrans -fipa-pta -fno-semantic-interposition -fno-plt -fno-signed-zeros -fno-trapping-math -fassociative-math -freciprocal-math -fno-math-errno -ffinite-math-only -fno-rounding-math -fno-signaling-nans -fcx-limited-range -fexcess-precision=fast -falign-functions=32 -fno-stack-protector -fno-stack-clash-protection -fstack-check=no -fno-stack-check -fuse-linker-plugin -Wl,-O4 -Wl,--as-needed -Wl,-lpthread -Wl,-lgomp -Wl,-z,norelro -Wl,-z,now -Wl,--sort-common -s -o migspeed migspeed.o util.o libnuma.la -lrt 
/bin/sh ./libtool  --tag=CC   --mode=link x86_64-pc-linux-gnu-gcc -march=znver2 -pipe -g0 -O3 -fgraphite-identity -floop-nest-optimize -fdevirtualize-at-ltrans -fipa-pta -fno-semantic-interposition -fno-plt -fno-signed-zeros -fno-trapping-math -fassociative-math -freciprocal-math -fno-math-errno -ffinite-math-only -fno-rounding-math -fno-signaling-nans -fcx-limited-range -fexcess-precision=fast -falign-functions=32 -fno-stack-protector -fno-stack-clash-protection -fstack-check=no -fno-stack-check -fuse-linker-plugin -Wl,-O4 -Wl,--as-needed -Wl,-lpthread -Wl,-lgomp -Wl,-z,norelro -Wl,-z,now -Wl,--sort-common -s   -march=znver2 -pipe -g0 -O3 -fgraphite-identity -floop-nest-optimize -fdevirtualize-at-ltrans -fipa-pta -fno-semantic-interposition -fno-plt -fno-signed-zeros -fno-trapping-math -fassociative-math -freciprocal-math -fno-math-errno -ffinite-math-only -fno-rounding-math -fno-signaling-nans -fcx-limited-range -fexcess-precision=fast -falign-functions=32 -fno-stack-protector -fno-stack-clash-protection -fstack-check=no -fno-stack-check -fuse-linker-plugin -Wl,-O4 -Wl,--as-needed -Wl,-lpthread -Wl,-lgomp -Wl,-z,norelro -Wl,-z,now -Wl,--sort-common -s -o memhog memhog.o util.o libnuma.la 
libtool: link: x86_64-pc-linux-gnu-gcc -march=znver2 -pipe -g0 -O3 -fgraphite-identity -floop-nest-optimize -fdevirtualize-at-ltrans -fipa-pta -fno-semantic-interposition -fno-plt -fno-signed-zeros -fno-trapping-math -fassociative-math -freciprocal-math -fno-math-errno -ffinite-math-only -fno-rounding-math -fno-signaling-nans -fcx-limited-range -fexcess-precision=fast -falign-functions=32 -fno-stack-protector -fno-stack-clash-protection -fstack-check=no -fno-stack-check -fuse-linker-plugin -Wl,-O4 -Wl,-lpthread -Wl,-lgomp -Wl,-z -Wl,norelro -Wl,-z -Wl,now -Wl,--sort-common -s -march=znver2 -pipe -g0 -O3 -fgraphite-identity -floop-nest-optimize -fdevirtualize-at-ltrans -fipa-pta -fno-semantic-interposition -fno-plt -fno-signed-zeros -fno-trapping-math -fassociative-math -freciprocal-math -fno-math-errno -ffinite-math-only -fno-rounding-math -fno-signaling-nans -fcx-limited-range -fexcess-precision=fast -falign-functions=32 -fno-stack-protector -fno-stack-clash-protection -fstack-check=no -fno-stack-check -fuse-linker-plugin -Wl,-O4 -Wl,-lpthread -Wl,-lgomp -Wl,-z -Wl,norelro -Wl,-z -Wl,now -Wl,--sort-common -s -o .libs/migratepages migratepages.o util.o  -Wl,--as-needed ./.libs/libnuma.so
libtool: link: x86_64-pc-linux-gnu-gcc -march=znver2 -pipe -g0 -O3 -fgraphite-identity -floop-nest-optimize -fdevirtualize-at-ltrans -fipa-pta -fno-semantic-interposition -fno-plt -fno-signed-zeros -fno-trapping-math -fassociative-math -freciprocal-math -fno-math-errno -ffinite-math-only -fno-rounding-math -fno-signaling-nans -fcx-limited-range -fexcess-precision=fast -falign-functions=32 -fno-stack-protector -fno-stack-clash-protection -fstack-check=no -fno-stack-check -fuse-linker-plugin -Wl,-O4 -Wl,-lpthread -Wl,-lgomp -Wl,-z -Wl,norelro -Wl,-z -Wl,now -Wl,--sort-common -s -march=znver2 -pipe -g0 -O3 -fgraphite-identity -floop-nest-optimize -fdevirtualize-at-ltrans -fipa-pta -fno-semantic-interposition -fno-plt -fno-signed-zeros -fno-trapping-math -fassociative-math -freciprocal-math -fno-math-errno -ffinite-math-only -fno-rounding-math -fno-signaling-nans -fcx-limited-range -fexcess-precision=fast -falign-functions=32 -fno-stack-protector -fno-stack-clash-protection -fstack-check=no -fno-stack-check -fuse-linker-plugin -Wl,-O4 -Wl,-lpthread -Wl,-lgomp -Wl,-z -Wl,norelro -Wl,-z -Wl,now -Wl,--sort-common -s -o .libs/migspeed migspeed.o util.o  -Wl,--as-needed ./.libs/libnuma.so -lrt
libtool: link: x86_64-pc-linux-gnu-gcc -march=znver2 -pipe -g0 -O3 -fgraphite-identity -floop-nest-optimize -fdevirtualize-at-ltrans -fipa-pta -fno-semantic-interposition -fno-plt -fno-signed-zeros -fno-trapping-math -fassociative-math -freciprocal-math -fno-math-errno -ffinite-math-only -fno-rounding-math -fno-signaling-nans -fcx-limited-range -fexcess-precision=fast -falign-functions=32 -fno-stack-protector -fno-stack-clash-protection -fstack-check=no -fno-stack-check -fuse-linker-plugin -Wl,-O4 -Wl,-lpthread -Wl,-lgomp -Wl,-z -Wl,norelro -Wl,-z -Wl,now -Wl,--sort-common -s -ffast-math -funroll-loops -ftree-vectorize -march=znver2 -pipe -g0 -O3 -fgraphite-identity -floop-nest-optimize -fdevirtualize-at-ltrans -fipa-pta -fno-semantic-interposition -fno-plt -fno-signed-zeros -fno-trapping-math -fassociative-math -freciprocal-math -fno-math-errno -ffinite-math-only -fno-rounding-math -fno-signaling-nans -fcx-limited-range -fexcess-precision=fast -falign-functions=32 -fno-stack-protector -fno-stack-clash-protection -fstack-check=no -fno-stack-check -fuse-linker-plugin -Wl,-O4 -Wl,-lpthread -Wl,-lgomp -Wl,-z -Wl,norelro -Wl,-z -Wl,now -Wl,--sort-common -s -o .libs/numademo numademo-numademo.o numademo-stream_lib.o numademo-mt.o numademo-clearcache.o  -Wl,--as-needed ./.libs/libnuma.so -lm
libtool: link: x86_64-pc-linux-gnu-gcc -march=znver2 -pipe -g0 -O3 -fgraphite-identity -floop-nest-optimize -fdevirtualize-at-ltrans -fipa-pta -fno-semantic-interposition -fno-plt -fno-signed-zeros -fno-trapping-math -fassociative-math -freciprocal-math -fno-math-errno -ffinite-math-only -fno-rounding-math -fno-signaling-nans -fcx-limited-range -fexcess-precision=fast -falign-functions=32 -fno-stack-protector -fno-stack-clash-protection -fstack-check=no -fno-stack-check -fuse-linker-plugin -Wl,-O4 -Wl,-lpthread -Wl,-lgomp -Wl,-z -Wl,norelro -Wl,-z -Wl,now -Wl,--sort-common -s -march=znver2 -pipe -g0 -O3 -fgraphite-identity -floop-nest-optimize -fdevirtualize-at-ltrans -fipa-pta -fno-semantic-interposition -fno-plt -fno-signed-zeros -fno-trapping-math -fassociative-math -freciprocal-math -fno-math-errno -ffinite-math-only -fno-rounding-math -fno-signaling-nans -fcx-limited-range -fexcess-precision=fast -falign-functions=32 -fno-stack-protector -fno-stack-clash-protection -fstack-check=no -fno-stack-check -fuse-linker-plugin -Wl,-O4 -Wl,-lpthread -Wl,-lgomp -Wl,-z -Wl,norelro -Wl,-z -Wl,now -Wl,--sort-common -s -o .libs/memhog memhog.o util.o  -Wl,--as-needed ./.libs/libnuma.so
libtool: link: x86_64-pc-linux-gnu-gcc -march=znver2 -pipe -g0 -O3 -fgraphite-identity -floop-nest-optimize -fdevirtualize-at-ltrans -fipa-pta -fno-semantic-interposition -fno-plt -fno-signed-zeros -fno-trapping-math -fassociative-math -freciprocal-math -fno-math-errno -ffinite-math-only -fno-rounding-math -fno-signaling-nans -fcx-limited-range -fexcess-precision=fast -falign-functions=32 -fno-stack-protector -fno-stack-clash-protection -fstack-check=no -fno-stack-check -fuse-linker-plugin -Wl,-O4 -Wl,-lpthread -Wl,-lgomp -Wl,-z -Wl,norelro -Wl,-z -Wl,now -Wl,--sort-common -s -march=znver2 -pipe -g0 -O3 -fgraphite-identity -floop-nest-optimize -fdevirtualize-at-ltrans -fipa-pta -fno-semantic-interposition -fno-plt -fno-signed-zeros -fno-trapping-math -fassociative-math -freciprocal-math -fno-math-errno -ffinite-math-only -fno-rounding-math -fno-signaling-nans -fcx-limited-range -fexcess-precision=fast -falign-functions=32 -fno-stack-protector -fno-stack-clash-protection -fstack-check=no -fno-stack-check -fuse-linker-plugin -Wl,-O4 -Wl,-lpthread -Wl,-lgomp -Wl,-z -Wl,norelro -Wl,-z -Wl,now -Wl,--sort-common -s -o .libs/numactl numactl.o util.o shm.o  -Wl,--as-needed ./.libs/libnuma.so
make[1]: Leaving directory '/tmp/portage/sys-process/numactl-2.0.13/work/numactl-2.0.13-abi_x86_64.amd64'
>>> Source compiled.
>>> Test phase [not enabled]: sys-process/numactl-2.0.13

>>> Install sys-process/numactl-2.0.13 into /tmp/portage/sys-process/numactl-2.0.13/image
 * abi_x86_64.amd64: running multilib-minimal_abi_src_install
make -j12 -l12 DESTDIR=/tmp/portage/sys-process/numactl-2.0.13/image install 
make[1]: Entering directory '/tmp/portage/sys-process/numactl-2.0.13/work/numactl-2.0.13-abi_x86_64.amd64'
 /bin/mkdir -p '/tmp/portage/sys-process/numactl-2.0.13/image/usr/include'
 /bin/mkdir -p '/tmp/portage/sys-process/numactl-2.0.13/image/usr/lib64'
 /bin/mkdir -p '/tmp/portage/sys-process/numactl-2.0.13/image/usr/lib64/pkgconfig'
 /bin/mkdir -p '/tmp/portage/sys-process/numactl-2.0.13/image/usr/share/man/man2'
 /bin/mkdir -p '/tmp/portage/sys-process/numactl-2.0.13/image/usr/share/man/man8'
 /bin/mkdir -p '/tmp/portage/sys-process/numactl-2.0.13/image/usr/share/man/man3'
 /bin/sh ./libtool   --mode=install /tmp/portage/._portage_reinstall_.iin460r7/bin/ebuild-helpers/xattr/install -c   libnuma.la '/tmp/portage/sys-process/numactl-2.0.13/image/usr/lib64'
 /tmp/portage/._portage_reinstall_.iin460r7/bin/ebuild-helpers/xattr/install -c -m 644 numa.h numacompat1.h numaif.h '/tmp/portage/sys-process/numactl-2.0.13/image/usr/include'
 /tmp/portage/._portage_reinstall_.iin460r7/bin/ebuild-helpers/xattr/install -c -m 644 numa.pc '/tmp/portage/sys-process/numactl-2.0.13/image/usr/lib64/pkgconfig'
 /tmp/portage/._portage_reinstall_.iin460r7/bin/ebuild-helpers/xattr/install -c -m 644 move_pages.2 '/tmp/portage/sys-process/numactl-2.0.13/image/usr/share/man/man2'
 /tmp/portage/._portage_reinstall_.iin460r7/bin/ebuild-helpers/xattr/install -c -m 644 numa.3 '/tmp/portage/sys-process/numactl-2.0.13/image/usr/share/man/man3'
 /tmp/portage/._portage_reinstall_.iin460r7/bin/ebuild-helpers/xattr/install -c -m 644 numactl.8 numastat.8 migratepages.8 migspeed.8 memhog.8 '/tmp/portage/sys-process/numactl-2.0.13/image/usr/share/man/man8'
libtool: install: /tmp/portage/._portage_reinstall_.iin460r7/bin/ebuild-helpers/xattr/install -c .libs/libnuma.so.1.0.0 /tmp/portage/sys-process/numactl-2.0.13/image/usr/lib64/libnuma.so.1.0.0
libtool: install: (cd /tmp/portage/sys-process/numactl-2.0.13/image/usr/lib64 && { ln -s -f libnuma.so.1.0.0 libnuma.so.1 || { rm -f libnuma.so.1 && ln -s libnuma.so.1.0.0 libnuma.so.1; }; })
libtool: install: (cd /tmp/portage/sys-process/numactl-2.0.13/image/usr/lib64 && { ln -s -f libnuma.so.1.0.0 libnuma.so || { rm -f libnuma.so && ln -s libnuma.so.1.0.0 libnuma.so; }; })
libtool: install: /tmp/portage/._portage_reinstall_.iin460r7/bin/ebuild-helpers/xattr/install -c .libs/libnuma.lai /tmp/portage/sys-process/numactl-2.0.13/image/usr/lib64/libnuma.la
libtool: warning: remember to run 'libtool --finish /usr/lib64'
 /bin/mkdir -p '/tmp/portage/sys-process/numactl-2.0.13/image/usr/bin'
  /bin/sh ./libtool   --mode=install /tmp/portage/._portage_reinstall_.iin460r7/bin/ebuild-helpers/xattr/install -c numactl numastat numademo migratepages migspeed memhog '/tmp/portage/sys-process/numactl-2.0.13/image/usr/bin'
libtool: warning: 'libnuma.la' has not been installed in '/usr/lib64'
libtool: install: /tmp/portage/._portage_reinstall_.iin460r7/bin/ebuild-helpers/xattr/install -c .libs/numactl /tmp/portage/sys-process/numactl-2.0.13/image/usr/bin/numactl
libtool: install: /tmp/portage/._portage_reinstall_.iin460r7/bin/ebuild-helpers/xattr/install -c numastat /tmp/portage/sys-process/numactl-2.0.13/image/usr/bin/numastat
libtool: warning: 'libnuma.la' has not been installed in '/usr/lib64'
libtool: install: /tmp/portage/._portage_reinstall_.iin460r7/bin/ebuild-helpers/xattr/install -c .libs/numademo /tmp/portage/sys-process/numactl-2.0.13/image/usr/bin/numademo
libtool: warning: 'libnuma.la' has not been installed in '/usr/lib64'
libtool: install: /tmp/portage/._portage_reinstall_.iin460r7/bin/ebuild-helpers/xattr/install -c .libs/migratepages /tmp/portage/sys-process/numactl-2.0.13/image/usr/bin/migratepages
libtool: warning: 'libnuma.la' has not been installed in '/usr/lib64'
libtool: install: /tmp/portage/._portage_reinstall_.iin460r7/bin/ebuild-helpers/xattr/install -c .libs/migspeed /tmp/portage/sys-process/numactl-2.0.13/image/usr/bin/migspeed
libtool: warning: 'libnuma.la' has not been installed in '/usr/lib64'
libtool: install: /tmp/portage/._portage_reinstall_.iin460r7/bin/ebuild-helpers/xattr/install -c .libs/memhog /tmp/portage/sys-process/numactl-2.0.13/image/usr/bin/memhog
make[1]: Leaving directory '/tmp/portage/sys-process/numactl-2.0.13/work/numactl-2.0.13-abi_x86_64.amd64'
>>> Completed installing sys-process/numactl-2.0.13 into /tmp/portage/sys-process/numactl-2.0.13/image

 * Final size of build directory: 7128 KiB (6.9 MiB)
 * Final size of installed tree:   356 KiB



 * QA Notice: Pre-stripped files found:
 * /usr/bin/migspeed
 * /usr/bin/numastat
 * /usr/bin/numactl
 * /usr/bin/migratepages
 * /usr/bin/numademo
 * /usr/bin/memhog
strip: x86_64-pc-linux-gnu-strip --strip-unneeded -N __gentoo_check_ldflags__ -R .comment -R .GCC.command.line -R .note.gnu.gold-version
   /usr/lib64/libnuma.so.1.0.0
./
./usr/
./usr/bin/
./usr/bin/migspeed
./usr/bin/numastat
./usr/bin/numactl
./usr/bin/migratepages
./usr/bin/numademo
./usr/bin/memhog
./usr/include/
./usr/include/numacompat1.h
./usr/include/numaif.h
./usr/include/numa.h
./usr/share/
./usr/share/man/
./usr/share/man/man8/
./usr/share/man/man8/migspeed.8.bz2
./usr/share/man/man8/numastat.8.bz2
./usr/share/man/man8/memhog.8.bz2
./usr/share/man/man8/migratepages.8.bz2
./usr/share/man/man8/numactl.8.bz2
./usr/share/man/man3/
./usr/share/man/man3/numa.3.bz2
./usr/share/doc/
./usr/share/doc/numactl-2.0.13/
./usr/share/doc/numactl-2.0.13/README.md.bz2
./usr/lib64/
./usr/lib64/libnuma.so
./usr/lib64/libnuma.so.1.0.0
./usr/lib64/libnuma.so.1
./usr/lib64/pkgconfig/
./usr/lib64/pkgconfig/numa.pc
>>> Done.
 * checking 19 files for package collisions
>>> Merging sys-process/numactl-2.0.13 to /
 * removing unneeded *.la files
--- /usr/
--- /usr/lib64/
--- /usr/lib64/pkgconfig/
>>> /usr/lib64/pkgconfig/numa.pc
>>> /usr/lib64/libnuma.so.1.0.0
>>> /usr/lib64/libnuma.so -> libnuma.so.1.0.0
--- /usr/share/
--- /usr/share/man/
--- /usr/share/man/man3/
>>> /usr/share/man/man3/numa.3.bz2
--- /usr/share/man/man8/
>>> /usr/share/man/man8/numactl.8.bz2
>>> /usr/share/man/man8/migratepages.8.bz2
>>> /usr/share/man/man8/memhog.8.bz2
>>> /usr/share/man/man8/numastat.8.bz2
>>> /usr/share/man/man8/migspeed.8.bz2
--- /usr/include/
>>> /usr/include/numa.h
>>> /usr/include/numaif.h
>>> /usr/include/numacompat1.h
--- /usr/bin/
>>> /usr/bin/memhog
>>> /usr/bin/numademo
>>> /usr/bin/migratepages
>>> /usr/bin/numactl
>>> /usr/bin/numastat
>>> /usr/bin/migspeed
>>> /usr/lib64/libnuma.so.1 -> libnuma.so.1.0.0
>>> sys-process/numactl-2.0.13 merged.
>>> Regenerating /etc/ld.so.cache...
