 * Package:    virtual/perl-Time-Local-1.280.0
 * Repository: gentoo
 * Maintainer: perl@gentoo.org
 * USE:        abi_x86_64 amd64 elibc_glibc kernel_linux userland_GNU
 * FEATURES:   network-sandbox preserve-libs sandbox userpriv usersandbox
 * FEATURES='assume-digests binpkg-docompress binpkg-dostrip binpkg-logs buildpkg cgroup compress-index config-protect-if-modified distlocks ebuild-locks fixlafiles ipc-sandbox merge-sync multilib-strict network-sandbox news nodoc parallel-fetch pid-sandbox preserve-libs qa-unresolved-soname-deps sandbox sfperms strict strict-keepdir unknown-features-warn unmerge-logs unmerge-orphans userfetch userpriv usersandbox usersync xattr'
 * CFLAGS='-march=znver2 -Ofast -pipe -g0 -fno-common -fgraphite-identity -floop-interchange -floop-nest-optimize -floop-parallelize-all -ftree-parallelize-loops=12 -ftree-vectorize -fdevirtualize-at-ltrans -fipa-pta -fno-semantic-interposition -flto=12 -fno-plt -falign-functions=32 -fno-stack-protector -fno-stack-clash-protection -fstack-check=no -fno-stack-check -fuse-linker-plugin -Wl,-O1,--sort-common,--as-needed,-z,norelro,-z,now,-lgomp,-lpthread'
 * CXXFLAGS='-march=znver2 -Ofast -pipe -g0 -fno-common -fgraphite-identity -floop-interchange -floop-nest-optimize -floop-parallelize-all -ftree-parallelize-loops=12 -ftree-vectorize -fdevirtualize-at-ltrans -fipa-pta -fno-semantic-interposition -flto=12 -fno-plt -falign-functions=32 -fno-stack-protector -fno-stack-clash-protection -fstack-check=no -fno-stack-check -fuse-linker-plugin -Wl,-O1,--sort-common,--as-needed,-z,norelro,-z,now,-lgomp,-lpthread'
 * FFLAGS='-march=znver2 -Ofast -pipe -g0 -fno-common -fgraphite-identity -floop-interchange -floop-nest-optimize -floop-parallelize-all -ftree-parallelize-loops=12 -ftree-vectorize -fdevirtualize-at-ltrans -fipa-pta -fno-semantic-interposition -flto=12 -fno-plt -falign-functions=32 -fno-stack-protector -fno-stack-clash-protection -fstack-check=no -fno-stack-check -fuse-linker-plugin -Wl,-O1,--sort-common,--as-needed,-z,norelro,-z,now,-lgomp,-lpthread'
 * FCFLAGS='-march=znver2 -Ofast -pipe -g0 -fno-common -fgraphite-identity -floop-interchange -floop-nest-optimize -floop-parallelize-all -ftree-parallelize-loops=12 -ftree-vectorize -fdevirtualize-at-ltrans -fipa-pta -fno-semantic-interposition -flto=12 -fno-plt -falign-functions=32 -fno-stack-protector -fno-stack-clash-protection -fstack-check=no -fno-stack-check -fuse-linker-plugin -Wl,-O1,--sort-common,--as-needed,-z,norelro,-z,now,-lgomp,-lpthread'
 * F77FLAGS='-march=znver2 -Ofast -pipe -g0 -fno-common -fgraphite-identity -floop-interchange -floop-nest-optimize -floop-parallelize-all -ftree-parallelize-loops=12 -ftree-vectorize -fdevirtualize-at-ltrans -fipa-pta -fno-semantic-interposition -flto=12 -fno-plt -falign-functions=32 -fno-stack-protector -fno-stack-clash-protection -fstack-check=no -fno-stack-check -fuse-linker-plugin -Wl,-O1,--sort-common,--as-needed,-z,norelro,-z,now,-lgomp,-lpthread'
 * LDFLAGS='-Wl,-O1,--sort-common,--as-needed,-z,norelro,-z,now,-lgomp,-lpthread -march=znver2 -Ofast -pipe -g0 -fno-common -fgraphite-identity -floop-interchange -floop-nest-optimize -floop-parallelize-all -ftree-parallelize-loops=12 -ftree-vectorize -fdevirtualize-at-ltrans -fipa-pta -fno-semantic-interposition -flto=12 -fno-plt -falign-functions=32 -fno-stack-protector -fno-stack-clash-protection -fstack-check=no -fno-stack-check -fuse-linker-plugin'
 * MAKEOPTS='-j12 -l12'
 * gcc () 11.0.0 20200616 (experimental)
 * g++ () 11.0.0 20200616 (experimental)
 * GNU ld (Gentoo 2.34 p4) 2.34.0
 * Linux rescue 5.4.36 #1 SMP Thu Apr 30 04:38:28 UTC 2020 x86_64 AMD Ryzen 5 3600 6-Core Processor AuthenticAMD GNU/Linux
virtual/perl-Time-Local: 8 seconds average for 20 merges
2020-05-15T03:37:59 >>> virtual/perl-Time-Local: 5 seconds
2020-05-16T20:52:44 >>> virtual/perl-Time-Local: 7 seconds
2020-05-20T01:17:23 >>> virtual/perl-Time-Local: 6 seconds
2020-05-21T06:34:22 >>> virtual/perl-Time-Local: 5 seconds
2020-05-23T11:32:25 >>> virtual/perl-Time-Local: 9 seconds
2020-05-24T23:52:13 >>> virtual/perl-Time-Local: 9 seconds
2020-05-25T18:32:57 >>> virtual/perl-Time-Local: 13 seconds
2020-05-25T20:13:40 >>> virtual/perl-Time-Local: 10 seconds
2020-05-26T14:13:14 >>> virtual/perl-Time-Local: 6 seconds
2020-05-27T01:51:15 >>> virtual/perl-Time-Local: 6 seconds
2020-05-27T03:21:39 >>> virtual/perl-Time-Local: 9 seconds
2020-05-30T13:05:34 >>> virtual/perl-Time-Local: 12 seconds
2020-06-01T02:18:49 >>> virtual/perl-Time-Local: 11 seconds
2020-06-12T01:45:50 >>> virtual/perl-Time-Local: 4 seconds
2020-06-13T03:46:24 >>> virtual/perl-Time-Local: 6 seconds
2020-06-13T20:23:58 >>> virtual/perl-Time-Local: 5 seconds
2020-06-14T04:53:07 >>> virtual/perl-Time-Local: 11 seconds
2020-06-15T14:02:35 >>> virtual/perl-Time-Local: 5 seconds
2020-06-16T13:49:23 >>> virtual/perl-Time-Local: 7 seconds
2020-06-17T13:57:07 >>> virtual/perl-Time-Local: 19 seconds
]0;emerge 00:39:07 20|415 perl-Time-Local 00:10 (root@rescue)>>> Unpacking source...
>>> Source unpacked in /tmp/portage/virtual/perl-Time-Local-1.280.0/work
>>> Preparing source in /tmp/portage/virtual/perl-Time-Local-1.280.0/work ...
>>> Source prepared.
>>> Configuring source in /tmp/portage/virtual/perl-Time-Local-1.280.0/work ...
>>> Source configured.
>>> Compiling source in /tmp/portage/virtual/perl-Time-Local-1.280.0/work ...
>>> Source compiled.
>>> Test phase [not enabled]: virtual/perl-Time-Local-1.280.0

>>> Install virtual/perl-Time-Local-1.280.0 into /tmp/portage/virtual/perl-Time-Local-1.280.0/image/
>>> Completed installing virtual/perl-Time-Local-1.280.0 into /tmp/portage/virtual/perl-Time-Local-1.280.0/image/

 * Final size of build directory: 4 KiB
 * Final size of installed tree:  4 KiB

Parallel BZIP2 v1.1.13 [Dec 18, 2015]
By: Jeff Gilchrist [http://compression.ca]
Major contributions: Yavor Nikolov [http://javornikolov.wordpress.com]
Uses libbzip2 by Julian Seward

         # CPUs: 11
   Load Average: 1.42
 BWT Block Size: 200 KB
File Block Size: 900 KB
 Maximum Memory: 1024 MB
-------------------------------------------
         File #: 1 of 1
     Input Name: compressme
    Output Name: compressme.bz2

     Input Size: 3895 bytes
Compressing data (no threads)...
Completed: 100%                 Output Size: 918 bytes
-------------------------------------------

     Wall Clock: 0.001107 seconds
 * checking 0 files for package collisions
>>> Merging virtual/perl-Time-Local-1.280.0 to /
 * removing unneeded *.la files
>>> Safely unmerging already-installed instance...
>>> Original instance of package unmerged safely.
>>> virtual/perl-Time-Local-1.280.0 merged.
