>>> Extracting info
 * Package:    virtual/perl-Perl-OSType-1.10.0-r3
 * Repository: gentoo
 * USE:        elibc_glibc amd64 userland_GNU kernel_linux abi_x86_64
 * FEATURES:   preserve-libs
 * /etc/portage/package.cflags/ltoworkarounds.conf -> */*: *FLAGS+=-Wl,-O4 *FLAGS-=-Wl,-O1
 * FEATURES='assume-digests binpkg-dostrip binpkg-logs buildpkg config-protect-if-modified distlocks ebuild-locks fixlafiles merge-sync multilib-strict news nodoc parallel-fetch preserve-libs qa-unresolved-soname-deps sfperms strict strict-keepdir unknown-features-warn unmerge-logs unmerge-orphans xattr'
 * CFLAGS='-march=znver2 -O2 -pipe -g0 -fno-semantic-interposition -fno-plt -falign-functions=32 -fno-stack-protector -fno-stack-clash-protection -fstack-check=no -fno-stack-check -Wl,-O4 -Wl,-O4,--sort-common,--as-needed,-z,norelro,-z,now,-lgomp,-lpthread'
 * CXXFLAGS='-march=znver2 -O2 -pipe -g0 -fno-semantic-interposition -fno-plt -falign-functions=32 -fno-stack-protector -fno-stack-clash-protection -fstack-check=no -fno-stack-check -Wl,-O4 -Wl,-O4,--sort-common,--as-needed,-z,norelro,-z,now,-lgomp,-lpthread'
 * FFLAGS='-march=znver2 -O2 -pipe -g0 -fno-semantic-interposition -fno-plt -falign-functions=32 -fno-stack-protector -fno-stack-clash-protection -fstack-check=no -fno-stack-check -Wl,-O4 -Wl,-O4,--sort-common,--as-needed,-z,norelro,-z,now,-lgomp,-lpthread'
 * FCFLAGS='-march=znver2 -O2 -pipe -g0 -fno-semantic-interposition -fno-plt -falign-functions=32 -fno-stack-protector -fno-stack-clash-protection -fstack-check=no -fno-stack-check -Wl,-O4 -Wl,-O4,--sort-common,--as-needed,-z,norelro,-z,now,-lgomp,-lpthread'
 * F77FLAGS='-march=znver2 -O2 -pipe -g0 -fno-semantic-interposition -fno-plt -falign-functions=32 -fno-stack-protector -fno-stack-clash-protection -fstack-check=no -fno-stack-check -Wl,-O4 -Wl,-O4,--sort-common,--as-needed,-z,norelro,-z,now,-lgomp,-lpthread'
 * LDFLAGS='-march=znver2 -O2 -pipe -g0 -fno-semantic-interposition -fno-plt -falign-functions=32 -fno-stack-protector -fno-stack-clash-protection -fstack-check=no -fno-stack-check -Wl,-O4,--sort-common,--as-needed,-z,norelro,-z,now,-lgomp,-lpthread'
 * MAKEOPTS='-j12 -l12'
 * gcc (Gentoo 11.0.0_pre9999 p1, commit 184c21bf1cd04a108ed9bd04635e7d57ac39f616) 11.0.0 20200611 (experimental)
 * g++ (Gentoo 11.0.0_pre9999 p1, commit 184c21bf1cd04a108ed9bd04635e7d57ac39f616) 11.0.0 20200611 (experimental)
 * GNU ld (Gentoo 2.34 p4) 2.34.0
 * Linux rescue 5.4.36 #1 SMP Thu Apr 30 04:38:28 UTC 2020 x86_64 AMD Ryzen 5 3600 6-Core Processor AuthenticAMD GNU/Linux
virtual/perl-Perl-OSType: 7 seconds average for 14 merges
2020-05-15T03:38:55 >>> virtual/perl-Perl-OSType: 5 seconds
2020-05-16T21:10:20 >>> virtual/perl-Perl-OSType: 7 seconds
2020-05-20T01:20:07 >>> virtual/perl-Perl-OSType: 6 seconds
2020-05-21T06:42:05 >>> virtual/perl-Perl-OSType: 5 seconds
2020-05-23T03:47:14 >>> virtual/perl-Perl-OSType: 9 seconds
2020-05-24T23:49:25 >>> virtual/perl-Perl-OSType: 9 seconds
2020-05-25T18:34:14 >>> virtual/perl-Perl-OSType: 10 seconds
2020-05-25T20:08:44 >>> virtual/perl-Perl-OSType: 9 seconds
2020-05-26T14:16:58 >>> virtual/perl-Perl-OSType: 6 seconds
2020-05-27T01:55:06 >>> virtual/perl-Perl-OSType: 5 seconds
2020-05-27T03:25:04 >>> virtual/perl-Perl-OSType: 9 seconds
2020-05-29T02:19:48 >>> virtual/perl-Perl-OSType: 8 seconds
2020-05-30T12:54:35 >>> virtual/perl-Perl-OSType: 10 seconds
2020-06-01T02:04:06 >>> virtual/perl-Perl-OSType: 10 seconds
]0;emerge 01:48:13 262|626 perl-Perl-OSType 00:09 (root@rescue)>>> Extracting virtual/perl-Perl-OSType-1.10.0-r3
 * checking 0 files for package collisions
>>> Merging virtual/perl-Perl-OSType-1.10.0-r3 to /
 * removing unneeded *.la files
>>> Safely unmerging already-installed instance...
>>> Original instance of package unmerged safely.
>>> virtual/perl-Perl-OSType-1.10.0-r3 merged.
