 * Package:    virtual/jpeg-compat-62
 * Repository: gentoo
 * USE:        abi_x86_64 amd64 elibc_glibc kernel_linux userland_GNU
 * FEATURES:   ccache network-sandbox preserve-libs sandbox userpriv usersandbox
 * FEATURES='assume-digests binpkg-docompress binpkg-dostrip binpkg-logs buildpkg ccache cgroup compress-index config-protect-if-modified distlocks ebuild-locks fixlafiles ipc-sandbox merge-sync multilib-strict network-sandbox news nodoc parallel-fetch pid-sandbox preserve-libs qa-unresolved-soname-deps sandbox sfperms strict strict-keepdir unknown-features-warn unmerge-logs unmerge-orphans userfetch userpriv usersandbox usersync xattr'
 * CFLAGS='-march=znver2 -O2 -pipe -g0 -falign-functions=32 -fno-stack-protector -fno-stack-clash-protection -fstack-check=no -fno-stack-check -Wl,-O1,--sort-common,--as-needed,-z,norelro,-z,now'
 * CXXFLAGS='-march=znver2 -O2 -pipe -g0 -falign-functions=32 -fno-stack-protector -fno-stack-clash-protection -fstack-check=no -fno-stack-check -Wl,-O1,--sort-common,--as-needed,-z,norelro,-z,now'
 * FFLAGS='-march=znver2 -O2 -pipe -g0 -falign-functions=32 -fno-stack-protector -fno-stack-clash-protection -fstack-check=no -fno-stack-check -Wl,-O1,--sort-common,--as-needed,-z,norelro,-z,now'
 * FCFLAGS='-march=znver2 -O2 -pipe -g0 -falign-functions=32 -fno-stack-protector -fno-stack-clash-protection -fstack-check=no -fno-stack-check -Wl,-O1,--sort-common,--as-needed,-z,norelro,-z,now'
 * F77FLAGS='-march=znver2 -O2 -pipe -g0 -falign-functions=32 -fno-stack-protector -fno-stack-clash-protection -fstack-check=no -fno-stack-check -Wl,-O1,--sort-common,--as-needed,-z,norelro,-z,now'
 * LDFLAGS='-Wl,-O1,--sort-common,--as-needed,-z,norelro,-z,now'
 * MAKEOPTS='-j12 -l12'
 * gcc (Gentoo 11.0.0_pre9999 p1, commit 184c21bf1cd04a108ed9bd04635e7d57ac39f616) 11.0.0 20200611 (experimental)
 * g++ (Gentoo 11.0.0_pre9999 p1, commit 184c21bf1cd04a108ed9bd04635e7d57ac39f616) 11.0.0 20200611 (experimental)
 * GNU ld (Gentoo 2.34 p4) 2.34.0
 * Linux rescue 5.4.36 #1 SMP Thu Apr 30 04:38:28 UTC 2020 x86_64 AMD Ryzen 5 3600 6-Core Processor AuthenticAMD GNU/Linux
virtual/jpeg-compat: 8 seconds average for 14 merges
2020-05-16T15:29:54 >>> virtual/jpeg-compat: 6 seconds
2020-05-16T20:54:56 >>> virtual/jpeg-compat: 8 seconds
2020-05-20T07:34:09 >>> virtual/jpeg-compat: 3 seconds
2020-05-23T11:34:47 >>> virtual/jpeg-compat: 9 seconds
2020-05-25T03:24:09 >>> virtual/jpeg-compat: 10 seconds
2020-05-25T14:45:27 >>> virtual/jpeg-compat: 6 seconds
2020-05-25T18:47:14 >>> virtual/jpeg-compat: 11 seconds
2020-05-26T14:05:12 >>> virtual/jpeg-compat: 6 seconds
2020-05-27T03:31:18 >>> virtual/jpeg-compat: 10 seconds
2020-05-28T14:29:35 >>> virtual/jpeg-compat: 6 seconds
2020-05-30T13:03:59 >>> virtual/jpeg-compat: 21 seconds
2020-06-01T02:00:25 >>> virtual/jpeg-compat: 12 seconds
2020-06-13T03:40:07 >>> virtual/jpeg-compat: 7 seconds
2020-06-13T20:13:50 >>> virtual/jpeg-compat: 6 seconds
]0;emerge 05:04:15 268|887 jpeg-compat 00:08 (root@rescue)>>> Unpacking source...
>>> Source unpacked in /tmp/portage/virtual/jpeg-compat-62/work
>>> Preparing source in /tmp/portage/virtual/jpeg-compat-62/work ...
>>> Source prepared.
>>> Configuring source in /tmp/portage/virtual/jpeg-compat-62/work ...
>>> Source configured.
>>> Compiling source in /tmp/portage/virtual/jpeg-compat-62/work ...
>>> Source compiled.
>>> Test phase [not enabled]: virtual/jpeg-compat-62

>>> Install virtual/jpeg-compat-62 into /tmp/portage/virtual/jpeg-compat-62/image
>>> Completed installing virtual/jpeg-compat-62 into /tmp/portage/virtual/jpeg-compat-62/image

 * Final size of build directory: 4 KiB
 * Final size of installed tree:  4 KiB

Parallel BZIP2 v1.1.13 [Dec 18, 2015]
By: Jeff Gilchrist [http://compression.ca]
Major contributions: Yavor Nikolov [http://javornikolov.wordpress.com]
Uses libbzip2 by Julian Seward

         # CPUs: 10
   Load Average: 1.69
 BWT Block Size: 200 KB
File Block Size: 900 KB
 Maximum Memory: 1024 MB
-------------------------------------------
         File #: 1 of 1
     Input Name: compressme
    Output Name: compressme.bz2

     Input Size: 3895 bytes
Compressing data (no threads)...
Completed: 100%                 Output Size: 918 bytes
-------------------------------------------

     Wall Clock: 0.000758 seconds
 * checking 0 files for package collisions
>>> Merging virtual/jpeg-compat-62 to /
 * removing unneeded *.la files
>>> Safely unmerging already-installed instance...
!!! File Not Found: '/etc/env.d/99lcdfilter'
>>> Original instance of package unmerged safely.
>>> virtual/jpeg-compat-62 merged.
!!! File Not Found: '/etc/env.d/99lcdfilter'
