>>> Extracting info
 * Package:    virtual/perl-Sys-Syslog-0.350.0-r3
 * Repository: gentoo
 * USE:        abi_x86_64 elibc_glibc kernel_linux userland_GNU amd64
 * FEATURES:   network-sandbox preserve-libs sandbox userpriv usersandbox
 * FEATURES='assume-digests binpkg-docompress binpkg-dostrip binpkg-logs binpkg-multi-instance buildpkg compress-index config-protect-if-modified distlocks downgrade-backup fixlafiles ipc-sandbox merge-sync multilib-strict network-sandbox news nodoc parallel-fetch parallel-install pid-sandbox preserve-libs qa-unresolved-soname-deps sandbox sfperms strict unknown-features-warn unmerge-backup unmerge-logs unmerge-orphans userfetch userpriv usersandbox usersync xattr'
 * CFLAGS='-march=native -O3 -fgraphite-identity -floop-nest-optimize -fdevirtualize-at-ltrans -fipa-pta -fno-semantic-interposition -flto=12 -fno-plt -fno-math-errno -fno-trapping-math -fuse-linker-plugin -pipe -g0 -falign-functions=32 -Wl,-O1 -Wl,--as-needed -Wl,--hash-style=gnu,-z,norelro,--as-needed'
 * CXXFLAGS='-march=native -O3 -fgraphite-identity -floop-nest-optimize -fdevirtualize-at-ltrans -fipa-pta -fno-semantic-interposition -flto=12 -fno-plt -fno-math-errno -fno-trapping-math -fuse-linker-plugin -pipe -g0 -falign-functions=32 -Wl,-O1 -Wl,--as-needed -Wl,--hash-style=gnu,-z,norelro,--as-needed'
 * FFLAGS='-march=native -O3 -fgraphite-identity -floop-nest-optimize -fdevirtualize-at-ltrans -fipa-pta -fno-semantic-interposition -flto=12 -fno-plt -fno-math-errno -fno-trapping-math -fuse-linker-plugin -pipe -g0 -falign-functions=32 -Wl,-O1 -Wl,--as-needed -Wl,--hash-style=gnu,-z,norelro,--as-needed'
 * FCFLAGS='-march=native -O3 -fgraphite-identity -floop-nest-optimize -fdevirtualize-at-ltrans -fipa-pta -fno-semantic-interposition -flto=12 -fno-plt -fno-math-errno -fno-trapping-math -fuse-linker-plugin -pipe -g0 -falign-functions=32 -Wl,-O1 -Wl,--as-needed -Wl,--hash-style=gnu,-z,norelro,--as-needed'
 * F77FLAGS='-march=native -O3 -fgraphite-identity -floop-nest-optimize -fdevirtualize-at-ltrans -fipa-pta -fno-semantic-interposition -flto=12 -fno-plt -fno-math-errno -fno-trapping-math -fuse-linker-plugin -pipe -g0 -falign-functions=32 -Wl,-O1 -Wl,--as-needed -Wl,--hash-style=gnu,-z,norelro,--as-needed'
 * LDFLAGS='-Wl,-O1 -Wl,--as-needed -Wl,--hash-style=gnu,-z,norelro,--as-needed -march=native -O3 -fgraphite-identity -floop-nest-optimize -fdevirtualize-at-ltrans -fipa-pta -fno-semantic-interposition -flto=12 -fno-plt -fno-math-errno -fno-trapping-math -fuse-linker-plugin -pipe -g0 -falign-functions=32'
 * MAKEOPTS='-j12 -l12'
 * gcc () 11.0.0 20200526 (experimental)
 * g++ () 11.0.0 20200526 (experimental)
 * GNU ld (Gentoo 2.34 p4) 2.34.0
 * Linux ryzen.gnum.org 5.4.36 #1 SMP Thu Apr 30 04:38:28 UTC 2020 x86_64 AMD Ryzen 5 3600 6-Core Processor AuthenticAMD GNU/Linux
virtual/perl-Sys-Syslog: 6 seconds average for 11 merges
2020-05-20T07:35:29 >>> virtual/perl-Sys-Syslog: 4 seconds
2020-05-21T06:42:14 >>> virtual/perl-Sys-Syslog: 5 seconds
2020-05-23T11:37:58 >>> virtual/perl-Sys-Syslog: 8 seconds
2020-05-24T05:16:07 >>> virtual/perl-Sys-Syslog: 5 seconds
2020-05-24T16:41:16 >>> virtual/perl-Sys-Syslog: 5 seconds
2020-05-24T23:59:56 >>> virtual/perl-Sys-Syslog: 9 seconds
2020-05-25T18:40:24 >>> virtual/perl-Sys-Syslog: 9 seconds
2020-05-25T20:13:22 >>> virtual/perl-Sys-Syslog: 9 seconds
2020-05-26T14:17:11 >>> virtual/perl-Sys-Syslog: 6 seconds
2020-05-27T01:54:48 >>> virtual/perl-Sys-Syslog: 5 seconds
2020-05-27T03:18:42 >>> virtual/perl-Sys-Syslog: 9 seconds
]0;emerge 01:58:34 235|557 perl-Sys-Syslog 00:07 (root@ryzen.gnum.org)>>> Extracting virtual/perl-Sys-Syslog-0.350.0-r3
 * checking 0 files for package collisions
[32;01m * [39;49;00mBuilding package for virtual/perl-Sys-Syslog-0.350.0-r3 ...           [34;01m[ [39;49;00m[32;01mok[39;49;00m[34;01m ][39;49;00m
[32;01m * [39;49;00mPackages now in '/usr/portage/packages':
[32;01m * [39;49;00mvirtual/perl-Sys-Syslog-0.350.0-r3: 17.7K

>>> Merging virtual/perl-Sys-Syslog-0.350.0-r3 to /
 * removing unneeded *.la files
>>> Safely unmerging already-installed instance...
>>> Original instance of package unmerged safely.
>>> virtual/perl-Sys-Syslog-0.350.0-r3 merged.
