>>> Extracting info
 * Package:    virtual/jpeg-100
 * Repository: gentoo
 * USE:        amd64 userland_GNU abi_x86_64 elibc_glibc kernel_linux
 * FEATURES:   ccache preserve-libs userpriv
 * FEATURES='assume-digests binpkg-docompress binpkg-dostrip binpkg-logs buildpkg ccache cgroup compress-index config-protect-if-modified distlocks ebuild-locks fixlafiles merge-sync multilib-strict news nodoc parallel-fetch preserve-libs qa-unresolved-soname-deps sfperms strict strict-keepdir unknown-features-warn unmerge-logs unmerge-orphans userfetch userpriv usersync xattr'
 * CFLAGS='-O2 -pipe -Wl,-O1,--sort-common,--as-needed,-z,norelro,-z,now'
 * CXXFLAGS='-O2 -pipe -Wl,-O1,--sort-common,--as-needed,-z,norelro,-z,now'
 * FFLAGS='-O2 -pipe -Wl,-O1,--sort-common,--as-needed,-z,norelro,-z,now'
 * FCFLAGS='-O2 -pipe -Wl,-O1,--sort-common,--as-needed,-z,norelro,-z,now'
 * F77FLAGS='-O2 -pipe -Wl,-O1,--sort-common,--as-needed,-z,norelro,-z,now'
 * LDFLAGS='-Wl,-O1,--sort-common,--as-needed,-z,norelro,-z,now'
 * MAKEOPTS='-j12 -l12'
 * gcc (Gentoo 11.0.0_pre9999 p1, commit 184c21bf1cd04a108ed9bd04635e7d57ac39f616) 11.0.0 20200611 (experimental)
 * g++ (Gentoo 11.0.0_pre9999 p1, commit 184c21bf1cd04a108ed9bd04635e7d57ac39f616) 11.0.0 20200611 (experimental)
 * GNU ld (Gentoo 2.34 p4) 2.34.0
 * Linux rescue 5.4.36 #1 SMP Thu Apr 30 04:38:28 UTC 2020 x86_64 AMD Ryzen 5 3600 6-Core Processor AuthenticAMD GNU/Linux
virtual/jpeg: 10 seconds average for 18 merges
2020-05-15T13:11:45 >>> virtual/jpeg: 6 seconds
2020-05-16T20:51:41 >>> virtual/jpeg: 8 seconds
2020-05-20T01:11:06 >>> virtual/jpeg: 4 seconds
2020-05-23T11:45:04 >>> virtual/jpeg: 12 seconds
2020-05-25T01:18:11 >>> virtual/jpeg: 10 seconds
2020-05-25T03:13:43 >>> virtual/jpeg: 6 seconds
2020-05-25T14:45:21 >>> virtual/jpeg: 6 seconds
2020-05-25T18:38:34 >>> virtual/jpeg: 9 seconds
2020-05-25T20:16:54 >>> virtual/jpeg: 9 seconds
2020-05-26T14:05:06 >>> virtual/jpeg: 6 seconds
2020-05-27T01:44:05 >>> virtual/jpeg: 5 seconds
2020-05-27T03:20:03 >>> virtual/jpeg: 10 seconds
2020-05-28T14:29:28 >>> virtual/jpeg: 7 seconds
2020-05-29T01:50:37 >>> virtual/jpeg: 8 seconds
2020-05-30T12:54:45 >>> virtual/jpeg: 10 seconds
2020-06-01T01:58:42 >>> virtual/jpeg: 1 minute, 2 seconds
2020-06-12T01:35:19 >>> virtual/jpeg: 5 seconds
2020-06-13T03:43:14 >>> virtual/jpeg: 10 seconds
]0;emerge 20:13:46 248|882 jpeg 00:26 (root@rescue)>>> Extracting virtual/jpeg-100
 * checking 0 files for package collisions
>>> Merging virtual/jpeg-100 to /
 * removing unneeded *.la files
>>> Safely unmerging already-installed instance...
>>> Original instance of package unmerged safely.
>>> virtual/jpeg-100 merged.
