>>> Extracting info
 * Package:    virtual/ttf-fonts-1-r1
 * Repository: gentoo
 * USE:        elibc_glibc amd64 userland_GNU kernel_linux abi_x86_64
 * FEATURES:   preserve-libs
 * /etc/portage/package.cflags/ltoworkarounds.conf -> */*: *FLAGS+=-Wl,-O4 *FLAGS-=-Wl,-O1
 * FEATURES='assume-digests binpkg-dostrip binpkg-logs buildpkg config-protect-if-modified distlocks ebuild-locks fixlafiles merge-sync multilib-strict news nodoc parallel-fetch preserve-libs qa-unresolved-soname-deps sfperms strict strict-keepdir unknown-features-warn unmerge-logs unmerge-orphans xattr'
 * CFLAGS='-march=znver2 -O2 -pipe -g0 -fno-semantic-interposition -fno-plt -falign-functions=32 -fno-stack-protector -fno-stack-clash-protection -fstack-check=no -fno-stack-check -Wl,-O4 -Wl,-O4,--sort-common,--as-needed,-z,norelro,-z,now'
 * CXXFLAGS='-march=znver2 -O2 -pipe -g0 -fno-semantic-interposition -fno-plt -falign-functions=32 -fno-stack-protector -fno-stack-clash-protection -fstack-check=no -fno-stack-check -Wl,-O4 -Wl,-O4,--sort-common,--as-needed,-z,norelro,-z,now'
 * FFLAGS='-march=znver2 -O2 -pipe -g0 -fno-semantic-interposition -fno-plt -falign-functions=32 -fno-stack-protector -fno-stack-clash-protection -fstack-check=no -fno-stack-check -Wl,-O4 -Wl,-O4,--sort-common,--as-needed,-z,norelro,-z,now'
 * FCFLAGS='-march=znver2 -O2 -pipe -g0 -fno-semantic-interposition -fno-plt -falign-functions=32 -fno-stack-protector -fno-stack-clash-protection -fstack-check=no -fno-stack-check -Wl,-O4 -Wl,-O4,--sort-common,--as-needed,-z,norelro,-z,now'
 * F77FLAGS='-march=znver2 -O2 -pipe -g0 -fno-semantic-interposition -fno-plt -falign-functions=32 -fno-stack-protector -fno-stack-clash-protection -fstack-check=no -fno-stack-check -Wl,-O4 -Wl,-O4,--sort-common,--as-needed,-z,norelro,-z,now'
 * LDFLAGS='-Wl,-O4,--sort-common,--as-needed,-z,norelro,-z,now'
 * MAKEOPTS='-j12 -l12'
 * gcc (Gentoo 11.0.0_pre9999 p1, commit 184c21bf1cd04a108ed9bd04635e7d57ac39f616) 11.0.0 20200611 (experimental)
 * g++ (Gentoo 11.0.0_pre9999 p1, commit 184c21bf1cd04a108ed9bd04635e7d57ac39f616) 11.0.0 20200611 (experimental)
 * GNU ld (Gentoo 2.34 p4) 2.34.0
 * Linux rescue 5.4.36 #1 SMP Thu Apr 30 04:38:28 UTC 2020 x86_64 AMD Ryzen 5 3600 6-Core Processor AuthenticAMD GNU/Linux
virtual/ttf-fonts: 8 seconds average for 16 merges
2020-05-15T07:44:57 >>> virtual/ttf-fonts: 5 seconds
2020-05-16T20:54:41 >>> virtual/ttf-fonts: 8 seconds
2020-05-20T01:09:09 >>> virtual/ttf-fonts: 4 seconds
2020-05-21T06:09:51 >>> virtual/ttf-fonts: 5 seconds
2020-05-23T03:46:35 >>> virtual/ttf-fonts: 12 seconds
2020-05-24T23:57:32 >>> virtual/ttf-fonts: 9 seconds
2020-05-25T03:15:33 >>> virtual/ttf-fonts: 7 seconds
2020-05-25T18:47:50 >>> virtual/ttf-fonts: 12 seconds
2020-05-25T20:11:31 >>> virtual/ttf-fonts: 9 seconds
2020-05-26T14:05:39 >>> virtual/ttf-fonts: 6 seconds
2020-05-27T01:47:59 >>> virtual/ttf-fonts: 5 seconds
2020-05-27T03:37:27 >>> virtual/ttf-fonts: 16 seconds
2020-05-28T14:29:57 >>> virtual/ttf-fonts: 6 seconds
2020-05-29T01:53:19 >>> virtual/ttf-fonts: 8 seconds
2020-05-30T12:58:25 >>> virtual/ttf-fonts: 10 seconds
2020-06-01T02:14:06 >>> virtual/ttf-fonts: 11 seconds
]0;emerge 01:42:59 200|626 ttf-fonts 00:10 (root@rescue)>>> Extracting virtual/ttf-fonts-1-r1
 * checking 0 files for package collisions
>>> Merging virtual/ttf-fonts-1-r1 to /
 * removing unneeded *.la files
>>> Safely unmerging already-installed instance...
>>> Original instance of package unmerged safely.
>>> virtual/ttf-fonts-1-r1 merged.
