 * Package:    virtual/editor-0-r3
 * Repository: gentoo
 * Maintainer: emacs@gentoo.org vim@gentoo.org,base-system@gentoo.org
 * USE:        abi_x86_64 amd64 elibc_glibc kernel_linux userland_GNU
 * FEATURES:   network-sandbox preserve-libs sandbox userpriv usersandbox
 * FEATURES='assume-digests binpkg-docompress binpkg-dostrip binpkg-logs buildpkg cgroup compress-index config-protect-if-modified distlocks ebuild-locks fixlafiles ipc-sandbox merge-sync multilib-strict network-sandbox news nodoc parallel-fetch pid-sandbox preserve-libs qa-unresolved-soname-deps sandbox sfperms strict strict-keepdir unknown-features-warn unmerge-logs unmerge-orphans userfetch userpriv usersandbox usersync xattr'
 * CFLAGS='-march=znver2 -O2 -pipe -fno-stack-protector -fno-stack-clash-protection -fstack-check=no -fno-stack-check -Wl,-O1 -Wl,--as-needed'
 * CXXFLAGS='-march=znver2 -O2 -pipe -fno-stack-protector -fno-stack-clash-protection -fstack-check=no -fno-stack-check -Wl,-O1 -Wl,--as-needed'
 * FFLAGS='-march=znver2 -O2 -pipe -fno-stack-protector -fno-stack-clash-protection -fstack-check=no -fno-stack-check -Wl,-O1 -Wl,--as-needed'
 * FCFLAGS='-march=znver2 -O2 -pipe -fno-stack-protector -fno-stack-clash-protection -fstack-check=no -fno-stack-check -Wl,-O1 -Wl,--as-needed'
 * F77FLAGS='-march=znver2 -O2 -pipe -fno-stack-protector -fno-stack-clash-protection -fstack-check=no -fno-stack-check -Wl,-O1 -Wl,--as-needed'
 * LDFLAGS='-Wl,-O1 -Wl,--as-needed'
 * MAKEOPTS='-j12 -l12'
 * gcc (Gentoo 10.1.0-r1 p2) 10.1.0
 * g++ (Gentoo 10.1.0-r1 p2) 10.1.0
 * GNU gold (Gentoo 2.34 p4 2.34.0) 1.16
 * Linux rescue 5.4.36 #1 SMP Thu Apr 30 04:38:28 UTC 2020 x86_64 AMD Ryzen 5 3600 6-Core Processor AuthenticAMD GNU/Linux
virtual/editor: 15 seconds average for 16 merges
2020-05-16T20:57:01 >>> virtual/editor: 7 seconds
2020-05-23T12:32:47 >>> virtual/editor: 10 seconds
2020-05-25T18:45:34 >>> virtual/editor: 15 seconds
2020-05-26T01:27:52 >>> virtual/editor: 17 seconds
2020-05-27T02:25:37 >>> virtual/editor: 7 seconds
2020-05-27T03:20:32 >>> virtual/editor: 13 seconds
2020-05-28T14:38:52 >>> virtual/editor: 14 seconds
2020-05-30T13:03:58 >>> virtual/editor: 38 seconds
2020-06-01T02:04:42 >>> virtual/editor: 16 seconds
2020-06-09T04:06:23 >>> virtual/editor: 6 seconds
2020-06-12T02:13:31 >>> virtual/editor: 10 seconds
2020-06-13T03:38:28 >>> virtual/editor: 33 seconds
2020-06-13T19:19:55 >>> virtual/editor: 14 seconds
2020-06-13T20:58:14 >>> virtual/editor: 30 seconds
2020-06-14T04:53:06 >>> virtual/editor: 9 seconds
2020-06-15T14:31:24 >>> virtual/editor: 9 seconds
]0;emerge 13:58:09 235|895 editor 00:16 (root@rescue)>>> Unpacking source...
>>> Source unpacked in /tmp/portage/virtual/editor-0-r3/work
>>> Preparing source in /tmp/portage/virtual/editor-0-r3/work ...
>>> Source prepared.
>>> Configuring source in /tmp/portage/virtual/editor-0-r3/work ...
>>> Source configured.
>>> Compiling source in /tmp/portage/virtual/editor-0-r3/work ...
>>> Source compiled.
>>> Test phase [not enabled]: virtual/editor-0-r3

>>> Install virtual/editor-0-r3 into /tmp/portage/virtual/editor-0-r3/image/
>>> Completed installing virtual/editor-0-r3 into /tmp/portage/virtual/editor-0-r3/image/

 * Final size of build directory: 4 KiB
 * Final size of installed tree:  4 KiB

Parallel BZIP2 v1.1.13 [Dec 18, 2015]
By: Jeff Gilchrist [http://compression.ca]
Major contributions: Yavor Nikolov [http://javornikolov.wordpress.com]
Uses libbzip2 by Julian Seward

         # CPUs: 8
   Load Average: 4.09
 BWT Block Size: 200 KB
File Block Size: 900 KB
 Maximum Memory: 1024 MB
-------------------------------------------
         File #: 1 of 1
     Input Name: compressme
    Output Name: compressme.bz2

     Input Size: 3895 bytes
Compressing data (no threads)...
Completed: 100%                 Output Size: 918 bytes
-------------------------------------------

     Wall Clock: 0.001127 seconds
 * checking 0 files for package collisions
>>> Merging virtual/editor-0-r3 to /
 * removing unneeded *.la files
>>> Safely unmerging already-installed instance...
!!! File Not Found: '/etc/env.d/99lcdfilter'
>>> Original instance of package unmerged safely.
>>> virtual/editor-0-r3 merged.
!!! File Not Found: '/etc/env.d/99lcdfilter'
