 * Package:    virtual/libffi-3.3_rc0
 * Repository: gentoo
 * Maintainer: toolchain@gentoo.org
 * USE:        abi_x86_64 amd64 elibc_glibc kernel_linux userland_GNU
 * FEATURES:   ccache network-sandbox preserve-libs userpriv
 * /etc/portage/package.cflags/ltoworkarounds.conf -> */*: *FLAGS+=-Wl,-O4 *FLAGS-=-Wl,-O1
 * FEATURES='assume-digests binpkg-docompress binpkg-dostrip binpkg-logs buildpkg ccache cgroup compress-index config-protect-if-modified distlocks ebuild-locks fixlafiles merge-sync multilib-strict network-sandbox news nodoc parallel-fetch preserve-libs qa-unresolved-soname-deps sfperms strict strict-keepdir unknown-features-warn unmerge-logs unmerge-orphans userfetch userpriv usersync xattr'
 * CFLAGS='-O2 -pipe -Wl,-O4 -Wl,-O4,--sort-common,--as-needed,-z,norelro,-z,now'
 * CXXFLAGS='-O2 -pipe -Wl,-O4 -Wl,-O4,--sort-common,--as-needed,-z,norelro,-z,now'
 * FFLAGS='-O2 -pipe -Wl,-O4 -Wl,-O4,--sort-common,--as-needed,-z,norelro,-z,now'
 * FCFLAGS='-O2 -pipe -Wl,-O4 -Wl,-O4,--sort-common,--as-needed,-z,norelro,-z,now'
 * F77FLAGS='-O2 -pipe -Wl,-O4 -Wl,-O4,--sort-common,--as-needed,-z,norelro,-z,now'
 * LDFLAGS='-Wl,-O4,--sort-common,--as-needed,-z,norelro,-z,now'
 * MAKEOPTS='-j12 -l12'
 * gcc (Gentoo 11.0.0_pre9999 p1, commit 184c21bf1cd04a108ed9bd04635e7d57ac39f616) 11.0.0 20200611 (experimental)
 * g++ (Gentoo 11.0.0_pre9999 p1, commit 184c21bf1cd04a108ed9bd04635e7d57ac39f616) 11.0.0 20200611 (experimental)
 * GNU ld (Gentoo 2.34 p4) 2.34.0
 * Linux rescue 5.4.36 #1 SMP Thu Apr 30 04:38:28 UTC 2020 x86_64 AMD Ryzen 5 3600 6-Core Processor AuthenticAMD GNU/Linux
virtual/libffi: 1 minute, 56 seconds average for 23 merges
2020-05-16T20:47:28 >>> virtual/libffi: 8 seconds
2020-05-20T01:01:11 >>> virtual/libffi: 36 seconds
2020-05-21T05:57:56 >>> virtual/libffi: 6 seconds
2020-05-22T02:04:05 >>> virtual/libffi: 2 minutes, 34 seconds
2020-05-22T03:15:58 >>> virtual/libffi: 1 minute, 47 seconds
2020-05-22T12:29:14 >>> virtual/libffi: 6 minutes, 2 seconds
2020-05-23T03:30:53 >>> virtual/libffi: 6 minutes, 2 seconds
2020-05-24T22:34:17 >>> virtual/libffi: 8 minutes, 5 seconds
2020-05-24T23:32:43 >>> virtual/libffi: 4 minutes, 29 seconds
2020-05-25T03:06:00 >>> virtual/libffi: 14 seconds
2020-05-25T14:41:43 >>> virtual/libffi: 54 seconds
2020-05-25T18:22:20 >>> virtual/libffi: 1 minute, 39 seconds
2020-05-25T19:56:49 >>> virtual/libffi: 49 seconds
2020-05-26T12:52:39 >>> virtual/libffi: 3 minutes, 22 seconds
2020-05-26T13:52:01 >>> virtual/libffi: 39 seconds
2020-05-27T01:31:23 >>> virtual/libffi: 17 seconds
2020-05-27T03:09:38 >>> virtual/libffi: 2 minutes, 32 seconds
2020-05-28T14:17:29 >>> virtual/libffi: 41 seconds
2020-05-29T01:39:08 >>> virtual/libffi: 18 seconds
2020-05-30T13:01:08 >>> virtual/libffi: 33 seconds
2020-05-30T21:42:42 >>> virtual/libffi: 7 seconds
2020-06-01T02:19:10 >>> virtual/libffi: 11 seconds
2020-06-12T01:22:50 >>> virtual/libffi: 2 minutes, 28 seconds
]0;emerge 03:21:33 78|907 libffi 00:55 (root@rescue)kemerge 03:21:33 78|907 libffi 00:55 (root@rescue)\>>> Unpacking source...
>>> Source unpacked in /tmp/portage/virtual/libffi-3.3_rc0/work
>>> Preparing source in /tmp/portage/virtual/libffi-3.3_rc0/work ...
>>> Source prepared.
>>> Configuring source in /tmp/portage/virtual/libffi-3.3_rc0/work ...
>>> Source configured.
>>> Compiling source in /tmp/portage/virtual/libffi-3.3_rc0/work ...
>>> Source compiled.
>>> Test phase [not enabled]: virtual/libffi-3.3_rc0

>>> Install virtual/libffi-3.3_rc0 into /tmp/portage/virtual/libffi-3.3_rc0/image
>>> Completed installing virtual/libffi-3.3_rc0 into /tmp/portage/virtual/libffi-3.3_rc0/image

 * Final size of build directory: 4 KiB
 * Final size of installed tree:  4 KiB

 * checking 0 files for package collisions
>>> Merging virtual/libffi-3.3_rc0 to /
 * removing unneeded *.la files
>>> Safely unmerging already-installed instance...
>>> Original instance of package unmerged safely.
>>> virtual/libffi-3.3_rc0 merged.
