 * Package:    virtual/cron-0-r1
 * Repository: gentoo
 * Maintainer: blueness@gentoo.org
 * USE:        abi_x86_64 amd64 elibc_glibc kernel_linux userland_GNU
 * FEATURES:   network-sandbox preserve-libs sandbox userpriv usersandbox
 * FEATURES='assume-digests binpkg-docompress binpkg-dostrip binpkg-logs buildpkg cgroup compress-index config-protect-if-modified distlocks ebuild-locks fixlafiles ipc-sandbox merge-sync multilib-strict network-sandbox news nodoc parallel-fetch pid-sandbox preserve-libs qa-unresolved-soname-deps sandbox sfperms strict strict-keepdir unknown-features-warn unmerge-logs unmerge-orphans userfetch userpriv usersandbox usersync xattr'
 * CFLAGS='-march=znver2 -O2 -pipe -fno-stack-protector -fno-stack-clash-protection -fstack-check=no -fno-stack-check -Wl,-O1 -Wl,--as-needed'
 * CXXFLAGS='-march=znver2 -O2 -pipe -fno-stack-protector -fno-stack-clash-protection -fstack-check=no -fno-stack-check -Wl,-O1 -Wl,--as-needed'
 * FFLAGS='-march=znver2 -O2 -pipe -fno-stack-protector -fno-stack-clash-protection -fstack-check=no -fno-stack-check -Wl,-O1 -Wl,--as-needed'
 * FCFLAGS='-march=znver2 -O2 -pipe -fno-stack-protector -fno-stack-clash-protection -fstack-check=no -fno-stack-check -Wl,-O1 -Wl,--as-needed'
 * F77FLAGS='-march=znver2 -O2 -pipe -fno-stack-protector -fno-stack-clash-protection -fstack-check=no -fno-stack-check -Wl,-O1 -Wl,--as-needed'
 * LDFLAGS='-Wl,-O1 -Wl,--as-needed'
 * MAKEOPTS='-j12 -l12'
 * gcc (Gentoo 10.1.0-r1 p2) 10.1.0
 * g++ (Gentoo 10.1.0-r1 p2) 10.1.0
 * GNU gold (Gentoo 2.34 p4 2.34.0) 1.16
 * Linux rescue 5.4.36 #1 SMP Thu Apr 30 04:38:28 UTC 2020 x86_64 AMD Ryzen 5 3600 6-Core Processor AuthenticAMD GNU/Linux
virtual/cron: 14 seconds average for 9 merges
2020-05-16T20:55:51 >>> virtual/cron: 8 seconds
2020-05-23T11:44:38 >>> virtual/cron: 10 seconds
2020-05-25T18:47:49 >>> virtual/cron: 10 seconds
2020-05-27T03:25:43 >>> virtual/cron: 11 seconds
2020-05-30T13:00:06 >>> virtual/cron: 13 seconds
2020-06-01T02:01:36 >>> virtual/cron: 12 seconds
2020-06-13T03:44:10 >>> virtual/cron: 6 seconds
2020-06-13T20:47:45 >>> virtual/cron: 51 seconds
2020-06-14T04:50:56 >>> virtual/cron: 8 seconds
]0;emerge 13:59:47 252|895 cron 00:22 (root@rescue)>>> Unpacking source...
>>> Source unpacked in /tmp/portage/virtual/cron-0-r1/work
>>> Preparing source in /tmp/portage/virtual/cron-0-r1/work ...
>>> Source prepared.
>>> Configuring source in /tmp/portage/virtual/cron-0-r1/work ...
>>> Source configured.
>>> Compiling source in /tmp/portage/virtual/cron-0-r1/work ...
>>> Source compiled.
>>> Test phase [not enabled]: virtual/cron-0-r1

>>> Install virtual/cron-0-r1 into /tmp/portage/virtual/cron-0-r1/image/
>>> Completed installing virtual/cron-0-r1 into /tmp/portage/virtual/cron-0-r1/image/

 * Final size of build directory: 4 KiB
 * Final size of installed tree:  4 KiB

Parallel BZIP2 v1.1.13 [Dec 18, 2015]
By: Jeff Gilchrist [http://compression.ca]
Major contributions: Yavor Nikolov [http://javornikolov.wordpress.com]
Uses libbzip2 by Julian Seward

         # CPUs: 9
   Load Average: 2.69
 BWT Block Size: 200 KB
File Block Size: 900 KB
 Maximum Memory: 1024 MB
-------------------------------------------
         File #: 1 of 1
     Input Name: compressme
    Output Name: compressme.bz2

     Input Size: 3895 bytes
Compressing data (no threads)...
Completed: 100%                 Output Size: 918 bytes
-------------------------------------------

     Wall Clock: 0.000564 seconds
 * checking 0 files for package collisions
>>> Merging virtual/cron-0-r1 to /
 * removing unneeded *.la files
>>> Safely unmerging already-installed instance...
!!! File Not Found: '/etc/env.d/99lcdfilter'
>>> Original instance of package unmerged safely.
>>> virtual/cron-0-r1 merged.
!!! File Not Found: '/etc/env.d/99lcdfilter'
