>>> Extracting info
 * Package:    virtual/perl-IO-Compress-2.84.0
 * Repository: gentoo
 * USE:        kernel_linux userland_GNU elibc_glibc amd64 abi_x86_64
 * FEATURES:   network-sandbox preserve-libs sandbox userpriv usersandbox
 * FEATURES='assume-digests binpkg-docompress binpkg-dostrip binpkg-logs buildpkg cgroup compress-index config-protect-if-modified distlocks ebuild-locks fixlafiles ipc-sandbox merge-sync multilib-strict network-sandbox news nodoc parallel-fetch pid-sandbox preserve-libs qa-unresolved-soname-deps sandbox sfperms strict strict-keepdir unknown-features-warn unmerge-logs unmerge-orphans userfetch userpriv usersandbox usersync xattr'
 * CFLAGS='-march=znver2 -O2 -pipe -g0 -fno-semantic-interposition -fno-plt -falign-functions=32 -fno-stack-protector -fno-stack-clash-protection -fstack-check=no -fno-stack-check -Wl,-O4 -Wl,-O4,--sort-common,--as-needed,-z,norelro,-z,now'
 * CXXFLAGS='-march=znver2 -O2 -pipe -g0 -fno-semantic-interposition -fno-plt -falign-functions=32 -fno-stack-protector -fno-stack-clash-protection -fstack-check=no -fno-stack-check -Wl,-O4 -Wl,-O4,--sort-common,--as-needed,-z,norelro,-z,now'
 * FFLAGS='-march=znver2 -O2 -pipe -g0 -fno-semantic-interposition -fno-plt -falign-functions=32 -fno-stack-protector -fno-stack-clash-protection -fstack-check=no -fno-stack-check -Wl,-O4 -Wl,-O4,--sort-common,--as-needed,-z,norelro,-z,now'
 * FCFLAGS='-march=znver2 -O2 -pipe -g0 -fno-semantic-interposition -fno-plt -falign-functions=32 -fno-stack-protector -fno-stack-clash-protection -fstack-check=no -fno-stack-check -Wl,-O4 -Wl,-O4,--sort-common,--as-needed,-z,norelro,-z,now'
 * F77FLAGS='-march=znver2 -O2 -pipe -g0 -fno-semantic-interposition -fno-plt -falign-functions=32 -fno-stack-protector -fno-stack-clash-protection -fstack-check=no -fno-stack-check -Wl,-O4 -Wl,-O4,--sort-common,--as-needed,-z,norelro,-z,now'
 * LDFLAGS='-Wl,-O4,--sort-common,--as-needed,-z,norelro,-z,now'
 * MAKEOPTS='-j12 -l12'
 * gcc (Gentoo 10.1.0-r1 p2) 10.1.0
 * g++ (Gentoo 10.1.0-r1 p2) 10.1.0
 * GNU gold (Gentoo 2.34 p4 2.34.0) 1.16
 * Linux rescue 5.4.36 #1 SMP Thu Apr 30 04:38:28 UTC 2020 x86_64 AMD Ryzen 5 3600 6-Core Processor AuthenticAMD GNU/Linux
virtual/perl-IO-Compress: 8 seconds average for 17 merges
2020-05-15T04:05:16 >>> virtual/perl-IO-Compress: 5 seconds
2020-05-16T21:24:13 >>> virtual/perl-IO-Compress: 8 seconds
2020-05-20T01:21:58 >>> virtual/perl-IO-Compress: 6 seconds
2020-05-21T06:42:45 >>> virtual/perl-IO-Compress: 5 seconds
2020-05-23T11:44:30 >>> virtual/perl-IO-Compress: 8 seconds
2020-05-24T23:58:00 >>> virtual/perl-IO-Compress: 10 seconds
2020-05-25T18:45:02 >>> virtual/perl-IO-Compress: 9 seconds
2020-05-25T20:10:59 >>> virtual/perl-IO-Compress: 9 seconds
2020-05-26T14:18:42 >>> virtual/perl-IO-Compress: 6 seconds
2020-05-27T01:55:46 >>> virtual/perl-IO-Compress: 6 seconds
2020-05-27T03:23:23 >>> virtual/perl-IO-Compress: 14 seconds
2020-05-30T12:55:04 >>> virtual/perl-IO-Compress: 14 seconds
2020-06-01T02:18:18 >>> virtual/perl-IO-Compress: 10 seconds
2020-06-12T01:49:06 >>> virtual/perl-IO-Compress: 5 seconds
2020-06-13T03:45:18 >>> virtual/perl-IO-Compress: 7 seconds
2020-06-13T20:27:46 >>> virtual/perl-IO-Compress: 5 seconds
2020-06-14T05:04:15 >>> virtual/perl-IO-Compress: 10 seconds
]0;emerge 14:05:49 277|565 perl-IO-Compress 00:07 (root@rescue)>>> Extracting virtual/perl-IO-Compress-2.84.0
 * checking 0 files for package collisions
>>> Merging virtual/perl-IO-Compress-2.84.0 to /
 * removing unneeded *.la files
>>> Safely unmerging already-installed instance...
!!! File Not Found: '/etc/env.d/99lcdfilter'
>>> Original instance of package unmerged safely.
>>> virtual/perl-IO-Compress-2.84.0 merged.
!!! File Not Found: '/etc/env.d/99lcdfilter'
