>>> Extracting info
 * Package:    virtual/perl-Text-ParseWords-3.300.0-r6
 * Repository: gentoo
 * USE:        kernel_linux userland_GNU elibc_glibc amd64 abi_x86_64
 * FEATURES:   network-sandbox preserve-libs sandbox userpriv usersandbox
 * FEATURES='assume-digests binpkg-docompress binpkg-dostrip binpkg-logs buildpkg cgroup compress-index config-protect-if-modified distlocks ebuild-locks fixlafiles ipc-sandbox merge-sync multilib-strict network-sandbox news nodoc parallel-fetch pid-sandbox preserve-libs qa-unresolved-soname-deps sandbox sfperms strict strict-keepdir unknown-features-warn unmerge-logs unmerge-orphans userfetch userpriv usersandbox usersync xattr'
 * CFLAGS='-march=znver2 -O2 -pipe -g0 -fno-semantic-interposition -fno-plt -falign-functions=32 -fno-stack-protector -fno-stack-clash-protection -fstack-check=no -fno-stack-check -Wl,-O4 -Wl,-O4,--sort-common,--as-needed,-z,norelro,-z,now'
 * CXXFLAGS='-march=znver2 -O2 -pipe -g0 -fno-semantic-interposition -fno-plt -falign-functions=32 -fno-stack-protector -fno-stack-clash-protection -fstack-check=no -fno-stack-check -Wl,-O4 -Wl,-O4,--sort-common,--as-needed,-z,norelro,-z,now'
 * FFLAGS='-march=znver2 -O2 -pipe -g0 -fno-semantic-interposition -fno-plt -falign-functions=32 -fno-stack-protector -fno-stack-clash-protection -fstack-check=no -fno-stack-check -Wl,-O4 -Wl,-O4,--sort-common,--as-needed,-z,norelro,-z,now'
 * FCFLAGS='-march=znver2 -O2 -pipe -g0 -fno-semantic-interposition -fno-plt -falign-functions=32 -fno-stack-protector -fno-stack-clash-protection -fstack-check=no -fno-stack-check -Wl,-O4 -Wl,-O4,--sort-common,--as-needed,-z,norelro,-z,now'
 * F77FLAGS='-march=znver2 -O2 -pipe -g0 -fno-semantic-interposition -fno-plt -falign-functions=32 -fno-stack-protector -fno-stack-clash-protection -fstack-check=no -fno-stack-check -Wl,-O4 -Wl,-O4,--sort-common,--as-needed,-z,norelro,-z,now'
 * LDFLAGS='-Wl,-O4,--sort-common,--as-needed,-z,norelro,-z,now'
 * MAKEOPTS='-j12 -l12'
 * gcc (Gentoo 10.1.0-r1 p2) 10.1.0
 * g++ (Gentoo 10.1.0-r1 p2) 10.1.0
 * GNU gold (Gentoo 2.34 p4 2.34.0) 1.16
 * Linux rescue 5.4.36 #1 SMP Thu Apr 30 04:38:28 UTC 2020 x86_64 AMD Ryzen 5 3600 6-Core Processor AuthenticAMD GNU/Linux
virtual/perl-Text-ParseWords: 7 seconds average for 18 merges
2020-05-15T03:38:09 >>> virtual/perl-Text-ParseWords: 5 seconds
2020-05-16T21:23:43 >>> virtual/perl-Text-ParseWords: 8 seconds
2020-05-20T01:19:03 >>> virtual/perl-Text-ParseWords: 6 seconds
2020-05-21T06:26:22 >>> virtual/perl-Text-ParseWords: 5 seconds
2020-05-23T11:29:51 >>> virtual/perl-Text-ParseWords: 8 seconds
2020-05-24T23:52:59 >>> virtual/perl-Text-ParseWords: 9 seconds
2020-05-25T18:45:49 >>> virtual/perl-Text-ParseWords: 9 seconds
2020-05-25T20:13:04 >>> virtual/perl-Text-ParseWords: 9 seconds
2020-05-26T14:14:38 >>> virtual/perl-Text-ParseWords: 6 seconds
2020-05-27T01:52:37 >>> virtual/perl-Text-ParseWords: 6 seconds
2020-05-27T03:37:16 >>> virtual/perl-Text-ParseWords: 9 seconds
2020-05-29T02:09:04 >>> virtual/perl-Text-ParseWords: 8 seconds
2020-05-30T12:55:50 >>> virtual/perl-Text-ParseWords: 10 seconds
2020-06-01T02:02:51 >>> virtual/perl-Text-ParseWords: 10 seconds
2020-06-12T01:47:08 >>> virtual/perl-Text-ParseWords: 5 seconds
2020-06-13T03:32:26 >>> virtual/perl-Text-ParseWords: 6 seconds
2020-06-13T20:25:10 >>> virtual/perl-Text-ParseWords: 4 seconds
2020-06-14T05:04:59 >>> virtual/perl-Text-ParseWords: 8 seconds
]0;emerge 14:03:42 250|565 perl-Text-ParseWords 00:06 (root@rescue)>>> Extracting virtual/perl-Text-ParseWords-3.300.0-r6
 * checking 0 files for package collisions
>>> Merging virtual/perl-Text-ParseWords-3.300.0-r6 to /
 * removing unneeded *.la files
>>> Safely unmerging already-installed instance...
!!! File Not Found: '/etc/env.d/99lcdfilter'
>>> Original instance of package unmerged safely.
>>> virtual/perl-Text-ParseWords-3.300.0-r6 merged.
!!! File Not Found: '/etc/env.d/99lcdfilter'
