>>> Extracting info
 * Package:    virtual/glu-9.0-r2
 * Repository: gentoo
 * USE:        kernel_linux userland_GNU elibc_glibc amd64 abi_x86_64
 * FEATURES:   network-sandbox preserve-libs sandbox userpriv usersandbox
 * FEATURES='assume-digests binpkg-docompress binpkg-dostrip binpkg-logs buildpkg cgroup compress-index config-protect-if-modified distlocks ebuild-locks fixlafiles ipc-sandbox merge-sync multilib-strict network-sandbox news nodoc parallel-fetch pid-sandbox preserve-libs qa-unresolved-soname-deps sandbox sfperms strict strict-keepdir unknown-features-warn unmerge-logs unmerge-orphans userfetch userpriv usersandbox usersync xattr'
 * CFLAGS='-march=znver2 -O2 -pipe -g0 -fno-semantic-interposition -fno-plt -falign-functions=32 -fno-stack-protector -fno-stack-clash-protection -fstack-check=no -fno-stack-check -Wl,-O4 -Wl,-O4,--sort-common,--as-needed,-z,norelro,-z,now'
 * CXXFLAGS='-march=znver2 -O2 -pipe -g0 -fno-semantic-interposition -fno-plt -falign-functions=32 -fno-stack-protector -fno-stack-clash-protection -fstack-check=no -fno-stack-check -Wl,-O4 -Wl,-O4,--sort-common,--as-needed,-z,norelro,-z,now'
 * FFLAGS='-march=znver2 -O2 -pipe -g0 -fno-semantic-interposition -fno-plt -falign-functions=32 -fno-stack-protector -fno-stack-clash-protection -fstack-check=no -fno-stack-check -Wl,-O4 -Wl,-O4,--sort-common,--as-needed,-z,norelro,-z,now'
 * FCFLAGS='-march=znver2 -O2 -pipe -g0 -fno-semantic-interposition -fno-plt -falign-functions=32 -fno-stack-protector -fno-stack-clash-protection -fstack-check=no -fno-stack-check -Wl,-O4 -Wl,-O4,--sort-common,--as-needed,-z,norelro,-z,now'
 * F77FLAGS='-march=znver2 -O2 -pipe -g0 -fno-semantic-interposition -fno-plt -falign-functions=32 -fno-stack-protector -fno-stack-clash-protection -fstack-check=no -fno-stack-check -Wl,-O4 -Wl,-O4,--sort-common,--as-needed,-z,norelro,-z,now'
 * LDFLAGS='-Wl,-O4,--sort-common,--as-needed,-z,norelro,-z,now'
 * MAKEOPTS='-j12 -l12'
 * gcc (Gentoo 10.1.0-r1 p2) 10.1.0
 * g++ (Gentoo 10.1.0-r1 p2) 10.1.0
 * GNU gold (Gentoo 2.34 p4 2.34.0) 1.16
 * Linux rescue 5.4.36 #1 SMP Thu Apr 30 04:38:28 UTC 2020 x86_64 AMD Ryzen 5 3600 6-Core Processor AuthenticAMD GNU/Linux
virtual/glu: 18 seconds average for 16 merges
2020-05-16T01:05:34 >>> virtual/glu: 6 seconds
2020-05-16T20:54:49 >>> virtual/glu: 7 seconds
2020-05-20T01:45:20 >>> virtual/glu: 9 seconds
2020-05-23T11:29:28 >>> virtual/glu: 14 seconds
2020-05-25T18:41:29 >>> virtual/glu: 10 seconds
2020-05-25T20:06:09 >>> virtual/glu: 9 seconds
2020-05-26T14:33:05 >>> virtual/glu: 6 seconds
2020-05-27T02:10:01 >>> virtual/glu: 6 seconds
2020-05-27T03:32:52 >>> virtual/glu: 10 seconds
2020-05-29T02:15:33 >>> virtual/glu: 8 seconds
2020-05-30T12:52:29 >>> virtual/glu: 10 seconds
2020-06-01T02:06:01 >>> virtual/glu: 14 seconds
2020-06-12T02:01:48 >>> virtual/glu: 5 seconds
2020-06-13T03:37:39 >>> virtual/glu: 6 seconds
2020-06-13T20:40:38 >>> virtual/glu: 5 seconds
2020-06-14T04:55:58 >>> virtual/glu: 2 minutes, 46 seconds
]0;emerge 14:20:21 430|565 glu 00:59 (root@rescue)>>> Extracting virtual/glu-9.0-r2
 * checking 0 files for package collisions
>>> Merging virtual/glu-9.0-r2 to /
 * removing unneeded *.la files
>>> Safely unmerging already-installed instance...
!!! File Not Found: '/etc/env.d/99lcdfilter'
>>> Original instance of package unmerged safely.
>>> virtual/glu-9.0-r2 merged.
!!! File Not Found: '/etc/env.d/99lcdfilter'
