>>> Extracting info
 * Package:    virtual/man-0-r3
 * Repository: gentoo
 * USE:        kernel_linux userland_GNU elibc_glibc amd64 abi_x86_64
 * FEATURES:   network-sandbox preserve-libs sandbox userpriv usersandbox
 * FEATURES='assume-digests binpkg-docompress binpkg-dostrip binpkg-logs buildpkg cgroup compress-index config-protect-if-modified distlocks ebuild-locks fixlafiles ipc-sandbox merge-sync multilib-strict network-sandbox news nodoc parallel-fetch pid-sandbox preserve-libs qa-unresolved-soname-deps sandbox sfperms strict strict-keepdir unknown-features-warn unmerge-logs unmerge-orphans userfetch userpriv usersandbox usersync xattr'
 * CFLAGS='-O2 -pipe -Wl,-O1 -Wl,--as-needed'
 * CXXFLAGS='-O2 -pipe -Wl,-O1 -Wl,--as-needed'
 * FFLAGS='-O2 -pipe -Wl,-O1 -Wl,--as-needed'
 * FCFLAGS='-O2 -pipe -Wl,-O1 -Wl,--as-needed'
 * F77FLAGS='-O2 -pipe -Wl,-O1 -Wl,--as-needed'
 * LDFLAGS='-Wl,-O1 -Wl,--as-needed'
 * MAKEOPTS='-j4'
 * gcc (Gentoo 10.1.0-r1 p2) 10.1.0
 * g++ (Gentoo 10.1.0-r1 p2) 10.1.0
 * GNU gold (Gentoo 2.34 p4 2.34.0) 1.16
 * Linux rescue 5.4.36 #1 SMP Thu Apr 30 04:38:28 UTC 2020 x86_64 AMD Ryzen 5 3600 6-Core Processor AuthenticAMD GNU/Linux
virtual/man: 12 seconds average for 16 merges
2020-05-16T20:52:59 >>> virtual/man: 8 seconds
2020-05-23T03:46:18 >>> virtual/man: 12 seconds
2020-05-24T23:58:47 >>> virtual/man: 11 seconds
2020-05-25T18:48:21 >>> virtual/man: 11 seconds
2020-05-25T20:09:31 >>> virtual/man: 22 seconds
2020-05-27T02:19:05 >>> virtual/man: 7 seconds
2020-05-27T03:37:25 >>> virtual/man: 14 seconds
2020-05-29T02:01:49 >>> virtual/man: 12 seconds
2020-05-30T12:47:29 >>> virtual/man: 16 seconds
2020-06-01T02:01:37 >>> virtual/man: 22 seconds
2020-06-09T04:06:42 >>> virtual/man: 6 seconds
2020-06-12T02:08:22 >>> virtual/man: 6 seconds
2020-06-13T03:43:13 >>> virtual/man: 7 seconds
2020-06-13T19:19:56 >>> virtual/man: 19 seconds
2020-06-13T20:50:48 >>> virtual/man: 17 seconds
2020-06-14T04:59:18 >>> virtual/man: 10 seconds
]0;emerge 14:25:20 491|565 man 00:15 (root@rescue)>>> Extracting virtual/man-0-r3
 * checking 0 files for package collisions
>>> Merging virtual/man-0-r3 to /
 * removing unneeded *.la files
>>> Safely unmerging already-installed instance...
!!! File Not Found: '/etc/env.d/99lcdfilter'
>>> Original instance of package unmerged safely.
>>> virtual/man-0-r3 merged.
!!! File Not Found: '/etc/env.d/99lcdfilter'
