 * Package:    virtual/awk-1
 * Repository: gentoo
 * Maintainer: junghans@gentoo.org base-system@gentoo.org
 * USE:        abi_x86_64 amd64 elibc_glibc kernel_linux userland_GNU
 * FEATURES:   network-sandbox preserve-libs sandbox userpriv usersandbox
 * FEATURES='assume-digests binpkg-docompress binpkg-dostrip binpkg-logs buildpkg cgroup compress-index config-protect-if-modified distlocks ebuild-locks fixlafiles ipc-sandbox merge-sync multilib-strict network-sandbox news nodoc parallel-fetch pid-sandbox preserve-libs qa-unresolved-soname-deps sandbox sfperms strict strict-keepdir unknown-features-warn unmerge-logs unmerge-orphans userfetch userpriv usersandbox usersync xattr'
 * CFLAGS='-march=znver2 -Ofast -pipe -g0 -fno-common -fgraphite-identity -floop-interchange -floop-nest-optimize -floop-parallelize-all -ftree-parallelize-loops=12 -ftree-vectorize -fdevirtualize-at-ltrans -fipa-pta -fno-semantic-interposition -flto=12 -fno-plt -falign-functions=32 -fno-stack-protector -fno-stack-clash-protection -fstack-check=no -fno-stack-check -fuse-linker-plugin -Wl,-O1,--sort-common,--as-needed,-z,norelro,-z,now,-lgomp,-lpthread'
 * CXXFLAGS='-march=znver2 -Ofast -pipe -g0 -fno-common -fgraphite-identity -floop-interchange -floop-nest-optimize -floop-parallelize-all -ftree-parallelize-loops=12 -ftree-vectorize -fdevirtualize-at-ltrans -fipa-pta -fno-semantic-interposition -flto=12 -fno-plt -falign-functions=32 -fno-stack-protector -fno-stack-clash-protection -fstack-check=no -fno-stack-check -fuse-linker-plugin -Wl,-O1,--sort-common,--as-needed,-z,norelro,-z,now,-lgomp,-lpthread'
 * FFLAGS='-march=znver2 -Ofast -pipe -g0 -fno-common -fgraphite-identity -floop-interchange -floop-nest-optimize -floop-parallelize-all -ftree-parallelize-loops=12 -ftree-vectorize -fdevirtualize-at-ltrans -fipa-pta -fno-semantic-interposition -flto=12 -fno-plt -falign-functions=32 -fno-stack-protector -fno-stack-clash-protection -fstack-check=no -fno-stack-check -fuse-linker-plugin -Wl,-O1,--sort-common,--as-needed,-z,norelro,-z,now,-lgomp,-lpthread'
 * FCFLAGS='-march=znver2 -Ofast -pipe -g0 -fno-common -fgraphite-identity -floop-interchange -floop-nest-optimize -floop-parallelize-all -ftree-parallelize-loops=12 -ftree-vectorize -fdevirtualize-at-ltrans -fipa-pta -fno-semantic-interposition -flto=12 -fno-plt -falign-functions=32 -fno-stack-protector -fno-stack-clash-protection -fstack-check=no -fno-stack-check -fuse-linker-plugin -Wl,-O1,--sort-common,--as-needed,-z,norelro,-z,now,-lgomp,-lpthread'
 * F77FLAGS='-march=znver2 -Ofast -pipe -g0 -fno-common -fgraphite-identity -floop-interchange -floop-nest-optimize -floop-parallelize-all -ftree-parallelize-loops=12 -ftree-vectorize -fdevirtualize-at-ltrans -fipa-pta -fno-semantic-interposition -flto=12 -fno-plt -falign-functions=32 -fno-stack-protector -fno-stack-clash-protection -fstack-check=no -fno-stack-check -fuse-linker-plugin -Wl,-O1,--sort-common,--as-needed,-z,norelro,-z,now,-lgomp,-lpthread'
 * LDFLAGS='-Wl,-O1,--sort-common,--as-needed,-z,norelro,-z,now,-lgomp,-lpthread -march=znver2 -Ofast -pipe -g0 -fno-common -fgraphite-identity -floop-interchange -floop-nest-optimize -floop-parallelize-all -ftree-parallelize-loops=12 -ftree-vectorize -fdevirtualize-at-ltrans -fipa-pta -fno-semantic-interposition -flto=12 -fno-plt -falign-functions=32 -fno-stack-protector -fno-stack-clash-protection -fstack-check=no -fno-stack-check -fuse-linker-plugin'
 * MAKEOPTS='-j12 -l12'
 * gcc () 11.0.0 20200616 (experimental)
 * g++ () 11.0.0 20200616 (experimental)
 * GNU ld (Gentoo 2.34 p4) 2.34.0
 * Linux rescue 5.4.36 #1 SMP Thu Apr 30 04:38:28 UTC 2020 x86_64 AMD Ryzen 5 3600 6-Core Processor AuthenticAMD GNU/Linux
virtual/awk: 8 seconds average for 14 merges
2020-05-20T07:35:10 >>> virtual/awk: 3 seconds
2020-05-21T06:24:36 >>> virtual/awk: 5 seconds
2020-05-23T11:38:06 >>> virtual/awk: 9 seconds
2020-05-25T18:41:17 >>> virtual/awk: 9 seconds
2020-05-26T14:03:11 >>> virtual/awk: 5 seconds
2020-05-27T03:22:56 >>> virtual/awk: 11 seconds
2020-05-28T14:38:51 >>> virtual/awk: 7 seconds
2020-05-30T13:01:42 >>> virtual/awk: 21 seconds
2020-05-30T21:48:09 >>> virtual/awk: 7 seconds
2020-06-01T02:10:49 >>> virtual/awk: 13 seconds
2020-06-13T03:39:40 >>> virtual/awk: 8 seconds
2020-06-13T20:13:15 >>> virtual/awk: 6 seconds
2020-06-14T04:53:19 >>> virtual/awk: 11 seconds
2020-06-16T13:50:30 >>> virtual/awk: 10 seconds
]0;emerge 13:57:38 237|895 awk 00:09 (root@rescue)>>> Unpacking source...
>>> Source unpacked in /tmp/portage/virtual/awk-1/work
>>> Preparing source in /tmp/portage/virtual/awk-1/work ...
>>> Source prepared.
>>> Configuring source in /tmp/portage/virtual/awk-1/work ...
>>> Source configured.
>>> Compiling source in /tmp/portage/virtual/awk-1/work ...
>>> Source compiled.
>>> Test phase [not enabled]: virtual/awk-1

>>> Install virtual/awk-1 into /tmp/portage/virtual/awk-1/image/
>>> Completed installing virtual/awk-1 into /tmp/portage/virtual/awk-1/image/

 * Final size of build directory: 4 KiB
 * Final size of installed tree:  4 KiB

Parallel BZIP2 v1.1.13 [Dec 18, 2015]
By: Jeff Gilchrist [http://compression.ca]
Major contributions: Yavor Nikolov [http://javornikolov.wordpress.com]
Uses libbzip2 by Julian Seward

         # CPUs: 10
   Load Average: 1.80
 BWT Block Size: 200 KB
File Block Size: 900 KB
 Maximum Memory: 1024 MB
-------------------------------------------
         File #: 1 of 1
     Input Name: compressme
    Output Name: compressme.bz2

     Input Size: 3895 bytes
Compressing data (no threads)...
Completed: 100%                 Output Size: 918 bytes
-------------------------------------------

     Wall Clock: 0.000787 seconds
 * checking 0 files for package collisions
>>> Merging virtual/awk-1 to /
 * removing unneeded *.la files
>>> Safely unmerging already-installed instance...
>>> Original instance of package unmerged safely.
>>> virtual/awk-1 merged.
