 * Package:    virtual/package-manager-1
 * Repository: gentoo
 * Maintainer: base-system@gentoo.org
 * USE:        abi_x86_64 amd64 elibc_glibc kernel_linux userland_GNU
 * FEATURES:   network-sandbox preserve-libs sandbox userpriv usersandbox
 * FEATURES='assume-digests binpkg-docompress binpkg-dostrip binpkg-logs buildpkg cgroup compress-index config-protect-if-modified distlocks ebuild-locks fixlafiles ipc-sandbox merge-sync multilib-strict network-sandbox news nodoc parallel-fetch pid-sandbox preserve-libs qa-unresolved-soname-deps sandbox sfperms strict strict-keepdir unknown-features-warn unmerge-logs unmerge-orphans userfetch userpriv usersandbox usersync xattr'
 * CFLAGS='-march=native -Ofast -pipe -g0 -fno-common -fgraphite-identity -floop-interchange -floop-nest-optimize -floop-parallelize-all -ftree-parallelize-loops=12 -ftree-vectorize -fdevirtualize-at-ltrans -fipa-pta -fno-semantic-interposition -flto=12 -fno-plt -fbranch-target-load-optimize2 -fcx-fortran-rules -fno-var-tracking-assignments -freschedule-modulo-scheduled-loops -fsched-pressure -fsched-spec-load -fsched-spec-load-dangerous -fsched-stalled-insns=0 -fsched2-use-superblocks -fselective-scheduling -fselective-scheduling2 -fsel-sched-pipelining -fsel-sched-pipelining-outer-loops -ftree-lrs -maccumulate-outgoing-args -fmerge-all-constants -falign-functions=32 -fno-stack-protector -fno-stack-clash-protection -fstack-check=no -fno-stack-check -fuse-linker-plugin -Wl,-O1 -Wl,--as-needed -Wl,--sort-common -Wl,-z -Wl,norelro -Wl,-z,max-page-size=0x1000 -lgomp -lpthread -s'
 * CXXFLAGS='-march=native -Ofast -pipe -g0 -fno-common -fgraphite-identity -floop-interchange -floop-nest-optimize -floop-parallelize-all -ftree-parallelize-loops=12 -ftree-vectorize -fdevirtualize-at-ltrans -fipa-pta -fno-semantic-interposition -flto=12 -fno-plt -fbranch-target-load-optimize2 -fcx-fortran-rules -fno-enforce-eh-specs -fnothrow-opt -fno-var-tracking-assignments -freschedule-modulo-scheduled-loops -fsched-pressure -fsched-spec-load -fsched-spec-load-dangerous -fsched-stalled-insns=0 -fsched2-use-superblocks -fselective-scheduling -fselective-scheduling2 -fsel-sched-pipelining -fsel-sched-pipelining-outer-loops -ftree-lrs -maccumulate-outgoing-args -fmerge-all-constants -falign-functions=32 -fno-stack-protector -fno-stack-clash-protection -fstack-check=no -fno-stack-check -fuse-linker-plugin -Wl,-O1 -Wl,--as-needed -Wl,--sort-common -Wl,-z -Wl,norelro -Wl,-z,max-page-size=0x1000 -lgomp -lpthread -s'
 * FFLAGS='-march=native -Ofast -pipe -g0 -fno-common -fgraphite-identity -floop-interchange -floop-nest-optimize -floop-parallelize-all -ftree-parallelize-loops=12 -ftree-vectorize -fdevirtualize-at-ltrans -fipa-pta -fno-semantic-interposition -flto=12 -fno-plt -fbranch-target-load-optimize2 -fcx-fortran-rules -fno-var-tracking-assignments -freschedule-modulo-scheduled-loops -fsched-pressure -fsched-spec-load -fsched-spec-load-dangerous -fsched-stalled-insns=0 -fsched2-use-superblocks -fselective-scheduling -fselective-scheduling2 -fsel-sched-pipelining -fsel-sched-pipelining-outer-loops -ftree-lrs -maccumulate-outgoing-args -fmerge-all-constants -falign-functions=32 -fno-stack-protector -fno-stack-clash-protection -fstack-check=no -fno-stack-check -fuse-linker-plugin -Wl,-O1 -Wl,--as-needed -Wl,--sort-common -Wl,-z -Wl,norelro -Wl,-z,max-page-size=0x1000 -lgomp -lpthread -s'
 * FCFLAGS='-march=native -Ofast -pipe -g0 -fno-common -fgraphite-identity -floop-interchange -floop-nest-optimize -floop-parallelize-all -ftree-parallelize-loops=12 -ftree-vectorize -fdevirtualize-at-ltrans -fipa-pta -fno-semantic-interposition -flto=12 -fno-plt -fbranch-target-load-optimize2 -fcx-fortran-rules -fno-var-tracking-assignments -freschedule-modulo-scheduled-loops -fsched-pressure -fsched-spec-load -fsched-spec-load-dangerous -fsched-stalled-insns=0 -fsched2-use-superblocks -fselective-scheduling -fselective-scheduling2 -fsel-sched-pipelining -fsel-sched-pipelining-outer-loops -ftree-lrs -maccumulate-outgoing-args -fmerge-all-constants -falign-functions=32 -fno-stack-protector -fno-stack-clash-protection -fstack-check=no -fno-stack-check -fuse-linker-plugin -Wl,-O1 -Wl,--as-needed -Wl,--sort-common -Wl,-z -Wl,norelro -Wl,-z,max-page-size=0x1000 -lgomp -lpthread -s'
 * F77FLAGS='-march=native -Ofast -pipe -g0 -fno-common -fgraphite-identity -floop-interchange -floop-nest-optimize -floop-parallelize-all -ftree-parallelize-loops=12 -ftree-vectorize -fdevirtualize-at-ltrans -fipa-pta -fno-semantic-interposition -flto=12 -fno-plt -fbranch-target-load-optimize2 -fcx-fortran-rules -fno-enforce-eh-specs -fnothrow-opt -fno-var-tracking-assignments -freschedule-modulo-scheduled-loops -fsched-pressure -fsched-spec-load -fsched-spec-load-dangerous -fsched-stalled-insns=0 -fsched2-use-superblocks -fselective-scheduling -fselective-scheduling2 -fsel-sched-pipelining -fsel-sched-pipelining-outer-loops -ftree-lrs -maccumulate-outgoing-args -fmerge-all-constants -falign-functions=32 -fno-stack-protector -fno-stack-clash-protection -fstack-check=no -fno-stack-check -fuse-linker-plugin -Wl,-O1 -Wl,--as-needed -Wl,--sort-common -Wl,-z -Wl,norelro -Wl,-z,max-page-size=0x1000 -lgomp -lpthread -s'
 * LDFLAGS='-march=native -Ofast -pipe -g0 -fno-common -fgraphite-identity -floop-interchange -floop-nest-optimize -floop-parallelize-all -ftree-parallelize-loops=12 -ftree-vectorize -fdevirtualize-at-ltrans -fipa-pta -fno-semantic-interposition -flto=12 -fno-plt -fbranch-target-load-optimize2 -fcx-fortran-rules -fno-enforce-eh-specs -fnothrow-opt -fno-var-tracking-assignments -freschedule-modulo-scheduled-loops -fsched-pressure -fsched-spec-load -fsched-spec-load-dangerous -fsched-stalled-insns=0 -fsched2-use-superblocks -fselective-scheduling -fselective-scheduling2 -fsel-sched-pipelining -fsel-sched-pipelining-outer-loops -ftree-lrs -maccumulate-outgoing-args -fmerge-all-constants -falign-functions=32 -fno-stack-protector -fno-stack-clash-protection -fstack-check=no -fno-stack-check -fuse-linker-plugin -Wl,-O1 -Wl,--as-needed -Wl,--sort-common -Wl,-z -Wl,norelro -Wl,-z,max-page-size=0x1000 -lgomp -lpthread -s'
 * MAKEOPTS='-j12 -l12'
 * gcc () 11.0.0 20200618 (experimental)
 * g++ () 11.0.0 20200618 (experimental)
 * GNU ld (Gentoo 2.34 p4) 2.34.0
 * Linux rescue 5.4.36 #1 SMP Thu Apr 30 04:38:28 UTC 2020 x86_64 AMD Ryzen 5 3600 6-Core Processor AuthenticAMD GNU/Linux
virtual/package-manager: 1 minute, 2 seconds average for 11 merges
2020-05-26T01:28:46 >>> virtual/package-manager: 26 seconds
2020-05-27T02:33:25 >>> virtual/package-manager: 10 seconds
2020-05-31T00:01:48 >>> virtual/package-manager: 1 minute, 26 seconds
2020-06-01T10:34:44 >>> virtual/package-manager: 1 minute, 36 seconds
2020-06-09T04:06:11 >>> virtual/package-manager: 6 seconds
2020-06-12T02:19:56 >>> virtual/package-manager: 10 seconds
2020-06-13T19:19:16 >>> virtual/package-manager: 31 seconds
2020-06-13T21:01:52 >>> virtual/package-manager: 9 seconds
2020-06-15T14:28:33 >>> virtual/package-manager: 6 seconds
2020-06-16T17:54:34 >>> virtual/package-manager: 4 minutes, 54 seconds
2020-06-17T17:04:35 >>> virtual/package-manager: 1 minute, 58 seconds
]0;emerge 08:35:08 38|649 package-manager 02:19 (root@rescue)kemerge 08:35:08 38|649 package-manager 02:19 (root@rescue)\>>> Unpacking source...
>>> Source unpacked in /tmp/portage/virtual/package-manager-1/work
>>> Preparing source in /tmp/portage/virtual/package-manager-1/work ...
>>> Source prepared.
>>> Configuring source in /tmp/portage/virtual/package-manager-1/work ...
>>> Source configured.
>>> Compiling source in /tmp/portage/virtual/package-manager-1/work ...
>>> Source compiled.
>>> Test phase [not enabled]: virtual/package-manager-1

>>> Install virtual/package-manager-1 into /tmp/portage/virtual/package-manager-1/image
>>> Completed installing virtual/package-manager-1 into /tmp/portage/virtual/package-manager-1/image

 * Final size of build directory: 4 KiB
 * Final size of installed tree:  4 KiB

Parallel BZIP2 v1.1.13 [Dec 18, 2015]
By: Jeff Gilchrist [http://compression.ca]
Major contributions: Yavor Nikolov [http://javornikolov.wordpress.com]
Uses libbzip2 by Julian Seward

         # CPUs: 10
   Load Average: 1.60
 BWT Block Size: 200 KB
File Block Size: 900 KB
 Maximum Memory: 1024 MB
-------------------------------------------
         File #: 1 of 1
     Input Name: compressme
    Output Name: compressme.bz2

     Input Size: 3895 bytes
Compressing data (no threads)...
Completed: 100%                 Output Size: 918 bytes
-------------------------------------------

     Wall Clock: 0.001017 seconds
 * checking 0 files for package collisions
>>> Merging virtual/package-manager-1 to /
 * removing unneeded *.la files
>>> Safely unmerging already-installed instance...
>>> Original instance of package unmerged safely.
>>> virtual/package-manager-1 merged.
