 * Package:    virtual/perl-ExtUtils-CBuilder-0.280.231
 * Repository: gentoo
 * Maintainer: perl@gentoo.org
 * USE:        abi_x86_64 amd64 elibc_glibc kernel_linux userland_GNU
 * FEATURES:   ccache network-sandbox preserve-libs userpriv
 * /etc/portage/package.cflags/ltoworkarounds.conf -> */*: *FLAGS+=-Wl,-O4 *FLAGS-=-Wl,-O1
 * FEATURES='assume-digests binpkg-docompress binpkg-dostrip binpkg-logs buildpkg ccache cgroup compress-index config-protect-if-modified distlocks ebuild-locks fixlafiles merge-sync multilib-strict network-sandbox news nodoc parallel-fetch preserve-libs qa-unresolved-soname-deps sfperms strict strict-keepdir unknown-features-warn unmerge-logs unmerge-orphans userfetch userpriv usersync xattr'
 * CFLAGS='-O2 -pipe -Wl,-O4 -Wl,-O4,--sort-common,--as-needed,-z,norelro,-z,now'
 * CXXFLAGS='-O2 -pipe -Wl,-O4 -Wl,-O4,--sort-common,--as-needed,-z,norelro,-z,now'
 * FFLAGS='-O2 -pipe -Wl,-O4 -Wl,-O4,--sort-common,--as-needed,-z,norelro,-z,now'
 * FCFLAGS='-O2 -pipe -Wl,-O4 -Wl,-O4,--sort-common,--as-needed,-z,norelro,-z,now'
 * F77FLAGS='-O2 -pipe -Wl,-O4 -Wl,-O4,--sort-common,--as-needed,-z,norelro,-z,now'
 * LDFLAGS='-Wl,-O4,--sort-common,--as-needed,-z,norelro,-z,now'
 * MAKEOPTS='-j12 -l12'
 * gcc (Gentoo 11.0.0_pre9999 p1, commit 184c21bf1cd04a108ed9bd04635e7d57ac39f616) 11.0.0 20200611 (experimental)
 * g++ (Gentoo 11.0.0_pre9999 p1, commit 184c21bf1cd04a108ed9bd04635e7d57ac39f616) 11.0.0 20200611 (experimental)
 * GNU ld (Gentoo 2.34 p4) 2.34.0
 * Linux rescue 5.4.36 #1 SMP Thu Apr 30 04:38:28 UTC 2020 x86_64 AMD Ryzen 5 3600 6-Core Processor AuthenticAMD GNU/Linux
virtual/perl-ExtUtils-CBuilder: 7 seconds average for 15 merges
2020-05-15T03:39:00 >>> virtual/perl-ExtUtils-CBuilder: 5 seconds
2020-05-16T21:23:51 >>> virtual/perl-ExtUtils-CBuilder: 7 seconds
2020-05-20T01:19:09 >>> virtual/perl-ExtUtils-CBuilder: 6 seconds
2020-05-21T06:41:24 >>> virtual/perl-ExtUtils-CBuilder: 6 seconds
2020-05-23T11:43:53 >>> virtual/perl-ExtUtils-CBuilder: 10 seconds
2020-05-24T23:51:36 >>> virtual/perl-ExtUtils-CBuilder: 9 seconds
2020-05-25T18:45:58 >>> virtual/perl-ExtUtils-CBuilder: 10 seconds
2020-05-25T20:10:08 >>> virtual/perl-ExtUtils-CBuilder: 10 seconds
2020-05-26T14:14:56 >>> virtual/perl-ExtUtils-CBuilder: 6 seconds
2020-05-27T01:52:55 >>> virtual/perl-ExtUtils-CBuilder: 6 seconds
2020-05-27T03:33:28 >>> virtual/perl-ExtUtils-CBuilder: 10 seconds
2020-05-29T01:58:16 >>> virtual/perl-ExtUtils-CBuilder: 8 seconds
2020-05-30T12:53:13 >>> virtual/perl-ExtUtils-CBuilder: 10 seconds
2020-06-01T02:04:58 >>> virtual/perl-ExtUtils-CBuilder: 10 seconds
2020-06-12T01:47:23 >>> virtual/perl-ExtUtils-CBuilder: 5 seconds
]0;emerge 03:34:56 197|907 perl-ExtUtils-CBuilder 00:08 (root@rescue)kemerge 03:34:56 197|907 perl-ExtUtils-CBuilder 00:08 (root@rescue)\>>> Unpacking source...
>>> Source unpacked in /tmp/portage/virtual/perl-ExtUtils-CBuilder-0.280.231/work
>>> Preparing source in /tmp/portage/virtual/perl-ExtUtils-CBuilder-0.280.231/work ...
>>> Source prepared.
>>> Configuring source in /tmp/portage/virtual/perl-ExtUtils-CBuilder-0.280.231/work ...
>>> Source configured.
>>> Compiling source in /tmp/portage/virtual/perl-ExtUtils-CBuilder-0.280.231/work ...
>>> Source compiled.
>>> Test phase [not enabled]: virtual/perl-ExtUtils-CBuilder-0.280.231

>>> Install virtual/perl-ExtUtils-CBuilder-0.280.231 into /tmp/portage/virtual/perl-ExtUtils-CBuilder-0.280.231/image/
>>> Completed installing virtual/perl-ExtUtils-CBuilder-0.280.231 into /tmp/portage/virtual/perl-ExtUtils-CBuilder-0.280.231/image/

 * Final size of build directory: 4 KiB
 * Final size of installed tree:  4 KiB

 * checking 0 files for package collisions
>>> Merging virtual/perl-ExtUtils-CBuilder-0.280.231 to /
 * removing unneeded *.la files
>>> Safely unmerging already-installed instance...
>>> Original instance of package unmerged safely.
>>> virtual/perl-ExtUtils-CBuilder-0.280.231 merged.
