 * Package:    virtual/perl-Pod-Parser-1.630.0-r6
 * Repository: gentoo
 * Maintainer: perl@gentoo.org
 * USE:        abi_x86_64 amd64 elibc_glibc kernel_linux userland_GNU
 * FEATURES:   ccache network-sandbox preserve-libs userpriv
 * /etc/portage/package.cflags/ltoworkarounds.conf -> */*: *FLAGS+=-Wl,-O4 *FLAGS-=-Wl,-O1
 * FEATURES='assume-digests binpkg-docompress binpkg-dostrip binpkg-logs buildpkg ccache cgroup compress-index config-protect-if-modified distlocks ebuild-locks fixlafiles merge-sync multilib-strict network-sandbox news nodoc parallel-fetch preserve-libs qa-unresolved-soname-deps sfperms strict strict-keepdir unknown-features-warn unmerge-logs unmerge-orphans userfetch userpriv usersync xattr'
 * CFLAGS='-O2 -pipe -Wl,-O4 -Wl,-O4,--sort-common,--as-needed,-z,norelro,-z,now'
 * CXXFLAGS='-O2 -pipe -Wl,-O4 -Wl,-O4,--sort-common,--as-needed,-z,norelro,-z,now'
 * FFLAGS='-O2 -pipe -Wl,-O4 -Wl,-O4,--sort-common,--as-needed,-z,norelro,-z,now'
 * FCFLAGS='-O2 -pipe -Wl,-O4 -Wl,-O4,--sort-common,--as-needed,-z,norelro,-z,now'
 * F77FLAGS='-O2 -pipe -Wl,-O4 -Wl,-O4,--sort-common,--as-needed,-z,norelro,-z,now'
 * LDFLAGS='-Wl,-O4,--sort-common,--as-needed,-z,norelro,-z,now'
 * MAKEOPTS='-j12 -l12'
 * gcc (Gentoo 11.0.0_pre9999 p1, commit 184c21bf1cd04a108ed9bd04635e7d57ac39f616) 11.0.0 20200611 (experimental)
 * g++ (Gentoo 11.0.0_pre9999 p1, commit 184c21bf1cd04a108ed9bd04635e7d57ac39f616) 11.0.0 20200611 (experimental)
 * GNU ld (Gentoo 2.34 p4) 2.34.0
 * Linux rescue 5.4.36 #1 SMP Thu Apr 30 04:38:28 UTC 2020 x86_64 AMD Ryzen 5 3600 6-Core Processor AuthenticAMD GNU/Linux
virtual/perl-Pod-Parser: 9 seconds average for 8 merges
2020-05-20T00:21:48 >>> virtual/perl-Pod-Parser: 7 seconds
2020-05-21T06:41:49 >>> virtual/perl-Pod-Parser: 6 seconds
2020-05-23T03:47:23 >>> virtual/perl-Pod-Parser: 9 seconds
2020-05-25T18:38:21 >>> virtual/perl-Pod-Parser: 9 seconds
2020-05-26T14:15:50 >>> virtual/perl-Pod-Parser: 7 seconds
2020-05-27T03:26:14 >>> virtual/perl-Pod-Parser: 10 seconds
2020-05-30T13:00:37 >>> virtual/perl-Pod-Parser: 13 seconds
2020-06-01T02:01:39 >>> virtual/perl-Pod-Parser: 13 seconds
]0;emerge 03:38:25 219|907 perl-Pod-Parser 00:12 (root@rescue)kemerge 03:38:25 219|907 perl-Pod-Parser 00:12 (root@rescue)\>>> Unpacking source...
>>> Source unpacked in /tmp/portage/virtual/perl-Pod-Parser-1.630.0-r6/work
>>> Preparing source in /tmp/portage/virtual/perl-Pod-Parser-1.630.0-r6/work ...
>>> Source prepared.
>>> Configuring source in /tmp/portage/virtual/perl-Pod-Parser-1.630.0-r6/work ...
>>> Source configured.
>>> Compiling source in /tmp/portage/virtual/perl-Pod-Parser-1.630.0-r6/work ...
>>> Source compiled.
>>> Test phase [not enabled]: virtual/perl-Pod-Parser-1.630.0-r6

>>> Install virtual/perl-Pod-Parser-1.630.0-r6 into /tmp/portage/virtual/perl-Pod-Parser-1.630.0-r6/image/
>>> Completed installing virtual/perl-Pod-Parser-1.630.0-r6 into /tmp/portage/virtual/perl-Pod-Parser-1.630.0-r6/image/

 * Final size of build directory: 4 KiB
 * Final size of installed tree:  4 KiB

 * checking 0 files for package collisions
>>> Merging virtual/perl-Pod-Parser-1.630.0-r6 to /
 * removing unneeded *.la files
>>> Safely unmerging already-installed instance...
>>> Original instance of package unmerged safely.
>>> virtual/perl-Pod-Parser-1.630.0-r6 merged.
