 * Package:    virtual/perl-libnet-3.110.0-r2
 * Repository: gentoo
 * Maintainer: perl@gentoo.org
 * USE:        abi_x86_64 amd64 elibc_glibc kernel_linux userland_GNU
 * FEATURES:   network-sandbox preserve-libs sandbox userpriv usersandbox
 * FEATURES='assume-digests binpkg-docompress binpkg-dostrip binpkg-logs buildpkg cgroup compress-index config-protect-if-modified distlocks ebuild-locks fixlafiles ipc-sandbox merge-sync multilib-strict network-sandbox news nodoc parallel-fetch pid-sandbox preserve-libs qa-unresolved-soname-deps sandbox sfperms strict strict-keepdir unknown-features-warn unmerge-logs unmerge-orphans userfetch userpriv usersandbox usersync xattr'
 * CFLAGS='-march=native -Ofast -pipe -g0 -fno-common -fgraphite-identity -floop-interchange -floop-nest-optimize -floop-parallelize-all -ftree-parallelize-loops=12 -ftree-vectorize -fdevirtualize-at-ltrans -fipa-pta -fno-semantic-interposition -flto=12 -fno-plt -fbranch-target-load-optimize2 -fcx-fortran-rules -fno-var-tracking-assignments -freschedule-modulo-scheduled-loops -fsched-pressure -fsched-spec-load -fsched-spec-load-dangerous -fsched-stalled-insns=0 -fsched2-use-superblocks -fselective-scheduling -fselective-scheduling2 -fsel-sched-pipelining -fsel-sched-pipelining-outer-loops -ftree-lrs -maccumulate-outgoing-args -fmerge-all-constants -falign-functions=32 -fno-stack-protector -fno-stack-clash-protection -fstack-check=no -fno-stack-check -fuse-linker-plugin -Wl,-O1 -Wl,--as-needed -Wl,--sort-common -Wl,-z -Wl,norelro -Wl,-z,max-page-size=0x1000 -lgomp -lpthread -s'
 * CXXFLAGS='-march=native -Ofast -pipe -g0 -fno-common -fgraphite-identity -floop-interchange -floop-nest-optimize -floop-parallelize-all -ftree-parallelize-loops=12 -ftree-vectorize -fdevirtualize-at-ltrans -fipa-pta -fno-semantic-interposition -flto=12 -fno-plt -fbranch-target-load-optimize2 -fcx-fortran-rules -fno-enforce-eh-specs -fnothrow-opt -fno-var-tracking-assignments -freschedule-modulo-scheduled-loops -fsched-pressure -fsched-spec-load -fsched-spec-load-dangerous -fsched-stalled-insns=0 -fsched2-use-superblocks -fselective-scheduling -fselective-scheduling2 -fsel-sched-pipelining -fsel-sched-pipelining-outer-loops -ftree-lrs -maccumulate-outgoing-args -fmerge-all-constants -falign-functions=32 -fno-stack-protector -fno-stack-clash-protection -fstack-check=no -fno-stack-check -fuse-linker-plugin -Wl,-O1 -Wl,--as-needed -Wl,--sort-common -Wl,-z -Wl,norelro -Wl,-z,max-page-size=0x1000 -lgomp -lpthread -s'
 * FFLAGS='-march=native -Ofast -pipe -g0 -fno-common -fgraphite-identity -floop-interchange -floop-nest-optimize -floop-parallelize-all -ftree-parallelize-loops=12 -ftree-vectorize -fdevirtualize-at-ltrans -fipa-pta -fno-semantic-interposition -flto=12 -fno-plt -fbranch-target-load-optimize2 -fcx-fortran-rules -fno-var-tracking-assignments -freschedule-modulo-scheduled-loops -fsched-pressure -fsched-spec-load -fsched-spec-load-dangerous -fsched-stalled-insns=0 -fsched2-use-superblocks -fselective-scheduling -fselective-scheduling2 -fsel-sched-pipelining -fsel-sched-pipelining-outer-loops -ftree-lrs -maccumulate-outgoing-args -fmerge-all-constants -falign-functions=32 -fno-stack-protector -fno-stack-clash-protection -fstack-check=no -fno-stack-check -fuse-linker-plugin -Wl,-O1 -Wl,--as-needed -Wl,--sort-common -Wl,-z -Wl,norelro -Wl,-z,max-page-size=0x1000 -lgomp -lpthread -s'
 * FCFLAGS='-march=native -Ofast -pipe -g0 -fno-common -fgraphite-identity -floop-interchange -floop-nest-optimize -floop-parallelize-all -ftree-parallelize-loops=12 -ftree-vectorize -fdevirtualize-at-ltrans -fipa-pta -fno-semantic-interposition -flto=12 -fno-plt -fbranch-target-load-optimize2 -fcx-fortran-rules -fno-var-tracking-assignments -freschedule-modulo-scheduled-loops -fsched-pressure -fsched-spec-load -fsched-spec-load-dangerous -fsched-stalled-insns=0 -fsched2-use-superblocks -fselective-scheduling -fselective-scheduling2 -fsel-sched-pipelining -fsel-sched-pipelining-outer-loops -ftree-lrs -maccumulate-outgoing-args -fmerge-all-constants -falign-functions=32 -fno-stack-protector -fno-stack-clash-protection -fstack-check=no -fno-stack-check -fuse-linker-plugin -Wl,-O1 -Wl,--as-needed -Wl,--sort-common -Wl,-z -Wl,norelro -Wl,-z,max-page-size=0x1000 -lgomp -lpthread -s'
 * F77FLAGS='-march=native -Ofast -pipe -g0 -fno-common -fgraphite-identity -floop-interchange -floop-nest-optimize -floop-parallelize-all -ftree-parallelize-loops=12 -ftree-vectorize -fdevirtualize-at-ltrans -fipa-pta -fno-semantic-interposition -flto=12 -fno-plt -fbranch-target-load-optimize2 -fcx-fortran-rules -fno-enforce-eh-specs -fnothrow-opt -fno-var-tracking-assignments -freschedule-modulo-scheduled-loops -fsched-pressure -fsched-spec-load -fsched-spec-load-dangerous -fsched-stalled-insns=0 -fsched2-use-superblocks -fselective-scheduling -fselective-scheduling2 -fsel-sched-pipelining -fsel-sched-pipelining-outer-loops -ftree-lrs -maccumulate-outgoing-args -fmerge-all-constants -falign-functions=32 -fno-stack-protector -fno-stack-clash-protection -fstack-check=no -fno-stack-check -fuse-linker-plugin -Wl,-O1 -Wl,--as-needed -Wl,--sort-common -Wl,-z -Wl,norelro -Wl,-z,max-page-size=0x1000 -lgomp -lpthread -s'
 * LDFLAGS='-march=native -Ofast -pipe -g0 -fno-common -fgraphite-identity -floop-interchange -floop-nest-optimize -floop-parallelize-all -ftree-parallelize-loops=12 -ftree-vectorize -fdevirtualize-at-ltrans -fipa-pta -fno-semantic-interposition -flto=12 -fno-plt -fbranch-target-load-optimize2 -fcx-fortran-rules -fno-enforce-eh-specs -fnothrow-opt -fno-var-tracking-assignments -freschedule-modulo-scheduled-loops -fsched-pressure -fsched-spec-load -fsched-spec-load-dangerous -fsched-stalled-insns=0 -fsched2-use-superblocks -fselective-scheduling -fselective-scheduling2 -fsel-sched-pipelining -fsel-sched-pipelining-outer-loops -ftree-lrs -maccumulate-outgoing-args -fmerge-all-constants -falign-functions=32 -fno-stack-protector -fno-stack-clash-protection -fstack-check=no -fno-stack-check -fuse-linker-plugin -Wl,-O1 -Wl,--as-needed -Wl,--sort-common -Wl,-z -Wl,norelro -Wl,-z,max-page-size=0x1000 -lgomp -lpthread -s'
 * MAKEOPTS='-j12 -l12'
 * gcc () 11.0.0 20200618 (experimental)
 * g++ () 11.0.0 20200618 (experimental)
 * GNU ld (Gentoo 2.34 p4) 2.34.0
 * Linux rescue 5.4.36 #1 SMP Thu Apr 30 04:38:28 UTC 2020 x86_64 AMD Ryzen 5 3600 6-Core Processor AuthenticAMD GNU/Linux
virtual/perl-libnet: 8 seconds average for 22 merges
2020-05-15T03:54:59 >>> virtual/perl-libnet: 5 seconds
2020-05-16T20:52:36 >>> virtual/perl-libnet: 8 seconds
2020-05-20T01:17:06 >>> virtual/perl-libnet: 6 seconds
2020-05-21T06:38:49 >>> virtual/perl-libnet: 5 seconds
2020-05-23T11:44:21 >>> virtual/perl-libnet: 9 seconds
2020-05-24T23:57:41 >>> virtual/perl-libnet: 9 seconds
2020-05-25T18:38:43 >>> virtual/perl-libnet: 9 seconds
2020-05-25T20:07:43 >>> virtual/perl-libnet: 9 seconds
2020-05-26T14:12:44 >>> virtual/perl-libnet: 6 seconds
2020-05-27T01:50:58 >>> virtual/perl-libnet: 5 seconds
2020-05-27T03:22:57 >>> virtual/perl-libnet: 14 seconds
2020-05-29T01:58:08 >>> virtual/perl-libnet: 8 seconds
2020-05-30T12:52:39 >>> virtual/perl-libnet: 10 seconds
2020-06-01T02:00:53 >>> virtual/perl-libnet: 12 seconds
2020-06-12T01:45:01 >>> virtual/perl-libnet: 4 seconds
2020-06-13T03:45:07 >>> virtual/perl-libnet: 11 seconds
2020-06-13T20:23:30 >>> virtual/perl-libnet: 5 seconds
2020-06-14T05:03:56 >>> virtual/perl-libnet: 18 seconds
2020-06-15T14:01:57 >>> virtual/perl-libnet: 5 seconds
2020-06-16T13:49:51 >>> virtual/perl-libnet: 10 seconds
2020-06-17T03:21:09 >>> virtual/perl-libnet: 8 seconds
2020-06-17T14:00:46 >>> virtual/perl-libnet: 10 seconds
]0;emerge 08:43:21 84|649 perl-libnet 00:09 (root@rescue)kemerge 08:43:21 84|649 perl-libnet 00:09 (root@rescue)\>>> Unpacking source...
>>> Source unpacked in /tmp/portage/virtual/perl-libnet-3.110.0-r2/work
>>> Preparing source in /tmp/portage/virtual/perl-libnet-3.110.0-r2/work ...
>>> Source prepared.
>>> Configuring source in /tmp/portage/virtual/perl-libnet-3.110.0-r2/work ...
>>> Source configured.
>>> Compiling source in /tmp/portage/virtual/perl-libnet-3.110.0-r2/work ...
>>> Source compiled.
>>> Test phase [not enabled]: virtual/perl-libnet-3.110.0-r2

>>> Install virtual/perl-libnet-3.110.0-r2 into /tmp/portage/virtual/perl-libnet-3.110.0-r2/image
>>> Completed installing virtual/perl-libnet-3.110.0-r2 into /tmp/portage/virtual/perl-libnet-3.110.0-r2/image

 * Final size of build directory: 4 KiB
 * Final size of installed tree:  4 KiB

Parallel BZIP2 v1.1.13 [Dec 18, 2015]
By: Jeff Gilchrist [http://compression.ca]
Major contributions: Yavor Nikolov [http://javornikolov.wordpress.com]
Uses libbzip2 by Julian Seward

         # CPUs: 10
   Load Average: 1.69
 BWT Block Size: 200 KB
File Block Size: 900 KB
 Maximum Memory: 1024 MB
-------------------------------------------
         File #: 1 of 1
     Input Name: compressme
    Output Name: compressme.bz2

     Input Size: 3895 bytes
Compressing data (no threads)...
Completed: 100%                 Output Size: 918 bytes
-------------------------------------------

     Wall Clock: 0.000949 seconds
 * checking 0 files for package collisions
>>> Merging virtual/perl-libnet-3.110.0-r2 to /
 * removing unneeded *.la files
>>> Safely unmerging already-installed instance...
>>> Original instance of package unmerged safely.
>>> virtual/perl-libnet-3.110.0-r2 merged.
