>>> Extracting info
 * Package:    virtual/perl-File-Path-2.160.0
 * Repository: gentoo
 * USE:        amd64 userland_GNU abi_x86_64 elibc_glibc kernel_linux
 * FEATURES:   ccache preserve-libs userpriv
 * FEATURES='assume-digests binpkg-docompress binpkg-dostrip binpkg-logs buildpkg ccache cgroup compress-index config-protect-if-modified distlocks ebuild-locks fixlafiles merge-sync multilib-strict news nodoc parallel-fetch preserve-libs qa-unresolved-soname-deps sfperms strict strict-keepdir unknown-features-warn unmerge-logs unmerge-orphans userfetch userpriv usersync xattr'
 * CFLAGS='-march=znver2 -O2 -pipe -g0 -fno-semantic-interposition -fno-plt -falign-functions=32 -fno-stack-protector -fno-stack-clash-protection -fstack-check=no -fno-stack-check -Wl,-O4 -Wl,-O4,--sort-common,--as-needed,-z,norelro,-z,now'
 * CXXFLAGS='-march=znver2 -O2 -pipe -g0 -fno-semantic-interposition -fno-plt -falign-functions=32 -fno-stack-protector -fno-stack-clash-protection -fstack-check=no -fno-stack-check -Wl,-O4 -Wl,-O4,--sort-common,--as-needed,-z,norelro,-z,now'
 * FFLAGS='-march=znver2 -O2 -pipe -g0 -fno-semantic-interposition -fno-plt -falign-functions=32 -fno-stack-protector -fno-stack-clash-protection -fstack-check=no -fno-stack-check -Wl,-O4 -Wl,-O4,--sort-common,--as-needed,-z,norelro,-z,now'
 * FCFLAGS='-march=znver2 -O2 -pipe -g0 -fno-semantic-interposition -fno-plt -falign-functions=32 -fno-stack-protector -fno-stack-clash-protection -fstack-check=no -fno-stack-check -Wl,-O4 -Wl,-O4,--sort-common,--as-needed,-z,norelro,-z,now'
 * F77FLAGS='-march=znver2 -O2 -pipe -g0 -fno-semantic-interposition -fno-plt -falign-functions=32 -fno-stack-protector -fno-stack-clash-protection -fstack-check=no -fno-stack-check -Wl,-O4 -Wl,-O4,--sort-common,--as-needed,-z,norelro,-z,now'
 * LDFLAGS='-Wl,-O4,--sort-common,--as-needed,-z,norelro,-z,now'
 * MAKEOPTS='-j12 -l12'
 * gcc (Gentoo 11.0.0_pre9999 p1, commit 184c21bf1cd04a108ed9bd04635e7d57ac39f616) 11.0.0 20200611 (experimental)
 * g++ (Gentoo 11.0.0_pre9999 p1, commit 184c21bf1cd04a108ed9bd04635e7d57ac39f616) 11.0.0 20200611 (experimental)
 * GNU ld (Gentoo 2.34 p4) 2.34.0
 * Linux rescue 5.4.36 #1 SMP Thu Apr 30 04:38:28 UTC 2020 x86_64 AMD Ryzen 5 3600 6-Core Processor AuthenticAMD GNU/Linux
virtual/perl-File-Path: 7 seconds average for 16 merges
2020-05-15T03:41:09 >>> virtual/perl-File-Path: 5 seconds
2020-05-16T20:55:20 >>> virtual/perl-File-Path: 7 seconds
2020-05-20T01:17:18 >>> virtual/perl-File-Path: 5 seconds
2020-05-21T06:38:59 >>> virtual/perl-File-Path: 5 seconds
2020-05-23T12:33:57 >>> virtual/perl-File-Path: 9 seconds
2020-05-24T23:49:53 >>> virtual/perl-File-Path: 9 seconds
2020-05-25T18:40:46 >>> virtual/perl-File-Path: 9 seconds
2020-05-25T20:14:08 >>> virtual/perl-File-Path: 9 seconds
2020-05-26T14:12:56 >>> virtual/perl-File-Path: 6 seconds
2020-05-27T01:50:40 >>> virtual/perl-File-Path: 6 seconds
2020-05-27T03:19:41 >>> virtual/perl-File-Path: 9 seconds
2020-05-29T02:18:19 >>> virtual/perl-File-Path: 8 seconds
2020-05-30T13:03:44 >>> virtual/perl-File-Path: 14 seconds
2020-06-01T02:02:38 >>> virtual/perl-File-Path: 13 seconds
2020-06-12T01:45:10 >>> virtual/perl-File-Path: 5 seconds
2020-06-13T03:34:36 >>> virtual/perl-File-Path: 6 seconds
]0;emerge 20:26:03 400|882 perl-File-Path 00:08 (root@rescue)>>> Extracting virtual/perl-File-Path-2.160.0
 * checking 0 files for package collisions
>>> Merging virtual/perl-File-Path-2.160.0 to /
 * removing unneeded *.la files
>>> Safely unmerging already-installed instance...
>>> Original instance of package unmerged safely.
>>> virtual/perl-File-Path-2.160.0 merged.
