 * Package:    virtual/pkgconfig-2
 * Repository: gentoo
 * Maintainer: freedesktop-bugs@gentoo.org embedded@gentoo.org
 * USE:        abi_x86_64 amd64 elibc_glibc kernel_linux userland_GNU
 * FEATURES:   network-sandbox preserve-libs sandbox userpriv usersandbox
 * FEATURES='assume-digests binpkg-docompress binpkg-dostrip binpkg-logs buildpkg cgroup compress-index config-protect-if-modified distlocks ebuild-locks fixlafiles ipc-sandbox merge-sync multilib-strict network-sandbox news nodoc parallel-fetch pid-sandbox preserve-libs qa-unresolved-soname-deps sandbox sfperms strict strict-keepdir unknown-features-warn unmerge-logs unmerge-orphans userfetch userpriv usersandbox usersync xattr'
 * CFLAGS='-march=znver2 -Ofast -pipe -g0 -fno-common -fgraphite-identity -floop-interchange -floop-nest-optimize -floop-parallelize-all -ftree-parallelize-loops=12 -ftree-vectorize -fdevirtualize-at-ltrans -fipa-pta -fno-semantic-interposition -flto=12 -fno-plt -falign-functions=32 -fno-stack-protector -fno-stack-clash-protection -fstack-check=no -fno-stack-check -fuse-linker-plugin -Wl,-O4,--sort-common,--as-needed,-z,norelro,-z,now,-lgomp,-lpthread -s'
 * CXXFLAGS='-march=znver2 -Ofast -pipe -g0 -fno-common -fgraphite-identity -floop-interchange -floop-nest-optimize -floop-parallelize-all -ftree-parallelize-loops=12 -ftree-vectorize -fdevirtualize-at-ltrans -fipa-pta -fno-semantic-interposition -flto=12 -fno-plt -falign-functions=32 -fno-stack-protector -fno-stack-clash-protection -fstack-check=no -fno-stack-check -fuse-linker-plugin -Wl,-O4,--sort-common,--as-needed,-z,norelro,-z,now,-lgomp,-lpthread -s'
 * FFLAGS='-march=znver2 -Ofast -pipe -g0 -fno-common -fgraphite-identity -floop-interchange -floop-nest-optimize -floop-parallelize-all -ftree-parallelize-loops=12 -ftree-vectorize -fdevirtualize-at-ltrans -fipa-pta -fno-semantic-interposition -flto=12 -fno-plt -falign-functions=32 -fno-stack-protector -fno-stack-clash-protection -fstack-check=no -fno-stack-check -fuse-linker-plugin -Wl,-O4,--sort-common,--as-needed,-z,norelro,-z,now,-lgomp,-lpthread -s'
 * FCFLAGS='-march=znver2 -Ofast -pipe -g0 -fno-common -fgraphite-identity -floop-interchange -floop-nest-optimize -floop-parallelize-all -ftree-parallelize-loops=12 -ftree-vectorize -fdevirtualize-at-ltrans -fipa-pta -fno-semantic-interposition -flto=12 -fno-plt -falign-functions=32 -fno-stack-protector -fno-stack-clash-protection -fstack-check=no -fno-stack-check -fuse-linker-plugin -Wl,-O4,--sort-common,--as-needed,-z,norelro,-z,now,-lgomp,-lpthread -s'
 * F77FLAGS='-march=znver2 -Ofast -pipe -g0 -fno-common -fgraphite-identity -floop-interchange -floop-nest-optimize -floop-parallelize-all -ftree-parallelize-loops=12 -ftree-vectorize -fdevirtualize-at-ltrans -fipa-pta -fno-semantic-interposition -flto=12 -fno-plt -falign-functions=32 -fno-stack-protector -fno-stack-clash-protection -fstack-check=no -fno-stack-check -fuse-linker-plugin -Wl,-O4,--sort-common,--as-needed,-z,norelro,-z,now,-lgomp,-lpthread -s'
 * LDFLAGS='-Wl,-O4,--sort-common,--as-needed,-z,norelro,-z,now,-lgomp,-lpthread -s -march=znver2 -Ofast -pipe -g0 -fno-common -fgraphite-identity -floop-interchange -floop-nest-optimize -floop-parallelize-all -ftree-parallelize-loops=12 -ftree-vectorize -fdevirtualize-at-ltrans -fipa-pta -fno-semantic-interposition -flto=12 -fno-plt -falign-functions=32 -fno-stack-protector -fno-stack-clash-protection -fstack-check=no -fno-stack-check -fuse-linker-plugin'
 * MAKEOPTS='-j12 -l12'
 * gcc () 11.0.0 20200616 (experimental)
 * g++ () 11.0.0 20200616 (experimental)
 * GNU ld (Gentoo 2.34 p4) 2.34.0
 * Linux rescue 5.4.36 #1 SMP Thu Apr 30 04:38:28 UTC 2020 x86_64 AMD Ryzen 5 3600 6-Core Processor AuthenticAMD GNU/Linux
virtual/pkgconfig: 26 seconds average for 27 merges
2020-05-15T03:34:19 >>> virtual/pkgconfig: 6 seconds
2020-05-16T18:58:19 >>> virtual/pkgconfig: 8 seconds
2020-05-16T20:57:24 >>> virtual/pkgconfig: 8 seconds
2020-05-20T01:35:46 >>> virtual/pkgconfig: 6 seconds
2020-05-21T06:27:16 >>> virtual/pkgconfig: 5 seconds
2020-05-24T05:07:06 >>> virtual/pkgconfig: 9 seconds
2020-05-24T21:07:29 >>> virtual/pkgconfig: 6 seconds
2020-05-24T22:10:32 >>> virtual/pkgconfig: 5 seconds
2020-05-24T23:33:03 >>> virtual/pkgconfig: 5 minutes, 15 seconds
2020-05-25T03:08:14 >>> virtual/pkgconfig: 8 seconds
2020-05-25T14:43:02 >>> virtual/pkgconfig: 7 seconds
2020-05-25T18:22:47 >>> virtual/pkgconfig: 2 minutes, 10 seconds
2020-05-25T20:02:25 >>> virtual/pkgconfig: 1 minute, 14 seconds
2020-05-26T14:29:22 >>> virtual/pkgconfig: 6 seconds
2020-05-27T02:05:57 >>> virtual/pkgconfig: 6 seconds
2020-05-27T03:33:38 >>> virtual/pkgconfig: 9 seconds
2020-05-29T02:04:05 >>> virtual/pkgconfig: 8 seconds
2020-05-30T12:49:05 >>> virtual/pkgconfig: 10 seconds
2020-06-01T02:15:19 >>> virtual/pkgconfig: 11 seconds
2020-06-12T01:58:11 >>> virtual/pkgconfig: 5 seconds
2020-06-13T03:40:25 >>> virtual/pkgconfig: 10 seconds
2020-06-13T20:37:13 >>> virtual/pkgconfig: 18 seconds
2020-06-14T03:24:54 >>> virtual/pkgconfig: 7 seconds
2020-06-14T05:00:09 >>> virtual/pkgconfig: 7 seconds
2020-06-15T14:14:04 >>> virtual/pkgconfig: 5 seconds
2020-06-16T00:40:39 >>> virtual/pkgconfig: 21 seconds
2020-06-16T13:52:37 >>> virtual/pkgconfig: 8 seconds
]0;emerge 03:24:19 144|566 pkgconfig 00:11 (root@rescue)>>> Unpacking source...
>>> Source unpacked in /tmp/portage/virtual/pkgconfig-2/work
>>> Preparing source in /tmp/portage/virtual/pkgconfig-2/work ...
>>> Source prepared.
>>> Configuring source in /tmp/portage/virtual/pkgconfig-2/work ...
>>> Source configured.
>>> Compiling source in /tmp/portage/virtual/pkgconfig-2/work ...
>>> Source compiled.
>>> Test phase [not enabled]: virtual/pkgconfig-2

>>> Install virtual/pkgconfig-2 into /tmp/portage/virtual/pkgconfig-2/image
>>> Completed installing virtual/pkgconfig-2 into /tmp/portage/virtual/pkgconfig-2/image

 * Final size of build directory: 4 KiB
 * Final size of installed tree:  4 KiB

Parallel BZIP2 v1.1.13 [Dec 18, 2015]
By: Jeff Gilchrist [http://compression.ca]
Major contributions: Yavor Nikolov [http://javornikolov.wordpress.com]
Uses libbzip2 by Julian Seward

         # CPUs: 11
   Load Average: 1.32
 BWT Block Size: 200 KB
File Block Size: 900 KB
 Maximum Memory: 1024 MB
-------------------------------------------
         File #: 1 of 1
     Input Name: compressme
    Output Name: compressme.bz2

     Input Size: 3895 bytes
Compressing data (no threads)...
Completed: 100%                 Output Size: 918 bytes
-------------------------------------------

     Wall Clock: 0.001081 seconds
 * checking 0 files for package collisions
>>> Merging virtual/pkgconfig-2 to /
 * removing unneeded *.la files
>>> Safely unmerging already-installed instance...
>>> Original instance of package unmerged safely.
>>> virtual/pkgconfig-2 merged.
