[32;01m * [39;49;00mPackage:    virtual/w3m-0
[32;01m * [39;49;00mRepository: gentoo
[32;01m * [39;49;00mMaintainer: cjk@gentoo.org
[32;01m * [39;49;00mUSE:        abi_x86_64 amd64 elibc_glibc kernel_linux userland_GNU
[32;01m * [39;49;00mFEATURES:   network-sandbox preserve-libs sandbox userpriv usersandbox
>>> Unpacking source...
>>> Source unpacked in /tmp/portage/virtual/w3m-0/work
>>> Preparing source in /tmp/portage/virtual/w3m-0/work ...
>>> Source prepared.
>>> Configuring source in /tmp/portage/virtual/w3m-0/work ...
>>> Source configured.
>>> Compiling source in /tmp/portage/virtual/w3m-0/work ...
>>> Source compiled.
>>> Test phase [not enabled]: virtual/w3m-0

>>> Install virtual/w3m-0 into /tmp/portage/virtual/w3m-0/image/
>>> Completed installing virtual/w3m-0 into /tmp/portage/virtual/w3m-0/image/

 [32;01m*[0m Final size of build directory: 4 KiB
 [32;01m*[0m Final size of installed tree:  4 KiB

./
>>> Done.
 [32;01m*[39;49;00m checking 0 files for package collisions
>>> Merging virtual/w3m-0 to /
>>> virtual/w3m-0 merged.
>>> Regenerating /etc/ld.so.cache...
