>>> Extracting info
 * Package:    virtual/opencl-3-r1
 * Repository: gentoo
 * USE:        kernel_linux userland_GNU elibc_glibc amd64 abi_x86_64
 * FEATURES:   network-sandbox preserve-libs sandbox userpriv usersandbox
 * FEATURES='assume-digests binpkg-docompress binpkg-dostrip binpkg-logs buildpkg cgroup compress-index config-protect-if-modified distlocks ebuild-locks fixlafiles ipc-sandbox merge-sync multilib-strict network-sandbox news nodoc parallel-fetch pid-sandbox preserve-libs qa-unresolved-soname-deps sandbox sfperms strict strict-keepdir unknown-features-warn unmerge-logs unmerge-orphans userfetch userpriv usersandbox usersync xattr'
 * CFLAGS='-march=znver2 -O2 -pipe -g0 -fno-semantic-interposition -fno-plt -falign-functions=32 -fno-stack-protector -fno-stack-clash-protection -fstack-check=no -fno-stack-check -Wl,-O4 -Wl,-O4,--sort-common,--as-needed,-z,norelro,-z,now'
 * CXXFLAGS='-march=znver2 -O2 -pipe -g0 -fno-semantic-interposition -fno-plt -falign-functions=32 -fno-stack-protector -fno-stack-clash-protection -fstack-check=no -fno-stack-check -Wl,-O4 -Wl,-O4,--sort-common,--as-needed,-z,norelro,-z,now'
 * FFLAGS='-march=znver2 -O2 -pipe -g0 -fno-semantic-interposition -fno-plt -falign-functions=32 -fno-stack-protector -fno-stack-clash-protection -fstack-check=no -fno-stack-check -Wl,-O4 -Wl,-O4,--sort-common,--as-needed,-z,norelro,-z,now'
 * FCFLAGS='-march=znver2 -O2 -pipe -g0 -fno-semantic-interposition -fno-plt -falign-functions=32 -fno-stack-protector -fno-stack-clash-protection -fstack-check=no -fno-stack-check -Wl,-O4 -Wl,-O4,--sort-common,--as-needed,-z,norelro,-z,now'
 * F77FLAGS='-march=znver2 -O2 -pipe -g0 -fno-semantic-interposition -fno-plt -falign-functions=32 -fno-stack-protector -fno-stack-clash-protection -fstack-check=no -fno-stack-check -Wl,-O4 -Wl,-O4,--sort-common,--as-needed,-z,norelro,-z,now'
 * LDFLAGS='-Wl,-O4,--sort-common,--as-needed,-z,norelro,-z,now'
 * MAKEOPTS='-j12 -l12'
 * gcc (Gentoo 10.1.0-r1 p2) 10.1.0
 * g++ (Gentoo 10.1.0-r1 p2) 10.1.0
 * GNU gold (Gentoo 2.34 p4 2.34.0) 1.16
 * Linux rescue 5.4.36 #1 SMP Thu Apr 30 04:38:28 UTC 2020 x86_64 AMD Ryzen 5 3600 6-Core Processor AuthenticAMD GNU/Linux
virtual/opencl: 6 seconds average for 7 merges
2020-05-15T12:45:12 >>> virtual/opencl: 6 seconds
2020-05-16T21:06:17 >>> virtual/opencl: 8 seconds
2020-06-03T14:13:35 >>> virtual/opencl: 9 seconds
2020-06-12T01:42:32 >>> virtual/opencl: 5 seconds
2020-06-13T03:37:46 >>> virtual/opencl: 6 seconds
2020-06-13T20:16:49 >>> virtual/opencl: 5 seconds
2020-06-14T04:49:20 >>> virtual/opencl: 8 seconds
]0;emerge 13:59:25 196|565 opencl 00:06 (root@rescue)>>> Extracting virtual/opencl-3-r1
 * checking 0 files for package collisions
>>> Merging virtual/opencl-3-r1 to /
 * removing unneeded *.la files
>>> Safely unmerging already-installed instance...
!!! File Not Found: '/etc/env.d/99lcdfilter'
>>> Original instance of package unmerged safely.
 * 
 * In order to take advantage of OpenCL you will need a runtime for your hardware.
 * Currently included in Gentoo are:
 * 
 *  * open:
 *     - dev-libs/intel-neo - integrated Intel GPUs from Broadwell onwards. 64-bit only;
 *     - dev-libs/rocm-opencl-runtime - AMD GPUs supported by the amdgpu kernel driver.
 *       Image support still requires a proprietary extension [1]. 64-bit only;
 *     - media-libs/mesa[opencl] - some older AMD GPUs; see [2]. 32-bit support;
 * 
 *  * proprietary:
 *     - dev-libs/amdgpu-pro-opencl - AMD Polaris GPUs. 32-bit support;
 *     - dev-util/intel-ocl-sdk - Intel CPUs (*not* GPUs). 64-bit only;
 *     - x11-drivers/nvidia-drivers[uvm] - Nvidia GPUs; specific package versions
 *       required for older devices [3]. 32-bit support.
 * 
 *  [1] dev-libs/hsa-ext-rocr
 *  [2] https://dri.freedesktop.org/wiki/GalliumCompute/
 *  [3] https://www.nvidia.com/en-us/drivers/unix/legacy-gpu/
 * 
>>> virtual/opencl-3-r1 merged.
!!! File Not Found: '/etc/env.d/99lcdfilter'
