>>> Extracting info
 * Package:    virtual/acl-0-r2
 * Repository: gentoo
 * USE:        abi_x86_64 elibc_glibc kernel_linux userland_GNU amd64
 * FEATURES:   network-sandbox preserve-libs sandbox userpriv usersandbox
 * FEATURES='assume-digests binpkg-docompress binpkg-dostrip binpkg-logs binpkg-multi-instance buildpkg compress-index config-protect-if-modified distlocks downgrade-backup fixlafiles ipc-sandbox merge-sync multilib-strict network-sandbox news nodoc parallel-fetch parallel-install pid-sandbox preserve-libs qa-unresolved-soname-deps sandbox sfperms strict unknown-features-warn unmerge-backup unmerge-logs unmerge-orphans userfetch userpriv usersandbox usersync xattr'
 * CFLAGS='-march=native -O3 -fgraphite-identity -floop-nest-optimize -fdevirtualize-at-ltrans -fipa-pta -fno-semantic-interposition -flto=12 -fno-plt -fno-math-errno -fno-trapping-math -fuse-linker-plugin -pipe -g0 -falign-functions=32 -Wl,-O1 -Wl,--as-needed -Wl,--hash-style=gnu,-z,norelro,--as-needed'
 * CXXFLAGS='-march=native -O3 -fgraphite-identity -floop-nest-optimize -fdevirtualize-at-ltrans -fipa-pta -fno-semantic-interposition -flto=12 -fno-plt -fno-math-errno -fno-trapping-math -fuse-linker-plugin -pipe -g0 -falign-functions=32 -Wl,-O1 -Wl,--as-needed -Wl,--hash-style=gnu,-z,norelro,--as-needed'
 * FFLAGS='-march=native -O3 -fgraphite-identity -floop-nest-optimize -fdevirtualize-at-ltrans -fipa-pta -fno-semantic-interposition -flto=12 -fno-plt -fno-math-errno -fno-trapping-math -fuse-linker-plugin -pipe -g0 -falign-functions=32 -Wl,-O1 -Wl,--as-needed -Wl,--hash-style=gnu,-z,norelro,--as-needed'
 * FCFLAGS='-march=native -O3 -fgraphite-identity -floop-nest-optimize -fdevirtualize-at-ltrans -fipa-pta -fno-semantic-interposition -flto=12 -fno-plt -fno-math-errno -fno-trapping-math -fuse-linker-plugin -pipe -g0 -falign-functions=32 -Wl,-O1 -Wl,--as-needed -Wl,--hash-style=gnu,-z,norelro,--as-needed'
 * F77FLAGS='-march=native -O3 -fgraphite-identity -floop-nest-optimize -fdevirtualize-at-ltrans -fipa-pta -fno-semantic-interposition -flto=12 -fno-plt -fno-math-errno -fno-trapping-math -fuse-linker-plugin -pipe -g0 -falign-functions=32 -Wl,-O1 -Wl,--as-needed -Wl,--hash-style=gnu,-z,norelro,--as-needed'
 * LDFLAGS='-Wl,-O1 -Wl,--as-needed -Wl,--hash-style=gnu,-z,norelro,--as-needed -march=native -O3 -fgraphite-identity -floop-nest-optimize -fdevirtualize-at-ltrans -fipa-pta -fno-semantic-interposition -flto=12 -fno-plt -fno-math-errno -fno-trapping-math -fuse-linker-plugin -pipe -g0 -falign-functions=32'
 * MAKEOPTS='-j12 -l12'
 * gcc () 11.0.0 20200526 (experimental)
 * g++ () 11.0.0 20200526 (experimental)
 * GNU ld (Gentoo 2.34 p4) 2.34.0
 * Linux ryzen.gnum.org 5.4.36 #1 SMP Thu Apr 30 04:38:28 UTC 2020 x86_64 AMD Ryzen 5 3600 6-Core Processor AuthenticAMD GNU/Linux
virtual/acl: 1 minute, 34 seconds average for 19 merges
2020-05-16T21:08:49 >>> virtual/acl: 8 seconds
2020-05-20T01:04:27 >>> virtual/acl: 12 seconds
2020-05-21T06:04:27 >>> virtual/acl: 5 seconds
2020-05-22T02:04:31 >>> virtual/acl: 3 minutes, 23 seconds
2020-05-22T03:16:23 >>> virtual/acl: 2 minutes, 33 seconds
2020-05-22T12:35:42 >>> virtual/acl: 2 minutes, 26 seconds
2020-05-23T03:37:26 >>> virtual/acl: 2 minutes, 28 seconds
2020-05-24T22:50:41 >>> virtual/acl: 32 seconds
2020-05-24T23:33:00 >>> virtual/acl: 5 minutes, 15 seconds
2020-05-25T03:08:35 >>> virtual/acl: 20 seconds
2020-05-25T14:43:17 >>> virtual/acl: 14 seconds
2020-05-25T18:22:50 >>> virtual/acl: 2 minutes, 11 seconds
2020-05-25T19:57:08 >>> virtual/acl: 1 minute, 27 seconds
2020-05-26T12:53:43 >>> virtual/acl: 2 minutes, 58 seconds
2020-05-26T13:55:18 >>> virtual/acl: 11 seconds
2020-05-27T01:35:09 >>> virtual/acl: 9 seconds
2020-05-27T03:10:10 >>> virtual/acl: 2 minutes, 59 seconds
2020-05-28T13:31:11 >>> virtual/acl: 2 minutes, 16 seconds
2020-05-28T14:20:56 >>> virtual/acl: 7 seconds
]0;emerge 01:43:22 111|557 acl 01:47 (root@ryzen.gnum.org)>>> Extracting virtual/acl-0-r2
 * checking 0 files for package collisions
[32;01m * [39;49;00mBuilding package for virtual/acl-0-r2 ...                             [34;01m[ [39;49;00m[32;01mok[39;49;00m[34;01m ][39;49;00m
[32;01m * [39;49;00mPackages now in '/usr/portage/packages':
[32;01m * [39;49;00mvirtual/acl-0-r2: 33.2K

>>> Merging virtual/acl-0-r2 to /
 * removing unneeded *.la files
>>> Safely unmerging already-installed instance...
>>> Original instance of package unmerged safely.
>>> virtual/acl-0-r2 merged.
