[32;01m * [39;49;00mPackage:    virtual/ffmpeg-9-r2
[32;01m * [39;49;00mRepository: gentoo
[32;01m * [39;49;00mMaintainer: media-video@gentoo.org
[32;01m * [39;49;00mUSE:        X abi_x86_64 amd64 elibc_glibc encode kernel_linux mp3 sdl threads truetype userland_GNU x264
[32;01m * [39;49;00mFEATURES:   network-sandbox preserve-libs sandbox userpriv usersandbox
 [32;01m*[0m /etc/portage/package.cflags/ltoworkarounds.conf -> */*: *FLAGS+=-Wl,-O4 *FLAGS-=-Wl,-O1
 [32;01m*[0m FEATURES='assume-digests binpkg-docompress binpkg-dostrip binpkg-logs binpkg-multi-instance buildpkg cgroup compress-index config-protect-if-modified distlocks fixlafiles ipc-sandbox merge-sync multilib-strict network-sandbox news nodoc parallel-fetch parallel-install pid-sandbox preserve-libs qa-unresolved-soname-deps sandbox sfperms strict strict-keepdir unknown-features-warn unmerge-logs unmerge-orphans userfetch userpriv usersandbox usersync xattr'
 [32;01m*[0m CFLAGS='-march=znver2 -Ofast -pipe -g0 -fgraphite-identity -floop-interchange -floop-nest-optimize -floop-parallelize-all -ftree-parallelize-loops=12 -ftree-vectorize -fdevirtualize-at-ltrans -fipa-pta -fno-semantic-interposition -flto=12 -fno-plt -falign-functions=32 -fno-stack-protector -fno-stack-clash-protection -fstack-check=no -fno-stack-check -fuse-linker-plugin -Wl,-O4 -Wl,-O4,--sort-common,--as-needed,-z,norelro,-z,now,-lgomp,-lpthread'
 [32;01m*[0m CXXFLAGS='-march=znver2 -Ofast -pipe -g0 -fgraphite-identity -floop-interchange -floop-nest-optimize -floop-parallelize-all -ftree-parallelize-loops=12 -ftree-vectorize -fdevirtualize-at-ltrans -fipa-pta -fno-semantic-interposition -flto=12 -fno-plt -falign-functions=32 -fno-stack-protector -fno-stack-clash-protection -fstack-check=no -fno-stack-check -fuse-linker-plugin -Wl,-O4 -Wl,-O4,--sort-common,--as-needed,-z,norelro,-z,now,-lgomp,-lpthread'
 [32;01m*[0m FFLAGS='-march=znver2 -Ofast -pipe -g0 -fgraphite-identity -floop-interchange -floop-nest-optimize -floop-parallelize-all -ftree-parallelize-loops=12 -ftree-vectorize -fdevirtualize-at-ltrans -fipa-pta -fno-semantic-interposition -flto=12 -fno-plt -falign-functions=32 -fno-stack-protector -fno-stack-clash-protection -fstack-check=no -fno-stack-check -fuse-linker-plugin -Wl,-O4 -Wl,-O4,--sort-common,--as-needed,-z,norelro,-z,now,-lgomp,-lpthread'
 [32;01m*[0m FCFLAGS='-march=znver2 -Ofast -pipe -g0 -fgraphite-identity -floop-interchange -floop-nest-optimize -floop-parallelize-all -ftree-parallelize-loops=12 -ftree-vectorize -fdevirtualize-at-ltrans -fipa-pta -fno-semantic-interposition -flto=12 -fno-plt -falign-functions=32 -fno-stack-protector -fno-stack-clash-protection -fstack-check=no -fno-stack-check -fuse-linker-plugin -Wl,-O4 -Wl,-O4,--sort-common,--as-needed,-z,norelro,-z,now,-lgomp,-lpthread'
 [32;01m*[0m F77FLAGS='-march=znver2 -Ofast -pipe -g0 -fgraphite-identity -floop-interchange -floop-nest-optimize -floop-parallelize-all -ftree-parallelize-loops=12 -ftree-vectorize -fdevirtualize-at-ltrans -fipa-pta -fno-semantic-interposition -flto=12 -fno-plt -falign-functions=32 -fno-stack-protector -fno-stack-clash-protection -fstack-check=no -fno-stack-check -fuse-linker-plugin -Wl,-O4 -Wl,-O4,--sort-common,--as-needed,-z,norelro,-z,now,-lgomp,-lpthread'
 [32;01m*[0m LDFLAGS='-Wl,-O4,--sort-common,--as-needed,-z,norelro,-z,now,-lgomp,-lpthread -march=znver2 -Ofast -pipe -g0 -fgraphite-identity -floop-interchange -floop-nest-optimize -floop-parallelize-all -ftree-parallelize-loops=12 -ftree-vectorize -fdevirtualize-at-ltrans -fipa-pta -fno-semantic-interposition -flto=12 -fno-plt -falign-functions=32 -fno-stack-protector -fno-stack-clash-protection -fstack-check=no -fno-stack-check -fuse-linker-plugin -Wl,-O4'
 [32;01m*[0m MAKEOPTS='-j12 -l12'
 [32;01m*[0m gcc () 11.0.0 20200605 (experimental)
 [32;01m*[0m g++ () 11.0.0 20200605 (experimental)
 [32;01m*[0m GNU ld (Gentoo 2.34 p4) 2.34.0
 [32;01m*[0m Linux rescue 5.4.36 #1 SMP Thu Apr 30 04:38:28 UTC 2020 x86_64 AMD Ryzen 5 3600 6-Core Processor AuthenticAMD GNU/Linux
[00;01mvirtual/[00;00m[36;01mffmpeg[00;00m: [32;01m11[00;00m seconds average for [32;01m1[00;00m merge
2020-06-04T14:01:55 >>> [00;01mvirtual/[00;00m[36;01mffmpeg[00;00m: [32;01m11[00;00m seconds
]0;emerge 16:22:31 2|217 ffmpeg 00:11 (root@rescue)kemerge 16:22:31 2|217 ffmpeg 00:11 (root@rescue)\>>> Unpacking source...
>>> Source unpacked in /tmp/portage/virtual/ffmpeg-9-r2/work
>>> Preparing source in /tmp/portage/virtual/ffmpeg-9-r2/work ...
>>> Source prepared.
>>> Configuring source in /tmp/portage/virtual/ffmpeg-9-r2/work ...
>>> Source configured.
>>> Compiling source in /tmp/portage/virtual/ffmpeg-9-r2/work ...
>>> Source compiled.
>>> Test phase [not enabled]: virtual/ffmpeg-9-r2

>>> Install virtual/ffmpeg-9-r2 into /tmp/portage/virtual/ffmpeg-9-r2/image/
>>> Completed installing virtual/ffmpeg-9-r2 into /tmp/portage/virtual/ffmpeg-9-r2/image/

 [32;01m*[0m Final size of build directory: 4 KiB
 [32;01m*[0m Final size of installed tree:  4 KiB

./
>>> Done.
 [32;01m*[39;49;00m checking 0 files for package collisions
>>> Merging virtual/ffmpeg-9-r2 to /
 [32;01m*[0m removing unneeded *.la files
>>> Safely unmerging already-installed instance...
No package files given... Grabbing a set.
>>> Regenerating /etc/ld.so.cache...
>>> Original instance of package unmerged safely.
>>> virtual/ffmpeg-9-r2 merged.
