>>> Extracting info
 * Package:    virtual/pager-0
 * Repository: gentoo
 * USE:        elibc_glibc amd64 userland_GNU kernel_linux abi_x86_64
 * FEATURES:   preserve-libs
 * /etc/portage/package.cflags/ltoworkarounds.conf -> */*: *FLAGS+=-Wl,-O4 *FLAGS-=-Wl,-O1
 * FEATURES='assume-digests binpkg-dostrip binpkg-logs buildpkg config-protect-if-modified distlocks ebuild-locks fixlafiles merge-sync multilib-strict news nodoc parallel-fetch preserve-libs qa-unresolved-soname-deps sfperms strict strict-keepdir unknown-features-warn unmerge-logs unmerge-orphans xattr'
 * CFLAGS='-O2 -march=x86-64 -g0 -fno-stack-protector -fno-stack-clash-protection -fstack-check=no -fno-stack-check -Wl,-O4 -Wl,--as-needed -Wl,--hash-style=gnu -Wl,-z,norelro'
 * CXXFLAGS='-O2 -march=x86-64 -g0 -fno-stack-protector -fno-stack-clash-protection -fstack-check=no -fno-stack-check -Wl,-O4 -Wl,--as-needed -Wl,--hash-style=gnu -Wl,-z,norelro'
 * FFLAGS='-O2 -march=x86-64 -g0 -fno-stack-protector -fno-stack-clash-protection -fstack-check=no -fno-stack-check -Wl,-O4 -Wl,--as-needed -Wl,--hash-style=gnu -Wl,-z,norelro'
 * FCFLAGS='-O2 -march=x86-64 -g0 -fno-stack-protector -fno-stack-clash-protection -fstack-check=no -fno-stack-check -Wl,-O4 -Wl,--as-needed -Wl,--hash-style=gnu -Wl,-z,norelro'
 * F77FLAGS='-O2 -march=x86-64 -g0 -fno-stack-protector -fno-stack-clash-protection -fstack-check=no -fno-stack-check -Wl,-O4 -Wl,--as-needed -Wl,--hash-style=gnu -Wl,-z,norelro'
 * LDFLAGS='-Wl,--as-needed -Wl,--hash-style=gnu -Wl,-z,norelro'
 * MAKEOPTS='-j4'
 * gcc (Gentoo 11.0.0_pre9999 p1, commit 184c21bf1cd04a108ed9bd04635e7d57ac39f616) 11.0.0 20200611 (experimental)
 * g++ (Gentoo 11.0.0_pre9999 p1, commit 184c21bf1cd04a108ed9bd04635e7d57ac39f616) 11.0.0 20200611 (experimental)
 * GNU ld (Gentoo 2.34 p4) 2.34.0
 * Linux rescue 5.4.36 #1 SMP Thu Apr 30 04:38:28 UTC 2020 x86_64 AMD Ryzen 5 3600 6-Core Processor AuthenticAMD GNU/Linux
virtual/pager: 27 seconds average for 10 merges
2020-05-21T06:23:41 >>> virtual/pager: 6 seconds
2020-05-23T11:37:43 >>> virtual/pager: 15 seconds
2020-05-25T18:35:02 >>> virtual/pager: 2 minutes, 43 seconds
2020-05-25T22:27:17 >>> virtual/pager: 20 seconds
2020-05-26T14:28:27 >>> virtual/pager: 6 seconds
2020-05-27T02:04:34 >>> virtual/pager: 6 seconds
2020-05-27T03:31:54 >>> virtual/pager: 15 seconds
2020-05-30T13:01:07 >>> virtual/pager: 30 seconds
2020-06-01T02:07:05 >>> virtual/pager: 12 seconds
2020-06-09T04:04:41 >>> virtual/pager: 6 seconds
]0;emerge 01:57:05 369|626 pager 00:16 (root@rescue)>>> Extracting virtual/pager-0
 * checking 0 files for package collisions
>>> Merging virtual/pager-0 to /
 * removing unneeded *.la files
>>> Safely unmerging already-installed instance...
>>> Original instance of package unmerged safely.
>>> virtual/pager-0 merged.
