 * Package:    virtual/ttf-fonts-1-r1
 * Repository: gentoo
 * Maintainer: fonts@gentoo.org
 * USE:        abi_x86_64 amd64 elibc_glibc kernel_linux userland_GNU
 * FEATURES:   network-sandbox preserve-libs sandbox userpriv usersandbox
 * FEATURES='assume-digests binpkg-docompress binpkg-dostrip binpkg-logs binpkg-multi-instance buildpkg cgroup compress-index config-protect-if-modified distlocks downgrade-backup fixlafiles ipc-sandbox merge-sync multilib-strict network-sandbox news nodoc parallel-fetch parallel-install pid-sandbox preserve-libs qa-unresolved-soname-deps sandbox sfperms strict strict-keepdir unknown-features-warn unmerge-backup unmerge-logs unmerge-orphans userfetch userpriv usersandbox usersync xattr'
 * CFLAGS='-march=native -O3 -fgraphite-identity -floop-nest-optimize -fdevirtualize-at-ltrans -fipa-pta -fno-semantic-interposition -flto=12 -fno-plt -fno-signed-zeros -fno-trapping-math -fassociative-math -freciprocal-math -fno-math-errno -ffinite-math-only -fno-rounding-math -fno-signaling-nans -fcx-limited-range -fexcess-precision=fast -fuse-linker-plugin -pipe -g0 -falign-functions=32 -Wl,-O1 -Wl,--as-needed -Wl,-O4,--hash-style=gnu,--sort-common,--as-needed,-z,relro,-z,now,-lgomp,-lpthread'
 * CXXFLAGS='-march=native -O3 -fgraphite-identity -floop-nest-optimize -fdevirtualize-at-ltrans -fipa-pta -fno-semantic-interposition -flto=12 -fno-plt -fno-signed-zeros -fno-trapping-math -fassociative-math -freciprocal-math -fno-math-errno -ffinite-math-only -fno-rounding-math -fno-signaling-nans -fcx-limited-range -fexcess-precision=fast -fuse-linker-plugin -pipe -g0 -falign-functions=32 -Wl,-O1 -Wl,--as-needed -Wl,-O4,--hash-style=gnu,--sort-common,--as-needed,-z,relro,-z,now,-lgomp,-lpthread'
 * FFLAGS='-march=native -O3 -fgraphite-identity -floop-nest-optimize -fdevirtualize-at-ltrans -fipa-pta -fno-semantic-interposition -flto=12 -fno-plt -fno-signed-zeros -fno-trapping-math -fassociative-math -freciprocal-math -fno-math-errno -ffinite-math-only -fno-rounding-math -fno-signaling-nans -fcx-limited-range -fexcess-precision=fast -fuse-linker-plugin -pipe -g0 -falign-functions=32 -Wl,-O1 -Wl,--as-needed -Wl,-O4,--hash-style=gnu,--sort-common,--as-needed,-z,relro,-z,now,-lgomp,-lpthread'
 * FCFLAGS='-march=native -O3 -fgraphite-identity -floop-nest-optimize -fdevirtualize-at-ltrans -fipa-pta -fno-semantic-interposition -flto=12 -fno-plt -fno-signed-zeros -fno-trapping-math -fassociative-math -freciprocal-math -fno-math-errno -ffinite-math-only -fno-rounding-math -fno-signaling-nans -fcx-limited-range -fexcess-precision=fast -fuse-linker-plugin -pipe -g0 -falign-functions=32 -Wl,-O1 -Wl,--as-needed -Wl,-O4,--hash-style=gnu,--sort-common,--as-needed,-z,relro,-z,now,-lgomp,-lpthread'
 * F77FLAGS='-march=native -O3 -fgraphite-identity -floop-nest-optimize -fdevirtualize-at-ltrans -fipa-pta -fno-semantic-interposition -flto=12 -fno-plt -fno-signed-zeros -fno-trapping-math -fassociative-math -freciprocal-math -fno-math-errno -ffinite-math-only -fno-rounding-math -fno-signaling-nans -fcx-limited-range -fexcess-precision=fast -fuse-linker-plugin -pipe -g0 -falign-functions=32 -Wl,-O1 -Wl,--as-needed -Wl,-O4,--hash-style=gnu,--sort-common,--as-needed,-z,relro,-z,now,-lgomp,-lpthread'
 * LDFLAGS='-Wl,-O1 -Wl,--as-needed -Wl,-O4,--hash-style=gnu,--sort-common,--as-needed,-z,relro,-z,now,-lgomp,-lpthread -march=native -O3 -fgraphite-identity -floop-nest-optimize -fdevirtualize-at-ltrans -fipa-pta -fno-semantic-interposition -flto=12 -fno-plt -fno-signed-zeros -fno-trapping-math -fassociative-math -freciprocal-math -fno-math-errno -ffinite-math-only -fno-rounding-math -fno-signaling-nans -fcx-limited-range -fexcess-precision=fast -fuse-linker-plugin -pipe -g0 -falign-functions=32'
 * MAKEOPTS='-j12 -l12'
 * gcc () 11.0.0 20200526 (experimental)
 * g++ () 11.0.0 20200526 (experimental)
 * GNU ld (Gentoo 2.34 p4) 2.34.0
 * Linux ryzen.gnum.org 5.4.36 #1 SMP Thu Apr 30 04:38:28 UTC 2020 x86_64 AMD Ryzen 5 3600 6-Core Processor AuthenticAMD GNU/Linux
virtual/ttf-fonts: 7 seconds average for 11 merges
2020-05-15T07:44:57 >>> virtual/ttf-fonts: 5 seconds
2020-05-16T20:54:41 >>> virtual/ttf-fonts: 8 seconds
2020-05-20T01:09:09 >>> virtual/ttf-fonts: 4 seconds
2020-05-21T06:09:51 >>> virtual/ttf-fonts: 5 seconds
2020-05-23T03:46:35 >>> virtual/ttf-fonts: 12 seconds
2020-05-24T23:57:32 >>> virtual/ttf-fonts: 9 seconds
2020-05-25T03:15:33 >>> virtual/ttf-fonts: 7 seconds
2020-05-25T18:47:50 >>> virtual/ttf-fonts: 12 seconds
2020-05-25T20:11:31 >>> virtual/ttf-fonts: 9 seconds
2020-05-26T14:05:39 >>> virtual/ttf-fonts: 6 seconds
2020-05-27T01:47:59 >>> virtual/ttf-fonts: 5 seconds
]0;emerge 03:37:28 268|980 ttf-fonts 00:07 (root@ryzen.gnum.org)kemerge 03:37:28 268|980 ttf-fonts 00:07 (root@ryzen.gnum.org)\>>> Unpacking source...
>>> Source unpacked in /tmp/portage/virtual/ttf-fonts-1-r1/work
>>> Preparing source in /tmp/portage/virtual/ttf-fonts-1-r1/work ...
>>> Source prepared.
>>> Configuring source in /tmp/portage/virtual/ttf-fonts-1-r1/work ...
>>> Source configured.
>>> Compiling source in /tmp/portage/virtual/ttf-fonts-1-r1/work ...
>>> Source compiled.
>>> Test phase [not enabled]: virtual/ttf-fonts-1-r1

>>> Install virtual/ttf-fonts-1-r1 into /tmp/portage/virtual/ttf-fonts-1-r1/image/
>>> Completed installing virtual/ttf-fonts-1-r1 into /tmp/portage/virtual/ttf-fonts-1-r1/image/

 * Final size of build directory: 4 KiB
 * Final size of installed tree:  4 KiB

./
>>> Done.
 * checking 0 files for package collisions
>>> Merging virtual/ttf-fonts-1-r1 to /
 * removing unneeded *.la files
>>> Safely unmerging already-installed instance...
>>> Original instance of package unmerged safely.
>>> virtual/ttf-fonts-1-r1 merged.
