>>> Extracting info
 * Package:    virtual/ruby-ssl-11
 * Repository: gentoo
 * USE:        kernel_linux userland_GNU ruby_targets_ruby26 elibc_glibc amd64 abi_x86_64 ruby_targets_ruby27
 * FEATURES:   network-sandbox preserve-libs sandbox userpriv usersandbox
 * FEATURES='assume-digests binpkg-docompress binpkg-dostrip binpkg-logs buildpkg cgroup compress-index config-protect-if-modified distlocks ebuild-locks fixlafiles ipc-sandbox merge-sync multilib-strict network-sandbox news nodoc parallel-fetch pid-sandbox preserve-libs qa-unresolved-soname-deps sandbox sfperms strict strict-keepdir unknown-features-warn unmerge-logs unmerge-orphans userfetch userpriv usersandbox usersync xattr'
 * CFLAGS='-O2 -pipe -Wl,-O1,--sort-common,--as-needed,-z,norelro,-z,now'
 * CXXFLAGS='-O2 -pipe -Wl,-O1,--sort-common,--as-needed,-z,norelro,-z,now'
 * FFLAGS='-O2 -pipe -Wl,-O1,--sort-common,--as-needed,-z,norelro,-z,now'
 * FCFLAGS='-O2 -pipe -Wl,-O1,--sort-common,--as-needed,-z,norelro,-z,now'
 * F77FLAGS='-O2 -pipe -Wl,-O1,--sort-common,--as-needed,-z,norelro,-z,now'
 * LDFLAGS='-Wl,-O1,--sort-common,--as-needed,-z,norelro,-z,now'
 * MAKEOPTS='-j12 -l12'
 * gcc (Gentoo 10.1.0-r1 p2) 10.1.0
 * g++ (Gentoo 10.1.0-r1 p2) 10.1.0
 * GNU gold (Gentoo 2.34 p4 2.34.0) 1.16
 * Linux rescue 5.4.36 #1 SMP Thu Apr 30 04:38:28 UTC 2020 x86_64 AMD Ryzen 5 3600 6-Core Processor AuthenticAMD GNU/Linux
virtual/ruby-ssl: 8 seconds average for 12 merges
2020-05-15T10:26:00 >>> virtual/ruby-ssl: 5 seconds
2020-05-16T14:52:49 >>> virtual/ruby-ssl: 6 seconds
2020-05-20T01:42:28 >>> virtual/ruby-ssl: 9 seconds
2020-05-20T08:48:33 >>> virtual/ruby-ssl: 8 seconds
2020-05-23T21:14:10 >>> virtual/ruby-ssl: 9 seconds
2020-05-24T19:48:14 >>> virtual/ruby-ssl: 4 seconds
2020-05-28T08:25:18 >>> virtual/ruby-ssl: 10 seconds
2020-05-31T00:28:04 >>> virtual/ruby-ssl: 16 seconds
2020-06-01T03:42:32 >>> virtual/ruby-ssl: 10 seconds
2020-06-06T00:38:16 >>> virtual/ruby-ssl: 12 seconds
2020-06-12T02:15:09 >>> virtual/ruby-ssl: 5 seconds
2020-06-13T21:08:42 >>> virtual/ruby-ssl: 11 seconds
]0;emerge 14:29:59 546|565 ruby-ssl 00:09 (root@rescue)>>> Extracting virtual/ruby-ssl-11
 * checking 0 files for package collisions
>>> Merging virtual/ruby-ssl-11 to /
 * removing unneeded *.la files
>>> Safely unmerging already-installed instance...
!!! File Not Found: '/etc/env.d/99lcdfilter'
>>> Original instance of package unmerged safely.
>>> virtual/ruby-ssl-11 merged.
!!! File Not Found: '/etc/env.d/99lcdfilter'
