 * Package:    virtual/libiconv-0-r2
 * Repository: gentoo
 * Maintainer: prefix@gentoo.org
 * USE:        abi_x86_64 amd64 elibc_glibc kernel_linux userland_GNU
 * FEATURES:   ccache network-sandbox preserve-libs userpriv
 * /etc/portage/package.cflags/ltoworkarounds.conf -> */*: *FLAGS+=-Wl,-O4 *FLAGS-=-Wl,-O1
 * FEATURES='assume-digests binpkg-docompress binpkg-dostrip binpkg-logs buildpkg ccache cgroup compress-index config-protect-if-modified distlocks ebuild-locks fixlafiles merge-sync multilib-strict network-sandbox news nodoc parallel-fetch preserve-libs qa-unresolved-soname-deps sfperms strict strict-keepdir unknown-features-warn unmerge-logs unmerge-orphans userfetch userpriv usersync xattr'
 * CFLAGS='-O2 -pipe -Wl,-O4 -Wl,-O4,--sort-common,--as-needed,-z,norelro,-z,now'
 * CXXFLAGS='-O2 -pipe -Wl,-O4 -Wl,-O4,--sort-common,--as-needed,-z,norelro,-z,now'
 * FFLAGS='-O2 -pipe -Wl,-O4 -Wl,-O4,--sort-common,--as-needed,-z,norelro,-z,now'
 * FCFLAGS='-O2 -pipe -Wl,-O4 -Wl,-O4,--sort-common,--as-needed,-z,norelro,-z,now'
 * F77FLAGS='-O2 -pipe -Wl,-O4 -Wl,-O4,--sort-common,--as-needed,-z,norelro,-z,now'
 * LDFLAGS='-Wl,-O4,--sort-common,--as-needed,-z,norelro,-z,now'
 * MAKEOPTS='-j12 -l12'
 * gcc (Gentoo 11.0.0_pre9999 p1, commit 184c21bf1cd04a108ed9bd04635e7d57ac39f616) 11.0.0 20200611 (experimental)
 * g++ (Gentoo 11.0.0_pre9999 p1, commit 184c21bf1cd04a108ed9bd04635e7d57ac39f616) 11.0.0 20200611 (experimental)
 * GNU ld (Gentoo 2.34 p4) 2.34.0
 * Linux rescue 5.4.36 #1 SMP Thu Apr 30 04:38:28 UTC 2020 x86_64 AMD Ryzen 5 3600 6-Core Processor AuthenticAMD GNU/Linux
virtual/libiconv: 3 minutes, 3 seconds average for 36 merges
2020-05-15T03:26:49 >>> virtual/libiconv: 6 seconds
2020-05-16T18:57:48 >>> virtual/libiconv: 8 seconds
2020-05-16T20:33:22 >>> virtual/libiconv: 9 seconds
2020-05-20T00:55:55 >>> virtual/libiconv: 1 minute, 42 seconds
2020-05-21T05:45:53 >>> virtual/libiconv: 6 seconds
2020-05-22T01:52:48 >>> virtual/libiconv: 5 minutes, 47 seconds
2020-05-22T02:39:05 >>> virtual/libiconv: 2 minutes, 19 seconds
2020-05-22T02:58:42 >>> virtual/libiconv: 2 minutes, 2 seconds
2020-05-22T03:03:55 >>> virtual/libiconv: 6 minutes, 32 seconds
2020-05-24T05:06:52 >>> virtual/libiconv: 14 seconds
2020-05-24T21:07:09 >>> virtual/libiconv: 13 seconds
2020-05-24T22:10:21 >>> virtual/libiconv: 11 seconds
2020-05-24T23:19:33 >>> virtual/libiconv: 9 minutes, 8 seconds
2020-05-25T03:01:18 >>> virtual/libiconv: 1 minute, 19 seconds
2020-05-25T14:37:19 >>> virtual/libiconv: 3 minutes, 36 seconds
2020-05-25T18:11:15 >>> virtual/libiconv: 7 minutes, 9 seconds
2020-05-25T19:48:46 >>> virtual/libiconv: 4 minutes, 25 seconds
2020-05-26T12:30:10 >>> virtual/libiconv: 4 minutes, 1 second
2020-05-26T13:18:50 >>> virtual/libiconv: 15 seconds
2020-05-26T13:45:53 >>> virtual/libiconv: 2 minutes, 15 seconds
2020-05-27T01:23:50 >>> virtual/libiconv: 1 minute, 46 seconds
2020-05-27T02:57:33 >>> virtual/libiconv: 8 minutes, 7 seconds
2020-05-28T13:20:35 >>> virtual/libiconv: 6 minutes, 13 seconds
2020-05-28T13:52:53 >>> virtual/libiconv: 22 seconds
2020-05-28T14:11:09 >>> virtual/libiconv: 2 minutes, 25 seconds
2020-05-29T00:17:12 >>> virtual/libiconv: 19 seconds
2020-05-29T00:25:12 >>> virtual/libiconv: 20 seconds
2020-05-29T00:46:00 >>> virtual/libiconv: 19 seconds
2020-05-29T00:50:00 >>> virtual/libiconv: 21 seconds
2020-05-29T01:31:24 >>> virtual/libiconv: 1 minute, 54 seconds
2020-05-29T03:10:06 >>> virtual/libiconv: 15 seconds
2020-05-30T12:25:18 >>> virtual/libiconv: 8 minutes, 54 seconds
2020-05-30T21:31:41 >>> virtual/libiconv: 2 minutes, 52 seconds
2020-06-01T01:42:38 >>> virtual/libiconv: 6 minutes, 18 seconds
2020-06-04T11:46:00 >>> virtual/libiconv: 18 minutes, 11 seconds
2020-06-12T01:17:24 >>> virtual/libiconv: 5 seconds
]0;emerge 03:01:32 8|907 libiconv 08:11 (root@rescue)kemerge 03:01:32 8|907 libiconv 08:11 (root@rescue)\>>> Unpacking source...
>>> Source unpacked in /tmp/portage/virtual/libiconv-0-r2/work
>>> Preparing source in /tmp/portage/virtual/libiconv-0-r2/work ...
>>> Source prepared.
>>> Configuring source in /tmp/portage/virtual/libiconv-0-r2/work ...
>>> Source configured.
>>> Compiling source in /tmp/portage/virtual/libiconv-0-r2/work ...
>>> Source compiled.
>>> Test phase [not enabled]: virtual/libiconv-0-r2

>>> Install virtual/libiconv-0-r2 into /tmp/portage/virtual/libiconv-0-r2/image/
>>> Completed installing virtual/libiconv-0-r2 into /tmp/portage/virtual/libiconv-0-r2/image/

 * Final size of build directory: 4 KiB
 * Final size of installed tree:  4 KiB

 * checking 0 files for package collisions
>>> Merging virtual/libiconv-0-r2 to /
 * removing unneeded *.la files
>>> Safely unmerging already-installed instance...
>>> Original instance of package unmerged safely.
>>> virtual/libiconv-0-r2 merged.
