 * Package:    x11-apps/xmessage-1.0.5
 * Repository: gentoo
 * Maintainer: x11@gentoo.org
 * USE:        abi_x86_64 amd64 elibc_glibc kernel_linux userland_GNU
 * FEATURES:   ccache network-sandbox preserve-libs userpriv
 * /etc/portage/package.cflags/ltoworkarounds.conf -> */*: *FLAGS+=-Wl,-O4 *FLAGS-=-Wl,-O1
 * FEATURES='assume-digests binpkg-docompress binpkg-dostrip binpkg-logs buildpkg ccache cgroup compress-index config-protect-if-modified distlocks ebuild-locks fixlafiles merge-sync multilib-strict network-sandbox news nodoc parallel-fetch preserve-libs qa-unresolved-soname-deps sfperms strict strict-keepdir unknown-features-warn unmerge-logs unmerge-orphans userfetch userpriv usersync xattr'
 * CFLAGS='-march=znver2 -Ofast -pipe -g0 -fgraphite-identity -floop-interchange -floop-nest-optimize -floop-parallelize-all -ftree-parallelize-loops=12 -ftree-vectorize -fdevirtualize-at-ltrans -fipa-pta -fno-semantic-interposition -flto=12 -fno-plt -falign-functions=32 -fno-stack-protector -fno-stack-clash-protection -fstack-check=no -fno-stack-check -fuse-linker-plugin -Wl,-O4 -Wl,-O4,--sort-common,--as-needed,-z,norelro,-z,now'
 * CXXFLAGS='-march=znver2 -Ofast -pipe -g0 -fgraphite-identity -floop-interchange -floop-nest-optimize -floop-parallelize-all -ftree-parallelize-loops=12 -ftree-vectorize -fdevirtualize-at-ltrans -fipa-pta -fno-semantic-interposition -flto=12 -fno-plt -falign-functions=32 -fno-stack-protector -fno-stack-clash-protection -fstack-check=no -fno-stack-check -fuse-linker-plugin -Wl,-O4 -Wl,-O4,--sort-common,--as-needed,-z,norelro,-z,now'
 * FFLAGS='-march=znver2 -Ofast -pipe -g0 -fgraphite-identity -floop-interchange -floop-nest-optimize -floop-parallelize-all -ftree-parallelize-loops=12 -ftree-vectorize -fdevirtualize-at-ltrans -fipa-pta -fno-semantic-interposition -flto=12 -fno-plt -falign-functions=32 -fno-stack-protector -fno-stack-clash-protection -fstack-check=no -fno-stack-check -fuse-linker-plugin -Wl,-O4 -Wl,-O4,--sort-common,--as-needed,-z,norelro,-z,now'
 * FCFLAGS='-march=znver2 -Ofast -pipe -g0 -fgraphite-identity -floop-interchange -floop-nest-optimize -floop-parallelize-all -ftree-parallelize-loops=12 -ftree-vectorize -fdevirtualize-at-ltrans -fipa-pta -fno-semantic-interposition -flto=12 -fno-plt -falign-functions=32 -fno-stack-protector -fno-stack-clash-protection -fstack-check=no -fno-stack-check -fuse-linker-plugin -Wl,-O4 -Wl,-O4,--sort-common,--as-needed,-z,norelro,-z,now'
 * F77FLAGS='-march=znver2 -Ofast -pipe -g0 -fgraphite-identity -floop-interchange -floop-nest-optimize -floop-parallelize-all -ftree-parallelize-loops=12 -ftree-vectorize -fdevirtualize-at-ltrans -fipa-pta -fno-semantic-interposition -flto=12 -fno-plt -falign-functions=32 -fno-stack-protector -fno-stack-clash-protection -fstack-check=no -fno-stack-check -fuse-linker-plugin -Wl,-O4 -Wl,-O4,--sort-common,--as-needed,-z,norelro,-z,now'
 * LDFLAGS='-Wl,-O4,--sort-common,--as-needed,-z,norelro,-z,now -march=znver2 -Ofast -pipe -g0 -fgraphite-identity -floop-interchange -floop-nest-optimize -floop-parallelize-all -ftree-parallelize-loops=12 -ftree-vectorize -fdevirtualize-at-ltrans -fipa-pta -fno-semantic-interposition -flto=12 -fno-plt -falign-functions=32 -fno-stack-protector -fno-stack-clash-protection -fstack-check=no -fno-stack-check -fuse-linker-plugin -Wl,-O4'
 * MAKEOPTS='-j12 -l12'
 * gcc (Gentoo 11.0.0_pre9999 p1, commit 184c21bf1cd04a108ed9bd04635e7d57ac39f616) 11.0.0 20200611 (experimental)
 * g++ (Gentoo 11.0.0_pre9999 p1, commit 184c21bf1cd04a108ed9bd04635e7d57ac39f616) 11.0.0 20200611 (experimental)
 * GNU ld (Gentoo 2.34 p4) 2.34.0
 * Linux rescue 5.4.36 #1 SMP Thu Apr 30 04:38:28 UTC 2020 x86_64 AMD Ryzen 5 3600 6-Core Processor AuthenticAMD GNU/Linux
x11-apps/xmessage: 4 seconds average for 3 merges
2020-05-20T01:36:59 >>> x11-apps/xmessage: 4 seconds
2020-05-24T21:37:55 >>> x11-apps/xmessage: 5 seconds
2020-05-25T15:03:31 >>> x11-apps/xmessage: 3 seconds
]0;emerge 03:12:19 17|262 xmessage 00:04 (root@rescue)>>> Unpacking source...
>>> Unpacking xmessage-1.0.5.tar.bz2 to /tmp/portage/x11-apps/xmessage-1.0.5/work
>>> Source unpacked in /tmp/portage/x11-apps/xmessage-1.0.5/work
>>> Preparing source in /tmp/portage/x11-apps/xmessage-1.0.5/work/xmessage-1.0.5 ...
 * Running elibtoolize in: xmessage-1.0.5/
>>> Source prepared.
>>> Configuring source in /tmp/portage/x11-apps/xmessage-1.0.5/work/xmessage-1.0.5 ...
>>> Working in BUILD_DIR: "/tmp/portage/x11-apps/xmessage-1.0.5/work/xmessage-1.0.5_build"
 * econf: updating xmessage-1.0.5/config.guess with /usr/share/gnuconfig/config.guess
 * econf: updating xmessage-1.0.5/config.sub with /usr/share/gnuconfig/config.sub
/tmp/portage/x11-apps/xmessage-1.0.5/work/xmessage-1.0.5/configure --prefix=/usr --build=x86_64-pc-linux-gnu --host=x86_64-pc-linux-gnu --mandir=/usr/share/man --infodir=/usr/share/info --datadir=/usr/share --sysconfdir=/etc --localstatedir=/var/lib --disable-dependency-tracking --disable-silent-rules --libdir=/usr/lib64 --docdir=/usr/share/doc/xmessage-1.0.5 --disable-selective-werror
checking for a BSD-compatible install... /tmp/portage/._portage_reinstall_.4_zmvarz/bin/ebuild-helpers/xattr/install -c
checking whether build environment is sane... yes
checking for a thread-safe mkdir -p... /bin/mkdir -p
checking for gawk... gawk
checking whether make sets $(MAKE)... yes
checking whether make supports nested variables... yes
checking for style of include used by make... GNU
checking for x86_64-pc-linux-gnu-gcc... x86_64-pc-linux-gnu-gcc
checking whether the C compiler works... yes
checking for C compiler default output file name... a.out
checking for suffix of executables... 
checking whether we are cross compiling... no
checking for suffix of object files... o
checking whether we are using the GNU C compiler... yes
checking whether x86_64-pc-linux-gnu-gcc accepts -g... yes
checking for x86_64-pc-linux-gnu-gcc option to accept ISO C89... none needed
checking whether x86_64-pc-linux-gnu-gcc understands -c and -o together... yes
checking dependency style of x86_64-pc-linux-gnu-gcc... none
checking for x86_64-pc-linux-gnu-gcc option to accept ISO C99... none needed
checking how to run the C preprocessor... x86_64-pc-linux-gnu-gcc -E
checking for grep that handles long lines and -e... /bin/grep
checking for egrep... /bin/grep -E
checking for ANSI C header files... yes
checking for sys/types.h... yes
checking for sys/stat.h... yes
checking for stdlib.h... yes
checking for string.h... yes
checking for memory.h... yes
checking for strings.h... yes
checking for inttypes.h... yes
checking for stdint.h... yes
checking for unistd.h... yes
checking whether __clang__ is declared... no
checking whether __INTEL_COMPILER is declared... no
checking whether __SUNPRO_C is declared... no
checking for x86_64-pc-linux-gnu-pkg-config... /usr/bin/x86_64-pc-linux-gnu-pkg-config
checking pkg-config is at least version 0.9.0... yes
checking build system type... x86_64-pc-linux-gnu
checking host system type... x86_64-pc-linux-gnu
checking for a sed that does not truncate output... /bin/sed
checking if x86_64-pc-linux-gnu-gcc supports -Werror=unknown-warning-option... no
checking if x86_64-pc-linux-gnu-gcc supports -Werror=unused-command-line-argument... no
checking if x86_64-pc-linux-gnu-gcc supports -Wall... yes
checking if x86_64-pc-linux-gnu-gcc supports -Wpointer-arith... yes
checking if x86_64-pc-linux-gnu-gcc supports -Wmissing-declarations... yes
checking if x86_64-pc-linux-gnu-gcc supports -Wformat=2... yes
checking if x86_64-pc-linux-gnu-gcc supports -Wstrict-prototypes... yes
checking if x86_64-pc-linux-gnu-gcc supports -Wmissing-prototypes... yes
checking if x86_64-pc-linux-gnu-gcc supports -Wnested-externs... yes
checking if x86_64-pc-linux-gnu-gcc supports -Wbad-function-cast... yes
checking if x86_64-pc-linux-gnu-gcc supports -Wold-style-definition... yes
checking if x86_64-pc-linux-gnu-gcc supports -Wdeclaration-after-statement... yes
checking if x86_64-pc-linux-gnu-gcc supports -Wunused... yes
checking if x86_64-pc-linux-gnu-gcc supports -Wuninitialized... yes
checking if x86_64-pc-linux-gnu-gcc supports -Wshadow... yes
checking if x86_64-pc-linux-gnu-gcc supports -Wmissing-noreturn... yes
checking if x86_64-pc-linux-gnu-gcc supports -Wmissing-format-attribute... yes
checking if x86_64-pc-linux-gnu-gcc supports -Wredundant-decls... yes
checking if x86_64-pc-linux-gnu-gcc supports -Wlogical-op... yes
configure: WARNING: You have chosen not to turn some select compiler warnings into errors.  This should not be necessary.  Please report why you needed to do so in a bug report at https://bugs.freedesktop.org/enter_bug.cgi?product=xorg
checking if x86_64-pc-linux-gnu-gcc supports -Wimplicit... yes
checking if x86_64-pc-linux-gnu-gcc supports -Wnonnull... yes
checking if x86_64-pc-linux-gnu-gcc supports -Winit-self... yes
checking if x86_64-pc-linux-gnu-gcc supports -Wmain... yes
checking if x86_64-pc-linux-gnu-gcc supports -Wmissing-braces... yes
checking if x86_64-pc-linux-gnu-gcc supports -Wsequence-point... yes
checking if x86_64-pc-linux-gnu-gcc supports -Wreturn-type... yes
checking if x86_64-pc-linux-gnu-gcc supports -Wtrigraphs... yes
checking if x86_64-pc-linux-gnu-gcc supports -Warray-bounds... yes
checking if x86_64-pc-linux-gnu-gcc supports -Wwrite-strings... yes
checking if x86_64-pc-linux-gnu-gcc supports -Waddress... yes
checking if x86_64-pc-linux-gnu-gcc supports -Wint-to-pointer-cast... yes
checking if x86_64-pc-linux-gnu-gcc supports -Wpointer-to-int-cast... yes
checking if x86_64-pc-linux-gnu-gcc supports -pedantic... yes
checking if x86_64-pc-linux-gnu-gcc supports -Werror... yes
checking if x86_64-pc-linux-gnu-gcc supports -Werror=attributes... yes
checking whether make supports nested variables... (cached) yes
checking for XMESSAGE... yes
checking for APPDEFS... yes
checking that generated files are newer than configure... done
configure: creating ./config.status
config.status: creating Makefile
config.status: creating man/Makefile
config.status: creating config.h
config.status: executing depfiles commands
>>> Source configured.
>>> Compiling source in /tmp/portage/x11-apps/xmessage-1.0.5/work/xmessage-1.0.5 ...
>>> Working in BUILD_DIR: "/tmp/portage/x11-apps/xmessage-1.0.5/work/xmessage-1.0.5_build"
make -j12 -l12 
make  all-recursive
make[1]: Entering directory '/tmp/portage/x11-apps/xmessage-1.0.5/work/xmessage-1.0.5_build'
Making all in man
make[2]: Entering directory '/tmp/portage/x11-apps/xmessage-1.0.5/work/xmessage-1.0.5_build/man'
/bin/sed -e 's|__vendorversion__|"xmessage 1.0.5" "X Version 11"|' 	-e 's|__xorgversion__|"xmessage 1.0.5" "X Version 11"|' 	-e 's|__xservername__|Xorg|g' 	-e 's|__xconfigfile__|xorg.conf|g' 	-e 's|__projectroot__|/usr|g' 	-e 's|__apploaddir__|/usr/share/X11/app-defaults|g' 	-e 's|__appmansuffix__|1|g' 	-e 's|__drivermansuffix__|4|g' 	-e 's|__adminmansuffix__|8|g' 	-e 's|__libmansuffix__|3|g' 	-e 's|__miscmansuffix__|7|g' 	-e 's|__filemansuffix__|5|g' < /tmp/portage/x11-apps/xmessage-1.0.5/work/xmessage-1.0.5/man/xmessage.man > xmessage.1
make[2]: Leaving directory '/tmp/portage/x11-apps/xmessage-1.0.5/work/xmessage-1.0.5_build/man'
make[2]: Entering directory '/tmp/portage/x11-apps/xmessage-1.0.5/work/xmessage-1.0.5_build'
x86_64-pc-linux-gnu-gcc -DHAVE_CONFIG_H -I. -I/tmp/portage/x11-apps/xmessage-1.0.5/work/xmessage-1.0.5    -Wall -Wpointer-arith -Wmissing-declarations -Wformat=2 -Wstrict-prototypes -Wmissing-prototypes -Wnested-externs -Wbad-function-cast -Wold-style-definition -Wdeclaration-after-statement -Wunused -Wuninitialized -Wshadow -Wmissing-noreturn -Wmissing-format-attribute -Wredundant-decls -Wlogical-op -Wimplicit -Wnonnull -Winit-self -Wmain -Wmissing-braces -Wsequence-point -Wreturn-type -Wtrigraphs -Warray-bounds -Wwrite-strings -Waddress -Wint-to-pointer-cast -Wpointer-to-int-cast -fno-strict-aliasing  -march=znver2 -Ofast -pipe -g0 -fgraphite-identity -floop-interchange -floop-nest-optimize -floop-parallelize-all -ftree-parallelize-loops=12 -ftree-vectorize -fdevirtualize-at-ltrans -fipa-pta -fno-semantic-interposition -flto=12 -fno-plt -falign-functions=32 -fno-stack-protector -fno-stack-clash-protection -fstack-check=no -fno-stack-check -fuse-linker-plugin -Wl,-O4 -Wl,-O4,--sort-common,--as-needed,-z,norelro,-z,now -c -o makeform.o /tmp/portage/x11-apps/xmessage-1.0.5/work/xmessage-1.0.5/makeform.c
x86_64-pc-linux-gnu-gcc -DHAVE_CONFIG_H -I. -I/tmp/portage/x11-apps/xmessage-1.0.5/work/xmessage-1.0.5    -Wall -Wpointer-arith -Wmissing-declarations -Wformat=2 -Wstrict-prototypes -Wmissing-prototypes -Wnested-externs -Wbad-function-cast -Wold-style-definition -Wdeclaration-after-statement -Wunused -Wuninitialized -Wshadow -Wmissing-noreturn -Wmissing-format-attribute -Wredundant-decls -Wlogical-op -Wimplicit -Wnonnull -Winit-self -Wmain -Wmissing-braces -Wsequence-point -Wreturn-type -Wtrigraphs -Warray-bounds -Wwrite-strings -Waddress -Wint-to-pointer-cast -Wpointer-to-int-cast -fno-strict-aliasing  -march=znver2 -Ofast -pipe -g0 -fgraphite-identity -floop-interchange -floop-nest-optimize -floop-parallelize-all -ftree-parallelize-loops=12 -ftree-vectorize -fdevirtualize-at-ltrans -fipa-pta -fno-semantic-interposition -flto=12 -fno-plt -falign-functions=32 -fno-stack-protector -fno-stack-clash-protection -fstack-check=no -fno-stack-check -fuse-linker-plugin -Wl,-O4 -Wl,-O4,--sort-common,--as-needed,-z,norelro,-z,now -c -o readfile.o /tmp/portage/x11-apps/xmessage-1.0.5/work/xmessage-1.0.5/readfile.c
x86_64-pc-linux-gnu-gcc -DHAVE_CONFIG_H -I. -I/tmp/portage/x11-apps/xmessage-1.0.5/work/xmessage-1.0.5    -Wall -Wpointer-arith -Wmissing-declarations -Wformat=2 -Wstrict-prototypes -Wmissing-prototypes -Wnested-externs -Wbad-function-cast -Wold-style-definition -Wdeclaration-after-statement -Wunused -Wuninitialized -Wshadow -Wmissing-noreturn -Wmissing-format-attribute -Wredundant-decls -Wlogical-op -Wimplicit -Wnonnull -Winit-self -Wmain -Wmissing-braces -Wsequence-point -Wreturn-type -Wtrigraphs -Warray-bounds -Wwrite-strings -Waddress -Wint-to-pointer-cast -Wpointer-to-int-cast -fno-strict-aliasing  -march=znver2 -Ofast -pipe -g0 -fgraphite-identity -floop-interchange -floop-nest-optimize -floop-parallelize-all -ftree-parallelize-loops=12 -ftree-vectorize -fdevirtualize-at-ltrans -fipa-pta -fno-semantic-interposition -flto=12 -fno-plt -falign-functions=32 -fno-stack-protector -fno-stack-clash-protection -fstack-check=no -fno-stack-check -fuse-linker-plugin -Wl,-O4 -Wl,-O4,--sort-common,--as-needed,-z,norelro,-z,now -c -o xmessage.o /tmp/portage/x11-apps/xmessage-1.0.5/work/xmessage-1.0.5/xmessage.c
../xmessage-1.0.5/makeform.c: In function 'make_queryform':
../xmessage-1.0.5/makeform.c:315:5: warning: assignment discards 'const' qualifier from pointer target type [-Wdiscarded-qualifiers]
  315 |     XtSetArg (args[n], XtNleft, XtChainLeft); n++;
      |     ^~~~~~~~
../xmessage-1.0.5/makeform.c:316:5: warning: assignment discards 'const' qualifier from pointer target type [-Wdiscarded-qualifiers]
  316 |     XtSetArg (args[n], XtNright, XtChainLeft); n++;
      |     ^~~~~~~~
../xmessage-1.0.5/makeform.c:318:5: warning: assignment discards 'const' qualifier from pointer target type [-Wdiscarded-qualifiers]
  318 |     XtSetArg (args[n], XtNbottom, XtChainBottom); n++;
      |     ^~~~~~~~
../xmessage-1.0.5/makeform.c:319:5: warning: assignment discards 'const' qualifier from pointer target type [-Wdiscarded-qualifiers]
  319 |     XtSetArg (args[n], XtNfromVert, text); n++;
      |     ^~~~~~~~
../xmessage-1.0.5/makeform.c:320:5: warning: assignment discards 'const' qualifier from pointer target type [-Wdiscarded-qualifiers]
  320 |     XtSetArg (args[n], XtNvertDistance, 5); n++;
      |     ^~~~~~~~
../xmessage-1.0.5/makeform.c:325:2: warning: assignment discards 'const' qualifier from pointer target type [-Wdiscarded-qualifiers]
  325 |  XtSetArg (args[thisn], XtNfromHoriz, prev); thisn++;
      |  ^~~~~~~~
../xmessage-1.0.5/xmessage.c:62:7: warning: initialization discards 'const' qualifier from pointer target type [-Wdiscarded-qualifiers]
   62 |     { "file", "File", XtRString, sizeof (char *),
      |       ^~~~~~
../xmessage-1.0.5/xmessage.c:62:15: warning: initialization discards 'const' qualifier from pointer target type [-Wdiscarded-qualifiers]
   62 |     { "file", "File", XtRString, sizeof (char *),
      |               ^~~~~~
../xmessage-1.0.5/xmessage.c:64:7: warning: initialization discards 'const' qualifier from pointer target type [-Wdiscarded-qualifiers]
   64 |     { "buttons", "Buttons", XtRString, sizeof (char *),
      |       ^~~~~~~~~
../xmessage-1.0.5/xmessage.c:64:18: warning: initialization discards 'const' qualifier from pointer target type [-Wdiscarded-qualifiers]
   64 |     { "buttons", "Buttons", XtRString, sizeof (char *),
      |                  ^~~~~~~~~
../xmessage-1.0.5/xmessage.c:66:7: warning: initialization discards 'const' qualifier from pointer target type [-Wdiscarded-qualifiers]
   66 |     { "defaultButton", "DefaultButton", XtRString, sizeof (char *),
      |       ^~~~~~~~~~~~~~~
../xmessage-1.0.5/xmessage.c:66:24: warning: initialization discards 'const' qualifier from pointer target type [-Wdiscarded-qualifiers]
   66 |     { "defaultButton", "DefaultButton", XtRString, sizeof (char *),
      |                        ^~~~~~~~~~~~~~~
../xmessage-1.0.5/xmessage.c:68:7: warning: initialization discards 'const' qualifier from pointer target type [-Wdiscarded-qualifiers]
   68 |     { "printValue", "PrintValue", XtRBoolean, sizeof (Boolean),
      |       ^~~~~~~~~~~~
../xmessage-1.0.5/xmessage.c:68:21: warning: initialization discards 'const' qualifier from pointer target type [-Wdiscarded-qualifiers]
   68 |     { "printValue", "PrintValue", XtRBoolean, sizeof (Boolean),
      |                     ^~~~~~~~~~~~
../xmessage-1.0.5/xmessage.c:69:39: warning: initialization discards 'const' qualifier from pointer target type [-Wdiscarded-qualifiers]
   69 |       offset(print_value), XtRString, "false" },
      |                                       ^~~~~~~
../xmessage-1.0.5/xmessage.c:70:7: warning: initialization discards 'const' qualifier from pointer target type [-Wdiscarded-qualifiers]
   70 |     { "center", "Center", XtRBoolean, sizeof (Boolean),
      |       ^~~~~~~~
../xmessage-1.0.5/xmessage.c:70:17: warning: initialization discards 'const' qualifier from pointer target type [-Wdiscarded-qualifiers]
   70 |     { "center", "Center", XtRBoolean, sizeof (Boolean),
      |                 ^~~~~~~~
../xmessage-1.0.5/xmessage.c:71:34: warning: initialization discards 'const' qualifier from pointer target type [-Wdiscarded-qualifiers]
   71 |       offset(center), XtRString, "false" },
      |                                  ^~~~~~~
../xmessage-1.0.5/xmessage.c:72:7: warning: initialization discards 'const' qualifier from pointer target type [-Wdiscarded-qualifiers]
   72 |     { "nearMouse", "NearMouse", XtRBoolean, sizeof (Boolean),
      |       ^~~~~~~~~~~
../xmessage-1.0.5/xmessage.c:72:20: warning: initialization discards 'const' qualifier from pointer target type [-Wdiscarded-qualifiers]
   72 |     { "nearMouse", "NearMouse", XtRBoolean, sizeof (Boolean),
      |                    ^~~~~~~~~~~
../xmessage-1.0.5/xmessage.c:73:37: warning: initialization discards 'const' qualifier from pointer target type [-Wdiscarded-qualifiers]
   73 |       offset(nearmouse), XtRString, "false" },
      |                                     ^~~~~~~
../xmessage-1.0.5/xmessage.c:74:7: warning: initialization discards 'const' qualifier from pointer target type [-Wdiscarded-qualifiers]
   74 |     { "timeout", "Timeout", XtRInt, sizeof (int),
      |       ^~~~~~~~~
../xmessage-1.0.5/xmessage.c:74:18: warning: initialization discards 'const' qualifier from pointer target type [-Wdiscarded-qualifiers]
   74 |     { "timeout", "Timeout", XtRInt, sizeof (int),
      |                  ^~~~~~~~~
../xmessage-1.0.5/xmessage.c:76:7: warning: initialization discards 'const' qualifier from pointer target type [-Wdiscarded-qualifiers]
   76 |     { "maxHeight", "Maximum", XtRDimension, sizeof (Dimension),
      |       ^~~~~~~~~~~
../xmessage-1.0.5/xmessage.c:76:20: warning: initialization discards 'const' qualifier from pointer target type [-Wdiscarded-qualifiers]
   76 |     { "maxHeight", "Maximum", XtRDimension, sizeof (Dimension),
      |                    ^~~~~~~~~
../xmessage-1.0.5/xmessage.c:78:7: warning: initialization discards 'const' qualifier from pointer target type [-Wdiscarded-qualifiers]
   78 |     { "maxWidth", "Maximum", XtRDimension, sizeof (Dimension),
      |       ^~~~~~~~~~
../xmessage-1.0.5/xmessage.c:78:19: warning: initialization discards 'const' qualifier from pointer target type [-Wdiscarded-qualifiers]
   78 |     { "maxWidth", "Maximum", XtRDimension, sizeof (Dimension),
      |                   ^~~~~~~~~
../xmessage-1.0.5/xmessage.c:84:7: warning: initialization discards 'const' qualifier from pointer target type [-Wdiscarded-qualifiers]
   84 |     { "-file",    ".file", XrmoptionSepArg, (XPointer) NULL },
      |       ^~~~~~~
../xmessage-1.0.5/xmessage.c:84:19: warning: initialization discards 'const' qualifier from pointer target type [-Wdiscarded-qualifiers]
   84 |     { "-file",    ".file", XrmoptionSepArg, (XPointer) NULL },
      |                   ^~~~~~~
../xmessage-1.0.5/xmessage.c:85:7: warning: initialization discards 'const' qualifier from pointer target type [-Wdiscarded-qualifiers]
   85 |     { "-buttons", ".buttons", XrmoptionSepArg, (XPointer) NULL },
      |       ^~~~~~~~~~
../xmessage-1.0.5/xmessage.c:85:19: warning: initialization discards 'const' qualifier from pointer target type [-Wdiscarded-qualifiers]
   85 |     { "-buttons", ".buttons", XrmoptionSepArg, (XPointer) NULL },
      |                   ^~~~~~~~~~
../xmessage-1.0.5/xmessage.c:86:7: warning: initialization discards 'const' qualifier from pointer target type [-Wdiscarded-qualifiers]
   86 |     { "-default", ".defaultButton", XrmoptionSepArg, (XPointer) NULL },
      |       ^~~~~~~~~~
../xmessage-1.0.5/xmessage.c:86:19: warning: initialization discards 'const' qualifier from pointer target type [-Wdiscarded-qualifiers]
   86 |     { "-default", ".defaultButton", XrmoptionSepArg, (XPointer) NULL },
      |                   ^~~~~~~~~~~~~~~~
../xmessage-1.0.5/xmessage.c:87:7: warning: initialization discards 'const' qualifier from pointer target type [-Wdiscarded-qualifiers]
   87 |     { "-print",   ".printValue", XrmoptionNoArg, (XPointer) "on" },
      |       ^~~~~~~~
../xmessage-1.0.5/xmessage.c:87:19: warning: initialization discards 'const' qualifier from pointer target type [-Wdiscarded-qualifiers]
   87 |     { "-print",   ".printValue", XrmoptionNoArg, (XPointer) "on" },
      |                   ^~~~~~~~~~~~~
../xmessage-1.0.5/xmessage.c:88:7: warning: initialization discards 'const' qualifier from pointer target type [-Wdiscarded-qualifiers]
   88 |     { "-center",  ".center", XrmoptionNoArg, (XPointer) "on" },
      |       ^~~~~~~~~
../xmessage-1.0.5/xmessage.c:88:19: warning: initialization discards 'const' qualifier from pointer target type [-Wdiscarded-qualifiers]
   88 |     { "-center",  ".center", XrmoptionNoArg, (XPointer) "on" },
      |                   ^~~~~~~~~
../xmessage-1.0.5/xmessage.c:89:7: warning: initialization discards 'const' qualifier from pointer target type [-Wdiscarded-qualifiers]
   89 |     { "-nearmouse", ".nearMouse", XrmoptionNoArg, (XPointer) "on" },
      |       ^~~~~~~~~~~~
../xmessage-1.0.5/xmessage.c:89:21: warning: initialization discards 'const' qualifier from pointer target type [-Wdiscarded-qualifiers]
   89 |     { "-nearmouse", ".nearMouse", XrmoptionNoArg, (XPointer) "on" },
      |                     ^~~~~~~~~~~~
../xmessage-1.0.5/xmessage.c:90:7: warning: initialization discards 'const' qualifier from pointer target type [-Wdiscarded-qualifiers]
   90 |     { "-timeout", ".timeout", XrmoptionSepArg, (XPointer) NULL },
      |       ^~~~~~~~~~
../xmessage-1.0.5/xmessage.c:90:19: warning: initialization discards 'const' qualifier from pointer target type [-Wdiscarded-qualifiers]
   90 |     { "-timeout", ".timeout", XrmoptionSepArg, (XPointer) NULL },
      |                   ^~~~~~~~~~
../xmessage-1.0.5/xmessage.c:94:5: warning: initialization discards 'const' qualifier from pointer target type [-Wdiscarded-qualifiers]
   94 |     "*baseTranslations: #override :<Key>Return: default-exit()",
      |     ^~~~~~~~~~~~~~~~~~~~~~~~~~~~~~~~~~~~~~~~~~~~~~~~~~~~~~~~~~~
../xmessage-1.0.5/xmessage.c:95:5: warning: initialization discards 'const' qualifier from pointer target type [-Wdiscarded-qualifiers]
   95 |     "*message.Scroll: whenNeeded",
      |     ^~~~~~~~~~~~~~~~~~~~~~~~~~~~~
../xmessage-1.0.5/xmessage.c:211:6: warning: initialization discards 'const' qualifier from pointer target type [-Wdiscarded-qualifiers]
  211 |     {"exit", exit_action},
      |      ^~~~~~
../xmessage-1.0.5/xmessage.c:212:6: warning: initialization discards 'const' qualifier from pointer target type [-Wdiscarded-qualifiers]
  212 |     {"default-exit", default_exit_action},
      |      ^~~~~~~~~~~~~~
../xmessage-1.0.5/xmessage.c:216:5: warning: initialization discards 'const' qualifier from pointer target type [-Wdiscarded-qualifiers]
  216 |     "<ClientMessage>WM_PROTOCOLS: exit(1)\n";
      |     ^~~~~~~~~~~~~~~~~~~~~~~~~~~~~~~~~~~~~~~~
x86_64-pc-linux-gnu-gcc -Wall -Wpointer-arith -Wmissing-declarations -Wformat=2 -Wstrict-prototypes -Wmissing-prototypes -Wnested-externs -Wbad-function-cast -Wold-style-definition -Wdeclaration-after-statement -Wunused -Wuninitialized -Wshadow -Wmissing-noreturn -Wmissing-format-attribute -Wredundant-decls -Wlogical-op -Wimplicit -Wnonnull -Winit-self -Wmain -Wmissing-braces -Wsequence-point -Wreturn-type -Wtrigraphs -Warray-bounds -Wwrite-strings -Waddress -Wint-to-pointer-cast -Wpointer-to-int-cast -fno-strict-aliasing  -march=znver2 -Ofast -pipe -g0 -fgraphite-identity -floop-interchange -floop-nest-optimize -floop-parallelize-all -ftree-parallelize-loops=12 -ftree-vectorize -fdevirtualize-at-ltrans -fipa-pta -fno-semantic-interposition -flto=12 -fno-plt -falign-functions=32 -fno-stack-protector -fno-stack-clash-protection -fstack-check=no -fno-stack-check -fuse-linker-plugin -Wl,-O4 -Wl,-O4,--sort-common,--as-needed,-z,norelro,-z,now  -Wl,-O4,--sort-common,--as-needed,-z,norelro,-z,now -march=znver2 -Ofast -pipe -g0 -fgraphite-identity -floop-interchange -floop-nest-optimize -floop-parallelize-all -ftree-parallelize-loops=12 -ftree-vectorize -fdevirtualize-at-ltrans -fipa-pta -fno-semantic-interposition -flto=12 -fno-plt -falign-functions=32 -fno-stack-protector -fno-stack-clash-protection -fstack-check=no -fno-stack-check -fuse-linker-plugin -Wl,-O4 -o xmessage makeform.o readfile.o xmessage.o -lXaw7 -lXt -lX11 
make[2]: Leaving directory '/tmp/portage/x11-apps/xmessage-1.0.5/work/xmessage-1.0.5_build'
make[1]: Leaving directory '/tmp/portage/x11-apps/xmessage-1.0.5/work/xmessage-1.0.5_build'
>>> Source compiled.
>>> Test phase [not enabled]: x11-apps/xmessage-1.0.5

>>> Install x11-apps/xmessage-1.0.5 into /tmp/portage/x11-apps/xmessage-1.0.5/image/
>>> Working in BUILD_DIR: "/tmp/portage/x11-apps/xmessage-1.0.5/work/xmessage-1.0.5_build"
make -j12 -l12 DESTDIR=/tmp/portage/x11-apps/xmessage-1.0.5/image/ docdir=/usr/share/doc/xmessage-1.0.5 install 
Making install in man
make[1]: Entering directory '/tmp/portage/x11-apps/xmessage-1.0.5/work/xmessage-1.0.5_build/man'
make[2]: Entering directory '/tmp/portage/x11-apps/xmessage-1.0.5/work/xmessage-1.0.5_build/man'
make[2]: Nothing to be done for 'install-exec-am'.
 /bin/mkdir -p '/tmp/portage/x11-apps/xmessage-1.0.5/image//usr/share/man/man1'
 /tmp/portage/._portage_reinstall_.4_zmvarz/bin/ebuild-helpers/xattr/install -c -m 644 xmessage.1 '/tmp/portage/x11-apps/xmessage-1.0.5/image//usr/share/man/man1'
make[2]: Leaving directory '/tmp/portage/x11-apps/xmessage-1.0.5/work/xmessage-1.0.5_build/man'
make[1]: Leaving directory '/tmp/portage/x11-apps/xmessage-1.0.5/work/xmessage-1.0.5_build/man'
make[1]: Entering directory '/tmp/portage/x11-apps/xmessage-1.0.5/work/xmessage-1.0.5_build'
make[2]: Entering directory '/tmp/portage/x11-apps/xmessage-1.0.5/work/xmessage-1.0.5_build'
 /bin/mkdir -p '/tmp/portage/x11-apps/xmessage-1.0.5/image//usr/bin'
 /bin/mkdir -p '/tmp/portage/x11-apps/xmessage-1.0.5/image//usr/share/X11/app-defaults'
  /tmp/portage/._portage_reinstall_.4_zmvarz/bin/ebuild-helpers/xattr/install -c xmessage '/tmp/portage/x11-apps/xmessage-1.0.5/image//usr/bin'
 /tmp/portage/._portage_reinstall_.4_zmvarz/bin/ebuild-helpers/xattr/install -c -m 644 /tmp/portage/x11-apps/xmessage-1.0.5/work/xmessage-1.0.5/app-defaults/Xmessage /tmp/portage/x11-apps/xmessage-1.0.5/work/xmessage-1.0.5/app-defaults/Xmessage-color '/tmp/portage/x11-apps/xmessage-1.0.5/image//usr/share/X11/app-defaults'
make[2]: Leaving directory '/tmp/portage/x11-apps/xmessage-1.0.5/work/xmessage-1.0.5_build'
make[1]: Leaving directory '/tmp/portage/x11-apps/xmessage-1.0.5/work/xmessage-1.0.5_build'
>>> Completed installing x11-apps/xmessage-1.0.5 into /tmp/portage/x11-apps/xmessage-1.0.5/image/

 * Final size of build directory: 1104 KiB (1.0 MiB)
 * Final size of installed tree:   112 KiB

strip: x86_64-pc-linux-gnu-strip --strip-unneeded -N __gentoo_check_ldflags__ -R .comment -R .GCC.command.line -R .note.gnu.gold-version
   /usr/bin/xmessage
./
./usr/
./usr/bin/
./usr/bin/xmessage
./usr/share/
./usr/share/man/
./usr/share/man/man1/
./usr/share/man/man1/xmessage.1.bz2
./usr/share/X11/
./usr/share/X11/app-defaults/
./usr/share/X11/app-defaults/Xmessage
./usr/share/X11/app-defaults/Xmessage-color
./usr/share/doc/
./usr/share/doc/xmessage-1.0.5/
./usr/share/doc/xmessage-1.0.5/README.bz2
./usr/share/doc/xmessage-1.0.5/ChangeLog.bz2
>>> Done.
 * checking 4 files for package collisions
>>> Merging x11-apps/xmessage-1.0.5 to /
 * removing unneeded *.la files
--- /usr/
--- /usr/share/
--- /usr/share/X11/
--- /usr/share/X11/app-defaults/
>>> /usr/share/X11/app-defaults/Xmessage-color
>>> /usr/share/X11/app-defaults/Xmessage
--- /usr/share/man/
--- /usr/share/man/man1/
>>> /usr/share/man/man1/xmessage.1.bz2
--- /usr/bin/
>>> /usr/bin/xmessage
>>> x11-apps/xmessage-1.0.5 merged.
>>> Regenerating /etc/ld.so.cache...
