>>> Extracting info
 * Package:    x11-libs/xcb-util-renderutil-0.3.9-r2
 * Repository: gentoo
 * USE:        abi_x86_64 elibc_glibc kernel_linux userland_GNU amd64
 * FEATURES:   network-sandbox preserve-libs sandbox userpriv usersandbox
 * FEATURES='merge-sync config-protect-if-modified fixlafiles xattr parallel-fetch userfetch unmerge-backup parallel-install compress-index qa-unresolved-soname-deps binpkg-dostrip binpkg-logs distlocks preserve-libs strict pid-sandbox binpkg-docompress userpriv multilib-strict buildpkg sandbox network-sandbox assume-digests unmerge-orphans unmerge-logs usersandbox binpkg-multi-instance sfperms usersync unknown-features-warn news downgrade-backup nodoc ipc-sandbox'
 * CFLAGS='-march=native -O3 -fgraphite-identity -floop-nest-optimize -fdevirtualize-at-ltrans -fipa-pta -fno-semantic-interposition -flto=12 -fno-plt -fno-math-errno -fno-trapping-math -fuse-linker-plugin -pipe -g0 -falign-functions=32 -Wl,-O1 -Wl,--as-needed -Wl,--hash-style=gnu,-z,norelro,--as-needed'
 * CXXFLAGS='-march=native -O3 -fgraphite-identity -floop-nest-optimize -fdevirtualize-at-ltrans -fipa-pta -fno-semantic-interposition -flto=12 -fno-plt -fno-math-errno -fno-trapping-math -fuse-linker-plugin -pipe -g0 -falign-functions=32 -Wl,-O1 -Wl,--as-needed -Wl,--hash-style=gnu,-z,norelro,--as-needed'
 * FFLAGS='-march=native -O3 -fgraphite-identity -floop-nest-optimize -fdevirtualize-at-ltrans -fipa-pta -fno-semantic-interposition -flto=12 -fno-plt -fno-math-errno -fno-trapping-math -fuse-linker-plugin -pipe -g0 -falign-functions=32 -Wl,-O1 -Wl,--as-needed -Wl,--hash-style=gnu,-z,norelro,--as-needed'
 * FCFLAGS='-march=native -O3 -fgraphite-identity -floop-nest-optimize -fdevirtualize-at-ltrans -fipa-pta -fno-semantic-interposition -flto=12 -fno-plt -fno-math-errno -fno-trapping-math -fuse-linker-plugin -pipe -g0 -falign-functions=32 -Wl,-O1 -Wl,--as-needed -Wl,--hash-style=gnu,-z,norelro,--as-needed'
 * F77FLAGS='-march=native -O3 -fgraphite-identity -floop-nest-optimize -fdevirtualize-at-ltrans -fipa-pta -fno-semantic-interposition -flto=12 -fno-plt -fno-math-errno -fno-trapping-math -fuse-linker-plugin -pipe -g0 -falign-functions=32 -Wl,-O1 -Wl,--as-needed -Wl,--hash-style=gnu,-z,norelro,--as-needed'
 * LDFLAGS='-Wl,-O1 -Wl,--as-needed -Wl,--hash-style=gnu,-z,norelro,--as-needed -march=native -O3 -fgraphite-identity -floop-nest-optimize -fdevirtualize-at-ltrans -fipa-pta -fno-semantic-interposition -flto=12 -fno-plt -fno-math-errno -fno-trapping-math -fuse-linker-plugin -pipe -g0 -falign-functions=32'
 * MAKEOPTS='-j12 -l12'
 * gcc () 11.0.0 20200526 (experimental)
 * g++ () 11.0.0 20200526 (experimental)
 * GNU ld (Gentoo 2.34 p4) 2.34.0
 * Linux ryzen.gnum.org 5.4.36 #1 SMP Thu Apr 30 04:38:28 UTC 2020 x86_64 AMD Ryzen 5 3600 6-Core Processor AuthenticAMD GNU/Linux
x11-libs/xcb-util-renderutil: 8 seconds average for 8 merges
2020-05-15T12:42:19 >>> x11-libs/xcb-util-renderutil: 14 seconds
2020-05-20T01:08:40 >>> x11-libs/xcb-util-renderutil: 5 seconds
2020-05-25T14:48:30 >>> x11-libs/xcb-util-renderutil: 3 seconds
2020-05-25T22:33:15 >>> x11-libs/xcb-util-renderutil: 21 seconds
2020-05-26T14:02:35 >>> x11-libs/xcb-util-renderutil: 6 seconds
2020-05-27T01:42:04 >>> x11-libs/xcb-util-renderutil: 6 seconds
2020-05-28T03:08:02 >>> x11-libs/xcb-util-renderutil: 6 seconds
2020-05-28T14:27:13 >>> x11-libs/xcb-util-renderutil: 7 seconds
]0;emerge 01:48:39 153|557 xcb-util-renderutil 00:06 (root@ryzen.gnum.org)>>> Extracting x11-libs/xcb-util-renderutil-0.3.9-r2
 * checking 5 files for package collisions
>>> Merging x11-libs/xcb-util-renderutil-0.3.9-r2 to /
 * removing unneeded *.la files
--- /usr/
--- /usr/lib64/
>>> /usr/lib64/libxcb-render-util.so.0.0.0
--- /usr/lib64/pkgconfig/
>>> /usr/lib64/pkgconfig/xcb-renderutil.pc
>>> /usr/lib64/libxcb-render-util.so.0 -> libxcb-render-util.so.0.0.0
>>> /usr/lib64/libxcb-render-util.so -> libxcb-render-util.so.0.0.0
--- /usr/include/
--- /usr/include/xcb/
>>> /usr/include/xcb/xcb_renderutil.h
>>> Safely unmerging already-installed instance...
>>> Original instance of package unmerged safely.
>>> x11-libs/xcb-util-renderutil-0.3.9-r2 merged.
>>> Regenerating /etc/ld.so.cache...
