No package files given... Grabbing a set.
<<<          obj /usr/share/doc/libxkbfile-1.1.0/README.md.bz2
<<<          obj /usr/share/doc/libxkbfile-1.1.0/ChangeLog.bz2
--- replaced obj /usr/lib64/pkgconfig/xkbfile.pc
--- replaced dir /usr/lib64/pkgconfig
--- replaced obj /usr/lib64/libxkbfile.so.1.0.2
--- replaced sym /usr/lib64/libxkbfile.so.1
--- replaced sym /usr/lib64/libxkbfile.so
--- replaced dir /usr/lib64
--- replaced obj /usr/lib/debug/usr/lib64/libxkbfile.so.1.0.2.debug
--- replaced dir /usr/lib/debug/usr/lib64
--- replaced dir /usr/lib/debug/usr
--- replaced dir /usr/lib/debug
--- replaced dir /usr/lib
--- replaced obj /usr/include/X11/extensions/XKMformat.h
--- replaced obj /usr/include/X11/extensions/XKM.h
--- replaced obj /usr/include/X11/extensions/XKBrules.h
--- replaced obj /usr/include/X11/extensions/XKBfile.h
--- replaced obj /usr/include/X11/extensions/XKBconfig.h
--- replaced obj /usr/include/X11/extensions/XKBbells.h
--- replaced dir /usr/include/X11/extensions
--- replaced dir /usr/include/X11
--- replaced dir /usr/include
--- replaced dir /usr
<<<          dir /usr/share/doc/libxkbfile-1.1.0
--- !empty   dir /usr/share/doc
--- !empty   dir /usr/share
>>> Regenerating /etc/ld.so.cache...
