 * Package:    x11-libs/libXres-1.2.0-r1
 * Repository: gentoo
 * Maintainer: x11@gentoo.org
 * USE:        abi_x86_64 amd64 elibc_glibc kernel_linux userland_GNU
 * FEATURES:   ccache network-sandbox preserve-libs userpriv
 * /etc/portage/package.cflags/ltoworkarounds.conf -> */*: *FLAGS+=-Wl,-O4 *FLAGS-=-Wl,-O1
 * FEATURES='assume-digests binpkg-docompress binpkg-dostrip binpkg-logs buildpkg ccache cgroup compress-index config-protect-if-modified distlocks ebuild-locks fixlafiles merge-sync multilib-strict network-sandbox news nodoc parallel-fetch preserve-libs qa-unresolved-soname-deps sfperms strict strict-keepdir unknown-features-warn unmerge-logs unmerge-orphans userfetch userpriv usersync xattr'
 * CFLAGS='-march=znver2 -Ofast -pipe -g0 -fgraphite-identity -floop-interchange -floop-nest-optimize -floop-parallelize-all -ftree-parallelize-loops=12 -ftree-vectorize -fdevirtualize-at-ltrans -fipa-pta -fno-semantic-interposition -flto=12 -fno-plt -falign-functions=32 -fno-stack-protector -fno-stack-clash-protection -fstack-check=no -fno-stack-check -fuse-linker-plugin -Wl,-O4 -Wl,-O4,--sort-common,--as-needed,-z,norelro,-z,now'
 * CXXFLAGS='-march=znver2 -Ofast -pipe -g0 -fgraphite-identity -floop-interchange -floop-nest-optimize -floop-parallelize-all -ftree-parallelize-loops=12 -ftree-vectorize -fdevirtualize-at-ltrans -fipa-pta -fno-semantic-interposition -flto=12 -fno-plt -falign-functions=32 -fno-stack-protector -fno-stack-clash-protection -fstack-check=no -fno-stack-check -fuse-linker-plugin -Wl,-O4 -Wl,-O4,--sort-common,--as-needed,-z,norelro,-z,now'
 * FFLAGS='-march=znver2 -Ofast -pipe -g0 -fgraphite-identity -floop-interchange -floop-nest-optimize -floop-parallelize-all -ftree-parallelize-loops=12 -ftree-vectorize -fdevirtualize-at-ltrans -fipa-pta -fno-semantic-interposition -flto=12 -fno-plt -falign-functions=32 -fno-stack-protector -fno-stack-clash-protection -fstack-check=no -fno-stack-check -fuse-linker-plugin -Wl,-O4 -Wl,-O4,--sort-common,--as-needed,-z,norelro,-z,now'
 * FCFLAGS='-march=znver2 -Ofast -pipe -g0 -fgraphite-identity -floop-interchange -floop-nest-optimize -floop-parallelize-all -ftree-parallelize-loops=12 -ftree-vectorize -fdevirtualize-at-ltrans -fipa-pta -fno-semantic-interposition -flto=12 -fno-plt -falign-functions=32 -fno-stack-protector -fno-stack-clash-protection -fstack-check=no -fno-stack-check -fuse-linker-plugin -Wl,-O4 -Wl,-O4,--sort-common,--as-needed,-z,norelro,-z,now'
 * F77FLAGS='-march=znver2 -Ofast -pipe -g0 -fgraphite-identity -floop-interchange -floop-nest-optimize -floop-parallelize-all -ftree-parallelize-loops=12 -ftree-vectorize -fdevirtualize-at-ltrans -fipa-pta -fno-semantic-interposition -flto=12 -fno-plt -falign-functions=32 -fno-stack-protector -fno-stack-clash-protection -fstack-check=no -fno-stack-check -fuse-linker-plugin -Wl,-O4 -Wl,-O4,--sort-common,--as-needed,-z,norelro,-z,now'
 * LDFLAGS='-Wl,-O4,--sort-common,--as-needed,-z,norelro,-z,now -march=znver2 -Ofast -pipe -g0 -fgraphite-identity -floop-interchange -floop-nest-optimize -floop-parallelize-all -ftree-parallelize-loops=12 -ftree-vectorize -fdevirtualize-at-ltrans -fipa-pta -fno-semantic-interposition -flto=12 -fno-plt -falign-functions=32 -fno-stack-protector -fno-stack-clash-protection -fstack-check=no -fno-stack-check -fuse-linker-plugin -Wl,-O4'
 * MAKEOPTS='-j12 -l12'
 * gcc (Gentoo 11.0.0_pre9999 p1, commit 184c21bf1cd04a108ed9bd04635e7d57ac39f616) 11.0.0 20200611 (experimental)
 * g++ (Gentoo 11.0.0_pre9999 p1, commit 184c21bf1cd04a108ed9bd04635e7d57ac39f616) 11.0.0 20200611 (experimental)
 * GNU ld (Gentoo 2.34 p4) 2.34.0
 * Linux rescue 5.4.36 #1 SMP Thu Apr 30 04:38:28 UTC 2020 x86_64 AMD Ryzen 5 3600 6-Core Processor AuthenticAMD GNU/Linux
x11-libs/libXres: 5 seconds average for 3 merges
2020-05-20T01:12:54 >>> x11-libs/libXres: 4 seconds
2020-05-25T12:21:05 >>> x11-libs/libXres: 5 seconds
2020-05-26T14:10:45 >>> x11-libs/libXres: 7 seconds
]0;emerge 03:12:15 14|262 libXres 00:05 (root@rescue)>>> Unpacking source...
>>> Unpacking libXres-1.2.0.tar.bz2 to /tmp/portage/x11-libs/libXres-1.2.0-r1/work
>>> Source unpacked in /tmp/portage/x11-libs/libXres-1.2.0-r1/work
>>> Preparing source in /tmp/portage/x11-libs/libXres-1.2.0-r1/work/libXres-1.2.0 ...
 * Running elibtoolize in: libXres-1.2.0/
 *   Applying portage/1.2.0 patch ...
 *   Applying sed/1.5.6 patch ...
 *   Applying as-needed/2.4.3 patch ...
 *   Applying ppc64le/2.4.4 patch ...
>>> Source prepared.
>>> Configuring source in /tmp/portage/x11-libs/libXres-1.2.0-r1/work/libXres-1.2.0 ...
>>> Working in BUILD_DIR: "/tmp/portage/x11-libs/libXres-1.2.0-r1/work/libXres-1.2.0_build"
 * econf: updating libXres-1.2.0/config.guess with /usr/share/gnuconfig/config.guess
 * econf: updating libXres-1.2.0/config.sub with /usr/share/gnuconfig/config.sub
/tmp/portage/x11-libs/libXres-1.2.0-r1/work/libXres-1.2.0/configure --prefix=/usr --build=x86_64-pc-linux-gnu --host=x86_64-pc-linux-gnu --mandir=/usr/share/man --infodir=/usr/share/info --datadir=/usr/share --sysconfdir=/etc --localstatedir=/var/lib --disable-dependency-tracking --disable-silent-rules --libdir=/usr/lib64 --docdir=/usr/share/doc/libXres-1.2.0-r1 --enable-shared --disable-static --disable-selective-werror
checking for a BSD-compatible install... /tmp/portage/._portage_reinstall_.4_zmvarz/bin/ebuild-helpers/xattr/install -c
checking whether build environment is sane... yes
checking for a thread-safe mkdir -p... /bin/mkdir -p
checking for gawk... gawk
checking whether make sets $(MAKE)... yes
checking whether make supports nested variables... yes
checking build system type... x86_64-pc-linux-gnu
checking host system type... x86_64-pc-linux-gnu
checking how to print strings... printf
checking for style of include used by make... GNU
checking for x86_64-pc-linux-gnu-gcc... x86_64-pc-linux-gnu-gcc
checking whether the C compiler works... yes
checking for C compiler default output file name... a.out
checking for suffix of executables... 
checking whether we are cross compiling... no
checking for suffix of object files... o
checking whether we are using the GNU C compiler... yes
checking whether x86_64-pc-linux-gnu-gcc accepts -g... yes
checking for x86_64-pc-linux-gnu-gcc option to accept ISO C89... none needed
checking whether x86_64-pc-linux-gnu-gcc understands -c and -o together... yes
checking dependency style of x86_64-pc-linux-gnu-gcc... none
checking for a sed that does not truncate output... /bin/sed
checking for grep that handles long lines and -e... /bin/grep
checking for egrep... /bin/grep -E
checking for fgrep... /bin/grep -F
checking for ld used by x86_64-pc-linux-gnu-gcc... /usr/x86_64-pc-linux-gnu/bin/ld
checking if the linker (/usr/x86_64-pc-linux-gnu/bin/ld) is GNU ld... yes
checking for BSD- or MS-compatible name lister (nm)... /usr/bin/x86_64-pc-linux-gnu-nm -B
checking the name lister (/usr/bin/x86_64-pc-linux-gnu-nm -B) interface... BSD nm
checking whether ln -s works... yes
checking the maximum length of command line arguments... 1572864
checking how to convert x86_64-pc-linux-gnu file names to x86_64-pc-linux-gnu format... func_convert_file_noop
checking how to convert x86_64-pc-linux-gnu file names to toolchain format... func_convert_file_noop
checking for /usr/x86_64-pc-linux-gnu/bin/ld option to reload object files... -r
checking for x86_64-pc-linux-gnu-objdump... x86_64-pc-linux-gnu-objdump
checking how to recognize dependent libraries... pass_all
checking for x86_64-pc-linux-gnu-dlltool... x86_64-pc-linux-gnu-dlltool
checking how to associate runtime and link libraries... printf %s\n
checking for x86_64-pc-linux-gnu-ar... x86_64-pc-linux-gnu-ar
checking for archiver @FILE support... @
checking for x86_64-pc-linux-gnu-strip... x86_64-pc-linux-gnu-strip
checking for x86_64-pc-linux-gnu-ranlib... x86_64-pc-linux-gnu-ranlib
checking command to parse /usr/bin/x86_64-pc-linux-gnu-nm -B output from x86_64-pc-linux-gnu-gcc object... ok
checking for sysroot... no
checking for a working dd... /bin/dd
checking how to truncate binary pipes... /bin/dd bs=4096 count=1
checking for x86_64-pc-linux-gnu-mt... no
checking for mt... no
checking if : is a manifest tool... no
checking how to run the C preprocessor... x86_64-pc-linux-gnu-gcc -E
checking for ANSI C header files... yes
checking for sys/types.h... yes
checking for sys/stat.h... yes
checking for stdlib.h... yes
checking for string.h... yes
checking for memory.h... yes
checking for strings.h... yes
checking for inttypes.h... yes
checking for stdint.h... yes
checking for unistd.h... yes
checking for dlfcn.h... yes
checking for objdir... .libs
checking if x86_64-pc-linux-gnu-gcc supports -fno-rtti -fno-exceptions... no
checking for x86_64-pc-linux-gnu-gcc option to produce PIC... -fPIC -DPIC
checking if x86_64-pc-linux-gnu-gcc PIC flag -fPIC -DPIC works... yes
checking if x86_64-pc-linux-gnu-gcc static flag -static works... yes
checking if x86_64-pc-linux-gnu-gcc supports -c -o file.o... yes
checking if x86_64-pc-linux-gnu-gcc supports -c -o file.o... (cached) yes
checking whether the x86_64-pc-linux-gnu-gcc linker (/usr/x86_64-pc-linux-gnu/bin/ld -m elf_x86_64) supports shared libraries... yes
checking whether -lc should be explicitly linked in... no
checking dynamic linker characteristics... GNU/Linux ld.so
checking how to hardcode library paths into programs... immediate
checking whether stripping libraries is possible... yes
checking if libtool supports shared libraries... yes
checking whether to build shared libraries... yes
checking whether to build static libraries... no
checking for x86_64-pc-linux-gnu-gcc option to accept ISO C99... none needed
checking whether __clang__ is declared... no
checking whether __INTEL_COMPILER is declared... no
checking whether __SUNPRO_C is declared... no
checking for x86_64-pc-linux-gnu-pkg-config... /usr/bin/x86_64-pc-linux-gnu-pkg-config
checking pkg-config is at least version 0.9.0... yes
checking if x86_64-pc-linux-gnu-gcc supports -Werror=unknown-warning-option... no
checking if x86_64-pc-linux-gnu-gcc supports -Werror=unused-command-line-argument... no
checking if x86_64-pc-linux-gnu-gcc supports -Wall... yes
checking if x86_64-pc-linux-gnu-gcc supports -Wpointer-arith... yes
checking if x86_64-pc-linux-gnu-gcc supports -Wmissing-declarations... yes
checking if x86_64-pc-linux-gnu-gcc supports -Wformat=2... yes
checking if x86_64-pc-linux-gnu-gcc supports -Wstrict-prototypes... yes
checking if x86_64-pc-linux-gnu-gcc supports -Wmissing-prototypes... yes
checking if x86_64-pc-linux-gnu-gcc supports -Wnested-externs... yes
checking if x86_64-pc-linux-gnu-gcc supports -Wbad-function-cast... yes
checking if x86_64-pc-linux-gnu-gcc supports -Wold-style-definition... yes
checking if x86_64-pc-linux-gnu-gcc supports -Wdeclaration-after-statement... yes
checking if x86_64-pc-linux-gnu-gcc supports -Wunused... yes
checking if x86_64-pc-linux-gnu-gcc supports -Wuninitialized... yes
checking if x86_64-pc-linux-gnu-gcc supports -Wshadow... yes
checking if x86_64-pc-linux-gnu-gcc supports -Wmissing-noreturn... yes
checking if x86_64-pc-linux-gnu-gcc supports -Wmissing-format-attribute... yes
checking if x86_64-pc-linux-gnu-gcc supports -Wredundant-decls... yes
checking if x86_64-pc-linux-gnu-gcc supports -Wlogical-op... yes
configure: WARNING: You have chosen not to turn some select compiler warnings into errors.  This should not be necessary.  Please report why you needed to do so in a bug report at https://bugs.freedesktop.org/enter_bug.cgi?product=xorg
checking if x86_64-pc-linux-gnu-gcc supports -Wimplicit... yes
checking if x86_64-pc-linux-gnu-gcc supports -Wnonnull... yes
checking if x86_64-pc-linux-gnu-gcc supports -Winit-self... yes
checking if x86_64-pc-linux-gnu-gcc supports -Wmain... yes
checking if x86_64-pc-linux-gnu-gcc supports -Wmissing-braces... yes
checking if x86_64-pc-linux-gnu-gcc supports -Wsequence-point... yes
checking if x86_64-pc-linux-gnu-gcc supports -Wreturn-type... yes
checking if x86_64-pc-linux-gnu-gcc supports -Wtrigraphs... yes
checking if x86_64-pc-linux-gnu-gcc supports -Warray-bounds... yes
checking if x86_64-pc-linux-gnu-gcc supports -Wwrite-strings... yes
checking if x86_64-pc-linux-gnu-gcc supports -Waddress... yes
checking if x86_64-pc-linux-gnu-gcc supports -Wint-to-pointer-cast... yes
checking if x86_64-pc-linux-gnu-gcc supports -Wpointer-to-int-cast... yes
checking if x86_64-pc-linux-gnu-gcc supports -pedantic... yes
checking if x86_64-pc-linux-gnu-gcc supports -Werror... yes
checking if x86_64-pc-linux-gnu-gcc supports -Werror=attributes... yes
checking whether make supports nested variables... (cached) yes
checking whether malloc(0) returns NULL... yes
checking for XRES... yes
checking that generated files are newer than configure... done
configure: creating ./config.status
config.status: creating Makefile
config.status: creating src/Makefile
config.status: creating man/Makefile
config.status: creating xres.pc
config.status: creating config.h
config.status: executing depfiles commands
config.status: executing libtool commands
>>> Source configured.
>>> Compiling source in /tmp/portage/x11-libs/libXres-1.2.0-r1/work/libXres-1.2.0 ...
>>> Working in BUILD_DIR: "/tmp/portage/x11-libs/libXres-1.2.0-r1/work/libXres-1.2.0_build"
make -j12 -l12 
make  all-recursive
make[1]: Entering directory '/tmp/portage/x11-libs/libXres-1.2.0-r1/work/libXres-1.2.0_build'
Making all in src
make[2]: Entering directory '/tmp/portage/x11-libs/libXres-1.2.0-r1/work/libXres-1.2.0_build/src'
/bin/sh ../libtool  --tag=CC   --mode=compile x86_64-pc-linux-gnu-gcc -DHAVE_CONFIG_H -I. -I/tmp/portage/x11-libs/libXres-1.2.0-r1/work/libXres-1.2.0/src -I..  -I/tmp/portage/x11-libs/libXres-1.2.0-r1/work/libXres-1.2.0/include  -Wall -Wpointer-arith -Wmissing-declarations -Wformat=2 -Wstrict-prototypes -Wmissing-prototypes -Wnested-externs -Wbad-function-cast -Wold-style-definition -Wdeclaration-after-statement -Wunused -Wuninitialized -Wshadow -Wmissing-noreturn -Wmissing-format-attribute -Wredundant-decls -Wlogical-op -Wimplicit -Wnonnull -Winit-self -Wmain -Wmissing-braces -Wsequence-point -Wreturn-type -Wtrigraphs -Warray-bounds -Wwrite-strings -Waddress -Wint-to-pointer-cast -Wpointer-to-int-cast -fno-strict-aliasing  -DMALLOC_0_RETURNS_NULL -march=znver2 -Ofast -pipe -g0 -fgraphite-identity -floop-interchange -floop-nest-optimize -floop-parallelize-all -ftree-parallelize-loops=12 -ftree-vectorize -fdevirtualize-at-ltrans -fipa-pta -fno-semantic-interposition -flto=12 -fno-plt -falign-functions=32 -fno-stack-protector -fno-stack-clash-protection -fstack-check=no -fno-stack-check -fuse-linker-plugin -Wl,-O4 -Wl,-O4,--sort-common,--as-needed,-z,norelro,-z,now -c -o XRes.lo /tmp/portage/x11-libs/libXres-1.2.0-r1/work/libXres-1.2.0/src/XRes.c
libtool: compile:  x86_64-pc-linux-gnu-gcc -DHAVE_CONFIG_H -I. -I/tmp/portage/x11-libs/libXres-1.2.0-r1/work/libXres-1.2.0/src -I.. -I/tmp/portage/x11-libs/libXres-1.2.0-r1/work/libXres-1.2.0/include -Wall -Wpointer-arith -Wmissing-declarations -Wformat=2 -Wstrict-prototypes -Wmissing-prototypes -Wnested-externs -Wbad-function-cast -Wold-style-definition -Wdeclaration-after-statement -Wunused -Wuninitialized -Wshadow -Wmissing-noreturn -Wmissing-format-attribute -Wredundant-decls -Wlogical-op -Wimplicit -Wnonnull -Winit-self -Wmain -Wmissing-braces -Wsequence-point -Wreturn-type -Wtrigraphs -Warray-bounds -Wwrite-strings -Waddress -Wint-to-pointer-cast -Wpointer-to-int-cast -fno-strict-aliasing -DMALLOC_0_RETURNS_NULL -march=znver2 -Ofast -pipe -g0 -fgraphite-identity -floop-interchange -floop-nest-optimize -floop-parallelize-all -ftree-parallelize-loops=12 -ftree-vectorize -fdevirtualize-at-ltrans -fipa-pta -fno-semantic-interposition -flto=12 -fno-plt -falign-functions=32 -fno-stack-protector -fno-stack-clash-protection -fstack-check=no -fno-stack-check -fuse-linker-plugin -Wl,-O4 -Wl,-O4,--sort-common,--as-needed,-z,norelro,-z,now -c /tmp/portage/x11-libs/libXres-1.2.0-r1/work/libXres-1.2.0/src/XRes.c  -fPIC -DPIC -o .libs/XRes.o
/bin/sh ../libtool  --tag=CC   --mode=link x86_64-pc-linux-gnu-gcc -Wall -Wpointer-arith -Wmissing-declarations -Wformat=2 -Wstrict-prototypes -Wmissing-prototypes -Wnested-externs -Wbad-function-cast -Wold-style-definition -Wdeclaration-after-statement -Wunused -Wuninitialized -Wshadow -Wmissing-noreturn -Wmissing-format-attribute -Wredundant-decls -Wlogical-op -Wimplicit -Wnonnull -Winit-self -Wmain -Wmissing-braces -Wsequence-point -Wreturn-type -Wtrigraphs -Warray-bounds -Wwrite-strings -Waddress -Wint-to-pointer-cast -Wpointer-to-int-cast -fno-strict-aliasing  -DMALLOC_0_RETURNS_NULL -march=znver2 -Ofast -pipe -g0 -fgraphite-identity -floop-interchange -floop-nest-optimize -floop-parallelize-all -ftree-parallelize-loops=12 -ftree-vectorize -fdevirtualize-at-ltrans -fipa-pta -fno-semantic-interposition -flto=12 -fno-plt -falign-functions=32 -fno-stack-protector -fno-stack-clash-protection -fstack-check=no -fno-stack-check -fuse-linker-plugin -Wl,-O4 -Wl,-O4,--sort-common,--as-needed,-z,norelro,-z,now -version-number 1:0:0 -no-undefined -Wl,-O4,--sort-common,--as-needed,-z,norelro,-z,now -march=znver2 -Ofast -pipe -g0 -fgraphite-identity -floop-interchange -floop-nest-optimize -floop-parallelize-all -ftree-parallelize-loops=12 -ftree-vectorize -fdevirtualize-at-ltrans -fipa-pta -fno-semantic-interposition -flto=12 -fno-plt -falign-functions=32 -fno-stack-protector -fno-stack-clash-protection -fstack-check=no -fno-stack-check -fuse-linker-plugin -Wl,-O4 -o libXRes.la -rpath /usr/lib64 XRes.lo -lX11 -lXext 
libtool: link: x86_64-pc-linux-gnu-gcc -shared  -fPIC -DPIC  .libs/XRes.o   -lX11 -lXext  -march=znver2 -Ofast -g0 -flto=12 -fuse-linker-plugin -Wl,-O4 -Wl,-O4 -Wl,--sort-common -Wl,--as-needed -Wl,-z -Wl,norelro -Wl,-z -Wl,now -Wl,-O4 -Wl,--sort-common -Wl,--as-needed -Wl,-z -Wl,norelro -Wl,-z -Wl,now -march=znver2 -Ofast -g0 -flto=12 -fuse-linker-plugin -Wl,-O4   -Wl,-soname -Wl,libXRes.so.1 -o .libs/libXRes.so.1.0.0
libtool: link: (cd ".libs" && rm -f "libXRes.so.1" && ln -s "libXRes.so.1.0.0" "libXRes.so.1")
libtool: link: (cd ".libs" && rm -f "libXRes.so" && ln -s "libXRes.so.1.0.0" "libXRes.so")
libtool: link: ( cd ".libs" && rm -f "libXRes.la" && ln -s "../libXRes.la" "libXRes.la" )
make[2]: Leaving directory '/tmp/portage/x11-libs/libXres-1.2.0-r1/work/libXres-1.2.0_build/src'
Making all in man
make[2]: Entering directory '/tmp/portage/x11-libs/libXres-1.2.0-r1/work/libXres-1.2.0_build/man'
/bin/sed -e 's|__vendorversion__|"libXres 1.2.0" "X Version 11"|' 	-e 's|__xorgversion__|"libXres 1.2.0" "X Version 11"|' 	-e 's|__xservername__|Xorg|g' 	-e 's|__xconfigfile__|xorg.conf|g' 	-e 's|__projectroot__|/usr|g' 	-e 's|__apploaddir__||g' 	-e 's|__appmansuffix__|1|g' 	-e 's|__drivermansuffix__|4|g' 	-e 's|__adminmansuffix__|8|g' 	-e 's|__libmansuffix__|3|g' 	-e 's|__miscmansuffix__|7|g' 	-e 's|__filemansuffix__|5|g' < /tmp/portage/x11-libs/libXres-1.2.0-r1/work/libXres-1.2.0/man/XRes.man > XRes.3
/bin/sed -e 's|__vendorversion__|"libXres 1.2.0" "X Version 11"|' 	-e 's|__xorgversion__|"libXres 1.2.0" "X Version 11"|' 	-e 's|__xservername__|Xorg|g' 	-e 's|__xconfigfile__|xorg.conf|g' 	-e 's|__projectroot__|/usr|g' 	-e 's|__apploaddir__||g' 	-e 's|__appmansuffix__|1|g' 	-e 's|__drivermansuffix__|4|g' 	-e 's|__adminmansuffix__|8|g' 	-e 's|__libmansuffix__|3|g' 	-e 's|__miscmansuffix__|7|g' 	-e 's|__filemansuffix__|5|g' < /tmp/portage/x11-libs/libXres-1.2.0-r1/work/libXres-1.2.0/man/XResQueryExtension.man > XResQueryExtension.3
/bin/sed -e 's|__vendorversion__|"libXres 1.2.0" "X Version 11"|' 	-e 's|__xorgversion__|"libXres 1.2.0" "X Version 11"|' 	-e 's|__xservername__|Xorg|g' 	-e 's|__xconfigfile__|xorg.conf|g' 	-e 's|__projectroot__|/usr|g' 	-e 's|__apploaddir__||g' 	-e 's|__appmansuffix__|1|g' 	-e 's|__drivermansuffix__|4|g' 	-e 's|__adminmansuffix__|8|g' 	-e 's|__libmansuffix__|3|g' 	-e 's|__miscmansuffix__|7|g' 	-e 's|__filemansuffix__|5|g' < /tmp/portage/x11-libs/libXres-1.2.0-r1/work/libXres-1.2.0/man/XResQueryVersion.man > XResQueryVersion.3
/bin/sed -e 's|__vendorversion__|"libXres 1.2.0" "X Version 11"|' 	-e 's|__xorgversion__|"libXres 1.2.0" "X Version 11"|' 	-e 's|__xservername__|Xorg|g' 	-e 's|__xconfigfile__|xorg.conf|g' 	-e 's|__projectroot__|/usr|g' 	-e 's|__apploaddir__||g' 	-e 's|__appmansuffix__|1|g' 	-e 's|__drivermansuffix__|4|g' 	-e 's|__adminmansuffix__|8|g' 	-e 's|__libmansuffix__|3|g' 	-e 's|__miscmansuffix__|7|g' 	-e 's|__filemansuffix__|5|g' < /tmp/portage/x11-libs/libXres-1.2.0-r1/work/libXres-1.2.0/man/XResQueryClients.man > XResQueryClients.3
/bin/sed -e 's|__vendorversion__|"libXres 1.2.0" "X Version 11"|' 	-e 's|__xorgversion__|"libXres 1.2.0" "X Version 11"|' 	-e 's|__xservername__|Xorg|g' 	-e 's|__xconfigfile__|xorg.conf|g' 	-e 's|__projectroot__|/usr|g' 	-e 's|__apploaddir__||g' 	-e 's|__appmansuffix__|1|g' 	-e 's|__drivermansuffix__|4|g' 	-e 's|__adminmansuffix__|8|g' 	-e 's|__libmansuffix__|3|g' 	-e 's|__miscmansuffix__|7|g' 	-e 's|__filemansuffix__|5|g' < /tmp/portage/x11-libs/libXres-1.2.0-r1/work/libXres-1.2.0/man/XResQueryClientResources.man > XResQueryClientResources.3
/bin/sed -e 's|__vendorversion__|"libXres 1.2.0" "X Version 11"|' 	-e 's|__xorgversion__|"libXres 1.2.0" "X Version 11"|' 	-e 's|__xservername__|Xorg|g' 	-e 's|__xconfigfile__|xorg.conf|g' 	-e 's|__projectroot__|/usr|g' 	-e 's|__apploaddir__||g' 	-e 's|__appmansuffix__|1|g' 	-e 's|__drivermansuffix__|4|g' 	-e 's|__adminmansuffix__|8|g' 	-e 's|__libmansuffix__|3|g' 	-e 's|__miscmansuffix__|7|g' 	-e 's|__filemansuffix__|5|g' < /tmp/portage/x11-libs/libXres-1.2.0-r1/work/libXres-1.2.0/man/XResQueryClientPixmapBytes.man > XResQueryClientPixmapBytes.3
make[2]: Leaving directory '/tmp/portage/x11-libs/libXres-1.2.0-r1/work/libXres-1.2.0_build/man'
make[2]: Entering directory '/tmp/portage/x11-libs/libXres-1.2.0-r1/work/libXres-1.2.0_build'
make[2]: Leaving directory '/tmp/portage/x11-libs/libXres-1.2.0-r1/work/libXres-1.2.0_build'
make[1]: Leaving directory '/tmp/portage/x11-libs/libXres-1.2.0-r1/work/libXres-1.2.0_build'
>>> Source compiled.
>>> Test phase [not enabled]: x11-libs/libXres-1.2.0-r1

>>> Install x11-libs/libXres-1.2.0-r1 into /tmp/portage/x11-libs/libXres-1.2.0-r1/image/
>>> Working in BUILD_DIR: "/tmp/portage/x11-libs/libXres-1.2.0-r1/work/libXres-1.2.0_build"
make -j12 -l12 DESTDIR=/tmp/portage/x11-libs/libXres-1.2.0-r1/image/ docdir=/usr/share/doc/libXres-1.2.0-r1 install 
Making install in src
make[1]: Entering directory '/tmp/portage/x11-libs/libXres-1.2.0-r1/work/libXres-1.2.0_build/src'
make[2]: Entering directory '/tmp/portage/x11-libs/libXres-1.2.0-r1/work/libXres-1.2.0_build/src'
 /bin/mkdir -p '/tmp/portage/x11-libs/libXres-1.2.0-r1/image//usr/lib64'
 /bin/mkdir -p '/tmp/portage/x11-libs/libXres-1.2.0-r1/image//usr/include/X11/extensions'
 /bin/sh ../libtool   --mode=install /tmp/portage/._portage_reinstall_.4_zmvarz/bin/ebuild-helpers/xattr/install -c   libXRes.la '/tmp/portage/x11-libs/libXres-1.2.0-r1/image//usr/lib64'
 /tmp/portage/._portage_reinstall_.4_zmvarz/bin/ebuild-helpers/xattr/install -c -m 644 /tmp/portage/x11-libs/libXres-1.2.0-r1/work/libXres-1.2.0/include/X11/extensions/XRes.h '/tmp/portage/x11-libs/libXres-1.2.0-r1/image//usr/include/X11/extensions'
libtool: install: /tmp/portage/._portage_reinstall_.4_zmvarz/bin/ebuild-helpers/xattr/install -c .libs/libXRes.so.1.0.0 /tmp/portage/x11-libs/libXres-1.2.0-r1/image//usr/lib64/libXRes.so.1.0.0
libtool: install: (cd /tmp/portage/x11-libs/libXres-1.2.0-r1/image//usr/lib64 && { ln -s -f libXRes.so.1.0.0 libXRes.so.1 || { rm -f libXRes.so.1 && ln -s libXRes.so.1.0.0 libXRes.so.1; }; })
libtool: install: (cd /tmp/portage/x11-libs/libXres-1.2.0-r1/image//usr/lib64 && { ln -s -f libXRes.so.1.0.0 libXRes.so || { rm -f libXRes.so && ln -s libXRes.so.1.0.0 libXRes.so; }; })
libtool: install: /tmp/portage/._portage_reinstall_.4_zmvarz/bin/ebuild-helpers/xattr/install -c .libs/libXRes.lai /tmp/portage/x11-libs/libXres-1.2.0-r1/image//usr/lib64/libXRes.la
libtool: [31mwarning(B[m: [1mremember to run 'libtool --finish /usr/lib64'(B[m
make[2]: Leaving directory '/tmp/portage/x11-libs/libXres-1.2.0-r1/work/libXres-1.2.0_build/src'
make[1]: Leaving directory '/tmp/portage/x11-libs/libXres-1.2.0-r1/work/libXres-1.2.0_build/src'
Making install in man
make[1]: Entering directory '/tmp/portage/x11-libs/libXres-1.2.0-r1/work/libXres-1.2.0_build/man'
make[2]: Entering directory '/tmp/portage/x11-libs/libXres-1.2.0-r1/work/libXres-1.2.0_build/man'
make[2]: Nothing to be done for 'install-exec-am'.
 /bin/mkdir -p '/tmp/portage/x11-libs/libXres-1.2.0-r1/image//usr/share/man/man3'
 /tmp/portage/._portage_reinstall_.4_zmvarz/bin/ebuild-helpers/xattr/install -c -m 644 XRes.3 XResQueryExtension.3 XResQueryVersion.3 XResQueryClients.3 XResQueryClientResources.3 XResQueryClientPixmapBytes.3 '/tmp/portage/x11-libs/libXres-1.2.0-r1/image//usr/share/man/man3'
make[2]: Leaving directory '/tmp/portage/x11-libs/libXres-1.2.0-r1/work/libXres-1.2.0_build/man'
make[1]: Leaving directory '/tmp/portage/x11-libs/libXres-1.2.0-r1/work/libXres-1.2.0_build/man'
make[1]: Entering directory '/tmp/portage/x11-libs/libXres-1.2.0-r1/work/libXres-1.2.0_build'
make[2]: Entering directory '/tmp/portage/x11-libs/libXres-1.2.0-r1/work/libXres-1.2.0_build'
make[2]: Nothing to be done for 'install-exec-am'.
 /bin/mkdir -p '/tmp/portage/x11-libs/libXres-1.2.0-r1/image//usr/lib64/pkgconfig'
 /tmp/portage/._portage_reinstall_.4_zmvarz/bin/ebuild-helpers/xattr/install -c -m 644 xres.pc '/tmp/portage/x11-libs/libXres-1.2.0-r1/image//usr/lib64/pkgconfig'
make[2]: Leaving directory '/tmp/portage/x11-libs/libXres-1.2.0-r1/work/libXres-1.2.0_build'
make[1]: Leaving directory '/tmp/portage/x11-libs/libXres-1.2.0-r1/work/libXres-1.2.0_build'
 * Removing unnecessary /usr/lib64/libXRes.la (no static archive)
>>> Completed installing x11-libs/libXres-1.2.0-r1 into /tmp/portage/x11-libs/libXres-1.2.0-r1/image/

 * Final size of build directory: 2444 KiB (2.3 MiB)
 * Final size of installed tree:   140 KiB

strip: x86_64-pc-linux-gnu-strip --strip-unneeded -N __gentoo_check_ldflags__ -R .comment -R .GCC.command.line -R .note.gnu.gold-version
   /usr/lib64/libXRes.so.1.0.0
./
./usr/
./usr/include/
./usr/include/X11/
./usr/include/X11/extensions/
./usr/include/X11/extensions/XRes.h
./usr/share/
./usr/share/man/
./usr/share/man/man3/
./usr/share/man/man3/XRes.3.bz2
./usr/share/man/man3/XResQueryExtension.3
./usr/share/man/man3/XResQueryClientPixmapBytes.3
./usr/share/man/man3/XResQueryClients.3
./usr/share/man/man3/XResQueryVersion.3
./usr/share/man/man3/XResQueryClientResources.3
./usr/share/doc/
./usr/share/doc/libXres-1.2.0-r1/
./usr/share/doc/libXres-1.2.0-r1/README.bz2
./usr/share/doc/libXres-1.2.0-r1/ChangeLog.bz2
./usr/share/doc/libXres-1.2.0-r1/AUTHORS
./usr/lib64/
./usr/lib64/libXRes.so.1.0.0
./usr/lib64/libXRes.so.1
./usr/lib64/libXRes.so
./usr/lib64/pkgconfig/
./usr/lib64/pkgconfig/xres.pc
>>> Done.
 * checking 11 files for package collisions
>>> Merging x11-libs/libXres-1.2.0-r1 to /
 * removing unneeded *.la files
--- /usr/
--- /usr/lib64/
--- /usr/lib64/pkgconfig/
>>> /usr/lib64/pkgconfig/xres.pc
>>> /usr/lib64/libXRes.so.1.0.0
--- /usr/share/
--- /usr/share/man/
--- /usr/share/man/man3/
>>> /usr/share/man/man3/XResQueryClientResources.3
>>> /usr/share/man/man3/XResQueryVersion.3
>>> /usr/share/man/man3/XResQueryClients.3
>>> /usr/share/man/man3/XResQueryClientPixmapBytes.3
>>> /usr/share/man/man3/XResQueryExtension.3
>>> /usr/share/man/man3/XRes.3.bz2
--- /usr/include/
--- /usr/include/X11/
--- /usr/include/X11/extensions/
>>> /usr/include/X11/extensions/XRes.h
>>> /usr/lib64/libXRes.so.1 -> libXRes.so.1.0.0
>>> /usr/lib64/libXRes.so -> libXRes.so.1.0.0
>>> x11-libs/libXres-1.2.0-r1 merged.
>>> Regenerating /etc/ld.so.cache...
