>>> Extracting info
 * Package:    x11-misc/xbitmaps-1.1.2-r1
 * Repository: gentoo
 * USE:        amd64 userland_GNU abi_x86_64 elibc_glibc kernel_linux
 * FEATURES:   ccache preserve-libs userpriv
 * FEATURES='assume-digests binpkg-docompress binpkg-dostrip binpkg-logs buildpkg ccache cgroup compress-index config-protect-if-modified distlocks ebuild-locks fixlafiles merge-sync multilib-strict news nodoc parallel-fetch preserve-libs qa-unresolved-soname-deps sfperms strict strict-keepdir unknown-features-warn unmerge-logs unmerge-orphans userfetch userpriv usersync xattr'
 * CFLAGS='-O2 -pipe -Wl,-O1,--sort-common,--as-needed,-z,norelro,-z,now'
 * CXXFLAGS='-O2 -pipe -Wl,-O1,--sort-common,--as-needed,-z,norelro,-z,now'
 * FFLAGS='-O2 -pipe -Wl,-O1,--sort-common,--as-needed,-z,norelro,-z,now'
 * FCFLAGS='-O2 -pipe -Wl,-O1,--sort-common,--as-needed,-z,norelro,-z,now'
 * F77FLAGS='-O2 -pipe -Wl,-O1,--sort-common,--as-needed,-z,norelro,-z,now'
 * LDFLAGS='-Wl,-O1,--sort-common,--as-needed,-z,norelro,-z,now'
 * MAKEOPTS='-j12 -l12'
 * gcc (Gentoo 11.0.0_pre9999 p1, commit 184c21bf1cd04a108ed9bd04635e7d57ac39f616) 11.0.0 20200611 (experimental)
 * g++ (Gentoo 11.0.0_pre9999 p1, commit 184c21bf1cd04a108ed9bd04635e7d57ac39f616) 11.0.0 20200611 (experimental)
 * GNU ld (Gentoo 2.34 p4) 2.34.0
 * Linux rescue 5.4.36 #1 SMP Thu Apr 30 04:38:28 UTC 2020 x86_64 AMD Ryzen 5 3600 6-Core Processor AuthenticAMD GNU/Linux
x11-misc/xbitmaps: 4 minutes, 41 seconds average for 25 merges
2020-05-15T03:28:21 >>> x11-misc/xbitmaps: 9 seconds
2020-05-20T00:56:30 >>> x11-misc/xbitmaps: 16 seconds
2020-05-21T05:49:04 >>> x11-misc/xbitmaps: 5 seconds
2020-05-22T01:54:16 >>> x11-misc/xbitmaps: 6 minutes, 57 seconds
2020-05-22T02:40:51 >>> x11-misc/xbitmaps: 3 minutes, 6 seconds
2020-05-22T03:05:31 >>> x11-misc/xbitmaps: 7 minutes, 40 seconds
2020-05-22T12:25:04 >>> x11-misc/xbitmaps: 7 minutes, 26 seconds
2020-05-23T03:26:59 >>> x11-misc/xbitmaps: 7 minutes, 8 seconds
2020-05-24T23:20:58 >>> x11-misc/xbitmaps: 9 minutes, 5 seconds
2020-05-25T03:01:30 >>> x11-misc/xbitmaps: 2 minutes, 26 seconds
2020-05-25T18:12:25 >>> x11-misc/xbitmaps: 7 minutes, 36 seconds
2020-05-25T19:50:03 >>> x11-misc/xbitmaps: 4 minutes, 28 seconds
2020-05-26T12:31:26 >>> x11-misc/xbitmaps: 4 minutes, 24 seconds
2020-05-26T13:46:07 >>> x11-misc/xbitmaps: 3 minutes, 24 seconds
2020-05-27T01:24:02 >>> x11-misc/xbitmaps: 3 minutes, 41 seconds
2020-05-27T02:58:48 >>> x11-misc/xbitmaps: 8 minutes, 27 seconds
2020-05-28T13:21:43 >>> x11-misc/xbitmaps: 6 minutes, 57 seconds
2020-05-28T14:11:30 >>> x11-misc/xbitmaps: 4 minutes, 11 seconds
2020-05-29T01:32:08 >>> x11-misc/xbitmaps: 6 minutes, 36 seconds
2020-05-30T12:29:37 >>> x11-misc/xbitmaps: 30 seconds
2020-05-30T21:32:47 >>> x11-misc/xbitmaps: 16 seconds
2020-06-01T01:45:47 >>> x11-misc/xbitmaps: 29 seconds
2020-06-04T11:48:05 >>> x11-misc/xbitmaps: 18 minutes, 25 seconds
2020-06-12T01:22:34 >>> x11-misc/xbitmaps: 2 minutes, 21 seconds
2020-06-13T03:23:44 >>> x11-misc/xbitmaps: 1 minute, 16 seconds
]0;emerge 19:56:50 79|882 xbitmaps 07:21 (root@rescue)>>> Extracting x11-misc/xbitmaps-1.1.2-r1
 * checking 72 files for package collisions
>>> Merging x11-misc/xbitmaps-1.1.2-r1 to /
 * removing unneeded *.la files
--- /usr/
--- /usr/share/
--- /usr/share/pkgconfig/
>>> /usr/share/pkgconfig/xbitmaps.pc
--- /usr/include/
--- /usr/include/X11/
--- /usr/include/X11/bitmaps/
>>> /usr/include/X11/bitmaps/menu10
>>> /usr/include/X11/bitmaps/dot
>>> /usr/include/X11/bitmaps/vlines2
>>> /usr/include/X11/bitmaps/menu8
>>> /usr/include/X11/bitmaps/noletters
>>> /usr/include/X11/bitmaps/dropbar8
>>> /usr/include/X11/bitmaps/mailfullmsk
>>> /usr/include/X11/bitmaps/hlines3
>>> /usr/include/X11/bitmaps/escherknot
>>> /usr/include/X11/bitmaps/opendot
>>> /usr/include/X11/bitmaps/boxes
>>> /usr/include/X11/bitmaps/starMask
>>> /usr/include/X11/bitmaps/grid4
>>> /usr/include/X11/bitmaps/star
>>> /usr/include/X11/bitmaps/box6
>>> /usr/include/X11/bitmaps/dimple1
>>> /usr/include/X11/bitmaps/icon
>>> /usr/include/X11/bitmaps/flagup
>>> /usr/include/X11/bitmaps/opendotMask
>>> /usr/include/X11/bitmaps/tie_fighter
>>> /usr/include/X11/bitmaps/mailempty
>>> /usr/include/X11/bitmaps/gray
>>> /usr/include/X11/bitmaps/cntr_ptr
>>> /usr/include/X11/bitmaps/scales
>>> /usr/include/X11/bitmaps/gray1
>>> /usr/include/X11/bitmaps/wide_weave
>>> /usr/include/X11/bitmaps/target
>>> /usr/include/X11/bitmaps/woman
>>> /usr/include/X11/bitmaps/gray3
>>> /usr/include/X11/bitmaps/root_weave
>>> /usr/include/X11/bitmaps/mensetmanus
>>> /usr/include/X11/bitmaps/menu6
>>> /usr/include/X11/bitmaps/xlogo11
>>> /usr/include/X11/bitmaps/grid2
>>> /usr/include/X11/bitmaps/weird_size
>>> /usr/include/X11/bitmaps/dropbar7
>>> /usr/include/X11/bitmaps/mailfull
>>> /usr/include/X11/bitmaps/xlogo64
>>> /usr/include/X11/bitmaps/dimple3
>>> /usr/include/X11/bitmaps/menu12
>>> /usr/include/X11/bitmaps/black
>>> /usr/include/X11/bitmaps/sipb
>>> /usr/include/X11/bitmaps/cntr_ptrmsk
>>> /usr/include/X11/bitmaps/grid16
>>> /usr/include/X11/bitmaps/xfd_icon
>>> /usr/include/X11/bitmaps/menu16
>>> /usr/include/X11/bitmaps/grid8
>>> /usr/include/X11/bitmaps/stipple
>>> /usr/include/X11/bitmaps/xlogo16
>>> /usr/include/X11/bitmaps/black6
>>> /usr/include/X11/bitmaps/2x2
>>> /usr/include/X11/bitmaps/left_ptrmsk
>>> /usr/include/X11/bitmaps/xsnow
>>> /usr/include/X11/bitmaps/mailemptymsk
>>> /usr/include/X11/bitmaps/calculator
>>> /usr/include/X11/bitmaps/cross_weave
>>> /usr/include/X11/bitmaps/terminal
>>> /usr/include/X11/bitmaps/vlines3
>>> /usr/include/X11/bitmaps/flipped_gray
>>> /usr/include/X11/bitmaps/left_ptr
>>> /usr/include/X11/bitmaps/plaid
>>> /usr/include/X11/bitmaps/hlines2
>>> /usr/include/X11/bitmaps/right_ptr
>>> /usr/include/X11/bitmaps/xlogo32
>>> /usr/include/X11/bitmaps/letters
>>> /usr/include/X11/bitmaps/right_ptrmsk
>>> /usr/include/X11/bitmaps/wingdogs
>>> /usr/include/X11/bitmaps/keyboard16
>>> /usr/include/X11/bitmaps/1x1
>>> /usr/include/X11/bitmaps/light_gray
>>> /usr/include/X11/bitmaps/flagdown
>>> Safely unmerging already-installed instance...
>>> Original instance of package unmerged safely.
>>> x11-misc/xbitmaps-1.1.2-r1 merged.
