>>> Extracting info
 * Package:    x11-libs/libXau-1.0.9
 * Repository: gentoo
 * USE:        kernel_linux userland_GNU elibc_glibc amd64 abi_x86_64
 * FEATURES:   network-sandbox preserve-libs sandbox userpriv usersandbox
 * FEATURES='assume-digests binpkg-docompress binpkg-dostrip binpkg-logs buildpkg cgroup compress-index config-protect-if-modified distlocks ebuild-locks fixlafiles ipc-sandbox merge-sync multilib-strict network-sandbox news nodoc parallel-fetch pid-sandbox preserve-libs qa-unresolved-soname-deps sandbox sfperms strict strict-keepdir unknown-features-warn unmerge-logs unmerge-orphans userfetch userpriv usersandbox usersync xattr'
 * CFLAGS='-march=znver2 -O2 -pipe -fno-stack-protector -fno-stack-clash-protection -fstack-check=no -fno-stack-check -Wl,-O1 -Wl,--as-needed'
 * CXXFLAGS='-march=znver2 -O2 -pipe -fno-stack-protector -fno-stack-clash-protection -fstack-check=no -fno-stack-check -Wl,-O1 -Wl,--as-needed'
 * FFLAGS='-march=znver2 -O2 -pipe -fno-stack-protector -fno-stack-clash-protection -fstack-check=no -fno-stack-check -Wl,-O1 -Wl,--as-needed'
 * FCFLAGS='-march=znver2 -O2 -pipe -fno-stack-protector -fno-stack-clash-protection -fstack-check=no -fno-stack-check -Wl,-O1 -Wl,--as-needed'
 * F77FLAGS='-march=znver2 -O2 -pipe -fno-stack-protector -fno-stack-clash-protection -fstack-check=no -fno-stack-check -Wl,-O1 -Wl,--as-needed'
 * LDFLAGS='-Wl,-O1 -Wl,--as-needed'
 * MAKEOPTS='-j12 -l12'
 * gcc (Gentoo 10.1.0-r1 p2) 10.1.0
 * g++ (Gentoo 10.1.0-r1 p2) 10.1.0
 * GNU gold (Gentoo 2.34 p4 2.34.0) 1.16
 * Linux rescue 5.4.36 #1 SMP Thu Apr 30 04:38:28 UTC 2020 x86_64 AMD Ryzen 5 3600 6-Core Processor AuthenticAMD GNU/Linux
x11-libs/libXau: 9 seconds average for 18 merges
2020-05-15T07:01:40 >>> x11-libs/libXau: 20 seconds
2020-05-20T01:06:55 >>> x11-libs/libXau: 4 seconds
2020-05-24T21:07:39 >>> x11-libs/libXau: 4 seconds
2020-05-24T21:33:29 >>> x11-libs/libXau: 4 seconds
2020-05-24T21:35:38 >>> x11-libs/libXau: 5 seconds
2020-05-24T21:37:39 >>> x11-libs/libXau: 5 seconds
2020-05-24T22:12:14 >>> x11-libs/libXau: 4 seconds
2020-05-25T14:47:13 >>> x11-libs/libXau: 21 seconds
2020-05-25T20:43:10 >>> x11-libs/libXau: 21 seconds
2020-05-26T13:58:56 >>> x11-libs/libXau: 6 seconds
2020-05-27T01:38:22 >>> x11-libs/libXau: 6 seconds
2020-05-28T14:25:07 >>> x11-libs/libXau: 6 seconds
2020-05-29T01:45:27 >>> x11-libs/libXau: 6 seconds
2020-05-30T13:30:40 >>> x11-libs/libXau: 23 seconds
2020-05-30T21:44:48 >>> x11-libs/libXau: 6 seconds
2020-06-01T02:50:25 >>> x11-libs/libXau: 23 seconds
2020-06-12T01:30:54 >>> x11-libs/libXau: 5 seconds
2020-06-13T20:11:09 >>> x11-libs/libXau: 6 seconds
]0;emerge 13:53:07 121|565 libXau 00:11 (root@rescue)>>> Extracting x11-libs/libXau-1.0.9
 * checking 15 files for package collisions
>>> Merging x11-libs/libXau-1.0.9 to /
 * removing unneeded *.la files
--- /usr/
--- /usr/lib64/
--- /usr/lib64/pkgconfig/
>>> /usr/lib64/pkgconfig/xau.pc
>>> /usr/lib64/libXau.so -> libXau.so.6.0.0
>>> /usr/lib64/libXau.so.6.0.0
>>> /usr/lib64/libXau.so.6 -> libXau.so.6.0.0
--- /usr/share/
--- /usr/share/man/
--- /usr/share/man/man3/
>>> /usr/share/man/man3/XauWriteAuth.3
>>> /usr/share/man/man3/XauGetBestAuthByAddr.3
>>> /usr/share/man/man3/Xau.3
>>> /usr/share/man/man3/XauReadAuth.3
>>> /usr/share/man/man3/XauDisposeAuth.3
>>> /usr/share/man/man3/XauUnlockAuth.3
>>> /usr/share/man/man3/Xau.3.bz2
>>> /usr/share/man/man3/XauFileName.3
>>> /usr/share/man/man3/XauGetAuthByAddr.3
>>> /usr/share/man/man3/XauLockAuth.3
--- /usr/include/
--- /usr/include/X11/
>>> /usr/include/X11/Xauth.h
>>> Safely unmerging already-installed instance...
!!! File Not Found: '/etc/env.d/99lcdfilter'
>>> Original instance of package unmerged safely.
>>> x11-libs/libXau-1.0.9 merged.
!!! File Not Found: '/etc/env.d/99lcdfilter'
>>> Regenerating /etc/ld.so.cache...
