>>> Extracting info
 * Package:    x11-libs/libXt-1.2.0
 * Repository: gentoo
 * USE:        amd64 userland_GNU abi_x86_64 elibc_glibc kernel_linux
 * FEATURES:   ccache preserve-libs userpriv
 * FEATURES='userpriv ccache distlocks strict fixlafiles nodoc buildpkg config-protect-if-modified xattr strict-keepdir preserve-libs cgroup compress-index qa-unresolved-soname-deps merge-sync binpkg-dostrip multilib-strict news unmerge-orphans assume-digests parallel-fetch sfperms binpkg-logs unmerge-logs ebuild-locks userfetch unknown-features-warn usersync binpkg-docompress'
 * CFLAGS='-march=znver2 -O2 -pipe -g0 -fno-semantic-interposition -fno-plt -falign-functions=32 -fno-stack-protector -fno-stack-clash-protection -fstack-check=no -fno-stack-check -Wl,-O4 -Wl,-O4,--sort-common,--as-needed,-z,norelro,-z,now,-lgomp,-lpthread'
 * CXXFLAGS='-march=znver2 -O2 -pipe -g0 -fno-semantic-interposition -fno-plt -falign-functions=32 -fno-stack-protector -fno-stack-clash-protection -fstack-check=no -fno-stack-check -Wl,-O4 -Wl,-O4,--sort-common,--as-needed,-z,norelro,-z,now,-lgomp,-lpthread'
 * FFLAGS='-march=znver2 -O2 -pipe -g0 -fno-semantic-interposition -fno-plt -falign-functions=32 -fno-stack-protector -fno-stack-clash-protection -fstack-check=no -fno-stack-check -Wl,-O4 -Wl,-O4,--sort-common,--as-needed,-z,norelro,-z,now,-lgomp,-lpthread'
 * FCFLAGS='-march=znver2 -O2 -pipe -g0 -fno-semantic-interposition -fno-plt -falign-functions=32 -fno-stack-protector -fno-stack-clash-protection -fstack-check=no -fno-stack-check -Wl,-O4 -Wl,-O4,--sort-common,--as-needed,-z,norelro,-z,now,-lgomp,-lpthread'
 * F77FLAGS='-march=znver2 -O2 -pipe -g0 -fno-semantic-interposition -fno-plt -falign-functions=32 -fno-stack-protector -fno-stack-clash-protection -fstack-check=no -fno-stack-check -Wl,-O4 -Wl,-O4,--sort-common,--as-needed,-z,norelro,-z,now,-lgomp,-lpthread'
 * LDFLAGS='-march=znver2 -O2 -pipe -g0 -fno-semantic-interposition -fno-plt -falign-functions=32 -fno-stack-protector -fno-stack-clash-protection -fstack-check=no -fno-stack-check -Wl,-O4,--sort-common,--as-needed,-z,norelro,-z,now,-lgomp,-lpthread'
 * MAKEOPTS='-j12 -l12'
 * gcc (Gentoo 11.0.0_pre9999 p1, commit 184c21bf1cd04a108ed9bd04635e7d57ac39f616) 11.0.0 20200611 (experimental)
 * g++ (Gentoo 11.0.0_pre9999 p1, commit 184c21bf1cd04a108ed9bd04635e7d57ac39f616) 11.0.0 20200611 (experimental)
 * GNU ld (Gentoo 2.34 p4) 2.34.0
 * Linux rescue 5.4.36 #1 SMP Thu Apr 30 04:38:28 UTC 2020 x86_64 AMD Ryzen 5 3600 6-Core Processor AuthenticAMD GNU/Linux
x11-libs/libXt: 15 seconds average for 17 merges
2020-05-15T07:41:02 >>> x11-libs/libXt: 19 seconds
2020-05-15T12:53:53 >>> x11-libs/libXt: 16 seconds
2020-05-20T01:54:31 >>> x11-libs/libXt: 5 seconds
2020-05-20T04:26:05 >>> x11-libs/libXt: 5 seconds
2020-05-25T04:02:03 >>> x11-libs/libXt: 36 seconds
2020-05-25T15:03:07 >>> x11-libs/libXt: 4 seconds
2020-05-25T19:17:44 >>> x11-libs/libXt: 24 seconds
2020-05-25T20:32:34 >>> x11-libs/libXt: 24 seconds
2020-05-26T14:31:40 >>> x11-libs/libXt: 6 seconds
2020-05-27T02:08:06 >>> x11-libs/libXt: 6 seconds
2020-05-27T04:40:37 >>> x11-libs/libXt: 24 seconds
2020-05-28T03:38:36 >>> x11-libs/libXt: 5 seconds
2020-05-29T02:04:44 >>> x11-libs/libXt: 6 seconds
2020-05-29T14:03:59 >>> x11-libs/libXt: 24 seconds
2020-05-30T13:18:13 >>> x11-libs/libXt: 25 seconds
2020-06-01T02:35:59 >>> x11-libs/libXt: 27 seconds
2020-06-12T01:59:41 >>> x11-libs/libXt: 5 seconds
]0;emerge 20:38:46 551|882 libXt 00:19 (root@rescue)>>> Extracting x11-libs/libXt-1.2.0
 * checking 37 files for package collisions
>>> Merging x11-libs/libXt-1.2.0 to /
 * removing unneeded *.la files
--- /usr/
--- /usr/lib64/
>>> /usr/lib64/libXt.so -> libXt.so.6.0.0
--- /usr/lib64/pkgconfig/
>>> /usr/lib64/pkgconfig/xt.pc
>>> /usr/lib64/libXt.so.6.0.0
>>> /usr/lib64/libXt.so.6 -> libXt.so.6.0.0
--- /usr/include/
--- /usr/include/X11/
>>> /usr/include/X11/EventI.h
>>> /usr/include/X11/HookObjI.h
>>> /usr/include/X11/CreateI.h
>>> /usr/include/X11/SelectionI.h
>>> /usr/include/X11/Object.h
>>> /usr/include/X11/ShellP.h
>>> /usr/include/X11/Constraint.h
>>> /usr/include/X11/ConstrainP.h
>>> /usr/include/X11/Vendor.h
>>> /usr/include/X11/ThreadsI.h
>>> /usr/include/X11/VarargsI.h
>>> /usr/include/X11/ResourceI.h
>>> /usr/include/X11/ShellI.h
>>> /usr/include/X11/PassivGraI.h
>>> /usr/include/X11/CompositeP.h
>>> /usr/include/X11/Shell.h
>>> /usr/include/X11/RectObj.h
>>> /usr/include/X11/StringDefs.h
>>> /usr/include/X11/TranslateI.h
>>> /usr/include/X11/Composite.h
>>> /usr/include/X11/VendorP.h
>>> /usr/include/X11/InitialI.h
>>> /usr/include/X11/RectObjP.h
>>> /usr/include/X11/IntrinsicI.h
>>> /usr/include/X11/IntrinsicP.h
>>> /usr/include/X11/CallbackI.h
>>> /usr/include/X11/Core.h
>>> /usr/include/X11/ObjectP.h
>>> /usr/include/X11/CoreP.h
>>> /usr/include/X11/ConvertI.h
>>> /usr/include/X11/Intrinsic.h
>>> /usr/include/X11/Xtos.h
>>> /usr/include/X11/ResConfigP.h
>>> Safely unmerging already-installed instance...
>>> Original instance of package unmerged safely.
>>> x11-libs/libXt-1.2.0 merged.
>>> Regenerating /etc/ld.so.cache...
