>>> Extracting info
 * Package:    x11-base/xcb-proto-1.14-r1
 * Repository: gentoo
 * USE:        abi_x86_32 amd64 python_targets_python3_8 userland_GNU kernel_linux python_targets_python3_7 abi_x86_64 elibc_glibc
 * FEATURES:   ccache network-sandbox preserve-libs sandbox userpriv usersandbox
 * FEATURES='assume-digests binpkg-docompress binpkg-dostrip binpkg-logs binpkg-multi-instance buildpkg ccache cgroup compress-index config-protect-if-modified distlocks downgrade-backup fixlafiles ipc-sandbox merge-sync multilib-strict network-sandbox news nodoc parallel-fetch parallel-install pid-sandbox preserve-libs qa-unresolved-soname-deps sandbox sfperms strict strict-keepdir unknown-features-warn unmerge-backup unmerge-logs unmerge-orphans userfetch userpriv usersandbox usersync xattr'
 * CFLAGS='-march=native -O3 -fdevirtualize-at-ltrans -fipa-pta -fno-semantic-interposition -fno-signed-zeros -fno-trapping-math -fassociative-math -freciprocal-math -fno-math-errno -ffinite-math-only -fno-rounding-math -fno-signaling-nans -fcx-limited-range -fexcess-precision=fast -fno-plt -fno-common -pipe -g0 -fno-stack-protector -fno-stack-clash-protection -fstack-check=no -fno-stack-check -Wl,-O1 -Wl,--as-needed -Wl,--defsym=__gentoo_check_ldflags__=0 -Wl,--hash-style=gnu -Wl,-z,norelro'
 * CXXFLAGS='-march=native -O3 -fdevirtualize-at-ltrans -fipa-pta -fno-semantic-interposition -fno-signed-zeros -fno-trapping-math -fassociative-math -freciprocal-math -fno-math-errno -ffinite-math-only -fno-rounding-math -fno-signaling-nans -fcx-limited-range -fexcess-precision=fast -fno-plt -fno-common -pipe -g0 -fno-stack-protector -fno-stack-clash-protection -fstack-check=no -fno-stack-check -Wl,-O1 -Wl,--as-needed -Wl,--defsym=__gentoo_check_ldflags__=0 -Wl,--hash-style=gnu -Wl,-z,norelro'
 * FFLAGS='-march=native -O3 -fdevirtualize-at-ltrans -fipa-pta -fno-semantic-interposition -fno-signed-zeros -fno-trapping-math -fassociative-math -freciprocal-math -fno-math-errno -ffinite-math-only -fno-rounding-math -fno-signaling-nans -fcx-limited-range -fexcess-precision=fast -fno-plt -fno-common -pipe -g0 -fno-stack-protector -fno-stack-clash-protection -fstack-check=no -fno-stack-check -Wl,-O1 -Wl,--as-needed -Wl,--defsym=__gentoo_check_ldflags__=0 -Wl,--hash-style=gnu -Wl,-z,norelro'
 * FCFLAGS='-march=native -O3 -fdevirtualize-at-ltrans -fipa-pta -fno-semantic-interposition -fno-signed-zeros -fno-trapping-math -fassociative-math -freciprocal-math -fno-math-errno -ffinite-math-only -fno-rounding-math -fno-signaling-nans -fcx-limited-range -fexcess-precision=fast -fno-plt -fno-common -pipe -g0 -fno-stack-protector -fno-stack-clash-protection -fstack-check=no -fno-stack-check -Wl,-O1 -Wl,--as-needed -Wl,--defsym=__gentoo_check_ldflags__=0 -Wl,--hash-style=gnu -Wl,-z,norelro'
 * F77FLAGS='-march=native -O3 -fdevirtualize-at-ltrans -fipa-pta -fno-semantic-interposition -fno-signed-zeros -fno-trapping-math -fassociative-math -freciprocal-math -fno-math-errno -ffinite-math-only -fno-rounding-math -fno-signaling-nans -fcx-limited-range -fexcess-precision=fast -fno-plt -fno-common -pipe -g0 -fno-stack-protector -fno-stack-clash-protection -fstack-check=no -fno-stack-check -Wl,-O1 -Wl,--as-needed -Wl,--defsym=__gentoo_check_ldflags__=0 -Wl,--hash-style=gnu -Wl,-z,norelro'
 * LDFLAGS='-Wl,-O1 -Wl,--as-needed -Wl,--defsym=__gentoo_check_ldflags__=0 -Wl,--hash-style=gnu -Wl,-z,norelro'
 * MAKEOPTS='-j12'
 * gcc (Gentoo 11.0.0_pre9999 p1, commit 584d52b088f9fcf78704b504c3f1f07e17c1cded) 11.0.0 20200523 (experimental)
 * g++ (Gentoo 11.0.0_pre9999 p1, commit 584d52b088f9fcf78704b504c3f1f07e17c1cded) 11.0.0 20200523 (experimental)
 * GNU ld (Gentoo 2.34 p4) 2.34.0
 * Linux ryzen.gnum.org 5.4.36 #1 SMP Thu Apr 30 04:38:28 UTC 2020 x86_64 AMD Ryzen 5 3600 6-Core Processor AuthenticAMD GNU/Linux
x11-base/xcb-proto: 9 seconds average for 6 merges
2020-05-15T07:23:38 >>> x11-base/xcb-proto: 12 seconds
2020-05-19T23:59:26 >>> x11-base/xcb-proto: 6 seconds
2020-05-24T05:03:32 >>> x11-base/xcb-proto: 14 seconds
2020-05-24T21:09:53 >>> x11-base/xcb-proto: 13 seconds
2020-05-24T21:36:03 >>> x11-base/xcb-proto: 6 seconds
2020-05-24T21:38:10 >>> x11-base/xcb-proto: 7 seconds
]0;emerge 12:21:07 8|235 xcb-proto 00:09 (root@ryzen.gnum.org)kemerge 12:21:07 8|235 xcb-proto 00:09 (root@ryzen.gnum.org)\>>> Extracting x11-base/xcb-proto-1.14-r1
 * checking 90 files for package collisions
>>> Merging x11-base/xcb-proto-1.14-r1 to /
 * removing unneeded *.la files
--- /usr/
--- /usr/lib64/
--- /usr/lib64/pkgconfig/
>>> /usr/lib64/pkgconfig/xcb-proto.pc
--- /usr/share/
--- /usr/share/xcb/
>>> /usr/share/xcb/shape.xml
>>> /usr/share/xcb/xtest.xml
>>> /usr/share/xcb/xv.xml
>>> /usr/share/xcb/xinerama.xml
>>> /usr/share/xcb/bigreq.xml
>>> /usr/share/xcb/randr.xml
>>> /usr/share/xcb/dri2.xml
>>> /usr/share/xcb/xcb.xsd
>>> /usr/share/xcb/shm.xml
>>> /usr/share/xcb/xvmc.xml
>>> /usr/share/xcb/screensaver.xml
>>> /usr/share/xcb/glx.xml
>>> /usr/share/xcb/composite.xml
>>> /usr/share/xcb/sync.xml
>>> /usr/share/xcb/xc_misc.xml
>>> /usr/share/xcb/xfixes.xml
>>> /usr/share/xcb/ge.xml
>>> /usr/share/xcb/damage.xml
>>> /usr/share/xcb/dri3.xml
>>> /usr/share/xcb/render.xml
>>> /usr/share/xcb/record.xml
>>> /usr/share/xcb/present.xml
>>> /usr/share/xcb/xf86dri.xml
>>> /usr/share/xcb/dpms.xml
>>> /usr/share/xcb/xprint.xml
>>> /usr/share/xcb/xselinux.xml
>>> /usr/share/xcb/xproto.xml
>>> /usr/share/xcb/xevie.xml
>>> /usr/share/xcb/xinput.xml
>>> /usr/share/xcb/xf86vidmode.xml
>>> /usr/share/xcb/xkb.xml
>>> /usr/share/xcb/res.xml
--- /usr/lib/
--- /usr/lib/pkgconfig/
>>> /usr/lib/pkgconfig/xcb-proto.pc
--- /usr/lib/python3.7/
--- /usr/lib/python3.7/site-packages/
>>> /usr/lib/python3.7/site-packages/xcbgen/
>>> /usr/lib/python3.7/site-packages/xcbgen/align.py
>>> /usr/lib/python3.7/site-packages/xcbgen/state.py
>>> /usr/lib/python3.7/site-packages/xcbgen/__pycache__/
>>> /usr/lib/python3.7/site-packages/xcbgen/__pycache__/matcher.cpython-37.pyc
>>> /usr/lib/python3.7/site-packages/xcbgen/__pycache__/matcher.cpython-37.opt-2.pyc
>>> /usr/lib/python3.7/site-packages/xcbgen/__pycache__/align.cpython-37.opt-1.pyc
>>> /usr/lib/python3.7/site-packages/xcbgen/__pycache__/align.cpython-37.opt-2.pyc
>>> /usr/lib/python3.7/site-packages/xcbgen/__pycache__/xtypes.cpython-37.opt-2.pyc
>>> /usr/lib/python3.7/site-packages/xcbgen/__pycache__/expr.cpython-37.opt-1.pyc
>>> /usr/lib/python3.7/site-packages/xcbgen/__pycache__/__init__.cpython-37.pyc
>>> /usr/lib/python3.7/site-packages/xcbgen/__pycache__/state.cpython-37.opt-1.pyc
>>> /usr/lib/python3.7/site-packages/xcbgen/__pycache__/xtypes.cpython-37.pyc
>>> /usr/lib/python3.7/site-packages/xcbgen/__pycache__/error.cpython-37.pyc
>>> /usr/lib/python3.7/site-packages/xcbgen/__pycache__/expr.cpython-37.pyc
>>> /usr/lib/python3.7/site-packages/xcbgen/__pycache__/xtypes.cpython-37.opt-1.pyc
>>> /usr/lib/python3.7/site-packages/xcbgen/__pycache__/__init__.cpython-37.opt-2.pyc
>>> /usr/lib/python3.7/site-packages/xcbgen/__pycache__/__init__.cpython-37.opt-1.pyc
>>> /usr/lib/python3.7/site-packages/xcbgen/__pycache__/expr.cpython-37.opt-2.pyc
>>> /usr/lib/python3.7/site-packages/xcbgen/__pycache__/state.cpython-37.pyc
>>> /usr/lib/python3.7/site-packages/xcbgen/__pycache__/error.cpython-37.opt-1.pyc
>>> /usr/lib/python3.7/site-packages/xcbgen/__pycache__/matcher.cpython-37.opt-1.pyc
>>> /usr/lib/python3.7/site-packages/xcbgen/__pycache__/error.cpython-37.opt-2.pyc
>>> /usr/lib/python3.7/site-packages/xcbgen/__pycache__/state.cpython-37.opt-2.pyc
>>> /usr/lib/python3.7/site-packages/xcbgen/__pycache__/align.cpython-37.pyc
>>> /usr/lib/python3.7/site-packages/xcbgen/expr.py
>>> /usr/lib/python3.7/site-packages/xcbgen/xtypes.py
>>> /usr/lib/python3.7/site-packages/xcbgen/error.py
>>> /usr/lib/python3.7/site-packages/xcbgen/__init__.py
>>> /usr/lib/python3.7/site-packages/xcbgen/matcher.py
--- /usr/lib/python3.8/
--- /usr/lib/python3.8/site-packages/
--- /usr/lib/python3.8/site-packages/xcbgen/
>>> /usr/lib/python3.8/site-packages/xcbgen/align.py
>>> /usr/lib/python3.8/site-packages/xcbgen/state.py
--- /usr/lib/python3.8/site-packages/xcbgen/__pycache__/
>>> /usr/lib/python3.8/site-packages/xcbgen/__pycache__/expr.cpython-38.opt-2.pyc
>>> /usr/lib/python3.8/site-packages/xcbgen/__pycache__/error.cpython-38.opt-2.pyc
>>> /usr/lib/python3.8/site-packages/xcbgen/__pycache__/matcher.cpython-38.pyc
>>> /usr/lib/python3.8/site-packages/xcbgen/__pycache__/state.cpython-38.pyc
>>> /usr/lib/python3.8/site-packages/xcbgen/__pycache__/state.cpython-38.opt-1.pyc
>>> /usr/lib/python3.8/site-packages/xcbgen/__pycache__/xtypes.cpython-38.opt-2.pyc
>>> /usr/lib/python3.8/site-packages/xcbgen/__pycache__/align.cpython-38.opt-1.pyc
>>> /usr/lib/python3.8/site-packages/xcbgen/__pycache__/matcher.cpython-38.opt-2.pyc
>>> /usr/lib/python3.8/site-packages/xcbgen/__pycache__/matcher.cpython-38.opt-1.pyc
>>> /usr/lib/python3.8/site-packages/xcbgen/__pycache__/error.cpython-38.opt-1.pyc
>>> /usr/lib/python3.8/site-packages/xcbgen/__pycache__/__init__.cpython-38.opt-2.pyc
>>> /usr/lib/python3.8/site-packages/xcbgen/__pycache__/align.cpython-38.pyc
>>> /usr/lib/python3.8/site-packages/xcbgen/__pycache__/align.cpython-38.opt-2.pyc
>>> /usr/lib/python3.8/site-packages/xcbgen/__pycache__/__init__.cpython-38.pyc
>>> /usr/lib/python3.8/site-packages/xcbgen/__pycache__/state.cpython-38.opt-2.pyc
>>> /usr/lib/python3.8/site-packages/xcbgen/__pycache__/error.cpython-38.pyc
>>> /usr/lib/python3.8/site-packages/xcbgen/__pycache__/__init__.cpython-38.opt-1.pyc
>>> /usr/lib/python3.8/site-packages/xcbgen/__pycache__/xtypes.cpython-38.pyc
>>> /usr/lib/python3.8/site-packages/xcbgen/__pycache__/xtypes.cpython-38.opt-1.pyc
>>> /usr/lib/python3.8/site-packages/xcbgen/__pycache__/expr.cpython-38.opt-1.pyc
>>> /usr/lib/python3.8/site-packages/xcbgen/__pycache__/expr.cpython-38.pyc
>>> /usr/lib/python3.8/site-packages/xcbgen/expr.py
>>> /usr/lib/python3.8/site-packages/xcbgen/xtypes.py
>>> /usr/lib/python3.8/site-packages/xcbgen/error.py
>>> /usr/lib/python3.8/site-packages/xcbgen/__init__.py
>>> /usr/lib/python3.8/site-packages/xcbgen/matcher.py
>>> Safely unmerging already-installed instance...
>>> Original instance of package unmerged safely.
>>> x11-base/xcb-proto-1.14-r1 merged.
