>>> Extracting info
 * Package:    x11-libs/libICE-1.0.10
 * Repository: gentoo
 * USE:        abi_x86_64 elibc_glibc kernel_linux userland_GNU amd64
 * FEATURES:   network-sandbox preserve-libs sandbox userpriv usersandbox
 * FEATURES='assume-digests binpkg-docompress binpkg-dostrip binpkg-logs binpkg-multi-instance buildpkg cgroup compress-index config-protect-if-modified distlocks downgrade-backup fixlafiles ipc-sandbox merge-sync multilib-strict network-sandbox news nodoc parallel-fetch parallel-install pid-sandbox preserve-libs qa-unresolved-soname-deps sandbox sfperms strict unknown-features-warn unmerge-backup unmerge-logs unmerge-orphans userfetch userpriv usersandbox usersync xattr'
 * CFLAGS='-march=native -O3 -fgraphite-identity -floop-nest-optimize -fdevirtualize-at-ltrans -fipa-pta -fno-semantic-interposition -flto=12 -fno-plt -fno-signed-zeros -fno-trapping-math -fassociative-math -freciprocal-math -fno-math-errno -ffinite-math-only -fno-rounding-math -fno-signaling-nans -fcx-limited-range -fexcess-precision=fast -fuse-linker-plugin -pipe -g0 -falign-functions=32 -Wl,-O1 -Wl,--as-needed -Wl,-O4,--hash-style=gnu,--sort-common,--as-needed,-z,relro,-z,now,-lgomp,-lpthread'
 * CXXFLAGS='-march=native -O3 -fgraphite-identity -floop-nest-optimize -fdevirtualize-at-ltrans -fipa-pta -fno-semantic-interposition -flto=12 -fno-plt -fno-signed-zeros -fno-trapping-math -fassociative-math -freciprocal-math -fno-math-errno -ffinite-math-only -fno-rounding-math -fno-signaling-nans -fcx-limited-range -fexcess-precision=fast -fuse-linker-plugin -pipe -g0 -falign-functions=32 -Wl,-O1 -Wl,--as-needed -Wl,-O4,--hash-style=gnu,--sort-common,--as-needed,-z,relro,-z,now,-lgomp,-lpthread'
 * FFLAGS='-march=native -O3 -fgraphite-identity -floop-nest-optimize -fdevirtualize-at-ltrans -fipa-pta -fno-semantic-interposition -flto=12 -fno-plt -fno-signed-zeros -fno-trapping-math -fassociative-math -freciprocal-math -fno-math-errno -ffinite-math-only -fno-rounding-math -fno-signaling-nans -fcx-limited-range -fexcess-precision=fast -fuse-linker-plugin -pipe -g0 -falign-functions=32 -Wl,-O1 -Wl,--as-needed -Wl,-O4,--hash-style=gnu,--sort-common,--as-needed,-z,relro,-z,now,-lgomp,-lpthread'
 * FCFLAGS='-march=native -O3 -fgraphite-identity -floop-nest-optimize -fdevirtualize-at-ltrans -fipa-pta -fno-semantic-interposition -flto=12 -fno-plt -fno-signed-zeros -fno-trapping-math -fassociative-math -freciprocal-math -fno-math-errno -ffinite-math-only -fno-rounding-math -fno-signaling-nans -fcx-limited-range -fexcess-precision=fast -fuse-linker-plugin -pipe -g0 -falign-functions=32 -Wl,-O1 -Wl,--as-needed -Wl,-O4,--hash-style=gnu,--sort-common,--as-needed,-z,relro,-z,now,-lgomp,-lpthread'
 * F77FLAGS='-march=native -O3 -fgraphite-identity -floop-nest-optimize -fdevirtualize-at-ltrans -fipa-pta -fno-semantic-interposition -flto=12 -fno-plt -fno-signed-zeros -fno-trapping-math -fassociative-math -freciprocal-math -fno-math-errno -ffinite-math-only -fno-rounding-math -fno-signaling-nans -fcx-limited-range -fexcess-precision=fast -fuse-linker-plugin -pipe -g0 -falign-functions=32 -Wl,-O1 -Wl,--as-needed -Wl,-O4,--hash-style=gnu,--sort-common,--as-needed,-z,relro,-z,now,-lgomp,-lpthread'
 * LDFLAGS='-Wl,-O1 -Wl,--as-needed -Wl,-O4,--hash-style=gnu,--sort-common,--as-needed,-z,relro,-z,now,-lgomp,-lpthread -march=native -O3 -fgraphite-identity -floop-nest-optimize -fdevirtualize-at-ltrans -fipa-pta -fno-semantic-interposition -flto=12 -fno-plt -fno-signed-zeros -fno-trapping-math -fassociative-math -freciprocal-math -fno-math-errno -ffinite-math-only -fno-rounding-math -fno-signaling-nans -fcx-limited-range -fexcess-precision=fast -fuse-linker-plugin -pipe -g0 -falign-functions=32'
 * MAKEOPTS='-j12 -l12'
 * gcc () 11.0.0 20200528 (experimental)
 * g++ () 11.0.0 20200528 (experimental)
 * GNU ld (Gentoo 2.34 p4) 2.34.0
 * Linux ryzen.gnum.org 5.4.36 #1 SMP Thu Apr 30 04:38:28 UTC 2020 x86_64 AMD Ryzen 5 3600 6-Core Processor AuthenticAMD GNU/Linux
x11-libs/libICE: 14 seconds average for 11 merges
2020-05-15T07:38:12 >>> x11-libs/libICE: 14 seconds
2020-05-16T14:49:03 >>> x11-libs/libICE: 15 seconds
2020-05-19T23:38:33 >>> x11-libs/libICE: 5 seconds
2020-05-20T01:07:09 >>> x11-libs/libICE: 5 seconds
2020-05-25T01:21:45 >>> x11-libs/libICE: 36 seconds
2020-05-25T14:44:25 >>> x11-libs/libICE: 5 seconds
2020-05-25T19:18:29 >>> x11-libs/libICE: 22 seconds
2020-05-25T20:34:35 >>> x11-libs/libICE: 22 seconds
2020-05-26T13:59:41 >>> x11-libs/libICE: 6 seconds
2020-05-27T01:38:50 >>> x11-libs/libICE: 6 seconds
2020-05-27T04:42:25 >>> x11-libs/libICE: 23 seconds
]0;emerge 14:24:28 179|889 libICE 00:12 (root@ryzen.gnum.org)kemerge 14:24:28 179|889 libICE 00:12 (root@ryzen.gnum.org)\>>> Extracting x11-libs/libICE-1.0.10
 * checking 10 files for package collisions
>>> Merging x11-libs/libICE-1.0.10 to /
 * removing unneeded *.la files
--- /usr/
--- /usr/lib64/
--- /usr/lib64/pkgconfig/
>>> /usr/lib64/pkgconfig/ice.pc
>>> /usr/lib64/libICE.so.6 -> libICE.so.6.3.0
>>> /usr/lib64/libICE.so -> libICE.so.6.3.0
>>> /usr/lib64/libICE.so.6.3.0
--- /usr/include/
--- /usr/include/X11/
--- /usr/include/X11/ICE/
>>> /usr/include/X11/ICE/ICElib.h
>>> /usr/include/X11/ICE/ICEconn.h
>>> /usr/include/X11/ICE/ICE.h
>>> /usr/include/X11/ICE/ICEutil.h
>>> /usr/include/X11/ICE/ICEmsg.h
>>> /usr/include/X11/ICE/ICEproto.h
>>> Safely unmerging already-installed instance...
>>> Original instance of package unmerged safely.
>>> x11-libs/libICE-1.0.10 merged.
>>> Regenerating /etc/ld.so.cache...
