[32;01m * [39;49;00mPackage:    x11-libs/libXau-1.0.9
[32;01m * [39;49;00mRepository: gentoo
[32;01m * [39;49;00mMaintainer: x11@gentoo.org
[32;01m * [39;49;00mUSE:        abi_x86_32 abi_x86_64 amd64 elibc_glibc kernel_linux userland_GNU
[32;01m * [39;49;00mFEATURES:   network-sandbox preserve-libs sandbox splitdebug test userpriv usersandbox
>>> Unpacking source...
>>> Unpacking libXau-1.0.9.tar.bz2 to /tmp/portage/x11-libs/libXau-1.0.9/work
>>> Source unpacked in /tmp/portage/x11-libs/libXau-1.0.9/work
>>> Preparing source in /tmp/portage/x11-libs/libXau-1.0.9/work/libXau-1.0.9 ...
 * Running elibtoolize in: libXau-1.0.9/
 *   Applying portage/1.2.0 patch ...
 *   Applying sed/1.5.6 patch ...
 *   Applying as-needed/2.4.3 patch ...
 *   Applying ppc64le/2.4.4 patch ...
>>> Source prepared.
>>> Configuring source in /tmp/portage/x11-libs/libXau-1.0.9/work/libXau-1.0.9 ...
 [32;01m*[0m abi_x86_32.x86: running multilib-minimal_abi_src_configure
>>> Working in BUILD_DIR: "/tmp/portage/x11-libs/libXau-1.0.9/work/libXau-1.0.9-abi_x86_32.x86"
 * econf: updating libXau-1.0.9/config.guess with /usr/share/gnuconfig/config.guess
 * econf: updating libXau-1.0.9/config.sub with /usr/share/gnuconfig/config.sub
/tmp/portage/x11-libs/libXau-1.0.9/work/libXau-1.0.9/configure --prefix=/usr --build=i686-pc-linux-gnu --host=i686-pc-linux-gnu --mandir=/usr/share/man --infodir=/usr/share/info --datadir=/usr/share --sysconfdir=/etc --localstatedir=/var/lib --disable-dependency-tracking --disable-silent-rules --libdir=/usr/lib --docdir=/usr/share/doc/libXau-1.0.9 --enable-shared --disable-static --disable-selective-werror
checking for i686-pc-linux-gnu-gcc... x86_64-pc-linux-gnu-gcc -m32
checking whether the C compiler works... yes
checking for C compiler default output file name... a.out
checking for suffix of executables... 
checking whether we are cross compiling... no
checking for suffix of object files... o
checking whether we are using the GNU C compiler... yes
checking whether x86_64-pc-linux-gnu-gcc -m32 accepts -g... yes
checking for x86_64-pc-linux-gnu-gcc -m32 option to accept ISO C89... none needed
checking whether x86_64-pc-linux-gnu-gcc -m32 understands -c and -o together... yes
checking how to run the C preprocessor... x86_64-pc-linux-gnu-gcc -m32 -E
checking for grep that handles long lines and -e... /bin/grep
checking for egrep... /bin/grep -E
checking for ANSI C header files... yes
checking for sys/types.h... yes
checking for sys/stat.h... yes
checking for stdlib.h... yes
checking for string.h... yes
checking for memory.h... yes
checking for strings.h... yes
checking for inttypes.h... yes
checking for stdint.h... yes
checking for unistd.h... yes
checking minix/config.h usability... no
checking minix/config.h presence... no
checking for minix/config.h... no
checking whether it is safe to define __EXTENSIONS__... yes
checking for a BSD-compatible install... /tmp/portage/._portage_reinstall_.mi8935l4/bin/ebuild-helpers/xattr/install -c
checking whether build environment is sane... yes
checking for a thread-safe mkdir -p... /bin/mkdir -p
checking for gawk... gawk
checking whether make sets $(MAKE)... yes
checking for style of include used by make... GNU
checking whether make supports nested variables... yes
checking dependency style of x86_64-pc-linux-gnu-gcc -m32... none
checking build system type... i686-pc-linux-gnu
checking host system type... i686-pc-linux-gnu
checking how to print strings... printf
checking for a sed that does not truncate output... /bin/sed
checking for fgrep... /bin/grep -F
checking for ld used by x86_64-pc-linux-gnu-gcc -m32... x86_64-pc-linux-gnu-ld -m elf_i386
checking if the linker (x86_64-pc-linux-gnu-ld -m elf_i386) is GNU ld... yes
checking for BSD- or MS-compatible name lister (nm)... /usr/bin/nm -B
checking the name lister (/usr/bin/nm -B) interface... BSD nm
checking whether ln -s works... yes
checking the maximum length of command line arguments... 1572864
checking how to convert i686-pc-linux-gnu file names to i686-pc-linux-gnu format... func_convert_file_noop
checking how to convert i686-pc-linux-gnu file names to toolchain format... func_convert_file_noop
checking for x86_64-pc-linux-gnu-ld -m elf_i386 option to reload object files... -r
checking for i686-pc-linux-gnu-objdump... objdump
checking how to recognize dependent libraries... pass_all
checking for i686-pc-linux-gnu-dlltool... dlltool
checking how to associate runtime and link libraries... printf %s\n
checking for i686-pc-linux-gnu-ar... no
checking for ar... ar
checking for archiver @FILE support... @
checking for i686-pc-linux-gnu-strip... no
checking for strip... strip
checking for i686-pc-linux-gnu-ranlib... no
checking for ranlib... ranlib
checking command to parse /usr/bin/nm -B output from x86_64-pc-linux-gnu-gcc -m32 object... ok
checking for sysroot... no
checking for a working dd... /bin/dd
checking how to truncate binary pipes... /bin/dd bs=4096 count=1
checking for i686-pc-linux-gnu-mt... no
checking for mt... no
checking if : is a manifest tool... no
checking for dlfcn.h... yes
checking for objdir... .libs
checking if x86_64-pc-linux-gnu-gcc -m32 supports -fno-rtti -fno-exceptions... no
checking for x86_64-pc-linux-gnu-gcc -m32 option to produce PIC... -fPIC -DPIC
checking if x86_64-pc-linux-gnu-gcc -m32 PIC flag -fPIC -DPIC works... yes
checking if x86_64-pc-linux-gnu-gcc -m32 static flag -static works... yes
checking if x86_64-pc-linux-gnu-gcc -m32 supports -c -o file.o... yes
checking if x86_64-pc-linux-gnu-gcc -m32 supports -c -o file.o... (cached) yes
checking whether the x86_64-pc-linux-gnu-gcc -m32 linker (x86_64-pc-linux-gnu-ld -m elf_i386) supports shared libraries... yes
checking whether -lc should be explicitly linked in... no
checking dynamic linker characteristics... GNU/Linux ld.so
checking how to hardcode library paths into programs... immediate
checking whether stripping libraries is possible... yes
checking if libtool supports shared libraries... yes
checking whether to build shared libraries... yes
checking whether to build static libraries... no
checking for x86_64-pc-linux-gnu-gcc -m32 option to accept ISO C99... none needed
checking whether __clang__ is declared... no
checking whether __INTEL_COMPILER is declared... no
checking whether __SUNPRO_C is declared... no
checking for i686-pc-linux-gnu-pkg-config... /usr/bin/i686-pc-linux-gnu-pkg-config
checking pkg-config is at least version 0.9.0... yes
checking if x86_64-pc-linux-gnu-gcc -m32 supports -Werror=unknown-warning-option... no
checking if x86_64-pc-linux-gnu-gcc -m32 supports -Werror=unused-command-line-argument... no
checking if x86_64-pc-linux-gnu-gcc -m32 supports -Wall... yes
checking if x86_64-pc-linux-gnu-gcc -m32 supports -Wpointer-arith... yes
checking if x86_64-pc-linux-gnu-gcc -m32 supports -Wmissing-declarations... yes
checking if x86_64-pc-linux-gnu-gcc -m32 supports -Wformat=2... yes
checking if x86_64-pc-linux-gnu-gcc -m32 supports -Wstrict-prototypes... yes
checking if x86_64-pc-linux-gnu-gcc -m32 supports -Wmissing-prototypes... yes
checking if x86_64-pc-linux-gnu-gcc -m32 supports -Wnested-externs... yes
checking if x86_64-pc-linux-gnu-gcc -m32 supports -Wbad-function-cast... yes
checking if x86_64-pc-linux-gnu-gcc -m32 supports -Wold-style-definition... yes
checking if x86_64-pc-linux-gnu-gcc -m32 supports -Wdeclaration-after-statement... yes
checking if x86_64-pc-linux-gnu-gcc -m32 supports -Wunused... yes
checking if x86_64-pc-linux-gnu-gcc -m32 supports -Wuninitialized... yes
checking if x86_64-pc-linux-gnu-gcc -m32 supports -Wshadow... yes
checking if x86_64-pc-linux-gnu-gcc -m32 supports -Wmissing-noreturn... yes
checking if x86_64-pc-linux-gnu-gcc -m32 supports -Wmissing-format-attribute... yes
checking if x86_64-pc-linux-gnu-gcc -m32 supports -Wredundant-decls... yes
checking if x86_64-pc-linux-gnu-gcc -m32 supports -Wlogical-op... yes
configure: WARNING: You have chosen not to turn some select compiler warnings into errors.  This should not be necessary.  Please report why you needed to do so in a bug report at https://gitlab.freedesktop.org/xorg/lib/libXau/issues
checking if x86_64-pc-linux-gnu-gcc -m32 supports -Wimplicit... yes
checking if x86_64-pc-linux-gnu-gcc -m32 supports -Wnonnull... yes
checking if x86_64-pc-linux-gnu-gcc -m32 supports -Winit-self... yes
checking if x86_64-pc-linux-gnu-gcc -m32 supports -Wmain... yes
checking if x86_64-pc-linux-gnu-gcc -m32 supports -Wmissing-braces... yes
checking if x86_64-pc-linux-gnu-gcc -m32 supports -Wsequence-point... yes
checking if x86_64-pc-linux-gnu-gcc -m32 supports -Wreturn-type... yes
checking if x86_64-pc-linux-gnu-gcc -m32 supports -Wtrigraphs... yes
checking if x86_64-pc-linux-gnu-gcc -m32 supports -Warray-bounds... yes
checking if x86_64-pc-linux-gnu-gcc -m32 supports -Wwrite-strings... yes
checking if x86_64-pc-linux-gnu-gcc -m32 supports -Waddress... yes
checking if x86_64-pc-linux-gnu-gcc -m32 supports -Wint-to-pointer-cast... yes
checking if x86_64-pc-linux-gnu-gcc -m32 supports -Wpointer-to-int-cast... yes
checking if x86_64-pc-linux-gnu-gcc -m32 supports -pedantic... yes
checking if x86_64-pc-linux-gnu-gcc -m32 supports -Werror... yes
checking if x86_64-pc-linux-gnu-gcc -m32 supports -Werror=attributes... yes
checking whether make supports nested variables... (cached) yes
checking whether ln -s works... yes
checking for pathconf... yes
checking for XAU... yes
checking for gethostbyname_r in -lc... yes
checking that generated files are newer than configure... done
configure: creating ./config.status
config.status: creating Makefile
config.status: creating man/Makefile
config.status: creating xau.pc
config.status: creating config.h
config.status: executing depfiles commands
config.status: executing libtool commands
 [32;01m*[0m abi_x86_64.amd64: running multilib-minimal_abi_src_configure
>>> Working in BUILD_DIR: "/tmp/portage/x11-libs/libXau-1.0.9/work/libXau-1.0.9-abi_x86_64.amd64"
 * econf: updating libXau-1.0.9/config.guess with /usr/share/gnuconfig/config.guess
 * econf: updating libXau-1.0.9/config.sub with /usr/share/gnuconfig/config.sub
/tmp/portage/x11-libs/libXau-1.0.9/work/libXau-1.0.9/configure --prefix=/usr --build=x86_64-pc-linux-gnu --host=x86_64-pc-linux-gnu --mandir=/usr/share/man --infodir=/usr/share/info --datadir=/usr/share --sysconfdir=/etc --localstatedir=/var/lib --disable-dependency-tracking --disable-silent-rules --libdir=/usr/lib64 --docdir=/usr/share/doc/libXau-1.0.9 --enable-shared --disable-static --disable-selective-werror
checking for x86_64-pc-linux-gnu-gcc... x86_64-pc-linux-gnu-gcc
checking whether the C compiler works... yes
checking for C compiler default output file name... a.out
checking for suffix of executables... 
checking whether we are cross compiling... no
checking for suffix of object files... o
checking whether we are using the GNU C compiler... yes
checking whether x86_64-pc-linux-gnu-gcc accepts -g... yes
checking for x86_64-pc-linux-gnu-gcc option to accept ISO C89... none needed
checking whether x86_64-pc-linux-gnu-gcc understands -c and -o together... yes
checking how to run the C preprocessor... x86_64-pc-linux-gnu-gcc -E
checking for grep that handles long lines and -e... /bin/grep
checking for egrep... /bin/grep -E
checking for ANSI C header files... yes
checking for sys/types.h... yes
checking for sys/stat.h... yes
checking for stdlib.h... yes
checking for string.h... yes
checking for memory.h... yes
checking for strings.h... yes
checking for inttypes.h... yes
checking for stdint.h... yes
checking for unistd.h... yes
checking minix/config.h usability... no
checking minix/config.h presence... no
checking for minix/config.h... no
checking whether it is safe to define __EXTENSIONS__... yes
checking for a BSD-compatible install... /tmp/portage/._portage_reinstall_.mi8935l4/bin/ebuild-helpers/xattr/install -c
checking whether build environment is sane... yes
checking for a thread-safe mkdir -p... /bin/mkdir -p
checking for gawk... gawk
checking whether make sets $(MAKE)... yes
checking for style of include used by make... GNU
checking whether make supports nested variables... yes
checking dependency style of x86_64-pc-linux-gnu-gcc... none
checking build system type... x86_64-pc-linux-gnu
checking host system type... x86_64-pc-linux-gnu
checking how to print strings... printf
checking for a sed that does not truncate output... /bin/sed
checking for fgrep... /bin/grep -F
checking for ld used by x86_64-pc-linux-gnu-gcc... /usr/x86_64-pc-linux-gnu/bin/ld
checking if the linker (/usr/x86_64-pc-linux-gnu/bin/ld) is GNU ld... yes
checking for BSD- or MS-compatible name lister (nm)... /usr/bin/x86_64-pc-linux-gnu-nm -B
checking the name lister (/usr/bin/x86_64-pc-linux-gnu-nm -B) interface... BSD nm
checking whether ln -s works... yes
checking the maximum length of command line arguments... 1572864
checking how to convert x86_64-pc-linux-gnu file names to x86_64-pc-linux-gnu format... func_convert_file_noop
checking how to convert x86_64-pc-linux-gnu file names to toolchain format... func_convert_file_noop
checking for /usr/x86_64-pc-linux-gnu/bin/ld option to reload object files... -r
checking for x86_64-pc-linux-gnu-objdump... objdump
checking how to recognize dependent libraries... pass_all
checking for x86_64-pc-linux-gnu-dlltool... dlltool
checking how to associate runtime and link libraries... printf %s\n
checking for x86_64-pc-linux-gnu-ar... x86_64-pc-linux-gnu-ar
checking for archiver @FILE support... @
checking for x86_64-pc-linux-gnu-strip... x86_64-pc-linux-gnu-strip
checking for x86_64-pc-linux-gnu-ranlib... x86_64-pc-linux-gnu-ranlib
checking command to parse /usr/bin/x86_64-pc-linux-gnu-nm -B output from x86_64-pc-linux-gnu-gcc object... ok
checking for sysroot... no
checking for a working dd... /bin/dd
checking how to truncate binary pipes... /bin/dd bs=4096 count=1
checking for x86_64-pc-linux-gnu-mt... no
checking for mt... no
checking if : is a manifest tool... no
checking for dlfcn.h... yes
checking for objdir... .libs
checking if x86_64-pc-linux-gnu-gcc supports -fno-rtti -fno-exceptions... no
checking for x86_64-pc-linux-gnu-gcc option to produce PIC... -fPIC -DPIC
checking if x86_64-pc-linux-gnu-gcc PIC flag -fPIC -DPIC works... yes
checking if x86_64-pc-linux-gnu-gcc static flag -static works... yes
checking if x86_64-pc-linux-gnu-gcc supports -c -o file.o... yes
checking if x86_64-pc-linux-gnu-gcc supports -c -o file.o... (cached) yes
checking whether the x86_64-pc-linux-gnu-gcc linker (/usr/x86_64-pc-linux-gnu/bin/ld -m elf_x86_64) supports shared libraries... yes
checking whether -lc should be explicitly linked in... no
checking dynamic linker characteristics... GNU/Linux ld.so
checking how to hardcode library paths into programs... immediate
checking whether stripping libraries is possible... yes
checking if libtool supports shared libraries... yes
checking whether to build shared libraries... yes
checking whether to build static libraries... no
checking for x86_64-pc-linux-gnu-gcc option to accept ISO C99... none needed
checking whether __clang__ is declared... no
checking whether __INTEL_COMPILER is declared... no
checking whether __SUNPRO_C is declared... no
checking for x86_64-pc-linux-gnu-pkg-config... /usr/bin/x86_64-pc-linux-gnu-pkg-config
checking pkg-config is at least version 0.9.0... yes
checking if x86_64-pc-linux-gnu-gcc supports -Werror=unknown-warning-option... no
checking if x86_64-pc-linux-gnu-gcc supports -Werror=unused-command-line-argument... no
checking if x86_64-pc-linux-gnu-gcc supports -Wall... yes
checking if x86_64-pc-linux-gnu-gcc supports -Wpointer-arith... yes
checking if x86_64-pc-linux-gnu-gcc supports -Wmissing-declarations... yes
checking if x86_64-pc-linux-gnu-gcc supports -Wformat=2... yes
checking if x86_64-pc-linux-gnu-gcc supports -Wstrict-prototypes... yes
checking if x86_64-pc-linux-gnu-gcc supports -Wmissing-prototypes... yes
checking if x86_64-pc-linux-gnu-gcc supports -Wnested-externs... yes
checking if x86_64-pc-linux-gnu-gcc supports -Wbad-function-cast... yes
checking if x86_64-pc-linux-gnu-gcc supports -Wold-style-definition... yes
checking if x86_64-pc-linux-gnu-gcc supports -Wdeclaration-after-statement... yes
checking if x86_64-pc-linux-gnu-gcc supports -Wunused... yes
checking if x86_64-pc-linux-gnu-gcc supports -Wuninitialized... yes
checking if x86_64-pc-linux-gnu-gcc supports -Wshadow... yes
checking if x86_64-pc-linux-gnu-gcc supports -Wmissing-noreturn... yes
checking if x86_64-pc-linux-gnu-gcc supports -Wmissing-format-attribute... yes
checking if x86_64-pc-linux-gnu-gcc supports -Wredundant-decls... yes
checking if x86_64-pc-linux-gnu-gcc supports -Wlogical-op... yes
configure: WARNING: You have chosen not to turn some select compiler warnings into errors.  This should not be necessary.  Please report why you needed to do so in a bug report at https://gitlab.freedesktop.org/xorg/lib/libXau/issues
checking if x86_64-pc-linux-gnu-gcc supports -Wimplicit... yes
checking if x86_64-pc-linux-gnu-gcc supports -Wnonnull... yes
checking if x86_64-pc-linux-gnu-gcc supports -Winit-self... yes
checking if x86_64-pc-linux-gnu-gcc supports -Wmain... yes
checking if x86_64-pc-linux-gnu-gcc supports -Wmissing-braces... yes
checking if x86_64-pc-linux-gnu-gcc supports -Wsequence-point... yes
checking if x86_64-pc-linux-gnu-gcc supports -Wreturn-type... yes
checking if x86_64-pc-linux-gnu-gcc supports -Wtrigraphs... yes
checking if x86_64-pc-linux-gnu-gcc supports -Warray-bounds... yes
checking if x86_64-pc-linux-gnu-gcc supports -Wwrite-strings... yes
checking if x86_64-pc-linux-gnu-gcc supports -Waddress... yes
checking if x86_64-pc-linux-gnu-gcc supports -Wint-to-pointer-cast... yes
checking if x86_64-pc-linux-gnu-gcc supports -Wpointer-to-int-cast... yes
checking if x86_64-pc-linux-gnu-gcc supports -pedantic... yes
checking if x86_64-pc-linux-gnu-gcc supports -Werror... yes
checking if x86_64-pc-linux-gnu-gcc supports -Werror=attributes... yes
checking whether make supports nested variables... (cached) yes
checking whether ln -s works... yes
checking for pathconf... yes
checking for XAU... yes
checking for gethostbyname_r in -lc... yes
checking that generated files are newer than configure... done
configure: creating ./config.status
config.status: creating Makefile
config.status: creating man/Makefile
config.status: creating xau.pc
config.status: creating config.h
config.status: executing depfiles commands
config.status: executing libtool commands
>>> Source configured.
>>> Compiling source in /tmp/portage/x11-libs/libXau-1.0.9/work/libXau-1.0.9 ...
 [32;01m*[0m abi_x86_32.x86: running multilib-minimal_abi_src_compile
make -j12 
make  all-recursive
make[1]: Entering directory '/tmp/portage/x11-libs/libXau-1.0.9/work/libXau-1.0.9-abi_x86_32.x86'
Making all in man
make[2]: Entering directory '/tmp/portage/x11-libs/libXau-1.0.9/work/libXau-1.0.9-abi_x86_32.x86/man'
/bin/sed -e 's|__vendorversion__|"libXau 1.0.9" "X Version 11"|' 	-e 's|__xorgversion__|"libXau 1.0.9" "X Version 11"|' 	-e 's|__xservername__|Xorg|g' 	-e 's|__xconfigfile__|xorg.conf|g' 	-e 's|__projectroot__|/usr|g' 	-e 's|__apploaddir__||g' 	-e 's|__appmansuffix__|1|g' 	-e 's|__drivermansuffix__|4|g' 	-e 's|__adminmansuffix__|8|g' 	-e 's|__libmansuffix__|3|g' 	-e 's|__miscmansuffix__|7|g' 	-e 's|__filemansuffix__|5|g' < /tmp/portage/x11-libs/libXau-1.0.9/work/libXau-1.0.9/man/Xau.man > Xau.3
/bin/sed -e 's|__vendorversion__|"libXau 1.0.9" "X Version 11"|' 	-e 's|__xorgversion__|"libXau 1.0.9" "X Version 11"|' 	-e 's|__xservername__|Xorg|g' 	-e 's|__xconfigfile__|xorg.conf|g' 	-e 's|__projectroot__|/usr|g' 	-e 's|__apploaddir__||g' 	-e 's|__appmansuffix__|1|g' 	-e 's|__drivermansuffix__|4|g' 	-e 's|__adminmansuffix__|8|g' 	-e 's|__libmansuffix__|3|g' 	-e 's|__miscmansuffix__|7|g' 	-e 's|__filemansuffix__|5|g' < /tmp/portage/x11-libs/libXau-1.0.9/work/libXau-1.0.9/man/XauDisposeAuth.man > XauDisposeAuth.3
/bin/sed -e 's|__vendorversion__|"libXau 1.0.9" "X Version 11"|' 	-e 's|__xorgversion__|"libXau 1.0.9" "X Version 11"|' 	-e 's|__xservername__|Xorg|g' 	-e 's|__xconfigfile__|xorg.conf|g' 	-e 's|__projectroot__|/usr|g' 	-e 's|__apploaddir__||g' 	-e 's|__appmansuffix__|1|g' 	-e 's|__drivermansuffix__|4|g' 	-e 's|__adminmansuffix__|8|g' 	-e 's|__libmansuffix__|3|g' 	-e 's|__miscmansuffix__|7|g' 	-e 's|__filemansuffix__|5|g' < /tmp/portage/x11-libs/libXau-1.0.9/work/libXau-1.0.9/man/XauFileName.man > XauFileName.3
/bin/sed -e 's|__vendorversion__|"libXau 1.0.9" "X Version 11"|' 	-e 's|__xorgversion__|"libXau 1.0.9" "X Version 11"|' 	-e 's|__xservername__|Xorg|g' 	-e 's|__xconfigfile__|xorg.conf|g' 	-e 's|__projectroot__|/usr|g' 	-e 's|__apploaddir__||g' 	-e 's|__appmansuffix__|1|g' 	-e 's|__drivermansuffix__|4|g' 	-e 's|__adminmansuffix__|8|g' 	-e 's|__libmansuffix__|3|g' 	-e 's|__miscmansuffix__|7|g' 	-e 's|__filemansuffix__|5|g' < /tmp/portage/x11-libs/libXau-1.0.9/work/libXau-1.0.9/man/XauGetAuthByAddr.man > XauGetAuthByAddr.3
/bin/sed -e 's|__vendorversion__|"libXau 1.0.9" "X Version 11"|' 	-e 's|__xorgversion__|"libXau 1.0.9" "X Version 11"|' 	-e 's|__xservername__|Xorg|g' 	-e 's|__xconfigfile__|xorg.conf|g' 	-e 's|__projectroot__|/usr|g' 	-e 's|__apploaddir__||g' 	-e 's|__appmansuffix__|1|g' 	-e 's|__drivermansuffix__|4|g' 	-e 's|__adminmansuffix__|8|g' 	-e 's|__libmansuffix__|3|g' 	-e 's|__miscmansuffix__|7|g' 	-e 's|__filemansuffix__|5|g' < /tmp/portage/x11-libs/libXau-1.0.9/work/libXau-1.0.9/man/XauGetBestAuthByAddr.man > XauGetBestAuthByAddr.3
/bin/sed -e 's|__vendorversion__|"libXau 1.0.9" "X Version 11"|' 	-e 's|__xorgversion__|"libXau 1.0.9" "X Version 11"|' 	-e 's|__xservername__|Xorg|g' 	-e 's|__xconfigfile__|xorg.conf|g' 	-e 's|__projectroot__|/usr|g' 	-e 's|__apploaddir__||g' 	-e 's|__appmansuffix__|1|g' 	-e 's|__drivermansuffix__|4|g' 	-e 's|__adminmansuffix__|8|g' 	-e 's|__libmansuffix__|3|g' 	-e 's|__miscmansuffix__|7|g' 	-e 's|__filemansuffix__|5|g' < /tmp/portage/x11-libs/libXau-1.0.9/work/libXau-1.0.9/man/XauLockAuth.man > XauLockAuth.3
/bin/sed -e 's|__vendorversion__|"libXau 1.0.9" "X Version 11"|' 	-e 's|__xorgversion__|"libXau 1.0.9" "X Version 11"|' 	-e 's|__xservername__|Xorg|g' 	-e 's|__xconfigfile__|xorg.conf|g' 	-e 's|__projectroot__|/usr|g' 	-e 's|__apploaddir__||g' 	-e 's|__appmansuffix__|1|g' 	-e 's|__drivermansuffix__|4|g' 	-e 's|__adminmansuffix__|8|g' 	-e 's|__libmansuffix__|3|g' 	-e 's|__miscmansuffix__|7|g' 	-e 's|__filemansuffix__|5|g' < /tmp/portage/x11-libs/libXau-1.0.9/work/libXau-1.0.9/man/XauReadAuth.man > XauReadAuth.3
/bin/sed -e 's|__vendorversion__|"libXau 1.0.9" "X Version 11"|' 	-e 's|__xorgversion__|"libXau 1.0.9" "X Version 11"|' 	-e 's|__xservername__|Xorg|g' 	-e 's|__xconfigfile__|xorg.conf|g' 	-e 's|__projectroot__|/usr|g' 	-e 's|__apploaddir__||g' 	-e 's|__appmansuffix__|1|g' 	-e 's|__drivermansuffix__|4|g' 	-e 's|__adminmansuffix__|8|g' 	-e 's|__libmansuffix__|3|g' 	-e 's|__miscmansuffix__|7|g' 	-e 's|__filemansuffix__|5|g' < /tmp/portage/x11-libs/libXau-1.0.9/work/libXau-1.0.9/man/XauUnlockAuth.man > XauUnlockAuth.3
/bin/sed -e 's|__vendorversion__|"libXau 1.0.9" "X Version 11"|' 	-e 's|__xorgversion__|"libXau 1.0.9" "X Version 11"|' 	-e 's|__xservername__|Xorg|g' 	-e 's|__xconfigfile__|xorg.conf|g' 	-e 's|__projectroot__|/usr|g' 	-e 's|__apploaddir__||g' 	-e 's|__appmansuffix__|1|g' 	-e 's|__drivermansuffix__|4|g' 	-e 's|__adminmansuffix__|8|g' 	-e 's|__libmansuffix__|3|g' 	-e 's|__miscmansuffix__|7|g' 	-e 's|__filemansuffix__|5|g' < /tmp/portage/x11-libs/libXau-1.0.9/work/libXau-1.0.9/man/XauWriteAuth.man > XauWriteAuth.3
make[2]: Leaving directory '/tmp/portage/x11-libs/libXau-1.0.9/work/libXau-1.0.9-abi_x86_32.x86/man'
make[2]: Entering directory '/tmp/portage/x11-libs/libXau-1.0.9/work/libXau-1.0.9-abi_x86_32.x86'
/bin/sh ./libtool  --tag=CC   --mode=compile x86_64-pc-linux-gnu-gcc -m32 -DHAVE_CONFIG_H -I. -I/tmp/portage/x11-libs/libXau-1.0.9/work/libXau-1.0.9  -I/tmp/portage/x11-libs/libXau-1.0.9/work/libXau-1.0.9/include   -Wall -Wpointer-arith -Wmissing-declarations -Wformat=2 -Wstrict-prototypes -Wmissing-prototypes -Wnested-externs -Wbad-function-cast -Wold-style-definition -Wdeclaration-after-statement -Wunused -Wuninitialized -Wshadow -Wmissing-noreturn -Wmissing-format-attribute -Wredundant-decls -Wlogical-op -Wimplicit -Wnonnull -Winit-self -Wmain -Wmissing-braces -Wsequence-point -Wreturn-type -Wtrigraphs -Warray-bounds -Wwrite-strings -Waddress -Wint-to-pointer-cast -Wpointer-to-int-cast -fno-strict-aliasing -O3 -march=native -pipe -g0 -fno-stack-protector -fno-stack-clash-protection -fstack-check=no -fno-stack-check -c -o AuDispose.lo /tmp/portage/x11-libs/libXau-1.0.9/work/libXau-1.0.9/AuDispose.c
/bin/sh ./libtool  --tag=CC   --mode=compile x86_64-pc-linux-gnu-gcc -m32 -DHAVE_CONFIG_H -I. -I/tmp/portage/x11-libs/libXau-1.0.9/work/libXau-1.0.9  -I/tmp/portage/x11-libs/libXau-1.0.9/work/libXau-1.0.9/include   -Wall -Wpointer-arith -Wmissing-declarations -Wformat=2 -Wstrict-prototypes -Wmissing-prototypes -Wnested-externs -Wbad-function-cast -Wold-style-definition -Wdeclaration-after-statement -Wunused -Wuninitialized -Wshadow -Wmissing-noreturn -Wmissing-format-attribute -Wredundant-decls -Wlogical-op -Wimplicit -Wnonnull -Winit-self -Wmain -Wmissing-braces -Wsequence-point -Wreturn-type -Wtrigraphs -Warray-bounds -Wwrite-strings -Waddress -Wint-to-pointer-cast -Wpointer-to-int-cast -fno-strict-aliasing -O3 -march=native -pipe -g0 -fno-stack-protector -fno-stack-clash-protection -fstack-check=no -fno-stack-check -c -o AuFileName.lo /tmp/portage/x11-libs/libXau-1.0.9/work/libXau-1.0.9/AuFileName.c
/bin/sh ./libtool  --tag=CC   --mode=compile x86_64-pc-linux-gnu-gcc -m32 -DHAVE_CONFIG_H -I. -I/tmp/portage/x11-libs/libXau-1.0.9/work/libXau-1.0.9  -I/tmp/portage/x11-libs/libXau-1.0.9/work/libXau-1.0.9/include   -Wall -Wpointer-arith -Wmissing-declarations -Wformat=2 -Wstrict-prototypes -Wmissing-prototypes -Wnested-externs -Wbad-function-cast -Wold-style-definition -Wdeclaration-after-statement -Wunused -Wuninitialized -Wshadow -Wmissing-noreturn -Wmissing-format-attribute -Wredundant-decls -Wlogical-op -Wimplicit -Wnonnull -Winit-self -Wmain -Wmissing-braces -Wsequence-point -Wreturn-type -Wtrigraphs -Warray-bounds -Wwrite-strings -Waddress -Wint-to-pointer-cast -Wpointer-to-int-cast -fno-strict-aliasing -O3 -march=native -pipe -g0 -fno-stack-protector -fno-stack-clash-protection -fstack-check=no -fno-stack-check -c -o AuGetAddr.lo /tmp/portage/x11-libs/libXau-1.0.9/work/libXau-1.0.9/AuGetAddr.c
/bin/sh ./libtool  --tag=CC   --mode=compile x86_64-pc-linux-gnu-gcc -m32 -DHAVE_CONFIG_H -I. -I/tmp/portage/x11-libs/libXau-1.0.9/work/libXau-1.0.9  -I/tmp/portage/x11-libs/libXau-1.0.9/work/libXau-1.0.9/include   -Wall -Wpointer-arith -Wmissing-declarations -Wformat=2 -Wstrict-prototypes -Wmissing-prototypes -Wnested-externs -Wbad-function-cast -Wold-style-definition -Wdeclaration-after-statement -Wunused -Wuninitialized -Wshadow -Wmissing-noreturn -Wmissing-format-attribute -Wredundant-decls -Wlogical-op -Wimplicit -Wnonnull -Winit-self -Wmain -Wmissing-braces -Wsequence-point -Wreturn-type -Wtrigraphs -Warray-bounds -Wwrite-strings -Waddress -Wint-to-pointer-cast -Wpointer-to-int-cast -fno-strict-aliasing -O3 -march=native -pipe -g0 -fno-stack-protector -fno-stack-clash-protection -fstack-check=no -fno-stack-check -c -o AuGetBest.lo /tmp/portage/x11-libs/libXau-1.0.9/work/libXau-1.0.9/AuGetBest.c
/bin/sh ./libtool  --tag=CC   --mode=compile x86_64-pc-linux-gnu-gcc -m32 -DHAVE_CONFIG_H -I. -I/tmp/portage/x11-libs/libXau-1.0.9/work/libXau-1.0.9  -I/tmp/portage/x11-libs/libXau-1.0.9/work/libXau-1.0.9/include   -Wall -Wpointer-arith -Wmissing-declarations -Wformat=2 -Wstrict-prototypes -Wmissing-prototypes -Wnested-externs -Wbad-function-cast -Wold-style-definition -Wdeclaration-after-statement -Wunused -Wuninitialized -Wshadow -Wmissing-noreturn -Wmissing-format-attribute -Wredundant-decls -Wlogical-op -Wimplicit -Wnonnull -Winit-self -Wmain -Wmissing-braces -Wsequence-point -Wreturn-type -Wtrigraphs -Warray-bounds -Wwrite-strings -Waddress -Wint-to-pointer-cast -Wpointer-to-int-cast -fno-strict-aliasing -O3 -march=native -pipe -g0 -fno-stack-protector -fno-stack-clash-protection -fstack-check=no -fno-stack-check -c -o AuLock.lo /tmp/portage/x11-libs/libXau-1.0.9/work/libXau-1.0.9/AuLock.c
/bin/sh ./libtool  --tag=CC   --mode=compile x86_64-pc-linux-gnu-gcc -m32 -DHAVE_CONFIG_H -I. -I/tmp/portage/x11-libs/libXau-1.0.9/work/libXau-1.0.9  -I/tmp/portage/x11-libs/libXau-1.0.9/work/libXau-1.0.9/include   -Wall -Wpointer-arith -Wmissing-declarations -Wformat=2 -Wstrict-prototypes -Wmissing-prototypes -Wnested-externs -Wbad-function-cast -Wold-style-definition -Wdeclaration-after-statement -Wunused -Wuninitialized -Wshadow -Wmissing-noreturn -Wmissing-format-attribute -Wredundant-decls -Wlogical-op -Wimplicit -Wnonnull -Winit-self -Wmain -Wmissing-braces -Wsequence-point -Wreturn-type -Wtrigraphs -Warray-bounds -Wwrite-strings -Waddress -Wint-to-pointer-cast -Wpointer-to-int-cast -fno-strict-aliasing -O3 -march=native -pipe -g0 -fno-stack-protector -fno-stack-clash-protection -fstack-check=no -fno-stack-check -c -o AuRead.lo /tmp/portage/x11-libs/libXau-1.0.9/work/libXau-1.0.9/AuRead.c
/bin/sh ./libtool  --tag=CC   --mode=compile x86_64-pc-linux-gnu-gcc -m32 -DHAVE_CONFIG_H -I. -I/tmp/portage/x11-libs/libXau-1.0.9/work/libXau-1.0.9  -I/tmp/portage/x11-libs/libXau-1.0.9/work/libXau-1.0.9/include   -Wall -Wpointer-arith -Wmissing-declarations -Wformat=2 -Wstrict-prototypes -Wmissing-prototypes -Wnested-externs -Wbad-function-cast -Wold-style-definition -Wdeclaration-after-statement -Wunused -Wuninitialized -Wshadow -Wmissing-noreturn -Wmissing-format-attribute -Wredundant-decls -Wlogical-op -Wimplicit -Wnonnull -Winit-self -Wmain -Wmissing-braces -Wsequence-point -Wreturn-type -Wtrigraphs -Warray-bounds -Wwrite-strings -Waddress -Wint-to-pointer-cast -Wpointer-to-int-cast -fno-strict-aliasing -O3 -march=native -pipe -g0 -fno-stack-protector -fno-stack-clash-protection -fstack-check=no -fno-stack-check -c -o AuUnlock.lo /tmp/portage/x11-libs/libXau-1.0.9/work/libXau-1.0.9/AuUnlock.c
/bin/sh ./libtool  --tag=CC   --mode=compile x86_64-pc-linux-gnu-gcc -m32 -DHAVE_CONFIG_H -I. -I/tmp/portage/x11-libs/libXau-1.0.9/work/libXau-1.0.9  -I/tmp/portage/x11-libs/libXau-1.0.9/work/libXau-1.0.9/include   -Wall -Wpointer-arith -Wmissing-declarations -Wformat=2 -Wstrict-prototypes -Wmissing-prototypes -Wnested-externs -Wbad-function-cast -Wold-style-definition -Wdeclaration-after-statement -Wunused -Wuninitialized -Wshadow -Wmissing-noreturn -Wmissing-format-attribute -Wredundant-decls -Wlogical-op -Wimplicit -Wnonnull -Winit-self -Wmain -Wmissing-braces -Wsequence-point -Wreturn-type -Wtrigraphs -Warray-bounds -Wwrite-strings -Waddress -Wint-to-pointer-cast -Wpointer-to-int-cast -fno-strict-aliasing -O3 -march=native -pipe -g0 -fno-stack-protector -fno-stack-clash-protection -fstack-check=no -fno-stack-check -c -o AuWrite.lo /tmp/portage/x11-libs/libXau-1.0.9/work/libXau-1.0.9/AuWrite.c
libtool: compile:  x86_64-pc-linux-gnu-gcc -m32 -DHAVE_CONFIG_H -I. -I/tmp/portage/x11-libs/libXau-1.0.9/work/libXau-1.0.9 -I/tmp/portage/x11-libs/libXau-1.0.9/work/libXau-1.0.9/include -Wall -Wpointer-arith -Wmissing-declarations -Wformat=2 -Wstrict-prototypes -Wmissing-prototypes -Wnested-externs -Wbad-function-cast -Wold-style-definition -Wdeclaration-after-statement -Wunused -Wuninitialized -Wshadow -Wmissing-noreturn -Wmissing-format-attribute -Wredundant-decls -Wlogical-op -Wimplicit -Wnonnull -Winit-self -Wmain -Wmissing-braces -Wsequence-point -Wreturn-type -Wtrigraphs -Warray-bounds -Wwrite-strings -Waddress -Wint-to-pointer-cast -Wpointer-to-int-cast -fno-strict-aliasing -O3 -march=native -pipe -g0 -fno-stack-protector -fno-stack-clash-protection -fstack-check=no -fno-stack-check -c /tmp/portage/x11-libs/libXau-1.0.9/work/libXau-1.0.9/AuDispose.c  -fPIC -DPIC -o .libs/AuDispose.o
libtool: compile:  x86_64-pc-linux-gnu-gcc -m32 -DHAVE_CONFIG_H -I. -I/tmp/portage/x11-libs/libXau-1.0.9/work/libXau-1.0.9 -I/tmp/portage/x11-libs/libXau-1.0.9/work/libXau-1.0.9/include -Wall -Wpointer-arith -Wmissing-declarations -Wformat=2 -Wstrict-prototypes -Wmissing-prototypes -Wnested-externs -Wbad-function-cast -Wold-style-definition -Wdeclaration-after-statement -Wunused -Wuninitialized -Wshadow -Wmissing-noreturn -Wmissing-format-attribute -Wredundant-decls -Wlogical-op -Wimplicit -Wnonnull -Winit-self -Wmain -Wmissing-braces -Wsequence-point -Wreturn-type -Wtrigraphs -Warray-bounds -Wwrite-strings -Waddress -Wint-to-pointer-cast -Wpointer-to-int-cast -fno-strict-aliasing -O3 -march=native -pipe -g0 -fno-stack-protector -fno-stack-clash-protection -fstack-check=no -fno-stack-check -c /tmp/portage/x11-libs/libXau-1.0.9/work/libXau-1.0.9/AuGetBest.c  -fPIC -DPIC -o .libs/AuGetBest.o
libtool: compile:  x86_64-pc-linux-gnu-gcc -m32 -DHAVE_CONFIG_H -I. -I/tmp/portage/x11-libs/libXau-1.0.9/work/libXau-1.0.9 -I/tmp/portage/x11-libs/libXau-1.0.9/work/libXau-1.0.9/include -Wall -Wpointer-arith -Wmissing-declarations -Wformat=2 -Wstrict-prototypes -Wmissing-prototypes -Wnested-externs -Wbad-function-cast -Wold-style-definition -Wdeclaration-after-statement -Wunused -Wuninitialized -Wshadow -Wmissing-noreturn -Wmissing-format-attribute -Wredundant-decls -Wlogical-op -Wimplicit -Wnonnull -Winit-self -Wmain -Wmissing-braces -Wsequence-point -Wreturn-type -Wtrigraphs -Warray-bounds -Wwrite-strings -Waddress -Wint-to-pointer-cast -Wpointer-to-int-cast -fno-strict-aliasing -O3 -march=native -pipe -g0 -fno-stack-protector -fno-stack-clash-protection -fstack-check=no -fno-stack-check -c /tmp/portage/x11-libs/libXau-1.0.9/work/libXau-1.0.9/AuFileName.c  -fPIC -DPIC -o .libs/AuFileName.o
libtool: compile:  x86_64-pc-linux-gnu-gcc -m32 -DHAVE_CONFIG_H -I. -I/tmp/portage/x11-libs/libXau-1.0.9/work/libXau-1.0.9 -I/tmp/portage/x11-libs/libXau-1.0.9/work/libXau-1.0.9/include -Wall -Wpointer-arith -Wmissing-declarations -Wformat=2 -Wstrict-prototypes -Wmissing-prototypes -Wnested-externs -Wbad-function-cast -Wold-style-definition -Wdeclaration-after-statement -Wunused -Wuninitialized -Wshadow -Wmissing-noreturn -Wmissing-format-attribute -Wredundant-decls -Wlogical-op -Wimplicit -Wnonnull -Winit-self -Wmain -Wmissing-braces -Wsequence-point -Wreturn-type -Wtrigraphs -Warray-bounds -Wwrite-strings -Waddress -Wint-to-pointer-cast -Wpointer-to-int-cast -fno-strict-aliasing -O3 -march=native -pipe -g0 -fno-stack-protector -fno-stack-clash-protection -fstack-check=no -fno-stack-check -c /tmp/portage/x11-libs/libXau-1.0.9/work/libXau-1.0.9/AuRead.c  -fPIC -DPIC -o .libs/AuRead.o
libtool: compile:  x86_64-pc-linux-gnu-gcc -m32 -DHAVE_CONFIG_H -I. -I/tmp/portage/x11-libs/libXau-1.0.9/work/libXau-1.0.9 -I/tmp/portage/x11-libs/libXau-1.0.9/work/libXau-1.0.9/include -Wall -Wpointer-arith -Wmissing-declarations -Wformat=2 -Wstrict-prototypes -Wmissing-prototypes -Wnested-externs -Wbad-function-cast -Wold-style-definition -Wdeclaration-after-statement -Wunused -Wuninitialized -Wshadow -Wmissing-noreturn -Wmissing-format-attribute -Wredundant-decls -Wlogical-op -Wimplicit -Wnonnull -Winit-self -Wmain -Wmissing-braces -Wsequence-point -Wreturn-type -Wtrigraphs -Warray-bounds -Wwrite-strings -Waddress -Wint-to-pointer-cast -Wpointer-to-int-cast -fno-strict-aliasing -O3 -march=native -pipe -g0 -fno-stack-protector -fno-stack-clash-protection -fstack-check=no -fno-stack-check -c /tmp/portage/x11-libs/libXau-1.0.9/work/libXau-1.0.9/AuLock.c  -fPIC -DPIC -o .libs/AuLock.o
libtool: compile:  x86_64-pc-linux-gnu-gcc -m32 -DHAVE_CONFIG_H -I. -I/tmp/portage/x11-libs/libXau-1.0.9/work/libXau-1.0.9 -I/tmp/portage/x11-libs/libXau-1.0.9/work/libXau-1.0.9/include -Wall -Wpointer-arith -Wmissing-declarations -Wformat=2 -Wstrict-prototypes -Wmissing-prototypes -Wnested-externs -Wbad-function-cast -Wold-style-definition -Wdeclaration-after-statement -Wunused -Wuninitialized -Wshadow -Wmissing-noreturn -Wmissing-format-attribute -Wredundant-decls -Wlogical-op -Wimplicit -Wnonnull -Winit-self -Wmain -Wmissing-braces -Wsequence-point -Wreturn-type -Wtrigraphs -Warray-bounds -Wwrite-strings -Waddress -Wint-to-pointer-cast -Wpointer-to-int-cast -fno-strict-aliasing -O3 -march=native -pipe -g0 -fno-stack-protector -fno-stack-clash-protection -fstack-check=no -fno-stack-check -c /tmp/portage/x11-libs/libXau-1.0.9/work/libXau-1.0.9/AuWrite.c  -fPIC -DPIC -o .libs/AuWrite.o
libtool: compile:  x86_64-pc-linux-gnu-gcc -m32 -DHAVE_CONFIG_H -I. -I/tmp/portage/x11-libs/libXau-1.0.9/work/libXau-1.0.9 -I/tmp/portage/x11-libs/libXau-1.0.9/work/libXau-1.0.9/include -Wall -Wpointer-arith -Wmissing-declarations -Wformat=2 -Wstrict-prototypes -Wmissing-prototypes -Wnested-externs -Wbad-function-cast -Wold-style-definition -Wdeclaration-after-statement -Wunused -Wuninitialized -Wshadow -Wmissing-noreturn -Wmissing-format-attribute -Wredundant-decls -Wlogical-op -Wimplicit -Wnonnull -Winit-self -Wmain -Wmissing-braces -Wsequence-point -Wreturn-type -Wtrigraphs -Warray-bounds -Wwrite-strings -Waddress -Wint-to-pointer-cast -Wpointer-to-int-cast -fno-strict-aliasing -O3 -march=native -pipe -g0 -fno-stack-protector -fno-stack-clash-protection -fstack-check=no -fno-stack-check -c /tmp/portage/x11-libs/libXau-1.0.9/work/libXau-1.0.9/AuUnlock.c  -fPIC -DPIC -o .libs/AuUnlock.o
libtool: compile:  x86_64-pc-linux-gnu-gcc -m32 -DHAVE_CONFIG_H -I. -I/tmp/portage/x11-libs/libXau-1.0.9/work/libXau-1.0.9 -I/tmp/portage/x11-libs/libXau-1.0.9/work/libXau-1.0.9/include -Wall -Wpointer-arith -Wmissing-declarations -Wformat=2 -Wstrict-prototypes -Wmissing-prototypes -Wnested-externs -Wbad-function-cast -Wold-style-definition -Wdeclaration-after-statement -Wunused -Wuninitialized -Wshadow -Wmissing-noreturn -Wmissing-format-attribute -Wredundant-decls -Wlogical-op -Wimplicit -Wnonnull -Winit-self -Wmain -Wmissing-braces -Wsequence-point -Wreturn-type -Wtrigraphs -Warray-bounds -Wwrite-strings -Waddress -Wint-to-pointer-cast -Wpointer-to-int-cast -fno-strict-aliasing -O3 -march=native -pipe -g0 -fno-stack-protector -fno-stack-clash-protection -fstack-check=no -fno-stack-check -c /tmp/portage/x11-libs/libXau-1.0.9/work/libXau-1.0.9/AuGetAddr.c  -fPIC -DPIC -o .libs/AuGetAddr.o
/bin/sh ./libtool  --tag=CC   --mode=link x86_64-pc-linux-gnu-gcc -m32  -Wall -Wpointer-arith -Wmissing-declarations -Wformat=2 -Wstrict-prototypes -Wmissing-prototypes -Wnested-externs -Wbad-function-cast -Wold-style-definition -Wdeclaration-after-statement -Wunused -Wuninitialized -Wshadow -Wmissing-noreturn -Wmissing-format-attribute -Wredundant-decls -Wlogical-op -Wimplicit -Wnonnull -Winit-self -Wmain -Wmissing-braces -Wsequence-point -Wreturn-type -Wtrigraphs -Warray-bounds -Wwrite-strings -Waddress -Wint-to-pointer-cast -Wpointer-to-int-cast -fno-strict-aliasing -O3 -march=native -pipe -g0 -fno-stack-protector -fno-stack-clash-protection -fstack-check=no -fno-stack-check -version-number 6:0:0 -no-undefined -Wl,-O1 -Wl,--as-needed -Wl,--defsym=__gentoo_check_ldflags__=0 -Wl,--hash-style=gnu -Wl,-z,norelro -o libXau.la -rpath /usr/lib AuDispose.lo AuFileName.lo AuGetAddr.lo AuGetBest.lo AuLock.lo AuRead.lo AuUnlock.lo AuWrite.lo  
libtool: link: x86_64-pc-linux-gnu-gcc -m32 -shared  -fPIC -DPIC  .libs/AuDispose.o .libs/AuFileName.o .libs/AuGetAddr.o .libs/AuGetBest.o .libs/AuLock.o .libs/AuRead.o .libs/AuUnlock.o .libs/AuWrite.o   -Wl,--as-needed  -m32 -O3 -march=native -g0 -Wl,-O1 -Wl,--defsym=__gentoo_check_ldflags__=0 -Wl,--hash-style=gnu -Wl,-z -Wl,norelro   -Wl,-soname -Wl,libXau.so.6 -o .libs/libXau.so.6.0.0
libtool: link: (cd ".libs" && rm -f "libXau.so.6" && ln -s "libXau.so.6.0.0" "libXau.so.6")
libtool: link: (cd ".libs" && rm -f "libXau.so" && ln -s "libXau.so.6.0.0" "libXau.so")
libtool: link: ( cd ".libs" && rm -f "libXau.la" && ln -s "../libXau.la" "libXau.la" )
make[2]: Leaving directory '/tmp/portage/x11-libs/libXau-1.0.9/work/libXau-1.0.9-abi_x86_32.x86'
make[1]: Leaving directory '/tmp/portage/x11-libs/libXau-1.0.9/work/libXau-1.0.9-abi_x86_32.x86'
 [32;01m*[0m abi_x86_64.amd64: running multilib-minimal_abi_src_compile
make -j12 
make  all-recursive
make[1]: Entering directory '/tmp/portage/x11-libs/libXau-1.0.9/work/libXau-1.0.9-abi_x86_64.amd64'
Making all in man
make[2]: Entering directory '/tmp/portage/x11-libs/libXau-1.0.9/work/libXau-1.0.9-abi_x86_64.amd64/man'
/bin/sed -e 's|__vendorversion__|"libXau 1.0.9" "X Version 11"|' 	-e 's|__xorgversion__|"libXau 1.0.9" "X Version 11"|' 	-e 's|__xservername__|Xorg|g' 	-e 's|__xconfigfile__|xorg.conf|g' 	-e 's|__projectroot__|/usr|g' 	-e 's|__apploaddir__||g' 	-e 's|__appmansuffix__|1|g' 	-e 's|__drivermansuffix__|4|g' 	-e 's|__adminmansuffix__|8|g' 	-e 's|__libmansuffix__|3|g' 	-e 's|__miscmansuffix__|7|g' 	-e 's|__filemansuffix__|5|g' < /tmp/portage/x11-libs/libXau-1.0.9/work/libXau-1.0.9/man/Xau.man > Xau.3
/bin/sed -e 's|__vendorversion__|"libXau 1.0.9" "X Version 11"|' 	-e 's|__xorgversion__|"libXau 1.0.9" "X Version 11"|' 	-e 's|__xservername__|Xorg|g' 	-e 's|__xconfigfile__|xorg.conf|g' 	-e 's|__projectroot__|/usr|g' 	-e 's|__apploaddir__||g' 	-e 's|__appmansuffix__|1|g' 	-e 's|__drivermansuffix__|4|g' 	-e 's|__adminmansuffix__|8|g' 	-e 's|__libmansuffix__|3|g' 	-e 's|__miscmansuffix__|7|g' 	-e 's|__filemansuffix__|5|g' < /tmp/portage/x11-libs/libXau-1.0.9/work/libXau-1.0.9/man/XauDisposeAuth.man > XauDisposeAuth.3
/bin/sed -e 's|__vendorversion__|"libXau 1.0.9" "X Version 11"|' 	-e 's|__xorgversion__|"libXau 1.0.9" "X Version 11"|' 	-e 's|__xservername__|Xorg|g' 	-e 's|__xconfigfile__|xorg.conf|g' 	-e 's|__projectroot__|/usr|g' 	-e 's|__apploaddir__||g' 	-e 's|__appmansuffix__|1|g' 	-e 's|__drivermansuffix__|4|g' 	-e 's|__adminmansuffix__|8|g' 	-e 's|__libmansuffix__|3|g' 	-e 's|__miscmansuffix__|7|g' 	-e 's|__filemansuffix__|5|g' < /tmp/portage/x11-libs/libXau-1.0.9/work/libXau-1.0.9/man/XauFileName.man > XauFileName.3
/bin/sed -e 's|__vendorversion__|"libXau 1.0.9" "X Version 11"|' 	-e 's|__xorgversion__|"libXau 1.0.9" "X Version 11"|' 	-e 's|__xservername__|Xorg|g' 	-e 's|__xconfigfile__|xorg.conf|g' 	-e 's|__projectroot__|/usr|g' 	-e 's|__apploaddir__||g' 	-e 's|__appmansuffix__|1|g' 	-e 's|__drivermansuffix__|4|g' 	-e 's|__adminmansuffix__|8|g' 	-e 's|__libmansuffix__|3|g' 	-e 's|__miscmansuffix__|7|g' 	-e 's|__filemansuffix__|5|g' < /tmp/portage/x11-libs/libXau-1.0.9/work/libXau-1.0.9/man/XauGetAuthByAddr.man > XauGetAuthByAddr.3
/bin/sed -e 's|__vendorversion__|"libXau 1.0.9" "X Version 11"|' 	-e 's|__xorgversion__|"libXau 1.0.9" "X Version 11"|' 	-e 's|__xservername__|Xorg|g' 	-e 's|__xconfigfile__|xorg.conf|g' 	-e 's|__projectroot__|/usr|g' 	-e 's|__apploaddir__||g' 	-e 's|__appmansuffix__|1|g' 	-e 's|__drivermansuffix__|4|g' 	-e 's|__adminmansuffix__|8|g' 	-e 's|__libmansuffix__|3|g' 	-e 's|__miscmansuffix__|7|g' 	-e 's|__filemansuffix__|5|g' < /tmp/portage/x11-libs/libXau-1.0.9/work/libXau-1.0.9/man/XauGetBestAuthByAddr.man > XauGetBestAuthByAddr.3
/bin/sed -e 's|__vendorversion__|"libXau 1.0.9" "X Version 11"|' 	-e 's|__xorgversion__|"libXau 1.0.9" "X Version 11"|' 	-e 's|__xservername__|Xorg|g' 	-e 's|__xconfigfile__|xorg.conf|g' 	-e 's|__projectroot__|/usr|g' 	-e 's|__apploaddir__||g' 	-e 's|__appmansuffix__|1|g' 	-e 's|__drivermansuffix__|4|g' 	-e 's|__adminmansuffix__|8|g' 	-e 's|__libmansuffix__|3|g' 	-e 's|__miscmansuffix__|7|g' 	-e 's|__filemansuffix__|5|g' < /tmp/portage/x11-libs/libXau-1.0.9/work/libXau-1.0.9/man/XauLockAuth.man > XauLockAuth.3
/bin/sed -e 's|__vendorversion__|"libXau 1.0.9" "X Version 11"|' 	-e 's|__xorgversion__|"libXau 1.0.9" "X Version 11"|' 	-e 's|__xservername__|Xorg|g' 	-e 's|__xconfigfile__|xorg.conf|g' 	-e 's|__projectroot__|/usr|g' 	-e 's|__apploaddir__||g' 	-e 's|__appmansuffix__|1|g' 	-e 's|__drivermansuffix__|4|g' 	-e 's|__adminmansuffix__|8|g' 	-e 's|__libmansuffix__|3|g' 	-e 's|__miscmansuffix__|7|g' 	-e 's|__filemansuffix__|5|g' < /tmp/portage/x11-libs/libXau-1.0.9/work/libXau-1.0.9/man/XauReadAuth.man > XauReadAuth.3
/bin/sed -e 's|__vendorversion__|"libXau 1.0.9" "X Version 11"|' 	-e 's|__xorgversion__|"libXau 1.0.9" "X Version 11"|' 	-e 's|__xservername__|Xorg|g' 	-e 's|__xconfigfile__|xorg.conf|g' 	-e 's|__projectroot__|/usr|g' 	-e 's|__apploaddir__||g' 	-e 's|__appmansuffix__|1|g' 	-e 's|__drivermansuffix__|4|g' 	-e 's|__adminmansuffix__|8|g' 	-e 's|__libmansuffix__|3|g' 	-e 's|__miscmansuffix__|7|g' 	-e 's|__filemansuffix__|5|g' < /tmp/portage/x11-libs/libXau-1.0.9/work/libXau-1.0.9/man/XauUnlockAuth.man > XauUnlockAuth.3
/bin/sed -e 's|__vendorversion__|"libXau 1.0.9" "X Version 11"|' 	-e 's|__xorgversion__|"libXau 1.0.9" "X Version 11"|' 	-e 's|__xservername__|Xorg|g' 	-e 's|__xconfigfile__|xorg.conf|g' 	-e 's|__projectroot__|/usr|g' 	-e 's|__apploaddir__||g' 	-e 's|__appmansuffix__|1|g' 	-e 's|__drivermansuffix__|4|g' 	-e 's|__adminmansuffix__|8|g' 	-e 's|__libmansuffix__|3|g' 	-e 's|__miscmansuffix__|7|g' 	-e 's|__filemansuffix__|5|g' < /tmp/portage/x11-libs/libXau-1.0.9/work/libXau-1.0.9/man/XauWriteAuth.man > XauWriteAuth.3
make[2]: Leaving directory '/tmp/portage/x11-libs/libXau-1.0.9/work/libXau-1.0.9-abi_x86_64.amd64/man'
make[2]: Entering directory '/tmp/portage/x11-libs/libXau-1.0.9/work/libXau-1.0.9-abi_x86_64.amd64'
/bin/sh ./libtool  --tag=CC   --mode=compile x86_64-pc-linux-gnu-gcc -DHAVE_CONFIG_H -I. -I/tmp/portage/x11-libs/libXau-1.0.9/work/libXau-1.0.9  -I/tmp/portage/x11-libs/libXau-1.0.9/work/libXau-1.0.9/include   -Wall -Wpointer-arith -Wmissing-declarations -Wformat=2 -Wstrict-prototypes -Wmissing-prototypes -Wnested-externs -Wbad-function-cast -Wold-style-definition -Wdeclaration-after-statement -Wunused -Wuninitialized -Wshadow -Wmissing-noreturn -Wmissing-format-attribute -Wredundant-decls -Wlogical-op -Wimplicit -Wnonnull -Winit-self -Wmain -Wmissing-braces -Wsequence-point -Wreturn-type -Wtrigraphs -Warray-bounds -Wwrite-strings -Waddress -Wint-to-pointer-cast -Wpointer-to-int-cast -fno-strict-aliasing -O3 -march=native -pipe -g0 -fno-stack-protector -fno-stack-clash-protection -fstack-check=no -fno-stack-check -c -o AuDispose.lo /tmp/portage/x11-libs/libXau-1.0.9/work/libXau-1.0.9/AuDispose.c
/bin/sh ./libtool  --tag=CC   --mode=compile x86_64-pc-linux-gnu-gcc -DHAVE_CONFIG_H -I. -I/tmp/portage/x11-libs/libXau-1.0.9/work/libXau-1.0.9  -I/tmp/portage/x11-libs/libXau-1.0.9/work/libXau-1.0.9/include   -Wall -Wpointer-arith -Wmissing-declarations -Wformat=2 -Wstrict-prototypes -Wmissing-prototypes -Wnested-externs -Wbad-function-cast -Wold-style-definition -Wdeclaration-after-statement -Wunused -Wuninitialized -Wshadow -Wmissing-noreturn -Wmissing-format-attribute -Wredundant-decls -Wlogical-op -Wimplicit -Wnonnull -Winit-self -Wmain -Wmissing-braces -Wsequence-point -Wreturn-type -Wtrigraphs -Warray-bounds -Wwrite-strings -Waddress -Wint-to-pointer-cast -Wpointer-to-int-cast -fno-strict-aliasing -O3 -march=native -pipe -g0 -fno-stack-protector -fno-stack-clash-protection -fstack-check=no -fno-stack-check -c -o AuFileName.lo /tmp/portage/x11-libs/libXau-1.0.9/work/libXau-1.0.9/AuFileName.c
/bin/sh ./libtool  --tag=CC   --mode=compile x86_64-pc-linux-gnu-gcc -DHAVE_CONFIG_H -I. -I/tmp/portage/x11-libs/libXau-1.0.9/work/libXau-1.0.9  -I/tmp/portage/x11-libs/libXau-1.0.9/work/libXau-1.0.9/include   -Wall -Wpointer-arith -Wmissing-declarations -Wformat=2 -Wstrict-prototypes -Wmissing-prototypes -Wnested-externs -Wbad-function-cast -Wold-style-definition -Wdeclaration-after-statement -Wunused -Wuninitialized -Wshadow -Wmissing-noreturn -Wmissing-format-attribute -Wredundant-decls -Wlogical-op -Wimplicit -Wnonnull -Winit-self -Wmain -Wmissing-braces -Wsequence-point -Wreturn-type -Wtrigraphs -Warray-bounds -Wwrite-strings -Waddress -Wint-to-pointer-cast -Wpointer-to-int-cast -fno-strict-aliasing -O3 -march=native -pipe -g0 -fno-stack-protector -fno-stack-clash-protection -fstack-check=no -fno-stack-check -c -o AuGetAddr.lo /tmp/portage/x11-libs/libXau-1.0.9/work/libXau-1.0.9/AuGetAddr.c
/bin/sh ./libtool  --tag=CC   --mode=compile x86_64-pc-linux-gnu-gcc -DHAVE_CONFIG_H -I. -I/tmp/portage/x11-libs/libXau-1.0.9/work/libXau-1.0.9  -I/tmp/portage/x11-libs/libXau-1.0.9/work/libXau-1.0.9/include   -Wall -Wpointer-arith -Wmissing-declarations -Wformat=2 -Wstrict-prototypes -Wmissing-prototypes -Wnested-externs -Wbad-function-cast -Wold-style-definition -Wdeclaration-after-statement -Wunused -Wuninitialized -Wshadow -Wmissing-noreturn -Wmissing-format-attribute -Wredundant-decls -Wlogical-op -Wimplicit -Wnonnull -Winit-self -Wmain -Wmissing-braces -Wsequence-point -Wreturn-type -Wtrigraphs -Warray-bounds -Wwrite-strings -Waddress -Wint-to-pointer-cast -Wpointer-to-int-cast -fno-strict-aliasing -O3 -march=native -pipe -g0 -fno-stack-protector -fno-stack-clash-protection -fstack-check=no -fno-stack-check -c -o AuGetBest.lo /tmp/portage/x11-libs/libXau-1.0.9/work/libXau-1.0.9/AuGetBest.c
/bin/sh ./libtool  --tag=CC   --mode=compile x86_64-pc-linux-gnu-gcc -DHAVE_CONFIG_H -I. -I/tmp/portage/x11-libs/libXau-1.0.9/work/libXau-1.0.9  -I/tmp/portage/x11-libs/libXau-1.0.9/work/libXau-1.0.9/include   -Wall -Wpointer-arith -Wmissing-declarations -Wformat=2 -Wstrict-prototypes -Wmissing-prototypes -Wnested-externs -Wbad-function-cast -Wold-style-definition -Wdeclaration-after-statement -Wunused -Wuninitialized -Wshadow -Wmissing-noreturn -Wmissing-format-attribute -Wredundant-decls -Wlogical-op -Wimplicit -Wnonnull -Winit-self -Wmain -Wmissing-braces -Wsequence-point -Wreturn-type -Wtrigraphs -Warray-bounds -Wwrite-strings -Waddress -Wint-to-pointer-cast -Wpointer-to-int-cast -fno-strict-aliasing -O3 -march=native -pipe -g0 -fno-stack-protector -fno-stack-clash-protection -fstack-check=no -fno-stack-check -c -o AuLock.lo /tmp/portage/x11-libs/libXau-1.0.9/work/libXau-1.0.9/AuLock.c
/bin/sh ./libtool  --tag=CC   --mode=compile x86_64-pc-linux-gnu-gcc -DHAVE_CONFIG_H -I. -I/tmp/portage/x11-libs/libXau-1.0.9/work/libXau-1.0.9  -I/tmp/portage/x11-libs/libXau-1.0.9/work/libXau-1.0.9/include   -Wall -Wpointer-arith -Wmissing-declarations -Wformat=2 -Wstrict-prototypes -Wmissing-prototypes -Wnested-externs -Wbad-function-cast -Wold-style-definition -Wdeclaration-after-statement -Wunused -Wuninitialized -Wshadow -Wmissing-noreturn -Wmissing-format-attribute -Wredundant-decls -Wlogical-op -Wimplicit -Wnonnull -Winit-self -Wmain -Wmissing-braces -Wsequence-point -Wreturn-type -Wtrigraphs -Warray-bounds -Wwrite-strings -Waddress -Wint-to-pointer-cast -Wpointer-to-int-cast -fno-strict-aliasing -O3 -march=native -pipe -g0 -fno-stack-protector -fno-stack-clash-protection -fstack-check=no -fno-stack-check -c -o AuRead.lo /tmp/portage/x11-libs/libXau-1.0.9/work/libXau-1.0.9/AuRead.c
/bin/sh ./libtool  --tag=CC   --mode=compile x86_64-pc-linux-gnu-gcc -DHAVE_CONFIG_H -I. -I/tmp/portage/x11-libs/libXau-1.0.9/work/libXau-1.0.9  -I/tmp/portage/x11-libs/libXau-1.0.9/work/libXau-1.0.9/include   -Wall -Wpointer-arith -Wmissing-declarations -Wformat=2 -Wstrict-prototypes -Wmissing-prototypes -Wnested-externs -Wbad-function-cast -Wold-style-definition -Wdeclaration-after-statement -Wunused -Wuninitialized -Wshadow -Wmissing-noreturn -Wmissing-format-attribute -Wredundant-decls -Wlogical-op -Wimplicit -Wnonnull -Winit-self -Wmain -Wmissing-braces -Wsequence-point -Wreturn-type -Wtrigraphs -Warray-bounds -Wwrite-strings -Waddress -Wint-to-pointer-cast -Wpointer-to-int-cast -fno-strict-aliasing -O3 -march=native -pipe -g0 -fno-stack-protector -fno-stack-clash-protection -fstack-check=no -fno-stack-check -c -o AuUnlock.lo /tmp/portage/x11-libs/libXau-1.0.9/work/libXau-1.0.9/AuUnlock.c
/bin/sh ./libtool  --tag=CC   --mode=compile x86_64-pc-linux-gnu-gcc -DHAVE_CONFIG_H -I. -I/tmp/portage/x11-libs/libXau-1.0.9/work/libXau-1.0.9  -I/tmp/portage/x11-libs/libXau-1.0.9/work/libXau-1.0.9/include   -Wall -Wpointer-arith -Wmissing-declarations -Wformat=2 -Wstrict-prototypes -Wmissing-prototypes -Wnested-externs -Wbad-function-cast -Wold-style-definition -Wdeclaration-after-statement -Wunused -Wuninitialized -Wshadow -Wmissing-noreturn -Wmissing-format-attribute -Wredundant-decls -Wlogical-op -Wimplicit -Wnonnull -Winit-self -Wmain -Wmissing-braces -Wsequence-point -Wreturn-type -Wtrigraphs -Warray-bounds -Wwrite-strings -Waddress -Wint-to-pointer-cast -Wpointer-to-int-cast -fno-strict-aliasing -O3 -march=native -pipe -g0 -fno-stack-protector -fno-stack-clash-protection -fstack-check=no -fno-stack-check -c -o AuWrite.lo /tmp/portage/x11-libs/libXau-1.0.9/work/libXau-1.0.9/AuWrite.c
libtool: compile:  x86_64-pc-linux-gnu-gcc -DHAVE_CONFIG_H -I. -I/tmp/portage/x11-libs/libXau-1.0.9/work/libXau-1.0.9 -I/tmp/portage/x11-libs/libXau-1.0.9/work/libXau-1.0.9/include -Wall -Wpointer-arith -Wmissing-declarations -Wformat=2 -Wstrict-prototypes -Wmissing-prototypes -Wnested-externs -Wbad-function-cast -Wold-style-definition -Wdeclaration-after-statement -Wunused -Wuninitialized -Wshadow -Wmissing-noreturn -Wmissing-format-attribute -Wredundant-decls -Wlogical-op -Wimplicit -Wnonnull -Winit-self -Wmain -Wmissing-braces -Wsequence-point -Wreturn-type -Wtrigraphs -Warray-bounds -Wwrite-strings -Waddress -Wint-to-pointer-cast -Wpointer-to-int-cast -fno-strict-aliasing -O3 -march=native -pipe -g0 -fno-stack-protector -fno-stack-clash-protection -fstack-check=no -fno-stack-check -c /tmp/portage/x11-libs/libXau-1.0.9/work/libXau-1.0.9/AuDispose.c  -fPIC -DPIC -o .libs/AuDispose.o
libtool: compile:  x86_64-pc-linux-gnu-gcc -DHAVE_CONFIG_H -I. -I/tmp/portage/x11-libs/libXau-1.0.9/work/libXau-1.0.9 -I/tmp/portage/x11-libs/libXau-1.0.9/work/libXau-1.0.9/include -Wall -Wpointer-arith -Wmissing-declarations -Wformat=2 -Wstrict-prototypes -Wmissing-prototypes -Wnested-externs -Wbad-function-cast -Wold-style-definition -Wdeclaration-after-statement -Wunused -Wuninitialized -Wshadow -Wmissing-noreturn -Wmissing-format-attribute -Wredundant-decls -Wlogical-op -Wimplicit -Wnonnull -Winit-self -Wmain -Wmissing-braces -Wsequence-point -Wreturn-type -Wtrigraphs -Warray-bounds -Wwrite-strings -Waddress -Wint-to-pointer-cast -Wpointer-to-int-cast -fno-strict-aliasing -O3 -march=native -pipe -g0 -fno-stack-protector -fno-stack-clash-protection -fstack-check=no -fno-stack-check -c /tmp/portage/x11-libs/libXau-1.0.9/work/libXau-1.0.9/AuFileName.c  -fPIC -DPIC -o .libs/AuFileName.o
libtool: compile:  x86_64-pc-linux-gnu-gcc -DHAVE_CONFIG_H -I. -I/tmp/portage/x11-libs/libXau-1.0.9/work/libXau-1.0.9 -I/tmp/portage/x11-libs/libXau-1.0.9/work/libXau-1.0.9/include -Wall -Wpointer-arith -Wmissing-declarations -Wformat=2 -Wstrict-prototypes -Wmissing-prototypes -Wnested-externs -Wbad-function-cast -Wold-style-definition -Wdeclaration-after-statement -Wunused -Wuninitialized -Wshadow -Wmissing-noreturn -Wmissing-format-attribute -Wredundant-decls -Wlogical-op -Wimplicit -Wnonnull -Winit-self -Wmain -Wmissing-braces -Wsequence-point -Wreturn-type -Wtrigraphs -Warray-bounds -Wwrite-strings -Waddress -Wint-to-pointer-cast -Wpointer-to-int-cast -fno-strict-aliasing -O3 -march=native -pipe -g0 -fno-stack-protector -fno-stack-clash-protection -fstack-check=no -fno-stack-check -c /tmp/portage/x11-libs/libXau-1.0.9/work/libXau-1.0.9/AuLock.c  -fPIC -DPIC -o .libs/AuLock.o
libtool: compile:  x86_64-pc-linux-gnu-gcc -DHAVE_CONFIG_H -I. -I/tmp/portage/x11-libs/libXau-1.0.9/work/libXau-1.0.9 -I/tmp/portage/x11-libs/libXau-1.0.9/work/libXau-1.0.9/include -Wall -Wpointer-arith -Wmissing-declarations -Wformat=2 -Wstrict-prototypes -Wmissing-prototypes -Wnested-externs -Wbad-function-cast -Wold-style-definition -Wdeclaration-after-statement -Wunused -Wuninitialized -Wshadow -Wmissing-noreturn -Wmissing-format-attribute -Wredundant-decls -Wlogical-op -Wimplicit -Wnonnull -Winit-self -Wmain -Wmissing-braces -Wsequence-point -Wreturn-type -Wtrigraphs -Warray-bounds -Wwrite-strings -Waddress -Wint-to-pointer-cast -Wpointer-to-int-cast -fno-strict-aliasing -O3 -march=native -pipe -g0 -fno-stack-protector -fno-stack-clash-protection -fstack-check=no -fno-stack-check -c /tmp/portage/x11-libs/libXau-1.0.9/work/libXau-1.0.9/AuWrite.c  -fPIC -DPIC -o .libs/AuWrite.o
libtool: compile:  x86_64-pc-linux-gnu-gcc -DHAVE_CONFIG_H -I. -I/tmp/portage/x11-libs/libXau-1.0.9/work/libXau-1.0.9 -I/tmp/portage/x11-libs/libXau-1.0.9/work/libXau-1.0.9/include -Wall -Wpointer-arith -Wmissing-declarations -Wformat=2 -Wstrict-prototypes -Wmissing-prototypes -Wnested-externs -Wbad-function-cast -Wold-style-definition -Wdeclaration-after-statement -Wunused -Wuninitialized -Wshadow -Wmissing-noreturn -Wmissing-format-attribute -Wredundant-decls -Wlogical-op -Wimplicit -Wnonnull -Winit-self -Wmain -Wmissing-braces -Wsequence-point -Wreturn-type -Wtrigraphs -Warray-bounds -Wwrite-strings -Waddress -Wint-to-pointer-cast -Wpointer-to-int-cast -fno-strict-aliasing -O3 -march=native -pipe -g0 -fno-stack-protector -fno-stack-clash-protection -fstack-check=no -fno-stack-check -c /tmp/portage/x11-libs/libXau-1.0.9/work/libXau-1.0.9/AuUnlock.c  -fPIC -DPIC -o .libs/AuUnlock.o
libtool: compile:  x86_64-pc-linux-gnu-gcc -DHAVE_CONFIG_H -I. -I/tmp/portage/x11-libs/libXau-1.0.9/work/libXau-1.0.9 -I/tmp/portage/x11-libs/libXau-1.0.9/work/libXau-1.0.9/include -Wall -Wpointer-arith -Wmissing-declarations -Wformat=2 -Wstrict-prototypes -Wmissing-prototypes -Wnested-externs -Wbad-function-cast -Wold-style-definition -Wdeclaration-after-statement -Wunused -Wuninitialized -Wshadow -Wmissing-noreturn -Wmissing-format-attribute -Wredundant-decls -Wlogical-op -Wimplicit -Wnonnull -Winit-self -Wmain -Wmissing-braces -Wsequence-point -Wreturn-type -Wtrigraphs -Warray-bounds -Wwrite-strings -Waddress -Wint-to-pointer-cast -Wpointer-to-int-cast -fno-strict-aliasing -O3 -march=native -pipe -g0 -fno-stack-protector -fno-stack-clash-protection -fstack-check=no -fno-stack-check -c /tmp/portage/x11-libs/libXau-1.0.9/work/libXau-1.0.9/AuGetAddr.c  -fPIC -DPIC -o .libs/AuGetAddr.o
libtool: compile:  x86_64-pc-linux-gnu-gcc -DHAVE_CONFIG_H -I. -I/tmp/portage/x11-libs/libXau-1.0.9/work/libXau-1.0.9 -I/tmp/portage/x11-libs/libXau-1.0.9/work/libXau-1.0.9/include -Wall -Wpointer-arith -Wmissing-declarations -Wformat=2 -Wstrict-prototypes -Wmissing-prototypes -Wnested-externs -Wbad-function-cast -Wold-style-definition -Wdeclaration-after-statement -Wunused -Wuninitialized -Wshadow -Wmissing-noreturn -Wmissing-format-attribute -Wredundant-decls -Wlogical-op -Wimplicit -Wnonnull -Winit-self -Wmain -Wmissing-braces -Wsequence-point -Wreturn-type -Wtrigraphs -Warray-bounds -Wwrite-strings -Waddress -Wint-to-pointer-cast -Wpointer-to-int-cast -fno-strict-aliasing -O3 -march=native -pipe -g0 -fno-stack-protector -fno-stack-clash-protection -fstack-check=no -fno-stack-check -c /tmp/portage/x11-libs/libXau-1.0.9/work/libXau-1.0.9/AuRead.c  -fPIC -DPIC -o .libs/AuRead.o
libtool: compile:  x86_64-pc-linux-gnu-gcc -DHAVE_CONFIG_H -I. -I/tmp/portage/x11-libs/libXau-1.0.9/work/libXau-1.0.9 -I/tmp/portage/x11-libs/libXau-1.0.9/work/libXau-1.0.9/include -Wall -Wpointer-arith -Wmissing-declarations -Wformat=2 -Wstrict-prototypes -Wmissing-prototypes -Wnested-externs -Wbad-function-cast -Wold-style-definition -Wdeclaration-after-statement -Wunused -Wuninitialized -Wshadow -Wmissing-noreturn -Wmissing-format-attribute -Wredundant-decls -Wlogical-op -Wimplicit -Wnonnull -Winit-self -Wmain -Wmissing-braces -Wsequence-point -Wreturn-type -Wtrigraphs -Warray-bounds -Wwrite-strings -Waddress -Wint-to-pointer-cast -Wpointer-to-int-cast -fno-strict-aliasing -O3 -march=native -pipe -g0 -fno-stack-protector -fno-stack-clash-protection -fstack-check=no -fno-stack-check -c /tmp/portage/x11-libs/libXau-1.0.9/work/libXau-1.0.9/AuGetBest.c  -fPIC -DPIC -o .libs/AuGetBest.o
/bin/sh ./libtool  --tag=CC   --mode=link x86_64-pc-linux-gnu-gcc  -Wall -Wpointer-arith -Wmissing-declarations -Wformat=2 -Wstrict-prototypes -Wmissing-prototypes -Wnested-externs -Wbad-function-cast -Wold-style-definition -Wdeclaration-after-statement -Wunused -Wuninitialized -Wshadow -Wmissing-noreturn -Wmissing-format-attribute -Wredundant-decls -Wlogical-op -Wimplicit -Wnonnull -Winit-self -Wmain -Wmissing-braces -Wsequence-point -Wreturn-type -Wtrigraphs -Warray-bounds -Wwrite-strings -Waddress -Wint-to-pointer-cast -Wpointer-to-int-cast -fno-strict-aliasing -O3 -march=native -pipe -g0 -fno-stack-protector -fno-stack-clash-protection -fstack-check=no -fno-stack-check -version-number 6:0:0 -no-undefined -Wl,-O1 -Wl,--as-needed -Wl,--defsym=__gentoo_check_ldflags__=0 -Wl,--hash-style=gnu -Wl,-z,norelro -o libXau.la -rpath /usr/lib64 AuDispose.lo AuFileName.lo AuGetAddr.lo AuGetBest.lo AuLock.lo AuRead.lo AuUnlock.lo AuWrite.lo  
libtool: link: x86_64-pc-linux-gnu-gcc -shared  -fPIC -DPIC  .libs/AuDispose.o .libs/AuFileName.o .libs/AuGetAddr.o .libs/AuGetBest.o .libs/AuLock.o .libs/AuRead.o .libs/AuUnlock.o .libs/AuWrite.o   -Wl,--as-needed  -O3 -march=native -g0 -Wl,-O1 -Wl,--defsym=__gentoo_check_ldflags__=0 -Wl,--hash-style=gnu -Wl,-z -Wl,norelro   -Wl,-soname -Wl,libXau.so.6 -o .libs/libXau.so.6.0.0
libtool: link: (cd ".libs" && rm -f "libXau.so.6" && ln -s "libXau.so.6.0.0" "libXau.so.6")
libtool: link: (cd ".libs" && rm -f "libXau.so" && ln -s "libXau.so.6.0.0" "libXau.so")
libtool: link: ( cd ".libs" && rm -f "libXau.la" && ln -s "../libXau.la" "libXau.la" )
make[2]: Leaving directory '/tmp/portage/x11-libs/libXau-1.0.9/work/libXau-1.0.9-abi_x86_64.amd64'
make[1]: Leaving directory '/tmp/portage/x11-libs/libXau-1.0.9/work/libXau-1.0.9-abi_x86_64.amd64'
>>> Source compiled.
>>> Test phase: x11-libs/libXau-1.0.9
 [32;01m*[0m abi_x86_32.x86: running multilib-minimal_abi_src_test
>>> Working in BUILD_DIR: "/tmp/portage/x11-libs/libXau-1.0.9/work/libXau-1.0.9-abi_x86_32.x86"
make -j12 check 
Making check in man
make[1]: Entering directory '/tmp/portage/x11-libs/libXau-1.0.9/work/libXau-1.0.9-abi_x86_32.x86/man'
make[1]: Nothing to be done for 'check'.
make[1]: Leaving directory '/tmp/portage/x11-libs/libXau-1.0.9/work/libXau-1.0.9-abi_x86_32.x86/man'
make[1]: Entering directory '/tmp/portage/x11-libs/libXau-1.0.9/work/libXau-1.0.9-abi_x86_32.x86'
make  Autest
make[2]: Entering directory '/tmp/portage/x11-libs/libXau-1.0.9/work/libXau-1.0.9-abi_x86_32.x86'
x86_64-pc-linux-gnu-gcc -m32 -DHAVE_CONFIG_H -I. -I/tmp/portage/x11-libs/libXau-1.0.9/work/libXau-1.0.9  -I/tmp/portage/x11-libs/libXau-1.0.9/work/libXau-1.0.9/include   -Wall -Wpointer-arith -Wmissing-declarations -Wformat=2 -Wstrict-prototypes -Wmissing-prototypes -Wnested-externs -Wbad-function-cast -Wold-style-definition -Wdeclaration-after-statement -Wunused -Wuninitialized -Wshadow -Wmissing-noreturn -Wmissing-format-attribute -Wredundant-decls -Wlogical-op -Wimplicit -Wnonnull -Winit-self -Wmain -Wmissing-braces -Wsequence-point -Wreturn-type -Wtrigraphs -Warray-bounds -Wwrite-strings -Waddress -Wint-to-pointer-cast -Wpointer-to-int-cast -fno-strict-aliasing -O3 -march=native -pipe -g0 -fno-stack-protector -fno-stack-clash-protection -fstack-check=no -fno-stack-check -c -o Autest.o /tmp/portage/x11-libs/libXau-1.0.9/work/libXau-1.0.9/Autest.c
/tmp/portage/x11-libs/libXau-1.0.9/work/libXau-1.0.9/Autest.c: In function 'main':
/tmp/portage/x11-libs/libXau-1.0.9/work/libXau-1.0.9/Autest.c:38:21: warning: initialization discards 'const' qualifier from pointer target type [-Wdiscarded-qualifiers]
   38 |     char    *name = "XAU-TEST-1";
      |                     ^~~~~~~~~~~~
/tmp/portage/x11-libs/libXau-1.0.9/work/libXau-1.0.9/Autest.c:39:21: warning: initialization discards 'const' qualifier from pointer target type [-Wdiscarded-qualifiers]
   39 |     char    *data = "Do not begin the test until instructed to do so.";
      |                     ^~~~~~~~~~~~~~~~~~~~~~~~~~~~~~~~~~~~~~~~~~~~~~~~~~
/tmp/portage/x11-libs/libXau-1.0.9/work/libXau-1.0.9/Autest.c:57:23: warning: assignment discards 'const' qualifier from pointer target type [-Wdiscarded-qualifiers]
   57 |     test_data.address = "";
      |                       ^
/tmp/portage/x11-libs/libXau-1.0.9/work/libXau-1.0.9/Autest.c:59:22: warning: assignment discards 'const' qualifier from pointer target type [-Wdiscarded-qualifiers]
   59 |     test_data.number = "";
      |                      ^
/bin/sh ./libtool  --tag=CC   --mode=link x86_64-pc-linux-gnu-gcc -m32  -Wall -Wpointer-arith -Wmissing-declarations -Wformat=2 -Wstrict-prototypes -Wmissing-prototypes -Wnested-externs -Wbad-function-cast -Wold-style-definition -Wdeclaration-after-statement -Wunused -Wuninitialized -Wshadow -Wmissing-noreturn -Wmissing-format-attribute -Wredundant-decls -Wlogical-op -Wimplicit -Wnonnull -Winit-self -Wmain -Wmissing-braces -Wsequence-point -Wreturn-type -Wtrigraphs -Warray-bounds -Wwrite-strings -Waddress -Wint-to-pointer-cast -Wpointer-to-int-cast -fno-strict-aliasing -O3 -march=native -pipe -g0 -fno-stack-protector -fno-stack-clash-protection -fstack-check=no -fno-stack-check  -Wl,-O1 -Wl,--as-needed -Wl,--defsym=__gentoo_check_ldflags__=0 -Wl,--hash-style=gnu -Wl,-z,norelro -o Autest Autest.o libXau.la 
libtool: link: x86_64-pc-linux-gnu-gcc -m32 -Wall -Wpointer-arith -Wmissing-declarations -Wformat=2 -Wstrict-prototypes -Wmissing-prototypes -Wnested-externs -Wbad-function-cast -Wold-style-definition -Wdeclaration-after-statement -Wunused -Wuninitialized -Wshadow -Wmissing-noreturn -Wmissing-format-attribute -Wredundant-decls -Wlogical-op -Wimplicit -Wnonnull -Winit-self -Wmain -Wmissing-braces -Wsequence-point -Wreturn-type -Wtrigraphs -Warray-bounds -Wwrite-strings -Waddress -Wint-to-pointer-cast -Wpointer-to-int-cast -fno-strict-aliasing -O3 -march=native -pipe -g0 -fno-stack-protector -fno-stack-clash-protection -fstack-check=no -fno-stack-check -Wl,-O1 -Wl,--defsym=__gentoo_check_ldflags__=0 -Wl,--hash-style=gnu -Wl,-z -Wl,norelro -o .libs/Autest Autest.o  -Wl,--as-needed ./.libs/libXau.so
make[2]: Leaving directory '/tmp/portage/x11-libs/libXau-1.0.9/work/libXau-1.0.9-abi_x86_32.x86'
make  check-TESTS
make[2]: Entering directory '/tmp/portage/x11-libs/libXau-1.0.9/work/libXau-1.0.9-abi_x86_32.x86'
make[3]: Entering directory '/tmp/portage/x11-libs/libXau-1.0.9/work/libXau-1.0.9-abi_x86_32.x86'
PASS: Autest
============================================================================
Testsuite summary for libXau 1.0.9
============================================================================
# TOTAL: 1
# PASS:  1
# SKIP:  0
# XFAIL: 0
# FAIL:  0
# XPASS: 0
# ERROR: 0
============================================================================
make[3]: Leaving directory '/tmp/portage/x11-libs/libXau-1.0.9/work/libXau-1.0.9-abi_x86_32.x86'
make[2]: Leaving directory '/tmp/portage/x11-libs/libXau-1.0.9/work/libXau-1.0.9-abi_x86_32.x86'
make[1]: Leaving directory '/tmp/portage/x11-libs/libXau-1.0.9/work/libXau-1.0.9-abi_x86_32.x86'
 [32;01m*[0m abi_x86_64.amd64: running multilib-minimal_abi_src_test
>>> Working in BUILD_DIR: "/tmp/portage/x11-libs/libXau-1.0.9/work/libXau-1.0.9-abi_x86_64.amd64"
make -j12 check 
Making check in man
make[1]: Entering directory '/tmp/portage/x11-libs/libXau-1.0.9/work/libXau-1.0.9-abi_x86_64.amd64/man'
make[1]: Nothing to be done for 'check'.
make[1]: Leaving directory '/tmp/portage/x11-libs/libXau-1.0.9/work/libXau-1.0.9-abi_x86_64.amd64/man'
make[1]: Entering directory '/tmp/portage/x11-libs/libXau-1.0.9/work/libXau-1.0.9-abi_x86_64.amd64'
make  Autest
make[2]: Entering directory '/tmp/portage/x11-libs/libXau-1.0.9/work/libXau-1.0.9-abi_x86_64.amd64'
x86_64-pc-linux-gnu-gcc -DHAVE_CONFIG_H -I. -I/tmp/portage/x11-libs/libXau-1.0.9/work/libXau-1.0.9  -I/tmp/portage/x11-libs/libXau-1.0.9/work/libXau-1.0.9/include   -Wall -Wpointer-arith -Wmissing-declarations -Wformat=2 -Wstrict-prototypes -Wmissing-prototypes -Wnested-externs -Wbad-function-cast -Wold-style-definition -Wdeclaration-after-statement -Wunused -Wuninitialized -Wshadow -Wmissing-noreturn -Wmissing-format-attribute -Wredundant-decls -Wlogical-op -Wimplicit -Wnonnull -Winit-self -Wmain -Wmissing-braces -Wsequence-point -Wreturn-type -Wtrigraphs -Warray-bounds -Wwrite-strings -Waddress -Wint-to-pointer-cast -Wpointer-to-int-cast -fno-strict-aliasing -O3 -march=native -pipe -g0 -fno-stack-protector -fno-stack-clash-protection -fstack-check=no -fno-stack-check -c -o Autest.o /tmp/portage/x11-libs/libXau-1.0.9/work/libXau-1.0.9/Autest.c
/tmp/portage/x11-libs/libXau-1.0.9/work/libXau-1.0.9/Autest.c: In function 'main':
/tmp/portage/x11-libs/libXau-1.0.9/work/libXau-1.0.9/Autest.c:38:21: warning: initialization discards 'const' qualifier from pointer target type [-Wdiscarded-qualifiers]
   38 |     char    *name = "XAU-TEST-1";
      |                     ^~~~~~~~~~~~
/tmp/portage/x11-libs/libXau-1.0.9/work/libXau-1.0.9/Autest.c:39:21: warning: initialization discards 'const' qualifier from pointer target type [-Wdiscarded-qualifiers]
   39 |     char    *data = "Do not begin the test until instructed to do so.";
      |                     ^~~~~~~~~~~~~~~~~~~~~~~~~~~~~~~~~~~~~~~~~~~~~~~~~~
/tmp/portage/x11-libs/libXau-1.0.9/work/libXau-1.0.9/Autest.c:57:23: warning: assignment discards 'const' qualifier from pointer target type [-Wdiscarded-qualifiers]
   57 |     test_data.address = "";
      |                       ^
/tmp/portage/x11-libs/libXau-1.0.9/work/libXau-1.0.9/Autest.c:59:22: warning: assignment discards 'const' qualifier from pointer target type [-Wdiscarded-qualifiers]
   59 |     test_data.number = "";
      |                      ^
/bin/sh ./libtool  --tag=CC   --mode=link x86_64-pc-linux-gnu-gcc  -Wall -Wpointer-arith -Wmissing-declarations -Wformat=2 -Wstrict-prototypes -Wmissing-prototypes -Wnested-externs -Wbad-function-cast -Wold-style-definition -Wdeclaration-after-statement -Wunused -Wuninitialized -Wshadow -Wmissing-noreturn -Wmissing-format-attribute -Wredundant-decls -Wlogical-op -Wimplicit -Wnonnull -Winit-self -Wmain -Wmissing-braces -Wsequence-point -Wreturn-type -Wtrigraphs -Warray-bounds -Wwrite-strings -Waddress -Wint-to-pointer-cast -Wpointer-to-int-cast -fno-strict-aliasing -O3 -march=native -pipe -g0 -fno-stack-protector -fno-stack-clash-protection -fstack-check=no -fno-stack-check  -Wl,-O1 -Wl,--as-needed -Wl,--defsym=__gentoo_check_ldflags__=0 -Wl,--hash-style=gnu -Wl,-z,norelro -o Autest Autest.o libXau.la 
libtool: link: x86_64-pc-linux-gnu-gcc -Wall -Wpointer-arith -Wmissing-declarations -Wformat=2 -Wstrict-prototypes -Wmissing-prototypes -Wnested-externs -Wbad-function-cast -Wold-style-definition -Wdeclaration-after-statement -Wunused -Wuninitialized -Wshadow -Wmissing-noreturn -Wmissing-format-attribute -Wredundant-decls -Wlogical-op -Wimplicit -Wnonnull -Winit-self -Wmain -Wmissing-braces -Wsequence-point -Wreturn-type -Wtrigraphs -Warray-bounds -Wwrite-strings -Waddress -Wint-to-pointer-cast -Wpointer-to-int-cast -fno-strict-aliasing -O3 -march=native -pipe -g0 -fno-stack-protector -fno-stack-clash-protection -fstack-check=no -fno-stack-check -Wl,-O1 -Wl,--defsym=__gentoo_check_ldflags__=0 -Wl,--hash-style=gnu -Wl,-z -Wl,norelro -o .libs/Autest Autest.o  -Wl,--as-needed ./.libs/libXau.so
make[2]: Leaving directory '/tmp/portage/x11-libs/libXau-1.0.9/work/libXau-1.0.9-abi_x86_64.amd64'
make  check-TESTS
make[2]: Entering directory '/tmp/portage/x11-libs/libXau-1.0.9/work/libXau-1.0.9-abi_x86_64.amd64'
make[3]: Entering directory '/tmp/portage/x11-libs/libXau-1.0.9/work/libXau-1.0.9-abi_x86_64.amd64'
PASS: Autest
============================================================================
Testsuite summary for libXau 1.0.9
============================================================================
# TOTAL: 1
# PASS:  1
# SKIP:  0
# XFAIL: 0
# FAIL:  0
# XPASS: 0
# ERROR: 0
============================================================================
make[3]: Leaving directory '/tmp/portage/x11-libs/libXau-1.0.9/work/libXau-1.0.9-abi_x86_64.amd64'
make[2]: Leaving directory '/tmp/portage/x11-libs/libXau-1.0.9/work/libXau-1.0.9-abi_x86_64.amd64'
make[1]: Leaving directory '/tmp/portage/x11-libs/libXau-1.0.9/work/libXau-1.0.9-abi_x86_64.amd64'
>>> Completed testing x11-libs/libXau-1.0.9

>>> Install x11-libs/libXau-1.0.9 into /tmp/portage/x11-libs/libXau-1.0.9/image/
 [32;01m*[0m abi_x86_32.x86: running multilib-minimal_abi_src_install
make -j12 DESTDIR=/tmp/portage/x11-libs/libXau-1.0.9/image/ docdir=/usr/share/doc/libXau-1.0.9 install 
Making install in man
make[1]: Entering directory '/tmp/portage/x11-libs/libXau-1.0.9/work/libXau-1.0.9-abi_x86_32.x86/man'
make[2]: Entering directory '/tmp/portage/x11-libs/libXau-1.0.9/work/libXau-1.0.9-abi_x86_32.x86/man'
make[2]: Nothing to be done for 'install-exec-am'.
 /bin/mkdir -p '/tmp/portage/x11-libs/libXau-1.0.9/image//usr/share/man/man3'
 /tmp/portage/._portage_reinstall_.mi8935l4/bin/ebuild-helpers/xattr/install -c -m 644 Xau.3 XauDisposeAuth.3 XauFileName.3 XauGetAuthByAddr.3 XauGetBestAuthByAddr.3 XauLockAuth.3 XauReadAuth.3 XauUnlockAuth.3 XauWriteAuth.3 '/tmp/portage/x11-libs/libXau-1.0.9/image//usr/share/man/man3'
make[2]: Leaving directory '/tmp/portage/x11-libs/libXau-1.0.9/work/libXau-1.0.9-abi_x86_32.x86/man'
make[1]: Leaving directory '/tmp/portage/x11-libs/libXau-1.0.9/work/libXau-1.0.9-abi_x86_32.x86/man'
make[1]: Entering directory '/tmp/portage/x11-libs/libXau-1.0.9/work/libXau-1.0.9-abi_x86_32.x86'
make[2]: Entering directory '/tmp/portage/x11-libs/libXau-1.0.9/work/libXau-1.0.9-abi_x86_32.x86'
 /bin/mkdir -p '/tmp/portage/x11-libs/libXau-1.0.9/image//usr/lib'
 /bin/mkdir -p '/tmp/portage/x11-libs/libXau-1.0.9/image//usr/lib/pkgconfig'
 /bin/mkdir -p '/tmp/portage/x11-libs/libXau-1.0.9/image//usr/include/X11'
 /bin/sh ./libtool   --mode=install /tmp/portage/._portage_reinstall_.mi8935l4/bin/ebuild-helpers/xattr/install -c   libXau.la '/tmp/portage/x11-libs/libXau-1.0.9/image//usr/lib'
 /tmp/portage/._portage_reinstall_.mi8935l4/bin/ebuild-helpers/xattr/install -c -m 644 xau.pc '/tmp/portage/x11-libs/libXau-1.0.9/image//usr/lib/pkgconfig'
 /tmp/portage/._portage_reinstall_.mi8935l4/bin/ebuild-helpers/xattr/install -c -m 644 /tmp/portage/x11-libs/libXau-1.0.9/work/libXau-1.0.9/include/X11/Xauth.h '/tmp/portage/x11-libs/libXau-1.0.9/image//usr/include/X11'
libtool: install: /tmp/portage/._portage_reinstall_.mi8935l4/bin/ebuild-helpers/xattr/install -c .libs/libXau.so.6.0.0 /tmp/portage/x11-libs/libXau-1.0.9/image//usr/lib/libXau.so.6.0.0
libtool: install: (cd /tmp/portage/x11-libs/libXau-1.0.9/image//usr/lib && { ln -s -f libXau.so.6.0.0 libXau.so.6 || { rm -f libXau.so.6 && ln -s libXau.so.6.0.0 libXau.so.6; }; })
libtool: install: (cd /tmp/portage/x11-libs/libXau-1.0.9/image//usr/lib && { ln -s -f libXau.so.6.0.0 libXau.so || { rm -f libXau.so && ln -s libXau.so.6.0.0 libXau.so; }; })
libtool: install: /tmp/portage/._portage_reinstall_.mi8935l4/bin/ebuild-helpers/xattr/install -c .libs/libXau.lai /tmp/portage/x11-libs/libXau-1.0.9/image//usr/lib/libXau.la
libtool: warning: remember to run 'libtool --finish /usr/lib'
make[2]: Leaving directory '/tmp/portage/x11-libs/libXau-1.0.9/work/libXau-1.0.9-abi_x86_32.x86'
make[1]: Leaving directory '/tmp/portage/x11-libs/libXau-1.0.9/work/libXau-1.0.9-abi_x86_32.x86'
 [32;01m*[0m abi_x86_64.amd64: running multilib-minimal_abi_src_install
make -j12 DESTDIR=/tmp/portage/x11-libs/libXau-1.0.9/image/ docdir=/usr/share/doc/libXau-1.0.9 install 
Making install in man
make[1]: Entering directory '/tmp/portage/x11-libs/libXau-1.0.9/work/libXau-1.0.9-abi_x86_64.amd64/man'
make[2]: Entering directory '/tmp/portage/x11-libs/libXau-1.0.9/work/libXau-1.0.9-abi_x86_64.amd64/man'
make[2]: Nothing to be done for 'install-exec-am'.
 /bin/mkdir -p '/tmp/portage/x11-libs/libXau-1.0.9/image//usr/share/man/man3'
 /tmp/portage/._portage_reinstall_.mi8935l4/bin/ebuild-helpers/xattr/install -c -m 644 Xau.3 XauDisposeAuth.3 XauFileName.3 XauGetAuthByAddr.3 XauGetBestAuthByAddr.3 XauLockAuth.3 XauReadAuth.3 XauUnlockAuth.3 XauWriteAuth.3 '/tmp/portage/x11-libs/libXau-1.0.9/image//usr/share/man/man3'
make[2]: Leaving directory '/tmp/portage/x11-libs/libXau-1.0.9/work/libXau-1.0.9-abi_x86_64.amd64/man'
make[1]: Leaving directory '/tmp/portage/x11-libs/libXau-1.0.9/work/libXau-1.0.9-abi_x86_64.amd64/man'
make[1]: Entering directory '/tmp/portage/x11-libs/libXau-1.0.9/work/libXau-1.0.9-abi_x86_64.amd64'
make[2]: Entering directory '/tmp/portage/x11-libs/libXau-1.0.9/work/libXau-1.0.9-abi_x86_64.amd64'
 /bin/mkdir -p '/tmp/portage/x11-libs/libXau-1.0.9/image//usr/lib64'
 /bin/mkdir -p '/tmp/portage/x11-libs/libXau-1.0.9/image//usr/lib64/pkgconfig'
 /bin/mkdir -p '/tmp/portage/x11-libs/libXau-1.0.9/image//usr/include/X11'
 /bin/sh ./libtool   --mode=install /tmp/portage/._portage_reinstall_.mi8935l4/bin/ebuild-helpers/xattr/install -c   libXau.la '/tmp/portage/x11-libs/libXau-1.0.9/image//usr/lib64'
 /tmp/portage/._portage_reinstall_.mi8935l4/bin/ebuild-helpers/xattr/install -c -m 644 xau.pc '/tmp/portage/x11-libs/libXau-1.0.9/image//usr/lib64/pkgconfig'
 /tmp/portage/._portage_reinstall_.mi8935l4/bin/ebuild-helpers/xattr/install -c -m 644 /tmp/portage/x11-libs/libXau-1.0.9/work/libXau-1.0.9/include/X11/Xauth.h '/tmp/portage/x11-libs/libXau-1.0.9/image//usr/include/X11'
libtool: install: /tmp/portage/._portage_reinstall_.mi8935l4/bin/ebuild-helpers/xattr/install -c .libs/libXau.so.6.0.0 /tmp/portage/x11-libs/libXau-1.0.9/image//usr/lib64/libXau.so.6.0.0
libtool: install: (cd /tmp/portage/x11-libs/libXau-1.0.9/image//usr/lib64 && { ln -s -f libXau.so.6.0.0 libXau.so.6 || { rm -f libXau.so.6 && ln -s libXau.so.6.0.0 libXau.so.6; }; })
libtool: install: (cd /tmp/portage/x11-libs/libXau-1.0.9/image//usr/lib64 && { ln -s -f libXau.so.6.0.0 libXau.so || { rm -f libXau.so && ln -s libXau.so.6.0.0 libXau.so; }; })
libtool: install: /tmp/portage/._portage_reinstall_.mi8935l4/bin/ebuild-helpers/xattr/install -c .libs/libXau.lai /tmp/portage/x11-libs/libXau-1.0.9/image//usr/lib64/libXau.la
libtool: warning: remember to run 'libtool --finish /usr/lib64'
make[2]: Leaving directory '/tmp/portage/x11-libs/libXau-1.0.9/work/libXau-1.0.9-abi_x86_64.amd64'
make[1]: Leaving directory '/tmp/portage/x11-libs/libXau-1.0.9/work/libXau-1.0.9-abi_x86_64.amd64'
 [32;01m*[0m Removing unnecessary /usr/lib/libXau.la (no static archive)
 [32;01m*[0m Removing unnecessary /usr/lib64/libXau.la (no static archive)
>>> Completed installing x11-libs/libXau-1.0.9 into /tmp/portage/x11-libs/libXau-1.0.9/image/

 [32;01m*[0m Final size of build directory: 3240 KiB (3.1 MiB)
 [32;01m*[0m Final size of installed tree:   188 KiB

strip: x86_64-pc-linux-gnu-strip --strip-unneeded -N __gentoo_check_ldflags__ -R .comment -R .GCC.command.line -R .note.gnu.gold-version
   /usr/lib64/libXau.so.6.0.0
   /usr/lib/libXau.so.6.0.0
./
./usr/
./usr/lib/
./usr/lib/libXau.so.6
./usr/lib/libXau.so.6.0.0
./usr/lib/libXau.so
./usr/lib/pkgconfig/
./usr/lib/pkgconfig/xau.pc
./usr/lib/debug/
./usr/lib/debug/usr/
./usr/lib/debug/usr/lib/
./usr/lib/debug/usr/lib/libXau.so.6.0.0.debug
./usr/lib/debug/usr/lib64/
./usr/lib/debug/usr/lib64/libXau.so.6.0.0.debug
./usr/include/
./usr/include/X11/
./usr/include/X11/Xauth.h
./usr/share/
./usr/share/man/
./usr/share/man/man3/
./usr/share/man/man3/XauLockAuth.3
./usr/share/man/man3/XauGetAuthByAddr.3
./usr/share/man/man3/XauFileName.3
./usr/share/man/man3/Xau.3.bz2
./usr/share/man/man3/XauUnlockAuth.3
./usr/share/man/man3/XauDisposeAuth.3
./usr/share/man/man3/XauReadAuth.3
./usr/share/man/man3/XauGetBestAuthByAddr.3
./usr/share/man/man3/XauWriteAuth.3
./usr/share/doc/
./usr/share/doc/libXau-1.0.9/
./usr/share/doc/libXau-1.0.9/README.bz2
./usr/share/doc/libXau-1.0.9/ChangeLog.bz2
./usr/share/doc/libXau-1.0.9/AUTHORS
./usr/lib64/
./usr/lib64/libXau.so.6
./usr/lib64/libXau.so.6.0.0
./usr/lib64/libXau.so
./usr/lib64/pkgconfig/
./usr/lib64/pkgconfig/xau.pc
>>> Done.
 [32;01m*[39;49;00m checking 23 files for package collisions
>>> Merging x11-libs/libXau-1.0.9 to /
--- /usr/
--- /usr/lib64/
--- /usr/lib64/pkgconfig/
>>> /usr/lib64/pkgconfig/xau.pc
>>> /usr/lib64/libXau.so.6.0.0
>>> /usr/lib64/libXau.so.6 -> libXau.so.6.0.0
--- /usr/share/
--- /usr/share/doc/
>>> /usr/share/doc/libXau-1.0.9/
>>> /usr/share/doc/libXau-1.0.9/AUTHORS
>>> /usr/share/doc/libXau-1.0.9/ChangeLog.bz2
>>> /usr/share/doc/libXau-1.0.9/README.bz2
--- /usr/share/man/
--- /usr/share/man/man3/
>>> /usr/share/man/man3/XauWriteAuth.3
>>> /usr/share/man/man3/XauGetBestAuthByAddr.3
>>> /usr/share/man/man3/XauReadAuth.3
>>> /usr/share/man/man3/XauDisposeAuth.3
>>> /usr/share/man/man3/XauUnlockAuth.3
>>> /usr/share/man/man3/Xau.3.bz2
>>> /usr/share/man/man3/XauFileName.3
>>> /usr/share/man/man3/XauGetAuthByAddr.3
>>> /usr/share/man/man3/XauLockAuth.3
--- /usr/include/
--- /usr/include/X11/
>>> /usr/include/X11/Xauth.h
--- /usr/lib/
--- /usr/lib/debug/
--- /usr/lib/debug/usr/
--- /usr/lib/debug/usr/lib64/
>>> /usr/lib/debug/usr/lib64/libXau.so.6.0.0.debug
--- /usr/lib/debug/usr/lib/
>>> /usr/lib/debug/usr/lib/libXau.so.6.0.0.debug
--- /usr/lib/pkgconfig/
>>> /usr/lib/pkgconfig/xau.pc
>>> /usr/lib/libXau.so.6.0.0
>>> /usr/lib/libXau.so.6 -> libXau.so.6.0.0
>>> /usr/lib/libXau.so -> libXau.so.6.0.0
>>> /usr/lib64/libXau.so -> libXau.so.6.0.0
>>> x11-libs/libXau-1.0.9 merged.
>>> Regenerating /etc/ld.so.cache...
