>>> Extracting info
 * Package:    x11-libs/xtrans-1.4.0
 * Repository: gentoo
 * USE:        abi_x86_64 elibc_glibc kernel_linux userland_GNU amd64
 * FEATURES:   network-sandbox preserve-libs sandbox userpriv usersandbox
 * FEATURES='assume-digests binpkg-docompress binpkg-dostrip binpkg-logs binpkg-multi-instance buildpkg compress-index config-protect-if-modified distlocks downgrade-backup fixlafiles ipc-sandbox merge-sync multilib-strict network-sandbox news nodoc parallel-fetch parallel-install pid-sandbox preserve-libs qa-unresolved-soname-deps sandbox sfperms strict unknown-features-warn unmerge-backup unmerge-logs unmerge-orphans userfetch userpriv usersandbox usersync xattr'
 * CFLAGS='-march=native -O3 -fgraphite-identity -floop-nest-optimize -fdevirtualize-at-ltrans -fipa-pta -fno-semantic-interposition -flto=12 -fno-plt -fno-math-errno -fno-trapping-math -fuse-linker-plugin -pipe -g0 -falign-functions=32 -Wl,-O1 -Wl,--as-needed -Wl,--hash-style=gnu,-z,norelro,--as-needed'
 * CXXFLAGS='-march=native -O3 -fgraphite-identity -floop-nest-optimize -fdevirtualize-at-ltrans -fipa-pta -fno-semantic-interposition -flto=12 -fno-plt -fno-math-errno -fno-trapping-math -fuse-linker-plugin -pipe -g0 -falign-functions=32 -Wl,-O1 -Wl,--as-needed -Wl,--hash-style=gnu,-z,norelro,--as-needed'
 * FFLAGS='-march=native -O3 -fgraphite-identity -floop-nest-optimize -fdevirtualize-at-ltrans -fipa-pta -fno-semantic-interposition -flto=12 -fno-plt -fno-math-errno -fno-trapping-math -fuse-linker-plugin -pipe -g0 -falign-functions=32 -Wl,-O1 -Wl,--as-needed -Wl,--hash-style=gnu,-z,norelro,--as-needed'
 * FCFLAGS='-march=native -O3 -fgraphite-identity -floop-nest-optimize -fdevirtualize-at-ltrans -fipa-pta -fno-semantic-interposition -flto=12 -fno-plt -fno-math-errno -fno-trapping-math -fuse-linker-plugin -pipe -g0 -falign-functions=32 -Wl,-O1 -Wl,--as-needed -Wl,--hash-style=gnu,-z,norelro,--as-needed'
 * F77FLAGS='-march=native -O3 -fgraphite-identity -floop-nest-optimize -fdevirtualize-at-ltrans -fipa-pta -fno-semantic-interposition -flto=12 -fno-plt -fno-math-errno -fno-trapping-math -fuse-linker-plugin -pipe -g0 -falign-functions=32 -Wl,-O1 -Wl,--as-needed -Wl,--hash-style=gnu,-z,norelro,--as-needed'
 * LDFLAGS='-Wl,-O1 -Wl,--as-needed -Wl,--hash-style=gnu,-z,norelro,--as-needed -march=native -O3 -fgraphite-identity -floop-nest-optimize -fdevirtualize-at-ltrans -fipa-pta -fno-semantic-interposition -flto=12 -fno-plt -fno-math-errno -fno-trapping-math -fuse-linker-plugin -pipe -g0 -falign-functions=32'
 * MAKEOPTS='-j12 -l12'
 * gcc () 11.0.0 20200526 (experimental)
 * g++ () 11.0.0 20200526 (experimental)
 * GNU ld (Gentoo 2.34 p4) 2.34.0
 * Linux ryzen.gnum.org 5.4.36 #1 SMP Thu Apr 30 04:38:28 UTC 2020 x86_64 AMD Ryzen 5 3600 6-Core Processor AuthenticAMD GNU/Linux
x11-libs/xtrans: 8 seconds average for 8 merges
2020-05-15T07:38:02 >>> x11-libs/xtrans: 10 seconds
2020-05-20T01:07:04 >>> x11-libs/xtrans: 5 seconds
2020-05-21T06:07:14 >>> x11-libs/xtrans: 6 seconds
2020-05-25T03:12:27 >>> x11-libs/xtrans: 5 seconds
2020-05-25T20:43:59 >>> x11-libs/xtrans: 16 seconds
2020-05-26T13:59:31 >>> x11-libs/xtrans: 9 seconds
2020-05-27T01:38:44 >>> x11-libs/xtrans: 6 seconds
2020-05-28T14:24:16 >>> x11-libs/xtrans: 10 seconds
]0;emerge 01:45:35 128|557 xtrans 00:08 (root@ryzen.gnum.org)>>> Extracting x11-libs/xtrans-1.4.0
 * checking 9 files for package collisions
>>> Merging x11-libs/xtrans-1.4.0 to /
 * removing unneeded *.la files
--- /usr/
--- /usr/share/
--- /usr/share/pkgconfig/
>>> /usr/share/pkgconfig/xtrans.pc
--- /usr/share/aclocal/
>>> /usr/share/aclocal/xtrans.m4
--- /usr/include/
--- /usr/include/X11/
--- /usr/include/X11/Xtrans/
>>> /usr/include/X11/Xtrans/Xtransint.h
>>> /usr/include/X11/Xtrans/Xtranslcl.c
>>> /usr/include/X11/Xtrans/Xtrans.c
>>> /usr/include/X11/Xtrans/Xtranssock.c
>>> /usr/include/X11/Xtrans/Xtransutil.c
>>> /usr/include/X11/Xtrans/Xtrans.h
>>> /usr/include/X11/Xtrans/transport.c
>>> Safely unmerging already-installed instance...
>>> Original instance of package unmerged safely.
>>> x11-libs/xtrans-1.4.0 merged.
