[32;01m * [39;49;00mPackage:    x11-misc/xdg-utils-1.1.3_p20200220
[32;01m * [39;49;00mRepository: gentoo
[32;01m * [39;49;00mMaintainer: freedesktop-bugs@gentoo.org
[32;01m * [39;49;00mUSE:        abi_x86_64 amd64 elibc_glibc kernel_linux userland_GNU
[32;01m * [39;49;00mFEATURES:   network-sandbox preserve-libs sandbox userpriv usersandbox
>>> Unpacking source...
>>> Unpacking xdg-utils-1.1.3_p20200220.tar.bz2 to /tmp/portage/x11-misc/xdg-utils-1.1.3_p20200220/work
>>> Source unpacked in /tmp/portage/x11-misc/xdg-utils-1.1.3_p20200220/work
>>> Preparing source in /tmp/portage/x11-misc/xdg-utils-1.1.3_p20200220/work/xdg-utils-9816ebb3e6fd9f23e993b8b7fcbd56f92d9c9197 ...
 [32;01m*[0m Running eautoreconf in '/tmp/portage/x11-misc/xdg-utils-1.1.3_p20200220/work/xdg-utils-9816ebb3e6fd9f23e993b8b7fcbd56f92d9c9197' ...
 [32;01m*[0m Running aclocal ...
[A[263C [34;01m[ [32;01mok[34;01m ][0m
 [32;01m*[0m Running autoconf --force ...
[A[263C [34;01m[ [32;01mok[34;01m ][0m
 * Running elibtoolize in: xdg-utils-9816ebb3e6fd9f23e993b8b7fcbd56f92d9c9197/
>>> Source prepared.
>>> Configuring source in /tmp/portage/x11-misc/xdg-utils-1.1.3_p20200220/work/xdg-utils-9816ebb3e6fd9f23e993b8b7fcbd56f92d9c9197 ...
./configure --prefix=/usr --build=x86_64-pc-linux-gnu --host=x86_64-pc-linux-gnu --mandir=/usr/share/man --infodir=/usr/share/info --datadir=/usr/share --sysconfdir=/etc --localstatedir=/var/lib --docdir=/usr/share/doc/xdg-utils-1.1.3_p20200220 --htmldir=/usr/share/doc/xdg-utils-1.1.3_p20200220/html --libdir=/usr/lib64
checking whether make sets $(MAKE)... yes
checking for a BSD-compatible install... /tmp/portage/._portage_reinstall_.4ibtnseq/bin/ebuild-helpers/xattr/install -c
checking for xmlto... (cached) /usr/bin/xmlto --skip-validation
configure: creating ./config.status
config.status: creating Makefile
config.status: creating scripts/Makefile
config.status: WARNING:  'scripts/Makefile.in' seems to ignore the --datarootdir setting
config.status: creating tests/Makefile
config.status: WARNING:  'tests/Makefile.in' seems to ignore the --datarootdir setting
config.status: creating autotests/Makefile
make -j12 -C scripts scripts-clean 
make: Entering directory '/tmp/portage/x11-misc/xdg-utils-1.1.3_p20200220/work/xdg-utils-9816ebb3e6fd9f23e993b8b7fcbd56f92d9c9197/scripts'
rm -f xdg-desktop-menu xdg-desktop-icon xdg-mime xdg-icon-resource xdg-open xdg-email xdg-screensaver xdg-settings README
make: Leaving directory '/tmp/portage/x11-misc/xdg-utils-1.1.3_p20200220/work/xdg-utils-9816ebb3e6fd9f23e993b8b7fcbd56f92d9c9197/scripts'
>>> Source configured.
>>> Compiling source in /tmp/portage/x11-misc/xdg-utils-1.1.3_p20200220/work/xdg-utils-9816ebb3e6fd9f23e993b8b7fcbd56f92d9c9197 ...
make -j12 
make[1]: Entering directory '/tmp/portage/x11-misc/xdg-utils-1.1.3_p20200220/work/xdg-utils-9816ebb3e6fd9f23e993b8b7fcbd56f92d9c9197/autotests'
make[1]: Nothing to be done for 'all'.
make[1]: Leaving directory '/tmp/portage/x11-misc/xdg-utils-1.1.3_p20200220/work/xdg-utils-9816ebb3e6fd9f23e993b8b7fcbd56f92d9c9197/autotests'
make[1]: Entering directory '/tmp/portage/x11-misc/xdg-utils-1.1.3_p20200220/work/xdg-utils-9816ebb3e6fd9f23e993b8b7fcbd56f92d9c9197/tests'
make[1]: Nothing to be done for 'all'.
make[1]: Leaving directory '/tmp/portage/x11-misc/xdg-utils-1.1.3_p20200220/work/xdg-utils-9816ebb3e6fd9f23e993b8b7fcbd56f92d9c9197/tests'
make[1]: Entering directory '/tmp/portage/x11-misc/xdg-utils-1.1.3_p20200220/work/xdg-utils-9816ebb3e6fd9f23e993b8b7fcbd56f92d9c9197/scripts'
(cat html/index.html.pre; \
         xsltproc xsl/refentry2htmlindex.xsl desc/xdg-desktop-menu.xml desc/xdg-desktop-icon.xml desc/xdg-mime.xml desc/xdg-icon-resource.xml desc/xdg-open.xml desc/xdg-email.xml desc/xdg-screensaver.xml desc/xdg-settings.xml; \
         cat html/index.html.post ) > html/index.html
(cd html;/usr/bin/xmlto --skip-validation html-nochunks ../desc/xdg-desktop-menu.xml)
(cd html;/usr/bin/xmlto --skip-validation html-nochunks ../desc/xdg-desktop-icon.xml)
(cd html;/usr/bin/xmlto --skip-validation html-nochunks ../desc/xdg-mime.xml)
(cd html;/usr/bin/xmlto --skip-validation html-nochunks ../desc/xdg-icon-resource.xml)
(cd html;/usr/bin/xmlto --skip-validation html-nochunks ../desc/xdg-open.xml)
(cd html;/usr/bin/xmlto --skip-validation html-nochunks ../desc/xdg-email.xml)
(cd html;/usr/bin/xmlto --skip-validation html-nochunks ../desc/xdg-screensaver.xml)
(cd html;/usr/bin/xmlto --skip-validation html-nochunks ../desc/xdg-settings.xml)
(cd man;/usr/bin/xmlto --skip-validation man ../desc/xdg-desktop-menu.xml)
(cd man;/usr/bin/xmlto --skip-validation man ../desc/xdg-desktop-icon.xml)
(cd man;/usr/bin/xmlto --skip-validation man ../desc/xdg-mime.xml)
(cd man;/usr/bin/xmlto --skip-validation man ../desc/xdg-icon-resource.xml)
Warn: AUTHOR sect.: no personblurb|contrib for Kevin Krammer       xdg-mime
Note: AUTHOR sect.: see http://docbook.sf.net/el/contrib           xdg-mime
Note: AUTHOR sect.: see http://docbook.sf.net/el/personblurb       xdg-mime
Warn: AUTHOR sect.: no personblurb|contrib for Jeremy White        xdg-mime
Note: AUTHOR sect.: see http://docbook.sf.net/el/contrib           xdg-mime
Note: AUTHOR sect.: see http://docbook.sf.net/el/personblurb       xdg-mime
Warn: AUTHOR sect.: no personblurb|contrib for Kevin Krammer       xdg-desktop-icon
Note: AUTHOR sect.: see http://docbook.sf.net/el/contrib           xdg-desktop-icon
Note: AUTHOR sect.: see http://docbook.sf.net/el/personblurb       xdg-desktop-icon
Warn: AUTHOR sect.: no personblurb|contrib for Jeremy White        xdg-desktop-icon
Note: AUTHOR sect.: see http://docbook.sf.net/el/contrib           xdg-desktop-icon
Note: AUTHOR sect.: see http://docbook.sf.net/el/personblurb       xdg-desktop-icon
Warn: AUTHOR sect.: no personblurb|contrib for Kevin Krammer       xdg-desktop-menu
Note: AUTHOR sect.: see http://docbook.sf.net/el/contrib           xdg-desktop-menu
Note: AUTHOR sect.: see http://docbook.sf.net/el/personblurb       xdg-desktop-menu
Warn: AUTHOR sect.: no personblurb|contrib for Jeremy White        xdg-desktop-menu
Note: AUTHOR sect.: see http://docbook.sf.net/el/contrib           xdg-desktop-menu
Note: AUTHOR sect.: see http://docbook.sf.net/el/personblurb       xdg-desktop-menu
(cd man;/usr/bin/xmlto --skip-validation man ../desc/xdg-open.xml)
(cd man;/usr/bin/xmlto --skip-validation man ../desc/xdg-email.xml)
(cd man;/usr/bin/xmlto --skip-validation man ../desc/xdg-screensaver.xml)
(cd man;/usr/bin/xmlto --skip-validation man ../desc/xdg-settings.xml)
/usr/bin/xmlto --skip-validation txt desc/xdg-desktop-menu.xml
/usr/bin/xmlto --skip-validation txt desc/xdg-desktop-icon.xml
/usr/bin/xmlto --skip-validation txt desc/xdg-mime.xml
/usr/bin/xmlto --skip-validation txt desc/xdg-icon-resource.xml
Warn: AUTHOR sect.: no personblurb|contrib for Kevin Krammer       xdg-icon-resource
Note: AUTHOR sect.: see http://docbook.sf.net/el/contrib           xdg-icon-resource
Note: AUTHOR sect.: see http://docbook.sf.net/el/personblurb       xdg-icon-resource
Warn: AUTHOR sect.: no personblurb|contrib for Jeremy White        xdg-icon-resource
Note: AUTHOR sect.: see http://docbook.sf.net/el/contrib           xdg-icon-resource
Note: AUTHOR sect.: see http://docbook.sf.net/el/personblurb       xdg-icon-resource
Note: Writing xdg-desktop-icon.1
Note: Writing xdg-mime.1
/usr/bin/xmlto --skip-validation txt desc/xdg-open.xml
Warn: AUTHOR sect.: no personblurb|contrib for Kevin Krammer       xdg-open
Note: AUTHOR sect.: see http://docbook.sf.net/el/contrib           xdg-open
Note: AUTHOR sect.: see http://docbook.sf.net/el/personblurb       xdg-open
Warn: AUTHOR sect.: no personblurb|contrib for Jeremy White        xdg-open
Note: AUTHOR sect.: see http://docbook.sf.net/el/contrib           xdg-open
Note: AUTHOR sect.: see http://docbook.sf.net/el/personblurb       xdg-open
Warn: AUTHOR sect.: no personblurb|contrib for Bryce Harrington    xdg-screensaver
Note: AUTHOR sect.: see http://docbook.sf.net/el/contrib           xdg-screensaver
Note: AUTHOR sect.: see http://docbook.sf.net/el/personblurb       xdg-screensaver
/usr/bin/xmlto --skip-validation txt desc/xdg-email.xml
Warn: AUTHOR sect.: no personblurb|contrib for Kevin Krammer       xdg-email
Note: AUTHOR sect.: see http://docbook.sf.net/el/contrib           xdg-email
Note: AUTHOR sect.: see http://docbook.sf.net/el/personblurb       xdg-email
Warn: AUTHOR sect.: no personblurb|contrib for Mike Mammarella     xdg-settings
Note: AUTHOR sect.: see http://docbook.sf.net/el/contrib           xdg-settings
Note: AUTHOR sect.: see http://docbook.sf.net/el/personblurb       xdg-settings
Warn: AUTHOR sect.: no personblurb|contrib for Jeremy White        xdg-email
Note: AUTHOR sect.: see http://docbook.sf.net/el/contrib           xdg-email
Note: AUTHOR sect.: see http://docbook.sf.net/el/personblurb       xdg-email
Note: Writing xdg-desktop-menu.1
/usr/bin/xmlto --skip-validation txt desc/xdg-screensaver.xml
/usr/bin/xmlto --skip-validation txt desc/xdg-settings.xml
awk -f generate-help-script.awk xdg-desktop-menu.in | sed -e 's/@NAME@/'xdg-desktop-menu'/g' > xdg-desktop-menu
awk -f generate-help-script.awk xdg-mime.in | sed -e 's/@NAME@/'xdg-mime'/g' > xdg-mime
chmod a+x xdg-desktop-menu
awk -f generate-help-script.awk xdg-icon-resource.in | sed -e 's/@NAME@/'xdg-icon-resource'/g' > xdg-icon-resource
chmod a+x xdg-mime
awk -f generate-help-script.awk xdg-desktop-icon.in | sed -e 's/@NAME@/'xdg-desktop-icon'/g' > xdg-desktop-icon
chmod a+x xdg-icon-resource
chmod a+x xdg-desktop-icon
Note: Writing xdg-icon-resource.1
Note: Writing xdg-open.1
Note: Writing xdg-screensaver.1
Note: Writing xdg-settings.1
Note: Writing xdg-email.1
awk -f generate-help-script.awk xdg-open.in | sed -e 's/@NAME@/'xdg-open'/g' > xdg-open
chmod a+x xdg-open
awk -f generate-help-script.awk xdg-email.in | sed -e 's/@NAME@/'xdg-email'/g' > xdg-email
chmod a+x xdg-email
awk -f generate-help-script.awk xdg-settings.in | sed -e 's/@NAME@/'xdg-settings'/g' > xdg-settings
chmod a+x xdg-settings
awk -f generate-help-script.awk xdg-screensaver.in | sed -e 's/@NAME@/'xdg-screensaver'/g' > xdg-screensaver
chmod a+x xdg-screensaver
echo > README
rm xdg-mime.txt xdg-email.txt xdg-desktop-menu.txt xdg-screensaver.txt xdg-open.txt xdg-desktop-icon.txt xdg-icon-resource.txt xdg-settings.txt
make[1]: Leaving directory '/tmp/portage/x11-misc/xdg-utils-1.1.3_p20200220/work/xdg-utils-9816ebb3e6fd9f23e993b8b7fcbd56f92d9c9197/scripts'
>>> Source compiled.
 [32;01m*[0m Skipping make test/check due to ebuild restriction.
>>> Test phase [disabled because of RESTRICT=test]: x11-misc/xdg-utils-1.1.3_p20200220

>>> Install x11-misc/xdg-utils-1.1.3_p20200220 into /tmp/portage/x11-misc/xdg-utils-1.1.3_p20200220/image
make -j12 DESTDIR=/tmp/portage/x11-misc/xdg-utils-1.1.3_p20200220/image install 
cd `dirname scripts/__install__` && make install
cd `dirname tests/__install__` && make install
cd `dirname autotests/__install__` && make install
make[1]: Entering directory '/tmp/portage/x11-misc/xdg-utils-1.1.3_p20200220/work/xdg-utils-9816ebb3e6fd9f23e993b8b7fcbd56f92d9c9197/tests'
make[1]: Nothing to be done for 'install'.
make[1]: Leaving directory '/tmp/portage/x11-misc/xdg-utils-1.1.3_p20200220/work/xdg-utils-9816ebb3e6fd9f23e993b8b7fcbd56f92d9c9197/tests'
make[1]: Entering directory '/tmp/portage/x11-misc/xdg-utils-1.1.3_p20200220/work/xdg-utils-9816ebb3e6fd9f23e993b8b7fcbd56f92d9c9197/autotests'
make[1]: Nothing to be done for 'install'.
make[1]: Leaving directory '/tmp/portage/x11-misc/xdg-utils-1.1.3_p20200220/work/xdg-utils-9816ebb3e6fd9f23e993b8b7fcbd56f92d9c9197/autotests'
make[1]: Entering directory '/tmp/portage/x11-misc/xdg-utils-1.1.3_p20200220/work/xdg-utils-9816ebb3e6fd9f23e993b8b7fcbd56f92d9c9197/scripts'
mkdir -p /tmp/portage/x11-misc/xdg-utils-1.1.3_p20200220/image/usr/bin
for x in xdg-desktop-menu xdg-desktop-icon xdg-mime xdg-icon-resource xdg-open xdg-email xdg-screensaver xdg-settings ; do \
    /tmp/portage/._portage_reinstall_.4ibtnseq/bin/ebuild-helpers/xattr/install -c   $x /tmp/portage/x11-misc/xdg-utils-1.1.3_p20200220/image/usr/bin ; \
done
mkdir -p /tmp/portage/x11-misc/xdg-utils-1.1.3_p20200220/image/usr/share/man
mkdir -p /tmp/portage/x11-misc/xdg-utils-1.1.3_p20200220/image/usr/share/man/man1
for x in man/xdg-desktop-menu.1 man/xdg-desktop-icon.1 man/xdg-mime.1 man/xdg-icon-resource.1 man/xdg-open.1 man/xdg-email.1 man/xdg-screensaver.1 man/xdg-settings.1 ; do \
    if [ -f $x ]; then \
        /tmp/portage/._portage_reinstall_.4ibtnseq/bin/ebuild-helpers/xattr/install -c  -m 644  $x /tmp/portage/x11-misc/xdg-utils-1.1.3_p20200220/image/usr/share/man/man1 ; \
    fi ; \
done
make[1]: Leaving directory '/tmp/portage/x11-misc/xdg-utils-1.1.3_p20200220/work/xdg-utils-9816ebb3e6fd9f23e993b8b7fcbd56f92d9c9197/scripts'
>>> Completed installing x11-misc/xdg-utils-1.1.3_p20200220 into /tmp/portage/x11-misc/xdg-utils-1.1.3_p20200220/image

 [32;01m*[0m Final size of build directory: 2136 KiB (2.0 MiB)
 [32;01m*[0m Final size of installed tree:   444 KiB

./
./usr/
./usr/bin/
./usr/bin/xdg-screensaver
./usr/bin/xdg-desktop-icon
./usr/bin/xdg-email
./usr/bin/xdg-desktop-menu
./usr/bin/xdg-mime
./usr/bin/xdg-icon-resource
./usr/bin/xdg-open
./usr/bin/xdg-settings
./usr/share/
./usr/share/man/
./usr/share/man/man1/
./usr/share/man/man1/xdg-email.1.bz2
./usr/share/man/man1/xdg-open.1.bz2
./usr/share/man/man1/xdg-mime.1.bz2
./usr/share/man/man1/xdg-settings.1.bz2
./usr/share/man/man1/xdg-screensaver.1.bz2
./usr/share/man/man1/xdg-desktop-menu.1.bz2
./usr/share/man/man1/xdg-desktop-icon.1.bz2
./usr/share/man/man1/xdg-icon-resource.1.bz2
./usr/share/doc/
./usr/share/doc/xdg-utils-1.1.3_p20200220/
./usr/share/doc/xdg-utils-1.1.3_p20200220/TODO.bz2
./usr/share/doc/xdg-utils-1.1.3_p20200220/README.bz2
./usr/share/doc/xdg-utils-1.1.3_p20200220/ChangeLog.bz2
./usr/share/doc/xdg-utils-1.1.3_p20200220/README.xsl.bz2
./usr/share/doc/xdg-utils-1.1.3_p20200220/RELEASE_NOTES.bz2
./etc/
./etc/env.d/
./etc/env.d/30xdg-data-local
./etc/env.d/90xdg-data-base
>>> Done.
 [32;01m*[39;49;00m checking 23 files for package collisions
>>> Merging x11-misc/xdg-utils-1.1.3_p20200220 to /
--- /etc/
--- /etc/env.d/
>>> /etc/env.d/90xdg-data-base
>>> /etc/env.d/30xdg-data-local
--- /usr/
--- /usr/share/
--- /usr/share/doc/
>>> /usr/share/doc/xdg-utils-1.1.3_p20200220/
>>> /usr/share/doc/xdg-utils-1.1.3_p20200220/RELEASE_NOTES.bz2
>>> /usr/share/doc/xdg-utils-1.1.3_p20200220/README.xsl.bz2
>>> /usr/share/doc/xdg-utils-1.1.3_p20200220/ChangeLog.bz2
>>> /usr/share/doc/xdg-utils-1.1.3_p20200220/README.bz2
>>> /usr/share/doc/xdg-utils-1.1.3_p20200220/TODO.bz2
--- /usr/share/man/
--- /usr/share/man/man1/
>>> /usr/share/man/man1/xdg-icon-resource.1.bz2
>>> /usr/share/man/man1/xdg-desktop-icon.1.bz2
>>> /usr/share/man/man1/xdg-desktop-menu.1.bz2
>>> /usr/share/man/man1/xdg-screensaver.1.bz2
>>> /usr/share/man/man1/xdg-settings.1.bz2
>>> /usr/share/man/man1/xdg-mime.1.bz2
>>> /usr/share/man/man1/xdg-open.1.bz2
>>> /usr/share/man/man1/xdg-email.1.bz2
--- /usr/bin/
>>> /usr/bin/xdg-settings
>>> /usr/bin/xdg-open
>>> /usr/bin/xdg-icon-resource
>>> /usr/bin/xdg-mime
>>> /usr/bin/xdg-desktop-menu
>>> /usr/bin/xdg-email
>>> /usr/bin/xdg-desktop-icon
>>> /usr/bin/xdg-screensaver
 [32;01m*[0m Install dev-util/gtk-update-icon-cache for the gtk-update-icon-cache command.
>>> x11-misc/xdg-utils-1.1.3_p20200220 merged.
>>> Regenerating /etc/ld.so.cache...
