>>> needed   sym /usr/lib64/libxkbfile.so.1
>>> needed   obj /usr/lib64/libxkbfile.so.1.0.2
No package files given... Grabbing a set.
<<<          obj /usr/lib64/pkgconfig/xkbfile.pc
<<<          sym /usr/lib64/libxkbfile.so
<<<          obj /usr/lib/debug/usr/lib64/libxkbfile.so.1.0.2.debug
<<<          obj /usr/include/X11/extensions/XKMformat.h
<<<          obj /usr/include/X11/extensions/XKM.h
<<<          obj /usr/include/X11/extensions/XKBrules.h
<<<          obj /usr/include/X11/extensions/XKBfile.h
<<<          obj /usr/include/X11/extensions/XKBconfig.h
<<<          obj /usr/include/X11/extensions/XKBbells.h
--- !empty   dir /usr/lib64/pkgconfig
--- !empty   dir /usr/lib64
--- !empty   dir /usr/lib/debug/usr/lib64
--- !empty   dir /usr/lib/debug/usr
--- !empty   dir /usr/lib/debug
--- !empty   dir /usr/lib
--- !empty   dir /usr/include/X11/extensions
--- !empty   dir /usr/include/X11
--- !empty   dir /usr/include
--- !empty   dir /usr
>>> Regenerating /etc/ld.so.cache...
