[32;01m * [39;49;00mPackage:    x11-libs/libXpm-3.5.13
[32;01m * [39;49;00mRepository: gentoo
[32;01m * [39;49;00mMaintainer: x11@gentoo.org
[32;01m * [39;49;00mUSE:        abi_x86_64 amd64 elibc_glibc kernel_linux userland_GNU
[32;01m * [39;49;00mFEATURES:   network-sandbox preserve-libs sandbox splitdebug test userpriv usersandbox
>>> Unpacking source...
>>> Unpacking libXpm-3.5.13.tar.bz2 to /tmp/portage/x11-libs/libXpm-3.5.13/work
>>> Source unpacked in /tmp/portage/x11-libs/libXpm-3.5.13/work
>>> Preparing source in /tmp/portage/x11-libs/libXpm-3.5.13/work/libXpm-3.5.13 ...
 * Running elibtoolize in: libXpm-3.5.13/
 *   Applying portage/1.2.0 patch ...
 *   Applying sed/1.5.6 patch ...
 *   Applying as-needed/2.4.3 patch ...
 *   Applying ppc64le/2.4.4 patch ...
>>> Source prepared.
>>> Configuring source in /tmp/portage/x11-libs/libXpm-3.5.13/work/libXpm-3.5.13 ...
 [32;01m*[0m abi_x86_64.amd64: running multilib-minimal_abi_src_configure
 * econf: updating libXpm-3.5.13/config.guess with /usr/share/gnuconfig/config.guess
 * econf: updating libXpm-3.5.13/config.sub with /usr/share/gnuconfig/config.sub
/tmp/portage/x11-libs/libXpm-3.5.13/work/libXpm-3.5.13/configure --prefix=/usr --build=x86_64-pc-linux-gnu --host=x86_64-pc-linux-gnu --mandir=/usr/share/man --infodir=/usr/share/info --datadir=/usr/share --sysconfdir=/etc --localstatedir=/var/lib --disable-dependency-tracking --disable-silent-rules --docdir=/usr/share/doc/libXpm-3.5.13 --htmldir=/usr/share/doc/libXpm-3.5.13/html --with-sysroot=/ --libdir=/usr/lib64 --disable-selective-werror --enable-shared --disable-static
checking for a BSD-compatible install... /tmp/portage/._portage_reinstall_.mi8935l4/bin/ebuild-helpers/xattr/install -c
checking whether build environment is sane... yes
checking for a thread-safe mkdir -p... /bin/mkdir -p
checking for gawk... gawk
checking whether make sets $(MAKE)... yes
checking whether make supports nested variables... yes
checking build system type... x86_64-pc-linux-gnu
checking host system type... x86_64-pc-linux-gnu
checking how to print strings... printf
checking whether make supports the include directive... yes (GNU style)
checking for x86_64-pc-linux-gnu-gcc... x86_64-pc-linux-gnu-gcc
checking whether the C compiler works... yes
checking for C compiler default output file name... a.out
checking for suffix of executables... 
checking whether we are cross compiling... no
checking for suffix of object files... o
checking whether we are using the GNU C compiler... yes
checking whether x86_64-pc-linux-gnu-gcc accepts -g... yes
checking for x86_64-pc-linux-gnu-gcc option to accept ISO C89... none needed
checking whether x86_64-pc-linux-gnu-gcc understands -c and -o together... yes
checking dependency style of x86_64-pc-linux-gnu-gcc... none
checking for a sed that does not truncate output... /bin/sed
checking for grep that handles long lines and -e... /bin/grep
checking for egrep... /bin/grep -E
checking for fgrep... /bin/grep -F
checking for ld used by x86_64-pc-linux-gnu-gcc... /usr/x86_64-pc-linux-gnu/bin/ld
checking if the linker (/usr/x86_64-pc-linux-gnu/bin/ld) is GNU ld... yes
checking for BSD- or MS-compatible name lister (nm)... /usr/bin/x86_64-pc-linux-gnu-nm -B
checking the name lister (/usr/bin/x86_64-pc-linux-gnu-nm -B) interface... BSD nm
checking whether ln -s works... yes
checking the maximum length of command line arguments... 1572864
checking how to convert x86_64-pc-linux-gnu file names to x86_64-pc-linux-gnu format... func_convert_file_noop
checking how to convert x86_64-pc-linux-gnu file names to toolchain format... func_convert_file_noop
checking for /usr/x86_64-pc-linux-gnu/bin/ld option to reload object files... -r
checking for x86_64-pc-linux-gnu-objdump... x86_64-pc-linux-gnu-objdump
checking how to recognize dependent libraries... pass_all
checking for x86_64-pc-linux-gnu-dlltool... no
checking for dlltool... no
checking how to associate runtime and link libraries... printf %s\n
checking for x86_64-pc-linux-gnu-ar... x86_64-pc-linux-gnu-ar
checking for archiver @FILE support... @
checking for x86_64-pc-linux-gnu-strip... x86_64-pc-linux-gnu-strip
checking for x86_64-pc-linux-gnu-ranlib... x86_64-pc-linux-gnu-ranlib
checking command to parse /usr/bin/x86_64-pc-linux-gnu-nm -B output from x86_64-pc-linux-gnu-gcc object... ok
checking for sysroot... /
checking for a working dd... /bin/dd
checking how to truncate binary pipes... /bin/dd bs=4096 count=1
checking for x86_64-pc-linux-gnu-mt... no
checking for mt... no
checking if : is a manifest tool... no
checking how to run the C preprocessor... x86_64-pc-linux-gnu-gcc -E
checking for ANSI C header files... yes
checking for sys/types.h... yes
checking for sys/stat.h... yes
checking for stdlib.h... yes
checking for string.h... yes
checking for memory.h... yes
checking for strings.h... yes
checking for inttypes.h... yes
checking for stdint.h... yes
checking for unistd.h... yes
checking for dlfcn.h... yes
checking for objdir... .libs
checking if x86_64-pc-linux-gnu-gcc supports -fno-rtti -fno-exceptions... no
checking for x86_64-pc-linux-gnu-gcc option to produce PIC... -fPIC -DPIC
checking if x86_64-pc-linux-gnu-gcc PIC flag -fPIC -DPIC works... yes
checking if x86_64-pc-linux-gnu-gcc static flag -static works... yes
checking if x86_64-pc-linux-gnu-gcc supports -c -o file.o... yes
checking if x86_64-pc-linux-gnu-gcc supports -c -o file.o... (cached) yes
checking whether the x86_64-pc-linux-gnu-gcc linker (/usr/x86_64-pc-linux-gnu/bin/ld -m elf_x86_64) supports shared libraries... yes
checking whether -lc should be explicitly linked in... no
checking dynamic linker characteristics... GNU/Linux ld.so
checking how to hardcode library paths into programs... immediate
checking whether stripping libraries is possible... yes
checking if libtool supports shared libraries... yes
checking whether to build shared libraries... yes
checking whether to build static libraries... no
checking for x86_64-pc-linux-gnu-gcc option to accept ISO C99... none needed
checking whether __clang__ is declared... no
checking whether __INTEL_COMPILER is declared... no
checking whether __SUNPRO_C is declared... no
checking for x86_64-pc-linux-gnu-pkg-config... /usr/bin/x86_64-pc-linux-gnu-pkg-config
checking pkg-config is at least version 0.9.0... yes
checking if x86_64-pc-linux-gnu-gcc supports -Werror=unknown-warning-option... no
checking if x86_64-pc-linux-gnu-gcc supports -Werror=unused-command-line-argument... no
checking if x86_64-pc-linux-gnu-gcc supports -Wall... yes
checking if x86_64-pc-linux-gnu-gcc supports -Wpointer-arith... yes
checking if x86_64-pc-linux-gnu-gcc supports -Wmissing-declarations... yes
checking if x86_64-pc-linux-gnu-gcc supports -Wformat=2... yes
checking if x86_64-pc-linux-gnu-gcc supports -Wstrict-prototypes... yes
checking if x86_64-pc-linux-gnu-gcc supports -Wmissing-prototypes... yes
checking if x86_64-pc-linux-gnu-gcc supports -Wnested-externs... yes
checking if x86_64-pc-linux-gnu-gcc supports -Wbad-function-cast... yes
checking if x86_64-pc-linux-gnu-gcc supports -Wold-style-definition... yes
checking if x86_64-pc-linux-gnu-gcc supports -Wdeclaration-after-statement... yes
checking if x86_64-pc-linux-gnu-gcc supports -Wunused... yes
checking if x86_64-pc-linux-gnu-gcc supports -Wuninitialized... yes
checking if x86_64-pc-linux-gnu-gcc supports -Wshadow... yes
checking if x86_64-pc-linux-gnu-gcc supports -Wmissing-noreturn... yes
checking if x86_64-pc-linux-gnu-gcc supports -Wmissing-format-attribute... yes
checking if x86_64-pc-linux-gnu-gcc supports -Wredundant-decls... yes
checking if x86_64-pc-linux-gnu-gcc supports -Wlogical-op... yes
configure: WARNING: You have chosen not to turn some select compiler warnings into errors.  This should not be necessary.  Please report why you needed to do so in a bug report at https://gitlab.freedesktop.org/xorg/lib/libXpm/issues
checking if x86_64-pc-linux-gnu-gcc supports -Wimplicit... yes
checking if x86_64-pc-linux-gnu-gcc supports -Wnonnull... yes
checking if x86_64-pc-linux-gnu-gcc supports -Winit-self... yes
checking if x86_64-pc-linux-gnu-gcc supports -Wmain... yes
checking if x86_64-pc-linux-gnu-gcc supports -Wmissing-braces... yes
checking if x86_64-pc-linux-gnu-gcc supports -Wsequence-point... yes
checking if x86_64-pc-linux-gnu-gcc supports -Wreturn-type... yes
checking if x86_64-pc-linux-gnu-gcc supports -Wtrigraphs... yes
checking if x86_64-pc-linux-gnu-gcc supports -Warray-bounds... yes
checking if x86_64-pc-linux-gnu-gcc supports -Wwrite-strings... yes
checking if x86_64-pc-linux-gnu-gcc supports -Waddress... yes
checking if x86_64-pc-linux-gnu-gcc supports -Wint-to-pointer-cast... yes
checking if x86_64-pc-linux-gnu-gcc supports -Wpointer-to-int-cast... yes
checking if x86_64-pc-linux-gnu-gcc supports -pedantic... yes
checking if x86_64-pc-linux-gnu-gcc supports -Werror... yes
checking if x86_64-pc-linux-gnu-gcc supports -Werror=attributes... yes
checking whether make supports nested variables... (cached) yes
checking for strlcat... no
checking for fork... yes
checking for XPM... yes
checking for SXPM... yes
checking for library containing gettext... none required
checking where to install localized messages... /usr/share/locale
checking that generated files are newer than configure... done
configure: creating ./config.status
config.status: creating Makefile
config.status: creating doc/Makefile
config.status: creating include/Makefile
config.status: creating man/Makefile
config.status: creating src/Makefile
config.status: creating sxpm/Makefile
config.status: creating cxpm/Makefile
config.status: creating xpm.pc
config.status: creating config.h
config.status: executing depfiles commands
config.status: executing libtool commands
>>> Source configured.
>>> Compiling source in /tmp/portage/x11-libs/libXpm-3.5.13/work/libXpm-3.5.13 ...
 [32;01m*[0m abi_x86_64.amd64: running multilib-minimal_abi_src_compile
make -j12 
make  all-recursive
make[1]: Entering directory '/tmp/portage/x11-libs/libXpm-3.5.13/work/libXpm-3.5.13-abi_x86_64.amd64'
Making all in doc
make[2]: Entering directory '/tmp/portage/x11-libs/libXpm-3.5.13/work/libXpm-3.5.13-abi_x86_64.amd64/doc'
make[2]: Nothing to be done for 'all'.
make[2]: Leaving directory '/tmp/portage/x11-libs/libXpm-3.5.13/work/libXpm-3.5.13-abi_x86_64.amd64/doc'
Making all in include
make[2]: Entering directory '/tmp/portage/x11-libs/libXpm-3.5.13/work/libXpm-3.5.13-abi_x86_64.amd64/include'
make[2]: Nothing to be done for 'all'.
make[2]: Leaving directory '/tmp/portage/x11-libs/libXpm-3.5.13/work/libXpm-3.5.13-abi_x86_64.amd64/include'
Making all in man
make[2]: Entering directory '/tmp/portage/x11-libs/libXpm-3.5.13/work/libXpm-3.5.13-abi_x86_64.amd64/man'
/bin/sed -e 's|__vendorversion__|"libXpm 3.5.13" "X Version 11"|' 	-e 's|__xorgversion__|"libXpm 3.5.13" "X Version 11"|' 	-e 's|__xservername__|Xorg|g' 	-e 's|__xconfigfile__|xorg.conf|g' 	-e 's|__projectroot__|/usr|g' 	-e 's|__apploaddir__||g' 	-e 's|__appmansuffix__|1|g' 	-e 's|__drivermansuffix__|4|g' 	-e 's|__adminmansuffix__|8|g' 	-e 's|__libmansuffix__|3|g' 	-e 's|__miscmansuffix__|7|g' 	-e 's|__filemansuffix__|5|g' < /tmp/portage/x11-libs/libXpm-3.5.13/work/libXpm-3.5.13/man/sxpm.man > sxpm.1
/bin/sed -e 's|__vendorversion__|"libXpm 3.5.13" "X Version 11"|' 	-e 's|__xorgversion__|"libXpm 3.5.13" "X Version 11"|' 	-e 's|__xservername__|Xorg|g' 	-e 's|__xconfigfile__|xorg.conf|g' 	-e 's|__projectroot__|/usr|g' 	-e 's|__apploaddir__||g' 	-e 's|__appmansuffix__|1|g' 	-e 's|__drivermansuffix__|4|g' 	-e 's|__adminmansuffix__|8|g' 	-e 's|__libmansuffix__|3|g' 	-e 's|__miscmansuffix__|7|g' 	-e 's|__filemansuffix__|5|g' < /tmp/portage/x11-libs/libXpm-3.5.13/work/libXpm-3.5.13/man/cxpm.man > cxpm.1
make[2]: Leaving directory '/tmp/portage/x11-libs/libXpm-3.5.13/work/libXpm-3.5.13-abi_x86_64.amd64/man'
Making all in src
make[2]: Entering directory '/tmp/portage/x11-libs/libXpm-3.5.13/work/libXpm-3.5.13-abi_x86_64.amd64/src'
/bin/sh ../libtool  --tag=CC   --mode=compile x86_64-pc-linux-gnu-gcc -DHAVE_CONFIG_H -I. -I/tmp/portage/x11-libs/libXpm-3.5.13/work/libXpm-3.5.13/src -I..  -I/tmp/portage/x11-libs/libXpm-3.5.13/work/libXpm-3.5.13/include/X11/  -Wall -Wpointer-arith -Wmissing-declarations -Wformat=2 -Wstrict-prototypes -Wmissing-prototypes -Wnested-externs -Wbad-function-cast -Wold-style-definition -Wdeclaration-after-statement -Wunused -Wuninitialized -Wshadow -Wmissing-noreturn -Wmissing-format-attribute -Wredundant-decls -Wlogical-op -Wimplicit -Wnonnull -Winit-self -Wmain -Wmissing-braces -Wsequence-point -Wreturn-type -Wtrigraphs -Warray-bounds -Wwrite-strings -Waddress -Wint-to-pointer-cast -Wpointer-to-int-cast -fno-strict-aliasing  -O3 -march=native -pipe -g0 -fno-stack-protector -fno-stack-clash-protection -fstack-check=no -fno-stack-check -c -o Attrib.lo /tmp/portage/x11-libs/libXpm-3.5.13/work/libXpm-3.5.13/src/Attrib.c
/bin/sh ../libtool  --tag=CC   --mode=compile x86_64-pc-linux-gnu-gcc -DHAVE_CONFIG_H -I. -I/tmp/portage/x11-libs/libXpm-3.5.13/work/libXpm-3.5.13/src -I..  -I/tmp/portage/x11-libs/libXpm-3.5.13/work/libXpm-3.5.13/include/X11/  -Wall -Wpointer-arith -Wmissing-declarations -Wformat=2 -Wstrict-prototypes -Wmissing-prototypes -Wnested-externs -Wbad-function-cast -Wold-style-definition -Wdeclaration-after-statement -Wunused -Wuninitialized -Wshadow -Wmissing-noreturn -Wmissing-format-attribute -Wredundant-decls -Wlogical-op -Wimplicit -Wnonnull -Winit-self -Wmain -Wmissing-braces -Wsequence-point -Wreturn-type -Wtrigraphs -Warray-bounds -Wwrite-strings -Waddress -Wint-to-pointer-cast -Wpointer-to-int-cast -fno-strict-aliasing  -O3 -march=native -pipe -g0 -fno-stack-protector -fno-stack-clash-protection -fstack-check=no -fno-stack-check -c -o CrBufFrI.lo /tmp/portage/x11-libs/libXpm-3.5.13/work/libXpm-3.5.13/src/CrBufFrI.c
/bin/sh ../libtool  --tag=CC   --mode=compile x86_64-pc-linux-gnu-gcc -DHAVE_CONFIG_H -I. -I/tmp/portage/x11-libs/libXpm-3.5.13/work/libXpm-3.5.13/src -I..  -I/tmp/portage/x11-libs/libXpm-3.5.13/work/libXpm-3.5.13/include/X11/  -Wall -Wpointer-arith -Wmissing-declarations -Wformat=2 -Wstrict-prototypes -Wmissing-prototypes -Wnested-externs -Wbad-function-cast -Wold-style-definition -Wdeclaration-after-statement -Wunused -Wuninitialized -Wshadow -Wmissing-noreturn -Wmissing-format-attribute -Wredundant-decls -Wlogical-op -Wimplicit -Wnonnull -Winit-self -Wmain -Wmissing-braces -Wsequence-point -Wreturn-type -Wtrigraphs -Warray-bounds -Wwrite-strings -Waddress -Wint-to-pointer-cast -Wpointer-to-int-cast -fno-strict-aliasing  -O3 -march=native -pipe -g0 -fno-stack-protector -fno-stack-clash-protection -fstack-check=no -fno-stack-check -c -o CrBufFrP.lo /tmp/portage/x11-libs/libXpm-3.5.13/work/libXpm-3.5.13/src/CrBufFrP.c
/bin/sh ../libtool  --tag=CC   --mode=compile x86_64-pc-linux-gnu-gcc -DHAVE_CONFIG_H -I. -I/tmp/portage/x11-libs/libXpm-3.5.13/work/libXpm-3.5.13/src -I..  -I/tmp/portage/x11-libs/libXpm-3.5.13/work/libXpm-3.5.13/include/X11/  -Wall -Wpointer-arith -Wmissing-declarations -Wformat=2 -Wstrict-prototypes -Wmissing-prototypes -Wnested-externs -Wbad-function-cast -Wold-style-definition -Wdeclaration-after-statement -Wunused -Wuninitialized -Wshadow -Wmissing-noreturn -Wmissing-format-attribute -Wredundant-decls -Wlogical-op -Wimplicit -Wnonnull -Winit-self -Wmain -Wmissing-braces -Wsequence-point -Wreturn-type -Wtrigraphs -Warray-bounds -Wwrite-strings -Waddress -Wint-to-pointer-cast -Wpointer-to-int-cast -fno-strict-aliasing  -O3 -march=native -pipe -g0 -fno-stack-protector -fno-stack-clash-protection -fstack-check=no -fno-stack-check -c -o CrDatFrI.lo /tmp/portage/x11-libs/libXpm-3.5.13/work/libXpm-3.5.13/src/CrDatFrI.c
/bin/sh ../libtool  --tag=CC   --mode=compile x86_64-pc-linux-gnu-gcc -DHAVE_CONFIG_H -I. -I/tmp/portage/x11-libs/libXpm-3.5.13/work/libXpm-3.5.13/src -I..  -I/tmp/portage/x11-libs/libXpm-3.5.13/work/libXpm-3.5.13/include/X11/  -Wall -Wpointer-arith -Wmissing-declarations -Wformat=2 -Wstrict-prototypes -Wmissing-prototypes -Wnested-externs -Wbad-function-cast -Wold-style-definition -Wdeclaration-after-statement -Wunused -Wuninitialized -Wshadow -Wmissing-noreturn -Wmissing-format-attribute -Wredundant-decls -Wlogical-op -Wimplicit -Wnonnull -Winit-self -Wmain -Wmissing-braces -Wsequence-point -Wreturn-type -Wtrigraphs -Warray-bounds -Wwrite-strings -Waddress -Wint-to-pointer-cast -Wpointer-to-int-cast -fno-strict-aliasing  -O3 -march=native -pipe -g0 -fno-stack-protector -fno-stack-clash-protection -fstack-check=no -fno-stack-check -c -o CrDatFrP.lo /tmp/portage/x11-libs/libXpm-3.5.13/work/libXpm-3.5.13/src/CrDatFrP.c
/bin/sh ../libtool  --tag=CC   --mode=compile x86_64-pc-linux-gnu-gcc -DHAVE_CONFIG_H -I. -I/tmp/portage/x11-libs/libXpm-3.5.13/work/libXpm-3.5.13/src -I..  -I/tmp/portage/x11-libs/libXpm-3.5.13/work/libXpm-3.5.13/include/X11/  -Wall -Wpointer-arith -Wmissing-declarations -Wformat=2 -Wstrict-prototypes -Wmissing-prototypes -Wnested-externs -Wbad-function-cast -Wold-style-definition -Wdeclaration-after-statement -Wunused -Wuninitialized -Wshadow -Wmissing-noreturn -Wmissing-format-attribute -Wredundant-decls -Wlogical-op -Wimplicit -Wnonnull -Winit-self -Wmain -Wmissing-braces -Wsequence-point -Wreturn-type -Wtrigraphs -Warray-bounds -Wwrite-strings -Waddress -Wint-to-pointer-cast -Wpointer-to-int-cast -fno-strict-aliasing  -O3 -march=native -pipe -g0 -fno-stack-protector -fno-stack-clash-protection -fstack-check=no -fno-stack-check -c -o CrIFrBuf.lo /tmp/portage/x11-libs/libXpm-3.5.13/work/libXpm-3.5.13/src/CrIFrBuf.c
/bin/sh ../libtool  --tag=CC   --mode=compile x86_64-pc-linux-gnu-gcc -DHAVE_CONFIG_H -I. -I/tmp/portage/x11-libs/libXpm-3.5.13/work/libXpm-3.5.13/src -I..  -I/tmp/portage/x11-libs/libXpm-3.5.13/work/libXpm-3.5.13/include/X11/  -Wall -Wpointer-arith -Wmissing-declarations -Wformat=2 -Wstrict-prototypes -Wmissing-prototypes -Wnested-externs -Wbad-function-cast -Wold-style-definition -Wdeclaration-after-statement -Wunused -Wuninitialized -Wshadow -Wmissing-noreturn -Wmissing-format-attribute -Wredundant-decls -Wlogical-op -Wimplicit -Wnonnull -Winit-self -Wmain -Wmissing-braces -Wsequence-point -Wreturn-type -Wtrigraphs -Warray-bounds -Wwrite-strings -Waddress -Wint-to-pointer-cast -Wpointer-to-int-cast -fno-strict-aliasing  -O3 -march=native -pipe -g0 -fno-stack-protector -fno-stack-clash-protection -fstack-check=no -fno-stack-check -c -o CrIFrDat.lo /tmp/portage/x11-libs/libXpm-3.5.13/work/libXpm-3.5.13/src/CrIFrDat.c
/bin/sh ../libtool  --tag=CC   --mode=compile x86_64-pc-linux-gnu-gcc -DHAVE_CONFIG_H -I. -I/tmp/portage/x11-libs/libXpm-3.5.13/work/libXpm-3.5.13/src -I..  -I/tmp/portage/x11-libs/libXpm-3.5.13/work/libXpm-3.5.13/include/X11/  -Wall -Wpointer-arith -Wmissing-declarations -Wformat=2 -Wstrict-prototypes -Wmissing-prototypes -Wnested-externs -Wbad-function-cast -Wold-style-definition -Wdeclaration-after-statement -Wunused -Wuninitialized -Wshadow -Wmissing-noreturn -Wmissing-format-attribute -Wredundant-decls -Wlogical-op -Wimplicit -Wnonnull -Winit-self -Wmain -Wmissing-braces -Wsequence-point -Wreturn-type -Wtrigraphs -Warray-bounds -Wwrite-strings -Waddress -Wint-to-pointer-cast -Wpointer-to-int-cast -fno-strict-aliasing  -O3 -march=native -pipe -g0 -fno-stack-protector -fno-stack-clash-protection -fstack-check=no -fno-stack-check -c -o CrIFrP.lo /tmp/portage/x11-libs/libXpm-3.5.13/work/libXpm-3.5.13/src/CrIFrP.c
/bin/sh ../libtool  --tag=CC   --mode=compile x86_64-pc-linux-gnu-gcc -DHAVE_CONFIG_H -I. -I/tmp/portage/x11-libs/libXpm-3.5.13/work/libXpm-3.5.13/src -I..  -I/tmp/portage/x11-libs/libXpm-3.5.13/work/libXpm-3.5.13/include/X11/  -Wall -Wpointer-arith -Wmissing-declarations -Wformat=2 -Wstrict-prototypes -Wmissing-prototypes -Wnested-externs -Wbad-function-cast -Wold-style-definition -Wdeclaration-after-statement -Wunused -Wuninitialized -Wshadow -Wmissing-noreturn -Wmissing-format-attribute -Wredundant-decls -Wlogical-op -Wimplicit -Wnonnull -Winit-self -Wmain -Wmissing-braces -Wsequence-point -Wreturn-type -Wtrigraphs -Warray-bounds -Wwrite-strings -Waddress -Wint-to-pointer-cast -Wpointer-to-int-cast -fno-strict-aliasing  -O3 -march=native -pipe -g0 -fno-stack-protector -fno-stack-clash-protection -fstack-check=no -fno-stack-check -c -o CrPFrBuf.lo /tmp/portage/x11-libs/libXpm-3.5.13/work/libXpm-3.5.13/src/CrPFrBuf.c
/bin/sh ../libtool  --tag=CC   --mode=compile x86_64-pc-linux-gnu-gcc -DHAVE_CONFIG_H -I. -I/tmp/portage/x11-libs/libXpm-3.5.13/work/libXpm-3.5.13/src -I..  -I/tmp/portage/x11-libs/libXpm-3.5.13/work/libXpm-3.5.13/include/X11/  -Wall -Wpointer-arith -Wmissing-declarations -Wformat=2 -Wstrict-prototypes -Wmissing-prototypes -Wnested-externs -Wbad-function-cast -Wold-style-definition -Wdeclaration-after-statement -Wunused -Wuninitialized -Wshadow -Wmissing-noreturn -Wmissing-format-attribute -Wredundant-decls -Wlogical-op -Wimplicit -Wnonnull -Winit-self -Wmain -Wmissing-braces -Wsequence-point -Wreturn-type -Wtrigraphs -Warray-bounds -Wwrite-strings -Waddress -Wint-to-pointer-cast -Wpointer-to-int-cast -fno-strict-aliasing  -O3 -march=native -pipe -g0 -fno-stack-protector -fno-stack-clash-protection -fstack-check=no -fno-stack-check -c -o CrPFrDat.lo /tmp/portage/x11-libs/libXpm-3.5.13/work/libXpm-3.5.13/src/CrPFrDat.c
/bin/sh ../libtool  --tag=CC   --mode=compile x86_64-pc-linux-gnu-gcc -DHAVE_CONFIG_H -I. -I/tmp/portage/x11-libs/libXpm-3.5.13/work/libXpm-3.5.13/src -I..  -I/tmp/portage/x11-libs/libXpm-3.5.13/work/libXpm-3.5.13/include/X11/  -Wall -Wpointer-arith -Wmissing-declarations -Wformat=2 -Wstrict-prototypes -Wmissing-prototypes -Wnested-externs -Wbad-function-cast -Wold-style-definition -Wdeclaration-after-statement -Wunused -Wuninitialized -Wshadow -Wmissing-noreturn -Wmissing-format-attribute -Wredundant-decls -Wlogical-op -Wimplicit -Wnonnull -Winit-self -Wmain -Wmissing-braces -Wsequence-point -Wreturn-type -Wtrigraphs -Warray-bounds -Wwrite-strings -Waddress -Wint-to-pointer-cast -Wpointer-to-int-cast -fno-strict-aliasing  -O3 -march=native -pipe -g0 -fno-stack-protector -fno-stack-clash-protection -fstack-check=no -fno-stack-check -c -o CrPFrI.lo /tmp/portage/x11-libs/libXpm-3.5.13/work/libXpm-3.5.13/src/CrPFrI.c
/bin/sh ../libtool  --tag=CC   --mode=compile x86_64-pc-linux-gnu-gcc -DHAVE_CONFIG_H -I. -I/tmp/portage/x11-libs/libXpm-3.5.13/work/libXpm-3.5.13/src -I..  -I/tmp/portage/x11-libs/libXpm-3.5.13/work/libXpm-3.5.13/include/X11/  -Wall -Wpointer-arith -Wmissing-declarations -Wformat=2 -Wstrict-prototypes -Wmissing-prototypes -Wnested-externs -Wbad-function-cast -Wold-style-definition -Wdeclaration-after-statement -Wunused -Wuninitialized -Wshadow -Wmissing-noreturn -Wmissing-format-attribute -Wredundant-decls -Wlogical-op -Wimplicit -Wnonnull -Winit-self -Wmain -Wmissing-braces -Wsequence-point -Wreturn-type -Wtrigraphs -Warray-bounds -Wwrite-strings -Waddress -Wint-to-pointer-cast -Wpointer-to-int-cast -fno-strict-aliasing  -O3 -march=native -pipe -g0 -fno-stack-protector -fno-stack-clash-protection -fstack-check=no -fno-stack-check -c -o Image.lo /tmp/portage/x11-libs/libXpm-3.5.13/work/libXpm-3.5.13/src/Image.c
libtool: compile:  x86_64-pc-linux-gnu-gcc -DHAVE_CONFIG_H -I. -I/tmp/portage/x11-libs/libXpm-3.5.13/work/libXpm-3.5.13/src -I.. -I/tmp/portage/x11-libs/libXpm-3.5.13/work/libXpm-3.5.13/include/X11/ -Wall -Wpointer-arith -Wmissing-declarations -Wformat=2 -Wstrict-prototypes -Wmissing-prototypes -Wnested-externs -Wbad-function-cast -Wold-style-definition -Wdeclaration-after-statement -Wunused -Wuninitialized -Wshadow -Wmissing-noreturn -Wmissing-format-attribute -Wredundant-decls -Wlogical-op -Wimplicit -Wnonnull -Winit-self -Wmain -Wmissing-braces -Wsequence-point -Wreturn-type -Wtrigraphs -Warray-bounds -Wwrite-strings -Waddress -Wint-to-pointer-cast -Wpointer-to-int-cast -fno-strict-aliasing -O3 -march=native -pipe -g0 -fno-stack-protector -fno-stack-clash-protection -fstack-check=no -fno-stack-check -c /tmp/portage/x11-libs/libXpm-3.5.13/work/libXpm-3.5.13/src/CrDatFrI.c  -fPIC -DPIC -o .libs/CrDatFrI.o
libtool: compile:  x86_64-pc-linux-gnu-gcc -DHAVE_CONFIG_H -I. -I/tmp/portage/x11-libs/libXpm-3.5.13/work/libXpm-3.5.13/src -I.. -I/tmp/portage/x11-libs/libXpm-3.5.13/work/libXpm-3.5.13/include/X11/ -Wall -Wpointer-arith -Wmissing-declarations -Wformat=2 -Wstrict-prototypes -Wmissing-prototypes -Wnested-externs -Wbad-function-cast -Wold-style-definition -Wdeclaration-after-statement -Wunused -Wuninitialized -Wshadow -Wmissing-noreturn -Wmissing-format-attribute -Wredundant-decls -Wlogical-op -Wimplicit -Wnonnull -Winit-self -Wmain -Wmissing-braces -Wsequence-point -Wreturn-type -Wtrigraphs -Warray-bounds -Wwrite-strings -Waddress -Wint-to-pointer-cast -Wpointer-to-int-cast -fno-strict-aliasing -O3 -march=native -pipe -g0 -fno-stack-protector -fno-stack-clash-protection -fstack-check=no -fno-stack-check -c /tmp/portage/x11-libs/libXpm-3.5.13/work/libXpm-3.5.13/src/CrBufFrI.c  -fPIC -DPIC -o .libs/CrBufFrI.o
libtool: compile:  x86_64-pc-linux-gnu-gcc -DHAVE_CONFIG_H -I. -I/tmp/portage/x11-libs/libXpm-3.5.13/work/libXpm-3.5.13/src -I.. -I/tmp/portage/x11-libs/libXpm-3.5.13/work/libXpm-3.5.13/include/X11/ -Wall -Wpointer-arith -Wmissing-declarations -Wformat=2 -Wstrict-prototypes -Wmissing-prototypes -Wnested-externs -Wbad-function-cast -Wold-style-definition -Wdeclaration-after-statement -Wunused -Wuninitialized -Wshadow -Wmissing-noreturn -Wmissing-format-attribute -Wredundant-decls -Wlogical-op -Wimplicit -Wnonnull -Winit-self -Wmain -Wmissing-braces -Wsequence-point -Wreturn-type -Wtrigraphs -Warray-bounds -Wwrite-strings -Waddress -Wint-to-pointer-cast -Wpointer-to-int-cast -fno-strict-aliasing -O3 -march=native -pipe -g0 -fno-stack-protector -fno-stack-clash-protection -fstack-check=no -fno-stack-check -c /tmp/portage/x11-libs/libXpm-3.5.13/work/libXpm-3.5.13/src/CrBufFrP.c  -fPIC -DPIC -o .libs/CrBufFrP.o
libtool: compile:  x86_64-pc-linux-gnu-gcc -DHAVE_CONFIG_H -I. -I/tmp/portage/x11-libs/libXpm-3.5.13/work/libXpm-3.5.13/src -I.. -I/tmp/portage/x11-libs/libXpm-3.5.13/work/libXpm-3.5.13/include/X11/ -Wall -Wpointer-arith -Wmissing-declarations -Wformat=2 -Wstrict-prototypes -Wmissing-prototypes -Wnested-externs -Wbad-function-cast -Wold-style-definition -Wdeclaration-after-statement -Wunused -Wuninitialized -Wshadow -Wmissing-noreturn -Wmissing-format-attribute -Wredundant-decls -Wlogical-op -Wimplicit -Wnonnull -Winit-self -Wmain -Wmissing-braces -Wsequence-point -Wreturn-type -Wtrigraphs -Warray-bounds -Wwrite-strings -Waddress -Wint-to-pointer-cast -Wpointer-to-int-cast -fno-strict-aliasing -O3 -march=native -pipe -g0 -fno-stack-protector -fno-stack-clash-protection -fstack-check=no -fno-stack-check -c /tmp/portage/x11-libs/libXpm-3.5.13/work/libXpm-3.5.13/src/CrIFrP.c  -fPIC -DPIC -o .libs/CrIFrP.o
libtool: compile:  x86_64-pc-linux-gnu-gcc -DHAVE_CONFIG_H -I. -I/tmp/portage/x11-libs/libXpm-3.5.13/work/libXpm-3.5.13/src -I.. -I/tmp/portage/x11-libs/libXpm-3.5.13/work/libXpm-3.5.13/include/X11/ -Wall -Wpointer-arith -Wmissing-declarations -Wformat=2 -Wstrict-prototypes -Wmissing-prototypes -Wnested-externs -Wbad-function-cast -Wold-style-definition -Wdeclaration-after-statement -Wunused -Wuninitialized -Wshadow -Wmissing-noreturn -Wmissing-format-attribute -Wredundant-decls -Wlogical-op -Wimplicit -Wnonnull -Winit-self -Wmain -Wmissing-braces -Wsequence-point -Wreturn-type -Wtrigraphs -Warray-bounds -Wwrite-strings -Waddress -Wint-to-pointer-cast -Wpointer-to-int-cast -fno-strict-aliasing -O3 -march=native -pipe -g0 -fno-stack-protector -fno-stack-clash-protection -fstack-check=no -fno-stack-check -c /tmp/portage/x11-libs/libXpm-3.5.13/work/libXpm-3.5.13/src/CrPFrBuf.c  -fPIC -DPIC -o .libs/CrPFrBuf.o
libtool: compile:  x86_64-pc-linux-gnu-gcc -DHAVE_CONFIG_H -I. -I/tmp/portage/x11-libs/libXpm-3.5.13/work/libXpm-3.5.13/src -I.. -I/tmp/portage/x11-libs/libXpm-3.5.13/work/libXpm-3.5.13/include/X11/ -Wall -Wpointer-arith -Wmissing-declarations -Wformat=2 -Wstrict-prototypes -Wmissing-prototypes -Wnested-externs -Wbad-function-cast -Wold-style-definition -Wdeclaration-after-statement -Wunused -Wuninitialized -Wshadow -Wmissing-noreturn -Wmissing-format-attribute -Wredundant-decls -Wlogical-op -Wimplicit -Wnonnull -Winit-self -Wmain -Wmissing-braces -Wsequence-point -Wreturn-type -Wtrigraphs -Warray-bounds -Wwrite-strings -Waddress -Wint-to-pointer-cast -Wpointer-to-int-cast -fno-strict-aliasing -O3 -march=native -pipe -g0 -fno-stack-protector -fno-stack-clash-protection -fstack-check=no -fno-stack-check -c /tmp/portage/x11-libs/libXpm-3.5.13/work/libXpm-3.5.13/src/Attrib.c  -fPIC -DPIC -o .libs/Attrib.o
libtool: compile:  x86_64-pc-linux-gnu-gcc -DHAVE_CONFIG_H -I. -I/tmp/portage/x11-libs/libXpm-3.5.13/work/libXpm-3.5.13/src -I.. -I/tmp/portage/x11-libs/libXpm-3.5.13/work/libXpm-3.5.13/include/X11/ -Wall -Wpointer-arith -Wmissing-declarations -Wformat=2 -Wstrict-prototypes -Wmissing-prototypes -Wnested-externs -Wbad-function-cast -Wold-style-definition -Wdeclaration-after-statement -Wunused -Wuninitialized -Wshadow -Wmissing-noreturn -Wmissing-format-attribute -Wredundant-decls -Wlogical-op -Wimplicit -Wnonnull -Winit-self -Wmain -Wmissing-braces -Wsequence-point -Wreturn-type -Wtrigraphs -Warray-bounds -Wwrite-strings -Waddress -Wint-to-pointer-cast -Wpointer-to-int-cast -fno-strict-aliasing -O3 -march=native -pipe -g0 -fno-stack-protector -fno-stack-clash-protection -fstack-check=no -fno-stack-check -c /tmp/portage/x11-libs/libXpm-3.5.13/work/libXpm-3.5.13/src/CrIFrDat.c  -fPIC -DPIC -o .libs/CrIFrDat.o
libtool: compile:  x86_64-pc-linux-gnu-gcc -DHAVE_CONFIG_H -I. -I/tmp/portage/x11-libs/libXpm-3.5.13/work/libXpm-3.5.13/src -I.. -I/tmp/portage/x11-libs/libXpm-3.5.13/work/libXpm-3.5.13/include/X11/ -Wall -Wpointer-arith -Wmissing-declarations -Wformat=2 -Wstrict-prototypes -Wmissing-prototypes -Wnested-externs -Wbad-function-cast -Wold-style-definition -Wdeclaration-after-statement -Wunused -Wuninitialized -Wshadow -Wmissing-noreturn -Wmissing-format-attribute -Wredundant-decls -Wlogical-op -Wimplicit -Wnonnull -Winit-self -Wmain -Wmissing-braces -Wsequence-point -Wreturn-type -Wtrigraphs -Warray-bounds -Wwrite-strings -Waddress -Wint-to-pointer-cast -Wpointer-to-int-cast -fno-strict-aliasing -O3 -march=native -pipe -g0 -fno-stack-protector -fno-stack-clash-protection -fstack-check=no -fno-stack-check -c /tmp/portage/x11-libs/libXpm-3.5.13/work/libXpm-3.5.13/src/CrIFrBuf.c  -fPIC -DPIC -o .libs/CrIFrBuf.o
libtool: compile:  x86_64-pc-linux-gnu-gcc -DHAVE_CONFIG_H -I. -I/tmp/portage/x11-libs/libXpm-3.5.13/work/libXpm-3.5.13/src -I.. -I/tmp/portage/x11-libs/libXpm-3.5.13/work/libXpm-3.5.13/include/X11/ -Wall -Wpointer-arith -Wmissing-declarations -Wformat=2 -Wstrict-prototypes -Wmissing-prototypes -Wnested-externs -Wbad-function-cast -Wold-style-definition -Wdeclaration-after-statement -Wunused -Wuninitialized -Wshadow -Wmissing-noreturn -Wmissing-format-attribute -Wredundant-decls -Wlogical-op -Wimplicit -Wnonnull -Winit-self -Wmain -Wmissing-braces -Wsequence-point -Wreturn-type -Wtrigraphs -Warray-bounds -Wwrite-strings -Waddress -Wint-to-pointer-cast -Wpointer-to-int-cast -fno-strict-aliasing -O3 -march=native -pipe -g0 -fno-stack-protector -fno-stack-clash-protection -fstack-check=no -fno-stack-check -c /tmp/portage/x11-libs/libXpm-3.5.13/work/libXpm-3.5.13/src/CrDatFrP.c  -fPIC -DPIC -o .libs/CrDatFrP.o
libtool: compile:  x86_64-pc-linux-gnu-gcc -DHAVE_CONFIG_H -I. -I/tmp/portage/x11-libs/libXpm-3.5.13/work/libXpm-3.5.13/src -I.. -I/tmp/portage/x11-libs/libXpm-3.5.13/work/libXpm-3.5.13/include/X11/ -Wall -Wpointer-arith -Wmissing-declarations -Wformat=2 -Wstrict-prototypes -Wmissing-prototypes -Wnested-externs -Wbad-function-cast -Wold-style-definition -Wdeclaration-after-statement -Wunused -Wuninitialized -Wshadow -Wmissing-noreturn -Wmissing-format-attribute -Wredundant-decls -Wlogical-op -Wimplicit -Wnonnull -Winit-self -Wmain -Wmissing-braces -Wsequence-point -Wreturn-type -Wtrigraphs -Warray-bounds -Wwrite-strings -Waddress -Wint-to-pointer-cast -Wpointer-to-int-cast -fno-strict-aliasing -O3 -march=native -pipe -g0 -fno-stack-protector -fno-stack-clash-protection -fstack-check=no -fno-stack-check -c /tmp/portage/x11-libs/libXpm-3.5.13/work/libXpm-3.5.13/src/CrPFrDat.c  -fPIC -DPIC -o .libs/CrPFrDat.o
libtool: compile:  x86_64-pc-linux-gnu-gcc -DHAVE_CONFIG_H -I. -I/tmp/portage/x11-libs/libXpm-3.5.13/work/libXpm-3.5.13/src -I.. -I/tmp/portage/x11-libs/libXpm-3.5.13/work/libXpm-3.5.13/include/X11/ -Wall -Wpointer-arith -Wmissing-declarations -Wformat=2 -Wstrict-prototypes -Wmissing-prototypes -Wnested-externs -Wbad-function-cast -Wold-style-definition -Wdeclaration-after-statement -Wunused -Wuninitialized -Wshadow -Wmissing-noreturn -Wmissing-format-attribute -Wredundant-decls -Wlogical-op -Wimplicit -Wnonnull -Winit-self -Wmain -Wmissing-braces -Wsequence-point -Wreturn-type -Wtrigraphs -Warray-bounds -Wwrite-strings -Waddress -Wint-to-pointer-cast -Wpointer-to-int-cast -fno-strict-aliasing -O3 -march=native -pipe -g0 -fno-stack-protector -fno-stack-clash-protection -fstack-check=no -fno-stack-check -c /tmp/portage/x11-libs/libXpm-3.5.13/work/libXpm-3.5.13/src/CrPFrI.c  -fPIC -DPIC -o .libs/CrPFrI.o
libtool: compile:  x86_64-pc-linux-gnu-gcc -DHAVE_CONFIG_H -I. -I/tmp/portage/x11-libs/libXpm-3.5.13/work/libXpm-3.5.13/src -I.. -I/tmp/portage/x11-libs/libXpm-3.5.13/work/libXpm-3.5.13/include/X11/ -Wall -Wpointer-arith -Wmissing-declarations -Wformat=2 -Wstrict-prototypes -Wmissing-prototypes -Wnested-externs -Wbad-function-cast -Wold-style-definition -Wdeclaration-after-statement -Wunused -Wuninitialized -Wshadow -Wmissing-noreturn -Wmissing-format-attribute -Wredundant-decls -Wlogical-op -Wimplicit -Wnonnull -Winit-self -Wmain -Wmissing-braces -Wsequence-point -Wreturn-type -Wtrigraphs -Warray-bounds -Wwrite-strings -Waddress -Wint-to-pointer-cast -Wpointer-to-int-cast -fno-strict-aliasing -O3 -march=native -pipe -g0 -fno-stack-protector -fno-stack-clash-protection -fstack-check=no -fno-stack-check -c /tmp/portage/x11-libs/libXpm-3.5.13/work/libXpm-3.5.13/src/Image.c  -fPIC -DPIC -o .libs/Image.o
/bin/sh ../libtool  --tag=CC   --mode=compile x86_64-pc-linux-gnu-gcc -DHAVE_CONFIG_H -I. -I/tmp/portage/x11-libs/libXpm-3.5.13/work/libXpm-3.5.13/src -I..  -I/tmp/portage/x11-libs/libXpm-3.5.13/work/libXpm-3.5.13/include/X11/  -Wall -Wpointer-arith -Wmissing-declarations -Wformat=2 -Wstrict-prototypes -Wmissing-prototypes -Wnested-externs -Wbad-function-cast -Wold-style-definition -Wdeclaration-after-statement -Wunused -Wuninitialized -Wshadow -Wmissing-noreturn -Wmissing-format-attribute -Wredundant-decls -Wlogical-op -Wimplicit -Wnonnull -Winit-self -Wmain -Wmissing-braces -Wsequence-point -Wreturn-type -Wtrigraphs -Warray-bounds -Wwrite-strings -Waddress -Wint-to-pointer-cast -Wpointer-to-int-cast -fno-strict-aliasing  -O3 -march=native -pipe -g0 -fno-stack-protector -fno-stack-clash-protection -fstack-check=no -fno-stack-check -c -o Info.lo /tmp/portage/x11-libs/libXpm-3.5.13/work/libXpm-3.5.13/src/Info.c
/bin/sh ../libtool  --tag=CC   --mode=compile x86_64-pc-linux-gnu-gcc -DHAVE_CONFIG_H -I. -I/tmp/portage/x11-libs/libXpm-3.5.13/work/libXpm-3.5.13/src -I..  -I/tmp/portage/x11-libs/libXpm-3.5.13/work/libXpm-3.5.13/include/X11/  -Wall -Wpointer-arith -Wmissing-declarations -Wformat=2 -Wstrict-prototypes -Wmissing-prototypes -Wnested-externs -Wbad-function-cast -Wold-style-definition -Wdeclaration-after-statement -Wunused -Wuninitialized -Wshadow -Wmissing-noreturn -Wmissing-format-attribute -Wredundant-decls -Wlogical-op -Wimplicit -Wnonnull -Winit-self -Wmain -Wmissing-braces -Wsequence-point -Wreturn-type -Wtrigraphs -Warray-bounds -Wwrite-strings -Waddress -Wint-to-pointer-cast -Wpointer-to-int-cast -fno-strict-aliasing  -O3 -march=native -pipe -g0 -fno-stack-protector -fno-stack-clash-protection -fstack-check=no -fno-stack-check -c -o RdFToBuf.lo /tmp/portage/x11-libs/libXpm-3.5.13/work/libXpm-3.5.13/src/RdFToBuf.c
/bin/sh ../libtool  --tag=CC   --mode=compile x86_64-pc-linux-gnu-gcc -DHAVE_CONFIG_H -I. -I/tmp/portage/x11-libs/libXpm-3.5.13/work/libXpm-3.5.13/src -I..  -I/tmp/portage/x11-libs/libXpm-3.5.13/work/libXpm-3.5.13/include/X11/  -Wall -Wpointer-arith -Wmissing-declarations -Wformat=2 -Wstrict-prototypes -Wmissing-prototypes -Wnested-externs -Wbad-function-cast -Wold-style-definition -Wdeclaration-after-statement -Wunused -Wuninitialized -Wshadow -Wmissing-noreturn -Wmissing-format-attribute -Wredundant-decls -Wlogical-op -Wimplicit -Wnonnull -Winit-self -Wmain -Wmissing-braces -Wsequence-point -Wreturn-type -Wtrigraphs -Warray-bounds -Wwrite-strings -Waddress -Wint-to-pointer-cast -Wpointer-to-int-cast -fno-strict-aliasing  -O3 -march=native -pipe -g0 -fno-stack-protector -fno-stack-clash-protection -fstack-check=no -fno-stack-check -c -o RdFToDat.lo /tmp/portage/x11-libs/libXpm-3.5.13/work/libXpm-3.5.13/src/RdFToDat.c
/bin/sh ../libtool  --tag=CC   --mode=compile x86_64-pc-linux-gnu-gcc -DHAVE_CONFIG_H -I. -I/tmp/portage/x11-libs/libXpm-3.5.13/work/libXpm-3.5.13/src -I..  -I/tmp/portage/x11-libs/libXpm-3.5.13/work/libXpm-3.5.13/include/X11/  -Wall -Wpointer-arith -Wmissing-declarations -Wformat=2 -Wstrict-prototypes -Wmissing-prototypes -Wnested-externs -Wbad-function-cast -Wold-style-definition -Wdeclaration-after-statement -Wunused -Wuninitialized -Wshadow -Wmissing-noreturn -Wmissing-format-attribute -Wredundant-decls -Wlogical-op -Wimplicit -Wnonnull -Winit-self -Wmain -Wmissing-braces -Wsequence-point -Wreturn-type -Wtrigraphs -Warray-bounds -Wwrite-strings -Waddress -Wint-to-pointer-cast -Wpointer-to-int-cast -fno-strict-aliasing  -O3 -march=native -pipe -g0 -fno-stack-protector -fno-stack-clash-protection -fstack-check=no -fno-stack-check -c -o RdFToI.lo /tmp/portage/x11-libs/libXpm-3.5.13/work/libXpm-3.5.13/src/RdFToI.c
/bin/sh ../libtool  --tag=CC   --mode=compile x86_64-pc-linux-gnu-gcc -DHAVE_CONFIG_H -I. -I/tmp/portage/x11-libs/libXpm-3.5.13/work/libXpm-3.5.13/src -I..  -I/tmp/portage/x11-libs/libXpm-3.5.13/work/libXpm-3.5.13/include/X11/  -Wall -Wpointer-arith -Wmissing-declarations -Wformat=2 -Wstrict-prototypes -Wmissing-prototypes -Wnested-externs -Wbad-function-cast -Wold-style-definition -Wdeclaration-after-statement -Wunused -Wuninitialized -Wshadow -Wmissing-noreturn -Wmissing-format-attribute -Wredundant-decls -Wlogical-op -Wimplicit -Wnonnull -Winit-self -Wmain -Wmissing-braces -Wsequence-point -Wreturn-type -Wtrigraphs -Warray-bounds -Wwrite-strings -Waddress -Wint-to-pointer-cast -Wpointer-to-int-cast -fno-strict-aliasing  -O3 -march=native -pipe -g0 -fno-stack-protector -fno-stack-clash-protection -fstack-check=no -fno-stack-check -c -o RdFToP.lo /tmp/portage/x11-libs/libXpm-3.5.13/work/libXpm-3.5.13/src/RdFToP.c
/bin/sh ../libtool  --tag=CC   --mode=compile x86_64-pc-linux-gnu-gcc -DHAVE_CONFIG_H -I. -I/tmp/portage/x11-libs/libXpm-3.5.13/work/libXpm-3.5.13/src -I..  -I/tmp/portage/x11-libs/libXpm-3.5.13/work/libXpm-3.5.13/include/X11/  -Wall -Wpointer-arith -Wmissing-declarations -Wformat=2 -Wstrict-prototypes -Wmissing-prototypes -Wnested-externs -Wbad-function-cast -Wold-style-definition -Wdeclaration-after-statement -Wunused -Wuninitialized -Wshadow -Wmissing-noreturn -Wmissing-format-attribute -Wredundant-decls -Wlogical-op -Wimplicit -Wnonnull -Winit-self -Wmain -Wmissing-braces -Wsequence-point -Wreturn-type -Wtrigraphs -Warray-bounds -Wwrite-strings -Waddress -Wint-to-pointer-cast -Wpointer-to-int-cast -fno-strict-aliasing  -O3 -march=native -pipe -g0 -fno-stack-protector -fno-stack-clash-protection -fstack-check=no -fno-stack-check -c -o WrFFrBuf.lo /tmp/portage/x11-libs/libXpm-3.5.13/work/libXpm-3.5.13/src/WrFFrBuf.c
/bin/sh ../libtool  --tag=CC   --mode=compile x86_64-pc-linux-gnu-gcc -DHAVE_CONFIG_H -I. -I/tmp/portage/x11-libs/libXpm-3.5.13/work/libXpm-3.5.13/src -I..  -I/tmp/portage/x11-libs/libXpm-3.5.13/work/libXpm-3.5.13/include/X11/  -Wall -Wpointer-arith -Wmissing-declarations -Wformat=2 -Wstrict-prototypes -Wmissing-prototypes -Wnested-externs -Wbad-function-cast -Wold-style-definition -Wdeclaration-after-statement -Wunused -Wuninitialized -Wshadow -Wmissing-noreturn -Wmissing-format-attribute -Wredundant-decls -Wlogical-op -Wimplicit -Wnonnull -Winit-self -Wmain -Wmissing-braces -Wsequence-point -Wreturn-type -Wtrigraphs -Warray-bounds -Wwrite-strings -Waddress -Wint-to-pointer-cast -Wpointer-to-int-cast -fno-strict-aliasing  -O3 -march=native -pipe -g0 -fno-stack-protector -fno-stack-clash-protection -fstack-check=no -fno-stack-check -c -o WrFFrDat.lo /tmp/portage/x11-libs/libXpm-3.5.13/work/libXpm-3.5.13/src/WrFFrDat.c
/bin/sh ../libtool  --tag=CC   --mode=compile x86_64-pc-linux-gnu-gcc -DHAVE_CONFIG_H -I. -I/tmp/portage/x11-libs/libXpm-3.5.13/work/libXpm-3.5.13/src -I..  -I/tmp/portage/x11-libs/libXpm-3.5.13/work/libXpm-3.5.13/include/X11/  -Wall -Wpointer-arith -Wmissing-declarations -Wformat=2 -Wstrict-prototypes -Wmissing-prototypes -Wnested-externs -Wbad-function-cast -Wold-style-definition -Wdeclaration-after-statement -Wunused -Wuninitialized -Wshadow -Wmissing-noreturn -Wmissing-format-attribute -Wredundant-decls -Wlogical-op -Wimplicit -Wnonnull -Winit-self -Wmain -Wmissing-braces -Wsequence-point -Wreturn-type -Wtrigraphs -Warray-bounds -Wwrite-strings -Waddress -Wint-to-pointer-cast -Wpointer-to-int-cast -fno-strict-aliasing  -O3 -march=native -pipe -g0 -fno-stack-protector -fno-stack-clash-protection -fstack-check=no -fno-stack-check -c -o WrFFrI.lo /tmp/portage/x11-libs/libXpm-3.5.13/work/libXpm-3.5.13/src/WrFFrI.c
/bin/sh ../libtool  --tag=CC   --mode=compile x86_64-pc-linux-gnu-gcc -DHAVE_CONFIG_H -I. -I/tmp/portage/x11-libs/libXpm-3.5.13/work/libXpm-3.5.13/src -I..  -I/tmp/portage/x11-libs/libXpm-3.5.13/work/libXpm-3.5.13/include/X11/  -Wall -Wpointer-arith -Wmissing-declarations -Wformat=2 -Wstrict-prototypes -Wmissing-prototypes -Wnested-externs -Wbad-function-cast -Wold-style-definition -Wdeclaration-after-statement -Wunused -Wuninitialized -Wshadow -Wmissing-noreturn -Wmissing-format-attribute -Wredundant-decls -Wlogical-op -Wimplicit -Wnonnull -Winit-self -Wmain -Wmissing-braces -Wsequence-point -Wreturn-type -Wtrigraphs -Warray-bounds -Wwrite-strings -Waddress -Wint-to-pointer-cast -Wpointer-to-int-cast -fno-strict-aliasing  -O3 -march=native -pipe -g0 -fno-stack-protector -fno-stack-clash-protection -fstack-check=no -fno-stack-check -c -o WrFFrP.lo /tmp/portage/x11-libs/libXpm-3.5.13/work/libXpm-3.5.13/src/WrFFrP.c
/bin/sh ../libtool  --tag=CC   --mode=compile x86_64-pc-linux-gnu-gcc -DHAVE_CONFIG_H -I. -I/tmp/portage/x11-libs/libXpm-3.5.13/work/libXpm-3.5.13/src -I..  -I/tmp/portage/x11-libs/libXpm-3.5.13/work/libXpm-3.5.13/include/X11/  -Wall -Wpointer-arith -Wmissing-declarations -Wformat=2 -Wstrict-prototypes -Wmissing-prototypes -Wnested-externs -Wbad-function-cast -Wold-style-definition -Wdeclaration-after-statement -Wunused -Wuninitialized -Wshadow -Wmissing-noreturn -Wmissing-format-attribute -Wredundant-decls -Wlogical-op -Wimplicit -Wnonnull -Winit-self -Wmain -Wmissing-braces -Wsequence-point -Wreturn-type -Wtrigraphs -Warray-bounds -Wwrite-strings -Waddress -Wint-to-pointer-cast -Wpointer-to-int-cast -fno-strict-aliasing  -O3 -march=native -pipe -g0 -fno-stack-protector -fno-stack-clash-protection -fstack-check=no -fno-stack-check -c -o create.lo /tmp/portage/x11-libs/libXpm-3.5.13/work/libXpm-3.5.13/src/create.c
/bin/sh ../libtool  --tag=CC   --mode=compile x86_64-pc-linux-gnu-gcc -DHAVE_CONFIG_H -I. -I/tmp/portage/x11-libs/libXpm-3.5.13/work/libXpm-3.5.13/src -I..  -I/tmp/portage/x11-libs/libXpm-3.5.13/work/libXpm-3.5.13/include/X11/  -Wall -Wpointer-arith -Wmissing-declarations -Wformat=2 -Wstrict-prototypes -Wmissing-prototypes -Wnested-externs -Wbad-function-cast -Wold-style-definition -Wdeclaration-after-statement -Wunused -Wuninitialized -Wshadow -Wmissing-noreturn -Wmissing-format-attribute -Wredundant-decls -Wlogical-op -Wimplicit -Wnonnull -Winit-self -Wmain -Wmissing-braces -Wsequence-point -Wreturn-type -Wtrigraphs -Warray-bounds -Wwrite-strings -Waddress -Wint-to-pointer-cast -Wpointer-to-int-cast -fno-strict-aliasing  -O3 -march=native -pipe -g0 -fno-stack-protector -fno-stack-clash-protection -fstack-check=no -fno-stack-check -c -o data.lo /tmp/portage/x11-libs/libXpm-3.5.13/work/libXpm-3.5.13/src/data.c
/bin/sh ../libtool  --tag=CC   --mode=compile x86_64-pc-linux-gnu-gcc -DHAVE_CONFIG_H -I. -I/tmp/portage/x11-libs/libXpm-3.5.13/work/libXpm-3.5.13/src -I..  -I/tmp/portage/x11-libs/libXpm-3.5.13/work/libXpm-3.5.13/include/X11/  -Wall -Wpointer-arith -Wmissing-declarations -Wformat=2 -Wstrict-prototypes -Wmissing-prototypes -Wnested-externs -Wbad-function-cast -Wold-style-definition -Wdeclaration-after-statement -Wunused -Wuninitialized -Wshadow -Wmissing-noreturn -Wmissing-format-attribute -Wredundant-decls -Wlogical-op -Wimplicit -Wnonnull -Winit-self -Wmain -Wmissing-braces -Wsequence-point -Wreturn-type -Wtrigraphs -Warray-bounds -Wwrite-strings -Waddress -Wint-to-pointer-cast -Wpointer-to-int-cast -fno-strict-aliasing  -O3 -march=native -pipe -g0 -fno-stack-protector -fno-stack-clash-protection -fstack-check=no -fno-stack-check -c -o hashtab.lo /tmp/portage/x11-libs/libXpm-3.5.13/work/libXpm-3.5.13/src/hashtab.c
libtool: compile:  x86_64-pc-linux-gnu-gcc -DHAVE_CONFIG_H -I. -I/tmp/portage/x11-libs/libXpm-3.5.13/work/libXpm-3.5.13/src -I.. -I/tmp/portage/x11-libs/libXpm-3.5.13/work/libXpm-3.5.13/include/X11/ -Wall -Wpointer-arith -Wmissing-declarations -Wformat=2 -Wstrict-prototypes -Wmissing-prototypes -Wnested-externs -Wbad-function-cast -Wold-style-definition -Wdeclaration-after-statement -Wunused -Wuninitialized -Wshadow -Wmissing-noreturn -Wmissing-format-attribute -Wredundant-decls -Wlogical-op -Wimplicit -Wnonnull -Winit-self -Wmain -Wmissing-braces -Wsequence-point -Wreturn-type -Wtrigraphs -Warray-bounds -Wwrite-strings -Waddress -Wint-to-pointer-cast -Wpointer-to-int-cast -fno-strict-aliasing -O3 -march=native -pipe -g0 -fno-stack-protector -fno-stack-clash-protection -fstack-check=no -fno-stack-check -c /tmp/portage/x11-libs/libXpm-3.5.13/work/libXpm-3.5.13/src/Info.c  -fPIC -DPIC -o .libs/Info.o
libtool: compile:  x86_64-pc-linux-gnu-gcc -DHAVE_CONFIG_H -I. -I/tmp/portage/x11-libs/libXpm-3.5.13/work/libXpm-3.5.13/src -I.. -I/tmp/portage/x11-libs/libXpm-3.5.13/work/libXpm-3.5.13/include/X11/ -Wall -Wpointer-arith -Wmissing-declarations -Wformat=2 -Wstrict-prototypes -Wmissing-prototypes -Wnested-externs -Wbad-function-cast -Wold-style-definition -Wdeclaration-after-statement -Wunused -Wuninitialized -Wshadow -Wmissing-noreturn -Wmissing-format-attribute -Wredundant-decls -Wlogical-op -Wimplicit -Wnonnull -Winit-self -Wmain -Wmissing-braces -Wsequence-point -Wreturn-type -Wtrigraphs -Warray-bounds -Wwrite-strings -Waddress -Wint-to-pointer-cast -Wpointer-to-int-cast -fno-strict-aliasing -O3 -march=native -pipe -g0 -fno-stack-protector -fno-stack-clash-protection -fstack-check=no -fno-stack-check -c /tmp/portage/x11-libs/libXpm-3.5.13/work/libXpm-3.5.13/src/RdFToDat.c  -fPIC -DPIC -o .libs/RdFToDat.o
libtool: compile:  x86_64-pc-linux-gnu-gcc -DHAVE_CONFIG_H -I. -I/tmp/portage/x11-libs/libXpm-3.5.13/work/libXpm-3.5.13/src -I.. -I/tmp/portage/x11-libs/libXpm-3.5.13/work/libXpm-3.5.13/include/X11/ -Wall -Wpointer-arith -Wmissing-declarations -Wformat=2 -Wstrict-prototypes -Wmissing-prototypes -Wnested-externs -Wbad-function-cast -Wold-style-definition -Wdeclaration-after-statement -Wunused -Wuninitialized -Wshadow -Wmissing-noreturn -Wmissing-format-attribute -Wredundant-decls -Wlogical-op -Wimplicit -Wnonnull -Winit-self -Wmain -Wmissing-braces -Wsequence-point -Wreturn-type -Wtrigraphs -Warray-bounds -Wwrite-strings -Waddress -Wint-to-pointer-cast -Wpointer-to-int-cast -fno-strict-aliasing -O3 -march=native -pipe -g0 -fno-stack-protector -fno-stack-clash-protection -fstack-check=no -fno-stack-check -c /tmp/portage/x11-libs/libXpm-3.5.13/work/libXpm-3.5.13/src/RdFToBuf.c  -fPIC -DPIC -o .libs/RdFToBuf.o
libtool: compile:  x86_64-pc-linux-gnu-gcc -DHAVE_CONFIG_H -I. -I/tmp/portage/x11-libs/libXpm-3.5.13/work/libXpm-3.5.13/src -I.. -I/tmp/portage/x11-libs/libXpm-3.5.13/work/libXpm-3.5.13/include/X11/ -Wall -Wpointer-arith -Wmissing-declarations -Wformat=2 -Wstrict-prototypes -Wmissing-prototypes -Wnested-externs -Wbad-function-cast -Wold-style-definition -Wdeclaration-after-statement -Wunused -Wuninitialized -Wshadow -Wmissing-noreturn -Wmissing-format-attribute -Wredundant-decls -Wlogical-op -Wimplicit -Wnonnull -Winit-self -Wmain -Wmissing-braces -Wsequence-point -Wreturn-type -Wtrigraphs -Warray-bounds -Wwrite-strings -Waddress -Wint-to-pointer-cast -Wpointer-to-int-cast -fno-strict-aliasing -O3 -march=native -pipe -g0 -fno-stack-protector -fno-stack-clash-protection -fstack-check=no -fno-stack-check -c /tmp/portage/x11-libs/libXpm-3.5.13/work/libXpm-3.5.13/src/WrFFrBuf.c  -fPIC -DPIC -o .libs/WrFFrBuf.o
libtool: compile:  x86_64-pc-linux-gnu-gcc -DHAVE_CONFIG_H -I. -I/tmp/portage/x11-libs/libXpm-3.5.13/work/libXpm-3.5.13/src -I.. -I/tmp/portage/x11-libs/libXpm-3.5.13/work/libXpm-3.5.13/include/X11/ -Wall -Wpointer-arith -Wmissing-declarations -Wformat=2 -Wstrict-prototypes -Wmissing-prototypes -Wnested-externs -Wbad-function-cast -Wold-style-definition -Wdeclaration-after-statement -Wunused -Wuninitialized -Wshadow -Wmissing-noreturn -Wmissing-format-attribute -Wredundant-decls -Wlogical-op -Wimplicit -Wnonnull -Winit-self -Wmain -Wmissing-braces -Wsequence-point -Wreturn-type -Wtrigraphs -Warray-bounds -Wwrite-strings -Waddress -Wint-to-pointer-cast -Wpointer-to-int-cast -fno-strict-aliasing -O3 -march=native -pipe -g0 -fno-stack-protector -fno-stack-clash-protection -fstack-check=no -fno-stack-check -c /tmp/portage/x11-libs/libXpm-3.5.13/work/libXpm-3.5.13/src/RdFToP.c  -fPIC -DPIC -o .libs/RdFToP.o
libtool: compile:  x86_64-pc-linux-gnu-gcc -DHAVE_CONFIG_H -I. -I/tmp/portage/x11-libs/libXpm-3.5.13/work/libXpm-3.5.13/src -I.. -I/tmp/portage/x11-libs/libXpm-3.5.13/work/libXpm-3.5.13/include/X11/ -Wall -Wpointer-arith -Wmissing-declarations -Wformat=2 -Wstrict-prototypes -Wmissing-prototypes -Wnested-externs -Wbad-function-cast -Wold-style-definition -Wdeclaration-after-statement -Wunused -Wuninitialized -Wshadow -Wmissing-noreturn -Wmissing-format-attribute -Wredundant-decls -Wlogical-op -Wimplicit -Wnonnull -Winit-self -Wmain -Wmissing-braces -Wsequence-point -Wreturn-type -Wtrigraphs -Warray-bounds -Wwrite-strings -Waddress -Wint-to-pointer-cast -Wpointer-to-int-cast -fno-strict-aliasing -O3 -march=native -pipe -g0 -fno-stack-protector -fno-stack-clash-protection -fstack-check=no -fno-stack-check -c /tmp/portage/x11-libs/libXpm-3.5.13/work/libXpm-3.5.13/src/RdFToI.c  -fPIC -DPIC -o .libs/RdFToI.o
libtool: compile:  x86_64-pc-linux-gnu-gcc -DHAVE_CONFIG_H -I. -I/tmp/portage/x11-libs/libXpm-3.5.13/work/libXpm-3.5.13/src -I.. -I/tmp/portage/x11-libs/libXpm-3.5.13/work/libXpm-3.5.13/include/X11/ -Wall -Wpointer-arith -Wmissing-declarations -Wformat=2 -Wstrict-prototypes -Wmissing-prototypes -Wnested-externs -Wbad-function-cast -Wold-style-definition -Wdeclaration-after-statement -Wunused -Wuninitialized -Wshadow -Wmissing-noreturn -Wmissing-format-attribute -Wredundant-decls -Wlogical-op -Wimplicit -Wnonnull -Winit-self -Wmain -Wmissing-braces -Wsequence-point -Wreturn-type -Wtrigraphs -Warray-bounds -Wwrite-strings -Waddress -Wint-to-pointer-cast -Wpointer-to-int-cast -fno-strict-aliasing -O3 -march=native -pipe -g0 -fno-stack-protector -fno-stack-clash-protection -fstack-check=no -fno-stack-check -c /tmp/portage/x11-libs/libXpm-3.5.13/work/libXpm-3.5.13/src/WrFFrDat.c  -fPIC -DPIC -o .libs/WrFFrDat.o
libtool: compile:  x86_64-pc-linux-gnu-gcc -DHAVE_CONFIG_H -I. -I/tmp/portage/x11-libs/libXpm-3.5.13/work/libXpm-3.5.13/src -I.. -I/tmp/portage/x11-libs/libXpm-3.5.13/work/libXpm-3.5.13/include/X11/ -Wall -Wpointer-arith -Wmissing-declarations -Wformat=2 -Wstrict-prototypes -Wmissing-prototypes -Wnested-externs -Wbad-function-cast -Wold-style-definition -Wdeclaration-after-statement -Wunused -Wuninitialized -Wshadow -Wmissing-noreturn -Wmissing-format-attribute -Wredundant-decls -Wlogical-op -Wimplicit -Wnonnull -Winit-self -Wmain -Wmissing-braces -Wsequence-point -Wreturn-type -Wtrigraphs -Warray-bounds -Wwrite-strings -Waddress -Wint-to-pointer-cast -Wpointer-to-int-cast -fno-strict-aliasing -O3 -march=native -pipe -g0 -fno-stack-protector -fno-stack-clash-protection -fstack-check=no -fno-stack-check -c /tmp/portage/x11-libs/libXpm-3.5.13/work/libXpm-3.5.13/src/WrFFrP.c  -fPIC -DPIC -o .libs/WrFFrP.o
libtool: compile:  x86_64-pc-linux-gnu-gcc -DHAVE_CONFIG_H -I. -I/tmp/portage/x11-libs/libXpm-3.5.13/work/libXpm-3.5.13/src -I.. -I/tmp/portage/x11-libs/libXpm-3.5.13/work/libXpm-3.5.13/include/X11/ -Wall -Wpointer-arith -Wmissing-declarations -Wformat=2 -Wstrict-prototypes -Wmissing-prototypes -Wnested-externs -Wbad-function-cast -Wold-style-definition -Wdeclaration-after-statement -Wunused -Wuninitialized -Wshadow -Wmissing-noreturn -Wmissing-format-attribute -Wredundant-decls -Wlogical-op -Wimplicit -Wnonnull -Winit-self -Wmain -Wmissing-braces -Wsequence-point -Wreturn-type -Wtrigraphs -Warray-bounds -Wwrite-strings -Waddress -Wint-to-pointer-cast -Wpointer-to-int-cast -fno-strict-aliasing -O3 -march=native -pipe -g0 -fno-stack-protector -fno-stack-clash-protection -fstack-check=no -fno-stack-check -c /tmp/portage/x11-libs/libXpm-3.5.13/work/libXpm-3.5.13/src/WrFFrI.c  -fPIC -DPIC -o .libs/WrFFrI.o
libtool: compile:  x86_64-pc-linux-gnu-gcc -DHAVE_CONFIG_H -I. -I/tmp/portage/x11-libs/libXpm-3.5.13/work/libXpm-3.5.13/src -I.. -I/tmp/portage/x11-libs/libXpm-3.5.13/work/libXpm-3.5.13/include/X11/ -Wall -Wpointer-arith -Wmissing-declarations -Wformat=2 -Wstrict-prototypes -Wmissing-prototypes -Wnested-externs -Wbad-function-cast -Wold-style-definition -Wdeclaration-after-statement -Wunused -Wuninitialized -Wshadow -Wmissing-noreturn -Wmissing-format-attribute -Wredundant-decls -Wlogical-op -Wimplicit -Wnonnull -Winit-self -Wmain -Wmissing-braces -Wsequence-point -Wreturn-type -Wtrigraphs -Warray-bounds -Wwrite-strings -Waddress -Wint-to-pointer-cast -Wpointer-to-int-cast -fno-strict-aliasing -O3 -march=native -pipe -g0 -fno-stack-protector -fno-stack-clash-protection -fstack-check=no -fno-stack-check -c /tmp/portage/x11-libs/libXpm-3.5.13/work/libXpm-3.5.13/src/create.c  -fPIC -DPIC -o .libs/create.o
/bin/sh ../libtool  --tag=CC   --mode=compile x86_64-pc-linux-gnu-gcc -DHAVE_CONFIG_H -I. -I/tmp/portage/x11-libs/libXpm-3.5.13/work/libXpm-3.5.13/src -I..  -I/tmp/portage/x11-libs/libXpm-3.5.13/work/libXpm-3.5.13/include/X11/  -Wall -Wpointer-arith -Wmissing-declarations -Wformat=2 -Wstrict-prototypes -Wmissing-prototypes -Wnested-externs -Wbad-function-cast -Wold-style-definition -Wdeclaration-after-statement -Wunused -Wuninitialized -Wshadow -Wmissing-noreturn -Wmissing-format-attribute -Wredundant-decls -Wlogical-op -Wimplicit -Wnonnull -Winit-self -Wmain -Wmissing-braces -Wsequence-point -Wreturn-type -Wtrigraphs -Warray-bounds -Wwrite-strings -Waddress -Wint-to-pointer-cast -Wpointer-to-int-cast -fno-strict-aliasing  -O3 -march=native -pipe -g0 -fno-stack-protector -fno-stack-clash-protection -fstack-check=no -fno-stack-check -c -o misc.lo /tmp/portage/x11-libs/libXpm-3.5.13/work/libXpm-3.5.13/src/misc.c
/bin/sh ../libtool  --tag=CC   --mode=compile x86_64-pc-linux-gnu-gcc -DHAVE_CONFIG_H -I. -I/tmp/portage/x11-libs/libXpm-3.5.13/work/libXpm-3.5.13/src -I..  -I/tmp/portage/x11-libs/libXpm-3.5.13/work/libXpm-3.5.13/include/X11/  -Wall -Wpointer-arith -Wmissing-declarations -Wformat=2 -Wstrict-prototypes -Wmissing-prototypes -Wnested-externs -Wbad-function-cast -Wold-style-definition -Wdeclaration-after-statement -Wunused -Wuninitialized -Wshadow -Wmissing-noreturn -Wmissing-format-attribute -Wredundant-decls -Wlogical-op -Wimplicit -Wnonnull -Winit-self -Wmain -Wmissing-braces -Wsequence-point -Wreturn-type -Wtrigraphs -Warray-bounds -Wwrite-strings -Waddress -Wint-to-pointer-cast -Wpointer-to-int-cast -fno-strict-aliasing  -O3 -march=native -pipe -g0 -fno-stack-protector -fno-stack-clash-protection -fstack-check=no -fno-stack-check -c -o parse.lo /tmp/portage/x11-libs/libXpm-3.5.13/work/libXpm-3.5.13/src/parse.c
/bin/sh ../libtool  --tag=CC   --mode=compile x86_64-pc-linux-gnu-gcc -DHAVE_CONFIG_H -I. -I/tmp/portage/x11-libs/libXpm-3.5.13/work/libXpm-3.5.13/src -I..  -I/tmp/portage/x11-libs/libXpm-3.5.13/work/libXpm-3.5.13/include/X11/  -Wall -Wpointer-arith -Wmissing-declarations -Wformat=2 -Wstrict-prototypes -Wmissing-prototypes -Wnested-externs -Wbad-function-cast -Wold-style-definition -Wdeclaration-after-statement -Wunused -Wuninitialized -Wshadow -Wmissing-noreturn -Wmissing-format-attribute -Wredundant-decls -Wlogical-op -Wimplicit -Wnonnull -Winit-self -Wmain -Wmissing-braces -Wsequence-point -Wreturn-type -Wtrigraphs -Warray-bounds -Wwrite-strings -Waddress -Wint-to-pointer-cast -Wpointer-to-int-cast -fno-strict-aliasing  -O3 -march=native -pipe -g0 -fno-stack-protector -fno-stack-clash-protection -fstack-check=no -fno-stack-check -c -o rgb.lo /tmp/portage/x11-libs/libXpm-3.5.13/work/libXpm-3.5.13/src/rgb.c
/bin/sh ../libtool  --tag=CC   --mode=compile x86_64-pc-linux-gnu-gcc -DHAVE_CONFIG_H -I. -I/tmp/portage/x11-libs/libXpm-3.5.13/work/libXpm-3.5.13/src -I..  -I/tmp/portage/x11-libs/libXpm-3.5.13/work/libXpm-3.5.13/include/X11/  -Wall -Wpointer-arith -Wmissing-declarations -Wformat=2 -Wstrict-prototypes -Wmissing-prototypes -Wnested-externs -Wbad-function-cast -Wold-style-definition -Wdeclaration-after-statement -Wunused -Wuninitialized -Wshadow -Wmissing-noreturn -Wmissing-format-attribute -Wredundant-decls -Wlogical-op -Wimplicit -Wnonnull -Winit-self -Wmain -Wmissing-braces -Wsequence-point -Wreturn-type -Wtrigraphs -Warray-bounds -Wwrite-strings -Waddress -Wint-to-pointer-cast -Wpointer-to-int-cast -fno-strict-aliasing  -O3 -march=native -pipe -g0 -fno-stack-protector -fno-stack-clash-protection -fstack-check=no -fno-stack-check -c -o scan.lo /tmp/portage/x11-libs/libXpm-3.5.13/work/libXpm-3.5.13/src/scan.c
libtool: compile:  x86_64-pc-linux-gnu-gcc -DHAVE_CONFIG_H -I. -I/tmp/portage/x11-libs/libXpm-3.5.13/work/libXpm-3.5.13/src -I.. -I/tmp/portage/x11-libs/libXpm-3.5.13/work/libXpm-3.5.13/include/X11/ -Wall -Wpointer-arith -Wmissing-declarations -Wformat=2 -Wstrict-prototypes -Wmissing-prototypes -Wnested-externs -Wbad-function-cast -Wold-style-definition -Wdeclaration-after-statement -Wunused -Wuninitialized -Wshadow -Wmissing-noreturn -Wmissing-format-attribute -Wredundant-decls -Wlogical-op -Wimplicit -Wnonnull -Winit-self -Wmain -Wmissing-braces -Wsequence-point -Wreturn-type -Wtrigraphs -Warray-bounds -Wwrite-strings -Waddress -Wint-to-pointer-cast -Wpointer-to-int-cast -fno-strict-aliasing -O3 -march=native -pipe -g0 -fno-stack-protector -fno-stack-clash-protection -fstack-check=no -fno-stack-check -c /tmp/portage/x11-libs/libXpm-3.5.13/work/libXpm-3.5.13/src/hashtab.c  -fPIC -DPIC -o .libs/hashtab.o
libtool: compile:  x86_64-pc-linux-gnu-gcc -DHAVE_CONFIG_H -I. -I/tmp/portage/x11-libs/libXpm-3.5.13/work/libXpm-3.5.13/src -I.. -I/tmp/portage/x11-libs/libXpm-3.5.13/work/libXpm-3.5.13/include/X11/ -Wall -Wpointer-arith -Wmissing-declarations -Wformat=2 -Wstrict-prototypes -Wmissing-prototypes -Wnested-externs -Wbad-function-cast -Wold-style-definition -Wdeclaration-after-statement -Wunused -Wuninitialized -Wshadow -Wmissing-noreturn -Wmissing-format-attribute -Wredundant-decls -Wlogical-op -Wimplicit -Wnonnull -Winit-self -Wmain -Wmissing-braces -Wsequence-point -Wreturn-type -Wtrigraphs -Warray-bounds -Wwrite-strings -Waddress -Wint-to-pointer-cast -Wpointer-to-int-cast -fno-strict-aliasing -O3 -march=native -pipe -g0 -fno-stack-protector -fno-stack-clash-protection -fstack-check=no -fno-stack-check -c /tmp/portage/x11-libs/libXpm-3.5.13/work/libXpm-3.5.13/src/data.c  -fPIC -DPIC -o .libs/data.o
libtool: compile:  x86_64-pc-linux-gnu-gcc -DHAVE_CONFIG_H -I. -I/tmp/portage/x11-libs/libXpm-3.5.13/work/libXpm-3.5.13/src -I.. -I/tmp/portage/x11-libs/libXpm-3.5.13/work/libXpm-3.5.13/include/X11/ -Wall -Wpointer-arith -Wmissing-declarations -Wformat=2 -Wstrict-prototypes -Wmissing-prototypes -Wnested-externs -Wbad-function-cast -Wold-style-definition -Wdeclaration-after-statement -Wunused -Wuninitialized -Wshadow -Wmissing-noreturn -Wmissing-format-attribute -Wredundant-decls -Wlogical-op -Wimplicit -Wnonnull -Winit-self -Wmain -Wmissing-braces -Wsequence-point -Wreturn-type -Wtrigraphs -Warray-bounds -Wwrite-strings -Waddress -Wint-to-pointer-cast -Wpointer-to-int-cast -fno-strict-aliasing -O3 -march=native -pipe -g0 -fno-stack-protector -fno-stack-clash-protection -fstack-check=no -fno-stack-check -c /tmp/portage/x11-libs/libXpm-3.5.13/work/libXpm-3.5.13/src/rgb.c  -fPIC -DPIC -o .libs/rgb.o
libtool: compile:  x86_64-pc-linux-gnu-gcc -DHAVE_CONFIG_H -I. -I/tmp/portage/x11-libs/libXpm-3.5.13/work/libXpm-3.5.13/src -I.. -I/tmp/portage/x11-libs/libXpm-3.5.13/work/libXpm-3.5.13/include/X11/ -Wall -Wpointer-arith -Wmissing-declarations -Wformat=2 -Wstrict-prototypes -Wmissing-prototypes -Wnested-externs -Wbad-function-cast -Wold-style-definition -Wdeclaration-after-statement -Wunused -Wuninitialized -Wshadow -Wmissing-noreturn -Wmissing-format-attribute -Wredundant-decls -Wlogical-op -Wimplicit -Wnonnull -Winit-self -Wmain -Wmissing-braces -Wsequence-point -Wreturn-type -Wtrigraphs -Warray-bounds -Wwrite-strings -Waddress -Wint-to-pointer-cast -Wpointer-to-int-cast -fno-strict-aliasing -O3 -march=native -pipe -g0 -fno-stack-protector -fno-stack-clash-protection -fstack-check=no -fno-stack-check -c /tmp/portage/x11-libs/libXpm-3.5.13/work/libXpm-3.5.13/src/parse.c  -fPIC -DPIC -o .libs/parse.o
libtool: compile:  x86_64-pc-linux-gnu-gcc -DHAVE_CONFIG_H -I. -I/tmp/portage/x11-libs/libXpm-3.5.13/work/libXpm-3.5.13/src -I.. -I/tmp/portage/x11-libs/libXpm-3.5.13/work/libXpm-3.5.13/include/X11/ -Wall -Wpointer-arith -Wmissing-declarations -Wformat=2 -Wstrict-prototypes -Wmissing-prototypes -Wnested-externs -Wbad-function-cast -Wold-style-definition -Wdeclaration-after-statement -Wunused -Wuninitialized -Wshadow -Wmissing-noreturn -Wmissing-format-attribute -Wredundant-decls -Wlogical-op -Wimplicit -Wnonnull -Winit-self -Wmain -Wmissing-braces -Wsequence-point -Wreturn-type -Wtrigraphs -Warray-bounds -Wwrite-strings -Waddress -Wint-to-pointer-cast -Wpointer-to-int-cast -fno-strict-aliasing -O3 -march=native -pipe -g0 -fno-stack-protector -fno-stack-clash-protection -fstack-check=no -fno-stack-check -c /tmp/portage/x11-libs/libXpm-3.5.13/work/libXpm-3.5.13/src/misc.c  -fPIC -DPIC -o .libs/misc.o
libtool: compile:  x86_64-pc-linux-gnu-gcc -DHAVE_CONFIG_H -I. -I/tmp/portage/x11-libs/libXpm-3.5.13/work/libXpm-3.5.13/src -I.. -I/tmp/portage/x11-libs/libXpm-3.5.13/work/libXpm-3.5.13/include/X11/ -Wall -Wpointer-arith -Wmissing-declarations -Wformat=2 -Wstrict-prototypes -Wmissing-prototypes -Wnested-externs -Wbad-function-cast -Wold-style-definition -Wdeclaration-after-statement -Wunused -Wuninitialized -Wshadow -Wmissing-noreturn -Wmissing-format-attribute -Wredundant-decls -Wlogical-op -Wimplicit -Wnonnull -Winit-self -Wmain -Wmissing-braces -Wsequence-point -Wreturn-type -Wtrigraphs -Warray-bounds -Wwrite-strings -Waddress -Wint-to-pointer-cast -Wpointer-to-int-cast -fno-strict-aliasing -O3 -march=native -pipe -g0 -fno-stack-protector -fno-stack-clash-protection -fstack-check=no -fno-stack-check -c /tmp/portage/x11-libs/libXpm-3.5.13/work/libXpm-3.5.13/src/scan.c  -fPIC -DPIC -o .libs/scan.o
/tmp/portage/x11-libs/libXpm-3.5.13/work/libXpm-3.5.13/src/misc.c: In function 'XpmGetErrorString':
/tmp/portage/x11-libs/libXpm-3.5.13/work/libXpm-3.5.13/src/misc.c:88:9: warning: return discards 'const' qualifier from pointer target type [-Wdiscarded-qualifiers]
   88 |  return ("XpmColorError");
      |         ^
/tmp/portage/x11-libs/libXpm-3.5.13/work/libXpm-3.5.13/src/misc.c:90:9: warning: return discards 'const' qualifier from pointer target type [-Wdiscarded-qualifiers]
   90 |  return ("XpmSuccess");
      |         ^
/tmp/portage/x11-libs/libXpm-3.5.13/work/libXpm-3.5.13/src/misc.c:92:9: warning: return discards 'const' qualifier from pointer target type [-Wdiscarded-qualifiers]
   92 |  return ("XpmOpenFailed");
      |         ^
/tmp/portage/x11-libs/libXpm-3.5.13/work/libXpm-3.5.13/src/misc.c:94:9: warning: return discards 'const' qualifier from pointer target type [-Wdiscarded-qualifiers]
   94 |  return ("XpmFileInvalid");
      |         ^
/tmp/portage/x11-libs/libXpm-3.5.13/work/libXpm-3.5.13/src/misc.c:96:9: warning: return discards 'const' qualifier from pointer target type [-Wdiscarded-qualifiers]
   96 |  return ("XpmNoMemory");
      |         ^
/tmp/portage/x11-libs/libXpm-3.5.13/work/libXpm-3.5.13/src/misc.c:98:9: warning: return discards 'const' qualifier from pointer target type [-Wdiscarded-qualifiers]
   98 |  return ("XpmColorFailed");
      |         ^
/tmp/portage/x11-libs/libXpm-3.5.13/work/libXpm-3.5.13/src/misc.c:100:9: warning: return discards 'const' qualifier from pointer target type [-Wdiscarded-qualifiers]
  100 |  return ("Invalid XpmError");
      |         ^
/bin/sh ../libtool  --tag=CC   --mode=link x86_64-pc-linux-gnu-gcc -Wall -Wpointer-arith -Wmissing-declarations -Wformat=2 -Wstrict-prototypes -Wmissing-prototypes -Wnested-externs -Wbad-function-cast -Wold-style-definition -Wdeclaration-after-statement -Wunused -Wuninitialized -Wshadow -Wmissing-noreturn -Wmissing-format-attribute -Wredundant-decls -Wlogical-op -Wimplicit -Wnonnull -Winit-self -Wmain -Wmissing-braces -Wsequence-point -Wreturn-type -Wtrigraphs -Warray-bounds -Wwrite-strings -Waddress -Wint-to-pointer-cast -Wpointer-to-int-cast -fno-strict-aliasing  -O3 -march=native -pipe -g0 -fno-stack-protector -fno-stack-clash-protection -fstack-check=no -fno-stack-check -version-number 4:11:0 -no-undefined -Wl,-O1 -Wl,--as-needed -Wl,--defsym=__gentoo_check_ldflags__=0 -Wl,--hash-style=gnu -Wl,-z,norelro -o libXpm.la -rpath /usr/lib64 Attrib.lo CrBufFrI.lo CrBufFrP.lo CrDatFrI.lo CrDatFrP.lo CrIFrBuf.lo CrIFrDat.lo CrIFrP.lo CrPFrBuf.lo CrPFrDat.lo CrPFrI.lo Image.lo Info.lo RdFToBuf.lo RdFToDat.lo RdFToI.lo RdFToP.lo WrFFrBuf.lo WrFFrDat.lo WrFFrI.lo WrFFrP.lo create.lo data.lo hashtab.lo misc.lo parse.lo rgb.lo scan.lo -lX11 
libtool: link: x86_64-pc-linux-gnu-gcc -shared  -fPIC -DPIC  .libs/Attrib.o .libs/CrBufFrI.o .libs/CrBufFrP.o .libs/CrDatFrI.o .libs/CrDatFrP.o .libs/CrIFrBuf.o .libs/CrIFrDat.o .libs/CrIFrP.o .libs/CrPFrBuf.o .libs/CrPFrDat.o .libs/CrPFrI.o .libs/Image.o .libs/Info.o .libs/RdFToBuf.o .libs/RdFToDat.o .libs/RdFToI.o .libs/RdFToP.o .libs/WrFFrBuf.o .libs/WrFFrDat.o .libs/WrFFrI.o .libs/WrFFrP.o .libs/create.o .libs/data.o .libs/hashtab.o .libs/misc.o .libs/parse.o .libs/rgb.o .libs/scan.o   -Wl,--as-needed -lX11  -O3 -march=native -g0 -Wl,-O1 -Wl,--defsym=__gentoo_check_ldflags__=0 -Wl,--hash-style=gnu -Wl,-z -Wl,norelro   -Wl,-soname -Wl,libXpm.so.4 -o .libs/libXpm.so.4.11.0
libtool: link: (cd ".libs" && rm -f "libXpm.so.4" && ln -s "libXpm.so.4.11.0" "libXpm.so.4")
libtool: link: (cd ".libs" && rm -f "libXpm.so" && ln -s "libXpm.so.4.11.0" "libXpm.so")
libtool: link: ( cd ".libs" && rm -f "libXpm.la" && ln -s "../libXpm.la" "libXpm.la" )
make[2]: Leaving directory '/tmp/portage/x11-libs/libXpm-3.5.13/work/libXpm-3.5.13-abi_x86_64.amd64/src'
Making all in sxpm
make[2]: Entering directory '/tmp/portage/x11-libs/libXpm-3.5.13/work/libXpm-3.5.13-abi_x86_64.amd64/sxpm'
x86_64-pc-linux-gnu-gcc -DHAVE_CONFIG_H -I. -I/tmp/portage/x11-libs/libXpm-3.5.13/work/libXpm-3.5.13/sxpm -I..  -I/tmp/portage/x11-libs/libXpm-3.5.13/work/libXpm-3.5.13/include  -Wall -Wpointer-arith -Wmissing-declarations -Wformat=2 -Wstrict-prototypes -Wmissing-prototypes -Wnested-externs -Wbad-function-cast -Wold-style-definition -Wdeclaration-after-statement -Wunused -Wuninitialized -Wshadow -Wmissing-noreturn -Wmissing-format-attribute -Wredundant-decls -Wlogical-op -Wimplicit -Wnonnull -Winit-self -Wmain -Wmissing-braces -Wsequence-point -Wreturn-type -Wtrigraphs -Warray-bounds -Wwrite-strings -Waddress -Wint-to-pointer-cast -Wpointer-to-int-cast -fno-strict-aliasing  -O3 -march=native -pipe -g0 -fno-stack-protector -fno-stack-clash-protection -fstack-check=no -fno-stack-check -c -o sxpm.o /tmp/portage/x11-libs/libXpm-3.5.13/work/libXpm-3.5.13/sxpm/sxpm.c
xgettext -c"L10N_Comments" -d sxpm -n /tmp/portage/x11-libs/libXpm-3.5.13/work/libXpm-3.5.13/sxpm/sxpm.c
/tmp/portage/x11-libs/libXpm-3.5.13/work/libXpm-3.5.13/sxpm/sxpm.c:64:5: warning: initialization discards 'const' qualifier from pointer target type [-Wdiscarded-qualifiers]
   64 |     "22 22 4 2 XPMEXT",
      |     ^~~~~~~~~~~~~~~~~~
/tmp/portage/x11-libs/libXpm-3.5.13/work/libXpm-3.5.13/sxpm/sxpm.c:66:5: warning: initialization discards 'const' qualifier from pointer target type [-Wdiscarded-qualifiers]
   66 |     "   c red  m white  s light_color",
      |     ^~~~~~~~~~~~~~~~~~~~~~~~~~~~~~~~~~
/tmp/portage/x11-libs/libXpm-3.5.13/work/libXpm-3.5.13/sxpm/sxpm.c:67:5: warning: initialization discards 'const' qualifier from pointer target type [-Wdiscarded-qualifiers]
   67 |     "Y  c green m black  s lines_in_mix",
      |     ^~~~~~~~~~~~~~~~~~~~~~~~~~~~~~~~~~~~
/tmp/portage/x11-libs/libXpm-3.5.13/work/libXpm-3.5.13/sxpm/sxpm.c:68:5: warning: initialization discards 'const' qualifier from pointer target type [-Wdiscarded-qualifiers]
   68 |     "+  c yellow m white  s lines_in_dark",
      |     ^~~~~~~~~~~~~~~~~~~~~~~~~~~~~~~~~~~~~~
/tmp/portage/x11-libs/libXpm-3.5.13/work/libXpm-3.5.13/sxpm/sxpm.c:69:5: warning: initialization discards 'const' qualifier from pointer target type [-Wdiscarded-qualifiers]
   69 |     "x   m black  s dark_color",
      |     ^~~~~~~~~~~~~~~~~~~~~~~~~~~
/tmp/portage/x11-libs/libXpm-3.5.13/work/libXpm-3.5.13/sxpm/sxpm.c:71:5: warning: initialization discards 'const' qualifier from pointer target type [-Wdiscarded-qualifiers]
   71 |     "x   x   x x x   x   x x x x x x + x x x x x ",
      |     ^~~~~~~~~~~~~~~~~~~~~~~~~~~~~~~~~~~~~~~~~~~~~~
/tmp/portage/x11-libs/libXpm-3.5.13/work/libXpm-3.5.13/sxpm/sxpm.c:72:5: warning: initialization discards 'const' qualifier from pointer target type [-Wdiscarded-qualifiers]
   72 |     "  x   x   x   x   x   x x x x x x x x x x x ",
      |     ^~~~~~~~~~~~~~~~~~~~~~~~~~~~~~~~~~~~~~~~~~~~~~
/tmp/portage/x11-libs/libXpm-3.5.13/work/libXpm-3.5.13/sxpm/sxpm.c:73:5: warning: initialization discards 'const' qualifier from pointer target type [-Wdiscarded-qualifiers]
   73 |     "x   x   x x x   x   x x x x x x + x x x x x ",
      |     ^~~~~~~~~~~~~~~~~~~~~~~~~~~~~~~~~~~~~~~~~~~~~~
/tmp/portage/x11-libs/libXpm-3.5.13/work/libXpm-3.5.13/sxpm/sxpm.c:74:5: warning: initialization discards 'const' qualifier from pointer target type [-Wdiscarded-qualifiers]
   74 |     "  x   x   x   x   x   x x x x x x x x x x x ",
      |     ^~~~~~~~~~~~~~~~~~~~~~~~~~~~~~~~~~~~~~~~~~~~~~
/tmp/portage/x11-libs/libXpm-3.5.13/work/libXpm-3.5.13/sxpm/sxpm.c:75:5: warning: initialization discards 'const' qualifier from pointer target type [-Wdiscarded-qualifiers]
   75 |     "x   x   x x x   x   x x x x x x + x x x x x ",
      |     ^~~~~~~~~~~~~~~~~~~~~~~~~~~~~~~~~~~~~~~~~~~~~~
/tmp/portage/x11-libs/libXpm-3.5.13/work/libXpm-3.5.13/sxpm/sxpm.c:76:5: warning: initialization discards 'const' qualifier from pointer target type [-Wdiscarded-qualifiers]
   76 |     "Y Y Y Y Y x Y Y Y Y Y + x + x + x + x + x + ",
      |     ^~~~~~~~~~~~~~~~~~~~~~~~~~~~~~~~~~~~~~~~~~~~~~
/tmp/portage/x11-libs/libXpm-3.5.13/work/libXpm-3.5.13/sxpm/sxpm.c:77:5: warning: initialization discards 'const' qualifier from pointer target type [-Wdiscarded-qualifiers]
   77 |     "x   x   x x x   x   x x x x x x + x x x x x ",
      |     ^~~~~~~~~~~~~~~~~~~~~~~~~~~~~~~~~~~~~~~~~~~~~~
/tmp/portage/x11-libs/libXpm-3.5.13/work/libXpm-3.5.13/sxpm/sxpm.c:78:5: warning: initialization discards 'const' qualifier from pointer target type [-Wdiscarded-qualifiers]
   78 |     "  x   x   x   x   x   x x x x x x x x x x x ",
      |     ^~~~~~~~~~~~~~~~~~~~~~~~~~~~~~~~~~~~~~~~~~~~~~
/tmp/portage/x11-libs/libXpm-3.5.13/work/libXpm-3.5.13/sxpm/sxpm.c:79:5: warning: initialization discards 'const' qualifier from pointer target type [-Wdiscarded-qualifiers]
   79 |     "x   x   x x x   x   x x x x x x + x x x x x ",
      |     ^~~~~~~~~~~~~~~~~~~~~~~~~~~~~~~~~~~~~~~~~~~~~~
/tmp/portage/x11-libs/libXpm-3.5.13/work/libXpm-3.5.13/sxpm/sxpm.c:80:5: warning: initialization discards 'const' qualifier from pointer target type [-Wdiscarded-qualifiers]
   80 |     "  x   x   x   x   x   x x x x x x x x x x x ",
      |     ^~~~~~~~~~~~~~~~~~~~~~~~~~~~~~~~~~~~~~~~~~~~~~
/tmp/portage/x11-libs/libXpm-3.5.13/work/libXpm-3.5.13/sxpm/sxpm.c:81:5: warning: initialization discards 'const' qualifier from pointer target type [-Wdiscarded-qualifiers]
   81 |     "x   x   x x x   x   x x x x x x + x x x x x ",
      |     ^~~~~~~~~~~~~~~~~~~~~~~~~~~~~~~~~~~~~~~~~~~~~~
/tmp/portage/x11-libs/libXpm-3.5.13/work/libXpm-3.5.13/sxpm/sxpm.c:82:5: warning: initialization discards 'const' qualifier from pointer target type [-Wdiscarded-qualifiers]
   82 |     "          x           x   x   x Y x   x   x ",
      |     ^~~~~~~~~~~~~~~~~~~~~~~~~~~~~~~~~~~~~~~~~~~~~~
/tmp/portage/x11-libs/libXpm-3.5.13/work/libXpm-3.5.13/sxpm/sxpm.c:83:5: warning: initialization discards 'const' qualifier from pointer target type [-Wdiscarded-qualifiers]
   83 |     "          x             x   x   Y   x   x   ",
      |     ^~~~~~~~~~~~~~~~~~~~~~~~~~~~~~~~~~~~~~~~~~~~~~
/tmp/portage/x11-libs/libXpm-3.5.13/work/libXpm-3.5.13/sxpm/sxpm.c:84:5: warning: initialization discards 'const' qualifier from pointer target type [-Wdiscarded-qualifiers]
   84 |     "          x           x   x   x Y x   x   x ",
      |     ^~~~~~~~~~~~~~~~~~~~~~~~~~~~~~~~~~~~~~~~~~~~~~
/tmp/portage/x11-libs/libXpm-3.5.13/work/libXpm-3.5.13/sxpm/sxpm.c:85:5: warning: initialization discards 'const' qualifier from pointer target type [-Wdiscarded-qualifiers]
   85 |     "          x             x   x   Y   x   x   ",
      |     ^~~~~~~~~~~~~~~~~~~~~~~~~~~~~~~~~~~~~~~~~~~~~~
/tmp/portage/x11-libs/libXpm-3.5.13/work/libXpm-3.5.13/sxpm/sxpm.c:86:5: warning: initialization discards 'const' qualifier from pointer target type [-Wdiscarded-qualifiers]
   86 |     "          x           x   x   x Y x   x   x ",
      |     ^~~~~~~~~~~~~~~~~~~~~~~~~~~~~~~~~~~~~~~~~~~~~~
/tmp/portage/x11-libs/libXpm-3.5.13/work/libXpm-3.5.13/sxpm/sxpm.c:87:5: warning: initialization discards 'const' qualifier from pointer target type [-Wdiscarded-qualifiers]
   87 |     "x x x x x x x x x x x x x x x x x x x x x x ",
      |     ^~~~~~~~~~~~~~~~~~~~~~~~~~~~~~~~~~~~~~~~~~~~~~
/tmp/portage/x11-libs/libXpm-3.5.13/work/libXpm-3.5.13/sxpm/sxpm.c:88:5: warning: initialization discards 'const' qualifier from pointer target type [-Wdiscarded-qualifiers]
   88 |     "          x           x   x   x Y x   x   x ",
      |     ^~~~~~~~~~~~~~~~~~~~~~~~~~~~~~~~~~~~~~~~~~~~~~
/tmp/portage/x11-libs/libXpm-3.5.13/work/libXpm-3.5.13/sxpm/sxpm.c:89:5: warning: initialization discards 'const' qualifier from pointer target type [-Wdiscarded-qualifiers]
   89 |     "          x             x   x   Y   x   x   ",
      |     ^~~~~~~~~~~~~~~~~~~~~~~~~~~~~~~~~~~~~~~~~~~~~~
/tmp/portage/x11-libs/libXpm-3.5.13/work/libXpm-3.5.13/sxpm/sxpm.c:90:5: warning: initialization discards 'const' qualifier from pointer target type [-Wdiscarded-qualifiers]
   90 |     "          x           x   x   x Y x   x   x ",
      |     ^~~~~~~~~~~~~~~~~~~~~~~~~~~~~~~~~~~~~~~~~~~~~~
/tmp/portage/x11-libs/libXpm-3.5.13/work/libXpm-3.5.13/sxpm/sxpm.c:91:5: warning: initialization discards 'const' qualifier from pointer target type [-Wdiscarded-qualifiers]
   91 |     "          x             x   x   Y   x   x   ",
      |     ^~~~~~~~~~~~~~~~~~~~~~~~~~~~~~~~~~~~~~~~~~~~~~
/tmp/portage/x11-libs/libXpm-3.5.13/work/libXpm-3.5.13/sxpm/sxpm.c:92:5: warning: initialization discards 'const' qualifier from pointer target type [-Wdiscarded-qualifiers]
   92 |     "          x           x   x   x Y x   x   x ",
      |     ^~~~~~~~~~~~~~~~~~~~~~~~~~~~~~~~~~~~~~~~~~~~~~
/tmp/portage/x11-libs/libXpm-3.5.13/work/libXpm-3.5.13/sxpm/sxpm.c:93:5: warning: initialization discards 'const' qualifier from pointer target type [-Wdiscarded-qualifiers]
   93 |     "bullshit",
      |     ^~~~~~~~~~
/tmp/portage/x11-libs/libXpm-3.5.13/work/libXpm-3.5.13/sxpm/sxpm.c:94:5: warning: initialization discards 'const' qualifier from pointer target type [-Wdiscarded-qualifiers]
   94 |     "XPMEXT ext1 data1",
      |     ^~~~~~~~~~~~~~~~~~~
/tmp/portage/x11-libs/libXpm-3.5.13/work/libXpm-3.5.13/sxpm/sxpm.c:95:5: warning: initialization discards 'const' qualifier from pointer target type [-Wdiscarded-qualifiers]
   95 |     "XPMEXT ext2",
      |     ^~~~~~~~~~~~~
/tmp/portage/x11-libs/libXpm-3.5.13/work/libXpm-3.5.13/sxpm/sxpm.c:96:5: warning: initialization discards 'const' qualifier from pointer target type [-Wdiscarded-qualifiers]
   96 |     "data2_1",
      |     ^~~~~~~~~
/tmp/portage/x11-libs/libXpm-3.5.13/work/libXpm-3.5.13/sxpm/sxpm.c:97:5: warning: initialization discards 'const' qualifier from pointer target type [-Wdiscarded-qualifiers]
   97 |     "data2_2",
      |     ^~~~~~~~~
/tmp/portage/x11-libs/libXpm-3.5.13/work/libXpm-3.5.13/sxpm/sxpm.c:98:5: warning: initialization discards 'const' qualifier from pointer target type [-Wdiscarded-qualifiers]
   98 |     "XPMEXT",
      |     ^~~~~~~~
/tmp/portage/x11-libs/libXpm-3.5.13/work/libXpm-3.5.13/sxpm/sxpm.c:99:5: warning: initialization discards 'const' qualifier from pointer target type [-Wdiscarded-qualifiers]
   99 |     "foo",
      |     ^~~~~
/tmp/portage/x11-libs/libXpm-3.5.13/work/libXpm-3.5.13/sxpm/sxpm.c:100:5: warning: initialization discards 'const' qualifier from pointer target type [-Wdiscarded-qualifiers]
  100 |     "",
      |     ^~
/tmp/portage/x11-libs/libXpm-3.5.13/work/libXpm-3.5.13/sxpm/sxpm.c:101:5: warning: initialization discards 'const' qualifier from pointer target type [-Wdiscarded-qualifiers]
  101 |     "XPMEXT ext3",
      |     ^~~~~~~~~~~~~
/tmp/portage/x11-libs/libXpm-3.5.13/work/libXpm-3.5.13/sxpm/sxpm.c:102:5: warning: initialization discards 'const' qualifier from pointer target type [-Wdiscarded-qualifiers]
  102 |     "data3",
      |     ^~~~~~~
/tmp/portage/x11-libs/libXpm-3.5.13/work/libXpm-3.5.13/sxpm/sxpm.c:103:5: warning: initialization discards 'const' qualifier from pointer target type [-Wdiscarded-qualifiers]
  103 |     "XPMENDEXT"
      |     ^~~~~~~~~~~
/tmp/portage/x11-libs/libXpm-3.5.13/work/libXpm-3.5.13/sxpm/sxpm.c:134:6: warning: initialization discards 'const' qualifier from pointer target type [-Wdiscarded-qualifiers]
  134 |     {"-hints", ".hints", XrmoptionNoArg, (XtPointer) "True"},
      |      ^~~~~~~~
/tmp/portage/x11-libs/libXpm-3.5.13/work/libXpm-3.5.13/sxpm/sxpm.c:134:16: warning: initialization discards 'const' qualifier from pointer target type [-Wdiscarded-qualifiers]
  134 |     {"-hints", ".hints", XrmoptionNoArg, (XtPointer) "True"},
      |                ^~~~~~~~
/tmp/portage/x11-libs/libXpm-3.5.13/work/libXpm-3.5.13/sxpm/sxpm.c:135:6: warning: initialization discards 'const' qualifier from pointer target type [-Wdiscarded-qualifiers]
  135 |     {"-icon", ".icon", XrmoptionSepArg, (XtPointer) NULL},
      |      ^~~~~~~
/tmp/portage/x11-libs/libXpm-3.5.13/work/libXpm-3.5.13/sxpm/sxpm.c:135:15: warning: initialization discards 'const' qualifier from pointer target type [-Wdiscarded-qualifiers]
  135 |     {"-icon", ".icon", XrmoptionSepArg, (XtPointer) NULL},
      |               ^~~~~~~
/bin/sh ../libtool  --tag=CC   --mode=link x86_64-pc-linux-gnu-gcc -Wall -Wpointer-arith -Wmissing-declarations -Wformat=2 -Wstrict-prototypes -Wmissing-prototypes -Wnested-externs -Wbad-function-cast -Wold-style-definition -Wdeclaration-after-statement -Wunused -Wuninitialized -Wshadow -Wmissing-noreturn -Wmissing-format-attribute -Wredundant-decls -Wlogical-op -Wimplicit -Wnonnull -Winit-self -Wmain -Wmissing-braces -Wsequence-point -Wreturn-type -Wtrigraphs -Warray-bounds -Wwrite-strings -Waddress -Wint-to-pointer-cast -Wpointer-to-int-cast -fno-strict-aliasing  -O3 -march=native -pipe -g0 -fno-stack-protector -fno-stack-clash-protection -fstack-check=no -fno-stack-check  -Wl,-O1 -Wl,--as-needed -Wl,--defsym=__gentoo_check_ldflags__=0 -Wl,--hash-style=gnu -Wl,-z,norelro -o sxpm sxpm.o -lXt -lX11 -lXext ../src/libXpm.la 
libtool: link: x86_64-pc-linux-gnu-gcc -Wall -Wpointer-arith -Wmissing-declarations -Wformat=2 -Wstrict-prototypes -Wmissing-prototypes -Wnested-externs -Wbad-function-cast -Wold-style-definition -Wdeclaration-after-statement -Wunused -Wuninitialized -Wshadow -Wmissing-noreturn -Wmissing-format-attribute -Wredundant-decls -Wlogical-op -Wimplicit -Wnonnull -Winit-self -Wmain -Wmissing-braces -Wsequence-point -Wreturn-type -Wtrigraphs -Warray-bounds -Wwrite-strings -Waddress -Wint-to-pointer-cast -Wpointer-to-int-cast -fno-strict-aliasing -O3 -march=native -pipe -g0 -fno-stack-protector -fno-stack-clash-protection -fstack-check=no -fno-stack-check -Wl,-O1 -Wl,--defsym=__gentoo_check_ldflags__=0 -Wl,--hash-style=gnu -Wl,-z -Wl,norelro -o .libs/sxpm sxpm.o  -Wl,--as-needed -lXt -lXext ../src/.libs/libXpm.so -lX11
make[2]: Leaving directory '/tmp/portage/x11-libs/libXpm-3.5.13/work/libXpm-3.5.13-abi_x86_64.amd64/sxpm'
Making all in cxpm
make[2]: Entering directory '/tmp/portage/x11-libs/libXpm-3.5.13/work/libXpm-3.5.13-abi_x86_64.amd64/cxpm'
x86_64-pc-linux-gnu-gcc -DHAVE_CONFIG_H -I. -I/tmp/portage/x11-libs/libXpm-3.5.13/work/libXpm-3.5.13/cxpm -I..  -I/tmp/portage/x11-libs/libXpm-3.5.13/work/libXpm-3.5.13/src -I/tmp/portage/x11-libs/libXpm-3.5.13/work/libXpm-3.5.13/include/X11  -Wall -Wpointer-arith -Wmissing-declarations -Wformat=2 -Wstrict-prototypes -Wmissing-prototypes -Wnested-externs -Wbad-function-cast -Wold-style-definition -Wdeclaration-after-statement -Wunused -Wuninitialized -Wshadow -Wmissing-noreturn -Wmissing-format-attribute -Wredundant-decls -Wlogical-op -Wimplicit -Wnonnull -Winit-self -Wmain -Wmissing-braces -Wsequence-point -Wreturn-type -Wtrigraphs -Warray-bounds -Wwrite-strings -Waddress -Wint-to-pointer-cast -Wpointer-to-int-cast -fno-strict-aliasing  -O3 -march=native -pipe -g0 -fno-stack-protector -fno-stack-clash-protection -fstack-check=no -fno-stack-check -c -o cxpm.o /tmp/portage/x11-libs/libXpm-3.5.13/work/libXpm-3.5.13/cxpm/cxpm.c
xgettext -c"L10N_Comments" -d cxpm -n /tmp/portage/x11-libs/libXpm-3.5.13/work/libXpm-3.5.13/cxpm/cxpm.c
In file included from /tmp/portage/x11-libs/libXpm-3.5.13/work/libXpm-3.5.13/cxpm/cxpm.c:87:
/tmp/portage/x11-libs/libXpm-3.5.13/work/libXpm-3.5.13/src/misc.c: In function 'XpmGetErrorString':
/tmp/portage/x11-libs/libXpm-3.5.13/work/libXpm-3.5.13/src/misc.c:88:9: warning: return discards 'const' qualifier from pointer target type [-Wdiscarded-qualifiers]
   88 |  return ("XpmColorError");
      |         ^
/tmp/portage/x11-libs/libXpm-3.5.13/work/libXpm-3.5.13/src/misc.c:90:9: warning: return discards 'const' qualifier from pointer target type [-Wdiscarded-qualifiers]
   90 |  return ("XpmSuccess");
      |         ^
/tmp/portage/x11-libs/libXpm-3.5.13/work/libXpm-3.5.13/src/misc.c:92:9: warning: return discards 'const' qualifier from pointer target type [-Wdiscarded-qualifiers]
   92 |  return ("XpmOpenFailed");
      |         ^
/tmp/portage/x11-libs/libXpm-3.5.13/work/libXpm-3.5.13/src/misc.c:94:9: warning: return discards 'const' qualifier from pointer target type [-Wdiscarded-qualifiers]
   94 |  return ("XpmFileInvalid");
      |         ^
/tmp/portage/x11-libs/libXpm-3.5.13/work/libXpm-3.5.13/src/misc.c:96:9: warning: return discards 'const' qualifier from pointer target type [-Wdiscarded-qualifiers]
   96 |  return ("XpmNoMemory");
      |         ^
/tmp/portage/x11-libs/libXpm-3.5.13/work/libXpm-3.5.13/src/misc.c:98:9: warning: return discards 'const' qualifier from pointer target type [-Wdiscarded-qualifiers]
   98 |  return ("XpmColorFailed");
      |         ^
/tmp/portage/x11-libs/libXpm-3.5.13/work/libXpm-3.5.13/src/misc.c:100:9: warning: return discards 'const' qualifier from pointer target type [-Wdiscarded-qualifiers]
  100 |  return ("Invalid XpmError");
      |         ^
/bin/sh ../libtool  --tag=CC   --mode=link x86_64-pc-linux-gnu-gcc -Wall -Wpointer-arith -Wmissing-declarations -Wformat=2 -Wstrict-prototypes -Wmissing-prototypes -Wnested-externs -Wbad-function-cast -Wold-style-definition -Wdeclaration-after-statement -Wunused -Wuninitialized -Wshadow -Wmissing-noreturn -Wmissing-format-attribute -Wredundant-decls -Wlogical-op -Wimplicit -Wnonnull -Winit-self -Wmain -Wmissing-braces -Wsequence-point -Wreturn-type -Wtrigraphs -Warray-bounds -Wwrite-strings -Waddress -Wint-to-pointer-cast -Wpointer-to-int-cast -fno-strict-aliasing  -O3 -march=native -pipe -g0 -fno-stack-protector -fno-stack-clash-protection -fstack-check=no -fno-stack-check  -Wl,-O1 -Wl,--as-needed -Wl,--defsym=__gentoo_check_ldflags__=0 -Wl,--hash-style=gnu -Wl,-z,norelro -o cxpm cxpm.o  
libtool: link: x86_64-pc-linux-gnu-gcc -Wall -Wpointer-arith -Wmissing-declarations -Wformat=2 -Wstrict-prototypes -Wmissing-prototypes -Wnested-externs -Wbad-function-cast -Wold-style-definition -Wdeclaration-after-statement -Wunused -Wuninitialized -Wshadow -Wmissing-noreturn -Wmissing-format-attribute -Wredundant-decls -Wlogical-op -Wimplicit -Wnonnull -Winit-self -Wmain -Wmissing-braces -Wsequence-point -Wreturn-type -Wtrigraphs -Warray-bounds -Wwrite-strings -Waddress -Wint-to-pointer-cast -Wpointer-to-int-cast -fno-strict-aliasing -O3 -march=native -pipe -g0 -fno-stack-protector -fno-stack-clash-protection -fstack-check=no -fno-stack-check -Wl,-O1 -Wl,--defsym=__gentoo_check_ldflags__=0 -Wl,--hash-style=gnu -Wl,-z -Wl,norelro -o cxpm cxpm.o  -Wl,--as-needed
make[2]: Leaving directory '/tmp/portage/x11-libs/libXpm-3.5.13/work/libXpm-3.5.13-abi_x86_64.amd64/cxpm'
make[2]: Entering directory '/tmp/portage/x11-libs/libXpm-3.5.13/work/libXpm-3.5.13-abi_x86_64.amd64'
make[2]: Leaving directory '/tmp/portage/x11-libs/libXpm-3.5.13/work/libXpm-3.5.13-abi_x86_64.amd64'
make[1]: Leaving directory '/tmp/portage/x11-libs/libXpm-3.5.13/work/libXpm-3.5.13-abi_x86_64.amd64'
>>> Source compiled.
>>> Test phase: x11-libs/libXpm-3.5.13
 [32;01m*[0m abi_x86_64.amd64: running multilib-minimal_abi_src_test
make -j12   check
Making check in doc
make[1]: Entering directory '/tmp/portage/x11-libs/libXpm-3.5.13/work/libXpm-3.5.13-abi_x86_64.amd64/doc'
make[1]: Nothing to be done for 'check'.
make[1]: Leaving directory '/tmp/portage/x11-libs/libXpm-3.5.13/work/libXpm-3.5.13-abi_x86_64.amd64/doc'
Making check in include
make[1]: Entering directory '/tmp/portage/x11-libs/libXpm-3.5.13/work/libXpm-3.5.13-abi_x86_64.amd64/include'
make[1]: Nothing to be done for 'check'.
make[1]: Leaving directory '/tmp/portage/x11-libs/libXpm-3.5.13/work/libXpm-3.5.13-abi_x86_64.amd64/include'
Making check in man
make[1]: Entering directory '/tmp/portage/x11-libs/libXpm-3.5.13/work/libXpm-3.5.13-abi_x86_64.amd64/man'
make[1]: Nothing to be done for 'check'.
make[1]: Leaving directory '/tmp/portage/x11-libs/libXpm-3.5.13/work/libXpm-3.5.13-abi_x86_64.amd64/man'
Making check in src
make[1]: Entering directory '/tmp/portage/x11-libs/libXpm-3.5.13/work/libXpm-3.5.13-abi_x86_64.amd64/src'
make[1]: Nothing to be done for 'check'.
make[1]: Leaving directory '/tmp/portage/x11-libs/libXpm-3.5.13/work/libXpm-3.5.13-abi_x86_64.amd64/src'
Making check in sxpm
make[1]: Entering directory '/tmp/portage/x11-libs/libXpm-3.5.13/work/libXpm-3.5.13-abi_x86_64.amd64/sxpm'
make[1]: Nothing to be done for 'check'.
make[1]: Leaving directory '/tmp/portage/x11-libs/libXpm-3.5.13/work/libXpm-3.5.13-abi_x86_64.amd64/sxpm'
Making check in cxpm
make[1]: Entering directory '/tmp/portage/x11-libs/libXpm-3.5.13/work/libXpm-3.5.13-abi_x86_64.amd64/cxpm'
make[1]: Nothing to be done for 'check'.
make[1]: Leaving directory '/tmp/portage/x11-libs/libXpm-3.5.13/work/libXpm-3.5.13-abi_x86_64.amd64/cxpm'
make[1]: Entering directory '/tmp/portage/x11-libs/libXpm-3.5.13/work/libXpm-3.5.13-abi_x86_64.amd64'
make[1]: Leaving directory '/tmp/portage/x11-libs/libXpm-3.5.13/work/libXpm-3.5.13-abi_x86_64.amd64'
>>> Completed testing x11-libs/libXpm-3.5.13

>>> Install x11-libs/libXpm-3.5.13 into /tmp/portage/x11-libs/libXpm-3.5.13/image
 [32;01m*[0m abi_x86_64.amd64: running multilib-minimal_abi_src_install
make -j12 DESTDIR=/tmp/portage/x11-libs/libXpm-3.5.13/image docdir=/usr/share/doc/libXpm-3.5.13 install 
Making install in doc
make[1]: Entering directory '/tmp/portage/x11-libs/libXpm-3.5.13/work/libXpm-3.5.13-abi_x86_64.amd64/doc'
make[2]: Entering directory '/tmp/portage/x11-libs/libXpm-3.5.13/work/libXpm-3.5.13-abi_x86_64.amd64/doc'
make[2]: Nothing to be done for 'install-exec-am'.
make[2]: Nothing to be done for 'install-data-am'.
make[2]: Leaving directory '/tmp/portage/x11-libs/libXpm-3.5.13/work/libXpm-3.5.13-abi_x86_64.amd64/doc'
make[1]: Leaving directory '/tmp/portage/x11-libs/libXpm-3.5.13/work/libXpm-3.5.13-abi_x86_64.amd64/doc'
Making install in include
make[1]: Entering directory '/tmp/portage/x11-libs/libXpm-3.5.13/work/libXpm-3.5.13-abi_x86_64.amd64/include'
make[2]: Entering directory '/tmp/portage/x11-libs/libXpm-3.5.13/work/libXpm-3.5.13-abi_x86_64.amd64/include'
make[2]: Nothing to be done for 'install-exec-am'.
 /bin/mkdir -p '/tmp/portage/x11-libs/libXpm-3.5.13/image/usr/include'
 /bin/mkdir -p '/tmp/portage/x11-libs/libXpm-3.5.13/image/usr/include/X11'
 /tmp/portage/._portage_reinstall_.mi8935l4/bin/ebuild-helpers/xattr/install -c -m 644  /tmp/portage/x11-libs/libXpm-3.5.13/work/libXpm-3.5.13/include/X11/xpm.h '/tmp/portage/x11-libs/libXpm-3.5.13/image/usr/include/X11'
make[2]: Leaving directory '/tmp/portage/x11-libs/libXpm-3.5.13/work/libXpm-3.5.13-abi_x86_64.amd64/include'
make[1]: Leaving directory '/tmp/portage/x11-libs/libXpm-3.5.13/work/libXpm-3.5.13-abi_x86_64.amd64/include'
Making install in man
make[1]: Entering directory '/tmp/portage/x11-libs/libXpm-3.5.13/work/libXpm-3.5.13-abi_x86_64.amd64/man'
make[2]: Entering directory '/tmp/portage/x11-libs/libXpm-3.5.13/work/libXpm-3.5.13-abi_x86_64.amd64/man'
make[2]: Nothing to be done for 'install-exec-am'.
 /bin/mkdir -p '/tmp/portage/x11-libs/libXpm-3.5.13/image/usr/share/man/man1'
 /tmp/portage/._portage_reinstall_.mi8935l4/bin/ebuild-helpers/xattr/install -c -m 644 sxpm.1 cxpm.1 '/tmp/portage/x11-libs/libXpm-3.5.13/image/usr/share/man/man1'
make[2]: Leaving directory '/tmp/portage/x11-libs/libXpm-3.5.13/work/libXpm-3.5.13-abi_x86_64.amd64/man'
make[1]: Leaving directory '/tmp/portage/x11-libs/libXpm-3.5.13/work/libXpm-3.5.13-abi_x86_64.amd64/man'
Making install in src
make[1]: Entering directory '/tmp/portage/x11-libs/libXpm-3.5.13/work/libXpm-3.5.13-abi_x86_64.amd64/src'
make[2]: Entering directory '/tmp/portage/x11-libs/libXpm-3.5.13/work/libXpm-3.5.13-abi_x86_64.amd64/src'
make[2]: Nothing to be done for 'install-data-am'.
 /bin/mkdir -p '/tmp/portage/x11-libs/libXpm-3.5.13/image/usr/lib64'
 /bin/sh ../libtool   --mode=install /tmp/portage/._portage_reinstall_.mi8935l4/bin/ebuild-helpers/xattr/install -c   libXpm.la '/tmp/portage/x11-libs/libXpm-3.5.13/image/usr/lib64'
libtool: install: /tmp/portage/._portage_reinstall_.mi8935l4/bin/ebuild-helpers/xattr/install -c .libs/libXpm.so.4.11.0 /tmp/portage/x11-libs/libXpm-3.5.13/image/usr/lib64/libXpm.so.4.11.0
libtool: install: (cd /tmp/portage/x11-libs/libXpm-3.5.13/image/usr/lib64 && { ln -s -f libXpm.so.4.11.0 libXpm.so.4 || { rm -f libXpm.so.4 && ln -s libXpm.so.4.11.0 libXpm.so.4; }; })
libtool: install: (cd /tmp/portage/x11-libs/libXpm-3.5.13/image/usr/lib64 && { ln -s -f libXpm.so.4.11.0 libXpm.so || { rm -f libXpm.so && ln -s libXpm.so.4.11.0 libXpm.so; }; })
libtool: install: /tmp/portage/._portage_reinstall_.mi8935l4/bin/ebuild-helpers/xattr/install -c .libs/libXpm.lai /tmp/portage/x11-libs/libXpm-3.5.13/image/usr/lib64/libXpm.la
libtool: warning: remember to run 'libtool --finish /usr/lib64'
make[2]: Leaving directory '/tmp/portage/x11-libs/libXpm-3.5.13/work/libXpm-3.5.13-abi_x86_64.amd64/src'
make[1]: Leaving directory '/tmp/portage/x11-libs/libXpm-3.5.13/work/libXpm-3.5.13-abi_x86_64.amd64/src'
Making install in sxpm
make[1]: Entering directory '/tmp/portage/x11-libs/libXpm-3.5.13/work/libXpm-3.5.13-abi_x86_64.amd64/sxpm'
make[2]: Entering directory '/tmp/portage/x11-libs/libXpm-3.5.13/work/libXpm-3.5.13-abi_x86_64.amd64/sxpm'
make[2]: Nothing to be done for 'install-data-am'.
 /bin/mkdir -p '/tmp/portage/x11-libs/libXpm-3.5.13/image/usr/bin'
  /bin/sh ../libtool   --mode=install /tmp/portage/._portage_reinstall_.mi8935l4/bin/ebuild-helpers/xattr/install -c sxpm '/tmp/portage/x11-libs/libXpm-3.5.13/image/usr/bin'
libtool: warning: '../src/libXpm.la' has not been installed in '/usr/lib64'
libtool: install: /tmp/portage/._portage_reinstall_.mi8935l4/bin/ebuild-helpers/xattr/install -c .libs/sxpm /tmp/portage/x11-libs/libXpm-3.5.13/image/usr/bin/sxpm
make[2]: Leaving directory '/tmp/portage/x11-libs/libXpm-3.5.13/work/libXpm-3.5.13-abi_x86_64.amd64/sxpm'
make[1]: Leaving directory '/tmp/portage/x11-libs/libXpm-3.5.13/work/libXpm-3.5.13-abi_x86_64.amd64/sxpm'
Making install in cxpm
make[1]: Entering directory '/tmp/portage/x11-libs/libXpm-3.5.13/work/libXpm-3.5.13-abi_x86_64.amd64/cxpm'
make[2]: Entering directory '/tmp/portage/x11-libs/libXpm-3.5.13/work/libXpm-3.5.13-abi_x86_64.amd64/cxpm'
make[2]: Nothing to be done for 'install-data-am'.
 /bin/mkdir -p '/tmp/portage/x11-libs/libXpm-3.5.13/image/usr/bin'
  /bin/sh ../libtool   --mode=install /tmp/portage/._portage_reinstall_.mi8935l4/bin/ebuild-helpers/xattr/install -c cxpm '/tmp/portage/x11-libs/libXpm-3.5.13/image/usr/bin'
libtool: install: /tmp/portage/._portage_reinstall_.mi8935l4/bin/ebuild-helpers/xattr/install -c cxpm /tmp/portage/x11-libs/libXpm-3.5.13/image/usr/bin/cxpm
make[2]: Leaving directory '/tmp/portage/x11-libs/libXpm-3.5.13/work/libXpm-3.5.13-abi_x86_64.amd64/cxpm'
make[1]: Leaving directory '/tmp/portage/x11-libs/libXpm-3.5.13/work/libXpm-3.5.13-abi_x86_64.amd64/cxpm'
make[1]: Entering directory '/tmp/portage/x11-libs/libXpm-3.5.13/work/libXpm-3.5.13-abi_x86_64.amd64'
make[2]: Entering directory '/tmp/portage/x11-libs/libXpm-3.5.13/work/libXpm-3.5.13-abi_x86_64.amd64'
make[2]: Nothing to be done for 'install-exec-am'.
 /bin/mkdir -p '/tmp/portage/x11-libs/libXpm-3.5.13/image/usr/lib64/pkgconfig'
 /tmp/portage/._portage_reinstall_.mi8935l4/bin/ebuild-helpers/xattr/install -c -m 644 xpm.pc '/tmp/portage/x11-libs/libXpm-3.5.13/image/usr/lib64/pkgconfig'
make[2]: Leaving directory '/tmp/portage/x11-libs/libXpm-3.5.13/work/libXpm-3.5.13-abi_x86_64.amd64'
make[1]: Leaving directory '/tmp/portage/x11-libs/libXpm-3.5.13/work/libXpm-3.5.13-abi_x86_64.amd64'
>>> Completed installing x11-libs/libXpm-3.5.13 into /tmp/portage/x11-libs/libXpm-3.5.13/image

 [32;01m*[0m Final size of build directory: 3632 KiB (3.5 MiB)
 [32;01m*[0m Final size of installed tree:   292 KiB

strip: x86_64-pc-linux-gnu-strip --strip-unneeded -N __gentoo_check_ldflags__ -R .comment -R .GCC.command.line -R .note.gnu.gold-version
   /usr/bin/sxpm
   /usr/lib64/libXpm.so.4.11.0
   /usr/bin/cxpm
./
./usr/
./usr/lib/
./usr/lib/debug/
./usr/lib/debug/usr/
./usr/lib/debug/usr/bin/
./usr/lib/debug/usr/bin/sxpm.debug
./usr/lib/debug/usr/bin/cxpm.debug
./usr/lib/debug/usr/lib64/
./usr/lib/debug/usr/lib64/libXpm.so.4.11.0.debug
./usr/bin/
./usr/bin/sxpm
./usr/bin/cxpm
./usr/include/
./usr/include/X11/
./usr/include/X11/xpm.h
./usr/share/
./usr/share/man/
./usr/share/man/man1/
./usr/share/man/man1/sxpm.1.bz2
./usr/share/man/man1/cxpm.1.bz2
./usr/share/doc/
./usr/share/doc/libXpm-3.5.13/
./usr/share/doc/libXpm-3.5.13/ChangeLog.bz2
./usr/share/doc/libXpm-3.5.13/README.md.bz2
./usr/share/doc/libXpm-3.5.13/AUTHORS.bz2
./usr/lib64/
./usr/lib64/libXpm.so.4.11.0
./usr/lib64/libXpm.so
./usr/lib64/libXpm.so.4
./usr/lib64/pkgconfig/
./usr/lib64/pkgconfig/xpm.pc
>>> Done.
 [32;01m*[39;49;00m checking 15 files for package collisions
>>> Merging x11-libs/libXpm-3.5.13 to /
--- /usr/
--- /usr/lib64/
--- /usr/lib64/pkgconfig/
>>> /usr/lib64/pkgconfig/xpm.pc
>>> /usr/lib64/libXpm.so.4.11.0
--- /usr/share/
--- /usr/share/doc/
>>> /usr/share/doc/libXpm-3.5.13/
>>> /usr/share/doc/libXpm-3.5.13/AUTHORS.bz2
>>> /usr/share/doc/libXpm-3.5.13/README.md.bz2
>>> /usr/share/doc/libXpm-3.5.13/ChangeLog.bz2
--- /usr/share/man/
--- /usr/share/man/man1/
>>> /usr/share/man/man1/cxpm.1.bz2
>>> /usr/share/man/man1/sxpm.1.bz2
--- /usr/include/
--- /usr/include/X11/
>>> /usr/include/X11/xpm.h
--- /usr/bin/
>>> /usr/bin/cxpm
>>> /usr/bin/sxpm
--- /usr/lib/
--- /usr/lib/debug/
--- /usr/lib/debug/usr/
--- /usr/lib/debug/usr/lib64/
>>> /usr/lib/debug/usr/lib64/libXpm.so.4.11.0.debug
--- /usr/lib/debug/usr/bin/
>>> /usr/lib/debug/usr/bin/cxpm.debug
>>> /usr/lib/debug/usr/bin/sxpm.debug
>>> /usr/lib64/libXpm.so -> libXpm.so.4.11.0
>>> /usr/lib64/libXpm.so.4 -> libXpm.so.4.11.0
>>> x11-libs/libXpm-3.5.13 merged.
>>> Regenerating /etc/ld.so.cache...
