No package files given... Grabbing a set.
<<<          obj /usr/share/locale/zh_TW/LC_MESSAGES/wxstd30-gtk3.mo
<<<          obj /usr/share/locale/zh_CN/LC_MESSAGES/wxstd30-gtk3.mo
<<<          obj /usr/share/locale/uk/LC_MESSAGES/wxstd30-gtk3.mo
<<<          obj /usr/share/locale/tr/LC_MESSAGES/wxstd30-gtk3.mo
<<<          obj /usr/share/locale/sv/LC_MESSAGES/wxstd30-gtk3.mo
<<<          obj /usr/share/locale/sl/LC_MESSAGES/wxstd30-gtk3.mo
<<<          obj /usr/share/locale/ru/LC_MESSAGES/wxstd30-gtk3.mo
<<<          obj /usr/share/locale/pl/LC_MESSAGES/wxstd30-gtk3.mo
<<<          obj /usr/share/locale/nl/LC_MESSAGES/wxstd30-gtk3.mo
<<<          obj /usr/share/locale/ja/LC_MESSAGES/wxstd30-gtk3.mo
<<<          obj /usr/share/locale/it/LC_MESSAGES/wxstd30-gtk3.mo
<<<          obj /usr/share/locale/id/LC_MESSAGES/wxstd30-gtk3.mo
<<<          obj /usr/share/locale/hu/LC_MESSAGES/wxstd30-gtk3.mo
<<<          obj /usr/share/locale/fr/LC_MESSAGES/wxstd30-gtk3.mo
<<<          obj /usr/share/locale/fi/LC_MESSAGES/wxstd30-gtk3.mo
<<<          obj /usr/share/locale/es/LC_MESSAGES/wxstd30-gtk3.mo
<<<          obj /usr/share/locale/el/LC_MESSAGES/wxstd30-gtk3.mo
<<<          obj /usr/share/locale/de/LC_MESSAGES/wxstd30-gtk3.mo
<<<          obj /usr/share/locale/da/LC_MESSAGES/wxstd30-gtk3.mo
<<<          obj /usr/share/locale/cs/LC_MESSAGES/wxstd30-gtk3.mo
<<<          obj /usr/share/locale/ca/LC_MESSAGES/wxstd30-gtk3.mo
<<<          obj /usr/share/bakefile/presets/wx30gtk3_xrc.bkl
<<<          obj /usr/share/bakefile/presets/wx30gtk3_win32.bkl
<<<          obj /usr/share/bakefile/presets/wx30gtk3_unix.bkl
<<<          obj /usr/share/bakefile/presets/wx30gtk3_presets.py
<<<          obj /usr/share/bakefile/presets/wx30gtk3.bkl
<<<          obj /usr/share/aclocal/wxwin30-gtk3.m4
<<<          obj /usr/lib64/wx/include/gtk3-unicode-3.0-gtk3/wx/setup.h
<<<          obj /usr/lib64/wx/config/gtk3-unicode-3.0-gtk3
<<<          obj /usr/lib64/libwx_gtk3u_xrc-3.0-gtk3.so.0.4.0
<<<          sym /usr/lib64/libwx_gtk3u_xrc-3.0-gtk3.so.0
<<<          sym /usr/lib64/libwx_gtk3u_xrc-3.0-gtk3.so
<<<          obj /usr/lib64/libwx_gtk3u_stc-3.0-gtk3.so.0.4.0
<<<          sym /usr/lib64/libwx_gtk3u_stc-3.0-gtk3.so.0
<<<          sym /usr/lib64/libwx_gtk3u_stc-3.0-gtk3.so
<<<          obj /usr/lib64/libwx_gtk3u_richtext-3.0-gtk3.so.0.4.0
<<<          sym /usr/lib64/libwx_gtk3u_richtext-3.0-gtk3.so.0
<<<          sym /usr/lib64/libwx_gtk3u_richtext-3.0-gtk3.so
<<<          obj /usr/lib64/libwx_gtk3u_ribbon-3.0-gtk3.so.0.4.0
<<<          sym /usr/lib64/libwx_gtk3u_ribbon-3.0-gtk3.so.0
<<<          sym /usr/lib64/libwx_gtk3u_ribbon-3.0-gtk3.so
<<<          obj /usr/lib64/libwx_gtk3u_qa-3.0-gtk3.so.0.4.0
<<<          sym /usr/lib64/libwx_gtk3u_qa-3.0-gtk3.so.0
<<<          sym /usr/lib64/libwx_gtk3u_qa-3.0-gtk3.so
<<<          obj /usr/lib64/libwx_gtk3u_propgrid-3.0-gtk3.so.0.4.0
<<<          sym /usr/lib64/libwx_gtk3u_propgrid-3.0-gtk3.so.0
<<<          sym /usr/lib64/libwx_gtk3u_propgrid-3.0-gtk3.so
<<<          obj /usr/lib64/libwx_gtk3u_html-3.0-gtk3.so.0.4.0
<<<          sym /usr/lib64/libwx_gtk3u_html-3.0-gtk3.so.0
<<<          sym /usr/lib64/libwx_gtk3u_html-3.0-gtk3.so
<<<          obj /usr/lib64/libwx_gtk3u_gl-3.0-gtk3.so.0.4.0
<<<          sym /usr/lib64/libwx_gtk3u_gl-3.0-gtk3.so.0
<<<          sym /usr/lib64/libwx_gtk3u_gl-3.0-gtk3.so
<<<          obj /usr/lib64/libwx_gtk3u_core-3.0-gtk3.so.0.4.0
<<<          sym /usr/lib64/libwx_gtk3u_core-3.0-gtk3.so.0
<<<          sym /usr/lib64/libwx_gtk3u_core-3.0-gtk3.so
<<<          obj /usr/lib64/libwx_gtk3u_aui-3.0-gtk3.so.0.4.0
<<<          sym /usr/lib64/libwx_gtk3u_aui-3.0-gtk3.so.0
<<<          sym /usr/lib64/libwx_gtk3u_aui-3.0-gtk3.so
<<<          obj /usr/lib64/libwx_gtk3u_adv-3.0-gtk3.so.0.4.0
<<<          sym /usr/lib64/libwx_gtk3u_adv-3.0-gtk3.so.0
<<<          sym /usr/lib64/libwx_gtk3u_adv-3.0-gtk3.so
<<<          obj /usr/lib64/libwx_baseu_xml-3.0-gtk3.so.0.4.0
<<<          sym /usr/lib64/libwx_baseu_xml-3.0-gtk3.so.0
<<<          sym /usr/lib64/libwx_baseu_xml-3.0-gtk3.so
<<<          obj /usr/lib64/libwx_baseu_net-3.0-gtk3.so.0.4.0
<<<          sym /usr/lib64/libwx_baseu_net-3.0-gtk3.so.0
<<<          sym /usr/lib64/libwx_baseu_net-3.0-gtk3.so
<<<          obj /usr/lib64/libwx_baseu-3.0-gtk3.so.0.4.0
<<<          sym /usr/lib64/libwx_baseu-3.0-gtk3.so.0
<<<          sym /usr/lib64/libwx_baseu-3.0-gtk3.so
<<<          obj /usr/include/wx-3.0-gtk3/wx/zstream.h
<<<          obj /usr/include/wx-3.0-gtk3/wx/zipstrm.h
<<<          obj /usr/include/wx-3.0-gtk3/wx/xtixml.h
<<<          obj /usr/include/wx-3.0-gtk3/wx/xtitypes.h
<<<          obj /usr/include/wx-3.0-gtk3/wx/xtistrm.h
<<<          obj /usr/include/wx-3.0-gtk3/wx/xtiprop.h
<<<          obj /usr/include/wx-3.0-gtk3/wx/xtihandler.h
<<<          obj /usr/include/wx-3.0-gtk3/wx/xtictor.h
<<<          obj /usr/include/wx-3.0-gtk3/wx/xti2.h
<<<          obj /usr/include/wx-3.0-gtk3/wx/xti.h
<<<          obj /usr/include/wx-3.0-gtk3/wx/xrc/xmlreshandler.h
<<<          obj /usr/include/wx-3.0-gtk3/wx/xrc/xmlres.h
<<<          obj /usr/include/wx-3.0-gtk3/wx/xrc/xh_wizrd.h
<<<          obj /usr/include/wx-3.0-gtk3/wx/xrc/xh_unkwn.h
<<<          obj /usr/include/wx-3.0-gtk3/wx/xrc/xh_treebk.h
<<<          obj /usr/include/wx-3.0-gtk3/wx/xrc/xh_tree.h
<<<          obj /usr/include/wx-3.0-gtk3/wx/xrc/xh_toolbk.h
<<<          obj /usr/include/wx-3.0-gtk3/wx/xrc/xh_toolb.h
<<<          obj /usr/include/wx-3.0-gtk3/wx/xrc/xh_timectrl.h
<<<          obj /usr/include/wx-3.0-gtk3/wx/xrc/xh_tglbtn.h
<<<          obj /usr/include/wx-3.0-gtk3/wx/xrc/xh_text.h
<<<          obj /usr/include/wx-3.0-gtk3/wx/xrc/xh_sttxt.h
<<<          obj /usr/include/wx-3.0-gtk3/wx/xrc/xh_stlin.h
<<<          obj /usr/include/wx-3.0-gtk3/wx/xrc/xh_stbox.h
<<<          obj /usr/include/wx-3.0-gtk3/wx/xrc/xh_stbmp.h
<<<          obj /usr/include/wx-3.0-gtk3/wx/xrc/xh_statbar.h
<<<          obj /usr/include/wx-3.0-gtk3/wx/xrc/xh_srchctrl.h
<<<          obj /usr/include/wx-3.0-gtk3/wx/xrc/xh_split.h
<<<          obj /usr/include/wx-3.0-gtk3/wx/xrc/xh_spin.h
<<<          obj /usr/include/wx-3.0-gtk3/wx/xrc/xh_slidr.h
<<<          obj /usr/include/wx-3.0-gtk3/wx/xrc/xh_sizer.h
<<<          obj /usr/include/wx-3.0-gtk3/wx/xrc/xh_simplebook.h
<<<          obj /usr/include/wx-3.0-gtk3/wx/xrc/xh_scwin.h
<<<          obj /usr/include/wx-3.0-gtk3/wx/xrc/xh_scrol.h
<<<          obj /usr/include/wx-3.0-gtk3/wx/xrc/xh_richtext.h
<<<          obj /usr/include/wx-3.0-gtk3/wx/xrc/xh_ribbon.h
<<<          obj /usr/include/wx-3.0-gtk3/wx/xrc/xh_radbx.h
<<<          obj /usr/include/wx-3.0-gtk3/wx/xrc/xh_radbt.h
<<<          obj /usr/include/wx-3.0-gtk3/wx/xrc/xh_propdlg.h
<<<          obj /usr/include/wx-3.0-gtk3/wx/xrc/xh_panel.h
<<<          obj /usr/include/wx-3.0-gtk3/wx/xrc/xh_odcombo.h
<<<          obj /usr/include/wx-3.0-gtk3/wx/xrc/xh_notbk.h
<<<          obj /usr/include/wx-3.0-gtk3/wx/xrc/xh_menu.h
<<<          obj /usr/include/wx-3.0-gtk3/wx/xrc/xh_mdi.h
<<<          obj /usr/include/wx-3.0-gtk3/wx/xrc/xh_listc.h
<<<          obj /usr/include/wx-3.0-gtk3/wx/xrc/xh_listbk.h
<<<          obj /usr/include/wx-3.0-gtk3/wx/xrc/xh_listb.h
<<<          obj /usr/include/wx-3.0-gtk3/wx/xrc/xh_hyperlink.h
<<<          obj /usr/include/wx-3.0-gtk3/wx/xrc/xh_htmllbox.h
<<<          obj /usr/include/wx-3.0-gtk3/wx/xrc/xh_html.h
<<<          obj /usr/include/wx-3.0-gtk3/wx/xrc/xh_grid.h
<<<          obj /usr/include/wx-3.0-gtk3/wx/xrc/xh_gdctl.h
<<<          obj /usr/include/wx-3.0-gtk3/wx/xrc/xh_gauge.h
<<<          obj /usr/include/wx-3.0-gtk3/wx/xrc/xh_frame.h
<<<          obj /usr/include/wx-3.0-gtk3/wx/xrc/xh_fontpicker.h
<<<          obj /usr/include/wx-3.0-gtk3/wx/xrc/xh_filepicker.h
<<<          obj /usr/include/wx-3.0-gtk3/wx/xrc/xh_filectrl.h
<<<          obj /usr/include/wx-3.0-gtk3/wx/xrc/xh_editlbox.h
<<<          obj /usr/include/wx-3.0-gtk3/wx/xrc/xh_dlg.h
<<<          obj /usr/include/wx-3.0-gtk3/wx/xrc/xh_dirpicker.h
<<<          obj /usr/include/wx-3.0-gtk3/wx/xrc/xh_datectrl.h
<<<          obj /usr/include/wx-3.0-gtk3/wx/xrc/xh_comboctrl.h
<<<          obj /usr/include/wx-3.0-gtk3/wx/xrc/xh_combo.h
<<<          obj /usr/include/wx-3.0-gtk3/wx/xrc/xh_collpane.h
<<<          obj /usr/include/wx-3.0-gtk3/wx/xrc/xh_cmdlinkbn.h
<<<          obj /usr/include/wx-3.0-gtk3/wx/xrc/xh_clrpicker.h
<<<          obj /usr/include/wx-3.0-gtk3/wx/xrc/xh_choicbk.h
<<<          obj /usr/include/wx-3.0-gtk3/wx/xrc/xh_choic.h
<<<          obj /usr/include/wx-3.0-gtk3/wx/xrc/xh_chckl.h
<<<          obj /usr/include/wx-3.0-gtk3/wx/xrc/xh_chckb.h
<<<          obj /usr/include/wx-3.0-gtk3/wx/xrc/xh_cald.h
<<<          obj /usr/include/wx-3.0-gtk3/wx/xrc/xh_bttn.h
<<<          obj /usr/include/wx-3.0-gtk3/wx/xrc/xh_bmpcbox.h
<<<          obj /usr/include/wx-3.0-gtk3/wx/xrc/xh_bmpbt.h
<<<          obj /usr/include/wx-3.0-gtk3/wx/xrc/xh_bmp.h
<<<          obj /usr/include/wx-3.0-gtk3/wx/xrc/xh_bannerwindow.h
<<<          obj /usr/include/wx-3.0-gtk3/wx/xrc/xh_auinotbk.h
<<<          obj /usr/include/wx-3.0-gtk3/wx/xrc/xh_animatctrl.h
<<<          obj /usr/include/wx-3.0-gtk3/wx/xrc/xh_all.h
<<<          obj /usr/include/wx-3.0-gtk3/wx/xpmhand.h
<<<          obj /usr/include/wx-3.0-gtk3/wx/xpmdecod.h
<<<          obj /usr/include/wx-3.0-gtk3/wx/xml/xml.h
<<<          obj /usr/include/wx-3.0-gtk3/wx/xlocale.h
<<<          obj /usr/include/wx-3.0-gtk3/wx/wxprec.h
<<<          obj /usr/include/wx-3.0-gtk3/wx/wxhtml.h
<<<          obj /usr/include/wx-3.0-gtk3/wx/wxcrtvararg.h
<<<          obj /usr/include/wx-3.0-gtk3/wx/wxcrtbase.h
<<<          obj /usr/include/wx-3.0-gtk3/wx/wxcrt.h
<<<          obj /usr/include/wx-3.0-gtk3/wx/wxchar.h
<<<          obj /usr/include/wx-3.0-gtk3/wx/wx.h
<<<          obj /usr/include/wx-3.0-gtk3/wx/wupdlock.h
<<<          obj /usr/include/wx-3.0-gtk3/wx/wrapsizer.h
<<<          obj /usr/include/wx-3.0-gtk3/wx/wizard.h
<<<          obj /usr/include/wx-3.0-gtk3/wx/withimages.h
<<<          obj /usr/include/wx-3.0-gtk3/wx/windowptr.h
<<<          obj /usr/include/wx-3.0-gtk3/wx/windowid.h
<<<          obj /usr/include/wx-3.0-gtk3/wx/window.h
<<<          obj /usr/include/wx-3.0-gtk3/wx/wfstream.h
<<<          obj /usr/include/wx-3.0-gtk3/wx/webviewfshandler.h
<<<          obj /usr/include/wx-3.0-gtk3/wx/webviewarchivehandler.h
<<<          obj /usr/include/wx-3.0-gtk3/wx/webview.h
<<<          obj /usr/include/wx-3.0-gtk3/wx/weakref.h
<<<          obj /usr/include/wx-3.0-gtk3/wx/vscroll.h
<<<          obj /usr/include/wx-3.0-gtk3/wx/volume.h
<<<          obj /usr/include/wx-3.0-gtk3/wx/vms_x_fix.h
<<<          obj /usr/include/wx-3.0-gtk3/wx/vlbox.h
<<<          obj /usr/include/wx-3.0-gtk3/wx/vidmode.h
<<<          obj /usr/include/wx-3.0-gtk3/wx/versioninfo.h
<<<          obj /usr/include/wx-3.0-gtk3/wx/version.h
<<<          obj /usr/include/wx-3.0-gtk3/wx/vector.h
<<<          obj /usr/include/wx-3.0-gtk3/wx/variant.h
<<<          obj /usr/include/wx-3.0-gtk3/wx/valtext.h
<<<          obj /usr/include/wx-3.0-gtk3/wx/valnum.h
<<<          obj /usr/include/wx-3.0-gtk3/wx/validate.h
<<<          obj /usr/include/wx-3.0-gtk3/wx/valgen.h
<<<          obj /usr/include/wx-3.0-gtk3/wx/utils.h
<<<          obj /usr/include/wx-3.0-gtk3/wx/ustring.h
<<<          obj /usr/include/wx-3.0-gtk3/wx/url.h
<<<          obj /usr/include/wx-3.0-gtk3/wx/uri.h
<<<          obj /usr/include/wx-3.0-gtk3/wx/unix/utilsx11.h
<<<          obj /usr/include/wx-3.0-gtk3/wx/unix/tls.h
<<<          obj /usr/include/wx-3.0-gtk3/wx/unix/taskbarx11.h
<<<          obj /usr/include/wx-3.0-gtk3/wx/unix/stdpaths.h
<<<          obj /usr/include/wx-3.0-gtk3/wx/unix/stackwalk.h
<<<          obj /usr/include/wx-3.0-gtk3/wx/unix/sound.h
<<<          obj /usr/include/wx-3.0-gtk3/wx/unix/private/pipestream.h
<<<          obj /usr/include/wx-3.0-gtk3/wx/unix/pipe.h
<<<          obj /usr/include/wx-3.0-gtk3/wx/unix/mimetype.h
<<<          obj /usr/include/wx-3.0-gtk3/wx/unix/joystick.h
<<<          obj /usr/include/wx-3.0-gtk3/wx/unix/glx11.h
<<<          obj /usr/include/wx-3.0-gtk3/wx/unix/fswatcher_kqueue.h
<<<          obj /usr/include/wx-3.0-gtk3/wx/unix/fswatcher_inotify.h
<<<          obj /usr/include/wx-3.0-gtk3/wx/unix/fontutil.h
<<<          obj /usr/include/wx-3.0-gtk3/wx/unix/execute.h
<<<          obj /usr/include/wx-3.0-gtk3/wx/unix/evtloopsrc.h
<<<          obj /usr/include/wx-3.0-gtk3/wx/unix/evtloop.h
<<<          obj /usr/include/wx-3.0-gtk3/wx/unix/chkconf.h
<<<          obj /usr/include/wx-3.0-gtk3/wx/unix/apptrait.h
<<<          obj /usr/include/wx-3.0-gtk3/wx/unix/apptbase.h
<<<          obj /usr/include/wx-3.0-gtk3/wx/unix/app.h
<<<          obj /usr/include/wx-3.0-gtk3/wx/unichar.h
<<<          obj /usr/include/wx-3.0-gtk3/wx/uiaction.h
<<<          obj /usr/include/wx-3.0-gtk3/wx/types.h
<<<          obj /usr/include/wx-3.0-gtk3/wx/typeinfo.h
<<<          obj /usr/include/wx-3.0-gtk3/wx/txtstrm.h
<<<          obj /usr/include/wx-3.0-gtk3/wx/treelist.h
<<<          obj /usr/include/wx-3.0-gtk3/wx/treectrl.h
<<<          obj /usr/include/wx-3.0-gtk3/wx/treebook.h
<<<          obj /usr/include/wx-3.0-gtk3/wx/treebase.h
<<<          obj /usr/include/wx-3.0-gtk3/wx/translation.h
<<<          obj /usr/include/wx-3.0-gtk3/wx/tracker.h
<<<          obj /usr/include/wx-3.0-gtk3/wx/toplevel.h
<<<          obj /usr/include/wx-3.0-gtk3/wx/tooltip.h
<<<          obj /usr/include/wx-3.0-gtk3/wx/toolbook.h
<<<          obj /usr/include/wx-3.0-gtk3/wx/toolbar.h
<<<          obj /usr/include/wx-3.0-gtk3/wx/tokenzr.h
<<<          obj /usr/include/wx-3.0-gtk3/wx/tls.h
<<<          obj /usr/include/wx-3.0-gtk3/wx/tipwin.h
<<<          obj /usr/include/wx-3.0-gtk3/wx/tipdlg.h
<<<          obj /usr/include/wx-3.0-gtk3/wx/timer.h
<<<          obj /usr/include/wx-3.0-gtk3/wx/timectrl.h
<<<          obj /usr/include/wx-3.0-gtk3/wx/time.h
<<<          obj /usr/include/wx-3.0-gtk3/wx/thrimpl.cpp
<<<          obj /usr/include/wx-3.0-gtk3/wx/thread.h
<<<          obj /usr/include/wx-3.0-gtk3/wx/tglbtn.h
<<<          obj /usr/include/wx-3.0-gtk3/wx/textwrapper.h
<<<          obj /usr/include/wx-3.0-gtk3/wx/textfile.h
<<<          obj /usr/include/wx-3.0-gtk3/wx/textentry.h
<<<          obj /usr/include/wx-3.0-gtk3/wx/textdlg.h
<<<          obj /usr/include/wx-3.0-gtk3/wx/textctrl.h
<<<          obj /usr/include/wx-3.0-gtk3/wx/textcompleter.h
<<<          obj /usr/include/wx-3.0-gtk3/wx/textbuf.h
<<<          obj /usr/include/wx-3.0-gtk3/wx/testing.h
<<<          obj /usr/include/wx-3.0-gtk3/wx/tbarbase.h
<<<          obj /usr/include/wx-3.0-gtk3/wx/taskbar.h
<<<          obj /usr/include/wx-3.0-gtk3/wx/tarstrm.h
<<<          obj /usr/include/wx-3.0-gtk3/wx/sysopt.h
<<<          obj /usr/include/wx-3.0-gtk3/wx/strvararg.h
<<<          obj /usr/include/wx-3.0-gtk3/wx/stringops.h
<<<          obj /usr/include/wx-3.0-gtk3/wx/stringimpl.h
<<<          obj /usr/include/wx-3.0-gtk3/wx/string.h
<<<          obj /usr/include/wx-3.0-gtk3/wx/stream.h
<<<          obj /usr/include/wx-3.0-gtk3/wx/strconv.h
<<<          obj /usr/include/wx-3.0-gtk3/wx/stopwatch.h
<<<          obj /usr/include/wx-3.0-gtk3/wx/stockitem.h
<<<          obj /usr/include/wx-3.0-gtk3/wx/stdstream.h
<<<          obj /usr/include/wx-3.0-gtk3/wx/stdpaths.h
<<<          obj /usr/include/wx-3.0-gtk3/wx/stc/stc.h
<<<          obj /usr/include/wx-3.0-gtk3/wx/statusbr.h
<<<          obj /usr/include/wx-3.0-gtk3/wx/stattext.h
<<<          obj /usr/include/wx-3.0-gtk3/wx/statline.h
<<<          obj /usr/include/wx-3.0-gtk3/wx/statbox.h
<<<          obj /usr/include/wx-3.0-gtk3/wx/statbmp.h
<<<          obj /usr/include/wx-3.0-gtk3/wx/stackwalk.h
<<<          obj /usr/include/wx-3.0-gtk3/wx/stack.h
<<<          obj /usr/include/wx-3.0-gtk3/wx/sstream.h
<<<          obj /usr/include/wx-3.0-gtk3/wx/srchctrl.h
<<<          obj /usr/include/wx-3.0-gtk3/wx/splitter.h
<<<          obj /usr/include/wx-3.0-gtk3/wx/splash.h
<<<          obj /usr/include/wx-3.0-gtk3/wx/spinctrl.h
<<<          obj /usr/include/wx-3.0-gtk3/wx/spinbutt.h
<<<          obj /usr/include/wx-3.0-gtk3/wx/sound.h
<<<          obj /usr/include/wx-3.0-gtk3/wx/socket.h
<<<          obj /usr/include/wx-3.0-gtk3/wx/snglinst.h
<<<          obj /usr/include/wx-3.0-gtk3/wx/slider.h
<<<          obj /usr/include/wx-3.0-gtk3/wx/sizer.h
<<<          obj /usr/include/wx-3.0-gtk3/wx/simplebook.h
<<<          obj /usr/include/wx-3.0-gtk3/wx/sharedptr.h
<<<          obj /usr/include/wx-3.0-gtk3/wx/settings.h
<<<          obj /usr/include/wx-3.0-gtk3/wx/selstore.h
<<<          obj /usr/include/wx-3.0-gtk3/wx/scrolwin.h
<<<          obj /usr/include/wx-3.0-gtk3/wx/scrolbar.h
<<<          obj /usr/include/wx-3.0-gtk3/wx/scopeguard.h
<<<          obj /usr/include/wx-3.0-gtk3/wx/scopedptr.h
<<<          obj /usr/include/wx-3.0-gtk3/wx/scopedarray.h
<<<          obj /usr/include/wx-3.0-gtk3/wx/sckstrm.h
<<<          obj /usr/include/wx-3.0-gtk3/wx/sckipc.h
<<<          obj /usr/include/wx-3.0-gtk3/wx/sckaddr.h
<<<          obj /usr/include/wx-3.0-gtk3/wx/sashwin.h
<<<          obj /usr/include/wx-3.0-gtk3/wx/rtti.h
<<<          obj /usr/include/wx-3.0-gtk3/wx/richtooltip.h
<<<          obj /usr/include/wx-3.0-gtk3/wx/richtext/richtextxml.h
<<<          obj /usr/include/wx-3.0-gtk3/wx/richtext/richtextuicustomization.h
<<<          obj /usr/include/wx-3.0-gtk3/wx/richtext/richtexttabspage.h
<<<          obj /usr/include/wx-3.0-gtk3/wx/richtext/richtextsymboldlg.h
<<<          obj /usr/include/wx-3.0-gtk3/wx/richtext/richtextstyles.h
<<<          obj /usr/include/wx-3.0-gtk3/wx/richtext/richtextstylepage.h
<<<          obj /usr/include/wx-3.0-gtk3/wx/richtext/richtextstyledlg.h
<<<          obj /usr/include/wx-3.0-gtk3/wx/richtext/richtextsizepage.h
<<<          obj /usr/include/wx-3.0-gtk3/wx/richtext/richtextprint.h
<<<          obj /usr/include/wx-3.0-gtk3/wx/richtext/richtextmarginspage.h
<<<          obj /usr/include/wx-3.0-gtk3/wx/richtext/richtextliststylepage.h
<<<          obj /usr/include/wx-3.0-gtk3/wx/richtext/richtextindentspage.h
<<<          obj /usr/include/wx-3.0-gtk3/wx/richtext/richtextimagedlg.h
<<<          obj /usr/include/wx-3.0-gtk3/wx/richtext/richtexthtml.h
<<<          obj /usr/include/wx-3.0-gtk3/wx/richtext/richtextformatdlg.h
<<<          obj /usr/include/wx-3.0-gtk3/wx/richtext/richtextfontpage.h
<<<          obj /usr/include/wx-3.0-gtk3/wx/richtext/richtextdialogpage.h
<<<          obj /usr/include/wx-3.0-gtk3/wx/richtext/richtextctrl.h
<<<          obj /usr/include/wx-3.0-gtk3/wx/richtext/richtextbulletspage.h
<<<          obj /usr/include/wx-3.0-gtk3/wx/richtext/richtextbuffer.h
<<<          obj /usr/include/wx-3.0-gtk3/wx/richtext/richtextborderspage.h
<<<          obj /usr/include/wx-3.0-gtk3/wx/richtext/richtextbackgroundpage.h
<<<          obj /usr/include/wx-3.0-gtk3/wx/richmsgdlg.h
<<<          obj /usr/include/wx-3.0-gtk3/wx/ribbon/toolbar.h
<<<          obj /usr/include/wx-3.0-gtk3/wx/ribbon/panel.h
<<<          obj /usr/include/wx-3.0-gtk3/wx/ribbon/page.h
<<<          obj /usr/include/wx-3.0-gtk3/wx/ribbon/gallery.h
<<<          obj /usr/include/wx-3.0-gtk3/wx/ribbon/control.h
<<<          obj /usr/include/wx-3.0-gtk3/wx/ribbon/buttonbar.h
<<<          obj /usr/include/wx-3.0-gtk3/wx/ribbon/bar.h
<<<          obj /usr/include/wx-3.0-gtk3/wx/ribbon/art_internal.h
<<<          obj /usr/include/wx-3.0-gtk3/wx/ribbon/art.h
<<<          obj /usr/include/wx-3.0-gtk3/wx/renderer.h
<<<          obj /usr/include/wx-3.0-gtk3/wx/region.h
<<<          obj /usr/include/wx-3.0-gtk3/wx/regex.h
<<<          obj /usr/include/wx-3.0-gtk3/wx/recguard.h
<<<          obj /usr/include/wx-3.0-gtk3/wx/rearrangectrl.h
<<<          obj /usr/include/wx-3.0-gtk3/wx/rawbmp.h
<<<          obj /usr/include/wx-3.0-gtk3/wx/range.h
<<<          obj /usr/include/wx-3.0-gtk3/wx/radiobut.h
<<<          obj /usr/include/wx-3.0-gtk3/wx/radiobox.h
<<<          obj /usr/include/wx-3.0-gtk3/wx/quantize.h
<<<          obj /usr/include/wx-3.0-gtk3/wx/ptr_shrd.h
<<<          obj /usr/include/wx-3.0-gtk3/wx/ptr_scpd.h
<<<          obj /usr/include/wx-3.0-gtk3/wx/protocol/protocol.h
<<<          obj /usr/include/wx-3.0-gtk3/wx/protocol/log.h
<<<          obj /usr/include/wx-3.0-gtk3/wx/protocol/http.h
<<<          obj /usr/include/wx-3.0-gtk3/wx/protocol/ftp.h
<<<          obj /usr/include/wx-3.0-gtk3/wx/protocol/file.h
<<<          obj /usr/include/wx-3.0-gtk3/wx/propgrid/props.h
<<<          obj /usr/include/wx-3.0-gtk3/wx/propgrid/propgridpagestate.h
<<<          obj /usr/include/wx-3.0-gtk3/wx/propgrid/propgridiface.h
<<<          obj /usr/include/wx-3.0-gtk3/wx/propgrid/propgriddefs.h
<<<          obj /usr/include/wx-3.0-gtk3/wx/propgrid/propgrid.h
<<<          obj /usr/include/wx-3.0-gtk3/wx/propgrid/property.h
<<<          obj /usr/include/wx-3.0-gtk3/wx/propgrid/manager.h
<<<          obj /usr/include/wx-3.0-gtk3/wx/propgrid/editors.h
<<<          obj /usr/include/wx-3.0-gtk3/wx/propgrid/advprops.h
<<<          obj /usr/include/wx-3.0-gtk3/wx/propdlg.h
<<<          obj /usr/include/wx-3.0-gtk3/wx/progdlg.h
<<<          obj /usr/include/wx-3.0-gtk3/wx/process.h
<<<          obj /usr/include/wx-3.0-gtk3/wx/prntbase.h
<<<          obj /usr/include/wx-3.0-gtk3/wx/private/streamtempinput.h
<<<          obj /usr/include/wx-3.0-gtk3/wx/private/pipestream.h
<<<          obj /usr/include/wx-3.0-gtk3/wx/printdlg.h
<<<          obj /usr/include/wx-3.0-gtk3/wx/print.h
<<<          obj /usr/include/wx-3.0-gtk3/wx/preferences.h
<<<          obj /usr/include/wx-3.0-gtk3/wx/power.h
<<<          obj /usr/include/wx-3.0-gtk3/wx/position.h
<<<          obj /usr/include/wx-3.0-gtk3/wx/popupwin.h
<<<          obj /usr/include/wx-3.0-gtk3/wx/platinfo.h
<<<          obj /usr/include/wx-3.0-gtk3/wx/platform.h
<<<          obj /usr/include/wx-3.0-gtk3/wx/pickerbase.h
<<<          obj /usr/include/wx-3.0-gtk3/wx/persist/window.h
<<<          obj /usr/include/wx-3.0-gtk3/wx/persist/treebook.h
<<<          obj /usr/include/wx-3.0-gtk3/wx/persist/toplevel.h
<<<          obj /usr/include/wx-3.0-gtk3/wx/persist/splitter.h
<<<          obj /usr/include/wx-3.0-gtk3/wx/persist/bookctrl.h
<<<          obj /usr/include/wx-3.0-gtk3/wx/persist.h
<<<          obj /usr/include/wx-3.0-gtk3/wx/pen.h
<<<          obj /usr/include/wx-3.0-gtk3/wx/paper.h
<<<          obj /usr/include/wx-3.0-gtk3/wx/panel.h
<<<          obj /usr/include/wx-3.0-gtk3/wx/palette.h
<<<          obj /usr/include/wx-3.0-gtk3/wx/ownerdrw.h
<<<          obj /usr/include/wx-3.0-gtk3/wx/overlay.h
<<<          obj /usr/include/wx-3.0-gtk3/wx/odcombo.h
<<<          obj /usr/include/wx-3.0-gtk3/wx/object.h
<<<          obj /usr/include/wx-3.0-gtk3/wx/numformatter.h
<<<          obj /usr/include/wx-3.0-gtk3/wx/numdlg.h
<<<          obj /usr/include/wx-3.0-gtk3/wx/notifmsg.h
<<<          obj /usr/include/wx-3.0-gtk3/wx/notebook.h
<<<          obj /usr/include/wx-3.0-gtk3/wx/nonownedwnd.h
<<<          obj /usr/include/wx-3.0-gtk3/wx/nativewin.h
<<<          obj /usr/include/wx-3.0-gtk3/wx/mstream.h
<<<          obj /usr/include/wx-3.0-gtk3/wx/msgqueue.h
<<<          obj /usr/include/wx-3.0-gtk3/wx/msgout.h
<<<          obj /usr/include/wx-3.0-gtk3/wx/msgdlg.h
<<<          obj /usr/include/wx-3.0-gtk3/wx/mousestate.h
<<<          obj /usr/include/wx-3.0-gtk3/wx/mousemanager.h
<<<          obj /usr/include/wx-3.0-gtk3/wx/module.h
<<<          obj /usr/include/wx-3.0-gtk3/wx/modalhook.h
<<<          obj /usr/include/wx-3.0-gtk3/wx/minifram.h
<<<          obj /usr/include/wx-3.0-gtk3/wx/mimetype.h
<<<          obj /usr/include/wx-3.0-gtk3/wx/metafile.h
<<<          obj /usr/include/wx-3.0-gtk3/wx/meta/removeref.h
<<<          obj /usr/include/wx-3.0-gtk3/wx/meta/pod.h
<<<          obj /usr/include/wx-3.0-gtk3/wx/meta/movable.h
<<<          obj /usr/include/wx-3.0-gtk3/wx/meta/int2type.h
<<<          obj /usr/include/wx-3.0-gtk3/wx/meta/implicitconversion.h
<<<          obj /usr/include/wx-3.0-gtk3/wx/meta/if.h
<<<          obj /usr/include/wx-3.0-gtk3/wx/meta/convertible.h
<<<          obj /usr/include/wx-3.0-gtk3/wx/menuitem.h
<<<          obj /usr/include/wx-3.0-gtk3/wx/menu.h
<<<          obj /usr/include/wx-3.0-gtk3/wx/memtext.h
<<<          obj /usr/include/wx-3.0-gtk3/wx/memory.h
<<<          obj /usr/include/wx-3.0-gtk3/wx/memconf.h
<<<          obj /usr/include/wx-3.0-gtk3/wx/mediactrl.h
<<<          obj /usr/include/wx-3.0-gtk3/wx/mdi.h
<<<          obj /usr/include/wx-3.0-gtk3/wx/matrix.h
<<<          obj /usr/include/wx-3.0-gtk3/wx/math.h
<<<          obj /usr/include/wx-3.0-gtk3/wx/longlong.h
<<<          obj /usr/include/wx-3.0-gtk3/wx/log.h
<<<          obj /usr/include/wx-3.0-gtk3/wx/listimpl.cpp
<<<          obj /usr/include/wx-3.0-gtk3/wx/listctrl.h
<<<          obj /usr/include/wx-3.0-gtk3/wx/listbox.h
<<<          obj /usr/include/wx-3.0-gtk3/wx/listbook.h
<<<          obj /usr/include/wx-3.0-gtk3/wx/listbase.h
<<<          obj /usr/include/wx-3.0-gtk3/wx/list.h
<<<          obj /usr/include/wx-3.0-gtk3/wx/link.h
<<<          obj /usr/include/wx-3.0-gtk3/wx/laywin.h
<<<          obj /usr/include/wx-3.0-gtk3/wx/layout.h
<<<          obj /usr/include/wx-3.0-gtk3/wx/language.h
<<<          obj /usr/include/wx-3.0-gtk3/wx/kbdstate.h
<<<          obj /usr/include/wx-3.0-gtk3/wx/joystick.h
<<<          obj /usr/include/wx-3.0-gtk3/wx/itemid.h
<<<          obj /usr/include/wx-3.0-gtk3/wx/ipcbase.h
<<<          obj /usr/include/wx-3.0-gtk3/wx/ipc.h
<<<          obj /usr/include/wx-3.0-gtk3/wx/ioswrap.h
<<<          obj /usr/include/wx-3.0-gtk3/wx/iosfwrap.h
<<<          obj /usr/include/wx-3.0-gtk3/wx/intl.h
<<<          obj /usr/include/wx-3.0-gtk3/wx/init.h
<<<          obj /usr/include/wx-3.0-gtk3/wx/infobar.h
<<<          obj /usr/include/wx-3.0-gtk3/wx/imagxpm.h
<<<          obj /usr/include/wx-3.0-gtk3/wx/imagtiff.h
<<<          obj /usr/include/wx-3.0-gtk3/wx/imagtga.h
<<<          obj /usr/include/wx-3.0-gtk3/wx/imagpnm.h
<<<          obj /usr/include/wx-3.0-gtk3/wx/imagpng.h
<<<          obj /usr/include/wx-3.0-gtk3/wx/imagpcx.h
<<<          obj /usr/include/wx-3.0-gtk3/wx/imaglist.h
<<<          obj /usr/include/wx-3.0-gtk3/wx/imagjpeg.h
<<<          obj /usr/include/wx-3.0-gtk3/wx/imagiff.h
<<<          obj /usr/include/wx-3.0-gtk3/wx/imaggif.h
<<<          obj /usr/include/wx-3.0-gtk3/wx/image.h
<<<          obj /usr/include/wx-3.0-gtk3/wx/imagbmp.h
<<<          obj /usr/include/wx-3.0-gtk3/wx/iconloc.h
<<<          obj /usr/include/wx-3.0-gtk3/wx/iconbndl.h
<<<          obj /usr/include/wx-3.0-gtk3/wx/icon.h
<<<          obj /usr/include/wx-3.0-gtk3/wx/hyperlink.h
<<<          obj /usr/include/wx-3.0-gtk3/wx/htmllbox.h
<<<          obj /usr/include/wx-3.0-gtk3/wx/html/winpars.h
<<<          obj /usr/include/wx-3.0-gtk3/wx/html/styleparams.h
<<<          obj /usr/include/wx-3.0-gtk3/wx/html/m_templ.h
<<<          obj /usr/include/wx-3.0-gtk3/wx/html/htmprint.h
<<<          obj /usr/include/wx-3.0-gtk3/wx/html/htmlwin.h
<<<          obj /usr/include/wx-3.0-gtk3/wx/html/htmltag.h
<<<          obj /usr/include/wx-3.0-gtk3/wx/html/htmlproc.h
<<<          obj /usr/include/wx-3.0-gtk3/wx/html/htmlpars.h
<<<          obj /usr/include/wx-3.0-gtk3/wx/html/htmlfilt.h
<<<          obj /usr/include/wx-3.0-gtk3/wx/html/htmldefs.h
<<<          obj /usr/include/wx-3.0-gtk3/wx/html/htmlcell.h
<<<          obj /usr/include/wx-3.0-gtk3/wx/html/helpwnd.h
<<<          obj /usr/include/wx-3.0-gtk3/wx/html/helpfrm.h
<<<          obj /usr/include/wx-3.0-gtk3/wx/html/helpdlg.h
<<<          obj /usr/include/wx-3.0-gtk3/wx/html/helpdata.h
<<<          obj /usr/include/wx-3.0-gtk3/wx/html/helpctrl.h
<<<          obj /usr/include/wx-3.0-gtk3/wx/html/forcelnk.h
<<<          obj /usr/include/wx-3.0-gtk3/wx/helpwin.h
<<<          obj /usr/include/wx-3.0-gtk3/wx/helphtml.h
<<<          obj /usr/include/wx-3.0-gtk3/wx/helpbase.h
<<<          obj /usr/include/wx-3.0-gtk3/wx/help.h
<<<          obj /usr/include/wx-3.0-gtk3/wx/headerctrl.h
<<<          obj /usr/include/wx-3.0-gtk3/wx/headercol.h
<<<          obj /usr/include/wx-3.0-gtk3/wx/hashset.h
<<<          obj /usr/include/wx-3.0-gtk3/wx/hashmap.h
<<<          obj /usr/include/wx-3.0-gtk3/wx/hash.h
<<<          obj /usr/include/wx-3.0-gtk3/wx/gtk/window.h
<<<          obj /usr/include/wx-3.0-gtk3/wx/gtk/webviewhistoryitem_webkit.h
<<<          obj /usr/include/wx-3.0-gtk3/wx/gtk/webview_webkit.h
<<<          obj /usr/include/wx-3.0-gtk3/wx/gtk/toplevel.h
<<<          obj /usr/include/wx-3.0-gtk3/wx/gtk/tooltip.h
<<<          obj /usr/include/wx-3.0-gtk3/wx/gtk/toolbar.h
<<<          obj /usr/include/wx-3.0-gtk3/wx/gtk/tglbtn.h
<<<          obj /usr/include/wx-3.0-gtk3/wx/gtk/textentry.h
<<<          obj /usr/include/wx-3.0-gtk3/wx/gtk/textctrl.h
<<<          obj /usr/include/wx-3.0-gtk3/wx/gtk/taskbar.h
<<<          obj /usr/include/wx-3.0-gtk3/wx/gtk/stattext.h
<<<          obj /usr/include/wx-3.0-gtk3/wx/gtk/statline.h
<<<          obj /usr/include/wx-3.0-gtk3/wx/gtk/statbox.h
<<<          obj /usr/include/wx-3.0-gtk3/wx/gtk/statbmp.h
<<<          obj /usr/include/wx-3.0-gtk3/wx/gtk/spinctrl.h
<<<          obj /usr/include/wx-3.0-gtk3/wx/gtk/spinbutt.h
<<<          obj /usr/include/wx-3.0-gtk3/wx/gtk/slider.h
<<<          obj /usr/include/wx-3.0-gtk3/wx/gtk/scrolwin.h
<<<          obj /usr/include/wx-3.0-gtk3/wx/gtk/scrolbar.h
<<<          obj /usr/include/wx-3.0-gtk3/wx/gtk/region.h
<<<          obj /usr/include/wx-3.0-gtk3/wx/gtk/radiobut.h
<<<          obj /usr/include/wx-3.0-gtk3/wx/gtk/radiobox.h
<<<          obj /usr/include/wx-3.0-gtk3/wx/gtk/print.h
<<<          obj /usr/include/wx-3.0-gtk3/wx/gtk/popupwin.h
<<<          obj /usr/include/wx-3.0-gtk3/wx/gtk/pen.h
<<<          obj /usr/include/wx-3.0-gtk3/wx/gtk/notifmsg.h
<<<          obj /usr/include/wx-3.0-gtk3/wx/gtk/notebook.h
<<<          obj /usr/include/wx-3.0-gtk3/wx/gtk/nonownedwnd.h
<<<          obj /usr/include/wx-3.0-gtk3/wx/gtk/msgdlg.h
<<<          obj /usr/include/wx-3.0-gtk3/wx/gtk/minifram.h
<<<          obj /usr/include/wx-3.0-gtk3/wx/gtk/menuitem.h
<<<          obj /usr/include/wx-3.0-gtk3/wx/gtk/menu.h
<<<          obj /usr/include/wx-3.0-gtk3/wx/gtk/mdi.h
<<<          obj /usr/include/wx-3.0-gtk3/wx/gtk/listbox.h
<<<          obj /usr/include/wx-3.0-gtk3/wx/gtk/infobar.h
<<<          obj /usr/include/wx-3.0-gtk3/wx/gtk/hyperlink.h
<<<          obj /usr/include/wx-3.0-gtk3/wx/gtk/gnome/gvfs.h
<<<          obj /usr/include/wx-3.0-gtk3/wx/gtk/glcanvas.h
<<<          obj /usr/include/wx-3.0-gtk3/wx/gtk/gauge.h
<<<          obj /usr/include/wx-3.0-gtk3/wx/gtk/frame.h
<<<          obj /usr/include/wx-3.0-gtk3/wx/gtk/fontpicker.h
<<<          obj /usr/include/wx-3.0-gtk3/wx/gtk/fontdlg.h
<<<          obj /usr/include/wx-3.0-gtk3/wx/gtk/font.h
<<<          obj /usr/include/wx-3.0-gtk3/wx/gtk/filepicker.h
<<<          obj /usr/include/wx-3.0-gtk3/wx/gtk/filehistory.h
<<<          obj /usr/include/wx-3.0-gtk3/wx/gtk/filedlg.h
<<<          obj /usr/include/wx-3.0-gtk3/wx/gtk/filectrl.h
<<<          obj /usr/include/wx-3.0-gtk3/wx/gtk/evtloopsrc.h
<<<          obj /usr/include/wx-3.0-gtk3/wx/gtk/evtloop.h
<<<          obj /usr/include/wx-3.0-gtk3/wx/gtk/dvrenderers.h
<<<          obj /usr/include/wx-3.0-gtk3/wx/gtk/dvrenderer.h
<<<          obj /usr/include/wx-3.0-gtk3/wx/gtk/dnd.h
<<<          obj /usr/include/wx-3.0-gtk3/wx/gtk/dirdlg.h
<<<          obj /usr/include/wx-3.0-gtk3/wx/gtk/dialog.h
<<<          obj /usr/include/wx-3.0-gtk3/wx/gtk/dataview.h
<<<          obj /usr/include/wx-3.0-gtk3/wx/gtk/dataobj2.h
<<<          obj /usr/include/wx-3.0-gtk3/wx/gtk/dataobj.h
<<<          obj /usr/include/wx-3.0-gtk3/wx/gtk/dataform.h
<<<          obj /usr/include/wx-3.0-gtk3/wx/gtk/cursor.h
<<<          obj /usr/include/wx-3.0-gtk3/wx/gtk/control.h
<<<          obj /usr/include/wx-3.0-gtk3/wx/gtk/combobox.h
<<<          obj /usr/include/wx-3.0-gtk3/wx/gtk/colour.h
<<<          obj /usr/include/wx-3.0-gtk3/wx/gtk/colordlg.h
<<<          obj /usr/include/wx-3.0-gtk3/wx/gtk/collpane.h
<<<          obj /usr/include/wx-3.0-gtk3/wx/gtk/clrpicker.h
<<<          obj /usr/include/wx-3.0-gtk3/wx/gtk/clipbrd.h
<<<          obj /usr/include/wx-3.0-gtk3/wx/gtk/choice.h
<<<          obj /usr/include/wx-3.0-gtk3/wx/gtk/chkconf.h
<<<          obj /usr/include/wx-3.0-gtk3/wx/gtk/checklst.h
<<<          obj /usr/include/wx-3.0-gtk3/wx/gtk/checkbox.h
<<<          obj /usr/include/wx-3.0-gtk3/wx/gtk/calctrl.h
<<<          obj /usr/include/wx-3.0-gtk3/wx/gtk/button.h
<<<          obj /usr/include/wx-3.0-gtk3/wx/gtk/brush.h
<<<          obj /usr/include/wx-3.0-gtk3/wx/gtk/bmpcbox.h
<<<          obj /usr/include/wx-3.0-gtk3/wx/gtk/bmpbuttn.h
<<<          obj /usr/include/wx-3.0-gtk3/wx/gtk/bitmap.h
<<<          obj /usr/include/wx-3.0-gtk3/wx/gtk/assertdlg_gtk.h
<<<          obj /usr/include/wx-3.0-gtk3/wx/gtk/app.h
<<<          obj /usr/include/wx-3.0-gtk3/wx/gtk/anybutton.h
<<<          obj /usr/include/wx-3.0-gtk3/wx/gtk/animate.h
<<<          obj /usr/include/wx-3.0-gtk3/wx/gtk/accel.h
<<<          obj /usr/include/wx-3.0-gtk3/wx/grid.h
<<<          obj /usr/include/wx-3.0-gtk3/wx/graphics.h
<<<          obj /usr/include/wx-3.0-gtk3/wx/glcanvas.h
<<<          obj /usr/include/wx-3.0-gtk3/wx/gifdecod.h
<<<          obj /usr/include/wx-3.0-gtk3/wx/geometry.h
<<<          obj /usr/include/wx-3.0-gtk3/wx/generic/wizard.h
<<<          obj /usr/include/wx-3.0-gtk3/wx/generic/treectlg.h
<<<          obj /usr/include/wx-3.0-gtk3/wx/generic/timectrl.h
<<<          obj /usr/include/wx-3.0-gtk3/wx/generic/textdlgg.h
<<<          obj /usr/include/wx-3.0-gtk3/wx/generic/statusbr.h
<<<          obj /usr/include/wx-3.0-gtk3/wx/generic/stattextg.h
<<<          obj /usr/include/wx-3.0-gtk3/wx/generic/statbmpg.h
<<<          obj /usr/include/wx-3.0-gtk3/wx/generic/srchctlg.h
<<<          obj /usr/include/wx-3.0-gtk3/wx/generic/splitter.h
<<<          obj /usr/include/wx-3.0-gtk3/wx/generic/splash.h
<<<          obj /usr/include/wx-3.0-gtk3/wx/generic/spinctlg.h
<<<          obj /usr/include/wx-3.0-gtk3/wx/generic/scrolwin.h
<<<          obj /usr/include/wx-3.0-gtk3/wx/generic/sashwin.h
<<<          obj /usr/include/wx-3.0-gtk3/wx/generic/richmsgdlgg.h
<<<          obj /usr/include/wx-3.0-gtk3/wx/generic/propdlg.h
<<<          obj /usr/include/wx-3.0-gtk3/wx/generic/progdlgg.h
<<<          obj /usr/include/wx-3.0-gtk3/wx/generic/prntdlgg.h
<<<          obj /usr/include/wx-3.0-gtk3/wx/generic/printps.h
<<<          obj /usr/include/wx-3.0-gtk3/wx/generic/panelg.h
<<<          obj /usr/include/wx-3.0-gtk3/wx/generic/paletteg.h
<<<          obj /usr/include/wx-3.0-gtk3/wx/generic/numdlgg.h
<<<          obj /usr/include/wx-3.0-gtk3/wx/generic/notifmsg.h
<<<          obj /usr/include/wx-3.0-gtk3/wx/generic/notebook.h
<<<          obj /usr/include/wx-3.0-gtk3/wx/generic/msgdlgg.h
<<<          obj /usr/include/wx-3.0-gtk3/wx/generic/logg.h
<<<          obj /usr/include/wx-3.0-gtk3/wx/generic/listctrl.h
<<<          obj /usr/include/wx-3.0-gtk3/wx/generic/laywin.h
<<<          obj /usr/include/wx-3.0-gtk3/wx/generic/infobar.h
<<<          obj /usr/include/wx-3.0-gtk3/wx/generic/imaglist.h
<<<          obj /usr/include/wx-3.0-gtk3/wx/generic/icon.h
<<<          obj /usr/include/wx-3.0-gtk3/wx/generic/hyperlink.h
<<<          obj /usr/include/wx-3.0-gtk3/wx/generic/helpext.h
<<<          obj /usr/include/wx-3.0-gtk3/wx/generic/headerctrlg.h
<<<          obj /usr/include/wx-3.0-gtk3/wx/generic/gridsel.h
<<<          obj /usr/include/wx-3.0-gtk3/wx/generic/grideditors.h
<<<          obj /usr/include/wx-3.0-gtk3/wx/generic/gridctrl.h
<<<          obj /usr/include/wx-3.0-gtk3/wx/generic/grid.h
<<<          obj /usr/include/wx-3.0-gtk3/wx/generic/fswatcher.h
<<<          obj /usr/include/wx-3.0-gtk3/wx/generic/filepickerg.h
<<<          obj /usr/include/wx-3.0-gtk3/wx/generic/filectrlg.h
<<<          obj /usr/include/wx-3.0-gtk3/wx/generic/fdrepdlg.h
<<<          obj /usr/include/wx-3.0-gtk3/wx/generic/dvrenderers.h
<<<          obj /usr/include/wx-3.0-gtk3/wx/generic/dvrenderer.h
<<<          obj /usr/include/wx-3.0-gtk3/wx/generic/dragimgg.h
<<<          obj /usr/include/wx-3.0-gtk3/wx/generic/dirctrlg.h
<<<          obj /usr/include/wx-3.0-gtk3/wx/generic/dcpsg.h
<<<          obj /usr/include/wx-3.0-gtk3/wx/generic/datectrl.h
<<<          obj /usr/include/wx-3.0-gtk3/wx/generic/dataview.h
<<<          obj /usr/include/wx-3.0-gtk3/wx/generic/custombgwin.h
<<<          obj /usr/include/wx-3.0-gtk3/wx/generic/combo.h
<<<          obj /usr/include/wx-3.0-gtk3/wx/generic/colrdlgg.h
<<<          obj /usr/include/wx-3.0-gtk3/wx/generic/choicdgg.h
<<<          obj /usr/include/wx-3.0-gtk3/wx/generic/caret.h
<<<          obj /usr/include/wx-3.0-gtk3/wx/generic/calctrlg.h
<<<          obj /usr/include/wx-3.0-gtk3/wx/generic/buttonbar.h
<<<          obj /usr/include/wx-3.0-gtk3/wx/generic/busyinfo.h
<<<          obj /usr/include/wx-3.0-gtk3/wx/generic/bmpcbox.h
<<<          obj /usr/include/wx-3.0-gtk3/wx/generic/accel.h
<<<          obj /usr/include/wx-3.0-gtk3/wx/generic/aboutdlgg.h
<<<          obj /usr/include/wx-3.0-gtk3/wx/gdiobj.h
<<<          obj /usr/include/wx-3.0-gtk3/wx/gdicmn.h
<<<          obj /usr/include/wx-3.0-gtk3/wx/gbsizer.h
<<<          obj /usr/include/wx-3.0-gtk3/wx/gauge.h
<<<          obj /usr/include/wx-3.0-gtk3/wx/fswatcher.h
<<<          obj /usr/include/wx-3.0-gtk3/wx/fs_zip.h
<<<          obj /usr/include/wx-3.0-gtk3/wx/fs_mem.h
<<<          obj /usr/include/wx-3.0-gtk3/wx/fs_inet.h
<<<          obj /usr/include/wx-3.0-gtk3/wx/fs_filter.h
<<<          obj /usr/include/wx-3.0-gtk3/wx/fs_arc.h
<<<          obj /usr/include/wx-3.0-gtk3/wx/frame.h
<<<          obj /usr/include/wx-3.0-gtk3/wx/fontutil.h
<<<          obj /usr/include/wx-3.0-gtk3/wx/fontpicker.h
<<<          obj /usr/include/wx-3.0-gtk3/wx/fontmap.h
<<<          obj /usr/include/wx-3.0-gtk3/wx/fontenum.h
<<<          obj /usr/include/wx-3.0-gtk3/wx/fontenc.h
<<<          obj /usr/include/wx-3.0-gtk3/wx/fontdlg.h
<<<          obj /usr/include/wx-3.0-gtk3/wx/fontdata.h
<<<          obj /usr/include/wx-3.0-gtk3/wx/font.h
<<<          obj /usr/include/wx-3.0-gtk3/wx/fmappriv.h
<<<          obj /usr/include/wx-3.0-gtk3/wx/flags.h
<<<          obj /usr/include/wx-3.0-gtk3/wx/filesys.h
<<<          obj /usr/include/wx-3.0-gtk3/wx/filepicker.h
<<<          obj /usr/include/wx-3.0-gtk3/wx/filename.h
<<<          obj /usr/include/wx-3.0-gtk3/wx/filehistory.h
<<<          obj /usr/include/wx-3.0-gtk3/wx/filefn.h
<<<          obj /usr/include/wx-3.0-gtk3/wx/filedlg.h
<<<          obj /usr/include/wx-3.0-gtk3/wx/filectrl.h
<<<          obj /usr/include/wx-3.0-gtk3/wx/fileconf.h
<<<          obj /usr/include/wx-3.0-gtk3/wx/file.h
<<<          obj /usr/include/wx-3.0-gtk3/wx/ffile.h
<<<          obj /usr/include/wx-3.0-gtk3/wx/features.h
<<<          obj /usr/include/wx-3.0-gtk3/wx/fdrepdlg.h
<<<          obj /usr/include/wx-3.0-gtk3/wx/except.h
<<<          obj /usr/include/wx-3.0-gtk3/wx/evtloopsrc.h
<<<          obj /usr/include/wx-3.0-gtk3/wx/evtloop.h
<<<          obj /usr/include/wx-3.0-gtk3/wx/eventfilter.h
<<<          obj /usr/include/wx-3.0-gtk3/wx/event.h
<<<          obj /usr/include/wx-3.0-gtk3/wx/encinfo.h
<<<          obj /usr/include/wx-3.0-gtk3/wx/encconv.h
<<<          obj /usr/include/wx-3.0-gtk3/wx/effects.h
<<<          obj /usr/include/wx-3.0-gtk3/wx/editlbox.h
<<<          obj /usr/include/wx-3.0-gtk3/wx/dynload.h
<<<          obj /usr/include/wx-3.0-gtk3/wx/dynlib.h
<<<          obj /usr/include/wx-3.0-gtk3/wx/dynarray.h
<<<          obj /usr/include/wx-3.0-gtk3/wx/dvrenderers.h
<<<          obj /usr/include/wx-3.0-gtk3/wx/dragimag.h
<<<          obj /usr/include/wx-3.0-gtk3/wx/docview.h
<<<          obj /usr/include/wx-3.0-gtk3/wx/docmdi.h
<<<          obj /usr/include/wx-3.0-gtk3/wx/dnd.h
<<<          obj /usr/include/wx-3.0-gtk3/wx/dlist.h
<<<          obj /usr/include/wx-3.0-gtk3/wx/dlimpexp.h
<<<          obj /usr/include/wx-3.0-gtk3/wx/display_impl.h
<<<          obj /usr/include/wx-3.0-gtk3/wx/display.h
<<<          obj /usr/include/wx-3.0-gtk3/wx/dirdlg.h
<<<          obj /usr/include/wx-3.0-gtk3/wx/dirctrl.h
<<<          obj /usr/include/wx-3.0-gtk3/wx/dir.h
<<<          obj /usr/include/wx-3.0-gtk3/wx/dialup.h
<<<          obj /usr/include/wx-3.0-gtk3/wx/dialog.h
<<<          obj /usr/include/wx-3.0-gtk3/wx/defs.h
<<<          obj /usr/include/wx-3.0-gtk3/wx/debugrpt.h
<<<          obj /usr/include/wx-3.0-gtk3/wx/debug.h
<<<          obj /usr/include/wx-3.0-gtk3/wx/dde.h
<<<          obj /usr/include/wx-3.0-gtk3/wx/dcsvg.h
<<<          obj /usr/include/wx-3.0-gtk3/wx/dcscreen.h
<<<          obj /usr/include/wx-3.0-gtk3/wx/dcps.h
<<<          obj /usr/include/wx-3.0-gtk3/wx/dcprint.h
<<<          obj /usr/include/wx-3.0-gtk3/wx/dcmirror.h
<<<          obj /usr/include/wx-3.0-gtk3/wx/dcmemory.h
<<<          obj /usr/include/wx-3.0-gtk3/wx/dcgraph.h
<<<          obj /usr/include/wx-3.0-gtk3/wx/dcclient.h
<<<          obj /usr/include/wx-3.0-gtk3/wx/dcbuffer.h
<<<          obj /usr/include/wx-3.0-gtk3/wx/dc.h
<<<          obj /usr/include/wx-3.0-gtk3/wx/datstrm.h
<<<          obj /usr/include/wx-3.0-gtk3/wx/datetimectrl.h
<<<          obj /usr/include/wx-3.0-gtk3/wx/datetime.h
<<<          obj /usr/include/wx-3.0-gtk3/wx/dateevt.h
<<<          obj /usr/include/wx-3.0-gtk3/wx/datectrl.h
<<<          obj /usr/include/wx-3.0-gtk3/wx/dataview.h
<<<          obj /usr/include/wx-3.0-gtk3/wx/dataobj.h
<<<          obj /usr/include/wx-3.0-gtk3/wx/custombgwin.h
<<<          obj /usr/include/wx-3.0-gtk3/wx/cursor.h
<<<          obj /usr/include/wx-3.0-gtk3/wx/ctrlsub.h
<<<          obj /usr/include/wx-3.0-gtk3/wx/cshelp.h
<<<          obj /usr/include/wx-3.0-gtk3/wx/crt.h
<<<          obj /usr/include/wx-3.0-gtk3/wx/cpp.h
<<<          obj /usr/include/wx-3.0-gtk3/wx/convauto.h
<<<          obj /usr/include/wx-3.0-gtk3/wx/control.h
<<<          obj /usr/include/wx-3.0-gtk3/wx/containr.h
<<<          obj /usr/include/wx-3.0-gtk3/wx/config.h
<<<          obj /usr/include/wx-3.0-gtk3/wx/confbase.h
<<<          obj /usr/include/wx-3.0-gtk3/wx/compositewin.h
<<<          obj /usr/include/wx-3.0-gtk3/wx/compiler.h
<<<          obj /usr/include/wx-3.0-gtk3/wx/commandlinkbutton.h
<<<          obj /usr/include/wx-3.0-gtk3/wx/combobox.h
<<<          obj /usr/include/wx-3.0-gtk3/wx/combo.h
<<<          obj /usr/include/wx-3.0-gtk3/wx/colourdata.h
<<<          obj /usr/include/wx-3.0-gtk3/wx/colour.h
<<<          obj /usr/include/wx-3.0-gtk3/wx/colordlg.h
<<<          obj /usr/include/wx-3.0-gtk3/wx/collpane.h
<<<          obj /usr/include/wx-3.0-gtk3/wx/cmndata.h
<<<          obj /usr/include/wx-3.0-gtk3/wx/cmdproc.h
<<<          obj /usr/include/wx-3.0-gtk3/wx/cmdline.h
<<<          obj /usr/include/wx-3.0-gtk3/wx/cmdargs.h
<<<          obj /usr/include/wx-3.0-gtk3/wx/clrpicker.h
<<<          obj /usr/include/wx-3.0-gtk3/wx/clntdata.h
<<<          obj /usr/include/wx-3.0-gtk3/wx/clipbrd.h
<<<          obj /usr/include/wx-3.0-gtk3/wx/choicebk.h
<<<          obj /usr/include/wx-3.0-gtk3/wx/choice.h
<<<          obj /usr/include/wx-3.0-gtk3/wx/choicdlg.h
<<<          obj /usr/include/wx-3.0-gtk3/wx/chkconf.h
<<<          obj /usr/include/wx-3.0-gtk3/wx/checklst.h
<<<          obj /usr/include/wx-3.0-gtk3/wx/checkeddelete.h
<<<          obj /usr/include/wx-3.0-gtk3/wx/checkbox.h
<<<          obj /usr/include/wx-3.0-gtk3/wx/chartype.h
<<<          obj /usr/include/wx-3.0-gtk3/wx/caret.h
<<<          obj /usr/include/wx-3.0-gtk3/wx/calctrl.h
<<<          obj /usr/include/wx-3.0-gtk3/wx/button.h
<<<          obj /usr/include/wx-3.0-gtk3/wx/busyinfo.h
<<<          obj /usr/include/wx-3.0-gtk3/wx/build.h
<<<          obj /usr/include/wx-3.0-gtk3/wx/buffer.h
<<<          obj /usr/include/wx-3.0-gtk3/wx/brush.h
<<<          obj /usr/include/wx-3.0-gtk3/wx/bookctrl.h
<<<          obj /usr/include/wx-3.0-gtk3/wx/bmpcbox.h
<<<          obj /usr/include/wx-3.0-gtk3/wx/bmpbuttn.h
<<<          obj /usr/include/wx-3.0-gtk3/wx/bitmap.h
<<<          obj /usr/include/wx-3.0-gtk3/wx/beforestd.h
<<<          obj /usr/include/wx-3.0-gtk3/wx/base64.h
<<<          obj /usr/include/wx-3.0-gtk3/wx/bannerwindow.h
<<<          obj /usr/include/wx-3.0-gtk3/wx/aui/tabmdi.h
<<<          obj /usr/include/wx-3.0-gtk3/wx/aui/tabart.h
<<<          obj /usr/include/wx-3.0-gtk3/wx/aui/framemanager.h
<<<          obj /usr/include/wx-3.0-gtk3/wx/aui/floatpane.h
<<<          obj /usr/include/wx-3.0-gtk3/wx/aui/dockart.h
<<<          obj /usr/include/wx-3.0-gtk3/wx/aui/auibook.h
<<<          obj /usr/include/wx-3.0-gtk3/wx/aui/auibar.h
<<<          obj /usr/include/wx-3.0-gtk3/wx/aui/aui.h
<<<          obj /usr/include/wx-3.0-gtk3/wx/atomic.h
<<<          obj /usr/include/wx-3.0-gtk3/wx/artprov.h
<<<          obj /usr/include/wx-3.0-gtk3/wx/arrstr.h
<<<          obj /usr/include/wx-3.0-gtk3/wx/arrimpl.cpp
<<<          obj /usr/include/wx-3.0-gtk3/wx/archive.h
<<<          obj /usr/include/wx-3.0-gtk3/wx/apptrait.h
<<<          obj /usr/include/wx-3.0-gtk3/wx/app.h
<<<          obj /usr/include/wx-3.0-gtk3/wx/anystr.h
<<<          obj /usr/include/wx-3.0-gtk3/wx/anybutton.h
<<<          obj /usr/include/wx-3.0-gtk3/wx/any.h
<<<          obj /usr/include/wx-3.0-gtk3/wx/animdecod.h
<<<          obj /usr/include/wx-3.0-gtk3/wx/animate.h
<<<          obj /usr/include/wx-3.0-gtk3/wx/anidecod.h
<<<          obj /usr/include/wx-3.0-gtk3/wx/afterstd.h
<<<          obj /usr/include/wx-3.0-gtk3/wx/affinematrix2dbase.h
<<<          obj /usr/include/wx-3.0-gtk3/wx/affinematrix2d.h
<<<          obj /usr/include/wx-3.0-gtk3/wx/access.h
<<<          obj /usr/include/wx-3.0-gtk3/wx/accel.h
<<<          obj /usr/include/wx-3.0-gtk3/wx/aboutdlg.h
<<<          obj /usr/bin/wxrc-3.0-gtk3
--- !empty   dir /usr/share/locale/zh_TW/LC_MESSAGES
--- !empty   dir /usr/share/locale/zh_TW
--- !empty   dir /usr/share/locale/zh_CN/LC_MESSAGES
--- !empty   dir /usr/share/locale/zh_CN
--- !empty   dir /usr/share/locale/uk/LC_MESSAGES
--- !empty   dir /usr/share/locale/uk
--- !empty   dir /usr/share/locale/tr/LC_MESSAGES
--- !empty   dir /usr/share/locale/tr
--- !empty   dir /usr/share/locale/sv/LC_MESSAGES
--- !empty   dir /usr/share/locale/sv
--- !empty   dir /usr/share/locale/sl/LC_MESSAGES
--- !empty   dir /usr/share/locale/sl
--- !empty   dir /usr/share/locale/ru/LC_MESSAGES
--- !empty   dir /usr/share/locale/ru
--- !empty   dir /usr/share/locale/pl/LC_MESSAGES
--- !empty   dir /usr/share/locale/pl
--- !empty   dir /usr/share/locale/nl/LC_MESSAGES
--- !empty   dir /usr/share/locale/nl
--- !empty   dir /usr/share/locale/ja/LC_MESSAGES
--- !empty   dir /usr/share/locale/ja
--- !empty   dir /usr/share/locale/it/LC_MESSAGES
--- !empty   dir /usr/share/locale/it
--- !empty   dir /usr/share/locale/id/LC_MESSAGES
--- !empty   dir /usr/share/locale/id
--- !empty   dir /usr/share/locale/hu/LC_MESSAGES
--- !empty   dir /usr/share/locale/hu
--- !empty   dir /usr/share/locale/fr/LC_MESSAGES
--- !empty   dir /usr/share/locale/fr
--- !empty   dir /usr/share/locale/fi/LC_MESSAGES
--- !empty   dir /usr/share/locale/fi
--- !empty   dir /usr/share/locale/es/LC_MESSAGES
--- !empty   dir /usr/share/locale/es
--- !empty   dir /usr/share/locale/el/LC_MESSAGES
--- !empty   dir /usr/share/locale/el
--- !empty   dir /usr/share/locale/de/LC_MESSAGES
--- !empty   dir /usr/share/locale/de
--- !empty   dir /usr/share/locale/da/LC_MESSAGES
--- !empty   dir /usr/share/locale/da
--- !empty   dir /usr/share/locale/cs/LC_MESSAGES
--- !empty   dir /usr/share/locale/cs
--- !empty   dir /usr/share/locale/ca/LC_MESSAGES
--- !empty   dir /usr/share/locale/ca
--- !empty   dir /usr/share/locale
--- !empty   dir /usr/share/bakefile/presets
--- !empty   dir /usr/share/bakefile
--- !empty   dir /usr/share/aclocal
--- !empty   dir /usr/share
<<<          dir /usr/lib64/wx/include/gtk3-unicode-3.0-gtk3/wx
<<<          dir /usr/lib64/wx/include/gtk3-unicode-3.0-gtk3
--- !empty   dir /usr/lib64/wx/include
--- !empty   dir /usr/lib64/wx/config
--- !empty   dir /usr/lib64/wx
--- !empty   dir /usr/lib64
<<<          dir /usr/include/wx-3.0-gtk3/wx/xrc
<<<          dir /usr/include/wx-3.0-gtk3/wx/xml
<<<          dir /usr/include/wx-3.0-gtk3/wx/unix/private
<<<          dir /usr/include/wx-3.0-gtk3/wx/unix
<<<          dir /usr/include/wx-3.0-gtk3/wx/stc
<<<          dir /usr/include/wx-3.0-gtk3/wx/richtext
<<<          dir /usr/include/wx-3.0-gtk3/wx/ribbon
<<<          dir /usr/include/wx-3.0-gtk3/wx/protocol
<<<          dir /usr/include/wx-3.0-gtk3/wx/propgrid
<<<          dir /usr/include/wx-3.0-gtk3/wx/private
<<<          dir /usr/include/wx-3.0-gtk3/wx/persist
<<<          dir /usr/include/wx-3.0-gtk3/wx/meta
<<<          dir /usr/include/wx-3.0-gtk3/wx/html
<<<          dir /usr/include/wx-3.0-gtk3/wx/gtk/gnome
<<<          dir /usr/include/wx-3.0-gtk3/wx/gtk
<<<          dir /usr/include/wx-3.0-gtk3/wx/generic
<<<          dir /usr/include/wx-3.0-gtk3/wx/aui
<<<          dir /usr/include/wx-3.0-gtk3/wx
<<<          dir /usr/include/wx-3.0-gtk3
--- !empty   dir /usr/include
--- !empty   dir /usr/bin
--- !empty   dir /usr

[33m[1m!!! Warning: [mYour currently selected wxWidgets profile:    ( gtk3-unicode-3.0-gtk3 )
[33m[1m!!! Warning: [mis no longer available.
[33m[1m!!! Warning: [m
[33m[1m!!! Warning: [mThe closest matching profile:                 ( gtk2-unicode-3.0 )
[33m[1m!!! Warning: [mwill be activated in its place.

Setting wxWidgets profile to gtk2-unicode-3.0

>>> Regenerating /etc/ld.so.cache...
