>>> Extracting info
 * Package:    x11-libs/libXpm-3.5.13
 * Repository: gentoo
 * USE:        elibc_glibc amd64 userland_GNU kernel_linux abi_x86_64
 * FEATURES:   preserve-libs
 * /etc/portage/package.cflags/ltoworkarounds.conf -> */*: *FLAGS+=-Wl,-O4 *FLAGS-=-Wl,-O1
 * FEATURES='assume-digests binpkg-dostrip binpkg-logs buildpkg config-protect-if-modified distlocks ebuild-locks fixlafiles merge-sync multilib-strict news nodoc parallel-fetch preserve-libs qa-unresolved-soname-deps sfperms strict strict-keepdir unknown-features-warn unmerge-logs unmerge-orphans xattr'
 * CFLAGS='-march=znver2 -O2 -pipe -g0 -fno-semantic-interposition -fno-plt -falign-functions=32 -fno-stack-protector -fno-stack-clash-protection -fstack-check=no -fno-stack-check -Wl,-O4 -Wl,-O4,--sort-common,--as-needed,-z,norelro,-z,now,-lgomp,-lpthread'
 * CXXFLAGS='-march=znver2 -O2 -pipe -g0 -fno-semantic-interposition -fno-plt -falign-functions=32 -fno-stack-protector -fno-stack-clash-protection -fstack-check=no -fno-stack-check -Wl,-O4 -Wl,-O4,--sort-common,--as-needed,-z,norelro,-z,now,-lgomp,-lpthread'
 * FFLAGS='-march=znver2 -O2 -pipe -g0 -fno-semantic-interposition -fno-plt -falign-functions=32 -fno-stack-protector -fno-stack-clash-protection -fstack-check=no -fno-stack-check -Wl,-O4 -Wl,-O4,--sort-common,--as-needed,-z,norelro,-z,now,-lgomp,-lpthread'
 * FCFLAGS='-march=znver2 -O2 -pipe -g0 -fno-semantic-interposition -fno-plt -falign-functions=32 -fno-stack-protector -fno-stack-clash-protection -fstack-check=no -fno-stack-check -Wl,-O4 -Wl,-O4,--sort-common,--as-needed,-z,norelro,-z,now,-lgomp,-lpthread'
 * F77FLAGS='-march=znver2 -O2 -pipe -g0 -fno-semantic-interposition -fno-plt -falign-functions=32 -fno-stack-protector -fno-stack-clash-protection -fstack-check=no -fno-stack-check -Wl,-O4 -Wl,-O4,--sort-common,--as-needed,-z,norelro,-z,now,-lgomp,-lpthread'
 * LDFLAGS='-march=znver2 -O2 -pipe -g0 -fno-semantic-interposition -fno-plt -falign-functions=32 -fno-stack-protector -fno-stack-clash-protection -fstack-check=no -fno-stack-check -Wl,-O4,--sort-common,--as-needed,-z,norelro,-z,now,-lgomp,-lpthread'
 * MAKEOPTS='-j12 -l12'
 * gcc (Gentoo 11.0.0_pre9999 p1, commit 184c21bf1cd04a108ed9bd04635e7d57ac39f616) 11.0.0 20200611 (experimental)
 * g++ (Gentoo 11.0.0_pre9999 p1, commit 184c21bf1cd04a108ed9bd04635e7d57ac39f616) 11.0.0 20200611 (experimental)
 * GNU ld (Gentoo 2.34 p4) 2.34.0
 * Linux rescue 5.4.36 #1 SMP Thu Apr 30 04:38:28 UTC 2020 x86_64 AMD Ryzen 5 3600 6-Core Processor AuthenticAMD GNU/Linux
x11-libs/libXpm: 11 seconds average for 10 merges
2020-05-15T10:31:02 >>> x11-libs/libXpm: 15 seconds
2020-05-20T02:00:03 >>> x11-libs/libXpm: 4 seconds
2020-05-21T06:26:51 >>> x11-libs/libXpm: 5 seconds
2020-05-25T15:03:18 >>> x11-libs/libXpm: 4 seconds
2020-05-26T00:21:52 >>> x11-libs/libXpm: 23 seconds
2020-05-26T14:35:16 >>> x11-libs/libXpm: 6 seconds
2020-05-27T02:12:14 >>> x11-libs/libXpm: 6 seconds
2020-05-29T02:05:07 >>> x11-libs/libXpm: 7 seconds
2020-05-30T13:36:18 >>> x11-libs/libXpm: 24 seconds
2020-06-01T02:58:44 >>> x11-libs/libXpm: 25 seconds
]0;emerge 02:02:36 426|626 libXpm 00:19 (root@rescue)>>> Extracting x11-libs/libXpm-3.5.13
 * One or more compressed files were found in docompress-ed directories.
 * Please fix the ebuild not to install compressed files (manpages,
 * documentation) when automatic compression is used:
 * 
 *   /usr/share/man/man1/sxpm.1.bz2
 *   /usr/share/man/man1/cxpm.1.bz2
 * checking 9 files for package collisions
>>> Merging x11-libs/libXpm-3.5.13 to /
 * removing unneeded *.la files
--- /usr/
--- /usr/bin/
>>> /usr/bin/cxpm
>>> /usr/bin/sxpm
--- /usr/include/
--- /usr/include/X11/
>>> /usr/include/X11/xpm.h
--- /usr/lib64/
>>> /usr/lib64/libXpm.so -> libXpm.so.4.11.0
>>> /usr/lib64/libXpm.so.4 -> libXpm.so.4.11.0
>>> /usr/lib64/libXpm.so.4.11.0
--- /usr/lib64/pkgconfig/
>>> /usr/lib64/pkgconfig/xpm.pc
--- /usr/share/
--- /usr/share/man/
--- /usr/share/man/man1/
>>> /usr/share/man/man1/sxpm.1.bz2
>>> /usr/share/man/man1/cxpm.1.bz2
>>> Safely unmerging already-installed instance...
>>> Original instance of package unmerged safely.
>>> x11-libs/libXpm-3.5.13 merged.
>>> Regenerating /etc/ld.so.cache...
