>>> needed   sym /usr/lib64/libXinerama.so.1
>>> needed   obj /usr/lib64/libXinerama.so.1.0.0
No package files given... Grabbing a set.
<<<          obj /usr/share/man/man3/XineramaQueryVersion.3
<<<          obj /usr/share/man/man3/XineramaQueryScreens.3
<<<          obj /usr/share/man/man3/XineramaQueryExtension.3
<<<          obj /usr/share/man/man3/XineramaIsActive.3
<<<          obj /usr/share/man/man3/Xinerama.3.bz2
<<<          obj /usr/lib64/pkgconfig/xinerama.pc
<<<          sym /usr/lib64/libXinerama.so
<<<          obj /usr/include/X11/extensions/panoramiXext.h
<<<          obj /usr/include/X11/extensions/Xinerama.h
--- !empty   dir /usr/share/man/man3
--- !empty   dir /usr/share/man
--- !empty   dir /usr/share
--- !empty   dir /usr/lib64/pkgconfig
--- !empty   dir /usr/lib64
--- !empty   dir /usr/include/X11/extensions
--- !empty   dir /usr/include/X11
--- !empty   dir /usr/include
--- !empty   dir /usr
>>> Regenerating /etc/ld.so.cache...
