No package files given... Grabbing a set.
<<<          obj /usr/share/doc/libXrandr-1.5.2/README.md.bz2
<<<          obj /usr/share/doc/libXrandr-1.5.2/ChangeLog.bz2
<<<          obj /usr/share/doc/libXrandr-1.5.2/AUTHORS
--- replaced obj /usr/lib64/pkgconfig/xrandr.pc
--- replaced dir /usr/lib64/pkgconfig
--- replaced obj /usr/lib64/libXrandr.so.2.2.0
--- replaced sym /usr/lib64/libXrandr.so.2
--- replaced sym /usr/lib64/libXrandr.so
--- replaced dir /usr/lib64
<<<          obj /usr/lib/debug/usr/lib64/libXrandr.so.2.2.0.debug
--- replaced obj /usr/include/X11/extensions/Xrandr.h
--- replaced dir /usr/include/X11/extensions
--- replaced dir /usr/include/X11
--- replaced dir /usr/include
--- replaced dir /usr
<<<          dir /usr/share/doc/libXrandr-1.5.2
--- !empty   dir /usr/share/doc
--- !empty   dir /usr/share
--- !empty   dir /usr/lib/debug/usr/lib64
--- !empty   dir /usr/lib/debug/usr
--- !empty   dir /usr/lib/debug
--- !empty   dir /usr/lib
>>> Regenerating /etc/ld.so.cache...
