 * Package:    x11-apps/xhost-1.0.8
 * Repository: gentoo
 * Maintainer: x11@gentoo.org
 * USE:        abi_x86_64 amd64 elibc_glibc kernel_linux userland_GNU
 * FEATURES:   ccache network-sandbox preserve-libs sandbox userpriv usersandbox
 * FEATURES='assume-digests binpkg-docompress binpkg-dostrip binpkg-logs binpkg-multi-instance buildpkg ccache cgroup collision-protect compress-index config-protect-if-modified distlocks downgrade-backup fixlafiles ipc-sandbox merge-sync multilib-strict network-sandbox news nodoc parallel-fetch parallel-install pid-sandbox preserve-libs protect-owned qa-unresolved-soname-deps sandbox sfperms strict strict-keepdir unknown-features-warn unmerge-backup unmerge-logs unmerge-orphans userfetch userpriv usersandbox usersync xattr'
 * CFLAGS='-march=native -O3 -fgraphite-identity -floop-nest-optimize -fdevirtualize-at-ltrans -fipa-pta -fno-semantic-interposition -flto=12 -fno-plt -fno-math-errno -fno-trapping-math -fuse-linker-plugin -pipe -g0 -Wl,-O1 -Wl,--as-needed -Wl,--hash-style=gnu,-z,norelro,--as-needed'
 * CXXFLAGS='-march=native -O3 -fgraphite-identity -floop-nest-optimize -fdevirtualize-at-ltrans -fipa-pta -fno-semantic-interposition -flto=12 -fno-plt -fno-math-errno -fno-trapping-math -fuse-linker-plugin -pipe -g0 -Wl,-O1 -Wl,--as-needed -Wl,--hash-style=gnu,-z,norelro,--as-needed'
 * FFLAGS='-march=native -O3 -fgraphite-identity -floop-nest-optimize -fdevirtualize-at-ltrans -fipa-pta -fno-semantic-interposition -flto=12 -fno-plt -fno-math-errno -fno-trapping-math -fuse-linker-plugin -pipe -g0 -Wl,-O1 -Wl,--as-needed -Wl,--hash-style=gnu,-z,norelro,--as-needed'
 * FCFLAGS='-march=native -O3 -fgraphite-identity -floop-nest-optimize -fdevirtualize-at-ltrans -fipa-pta -fno-semantic-interposition -flto=12 -fno-plt -fno-math-errno -fno-trapping-math -fuse-linker-plugin -pipe -g0 -Wl,-O1 -Wl,--as-needed -Wl,--hash-style=gnu,-z,norelro,--as-needed'
 * F77FLAGS='-march=native -O3 -fgraphite-identity -floop-nest-optimize -fdevirtualize-at-ltrans -fipa-pta -fno-semantic-interposition -flto=12 -fno-plt -fno-math-errno -fno-trapping-math -fuse-linker-plugin -pipe -g0 -Wl,-O1 -Wl,--as-needed -Wl,--hash-style=gnu,-z,norelro,--as-needed'
 * LDFLAGS='-Wl,-O1 -Wl,--as-needed -Wl,--hash-style=gnu,-z,norelro,--as-needed -march=native -O3 -fgraphite-identity -floop-nest-optimize -fdevirtualize-at-ltrans -fipa-pta -fno-semantic-interposition -flto=12 -fno-plt -fno-math-errno -fno-trapping-math -fuse-linker-plugin -pipe -g0'
 * MAKEOPTS='-j12 -l12'
 * gcc (Gentoo 11.0.0_pre9999 p1, commit 584d52b088f9fcf78704b504c3f1f07e17c1cded) 11.0.0 20200523 (experimental)
 * g++ (Gentoo 11.0.0_pre9999 p1, commit 584d52b088f9fcf78704b504c3f1f07e17c1cded) 11.0.0 20200523 (experimental)
 * GNU ld (Gentoo 2.34 p4) 2.34.0
 * Linux ryzen.gnum.org 5.4.36 #1 SMP Thu Apr 30 04:38:28 UTC 2020 x86_64 AMD Ryzen 5 3600 6-Core Processor AuthenticAMD GNU/Linux
x11-apps/xhost: 7 seconds average for 2 merges
2020-05-15T07:42:52 >>> x11-apps/xhost: 10 seconds
2020-05-20T08:28:39 >>> x11-apps/xhost: 4 seconds
]0;emerge 13:47:06 1|4 xhost 00:07 (root@ryzen.gnum.org)>>> Unpacking source...
>>> Unpacking xhost-1.0.8.tar.bz2 to /tmp/portage/x11-apps/xhost-1.0.8/work
>>> Source unpacked in /tmp/portage/x11-apps/xhost-1.0.8/work
>>> Preparing source in /tmp/portage/x11-apps/xhost-1.0.8/work/xhost-1.0.8 ...
 * Running elibtoolize in: xhost-1.0.8/
>>> Source prepared.
>>> Configuring source in /tmp/portage/x11-apps/xhost-1.0.8/work/xhost-1.0.8 ...
 * econf: updating xhost-1.0.8/config.guess with /usr/share/gnuconfig/config.guess
 * econf: updating xhost-1.0.8/config.sub with /usr/share/gnuconfig/config.sub
./configure --prefix=/usr --build=x86_64-pc-linux-gnu --host=x86_64-pc-linux-gnu --mandir=/usr/share/man --infodir=/usr/share/info --datadir=/usr/share --sysconfdir=/etc --localstatedir=/var/lib --disable-dependency-tracking --disable-silent-rules --docdir=/usr/share/doc/xhost-1.0.8 --htmldir=/usr/share/doc/xhost-1.0.8/html --libdir=/usr/lib64 --disable-selective-werror --disable-ipv6
checking for a BSD-compatible install... /usr/lib/portage/python3.8/ebuild-helpers/xattr/install -c
checking whether build environment is sane... yes
checking for a thread-safe mkdir -p... /bin/mkdir -p
checking for gawk... gawk
checking whether make sets $(MAKE)... yes
checking whether make supports nested variables... yes
checking for style of include used by make... GNU
checking for x86_64-pc-linux-gnu-gcc... x86_64-pc-linux-gnu-gcc
checking whether the C compiler works... yes
checking for C compiler default output file name... a.out
checking for suffix of executables... 
checking whether we are cross compiling... no
checking for suffix of object files... o
checking whether we are using the GNU C compiler... yes
checking whether x86_64-pc-linux-gnu-gcc accepts -g... yes
checking for x86_64-pc-linux-gnu-gcc option to accept ISO C89... none needed
checking whether x86_64-pc-linux-gnu-gcc understands -c and -o together... yes
checking dependency style of x86_64-pc-linux-gnu-gcc... none
checking how to run the C preprocessor... x86_64-pc-linux-gnu-gcc -E
checking for grep that handles long lines and -e... /bin/grep
checking for egrep... /bin/grep -E
checking for ANSI C header files... yes
checking for sys/types.h... yes
checking for sys/stat.h... yes
checking for stdlib.h... yes
checking for string.h... yes
checking for memory.h... yes
checking for strings.h... yes
checking for inttypes.h... yes
checking for stdint.h... yes
checking for unistd.h... yes
checking minix/config.h usability... no
checking minix/config.h presence... no
checking for minix/config.h... no
checking whether it is safe to define __EXTENSIONS__... yes
checking for x86_64-pc-linux-gnu-gcc option to accept ISO C99... none needed
checking whether __clang__ is declared... no
checking whether __INTEL_COMPILER is declared... no
checking whether __SUNPRO_C is declared... no
checking for x86_64-pc-linux-gnu-pkg-config... /usr/bin/x86_64-pc-linux-gnu-pkg-config
checking pkg-config is at least version 0.9.0... yes
checking build system type... x86_64-pc-linux-gnu
checking host system type... x86_64-pc-linux-gnu
checking for a sed that does not truncate output... /bin/sed
checking if x86_64-pc-linux-gnu-gcc supports -Werror=unknown-warning-option... no
checking if x86_64-pc-linux-gnu-gcc supports -Werror=unused-command-line-argument... no
checking if x86_64-pc-linux-gnu-gcc supports -Wall... yes
checking if x86_64-pc-linux-gnu-gcc supports -Wpointer-arith... yes
checking if x86_64-pc-linux-gnu-gcc supports -Wmissing-declarations... yes
checking if x86_64-pc-linux-gnu-gcc supports -Wformat=2... yes
checking if x86_64-pc-linux-gnu-gcc supports -Wstrict-prototypes... yes
checking if x86_64-pc-linux-gnu-gcc supports -Wmissing-prototypes... yes
checking if x86_64-pc-linux-gnu-gcc supports -Wnested-externs... yes
checking if x86_64-pc-linux-gnu-gcc supports -Wbad-function-cast... yes
checking if x86_64-pc-linux-gnu-gcc supports -Wold-style-definition... yes
checking if x86_64-pc-linux-gnu-gcc supports -Wdeclaration-after-statement... yes
checking if x86_64-pc-linux-gnu-gcc supports -Wunused... yes
checking if x86_64-pc-linux-gnu-gcc supports -Wuninitialized... yes
checking if x86_64-pc-linux-gnu-gcc supports -Wshadow... yes
checking if x86_64-pc-linux-gnu-gcc supports -Wmissing-noreturn... yes
checking if x86_64-pc-linux-gnu-gcc supports -Wmissing-format-attribute... yes
checking if x86_64-pc-linux-gnu-gcc supports -Wredundant-decls... yes
checking if x86_64-pc-linux-gnu-gcc supports -Wlogical-op... yes
configure: WARNING: You have chosen not to turn some select compiler warnings into errors.  This should not be necessary.  Please report why you needed to do so in a bug report at https://gitlab.freedesktop.org/xorg/app/xhost/issues
checking if x86_64-pc-linux-gnu-gcc supports -Wimplicit... yes
checking if x86_64-pc-linux-gnu-gcc supports -Wnonnull... yes
checking if x86_64-pc-linux-gnu-gcc supports -Winit-self... yes
checking if x86_64-pc-linux-gnu-gcc supports -Wmain... yes
checking if x86_64-pc-linux-gnu-gcc supports -Wmissing-braces... yes
checking if x86_64-pc-linux-gnu-gcc supports -Wsequence-point... yes
checking if x86_64-pc-linux-gnu-gcc supports -Wreturn-type... yes
checking if x86_64-pc-linux-gnu-gcc supports -Wtrigraphs... yes
checking if x86_64-pc-linux-gnu-gcc supports -Warray-bounds... yes
checking if x86_64-pc-linux-gnu-gcc supports -Wwrite-strings... yes
checking if x86_64-pc-linux-gnu-gcc supports -Waddress... yes
checking if x86_64-pc-linux-gnu-gcc supports -Wint-to-pointer-cast... yes
checking if x86_64-pc-linux-gnu-gcc supports -Wpointer-to-int-cast... yes
checking if x86_64-pc-linux-gnu-gcc supports -pedantic... yes
checking if x86_64-pc-linux-gnu-gcc supports -Werror... yes
checking if x86_64-pc-linux-gnu-gcc supports -Werror=attributes... yes
checking whether make supports nested variables... (cached) yes
checking for XHOST... yes
checking for XAU... yes
checking if Xtrans should support UNIX socket connections... yes
checking if Xtrans should support TCP socket connections... yes
checking for library containing socket... none required
checking for library containing gethostbyname... none required
checking if IPv6 support should be built... no
checking for struct sockaddr_in.sin_len... no
checking for socklen_t... yes
checking for struct msghdr.msg_control... yes
checking if Xtrans should support os-specific local connections... no
checking for authdes_seccreate... no
checking for authdes_create... no
checking if Secure RPC authentication ("SUN-DES-1") should be supported... no
checking for inet_aton... yes
checking that generated files are newer than configure... done
configure: creating ./config.status
config.status: creating Makefile
config.status: creating man/Makefile
config.status: creating config.h
config.status: executing depfiles commands
>>> Source configured.
>>> Compiling source in /tmp/portage/x11-apps/xhost-1.0.8/work/xhost-1.0.8 ...
make -j12 -l12 
make  all-recursive
make[1]: Entering directory '/tmp/portage/x11-apps/xhost-1.0.8/work/xhost-1.0.8'
Making all in man
make[2]: Entering directory '/tmp/portage/x11-apps/xhost-1.0.8/work/xhost-1.0.8/man'
/bin/sed -e 's|__vendorversion__|"xhost 1.0.8" "X Version 11"|' 	-e 's|__xorgversion__|"xhost 1.0.8" "X Version 11"|' 	-e 's|__xservername__|Xorg|g' 	-e 's|__xconfigfile__|xorg.conf|g' 	-e 's|__projectroot__|/usr|g' 	-e 's|__apploaddir__||g' 	-e 's|__appmansuffix__|1|g' 	-e 's|__drivermansuffix__|4|g' 	-e 's|__adminmansuffix__|8|g' 	-e 's|__libmansuffix__|3|g' 	-e 's|__miscmansuffix__|7|g' 	-e 's|__filemansuffix__|5|g' < xhost.man > xhost.1
make[2]: Leaving directory '/tmp/portage/x11-apps/xhost-1.0.8/work/xhost-1.0.8/man'
make[2]: Entering directory '/tmp/portage/x11-apps/xhost-1.0.8/work/xhost-1.0.8'
x86_64-pc-linux-gnu-gcc -DHAVE_CONFIG_H -I.    -Wall -Wpointer-arith -Wmissing-declarations -Wformat=2 -Wstrict-prototypes -Wmissing-prototypes -Wnested-externs -Wbad-function-cast -Wold-style-definition -Wdeclaration-after-statement -Wunused -Wuninitialized -Wshadow -Wmissing-noreturn -Wmissing-format-attribute -Wredundant-decls -Wlogical-op -Wimplicit -Wnonnull -Winit-self -Wmain -Wmissing-braces -Wsequence-point -Wreturn-type -Wtrigraphs -Warray-bounds -Wwrite-strings -Waddress -Wint-to-pointer-cast -Wpointer-to-int-cast -fno-strict-aliasing   -march=native -O3 -fgraphite-identity -floop-nest-optimize -fdevirtualize-at-ltrans -fipa-pta -fno-semantic-interposition -flto=12 -fno-plt -fno-math-errno -fno-trapping-math -fuse-linker-plugin -pipe -g0 -Wl,-O1 -Wl,--as-needed -Wl,--hash-style=gnu,-z,norelro,--as-needed -c -o xhost.o xhost.c
x86_64-pc-linux-gnu-gcc -Wall -Wpointer-arith -Wmissing-declarations -Wformat=2 -Wstrict-prototypes -Wmissing-prototypes -Wnested-externs -Wbad-function-cast -Wold-style-definition -Wdeclaration-after-statement -Wunused -Wuninitialized -Wshadow -Wmissing-noreturn -Wmissing-format-attribute -Wredundant-decls -Wlogical-op -Wimplicit -Wnonnull -Winit-self -Wmain -Wmissing-braces -Wsequence-point -Wreturn-type -Wtrigraphs -Warray-bounds -Wwrite-strings -Waddress -Wint-to-pointer-cast -Wpointer-to-int-cast -fno-strict-aliasing   -march=native -O3 -fgraphite-identity -floop-nest-optimize -fdevirtualize-at-ltrans -fipa-pta -fno-semantic-interposition -flto=12 -fno-plt -fno-math-errno -fno-trapping-math -fuse-linker-plugin -pipe -g0 -Wl,-O1 -Wl,--as-needed -Wl,--hash-style=gnu,-z,norelro,--as-needed  -Wl,-O1 -Wl,--as-needed -Wl,--hash-style=gnu,-z,norelro,--as-needed -march=native -O3 -fgraphite-identity -floop-nest-optimize -fdevirtualize-at-ltrans -fipa-pta -fno-semantic-interposition -flto=12 -fno-plt -fno-math-errno -fno-trapping-math -fuse-linker-plugin -pipe -g0 -o xhost xhost.o -lXmuu -lX11 
make[2]: Leaving directory '/tmp/portage/x11-apps/xhost-1.0.8/work/xhost-1.0.8'
make[1]: Leaving directory '/tmp/portage/x11-apps/xhost-1.0.8/work/xhost-1.0.8'
>>> Source compiled.
>>> Test phase [not enabled]: x11-apps/xhost-1.0.8

>>> Install x11-apps/xhost-1.0.8 into /tmp/portage/x11-apps/xhost-1.0.8/image
make -j12 -l12 DESTDIR=/tmp/portage/x11-apps/xhost-1.0.8/image docdir=/usr/share/doc/xhost-1.0.8 install 
Making install in man
make[1]: Entering directory '/tmp/portage/x11-apps/xhost-1.0.8/work/xhost-1.0.8/man'
make[2]: Entering directory '/tmp/portage/x11-apps/xhost-1.0.8/work/xhost-1.0.8/man'
make[2]: Nothing to be done for 'install-exec-am'.
 /bin/mkdir -p '/tmp/portage/x11-apps/xhost-1.0.8/image/usr/share/man/man1'
 /usr/lib/portage/python3.8/ebuild-helpers/xattr/install -c -m 644 xhost.1 '/tmp/portage/x11-apps/xhost-1.0.8/image/usr/share/man/man1'
make[2]: Leaving directory '/tmp/portage/x11-apps/xhost-1.0.8/work/xhost-1.0.8/man'
make[1]: Leaving directory '/tmp/portage/x11-apps/xhost-1.0.8/work/xhost-1.0.8/man'
make[1]: Entering directory '/tmp/portage/x11-apps/xhost-1.0.8/work/xhost-1.0.8'
make[2]: Entering directory '/tmp/portage/x11-apps/xhost-1.0.8/work/xhost-1.0.8'
make[2]: Nothing to be done for 'install-data-am'.
 /bin/mkdir -p '/tmp/portage/x11-apps/xhost-1.0.8/image/usr/bin'
  /usr/lib/portage/python3.8/ebuild-helpers/xattr/install -c xhost '/tmp/portage/x11-apps/xhost-1.0.8/image/usr/bin'
make[2]: Leaving directory '/tmp/portage/x11-apps/xhost-1.0.8/work/xhost-1.0.8'
make[1]: Leaving directory '/tmp/portage/x11-apps/xhost-1.0.8/work/xhost-1.0.8'
>>> Completed installing x11-apps/xhost-1.0.8 into /tmp/portage/x11-apps/xhost-1.0.8/image

 * Final size of build directory: 1048 KiB (1.0 MiB)
 * Final size of installed tree:    48 KiB

strip: x86_64-pc-linux-gnu-strip --strip-unneeded -N __gentoo_check_ldflags__ -R .comment -R .GCC.command.line -R .note.gnu.gold-version
   /usr/bin/xhost
./
./usr/
./usr/bin/
./usr/bin/xhost
./usr/share/
./usr/share/man/
./usr/share/man/man1/
./usr/share/man/man1/xhost.1.bz2
>>> Done.
 * checking 2 files for package collisions
>>> Merging x11-apps/xhost-1.0.8 to /
 * removing unneeded *.la files
--- /usr/
--- /usr/share/
--- /usr/share/man/
--- /usr/share/man/man1/
>>> /usr/share/man/man1/xhost.1.bz2
--- /usr/bin/
>>> /usr/bin/xhost
>>> x11-apps/xhost-1.0.8 merged.
>>> Regenerating /etc/ld.so.cache...
