No package files given... Grabbing a set.
<<<          obj /usr/share/doc/libXdamage-1.1.5/README.md.bz2
<<<          obj /usr/share/doc/libXdamage-1.1.5/NEWS
<<<          obj /usr/share/doc/libXdamage-1.1.5/ChangeLog.bz2
<<<          obj /usr/share/doc/libXdamage-1.1.5/AUTHORS
--- replaced obj /usr/lib64/pkgconfig/xdamage.pc
--- replaced dir /usr/lib64/pkgconfig
--- replaced obj /usr/lib64/libXdamage.so.1.1.0
--- replaced sym /usr/lib64/libXdamage.so.1
--- replaced sym /usr/lib64/libXdamage.so
--- replaced dir /usr/lib64
--- replaced obj /usr/include/X11/extensions/Xdamage.h
--- replaced dir /usr/include/X11/extensions
--- replaced dir /usr/include/X11
--- replaced dir /usr/include
--- replaced dir /usr
<<<          dir /usr/share/doc/libXdamage-1.1.5
--- !empty   dir /usr/share/doc
--- !empty   dir /usr/share
>>> Regenerating /etc/ld.so.cache...
