No package files given... Grabbing a set.
<<<          obj /usr/share/man/man4/synaptics.4.bz2
<<<          obj /usr/share/man/man1/syndaemon.1.bz2
<<<          obj /usr/share/man/man1/synclient.1.bz2
<<<          obj /usr/share/X11/xorg.conf.d/70-synaptics.conf
--- !found   obj /usr/lib64/xorg/modules/input/synaptics_drv.so
--- !found   dir /usr/lib64/xorg/modules/input
--- !found   dir /usr/lib64/xorg/modules
<<<          obj /usr/lib64/pkgconfig/xorg-synaptics.pc
<<<          obj /usr/include/xorg/synaptics-properties.h
<<<          obj /usr/bin/syndaemon
<<<          obj /usr/bin/synclient
--- !empty   dir /usr/share/man/man4
--- !empty   dir /usr/share/man/man1
--- !empty   dir /usr/share/man
--- !empty   dir /usr/share/X11/xorg.conf.d
--- !empty   dir /usr/share/X11
--- !empty   dir /usr/share
<<<          dir /usr/lib64/xorg
--- !empty   dir /usr/lib64/pkgconfig
--- !empty   dir /usr/lib64
--- !empty   dir /usr/include/xorg
--- !empty   dir /usr/include
--- !empty   dir /usr/bin
--- !empty   dir /usr
>>> Regenerating /etc/ld.so.cache...
