No package files given... Grabbing a set.
<<<          obj /usr/share/doc/libXi-1.7.10/README.md.bz2
<<<          obj /usr/share/doc/libXi-1.7.10/ChangeLog.bz2
--- replaced obj /usr/lib64/pkgconfig/xi.pc
--- replaced dir /usr/lib64/pkgconfig
--- replaced obj /usr/lib64/libXi.so.6.1.0
--- replaced sym /usr/lib64/libXi.so.6
--- replaced sym /usr/lib64/libXi.so
--- replaced dir /usr/lib64
<<<          obj /usr/lib/debug/usr/lib64/libXi.so.6.1.0.debug
--- replaced obj /usr/include/X11/extensions/XInput2.h
--- replaced obj /usr/include/X11/extensions/XInput.h
--- replaced dir /usr/include/X11/extensions
--- replaced dir /usr/include/X11
--- replaced dir /usr/include
--- replaced dir /usr
<<<          dir /usr/share/doc/libXi-1.7.10
--- !empty   dir /usr/share/doc
--- !empty   dir /usr/share
--- !empty   dir /usr/lib/debug/usr/lib64
--- !empty   dir /usr/lib/debug/usr
--- !empty   dir /usr/lib/debug
--- !empty   dir /usr/lib
>>> Regenerating /etc/ld.so.cache...
