 * Package:    x11-drivers/xf86-input-evdev-2.10.6
 * Repository: gentoo
 * Maintainer: x11@gentoo.org
 * USE:        abi_x86_64 amd64 elibc_glibc kernel_linux userland_GNU
 * FEATURES:   network-sandbox preserve-libs sandbox userpriv usersandbox
 * FEATURES='assume-digests binpkg-docompress binpkg-dostrip binpkg-logs binpkg-multi-instance buildpkg cgroup compress-index config-protect-if-modified distlocks downgrade-backup fixlafiles ipc-sandbox merge-sync multilib-strict network-sandbox news nodoc parallel-fetch parallel-install pid-sandbox preserve-libs qa-unresolved-soname-deps sandbox sfperms strict strict-keepdir unknown-features-warn unmerge-backup unmerge-logs unmerge-orphans userfetch userpriv usersandbox usersync xattr'
 * CFLAGS='-march=native -O3 -fgraphite-identity -floop-nest-optimize -fdevirtualize-at-ltrans -fipa-pta -fno-semantic-interposition -flto=12 -fno-plt -fno-math-errno -fno-trapping-math -fuse-linker-plugin -pipe -g0 -falign-functions=32 -Wl,-O1 -Wl,--as-needed -Wl,--hash-style=gnu,-z,norelro,--as-needed'
 * CXXFLAGS='-march=native -O3 -fgraphite-identity -floop-nest-optimize -fdevirtualize-at-ltrans -fipa-pta -fno-semantic-interposition -flto=12 -fno-plt -fno-math-errno -fno-trapping-math -fuse-linker-plugin -pipe -g0 -falign-functions=32 -Wl,-O1 -Wl,--as-needed -Wl,--hash-style=gnu,-z,norelro,--as-needed'
 * FFLAGS='-march=native -O3 -fgraphite-identity -floop-nest-optimize -fdevirtualize-at-ltrans -fipa-pta -fno-semantic-interposition -flto=12 -fno-plt -fno-math-errno -fno-trapping-math -fuse-linker-plugin -pipe -g0 -falign-functions=32 -Wl,-O1 -Wl,--as-needed -Wl,--hash-style=gnu,-z,norelro,--as-needed'
 * FCFLAGS='-march=native -O3 -fgraphite-identity -floop-nest-optimize -fdevirtualize-at-ltrans -fipa-pta -fno-semantic-interposition -flto=12 -fno-plt -fno-math-errno -fno-trapping-math -fuse-linker-plugin -pipe -g0 -falign-functions=32 -Wl,-O1 -Wl,--as-needed -Wl,--hash-style=gnu,-z,norelro,--as-needed'
 * F77FLAGS='-march=native -O3 -fgraphite-identity -floop-nest-optimize -fdevirtualize-at-ltrans -fipa-pta -fno-semantic-interposition -flto=12 -fno-plt -fno-math-errno -fno-trapping-math -fuse-linker-plugin -pipe -g0 -falign-functions=32 -Wl,-O1 -Wl,--as-needed -Wl,--hash-style=gnu,-z,norelro,--as-needed'
 * LDFLAGS='-Wl,-O1 -Wl,--as-needed -Wl,--hash-style=gnu,-z,norelro,--as-needed -march=native -O3 -fgraphite-identity -floop-nest-optimize -fdevirtualize-at-ltrans -fipa-pta -fno-semantic-interposition -flto=12 -fno-plt -fno-math-errno -fno-trapping-math -fuse-linker-plugin -pipe -g0 -falign-functions=32'
 * MAKEOPTS='-j12 -l12'
 * gcc () 11.0.0 20200526 (experimental)
 * g++ () 11.0.0 20200526 (experimental)
 * GNU ld (Gentoo 2.34 p4) 2.34.0
 * Linux ryzen.gnum.org 5.4.36 #1 SMP Thu Apr 30 04:38:28 UTC 2020 x86_64 AMD Ryzen 5 3600 6-Core Processor AuthenticAMD GNU/Linux
x11-drivers/xf86-input-evdev: 5 seconds average for 2 merges
2020-05-19T23:58:54 >>> x11-drivers/xf86-input-evdev: 3 seconds
2020-05-20T02:26:25 >>> x11-drivers/xf86-input-evdev: 7 seconds
]0;emerge 05:16:55 82|111 xf86-input-evdev 00:05 (root@ryzen.gnum.org)kemerge 05:16:55 82|111 xf86-input-evdev 00:05 (root@ryzen.gnum.org)\ * Determining the location of the kernel source code
 * Found kernel source directory:
 *     /usr/src/linux
 * Found sources for kernel version:
 *     5.6.12-xanmod1gnum.org
>>> Unpacking source...
>>> Unpacking xf86-input-evdev-2.10.6.tar.bz2 to /tmp/portage/x11-drivers/xf86-input-evdev-2.10.6/work
>>> Source unpacked in /tmp/portage/x11-drivers/xf86-input-evdev-2.10.6/work
>>> Preparing source in /tmp/portage/x11-drivers/xf86-input-evdev-2.10.6/work/xf86-input-evdev-2.10.6 ...
 * Running elibtoolize in: xf86-input-evdev-2.10.6/
 *   Applying portage/1.2.0 patch ...
 *   Applying sed/1.5.6 patch ...
 *   Applying as-needed/2.4.3 patch ...
 *   Applying ppc64le/2.4.4 patch ...
>>> Source prepared.
>>> Configuring source in /tmp/portage/x11-drivers/xf86-input-evdev-2.10.6/work/xf86-input-evdev-2.10.6 ...
>>> Working in BUILD_DIR: "/tmp/portage/x11-drivers/xf86-input-evdev-2.10.6/work/xf86-input-evdev-2.10.6_build"
 * econf: updating xf86-input-evdev-2.10.6/config.guess with /usr/share/gnuconfig/config.guess
 * econf: updating xf86-input-evdev-2.10.6/config.sub with /usr/share/gnuconfig/config.sub
/tmp/portage/x11-drivers/xf86-input-evdev-2.10.6/work/xf86-input-evdev-2.10.6/configure --prefix=/usr --build=x86_64-pc-linux-gnu --host=x86_64-pc-linux-gnu --mandir=/usr/share/man --infodir=/usr/share/info --datadir=/usr/share --sysconfdir=/etc --localstatedir=/var/lib --disable-dependency-tracking --disable-silent-rules --libdir=/usr/lib64 --docdir=/usr/share/doc/xf86-input-evdev-2.10.6 --disable-selective-werror
checking for a BSD-compatible install... /usr/lib/portage/python3.8/ebuild-helpers/xattr/install -c
checking whether build environment is sane... yes
checking for a thread-safe mkdir -p... /bin/mkdir -p
checking for gawk... gawk
checking whether make sets $(MAKE)... yes
checking whether make supports nested variables... yes
checking build system type... x86_64-pc-linux-gnu
checking host system type... x86_64-pc-linux-gnu
checking how to print strings... printf
checking for style of include used by make... GNU
checking for x86_64-pc-linux-gnu-gcc... x86_64-pc-linux-gnu-gcc
checking whether the C compiler works... yes
checking for C compiler default output file name... a.out
checking for suffix of executables... 
checking whether we are cross compiling... no
checking for suffix of object files... o
checking whether we are using the GNU C compiler... yes
checking whether x86_64-pc-linux-gnu-gcc accepts -g... yes
checking for x86_64-pc-linux-gnu-gcc option to accept ISO C89... none needed
checking whether x86_64-pc-linux-gnu-gcc understands -c and -o together... yes
checking dependency style of x86_64-pc-linux-gnu-gcc... none
checking for a sed that does not truncate output... /bin/sed
checking for grep that handles long lines and -e... /bin/grep
checking for egrep... /bin/grep -E
checking for fgrep... /bin/grep -F
checking for ld used by x86_64-pc-linux-gnu-gcc... /usr/x86_64-pc-linux-gnu/bin/ld
checking if the linker (/usr/x86_64-pc-linux-gnu/bin/ld) is GNU ld... yes
checking for BSD- or MS-compatible name lister (nm)... /usr/bin/x86_64-pc-linux-gnu-nm -B
checking the name lister (/usr/bin/x86_64-pc-linux-gnu-nm -B) interface... BSD nm
checking whether ln -s works... yes
checking the maximum length of command line arguments... 1572864
checking how to convert x86_64-pc-linux-gnu file names to x86_64-pc-linux-gnu format... func_convert_file_noop
checking how to convert x86_64-pc-linux-gnu file names to toolchain format... func_convert_file_noop
checking for /usr/x86_64-pc-linux-gnu/bin/ld option to reload object files... -r
checking for x86_64-pc-linux-gnu-objdump... x86_64-pc-linux-gnu-objdump
checking how to recognize dependent libraries... pass_all
checking for x86_64-pc-linux-gnu-dlltool... x86_64-pc-linux-gnu-dlltool
checking how to associate runtime and link libraries... printf %s\n
checking for x86_64-pc-linux-gnu-ar... x86_64-pc-linux-gnu-ar
checking for archiver @FILE support... @
checking for x86_64-pc-linux-gnu-strip... x86_64-pc-linux-gnu-strip
checking for x86_64-pc-linux-gnu-ranlib... x86_64-pc-linux-gnu-ranlib
checking command to parse /usr/bin/x86_64-pc-linux-gnu-nm -B output from x86_64-pc-linux-gnu-gcc object... ok
checking for sysroot... no
checking for a working dd... /bin/dd
checking how to truncate binary pipes... /bin/dd bs=4096 count=1
checking for x86_64-pc-linux-gnu-mt... no
checking for mt... no
checking if : is a manifest tool... no
checking how to run the C preprocessor... x86_64-pc-linux-gnu-gcc -E
checking for ANSI C header files... yes
checking for sys/types.h... yes
checking for sys/stat.h... yes
checking for stdlib.h... yes
checking for string.h... yes
checking for memory.h... yes
checking for strings.h... yes
checking for inttypes.h... yes
checking for stdint.h... yes
checking for unistd.h... yes
checking for dlfcn.h... yes
checking for objdir... .libs
checking if x86_64-pc-linux-gnu-gcc supports -fno-rtti -fno-exceptions... no
checking for x86_64-pc-linux-gnu-gcc option to produce PIC... -fPIC -DPIC
checking if x86_64-pc-linux-gnu-gcc PIC flag -fPIC -DPIC works... yes
checking if x86_64-pc-linux-gnu-gcc static flag -static works... yes
checking if x86_64-pc-linux-gnu-gcc supports -c -o file.o... yes
checking if x86_64-pc-linux-gnu-gcc supports -c -o file.o... (cached) yes
checking whether the x86_64-pc-linux-gnu-gcc linker (/usr/x86_64-pc-linux-gnu/bin/ld -m elf_x86_64) supports shared libraries... yes
checking whether -lc should be explicitly linked in... no
checking dynamic linker characteristics... GNU/Linux ld.so
checking how to hardcode library paths into programs... immediate
checking whether stripping libraries is possible... yes
checking if libtool supports shared libraries... yes
checking whether to build shared libraries... yes
checking whether to build static libraries... no
checking for x86_64-pc-linux-gnu-gcc option to accept ISO C99... none needed
checking whether __clang__ is declared... no
checking whether __INTEL_COMPILER is declared... no
checking whether __SUNPRO_C is declared... no
checking for x86_64-pc-linux-gnu-pkg-config... /usr/bin/x86_64-pc-linux-gnu-pkg-config
checking pkg-config is at least version 0.9.0... yes
checking if x86_64-pc-linux-gnu-gcc supports -Werror=unknown-warning-option... no
checking if x86_64-pc-linux-gnu-gcc supports -Werror=unused-command-line-argument... no
checking if x86_64-pc-linux-gnu-gcc supports -Wall... yes
checking if x86_64-pc-linux-gnu-gcc supports -Wpointer-arith... yes
checking if x86_64-pc-linux-gnu-gcc supports -Wmissing-declarations... yes
checking if x86_64-pc-linux-gnu-gcc supports -Wformat=2... yes
checking if x86_64-pc-linux-gnu-gcc supports -Wstrict-prototypes... yes
checking if x86_64-pc-linux-gnu-gcc supports -Wmissing-prototypes... yes
checking if x86_64-pc-linux-gnu-gcc supports -Wnested-externs... yes
checking if x86_64-pc-linux-gnu-gcc supports -Wbad-function-cast... yes
checking if x86_64-pc-linux-gnu-gcc supports -Wold-style-definition... yes
checking if x86_64-pc-linux-gnu-gcc supports -Wdeclaration-after-statement... yes
checking if x86_64-pc-linux-gnu-gcc supports -Wunused... yes
checking if x86_64-pc-linux-gnu-gcc supports -Wuninitialized... yes
checking if x86_64-pc-linux-gnu-gcc supports -Wshadow... yes
checking if x86_64-pc-linux-gnu-gcc supports -Wmissing-noreturn... yes
checking if x86_64-pc-linux-gnu-gcc supports -Wmissing-format-attribute... yes
checking if x86_64-pc-linux-gnu-gcc supports -Wredundant-decls... yes
checking if x86_64-pc-linux-gnu-gcc supports -Wlogical-op... yes
configure: WARNING: You have chosen not to turn some select compiler warnings into errors.  This should not be necessary.  Please report why you needed to do so in a bug report at https://bugs.freedesktop.org/enter_bug.cgi?product=xorg
checking if x86_64-pc-linux-gnu-gcc supports -Wimplicit... yes
checking if x86_64-pc-linux-gnu-gcc supports -Wnonnull... yes
checking if x86_64-pc-linux-gnu-gcc supports -Winit-self... yes
checking if x86_64-pc-linux-gnu-gcc supports -Wmain... yes
checking if x86_64-pc-linux-gnu-gcc supports -Wmissing-braces... yes
checking if x86_64-pc-linux-gnu-gcc supports -Wsequence-point... yes
checking if x86_64-pc-linux-gnu-gcc supports -Wreturn-type... yes
checking if x86_64-pc-linux-gnu-gcc supports -Wtrigraphs... yes
checking if x86_64-pc-linux-gnu-gcc supports -Warray-bounds... yes
checking if x86_64-pc-linux-gnu-gcc supports -Wwrite-strings... yes
checking if x86_64-pc-linux-gnu-gcc supports -Waddress... yes
checking if x86_64-pc-linux-gnu-gcc supports -Wint-to-pointer-cast... yes
checking if x86_64-pc-linux-gnu-gcc supports -Wpointer-to-int-cast... yes
checking if x86_64-pc-linux-gnu-gcc supports -pedantic... yes
checking if x86_64-pc-linux-gnu-gcc supports -Werror... yes
checking if x86_64-pc-linux-gnu-gcc supports -Werror=attributes... yes
checking whether make supports nested variables... (cached) yes
checking for XORG... yes
checking for UDEV... yes
checking for LIBEVDEV... yes
checking for MTDEV... yes
checking that generated files are newer than configure... done
configure: creating ./config.status
config.status: creating Makefile
config.status: creating src/Makefile
config.status: creating man/Makefile
config.status: creating include/Makefile
config.status: creating xorg-evdev.pc
config.status: creating config.h
config.status: executing depfiles commands
config.status: executing libtool commands
>>> Source configured.
>>> Compiling source in /tmp/portage/x11-drivers/xf86-input-evdev-2.10.6/work/xf86-input-evdev-2.10.6 ...
>>> Working in BUILD_DIR: "/tmp/portage/x11-drivers/xf86-input-evdev-2.10.6/work/xf86-input-evdev-2.10.6_build"
make -j12 -l12 
make  all-recursive
make[1]: Entering directory '/tmp/portage/x11-drivers/xf86-input-evdev-2.10.6/work/xf86-input-evdev-2.10.6_build'
Making all in src
make[2]: Entering directory '/tmp/portage/x11-drivers/xf86-input-evdev-2.10.6/work/xf86-input-evdev-2.10.6_build/src'
/bin/sh ../libtool  --tag=CC   --mode=compile x86_64-pc-linux-gnu-gcc -DHAVE_CONFIG_H -I. -I/tmp/portage/x11-drivers/xf86-input-evdev-2.10.6/work/xf86-input-evdev-2.10.6/src -I..  -I/tmp/portage/x11-drivers/xf86-input-evdev-2.10.6/work/xf86-input-evdev-2.10.6/include -I/usr/include/libevdev-1.0  -fvisibility=hidden -I/usr/include/xorg -I/usr/include/pixman-1 -I/usr/include/libdrm -I/usr/include/X11/dri -Wall -Wpointer-arith -Wmissing-declarations -Wformat=2 -Wstrict-prototypes -Wmissing-prototypes -Wnested-externs -Wbad-function-cast -Wold-style-definition -Wdeclaration-after-statement -Wunused -Wuninitialized -Wshadow -Wmissing-noreturn -Wmissing-format-attribute -Wredundant-decls -Wlogical-op -Wimplicit -Wnonnull -Winit-self -Wmain -Wmissing-braces -Wsequence-point -Wreturn-type -Wtrigraphs -Warray-bounds -Wwrite-strings -Waddress -Wint-to-pointer-cast -Wpointer-to-int-cast -fno-strict-aliasing -march=native -O3 -fgraphite-identity -floop-nest-optimize -fdevirtualize-at-ltrans -fipa-pta -fno-semantic-interposition -flto=12 -fno-plt -fno-math-errno -fno-trapping-math -fuse-linker-plugin -pipe -g0 -falign-functions=32 -Wl,-O1 -Wl,--as-needed -Wl,--hash-style=gnu,-z,norelro,--as-needed -c -o evdev.lo /tmp/portage/x11-drivers/xf86-input-evdev-2.10.6/work/xf86-input-evdev-2.10.6/src/evdev.c
/bin/sh ../libtool  --tag=CC   --mode=compile x86_64-pc-linux-gnu-gcc -DHAVE_CONFIG_H -I. -I/tmp/portage/x11-drivers/xf86-input-evdev-2.10.6/work/xf86-input-evdev-2.10.6/src -I..  -I/tmp/portage/x11-drivers/xf86-input-evdev-2.10.6/work/xf86-input-evdev-2.10.6/include -I/usr/include/libevdev-1.0  -fvisibility=hidden -I/usr/include/xorg -I/usr/include/pixman-1 -I/usr/include/libdrm -I/usr/include/X11/dri -Wall -Wpointer-arith -Wmissing-declarations -Wformat=2 -Wstrict-prototypes -Wmissing-prototypes -Wnested-externs -Wbad-function-cast -Wold-style-definition -Wdeclaration-after-statement -Wunused -Wuninitialized -Wshadow -Wmissing-noreturn -Wmissing-format-attribute -Wredundant-decls -Wlogical-op -Wimplicit -Wnonnull -Winit-self -Wmain -Wmissing-braces -Wsequence-point -Wreturn-type -Wtrigraphs -Warray-bounds -Wwrite-strings -Waddress -Wint-to-pointer-cast -Wpointer-to-int-cast -fno-strict-aliasing -march=native -O3 -fgraphite-identity -floop-nest-optimize -fdevirtualize-at-ltrans -fipa-pta -fno-semantic-interposition -flto=12 -fno-plt -fno-math-errno -fno-trapping-math -fuse-linker-plugin -pipe -g0 -falign-functions=32 -Wl,-O1 -Wl,--as-needed -Wl,--hash-style=gnu,-z,norelro,--as-needed -c -o emuMB.lo /tmp/portage/x11-drivers/xf86-input-evdev-2.10.6/work/xf86-input-evdev-2.10.6/src/emuMB.c
/bin/sh ../libtool  --tag=CC   --mode=compile x86_64-pc-linux-gnu-gcc -DHAVE_CONFIG_H -I. -I/tmp/portage/x11-drivers/xf86-input-evdev-2.10.6/work/xf86-input-evdev-2.10.6/src -I..  -I/tmp/portage/x11-drivers/xf86-input-evdev-2.10.6/work/xf86-input-evdev-2.10.6/include -I/usr/include/libevdev-1.0  -fvisibility=hidden -I/usr/include/xorg -I/usr/include/pixman-1 -I/usr/include/libdrm -I/usr/include/X11/dri -Wall -Wpointer-arith -Wmissing-declarations -Wformat=2 -Wstrict-prototypes -Wmissing-prototypes -Wnested-externs -Wbad-function-cast -Wold-style-definition -Wdeclaration-after-statement -Wunused -Wuninitialized -Wshadow -Wmissing-noreturn -Wmissing-format-attribute -Wredundant-decls -Wlogical-op -Wimplicit -Wnonnull -Winit-self -Wmain -Wmissing-braces -Wsequence-point -Wreturn-type -Wtrigraphs -Warray-bounds -Wwrite-strings -Waddress -Wint-to-pointer-cast -Wpointer-to-int-cast -fno-strict-aliasing -march=native -O3 -fgraphite-identity -floop-nest-optimize -fdevirtualize-at-ltrans -fipa-pta -fno-semantic-interposition -flto=12 -fno-plt -fno-math-errno -fno-trapping-math -fuse-linker-plugin -pipe -g0 -falign-functions=32 -Wl,-O1 -Wl,--as-needed -Wl,--hash-style=gnu,-z,norelro,--as-needed -c -o emuThird.lo /tmp/portage/x11-drivers/xf86-input-evdev-2.10.6/work/xf86-input-evdev-2.10.6/src/emuThird.c
/bin/sh ../libtool  --tag=CC   --mode=compile x86_64-pc-linux-gnu-gcc -DHAVE_CONFIG_H -I. -I/tmp/portage/x11-drivers/xf86-input-evdev-2.10.6/work/xf86-input-evdev-2.10.6/src -I..  -I/tmp/portage/x11-drivers/xf86-input-evdev-2.10.6/work/xf86-input-evdev-2.10.6/include -I/usr/include/libevdev-1.0  -fvisibility=hidden -I/usr/include/xorg -I/usr/include/pixman-1 -I/usr/include/libdrm -I/usr/include/X11/dri -Wall -Wpointer-arith -Wmissing-declarations -Wformat=2 -Wstrict-prototypes -Wmissing-prototypes -Wnested-externs -Wbad-function-cast -Wold-style-definition -Wdeclaration-after-statement -Wunused -Wuninitialized -Wshadow -Wmissing-noreturn -Wmissing-format-attribute -Wredundant-decls -Wlogical-op -Wimplicit -Wnonnull -Winit-self -Wmain -Wmissing-braces -Wsequence-point -Wreturn-type -Wtrigraphs -Warray-bounds -Wwrite-strings -Waddress -Wint-to-pointer-cast -Wpointer-to-int-cast -fno-strict-aliasing -march=native -O3 -fgraphite-identity -floop-nest-optimize -fdevirtualize-at-ltrans -fipa-pta -fno-semantic-interposition -flto=12 -fno-plt -fno-math-errno -fno-trapping-math -fuse-linker-plugin -pipe -g0 -falign-functions=32 -Wl,-O1 -Wl,--as-needed -Wl,--hash-style=gnu,-z,norelro,--as-needed -c -o emuWheel.lo /tmp/portage/x11-drivers/xf86-input-evdev-2.10.6/work/xf86-input-evdev-2.10.6/src/emuWheel.c
/bin/sh ../libtool  --tag=CC   --mode=compile x86_64-pc-linux-gnu-gcc -DHAVE_CONFIG_H -I. -I/tmp/portage/x11-drivers/xf86-input-evdev-2.10.6/work/xf86-input-evdev-2.10.6/src -I..  -I/tmp/portage/x11-drivers/xf86-input-evdev-2.10.6/work/xf86-input-evdev-2.10.6/include -I/usr/include/libevdev-1.0  -fvisibility=hidden -I/usr/include/xorg -I/usr/include/pixman-1 -I/usr/include/libdrm -I/usr/include/X11/dri -Wall -Wpointer-arith -Wmissing-declarations -Wformat=2 -Wstrict-prototypes -Wmissing-prototypes -Wnested-externs -Wbad-function-cast -Wold-style-definition -Wdeclaration-after-statement -Wunused -Wuninitialized -Wshadow -Wmissing-noreturn -Wmissing-format-attribute -Wredundant-decls -Wlogical-op -Wimplicit -Wnonnull -Winit-self -Wmain -Wmissing-braces -Wsequence-point -Wreturn-type -Wtrigraphs -Warray-bounds -Wwrite-strings -Waddress -Wint-to-pointer-cast -Wpointer-to-int-cast -fno-strict-aliasing -march=native -O3 -fgraphite-identity -floop-nest-optimize -fdevirtualize-at-ltrans -fipa-pta -fno-semantic-interposition -flto=12 -fno-plt -fno-math-errno -fno-trapping-math -fuse-linker-plugin -pipe -g0 -falign-functions=32 -Wl,-O1 -Wl,--as-needed -Wl,--hash-style=gnu,-z,norelro,--as-needed -c -o draglock.lo /tmp/portage/x11-drivers/xf86-input-evdev-2.10.6/work/xf86-input-evdev-2.10.6/src/draglock.c
/bin/sh ../libtool  --tag=CC   --mode=compile x86_64-pc-linux-gnu-gcc -DHAVE_CONFIG_H -I. -I/tmp/portage/x11-drivers/xf86-input-evdev-2.10.6/work/xf86-input-evdev-2.10.6/src -I..  -I/tmp/portage/x11-drivers/xf86-input-evdev-2.10.6/work/xf86-input-evdev-2.10.6/include -I/usr/include/libevdev-1.0  -fvisibility=hidden -I/usr/include/xorg -I/usr/include/pixman-1 -I/usr/include/libdrm -I/usr/include/X11/dri -Wall -Wpointer-arith -Wmissing-declarations -Wformat=2 -Wstrict-prototypes -Wmissing-prototypes -Wnested-externs -Wbad-function-cast -Wold-style-definition -Wdeclaration-after-statement -Wunused -Wuninitialized -Wshadow -Wmissing-noreturn -Wmissing-format-attribute -Wredundant-decls -Wlogical-op -Wimplicit -Wnonnull -Winit-self -Wmain -Wmissing-braces -Wsequence-point -Wreturn-type -Wtrigraphs -Warray-bounds -Wwrite-strings -Waddress -Wint-to-pointer-cast -Wpointer-to-int-cast -fno-strict-aliasing -march=native -O3 -fgraphite-identity -floop-nest-optimize -fdevirtualize-at-ltrans -fipa-pta -fno-semantic-interposition -flto=12 -fno-plt -fno-math-errno -fno-trapping-math -fuse-linker-plugin -pipe -g0 -falign-functions=32 -Wl,-O1 -Wl,--as-needed -Wl,--hash-style=gnu,-z,norelro,--as-needed -c -o apple.lo /tmp/portage/x11-drivers/xf86-input-evdev-2.10.6/work/xf86-input-evdev-2.10.6/src/apple.c
libtool: compile:  x86_64-pc-linux-gnu-gcc -DHAVE_CONFIG_H -I. -I/tmp/portage/x11-drivers/xf86-input-evdev-2.10.6/work/xf86-input-evdev-2.10.6/src -I.. -I/tmp/portage/x11-drivers/xf86-input-evdev-2.10.6/work/xf86-input-evdev-2.10.6/include -I/usr/include/libevdev-1.0 -fvisibility=hidden -I/usr/include/xorg -I/usr/include/pixman-1 -I/usr/include/libdrm -I/usr/include/X11/dri -Wall -Wpointer-arith -Wmissing-declarations -Wformat=2 -Wstrict-prototypes -Wmissing-prototypes -Wnested-externs -Wbad-function-cast -Wold-style-definition -Wdeclaration-after-statement -Wunused -Wuninitialized -Wshadow -Wmissing-noreturn -Wmissing-format-attribute -Wredundant-decls -Wlogical-op -Wimplicit -Wnonnull -Winit-self -Wmain -Wmissing-braces -Wsequence-point -Wreturn-type -Wtrigraphs -Warray-bounds -Wwrite-strings -Waddress -Wint-to-pointer-cast -Wpointer-to-int-cast -fno-strict-aliasing -march=native -O3 -fgraphite-identity -floop-nest-optimize -fdevirtualize-at-ltrans -fipa-pta -fno-semantic-interposition -flto=12 -fno-plt -fno-math-errno -fno-trapping-math -fuse-linker-plugin -pipe -g0 -falign-functions=32 -Wl,-O1 -Wl,--as-needed -Wl,--hash-style=gnu,-z,norelro,--as-needed -c /tmp/portage/x11-drivers/xf86-input-evdev-2.10.6/work/xf86-input-evdev-2.10.6/src/evdev.c  -fPIC -DPIC -o .libs/evdev.o
libtool: compile:  x86_64-pc-linux-gnu-gcc -DHAVE_CONFIG_H -I. -I/tmp/portage/x11-drivers/xf86-input-evdev-2.10.6/work/xf86-input-evdev-2.10.6/src -I.. -I/tmp/portage/x11-drivers/xf86-input-evdev-2.10.6/work/xf86-input-evdev-2.10.6/include -I/usr/include/libevdev-1.0 -fvisibility=hidden -I/usr/include/xorg -I/usr/include/pixman-1 -I/usr/include/libdrm -I/usr/include/X11/dri -Wall -Wpointer-arith -Wmissing-declarations -Wformat=2 -Wstrict-prototypes -Wmissing-prototypes -Wnested-externs -Wbad-function-cast -Wold-style-definition -Wdeclaration-after-statement -Wunused -Wuninitialized -Wshadow -Wmissing-noreturn -Wmissing-format-attribute -Wredundant-decls -Wlogical-op -Wimplicit -Wnonnull -Winit-self -Wmain -Wmissing-braces -Wsequence-point -Wreturn-type -Wtrigraphs -Warray-bounds -Wwrite-strings -Waddress -Wint-to-pointer-cast -Wpointer-to-int-cast -fno-strict-aliasing -march=native -O3 -fgraphite-identity -floop-nest-optimize -fdevirtualize-at-ltrans -fipa-pta -fno-semantic-interposition -flto=12 -fno-plt -fno-math-errno -fno-trapping-math -fuse-linker-plugin -pipe -g0 -falign-functions=32 -Wl,-O1 -Wl,--as-needed -Wl,--hash-style=gnu,-z,norelro,--as-needed -c /tmp/portage/x11-drivers/xf86-input-evdev-2.10.6/work/xf86-input-evdev-2.10.6/src/apple.c  -fPIC -DPIC -o .libs/apple.o
libtool: compile:  x86_64-pc-linux-gnu-gcc -DHAVE_CONFIG_H -I. -I/tmp/portage/x11-drivers/xf86-input-evdev-2.10.6/work/xf86-input-evdev-2.10.6/src -I.. -I/tmp/portage/x11-drivers/xf86-input-evdev-2.10.6/work/xf86-input-evdev-2.10.6/include -I/usr/include/libevdev-1.0 -fvisibility=hidden -I/usr/include/xorg -I/usr/include/pixman-1 -I/usr/include/libdrm -I/usr/include/X11/dri -Wall -Wpointer-arith -Wmissing-declarations -Wformat=2 -Wstrict-prototypes -Wmissing-prototypes -Wnested-externs -Wbad-function-cast -Wold-style-definition -Wdeclaration-after-statement -Wunused -Wuninitialized -Wshadow -Wmissing-noreturn -Wmissing-format-attribute -Wredundant-decls -Wlogical-op -Wimplicit -Wnonnull -Winit-self -Wmain -Wmissing-braces -Wsequence-point -Wreturn-type -Wtrigraphs -Warray-bounds -Wwrite-strings -Waddress -Wint-to-pointer-cast -Wpointer-to-int-cast -fno-strict-aliasing -march=native -O3 -fgraphite-identity -floop-nest-optimize -fdevirtualize-at-ltrans -fipa-pta -fno-semantic-interposition -flto=12 -fno-plt -fno-math-errno -fno-trapping-math -fuse-linker-plugin -pipe -g0 -falign-functions=32 -Wl,-O1 -Wl,--as-needed -Wl,--hash-style=gnu,-z,norelro,--as-needed -c /tmp/portage/x11-drivers/xf86-input-evdev-2.10.6/work/xf86-input-evdev-2.10.6/src/emuMB.c  -fPIC -DPIC -o .libs/emuMB.o
libtool: compile:  x86_64-pc-linux-gnu-gcc -DHAVE_CONFIG_H -I. -I/tmp/portage/x11-drivers/xf86-input-evdev-2.10.6/work/xf86-input-evdev-2.10.6/src -I.. -I/tmp/portage/x11-drivers/xf86-input-evdev-2.10.6/work/xf86-input-evdev-2.10.6/include -I/usr/include/libevdev-1.0 -fvisibility=hidden -I/usr/include/xorg -I/usr/include/pixman-1 -I/usr/include/libdrm -I/usr/include/X11/dri -Wall -Wpointer-arith -Wmissing-declarations -Wformat=2 -Wstrict-prototypes -Wmissing-prototypes -Wnested-externs -Wbad-function-cast -Wold-style-definition -Wdeclaration-after-statement -Wunused -Wuninitialized -Wshadow -Wmissing-noreturn -Wmissing-format-attribute -Wredundant-decls -Wlogical-op -Wimplicit -Wnonnull -Winit-self -Wmain -Wmissing-braces -Wsequence-point -Wreturn-type -Wtrigraphs -Warray-bounds -Wwrite-strings -Waddress -Wint-to-pointer-cast -Wpointer-to-int-cast -fno-strict-aliasing -march=native -O3 -fgraphite-identity -floop-nest-optimize -fdevirtualize-at-ltrans -fipa-pta -fno-semantic-interposition -flto=12 -fno-plt -fno-math-errno -fno-trapping-math -fuse-linker-plugin -pipe -g0 -falign-functions=32 -Wl,-O1 -Wl,--as-needed -Wl,--hash-style=gnu,-z,norelro,--as-needed -c /tmp/portage/x11-drivers/xf86-input-evdev-2.10.6/work/xf86-input-evdev-2.10.6/src/emuWheel.c  -fPIC -DPIC -o .libs/emuWheel.o
libtool: compile:  x86_64-pc-linux-gnu-gcc -DHAVE_CONFIG_H -I. -I/tmp/portage/x11-drivers/xf86-input-evdev-2.10.6/work/xf86-input-evdev-2.10.6/src -I.. -I/tmp/portage/x11-drivers/xf86-input-evdev-2.10.6/work/xf86-input-evdev-2.10.6/include -I/usr/include/libevdev-1.0 -fvisibility=hidden -I/usr/include/xorg -I/usr/include/pixman-1 -I/usr/include/libdrm -I/usr/include/X11/dri -Wall -Wpointer-arith -Wmissing-declarations -Wformat=2 -Wstrict-prototypes -Wmissing-prototypes -Wnested-externs -Wbad-function-cast -Wold-style-definition -Wdeclaration-after-statement -Wunused -Wuninitialized -Wshadow -Wmissing-noreturn -Wmissing-format-attribute -Wredundant-decls -Wlogical-op -Wimplicit -Wnonnull -Winit-self -Wmain -Wmissing-braces -Wsequence-point -Wreturn-type -Wtrigraphs -Warray-bounds -Wwrite-strings -Waddress -Wint-to-pointer-cast -Wpointer-to-int-cast -fno-strict-aliasing -march=native -O3 -fgraphite-identity -floop-nest-optimize -fdevirtualize-at-ltrans -fipa-pta -fno-semantic-interposition -flto=12 -fno-plt -fno-math-errno -fno-trapping-math -fuse-linker-plugin -pipe -g0 -falign-functions=32 -Wl,-O1 -Wl,--as-needed -Wl,--hash-style=gnu,-z,norelro,--as-needed -c /tmp/portage/x11-drivers/xf86-input-evdev-2.10.6/work/xf86-input-evdev-2.10.6/src/draglock.c  -fPIC -DPIC -o .libs/draglock.o
libtool: compile:  x86_64-pc-linux-gnu-gcc -DHAVE_CONFIG_H -I. -I/tmp/portage/x11-drivers/xf86-input-evdev-2.10.6/work/xf86-input-evdev-2.10.6/src -I.. -I/tmp/portage/x11-drivers/xf86-input-evdev-2.10.6/work/xf86-input-evdev-2.10.6/include -I/usr/include/libevdev-1.0 -fvisibility=hidden -I/usr/include/xorg -I/usr/include/pixman-1 -I/usr/include/libdrm -I/usr/include/X11/dri -Wall -Wpointer-arith -Wmissing-declarations -Wformat=2 -Wstrict-prototypes -Wmissing-prototypes -Wnested-externs -Wbad-function-cast -Wold-style-definition -Wdeclaration-after-statement -Wunused -Wuninitialized -Wshadow -Wmissing-noreturn -Wmissing-format-attribute -Wredundant-decls -Wlogical-op -Wimplicit -Wnonnull -Winit-self -Wmain -Wmissing-braces -Wsequence-point -Wreturn-type -Wtrigraphs -Warray-bounds -Wwrite-strings -Waddress -Wint-to-pointer-cast -Wpointer-to-int-cast -fno-strict-aliasing -march=native -O3 -fgraphite-identity -floop-nest-optimize -fdevirtualize-at-ltrans -fipa-pta -fno-semantic-interposition -flto=12 -fno-plt -fno-math-errno -fno-trapping-math -fuse-linker-plugin -pipe -g0 -falign-functions=32 -Wl,-O1 -Wl,--as-needed -Wl,--hash-style=gnu,-z,norelro,--as-needed -c /tmp/portage/x11-drivers/xf86-input-evdev-2.10.6/work/xf86-input-evdev-2.10.6/src/emuThird.c  -fPIC -DPIC -o .libs/emuThird.o
/bin/sh ../libtool  --tag=CC   --mode=link x86_64-pc-linux-gnu-gcc -fvisibility=hidden -I/usr/include/xorg -I/usr/include/pixman-1 -I/usr/include/libdrm -I/usr/include/X11/dri -Wall -Wpointer-arith -Wmissing-declarations -Wformat=2 -Wstrict-prototypes -Wmissing-prototypes -Wnested-externs -Wbad-function-cast -Wold-style-definition -Wdeclaration-after-statement -Wunused -Wuninitialized -Wshadow -Wmissing-noreturn -Wmissing-format-attribute -Wredundant-decls -Wlogical-op -Wimplicit -Wnonnull -Winit-self -Wmain -Wmissing-braces -Wsequence-point -Wreturn-type -Wtrigraphs -Warray-bounds -Wwrite-strings -Waddress -Wint-to-pointer-cast -Wpointer-to-int-cast -fno-strict-aliasing -march=native -O3 -fgraphite-identity -floop-nest-optimize -fdevirtualize-at-ltrans -fipa-pta -fno-semantic-interposition -flto=12 -fno-plt -fno-math-errno -fno-trapping-math -fuse-linker-plugin -pipe -g0 -falign-functions=32 -Wl,-O1 -Wl,--as-needed -Wl,--hash-style=gnu,-z,norelro,--as-needed -module -avoid-version -Wl,-O1 -Wl,--as-needed -Wl,--hash-style=gnu,-z,norelro,--as-needed -march=native -O3 -fgraphite-identity -floop-nest-optimize -fdevirtualize-at-ltrans -fipa-pta -fno-semantic-interposition -flto=12 -fno-plt -fno-math-errno -fno-trapping-math -fuse-linker-plugin -pipe -g0 -falign-functions=32 -Wl,-z,lazy -o evdev_drv.la -rpath /usr/lib64/xorg/modules/input evdev.lo emuMB.lo emuThird.lo emuWheel.lo draglock.lo apple.lo -lmtdev -ludev -levdev 
libtool: link: x86_64-pc-linux-gnu-gcc -shared  -fPIC -DPIC  .libs/evdev.o .libs/emuMB.o .libs/emuThird.o .libs/emuWheel.o .libs/draglock.o .libs/apple.o   -Wl,--as-needed -lmtdev -ludev -levdev  -march=native -O3 -flto=12 -fuse-linker-plugin -g0 -Wl,-O1 -Wl,--hash-style=gnu -Wl,-z -Wl,norelro -Wl,--as-needed -Wl,-O1 -Wl,--hash-style=gnu -Wl,-z -Wl,norelro -Wl,--as-needed -march=native -O3 -flto=12 -fuse-linker-plugin -g0 -Wl,-z -Wl,lazy   -Wl,-soname -Wl,evdev_drv.so -o .libs/evdev_drv.so
libtool: link: ( cd ".libs" && rm -f "evdev_drv.la" && ln -s "../evdev_drv.la" "evdev_drv.la" )
make[2]: Leaving directory '/tmp/portage/x11-drivers/xf86-input-evdev-2.10.6/work/xf86-input-evdev-2.10.6_build/src'
Making all in man
make[2]: Entering directory '/tmp/portage/x11-drivers/xf86-input-evdev-2.10.6/work/xf86-input-evdev-2.10.6_build/man'
/bin/sed -e 's|__vendorversion__|"xf86-input-evdev 2.10.6" "X Version 11"|' 	-e 's|__xorgversion__|"xf86-input-evdev 2.10.6" "X Version 11"|' 	-e 's|__xservername__|Xorg|g' 	-e 's|__xconfigfile__|xorg.conf|g' 	-e 's|__projectroot__|/usr|g' 	-e 's|__apploaddir__||g' 	-e 's|__appmansuffix__|1|g' 	-e 's|__drivermansuffix__|4|g' 	-e 's|__adminmansuffix__|8|g' 	-e 's|__libmansuffix__|3|g' 	-e 's|__miscmansuffix__|7|g' 	-e 's|__filemansuffix__|5|g' < /tmp/portage/x11-drivers/xf86-input-evdev-2.10.6/work/xf86-input-evdev-2.10.6/man/evdev.man > evdev.4
make[2]: Leaving directory '/tmp/portage/x11-drivers/xf86-input-evdev-2.10.6/work/xf86-input-evdev-2.10.6_build/man'
Making all in include
make[2]: Entering directory '/tmp/portage/x11-drivers/xf86-input-evdev-2.10.6/work/xf86-input-evdev-2.10.6_build/include'
make[2]: Nothing to be done for 'all'.
make[2]: Leaving directory '/tmp/portage/x11-drivers/xf86-input-evdev-2.10.6/work/xf86-input-evdev-2.10.6_build/include'
make[2]: Entering directory '/tmp/portage/x11-drivers/xf86-input-evdev-2.10.6/work/xf86-input-evdev-2.10.6_build'
make[2]: Leaving directory '/tmp/portage/x11-drivers/xf86-input-evdev-2.10.6/work/xf86-input-evdev-2.10.6_build'
make[1]: Leaving directory '/tmp/portage/x11-drivers/xf86-input-evdev-2.10.6/work/xf86-input-evdev-2.10.6_build'
>>> Source compiled.
>>> Test phase [not enabled]: x11-drivers/xf86-input-evdev-2.10.6

>>> Install x11-drivers/xf86-input-evdev-2.10.6 into /tmp/portage/x11-drivers/xf86-input-evdev-2.10.6/image/
>>> Working in BUILD_DIR: "/tmp/portage/x11-drivers/xf86-input-evdev-2.10.6/work/xf86-input-evdev-2.10.6_build"
make -j12 -l12 DESTDIR=/tmp/portage/x11-drivers/xf86-input-evdev-2.10.6/image/ docdir=/usr/share/doc/xf86-input-evdev-2.10.6 install 
Making install in src
make[1]: Entering directory '/tmp/portage/x11-drivers/xf86-input-evdev-2.10.6/work/xf86-input-evdev-2.10.6_build/src'
make[2]: Entering directory '/tmp/portage/x11-drivers/xf86-input-evdev-2.10.6/work/xf86-input-evdev-2.10.6_build/src'
make[2]: Nothing to be done for 'install-exec-am'.
 /bin/mkdir -p '/tmp/portage/x11-drivers/xf86-input-evdev-2.10.6/image//usr/lib64/xorg/modules/input'
 /bin/sh ../libtool   --mode=install /usr/lib/portage/python3.8/ebuild-helpers/xattr/install -c   evdev_drv.la '/tmp/portage/x11-drivers/xf86-input-evdev-2.10.6/image//usr/lib64/xorg/modules/input'
libtool: install: /usr/lib/portage/python3.8/ebuild-helpers/xattr/install -c .libs/evdev_drv.so /tmp/portage/x11-drivers/xf86-input-evdev-2.10.6/image//usr/lib64/xorg/modules/input/evdev_drv.so
libtool: install: /usr/lib/portage/python3.8/ebuild-helpers/xattr/install -c .libs/evdev_drv.lai /tmp/portage/x11-drivers/xf86-input-evdev-2.10.6/image//usr/lib64/xorg/modules/input/evdev_drv.la
libtool: [31mwarning[m: [1mremember to run 'libtool --finish /usr/lib64/xorg/modules/input'[m
make[2]: Leaving directory '/tmp/portage/x11-drivers/xf86-input-evdev-2.10.6/work/xf86-input-evdev-2.10.6_build/src'
make[1]: Leaving directory '/tmp/portage/x11-drivers/xf86-input-evdev-2.10.6/work/xf86-input-evdev-2.10.6_build/src'
Making install in man
make[1]: Entering directory '/tmp/portage/x11-drivers/xf86-input-evdev-2.10.6/work/xf86-input-evdev-2.10.6_build/man'
make[2]: Entering directory '/tmp/portage/x11-drivers/xf86-input-evdev-2.10.6/work/xf86-input-evdev-2.10.6_build/man'
make[2]: Nothing to be done for 'install-exec-am'.
 /bin/mkdir -p '/tmp/portage/x11-drivers/xf86-input-evdev-2.10.6/image//usr/share/man/man4'
 /usr/lib/portage/python3.8/ebuild-helpers/xattr/install -c -m 644 evdev.4 '/tmp/portage/x11-drivers/xf86-input-evdev-2.10.6/image//usr/share/man/man4'
make[2]: Leaving directory '/tmp/portage/x11-drivers/xf86-input-evdev-2.10.6/work/xf86-input-evdev-2.10.6_build/man'
make[1]: Leaving directory '/tmp/portage/x11-drivers/xf86-input-evdev-2.10.6/work/xf86-input-evdev-2.10.6_build/man'
Making install in include
make[1]: Entering directory '/tmp/portage/x11-drivers/xf86-input-evdev-2.10.6/work/xf86-input-evdev-2.10.6_build/include'
make[2]: Entering directory '/tmp/portage/x11-drivers/xf86-input-evdev-2.10.6/work/xf86-input-evdev-2.10.6_build/include'
make[2]: Nothing to be done for 'install-exec-am'.
 /bin/mkdir -p '/tmp/portage/x11-drivers/xf86-input-evdev-2.10.6/image//usr/include/xorg'
 /usr/lib/portage/python3.8/ebuild-helpers/xattr/install -c -m 644 /tmp/portage/x11-drivers/xf86-input-evdev-2.10.6/work/xf86-input-evdev-2.10.6/include/evdev-properties.h '/tmp/portage/x11-drivers/xf86-input-evdev-2.10.6/image//usr/include/xorg'
make[2]: Leaving directory '/tmp/portage/x11-drivers/xf86-input-evdev-2.10.6/work/xf86-input-evdev-2.10.6_build/include'
make[1]: Leaving directory '/tmp/portage/x11-drivers/xf86-input-evdev-2.10.6/work/xf86-input-evdev-2.10.6_build/include'
make[1]: Entering directory '/tmp/portage/x11-drivers/xf86-input-evdev-2.10.6/work/xf86-input-evdev-2.10.6_build'
make[2]: Entering directory '/tmp/portage/x11-drivers/xf86-input-evdev-2.10.6/work/xf86-input-evdev-2.10.6_build'
make[2]: Nothing to be done for 'install-exec-am'.
 /bin/mkdir -p '/tmp/portage/x11-drivers/xf86-input-evdev-2.10.6/image//usr/share/X11/xorg.conf.d'
 /bin/mkdir -p '/tmp/portage/x11-drivers/xf86-input-evdev-2.10.6/image//usr/lib64/pkgconfig'
 /usr/lib/portage/python3.8/ebuild-helpers/xattr/install -c -m 644 xorg-evdev.pc '/tmp/portage/x11-drivers/xf86-input-evdev-2.10.6/image//usr/lib64/pkgconfig'
 /usr/lib/portage/python3.8/ebuild-helpers/xattr/install -c -m 644 /tmp/portage/x11-drivers/xf86-input-evdev-2.10.6/work/xf86-input-evdev-2.10.6/10-evdev.conf '/tmp/portage/x11-drivers/xf86-input-evdev-2.10.6/image//usr/share/X11/xorg.conf.d'
make[2]: Leaving directory '/tmp/portage/x11-drivers/xf86-input-evdev-2.10.6/work/xf86-input-evdev-2.10.6_build'
make[1]: Leaving directory '/tmp/portage/x11-drivers/xf86-input-evdev-2.10.6/work/xf86-input-evdev-2.10.6_build'
>>> Completed installing x11-drivers/xf86-input-evdev-2.10.6 into /tmp/portage/x11-drivers/xf86-input-evdev-2.10.6/image/

 * Final size of build directory: 3240 KiB (3.1 MiB)
 * Final size of installed tree:   444 KiB

strip: x86_64-pc-linux-gnu-strip --strip-unneeded -N __gentoo_check_ldflags__ -R .comment -R .GCC.command.line -R .note.gnu.gold-version
   /usr/lib64/xorg/modules/input/evdev_drv.so
./
./usr/
./usr/include/
./usr/include/xorg/
./usr/include/xorg/evdev-properties.h
./usr/share/
./usr/share/man/
./usr/share/man/man4/
./usr/share/man/man4/evdev.4.bz2
./usr/share/X11/
./usr/share/X11/xorg.conf.d/
./usr/share/X11/xorg.conf.d/10-evdev.conf
./usr/share/doc/
./usr/share/doc/xf86-input-evdev-2.10.6/
./usr/share/doc/xf86-input-evdev-2.10.6/README.bz2
./usr/share/doc/xf86-input-evdev-2.10.6/ChangeLog.bz2
./usr/lib64/
./usr/lib64/xorg/
./usr/lib64/xorg/modules/
./usr/lib64/xorg/modules/input/
./usr/lib64/xorg/modules/input/evdev_drv.so
./usr/lib64/pkgconfig/
./usr/lib64/pkgconfig/xorg-evdev.pc
>>> Done.
 * checking 5 files for package collisions
>>> Merging x11-drivers/xf86-input-evdev-2.10.6 to /
 * removing unneeded *.la files
--- /usr/
--- /usr/lib64/
--- /usr/lib64/pkgconfig/
>>> /usr/lib64/pkgconfig/xorg-evdev.pc
--- /usr/lib64/xorg/
--- /usr/lib64/xorg/modules/
>>> /usr/lib64/xorg/modules/input/
>>> /usr/lib64/xorg/modules/input/evdev_drv.so
--- /usr/share/
--- /usr/share/X11/
--- /usr/share/X11/xorg.conf.d/
>>> /usr/share/X11/xorg.conf.d/10-evdev.conf
--- /usr/share/man/
--- /usr/share/man/man4/
>>> /usr/share/man/man4/evdev.4.bz2
--- /usr/include/
--- /usr/include/xorg/
>>> /usr/include/xorg/evdev-properties.h
>>> Safely unmerging already-installed instance...
>>> Original instance of package unmerged safely.
>>> x11-drivers/xf86-input-evdev-2.10.6 merged.
