No package files given... Grabbing a set.
<<<          obj /usr/share/doc/libXft-2.3.3/README.md.bz2
<<<          obj /usr/share/doc/libXft-2.3.3/NEWS.bz2
<<<          obj /usr/share/doc/libXft-2.3.3/ChangeLog.bz2
<<<          obj /usr/share/doc/libXft-2.3.3/AUTHORS.bz2
--- replaced obj /usr/lib64/pkgconfig/xft.pc
--- replaced dir /usr/lib64/pkgconfig
--- replaced obj /usr/lib64/libXft.so.2.3.3
--- replaced sym /usr/lib64/libXft.so.2
--- replaced sym /usr/lib64/libXft.so
--- replaced dir /usr/lib64
<<<          obj /usr/lib/debug/usr/lib64/libXft.so.2.3.3.debug
--- replaced obj /usr/include/X11/Xft/XftCompat.h
--- replaced obj /usr/include/X11/Xft/Xft.h
--- replaced dir /usr/include/X11/Xft
--- replaced dir /usr/include/X11
--- replaced dir /usr/include
--- replaced dir /usr
<<<          dir /usr/share/doc/libXft-2.3.3
--- !empty   dir /usr/share/doc
--- !empty   dir /usr/share
--- !empty   dir /usr/lib/debug/usr/lib64
--- !empty   dir /usr/lib/debug/usr
--- !empty   dir /usr/lib/debug
--- !empty   dir /usr/lib
>>> Regenerating /etc/ld.so.cache...
