>>> Extracting info
 * Package:    x11-libs/libvdpau-1.4
 * Repository: gentoo
 * USE:        abi_x86_32 amd64 dri userland_GNU kernel_linux abi_x86_64 elibc_glibc
 * FEATURES:   ccache network-sandbox preserve-libs sandbox userpriv usersandbox
 * FEATURES='binpkg-dostrip pid-sandbox strict-keepdir assume-digests sandbox strict merge-sync parallel-fetch news multilib-strict ccache sfperms cgroup userfetch unmerge-logs usersandbox usersync compress-index qa-unresolved-soname-deps binpkg-logs distlocks network-sandbox unmerge-orphans buildpkg parallel-install fixlafiles userpriv preserve-libs unknown-features-warn nodoc binpkg-docompress unmerge-backup downgrade-backup ipc-sandbox binpkg-multi-instance config-protect-if-modified xattr'
 * CFLAGS='-march=native -O3 -fdevirtualize-at-ltrans -fipa-pta -fno-semantic-interposition -fno-signed-zeros -fno-trapping-math -fassociative-math -freciprocal-math -fno-math-errno -ffinite-math-only -fno-rounding-math -fno-signaling-nans -fcx-limited-range -fexcess-precision=fast -fno-plt -fno-common -pipe -g0 -fno-stack-protector -fno-stack-clash-protection -fstack-check=no -fno-stack-check -Wl,-O4,--hash-style=gnu,--sort-common,--as-needed,-z,relro,-z,now,-lgomp,-lpthread'
 * CXXFLAGS='-march=native -O3 -fdevirtualize-at-ltrans -fipa-pta -fno-semantic-interposition -fno-signed-zeros -fno-trapping-math -fassociative-math -freciprocal-math -fno-math-errno -ffinite-math-only -fno-rounding-math -fno-signaling-nans -fcx-limited-range -fexcess-precision=fast -fno-plt -fno-common -pipe -g0 -fno-stack-protector -fno-stack-clash-protection -fstack-check=no -fno-stack-check -Wl,-O4,--hash-style=gnu,--sort-common,--as-needed,-z,relro,-z,now,-lgomp,-lpthread'
 * CPPFLAGS='-D_GNU_SOURCE -D_GNU_SOURCE'
 * FFLAGS='-march=native -O3 -fdevirtualize-at-ltrans -fipa-pta -fno-semantic-interposition -fno-signed-zeros -fno-trapping-math -fassociative-math -freciprocal-math -fno-math-errno -ffinite-math-only -fno-rounding-math -fno-signaling-nans -fcx-limited-range -fexcess-precision=fast -fno-plt -fno-common -pipe -g0 -fno-stack-protector -fno-stack-clash-protection -fstack-check=no -fno-stack-check -Wl,-O4,--hash-style=gnu,--sort-common,--as-needed,-z,relro,-z,now,-lgomp,-lpthread'
 * FCFLAGS='-march=native -O3 -fdevirtualize-at-ltrans -fipa-pta -fno-semantic-interposition -fno-signed-zeros -fno-trapping-math -fassociative-math -freciprocal-math -fno-math-errno -ffinite-math-only -fno-rounding-math -fno-signaling-nans -fcx-limited-range -fexcess-precision=fast -fno-plt -fno-common -pipe -g0 -fno-stack-protector -fno-stack-clash-protection -fstack-check=no -fno-stack-check -Wl,-O4,--hash-style=gnu,--sort-common,--as-needed,-z,relro,-z,now,-lgomp,-lpthread'
 * F77FLAGS='-march=native -O3 -fdevirtualize-at-ltrans -fipa-pta -fno-semantic-interposition -fno-signed-zeros -fno-trapping-math -fassociative-math -freciprocal-math -fno-math-errno -ffinite-math-only -fno-rounding-math -fno-signaling-nans -fcx-limited-range -fexcess-precision=fast -fno-plt -fno-common -pipe -g0 -fno-stack-protector -fno-stack-clash-protection -fstack-check=no -fno-stack-check -Wl,-O4,--hash-style=gnu,--sort-common,--as-needed,-z,relro,-z,now,-lgomp,-lpthread'
 * LDFLAGS='-Wl,-O4,--hash-style=gnu,--sort-common,--as-needed,-z,relro,-z,now,-lgomp,-lpthread'
 * MAKEOPTS='-j12'
 * gcc (Gentoo 11.0.0_pre9999 p1, commit 584d52b088f9fcf78704b504c3f1f07e17c1cded) 11.0.0 20200523 (experimental)
 * g++ (Gentoo 11.0.0_pre9999 p1, commit 584d52b088f9fcf78704b504c3f1f07e17c1cded) 11.0.0 20200523 (experimental)
 * GNU ld (Gentoo 2.34 p4) 2.34.0
 * Linux ryzen.gnum.org 5.4.36 #1 SMP Thu Apr 30 04:38:28 UTC 2020 x86_64 AMD Ryzen 5 3600 6-Core Processor AuthenticAMD GNU/Linux
x11-libs/libvdpau: 6 seconds average for 3 merges
2020-05-19T23:40:09 >>> x11-libs/libvdpau: 4 seconds
2020-05-20T01:12:35 >>> x11-libs/libvdpau: 9 seconds
2020-05-21T06:33:24 >>> x11-libs/libvdpau: 5 seconds
]0;emerge 12:20:53 1|235 libvdpau 00:06 (root@ryzen.gnum.org)kemerge 12:20:53 1|235 libvdpau 00:06 (root@ryzen.gnum.org)\>>> Extracting x11-libs/libvdpau-1.4
 * checking 17 files for package collisions
 * This package will overwrite one or more files that may belong to other
 * packages (see list below). Add either "collision-protect" or "protect-
 * owned" to FEATURES in make.conf if you would like the merge to abort
 * in cases like this. See the make.conf man page for more information
 * about these features. You can use a command such as `portageq owners /
 * <filename>` to identify the installed package that owns a file. If
 * portageq reports that only one package owns a file then do NOT file a
 * bug report. A bug report is only useful if it identifies at least two
 * or more packages that are known to install the same file(s). If a
 * collision occurs and you can not explain where the file came from then
 * you should simply ignore the collision since there is not enough
 * information to determine if a real problem exists. Please do NOT file
 * a bug report at https://bugs.gentoo.org/ unless you report exactly
 * which two packages install the same file(s). See
 * https://wiki.gentoo.org/wiki/Knowledge_Base:Blockers for tips on how
 * to solve the problem. And once again, please do NOT file a bug report
 * unless you have completely understood the above message.
 * 
 * Detected file collision(s):
 * 
 * 	/usr/lib64/libvdpau.so.1.0.0
 * 	/usr/lib64/libvdpau.so.1
 * Package 'x11-libs/libvdpau-1.4' merged despite file collisions. If
 * necessary, refer to your elog messages for the whole content of the
 * above message.
>>> Merging x11-libs/libvdpau-1.4 to /
 * removing unneeded *.la files
--- /etc/
>>> /etc/vdpau_wrapper.cfg
--- /usr/
--- /usr/lib64/
>>> /usr/lib64/libvdpau.so.1 -> libvdpau.so.1.0.0
--- /usr/lib64/pkgconfig/
>>> /usr/lib64/pkgconfig/vdpau.pc
>>> /usr/lib64/vdpau/
>>> /usr/lib64/vdpau/libvdpau_trace.so.1.0.0
>>> /usr/lib64/libvdpau.so -> libvdpau.so.1
>>> /usr/lib64/libvdpau.so.1.0.0
--- /usr/include/
>>> /usr/include/vdpau/
>>> /usr/include/vdpau/vdpau_x11.h
>>> /usr/include/vdpau/vdpau.h
--- /usr/lib/
--- /usr/lib/pkgconfig/
>>> /usr/lib/pkgconfig/vdpau.pc
>>> /usr/lib/vdpau/
>>> /usr/lib/vdpau/libvdpau_trace.so.1.0.0
>>> /usr/lib/libvdpau.so.1.0.0
>>> /usr/lib/vdpau/libvdpau_trace.so.1 -> libvdpau_trace.so.1.0.0
>>> /usr/lib/vdpau/libvdpau_trace.so -> libvdpau_trace.so.1
>>> /usr/lib/libvdpau.so.1 -> libvdpau.so.1.0.0
>>> /usr/lib64/vdpau/libvdpau_trace.so.1 -> libvdpau_trace.so.1.0.0
>>> /usr/lib64/vdpau/libvdpau_trace.so -> libvdpau_trace.so.1
>>> /usr/lib/libvdpau.so -> libvdpau.so.1
>>> x11-libs/libvdpau-1.4 merged.
>>> Regenerating /etc/ld.so.cache...
