>>> Extracting info
 * Package:    x11-apps/xset-1.2.4
 * Repository: gentoo
 * USE:        amd64 abi_x86_64 kernel_linux userland_GNU elibc_glibc
 * FEATURES:   ccache network-sandbox preserve-libs sandbox userpriv usersandbox
 * FEATURES='assume-digests binpkg-docompress binpkg-dostrip binpkg-logs binpkg-multi-instance buildpkg ccache cgroup compress-index config-protect-if-modified distlocks downgrade-backup fixlafiles ipc-sandbox merge-sync multilib-strict network-sandbox news nodoc parallel-fetch parallel-install pid-sandbox preserve-libs qa-unresolved-soname-deps sandbox sfperms strict unknown-features-warn unmerge-backup unmerge-logs unmerge-orphans userfetch userpriv usersandbox usersync xattr'
 * CFLAGS='-march=native -O3 -fdevirtualize-at-ltrans -fipa-pta -fno-semantic-interposition -fno-signed-zeros -fno-trapping-math -fassociative-math -freciprocal-math -fno-math-errno -ffinite-math-only -fno-rounding-math -fno-signaling-nans -fcx-limited-range -fexcess-precision=fast -fno-plt -fno-common -pipe -g0 -fno-stack-protector -fno-stack-clash-protection -fstack-check=no -fno-stack-check -Wl,-O1 -Wl,--as-needed -Wl,--defsym=__gentoo_check_ldflags__=0 -Wl,--hash-style=gnu -Wl,-z,norelro'
 * CXXFLAGS='-march=native -O3 -fdevirtualize-at-ltrans -fipa-pta -fno-semantic-interposition -fno-signed-zeros -fno-trapping-math -fassociative-math -freciprocal-math -fno-math-errno -ffinite-math-only -fno-rounding-math -fno-signaling-nans -fcx-limited-range -fexcess-precision=fast -fno-plt -fno-common -pipe -g0 -fno-stack-protector -fno-stack-clash-protection -fstack-check=no -fno-stack-check -Wl,-O1 -Wl,--as-needed -Wl,--defsym=__gentoo_check_ldflags__=0 -Wl,--hash-style=gnu -Wl,-z,norelro'
 * FFLAGS='-march=native -O3 -fdevirtualize-at-ltrans -fipa-pta -fno-semantic-interposition -fno-signed-zeros -fno-trapping-math -fassociative-math -freciprocal-math -fno-math-errno -ffinite-math-only -fno-rounding-math -fno-signaling-nans -fcx-limited-range -fexcess-precision=fast -fno-plt -fno-common -pipe -g0 -fno-stack-protector -fno-stack-clash-protection -fstack-check=no -fno-stack-check -Wl,-O1 -Wl,--as-needed -Wl,--defsym=__gentoo_check_ldflags__=0 -Wl,--hash-style=gnu -Wl,-z,norelro'
 * FCFLAGS='-march=native -O3 -fdevirtualize-at-ltrans -fipa-pta -fno-semantic-interposition -fno-signed-zeros -fno-trapping-math -fassociative-math -freciprocal-math -fno-math-errno -ffinite-math-only -fno-rounding-math -fno-signaling-nans -fcx-limited-range -fexcess-precision=fast -fno-plt -fno-common -pipe -g0 -fno-stack-protector -fno-stack-clash-protection -fstack-check=no -fno-stack-check -Wl,-O1 -Wl,--as-needed -Wl,--defsym=__gentoo_check_ldflags__=0 -Wl,--hash-style=gnu -Wl,-z,norelro'
 * F77FLAGS='-march=native -O3 -fdevirtualize-at-ltrans -fipa-pta -fno-semantic-interposition -fno-signed-zeros -fno-trapping-math -fassociative-math -freciprocal-math -fno-math-errno -ffinite-math-only -fno-rounding-math -fno-signaling-nans -fcx-limited-range -fexcess-precision=fast -fno-plt -fno-common -pipe -g0 -fno-stack-protector -fno-stack-clash-protection -fstack-check=no -fno-stack-check -Wl,-O1 -Wl,--as-needed -Wl,--defsym=__gentoo_check_ldflags__=0 -Wl,--hash-style=gnu -Wl,-z,norelro'
 * LDFLAGS='-Wl,-O1 -Wl,--as-needed -Wl,--defsym=__gentoo_check_ldflags__=0 -Wl,--hash-style=gnu -Wl,-z,norelro'
 * MAKEOPTS='-j12'
 * gcc (Gentoo 10.1.0 p1) 10.1.0
 * g++ (Gentoo 10.1.0 p1) 10.1.0
 * GNU ld (Gentoo 2.34 p1) 2.34.0
 * Linux ryzen.gnum.org 5.4.36 #1 SMP Thu Apr 30 04:38:28 UTC 2020 x86_64 AMD Ryzen 5 3600 6-Core Processor AuthenticAMD GNU/Linux
x11-apps/xset: 11 seconds average for 1 merge
2020-05-15T07:43:46 >>> x11-apps/xset: 11 seconds
]0;emerge 01:35:58 77|371 xset 00:11 (root@ryzen.gnum.org)>>> Extracting x11-apps/xset-1.2.4
 * checking 2 files for package collisions
>>> Merging x11-apps/xset-1.2.4 to /
 * removing unneeded *.la files
--- /usr/
--- /usr/share/
--- /usr/share/man/
--- /usr/share/man/man1/
>>> /usr/share/man/man1/xset.1.bz2
--- /usr/bin/
>>> /usr/bin/xset
>>> Safely unmerging already-installed instance...
>>> Original instance of package unmerged safely.
>>> x11-apps/xset-1.2.4 merged.
